---------------------------------------------
Log C:\Program Files (x86)\Steam\steamapps\common\DayZServer\ServerProfile\crash_2021-04-17_00-04-10.log started at 17.04. 00:04:27



------------------------------------
42MA-SERVER, 17.04 2021 00:04:27

JSON ERROR:
Invalid value.
Function: 'Error'
Stack trace:
scripts/1_Core/proto\endebug.c:44
scripts/3_Game/tools\jsonfileloader.c:29
ToxicZone/scripts/3_Game/toxicconfig\config\loot\cratesystemconfig.c:129
ToxicZone/scripts/4_World/classes\systemtzhandler\core\tztoxiczonecore.c:39
ToxicZone/scripts/4_World/classes\systemtzhandler\helpers\toxiczonehelpers.c:12
ToxicZone/scripts/5_Mission/missionserver.c:6
$CurrentDir:mpmissions\dayzOffline.chernarusplus\init.c:118

Runtime mode
CLI params: config serverDZ.cfg port 2302 mod @CF;@CommunityOnlineTools;@DayZEditorLoader;@42MonthsAfter;@CodeLock;@zSpawnSelection;@ZTVendingMachine;@KillFeed;@AirSoftGuns;@TranquilizerGun;@RubberBullets;@ToFuAirsoftGuns;@MasssManyItemOverhaul;@CannabisPlus;@MunghardsItempack;@ZeroyFishingZ;@NatureOverhaul;@BuilderItems;@ModularVestSystem;@BaseBuildingPlus;@MortysWeapons;@EarPlugs;@BuildAnywhere_v3;@AirdropUpgraded;@ToxicZone;@TeddysWeaponPack;@Dartguns;@VanillaPlusPlusMap;@IRP-Land-Rover-Defender-110;@Trader; profiles ServerProfile dologs  adminlog  netlog  


------------------------------------
42MA-SERVER, 17.04 2021 00:44:45
NULL pointer to instance
Class:      'DayZPlayerInventory'
Function: 'ProccessInputData'
Stack trace:
scripts/4_World/systems\inventory\dayzplayerinventory.c:506
scripts/4_World/systems\inventory\dayzplayerinventory.c:870
scripts/4_World/systems\inventory\dayzplayerinventory.c:421

Runtime mode
CLI params: config serverDZ.cfg port 2302 mod @CF;@CommunityOnlineTools;@DayZEditorLoader;@42MonthsAfter;@CodeLock;@zSpawnSelection;@ZTVendingMachine;@KillFeed;@AirSoftGuns;@TranquilizerGun;@RubberBullets;@ToFuAirsoftGuns;@MasssManyItemOverhaul;@CannabisPlus;@MunghardsItempack;@ZeroyFishingZ;@NatureOverhaul;@BuilderItems;@ModularVestSystem;@BaseBuildingPlus;@MortysWeapons;@EarPlugs;@BuildAnywhere_v3;@AirdropUpgraded;@ToxicZone;@TeddysWeaponPack;@Dartguns;@VanillaPlusPlusMap;@IRP-Land-Rover-Defender-110;@Trader; profiles ServerProfile dologs  adminlog  netlog  


------------------------------------
42MA-SERVER, 17.04 2021 00:44:46
NULL pointer to instance
Class:      'ActionDeployObject'
Function: 'OnEndServer'
Stack trace:
ModularVestSystem/scripts/4_World/armorrack_actiondeployobject.c:5
BaseBuildingPlus/scripts/4_World/actions\vanilla\actiondeployobject.c:200
scripts/4_World/classes\useractionscomponent\animatedactionbase.c:461
scripts/4_World/classes\useractionscomponent\animatedactionbase.c:42

Runtime mode
CLI params: config serverDZ.cfg port 2302 mod @CF;@CommunityOnlineTools;@DayZEditorLoader;@42MonthsAfter;@CodeLock;@zSpawnSelection;@ZTVendingMachine;@KillFeed;@AirSoftGuns;@TranquilizerGun;@RubberBullets;@ToFuAirsoftGuns;@MasssManyItemOverhaul;@CannabisPlus;@MunghardsItempack;@ZeroyFishingZ;@NatureOverhaul;@BuilderItems;@ModularVestSystem;@BaseBuildingPlus;@MortysWeapons;@EarPlugs;@BuildAnywhere_v3;@AirdropUpgraded;@ToxicZone;@TeddysWeaponPack;@Dartguns;@VanillaPlusPlusMap;@IRP-Land-Rover-Defender-110;@Trader; profiles ServerProfile dologs  adminlog  netlog  


------------------------------------
42MA-SERVER, 17.04 2021 00:45:45
NULL pointer to instance
Class:      'ActionDeployObject'
Function: 'OnEndServer'
Stack trace:
ModularVestSystem/scripts/4_World/armorrack_actiondeployobject.c:5
BaseBuildingPlus/scripts/4_World/actions\vanilla\actiondeployobject.c:200
scripts/4_World/classes\useractionscomponent\animatedactionbase.c:461
scripts/4_World/classes\useractionscomponent\animatedactionbase.c:42

Runtime mode
CLI params: config serverDZ.cfg port 2302 mod @CF;@CommunityOnlineTools;@DayZEditorLoader;@42MonthsAfter;@CodeLock;@zSpawnSelection;@ZTVendingMachine;@KillFeed;@AirSoftGuns;@TranquilizerGun;@RubberBullets;@ToFuAirsoftGuns;@MasssManyItemOverhaul;@CannabisPlus;@MunghardsItempack;@ZeroyFishingZ;@NatureOverhaul;@BuilderItems;@ModularVestSystem;@BaseBuildingPlus;@MortysWeapons;@EarPlugs;@BuildAnywhere_v3;@AirdropUpgraded;@ToxicZone;@TeddysWeaponPack;@Dartguns;@VanillaPlusPlusMap;@IRP-Land-Rover-Defender-110;@Trader; profiles ServerProfile dologs  adminlog  netlog  


------------------------------------
42MA-SERVER, 17.04 2021 02:47:15
NULL pointer to instance
Class:      'DayZPlayerInventory'
Function: 'ProccessInputData'
Stack trace:
scripts/4_World/systems\inventory\dayzplayerinventory.c:506
scripts/4_World/systems\inventory\dayzplayerinventory.c:870
scripts/4_World/systems\inventory\dayzplayerinventory.c:421

Runtime mode
CLI params: config serverDZ.cfg port 2302 mod @CF;@CommunityOnlineTools;@DayZEditorLoader;@42MonthsAfter;@CodeLock;@zSpawnSelection;@ZTVendingMachine;@KillFeed;@AirSoftGuns;@TranquilizerGun;@RubberBullets;@ToFuAirsoftGuns;@MasssManyItemOverhaul;@CannabisPlus;@MunghardsItempack;@ZeroyFishingZ;@NatureOverhaul;@BuilderItems;@ModularVestSystem;@BaseBuildingPlus;@MortysWeapons;@EarPlugs;@BuildAnywhere_v3;@AirdropUpgraded;@ToxicZone;@TeddysWeaponPack;@Dartguns;@VanillaPlusPlusMap;@IRP-Land-Rover-Defender-110;@Trader; profiles ServerProfile dologs  adminlog  netlog  


------------------------------------
42MA-SERVER, 17.04 2021 02:47:16
NULL pointer to instance
Class:      'ActionDeployObject'
Function: 'OnEndServer'
Stack trace:
ModularVestSystem/scripts/4_World/armorrack_actiondeployobject.c:5
BaseBuildingPlus/scripts/4_World/actions\vanilla\actiondeployobject.c:200
scripts/4_World/classes\useractionscomponent\animatedactionbase.c:461
scripts/4_World/classes\useractionscomponent\animatedactionbase.c:42

Runtime mode
CLI params: config serverDZ.cfg port 2302 mod @CF;@CommunityOnlineTools;@DayZEditorLoader;@42MonthsAfter;@CodeLock;@zSpawnSelection;@ZTVendingMachine;@KillFeed;@AirSoftGuns;@TranquilizerGun;@RubberBullets;@ToFuAirsoftGuns;@MasssManyItemOverhaul;@CannabisPlus;@MunghardsItempack;@ZeroyFishingZ;@NatureOverhaul;@BuilderItems;@ModularVestSystem;@BaseBuildingPlus;@MortysWeapons;@EarPlugs;@BuildAnywhere_v3;@AirdropUpgraded;@ToxicZone;@TeddysWeaponPack;@Dartguns;@VanillaPlusPlusMap;@IRP-Land-Rover-Defender-110;@Trader; profiles ServerProfile dologs  adminlog  netlog  


------------------------------------
42MA-SERVER, 17.04 2021 02:48:41
NULL pointer to instance
Class:      'DayZPlayerInventory'
Function: 'ProccessInputData'
Stack trace:
scripts/4_World/systems\inventory\dayzplayerinventory.c:506
scripts/4_World/systems\inventory\dayzplayerinventory.c:870
scripts/4_World/systems\inventory\dayzplayerinventory.c:421

Runtime mode
CLI params: config serverDZ.cfg port 2302 mod @CF;@CommunityOnlineTools;@DayZEditorLoader;@42MonthsAfter;@CodeLock;@zSpawnSelection;@ZTVendingMachine;@KillFeed;@AirSoftGuns;@TranquilizerGun;@RubberBullets;@ToFuAirsoftGuns;@MasssManyItemOverhaul;@CannabisPlus;@MunghardsItempack;@ZeroyFishingZ;@NatureOverhaul;@BuilderItems;@ModularVestSystem;@BaseBuildingPlus;@MortysWeapons;@EarPlugs;@BuildAnywhere_v3;@AirdropUpgraded;@ToxicZone;@TeddysWeaponPack;@Dartguns;@VanillaPlusPlusMap;@IRP-Land-Rover-Defender-110;@Trader; profiles ServerProfile dologs  adminlog  netlog  


------------------------------------
42MA-SERVER, 17.04 2021 02:48:42
NULL pointer to instance
Class:      'ActionDeployObject'
Function: 'OnEndServer'
Stack trace:
ModularVestSystem/scripts/4_World/armorrack_actiondeployobject.c:5
BaseBuildingPlus/scripts/4_World/actions\vanilla\actiondeployobject.c:200
scripts/4_World/classes\useractionscomponent\animatedactionbase.c:461
scripts/4_World/classes\useractionscomponent\animatedactionbase.c:42

Runtime mode
CLI params: config serverDZ.cfg port 2302 mod @CF;@CommunityOnlineTools;@DayZEditorLoader;@42MonthsAfter;@CodeLock;@zSpawnSelection;@ZTVendingMachine;@KillFeed;@AirSoftGuns;@TranquilizerGun;@RubberBullets;@ToFuAirsoftGuns;@MasssManyItemOverhaul;@CannabisPlus;@MunghardsItempack;@ZeroyFishingZ;@NatureOverhaul;@BuilderItems;@ModularVestSystem;@BaseBuildingPlus;@MortysWeapons;@EarPlugs;@BuildAnywhere_v3;@AirdropUpgraded;@ToxicZone;@TeddysWeaponPack;@Dartguns;@VanillaPlusPlusMap;@IRP-Land-Rover-Defender-110;@Trader; profiles ServerProfile dologs  adminlog  netlog  


------------------------------------
42MA-SERVER, 17.04 2021 02:48:53
NULL pointer to instance
Class:      'DayZPlayerInventory'
Function: 'ProccessInputData'
Stack trace:
scripts/4_World/systems\inventory\dayzplayerinventory.c:506
scripts/4_World/systems\inventory\dayzplayerinventory.c:870
scripts/4_World/systems\inventory\dayzplayerinventory.c:421

Runtime mode
CLI params: config serverDZ.cfg port 2302 mod @CF;@CommunityOnlineTools;@DayZEditorLoader;@42MonthsAfter;@CodeLock;@zSpawnSelection;@ZTVendingMachine;@KillFeed;@AirSoftGuns;@TranquilizerGun;@RubberBullets;@ToFuAirsoftGuns;@MasssManyItemOverhaul;@CannabisPlus;@MunghardsItempack;@ZeroyFishingZ;@NatureOverhaul;@BuilderItems;@ModularVestSystem;@BaseBuildingPlus;@MortysWeapons;@EarPlugs;@BuildAnywhere_v3;@AirdropUpgraded;@ToxicZone;@TeddysWeaponPack;@Dartguns;@VanillaPlusPlusMap;@IRP-Land-Rover-Defender-110;@Trader; profiles ServerProfile dologs  adminlog  netlog  


------------------------------------
42MA-SERVER, 17.04 2021 02:48:54
NULL pointer to instance
Class:      'ActionDeployObject'
Function: 'OnEndServer'
Stack trace:
ModularVestSystem/scripts/4_World/armorrack_actiondeployobject.c:5
BaseBuildingPlus/scripts/4_World/actions\vanilla\actiondeployobject.c:200
scripts/4_World/classes\useractionscomponent\animatedactionbase.c:461
scripts/4_World/classes\useractionscomponent\animatedactionbase.c:42

Runtime mode
CLI params: config serverDZ.cfg port 2302 mod @CF;@CommunityOnlineTools;@DayZEditorLoader;@42MonthsAfter;@CodeLock;@zSpawnSelection;@ZTVendingMachine;@KillFeed;@AirSoftGuns;@TranquilizerGun;@RubberBullets;@ToFuAirsoftGuns;@MasssManyItemOverhaul;@CannabisPlus;@MunghardsItempack;@ZeroyFishingZ;@NatureOverhaul;@BuilderItems;@ModularVestSystem;@BaseBuildingPlus;@MortysWeapons;@EarPlugs;@BuildAnywhere_v3;@AirdropUpgraded;@ToxicZone;@TeddysWeaponPack;@Dartguns;@VanillaPlusPlusMap;@IRP-Land-Rover-Defender-110;@Trader; profiles ServerProfile dologs  adminlog  netlog  


------------------------------------
42MA-SERVER, 17.04 2021 03:38:21

[wpnfsm] TWP_KacPDW:046476 chamberFromAttachedMagazine, error - cannot take cartridge from magazine
Function: 'Error'
Stack trace:
scripts/1_Core/proto\endebug.c:44
scripts/4_World/entities\firearms\fsm\weapon_utils.c:15
scripts/4_World/entities\firearms\fsm\states\weaponfire.c:313
scripts/3_Game/systems\hfsmbase.c:96
scripts/4_World/entities\firearms\fsm\states\weaponstatebase.c:108
scripts/4_World/entities\firearms\fsm\states\weaponfireandchambernext.c:33
scripts/3_Game/systems\hfsmbase.c:484
scripts/4_World/entities\firearms\weaponfsm.c:35
scripts/3_Game/systems\hfsmbase.c:512
scripts/3_Game/systems\hfsmbase.c:364
scripts/4_World/entities\firearms\weapon_base.c:157
scripts/4_World/classes\weapons\weaponmanager.c:419
scripts/4_World/entities\dayzplayerimplement.c:788
scripts/4_World/entities\dayzplayerimplement.c:1708
scripts/4_World/entities\manbase\playerbase.c:2331

Runtime mode
CLI params: config serverDZ.cfg port 2302 mod @CF;@CommunityOnlineTools;@DayZEditorLoader;@42MonthsAfter;@CodeLock;@zSpawnSelection;@ZTVendingMachine;@KillFeed;@AirSoftGuns;@TranquilizerGun;@RubberBullets;@ToFuAirsoftGuns;@MasssManyItemOverhaul;@CannabisPlus;@MunghardsItempack;@ZeroyFishingZ;@NatureOverhaul;@BuilderItems;@ModularVestSystem;@BaseBuildingPlus;@MortysWeapons;@EarPlugs;@BuildAnywhere_v3;@AirdropUpgraded;@ToxicZone;@TeddysWeaponPack;@Dartguns;@VanillaPlusPlusMap;@IRP-Land-Rover-Defender-110;@Trader; profiles ServerProfile dologs  adminlog  netlog  


------------------------------------
42MA-SERVER, 17.04 2021 03:38:21

[wpnfsm] ValidateAndRepair Attempting to repair: TWP_KacPDW:046476 - ChamberRepair - RBL_CLO_BU1_MA1<6eb59310> - state: true != weapon: false
Class:      'WeaponFSM'
Function: 'Error'
Stack trace:
scripts/1_Core/proto\endebug.c:44
scripts/4_World/entities\firearms\weaponfsm.c:257
scripts/4_World/entities\firearms\weaponfsm.c:243
scripts/4_World/entities\firearms\weaponfsm.c:203
scripts/4_World/entities\firearms\weaponfsm.c:36
scripts/3_Game/systems\hfsmbase.c:512
scripts/3_Game/systems\hfsmbase.c:364
scripts/4_World/entities\firearms\weapon_base.c:157
scripts/4_World/entities\firearms\fsm\states\weaponfireandchambernext.c:51
scripts/4_World/systems\inventory\dayzplayerinventory.c:244
scripts/4_World/entities\dayzplayerimplement.c:656
scripts/4_World/entities\dayzplayerimplement.c:1708
scripts/4_World/entities\manbase\playerbase.c:2331

Runtime mode
CLI params: config serverDZ.cfg port 2302 mod @CF;@CommunityOnlineTools;@DayZEditorLoader;@42MonthsAfter;@CodeLock;@zSpawnSelection;@ZTVendingMachine;@KillFeed;@AirSoftGuns;@TranquilizerGun;@RubberBullets;@ToFuAirsoftGuns;@MasssManyItemOverhaul;@CannabisPlus;@MunghardsItempack;@ZeroyFishingZ;@NatureOverhaul;@BuilderItems;@ModularVestSystem;@BaseBuildingPlus;@MortysWeapons;@EarPlugs;@BuildAnywhere_v3;@AirdropUpgraded;@ToxicZone;@TeddysWeaponPack;@Dartguns;@VanillaPlusPlusMap;@IRP-Land-Rover-Defender-110;@Trader; profiles ServerProfile dologs  adminlog  netlog  


------------------------------------
42MA-SERVER, 17.04 2021 03:38:24

[wpnfsm] TWP_KacPDW:046476 chamberFromAttachedMagazine, error - cannot take cartridge from magazine
Function: 'Error'
Stack trace:
scripts/1_Core/proto\endebug.c:44
scripts/4_World/entities\firearms\fsm\weapon_utils.c:15
scripts/4_World/entities\firearms\fsm\states\weaponchamberfromattmag.c:14
scripts/3_Game/systems\hfsmbase.c:484
scripts/4_World/entities\firearms\weaponfsm.c:35
scripts/3_Game/systems\hfsmbase.c:512
scripts/3_Game/systems\hfsmbase.c:364
scripts/4_World/entities\firearms\fsm\states\weaponstatebase.c:83
scripts/3_Game/systems\hfsmbase.c:330
scripts/4_World/entities\firearms\weapon_base.c:157
scripts/4_World/systems\inventory\dayzplayerinventory.c:267
scripts/4_World/entities\dayzplayerimplement.c:656
scripts/4_World/entities\dayzplayerimplement.c:1708
scripts/4_World/entities\manbase\playerbase.c:2331

Runtime mode
CLI params: config serverDZ.cfg port 2302 mod @CF;@CommunityOnlineTools;@DayZEditorLoader;@42MonthsAfter;@CodeLock;@zSpawnSelection;@ZTVendingMachine;@KillFeed;@AirSoftGuns;@TranquilizerGun;@RubberBullets;@ToFuAirsoftGuns;@MasssManyItemOverhaul;@CannabisPlus;@MunghardsItempack;@ZeroyFishingZ;@NatureOverhaul;@BuilderItems;@ModularVestSystem;@BaseBuildingPlus;@MortysWeapons;@EarPlugs;@BuildAnywhere_v3;@AirdropUpgraded;@ToxicZone;@TeddysWeaponPack;@Dartguns;@VanillaPlusPlusMap;@IRP-Land-Rover-Defender-110;@Trader; profiles ServerProfile dologs  adminlog  netlog  


------------------------------------
42MA-SERVER, 17.04 2021 03:38:31

[wpnfsm] TWP_KacPDW:046476 chamberFromAttachedMagazine, error - cannot take cartridge from magazine
Function: 'Error'
Stack trace:
scripts/1_Core/proto\endebug.c:44
scripts/4_World/entities\firearms\fsm\weapon_utils.c:15
scripts/4_World/entities\firearms\fsm\states\weaponchamberfromattmag.c:14
scripts/3_Game/systems\hfsmbase.c:484
scripts/4_World/entities\firearms\weaponfsm.c:35
scripts/3_Game/systems\hfsmbase.c:512
scripts/3_Game/systems\hfsmbase.c:364
scripts/4_World/entities\firearms\fsm\states\weaponstatebase.c:83
scripts/3_Game/systems\hfsmbase.c:330
scripts/4_World/entities\firearms\weapon_base.c:157
scripts/4_World/systems\inventory\dayzplayerinventory.c:267
scripts/4_World/entities\dayzplayerimplement.c:656
scripts/4_World/entities\dayzplayerimplement.c:1708
scripts/4_World/entities\manbase\playerbase.c:2331

Runtime mode
CLI params: config serverDZ.cfg port 2302 mod @CF;@CommunityOnlineTools;@DayZEditorLoader;@42MonthsAfter;@CodeLock;@zSpawnSelection;@ZTVendingMachine;@KillFeed;@AirSoftGuns;@TranquilizerGun;@RubberBullets;@ToFuAirsoftGuns;@MasssManyItemOverhaul;@CannabisPlus;@MunghardsItempack;@ZeroyFishingZ;@NatureOverhaul;@BuilderItems;@ModularVestSystem;@BaseBuildingPlus;@MortysWeapons;@EarPlugs;@BuildAnywhere_v3;@AirdropUpgraded;@ToxicZone;@TeddysWeaponPack;@Dartguns;@VanillaPlusPlusMap;@IRP-Land-Rover-Defender-110;@Trader; profiles ServerProfile dologs  adminlog  netlog  


------------------------------------
42MA-SERVER, 17.04 2021 03:49:50
NULL pointer to instance
Class:      'WaterBottle'
Entity id:2977194

Function: 'GetFoodStageType'
Stack trace:
scripts/4_World/entities\itembase\edible_base.c:347
MunghardsItems/scripts/4_world/entities\itembase\ballgrill.c:375
MunghardsItems/scripts/4_world/entities\itembase\ballgrill.c:349
MunghardsItems/scripts/4_world/entities\itembase\ballgrill.c:232
scripts/3_Game/tools\component\componentenergymanager.c:1288
scripts/3_Game/tools\component\componentenergymanager.c:1703
scripts/3_Game/tools\tools.c:600
scripts/3_Game/tools\tools.c:289
scripts/3_Game/tools\tools.c:404
scripts/3_Game/dayzgame.c:2390

Runtime mode
CLI params: config serverDZ.cfg port 2302 mod @CF;@CommunityOnlineTools;@DayZEditorLoader;@42MonthsAfter;@CodeLock;@zSpawnSelection;@ZTVendingMachine;@KillFeed;@AirSoftGuns;@TranquilizerGun;@RubberBullets;@ToFuAirsoftGuns;@MasssManyItemOverhaul;@CannabisPlus;@MunghardsItempack;@ZeroyFishingZ;@NatureOverhaul;@BuilderItems;@ModularVestSystem;@BaseBuildingPlus;@MortysWeapons;@EarPlugs;@BuildAnywhere_v3;@AirdropUpgraded;@ToxicZone;@TeddysWeaponPack;@Dartguns;@VanillaPlusPlusMap;@IRP-Land-Rover-Defender-110;@Trader; profiles ServerProfile dologs  adminlog  netlog  


------------------------------------
42MA-SERVER, 17.04 2021 03:50:05
NULL pointer to instance
Class:      'WaterBottle'
Entity id:2977194

Function: 'GetFoodStageType'
Stack trace:
scripts/4_World/entities\itembase\edible_base.c:347
MunghardsItems/scripts/4_world/entities\itembase\ballgrill.c:375
MunghardsItems/scripts/4_world/entities\itembase\ballgrill.c:349
MunghardsItems/scripts/4_world/entities\itembase\ballgrill.c:232
scripts/3_Game/tools\component\componentenergymanager.c:1288
scripts/3_Game/tools\component\componentenergymanager.c:1703
scripts/3_Game/tools\tools.c:600
scripts/3_Game/tools\tools.c:289
scripts/3_Game/tools\tools.c:404
scripts/3_Game/dayzgame.c:2390

Runtime mode
CLI params: config serverDZ.cfg port 2302 mod @CF;@CommunityOnlineTools;@DayZEditorLoader;@42MonthsAfter;@CodeLock;@zSpawnSelection;@ZTVendingMachine;@KillFeed;@AirSoftGuns;@TranquilizerGun;@RubberBullets;@ToFuAirsoftGuns;@MasssManyItemOverhaul;@CannabisPlus;@MunghardsItempack;@ZeroyFishingZ;@NatureOverhaul;@BuilderItems;@ModularVestSystem;@BaseBuildingPlus;@MortysWeapons;@EarPlugs;@BuildAnywhere_v3;@AirdropUpgraded;@ToxicZone;@TeddysWeaponPack;@Dartguns;@VanillaPlusPlusMap;@IRP-Land-Rover-Defender-110;@Trader; profiles ServerProfile dologs  adminlog  netlog  


------------------------------------
42MA-SERVER, 17.04 2021 03:50:20
NULL pointer to instance
Class:      'WaterBottle'
Entity id:2977194

Function: 'GetFoodStageType'
Stack trace:
scripts/4_World/entities\itembase\edible_base.c:347
MunghardsItems/scripts/4_world/entities\itembase\ballgrill.c:375
MunghardsItems/scripts/4_world/entities\itembase\ballgrill.c:349
MunghardsItems/scripts/4_world/entities\itembase\ballgrill.c:232
scripts/3_Game/tools\component\componentenergymanager.c:1288
scripts/3_Game/tools\component\componentenergymanager.c:1703
scripts/3_Game/tools\tools.c:600
scripts/3_Game/tools\tools.c:289
scripts/3_Game/tools\tools.c:404
scripts/3_Game/dayzgame.c:2390

Runtime mode
CLI params: config serverDZ.cfg port 2302 mod @CF;@CommunityOnlineTools;@DayZEditorLoader;@42MonthsAfter;@CodeLock;@zSpawnSelection;@ZTVendingMachine;@KillFeed;@AirSoftGuns;@TranquilizerGun;@RubberBullets;@ToFuAirsoftGuns;@MasssManyItemOverhaul;@CannabisPlus;@MunghardsItempack;@ZeroyFishingZ;@NatureOverhaul;@BuilderItems;@ModularVestSystem;@BaseBuildingPlus;@MortysWeapons;@EarPlugs;@BuildAnywhere_v3;@AirdropUpgraded;@ToxicZone;@TeddysWeaponPack;@Dartguns;@VanillaPlusPlusMap;@IRP-Land-Rover-Defender-110;@Trader; profiles ServerProfile dologs  adminlog  netlog  


------------------------------------
42MA-SERVER, 17.04 2021 03:50:35
NULL pointer to instance
Class:      'WaterBottle'
Entity id:2977194

Function: 'GetFoodStageType'
Stack trace:
scripts/4_World/entities\itembase\edible_base.c:347
MunghardsItems/scripts/4_world/entities\itembase\ballgrill.c:375
MunghardsItems/scripts/4_world/entities\itembase\ballgrill.c:349
MunghardsItems/scripts/4_world/entities\itembase\ballgrill.c:232
scripts/3_Game/tools\component\componentenergymanager.c:1288
scripts/3_Game/tools\component\componentenergymanager.c:1703
scripts/3_Game/tools\tools.c:600
scripts/3_Game/tools\tools.c:289
scripts/3_Game/tools\tools.c:404
scripts/3_Game/dayzgame.c:2390

Runtime mode
CLI params: config serverDZ.cfg port 2302 mod @CF;@CommunityOnlineTools;@DayZEditorLoader;@42MonthsAfter;@CodeLock;@zSpawnSelection;@ZTVendingMachine;@KillFeed;@AirSoftGuns;@TranquilizerGun;@RubberBullets;@ToFuAirsoftGuns;@MasssManyItemOverhaul;@CannabisPlus;@MunghardsItempack;@ZeroyFishingZ;@NatureOverhaul;@BuilderItems;@ModularVestSystem;@BaseBuildingPlus;@MortysWeapons;@EarPlugs;@BuildAnywhere_v3;@AirdropUpgraded;@ToxicZone;@TeddysWeaponPack;@Dartguns;@VanillaPlusPlusMap;@IRP-Land-Rover-Defender-110;@Trader; profiles ServerProfile dologs  adminlog  netlog  


------------------------------------
42MA-SERVER, 17.04 2021 03:50:50
NULL pointer to instance
Class:      'WaterBottle'
Entity id:2977194

Function: 'GetFoodStageType'
Stack trace:
scripts/4_World/entities\itembase\edible_base.c:347
MunghardsItems/scripts/4_world/entities\itembase\ballgrill.c:375
MunghardsItems/scripts/4_world/entities\itembase\ballgrill.c:349
MunghardsItems/scripts/4_world/entities\itembase\ballgrill.c:232
scripts/3_Game/tools\component\componentenergymanager.c:1288
scripts/3_Game/tools\component\componentenergymanager.c:1703
scripts/3_Game/tools\tools.c:600
scripts/3_Game/tools\tools.c:289
scripts/3_Game/tools\tools.c:404
scripts/3_Game/dayzgame.c:2390

Runtime mode
CLI params: config serverDZ.cfg port 2302 mod @CF;@CommunityOnlineTools;@DayZEditorLoader;@42MonthsAfter;@CodeLock;@zSpawnSelection;@ZTVendingMachine;@KillFeed;@AirSoftGuns;@TranquilizerGun;@RubberBullets;@ToFuAirsoftGuns;@MasssManyItemOverhaul;@CannabisPlus;@MunghardsItempack;@ZeroyFishingZ;@NatureOverhaul;@BuilderItems;@ModularVestSystem;@BaseBuildingPlus;@MortysWeapons;@EarPlugs;@BuildAnywhere_v3;@AirdropUpgraded;@ToxicZone;@TeddysWeaponPack;@Dartguns;@VanillaPlusPlusMap;@IRP-Land-Rover-Defender-110;@Trader; profiles ServerProfile dologs  adminlog  netlog  


------------------------------------
42MA-SERVER, 17.04 2021 03:51:05
NULL pointer to instance
Class:      'WaterBottle'
Entity id:2977194

Function: 'GetFoodStageType'
Stack trace:
scripts/4_World/entities\itembase\edible_base.c:347
MunghardsItems/scripts/4_world/entities\itembase\ballgrill.c:375
MunghardsItems/scripts/4_world/entities\itembase\ballgrill.c:349
MunghardsItems/scripts/4_world/entities\itembase\ballgrill.c:232
scripts/3_Game/tools\component\componentenergymanager.c:1288
scripts/3_Game/tools\component\componentenergymanager.c:1703
scripts/3_Game/tools\tools.c:600
scripts/3_Game/tools\tools.c:289
scripts/3_Game/tools\tools.c:404
scripts/3_Game/dayzgame.c:2390

Runtime mode
CLI params: config serverDZ.cfg port 2302 mod @CF;@CommunityOnlineTools;@DayZEditorLoader;@42MonthsAfter;@CodeLock;@zSpawnSelection;@ZTVendingMachine;@KillFeed;@AirSoftGuns;@TranquilizerGun;@RubberBullets;@ToFuAirsoftGuns;@MasssManyItemOverhaul;@CannabisPlus;@MunghardsItempack;@ZeroyFishingZ;@NatureOverhaul;@BuilderItems;@ModularVestSystem;@BaseBuildingPlus;@MortysWeapons;@EarPlugs;@BuildAnywhere_v3;@AirdropUpgraded;@ToxicZone;@TeddysWeaponPack;@Dartguns;@VanillaPlusPlusMap;@IRP-Land-Rover-Defender-110;@Trader; profiles ServerProfile dologs  adminlog  netlog  


------------------------------------
42MA-SERVER, 17.04 2021 03:51:20
NULL pointer to instance
Class:      'WaterBottle'
Entity id:2977194

Function: 'GetFoodStageType'
Stack trace:
scripts/4_World/entities\itembase\edible_base.c:347
MunghardsItems/scripts/4_world/entities\itembase\ballgrill.c:375
MunghardsItems/scripts/4_world/entities\itembase\ballgrill.c:349
MunghardsItems/scripts/4_world/entities\itembase\ballgrill.c:232
scripts/3_Game/tools\component\componentenergymanager.c:1288
scripts/3_Game/tools\component\componentenergymanager.c:1703
scripts/3_Game/tools\tools.c:600
scripts/3_Game/tools\tools.c:289
scripts/3_Game/tools\tools.c:404
scripts/3_Game/dayzgame.c:2390

Runtime mode
CLI params: config serverDZ.cfg port 2302 mod @CF;@CommunityOnlineTools;@DayZEditorLoader;@42MonthsAfter;@CodeLock;@zSpawnSelection;@ZTVendingMachine;@KillFeed;@AirSoftGuns;@TranquilizerGun;@RubberBullets;@ToFuAirsoftGuns;@MasssManyItemOverhaul;@CannabisPlus;@MunghardsItempack;@ZeroyFishingZ;@NatureOverhaul;@BuilderItems;@ModularVestSystem;@BaseBuildingPlus;@MortysWeapons;@EarPlugs;@BuildAnywhere_v3;@AirdropUpgraded;@ToxicZone;@TeddysWeaponPack;@Dartguns;@VanillaPlusPlusMap;@IRP-Land-Rover-Defender-110;@Trader; profiles ServerProfile dologs  adminlog  netlog  


------------------------------------
42MA-SERVER, 17.04 2021 03:51:35
NULL pointer to instance
Class:      'WaterBottle'
Entity id:2977194

Function: 'GetFoodStageType'
Stack trace:
scripts/4_World/entities\itembase\edible_base.c:347
MunghardsItems/scripts/4_world/entities\itembase\ballgrill.c:375
MunghardsItems/scripts/4_world/entities\itembase\ballgrill.c:349
MunghardsItems/scripts/4_world/entities\itembase\ballgrill.c:232
scripts/3_Game/tools\component\componentenergymanager.c:1288
scripts/3_Game/tools\component\componentenergymanager.c:1703
scripts/3_Game/tools\tools.c:600
scripts/3_Game/tools\tools.c:289
scripts/3_Game/tools\tools.c:404
scripts/3_Game/dayzgame.c:2390

Runtime mode
CLI params: config serverDZ.cfg port 2302 mod @CF;@CommunityOnlineTools;@DayZEditorLoader;@42MonthsAfter;@CodeLock;@zSpawnSelection;@ZTVendingMachine;@KillFeed;@AirSoftGuns;@TranquilizerGun;@RubberBullets;@ToFuAirsoftGuns;@MasssManyItemOverhaul;@CannabisPlus;@MunghardsItempack;@ZeroyFishingZ;@NatureOverhaul;@BuilderItems;@ModularVestSystem;@BaseBuildingPlus;@MortysWeapons;@EarPlugs;@BuildAnywhere_v3;@AirdropUpgraded;@ToxicZone;@TeddysWeaponPack;@Dartguns;@VanillaPlusPlusMap;@IRP-Land-Rover-Defender-110;@Trader; profiles ServerProfile dologs  adminlog  netlog  


------------------------------------
42MA-SERVER, 17.04 2021 03:51:50
NULL pointer to instance
Class:      'WaterBottle'
Entity id:2977194

Function: 'GetFoodStageType'
Stack trace:
scripts/4_World/entities\itembase\edible_base.c:347
MunghardsItems/scripts/4_world/entities\itembase\ballgrill.c:375
MunghardsItems/scripts/4_world/entities\itembase\ballgrill.c:349
MunghardsItems/scripts/4_world/entities\itembase\ballgrill.c:232
scripts/3_Game/tools\component\componentenergymanager.c:1288
scripts/3_Game/tools\component\componentenergymanager.c:1703
scripts/3_Game/tools\tools.c:600
scripts/3_Game/tools\tools.c:289
scripts/3_Game/tools\tools.c:404
scripts/3_Game/dayzgame.c:2390

Runtime mode
CLI params: config serverDZ.cfg port 2302 mod @CF;@CommunityOnlineTools;@DayZEditorLoader;@42MonthsAfter;@CodeLock;@zSpawnSelection;@ZTVendingMachine;@KillFeed;@AirSoftGuns;@TranquilizerGun;@RubberBullets;@ToFuAirsoftGuns;@MasssManyItemOverhaul;@CannabisPlus;@MunghardsItempack;@ZeroyFishingZ;@NatureOverhaul;@BuilderItems;@ModularVestSystem;@BaseBuildingPlus;@MortysWeapons;@EarPlugs;@BuildAnywhere_v3;@AirdropUpgraded;@ToxicZone;@TeddysWeaponPack;@Dartguns;@VanillaPlusPlusMap;@IRP-Land-Rover-Defender-110;@Trader; profiles ServerProfile dologs  adminlog  netlog  


------------------------------------
42MA-SERVER, 17.04 2021 03:52:05
NULL pointer to instance
Class:      'WaterBottle'
Entity id:2977194

Function: 'GetFoodStageType'
Stack trace:
scripts/4_World/entities\itembase\edible_base.c:347
MunghardsItems/scripts/4_world/entities\itembase\ballgrill.c:375
MunghardsItems/scripts/4_world/entities\itembase\ballgrill.c:349
MunghardsItems/scripts/4_world/entities\itembase\ballgrill.c:232
scripts/3_Game/tools\component\componentenergymanager.c:1288
scripts/3_Game/tools\component\componentenergymanager.c:1703
scripts/3_Game/tools\tools.c:600
scripts/3_Game/tools\tools.c:289
scripts/3_Game/tools\tools.c:404
scripts/3_Game/dayzgame.c:2390

Runtime mode
CLI params: config serverDZ.cfg port 2302 mod @CF;@CommunityOnlineTools;@DayZEditorLoader;@42MonthsAfter;@CodeLock;@zSpawnSelection;@ZTVendingMachine;@KillFeed;@AirSoftGuns;@TranquilizerGun;@RubberBullets;@ToFuAirsoftGuns;@MasssManyItemOverhaul;@CannabisPlus;@MunghardsItempack;@ZeroyFishingZ;@NatureOverhaul;@BuilderItems;@ModularVestSystem;@BaseBuildingPlus;@MortysWeapons;@EarPlugs;@BuildAnywhere_v3;@AirdropUpgraded;@ToxicZone;@TeddysWeaponPack;@Dartguns;@VanillaPlusPlusMap;@IRP-Land-Rover-Defender-110;@Trader; profiles ServerProfile dologs  adminlog  netlog  


------------------------------------
42MA-SERVER, 17.04 2021 03:52:20
NULL pointer to instance
Class:      'WaterBottle'
Entity id:2977194

Function: 'GetFoodStageType'
Stack trace:
scripts/4_World/entities\itembase\edible_base.c:347
MunghardsItems/scripts/4_world/entities\itembase\ballgrill.c:375
MunghardsItems/scripts/4_world/entities\itembase\ballgrill.c:349
MunghardsItems/scripts/4_world/entities\itembase\ballgrill.c:232
scripts/3_Game/tools\component\componentenergymanager.c:1288
scripts/3_Game/tools\component\componentenergymanager.c:1703
scripts/3_Game/tools\tools.c:600
scripts/3_Game/tools\tools.c:289
scripts/3_Game/tools\tools.c:404
scripts/3_Game/dayzgame.c:2390

Runtime mode
CLI params: config serverDZ.cfg port 2302 mod @CF;@CommunityOnlineTools;@DayZEditorLoader;@42MonthsAfter;@CodeLock;@zSpawnSelection;@ZTVendingMachine;@KillFeed;@AirSoftGuns;@TranquilizerGun;@RubberBullets;@ToFuAirsoftGuns;@MasssManyItemOverhaul;@CannabisPlus;@MunghardsItempack;@ZeroyFishingZ;@NatureOverhaul;@BuilderItems;@ModularVestSystem;@BaseBuildingPlus;@MortysWeapons;@EarPlugs;@BuildAnywhere_v3;@AirdropUpgraded;@ToxicZone;@TeddysWeaponPack;@Dartguns;@VanillaPlusPlusMap;@IRP-Land-Rover-Defender-110;@Trader; profiles ServerProfile dologs  adminlog  netlog  


------------------------------------
42MA-SERVER, 17.04 2021 03:52:35
NULL pointer to instance
Class:      'WaterBottle'
Entity id:2977194

Function: 'GetFoodStageType'
Stack trace:
scripts/4_World/entities\itembase\edible_base.c:347
MunghardsItems/scripts/4_world/entities\itembase\ballgrill.c:375
MunghardsItems/scripts/4_world/entities\itembase\ballgrill.c:349
MunghardsItems/scripts/4_world/entities\itembase\ballgrill.c:232
scripts/3_Game/tools\component\componentenergymanager.c:1288
scripts/3_Game/tools\component\componentenergymanager.c:1703
scripts/3_Game/tools\tools.c:600
scripts/3_Game/tools\tools.c:289
scripts/3_Game/tools\tools.c:404
scripts/3_Game/dayzgame.c:2390

Runtime mode
CLI params: config serverDZ.cfg port 2302 mod @CF;@CommunityOnlineTools;@DayZEditorLoader;@42MonthsAfter;@CodeLock;@zSpawnSelection;@ZTVendingMachine;@KillFeed;@AirSoftGuns;@TranquilizerGun;@RubberBullets;@ToFuAirsoftGuns;@MasssManyItemOverhaul;@CannabisPlus;@MunghardsItempack;@ZeroyFishingZ;@NatureOverhaul;@BuilderItems;@ModularVestSystem;@BaseBuildingPlus;@MortysWeapons;@EarPlugs;@BuildAnywhere_v3;@AirdropUpgraded;@ToxicZone;@TeddysWeaponPack;@Dartguns;@VanillaPlusPlusMap;@IRP-Land-Rover-Defender-110;@Trader; profiles ServerProfile dologs  adminlog  netlog  


------------------------------------
42MA-SERVER, 17.04 2021 03:52:50
NULL pointer to instance
Class:      'WaterBottle'
Entity id:2977194

Function: 'GetFoodStageType'
Stack trace:
scripts/4_World/entities\itembase\edible_base.c:347
MunghardsItems/scripts/4_world/entities\itembase\ballgrill.c:375
MunghardsItems/scripts/4_world/entities\itembase\ballgrill.c:349
MunghardsItems/scripts/4_world/entities\itembase\ballgrill.c:232
scripts/3_Game/tools\component\componentenergymanager.c:1288
scripts/3_Game/tools\component\componentenergymanager.c:1703
scripts/3_Game/tools\tools.c:600
scripts/3_Game/tools\tools.c:289
scripts/3_Game/tools\tools.c:404
scripts/3_Game/dayzgame.c:2390

Runtime mode
CLI params: config serverDZ.cfg port 2302 mod @CF;@CommunityOnlineTools;@DayZEditorLoader;@42MonthsAfter;@CodeLock;@zSpawnSelection;@ZTVendingMachine;@KillFeed;@AirSoftGuns;@TranquilizerGun;@RubberBullets;@ToFuAirsoftGuns;@MasssManyItemOverhaul;@CannabisPlus;@MunghardsItempack;@ZeroyFishingZ;@NatureOverhaul;@BuilderItems;@ModularVestSystem;@BaseBuildingPlus;@MortysWeapons;@EarPlugs;@BuildAnywhere_v3;@AirdropUpgraded;@ToxicZone;@TeddysWeaponPack;@Dartguns;@VanillaPlusPlusMap;@IRP-Land-Rover-Defender-110;@Trader; profiles ServerProfile dologs  adminlog  netlog  


------------------------------------
42MA-SERVER, 17.04 2021 03:53:05
NULL pointer to instance
Class:      'WaterBottle'
Entity id:2977194

Function: 'GetFoodStageType'
Stack trace:
scripts/4_World/entities\itembase\edible_base.c:347
MunghardsItems/scripts/4_world/entities\itembase\ballgrill.c:375
MunghardsItems/scripts/4_world/entities\itembase\ballgrill.c:349
MunghardsItems/scripts/4_world/entities\itembase\ballgrill.c:232
scripts/3_Game/tools\component\componentenergymanager.c:1288
scripts/3_Game/tools\component\componentenergymanager.c:1703
scripts/3_Game/tools\tools.c:600
scripts/3_Game/tools\tools.c:289
scripts/3_Game/tools\tools.c:404
scripts/3_Game/dayzgame.c:2390

Runtime mode
CLI params: config serverDZ.cfg port 2302 mod @CF;@CommunityOnlineTools;@DayZEditorLoader;@42MonthsAfter;@CodeLock;@zSpawnSelection;@ZTVendingMachine;@KillFeed;@AirSoftGuns;@TranquilizerGun;@RubberBullets;@ToFuAirsoftGuns;@MasssManyItemOverhaul;@CannabisPlus;@MunghardsItempack;@ZeroyFishingZ;@NatureOverhaul;@BuilderItems;@ModularVestSystem;@BaseBuildingPlus;@MortysWeapons;@EarPlugs;@BuildAnywhere_v3;@AirdropUpgraded;@ToxicZone;@TeddysWeaponPack;@Dartguns;@VanillaPlusPlusMap;@IRP-Land-Rover-Defender-110;@Trader; profiles ServerProfile dologs  adminlog  netlog  


------------------------------------
42MA-SERVER, 17.04 2021 03:53:20
NULL pointer to instance
Class:      'WaterBottle'
Entity id:2977194

Function: 'GetFoodStageType'
Stack trace:
scripts/4_World/entities\itembase\edible_base.c:347
MunghardsItems/scripts/4_world/entities\itembase\ballgrill.c:375
MunghardsItems/scripts/4_world/entities\itembase\ballgrill.c:349
MunghardsItems/scripts/4_world/entities\itembase\ballgrill.c:232
scripts/3_Game/tools\component\componentenergymanager.c:1288
scripts/3_Game/tools\component\componentenergymanager.c:1703
scripts/3_Game/tools\tools.c:600
scripts/3_Game/tools\tools.c:289
scripts/3_Game/tools\tools.c:404
scripts/3_Game/dayzgame.c:2390

Runtime mode
CLI params: config serverDZ.cfg port 2302 mod @CF;@CommunityOnlineTools;@DayZEditorLoader;@42MonthsAfter;@CodeLock;@zSpawnSelection;@ZTVendingMachine;@KillFeed;@AirSoftGuns;@TranquilizerGun;@RubberBullets;@ToFuAirsoftGuns;@MasssManyItemOverhaul;@CannabisPlus;@MunghardsItempack;@ZeroyFishingZ;@NatureOverhaul;@BuilderItems;@ModularVestSystem;@BaseBuildingPlus;@MortysWeapons;@EarPlugs;@BuildAnywhere_v3;@AirdropUpgraded;@ToxicZone;@TeddysWeaponPack;@Dartguns;@VanillaPlusPlusMap;@IRP-Land-Rover-Defender-110;@Trader; profiles ServerProfile dologs  adminlog  netlog  


------------------------------------
42MA-SERVER, 17.04 2021 03:53:35
NULL pointer to instance
Class:      'WaterBottle'
Entity id:2977194

Function: 'GetFoodStageType'
Stack trace:
scripts/4_World/entities\itembase\edible_base.c:347
MunghardsItems/scripts/4_world/entities\itembase\ballgrill.c:375
MunghardsItems/scripts/4_world/entities\itembase\ballgrill.c:349
MunghardsItems/scripts/4_world/entities\itembase\ballgrill.c:232
scripts/3_Game/tools\component\componentenergymanager.c:1288
scripts/3_Game/tools\component\componentenergymanager.c:1703
scripts/3_Game/tools\tools.c:600
scripts/3_Game/tools\tools.c:289
scripts/3_Game/tools\tools.c:404
scripts/3_Game/dayzgame.c:2390

Runtime mode
CLI params: config serverDZ.cfg port 2302 mod @CF;@CommunityOnlineTools;@DayZEditorLoader;@42MonthsAfter;@CodeLock;@zSpawnSelection;@ZTVendingMachine;@KillFeed;@AirSoftGuns;@TranquilizerGun;@RubberBullets;@ToFuAirsoftGuns;@MasssManyItemOverhaul;@CannabisPlus;@MunghardsItempack;@ZeroyFishingZ;@NatureOverhaul;@BuilderItems;@ModularVestSystem;@BaseBuildingPlus;@MortysWeapons;@EarPlugs;@BuildAnywhere_v3;@AirdropUpgraded;@ToxicZone;@TeddysWeaponPack;@Dartguns;@VanillaPlusPlusMap;@IRP-Land-Rover-Defender-110;@Trader; profiles ServerProfile dologs  adminlog  netlog  


------------------------------------
42MA-SERVER, 17.04 2021 03:53:50
NULL pointer to instance
Class:      'WaterBottle'
Entity id:2977194

Function: 'GetFoodStageType'
Stack trace:
scripts/4_World/entities\itembase\edible_base.c:347
MunghardsItems/scripts/4_world/entities\itembase\ballgrill.c:375
MunghardsItems/scripts/4_world/entities\itembase\ballgrill.c:349
MunghardsItems/scripts/4_world/entities\itembase\ballgrill.c:232
scripts/3_Game/tools\component\componentenergymanager.c:1288
scripts/3_Game/tools\component\componentenergymanager.c:1703
scripts/3_Game/tools\tools.c:600
scripts/3_Game/tools\tools.c:289
scripts/3_Game/tools\tools.c:404
scripts/3_Game/dayzgame.c:2390

Runtime mode
CLI params: config serverDZ.cfg port 2302 mod @CF;@CommunityOnlineTools;@DayZEditorLoader;@42MonthsAfter;@CodeLock;@zSpawnSelection;@ZTVendingMachine;@KillFeed;@AirSoftGuns;@TranquilizerGun;@RubberBullets;@ToFuAirsoftGuns;@MasssManyItemOverhaul;@CannabisPlus;@MunghardsItempack;@ZeroyFishingZ;@NatureOverhaul;@BuilderItems;@ModularVestSystem;@BaseBuildingPlus;@MortysWeapons;@EarPlugs;@BuildAnywhere_v3;@AirdropUpgraded;@ToxicZone;@TeddysWeaponPack;@Dartguns;@VanillaPlusPlusMap;@IRP-Land-Rover-Defender-110;@Trader; profiles ServerProfile dologs  adminlog  netlog  


------------------------------------
42MA-SERVER, 17.04 2021 03:54:05
NULL pointer to instance
Class:      'WaterBottle'
Entity id:2977194

Function: 'GetFoodStageType'
Stack trace:
scripts/4_World/entities\itembase\edible_base.c:347
MunghardsItems/scripts/4_world/entities\itembase\ballgrill.c:375
MunghardsItems/scripts/4_world/entities\itembase\ballgrill.c:349
MunghardsItems/scripts/4_world/entities\itembase\ballgrill.c:232
scripts/3_Game/tools\component\componentenergymanager.c:1288
scripts/3_Game/tools\component\componentenergymanager.c:1703
scripts/3_Game/tools\tools.c:600
scripts/3_Game/tools\tools.c:289
scripts/3_Game/tools\tools.c:404
scripts/3_Game/dayzgame.c:2390

Runtime mode
CLI params: config serverDZ.cfg port 2302 mod @CF;@CommunityOnlineTools;@DayZEditorLoader;@42MonthsAfter;@CodeLock;@zSpawnSelection;@ZTVendingMachine;@KillFeed;@AirSoftGuns;@TranquilizerGun;@RubberBullets;@ToFuAirsoftGuns;@MasssManyItemOverhaul;@CannabisPlus;@MunghardsItempack;@ZeroyFishingZ;@NatureOverhaul;@BuilderItems;@ModularVestSystem;@BaseBuildingPlus;@MortysWeapons;@EarPlugs;@BuildAnywhere_v3;@AirdropUpgraded;@ToxicZone;@TeddysWeaponPack;@Dartguns;@VanillaPlusPlusMap;@IRP-Land-Rover-Defender-110;@Trader; profiles ServerProfile dologs  adminlog  netlog  


------------------------------------
42MA-SERVER, 17.04 2021 03:54:20
NULL pointer to instance
Class:      'WaterBottle'
Entity id:2977194

Function: 'GetFoodStageType'
Stack trace:
scripts/4_World/entities\itembase\edible_base.c:347
MunghardsItems/scripts/4_world/entities\itembase\ballgrill.c:375
MunghardsItems/scripts/4_world/entities\itembase\ballgrill.c:349
MunghardsItems/scripts/4_world/entities\itembase\ballgrill.c:232
scripts/3_Game/tools\component\componentenergymanager.c:1288
scripts/3_Game/tools\component\componentenergymanager.c:1703
scripts/3_Game/tools\tools.c:600
scripts/3_Game/tools\tools.c:289
scripts/3_Game/tools\tools.c:404
scripts/3_Game/dayzgame.c:2390

Runtime mode
CLI params: config serverDZ.cfg port 2302 mod @CF;@CommunityOnlineTools;@DayZEditorLoader;@42MonthsAfter;@CodeLock;@zSpawnSelection;@ZTVendingMachine;@KillFeed;@AirSoftGuns;@TranquilizerGun;@RubberBullets;@ToFuAirsoftGuns;@MasssManyItemOverhaul;@CannabisPlus;@MunghardsItempack;@ZeroyFishingZ;@NatureOverhaul;@BuilderItems;@ModularVestSystem;@BaseBuildingPlus;@MortysWeapons;@EarPlugs;@BuildAnywhere_v3;@AirdropUpgraded;@ToxicZone;@TeddysWeaponPack;@Dartguns;@VanillaPlusPlusMap;@IRP-Land-Rover-Defender-110;@Trader; profiles ServerProfile dologs  adminlog  netlog  


------------------------------------
42MA-SERVER, 17.04 2021 03:54:35
NULL pointer to instance
Class:      'WaterBottle'
Entity id:2977194

Function: 'GetFoodStageType'
Stack trace:
scripts/4_World/entities\itembase\edible_base.c:347
MunghardsItems/scripts/4_world/entities\itembase\ballgrill.c:375
MunghardsItems/scripts/4_world/entities\itembase\ballgrill.c:349
MunghardsItems/scripts/4_world/entities\itembase\ballgrill.c:232
scripts/3_Game/tools\component\componentenergymanager.c:1288
scripts/3_Game/tools\component\componentenergymanager.c:1703
scripts/3_Game/tools\tools.c:600
scripts/3_Game/tools\tools.c:289
scripts/3_Game/tools\tools.c:404
scripts/3_Game/dayzgame.c:2390

Runtime mode
CLI params: config serverDZ.cfg port 2302 mod @CF;@CommunityOnlineTools;@DayZEditorLoader;@42MonthsAfter;@CodeLock;@zSpawnSelection;@ZTVendingMachine;@KillFeed;@AirSoftGuns;@TranquilizerGun;@RubberBullets;@ToFuAirsoftGuns;@MasssManyItemOverhaul;@CannabisPlus;@MunghardsItempack;@ZeroyFishingZ;@NatureOverhaul;@BuilderItems;@ModularVestSystem;@BaseBuildingPlus;@MortysWeapons;@EarPlugs;@BuildAnywhere_v3;@AirdropUpgraded;@ToxicZone;@TeddysWeaponPack;@Dartguns;@VanillaPlusPlusMap;@IRP-Land-Rover-Defender-110;@Trader; profiles ServerProfile dologs  adminlog  netlog  


------------------------------------
42MA-SERVER, 17.04 2021 03:54:50
NULL pointer to instance
Class:      'WaterBottle'
Entity id:2977194

Function: 'GetFoodStageType'
Stack trace:
scripts/4_World/entities\itembase\edible_base.c:347
MunghardsItems/scripts/4_world/entities\itembase\ballgrill.c:375
MunghardsItems/scripts/4_world/entities\itembase\ballgrill.c:349
MunghardsItems/scripts/4_world/entities\itembase\ballgrill.c:232
scripts/3_Game/tools\component\componentenergymanager.c:1288
scripts/3_Game/tools\component\componentenergymanager.c:1703
scripts/3_Game/tools\tools.c:600
scripts/3_Game/tools\tools.c:289
scripts/3_Game/tools\tools.c:404
scripts/3_Game/dayzgame.c:2390

Runtime mode
CLI params: config serverDZ.cfg port 2302 mod @CF;@CommunityOnlineTools;@DayZEditorLoader;@42MonthsAfter;@CodeLock;@zSpawnSelection;@ZTVendingMachine;@KillFeed;@AirSoftGuns;@TranquilizerGun;@RubberBullets;@ToFuAirsoftGuns;@MasssManyItemOverhaul;@CannabisPlus;@MunghardsItempack;@ZeroyFishingZ;@NatureOverhaul;@BuilderItems;@ModularVestSystem;@BaseBuildingPlus;@MortysWeapons;@EarPlugs;@BuildAnywhere_v3;@AirdropUpgraded;@ToxicZone;@TeddysWeaponPack;@Dartguns;@VanillaPlusPlusMap;@IRP-Land-Rover-Defender-110;@Trader; profiles ServerProfile dologs  adminlog  netlog  


------------------------------------
42MA-SERVER, 17.04 2021 03:55:05
NULL pointer to instance
Class:      'WaterBottle'
Entity id:2977194

Function: 'GetFoodStageType'
Stack trace:
scripts/4_World/entities\itembase\edible_base.c:347
MunghardsItems/scripts/4_world/entities\itembase\ballgrill.c:375
MunghardsItems/scripts/4_world/entities\itembase\ballgrill.c:349
MunghardsItems/scripts/4_world/entities\itembase\ballgrill.c:232
scripts/3_Game/tools\component\componentenergymanager.c:1288
scripts/3_Game/tools\component\componentenergymanager.c:1703
scripts/3_Game/tools\tools.c:600
scripts/3_Game/tools\tools.c:289
scripts/3_Game/tools\tools.c:404
scripts/3_Game/dayzgame.c:2390

Runtime mode
CLI params: config serverDZ.cfg port 2302 mod @CF;@CommunityOnlineTools;@DayZEditorLoader;@42MonthsAfter;@CodeLock;@zSpawnSelection;@ZTVendingMachine;@KillFeed;@AirSoftGuns;@TranquilizerGun;@RubberBullets;@ToFuAirsoftGuns;@MasssManyItemOverhaul;@CannabisPlus;@MunghardsItempack;@ZeroyFishingZ;@NatureOverhaul;@BuilderItems;@ModularVestSystem;@BaseBuildingPlus;@MortysWeapons;@EarPlugs;@BuildAnywhere_v3;@AirdropUpgraded;@ToxicZone;@TeddysWeaponPack;@Dartguns;@VanillaPlusPlusMap;@IRP-Land-Rover-Defender-110;@Trader; profiles ServerProfile dologs  adminlog  netlog  


------------------------------------
42MA-SERVER, 17.04 2021 03:55:20
NULL pointer to instance
Class:      'WaterBottle'
Entity id:2977194

Function: 'GetFoodStageType'
Stack trace:
scripts/4_World/entities\itembase\edible_base.c:347
MunghardsItems/scripts/4_world/entities\itembase\ballgrill.c:375
MunghardsItems/scripts/4_world/entities\itembase\ballgrill.c:349
MunghardsItems/scripts/4_world/entities\itembase\ballgrill.c:232
scripts/3_Game/tools\component\componentenergymanager.c:1288
scripts/3_Game/tools\component\componentenergymanager.c:1703
scripts/3_Game/tools\tools.c:600
scripts/3_Game/tools\tools.c:289
scripts/3_Game/tools\tools.c:404
scripts/3_Game/dayzgame.c:2390

Runtime mode
CLI params: config serverDZ.cfg port 2302 mod @CF;@CommunityOnlineTools;@DayZEditorLoader;@42MonthsAfter;@CodeLock;@zSpawnSelection;@ZTVendingMachine;@KillFeed;@AirSoftGuns;@TranquilizerGun;@RubberBullets;@ToFuAirsoftGuns;@MasssManyItemOverhaul;@CannabisPlus;@MunghardsItempack;@ZeroyFishingZ;@NatureOverhaul;@BuilderItems;@ModularVestSystem;@BaseBuildingPlus;@MortysWeapons;@EarPlugs;@BuildAnywhere_v3;@AirdropUpgraded;@ToxicZone;@TeddysWeaponPack;@Dartguns;@VanillaPlusPlusMap;@IRP-Land-Rover-Defender-110;@Trader; profiles ServerProfile dologs  adminlog  netlog  


------------------------------------
42MA-SERVER, 17.04 2021 03:55:35
NULL pointer to instance
Class:      'WaterBottle'
Entity id:2977194

Function: 'GetFoodStageType'
Stack trace:
scripts/4_World/entities\itembase\edible_base.c:347
MunghardsItems/scripts/4_world/entities\itembase\ballgrill.c:375
MunghardsItems/scripts/4_world/entities\itembase\ballgrill.c:349
MunghardsItems/scripts/4_world/entities\itembase\ballgrill.c:232
scripts/3_Game/tools\component\componentenergymanager.c:1288
scripts/3_Game/tools\component\componentenergymanager.c:1703
scripts/3_Game/tools\tools.c:600
scripts/3_Game/tools\tools.c:289
scripts/3_Game/tools\tools.c:404
scripts/3_Game/dayzgame.c:2390

Runtime mode
CLI params: config serverDZ.cfg port 2302 mod @CF;@CommunityOnlineTools;@DayZEditorLoader;@42MonthsAfter;@CodeLock;@zSpawnSelection;@ZTVendingMachine;@KillFeed;@AirSoftGuns;@TranquilizerGun;@RubberBullets;@ToFuAirsoftGuns;@MasssManyItemOverhaul;@CannabisPlus;@MunghardsItempack;@ZeroyFishingZ;@NatureOverhaul;@BuilderItems;@ModularVestSystem;@BaseBuildingPlus;@MortysWeapons;@EarPlugs;@BuildAnywhere_v3;@AirdropUpgraded;@ToxicZone;@TeddysWeaponPack;@Dartguns;@VanillaPlusPlusMap;@IRP-Land-Rover-Defender-110;@Trader; profiles ServerProfile dologs  adminlog  netlog  


------------------------------------
42MA-SERVER, 17.04 2021 03:55:50
NULL pointer to instance
Class:      'WaterBottle'
Entity id:2977194

Function: 'GetFoodStageType'
Stack trace:
scripts/4_World/entities\itembase\edible_base.c:347
MunghardsItems/scripts/4_world/entities\itembase\ballgrill.c:375
MunghardsItems/scripts/4_world/entities\itembase\ballgrill.c:349
MunghardsItems/scripts/4_world/entities\itembase\ballgrill.c:232
scripts/3_Game/tools\component\componentenergymanager.c:1288
scripts/3_Game/tools\component\componentenergymanager.c:1703
scripts/3_Game/tools\tools.c:600
scripts/3_Game/tools\tools.c:289
scripts/3_Game/tools\tools.c:404
scripts/3_Game/dayzgame.c:2390

Runtime mode
CLI params: config serverDZ.cfg port 2302 mod @CF;@CommunityOnlineTools;@DayZEditorLoader;@42MonthsAfter;@CodeLock;@zSpawnSelection;@ZTVendingMachine;@KillFeed;@AirSoftGuns;@TranquilizerGun;@RubberBullets;@ToFuAirsoftGuns;@MasssManyItemOverhaul;@CannabisPlus;@MunghardsItempack;@ZeroyFishingZ;@NatureOverhaul;@BuilderItems;@ModularVestSystem;@BaseBuildingPlus;@MortysWeapons;@EarPlugs;@BuildAnywhere_v3;@AirdropUpgraded;@ToxicZone;@TeddysWeaponPack;@Dartguns;@VanillaPlusPlusMap;@IRP-Land-Rover-Defender-110;@Trader; profiles ServerProfile dologs  adminlog  netlog  


------------------------------------
42MA-SERVER, 17.04 2021 03:56:05
NULL pointer to instance
Class:      'WaterBottle'
Entity id:2977194

Function: 'GetFoodStageType'
Stack trace:
scripts/4_World/entities\itembase\edible_base.c:347
MunghardsItems/scripts/4_world/entities\itembase\ballgrill.c:375
MunghardsItems/scripts/4_world/entities\itembase\ballgrill.c:349
MunghardsItems/scripts/4_world/entities\itembase\ballgrill.c:232
scripts/3_Game/tools\component\componentenergymanager.c:1288
scripts/3_Game/tools\component\componentenergymanager.c:1703
scripts/3_Game/tools\tools.c:600
scripts/3_Game/tools\tools.c:289
scripts/3_Game/tools\tools.c:404
scripts/3_Game/dayzgame.c:2390

Runtime mode
CLI params: config serverDZ.cfg port 2302 mod @CF;@CommunityOnlineTools;@DayZEditorLoader;@42MonthsAfter;@CodeLock;@zSpawnSelection;@ZTVendingMachine;@KillFeed;@AirSoftGuns;@TranquilizerGun;@RubberBullets;@ToFuAirsoftGuns;@MasssManyItemOverhaul;@CannabisPlus;@MunghardsItempack;@ZeroyFishingZ;@NatureOverhaul;@BuilderItems;@ModularVestSystem;@BaseBuildingPlus;@MortysWeapons;@EarPlugs;@BuildAnywhere_v3;@AirdropUpgraded;@ToxicZone;@TeddysWeaponPack;@Dartguns;@VanillaPlusPlusMap;@IRP-Land-Rover-Defender-110;@Trader; profiles ServerProfile dologs  adminlog  netlog  


------------------------------------
42MA-SERVER, 17.04 2021 03:56:20
NULL pointer to instance
Class:      'WaterBottle'
Entity id:2977194

Function: 'GetFoodStageType'
Stack trace:
scripts/4_World/entities\itembase\edible_base.c:347
MunghardsItems/scripts/4_world/entities\itembase\ballgrill.c:375
MunghardsItems/scripts/4_world/entities\itembase\ballgrill.c:349
MunghardsItems/scripts/4_world/entities\itembase\ballgrill.c:232
scripts/3_Game/tools\component\componentenergymanager.c:1288
scripts/3_Game/tools\component\componentenergymanager.c:1703
scripts/3_Game/tools\tools.c:600
scripts/3_Game/tools\tools.c:289
scripts/3_Game/tools\tools.c:404
scripts/3_Game/dayzgame.c:2390

Runtime mode
CLI params: config serverDZ.cfg port 2302 mod @CF;@CommunityOnlineTools;@DayZEditorLoader;@42MonthsAfter;@CodeLock;@zSpawnSelection;@ZTVendingMachine;@KillFeed;@AirSoftGuns;@TranquilizerGun;@RubberBullets;@ToFuAirsoftGuns;@MasssManyItemOverhaul;@CannabisPlus;@MunghardsItempack;@ZeroyFishingZ;@NatureOverhaul;@BuilderItems;@ModularVestSystem;@BaseBuildingPlus;@MortysWeapons;@EarPlugs;@BuildAnywhere_v3;@AirdropUpgraded;@ToxicZone;@TeddysWeaponPack;@Dartguns;@VanillaPlusPlusMap;@IRP-Land-Rover-Defender-110;@Trader; profiles ServerProfile dologs  adminlog  netlog  


------------------------------------
42MA-SERVER, 17.04 2021 03:56:35
NULL pointer to instance
Class:      'WaterBottle'
Entity id:2977194

Function: 'GetFoodStageType'
Stack trace:
scripts/4_World/entities\itembase\edible_base.c:347
MunghardsItems/scripts/4_world/entities\itembase\ballgrill.c:375
MunghardsItems/scripts/4_world/entities\itembase\ballgrill.c:349
MunghardsItems/scripts/4_world/entities\itembase\ballgrill.c:232
scripts/3_Game/tools\component\componentenergymanager.c:1288
scripts/3_Game/tools\component\componentenergymanager.c:1703
scripts/3_Game/tools\tools.c:600
scripts/3_Game/tools\tools.c:289
scripts/3_Game/tools\tools.c:404
scripts/3_Game/dayzgame.c:2390

Runtime mode
CLI params: config serverDZ.cfg port 2302 mod @CF;@CommunityOnlineTools;@DayZEditorLoader;@42MonthsAfter;@CodeLock;@zSpawnSelection;@ZTVendingMachine;@KillFeed;@AirSoftGuns;@TranquilizerGun;@RubberBullets;@ToFuAirsoftGuns;@MasssManyItemOverhaul;@CannabisPlus;@MunghardsItempack;@ZeroyFishingZ;@NatureOverhaul;@BuilderItems;@ModularVestSystem;@BaseBuildingPlus;@MortysWeapons;@EarPlugs;@BuildAnywhere_v3;@AirdropUpgraded;@ToxicZone;@TeddysWeaponPack;@Dartguns;@VanillaPlusPlusMap;@IRP-Land-Rover-Defender-110;@Trader; profiles ServerProfile dologs  adminlog  netlog  


------------------------------------
42MA-SERVER, 17.04 2021 03:56:50
NULL pointer to instance
Class:      'WaterBottle'
Entity id:2977194

Function: 'GetFoodStageType'
Stack trace:
scripts/4_World/entities\itembase\edible_base.c:347
MunghardsItems/scripts/4_world/entities\itembase\ballgrill.c:375
MunghardsItems/scripts/4_world/entities\itembase\ballgrill.c:349
MunghardsItems/scripts/4_world/entities\itembase\ballgrill.c:232
scripts/3_Game/tools\component\componentenergymanager.c:1288
scripts/3_Game/tools\component\componentenergymanager.c:1703
scripts/3_Game/tools\tools.c:600
scripts/3_Game/tools\tools.c:289
scripts/3_Game/tools\tools.c:404
scripts/3_Game/dayzgame.c:2390

Runtime mode
CLI params: config serverDZ.cfg port 2302 mod @CF;@CommunityOnlineTools;@DayZEditorLoader;@42MonthsAfter;@CodeLock;@zSpawnSelection;@ZTVendingMachine;@KillFeed;@AirSoftGuns;@TranquilizerGun;@RubberBullets;@ToFuAirsoftGuns;@MasssManyItemOverhaul;@CannabisPlus;@MunghardsItempack;@ZeroyFishingZ;@NatureOverhaul;@BuilderItems;@ModularVestSystem;@BaseBuildingPlus;@MortysWeapons;@EarPlugs;@BuildAnywhere_v3;@AirdropUpgraded;@ToxicZone;@TeddysWeaponPack;@Dartguns;@VanillaPlusPlusMap;@IRP-Land-Rover-Defender-110;@Trader; profiles ServerProfile dologs  adminlog  netlog  


------------------------------------
42MA-SERVER, 17.04 2021 03:57:05
NULL pointer to instance
Class:      'WaterBottle'
Entity id:2977194

Function: 'GetFoodStageType'
Stack trace:
scripts/4_World/entities\itembase\edible_base.c:347
MunghardsItems/scripts/4_world/entities\itembase\ballgrill.c:375
MunghardsItems/scripts/4_world/entities\itembase\ballgrill.c:349
MunghardsItems/scripts/4_world/entities\itembase\ballgrill.c:232
scripts/3_Game/tools\component\componentenergymanager.c:1288
scripts/3_Game/tools\component\componentenergymanager.c:1703
scripts/3_Game/tools\tools.c:600
scripts/3_Game/tools\tools.c:289
scripts/3_Game/tools\tools.c:404
scripts/3_Game/dayzgame.c:2390

Runtime mode
CLI params: config serverDZ.cfg port 2302 mod @CF;@CommunityOnlineTools;@DayZEditorLoader;@42MonthsAfter;@CodeLock;@zSpawnSelection;@ZTVendingMachine;@KillFeed;@AirSoftGuns;@TranquilizerGun;@RubberBullets;@ToFuAirsoftGuns;@MasssManyItemOverhaul;@CannabisPlus;@MunghardsItempack;@ZeroyFishingZ;@NatureOverhaul;@BuilderItems;@ModularVestSystem;@BaseBuildingPlus;@MortysWeapons;@EarPlugs;@BuildAnywhere_v3;@AirdropUpgraded;@ToxicZone;@TeddysWeaponPack;@Dartguns;@VanillaPlusPlusMap;@IRP-Land-Rover-Defender-110;@Trader; profiles ServerProfile dologs  adminlog  netlog  


------------------------------------
42MA-SERVER, 17.04 2021 03:57:20
NULL pointer to instance
Class:      'WaterBottle'
Entity id:2977194

Function: 'GetFoodStageType'
Stack trace:
scripts/4_World/entities\itembase\edible_base.c:347
MunghardsItems/scripts/4_world/entities\itembase\ballgrill.c:375
MunghardsItems/scripts/4_world/entities\itembase\ballgrill.c:349
MunghardsItems/scripts/4_world/entities\itembase\ballgrill.c:232
scripts/3_Game/tools\component\componentenergymanager.c:1288
scripts/3_Game/tools\component\componentenergymanager.c:1703
scripts/3_Game/tools\tools.c:600
scripts/3_Game/tools\tools.c:289
scripts/3_Game/tools\tools.c:404
scripts/3_Game/dayzgame.c:2390

Runtime mode
CLI params: config serverDZ.cfg port 2302 mod @CF;@CommunityOnlineTools;@DayZEditorLoader;@42MonthsAfter;@CodeLock;@zSpawnSelection;@ZTVendingMachine;@KillFeed;@AirSoftGuns;@TranquilizerGun;@RubberBullets;@ToFuAirsoftGuns;@MasssManyItemOverhaul;@CannabisPlus;@MunghardsItempack;@ZeroyFishingZ;@NatureOverhaul;@BuilderItems;@ModularVestSystem;@BaseBuildingPlus;@MortysWeapons;@EarPlugs;@BuildAnywhere_v3;@AirdropUpgraded;@ToxicZone;@TeddysWeaponPack;@Dartguns;@VanillaPlusPlusMap;@IRP-Land-Rover-Defender-110;@Trader; profiles ServerProfile dologs  adminlog  netlog  


------------------------------------
42MA-SERVER, 17.04 2021 03:57:35
NULL pointer to instance
Class:      'WaterBottle'
Entity id:2977194

Function: 'GetFoodStageType'
Stack trace:
scripts/4_World/entities\itembase\edible_base.c:347
MunghardsItems/scripts/4_world/entities\itembase\ballgrill.c:375
MunghardsItems/scripts/4_world/entities\itembase\ballgrill.c:349
MunghardsItems/scripts/4_world/entities\itembase\ballgrill.c:232
scripts/3_Game/tools\component\componentenergymanager.c:1288
scripts/3_Game/tools\component\componentenergymanager.c:1703
scripts/3_Game/tools\tools.c:600
scripts/3_Game/tools\tools.c:289
scripts/3_Game/tools\tools.c:404
scripts/3_Game/dayzgame.c:2390

Runtime mode
CLI params: config serverDZ.cfg port 2302 mod @CF;@CommunityOnlineTools;@DayZEditorLoader;@42MonthsAfter;@CodeLock;@zSpawnSelection;@ZTVendingMachine;@KillFeed;@AirSoftGuns;@TranquilizerGun;@RubberBullets;@ToFuAirsoftGuns;@MasssManyItemOverhaul;@CannabisPlus;@MunghardsItempack;@ZeroyFishingZ;@NatureOverhaul;@BuilderItems;@ModularVestSystem;@BaseBuildingPlus;@MortysWeapons;@EarPlugs;@BuildAnywhere_v3;@AirdropUpgraded;@ToxicZone;@TeddysWeaponPack;@Dartguns;@VanillaPlusPlusMap;@IRP-Land-Rover-Defender-110;@Trader; profiles ServerProfile dologs  adminlog  netlog  


------------------------------------
42MA-SERVER, 17.04 2021 03:57:50
NULL pointer to instance
Class:      'WaterBottle'
Entity id:2977194

Function: 'GetFoodStageType'
Stack trace:
scripts/4_World/entities\itembase\edible_base.c:347
MunghardsItems/scripts/4_world/entities\itembase\ballgrill.c:375
MunghardsItems/scripts/4_world/entities\itembase\ballgrill.c:349
MunghardsItems/scripts/4_world/entities\itembase\ballgrill.c:232
scripts/3_Game/tools\component\componentenergymanager.c:1288
scripts/3_Game/tools\component\componentenergymanager.c:1703
scripts/3_Game/tools\tools.c:600
scripts/3_Game/tools\tools.c:289
scripts/3_Game/tools\tools.c:404
scripts/3_Game/dayzgame.c:2390

Runtime mode
CLI params: config serverDZ.cfg port 2302 mod @CF;@CommunityOnlineTools;@DayZEditorLoader;@42MonthsAfter;@CodeLock;@zSpawnSelection;@ZTVendingMachine;@KillFeed;@AirSoftGuns;@TranquilizerGun;@RubberBullets;@ToFuAirsoftGuns;@MasssManyItemOverhaul;@CannabisPlus;@MunghardsItempack;@ZeroyFishingZ;@NatureOverhaul;@BuilderItems;@ModularVestSystem;@BaseBuildingPlus;@MortysWeapons;@EarPlugs;@BuildAnywhere_v3;@AirdropUpgraded;@ToxicZone;@TeddysWeaponPack;@Dartguns;@VanillaPlusPlusMap;@IRP-Land-Rover-Defender-110;@Trader; profiles ServerProfile dologs  adminlog  netlog  


------------------------------------
42MA-SERVER, 17.04 2021 03:58:05
NULL pointer to instance
Class:      'WaterBottle'
Entity id:2977194

Function: 'GetFoodStageType'
Stack trace:
scripts/4_World/entities\itembase\edible_base.c:347
MunghardsItems/scripts/4_world/entities\itembase\ballgrill.c:375
MunghardsItems/scripts/4_world/entities\itembase\ballgrill.c:349
MunghardsItems/scripts/4_world/entities\itembase\ballgrill.c:232
scripts/3_Game/tools\component\componentenergymanager.c:1288
scripts/3_Game/tools\component\componentenergymanager.c:1703
scripts/3_Game/tools\tools.c:600
scripts/3_Game/tools\tools.c:289
scripts/3_Game/tools\tools.c:404
scripts/3_Game/dayzgame.c:2390

Runtime mode
CLI params: config serverDZ.cfg port 2302 mod @CF;@CommunityOnlineTools;@DayZEditorLoader;@42MonthsAfter;@CodeLock;@zSpawnSelection;@ZTVendingMachine;@KillFeed;@AirSoftGuns;@TranquilizerGun;@RubberBullets;@ToFuAirsoftGuns;@MasssManyItemOverhaul;@CannabisPlus;@MunghardsItempack;@ZeroyFishingZ;@NatureOverhaul;@BuilderItems;@ModularVestSystem;@BaseBuildingPlus;@MortysWeapons;@EarPlugs;@BuildAnywhere_v3;@AirdropUpgraded;@ToxicZone;@TeddysWeaponPack;@Dartguns;@VanillaPlusPlusMap;@IRP-Land-Rover-Defender-110;@Trader; profiles ServerProfile dologs  adminlog  netlog  


------------------------------------
42MA-SERVER, 17.04 2021 03:58:20
NULL pointer to instance
Class:      'WaterBottle'
Entity id:2977194

Function: 'GetFoodStageType'
Stack trace:
scripts/4_World/entities\itembase\edible_base.c:347
MunghardsItems/scripts/4_world/entities\itembase\ballgrill.c:375
MunghardsItems/scripts/4_world/entities\itembase\ballgrill.c:349
MunghardsItems/scripts/4_world/entities\itembase\ballgrill.c:232
scripts/3_Game/tools\component\componentenergymanager.c:1288
scripts/3_Game/tools\component\componentenergymanager.c:1703
scripts/3_Game/tools\tools.c:600
scripts/3_Game/tools\tools.c:289
scripts/3_Game/tools\tools.c:404
scripts/3_Game/dayzgame.c:2390

Runtime mode
CLI params: config serverDZ.cfg port 2302 mod @CF;@CommunityOnlineTools;@DayZEditorLoader;@42MonthsAfter;@CodeLock;@zSpawnSelection;@ZTVendingMachine;@KillFeed;@AirSoftGuns;@TranquilizerGun;@RubberBullets;@ToFuAirsoftGuns;@MasssManyItemOverhaul;@CannabisPlus;@MunghardsItempack;@ZeroyFishingZ;@NatureOverhaul;@BuilderItems;@ModularVestSystem;@BaseBuildingPlus;@MortysWeapons;@EarPlugs;@BuildAnywhere_v3;@AirdropUpgraded;@ToxicZone;@TeddysWeaponPack;@Dartguns;@VanillaPlusPlusMap;@IRP-Land-Rover-Defender-110;@Trader; profiles ServerProfile dologs  adminlog  netlog  


------------------------------------
42MA-SERVER, 17.04 2021 03:58:35
NULL pointer to instance
Class:      'WaterBottle'
Entity id:2977194

Function: 'GetFoodStageType'
Stack trace:
scripts/4_World/entities\itembase\edible_base.c:347
MunghardsItems/scripts/4_world/entities\itembase\ballgrill.c:375
MunghardsItems/scripts/4_world/entities\itembase\ballgrill.c:349
MunghardsItems/scripts/4_world/entities\itembase\ballgrill.c:232
scripts/3_Game/tools\component\componentenergymanager.c:1288
scripts/3_Game/tools\component\componentenergymanager.c:1703
scripts/3_Game/tools\tools.c:600
scripts/3_Game/tools\tools.c:289
scripts/3_Game/tools\tools.c:404
scripts/3_Game/dayzgame.c:2390

Runtime mode
CLI params: config serverDZ.cfg port 2302 mod @CF;@CommunityOnlineTools;@DayZEditorLoader;@42MonthsAfter;@CodeLock;@zSpawnSelection;@ZTVendingMachine;@KillFeed;@AirSoftGuns;@TranquilizerGun;@RubberBullets;@ToFuAirsoftGuns;@MasssManyItemOverhaul;@CannabisPlus;@MunghardsItempack;@ZeroyFishingZ;@NatureOverhaul;@BuilderItems;@ModularVestSystem;@BaseBuildingPlus;@MortysWeapons;@EarPlugs;@BuildAnywhere_v3;@AirdropUpgraded;@ToxicZone;@TeddysWeaponPack;@Dartguns;@VanillaPlusPlusMap;@IRP-Land-Rover-Defender-110;@Trader; profiles ServerProfile dologs  adminlog  netlog  


------------------------------------
42MA-SERVER, 17.04 2021 03:58:50
NULL pointer to instance
Class:      'WaterBottle'
Entity id:2977194

Function: 'GetFoodStageType'
Stack trace:
scripts/4_World/entities\itembase\edible_base.c:347
MunghardsItems/scripts/4_world/entities\itembase\ballgrill.c:375
MunghardsItems/scripts/4_world/entities\itembase\ballgrill.c:349
MunghardsItems/scripts/4_world/entities\itembase\ballgrill.c:232
scripts/3_Game/tools\component\componentenergymanager.c:1288
scripts/3_Game/tools\component\componentenergymanager.c:1703
scripts/3_Game/tools\tools.c:600
scripts/3_Game/tools\tools.c:289
scripts/3_Game/tools\tools.c:404
scripts/3_Game/dayzgame.c:2390

Runtime mode
CLI params: config serverDZ.cfg port 2302 mod @CF;@CommunityOnlineTools;@DayZEditorLoader;@42MonthsAfter;@CodeLock;@zSpawnSelection;@ZTVendingMachine;@KillFeed;@AirSoftGuns;@TranquilizerGun;@RubberBullets;@ToFuAirsoftGuns;@MasssManyItemOverhaul;@CannabisPlus;@MunghardsItempack;@ZeroyFishingZ;@NatureOverhaul;@BuilderItems;@ModularVestSystem;@BaseBuildingPlus;@MortysWeapons;@EarPlugs;@BuildAnywhere_v3;@AirdropUpgraded;@ToxicZone;@TeddysWeaponPack;@Dartguns;@VanillaPlusPlusMap;@IRP-Land-Rover-Defender-110;@Trader; profiles ServerProfile dologs  adminlog  netlog  


------------------------------------
42MA-SERVER, 17.04 2021 03:59:05
NULL pointer to instance
Class:      'WaterBottle'
Entity id:2977194

Function: 'GetFoodStageType'
Stack trace:
scripts/4_World/entities\itembase\edible_base.c:347
MunghardsItems/scripts/4_world/entities\itembase\ballgrill.c:375
MunghardsItems/scripts/4_world/entities\itembase\ballgrill.c:349
MunghardsItems/scripts/4_world/entities\itembase\ballgrill.c:232
scripts/3_Game/tools\component\componentenergymanager.c:1288
scripts/3_Game/tools\component\componentenergymanager.c:1703
scripts/3_Game/tools\tools.c:600
scripts/3_Game/tools\tools.c:289
scripts/3_Game/tools\tools.c:404
scripts/3_Game/dayzgame.c:2390

Runtime mode
CLI params: config serverDZ.cfg port 2302 mod @CF;@CommunityOnlineTools;@DayZEditorLoader;@42MonthsAfter;@CodeLock;@zSpawnSelection;@ZTVendingMachine;@KillFeed;@AirSoftGuns;@TranquilizerGun;@RubberBullets;@ToFuAirsoftGuns;@MasssManyItemOverhaul;@CannabisPlus;@MunghardsItempack;@ZeroyFishingZ;@NatureOverhaul;@BuilderItems;@ModularVestSystem;@BaseBuildingPlus;@MortysWeapons;@EarPlugs;@BuildAnywhere_v3;@AirdropUpgraded;@ToxicZone;@TeddysWeaponPack;@Dartguns;@VanillaPlusPlusMap;@IRP-Land-Rover-Defender-110;@Trader; profiles ServerProfile dologs  adminlog  netlog  


------------------------------------
42MA-SERVER, 17.04 2021 03:59:20
NULL pointer to instance
Class:      'WaterBottle'
Entity id:2977194

Function: 'GetFoodStageType'
Stack trace:
scripts/4_World/entities\itembase\edible_base.c:347
MunghardsItems/scripts/4_world/entities\itembase\ballgrill.c:375
MunghardsItems/scripts/4_world/entities\itembase\ballgrill.c:349
MunghardsItems/scripts/4_world/entities\itembase\ballgrill.c:232
scripts/3_Game/tools\component\componentenergymanager.c:1288
scripts/3_Game/tools\component\componentenergymanager.c:1703
scripts/3_Game/tools\tools.c:600
scripts/3_Game/tools\tools.c:289
scripts/3_Game/tools\tools.c:404
scripts/3_Game/dayzgame.c:2390

Runtime mode
CLI params: config serverDZ.cfg port 2302 mod @CF;@CommunityOnlineTools;@DayZEditorLoader;@42MonthsAfter;@CodeLock;@zSpawnSelection;@ZTVendingMachine;@KillFeed;@AirSoftGuns;@TranquilizerGun;@RubberBullets;@ToFuAirsoftGuns;@MasssManyItemOverhaul;@CannabisPlus;@MunghardsItempack;@ZeroyFishingZ;@NatureOverhaul;@BuilderItems;@ModularVestSystem;@BaseBuildingPlus;@MortysWeapons;@EarPlugs;@BuildAnywhere_v3;@AirdropUpgraded;@ToxicZone;@TeddysWeaponPack;@Dartguns;@VanillaPlusPlusMap;@IRP-Land-Rover-Defender-110;@Trader; profiles ServerProfile dologs  adminlog  netlog  


------------------------------------
42MA-SERVER, 17.04 2021 03:59:35
NULL pointer to instance
Class:      'WaterBottle'
Entity id:2977194

Function: 'GetFoodStageType'
Stack trace:
scripts/4_World/entities\itembase\edible_base.c:347
MunghardsItems/scripts/4_world/entities\itembase\ballgrill.c:375
MunghardsItems/scripts/4_world/entities\itembase\ballgrill.c:349
MunghardsItems/scripts/4_world/entities\itembase\ballgrill.c:232
scripts/3_Game/tools\component\componentenergymanager.c:1288
scripts/3_Game/tools\component\componentenergymanager.c:1703
scripts/3_Game/tools\tools.c:600
scripts/3_Game/tools\tools.c:289
scripts/3_Game/tools\tools.c:404
scripts/3_Game/dayzgame.c:2390

Runtime mode
CLI params: config serverDZ.cfg port 2302 mod @CF;@CommunityOnlineTools;@DayZEditorLoader;@42MonthsAfter;@CodeLock;@zSpawnSelection;@ZTVendingMachine;@KillFeed;@AirSoftGuns;@TranquilizerGun;@RubberBullets;@ToFuAirsoftGuns;@MasssManyItemOverhaul;@CannabisPlus;@MunghardsItempack;@ZeroyFishingZ;@NatureOverhaul;@BuilderItems;@ModularVestSystem;@BaseBuildingPlus;@MortysWeapons;@EarPlugs;@BuildAnywhere_v3;@AirdropUpgraded;@ToxicZone;@TeddysWeaponPack;@Dartguns;@VanillaPlusPlusMap;@IRP-Land-Rover-Defender-110;@Trader; profiles ServerProfile dologs  adminlog  netlog  


------------------------------------
42MA-SERVER, 17.04 2021 03:59:50
NULL pointer to instance
Class:      'WaterBottle'
Entity id:2977194

Function: 'GetFoodStageType'
Stack trace:
scripts/4_World/entities\itembase\edible_base.c:347
MunghardsItems/scripts/4_world/entities\itembase\ballgrill.c:375
MunghardsItems/scripts/4_world/entities\itembase\ballgrill.c:349
MunghardsItems/scripts/4_world/entities\itembase\ballgrill.c:232
scripts/3_Game/tools\component\componentenergymanager.c:1288
scripts/3_Game/tools\component\componentenergymanager.c:1703
scripts/3_Game/tools\tools.c:600
scripts/3_Game/tools\tools.c:289
scripts/3_Game/tools\tools.c:404
scripts/3_Game/dayzgame.c:2390

Runtime mode
CLI params: config serverDZ.cfg port 2302 mod @CF;@CommunityOnlineTools;@DayZEditorLoader;@42MonthsAfter;@CodeLock;@zSpawnSelection;@ZTVendingMachine;@KillFeed;@AirSoftGuns;@TranquilizerGun;@RubberBullets;@ToFuAirsoftGuns;@MasssManyItemOverhaul;@CannabisPlus;@MunghardsItempack;@ZeroyFishingZ;@NatureOverhaul;@BuilderItems;@ModularVestSystem;@BaseBuildingPlus;@MortysWeapons;@EarPlugs;@BuildAnywhere_v3;@AirdropUpgraded;@ToxicZone;@TeddysWeaponPack;@Dartguns;@VanillaPlusPlusMap;@IRP-Land-Rover-Defender-110;@Trader; profiles ServerProfile dologs  adminlog  netlog  


------------------------------------
42MA-SERVER, 17.04 2021 04:00:05
NULL pointer to instance
Class:      'WaterBottle'
Entity id:2977194

Function: 'GetFoodStageType'
Stack trace:
scripts/4_World/entities\itembase\edible_base.c:347
MunghardsItems/scripts/4_world/entities\itembase\ballgrill.c:375
MunghardsItems/scripts/4_world/entities\itembase\ballgrill.c:349
MunghardsItems/scripts/4_world/entities\itembase\ballgrill.c:232
scripts/3_Game/tools\component\componentenergymanager.c:1288
scripts/3_Game/tools\component\componentenergymanager.c:1703
scripts/3_Game/tools\tools.c:600
scripts/3_Game/tools\tools.c:289
scripts/3_Game/tools\tools.c:404
scripts/3_Game/dayzgame.c:2390

Runtime mode
CLI params: config serverDZ.cfg port 2302 mod @CF;@CommunityOnlineTools;@DayZEditorLoader;@42MonthsAfter;@CodeLock;@zSpawnSelection;@ZTVendingMachine;@KillFeed;@AirSoftGuns;@TranquilizerGun;@RubberBullets;@ToFuAirsoftGuns;@MasssManyItemOverhaul;@CannabisPlus;@MunghardsItempack;@ZeroyFishingZ;@NatureOverhaul;@BuilderItems;@ModularVestSystem;@BaseBuildingPlus;@MortysWeapons;@EarPlugs;@BuildAnywhere_v3;@AirdropUpgraded;@ToxicZone;@TeddysWeaponPack;@Dartguns;@VanillaPlusPlusMap;@IRP-Land-Rover-Defender-110;@Trader; profiles ServerProfile dologs  adminlog  netlog  


------------------------------------
42MA-SERVER, 17.04 2021 04:00:20
NULL pointer to instance
Class:      'WaterBottle'
Entity id:2977194

Function: 'GetFoodStageType'
Stack trace:
scripts/4_World/entities\itembase\edible_base.c:347
MunghardsItems/scripts/4_world/entities\itembase\ballgrill.c:375
MunghardsItems/scripts/4_world/entities\itembase\ballgrill.c:349
MunghardsItems/scripts/4_world/entities\itembase\ballgrill.c:232
scripts/3_Game/tools\component\componentenergymanager.c:1288
scripts/3_Game/tools\component\componentenergymanager.c:1703
scripts/3_Game/tools\tools.c:600
scripts/3_Game/tools\tools.c:289
scripts/3_Game/tools\tools.c:404
scripts/3_Game/dayzgame.c:2390

Runtime mode
CLI params: config serverDZ.cfg port 2302 mod @CF;@CommunityOnlineTools;@DayZEditorLoader;@42MonthsAfter;@CodeLock;@zSpawnSelection;@ZTVendingMachine;@KillFeed;@AirSoftGuns;@TranquilizerGun;@RubberBullets;@ToFuAirsoftGuns;@MasssManyItemOverhaul;@CannabisPlus;@MunghardsItempack;@ZeroyFishingZ;@NatureOverhaul;@BuilderItems;@ModularVestSystem;@BaseBuildingPlus;@MortysWeapons;@EarPlugs;@BuildAnywhere_v3;@AirdropUpgraded;@ToxicZone;@TeddysWeaponPack;@Dartguns;@VanillaPlusPlusMap;@IRP-Land-Rover-Defender-110;@Trader; profiles ServerProfile dologs  adminlog  netlog  


------------------------------------
42MA-SERVER, 17.04 2021 04:00:35
NULL pointer to instance
Class:      'WaterBottle'
Entity id:2977194

Function: 'GetFoodStageType'
Stack trace:
scripts/4_World/entities\itembase\edible_base.c:347
MunghardsItems/scripts/4_world/entities\itembase\ballgrill.c:375
MunghardsItems/scripts/4_world/entities\itembase\ballgrill.c:349
MunghardsItems/scripts/4_world/entities\itembase\ballgrill.c:232
scripts/3_Game/tools\component\componentenergymanager.c:1288
scripts/3_Game/tools\component\componentenergymanager.c:1703
scripts/3_Game/tools\tools.c:600
scripts/3_Game/tools\tools.c:289
scripts/3_Game/tools\tools.c:404
scripts/3_Game/dayzgame.c:2390

Runtime mode
CLI params: config serverDZ.cfg port 2302 mod @CF;@CommunityOnlineTools;@DayZEditorLoader;@42MonthsAfter;@CodeLock;@zSpawnSelection;@ZTVendingMachine;@KillFeed;@AirSoftGuns;@TranquilizerGun;@RubberBullets;@ToFuAirsoftGuns;@MasssManyItemOverhaul;@CannabisPlus;@MunghardsItempack;@ZeroyFishingZ;@NatureOverhaul;@BuilderItems;@ModularVestSystem;@BaseBuildingPlus;@MortysWeapons;@EarPlugs;@BuildAnywhere_v3;@AirdropUpgraded;@ToxicZone;@TeddysWeaponPack;@Dartguns;@VanillaPlusPlusMap;@IRP-Land-Rover-Defender-110;@Trader; profiles ServerProfile dologs  adminlog  netlog  


------------------------------------
42MA-SERVER, 17.04 2021 04:00:50
NULL pointer to instance
Class:      'WaterBottle'
Entity id:2977194

Function: 'GetFoodStageType'
Stack trace:
scripts/4_World/entities\itembase\edible_base.c:347
MunghardsItems/scripts/4_world/entities\itembase\ballgrill.c:375
MunghardsItems/scripts/4_world/entities\itembase\ballgrill.c:349
MunghardsItems/scripts/4_world/entities\itembase\ballgrill.c:232
scripts/3_Game/tools\component\componentenergymanager.c:1288
scripts/3_Game/tools\component\componentenergymanager.c:1703
scripts/3_Game/tools\tools.c:600
scripts/3_Game/tools\tools.c:289
scripts/3_Game/tools\tools.c:404
scripts/3_Game/dayzgame.c:2390

Runtime mode
CLI params: config serverDZ.cfg port 2302 mod @CF;@CommunityOnlineTools;@DayZEditorLoader;@42MonthsAfter;@CodeLock;@zSpawnSelection;@ZTVendingMachine;@KillFeed;@AirSoftGuns;@TranquilizerGun;@RubberBullets;@ToFuAirsoftGuns;@MasssManyItemOverhaul;@CannabisPlus;@MunghardsItempack;@ZeroyFishingZ;@NatureOverhaul;@BuilderItems;@ModularVestSystem;@BaseBuildingPlus;@MortysWeapons;@EarPlugs;@BuildAnywhere_v3;@AirdropUpgraded;@ToxicZone;@TeddysWeaponPack;@Dartguns;@VanillaPlusPlusMap;@IRP-Land-Rover-Defender-110;@Trader; profiles ServerProfile dologs  adminlog  netlog  


------------------------------------
42MA-SERVER, 17.04 2021 04:01:05
NULL pointer to instance
Class:      'WaterBottle'
Entity id:2977194

Function: 'GetFoodStageType'
Stack trace:
scripts/4_World/entities\itembase\edible_base.c:347
MunghardsItems/scripts/4_world/entities\itembase\ballgrill.c:375
MunghardsItems/scripts/4_world/entities\itembase\ballgrill.c:349
MunghardsItems/scripts/4_world/entities\itembase\ballgrill.c:232
scripts/3_Game/tools\component\componentenergymanager.c:1288
scripts/3_Game/tools\component\componentenergymanager.c:1703
scripts/3_Game/tools\tools.c:600
scripts/3_Game/tools\tools.c:289
scripts/3_Game/tools\tools.c:404
scripts/3_Game/dayzgame.c:2390

Runtime mode
CLI params: config serverDZ.cfg port 2302 mod @CF;@CommunityOnlineTools;@DayZEditorLoader;@42MonthsAfter;@CodeLock;@zSpawnSelection;@ZTVendingMachine;@KillFeed;@AirSoftGuns;@TranquilizerGun;@RubberBullets;@ToFuAirsoftGuns;@MasssManyItemOverhaul;@CannabisPlus;@MunghardsItempack;@ZeroyFishingZ;@NatureOverhaul;@BuilderItems;@ModularVestSystem;@BaseBuildingPlus;@MortysWeapons;@EarPlugs;@BuildAnywhere_v3;@AirdropUpgraded;@ToxicZone;@TeddysWeaponPack;@Dartguns;@VanillaPlusPlusMap;@IRP-Land-Rover-Defender-110;@Trader; profiles ServerProfile dologs  adminlog  netlog  


------------------------------------
42MA-SERVER, 17.04 2021 04:01:20
NULL pointer to instance
Class:      'WaterBottle'
Entity id:2977194

Function: 'GetFoodStageType'
Stack trace:
scripts/4_World/entities\itembase\edible_base.c:347
MunghardsItems/scripts/4_world/entities\itembase\ballgrill.c:375
MunghardsItems/scripts/4_world/entities\itembase\ballgrill.c:349
MunghardsItems/scripts/4_world/entities\itembase\ballgrill.c:232
scripts/3_Game/tools\component\componentenergymanager.c:1288
scripts/3_Game/tools\component\componentenergymanager.c:1703
scripts/3_Game/tools\tools.c:600
scripts/3_Game/tools\tools.c:289
scripts/3_Game/tools\tools.c:404
scripts/3_Game/dayzgame.c:2390

Runtime mode
CLI params: config serverDZ.cfg port 2302 mod @CF;@CommunityOnlineTools;@DayZEditorLoader;@42MonthsAfter;@CodeLock;@zSpawnSelection;@ZTVendingMachine;@KillFeed;@AirSoftGuns;@TranquilizerGun;@RubberBullets;@ToFuAirsoftGuns;@MasssManyItemOverhaul;@CannabisPlus;@MunghardsItempack;@ZeroyFishingZ;@NatureOverhaul;@BuilderItems;@ModularVestSystem;@BaseBuildingPlus;@MortysWeapons;@EarPlugs;@BuildAnywhere_v3;@AirdropUpgraded;@ToxicZone;@TeddysWeaponPack;@Dartguns;@VanillaPlusPlusMap;@IRP-Land-Rover-Defender-110;@Trader; profiles ServerProfile dologs  adminlog  netlog  


------------------------------------
42MA-SERVER, 17.04 2021 04:01:35
NULL pointer to instance
Class:      'WaterBottle'
Entity id:2977194

Function: 'GetFoodStageType'
Stack trace:
scripts/4_World/entities\itembase\edible_base.c:347
MunghardsItems/scripts/4_world/entities\itembase\ballgrill.c:375
MunghardsItems/scripts/4_world/entities\itembase\ballgrill.c:349
MunghardsItems/scripts/4_world/entities\itembase\ballgrill.c:232
scripts/3_Game/tools\component\componentenergymanager.c:1288
scripts/3_Game/tools\component\componentenergymanager.c:1703
scripts/3_Game/tools\tools.c:600
scripts/3_Game/tools\tools.c:289
scripts/3_Game/tools\tools.c:404
scripts/3_Game/dayzgame.c:2390

Runtime mode
CLI params: config serverDZ.cfg port 2302 mod @CF;@CommunityOnlineTools;@DayZEditorLoader;@42MonthsAfter;@CodeLock;@zSpawnSelection;@ZTVendingMachine;@KillFeed;@AirSoftGuns;@TranquilizerGun;@RubberBullets;@ToFuAirsoftGuns;@MasssManyItemOverhaul;@CannabisPlus;@MunghardsItempack;@ZeroyFishingZ;@NatureOverhaul;@BuilderItems;@ModularVestSystem;@BaseBuildingPlus;@MortysWeapons;@EarPlugs;@BuildAnywhere_v3;@AirdropUpgraded;@ToxicZone;@TeddysWeaponPack;@Dartguns;@VanillaPlusPlusMap;@IRP-Land-Rover-Defender-110;@Trader; profiles ServerProfile dologs  adminlog  netlog  


------------------------------------
42MA-SERVER, 17.04 2021 04:01:50
NULL pointer to instance
Class:      'WaterBottle'
Entity id:2977194

Function: 'GetFoodStageType'
Stack trace:
scripts/4_World/entities\itembase\edible_base.c:347
MunghardsItems/scripts/4_world/entities\itembase\ballgrill.c:375
MunghardsItems/scripts/4_world/entities\itembase\ballgrill.c:349
MunghardsItems/scripts/4_world/entities\itembase\ballgrill.c:232
scripts/3_Game/tools\component\componentenergymanager.c:1288
scripts/3_Game/tools\component\componentenergymanager.c:1703
scripts/3_Game/tools\tools.c:600
scripts/3_Game/tools\tools.c:289
scripts/3_Game/tools\tools.c:404
scripts/3_Game/dayzgame.c:2390

Runtime mode
CLI params: config serverDZ.cfg port 2302 mod @CF;@CommunityOnlineTools;@DayZEditorLoader;@42MonthsAfter;@CodeLock;@zSpawnSelection;@ZTVendingMachine;@KillFeed;@AirSoftGuns;@TranquilizerGun;@RubberBullets;@ToFuAirsoftGuns;@MasssManyItemOverhaul;@CannabisPlus;@MunghardsItempack;@ZeroyFishingZ;@NatureOverhaul;@BuilderItems;@ModularVestSystem;@BaseBuildingPlus;@MortysWeapons;@EarPlugs;@BuildAnywhere_v3;@AirdropUpgraded;@ToxicZone;@TeddysWeaponPack;@Dartguns;@VanillaPlusPlusMap;@IRP-Land-Rover-Defender-110;@Trader; profiles ServerProfile dologs  adminlog  netlog  


------------------------------------
42MA-SERVER, 17.04 2021 04:02:05
NULL pointer to instance
Class:      'WaterBottle'
Entity id:2977194

Function: 'GetFoodStageType'
Stack trace:
scripts/4_World/entities\itembase\edible_base.c:347
MunghardsItems/scripts/4_world/entities\itembase\ballgrill.c:375
MunghardsItems/scripts/4_world/entities\itembase\ballgrill.c:349
MunghardsItems/scripts/4_world/entities\itembase\ballgrill.c:232
scripts/3_Game/tools\component\componentenergymanager.c:1288
scripts/3_Game/tools\component\componentenergymanager.c:1703
scripts/3_Game/tools\tools.c:600
scripts/3_Game/tools\tools.c:289
scripts/3_Game/tools\tools.c:404
scripts/3_Game/dayzgame.c:2390

Runtime mode
CLI params: config serverDZ.cfg port 2302 mod @CF;@CommunityOnlineTools;@DayZEditorLoader;@42MonthsAfter;@CodeLock;@zSpawnSelection;@ZTVendingMachine;@KillFeed;@AirSoftGuns;@TranquilizerGun;@RubberBullets;@ToFuAirsoftGuns;@MasssManyItemOverhaul;@CannabisPlus;@MunghardsItempack;@ZeroyFishingZ;@NatureOverhaul;@BuilderItems;@ModularVestSystem;@BaseBuildingPlus;@MortysWeapons;@EarPlugs;@BuildAnywhere_v3;@AirdropUpgraded;@ToxicZone;@TeddysWeaponPack;@Dartguns;@VanillaPlusPlusMap;@IRP-Land-Rover-Defender-110;@Trader; profiles ServerProfile dologs  adminlog  netlog  


------------------------------------
42MA-SERVER, 17.04 2021 04:02:20
NULL pointer to instance
Class:      'WaterBottle'
Entity id:2977194

Function: 'GetFoodStageType'
Stack trace:
scripts/4_World/entities\itembase\edible_base.c:347
MunghardsItems/scripts/4_world/entities\itembase\ballgrill.c:375
MunghardsItems/scripts/4_world/entities\itembase\ballgrill.c:349
MunghardsItems/scripts/4_world/entities\itembase\ballgrill.c:232
scripts/3_Game/tools\component\componentenergymanager.c:1288
scripts/3_Game/tools\component\componentenergymanager.c:1703
scripts/3_Game/tools\tools.c:600
scripts/3_Game/tools\tools.c:289
scripts/3_Game/tools\tools.c:404
scripts/3_Game/dayzgame.c:2390

Runtime mode
CLI params: config serverDZ.cfg port 2302 mod @CF;@CommunityOnlineTools;@DayZEditorLoader;@42MonthsAfter;@CodeLock;@zSpawnSelection;@ZTVendingMachine;@KillFeed;@AirSoftGuns;@TranquilizerGun;@RubberBullets;@ToFuAirsoftGuns;@MasssManyItemOverhaul;@CannabisPlus;@MunghardsItempack;@ZeroyFishingZ;@NatureOverhaul;@BuilderItems;@ModularVestSystem;@BaseBuildingPlus;@MortysWeapons;@EarPlugs;@BuildAnywhere_v3;@AirdropUpgraded;@ToxicZone;@TeddysWeaponPack;@Dartguns;@VanillaPlusPlusMap;@IRP-Land-Rover-Defender-110;@Trader; profiles ServerProfile dologs  adminlog  netlog  


------------------------------------
42MA-SERVER, 17.04 2021 04:02:35
NULL pointer to instance
Class:      'WaterBottle'
Entity id:2977194

Function: 'GetFoodStageType'
Stack trace:
scripts/4_World/entities\itembase\edible_base.c:347
MunghardsItems/scripts/4_world/entities\itembase\ballgrill.c:375
MunghardsItems/scripts/4_world/entities\itembase\ballgrill.c:349
MunghardsItems/scripts/4_world/entities\itembase\ballgrill.c:232
scripts/3_Game/tools\component\componentenergymanager.c:1288
scripts/3_Game/tools\component\componentenergymanager.c:1703
scripts/3_Game/tools\tools.c:600
scripts/3_Game/tools\tools.c:289
scripts/3_Game/tools\tools.c:404
scripts/3_Game/dayzgame.c:2390

Runtime mode
CLI params: config serverDZ.cfg port 2302 mod @CF;@CommunityOnlineTools;@DayZEditorLoader;@42MonthsAfter;@CodeLock;@zSpawnSelection;@ZTVendingMachine;@KillFeed;@AirSoftGuns;@TranquilizerGun;@RubberBullets;@ToFuAirsoftGuns;@MasssManyItemOverhaul;@CannabisPlus;@MunghardsItempack;@ZeroyFishingZ;@NatureOverhaul;@BuilderItems;@ModularVestSystem;@BaseBuildingPlus;@MortysWeapons;@EarPlugs;@BuildAnywhere_v3;@AirdropUpgraded;@ToxicZone;@TeddysWeaponPack;@Dartguns;@VanillaPlusPlusMap;@IRP-Land-Rover-Defender-110;@Trader; profiles ServerProfile dologs  adminlog  netlog  


------------------------------------
42MA-SERVER, 17.04 2021 04:02:50
NULL pointer to instance
Class:      'WaterBottle'
Entity id:2977194

Function: 'GetFoodStageType'
Stack trace:
scripts/4_World/entities\itembase\edible_base.c:347
MunghardsItems/scripts/4_world/entities\itembase\ballgrill.c:375
MunghardsItems/scripts/4_world/entities\itembase\ballgrill.c:349
MunghardsItems/scripts/4_world/entities\itembase\ballgrill.c:232
scripts/3_Game/tools\component\componentenergymanager.c:1288
scripts/3_Game/tools\component\componentenergymanager.c:1703
scripts/3_Game/tools\tools.c:600
scripts/3_Game/tools\tools.c:289
scripts/3_Game/tools\tools.c:404
scripts/3_Game/dayzgame.c:2390

Runtime mode
CLI params: config serverDZ.cfg port 2302 mod @CF;@CommunityOnlineTools;@DayZEditorLoader;@42MonthsAfter;@CodeLock;@zSpawnSelection;@ZTVendingMachine;@KillFeed;@AirSoftGuns;@TranquilizerGun;@RubberBullets;@ToFuAirsoftGuns;@MasssManyItemOverhaul;@CannabisPlus;@MunghardsItempack;@ZeroyFishingZ;@NatureOverhaul;@BuilderItems;@ModularVestSystem;@BaseBuildingPlus;@MortysWeapons;@EarPlugs;@BuildAnywhere_v3;@AirdropUpgraded;@ToxicZone;@TeddysWeaponPack;@Dartguns;@VanillaPlusPlusMap;@IRP-Land-Rover-Defender-110;@Trader; profiles ServerProfile dologs  adminlog  netlog  


------------------------------------
42MA-SERVER, 17.04 2021 04:03:05
NULL pointer to instance
Class:      'WaterBottle'
Entity id:2977194

Function: 'GetFoodStageType'
Stack trace:
scripts/4_World/entities\itembase\edible_base.c:347
MunghardsItems/scripts/4_world/entities\itembase\ballgrill.c:375
MunghardsItems/scripts/4_world/entities\itembase\ballgrill.c:349
MunghardsItems/scripts/4_world/entities\itembase\ballgrill.c:232
scripts/3_Game/tools\component\componentenergymanager.c:1288
scripts/3_Game/tools\component\componentenergymanager.c:1703
scripts/3_Game/tools\tools.c:600
scripts/3_Game/tools\tools.c:289
scripts/3_Game/tools\tools.c:404
scripts/3_Game/dayzgame.c:2390

Runtime mode
CLI params: config serverDZ.cfg port 2302 mod @CF;@CommunityOnlineTools;@DayZEditorLoader;@42MonthsAfter;@CodeLock;@zSpawnSelection;@ZTVendingMachine;@KillFeed;@AirSoftGuns;@TranquilizerGun;@RubberBullets;@ToFuAirsoftGuns;@MasssManyItemOverhaul;@CannabisPlus;@MunghardsItempack;@ZeroyFishingZ;@NatureOverhaul;@BuilderItems;@ModularVestSystem;@BaseBuildingPlus;@MortysWeapons;@EarPlugs;@BuildAnywhere_v3;@AirdropUpgraded;@ToxicZone;@TeddysWeaponPack;@Dartguns;@VanillaPlusPlusMap;@IRP-Land-Rover-Defender-110;@Trader; profiles ServerProfile dologs  adminlog  netlog  


------------------------------------
42MA-SERVER, 17.04 2021 04:03:20
NULL pointer to instance
Class:      'WaterBottle'
Entity id:2977194

Function: 'GetFoodStageType'
Stack trace:
scripts/4_World/entities\itembase\edible_base.c:347
MunghardsItems/scripts/4_world/entities\itembase\ballgrill.c:375
MunghardsItems/scripts/4_world/entities\itembase\ballgrill.c:349
MunghardsItems/scripts/4_world/entities\itembase\ballgrill.c:232
scripts/3_Game/tools\component\componentenergymanager.c:1288
scripts/3_Game/tools\component\componentenergymanager.c:1703
scripts/3_Game/tools\tools.c:600
scripts/3_Game/tools\tools.c:289
scripts/3_Game/tools\tools.c:404
scripts/3_Game/dayzgame.c:2390

Runtime mode
CLI params: config serverDZ.cfg port 2302 mod @CF;@CommunityOnlineTools;@DayZEditorLoader;@42MonthsAfter;@CodeLock;@zSpawnSelection;@ZTVendingMachine;@KillFeed;@AirSoftGuns;@TranquilizerGun;@RubberBullets;@ToFuAirsoftGuns;@MasssManyItemOverhaul;@CannabisPlus;@MunghardsItempack;@ZeroyFishingZ;@NatureOverhaul;@BuilderItems;@ModularVestSystem;@BaseBuildingPlus;@MortysWeapons;@EarPlugs;@BuildAnywhere_v3;@AirdropUpgraded;@ToxicZone;@TeddysWeaponPack;@Dartguns;@VanillaPlusPlusMap;@IRP-Land-Rover-Defender-110;@Trader; profiles ServerProfile dologs  adminlog  netlog  


------------------------------------
42MA-SERVER, 17.04 2021 04:03:35
NULL pointer to instance
Class:      'WaterBottle'
Entity id:2977194

Function: 'GetFoodStageType'
Stack trace:
scripts/4_World/entities\itembase\edible_base.c:347
MunghardsItems/scripts/4_world/entities\itembase\ballgrill.c:375
MunghardsItems/scripts/4_world/entities\itembase\ballgrill.c:349
MunghardsItems/scripts/4_world/entities\itembase\ballgrill.c:232
scripts/3_Game/tools\component\componentenergymanager.c:1288
scripts/3_Game/tools\component\componentenergymanager.c:1703
scripts/3_Game/tools\tools.c:600
scripts/3_Game/tools\tools.c:289
scripts/3_Game/tools\tools.c:404
scripts/3_Game/dayzgame.c:2390

Runtime mode
CLI params: config serverDZ.cfg port 2302 mod @CF;@CommunityOnlineTools;@DayZEditorLoader;@42MonthsAfter;@CodeLock;@zSpawnSelection;@ZTVendingMachine;@KillFeed;@AirSoftGuns;@TranquilizerGun;@RubberBullets;@ToFuAirsoftGuns;@MasssManyItemOverhaul;@CannabisPlus;@MunghardsItempack;@ZeroyFishingZ;@NatureOverhaul;@BuilderItems;@ModularVestSystem;@BaseBuildingPlus;@MortysWeapons;@EarPlugs;@BuildAnywhere_v3;@AirdropUpgraded;@ToxicZone;@TeddysWeaponPack;@Dartguns;@VanillaPlusPlusMap;@IRP-Land-Rover-Defender-110;@Trader; profiles ServerProfile dologs  adminlog  netlog  


------------------------------------
42MA-SERVER, 17.04 2021 04:03:50
NULL pointer to instance
Class:      'WaterBottle'
Entity id:2977194

Function: 'GetFoodStageType'
Stack trace:
scripts/4_World/entities\itembase\edible_base.c:347
MunghardsItems/scripts/4_world/entities\itembase\ballgrill.c:375
MunghardsItems/scripts/4_world/entities\itembase\ballgrill.c:349
MunghardsItems/scripts/4_world/entities\itembase\ballgrill.c:232
scripts/3_Game/tools\component\componentenergymanager.c:1288
scripts/3_Game/tools\component\componentenergymanager.c:1703
scripts/3_Game/tools\tools.c:600
scripts/3_Game/tools\tools.c:289
scripts/3_Game/tools\tools.c:404
scripts/3_Game/dayzgame.c:2390

Runtime mode
CLI params: config serverDZ.cfg port 2302 mod @CF;@CommunityOnlineTools;@DayZEditorLoader;@42MonthsAfter;@CodeLock;@zSpawnSelection;@ZTVendingMachine;@KillFeed;@AirSoftGuns;@TranquilizerGun;@RubberBullets;@ToFuAirsoftGuns;@MasssManyItemOverhaul;@CannabisPlus;@MunghardsItempack;@ZeroyFishingZ;@NatureOverhaul;@BuilderItems;@ModularVestSystem;@BaseBuildingPlus;@MortysWeapons;@EarPlugs;@BuildAnywhere_v3;@AirdropUpgraded;@ToxicZone;@TeddysWeaponPack;@Dartguns;@VanillaPlusPlusMap;@IRP-Land-Rover-Defender-110;@Trader; profiles ServerProfile dologs  adminlog  netlog  


------------------------------------
42MA-SERVER, 17.04 2021 04:04:05
NULL pointer to instance
Class:      'WaterBottle'
Entity id:2977194

Function: 'GetFoodStageType'
Stack trace:
scripts/4_World/entities\itembase\edible_base.c:347
MunghardsItems/scripts/4_world/entities\itembase\ballgrill.c:375
MunghardsItems/scripts/4_world/entities\itembase\ballgrill.c:349
MunghardsItems/scripts/4_world/entities\itembase\ballgrill.c:232
scripts/3_Game/tools\component\componentenergymanager.c:1288
scripts/3_Game/tools\component\componentenergymanager.c:1703
scripts/3_Game/tools\tools.c:600
scripts/3_Game/tools\tools.c:289
scripts/3_Game/tools\tools.c:404
scripts/3_Game/dayzgame.c:2390

Runtime mode
CLI params: config serverDZ.cfg port 2302 mod @CF;@CommunityOnlineTools;@DayZEditorLoader;@42MonthsAfter;@CodeLock;@zSpawnSelection;@ZTVendingMachine;@KillFeed;@AirSoftGuns;@TranquilizerGun;@RubberBullets;@ToFuAirsoftGuns;@MasssManyItemOverhaul;@CannabisPlus;@MunghardsItempack;@ZeroyFishingZ;@NatureOverhaul;@BuilderItems;@ModularVestSystem;@BaseBuildingPlus;@MortysWeapons;@EarPlugs;@BuildAnywhere_v3;@AirdropUpgraded;@ToxicZone;@TeddysWeaponPack;@Dartguns;@VanillaPlusPlusMap;@IRP-Land-Rover-Defender-110;@Trader; profiles ServerProfile dologs  adminlog  netlog  


------------------------------------
42MA-SERVER, 17.04 2021 04:04:20
NULL pointer to instance
Class:      'WaterBottle'
Entity id:2977194

Function: 'GetFoodStageType'
Stack trace:
scripts/4_World/entities\itembase\edible_base.c:347
MunghardsItems/scripts/4_world/entities\itembase\ballgrill.c:375
MunghardsItems/scripts/4_world/entities\itembase\ballgrill.c:349
MunghardsItems/scripts/4_world/entities\itembase\ballgrill.c:232
scripts/3_Game/tools\component\componentenergymanager.c:1288
scripts/3_Game/tools\component\componentenergymanager.c:1703
scripts/3_Game/tools\tools.c:600
scripts/3_Game/tools\tools.c:289
scripts/3_Game/tools\tools.c:404
scripts/3_Game/dayzgame.c:2390

Runtime mode
CLI params: config serverDZ.cfg port 2302 mod @CF;@CommunityOnlineTools;@DayZEditorLoader;@42MonthsAfter;@CodeLock;@zSpawnSelection;@ZTVendingMachine;@KillFeed;@AirSoftGuns;@TranquilizerGun;@RubberBullets;@ToFuAirsoftGuns;@MasssManyItemOverhaul;@CannabisPlus;@MunghardsItempack;@ZeroyFishingZ;@NatureOverhaul;@BuilderItems;@ModularVestSystem;@BaseBuildingPlus;@MortysWeapons;@EarPlugs;@BuildAnywhere_v3;@AirdropUpgraded;@ToxicZone;@TeddysWeaponPack;@Dartguns;@VanillaPlusPlusMap;@IRP-Land-Rover-Defender-110;@Trader; profiles ServerProfile dologs  adminlog  netlog  


------------------------------------
42MA-SERVER, 17.04 2021 04:04:23

[wpnfsm] TWP_KacPDW:046476 chamberFromAttachedMagazine, error - cannot take cartridge from magazine
Function: 'Error'
Stack trace:
scripts/1_Core/proto\endebug.c:44
scripts/4_World/entities\firearms\fsm\weapon_utils.c:15
scripts/4_World/entities\firearms\fsm\states\weaponchamberfromattmag.c:14
scripts/3_Game/systems\hfsmbase.c:484
scripts/4_World/entities\firearms\weaponfsm.c:35
scripts/3_Game/systems\hfsmbase.c:512
scripts/3_Game/systems\hfsmbase.c:364
scripts/4_World/entities\firearms\fsm\states\weaponstatebase.c:83
scripts/3_Game/systems\hfsmbase.c:330
scripts/4_World/entities\firearms\weapon_base.c:157
scripts/4_World/systems\inventory\dayzplayerinventory.c:267
scripts/4_World/entities\dayzplayerimplement.c:656
scripts/4_World/entities\dayzplayerimplement.c:1708
scripts/4_World/entities\manbase\playerbase.c:2331

Runtime mode
CLI params: config serverDZ.cfg port 2302 mod @CF;@CommunityOnlineTools;@DayZEditorLoader;@42MonthsAfter;@CodeLock;@zSpawnSelection;@ZTVendingMachine;@KillFeed;@AirSoftGuns;@TranquilizerGun;@RubberBullets;@ToFuAirsoftGuns;@MasssManyItemOverhaul;@CannabisPlus;@MunghardsItempack;@ZeroyFishingZ;@NatureOverhaul;@BuilderItems;@ModularVestSystem;@BaseBuildingPlus;@MortysWeapons;@EarPlugs;@BuildAnywhere_v3;@AirdropUpgraded;@ToxicZone;@TeddysWeaponPack;@Dartguns;@VanillaPlusPlusMap;@IRP-Land-Rover-Defender-110;@Trader; profiles ServerProfile dologs  adminlog  netlog  


------------------------------------
42MA-SERVER, 17.04 2021 04:04:35
NULL pointer to instance
Class:      'WaterBottle'
Entity id:2977194

Function: 'GetFoodStageType'
Stack trace:
scripts/4_World/entities\itembase\edible_base.c:347
MunghardsItems/scripts/4_world/entities\itembase\ballgrill.c:375
MunghardsItems/scripts/4_world/entities\itembase\ballgrill.c:349
MunghardsItems/scripts/4_world/entities\itembase\ballgrill.c:232
scripts/3_Game/tools\component\componentenergymanager.c:1288
scripts/3_Game/tools\component\componentenergymanager.c:1703
scripts/3_Game/tools\tools.c:600
scripts/3_Game/tools\tools.c:289
scripts/3_Game/tools\tools.c:404
scripts/3_Game/dayzgame.c:2390

Runtime mode
CLI params: config serverDZ.cfg port 2302 mod @CF;@CommunityOnlineTools;@DayZEditorLoader;@42MonthsAfter;@CodeLock;@zSpawnSelection;@ZTVendingMachine;@KillFeed;@AirSoftGuns;@TranquilizerGun;@RubberBullets;@ToFuAirsoftGuns;@MasssManyItemOverhaul;@CannabisPlus;@MunghardsItempack;@ZeroyFishingZ;@NatureOverhaul;@BuilderItems;@ModularVestSystem;@BaseBuildingPlus;@MortysWeapons;@EarPlugs;@BuildAnywhere_v3;@AirdropUpgraded;@ToxicZone;@TeddysWeaponPack;@Dartguns;@VanillaPlusPlusMap;@IRP-Land-Rover-Defender-110;@Trader; profiles ServerProfile dologs  adminlog  netlog  
