---------------------------------------------
Log C:\Program Files (x86)\Steam\steamapps\common\DayZServer\ServerProfile\crash_2021-03-12_18-52-39.log started at 12.03. 22:31:13



------------------------------------
42MA-SERVER, 12.03 2021 22:31:13
NULL pointer to instance
Class:      'DayZPlayerInventory'
Function: 'ProccessInputData'
Stack trace:
scripts/4_World/systems\inventory\dayzplayerinventory.c:506
scripts/4_World/systems\inventory\dayzplayerinventory.c:870
scripts/4_World/systems\inventory\dayzplayerinventory.c:421

Runtime mode
CLI params: config serverDZ.cfg port 2302 mod @CF;@CommunityOnlineTools;@DayZEditorLoader;@42MonthsAfter;@CodeLock;@zSpawnSelection;@ZTVendingMachine;@KillFeed;@MasssManyItemOverhaul;@SpecialistWeaponPack;@CannabisPlus;@MunghardsItempack;@ZeroyFishingZ;@NatureOverhaul;@BuilderItems;@ModularVestSystem;@CamoTents;@BaseBuildingPlus;@MortysWeapons;@EarPlugs;@BuildAnywhere_v3;@AirdropUpgraded;@ToxicZone;@TeddysWeaponPack;@survivorsrpfoods;@VanillaPlusPlusMap;@TrolleyKart;@IRP-Land-Rover-Defender-110;@Trader; profiles ServerProfile dologs  adminlog  netlog  


------------------------------------
42MA-SERVER, 12.03 2021 22:31:14
NULL pointer to instance
Class:      'ActionDeployObject'
Function: 'OnEndServer'
Stack trace:
ModularVestSystem/scripts/4_World/armorrack_actiondeployobject.c:5
BaseBuildingPlus/scripts/4_World/actions\vanilla\actiondeployobject.c:200
scripts/4_World/classes\useractionscomponent\animatedactionbase.c:461
scripts/4_World/classes\useractionscomponent\animatedactionbase.c:42

Runtime mode
CLI params: config serverDZ.cfg port 2302 mod @CF;@CommunityOnlineTools;@DayZEditorLoader;@42MonthsAfter;@CodeLock;@zSpawnSelection;@ZTVendingMachine;@KillFeed;@MasssManyItemOverhaul;@SpecialistWeaponPack;@CannabisPlus;@MunghardsItempack;@ZeroyFishingZ;@NatureOverhaul;@BuilderItems;@ModularVestSystem;@CamoTents;@BaseBuildingPlus;@MortysWeapons;@EarPlugs;@BuildAnywhere_v3;@AirdropUpgraded;@ToxicZone;@TeddysWeaponPack;@survivorsrpfoods;@VanillaPlusPlusMap;@TrolleyKart;@IRP-Land-Rover-Defender-110;@Trader; profiles ServerProfile dologs  adminlog  netlog  
