---------------------------------------------
Log C:\Program Files (x86)\Steam\steamapps\common\DayZServer\ServerProfile\crash_2021-03-25_18-01-43.log started at 25.03. 21:20:21



------------------------------------
42MA-SERVER, 25.03 2021 21:20:21
NULL pointer to instance
Class:      'DayZPlayerInventory'
Function: 'ProccessInputData'
Stack trace:
scripts/4_World/systems\inventory\dayzplayerinventory.c:506
scripts/4_World/systems\inventory\dayzplayerinventory.c:870
scripts/4_World/systems\inventory\dayzplayerinventory.c:421

Runtime mode
CLI params: config serverDZ.cfg port 2302 mod @CF;@CommunityOnlineTools;@DayZEditorLoader;@42MonthsAfter;@InvisibleClothingMod;@CodeLock;@zSpawnSelection;@ZTVendingMachine;@KillFeed;@MasssManyItemOverhaul;@CannabisPlus;@MunghardsItempack;@ZeroyFishingZ;@Nehr_Pickup_Lada;@NatureOverhaul;@BuilderItems;@ModularVestSystem;@BaseBuildingPlus;@MortysWeapons;@EarPlugs;@BuildAnywhere_v3;@AirdropUpgraded;@ToxicZone;@TeddysWeaponPack;@VanillaPlusPlusMap;@NehrPickupLada;@IRP-Land-Rover-Defender-110;@Trader; profiles ServerProfile dologs  adminlog  netlog  


------------------------------------
42MA-SERVER, 25.03 2021 21:20:22
NULL pointer to instance
Class:      'ActionDeployObject'
Function: 'OnEndServer'
Stack trace:
ModularVestSystem/scripts/4_World/armorrack_actiondeployobject.c:5
BaseBuildingPlus/scripts/4_World/actions\vanilla\actiondeployobject.c:200
scripts/4_World/classes\useractionscomponent\animatedactionbase.c:461
scripts/4_World/classes\useractionscomponent\animatedactionbase.c:42

Runtime mode
CLI params: config serverDZ.cfg port 2302 mod @CF;@CommunityOnlineTools;@DayZEditorLoader;@42MonthsAfter;@InvisibleClothingMod;@CodeLock;@zSpawnSelection;@ZTVendingMachine;@KillFeed;@MasssManyItemOverhaul;@CannabisPlus;@MunghardsItempack;@ZeroyFishingZ;@Nehr_Pickup_Lada;@NatureOverhaul;@BuilderItems;@ModularVestSystem;@BaseBuildingPlus;@MortysWeapons;@EarPlugs;@BuildAnywhere_v3;@AirdropUpgraded;@ToxicZone;@TeddysWeaponPack;@VanillaPlusPlusMap;@NehrPickupLada;@IRP-Land-Rover-Defender-110;@Trader; profiles ServerProfile dologs  adminlog  netlog  
