---------------------------------------------
Log C:\Program Files (x86)\Steam\steamapps\common\DayZServer\ServerProfile\crash_2021-03-28_12-07-59.log started at 28.03. 13:57:43



------------------------------------
42MA-SERVER, 28.03 2021 13:57:43

[desync] HandleInputData man=SurvivorM_Mirek:05 CANNOT move cmd=SYNC_MOVE src={ type=CARGO item=shawl_black_mung:023421 parent=hardigg2_Mung_snow:046814 idx=0 row=17 col=1 f=false } dst={ type=CARGO item=shawl_black_mung:023421 parent=CrSk_Land_Rover_Defender_110:046806 idx=0 row=0 col=0 f=false }
Class:      'DayZPlayerInventory'
Function: 'Error'
Stack trace:
scripts/1_Core/proto\endebug.c:44
scripts/4_World/systems\inventory\dayzplayerinventory.c:553
scripts/4_World/systems\inventory\dayzplayerinventory.c:870
scripts/4_World/systems\inventory\dayzplayerinventory.c:455

Runtime mode
CLI params: config serverDZ.cfg port 2302 mod @CF;@CommunityOnlineTools;@DayZEditorLoader;@42MonthsAfter;@CodeLock;@zSpawnSelection;@ZTVendingMachine;@KillFeed;@MasssManyItemOverhaul;@CannabisPlus;@MunghardsItempack;@ZeroyFishingZ;@NatureOverhaul;@BuilderItems;@ModularVestSystem;@BaseBuildingPlus;@MortysWeapons;@EarPlugs;@BuildAnywhere_v3;@AirdropUpgraded;@ToxicZone;@TeddysWeaponPack;@VanillaPlusPlusMap;@IRP-Land-Rover-Defender-110;@Trader; profiles ServerProfile dologs  adminlog  netlog  


------------------------------------
42MA-SERVER, 28.03 2021 13:57:50

[desync] HandleInputData man=SurvivorM_Mirek:05 CANNOT move cmd=SYNC_MOVE src={ type=CARGO item=JungleBoots_Beige:044176 parent=hardigg2_Mung_snow:046814 idx=0 row=17 col=4 f=false } dst={ type=CARGO item=JungleBoots_Beige:044176 parent=CrSk_Land_Rover_Defender_110:046806 idx=0 row=0 col=0 f=false }
Class:      'DayZPlayerInventory'
Function: 'Error'
Stack trace:
scripts/1_Core/proto\endebug.c:44
scripts/4_World/systems\inventory\dayzplayerinventory.c:553
scripts/4_World/systems\inventory\dayzplayerinventory.c:870
scripts/4_World/systems\inventory\dayzplayerinventory.c:455

Runtime mode
CLI params: config serverDZ.cfg port 2302 mod @CF;@CommunityOnlineTools;@DayZEditorLoader;@42MonthsAfter;@CodeLock;@zSpawnSelection;@ZTVendingMachine;@KillFeed;@MasssManyItemOverhaul;@CannabisPlus;@MunghardsItempack;@ZeroyFishingZ;@NatureOverhaul;@BuilderItems;@ModularVestSystem;@BaseBuildingPlus;@MortysWeapons;@EarPlugs;@BuildAnywhere_v3;@AirdropUpgraded;@ToxicZone;@TeddysWeaponPack;@VanillaPlusPlusMap;@IRP-Land-Rover-Defender-110;@Trader; profiles ServerProfile dologs  adminlog  netlog  


------------------------------------
42MA-SERVER, 28.03 2021 13:57:57

[desync] HandleInputData man=SurvivorM_Mirek:05 CANNOT move cmd=SYNC_MOVE src={ type=CARGO item=JungleBoots_Beige:044176 parent=hardigg2_Mung_snow:046814 idx=0 row=17 col=4 f=false } dst={ type=CARGO item=JungleBoots_Beige:044176 parent=CrSk_Land_Rover_Defender_110:046806 idx=0 row=0 col=0 f=false }
Class:      'DayZPlayerInventory'
Function: 'Error'
Stack trace:
scripts/1_Core/proto\endebug.c:44
scripts/4_World/systems\inventory\dayzplayerinventory.c:553
scripts/4_World/systems\inventory\dayzplayerinventory.c:870
scripts/4_World/systems\inventory\dayzplayerinventory.c:455

Runtime mode
CLI params: config serverDZ.cfg port 2302 mod @CF;@CommunityOnlineTools;@DayZEditorLoader;@42MonthsAfter;@CodeLock;@zSpawnSelection;@ZTVendingMachine;@KillFeed;@MasssManyItemOverhaul;@CannabisPlus;@MunghardsItempack;@ZeroyFishingZ;@NatureOverhaul;@BuilderItems;@ModularVestSystem;@BaseBuildingPlus;@MortysWeapons;@EarPlugs;@BuildAnywhere_v3;@AirdropUpgraded;@ToxicZone;@TeddysWeaponPack;@VanillaPlusPlusMap;@IRP-Land-Rover-Defender-110;@Trader; profiles ServerProfile dologs  adminlog  netlog  


------------------------------------
42MA-SERVER, 28.03 2021 13:58:04

[desync] HandleInputData man=SurvivorM_Mirek:05 CANNOT move cmd=SYNC_MOVE src={ type=CARGO item=JungleBoots_Beige:044176 parent=hardigg2_Mung_snow:046814 idx=0 row=17 col=4 f=false } dst={ type=CARGO item=JungleBoots_Beige:044176 parent=CrSk_Land_Rover_Defender_110:046806 idx=0 row=0 col=1 f=false }
Class:      'DayZPlayerInventory'
Function: 'Error'
Stack trace:
scripts/1_Core/proto\endebug.c:44
scripts/4_World/systems\inventory\dayzplayerinventory.c:553
scripts/4_World/systems\inventory\dayzplayerinventory.c:870
scripts/4_World/systems\inventory\dayzplayerinventory.c:455

Runtime mode
CLI params: config serverDZ.cfg port 2302 mod @CF;@CommunityOnlineTools;@DayZEditorLoader;@42MonthsAfter;@CodeLock;@zSpawnSelection;@ZTVendingMachine;@KillFeed;@MasssManyItemOverhaul;@CannabisPlus;@MunghardsItempack;@ZeroyFishingZ;@NatureOverhaul;@BuilderItems;@ModularVestSystem;@BaseBuildingPlus;@MortysWeapons;@EarPlugs;@BuildAnywhere_v3;@AirdropUpgraded;@ToxicZone;@TeddysWeaponPack;@VanillaPlusPlusMap;@IRP-Land-Rover-Defender-110;@Trader; profiles ServerProfile dologs  adminlog  netlog  


------------------------------------
42MA-SERVER, 28.03 2021 13:58:35

[desync] HandleInputData man=SurvivorM_Mirek:05 CANNOT move cmd=SYNC_MOVE src={ type=CARGO item=JungleBoots_Beige:044176 parent=hardigg2_Mung_snow:046814 idx=0 row=20 col=4 f=false } dst={ type=CARGO item=JungleBoots_Beige:044176 parent=CrSk_Land_Rover_Defender_110:046806 idx=0 row=1 col=1 f=false }
Class:      'DayZPlayerInventory'
Function: 'Error'
Stack trace:
scripts/1_Core/proto\endebug.c:44
scripts/4_World/systems\inventory\dayzplayerinventory.c:553
scripts/4_World/systems\inventory\dayzplayerinventory.c:870
scripts/4_World/systems\inventory\dayzplayerinventory.c:455

Runtime mode
CLI params: config serverDZ.cfg port 2302 mod @CF;@CommunityOnlineTools;@DayZEditorLoader;@42MonthsAfter;@CodeLock;@zSpawnSelection;@ZTVendingMachine;@KillFeed;@MasssManyItemOverhaul;@CannabisPlus;@MunghardsItempack;@ZeroyFishingZ;@NatureOverhaul;@BuilderItems;@ModularVestSystem;@BaseBuildingPlus;@MortysWeapons;@EarPlugs;@BuildAnywhere_v3;@AirdropUpgraded;@ToxicZone;@TeddysWeaponPack;@VanillaPlusPlusMap;@IRP-Land-Rover-Defender-110;@Trader; profiles ServerProfile dologs  adminlog  netlog  


------------------------------------
42MA-SERVER, 28.03 2021 14:00:13

[desync] HandleInputData man=SurvivorM_Mirek:05 CANNOT move cmd=SYNC_MOVE src={ type=ATTACHMENT item=CombatBoots_Beige:047845 parent=SurvivorM_Mirek:05 slot=5308728 } dst={ type=CARGO item=CombatBoots_Beige:047845 parent=CrSk_Land_Rover_Defender_110:046806 idx=0 row=0 col=0 f=false }
Class:      'DayZPlayerInventory'
Function: 'Error'
Stack trace:
scripts/1_Core/proto\endebug.c:44
scripts/4_World/systems\inventory\dayzplayerinventory.c:553
scripts/4_World/systems\inventory\dayzplayerinventory.c:870
scripts/4_World/systems\inventory\dayzplayerinventory.c:455

Runtime mode
CLI params: config serverDZ.cfg port 2302 mod @CF;@CommunityOnlineTools;@DayZEditorLoader;@42MonthsAfter;@CodeLock;@zSpawnSelection;@ZTVendingMachine;@KillFeed;@MasssManyItemOverhaul;@CannabisPlus;@MunghardsItempack;@ZeroyFishingZ;@NatureOverhaul;@BuilderItems;@ModularVestSystem;@BaseBuildingPlus;@MortysWeapons;@EarPlugs;@BuildAnywhere_v3;@AirdropUpgraded;@ToxicZone;@TeddysWeaponPack;@VanillaPlusPlusMap;@IRP-Land-Rover-Defender-110;@Trader; profiles ServerProfile dologs  adminlog  netlog  


------------------------------------
42MA-SERVER, 28.03 2021 14:00:20

[desync] HandleInputData man=SurvivorM_Mirek:05 CANNOT move cmd=SYNC_MOVE src={ type=ATTACHMENT item=CombatBoots_Beige:047845 parent=SurvivorM_Mirek:05 slot=5308728 } dst={ type=CARGO item=CombatBoots_Beige:047845 parent=CrSk_Land_Rover_Defender_110:046806 idx=0 row=0 col=0 f=false }
Class:      'DayZPlayerInventory'
Function: 'Error'
Stack trace:
scripts/1_Core/proto\endebug.c:44
scripts/4_World/systems\inventory\dayzplayerinventory.c:553
scripts/4_World/systems\inventory\dayzplayerinventory.c:870
scripts/4_World/systems\inventory\dayzplayerinventory.c:455

Runtime mode
CLI params: config serverDZ.cfg port 2302 mod @CF;@CommunityOnlineTools;@DayZEditorLoader;@42MonthsAfter;@CodeLock;@zSpawnSelection;@ZTVendingMachine;@KillFeed;@MasssManyItemOverhaul;@CannabisPlus;@MunghardsItempack;@ZeroyFishingZ;@NatureOverhaul;@BuilderItems;@ModularVestSystem;@BaseBuildingPlus;@MortysWeapons;@EarPlugs;@BuildAnywhere_v3;@AirdropUpgraded;@ToxicZone;@TeddysWeaponPack;@VanillaPlusPlusMap;@IRP-Land-Rover-Defender-110;@Trader; profiles ServerProfile dologs  adminlog  netlog  


------------------------------------
42MA-SERVER, 28.03 2021 14:27:34

[wpnfsm] ValidateAndRepair Attempting to repair: TWP_Mossberg500:014109 - ChamberRepair - PumpShotgunLoaded<c216fdb0> - state: true != weapon: false
Class:      'WeaponFSM'
Function: 'Error'
Stack trace:
scripts/1_Core/proto\endebug.c:44
scripts/4_World/entities\firearms\weaponfsm.c:257
scripts/4_World/entities\firearms\weaponfsm.c:243
scripts/4_World/entities\firearms\weaponfsm.c:203
scripts/4_World/entities\firearms\weaponfsm.c:50
scripts/3_Game/systems\hfsmbase.c:280
scripts/4_World/entities\firearms\weaponfsm.c:42
scripts/4_World/entities\firearms\weapon_base.c:171
scripts/4_World/systems\inventory\dayzplayerinventory.c:281
scripts/4_World/entities\dayzplayerimplement.c:656
scripts/4_World/entities\dayzplayerimplement.c:1708
scripts/4_World/entities\manbase\playerbase.c:2331

Runtime mode
CLI params: config serverDZ.cfg port 2302 mod @CF;@CommunityOnlineTools;@DayZEditorLoader;@42MonthsAfter;@CodeLock;@zSpawnSelection;@ZTVendingMachine;@KillFeed;@MasssManyItemOverhaul;@CannabisPlus;@MunghardsItempack;@ZeroyFishingZ;@NatureOverhaul;@BuilderItems;@ModularVestSystem;@BaseBuildingPlus;@MortysWeapons;@EarPlugs;@BuildAnywhere_v3;@AirdropUpgraded;@ToxicZone;@TeddysWeaponPack;@VanillaPlusPlusMap;@IRP-Land-Rover-Defender-110;@Trader; profiles ServerProfile dologs  adminlog  netlog  


------------------------------------
42MA-SERVER, 28.03 2021 14:58:21
NULL pointer to instance. Variable 'm_MurderWeapon'
Class:      'PluginKillFeed'
Function: 'BleedingOut'
Stack trace:
KillFeed/scripts/4_World/plugins\pluginbase\pluginkillfeed.c:1132
KillFeed/scripts/4_World/classes\playermodifiers\modifiers\conditions\moddedbleeding.c:24
scripts/4_World/classes\playermodifiers\modifierbase.c:196
scripts/4_World/classes\playermodifiers\modifierbase.c:76
scripts/4_World/classes\playermodifiers\modifiersmanager.c:161
scripts/4_World/entities\manbase\playerbase.c:2220
scripts/4_World/entities\manbase\playerbase.c:2296
scripts/5_Mission/mission\missionserver.c:504
scripts/5_Mission/mission\missionserver.c:45
TM/Trader/scripts/5_Mission/mission\missionserver.c:80
JM/CF/Scripts/5_Mission/communityframework\mission\missionserver.c:66
JM/COT/Scripts/5_Mission/communityonlinetools\missionserver.c:39
scripts/3_Game/dayzgame.c:2384

Runtime mode
CLI params: config serverDZ.cfg port 2302 mod @CF;@CommunityOnlineTools;@DayZEditorLoader;@42MonthsAfter;@CodeLock;@zSpawnSelection;@ZTVendingMachine;@KillFeed;@MasssManyItemOverhaul;@CannabisPlus;@MunghardsItempack;@ZeroyFishingZ;@NatureOverhaul;@BuilderItems;@ModularVestSystem;@BaseBuildingPlus;@MortysWeapons;@EarPlugs;@BuildAnywhere_v3;@AirdropUpgraded;@ToxicZone;@TeddysWeaponPack;@VanillaPlusPlusMap;@IRP-Land-Rover-Defender-110;@Trader; profiles ServerProfile dologs  adminlog  netlog  


------------------------------------
42MA-SERVER, 28.03 2021 15:14:17

[wpnfsm] ValidateAndRepair Attempting to repair: TWP_Mossberg590a1:015561 - ChamberRepair - PumpShotgunLoaded<b107c8b0> - state: true != weapon: false
Class:      'WeaponFSM'
Function: 'Error'
Stack trace:
scripts/1_Core/proto\endebug.c:44
scripts/4_World/entities\firearms\weaponfsm.c:257
scripts/4_World/entities\firearms\weaponfsm.c:243
scripts/4_World/entities\firearms\weaponfsm.c:203
scripts/4_World/entities\firearms\weaponfsm.c:50
scripts/3_Game/systems\hfsmbase.c:280
scripts/4_World/entities\firearms\weaponfsm.c:42
scripts/4_World/entities\firearms\weapon_base.c:171
scripts/4_World/systems\inventory\dayzplayerinventory.c:191
scripts/4_World/entities\dayzplayerimplement.c:1291
scripts/4_World/entities\manbase\playerbase.c:3225
scripts/4_World/entities\dayzplayerimplementjumpclimb.c:71
scripts/4_World/entities\dayzplayerimplementjumpclimb.c:41
scripts/4_World/entities\dayzplayerimplement.c:1961
scripts/4_World/entities\manbase\playerbase.c:2331

Runtime mode
CLI params: config serverDZ.cfg port 2302 mod @CF;@CommunityOnlineTools;@DayZEditorLoader;@42MonthsAfter;@CodeLock;@zSpawnSelection;@ZTVendingMachine;@KillFeed;@MasssManyItemOverhaul;@CannabisPlus;@MunghardsItempack;@ZeroyFishingZ;@NatureOverhaul;@BuilderItems;@ModularVestSystem;@BaseBuildingPlus;@MortysWeapons;@EarPlugs;@BuildAnywhere_v3;@AirdropUpgraded;@ToxicZone;@TeddysWeaponPack;@VanillaPlusPlusMap;@IRP-Land-Rover-Defender-110;@Trader; profiles ServerProfile dologs  adminlog  netlog  


------------------------------------
42MA-SERVER, 28.03 2021 17:22:20
NULL pointer to instance
Class:      'DayZPlayerInventory'
Function: 'ProccessInputData'
Stack trace:
scripts/4_World/systems\inventory\dayzplayerinventory.c:506
scripts/4_World/systems\inventory\dayzplayerinventory.c:870
scripts/4_World/systems\inventory\dayzplayerinventory.c:421

Runtime mode
CLI params: config serverDZ.cfg port 2302 mod @CF;@CommunityOnlineTools;@DayZEditorLoader;@42MonthsAfter;@CodeLock;@zSpawnSelection;@ZTVendingMachine;@KillFeed;@MasssManyItemOverhaul;@CannabisPlus;@MunghardsItempack;@ZeroyFishingZ;@NatureOverhaul;@BuilderItems;@ModularVestSystem;@BaseBuildingPlus;@MortysWeapons;@EarPlugs;@BuildAnywhere_v3;@AirdropUpgraded;@ToxicZone;@TeddysWeaponPack;@VanillaPlusPlusMap;@IRP-Land-Rover-Defender-110;@Trader; profiles ServerProfile dologs  adminlog  netlog  


------------------------------------
42MA-SERVER, 28.03 2021 17:22:21
NULL pointer to instance
Class:      'ActionDeployObject'
Function: 'OnEndServer'
Stack trace:
ModularVestSystem/scripts/4_World/armorrack_actiondeployobject.c:5
BaseBuildingPlus/scripts/4_World/actions\vanilla\actiondeployobject.c:200
scripts/4_World/classes\useractionscomponent\animatedactionbase.c:461
scripts/4_World/classes\useractionscomponent\animatedactionbase.c:42

Runtime mode
CLI params: config serverDZ.cfg port 2302 mod @CF;@CommunityOnlineTools;@DayZEditorLoader;@42MonthsAfter;@CodeLock;@zSpawnSelection;@ZTVendingMachine;@KillFeed;@MasssManyItemOverhaul;@CannabisPlus;@MunghardsItempack;@ZeroyFishingZ;@NatureOverhaul;@BuilderItems;@ModularVestSystem;@BaseBuildingPlus;@MortysWeapons;@EarPlugs;@BuildAnywhere_v3;@AirdropUpgraded;@ToxicZone;@TeddysWeaponPack;@VanillaPlusPlusMap;@IRP-Land-Rover-Defender-110;@Trader; profiles ServerProfile dologs  adminlog  netlog  


------------------------------------
42MA-SERVER, 28.03 2021 17:23:33
NULL pointer to instance
Class:      'DayZPlayerInventory'
Function: 'ProccessInputData'
Stack trace:
scripts/4_World/systems\inventory\dayzplayerinventory.c:506
scripts/4_World/systems\inventory\dayzplayerinventory.c:870
scripts/4_World/systems\inventory\dayzplayerinventory.c:421

Runtime mode
CLI params: config serverDZ.cfg port 2302 mod @CF;@CommunityOnlineTools;@DayZEditorLoader;@42MonthsAfter;@CodeLock;@zSpawnSelection;@ZTVendingMachine;@KillFeed;@MasssManyItemOverhaul;@CannabisPlus;@MunghardsItempack;@ZeroyFishingZ;@NatureOverhaul;@BuilderItems;@ModularVestSystem;@BaseBuildingPlus;@MortysWeapons;@EarPlugs;@BuildAnywhere_v3;@AirdropUpgraded;@ToxicZone;@TeddysWeaponPack;@VanillaPlusPlusMap;@IRP-Land-Rover-Defender-110;@Trader; profiles ServerProfile dologs  adminlog  netlog  


------------------------------------
42MA-SERVER, 28.03 2021 17:23:34
NULL pointer to instance
Class:      'ActionDeployObject'
Function: 'OnEndServer'
Stack trace:
ModularVestSystem/scripts/4_World/armorrack_actiondeployobject.c:5
BaseBuildingPlus/scripts/4_World/actions\vanilla\actiondeployobject.c:200
scripts/4_World/classes\useractionscomponent\animatedactionbase.c:461
scripts/4_World/classes\useractionscomponent\animatedactionbase.c:42

Runtime mode
CLI params: config serverDZ.cfg port 2302 mod @CF;@CommunityOnlineTools;@DayZEditorLoader;@42MonthsAfter;@CodeLock;@zSpawnSelection;@ZTVendingMachine;@KillFeed;@MasssManyItemOverhaul;@CannabisPlus;@MunghardsItempack;@ZeroyFishingZ;@NatureOverhaul;@BuilderItems;@ModularVestSystem;@BaseBuildingPlus;@MortysWeapons;@EarPlugs;@BuildAnywhere_v3;@AirdropUpgraded;@ToxicZone;@TeddysWeaponPack;@VanillaPlusPlusMap;@IRP-Land-Rover-Defender-110;@Trader; profiles ServerProfile dologs  adminlog  netlog  


------------------------------------
42MA-SERVER, 28.03 2021 17:26:19
NULL pointer to instance
Class:      'DayZPlayerInventory'
Function: 'ProccessInputData'
Stack trace:
scripts/4_World/systems\inventory\dayzplayerinventory.c:506
scripts/4_World/systems\inventory\dayzplayerinventory.c:870
scripts/4_World/systems\inventory\dayzplayerinventory.c:421

Runtime mode
CLI params: config serverDZ.cfg port 2302 mod @CF;@CommunityOnlineTools;@DayZEditorLoader;@42MonthsAfter;@CodeLock;@zSpawnSelection;@ZTVendingMachine;@KillFeed;@MasssManyItemOverhaul;@CannabisPlus;@MunghardsItempack;@ZeroyFishingZ;@NatureOverhaul;@BuilderItems;@ModularVestSystem;@BaseBuildingPlus;@MortysWeapons;@EarPlugs;@BuildAnywhere_v3;@AirdropUpgraded;@ToxicZone;@TeddysWeaponPack;@VanillaPlusPlusMap;@IRP-Land-Rover-Defender-110;@Trader; profiles ServerProfile dologs  adminlog  netlog  


------------------------------------
42MA-SERVER, 28.03 2021 17:26:20
NULL pointer to instance
Class:      'ActionDeployObject'
Function: 'OnEndServer'
Stack trace:
ModularVestSystem/scripts/4_World/armorrack_actiondeployobject.c:5
BaseBuildingPlus/scripts/4_World/actions\vanilla\actiondeployobject.c:200
scripts/4_World/classes\useractionscomponent\animatedactionbase.c:461
scripts/4_World/classes\useractionscomponent\animatedactionbase.c:42

Runtime mode
CLI params: config serverDZ.cfg port 2302 mod @CF;@CommunityOnlineTools;@DayZEditorLoader;@42MonthsAfter;@CodeLock;@zSpawnSelection;@ZTVendingMachine;@KillFeed;@MasssManyItemOverhaul;@CannabisPlus;@MunghardsItempack;@ZeroyFishingZ;@NatureOverhaul;@BuilderItems;@ModularVestSystem;@BaseBuildingPlus;@MortysWeapons;@EarPlugs;@BuildAnywhere_v3;@AirdropUpgraded;@ToxicZone;@TeddysWeaponPack;@VanillaPlusPlusMap;@IRP-Land-Rover-Defender-110;@Trader; profiles ServerProfile dologs  adminlog  netlog  


------------------------------------
42MA-SERVER, 28.03 2021 17:27:21
NULL pointer to instance
Class:      'DayZPlayerInventory'
Function: 'ProccessInputData'
Stack trace:
scripts/4_World/systems\inventory\dayzplayerinventory.c:506
scripts/4_World/systems\inventory\dayzplayerinventory.c:870
scripts/4_World/systems\inventory\dayzplayerinventory.c:421

Runtime mode
CLI params: config serverDZ.cfg port 2302 mod @CF;@CommunityOnlineTools;@DayZEditorLoader;@42MonthsAfter;@CodeLock;@zSpawnSelection;@ZTVendingMachine;@KillFeed;@MasssManyItemOverhaul;@CannabisPlus;@MunghardsItempack;@ZeroyFishingZ;@NatureOverhaul;@BuilderItems;@ModularVestSystem;@BaseBuildingPlus;@MortysWeapons;@EarPlugs;@BuildAnywhere_v3;@AirdropUpgraded;@ToxicZone;@TeddysWeaponPack;@VanillaPlusPlusMap;@IRP-Land-Rover-Defender-110;@Trader; profiles ServerProfile dologs  adminlog  netlog  


------------------------------------
42MA-SERVER, 28.03 2021 17:27:22
NULL pointer to instance
Class:      'ActionDeployObject'
Function: 'OnEndServer'
Stack trace:
ModularVestSystem/scripts/4_World/armorrack_actiondeployobject.c:5
BaseBuildingPlus/scripts/4_World/actions\vanilla\actiondeployobject.c:200
scripts/4_World/classes\useractionscomponent\animatedactionbase.c:461
scripts/4_World/classes\useractionscomponent\animatedactionbase.c:42

Runtime mode
CLI params: config serverDZ.cfg port 2302 mod @CF;@CommunityOnlineTools;@DayZEditorLoader;@42MonthsAfter;@CodeLock;@zSpawnSelection;@ZTVendingMachine;@KillFeed;@MasssManyItemOverhaul;@CannabisPlus;@MunghardsItempack;@ZeroyFishingZ;@NatureOverhaul;@BuilderItems;@ModularVestSystem;@BaseBuildingPlus;@MortysWeapons;@EarPlugs;@BuildAnywhere_v3;@AirdropUpgraded;@ToxicZone;@TeddysWeaponPack;@VanillaPlusPlusMap;@IRP-Land-Rover-Defender-110;@Trader; profiles ServerProfile dologs  adminlog  netlog  


------------------------------------
42MA-SERVER, 28.03 2021 17:28:19
NULL pointer to instance
Class:      'DayZPlayerInventory'
Function: 'ProccessInputData'
Stack trace:
scripts/4_World/systems\inventory\dayzplayerinventory.c:506
scripts/4_World/systems\inventory\dayzplayerinventory.c:870
scripts/4_World/systems\inventory\dayzplayerinventory.c:421

Runtime mode
CLI params: config serverDZ.cfg port 2302 mod @CF;@CommunityOnlineTools;@DayZEditorLoader;@42MonthsAfter;@CodeLock;@zSpawnSelection;@ZTVendingMachine;@KillFeed;@MasssManyItemOverhaul;@CannabisPlus;@MunghardsItempack;@ZeroyFishingZ;@NatureOverhaul;@BuilderItems;@ModularVestSystem;@BaseBuildingPlus;@MortysWeapons;@EarPlugs;@BuildAnywhere_v3;@AirdropUpgraded;@ToxicZone;@TeddysWeaponPack;@VanillaPlusPlusMap;@IRP-Land-Rover-Defender-110;@Trader; profiles ServerProfile dologs  adminlog  netlog  


------------------------------------
42MA-SERVER, 28.03 2021 17:28:20
NULL pointer to instance
Class:      'ActionDeployObject'
Function: 'OnEndServer'
Stack trace:
ModularVestSystem/scripts/4_World/armorrack_actiondeployobject.c:5
BaseBuildingPlus/scripts/4_World/actions\vanilla\actiondeployobject.c:200
scripts/4_World/classes\useractionscomponent\animatedactionbase.c:461
scripts/4_World/classes\useractionscomponent\animatedactionbase.c:42

Runtime mode
CLI params: config serverDZ.cfg port 2302 mod @CF;@CommunityOnlineTools;@DayZEditorLoader;@42MonthsAfter;@CodeLock;@zSpawnSelection;@ZTVendingMachine;@KillFeed;@MasssManyItemOverhaul;@CannabisPlus;@MunghardsItempack;@ZeroyFishingZ;@NatureOverhaul;@BuilderItems;@ModularVestSystem;@BaseBuildingPlus;@MortysWeapons;@EarPlugs;@BuildAnywhere_v3;@AirdropUpgraded;@ToxicZone;@TeddysWeaponPack;@VanillaPlusPlusMap;@IRP-Land-Rover-Defender-110;@Trader; profiles ServerProfile dologs  adminlog  netlog  


------------------------------------
42MA-SERVER, 28.03 2021 17:31:05
NULL pointer to instance
Class:      'DayZPlayerInventory'
Function: 'ProccessInputData'
Stack trace:
scripts/4_World/systems\inventory\dayzplayerinventory.c:506
scripts/4_World/systems\inventory\dayzplayerinventory.c:870
scripts/4_World/systems\inventory\dayzplayerinventory.c:421

Runtime mode
CLI params: config serverDZ.cfg port 2302 mod @CF;@CommunityOnlineTools;@DayZEditorLoader;@42MonthsAfter;@CodeLock;@zSpawnSelection;@ZTVendingMachine;@KillFeed;@MasssManyItemOverhaul;@CannabisPlus;@MunghardsItempack;@ZeroyFishingZ;@NatureOverhaul;@BuilderItems;@ModularVestSystem;@BaseBuildingPlus;@MortysWeapons;@EarPlugs;@BuildAnywhere_v3;@AirdropUpgraded;@ToxicZone;@TeddysWeaponPack;@VanillaPlusPlusMap;@IRP-Land-Rover-Defender-110;@Trader; profiles ServerProfile dologs  adminlog  netlog  


------------------------------------
42MA-SERVER, 28.03 2021 17:31:06
NULL pointer to instance
Class:      'ActionDeployObject'
Function: 'OnEndServer'
Stack trace:
ModularVestSystem/scripts/4_World/armorrack_actiondeployobject.c:5
BaseBuildingPlus/scripts/4_World/actions\vanilla\actiondeployobject.c:200
scripts/4_World/classes\useractionscomponent\animatedactionbase.c:461
scripts/4_World/classes\useractionscomponent\animatedactionbase.c:42

Runtime mode
CLI params: config serverDZ.cfg port 2302 mod @CF;@CommunityOnlineTools;@DayZEditorLoader;@42MonthsAfter;@CodeLock;@zSpawnSelection;@ZTVendingMachine;@KillFeed;@MasssManyItemOverhaul;@CannabisPlus;@MunghardsItempack;@ZeroyFishingZ;@NatureOverhaul;@BuilderItems;@ModularVestSystem;@BaseBuildingPlus;@MortysWeapons;@EarPlugs;@BuildAnywhere_v3;@AirdropUpgraded;@ToxicZone;@TeddysWeaponPack;@VanillaPlusPlusMap;@IRP-Land-Rover-Defender-110;@Trader; profiles ServerProfile dologs  adminlog  netlog  
