---------------------------------------------
Log C:\Program Files (x86)\Steam\steamapps\common\DayZServer\ServerProfile\crash_2021-04-07_06-05-43.log started at 07.04. 06:05:54



------------------------------------
42MA-SERVER, 07.04 2021 06:05:54

JSON ERROR:
Invalid value.
Function: 'Error'
Stack trace:
scripts/1_Core/proto\endebug.c:44
scripts/3_Game/tools\jsonfileloader.c:29
ToxicZone/scripts/3_Game/toxicconfig\config\loot\cratesystemconfig.c:129
ToxicZone/scripts/4_World/classes\systemtzhandler\core\tztoxiczonecore.c:39
ToxicZone/scripts/4_World/classes\systemtzhandler\helpers\toxiczonehelpers.c:12
ToxicZone/scripts/5_Mission/missionserver.c:6
$CurrentDir:mpmissions\dayzOffline.chernarusplus\init.c:118

Runtime mode
CLI params: config serverDZ.cfg port 2302 mod @CF;@CommunityOnlineTools;@DayZEditorLoader;@42MonthsAfter;@CodeLock;@zSpawnSelection;@ZTVendingMachine;@KillFeed;@MasssManyItemOverhaul;@CannabisPlus;@MunghardsItempack;@ZeroyFishingZ;@NatureOverhaul;@BuilderItems;@ModularVestSystem;@BaseBuildingPlus;@MortysWeapons;@EarPlugs;@BuildAnywhere_v3;@AirdropUpgraded;@ToxicZone;@TeddysWeaponPack;@VanillaPlusPlusMap;@IRP-Land-Rover-Defender-110;@Trader; profiles ServerProfile dologs  adminlog  netlog  


------------------------------------
42MA-SERVER, 07.04 2021 07:17:48

[wpnfsm] ValidateAndRepair Attempting to repair: UMP45:017185 - MagazineRepair - RBL_CLO_BU0_MA0<cbea1fb0> - state: false != weapon: true
Class:      'WeaponFSM'
Function: 'Error'
Stack trace:
scripts/1_Core/proto\endebug.c:44
scripts/4_World/entities\firearms\weaponfsm.c:257
scripts/4_World/entities\firearms\weaponfsm.c:225
scripts/4_World/entities\firearms\weaponfsm.c:203
scripts/4_World/entities\firearms\weapon_base.c:495
scripts/4_World/entities\firearms\weapon_base.c:502
scripts/4_World/entities\itembase.c:1074
scripts/4_World/entities\firearms\weapon_base.c:571
scripts/3_Game/entities\entityai.c:535
scripts/4_World/entities\itembase.c:848
scripts/4_World/entities\firearms\weapon_base.c:553

Runtime mode
CLI params: config serverDZ.cfg port 2302 mod @CF;@CommunityOnlineTools;@DayZEditorLoader;@42MonthsAfter;@CodeLock;@zSpawnSelection;@ZTVendingMachine;@KillFeed;@MasssManyItemOverhaul;@CannabisPlus;@MunghardsItempack;@ZeroyFishingZ;@NatureOverhaul;@BuilderItems;@ModularVestSystem;@BaseBuildingPlus;@MortysWeapons;@EarPlugs;@BuildAnywhere_v3;@AirdropUpgraded;@ToxicZone;@TeddysWeaponPack;@VanillaPlusPlusMap;@IRP-Land-Rover-Defender-110;@Trader; profiles ServerProfile dologs  adminlog  netlog  
