---------------------------------------------
Log C:\Program Files (x86)\Steam\steamapps\common\DayZServer\ServerProfile\crash_2021-03-21_18-02-54.log started at 21.03. 19:00:50



------------------------------------
42MA-SERVER, 21.03 2021 19:00:50
NULL pointer to instance. Variable 'm_MurderWeapon'
Class:      'PluginKillFeed'
Function: 'BleedingOut'
Stack trace:
KillFeed/scripts/4_World/plugins\pluginbase\pluginkillfeed.c:1132
KillFeed/scripts/4_World/classes\playermodifiers\modifiers\conditions\moddedbleeding.c:24
scripts/4_World/classes\playermodifiers\modifierbase.c:196
scripts/4_World/classes\playermodifiers\modifierbase.c:76
scripts/4_World/classes\playermodifiers\modifiersmanager.c:161
scripts/4_World/entities\manbase\playerbase.c:2220
scripts/4_World/entities\manbase\playerbase.c:2296
scripts/5_Mission/mission\missionserver.c:504
scripts/5_Mission/mission\missionserver.c:45
TM/Trader/scripts/5_Mission/mission\missionserver.c:80
JM/CF/Scripts/5_Mission/communityframework\mission\missionserver.c:66
JM/COT/Scripts/5_Mission/communityonlinetools\missionserver.c:39
scripts/3_Game/dayzgame.c:2384

Runtime mode
CLI params: config serverDZ.cfg port 2302 mod @CF;@CommunityOnlineTools;@DayZEditorLoader;@42MonthsAfter;@InvisibleClothingMod;@CodeLock;@zSpawnSelection;@ZTVendingMachine;@KillFeed;@MasssManyItemOverhaul;@CannabisPlus;@MunghardsItempack;@ZeroyFishingZ;@Nehr_Pickup_Lada;@NatureOverhaul;@BuilderItems;@ModularVestSystem;@BaseBuildingPlus;@MortysWeapons;@EarPlugs;@BuildAnywhere_v3;@AirdropUpgraded;@ToxicZone;@TeddysWeaponPack;@VanillaPlusPlusMap;@NehrPickupLada;@IRP-Land-Rover-Defender-110;@Trader; profiles ServerProfile dologs  adminlog  netlog  


------------------------------------
42MA-SERVER, 21.03 2021 19:03:33
NULL pointer to instance. Variable 'm_MurderWeapon'
Class:      'PluginKillFeed'
Function: 'BleedingOut'
Stack trace:
KillFeed/scripts/4_World/plugins\pluginbase\pluginkillfeed.c:1132
KillFeed/scripts/4_World/classes\playermodifiers\modifiers\conditions\moddedbleeding.c:24
scripts/4_World/classes\playermodifiers\modifierbase.c:196
scripts/4_World/classes\playermodifiers\modifierbase.c:76
scripts/4_World/classes\playermodifiers\modifiersmanager.c:161
scripts/4_World/entities\manbase\playerbase.c:2220
scripts/4_World/entities\manbase\playerbase.c:2296
scripts/5_Mission/mission\missionserver.c:504
scripts/5_Mission/mission\missionserver.c:45
TM/Trader/scripts/5_Mission/mission\missionserver.c:80
JM/CF/Scripts/5_Mission/communityframework\mission\missionserver.c:66
JM/COT/Scripts/5_Mission/communityonlinetools\missionserver.c:39
scripts/3_Game/dayzgame.c:2384

Runtime mode
CLI params: config serverDZ.cfg port 2302 mod @CF;@CommunityOnlineTools;@DayZEditorLoader;@42MonthsAfter;@InvisibleClothingMod;@CodeLock;@zSpawnSelection;@ZTVendingMachine;@KillFeed;@MasssManyItemOverhaul;@CannabisPlus;@MunghardsItempack;@ZeroyFishingZ;@Nehr_Pickup_Lada;@NatureOverhaul;@BuilderItems;@ModularVestSystem;@BaseBuildingPlus;@MortysWeapons;@EarPlugs;@BuildAnywhere_v3;@AirdropUpgraded;@ToxicZone;@TeddysWeaponPack;@VanillaPlusPlusMap;@NehrPickupLada;@IRP-Land-Rover-Defender-110;@Trader; profiles ServerProfile dologs  adminlog  netlog  


------------------------------------
42MA-SERVER, 21.03 2021 20:10:56

[desync] HandleInputData man=SurvivorM_Jose:07 CANNOT move cmd=SYNC_MOVE src={ type=GROUND item=TWP_RK62_mag_30Rnd:047247 pos=(12775.8, 18.6405, 9638.01) dir=(0.707713, 0.00195315, -0.00587475, 0.706447) } dst={ type=CARGO item=TWP_RK62_mag_30Rnd:047247 parent=MVS_Magazine_Pouch_Multicam_Tropic:046855 idx=0 row=3 col=3 f=true }
Class:      'DayZPlayerInventory'
Function: 'Error'
Stack trace:
scripts/1_Core/proto\endebug.c:44
scripts/4_World/systems\inventory\dayzplayerinventory.c:553
scripts/4_World/systems\inventory\dayzplayerinventory.c:870
scripts/4_World/systems\inventory\dayzplayerinventory.c:455

Runtime mode
CLI params: config serverDZ.cfg port 2302 mod @CF;@CommunityOnlineTools;@DayZEditorLoader;@42MonthsAfter;@InvisibleClothingMod;@CodeLock;@zSpawnSelection;@ZTVendingMachine;@KillFeed;@MasssManyItemOverhaul;@CannabisPlus;@MunghardsItempack;@ZeroyFishingZ;@Nehr_Pickup_Lada;@NatureOverhaul;@BuilderItems;@ModularVestSystem;@BaseBuildingPlus;@MortysWeapons;@EarPlugs;@BuildAnywhere_v3;@AirdropUpgraded;@ToxicZone;@TeddysWeaponPack;@VanillaPlusPlusMap;@NehrPickupLada;@IRP-Land-Rover-Defender-110;@Trader; profiles ServerProfile dologs  adminlog  netlog  


------------------------------------
42MA-SERVER, 21.03 2021 20:11:00

[desync] HandleInputData man=SurvivorM_Jose:07 CANNOT move cmd=SYNC_MOVE src={ type=GROUND item=TWP_RK62_mag_30Rnd:047247 pos=(12775.8, 18.6405, 9638.01) dir=(0.707713, 0.00195315, -0.00587475, 0.706447) } dst={ type=CARGO item=TWP_RK62_mag_30Rnd:047247 parent=MVS_Magazine_Pouch_Multicam_Tropic:046855 idx=0 row=3 col=3 f=true }
Class:      'DayZPlayerInventory'
Function: 'Error'
Stack trace:
scripts/1_Core/proto\endebug.c:44
scripts/4_World/systems\inventory\dayzplayerinventory.c:553
scripts/4_World/systems\inventory\dayzplayerinventory.c:870
scripts/4_World/systems\inventory\dayzplayerinventory.c:455

Runtime mode
CLI params: config serverDZ.cfg port 2302 mod @CF;@CommunityOnlineTools;@DayZEditorLoader;@42MonthsAfter;@InvisibleClothingMod;@CodeLock;@zSpawnSelection;@ZTVendingMachine;@KillFeed;@MasssManyItemOverhaul;@CannabisPlus;@MunghardsItempack;@ZeroyFishingZ;@Nehr_Pickup_Lada;@NatureOverhaul;@BuilderItems;@ModularVestSystem;@BaseBuildingPlus;@MortysWeapons;@EarPlugs;@BuildAnywhere_v3;@AirdropUpgraded;@ToxicZone;@TeddysWeaponPack;@VanillaPlusPlusMap;@NehrPickupLada;@IRP-Land-Rover-Defender-110;@Trader; profiles ServerProfile dologs  adminlog  netlog  


------------------------------------
42MA-SERVER, 21.03 2021 20:11:24

[desync] HandleInputData man=SurvivorM_Jose:07 CANNOT move cmd=SYNC_MOVE src={ type=GROUND item=TWP_RK62_mag_30Rnd:047230 pos=(12776.2, 18.7163, 9636.74) dir=(0.635813, -0.407553, -0.622675, 0.202045) } dst={ type=CARGO item=TWP_RK62_mag_30Rnd:047230 parent=MVS_Magazine_Pouch_Multicam_Tropic:046855 idx=0 row=3 col=3 f=true }
Class:      'DayZPlayerInventory'
Function: 'Error'
Stack trace:
scripts/1_Core/proto\endebug.c:44
scripts/4_World/systems\inventory\dayzplayerinventory.c:553
scripts/4_World/systems\inventory\dayzplayerinventory.c:870
scripts/4_World/systems\inventory\dayzplayerinventory.c:455

Runtime mode
CLI params: config serverDZ.cfg port 2302 mod @CF;@CommunityOnlineTools;@DayZEditorLoader;@42MonthsAfter;@InvisibleClothingMod;@CodeLock;@zSpawnSelection;@ZTVendingMachine;@KillFeed;@MasssManyItemOverhaul;@CannabisPlus;@MunghardsItempack;@ZeroyFishingZ;@Nehr_Pickup_Lada;@NatureOverhaul;@BuilderItems;@ModularVestSystem;@BaseBuildingPlus;@MortysWeapons;@EarPlugs;@BuildAnywhere_v3;@AirdropUpgraded;@ToxicZone;@TeddysWeaponPack;@VanillaPlusPlusMap;@NehrPickupLada;@IRP-Land-Rover-Defender-110;@Trader; profiles ServerProfile dologs  adminlog  netlog  


------------------------------------
42MA-SERVER, 21.03 2021 20:11:31

[desync] HandleInputData man=SurvivorM_Jose:07 CANNOT move cmd=SYNC_MOVE src={ type=CARGO item=TWP_RK62_mag_30Rnd:047246 parent=MVS_Magazine_Pouch_Multicam_Tropic:046855 idx=0 row=3 col=0 f=true } dst={ type=CARGO item=TWP_RK62_mag_30Rnd:047246 parent=MVS_Magazine_Pouch_Multicam_Tropic:046855 idx=0 row=3 col=3 f=true }
Class:      'DayZPlayerInventory'
Function: 'Error'
Stack trace:
scripts/1_Core/proto\endebug.c:44
scripts/4_World/systems\inventory\dayzplayerinventory.c:553
scripts/4_World/systems\inventory\dayzplayerinventory.c:870
scripts/4_World/systems\inventory\dayzplayerinventory.c:455

Runtime mode
CLI params: config serverDZ.cfg port 2302 mod @CF;@CommunityOnlineTools;@DayZEditorLoader;@42MonthsAfter;@InvisibleClothingMod;@CodeLock;@zSpawnSelection;@ZTVendingMachine;@KillFeed;@MasssManyItemOverhaul;@CannabisPlus;@MunghardsItempack;@ZeroyFishingZ;@Nehr_Pickup_Lada;@NatureOverhaul;@BuilderItems;@ModularVestSystem;@BaseBuildingPlus;@MortysWeapons;@EarPlugs;@BuildAnywhere_v3;@AirdropUpgraded;@ToxicZone;@TeddysWeaponPack;@VanillaPlusPlusMap;@NehrPickupLada;@IRP-Land-Rover-Defender-110;@Trader; profiles ServerProfile dologs  adminlog  netlog  


------------------------------------
42MA-SERVER, 21.03 2021 20:11:33

[desync] HandleInputData man=SurvivorM_Jose:07 CANNOT move cmd=SYNC_MOVE src={ type=GROUND item=TWP_RK62_mag_30Rnd:047230 pos=(12776.2, 18.7163, 9636.74) dir=(0.635813, -0.407553, -0.622675, 0.202045) } dst={ type=CARGO item=TWP_RK62_mag_30Rnd:047230 parent=MVS_Magazine_Pouch_Multicam_Tropic:046855 idx=0 row=3 col=0 f=true }
Class:      'DayZPlayerInventory'
Function: 'Error'
Stack trace:
scripts/1_Core/proto\endebug.c:44
scripts/4_World/systems\inventory\dayzplayerinventory.c:553
scripts/4_World/systems\inventory\dayzplayerinventory.c:870
scripts/4_World/systems\inventory\dayzplayerinventory.c:455

Runtime mode
CLI params: config serverDZ.cfg port 2302 mod @CF;@CommunityOnlineTools;@DayZEditorLoader;@42MonthsAfter;@InvisibleClothingMod;@CodeLock;@zSpawnSelection;@ZTVendingMachine;@KillFeed;@MasssManyItemOverhaul;@CannabisPlus;@MunghardsItempack;@ZeroyFishingZ;@Nehr_Pickup_Lada;@NatureOverhaul;@BuilderItems;@ModularVestSystem;@BaseBuildingPlus;@MortysWeapons;@EarPlugs;@BuildAnywhere_v3;@AirdropUpgraded;@ToxicZone;@TeddysWeaponPack;@VanillaPlusPlusMap;@NehrPickupLada;@IRP-Land-Rover-Defender-110;@Trader; profiles ServerProfile dologs  adminlog  netlog  


------------------------------------
42MA-SERVER, 21.03 2021 20:11:38

[desync] HandleInputData man=SurvivorM_Jose:07 CANNOT move cmd=SYNC_MOVE src={ type=GROUND item=TWP_RK62_mag_30Rnd:047247 pos=(12775.8, 18.6405, 9638.01) dir=(0.707713, 0.00195315, -0.00587475, 0.706447) } dst={ type=CARGO item=TWP_RK62_mag_30Rnd:047247 parent=MVS_Magazine_Pouch_Multicam_Tropic:046855 idx=0 row=3 col=0 f=true }
Class:      'DayZPlayerInventory'
Function: 'Error'
Stack trace:
scripts/1_Core/proto\endebug.c:44
scripts/4_World/systems\inventory\dayzplayerinventory.c:553
scripts/4_World/systems\inventory\dayzplayerinventory.c:870
scripts/4_World/systems\inventory\dayzplayerinventory.c:455

Runtime mode
CLI params: config serverDZ.cfg port 2302 mod @CF;@CommunityOnlineTools;@DayZEditorLoader;@42MonthsAfter;@InvisibleClothingMod;@CodeLock;@zSpawnSelection;@ZTVendingMachine;@KillFeed;@MasssManyItemOverhaul;@CannabisPlus;@MunghardsItempack;@ZeroyFishingZ;@Nehr_Pickup_Lada;@NatureOverhaul;@BuilderItems;@ModularVestSystem;@BaseBuildingPlus;@MortysWeapons;@EarPlugs;@BuildAnywhere_v3;@AirdropUpgraded;@ToxicZone;@TeddysWeaponPack;@VanillaPlusPlusMap;@NehrPickupLada;@IRP-Land-Rover-Defender-110;@Trader; profiles ServerProfile dologs  adminlog  netlog  
