---------------------------------------------
ZomBerry v0.6.2 log started at 20.05.2021 12:00:35

20.05.2021 12:00:35 [ZomBerryCmdAPI]: INFO: Added category OnTarget
20.05.2021 12:00:35 [ZomBerryCmdAPI]: INFO: Added function TPCur to category OnTarget
20.05.2021 12:00:35 [ZomBerryCmdAPI]: INFO: Added function TPForward to category OnTarget
20.05.2021 12:00:35 [ZomBerryCmdAPI]: INFO: Added function TPToTarget to category OnTarget
20.05.2021 12:00:35 [ZomBerryCmdAPI]: INFO: Added function TPToAdmin to category OnTarget
20.05.2021 12:00:35 [ZomBerryCmdAPI]: INFO: Added function HealTarget to category OnTarget
20.05.2021 12:00:35 [ZomBerryCmdAPI]: INFO: Added function GodTarget to category OnTarget
20.05.2021 12:00:35 [ZomBerryCmdAPI]: INFO: Added function RefuelAndRepair to category OnTarget
20.05.2021 12:00:35 [ZomBerryCmdAPI]: INFO: Added category ==
20.05.2021 12:00:35 [ZomBerryCmdAPI]: INFO: Added function KillTarget to category ==
20.05.2021 12:00:35 [ZomBerryCmdAPI]: INFO: Added function BiteTarget to category ==
20.05.2021 12:00:35 [ZomBerryCmdAPI]: INFO: Added function StripTarget to category ==
20.05.2021 12:00:35 [ZomBerryCmdAPI]: INFO: Added function RejectBellyTarget to category ==
20.05.2021 12:00:35 [ZomBerryCmdAPI]: INFO: Added function PsycoTarget to category ==
20.05.2021 12:00:35 [ZomBerryCmdAPI]: INFO: Added function SneezeTarget to category ==
20.05.2021 12:00:35 [ZomBerryCmdAPI]: INFO: Added function SetHealthTarget to category ==
20.05.2021 12:00:35 [ZomBerryCmdAPI]: INFO: Added function SetBloodTarget to category ==
20.05.2021 12:00:35 [ZomBerryCmdAPI]: INFO: Added category OnServer
20.05.2021 12:00:35 [ZomBerryCmdAPI]: INFO: Added function FreeCamAdm to category OnServer
20.05.2021 12:00:35 [ZomBerryCmdAPI]: INFO: Added function TimeDay to category OnServer
20.05.2021 12:00:35 [ZomBerryCmdAPI]: INFO: Added function TimeNight to category OnServer
20.05.2021 12:00:35 [ZomBerryCmdAPI]: INFO: Added function SetTime to category OnServer
20.05.2021 12:00:35 [ZomBerryCmdAPI]: INFO: Added function SetDate to category OnServer
20.05.2021 12:00:35 [ZomBerryCmdAPI]: INFO: Added function SetWeather to category OnServer
20.05.2021 12:00:35 [ZomBerryCmdAPI]: INFO: Added function DeleteObj to category OnServer
20.05.2021 12:00:35 [ZomBerryConfig]: INFO: Using admins.cfg from Profile directory
20.05.2021 12:00:35 [ZomBerryDbg]: Server ready, loading admin list from: $profile:ZomBerry\admins.cfg
20.05.2021 12:00:35 [ZomBerryConfig]: admins.cfg loaded
20.05.2021 12:00:35 [ZomBerryConfig]: Added admin: 76561198036774377
20.05.2021 12:01:25 [ZomBerryDbg]: Auth Request ignored (not an admin) Squirrel (p7qeSyX8z4eYU_ntAEIdkxneBQAcmHVr-nfzIicGftc=)
20.05.2021 12:16:17 [ZomBerryDbg]: Auth respond to admin BnYrB (mBNlxASsPlOcry0dpDl8K-WgHNR5WMCMmoJ9NhpU4FY=)
20.05.2021 12:16:51 [ZomBerryDbg]: BnYrB (mBNlxASsPlOcry0dpDl8K-WgHNR5WMCMmoJ9NhpU4FY=) - player list sync
20.05.2021 12:16:51 [ZomBerryDbg]: BnYrB (mBNlxASsPlOcry0dpDl8K-WgHNR5WMCMmoJ9NhpU4FY=) - function list sync
20.05.2021 12:17:05 [ZomBerryAdmin]: BnYrB (mBNlxASsPlOcry0dpDl8K-WgHNR5WMCMmoJ9NhpU4FY=) teleported to position <3998.708496, 2.824843, 2988.022461>
20.05.2021 12:17:24 [ZomBerryDbg]: BnYrB (mBNlxASsPlOcry0dpDl8K-WgHNR5WMCMmoJ9NhpU4FY=) - player list sync
20.05.2021 12:17:24 [ZomBerryDbg]: BnYrB (mBNlxASsPlOcry0dpDl8K-WgHNR5WMCMmoJ9NhpU4FY=) - function list sync
20.05.2021 12:17:30 [ZomBerryAdmin]: BnYrB (mBNlxASsPlOcry0dpDl8K-WgHNR5WMCMmoJ9NhpU4FY=) spawned MediumTent_Orange at <4001.942627, 9.684683, 2954.625000>
20.05.2021 12:17:38 [ZomBerryAdmin]: BnYrB (mBNlxASsPlOcry0dpDl8K-WgHNR5WMCMmoJ9NhpU4FY=) spawned CamoNet at <4001.942627, 9.684683, 2954.625000>
20.05.2021 12:17:45 [ZomBerryAdmin]: BnYrB (mBNlxASsPlOcry0dpDl8K-WgHNR5WMCMmoJ9NhpU4FY=) spawned TraderPlus_Money_Dollar50 at <4001.942627, 9.684683, 2954.625000>
20.05.2021 12:17:45 [ZomBerryAdmin]: BnYrB (mBNlxASsPlOcry0dpDl8K-WgHNR5WMCMmoJ9NhpU4FY=) spawned TraderPlus_Money_Dollar50 at <4001.942627, 9.684683, 2954.625000>
20.05.2021 12:17:46 [ZomBerryAdmin]: BnYrB (mBNlxASsPlOcry0dpDl8K-WgHNR5WMCMmoJ9NhpU4FY=) spawned TraderPlus_Money_Dollar50 at <4001.942627, 9.684683, 2954.625000>
20.05.2021 12:17:46 [ZomBerryAdmin]: BnYrB (mBNlxASsPlOcry0dpDl8K-WgHNR5WMCMmoJ9NhpU4FY=) spawned TraderPlus_Money_Dollar20 at <4001.942627, 9.684683, 2954.625000>
20.05.2021 12:17:46 [ZomBerryAdmin]: BnYrB (mBNlxASsPlOcry0dpDl8K-WgHNR5WMCMmoJ9NhpU4FY=) spawned TraderPlus_Money_Dollar20 at <4001.942627, 9.684683, 2954.625000>
20.05.2021 12:17:47 [ZomBerryAdmin]: BnYrB (mBNlxASsPlOcry0dpDl8K-WgHNR5WMCMmoJ9NhpU4FY=) spawned TraderPlus_Money_Dollar20 at <4001.942627, 9.684683, 2954.625000>
20.05.2021 12:17:47 [ZomBerryAdmin]: BnYrB (mBNlxASsPlOcry0dpDl8K-WgHNR5WMCMmoJ9NhpU4FY=) spawned TraderPlus_Money_Dollar20 at <4001.942627, 9.684683, 2954.625000>
20.05.2021 12:17:47 [ZomBerryAdmin]: BnYrB (mBNlxASsPlOcry0dpDl8K-WgHNR5WMCMmoJ9NhpU4FY=) spawned TraderPlus_Money_Dollar10 at <4001.942627, 9.684683, 2954.625000>
20.05.2021 12:17:48 [ZomBerryAdmin]: BnYrB (mBNlxASsPlOcry0dpDl8K-WgHNR5WMCMmoJ9NhpU4FY=) spawned TraderPlus_Money_Dollar5 at <4001.942627, 9.684683, 2954.625000>
20.05.2021 12:17:48 [ZomBerryAdmin]: BnYrB (mBNlxASsPlOcry0dpDl8K-WgHNR5WMCMmoJ9NhpU4FY=) spawned TraderPlus_Money_Dollar5 at <4001.942627, 9.684683, 2954.625000>
20.05.2021 12:17:48 [ZomBerryAdmin]: BnYrB (mBNlxASsPlOcry0dpDl8K-WgHNR5WMCMmoJ9NhpU4FY=) spawned TraderPlus_Money_Dollar5 at <4001.942627, 9.684683, 2954.625000>
20.05.2021 12:17:48 [ZomBerryAdmin]: BnYrB (mBNlxASsPlOcry0dpDl8K-WgHNR5WMCMmoJ9NhpU4FY=) spawned TraderPlus_Money_Dollar5 at <4001.942627, 9.684683, 2954.625000>
20.05.2021 12:17:49 [ZomBerryAdmin]: BnYrB (mBNlxASsPlOcry0dpDl8K-WgHNR5WMCMmoJ9NhpU4FY=) spawned TraderPlus_Money_Dollar5 at <4001.942627, 9.684683, 2954.625000>
20.05.2021 12:17:49 [ZomBerryAdmin]: BnYrB (mBNlxASsPlOcry0dpDl8K-WgHNR5WMCMmoJ9NhpU4FY=) spawned TraderPlus_Money_Dollar5 at <4001.942627, 9.684683, 2954.625000>
20.05.2021 12:17:50 [ZomBerryAdmin]: BnYrB (mBNlxASsPlOcry0dpDl8K-WgHNR5WMCMmoJ9NhpU4FY=) spawned TraderPlus_Money_Dollar1 at <4001.942627, 9.684683, 2954.625000>
20.05.2021 12:17:50 [ZomBerryAdmin]: BnYrB (mBNlxASsPlOcry0dpDl8K-WgHNR5WMCMmoJ9NhpU4FY=) spawned TraderPlus_Money_Dollar1 at <4001.942627, 9.684683, 2954.625000>
20.05.2021 12:17:50 [ZomBerryAdmin]: BnYrB (mBNlxASsPlOcry0dpDl8K-WgHNR5WMCMmoJ9NhpU4FY=) spawned TraderPlus_Money_Dollar1 at <4001.942627, 9.684683, 2954.625000>
20.05.2021 12:20:31 [ZomBerryDbg]: BnYrB (mBNlxASsPlOcry0dpDl8K-WgHNR5WMCMmoJ9NhpU4FY=) - player list sync
20.05.2021 12:20:31 [ZomBerryDbg]: BnYrB (mBNlxASsPlOcry0dpDl8K-WgHNR5WMCMmoJ9NhpU4FY=) - function list sync
20.05.2021 12:20:39 [ZomBerryAdmin]: BnYrB (mBNlxASsPlOcry0dpDl8K-WgHNR5WMCMmoJ9NhpU4FY=) executed KillTarget
20.05.2021 12:29:04 [ZomBerryDbg]: Auth Request ignored (not an admin) Mrs Wolf (MO9bsrzUlrPmo7l9-koFMw3QXC_LzL6k5LbtTHj-bI0=)
20.05.2021 12:29:14 [ZomBerryDbg]: Auth Request ignored (not an admin) Squirrel (p7qeSyX8z4eYU_ntAEIdkxneBQAcmHVr-nfzIicGftc=)
20.05.2021 12:35:47 [ZomBerryDbg]: Auth Request ignored (not an admin) Mr Wolf (IAKLKM33p7NYLhkk5leT5VYzSRy1qFQhXQui2bdgnIY=)
20.05.2021 12:46:09 [ZomBerryDbg]: Auth Request ignored (not an admin) Mr Wolf (IAKLKM33p7NYLhkk5leT5VYzSRy1qFQhXQui2bdgnIY=)
20.05.2021 12:47:42 [ZomBerryDbg]: Auth Request ignored (not an admin) Squirrel (p7qeSyX8z4eYU_ntAEIdkxneBQAcmHVr-nfzIicGftc=)
20.05.2021 13:38:29 [ZomBerryDbg]: Auth respond to admin BnYrB (mBNlxASsPlOcry0dpDl8K-WgHNR5WMCMmoJ9NhpU4FY=)
20.05.2021 13:39:04 [ZomBerryDbg]: BnYrB (mBNlxASsPlOcry0dpDl8K-WgHNR5WMCMmoJ9NhpU4FY=) - player list sync
20.05.2021 13:39:04 [ZomBerryDbg]: BnYrB (mBNlxASsPlOcry0dpDl8K-WgHNR5WMCMmoJ9NhpU4FY=) - function list sync
20.05.2021 13:39:19 [ZomBerryAdmin]: BnYrB (mBNlxASsPlOcry0dpDl8K-WgHNR5WMCMmoJ9NhpU4FY=) teleported to position <5291.746582, 4.770000, 12432.253906>
20.05.2021 13:39:45 [ZomBerryDbg]: BnYrB (mBNlxASsPlOcry0dpDl8K-WgHNR5WMCMmoJ9NhpU4FY=) - player list sync
20.05.2021 13:39:45 [ZomBerryDbg]: BnYrB (mBNlxASsPlOcry0dpDl8K-WgHNR5WMCMmoJ9NhpU4FY=) - function list sync
20.05.2021 13:39:58 [ZomBerryAdmin]: BnYrB (mBNlxASsPlOcry0dpDl8K-WgHNR5WMCMmoJ9NhpU4FY=) added MoreDoorSmallMetalKit to theirs inventory
20.05.2021 13:40:06 [ZomBerryAdmin]: BnYrB (mBNlxASsPlOcry0dpDl8K-WgHNR5WMCMmoJ9NhpU4FY=) spawned MoreDoorSmallMetalKit at <5306.550293, 4.898127, 12433.524414>
20.05.2021 13:40:07 [ZomBerryAdmin]: BnYrB (mBNlxASsPlOcry0dpDl8K-WgHNR5WMCMmoJ9NhpU4FY=) spawned MoreDoorSmallMetalKit at <5306.550293, 4.898127, 12433.524414>
20.05.2021 13:40:12 [ZomBerryAdmin]: BnYrB (mBNlxASsPlOcry0dpDl8K-WgHNR5WMCMmoJ9NhpU4FY=) spawned Nail at <5306.550293, 4.898127, 12433.524414>
20.05.2021 13:40:13 [ZomBerryAdmin]: BnYrB (mBNlxASsPlOcry0dpDl8K-WgHNR5WMCMmoJ9NhpU4FY=) spawned Nail at <5306.550293, 4.898127, 12433.524414>
20.05.2021 13:40:13 [ZomBerryAdmin]: BnYrB (mBNlxASsPlOcry0dpDl8K-WgHNR5WMCMmoJ9NhpU4FY=) spawned Nail at <5306.550293, 4.898127, 12433.524414>
20.05.2021 13:40:13 [ZomBerryAdmin]: BnYrB (mBNlxASsPlOcry0dpDl8K-WgHNR5WMCMmoJ9NhpU4FY=) spawned Nail at <5306.550293, 4.898127, 12433.524414>
20.05.2021 13:40:14 [ZomBerryAdmin]: BnYrB (mBNlxASsPlOcry0dpDl8K-WgHNR5WMCMmoJ9NhpU4FY=) spawned Nail at <5306.550293, 4.898127, 12433.524414>
20.05.2021 13:40:14 [ZomBerryAdmin]: BnYrB (mBNlxASsPlOcry0dpDl8K-WgHNR5WMCMmoJ9NhpU4FY=) spawned Nail at <5306.550293, 4.898127, 12433.524414>
20.05.2021 13:40:14 [ZomBerryAdmin]: BnYrB (mBNlxASsPlOcry0dpDl8K-WgHNR5WMCMmoJ9NhpU4FY=) spawned Nail at <5306.550293, 4.898127, 12433.524414>
20.05.2021 13:40:15 [ZomBerryAdmin]: BnYrB (mBNlxASsPlOcry0dpDl8K-WgHNR5WMCMmoJ9NhpU4FY=) spawned Nail at <5306.550293, 4.898127, 12433.524414>
20.05.2021 13:40:21 [ZomBerryAdmin]: BnYrB (mBNlxASsPlOcry0dpDl8K-WgHNR5WMCMmoJ9NhpU4FY=) spawned WoodenLog at <5306.550293, 4.898127, 12433.524414>
20.05.2021 13:40:22 [ZomBerryAdmin]: BnYrB (mBNlxASsPlOcry0dpDl8K-WgHNR5WMCMmoJ9NhpU4FY=) spawned WoodenLog at <5306.550293, 4.898127, 12433.524414>
20.05.2021 13:40:22 [ZomBerryAdmin]: BnYrB (mBNlxASsPlOcry0dpDl8K-WgHNR5WMCMmoJ9NhpU4FY=) spawned WoodenLog at <5306.550293, 4.898127, 12433.524414>
20.05.2021 13:40:22 [ZomBerryAdmin]: BnYrB (mBNlxASsPlOcry0dpDl8K-WgHNR5WMCMmoJ9NhpU4FY=) spawned WoodenLog at <5306.550293, 4.898127, 12433.524414>
20.05.2021 13:40:23 [ZomBerryAdmin]: BnYrB (mBNlxASsPlOcry0dpDl8K-WgHNR5WMCMmoJ9NhpU4FY=) spawned WoodenLog at <5306.550293, 4.898127, 12433.524414>
20.05.2021 13:40:23 [ZomBerryAdmin]: BnYrB (mBNlxASsPlOcry0dpDl8K-WgHNR5WMCMmoJ9NhpU4FY=) spawned WoodenLog at <5306.550293, 4.898127, 12433.524414>
20.05.2021 13:40:23 [ZomBerryAdmin]: BnYrB (mBNlxASsPlOcry0dpDl8K-WgHNR5WMCMmoJ9NhpU4FY=) spawned WoodenLog at <5306.550293, 4.898127, 12433.524414>
20.05.2021 13:40:24 [ZomBerryAdmin]: BnYrB (mBNlxASsPlOcry0dpDl8K-WgHNR5WMCMmoJ9NhpU4FY=) spawned WoodenLog at <5306.550293, 4.898127, 12433.524414>
20.05.2021 13:40:24 [ZomBerryAdmin]: BnYrB (mBNlxASsPlOcry0dpDl8K-WgHNR5WMCMmoJ9NhpU4FY=) spawned WoodenLog at <5306.550293, 4.898127, 12433.524414>
20.05.2021 13:40:25 [ZomBerryAdmin]: BnYrB (mBNlxASsPlOcry0dpDl8K-WgHNR5WMCMmoJ9NhpU4FY=) spawned WoodenLog at <5306.550293, 4.898127, 12433.524414>
20.05.2021 13:40:32 [ZomBerryAdmin]: BnYrB (mBNlxASsPlOcry0dpDl8K-WgHNR5WMCMmoJ9NhpU4FY=) spawned MetalWire at <5306.550293, 4.898127, 12433.524414>
20.05.2021 13:40:32 [ZomBerryAdmin]: BnYrB (mBNlxASsPlOcry0dpDl8K-WgHNR5WMCMmoJ9NhpU4FY=) spawned MetalWire at <5306.550293, 4.898127, 12433.524414>
20.05.2021 13:40:32 [ZomBerryAdmin]: BnYrB (mBNlxASsPlOcry0dpDl8K-WgHNR5WMCMmoJ9NhpU4FY=) spawned MetalWire at <5306.550293, 4.898127, 12433.524414>
20.05.2021 13:40:33 [ZomBerryAdmin]: BnYrB (mBNlxASsPlOcry0dpDl8K-WgHNR5WMCMmoJ9NhpU4FY=) spawned MetalWire at <5306.550293, 4.898127, 12433.524414>
20.05.2021 13:40:33 [ZomBerryAdmin]: BnYrB (mBNlxASsPlOcry0dpDl8K-WgHNR5WMCMmoJ9NhpU4FY=) spawned MetalWire at <5306.550293, 4.898127, 12433.524414>
20.05.2021 13:40:33 [ZomBerryAdmin]: BnYrB (mBNlxASsPlOcry0dpDl8K-WgHNR5WMCMmoJ9NhpU4FY=) spawned MetalWire at <5306.550293, 4.898127, 12433.524414>
20.05.2021 13:40:33 [ZomBerryAdmin]: BnYrB (mBNlxASsPlOcry0dpDl8K-WgHNR5WMCMmoJ9NhpU4FY=) spawned MetalWire at <5306.550293, 4.898127, 12433.524414>
20.05.2021 13:40:41 [ZomBerryAdmin]: BnYrB (mBNlxASsPlOcry0dpDl8K-WgHNR5WMCMmoJ9NhpU4FY=) spawned WoodenPlank at <5306.550293, 4.898127, 12433.524414>
20.05.2021 13:40:41 [ZomBerryAdmin]: BnYrB (mBNlxASsPlOcry0dpDl8K-WgHNR5WMCMmoJ9NhpU4FY=) spawned WoodenPlank at <5306.550293, 4.898127, 12433.524414>
20.05.2021 13:40:41 [ZomBerryAdmin]: BnYrB (mBNlxASsPlOcry0dpDl8K-WgHNR5WMCMmoJ9NhpU4FY=) spawned WoodenPlank at <5306.550293, 4.898127, 12433.524414>
20.05.2021 13:40:42 [ZomBerryAdmin]: BnYrB (mBNlxASsPlOcry0dpDl8K-WgHNR5WMCMmoJ9NhpU4FY=) spawned WoodenPlank at <5306.550293, 4.898127, 12433.524414>
20.05.2021 13:40:42 [ZomBerryAdmin]: BnYrB (mBNlxASsPlOcry0dpDl8K-WgHNR5WMCMmoJ9NhpU4FY=) spawned WoodenPlank at <5306.550293, 4.898127, 12433.524414>
20.05.2021 13:40:42 [ZomBerryAdmin]: BnYrB (mBNlxASsPlOcry0dpDl8K-WgHNR5WMCMmoJ9NhpU4FY=) spawned WoodenPlank at <5306.550293, 4.898127, 12433.524414>
20.05.2021 13:40:42 [ZomBerryAdmin]: BnYrB (mBNlxASsPlOcry0dpDl8K-WgHNR5WMCMmoJ9NhpU4FY=) spawned WoodenPlank at <5306.550293, 4.898127, 12433.524414>
20.05.2021 13:40:43 [ZomBerryAdmin]: BnYrB (mBNlxASsPlOcry0dpDl8K-WgHNR5WMCMmoJ9NhpU4FY=) spawned WoodenPlank at <5306.550293, 4.898127, 12433.524414>
20.05.2021 13:40:43 [ZomBerryAdmin]: BnYrB (mBNlxASsPlOcry0dpDl8K-WgHNR5WMCMmoJ9NhpU4FY=) spawned WoodenPlank at <5306.550293, 4.898127, 12433.524414>
20.05.2021 13:40:43 [ZomBerryAdmin]: BnYrB (mBNlxASsPlOcry0dpDl8K-WgHNR5WMCMmoJ9NhpU4FY=) spawned WoodenPlank at <5306.550293, 4.898127, 12433.524414>
20.05.2021 13:40:43 [ZomBerryAdmin]: BnYrB (mBNlxASsPlOcry0dpDl8K-WgHNR5WMCMmoJ9NhpU4FY=) spawned WoodenPlank at <5306.550293, 4.898127, 12433.524414>
20.05.2021 13:41:34 [ZomBerryDbg]: BnYrB (mBNlxASsPlOcry0dpDl8K-WgHNR5WMCMmoJ9NhpU4FY=) - player list sync
20.05.2021 13:41:34 [ZomBerryDbg]: BnYrB (mBNlxASsPlOcry0dpDl8K-WgHNR5WMCMmoJ9NhpU4FY=) - function list sync
20.05.2021 13:41:42 [ZomBerryAdmin]: BnYrB (mBNlxASsPlOcry0dpDl8K-WgHNR5WMCMmoJ9NhpU4FY=) spawned MetalPlate at <5306.550293, 5.131361, 12433.524414>
20.05.2021 13:41:43 [ZomBerryAdmin]: BnYrB (mBNlxASsPlOcry0dpDl8K-WgHNR5WMCMmoJ9NhpU4FY=) spawned MetalPlate at <5306.550293, 5.131361, 12433.524414>
20.05.2021 13:41:44 [ZomBerryAdmin]: BnYrB (mBNlxASsPlOcry0dpDl8K-WgHNR5WMCMmoJ9NhpU4FY=) spawned MetalPlate at <5306.550293, 5.131361, 12433.524414>
20.05.2021 13:41:44 [ZomBerryAdmin]: BnYrB (mBNlxASsPlOcry0dpDl8K-WgHNR5WMCMmoJ9NhpU4FY=) spawned MetalPlate at <5306.550293, 5.131361, 12433.524414>
20.05.2021 13:41:45 [ZomBerryAdmin]: BnYrB (mBNlxASsPlOcry0dpDl8K-WgHNR5WMCMmoJ9NhpU4FY=) spawned MetalPlate at <5306.550293, 5.131361, 12433.524414>
20.05.2021 13:41:46 [ZomBerryAdmin]: BnYrB (mBNlxASsPlOcry0dpDl8K-WgHNR5WMCMmoJ9NhpU4FY=) spawned MetalPlate at <5306.550293, 5.131361, 12433.524414>
20.05.2021 13:41:46 [ZomBerryAdmin]: BnYrB (mBNlxASsPlOcry0dpDl8K-WgHNR5WMCMmoJ9NhpU4FY=) spawned MetalPlate at <5306.550293, 5.131361, 12433.524414>
20.05.2021 13:43:19 [ZomBerryDbg]: BnYrB (mBNlxASsPlOcry0dpDl8K-WgHNR5WMCMmoJ9NhpU4FY=) - player list sync
20.05.2021 13:43:19 [ZomBerryDbg]: BnYrB (mBNlxASsPlOcry0dpDl8K-WgHNR5WMCMmoJ9NhpU4FY=) - function list sync
20.05.2021 13:43:28 [ZomBerryAdmin]: BnYrB (mBNlxASsPlOcry0dpDl8K-WgHNR5WMCMmoJ9NhpU4FY=) added CodeLock to theirs inventory
20.05.2021 13:43:28 [ZomBerryAdmin]: BnYrB (mBNlxASsPlOcry0dpDl8K-WgHNR5WMCMmoJ9NhpU4FY=) added CodeLock to theirs inventory
20.05.2021 13:43:29 [ZomBerryAdmin]: BnYrB (mBNlxASsPlOcry0dpDl8K-WgHNR5WMCMmoJ9NhpU4FY=) added CodeLock to theirs inventory
20.05.2021 13:43:29 [ZomBerryAdmin]: BnYrB (mBNlxASsPlOcry0dpDl8K-WgHNR5WMCMmoJ9NhpU4FY=) added CodeLock to theirs inventory
20.05.2021 13:44:40 [ZomBerryDbg]: BnYrB (mBNlxASsPlOcry0dpDl8K-WgHNR5WMCMmoJ9NhpU4FY=) - player list sync
20.05.2021 13:44:40 [ZomBerryDbg]: BnYrB (mBNlxASsPlOcry0dpDl8K-WgHNR5WMCMmoJ9NhpU4FY=) - function list sync
20.05.2021 13:44:42 [ZomBerryAdmin]: BnYrB (mBNlxASsPlOcry0dpDl8K-WgHNR5WMCMmoJ9NhpU4FY=) executed FreeCamAdm
20.05.2021 13:44:48 [ZomBerryDbg]: BnYrB (mBNlxASsPlOcry0dpDl8K-WgHNR5WMCMmoJ9NhpU4FY=) - player list sync
20.05.2021 13:44:48 [ZomBerryDbg]: BnYrB (mBNlxASsPlOcry0dpDl8K-WgHNR5WMCMmoJ9NhpU4FY=) - function list sync
20.05.2021 13:44:50 [ZomBerryAdmin]: BnYrB (mBNlxASsPlOcry0dpDl8K-WgHNR5WMCMmoJ9NhpU4FY=) executed TPCur
20.05.2021 13:44:51 [ZomBerryAdmin]: BnYrB (mBNlxASsPlOcry0dpDl8K-WgHNR5WMCMmoJ9NhpU4FY=) executed FreeCamAdm
20.05.2021 13:45:02 [ZomBerryDbg]: BnYrB (mBNlxASsPlOcry0dpDl8K-WgHNR5WMCMmoJ9NhpU4FY=) - player list sync
20.05.2021 13:45:02 [ZomBerryDbg]: BnYrB (mBNlxASsPlOcry0dpDl8K-WgHNR5WMCMmoJ9NhpU4FY=) - function list sync
20.05.2021 13:45:09 [ZomBerryAdmin]: BnYrB (mBNlxASsPlOcry0dpDl8K-WgHNR5WMCMmoJ9NhpU4FY=) added CodeLock to theirs inventory
20.05.2021 13:45:20 [ZomBerryDbg]: BnYrB (mBNlxASsPlOcry0dpDl8K-WgHNR5WMCMmoJ9NhpU4FY=) - player list sync
20.05.2021 13:45:20 [ZomBerryDbg]: BnYrB (mBNlxASsPlOcry0dpDl8K-WgHNR5WMCMmoJ9NhpU4FY=) - function list sync
20.05.2021 13:45:33 [ZomBerryAdmin]: BnYrB (mBNlxASsPlOcry0dpDl8K-WgHNR5WMCMmoJ9NhpU4FY=) spawned Msp_MilitaryCrate_Olive at <5307.219238, 4.896579, 12446.228516>
20.05.2021 13:46:37 [ZomBerryDbg]: BnYrB (mBNlxASsPlOcry0dpDl8K-WgHNR5WMCMmoJ9NhpU4FY=) - player list sync
20.05.2021 13:46:37 [ZomBerryDbg]: BnYrB (mBNlxASsPlOcry0dpDl8K-WgHNR5WMCMmoJ9NhpU4FY=) - function list sync
20.05.2021 13:46:46 [ZomBerryAdmin]: BnYrB (mBNlxASsPlOcry0dpDl8K-WgHNR5WMCMmoJ9NhpU4FY=) spawned TraderPlus_Money_Dollar50 at <5306.637695, 4.896579, 12446.173828>
20.05.2021 13:46:46 [ZomBerryAdmin]: BnYrB (mBNlxASsPlOcry0dpDl8K-WgHNR5WMCMmoJ9NhpU4FY=) spawned TraderPlus_Money_Dollar50 at <5306.637695, 4.896579, 12446.173828>
20.05.2021 13:46:46 [ZomBerryAdmin]: BnYrB (mBNlxASsPlOcry0dpDl8K-WgHNR5WMCMmoJ9NhpU4FY=) spawned TraderPlus_Money_Dollar50 at <5306.637695, 4.896579, 12446.173828>
20.05.2021 13:46:47 [ZomBerryAdmin]: BnYrB (mBNlxASsPlOcry0dpDl8K-WgHNR5WMCMmoJ9NhpU4FY=) spawned TraderPlus_Money_Dollar50 at <5306.637695, 4.896579, 12446.173828>
20.05.2021 13:46:47 [ZomBerryAdmin]: BnYrB (mBNlxASsPlOcry0dpDl8K-WgHNR5WMCMmoJ9NhpU4FY=) spawned TraderPlus_Money_Dollar50 at <5306.637695, 4.896579, 12446.173828>
20.05.2021 13:46:47 [ZomBerryAdmin]: BnYrB (mBNlxASsPlOcry0dpDl8K-WgHNR5WMCMmoJ9NhpU4FY=) spawned TraderPlus_Money_Dollar50 at <5306.637695, 4.896579, 12446.173828>
20.05.2021 13:46:47 [ZomBerryAdmin]: BnYrB (mBNlxASsPlOcry0dpDl8K-WgHNR5WMCMmoJ9NhpU4FY=) spawned TraderPlus_Money_Dollar50 at <5306.637695, 4.896579, 12446.173828>
20.05.2021 13:46:48 [ZomBerryAdmin]: BnYrB (mBNlxASsPlOcry0dpDl8K-WgHNR5WMCMmoJ9NhpU4FY=) spawned TraderPlus_Money_Dollar20 at <5306.637695, 4.896579, 12446.173828>
20.05.2021 13:46:48 [ZomBerryAdmin]: BnYrB (mBNlxASsPlOcry0dpDl8K-WgHNR5WMCMmoJ9NhpU4FY=) spawned TraderPlus_Money_Dollar20 at <5306.637695, 4.896579, 12446.173828>
20.05.2021 13:46:48 [ZomBerryAdmin]: BnYrB (mBNlxASsPlOcry0dpDl8K-WgHNR5WMCMmoJ9NhpU4FY=) spawned TraderPlus_Money_Dollar20 at <5306.637695, 4.896579, 12446.173828>
20.05.2021 13:46:48 [ZomBerryAdmin]: BnYrB (mBNlxASsPlOcry0dpDl8K-WgHNR5WMCMmoJ9NhpU4FY=) spawned TraderPlus_Money_Dollar20 at <5306.637695, 4.896579, 12446.173828>
20.05.2021 13:46:48 [ZomBerryAdmin]: BnYrB (mBNlxASsPlOcry0dpDl8K-WgHNR5WMCMmoJ9NhpU4FY=) spawned TraderPlus_Money_Dollar20 at <5306.637695, 4.896579, 12446.173828>
20.05.2021 13:46:49 [ZomBerryAdmin]: BnYrB (mBNlxASsPlOcry0dpDl8K-WgHNR5WMCMmoJ9NhpU4FY=) spawned TraderPlus_Money_Dollar20 at <5306.637695, 4.896579, 12446.173828>
20.05.2021 13:46:49 [ZomBerryAdmin]: BnYrB (mBNlxASsPlOcry0dpDl8K-WgHNR5WMCMmoJ9NhpU4FY=) spawned TraderPlus_Money_Dollar20 at <5306.637695, 4.896579, 12446.173828>
20.05.2021 13:46:49 [ZomBerryAdmin]: BnYrB (mBNlxASsPlOcry0dpDl8K-WgHNR5WMCMmoJ9NhpU4FY=) spawned TraderPlus_Money_Dollar20 at <5306.637695, 4.896579, 12446.173828>
20.05.2021 13:46:49 [ZomBerryAdmin]: BnYrB (mBNlxASsPlOcry0dpDl8K-WgHNR5WMCMmoJ9NhpU4FY=) spawned TraderPlus_Money_Dollar20 at <5306.637695, 4.896579, 12446.173828>
20.05.2021 13:46:50 [ZomBerryAdmin]: BnYrB (mBNlxASsPlOcry0dpDl8K-WgHNR5WMCMmoJ9NhpU4FY=) spawned TraderPlus_Money_Dollar20 at <5306.637695, 4.896579, 12446.173828>
20.05.2021 13:46:50 [ZomBerryAdmin]: BnYrB (mBNlxASsPlOcry0dpDl8K-WgHNR5WMCMmoJ9NhpU4FY=) spawned TraderPlus_Money_Dollar20 at <5306.637695, 4.896579, 12446.173828>
20.05.2021 13:46:50 [ZomBerryAdmin]: BnYrB (mBNlxASsPlOcry0dpDl8K-WgHNR5WMCMmoJ9NhpU4FY=) spawned TraderPlus_Money_Dollar20 at <5306.637695, 4.896579, 12446.173828>
20.05.2021 13:46:50 [ZomBerryAdmin]: BnYrB (mBNlxASsPlOcry0dpDl8K-WgHNR5WMCMmoJ9NhpU4FY=) spawned TraderPlus_Money_Dollar20 at <5306.637695, 4.896579, 12446.173828>
20.05.2021 13:46:51 [ZomBerryAdmin]: BnYrB (mBNlxASsPlOcry0dpDl8K-WgHNR5WMCMmoJ9NhpU4FY=) spawned TraderPlus_Money_Dollar1 at <5306.637695, 4.896579, 12446.173828>
20.05.2021 13:46:51 [ZomBerryAdmin]: BnYrB (mBNlxASsPlOcry0dpDl8K-WgHNR5WMCMmoJ9NhpU4FY=) spawned TraderPlus_Money_Dollar1 at <5306.637695, 4.896579, 12446.173828>
20.05.2021 13:46:51 [ZomBerryAdmin]: BnYrB (mBNlxASsPlOcry0dpDl8K-WgHNR5WMCMmoJ9NhpU4FY=) spawned TraderPlus_Money_Dollar1 at <5306.637695, 4.896579, 12446.173828>
20.05.2021 13:46:52 [ZomBerryAdmin]: BnYrB (mBNlxASsPlOcry0dpDl8K-WgHNR5WMCMmoJ9NhpU4FY=) spawned TraderPlus_Money_Dollar1 at <5306.637695, 4.896579, 12446.173828>
20.05.2021 13:47:43 [ZomBerryDbg]: BnYrB (mBNlxASsPlOcry0dpDl8K-WgHNR5WMCMmoJ9NhpU4FY=) - player list sync
20.05.2021 13:47:43 [ZomBerryDbg]: BnYrB (mBNlxASsPlOcry0dpDl8K-WgHNR5WMCMmoJ9NhpU4FY=) - function list sync
20.05.2021 13:47:51 [ZomBerryAdmin]: BnYrB (mBNlxASsPlOcry0dpDl8K-WgHNR5WMCMmoJ9NhpU4FY=) spawned Msp_MilitaryCrate_Green at <5306.102539, 4.898109, 12434.783203>
20.05.2021 13:48:07 [ZomBerryAdmin]: BnYrB (mBNlxASsPlOcry0dpDl8K-WgHNR5WMCMmoJ9NhpU4FY=) spawned ArmorRack_Kit at <5306.102539, 4.898109, 12434.783203>
20.05.2021 13:48:08 [ZomBerryAdmin]: BnYrB (mBNlxASsPlOcry0dpDl8K-WgHNR5WMCMmoJ9NhpU4FY=) spawned ArmorRack_Kit at <5306.102539, 4.898109, 12434.783203>
20.05.2021 13:48:09 [ZomBerryAdmin]: BnYrB (mBNlxASsPlOcry0dpDl8K-WgHNR5WMCMmoJ9NhpU4FY=) spawned ArmorRack_Kit at <5306.102539, 4.898109, 12434.783203>
20.05.2021 13:48:10 [ZomBerryAdmin]: BnYrB (mBNlxASsPlOcry0dpDl8K-WgHNR5WMCMmoJ9NhpU4FY=) spawned ArmorRack_Kit at <5306.102539, 4.898109, 12434.783203>
20.05.2021 13:48:10 [ZomBerryAdmin]: BnYrB (mBNlxASsPlOcry0dpDl8K-WgHNR5WMCMmoJ9NhpU4FY=) spawned ArmorRack_Kit at <5306.102539, 4.898109, 12434.783203>
20.05.2021 13:48:31 [ZomBerryDbg]: BnYrB (mBNlxASsPlOcry0dpDl8K-WgHNR5WMCMmoJ9NhpU4FY=) - player list sync
20.05.2021 13:48:31 [ZomBerryDbg]: BnYrB (mBNlxASsPlOcry0dpDl8K-WgHNR5WMCMmoJ9NhpU4FY=) - function list sync
20.05.2021 13:48:38 [ZomBerryAdmin]: BnYrB (mBNlxASsPlOcry0dpDl8K-WgHNR5WMCMmoJ9NhpU4FY=) spawned AmmoBox_556x45Tracer_20Rnd at <5306.577148, 4.898127, 12434.991211>
20.05.2021 13:48:38 [ZomBerryAdmin]: BnYrB (mBNlxASsPlOcry0dpDl8K-WgHNR5WMCMmoJ9NhpU4FY=) spawned AmmoBox_556x45Tracer_20Rnd at <5306.577148, 4.898127, 12434.991211>
20.05.2021 13:48:38 [ZomBerryAdmin]: BnYrB (mBNlxASsPlOcry0dpDl8K-WgHNR5WMCMmoJ9NhpU4FY=) spawned AmmoBox_556x45Tracer_20Rnd at <5306.577148, 4.898127, 12434.991211>
20.05.2021 13:48:38 [ZomBerryAdmin]: BnYrB (mBNlxASsPlOcry0dpDl8K-WgHNR5WMCMmoJ9NhpU4FY=) spawned AmmoBox_556x45Tracer_20Rnd at <5306.577148, 4.898127, 12434.991211>
20.05.2021 13:48:39 [ZomBerryAdmin]: BnYrB (mBNlxASsPlOcry0dpDl8K-WgHNR5WMCMmoJ9NhpU4FY=) spawned AmmoBox_556x45Tracer_20Rnd at <5306.577148, 4.898127, 12434.991211>
20.05.2021 13:48:39 [ZomBerryAdmin]: BnYrB (mBNlxASsPlOcry0dpDl8K-WgHNR5WMCMmoJ9NhpU4FY=) spawned AmmoBox_556x45Tracer_20Rnd at <5306.577148, 4.898127, 12434.991211>
20.05.2021 13:48:39 [ZomBerryAdmin]: BnYrB (mBNlxASsPlOcry0dpDl8K-WgHNR5WMCMmoJ9NhpU4FY=) spawned AmmoBox_556x45Tracer_20Rnd at <5306.577148, 4.898127, 12434.991211>
20.05.2021 13:48:39 [ZomBerryAdmin]: BnYrB (mBNlxASsPlOcry0dpDl8K-WgHNR5WMCMmoJ9NhpU4FY=) spawned AmmoBox_556x45Tracer_20Rnd at <5306.577148, 4.898127, 12434.991211>
20.05.2021 13:48:39 [ZomBerryAdmin]: BnYrB (mBNlxASsPlOcry0dpDl8K-WgHNR5WMCMmoJ9NhpU4FY=) spawned AmmoBox_556x45Tracer_20Rnd at <5306.577148, 4.898127, 12434.991211>
20.05.2021 13:48:40 [ZomBerryAdmin]: BnYrB (mBNlxASsPlOcry0dpDl8K-WgHNR5WMCMmoJ9NhpU4FY=) spawned AmmoBox_556x45Tracer_20Rnd at <5306.577148, 4.898127, 12434.991211>
20.05.2021 13:48:40 [ZomBerryAdmin]: BnYrB (mBNlxASsPlOcry0dpDl8K-WgHNR5WMCMmoJ9NhpU4FY=) spawned AmmoBox_556x45Tracer_20Rnd at <5306.577148, 4.898127, 12434.991211>
20.05.2021 13:48:40 [ZomBerryAdmin]: BnYrB (mBNlxASsPlOcry0dpDl8K-WgHNR5WMCMmoJ9NhpU4FY=) spawned AmmoBox_556x45Tracer_20Rnd at <5306.577148, 4.898127, 12434.991211>
20.05.2021 13:48:48 [ZomBerryAdmin]: BnYrB (mBNlxASsPlOcry0dpDl8K-WgHNR5WMCMmoJ9NhpU4FY=) spawned Mag_AKM_30Rnd at <5306.577148, 4.898127, 12434.991211>
20.05.2021 13:48:48 [ZomBerryAdmin]: BnYrB (mBNlxASsPlOcry0dpDl8K-WgHNR5WMCMmoJ9NhpU4FY=) spawned Mag_AKM_30Rnd at <5306.577148, 4.898127, 12434.991211>
20.05.2021 13:48:48 [ZomBerryAdmin]: BnYrB (mBNlxASsPlOcry0dpDl8K-WgHNR5WMCMmoJ9NhpU4FY=) spawned Mag_AKM_30Rnd at <5306.577148, 4.898127, 12434.991211>
20.05.2021 13:48:49 [ZomBerryAdmin]: BnYrB (mBNlxASsPlOcry0dpDl8K-WgHNR5WMCMmoJ9NhpU4FY=) spawned Mag_AKM_30Rnd at <5306.577148, 4.898127, 12434.991211>
20.05.2021 13:48:49 [ZomBerryAdmin]: BnYrB (mBNlxASsPlOcry0dpDl8K-WgHNR5WMCMmoJ9NhpU4FY=) spawned Mag_AKM_30Rnd at <5306.577148, 4.898127, 12434.991211>
20.05.2021 13:48:50 [ZomBerryAdmin]: BnYrB (mBNlxASsPlOcry0dpDl8K-WgHNR5WMCMmoJ9NhpU4FY=) spawned AKM at <5306.577148, 4.898127, 12434.991211>
20.05.2021 13:48:53 [ZomBerryAdmin]: BnYrB (mBNlxASsPlOcry0dpDl8K-WgHNR5WMCMmoJ9NhpU4FY=) spawned Mag_AKM_Drum75Rnd_Black at <5306.577148, 4.898127, 12434.991211>
20.05.2021 13:48:54 [ZomBerryAdmin]: BnYrB (mBNlxASsPlOcry0dpDl8K-WgHNR5WMCMmoJ9NhpU4FY=) spawned Mag_AKM_Drum75Rnd_Green at <5306.577148, 4.898127, 12434.991211>
20.05.2021 13:50:45 [ZomBerryDbg]: BnYrB (mBNlxASsPlOcry0dpDl8K-WgHNR5WMCMmoJ9NhpU4FY=) - player list sync
20.05.2021 13:50:45 [ZomBerryDbg]: BnYrB (mBNlxASsPlOcry0dpDl8K-WgHNR5WMCMmoJ9NhpU4FY=) - function list sync
20.05.2021 13:50:53 [ZomBerryAdmin]: BnYrB (mBNlxASsPlOcry0dpDl8K-WgHNR5WMCMmoJ9NhpU4FY=) spawned Msp_MilitaryCrate_Tan at <5297.147461, 4.896799, 12440.464844>
20.05.2021 13:51:04 [ZomBerryDbg]: BnYrB (mBNlxASsPlOcry0dpDl8K-WgHNR5WMCMmoJ9NhpU4FY=) - player list sync
20.05.2021 13:51:04 [ZomBerryDbg]: BnYrB (mBNlxASsPlOcry0dpDl8K-WgHNR5WMCMmoJ9NhpU4FY=) - function list sync
20.05.2021 13:51:16 [ZomBerryAdmin]: BnYrB (mBNlxASsPlOcry0dpDl8K-WgHNR5WMCMmoJ9NhpU4FY=) spawned TWP_AR15Cannabis_mag_30Rnd at <5296.888184, 4.896841, 12440.020508>
20.05.2021 13:51:16 [ZomBerryAdmin]: BnYrB (mBNlxASsPlOcry0dpDl8K-WgHNR5WMCMmoJ9NhpU4FY=) spawned TWP_AR15Cannabis_mag_30Rnd at <5296.888184, 4.896841, 12440.020508>
20.05.2021 13:51:16 [ZomBerryAdmin]: BnYrB (mBNlxASsPlOcry0dpDl8K-WgHNR5WMCMmoJ9NhpU4FY=) spawned TWP_AR15Cannabis_mag_30Rnd at <5296.888184, 4.896841, 12440.020508>
20.05.2021 13:51:16 [ZomBerryAdmin]: BnYrB (mBNlxASsPlOcry0dpDl8K-WgHNR5WMCMmoJ9NhpU4FY=) spawned TWP_AR15Cannabis_mag_30Rnd at <5296.888184, 4.896841, 12440.020508>
20.05.2021 13:51:16 [ZomBerryAdmin]: BnYrB (mBNlxASsPlOcry0dpDl8K-WgHNR5WMCMmoJ9NhpU4FY=) spawned TWP_AR15Cannabis_mag_30Rnd at <5296.888184, 4.896841, 12440.020508>
20.05.2021 13:51:17 [ZomBerryAdmin]: BnYrB (mBNlxASsPlOcry0dpDl8K-WgHNR5WMCMmoJ9NhpU4FY=) spawned TWP_AR15Cannabis_mag_30Rnd at <5296.888184, 4.896841, 12440.020508>
20.05.2021 13:51:17 [ZomBerryAdmin]: BnYrB (mBNlxASsPlOcry0dpDl8K-WgHNR5WMCMmoJ9NhpU4FY=) spawned TWP_AR15Cannabis_mag_30Rnd at <5296.888184, 4.896841, 12440.020508>
20.05.2021 13:51:17 [ZomBerryAdmin]: BnYrB (mBNlxASsPlOcry0dpDl8K-WgHNR5WMCMmoJ9NhpU4FY=) spawned TWP_AR15Cannabis_mag_30Rnd at <5296.888184, 4.896841, 12440.020508>
20.05.2021 13:51:18 [ZomBerryAdmin]: BnYrB (mBNlxASsPlOcry0dpDl8K-WgHNR5WMCMmoJ9NhpU4FY=) spawned TWP_AR15_Cannabis at <5296.888184, 4.896841, 12440.020508>
20.05.2021 13:51:25 [ZomBerryAdmin]: BnYrB (mBNlxASsPlOcry0dpDl8K-WgHNR5WMCMmoJ9NhpU4FY=) spawned CP_CannabisBrickBlackFrost at <5296.888184, 4.896841, 12440.020508>
20.05.2021 13:51:25 [ZomBerryAdmin]: BnYrB (mBNlxASsPlOcry0dpDl8K-WgHNR5WMCMmoJ9NhpU4FY=) spawned CP_CannabisBrickBlackFrost at <5296.888184, 4.896841, 12440.020508>
20.05.2021 13:51:25 [ZomBerryAdmin]: BnYrB (mBNlxASsPlOcry0dpDl8K-WgHNR5WMCMmoJ9NhpU4FY=) spawned CP_CannabisBrickNomad at <5296.888184, 4.896841, 12440.020508>
20.05.2021 13:51:26 [ZomBerryAdmin]: BnYrB (mBNlxASsPlOcry0dpDl8K-WgHNR5WMCMmoJ9NhpU4FY=) spawned CP_CannabisBrickS1 at <5296.888184, 4.896841, 12440.020508>
20.05.2021 13:51:26 [ZomBerryAdmin]: BnYrB (mBNlxASsPlOcry0dpDl8K-WgHNR5WMCMmoJ9NhpU4FY=) spawned CP_CannabisBrickStardawg at <5296.888184, 4.896841, 12440.020508>
20.05.2021 13:51:27 [ZomBerryAdmin]: BnYrB (mBNlxASsPlOcry0dpDl8K-WgHNR5WMCMmoJ9NhpU4FY=) spawned CP_CannabisBrickFuture at <5296.888184, 4.896841, 12440.020508>
20.05.2021 13:51:28 [ZomBerryAdmin]: BnYrB (mBNlxASsPlOcry0dpDl8K-WgHNR5WMCMmoJ9NhpU4FY=) spawned CP_CannabisBrickBlue at <5296.888184, 4.896841, 12440.020508>
20.05.2021 13:51:29 [ZomBerryAdmin]: BnYrB (mBNlxASsPlOcry0dpDl8K-WgHNR5WMCMmoJ9NhpU4FY=) spawned CP_CannabisBrickSkunk at <5296.888184, 4.896841, 12440.020508>
20.05.2021 13:51:29 [ZomBerryAdmin]: BnYrB (mBNlxASsPlOcry0dpDl8K-WgHNR5WMCMmoJ9NhpU4FY=) spawned BBP_Concrete_Brick_Pile at <5296.888184, 4.896841, 12440.020508>
20.05.2021 13:52:24 [ZomBerryDbg]: BnYrB (mBNlxASsPlOcry0dpDl8K-WgHNR5WMCMmoJ9NhpU4FY=) - player list sync
20.05.2021 13:52:24 [ZomBerryDbg]: BnYrB (mBNlxASsPlOcry0dpDl8K-WgHNR5WMCMmoJ9NhpU4FY=) - function list sync
20.05.2021 13:52:25 [ZomBerryAdmin]: BnYrB (mBNlxASsPlOcry0dpDl8K-WgHNR5WMCMmoJ9NhpU4FY=) executed FreeCamAdm
20.05.2021 13:52:38 [ZomBerryDbg]: BnYrB (mBNlxASsPlOcry0dpDl8K-WgHNR5WMCMmoJ9NhpU4FY=) - player list sync
20.05.2021 13:52:38 [ZomBerryDbg]: BnYrB (mBNlxASsPlOcry0dpDl8K-WgHNR5WMCMmoJ9NhpU4FY=) - function list sync
20.05.2021 13:52:42 [ZomBerryDbg]: BnYrB (mBNlxASsPlOcry0dpDl8K-WgHNR5WMCMmoJ9NhpU4FY=) - player list sync
20.05.2021 13:52:42 [ZomBerryDbg]: BnYrB (mBNlxASsPlOcry0dpDl8K-WgHNR5WMCMmoJ9NhpU4FY=) - function list sync
20.05.2021 13:52:44 [ZomBerryAdmin]: BnYrB (mBNlxASsPlOcry0dpDl8K-WgHNR5WMCMmoJ9NhpU4FY=) executed FreeCamAdm
20.05.2021 13:52:53 [ZomBerryDbg]: BnYrB (mBNlxASsPlOcry0dpDl8K-WgHNR5WMCMmoJ9NhpU4FY=) - player list sync
20.05.2021 13:52:53 [ZomBerryDbg]: BnYrB (mBNlxASsPlOcry0dpDl8K-WgHNR5WMCMmoJ9NhpU4FY=) - function list sync
20.05.2021 13:53:03 [ZomBerryAdmin]: BnYrB (mBNlxASsPlOcry0dpDl8K-WgHNR5WMCMmoJ9NhpU4FY=) spawned BBP_Concrete_Brick_Pile at <5296.573730, 4.896843, 12440.255859>
20.05.2021 13:53:03 [ZomBerryAdmin]: BnYrB (mBNlxASsPlOcry0dpDl8K-WgHNR5WMCMmoJ9NhpU4FY=) spawned BBP_Concrete_Brick_Pile at <5296.573730, 4.896843, 12440.255859>
20.05.2021 13:53:03 [ZomBerryAdmin]: BnYrB (mBNlxASsPlOcry0dpDl8K-WgHNR5WMCMmoJ9NhpU4FY=) spawned BBP_Concrete_Brick_Pile at <5296.573730, 4.896843, 12440.255859>
20.05.2021 13:53:03 [ZomBerryAdmin]: BnYrB (mBNlxASsPlOcry0dpDl8K-WgHNR5WMCMmoJ9NhpU4FY=) spawned BBP_Concrete_Brick_Pile at <5296.573730, 4.896843, 12440.255859>
20.05.2021 13:53:04 [ZomBerryAdmin]: BnYrB (mBNlxASsPlOcry0dpDl8K-WgHNR5WMCMmoJ9NhpU4FY=) spawned BBP_Concrete_Brick_Pile at <5296.573730, 4.896843, 12440.255859>
20.05.2021 13:53:04 [ZomBerryAdmin]: BnYrB (mBNlxASsPlOcry0dpDl8K-WgHNR5WMCMmoJ9NhpU4FY=) spawned BBP_Concrete_Brick_Pile at <5296.573730, 4.896843, 12440.255859>
20.05.2021 13:53:05 [ZomBerryAdmin]: BnYrB (mBNlxASsPlOcry0dpDl8K-WgHNR5WMCMmoJ9NhpU4FY=) spawned BBP_Cement at <5296.573730, 4.896843, 12440.255859>
20.05.2021 13:53:05 [ZomBerryAdmin]: BnYrB (mBNlxASsPlOcry0dpDl8K-WgHNR5WMCMmoJ9NhpU4FY=) spawned BBP_Cement at <5296.573730, 4.896843, 12440.255859>
20.05.2021 13:53:05 [ZomBerryAdmin]: BnYrB (mBNlxASsPlOcry0dpDl8K-WgHNR5WMCMmoJ9NhpU4FY=) spawned BBP_Cement at <5296.573730, 4.896843, 12440.255859>
20.05.2021 13:53:06 [ZomBerryAdmin]: BnYrB (mBNlxASsPlOcry0dpDl8K-WgHNR5WMCMmoJ9NhpU4FY=) spawned BBP_Cement at <5296.573730, 4.896843, 12440.255859>
20.05.2021 13:53:06 [ZomBerryAdmin]: BnYrB (mBNlxASsPlOcry0dpDl8K-WgHNR5WMCMmoJ9NhpU4FY=) spawned BBP_Cement at <5296.573730, 4.896843, 12440.255859>
20.05.2021 13:53:06 [ZomBerryAdmin]: BnYrB (mBNlxASsPlOcry0dpDl8K-WgHNR5WMCMmoJ9NhpU4FY=) spawned BBP_Cement at <5296.573730, 4.896843, 12440.255859>
20.05.2021 13:53:06 [ZomBerryAdmin]: BnYrB (mBNlxASsPlOcry0dpDl8K-WgHNR5WMCMmoJ9NhpU4FY=) spawned BBP_Cement at <5296.573730, 4.896843, 12440.255859>
20.05.2021 13:53:06 [ZomBerryAdmin]: BnYrB (mBNlxASsPlOcry0dpDl8K-WgHNR5WMCMmoJ9NhpU4FY=) spawned BBP_Cement at <5296.573730, 4.896843, 12440.255859>
20.05.2021 13:53:35 [ZomBerryDbg]: BnYrB (mBNlxASsPlOcry0dpDl8K-WgHNR5WMCMmoJ9NhpU4FY=) - player list sync
20.05.2021 13:53:35 [ZomBerryDbg]: BnYrB (mBNlxASsPlOcry0dpDl8K-WgHNR5WMCMmoJ9NhpU4FY=) - function list sync
20.05.2021 13:53:36 [ZomBerryAdmin]: BnYrB (mBNlxASsPlOcry0dpDl8K-WgHNR5WMCMmoJ9NhpU4FY=) executed FreeCamAdm
20.05.2021 13:53:46 [ZomBerryDbg]: BnYrB (mBNlxASsPlOcry0dpDl8K-WgHNR5WMCMmoJ9NhpU4FY=) - player list sync
20.05.2021 13:53:46 [ZomBerryDbg]: BnYrB (mBNlxASsPlOcry0dpDl8K-WgHNR5WMCMmoJ9NhpU4FY=) - function list sync
20.05.2021 13:53:48 [ZomBerryAdmin]: BnYrB (mBNlxASsPlOcry0dpDl8K-WgHNR5WMCMmoJ9NhpU4FY=) executed TPCur
20.05.2021 14:04:27 [ZomBerryDbg]: Auth Request ignored (not an admin) [H]unter (bKFLxfO26A9DWp2ngVl7UZGWklUhkyVIJN2oCKmBVMU=)
20.05.2021 14:05:44 [ZomBerryDbg]: Auth Request ignored (not an admin) Mr Wolf (IAKLKM33p7NYLhkk5leT5VYzSRy1qFQhXQui2bdgnIY=)
20.05.2021 14:11:38 [ZomBerryDbg]: Auth Request ignored (not an admin) Mr Wolf (IAKLKM33p7NYLhkk5leT5VYzSRy1qFQhXQui2bdgnIY=)
20.05.2021 14:24:22 [ZomBerryDbg]: Auth Request ignored (not an admin) Squirrel (p7qeSyX8z4eYU_ntAEIdkxneBQAcmHVr-nfzIicGftc=)
20.05.2021 14:34:02 [ZomBerryDbg]: Auth Request ignored (not an admin) Jimmy Nickels (Pk9FmI0iGIJV90L0o-uI7ivHc45DZnNcAVX3v1GVD5Y=)
20.05.2021 14:42:19 [ZomBerryDbg]: Auth Request ignored (not an admin) Mrs Wolf (MO9bsrzUlrPmo7l9-koFMw3QXC_LzL6k5LbtTHj-bI0=)
20.05.2021 15:00:45 [ZomBerryDbg]: Auth respond to admin BnYrB (mBNlxASsPlOcry0dpDl8K-WgHNR5WMCMmoJ9NhpU4FY=)
20.05.2021 15:01:12 [ZomBerryDbg]: BnYrB (mBNlxASsPlOcry0dpDl8K-WgHNR5WMCMmoJ9NhpU4FY=) - player list sync
20.05.2021 15:01:12 [ZomBerryDbg]: BnYrB (mBNlxASsPlOcry0dpDl8K-WgHNR5WMCMmoJ9NhpU4FY=) - function list sync
20.05.2021 15:01:21 [ZomBerryAdmin]: BnYrB (mBNlxASsPlOcry0dpDl8K-WgHNR5WMCMmoJ9NhpU4FY=) added AirdropFlare to theirs inventory
20.05.2021 15:03:10 [ZomBerryDbg]: BnYrB (mBNlxASsPlOcry0dpDl8K-WgHNR5WMCMmoJ9NhpU4FY=) - player list sync
20.05.2021 15:03:10 [ZomBerryDbg]: BnYrB (mBNlxASsPlOcry0dpDl8K-WgHNR5WMCMmoJ9NhpU4FY=) - function list sync
20.05.2021 15:03:57 [ZomBerryAdmin]: BnYrB (mBNlxASsPlOcry0dpDl8K-WgHNR5WMCMmoJ9NhpU4FY=) executed FreeCamAdm
20.05.2021 15:04:37 [ZomBerryDbg]: BnYrB (mBNlxASsPlOcry0dpDl8K-WgHNR5WMCMmoJ9NhpU4FY=) - player list sync
20.05.2021 15:04:37 [ZomBerryDbg]: BnYrB (mBNlxASsPlOcry0dpDl8K-WgHNR5WMCMmoJ9NhpU4FY=) - function list sync
20.05.2021 15:04:38 [ZomBerryAdmin]: BnYrB (mBNlxASsPlOcry0dpDl8K-WgHNR5WMCMmoJ9NhpU4FY=) executed TPCur
20.05.2021 15:04:52 [ZomBerryDbg]: BnYrB (mBNlxASsPlOcry0dpDl8K-WgHNR5WMCMmoJ9NhpU4FY=) - player list sync
20.05.2021 15:04:52 [ZomBerryDbg]: BnYrB (mBNlxASsPlOcry0dpDl8K-WgHNR5WMCMmoJ9NhpU4FY=) - function list sync
20.05.2021 15:05:00 [ZomBerryAdmin]: BnYrB (mBNlxASsPlOcry0dpDl8K-WgHNR5WMCMmoJ9NhpU4FY=) spawned TWP_HoneyBadger_mag_40Rnd at <5378.931152, 18.918772, 12497.875977>
20.05.2021 15:05:03 [ZomBerryAdmin]: BnYrB (mBNlxASsPlOcry0dpDl8K-WgHNR5WMCMmoJ9NhpU4FY=) spawned TWP_HoneyBadgerBW_mag_40Rnd at <5378.930176, 18.939400, 12497.900391>
20.05.2021 15:05:04 [ZomBerryAdmin]: BnYrB (mBNlxASsPlOcry0dpDl8K-WgHNR5WMCMmoJ9NhpU4FY=) spawned TWP_HoneyBadgerBlueWhite at <5378.930664, 18.939880, 12497.901367>
20.05.2021 15:05:05 [ZomBerryAdmin]: BnYrB (mBNlxASsPlOcry0dpDl8K-WgHNR5WMCMmoJ9NhpU4FY=) spawned TWP_HoneyBadgerBlueWhite at <5378.930664, 18.939880, 12497.901367>
20.05.2021 15:05:09 [ZomBerryAdmin]: BnYrB (mBNlxASsPlOcry0dpDl8K-WgHNR5WMCMmoJ9NhpU4FY=) spawned TWP_HoneyBadgerBW_mag_40Rnd at <5378.930664, 18.939880, 12497.901367>
20.05.2021 15:05:09 [ZomBerryAdmin]: BnYrB (mBNlxASsPlOcry0dpDl8K-WgHNR5WMCMmoJ9NhpU4FY=) spawned TWP_HoneyBadgerBW_mag_40Rnd at <5378.930176, 18.940142, 12497.901367>
20.05.2021 15:05:09 [ZomBerryAdmin]: BnYrB (mBNlxASsPlOcry0dpDl8K-WgHNR5WMCMmoJ9NhpU4FY=) spawned TWP_HoneyBadgerBW_mag_40Rnd at <5378.930176, 18.940142, 12497.901367>
20.05.2021 15:05:10 [ZomBerryAdmin]: BnYrB (mBNlxASsPlOcry0dpDl8K-WgHNR5WMCMmoJ9NhpU4FY=) spawned TWP_HoneyBadgerBW_mag_40Rnd at <5378.930176, 18.940142, 12497.901367>
20.05.2021 15:05:10 [ZomBerryAdmin]: BnYrB (mBNlxASsPlOcry0dpDl8K-WgHNR5WMCMmoJ9NhpU4FY=) spawned TWP_HoneyBadgerBW_mag_40Rnd at <5378.931641, 18.939802, 12497.902344>
20.05.2021 15:05:10 [ZomBerryAdmin]: BnYrB (mBNlxASsPlOcry0dpDl8K-WgHNR5WMCMmoJ9NhpU4FY=) spawned TWP_HoneyBadgerBW_mag_40Rnd at <5378.931641, 18.939802, 12497.902344>
20.05.2021 15:05:11 [ZomBerryAdmin]: BnYrB (mBNlxASsPlOcry0dpDl8K-WgHNR5WMCMmoJ9NhpU4FY=) spawned TWP_HoneyBadgerBW_mag_40Rnd at <5378.931641, 18.939802, 12497.902344>
20.05.2021 15:05:11 [ZomBerryAdmin]: BnYrB (mBNlxASsPlOcry0dpDl8K-WgHNR5WMCMmoJ9NhpU4FY=) spawned TWP_HoneyBadgerBW_mag_40Rnd at <5378.931641, 18.939802, 12497.902344>
20.05.2021 15:05:11 [ZomBerryAdmin]: BnYrB (mBNlxASsPlOcry0dpDl8K-WgHNR5WMCMmoJ9NhpU4FY=) spawned TWP_HoneyBadgerBW_mag_40Rnd at <5378.931641, 18.939802, 12497.902344>
20.05.2021 15:05:12 [ZomBerryAdmin]: BnYrB (mBNlxASsPlOcry0dpDl8K-WgHNR5WMCMmoJ9NhpU4FY=) spawned TWP_HoneyBadgerBW_mag_40Rnd at <5378.931641, 18.939802, 12497.902344>
20.05.2021 15:05:16 [ZomBerryDbg]: BnYrB (mBNlxASsPlOcry0dpDl8K-WgHNR5WMCMmoJ9NhpU4FY=) - player list sync
20.05.2021 15:05:16 [ZomBerryDbg]: BnYrB (mBNlxASsPlOcry0dpDl8K-WgHNR5WMCMmoJ9NhpU4FY=) - function list sync
20.05.2021 15:05:22 [ZomBerryAdmin]: BnYrB (mBNlxASsPlOcry0dpDl8K-WgHNR5WMCMmoJ9NhpU4FY=) spawned TWP_AK47Tactical_mag_45Rnd at <5377.242676, 18.922169, 12497.284180>
20.05.2021 15:05:22 [ZomBerryAdmin]: BnYrB (mBNlxASsPlOcry0dpDl8K-WgHNR5WMCMmoJ9NhpU4FY=) spawned TWP_AK47Tactical_mag_45Rnd at <5377.254395, 18.938095, 12497.307617>
20.05.2021 15:05:22 [ZomBerryAdmin]: BnYrB (mBNlxASsPlOcry0dpDl8K-WgHNR5WMCMmoJ9NhpU4FY=) spawned TWP_AK47Tactical_mag_45Rnd at <5377.254395, 18.937630, 12497.308594>
20.05.2021 15:05:26 [ZomBerryDbg]: BnYrB (mBNlxASsPlOcry0dpDl8K-WgHNR5WMCMmoJ9NhpU4FY=) - player list sync
20.05.2021 15:05:26 [ZomBerryDbg]: BnYrB (mBNlxASsPlOcry0dpDl8K-WgHNR5WMCMmoJ9NhpU4FY=) - function list sync
20.05.2021 15:05:35 [ZomBerryDbg]: BnYrB (mBNlxASsPlOcry0dpDl8K-WgHNR5WMCMmoJ9NhpU4FY=) - player list sync
20.05.2021 15:05:35 [ZomBerryDbg]: BnYrB (mBNlxASsPlOcry0dpDl8K-WgHNR5WMCMmoJ9NhpU4FY=) - function list sync
20.05.2021 15:05:37 [ZomBerryAdmin]: BnYrB (mBNlxASsPlOcry0dpDl8K-WgHNR5WMCMmoJ9NhpU4FY=) executed TPCur
20.05.2021 15:05:52 [ZomBerryDbg]: BnYrB (mBNlxASsPlOcry0dpDl8K-WgHNR5WMCMmoJ9NhpU4FY=) - player list sync
20.05.2021 15:05:52 [ZomBerryDbg]: BnYrB (mBNlxASsPlOcry0dpDl8K-WgHNR5WMCMmoJ9NhpU4FY=) - function list sync
20.05.2021 15:05:58 [ZomBerryAdmin]: BnYrB (mBNlxASsPlOcry0dpDl8K-WgHNR5WMCMmoJ9NhpU4FY=) spawned TWP_M1Carbine_mag_15Rnd at <5378.567871, 18.134823, 12498.889648>
20.05.2021 15:05:58 [ZomBerryAdmin]: BnYrB (mBNlxASsPlOcry0dpDl8K-WgHNR5WMCMmoJ9NhpU4FY=) spawned TWP_M1Carbine_mag_15Rnd at <5378.565918, 18.144444, 12498.905273>
20.05.2021 15:05:58 [ZomBerryAdmin]: BnYrB (mBNlxASsPlOcry0dpDl8K-WgHNR5WMCMmoJ9NhpU4FY=) spawned TWP_M1Carbine_mag_15Rnd at <5378.566895, 18.144947, 12498.905273>
20.05.2021 15:05:58 [ZomBerryAdmin]: BnYrB (mBNlxASsPlOcry0dpDl8K-WgHNR5WMCMmoJ9NhpU4FY=) spawned TWP_M1Carbine_mag_15Rnd at <5378.565918, 18.144125, 12498.906250>
20.05.2021 15:05:58 [ZomBerryAdmin]: BnYrB (mBNlxASsPlOcry0dpDl8K-WgHNR5WMCMmoJ9NhpU4FY=) spawned TWP_M1Carbine_mag_15Rnd at <5378.565918, 18.144125, 12498.906250>
20.05.2021 15:05:59 [ZomBerryAdmin]: BnYrB (mBNlxASsPlOcry0dpDl8K-WgHNR5WMCMmoJ9NhpU4FY=) spawned TWP_M1Carbine_mag_15Rnd at <5378.566406, 18.144499, 12498.906250>
20.05.2021 15:06:06 [ZomBerryAdmin]: BnYrB (mBNlxASsPlOcry0dpDl8K-WgHNR5WMCMmoJ9NhpU4FY=) spawned TWP_M1Carbine at <5378.566406, 18.144499, 12498.906250>
20.05.2021 15:11:37 [ZomBerryDbg]: Auth respond to admin BnYrB (mBNlxASsPlOcry0dpDl8K-WgHNR5WMCMmoJ9NhpU4FY=)
20.05.2021 15:11:57 [ZomBerryDbg]: BnYrB (mBNlxASsPlOcry0dpDl8K-WgHNR5WMCMmoJ9NhpU4FY=) - player list sync
20.05.2021 15:11:57 [ZomBerryDbg]: BnYrB (mBNlxASsPlOcry0dpDl8K-WgHNR5WMCMmoJ9NhpU4FY=) - function list sync
20.05.2021 15:11:58 [ZomBerryAdmin]: BnYrB (mBNlxASsPlOcry0dpDl8K-WgHNR5WMCMmoJ9NhpU4FY=) executed FreeCamAdm
20.05.2021 15:12:07 [ZomBerryDbg]: BnYrB (mBNlxASsPlOcry0dpDl8K-WgHNR5WMCMmoJ9NhpU4FY=) - player list sync
20.05.2021 15:12:07 [ZomBerryDbg]: BnYrB (mBNlxASsPlOcry0dpDl8K-WgHNR5WMCMmoJ9NhpU4FY=) - function list sync
20.05.2021 15:12:13 [ZomBerryAdmin]: BnYrB (mBNlxASsPlOcry0dpDl8K-WgHNR5WMCMmoJ9NhpU4FY=) spawned JMC_Animal_Polarbear at <5278.172363, 4.770023, 12381.413086>
20.05.2021 15:12:56 [ZomBerryDbg]: BnYrB (mBNlxASsPlOcry0dpDl8K-WgHNR5WMCMmoJ9NhpU4FY=) - player list sync
20.05.2021 15:12:56 [ZomBerryDbg]: BnYrB (mBNlxASsPlOcry0dpDl8K-WgHNR5WMCMmoJ9NhpU4FY=) - function list sync
20.05.2021 15:13:04 [ZomBerryAdmin]: BnYrB (mBNlxASsPlOcry0dpDl8K-WgHNR5WMCMmoJ9NhpU4FY=) spawned ZmbF_Clerk_Normal_Blue at <5275.033691, 4.770008, 12361.185547>
20.05.2021 15:13:06 [ZomBerryAdmin]: BnYrB (mBNlxASsPlOcry0dpDl8K-WgHNR5WMCMmoJ9NhpU4FY=) spawned ZmbF_ShortSkirt_yellow at <5275.033691, 4.770008, 12361.185547>
20.05.2021 15:13:08 [ZomBerryAdmin]: BnYrB (mBNlxASsPlOcry0dpDl8K-WgHNR5WMCMmoJ9NhpU4FY=) spawned ZmbM_Jacket_magenta at <5275.095215, 4.988932, 12361.421875>
20.05.2021 15:13:09 [ZomBerryAdmin]: BnYrB (mBNlxASsPlOcry0dpDl8K-WgHNR5WMCMmoJ9NhpU4FY=) spawned ZmbF_MilkMaidOld_Grey at <5275.033691, 4.770008, 12361.185547>
20.05.2021 15:13:12 [ZomBerryAdmin]: BnYrB (mBNlxASsPlOcry0dpDl8K-WgHNR5WMCMmoJ9NhpU4FY=) spawned ZmbF_ShortSkirt_red at <5275.033691, 4.770008, 12361.185547>
20.05.2021 15:13:14 [ZomBerryAdmin]: BnYrB (mBNlxASsPlOcry0dpDl8K-WgHNR5WMCMmoJ9NhpU4FY=) spawned ZmbM_HandymanNormal_Grey at <5275.092773, 4.977461, 12361.408203>
20.05.2021 15:13:17 [ZomBerryAdmin]: BnYrB (mBNlxASsPlOcry0dpDl8K-WgHNR5WMCMmoJ9NhpU4FY=) spawned ZmbM_HeavyIndustryWorker at <5275.095215, 4.982149, 12361.413086>
20.05.2021 15:13:17 [ZomBerryAdmin]: BnYrB (mBNlxASsPlOcry0dpDl8K-WgHNR5WMCMmoJ9NhpU4FY=) spawned ZmbM_ConstrWorkerNormal_Green at <5275.137695, 5.134769, 12361.577148>
20.05.2021 15:13:20 [ZomBerryAdmin]: BnYrB (mBNlxASsPlOcry0dpDl8K-WgHNR5WMCMmoJ9NhpU4FY=) spawned ZmbM_VillagerOld_Green at <5275.152832, 5.187745, 12361.634766>
20.05.2021 15:13:21 [ZomBerryAdmin]: BnYrB (mBNlxASsPlOcry0dpDl8K-WgHNR5WMCMmoJ9NhpU4FY=) spawned ZmbF_SkaterYoung_Brown at <5275.215332, 5.406604, 12361.869141>
20.05.2021 15:13:23 [ZomBerryAdmin]: BnYrB (mBNlxASsPlOcry0dpDl8K-WgHNR5WMCMmoJ9NhpU4FY=) spawned ZmbM_CommercialPilotOld_Olive at <5275.277344, 5.623497, 12362.101563>
20.05.2021 15:13:24 [ZomBerryAdmin]: BnYrB (mBNlxASsPlOcry0dpDl8K-WgHNR5WMCMmoJ9NhpU4FY=) spawned ZmbM_PatrolNormal_Flat at <5275.289551, 5.666752, 12362.149414>
20.05.2021 15:13:27 [ZomBerryAdmin]: BnYrB (mBNlxASsPlOcry0dpDl8K-WgHNR5WMCMmoJ9NhpU4FY=) spawned ZmbF_HikerSkinny_Grey at <5275.414063, 6.103612, 12362.617188>
20.05.2021 15:13:28 [ZomBerryAdmin]: BnYrB (mBNlxASsPlOcry0dpDl8K-WgHNR5WMCMmoJ9NhpU4FY=) spawned ZmbM_HunterOld_Winter at <5275.425781, 6.144983, 12362.662109>
20.05.2021 15:13:31 [ZomBerryDbg]: BnYrB (mBNlxASsPlOcry0dpDl8K-WgHNR5WMCMmoJ9NhpU4FY=) - player list sync
20.05.2021 15:13:31 [ZomBerryDbg]: BnYrB (mBNlxASsPlOcry0dpDl8K-WgHNR5WMCMmoJ9NhpU4FY=) - function list sync
20.05.2021 15:13:49 [ZomBerryDbg]: BnYrB (mBNlxASsPlOcry0dpDl8K-WgHNR5WMCMmoJ9NhpU4FY=) - player list sync
20.05.2021 15:13:49 [ZomBerryDbg]: BnYrB (mBNlxASsPlOcry0dpDl8K-WgHNR5WMCMmoJ9NhpU4FY=) - function list sync
20.05.2021 15:14:03 [ZomBerryAdmin]: BnYrB (mBNlxASsPlOcry0dpDl8K-WgHNR5WMCMmoJ9NhpU4FY=) spawned Animal_CanisLupus_White at <5274.833496, 4.770002, 12367.143555>
20.05.2021 15:14:07 [ZomBerryAdmin]: BnYrB (mBNlxASsPlOcry0dpDl8K-WgHNR5WMCMmoJ9NhpU4FY=) spawned Animal_CanisLupus_Grey at <5274.833496, 4.770002, 12367.143555>
20.05.2021 15:14:11 [ZomBerryAdmin]: BnYrB (mBNlxASsPlOcry0dpDl8K-WgHNR5WMCMmoJ9NhpU4FY=) spawned Animal_CanisDirus at <5275.001465, 5.338604, 12367.599609>
20.05.2021 15:14:15 [ZomBerryAdmin]: BnYrB (mBNlxASsPlOcry0dpDl8K-WgHNR5WMCMmoJ9NhpU4FY=) spawned Animal_CanisDirus at <5274.833496, 4.770002, 12367.143555>
20.05.2021 15:14:24 [ZomBerryAdmin]: BnYrB (mBNlxASsPlOcry0dpDl8K-WgHNR5WMCMmoJ9NhpU4FY=) spawned ZmbF_MilkMaidOld_Black at <5274.833496, 4.770002, 12367.143555>
20.05.2021 15:14:24 [ZomBerryAdmin]: BnYrB (mBNlxASsPlOcry0dpDl8K-WgHNR5WMCMmoJ9NhpU4FY=) spawned ZmbF_Clerk_Normal_White at <5274.969238, 5.231761, 12367.513672>
20.05.2021 15:14:25 [ZomBerryAdmin]: BnYrB (mBNlxASsPlOcry0dpDl8K-WgHNR5WMCMmoJ9NhpU4FY=) spawned ZmbF_ShortSkirt_green at <5274.833496, 4.770002, 12367.143555>
20.05.2021 15:14:25 [ZomBerryAdmin]: BnYrB (mBNlxASsPlOcry0dpDl8K-WgHNR5WMCMmoJ9NhpU4FY=) spawned ZmbM_Jacket_blue at <5274.833496, 4.770002, 12367.143555>
20.05.2021 15:14:27 [ZomBerryAdmin]: BnYrB (mBNlxASsPlOcry0dpDl8K-WgHNR5WMCMmoJ9NhpU4FY=) spawned ZmbM_OffshoreWorker_Green at <5275.087891, 5.634045, 12367.836914>
20.05.2021 15:14:28 [ZomBerryAdmin]: BnYrB (mBNlxASsPlOcry0dpDl8K-WgHNR5WMCMmoJ9NhpU4FY=) spawned ZmbM_HandymanNormal_Green at <5275.226563, 6.104527, 12368.213867>
20.05.2021 15:14:30 [ZomBerryAdmin]: BnYrB (mBNlxASsPlOcry0dpDl8K-WgHNR5WMCMmoJ9NhpU4FY=) spawned ZmbM_OffshoreWorker_Green at <5275.291992, 6.326818, 12368.391602>
20.05.2021 15:14:30 [ZomBerryAdmin]: BnYrB (mBNlxASsPlOcry0dpDl8K-WgHNR5WMCMmoJ9NhpU4FY=) spawned ZmbM_MechanicSkinny_Green at <5275.301758, 6.361197, 12368.418945>
20.05.2021 15:14:32 [ZomBerryAdmin]: BnYrB (mBNlxASsPlOcry0dpDl8K-WgHNR5WMCMmoJ9NhpU4FY=) spawned ZmbF_DoctorSkinny at <5275.368652, 6.589659, 12368.601563>
20.05.2021 15:14:34 [ZomBerryAdmin]: BnYrB (mBNlxASsPlOcry0dpDl8K-WgHNR5WMCMmoJ9NhpU4FY=) spawned ZmbM_SkaterYoung_Green at <5275.348633, 6.522985, 12368.548828>
20.05.2021 15:14:36 [ZomBerryAdmin]: BnYrB (mBNlxASsPlOcry0dpDl8K-WgHNR5WMCMmoJ9NhpU4FY=) spawned ZmbF_JoggerSkinny_Green at <5275.312500, 6.399240, 12368.449219>
20.05.2021 15:14:37 [ZomBerryAdmin]: BnYrB (mBNlxASsPlOcry0dpDl8K-WgHNR5WMCMmoJ9NhpU4FY=) spawned ZmbM_JoggerSkinny_Red at <5275.304688, 6.368463, 12368.426758>
20.05.2021 15:14:39 [ZomBerryAdmin]: BnYrB (mBNlxASsPlOcry0dpDl8K-WgHNR5WMCMmoJ9NhpU4FY=) spawned ZmbM_usSoldier_normal_Woodland at <5275.385254, 6.643364, 12368.645508>
20.05.2021 15:14:39 [ZomBerryAdmin]: BnYrB (mBNlxASsPlOcry0dpDl8K-WgHNR5WMCMmoJ9NhpU4FY=) spawned ZmbF_JoggerSkinny_Blue at <5275.399414, 6.692705, 12368.684570>
20.05.2021 16:37:02 [ZomBerryDbg]: Auth Request ignored (not an admin) Jace (3Yf4IjfITzHZ-KkF9CFJ068XfSnhNV9b1sfzHnfuZ24=)
20.05.2021 17:20:19 [ZomBerryDbg]: Auth Request ignored (not an admin) Squirrel (p7qeSyX8z4eYU_ntAEIdkxneBQAcmHVr-nfzIicGftc=)
20.05.2021 17:23:35 [ZomBerryDbg]: Auth Request ignored (not an admin) [H]unter (bKFLxfO26A9DWp2ngVl7UZGWklUhkyVIJN2oCKmBVMU=)
