---------------------------------------------
ZomBerry v0.6.2 log started at 08.05.2021 13:41:54

08.05.2021 13:41:54 [ZomBerryCmdAPI]: INFO: Added category OnTarget
08.05.2021 13:41:54 [ZomBerryCmdAPI]: INFO: Added function TPCur to category OnTarget
08.05.2021 13:41:54 [ZomBerryCmdAPI]: INFO: Added function TPForward to category OnTarget
08.05.2021 13:41:54 [ZomBerryCmdAPI]: INFO: Added function TPToTarget to category OnTarget
08.05.2021 13:41:54 [ZomBerryCmdAPI]: INFO: Added function TPToAdmin to category OnTarget
08.05.2021 13:41:54 [ZomBerryCmdAPI]: INFO: Added function HealTarget to category OnTarget
08.05.2021 13:41:54 [ZomBerryCmdAPI]: INFO: Added function GodTarget to category OnTarget
08.05.2021 13:41:54 [ZomBerryCmdAPI]: INFO: Added function RefuelAndRepair to category OnTarget
08.05.2021 13:41:54 [ZomBerryCmdAPI]: INFO: Added category ==
08.05.2021 13:41:54 [ZomBerryCmdAPI]: INFO: Added function KillTarget to category ==
08.05.2021 13:41:54 [ZomBerryCmdAPI]: INFO: Added function BiteTarget to category ==
08.05.2021 13:41:54 [ZomBerryCmdAPI]: INFO: Added function StripTarget to category ==
08.05.2021 13:41:54 [ZomBerryCmdAPI]: INFO: Added function RejectBellyTarget to category ==
08.05.2021 13:41:54 [ZomBerryCmdAPI]: INFO: Added function PsycoTarget to category ==
08.05.2021 13:41:54 [ZomBerryCmdAPI]: INFO: Added function SneezeTarget to category ==
08.05.2021 13:41:54 [ZomBerryCmdAPI]: INFO: Added function SetHealthTarget to category ==
08.05.2021 13:41:54 [ZomBerryCmdAPI]: INFO: Added function SetBloodTarget to category ==
08.05.2021 13:41:54 [ZomBerryCmdAPI]: INFO: Added category OnServer
08.05.2021 13:41:54 [ZomBerryCmdAPI]: INFO: Added function FreeCamAdm to category OnServer
08.05.2021 13:41:54 [ZomBerryCmdAPI]: INFO: Added function TimeDay to category OnServer
08.05.2021 13:41:54 [ZomBerryCmdAPI]: INFO: Added function TimeNight to category OnServer
08.05.2021 13:41:54 [ZomBerryCmdAPI]: INFO: Added function SetTime to category OnServer
08.05.2021 13:41:54 [ZomBerryCmdAPI]: INFO: Added function SetDate to category OnServer
08.05.2021 13:41:54 [ZomBerryCmdAPI]: INFO: Added function SetWeather to category OnServer
08.05.2021 13:41:54 [ZomBerryCmdAPI]: INFO: Added function DeleteObj to category OnServer
08.05.2021 13:41:54 [ZomBerryConfig]: INFO: Using admins.cfg from Profile directory
08.05.2021 13:41:54 [ZomBerryDbg]: Server ready, loading admin list from: $profile:ZomBerry\admins.cfg
08.05.2021 13:41:54 [ZomBerryConfig]: admins.cfg loaded
08.05.2021 13:41:54 [ZomBerryConfig]: Added admin: 76561198036774377
08.05.2021 13:42:23 [ZomBerryDbg]: Auth Request ignored (not an admin) Raider 2-2 (XvanEKUhyxTkbzngpxDcoNyQwUXi4Yr-sLWO7uNg91M=)
08.05.2021 13:43:09 [ZomBerryDbg]: Auth Request ignored (not an admin) Booming4you (ZYYdNsef9el8O34L9X1mjEU3KCJab-yTfPUJnwaDNQ0=)
08.05.2021 13:43:50 [ZomBerryDbg]: Auth respond to admin BnYrB (mBNlxASsPlOcry0dpDl8K-WgHNR5WMCMmoJ9NhpU4FY=)
08.05.2021 13:44:20 [ZomBerryDbg]: BnYrB (mBNlxASsPlOcry0dpDl8K-WgHNR5WMCMmoJ9NhpU4FY=) - player list sync
08.05.2021 13:44:20 [ZomBerryDbg]: BnYrB (mBNlxASsPlOcry0dpDl8K-WgHNR5WMCMmoJ9NhpU4FY=) - function list sync
08.05.2021 13:44:35 [ZomBerryAdmin]: BnYrB (mBNlxASsPlOcry0dpDl8K-WgHNR5WMCMmoJ9NhpU4FY=) teleported to position <5402.263672, 2.494304, 7564.208008>
08.05.2021 13:44:35 [ZomBerryAdmin]: BnYrB (mBNlxASsPlOcry0dpDl8K-WgHNR5WMCMmoJ9NhpU4FY=) teleported to position <5402.263672, 2.494304, 7564.208008>
08.05.2021 13:47:43 [ZomBerryDbg]: BnYrB (mBNlxASsPlOcry0dpDl8K-WgHNR5WMCMmoJ9NhpU4FY=) - player list sync
08.05.2021 13:47:43 [ZomBerryDbg]: BnYrB (mBNlxASsPlOcry0dpDl8K-WgHNR5WMCMmoJ9NhpU4FY=) - function list sync
08.05.2021 13:47:53 [ZomBerryAdmin]: BnYrB (mBNlxASsPlOcry0dpDl8K-WgHNR5WMCMmoJ9NhpU4FY=) executed KillTarget
08.05.2021 13:50:37 [ZomBerryDbg]: Auth Request ignored (not an admin) Mr Wolf (IAKLKM33p7NYLhkk5leT5VYzSRy1qFQhXQui2bdgnIY=)
08.05.2021 13:50:45 [ZomBerryDbg]: BnYrB (mBNlxASsPlOcry0dpDl8K-WgHNR5WMCMmoJ9NhpU4FY=) - player list sync
08.05.2021 13:50:45 [ZomBerryDbg]: BnYrB (mBNlxASsPlOcry0dpDl8K-WgHNR5WMCMmoJ9NhpU4FY=) - function list sync
08.05.2021 13:50:53 [ZomBerryAdmin]: BnYrB (mBNlxASsPlOcry0dpDl8K-WgHNR5WMCMmoJ9NhpU4FY=) teleported to position <6226.845215, 4.927113, 9596.681641>
08.05.2021 13:50:53 [ZomBerryAdmin]: BnYrB (mBNlxASsPlOcry0dpDl8K-WgHNR5WMCMmoJ9NhpU4FY=) teleported to position <6226.845215, 4.927113, 9596.815430>
08.05.2021 14:03:23 [ZomBerryDbg]: Auth Request ignored (not an admin) Skif (HT80BSK6nbyEUuqqNLGOG_NvUVWKXCYBk5YTFLCK4vU=)
08.05.2021 14:12:04 [ZomBerryDbg]: Auth Request ignored (not an admin) Survivor (Pk9FmI0iGIJV90L0o-uI7ivHc45DZnNcAVX3v1GVD5Y=)
08.05.2021 14:12:26 [ZomBerryDbg]: Auth Request ignored (not an admin) Skif (HT80BSK6nbyEUuqqNLGOG_NvUVWKXCYBk5YTFLCK4vU=)
08.05.2021 14:23:11 [ZomBerryDbg]: BnYrB (mBNlxASsPlOcry0dpDl8K-WgHNR5WMCMmoJ9NhpU4FY=) - player list sync
08.05.2021 14:23:11 [ZomBerryDbg]: BnYrB (mBNlxASsPlOcry0dpDl8K-WgHNR5WMCMmoJ9NhpU4FY=) - function list sync
08.05.2021 14:23:20 [ZomBerryAdmin]: BnYrB (mBNlxASsPlOcry0dpDl8K-WgHNR5WMCMmoJ9NhpU4FY=) executed HealTarget
