---------------------------------------------
ZomBerry v0.6.2 log started at 09.05.2021 20:03:51

09.05.2021 20:03:51 [ZomBerryCmdAPI]: INFO: Added category OnTarget
09.05.2021 20:03:51 [ZomBerryCmdAPI]: INFO: Added function TPCur to category OnTarget
09.05.2021 20:03:51 [ZomBerryCmdAPI]: INFO: Added function TPForward to category OnTarget
09.05.2021 20:03:51 [ZomBerryCmdAPI]: INFO: Added function TPToTarget to category OnTarget
09.05.2021 20:03:51 [ZomBerryCmdAPI]: INFO: Added function TPToAdmin to category OnTarget
09.05.2021 20:03:51 [ZomBerryCmdAPI]: INFO: Added function HealTarget to category OnTarget
09.05.2021 20:03:51 [ZomBerryCmdAPI]: INFO: Added function GodTarget to category OnTarget
09.05.2021 20:03:51 [ZomBerryCmdAPI]: INFO: Added function RefuelAndRepair to category OnTarget
09.05.2021 20:03:51 [ZomBerryCmdAPI]: INFO: Added category ==
09.05.2021 20:03:51 [ZomBerryCmdAPI]: INFO: Added function KillTarget to category ==
09.05.2021 20:03:51 [ZomBerryCmdAPI]: INFO: Added function BiteTarget to category ==
09.05.2021 20:03:51 [ZomBerryCmdAPI]: INFO: Added function StripTarget to category ==
09.05.2021 20:03:51 [ZomBerryCmdAPI]: INFO: Added function RejectBellyTarget to category ==
09.05.2021 20:03:51 [ZomBerryCmdAPI]: INFO: Added function PsycoTarget to category ==
09.05.2021 20:03:51 [ZomBerryCmdAPI]: INFO: Added function SneezeTarget to category ==
09.05.2021 20:03:51 [ZomBerryCmdAPI]: INFO: Added function SetHealthTarget to category ==
09.05.2021 20:03:51 [ZomBerryCmdAPI]: INFO: Added function SetBloodTarget to category ==
09.05.2021 20:03:51 [ZomBerryCmdAPI]: INFO: Added category OnServer
09.05.2021 20:03:51 [ZomBerryCmdAPI]: INFO: Added function FreeCamAdm to category OnServer
09.05.2021 20:03:51 [ZomBerryCmdAPI]: INFO: Added function TimeDay to category OnServer
09.05.2021 20:03:51 [ZomBerryCmdAPI]: INFO: Added function TimeNight to category OnServer
09.05.2021 20:03:51 [ZomBerryCmdAPI]: INFO: Added function SetTime to category OnServer
09.05.2021 20:03:51 [ZomBerryCmdAPI]: INFO: Added function SetDate to category OnServer
09.05.2021 20:03:51 [ZomBerryCmdAPI]: INFO: Added function SetWeather to category OnServer
09.05.2021 20:03:51 [ZomBerryCmdAPI]: INFO: Added function DeleteObj to category OnServer
09.05.2021 20:03:51 [ZomBerryConfig]: INFO: Using admins.cfg from Profile directory
09.05.2021 20:03:51 [ZomBerryDbg]: Server ready, loading admin list from: $profile:ZomBerry\admins.cfg
09.05.2021 20:03:51 [ZomBerryConfig]: admins.cfg loaded
09.05.2021 20:03:51 [ZomBerryConfig]: Added admin: 76561198036774377
09.05.2021 20:04:31 [ZomBerryDbg]: Auth Request ignored (not an admin) Skif (HT80BSK6nbyEUuqqNLGOG_NvUVWKXCYBk5YTFLCK4vU=)
09.05.2021 20:05:50 [ZomBerryDbg]: Auth Request ignored (not an admin) Raider 2-2 (XvanEKUhyxTkbzngpxDcoNyQwUXi4Yr-sLWO7uNg91M=)
09.05.2021 20:19:12 [ZomBerryDbg]: Auth respond to admin BnYrB (mBNlxASsPlOcry0dpDl8K-WgHNR5WMCMmoJ9NhpU4FY=)
09.05.2021 20:22:21 [ZomBerryDbg]: BnYrB (mBNlxASsPlOcry0dpDl8K-WgHNR5WMCMmoJ9NhpU4FY=) - player list sync
09.05.2021 20:22:21 [ZomBerryDbg]: BnYrB (mBNlxASsPlOcry0dpDl8K-WgHNR5WMCMmoJ9NhpU4FY=) - function list sync
09.05.2021 20:22:25 [ZomBerryAdmin]: BnYrB (mBNlxASsPlOcry0dpDl8K-WgHNR5WMCMmoJ9NhpU4FY=) executed HealTarget
09.05.2021 20:22:26 [ZomBerryAdmin]: BnYrB (mBNlxASsPlOcry0dpDl8K-WgHNR5WMCMmoJ9NhpU4FY=) executed GodTarget
09.05.2021 20:23:45 [ZomBerryDbg]: BnYrB (mBNlxASsPlOcry0dpDl8K-WgHNR5WMCMmoJ9NhpU4FY=) - player list sync
09.05.2021 20:23:45 [ZomBerryDbg]: BnYrB (mBNlxASsPlOcry0dpDl8K-WgHNR5WMCMmoJ9NhpU4FY=) - function list sync
09.05.2021 20:24:01 [ZomBerryAdmin]: BnYrB (mBNlxASsPlOcry0dpDl8K-WgHNR5WMCMmoJ9NhpU4FY=) spawned Jeans_Blue at <6252.516113, 8.046950, 9655.876953>
09.05.2021 20:24:13 [ZomBerryAdmin]: BnYrB (mBNlxASsPlOcry0dpDl8K-WgHNR5WMCMmoJ9NhpU4FY=) spawned Raincoat_Pink at <6252.516113, 8.046950, 9655.876953>
09.05.2021 20:24:26 [ZomBerryAdmin]: BnYrB (mBNlxASsPlOcry0dpDl8K-WgHNR5WMCMmoJ9NhpU4FY=) spawned MVS_SlingPack_Black at <6252.516113, 8.046950, 9655.876953>
09.05.2021 20:24:54 [ZomBerryDbg]: BnYrB (mBNlxASsPlOcry0dpDl8K-WgHNR5WMCMmoJ9NhpU4FY=) - player list sync
09.05.2021 20:24:54 [ZomBerryDbg]: BnYrB (mBNlxASsPlOcry0dpDl8K-WgHNR5WMCMmoJ9NhpU4FY=) - function list sync
09.05.2021 20:25:04 [ZomBerryAdmin]: BnYrB (mBNlxASsPlOcry0dpDl8K-WgHNR5WMCMmoJ9NhpU4FY=) added MVS_Beard_02_Black to theirs inventory
09.05.2021 20:25:20 [ZomBerryAdmin]: BnYrB (mBNlxASsPlOcry0dpDl8K-WgHNR5WMCMmoJ9NhpU4FY=) added MilitaryBelt to theirs inventory
09.05.2021 20:25:30 [ZomBerryAdmin]: BnYrB (mBNlxASsPlOcry0dpDl8K-WgHNR5WMCMmoJ9NhpU4FY=) added MVS_Holster_Black to theirs inventory
09.05.2021 20:25:45 [ZomBerryDbg]: BnYrB (mBNlxASsPlOcry0dpDl8K-WgHNR5WMCMmoJ9NhpU4FY=) - player list sync
09.05.2021 20:25:45 [ZomBerryDbg]: BnYrB (mBNlxASsPlOcry0dpDl8K-WgHNR5WMCMmoJ9NhpU4FY=) - function list sync
09.05.2021 20:26:01 [ZomBerryAdmin]: BnYrB (mBNlxASsPlOcry0dpDl8K-WgHNR5WMCMmoJ9NhpU4FY=) added Binoculars to theirs inventory
09.05.2021 20:26:23 [ZomBerryAdmin]: BnYrB (mBNlxASsPlOcry0dpDl8K-WgHNR5WMCMmoJ9NhpU4FY=) added TWP_R700Mod to theirs inventory
09.05.2021 20:26:25 [ZomBerryAdmin]: BnYrB (mBNlxASsPlOcry0dpDl8K-WgHNR5WMCMmoJ9NhpU4FY=) added TWP_R700_mag_10Rnd to theirs inventory
09.05.2021 20:26:25 [ZomBerryAdmin]: BnYrB (mBNlxASsPlOcry0dpDl8K-WgHNR5WMCMmoJ9NhpU4FY=) added TWP_R700_mag_10Rnd to theirs inventory
09.05.2021 20:26:25 [ZomBerryAdmin]: BnYrB (mBNlxASsPlOcry0dpDl8K-WgHNR5WMCMmoJ9NhpU4FY=) added TWP_R700_mag_10Rnd to theirs inventory
09.05.2021 20:26:25 [ZomBerryAdmin]: BnYrB (mBNlxASsPlOcry0dpDl8K-WgHNR5WMCMmoJ9NhpU4FY=) added TWP_R700_mag_10Rnd to theirs inventory
09.05.2021 20:26:26 [ZomBerryAdmin]: BnYrB (mBNlxASsPlOcry0dpDl8K-WgHNR5WMCMmoJ9NhpU4FY=) added TWP_R700_mag_10Rnd to theirs inventory
09.05.2021 20:27:06 [ZomBerryDbg]: BnYrB (mBNlxASsPlOcry0dpDl8K-WgHNR5WMCMmoJ9NhpU4FY=) - player list sync
09.05.2021 20:27:06 [ZomBerryDbg]: BnYrB (mBNlxASsPlOcry0dpDl8K-WgHNR5WMCMmoJ9NhpU4FY=) - function list sync
09.05.2021 20:27:15 [ZomBerryDbg]: BnYrB (mBNlxASsPlOcry0dpDl8K-WgHNR5WMCMmoJ9NhpU4FY=) - player list sync
09.05.2021 20:27:15 [ZomBerryDbg]: BnYrB (mBNlxASsPlOcry0dpDl8K-WgHNR5WMCMmoJ9NhpU4FY=) - function list sync
09.05.2021 20:27:27 [ZomBerryDbg]: BnYrB (mBNlxASsPlOcry0dpDl8K-WgHNR5WMCMmoJ9NhpU4FY=) - player list sync
09.05.2021 20:27:27 [ZomBerryDbg]: BnYrB (mBNlxASsPlOcry0dpDl8K-WgHNR5WMCMmoJ9NhpU4FY=) - function list sync
09.05.2021 20:27:35 [ZomBerryAdmin]: BnYrB (mBNlxASsPlOcry0dpDl8K-WgHNR5WMCMmoJ9NhpU4FY=) added TWP_TrijiconACOG to theirs inventory
09.05.2021 20:27:44 [ZomBerryDbg]: BnYrB (mBNlxASsPlOcry0dpDl8K-WgHNR5WMCMmoJ9NhpU4FY=) - player list sync
09.05.2021 20:27:44 [ZomBerryDbg]: BnYrB (mBNlxASsPlOcry0dpDl8K-WgHNR5WMCMmoJ9NhpU4FY=) - function list sync
09.05.2021 20:27:55 [ZomBerryAdmin]: BnYrB (mBNlxASsPlOcry0dpDl8K-WgHNR5WMCMmoJ9NhpU4FY=) added TWP_LongRangeOptic_Black to theirs inventory
09.05.2021 20:28:12 [ZomBerryAdmin]: BnYrB (mBNlxASsPlOcry0dpDl8K-WgHNR5WMCMmoJ9NhpU4FY=) added TWP_AR15_CQB to theirs inventory
09.05.2021 20:28:14 [ZomBerryAdmin]: BnYrB (mBNlxASsPlOcry0dpDl8K-WgHNR5WMCMmoJ9NhpU4FY=) added TWP_AR15_CQB_mag_40Rnd to theirs inventory
09.05.2021 20:28:14 [ZomBerryAdmin]: BnYrB (mBNlxASsPlOcry0dpDl8K-WgHNR5WMCMmoJ9NhpU4FY=) added TWP_AR15_CQB_mag_40Rnd to theirs inventory
09.05.2021 20:28:14 [ZomBerryAdmin]: BnYrB (mBNlxASsPlOcry0dpDl8K-WgHNR5WMCMmoJ9NhpU4FY=) added TWP_AR15_CQB_mag_40Rnd to theirs inventory
09.05.2021 20:28:14 [ZomBerryAdmin]: BnYrB (mBNlxASsPlOcry0dpDl8K-WgHNR5WMCMmoJ9NhpU4FY=) added TWP_AR15_CQB_mag_40Rnd to theirs inventory
09.05.2021 20:28:14 [ZomBerryAdmin]: BnYrB (mBNlxASsPlOcry0dpDl8K-WgHNR5WMCMmoJ9NhpU4FY=) added TWP_AR15_CQB_mag_40Rnd to theirs inventory
09.05.2021 20:29:01 [ZomBerryDbg]: BnYrB (mBNlxASsPlOcry0dpDl8K-WgHNR5WMCMmoJ9NhpU4FY=) - player list sync
09.05.2021 20:29:01 [ZomBerryDbg]: BnYrB (mBNlxASsPlOcry0dpDl8K-WgHNR5WMCMmoJ9NhpU4FY=) - function list sync
09.05.2021 20:29:07 [ZomBerryAdmin]: BnYrB (mBNlxASsPlOcry0dpDl8K-WgHNR5WMCMmoJ9NhpU4FY=) added MVS_Canteen_Black to theirs inventory
09.05.2021 20:29:29 [ZomBerryAdmin]: BnYrB (mBNlxASsPlOcry0dpDl8K-WgHNR5WMCMmoJ9NhpU4FY=) added MVS_Sheath_Black to theirs inventory
09.05.2021 20:30:17 [ZomBerryDbg]: BnYrB (mBNlxASsPlOcry0dpDl8K-WgHNR5WMCMmoJ9NhpU4FY=) - player list sync
09.05.2021 20:30:17 [ZomBerryDbg]: BnYrB (mBNlxASsPlOcry0dpDl8K-WgHNR5WMCMmoJ9NhpU4FY=) - function list sync
09.05.2021 20:30:33 [ZomBerryAdmin]: BnYrB (mBNlxASsPlOcry0dpDl8K-WgHNR5WMCMmoJ9NhpU4FY=) added TWP_Glock18Rebel to theirs inventory
09.05.2021 20:30:37 [ZomBerryAdmin]: BnYrB (mBNlxASsPlOcry0dpDl8K-WgHNR5WMCMmoJ9NhpU4FY=) added TWP_Glock18Rebel_mag_17Rnd to theirs inventory
09.05.2021 20:30:37 [ZomBerryAdmin]: BnYrB (mBNlxASsPlOcry0dpDl8K-WgHNR5WMCMmoJ9NhpU4FY=) added TWP_Glock18Rebel_mag_17Rnd to theirs inventory
09.05.2021 20:30:37 [ZomBerryAdmin]: BnYrB (mBNlxASsPlOcry0dpDl8K-WgHNR5WMCMmoJ9NhpU4FY=) added TWP_Glock18Rebel_mag_17Rnd to theirs inventory
09.05.2021 20:30:37 [ZomBerryAdmin]: BnYrB (mBNlxASsPlOcry0dpDl8K-WgHNR5WMCMmoJ9NhpU4FY=) added TWP_Glock18Rebel_mag_17Rnd to theirs inventory
09.05.2021 20:31:20 [ZomBerryDbg]: BnYrB (mBNlxASsPlOcry0dpDl8K-WgHNR5WMCMmoJ9NhpU4FY=) - player list sync
09.05.2021 20:31:20 [ZomBerryDbg]: BnYrB (mBNlxASsPlOcry0dpDl8K-WgHNR5WMCMmoJ9NhpU4FY=) - function list sync
09.05.2021 20:31:25 [ZomBerryAdmin]: BnYrB (mBNlxASsPlOcry0dpDl8K-WgHNR5WMCMmoJ9NhpU4FY=) added ThickFramesGlasses to theirs inventory
09.05.2021 20:31:39 [ZomBerryAdmin]: BnYrB (mBNlxASsPlOcry0dpDl8K-WgHNR5WMCMmoJ9NhpU4FY=) added OMNOGloves_Gray to theirs inventory
09.05.2021 20:31:43 [ZomBerryDbg]: BnYrB (mBNlxASsPlOcry0dpDl8K-WgHNR5WMCMmoJ9NhpU4FY=) - player list sync
09.05.2021 20:31:43 [ZomBerryDbg]: BnYrB (mBNlxASsPlOcry0dpDl8K-WgHNR5WMCMmoJ9NhpU4FY=) - function list sync
09.05.2021 20:31:50 [ZomBerryAdmin]: BnYrB (mBNlxASsPlOcry0dpDl8K-WgHNR5WMCMmoJ9NhpU4FY=) added TacticalGloves_Black to theirs inventory
09.05.2021 20:32:20 [ZomBerryDbg]: BnYrB (mBNlxASsPlOcry0dpDl8K-WgHNR5WMCMmoJ9NhpU4FY=) - player list sync
09.05.2021 20:32:20 [ZomBerryDbg]: BnYrB (mBNlxASsPlOcry0dpDl8K-WgHNR5WMCMmoJ9NhpU4FY=) - function list sync
09.05.2021 20:32:41 [ZomBerryAdmin]: BnYrB (mBNlxASsPlOcry0dpDl8K-WgHNR5WMCMmoJ9NhpU4FY=) added TWP_WitchHat to theirs inventory
09.05.2021 20:32:42 [ZomBerryAdmin]: BnYrB (mBNlxASsPlOcry0dpDl8K-WgHNR5WMCMmoJ9NhpU4FY=) added Msp_WitchHat to theirs inventory
09.05.2021 20:32:55 [ZomBerryAdmin]: BnYrB (mBNlxASsPlOcry0dpDl8K-WgHNR5WMCMmoJ9NhpU4FY=) added BoonieHat_Blue to theirs inventory
09.05.2021 20:32:56 [ZomBerryAdmin]: BnYrB (mBNlxASsPlOcry0dpDl8K-WgHNR5WMCMmoJ9NhpU4FY=) added BoonieHat_Black to theirs inventory
09.05.2021 20:33:50 [ZomBerryDbg]: BnYrB (mBNlxASsPlOcry0dpDl8K-WgHNR5WMCMmoJ9NhpU4FY=) - player list sync
09.05.2021 20:33:50 [ZomBerryDbg]: BnYrB (mBNlxASsPlOcry0dpDl8K-WgHNR5WMCMmoJ9NhpU4FY=) - function list sync
09.05.2021 20:33:57 [ZomBerryAdmin]: BnYrB (mBNlxASsPlOcry0dpDl8K-WgHNR5WMCMmoJ9NhpU4FY=) added TWP_SmithWesson_Knife_Black to theirs inventory
09.05.2021 20:34:19 [ZomBerryAdmin]: BnYrB (mBNlxASsPlOcry0dpDl8K-WgHNR5WMCMmoJ9NhpU4FY=) added TWP_SST30Silenced to theirs inventory
09.05.2021 20:34:20 [ZomBerryAdmin]: BnYrB (mBNlxASsPlOcry0dpDl8K-WgHNR5WMCMmoJ9NhpU4FY=) added TWP_MP5Silenced to theirs inventory
09.05.2021 20:34:20 [ZomBerryAdmin]: BnYrB (mBNlxASsPlOcry0dpDl8K-WgHNR5WMCMmoJ9NhpU4FY=) added TWP_SST30Silenced_mag_35Rnd to theirs inventory
09.05.2021 20:34:21 [ZomBerryAdmin]: BnYrB (mBNlxASsPlOcry0dpDl8K-WgHNR5WMCMmoJ9NhpU4FY=) added TWP_SST30Silenced_mag_35Rnd to theirs inventory
09.05.2021 20:34:21 [ZomBerryAdmin]: BnYrB (mBNlxASsPlOcry0dpDl8K-WgHNR5WMCMmoJ9NhpU4FY=) added TWP_SST30Silenced_mag_35Rnd to theirs inventory
09.05.2021 20:34:21 [ZomBerryAdmin]: BnYrB (mBNlxASsPlOcry0dpDl8K-WgHNR5WMCMmoJ9NhpU4FY=) added TWP_MP5Silenced_mag_30Rnd to theirs inventory
09.05.2021 20:34:21 [ZomBerryAdmin]: BnYrB (mBNlxASsPlOcry0dpDl8K-WgHNR5WMCMmoJ9NhpU4FY=) added TWP_MP5Silenced_mag_30Rnd to theirs inventory
09.05.2021 20:34:22 [ZomBerryAdmin]: BnYrB (mBNlxASsPlOcry0dpDl8K-WgHNR5WMCMmoJ9NhpU4FY=) added TWP_MP5Silenced_mag_30Rnd to theirs inventory
09.05.2021 20:34:22 [ZomBerryAdmin]: BnYrB (mBNlxASsPlOcry0dpDl8K-WgHNR5WMCMmoJ9NhpU4FY=) added TWP_MP5Silenced_mag_30Rnd to theirs inventory
09.05.2021 20:35:08 [ZomBerryDbg]: BnYrB (mBNlxASsPlOcry0dpDl8K-WgHNR5WMCMmoJ9NhpU4FY=) - player list sync
09.05.2021 20:35:08 [ZomBerryDbg]: BnYrB (mBNlxASsPlOcry0dpDl8K-WgHNR5WMCMmoJ9NhpU4FY=) - function list sync
09.05.2021 20:35:17 [ZomBerryAdmin]: BnYrB (mBNlxASsPlOcry0dpDl8K-WgHNR5WMCMmoJ9NhpU4FY=) added TWP_Optic_Redcross to theirs inventory
09.05.2021 20:35:42 [ZomBerryDbg]: BnYrB (mBNlxASsPlOcry0dpDl8K-WgHNR5WMCMmoJ9NhpU4FY=) - player list sync
09.05.2021 20:35:42 [ZomBerryDbg]: BnYrB (mBNlxASsPlOcry0dpDl8K-WgHNR5WMCMmoJ9NhpU4FY=) - function list sync
09.05.2021 20:35:53 [ZomBerryDbg]: BnYrB (mBNlxASsPlOcry0dpDl8K-WgHNR5WMCMmoJ9NhpU4FY=) - player list sync
09.05.2021 20:35:53 [ZomBerryDbg]: BnYrB (mBNlxASsPlOcry0dpDl8K-WgHNR5WMCMmoJ9NhpU4FY=) - function list sync
09.05.2021 20:36:01 [ZomBerryAdmin]: BnYrB (mBNlxASsPlOcry0dpDl8K-WgHNR5WMCMmoJ9NhpU4FY=) added TWP_Mossberg500 to theirs inventory
09.05.2021 20:36:13 [ZomBerryAdmin]: BnYrB (mBNlxASsPlOcry0dpDl8K-WgHNR5WMCMmoJ9NhpU4FY=) added AmmoBox_00buck_10rnd to theirs inventory
09.05.2021 20:38:22 [ZomBerryDbg]: BnYrB (mBNlxASsPlOcry0dpDl8K-WgHNR5WMCMmoJ9NhpU4FY=) - player list sync
09.05.2021 20:38:22 [ZomBerryDbg]: BnYrB (mBNlxASsPlOcry0dpDl8K-WgHNR5WMCMmoJ9NhpU4FY=) - function list sync
09.05.2021 20:38:28 [ZomBerryAdmin]: BnYrB (mBNlxASsPlOcry0dpDl8K-WgHNR5WMCMmoJ9NhpU4FY=) added Battery9V to theirs inventory
09.05.2021 20:38:28 [ZomBerryAdmin]: BnYrB (mBNlxASsPlOcry0dpDl8K-WgHNR5WMCMmoJ9NhpU4FY=) added Battery9V to theirs inventory
09.05.2021 20:38:28 [ZomBerryAdmin]: BnYrB (mBNlxASsPlOcry0dpDl8K-WgHNR5WMCMmoJ9NhpU4FY=) added Battery9V to theirs inventory
09.05.2021 20:38:29 [ZomBerryAdmin]: BnYrB (mBNlxASsPlOcry0dpDl8K-WgHNR5WMCMmoJ9NhpU4FY=) added Battery9V to theirs inventory
09.05.2021 20:38:29 [ZomBerryAdmin]: BnYrB (mBNlxASsPlOcry0dpDl8K-WgHNR5WMCMmoJ9NhpU4FY=) added Battery9V to theirs inventory
09.05.2021 20:38:44 [ZomBerryAdmin]: BnYrB (mBNlxASsPlOcry0dpDl8K-WgHNR5WMCMmoJ9NhpU4FY=) added Flashlight to theirs inventory
09.05.2021 20:38:49 [ZomBerryAdmin]: BnYrB (mBNlxASsPlOcry0dpDl8K-WgHNR5WMCMmoJ9NhpU4FY=) added UniversalLight to theirs inventory
09.05.2021 20:39:47 [ZomBerryDbg]: BnYrB (mBNlxASsPlOcry0dpDl8K-WgHNR5WMCMmoJ9NhpU4FY=) - player list sync
09.05.2021 20:39:47 [ZomBerryDbg]: BnYrB (mBNlxASsPlOcry0dpDl8K-WgHNR5WMCMmoJ9NhpU4FY=) - function list sync
09.05.2021 20:39:54 [ZomBerryAdmin]: BnYrB (mBNlxASsPlOcry0dpDl8K-WgHNR5WMCMmoJ9NhpU4FY=) added CP_JointNomad to theirs inventory
09.05.2021 20:40:28 [ZomBerryDbg]: BnYrB (mBNlxASsPlOcry0dpDl8K-WgHNR5WMCMmoJ9NhpU4FY=) - player list sync
09.05.2021 20:40:28 [ZomBerryDbg]: BnYrB (mBNlxASsPlOcry0dpDl8K-WgHNR5WMCMmoJ9NhpU4FY=) - function list sync
09.05.2021 20:40:42 [ZomBerryAdmin]: BnYrB (mBNlxASsPlOcry0dpDl8K-WgHNR5WMCMmoJ9NhpU4FY=) added AmmoBox_556x45Tracer_20Rnd to theirs inventory
09.05.2021 20:40:49 [ZomBerryAdmin]: BnYrB (mBNlxASsPlOcry0dpDl8K-WgHNR5WMCMmoJ9NhpU4FY=) added TWP_AmmoBox_300WinMag_20Rnd to theirs inventory
09.05.2021 20:41:17 [ZomBerryDbg]: BnYrB (mBNlxASsPlOcry0dpDl8K-WgHNR5WMCMmoJ9NhpU4FY=) - player list sync
09.05.2021 20:41:17 [ZomBerryDbg]: BnYrB (mBNlxASsPlOcry0dpDl8K-WgHNR5WMCMmoJ9NhpU4FY=) - function list sync
09.05.2021 20:41:24 [ZomBerryAdmin]: BnYrB (mBNlxASsPlOcry0dpDl8K-WgHNR5WMCMmoJ9NhpU4FY=) added WaterproofBag_Black to theirs inventory
09.05.2021 20:41:55 [ZomBerryDbg]: BnYrB (mBNlxASsPlOcry0dpDl8K-WgHNR5WMCMmoJ9NhpU4FY=) - player list sync
09.05.2021 20:41:55 [ZomBerryDbg]: BnYrB (mBNlxASsPlOcry0dpDl8K-WgHNR5WMCMmoJ9NhpU4FY=) - function list sync
09.05.2021 20:41:59 [ZomBerryAdmin]: BnYrB (mBNlxASsPlOcry0dpDl8K-WgHNR5WMCMmoJ9NhpU4FY=) added TetracyclineAntibiotics to theirs inventory
09.05.2021 20:42:05 [ZomBerryAdmin]: BnYrB (mBNlxASsPlOcry0dpDl8K-WgHNR5WMCMmoJ9NhpU4FY=) added TacticalBaconCan_Opened to theirs inventory
09.05.2021 20:42:15 [ZomBerryAdmin]: BnYrB (mBNlxASsPlOcry0dpDl8K-WgHNR5WMCMmoJ9NhpU4FY=) added VitaminBottle to theirs inventory
09.05.2021 20:42:29 [ZomBerryDbg]: BnYrB (mBNlxASsPlOcry0dpDl8K-WgHNR5WMCMmoJ9NhpU4FY=) - player list sync
09.05.2021 20:42:29 [ZomBerryDbg]: BnYrB (mBNlxASsPlOcry0dpDl8K-WgHNR5WMCMmoJ9NhpU4FY=) - function list sync
09.05.2021 20:42:34 [ZomBerryAdmin]: BnYrB (mBNlxASsPlOcry0dpDl8K-WgHNR5WMCMmoJ9NhpU4FY=) added DuctTape to theirs inventory
09.05.2021 20:42:42 [ZomBerryDbg]: BnYrB (mBNlxASsPlOcry0dpDl8K-WgHNR5WMCMmoJ9NhpU4FY=) - player list sync
09.05.2021 20:42:42 [ZomBerryDbg]: BnYrB (mBNlxASsPlOcry0dpDl8K-WgHNR5WMCMmoJ9NhpU4FY=) - function list sync
09.05.2021 20:42:59 [ZomBerryAdmin]: BnYrB (mBNlxASsPlOcry0dpDl8K-WgHNR5WMCMmoJ9NhpU4FY=) added TWP_M4Suppressor to theirs inventory
09.05.2021 20:43:37 [ZomBerryDbg]: BnYrB (mBNlxASsPlOcry0dpDl8K-WgHNR5WMCMmoJ9NhpU4FY=) - player list sync
09.05.2021 20:43:37 [ZomBerryDbg]: BnYrB (mBNlxASsPlOcry0dpDl8K-WgHNR5WMCMmoJ9NhpU4FY=) - function list sync
09.05.2021 20:43:43 [ZomBerryAdmin]: BnYrB (mBNlxASsPlOcry0dpDl8K-WgHNR5WMCMmoJ9NhpU4FY=) added Matchbox to theirs inventory
09.05.2021 20:44:03 [ZomBerryAdmin]: BnYrB (mBNlxASsPlOcry0dpDl8K-WgHNR5WMCMmoJ9NhpU4FY=) added PurificationTablets to theirs inventory
09.05.2021 20:44:27 [ZomBerryDbg]: BnYrB (mBNlxASsPlOcry0dpDl8K-WgHNR5WMCMmoJ9NhpU4FY=) - player list sync
09.05.2021 20:44:27 [ZomBerryDbg]: BnYrB (mBNlxASsPlOcry0dpDl8K-WgHNR5WMCMmoJ9NhpU4FY=) - function list sync
09.05.2021 20:44:40 [ZomBerryAdmin]: BnYrB (mBNlxASsPlOcry0dpDl8K-WgHNR5WMCMmoJ9NhpU4FY=) spawned Msp_M_BoxingGloves_Blue at <6252.516113, 8.046952, 9655.876953>
09.05.2021 20:44:45 [ZomBerryAdmin]: BnYrB (mBNlxASsPlOcry0dpDl8K-WgHNR5WMCMmoJ9NhpU4FY=) spawned ToxicZoneSuits_Gloves_black at <6252.516113, 8.046952, 9655.876953>
09.05.2021 20:45:20 [ZomBerryDbg]: BnYrB (mBNlxASsPlOcry0dpDl8K-WgHNR5WMCMmoJ9NhpU4FY=) - player list sync
09.05.2021 20:45:20 [ZomBerryDbg]: BnYrB (mBNlxASsPlOcry0dpDl8K-WgHNR5WMCMmoJ9NhpU4FY=) - function list sync
09.05.2021 20:45:26 [ZomBerryAdmin]: BnYrB (mBNlxASsPlOcry0dpDl8K-WgHNR5WMCMmoJ9NhpU4FY=) spawned HuntingKnife at <6252.516113, 8.046951, 9655.876953>
09.05.2021 20:45:42 [ZomBerryAdmin]: BnYrB (mBNlxASsPlOcry0dpDl8K-WgHNR5WMCMmoJ9NhpU4FY=) spawned MilitaryBoots_Redpunk at <6252.516113, 8.046951, 9655.876953>
09.05.2021 20:46:14 [ZomBerryDbg]: BnYrB (mBNlxASsPlOcry0dpDl8K-WgHNR5WMCMmoJ9NhpU4FY=) - player list sync
09.05.2021 20:46:14 [ZomBerryDbg]: BnYrB (mBNlxASsPlOcry0dpDl8K-WgHNR5WMCMmoJ9NhpU4FY=) - function list sync
09.05.2021 20:46:25 [ZomBerryAdmin]: BnYrB (mBNlxASsPlOcry0dpDl8K-WgHNR5WMCMmoJ9NhpU4FY=) spawned MVS_Medical_Pouch_Black at <6252.516113, 8.046952, 9655.876953>
09.05.2021 20:46:51 [ZomBerryDbg]: BnYrB (mBNlxASsPlOcry0dpDl8K-WgHNR5WMCMmoJ9NhpU4FY=) - player list sync
09.05.2021 20:46:51 [ZomBerryDbg]: BnYrB (mBNlxASsPlOcry0dpDl8K-WgHNR5WMCMmoJ9NhpU4FY=) - function list sync
09.05.2021 20:46:57 [ZomBerryAdmin]: BnYrB (mBNlxASsPlOcry0dpDl8K-WgHNR5WMCMmoJ9NhpU4FY=) spawned BandageDressing at <6252.516113, 8.046951, 9655.876953>
09.05.2021 20:46:57 [ZomBerryAdmin]: BnYrB (mBNlxASsPlOcry0dpDl8K-WgHNR5WMCMmoJ9NhpU4FY=) spawned BandageDressing at <6252.516113, 8.046951, 9655.876953>
09.05.2021 20:46:57 [ZomBerryAdmin]: BnYrB (mBNlxASsPlOcry0dpDl8K-WgHNR5WMCMmoJ9NhpU4FY=) spawned BandageDressing at <6252.516113, 8.046951, 9655.876953>
09.05.2021 20:47:04 [ZomBerryAdmin]: BnYrB (mBNlxASsPlOcry0dpDl8K-WgHNR5WMCMmoJ9NhpU4FY=) spawned ToxicCure at <6252.516113, 8.046951, 9655.876953>
09.05.2021 20:47:05 [ZomBerryAdmin]: BnYrB (mBNlxASsPlOcry0dpDl8K-WgHNR5WMCMmoJ9NhpU4FY=) spawned ToxicCure at <6252.516113, 8.046951, 9655.876953>
09.05.2021 20:47:34 [ZomBerryDbg]: BnYrB (mBNlxASsPlOcry0dpDl8K-WgHNR5WMCMmoJ9NhpU4FY=) - player list sync
09.05.2021 20:47:34 [ZomBerryDbg]: BnYrB (mBNlxASsPlOcry0dpDl8K-WgHNR5WMCMmoJ9NhpU4FY=) - function list sync
09.05.2021 20:47:41 [ZomBerryAdmin]: BnYrB (mBNlxASsPlOcry0dpDl8K-WgHNR5WMCMmoJ9NhpU4FY=) spawned Chemlight_White at <6252.516113, 8.046951, 9655.876953>
09.05.2021 20:47:47 [ZomBerryAdmin]: BnYrB (mBNlxASsPlOcry0dpDl8K-WgHNR5WMCMmoJ9NhpU4FY=) spawned PetrolLighter at <6252.516113, 8.046951, 9655.876953>
09.05.2021 20:48:26 [ZomBerryDbg]: BnYrB (mBNlxASsPlOcry0dpDl8K-WgHNR5WMCMmoJ9NhpU4FY=) - player list sync
09.05.2021 20:48:26 [ZomBerryDbg]: BnYrB (mBNlxASsPlOcry0dpDl8K-WgHNR5WMCMmoJ9NhpU4FY=) - function list sync
09.05.2021 20:48:40 [ZomBerryAdmin]: BnYrB (mBNlxASsPlOcry0dpDl8K-WgHNR5WMCMmoJ9NhpU4FY=) spawned MVS_Patch_19 at <6252.516113, 8.046951, 9655.876953>
09.05.2021 20:50:25 [ZomBerryDbg]: Auth Request ignored (not an admin) Skif (HT80BSK6nbyEUuqqNLGOG_NvUVWKXCYBk5YTFLCK4vU=)
09.05.2021 20:50:39 [ZomBerryDbg]: BnYrB (mBNlxASsPlOcry0dpDl8K-WgHNR5WMCMmoJ9NhpU4FY=) - player list sync
09.05.2021 20:50:39 [ZomBerryDbg]: BnYrB (mBNlxASsPlOcry0dpDl8K-WgHNR5WMCMmoJ9NhpU4FY=) - function list sync
09.05.2021 20:50:48 [ZomBerryAdmin]: BnYrB (mBNlxASsPlOcry0dpDl8K-WgHNR5WMCMmoJ9NhpU4FY=) spawned Shovel at <6244.116699, 4.880298, 9635.436523>
09.05.2021 20:50:55 [ZomBerryDbg]: Auth Request ignored (not an admin) Jimmy Nickels (Pk9FmI0iGIJV90L0o-uI7ivHc45DZnNcAVX3v1GVD5Y=)
09.05.2021 20:50:58 [ZomBerryAdmin]: BnYrB (mBNlxASsPlOcry0dpDl8K-WgHNR5WMCMmoJ9NhpU4FY=) spawned CP_CannabisSeedsBlue at <6244.116699, 4.880298, 9635.436523>
09.05.2021 20:51:01 [ZomBerryAdmin]: BnYrB (mBNlxASsPlOcry0dpDl8K-WgHNR5WMCMmoJ9NhpU4FY=) spawned CP_CannabisSeedsFuture at <6244.116699, 4.880298, 9635.436523>
09.05.2021 20:51:03 [ZomBerryAdmin]: BnYrB (mBNlxASsPlOcry0dpDl8K-WgHNR5WMCMmoJ9NhpU4FY=) spawned CP_CannabisSeedsBlackFrost at <6244.116699, 4.880298, 9635.436523>
09.05.2021 20:51:04 [ZomBerryDbg]: Auth Request ignored (not an admin) Cowboy (0A6uoHjaO9m3ovYtLHeeTPcw4EpUKRL8AqmU_A5CRac=)
09.05.2021 20:51:07 [ZomBerryAdmin]: BnYrB (mBNlxASsPlOcry0dpDl8K-WgHNR5WMCMmoJ9NhpU4FY=) spawned CP_CannabisSeedsNomad at <6244.116699, 4.880298, 9635.436523>
09.05.2021 20:54:14 [ZomBerryDbg]: BnYrB (mBNlxASsPlOcry0dpDl8K-WgHNR5WMCMmoJ9NhpU4FY=) - player list sync
09.05.2021 20:54:14 [ZomBerryDbg]: BnYrB (mBNlxASsPlOcry0dpDl8K-WgHNR5WMCMmoJ9NhpU4FY=) - function list sync
09.05.2021 20:54:22 [ZomBerryAdmin]: BnYrB (mBNlxASsPlOcry0dpDl8K-WgHNR5WMCMmoJ9NhpU4FY=) spawned GardenLime at <6249.692383, 5.428633, 9642.890625>
09.05.2021 20:56:00 [ZomBerryDbg]: BnYrB (mBNlxASsPlOcry0dpDl8K-WgHNR5WMCMmoJ9NhpU4FY=) - player list sync
09.05.2021 20:56:00 [ZomBerryDbg]: BnYrB (mBNlxASsPlOcry0dpDl8K-WgHNR5WMCMmoJ9NhpU4FY=) - function list sync
09.05.2021 20:56:16 [ZomBerryAdmin]: BnYrB (mBNlxASsPlOcry0dpDl8K-WgHNR5WMCMmoJ9NhpU4FY=) spawned GardenLime at <6247.738281, 5.449924, 9634.300781>
09.05.2021 20:58:00 [ZomBerryDbg]: BnYrB (mBNlxASsPlOcry0dpDl8K-WgHNR5WMCMmoJ9NhpU4FY=) - player list sync
09.05.2021 20:58:00 [ZomBerryDbg]: BnYrB (mBNlxASsPlOcry0dpDl8K-WgHNR5WMCMmoJ9NhpU4FY=) - function list sync
09.05.2021 20:58:21 [ZomBerryAdmin]: BnYrB (mBNlxASsPlOcry0dpDl8K-WgHNR5WMCMmoJ9NhpU4FY=) spawned BPGazG at <6237.508789, 4.932498, 9626.025391>
09.05.2021 20:58:29 [ZomBerryDbg]: BnYrB (mBNlxASsPlOcry0dpDl8K-WgHNR5WMCMmoJ9NhpU4FY=) - player list sync
09.05.2021 20:58:29 [ZomBerryDbg]: BnYrB (mBNlxASsPlOcry0dpDl8K-WgHNR5WMCMmoJ9NhpU4FY=) - function list sync
09.05.2021 20:58:37 [ZomBerryAdmin]: BnYrB (mBNlxASsPlOcry0dpDl8K-WgHNR5WMCMmoJ9NhpU4FY=) spawned BPGazWheel at <6239.727539, 4.909389, 9627.334961>
09.05.2021 20:58:37 [ZomBerryAdmin]: BnYrB (mBNlxASsPlOcry0dpDl8K-WgHNR5WMCMmoJ9NhpU4FY=) spawned BPGazWheel at <6239.754883, 4.908910, 9627.371094>
09.05.2021 20:58:38 [ZomBerryAdmin]: BnYrB (mBNlxASsPlOcry0dpDl8K-WgHNR5WMCMmoJ9NhpU4FY=) spawned BPGazWheel at <6239.772461, 4.908605, 9627.394531>
09.05.2021 20:58:38 [ZomBerryAdmin]: BnYrB (mBNlxASsPlOcry0dpDl8K-WgHNR5WMCMmoJ9NhpU4FY=) spawned BPGazWheel at <6239.783203, 4.908483, 9627.400391>
09.05.2021 20:58:51 [ZomBerryDbg]: BnYrB (mBNlxASsPlOcry0dpDl8K-WgHNR5WMCMmoJ9NhpU4FY=) - player list sync
09.05.2021 20:58:51 [ZomBerryDbg]: BnYrB (mBNlxASsPlOcry0dpDl8K-WgHNR5WMCMmoJ9NhpU4FY=) - function list sync
09.05.2021 20:58:59 [ZomBerryAdmin]: BnYrB (mBNlxASsPlOcry0dpDl8K-WgHNR5WMCMmoJ9NhpU4FY=) spawned CarRadiator at <6240.685059, 4.909723, 9627.096680>
09.05.2021 20:59:04 [ZomBerryAdmin]: BnYrB (mBNlxASsPlOcry0dpDl8K-WgHNR5WMCMmoJ9NhpU4FY=) spawned SparkPlug at <6240.685059, 4.909723, 9627.096680>
09.05.2021 20:59:05 [ZomBerryAdmin]: BnYrB (mBNlxASsPlOcry0dpDl8K-WgHNR5WMCMmoJ9NhpU4FY=) spawned SparkPlug at <6240.685059, 4.909723, 9627.096680>
09.05.2021 20:59:18 [ZomBerryAdmin]: BnYrB (mBNlxASsPlOcry0dpDl8K-WgHNR5WMCMmoJ9NhpU4FY=) spawned HeadlightH7 at <6240.685059, 4.909723, 9627.096680>
09.05.2021 20:59:18 [ZomBerryAdmin]: BnYrB (mBNlxASsPlOcry0dpDl8K-WgHNR5WMCMmoJ9NhpU4FY=) spawned HeadlightH7 at <6240.685059, 4.909723, 9627.096680>
09.05.2021 20:59:18 [ZomBerryAdmin]: BnYrB (mBNlxASsPlOcry0dpDl8K-WgHNR5WMCMmoJ9NhpU4FY=) spawned HeadlightH7 at <6240.685059, 4.909723, 9627.096680>
09.05.2021 20:59:26 [ZomBerryAdmin]: BnYrB (mBNlxASsPlOcry0dpDl8K-WgHNR5WMCMmoJ9NhpU4FY=) spawned BPGaz_codriver at <6240.685059, 4.909723, 9627.096680>
09.05.2021 20:59:29 [ZomBerryAdmin]: BnYrB (mBNlxASsPlOcry0dpDl8K-WgHNR5WMCMmoJ9NhpU4FY=) spawned BPGaz_driver at <6240.685059, 4.909723, 9627.096680>
09.05.2021 20:59:31 [ZomBerryAdmin]: BnYrB (mBNlxASsPlOcry0dpDl8K-WgHNR5WMCMmoJ9NhpU4FY=) spawned BPGaz_trunk at <6240.685059, 4.909723, 9627.096680>
09.05.2021 20:59:33 [ZomBerryAdmin]: BnYrB (mBNlxASsPlOcry0dpDl8K-WgHNR5WMCMmoJ9NhpU4FY=) spawned BPGaz_hood at <6240.699219, 5.548480, 9627.031250>
09.05.2021 21:00:24 [ZomBerryDbg]: BnYrB (mBNlxASsPlOcry0dpDl8K-WgHNR5WMCMmoJ9NhpU4FY=) - player list sync
09.05.2021 21:00:24 [ZomBerryDbg]: BnYrB (mBNlxASsPlOcry0dpDl8K-WgHNR5WMCMmoJ9NhpU4FY=) - function list sync
09.05.2021 21:00:30 [ZomBerryAdmin]: BnYrB (mBNlxASsPlOcry0dpDl8K-WgHNR5WMCMmoJ9NhpU4FY=) spawned CanisterGasoline at <6241.261719, 4.922554, 9625.375000>
09.05.2021 21:00:30 [ZomBerryAdmin]: BnYrB (mBNlxASsPlOcry0dpDl8K-WgHNR5WMCMmoJ9NhpU4FY=) spawned CanisterGasoline at <6241.261719, 4.922554, 9625.375000>
09.05.2021 21:00:30 [ZomBerryAdmin]: BnYrB (mBNlxASsPlOcry0dpDl8K-WgHNR5WMCMmoJ9NhpU4FY=) spawned CanisterGasoline at <6241.261719, 4.922554, 9625.375000>
09.05.2021 21:03:59 [ZomBerryDbg]: BnYrB (mBNlxASsPlOcry0dpDl8K-WgHNR5WMCMmoJ9NhpU4FY=) - player list sync
09.05.2021 21:03:59 [ZomBerryDbg]: BnYrB (mBNlxASsPlOcry0dpDl8K-WgHNR5WMCMmoJ9NhpU4FY=) - function list sync
09.05.2021 21:04:06 [ZomBerryAdmin]: BnYrB (mBNlxASsPlOcry0dpDl8K-WgHNR5WMCMmoJ9NhpU4FY=) spawned CarBattery at <6237.602051, 4.906236, 9629.647461>
09.05.2021 21:09:51 [ZomBerryDbg]: BnYrB (mBNlxASsPlOcry0dpDl8K-WgHNR5WMCMmoJ9NhpU4FY=) - player list sync
09.05.2021 21:09:51 [ZomBerryDbg]: BnYrB (mBNlxASsPlOcry0dpDl8K-WgHNR5WMCMmoJ9NhpU4FY=) - function list sync
09.05.2021 21:10:10 [ZomBerryAdmin]: BnYrB (mBNlxASsPlOcry0dpDl8K-WgHNR5WMCMmoJ9NhpU4FY=) spawned MCK_MasterKey at <6234.315918, 4.918905, 9624.359375>
09.05.2021 21:13:48 [ZomBerryDbg]: BnYrB (mBNlxASsPlOcry0dpDl8K-WgHNR5WMCMmoJ9NhpU4FY=) - player list sync
09.05.2021 21:13:48 [ZomBerryDbg]: BnYrB (mBNlxASsPlOcry0dpDl8K-WgHNR5WMCMmoJ9NhpU4FY=) - function list sync
09.05.2021 21:13:56 [ZomBerryAdmin]: BnYrB (mBNlxASsPlOcry0dpDl8K-WgHNR5WMCMmoJ9NhpU4FY=) spawned Raincoat_Black at <6253.250000, 4.979607, 9654.284180>
09.05.2021 21:14:59 [ZomBerryDbg]: BnYrB (mBNlxASsPlOcry0dpDl8K-WgHNR5WMCMmoJ9NhpU4FY=) - player list sync
09.05.2021 21:14:59 [ZomBerryDbg]: BnYrB (mBNlxASsPlOcry0dpDl8K-WgHNR5WMCMmoJ9NhpU4FY=) - function list sync
09.05.2021 21:15:02 [ZomBerryAdmin]: BnYrB (mBNlxASsPlOcry0dpDl8K-WgHNR5WMCMmoJ9NhpU4FY=) executed HealTarget
09.05.2021 21:15:04 [ZomBerryAdmin]: BnYrB (mBNlxASsPlOcry0dpDl8K-WgHNR5WMCMmoJ9NhpU4FY=) executed GodTarget
09.05.2021 21:15:06 [ZomBerryAdmin]: BnYrB (mBNlxASsPlOcry0dpDl8K-WgHNR5WMCMmoJ9NhpU4FY=) executed HealTarget
09.05.2021 21:15:07 [ZomBerryAdmin]: BnYrB (mBNlxASsPlOcry0dpDl8K-WgHNR5WMCMmoJ9NhpU4FY=) executed GodTarget
09.05.2021 21:15:15 [ZomBerryDbg]: BnYrB (mBNlxASsPlOcry0dpDl8K-WgHNR5WMCMmoJ9NhpU4FY=) - player list sync
09.05.2021 21:15:15 [ZomBerryDbg]: BnYrB (mBNlxASsPlOcry0dpDl8K-WgHNR5WMCMmoJ9NhpU4FY=) - function list sync
09.05.2021 21:15:16 [ZomBerryAdmin]: BnYrB (mBNlxASsPlOcry0dpDl8K-WgHNR5WMCMmoJ9NhpU4FY=) executed RefuelAndRepair
09.05.2021 21:15:19 [ZomBerryAdmin]: BnYrB (mBNlxASsPlOcry0dpDl8K-WgHNR5WMCMmoJ9NhpU4FY=) executed RefuelAndRepair
09.05.2021 21:15:48 [ZomBerryDbg]: BnYrB (mBNlxASsPlOcry0dpDl8K-WgHNR5WMCMmoJ9NhpU4FY=) - player list sync
09.05.2021 21:15:48 [ZomBerryDbg]: BnYrB (mBNlxASsPlOcry0dpDl8K-WgHNR5WMCMmoJ9NhpU4FY=) - function list sync
09.05.2021 21:15:55 [ZomBerryAdmin]: BnYrB (mBNlxASsPlOcry0dpDl8K-WgHNR5WMCMmoJ9NhpU4FY=) spawned CrSk_Land_Rover_Defender_110_Green at <6259.600586, 5.324114, 9647.103516>
09.05.2021 21:16:03 [ZomBerryDbg]: BnYrB (mBNlxASsPlOcry0dpDl8K-WgHNR5WMCMmoJ9NhpU4FY=) - player list sync
09.05.2021 21:16:03 [ZomBerryDbg]: BnYrB (mBNlxASsPlOcry0dpDl8K-WgHNR5WMCMmoJ9NhpU4FY=) - function list sync
09.05.2021 21:16:05 [ZomBerryAdmin]: BnYrB (mBNlxASsPlOcry0dpDl8K-WgHNR5WMCMmoJ9NhpU4FY=) executed RefuelAndRepair
09.05.2021 21:18:19 [ZomBerryDbg]: BnYrB (mBNlxASsPlOcry0dpDl8K-WgHNR5WMCMmoJ9NhpU4FY=) - player list sync
09.05.2021 21:18:19 [ZomBerryDbg]: BnYrB (mBNlxASsPlOcry0dpDl8K-WgHNR5WMCMmoJ9NhpU4FY=) - function list sync
09.05.2021 21:20:54 [ZomBerryDbg]: BnYrB (mBNlxASsPlOcry0dpDl8K-WgHNR5WMCMmoJ9NhpU4FY=) - player list sync
09.05.2021 21:20:54 [ZomBerryDbg]: BnYrB (mBNlxASsPlOcry0dpDl8K-WgHNR5WMCMmoJ9NhpU4FY=) - function list sync
09.05.2021 21:21:00 [ZomBerryAdmin]: BnYrB (mBNlxASsPlOcry0dpDl8K-WgHNR5WMCMmoJ9NhpU4FY=) teleported to position <1913.492554, 9.190000, 8970.138672>
09.05.2021 21:21:27 [ZomBerryDbg]: BnYrB (mBNlxASsPlOcry0dpDl8K-WgHNR5WMCMmoJ9NhpU4FY=) - player list sync
09.05.2021 21:21:27 [ZomBerryDbg]: BnYrB (mBNlxASsPlOcry0dpDl8K-WgHNR5WMCMmoJ9NhpU4FY=) - function list sync
09.05.2021 21:21:35 [ZomBerryAdmin]: BnYrB (mBNlxASsPlOcry0dpDl8K-WgHNR5WMCMmoJ9NhpU4FY=) teleported to position <3727.276855, 9.350000, 8827.164063>
09.05.2021 21:22:23 [ZomBerryDbg]: BnYrB (mBNlxASsPlOcry0dpDl8K-WgHNR5WMCMmoJ9NhpU4FY=) - player list sync
09.05.2021 21:22:23 [ZomBerryDbg]: BnYrB (mBNlxASsPlOcry0dpDl8K-WgHNR5WMCMmoJ9NhpU4FY=) - function list sync
09.05.2021 21:22:41 [ZomBerryAdmin]: BnYrB (mBNlxASsPlOcry0dpDl8K-WgHNR5WMCMmoJ9NhpU4FY=) teleported to position <10026.039063, 21.799999, 10982.013672>
09.05.2021 21:22:57 [ZomBerryDbg]: BnYrB (mBNlxASsPlOcry0dpDl8K-WgHNR5WMCMmoJ9NhpU4FY=) - player list sync
09.05.2021 21:22:57 [ZomBerryDbg]: BnYrB (mBNlxASsPlOcry0dpDl8K-WgHNR5WMCMmoJ9NhpU4FY=) - function list sync
09.05.2021 21:23:09 [ZomBerryAdmin]: BnYrB (mBNlxASsPlOcry0dpDl8K-WgHNR5WMCMmoJ9NhpU4FY=) spawned Spur_Trolley_E_Kart at <10025.700195, 21.812498, 10990.018555>
09.05.2021 21:23:14 [ZomBerryDbg]: BnYrB (mBNlxASsPlOcry0dpDl8K-WgHNR5WMCMmoJ9NhpU4FY=) - player list sync
09.05.2021 21:23:14 [ZomBerryDbg]: BnYrB (mBNlxASsPlOcry0dpDl8K-WgHNR5WMCMmoJ9NhpU4FY=) - function list sync
09.05.2021 21:23:17 [ZomBerryAdmin]: BnYrB (mBNlxASsPlOcry0dpDl8K-WgHNR5WMCMmoJ9NhpU4FY=) executed RefuelAndRepair
09.05.2021 21:26:42 [ZomBerryDbg]: BnYrB (mBNlxASsPlOcry0dpDl8K-WgHNR5WMCMmoJ9NhpU4FY=) - player list sync
09.05.2021 21:26:42 [ZomBerryDbg]: BnYrB (mBNlxASsPlOcry0dpDl8K-WgHNR5WMCMmoJ9NhpU4FY=) - function list sync
09.05.2021 21:26:49 [ZomBerryAdmin]: BnYrB (mBNlxASsPlOcry0dpDl8K-WgHNR5WMCMmoJ9NhpU4FY=) tried to teleport, but was in vehicle
09.05.2021 21:27:32 [ZomBerryDbg]: BnYrB (mBNlxASsPlOcry0dpDl8K-WgHNR5WMCMmoJ9NhpU4FY=) - player list sync
09.05.2021 21:27:32 [ZomBerryDbg]: BnYrB (mBNlxASsPlOcry0dpDl8K-WgHNR5WMCMmoJ9NhpU4FY=) - function list sync
09.05.2021 21:27:40 [ZomBerryAdmin]: BnYrB (mBNlxASsPlOcry0dpDl8K-WgHNR5WMCMmoJ9NhpU4FY=) teleported to position <6218.201172, 4.925503, 9571.736328>
09.05.2021 21:28:41 [ZomBerryDbg]: BnYrB (mBNlxASsPlOcry0dpDl8K-WgHNR5WMCMmoJ9NhpU4FY=) - player list sync
09.05.2021 21:28:41 [ZomBerryDbg]: BnYrB (mBNlxASsPlOcry0dpDl8K-WgHNR5WMCMmoJ9NhpU4FY=) - function list sync
09.05.2021 21:28:43 [ZomBerryAdmin]: BnYrB (mBNlxASsPlOcry0dpDl8K-WgHNR5WMCMmoJ9NhpU4FY=) executed HealTarget
09.05.2021 21:28:45 [ZomBerryAdmin]: BnYrB (mBNlxASsPlOcry0dpDl8K-WgHNR5WMCMmoJ9NhpU4FY=) executed GodTarget
09.05.2021 21:28:46 [ZomBerryAdmin]: BnYrB (mBNlxASsPlOcry0dpDl8K-WgHNR5WMCMmoJ9NhpU4FY=) executed RefuelAndRepair
09.05.2021 21:28:46 [ZomBerryAdmin]: BnYrB (mBNlxASsPlOcry0dpDl8K-WgHNR5WMCMmoJ9NhpU4FY=) executed HealTarget
09.05.2021 21:40:13 [ZomBerryDbg]: Auth Request ignored (not an admin) Raider 2-2 (XvanEKUhyxTkbzngpxDcoNyQwUXi4Yr-sLWO7uNg91M=)
09.05.2021 21:56:50 [ZomBerryDbg]: Auth Request ignored (not an admin) Cygnus (hDo_Btwm72QwlIopq6csO7iMF3JQfMqHeAzHsQsXTmo=)
09.05.2021 23:13:23 [ZomBerryDbg]: Auth respond to admin BnYrB (mBNlxASsPlOcry0dpDl8K-WgHNR5WMCMmoJ9NhpU4FY=)
09.05.2021 23:15:15 [ZomBerryDbg]: BnYrB (mBNlxASsPlOcry0dpDl8K-WgHNR5WMCMmoJ9NhpU4FY=) - player list sync
09.05.2021 23:15:15 [ZomBerryDbg]: BnYrB (mBNlxASsPlOcry0dpDl8K-WgHNR5WMCMmoJ9NhpU4FY=) - function list sync
09.05.2021 23:15:19 [ZomBerryAdmin]: BnYrB (mBNlxASsPlOcry0dpDl8K-WgHNR5WMCMmoJ9NhpU4FY=) executed HealTarget
09.05.2021 23:15:21 [ZomBerryAdmin]: BnYrB (mBNlxASsPlOcry0dpDl8K-WgHNR5WMCMmoJ9NhpU4FY=) executed GodTarget
09.05.2021 23:15:25 [ZomBerryDbg]: BnYrB (mBNlxASsPlOcry0dpDl8K-WgHNR5WMCMmoJ9NhpU4FY=) - player list sync
09.05.2021 23:15:25 [ZomBerryDbg]: BnYrB (mBNlxASsPlOcry0dpDl8K-WgHNR5WMCMmoJ9NhpU4FY=) - function list sync
