---------------------------------------------
ZomBerry v0.6.2 log started at 25.04.2021 00:01:33

25.04.2021 00:01:33 [ZomBerryCmdAPI]: INFO: Added category OnTarget
25.04.2021 00:01:33 [ZomBerryCmdAPI]: INFO: Added function TPCur to category OnTarget
25.04.2021 00:01:33 [ZomBerryCmdAPI]: INFO: Added function TPForward to category OnTarget
25.04.2021 00:01:33 [ZomBerryCmdAPI]: INFO: Added function TPToTarget to category OnTarget
25.04.2021 00:01:33 [ZomBerryCmdAPI]: INFO: Added function TPToAdmin to category OnTarget
25.04.2021 00:01:33 [ZomBerryCmdAPI]: INFO: Added function HealTarget to category OnTarget
25.04.2021 00:01:33 [ZomBerryCmdAPI]: INFO: Added function GodTarget to category OnTarget
25.04.2021 00:01:33 [ZomBerryCmdAPI]: INFO: Added function RefuelAndRepair to category OnTarget
25.04.2021 00:01:33 [ZomBerryCmdAPI]: INFO: Added category ==
25.04.2021 00:01:33 [ZomBerryCmdAPI]: INFO: Added function KillTarget to category ==
25.04.2021 00:01:33 [ZomBerryCmdAPI]: INFO: Added function BiteTarget to category ==
25.04.2021 00:01:33 [ZomBerryCmdAPI]: INFO: Added function StripTarget to category ==
25.04.2021 00:01:33 [ZomBerryCmdAPI]: INFO: Added function RejectBellyTarget to category ==
25.04.2021 00:01:33 [ZomBerryCmdAPI]: INFO: Added function PsycoTarget to category ==
25.04.2021 00:01:33 [ZomBerryCmdAPI]: INFO: Added function SneezeTarget to category ==
25.04.2021 00:01:33 [ZomBerryCmdAPI]: INFO: Added function SetHealthTarget to category ==
25.04.2021 00:01:33 [ZomBerryCmdAPI]: INFO: Added function SetBloodTarget to category ==
25.04.2021 00:01:33 [ZomBerryCmdAPI]: INFO: Added category OnServer
25.04.2021 00:01:33 [ZomBerryCmdAPI]: INFO: Added function FreeCamAdm to category OnServer
25.04.2021 00:01:33 [ZomBerryCmdAPI]: INFO: Added function TimeDay to category OnServer
25.04.2021 00:01:33 [ZomBerryCmdAPI]: INFO: Added function TimeNight to category OnServer
25.04.2021 00:01:33 [ZomBerryCmdAPI]: INFO: Added function SetTime to category OnServer
25.04.2021 00:01:33 [ZomBerryCmdAPI]: INFO: Added function SetDate to category OnServer
25.04.2021 00:01:33 [ZomBerryCmdAPI]: INFO: Added function SetWeather to category OnServer
25.04.2021 00:01:33 [ZomBerryCmdAPI]: INFO: Added function DeleteObj to category OnServer
25.04.2021 00:01:33 [ZomBerryConfig]: INFO: Using admins.cfg from Profile directory
25.04.2021 00:01:33 [ZomBerryDbg]: Server ready, loading admin list from: $profile:ZomBerry\admins.cfg
25.04.2021 00:01:33 [ZomBerryConfig]: admins.cfg loaded
25.04.2021 00:01:33 [ZomBerryConfig]: Added admin: 76561198038543835
25.04.2021 00:01:33 [ZomBerryConfig]: Added admin: 76561198036774377
25.04.2021 00:02:39 [ZomBerryDbg]: Auth Request ignored (not an admin) Raider 2-2 (XvanEKUhyxTkbzngpxDcoNyQwUXi4Yr-sLWO7uNg91M=)
25.04.2021 00:02:44 [ZomBerryDbg]: Auth Request ignored (not an admin) GalaxyPanda (Pk9FmI0iGIJV90L0o-uI7ivHc45DZnNcAVX3v1GVD5Y=)
25.04.2021 00:03:09 [ZomBerryDbg]: Auth Request ignored (not an admin) Leon Heart (c4-Hl2AQIP2yle_6b2iJaTzih26WJhTTuwZ-egqCFDE=)
25.04.2021 00:03:18 [ZomBerryDbg]: Auth Request ignored (not an admin) Booming4you (ZYYdNsef9el8O34L9X1mjEU3KCJab-yTfPUJnwaDNQ0=)
25.04.2021 00:03:35 [ZomBerryDbg]: Auth Request ignored (not an admin) Jace (3Yf4IjfITzHZ-KkF9CFJ068XfSnhNV9b1sfzHnfuZ24=)
25.04.2021 00:03:38 [ZomBerryDbg]: Auth Request ignored (not an admin) alexios (dNltWElBg21tP8jBzA87aVZyuFTvx4hujP8j-blHbc8=)
25.04.2021 00:04:53 [ZomBerryDbg]: Auth respond to admin BnYrB (mBNlxASsPlOcry0dpDl8K-WgHNR5WMCMmoJ9NhpU4FY=)
25.04.2021 00:08:54 [ZomBerryDbg]: Auth Request ignored (not an admin) Leon Heart (c4-Hl2AQIP2yle_6b2iJaTzih26WJhTTuwZ-egqCFDE=)
25.04.2021 00:14:57 [ZomBerryDbg]: Auth Request ignored (not an admin) Leon Heart (c4-Hl2AQIP2yle_6b2iJaTzih26WJhTTuwZ-egqCFDE=)
25.04.2021 00:16:23 [ZomBerryDbg]: Auth Request ignored (not an admin) Cygnus (hDo_Btwm72QwlIopq6csO7iMF3JQfMqHeAzHsQsXTmo=)
