---------------------------------------------
ZomBerry v0.6.2 log started at 24.04.2021 02:32:14

24.04.2021 02:32:14 [ZomBerryCmdAPI]: INFO: Added category OnTarget
24.04.2021 02:32:14 [ZomBerryCmdAPI]: INFO: Added function TPCur to category OnTarget
24.04.2021 02:32:14 [ZomBerryCmdAPI]: INFO: Added function TPForward to category OnTarget
24.04.2021 02:32:14 [ZomBerryCmdAPI]: INFO: Added function TPToTarget to category OnTarget
24.04.2021 02:32:14 [ZomBerryCmdAPI]: INFO: Added function TPToAdmin to category OnTarget
24.04.2021 02:32:14 [ZomBerryCmdAPI]: INFO: Added function HealTarget to category OnTarget
24.04.2021 02:32:14 [ZomBerryCmdAPI]: INFO: Added function GodTarget to category OnTarget
24.04.2021 02:32:14 [ZomBerryCmdAPI]: INFO: Added function RefuelAndRepair to category OnTarget
24.04.2021 02:32:14 [ZomBerryCmdAPI]: INFO: Added category ==
24.04.2021 02:32:14 [ZomBerryCmdAPI]: INFO: Added function KillTarget to category ==
24.04.2021 02:32:14 [ZomBerryCmdAPI]: INFO: Added function BiteTarget to category ==
24.04.2021 02:32:14 [ZomBerryCmdAPI]: INFO: Added function StripTarget to category ==
24.04.2021 02:32:14 [ZomBerryCmdAPI]: INFO: Added function RejectBellyTarget to category ==
24.04.2021 02:32:14 [ZomBerryCmdAPI]: INFO: Added function PsycoTarget to category ==
24.04.2021 02:32:14 [ZomBerryCmdAPI]: INFO: Added function SneezeTarget to category ==
24.04.2021 02:32:14 [ZomBerryCmdAPI]: INFO: Added function SetHealthTarget to category ==
24.04.2021 02:32:14 [ZomBerryCmdAPI]: INFO: Added function SetBloodTarget to category ==
24.04.2021 02:32:14 [ZomBerryCmdAPI]: INFO: Added category OnServer
24.04.2021 02:32:14 [ZomBerryCmdAPI]: INFO: Added function FreeCamAdm to category OnServer
24.04.2021 02:32:14 [ZomBerryCmdAPI]: INFO: Added function TimeDay to category OnServer
24.04.2021 02:32:14 [ZomBerryCmdAPI]: INFO: Added function TimeNight to category OnServer
24.04.2021 02:32:14 [ZomBerryCmdAPI]: INFO: Added function SetTime to category OnServer
24.04.2021 02:32:14 [ZomBerryCmdAPI]: INFO: Added function SetDate to category OnServer
24.04.2021 02:32:14 [ZomBerryCmdAPI]: INFO: Added function SetWeather to category OnServer
24.04.2021 02:32:14 [ZomBerryCmdAPI]: INFO: Added function DeleteObj to category OnServer
24.04.2021 02:32:14 [ZomBerryConfig]: INFO: Using admins.cfg from Profile directory
24.04.2021 02:32:14 [ZomBerryDbg]: Server ready, loading admin list from: $profile:ZomBerry\admins.cfg
24.04.2021 02:32:14 [ZomBerryConfig]: admins.cfg loaded
24.04.2021 02:32:14 [ZomBerryConfig]: Added admin: 76561198038543835
24.04.2021 02:32:14 [ZomBerryConfig]: Added admin: 76561198036774377
24.04.2021 02:33:45 [ZomBerryDbg]: Auth respond to admin BnYrB (mBNlxASsPlOcry0dpDl8K-WgHNR5WMCMmoJ9NhpU4FY=)
24.04.2021 02:42:54 [ZomBerryDbg]: Auth Request ignored (not an admin) Cowboy (0A6uoHjaO9m3ovYtLHeeTPcw4EpUKRL8AqmU_A5CRac=)
24.04.2021 02:46:32 [ZomBerryDbg]: Auth Request ignored (not an admin) Cygnus (hDo_Btwm72QwlIopq6csO7iMF3JQfMqHeAzHsQsXTmo=)
24.04.2021 02:48:29 [ZomBerryDbg]: BnYrB (mBNlxASsPlOcry0dpDl8K-WgHNR5WMCMmoJ9NhpU4FY=) - player list sync
24.04.2021 02:48:29 [ZomBerryDbg]: BnYrB (mBNlxASsPlOcry0dpDl8K-WgHNR5WMCMmoJ9NhpU4FY=) - function list sync
24.04.2021 02:48:41 [ZomBerryAdmin]: BnYrB (mBNlxASsPlOcry0dpDl8K-WgHNR5WMCMmoJ9NhpU4FY=) spawned Rag at <6253.501953, 4.979691, 9654.163086>
24.04.2021 02:48:42 [ZomBerryAdmin]: BnYrB (mBNlxASsPlOcry0dpDl8K-WgHNR5WMCMmoJ9NhpU4FY=) spawned Rag at <6253.501953, 4.979691, 9654.163086>
24.04.2021 02:48:42 [ZomBerryAdmin]: BnYrB (mBNlxASsPlOcry0dpDl8K-WgHNR5WMCMmoJ9NhpU4FY=) spawned Rag at <6253.501953, 4.979691, 9654.163086>
24.04.2021 02:49:33 [ZomBerryDbg]: Auth Request ignored (not an admin) GalaxyPanda (Pk9FmI0iGIJV90L0o-uI7ivHc45DZnNcAVX3v1GVD5Y=)
24.04.2021 02:50:27 [ZomBerryDbg]: BnYrB (mBNlxASsPlOcry0dpDl8K-WgHNR5WMCMmoJ9NhpU4FY=) - player list sync
24.04.2021 02:50:27 [ZomBerryDbg]: BnYrB (mBNlxASsPlOcry0dpDl8K-WgHNR5WMCMmoJ9NhpU4FY=) - function list sync
24.04.2021 02:52:23 [ZomBerryDbg]: BnYrB (mBNlxASsPlOcry0dpDl8K-WgHNR5WMCMmoJ9NhpU4FY=) - player list sync
24.04.2021 02:52:23 [ZomBerryDbg]: BnYrB (mBNlxASsPlOcry0dpDl8K-WgHNR5WMCMmoJ9NhpU4FY=) - function list sync
24.04.2021 02:52:33 [ZomBerryAdmin]: BnYrB (mBNlxASsPlOcry0dpDl8K-WgHNR5WMCMmoJ9NhpU4FY=) spawned Shovel at <6246.901367, 5.089206, 9630.038086>
24.04.2021 02:52:51 [ZomBerryAdmin]: BnYrB (mBNlxASsPlOcry0dpDl8K-WgHNR5WMCMmoJ9NhpU4FY=) spawned CP_CannabisSeedsStardawg at <6246.901367, 5.089206, 9630.038086>
24.04.2021 02:52:52 [ZomBerryAdmin]: BnYrB (mBNlxASsPlOcry0dpDl8K-WgHNR5WMCMmoJ9NhpU4FY=) spawned CP_CannabisSeedsKush at <6246.901367, 5.089206, 9630.038086>
24.04.2021 02:52:53 [ZomBerryAdmin]: BnYrB (mBNlxASsPlOcry0dpDl8K-WgHNR5WMCMmoJ9NhpU4FY=) spawned CP_CannabisSeedsBlue at <6246.901367, 5.089206, 9630.038086>
24.04.2021 02:52:53 [ZomBerryAdmin]: BnYrB (mBNlxASsPlOcry0dpDl8K-WgHNR5WMCMmoJ9NhpU4FY=) spawned CP_CannabisSeedsBlue at <6246.901367, 5.089206, 9630.038086>
24.04.2021 02:52:54 [ZomBerryAdmin]: BnYrB (mBNlxASsPlOcry0dpDl8K-WgHNR5WMCMmoJ9NhpU4FY=) spawned CP_CannabisSeedsSkunk at <6246.901367, 5.089206, 9630.038086>
24.04.2021 02:52:55 [ZomBerryAdmin]: BnYrB (mBNlxASsPlOcry0dpDl8K-WgHNR5WMCMmoJ9NhpU4FY=) spawned CP_Plant_CannabisBlackFrost at <6246.901367, 5.089206, 9630.038086>
24.04.2021 02:53:58 [ZomBerryDbg]: BnYrB (mBNlxASsPlOcry0dpDl8K-WgHNR5WMCMmoJ9NhpU4FY=) - player list sync
24.04.2021 02:53:58 [ZomBerryDbg]: BnYrB (mBNlxASsPlOcry0dpDl8K-WgHNR5WMCMmoJ9NhpU4FY=) - function list sync
24.04.2021 02:54:05 [ZomBerryAdmin]: BnYrB (mBNlxASsPlOcry0dpDl8K-WgHNR5WMCMmoJ9NhpU4FY=) executed TPToAdmin on target Cowboy (0A6uoHjaO9m3ovYtLHeeTPcw4EpUKRL8AqmU_A5CRac=)
24.04.2021 02:56:09 [ZomBerryDbg]: BnYrB (mBNlxASsPlOcry0dpDl8K-WgHNR5WMCMmoJ9NhpU4FY=) - player list sync
24.04.2021 02:56:09 [ZomBerryDbg]: BnYrB (mBNlxASsPlOcry0dpDl8K-WgHNR5WMCMmoJ9NhpU4FY=) - function list sync
24.04.2021 02:56:24 [ZomBerryAdmin]: BnYrB (mBNlxASsPlOcry0dpDl8K-WgHNR5WMCMmoJ9NhpU4FY=) spawned AmmoBox_22_50Rnd at <6243.195313, 4.857559, 9634.291992>
24.04.2021 02:56:24 [ZomBerryAdmin]: BnYrB (mBNlxASsPlOcry0dpDl8K-WgHNR5WMCMmoJ9NhpU4FY=) spawned AmmoBox_22_50Rnd at <6243.195313, 4.857559, 9634.291992>
24.04.2021 02:56:24 [ZomBerryAdmin]: BnYrB (mBNlxASsPlOcry0dpDl8K-WgHNR5WMCMmoJ9NhpU4FY=) spawned AmmoBox_22_50Rnd at <6243.195313, 4.857559, 9634.291992>
24.04.2021 02:56:35 [ZomBerryAdmin]: BnYrB (mBNlxASsPlOcry0dpDl8K-WgHNR5WMCMmoJ9NhpU4FY=) spawned Ruger1022 at <6243.195313, 4.857559, 9634.291992>
24.04.2021 02:56:44 [ZomBerryAdmin]: BnYrB (mBNlxASsPlOcry0dpDl8K-WgHNR5WMCMmoJ9NhpU4FY=) spawned Mag_Ruger1022_30Rnd at <6243.195313, 4.857559, 9634.291992>
24.04.2021 02:56:59 [ZomBerryAdmin]: BnYrB (mBNlxASsPlOcry0dpDl8K-WgHNR5WMCMmoJ9NhpU4FY=) spawned TraderPlus_Money_Dollar100 at <6243.195313, 4.857559, 9634.291992>
24.04.2021 02:56:59 [ZomBerryAdmin]: BnYrB (mBNlxASsPlOcry0dpDl8K-WgHNR5WMCMmoJ9NhpU4FY=) spawned TraderPlus_Money_Dollar100 at <6243.195313, 4.857559, 9634.291992>
24.04.2021 02:57:00 [ZomBerryAdmin]: BnYrB (mBNlxASsPlOcry0dpDl8K-WgHNR5WMCMmoJ9NhpU4FY=) spawned TraderPlus_Money_Dollar100 at <6243.195313, 4.857559, 9634.291992>
24.04.2021 02:57:00 [ZomBerryAdmin]: BnYrB (mBNlxASsPlOcry0dpDl8K-WgHNR5WMCMmoJ9NhpU4FY=) spawned TraderPlus_Money_Dollar100 at <6243.195313, 4.857559, 9634.291992>
24.04.2021 02:57:00 [ZomBerryAdmin]: BnYrB (mBNlxASsPlOcry0dpDl8K-WgHNR5WMCMmoJ9NhpU4FY=) spawned TraderPlus_Money_Dollar100 at <6243.195313, 4.857559, 9634.291992>
24.04.2021 02:57:01 [ZomBerryAdmin]: BnYrB (mBNlxASsPlOcry0dpDl8K-WgHNR5WMCMmoJ9NhpU4FY=) spawned TraderPlus_Money_Dollar100 at <6243.195313, 4.857559, 9634.291992>
24.04.2021 02:57:01 [ZomBerryAdmin]: BnYrB (mBNlxASsPlOcry0dpDl8K-WgHNR5WMCMmoJ9NhpU4FY=) spawned TraderPlus_Money_Dollar100 at <6243.195313, 4.857559, 9634.291992>
24.04.2021 02:57:01 [ZomBerryAdmin]: BnYrB (mBNlxASsPlOcry0dpDl8K-WgHNR5WMCMmoJ9NhpU4FY=) spawned TraderPlus_Money_Dollar100 at <6243.195313, 4.857559, 9634.291992>
24.04.2021 02:57:01 [ZomBerryAdmin]: BnYrB (mBNlxASsPlOcry0dpDl8K-WgHNR5WMCMmoJ9NhpU4FY=) spawned TraderPlus_Money_Dollar100 at <6243.195313, 4.857559, 9634.291992>
24.04.2021 02:57:02 [ZomBerryAdmin]: BnYrB (mBNlxASsPlOcry0dpDl8K-WgHNR5WMCMmoJ9NhpU4FY=) spawned TraderPlus_Money_Dollar100 at <6243.195313, 4.857559, 9634.291992>
24.04.2021 02:57:02 [ZomBerryAdmin]: BnYrB (mBNlxASsPlOcry0dpDl8K-WgHNR5WMCMmoJ9NhpU4FY=) spawned TraderPlus_Money_Dollar100 at <6243.195313, 4.857559, 9634.291992>
24.04.2021 02:57:03 [ZomBerryAdmin]: BnYrB (mBNlxASsPlOcry0dpDl8K-WgHNR5WMCMmoJ9NhpU4FY=) spawned TraderPlus_Money_Dollar100 at <6243.195313, 4.857559, 9634.291992>
24.04.2021 02:57:03 [ZomBerryAdmin]: BnYrB (mBNlxASsPlOcry0dpDl8K-WgHNR5WMCMmoJ9NhpU4FY=) spawned TraderPlus_Money_Dollar100 at <6243.195313, 4.857559, 9634.291992>
24.04.2021 02:57:03 [ZomBerryAdmin]: BnYrB (mBNlxASsPlOcry0dpDl8K-WgHNR5WMCMmoJ9NhpU4FY=) spawned TraderPlus_Money_Dollar100 at <6243.195313, 4.857559, 9634.291992>
24.04.2021 02:57:04 [ZomBerryAdmin]: BnYrB (mBNlxASsPlOcry0dpDl8K-WgHNR5WMCMmoJ9NhpU4FY=) spawned TraderPlus_Money_Dollar100 at <6243.195313, 4.857559, 9634.291992>
24.04.2021 02:57:04 [ZomBerryAdmin]: BnYrB (mBNlxASsPlOcry0dpDl8K-WgHNR5WMCMmoJ9NhpU4FY=) spawned TraderPlus_Money_Dollar100 at <6243.195313, 4.857559, 9634.291992>
24.04.2021 02:57:04 [ZomBerryAdmin]: BnYrB (mBNlxASsPlOcry0dpDl8K-WgHNR5WMCMmoJ9NhpU4FY=) spawned TraderPlus_Money_Dollar100 at <6243.195313, 4.857559, 9634.291992>
24.04.2021 02:57:04 [ZomBerryAdmin]: BnYrB (mBNlxASsPlOcry0dpDl8K-WgHNR5WMCMmoJ9NhpU4FY=) spawned TraderPlus_Money_Dollar100 at <6243.195313, 4.857559, 9634.291992>
24.04.2021 03:03:10 [ZomBerryDbg]: BnYrB (mBNlxASsPlOcry0dpDl8K-WgHNR5WMCMmoJ9NhpU4FY=) - player list sync
24.04.2021 03:03:10 [ZomBerryDbg]: BnYrB (mBNlxASsPlOcry0dpDl8K-WgHNR5WMCMmoJ9NhpU4FY=) - function list sync
24.04.2021 03:03:26 [ZomBerryAdmin]: BnYrB (mBNlxASsPlOcry0dpDl8K-WgHNR5WMCMmoJ9NhpU4FY=) added TraderPlus_Bitcoin to theirs inventory
24.04.2021 03:03:26 [ZomBerryAdmin]: BnYrB (mBNlxASsPlOcry0dpDl8K-WgHNR5WMCMmoJ9NhpU4FY=) added TraderPlus_Bitcoin to theirs inventory
24.04.2021 03:03:26 [ZomBerryAdmin]: BnYrB (mBNlxASsPlOcry0dpDl8K-WgHNR5WMCMmoJ9NhpU4FY=) added TraderPlus_Bitcoin to theirs inventory
24.04.2021 03:03:26 [ZomBerryAdmin]: BnYrB (mBNlxASsPlOcry0dpDl8K-WgHNR5WMCMmoJ9NhpU4FY=) added TraderPlus_Bitcoin to theirs inventory
24.04.2021 03:03:27 [ZomBerryAdmin]: BnYrB (mBNlxASsPlOcry0dpDl8K-WgHNR5WMCMmoJ9NhpU4FY=) added TraderPlus_Bitcoin to theirs inventory
24.04.2021 03:08:37 [ZomBerryDbg]: BnYrB (mBNlxASsPlOcry0dpDl8K-WgHNR5WMCMmoJ9NhpU4FY=) - player list sync
24.04.2021 03:08:37 [ZomBerryDbg]: BnYrB (mBNlxASsPlOcry0dpDl8K-WgHNR5WMCMmoJ9NhpU4FY=) - function list sync
24.04.2021 03:09:43 [ZomBerryAdmin]: BnYrB (mBNlxASsPlOcry0dpDl8K-WgHNR5WMCMmoJ9NhpU4FY=) spawned ImprovisedSuppressor at <6251.057617, 4.772041, 9664.940430>
24.04.2021 03:10:03 [ZomBerryDbg]: BnYrB (mBNlxASsPlOcry0dpDl8K-WgHNR5WMCMmoJ9NhpU4FY=) - player list sync
24.04.2021 03:10:03 [ZomBerryDbg]: BnYrB (mBNlxASsPlOcry0dpDl8K-WgHNR5WMCMmoJ9NhpU4FY=) - function list sync
24.04.2021 03:10:18 [ZomBerryAdmin]: BnYrB (mBNlxASsPlOcry0dpDl8K-WgHNR5WMCMmoJ9NhpU4FY=) spawned M4_Suppressor at <6250.417480, 4.753957, 9664.449219>
24.04.2021 03:10:30 [ZomBerryDbg]: BnYrB (mBNlxASsPlOcry0dpDl8K-WgHNR5WMCMmoJ9NhpU4FY=) - player list sync
24.04.2021 03:10:30 [ZomBerryDbg]: BnYrB (mBNlxASsPlOcry0dpDl8K-WgHNR5WMCMmoJ9NhpU4FY=) - function list sync
24.04.2021 03:10:48 [ZomBerryAdmin]: BnYrB (mBNlxASsPlOcry0dpDl8K-WgHNR5WMCMmoJ9NhpU4FY=) spawned PistolSuppressor at <6249.380859, 4.722618, 9664.630859>
24.04.2021 03:10:52 [ZomBerryAdmin]: BnYrB (mBNlxASsPlOcry0dpDl8K-WgHNR5WMCMmoJ9NhpU4FY=) spawned TWP_M4Suppressor at <6249.380859, 4.722618, 9664.630859>
24.04.2021 03:10:53 [ZomBerryAdmin]: BnYrB (mBNlxASsPlOcry0dpDl8K-WgHNR5WMCMmoJ9NhpU4FY=) spawned TWP_AKSuppressor at <6249.380859, 4.722618, 9664.630859>
24.04.2021 03:13:27 [ZomBerryDbg]: BnYrB (mBNlxASsPlOcry0dpDl8K-WgHNR5WMCMmoJ9NhpU4FY=) - player list sync
24.04.2021 03:13:27 [ZomBerryDbg]: BnYrB (mBNlxASsPlOcry0dpDl8K-WgHNR5WMCMmoJ9NhpU4FY=) - function list sync
24.04.2021 03:13:49 [ZomBerryAdmin]: BnYrB (mBNlxASsPlOcry0dpDl8K-WgHNR5WMCMmoJ9NhpU4FY=) spawned TWP_Airbow at <6250.258789, 4.979615, 9655.743164>
24.04.2021 03:13:54 [ZomBerryAdmin]: BnYrB (mBNlxASsPlOcry0dpDl8K-WgHNR5WMCMmoJ9NhpU4FY=) spawned TWP_Crossbow_Arrow at <6250.258789, 4.979615, 9655.743164>
24.04.2021 03:13:55 [ZomBerryAdmin]: BnYrB (mBNlxASsPlOcry0dpDl8K-WgHNR5WMCMmoJ9NhpU4FY=) spawned TWP_Crossbow_Arrow at <6250.258789, 4.979615, 9655.743164>
24.04.2021 03:13:56 [ZomBerryAdmin]: BnYrB (mBNlxASsPlOcry0dpDl8K-WgHNR5WMCMmoJ9NhpU4FY=) spawned TWP_Crossbow_Arrow at <6250.258789, 4.979615, 9655.743164>
24.04.2021 03:13:56 [ZomBerryAdmin]: BnYrB (mBNlxASsPlOcry0dpDl8K-WgHNR5WMCMmoJ9NhpU4FY=) spawned TWP_Crossbow_Arrow at <6250.258789, 4.979615, 9655.743164>
24.04.2021 03:14:29 [ZomBerryDbg]: BnYrB (mBNlxASsPlOcry0dpDl8K-WgHNR5WMCMmoJ9NhpU4FY=) - player list sync
24.04.2021 03:14:29 [ZomBerryDbg]: BnYrB (mBNlxASsPlOcry0dpDl8K-WgHNR5WMCMmoJ9NhpU4FY=) - function list sync
24.04.2021 03:15:34 [ZomBerryDbg]: BnYrB (mBNlxASsPlOcry0dpDl8K-WgHNR5WMCMmoJ9NhpU4FY=) - player list sync
24.04.2021 03:15:34 [ZomBerryDbg]: BnYrB (mBNlxASsPlOcry0dpDl8K-WgHNR5WMCMmoJ9NhpU4FY=) - function list sync
24.04.2021 03:15:47 [ZomBerryAdmin]: BnYrB (mBNlxASsPlOcry0dpDl8K-WgHNR5WMCMmoJ9NhpU4FY=) spawned SeaChest at <6253.098633, 8.046960, 9656.956055>
24.04.2021 03:17:28 [ZomBerryDbg]: BnYrB (mBNlxASsPlOcry0dpDl8K-WgHNR5WMCMmoJ9NhpU4FY=) - player list sync
24.04.2021 03:17:28 [ZomBerryDbg]: BnYrB (mBNlxASsPlOcry0dpDl8K-WgHNR5WMCMmoJ9NhpU4FY=) - function list sync
24.04.2021 03:17:40 [ZomBerryAdmin]: BnYrB (mBNlxASsPlOcry0dpDl8K-WgHNR5WMCMmoJ9NhpU4FY=) spawned MVS_Radio_Pack_Black at <6253.319336, 8.046985, 9655.555664>
24.04.2021 03:17:44 [ZomBerryAdmin]: BnYrB (mBNlxASsPlOcry0dpDl8K-WgHNR5WMCMmoJ9NhpU4FY=) spawned MVS_Radio at <6253.319336, 8.046985, 9655.555664>
24.04.2021 03:17:48 [ZomBerryAdmin]: BnYrB (mBNlxASsPlOcry0dpDl8K-WgHNR5WMCMmoJ9NhpU4FY=) spawned PersonalRadio at <6253.319336, 8.046985, 9655.555664>
24.04.2021 03:18:00 [ZomBerryAdmin]: BnYrB (mBNlxASsPlOcry0dpDl8K-WgHNR5WMCMmoJ9NhpU4FY=) spawned MVS_Belt_Black at <6253.319336, 8.046985, 9655.555664>
24.04.2021 03:18:07 [ZomBerryAdmin]: BnYrB (mBNlxASsPlOcry0dpDl8K-WgHNR5WMCMmoJ9NhpU4FY=) spawned MVS_Holster_Black at <6253.319336, 8.046985, 9655.555664>
24.04.2021 03:18:34 [ZomBerryAdmin]: BnYrB (mBNlxASsPlOcry0dpDl8K-WgHNR5WMCMmoJ9NhpU4FY=) spawned TWP_MK23Light at <6253.319336, 8.046985, 9655.555664>
24.04.2021 03:18:36 [ZomBerryAdmin]: BnYrB (mBNlxASsPlOcry0dpDl8K-WgHNR5WMCMmoJ9NhpU4FY=) spawned TWP_MK23Socom at <6253.319336, 8.046985, 9655.555664>
24.04.2021 03:18:40 [ZomBerryAdmin]: BnYrB (mBNlxASsPlOcry0dpDl8K-WgHNR5WMCMmoJ9NhpU4FY=) spawned TWP_MK23Socom_mag_12Rnd at <6253.319336, 8.046985, 9655.555664>
24.04.2021 03:18:40 [ZomBerryAdmin]: BnYrB (mBNlxASsPlOcry0dpDl8K-WgHNR5WMCMmoJ9NhpU4FY=) spawned TWP_MK23Socom_mag_12Rnd at <6253.319336, 8.046985, 9655.555664>
24.04.2021 03:18:40 [ZomBerryAdmin]: BnYrB (mBNlxASsPlOcry0dpDl8K-WgHNR5WMCMmoJ9NhpU4FY=) spawned TWP_MK23Socom_mag_12Rnd at <6253.319336, 8.046985, 9655.555664>
24.04.2021 03:18:40 [ZomBerryAdmin]: BnYrB (mBNlxASsPlOcry0dpDl8K-WgHNR5WMCMmoJ9NhpU4FY=) spawned TWP_MK23Socom_mag_12Rnd at <6253.319336, 8.046985, 9655.555664>
24.04.2021 03:18:41 [ZomBerryAdmin]: BnYrB (mBNlxASsPlOcry0dpDl8K-WgHNR5WMCMmoJ9NhpU4FY=) spawned TWP_MK23Socom_mag_12Rnd at <6253.319336, 8.046985, 9655.555664>
24.04.2021 03:18:49 [ZomBerryAdmin]: BnYrB (mBNlxASsPlOcry0dpDl8K-WgHNR5WMCMmoJ9NhpU4FY=) spawned TWP_Mossberg500 at <6253.319336, 8.046985, 9655.555664>
24.04.2021 03:19:05 [ZomBerryAdmin]: BnYrB (mBNlxASsPlOcry0dpDl8K-WgHNR5WMCMmoJ9NhpU4FY=) spawned Mich2001Helmet at <6253.319336, 8.046985, 9655.555664>
24.04.2021 03:19:06 [ZomBerryAdmin]: BnYrB (mBNlxASsPlOcry0dpDl8K-WgHNR5WMCMmoJ9NhpU4FY=) spawned AmmoBox_00buck_10rnd at <6253.319336, 8.046985, 9655.555664>
24.04.2021 03:19:07 [ZomBerryAdmin]: BnYrB (mBNlxASsPlOcry0dpDl8K-WgHNR5WMCMmoJ9NhpU4FY=) spawned AmmoBox_00buck_10rnd at <6253.319336, 8.046985, 9655.555664>
24.04.2021 03:19:07 [ZomBerryAdmin]: BnYrB (mBNlxASsPlOcry0dpDl8K-WgHNR5WMCMmoJ9NhpU4FY=) spawned AmmoBox_00buck_10rnd at <6253.319336, 8.046985, 9655.555664>
24.04.2021 03:20:00 [ZomBerryDbg]: BnYrB (mBNlxASsPlOcry0dpDl8K-WgHNR5WMCMmoJ9NhpU4FY=) - player list sync
24.04.2021 03:20:00 [ZomBerryDbg]: BnYrB (mBNlxASsPlOcry0dpDl8K-WgHNR5WMCMmoJ9NhpU4FY=) - function list sync
24.04.2021 03:20:21 [ZomBerryAdmin]: BnYrB (mBNlxASsPlOcry0dpDl8K-WgHNR5WMCMmoJ9NhpU4FY=) spawned MVS_Admin_Pouch_Multicam_Black at <6253.319336, 8.046967, 9655.555664>
24.04.2021 03:20:31 [ZomBerryAdmin]: BnYrB (mBNlxASsPlOcry0dpDl8K-WgHNR5WMCMmoJ9NhpU4FY=) spawned MVS_Medical_Pouch_Multicam_Black at <6253.319336, 8.046967, 9655.555664>
24.04.2021 03:21:33 [ZomBerryDbg]: BnYrB (mBNlxASsPlOcry0dpDl8K-WgHNR5WMCMmoJ9NhpU4FY=) - player list sync
24.04.2021 03:21:33 [ZomBerryDbg]: BnYrB (mBNlxASsPlOcry0dpDl8K-WgHNR5WMCMmoJ9NhpU4FY=) - function list sync
24.04.2021 03:21:45 [ZomBerryAdmin]: BnYrB (mBNlxASsPlOcry0dpDl8K-WgHNR5WMCMmoJ9NhpU4FY=) spawned MVS_Beard_02_Black at <6253.319336, 8.046985, 9655.555664>
24.04.2021 03:21:52 [ZomBerryAdmin]: BnYrB (mBNlxASsPlOcry0dpDl8K-WgHNR5WMCMmoJ9NhpU4FY=) spawned ThickFramesGlasses at <6253.319336, 8.046985, 9655.555664>
24.04.2021 03:21:58 [ZomBerryDbg]: BnYrB (mBNlxASsPlOcry0dpDl8K-WgHNR5WMCMmoJ9NhpU4FY=) - player list sync
24.04.2021 03:21:58 [ZomBerryDbg]: BnYrB (mBNlxASsPlOcry0dpDl8K-WgHNR5WMCMmoJ9NhpU4FY=) - function list sync
24.04.2021 03:22:12 [ZomBerryAdmin]: BnYrB (mBNlxASsPlOcry0dpDl8K-WgHNR5WMCMmoJ9NhpU4FY=) spawned TacticalGloves_Beige at <6253.319336, 8.046967, 9655.555664>
24.04.2021 03:22:21 [ZomBerryDbg]: BnYrB (mBNlxASsPlOcry0dpDl8K-WgHNR5WMCMmoJ9NhpU4FY=) - player list sync
24.04.2021 03:22:21 [ZomBerryDbg]: BnYrB (mBNlxASsPlOcry0dpDl8K-WgHNR5WMCMmoJ9NhpU4FY=) - function list sync
24.04.2021 03:22:37 [ZomBerryAdmin]: BnYrB (mBNlxASsPlOcry0dpDl8K-WgHNR5WMCMmoJ9NhpU4FY=) spawned TWP_Ammo_30Carbine at <6253.319336, 8.046966, 9655.555664>
24.04.2021 03:22:37 [ZomBerryAdmin]: BnYrB (mBNlxASsPlOcry0dpDl8K-WgHNR5WMCMmoJ9NhpU4FY=) spawned TWP_Ammo_30Carbine at <6253.319336, 8.046966, 9655.555664>
24.04.2021 03:22:37 [ZomBerryAdmin]: BnYrB (mBNlxASsPlOcry0dpDl8K-WgHNR5WMCMmoJ9NhpU4FY=) spawned TWP_Ammo_30Carbine at <6253.319336, 8.046966, 9655.555664>
24.04.2021 03:22:38 [ZomBerryAdmin]: BnYrB (mBNlxASsPlOcry0dpDl8K-WgHNR5WMCMmoJ9NhpU4FY=) spawned TWP_Ammo_30Carbine at <6253.319336, 8.046966, 9655.555664>
24.04.2021 03:22:38 [ZomBerryAdmin]: BnYrB (mBNlxASsPlOcry0dpDl8K-WgHNR5WMCMmoJ9NhpU4FY=) spawned TWP_Ammo_30Carbine at <6253.319336, 8.046966, 9655.555664>
24.04.2021 03:22:41 [ZomBerryAdmin]: BnYrB (mBNlxASsPlOcry0dpDl8K-WgHNR5WMCMmoJ9NhpU4FY=) spawned TWP_M1Carbine_mag_15Rnd at <6253.319336, 8.046966, 9655.555664>
24.04.2021 03:22:41 [ZomBerryAdmin]: BnYrB (mBNlxASsPlOcry0dpDl8K-WgHNR5WMCMmoJ9NhpU4FY=) spawned TWP_M1Carbine_mag_15Rnd at <6253.319336, 8.046966, 9655.555664>
24.04.2021 03:22:42 [ZomBerryAdmin]: BnYrB (mBNlxASsPlOcry0dpDl8K-WgHNR5WMCMmoJ9NhpU4FY=) spawned TWP_M1Carbine_mag_15Rnd at <6253.319336, 8.046966, 9655.555664>
24.04.2021 03:22:42 [ZomBerryAdmin]: BnYrB (mBNlxASsPlOcry0dpDl8K-WgHNR5WMCMmoJ9NhpU4FY=) spawned TWP_M1Carbine_mag_15Rnd at <6253.319336, 8.046966, 9655.555664>
24.04.2021 03:22:43 [ZomBerryAdmin]: BnYrB (mBNlxASsPlOcry0dpDl8K-WgHNR5WMCMmoJ9NhpU4FY=) spawned TWP_M1Carbine at <6253.319336, 8.046966, 9655.555664>
24.04.2021 03:23:17 [ZomBerryDbg]: BnYrB (mBNlxASsPlOcry0dpDl8K-WgHNR5WMCMmoJ9NhpU4FY=) - player list sync
24.04.2021 03:23:17 [ZomBerryDbg]: BnYrB (mBNlxASsPlOcry0dpDl8K-WgHNR5WMCMmoJ9NhpU4FY=) - function list sync
24.04.2021 03:23:37 [ZomBerryAdmin]: BnYrB (mBNlxASsPlOcry0dpDl8K-WgHNR5WMCMmoJ9NhpU4FY=) spawned TWP_HKCarabine_mag_30Rnd at <6253.290039, 8.046986, 9655.554688>
24.04.2021 03:23:37 [ZomBerryAdmin]: BnYrB (mBNlxASsPlOcry0dpDl8K-WgHNR5WMCMmoJ9NhpU4FY=) spawned TWP_HKCarabine_mag_30Rnd at <6253.290039, 8.046986, 9655.554688>
24.04.2021 03:23:38 [ZomBerryAdmin]: BnYrB (mBNlxASsPlOcry0dpDl8K-WgHNR5WMCMmoJ9NhpU4FY=) spawned TWP_HKCarabine_mag_30Rnd at <6253.290039, 8.046986, 9655.554688>
24.04.2021 03:23:38 [ZomBerryAdmin]: BnYrB (mBNlxASsPlOcry0dpDl8K-WgHNR5WMCMmoJ9NhpU4FY=) spawned TWP_HKCarabine_mag_30Rnd at <6253.290039, 8.046985, 9655.554688>
24.04.2021 03:23:43 [ZomBerryAdmin]: BnYrB (mBNlxASsPlOcry0dpDl8K-WgHNR5WMCMmoJ9NhpU4FY=) spawned TWP_HKCarabine at <6253.290039, 8.046986, 9655.554688>
24.04.2021 03:24:07 [ZomBerryAdmin]: BnYrB (mBNlxASsPlOcry0dpDl8K-WgHNR5WMCMmoJ9NhpU4FY=) spawned TWP_Carabine_Suppressor at <6253.290039, 8.046986, 9655.554688>
24.04.2021 03:25:15 [ZomBerryDbg]: BnYrB (mBNlxASsPlOcry0dpDl8K-WgHNR5WMCMmoJ9NhpU4FY=) - player list sync
24.04.2021 03:25:15 [ZomBerryDbg]: BnYrB (mBNlxASsPlOcry0dpDl8K-WgHNR5WMCMmoJ9NhpU4FY=) - function list sync
24.04.2021 03:25:40 [ZomBerryAdmin]: BnYrB (mBNlxASsPlOcry0dpDl8K-WgHNR5WMCMmoJ9NhpU4FY=) spawned TraderPlus_Money_Ruble5 at <6253.285156, 8.046965, 9656.008789>
24.04.2021 03:25:42 [ZomBerryAdmin]: BnYrB (mBNlxASsPlOcry0dpDl8K-WgHNR5WMCMmoJ9NhpU4FY=) spawned TraderPlus_Money_Euro500 at <6253.285156, 8.046965, 9656.008789>
24.04.2021 03:25:44 [ZomBerryAdmin]: BnYrB (mBNlxASsPlOcry0dpDl8K-WgHNR5WMCMmoJ9NhpU4FY=) spawned TraderPlus_Money_Euro500 at <6253.285156, 8.046965, 9656.008789>
24.04.2021 03:25:45 [ZomBerryAdmin]: BnYrB (mBNlxASsPlOcry0dpDl8K-WgHNR5WMCMmoJ9NhpU4FY=) spawned TraderPlus_Money_Wad_Ruble50 at <6253.285156, 8.046965, 9656.008789>
24.04.2021 03:25:46 [ZomBerryAdmin]: BnYrB (mBNlxASsPlOcry0dpDl8K-WgHNR5WMCMmoJ9NhpU4FY=) spawned TraderPlus_Money_Wad_Ruble10 at <6253.285156, 8.046965, 9656.008789>
