---------------------------------------------
ZomBerry v0.6.2 log started at 18.05.2021 00:00:30

18.05.2021 00:00:30 [ZomBerryCmdAPI]: INFO: Added category OnTarget
18.05.2021 00:00:30 [ZomBerryCmdAPI]: INFO: Added function TPCur to category OnTarget
18.05.2021 00:00:30 [ZomBerryCmdAPI]: INFO: Added function TPForward to category OnTarget
18.05.2021 00:00:30 [ZomBerryCmdAPI]: INFO: Added function TPToTarget to category OnTarget
18.05.2021 00:00:30 [ZomBerryCmdAPI]: INFO: Added function TPToAdmin to category OnTarget
18.05.2021 00:00:30 [ZomBerryCmdAPI]: INFO: Added function HealTarget to category OnTarget
18.05.2021 00:00:30 [ZomBerryCmdAPI]: INFO: Added function GodTarget to category OnTarget
18.05.2021 00:00:30 [ZomBerryCmdAPI]: INFO: Added function RefuelAndRepair to category OnTarget
18.05.2021 00:00:30 [ZomBerryCmdAPI]: INFO: Added category ==
18.05.2021 00:00:30 [ZomBerryCmdAPI]: INFO: Added function KillTarget to category ==
18.05.2021 00:00:30 [ZomBerryCmdAPI]: INFO: Added function BiteTarget to category ==
18.05.2021 00:00:30 [ZomBerryCmdAPI]: INFO: Added function StripTarget to category ==
18.05.2021 00:00:30 [ZomBerryCmdAPI]: INFO: Added function RejectBellyTarget to category ==
18.05.2021 00:00:30 [ZomBerryCmdAPI]: INFO: Added function PsycoTarget to category ==
18.05.2021 00:00:30 [ZomBerryCmdAPI]: INFO: Added function SneezeTarget to category ==
18.05.2021 00:00:30 [ZomBerryCmdAPI]: INFO: Added function SetHealthTarget to category ==
18.05.2021 00:00:30 [ZomBerryCmdAPI]: INFO: Added function SetBloodTarget to category ==
18.05.2021 00:00:30 [ZomBerryCmdAPI]: INFO: Added category OnServer
18.05.2021 00:00:30 [ZomBerryCmdAPI]: INFO: Added function FreeCamAdm to category OnServer
18.05.2021 00:00:30 [ZomBerryCmdAPI]: INFO: Added function TimeDay to category OnServer
18.05.2021 00:00:30 [ZomBerryCmdAPI]: INFO: Added function TimeNight to category OnServer
18.05.2021 00:00:30 [ZomBerryCmdAPI]: INFO: Added function SetTime to category OnServer
18.05.2021 00:00:30 [ZomBerryCmdAPI]: INFO: Added function SetDate to category OnServer
18.05.2021 00:00:30 [ZomBerryCmdAPI]: INFO: Added function SetWeather to category OnServer
18.05.2021 00:00:30 [ZomBerryCmdAPI]: INFO: Added function DeleteObj to category OnServer
18.05.2021 00:00:30 [ZomBerryConfig]: INFO: Using admins.cfg from Profile directory
18.05.2021 00:00:30 [ZomBerryDbg]: Server ready, loading admin list from: $profile:ZomBerry\admins.cfg
18.05.2021 00:00:30 [ZomBerryConfig]: admins.cfg loaded
18.05.2021 00:00:30 [ZomBerryConfig]: Added admin: 76561198036774377
18.05.2021 00:01:08 [ZomBerryDbg]: Auth Request ignored (not an admin) Raider 2-2 (XvanEKUhyxTkbzngpxDcoNyQwUXi4Yr-sLWO7uNg91M=)
18.05.2021 00:03:36 [ZomBerryDbg]: Auth Request ignored (not an admin) Jimmy Nickels (Pk9FmI0iGIJV90L0o-uI7ivHc45DZnNcAVX3v1GVD5Y=)
18.05.2021 00:03:45 [ZomBerryDbg]: Auth Request ignored (not an admin) Raider 2-2 (XvanEKUhyxTkbzngpxDcoNyQwUXi4Yr-sLWO7uNg91M=)
18.05.2021 00:05:34 [ZomBerryDbg]: Auth Request ignored (not an admin) Survivor (F2wubczfhybKC4z2SRhLVVbzbiFpm5OyVrI82AJ3p_U=)
18.05.2021 00:34:08 [ZomBerryDbg]: Auth Request ignored (not an admin) alexios (dNltWElBg21tP8jBzA87aVZyuFTvx4hujP8j-blHbc8=)
18.05.2021 01:04:38 [ZomBerryDbg]: Auth Request ignored (not an admin) Survivor (F2wubczfhybKC4z2SRhLVVbzbiFpm5OyVrI82AJ3p_U=)
18.05.2021 01:07:36 [ZomBerryDbg]: Auth Request ignored (not an admin) Raider 2-2 (XvanEKUhyxTkbzngpxDcoNyQwUXi4Yr-sLWO7uNg91M=)
18.05.2021 01:13:18 [ZomBerryDbg]: Auth Request ignored (not an admin) alexios (dNltWElBg21tP8jBzA87aVZyuFTvx4hujP8j-blHbc8=)
18.05.2021 01:18:08 [ZomBerryDbg]: Auth Request ignored (not an admin) alexios (dNltWElBg21tP8jBzA87aVZyuFTvx4hujP8j-blHbc8=)
