---------------------------------------------
ZomBerry v0.6.2 log started at 24.04.2021 12:01:16

24.04.2021 12:01:16 [ZomBerryCmdAPI]: INFO: Added category OnTarget
24.04.2021 12:01:16 [ZomBerryCmdAPI]: INFO: Added function TPCur to category OnTarget
24.04.2021 12:01:16 [ZomBerryCmdAPI]: INFO: Added function TPForward to category OnTarget
24.04.2021 12:01:16 [ZomBerryCmdAPI]: INFO: Added function TPToTarget to category OnTarget
24.04.2021 12:01:16 [ZomBerryCmdAPI]: INFO: Added function TPToAdmin to category OnTarget
24.04.2021 12:01:16 [ZomBerryCmdAPI]: INFO: Added function HealTarget to category OnTarget
24.04.2021 12:01:16 [ZomBerryCmdAPI]: INFO: Added function GodTarget to category OnTarget
24.04.2021 12:01:16 [ZomBerryCmdAPI]: INFO: Added function RefuelAndRepair to category OnTarget
24.04.2021 12:01:16 [ZomBerryCmdAPI]: INFO: Added category ==
24.04.2021 12:01:16 [ZomBerryCmdAPI]: INFO: Added function KillTarget to category ==
24.04.2021 12:01:16 [ZomBerryCmdAPI]: INFO: Added function BiteTarget to category ==
24.04.2021 12:01:16 [ZomBerryCmdAPI]: INFO: Added function StripTarget to category ==
24.04.2021 12:01:16 [ZomBerryCmdAPI]: INFO: Added function RejectBellyTarget to category ==
24.04.2021 12:01:16 [ZomBerryCmdAPI]: INFO: Added function PsycoTarget to category ==
24.04.2021 12:01:16 [ZomBerryCmdAPI]: INFO: Added function SneezeTarget to category ==
24.04.2021 12:01:16 [ZomBerryCmdAPI]: INFO: Added function SetHealthTarget to category ==
24.04.2021 12:01:16 [ZomBerryCmdAPI]: INFO: Added function SetBloodTarget to category ==
24.04.2021 12:01:16 [ZomBerryCmdAPI]: INFO: Added category OnServer
24.04.2021 12:01:16 [ZomBerryCmdAPI]: INFO: Added function FreeCamAdm to category OnServer
24.04.2021 12:01:16 [ZomBerryCmdAPI]: INFO: Added function TimeDay to category OnServer
24.04.2021 12:01:16 [ZomBerryCmdAPI]: INFO: Added function TimeNight to category OnServer
24.04.2021 12:01:16 [ZomBerryCmdAPI]: INFO: Added function SetTime to category OnServer
24.04.2021 12:01:16 [ZomBerryCmdAPI]: INFO: Added function SetDate to category OnServer
24.04.2021 12:01:16 [ZomBerryCmdAPI]: INFO: Added function SetWeather to category OnServer
24.04.2021 12:01:16 [ZomBerryCmdAPI]: INFO: Added function DeleteObj to category OnServer
24.04.2021 12:01:16 [ZomBerryConfig]: INFO: Using admins.cfg from Profile directory
24.04.2021 12:01:16 [ZomBerryDbg]: Server ready, loading admin list from: $profile:ZomBerry\admins.cfg
24.04.2021 12:01:16 [ZomBerryConfig]: admins.cfg loaded
24.04.2021 12:01:16 [ZomBerryConfig]: Added admin: 76561198038543835
24.04.2021 12:01:16 [ZomBerryConfig]: Added admin: 76561198036774377
24.04.2021 12:04:59 [ZomBerryDbg]: Auth Request ignored (not an admin) Cygnus (hDo_Btwm72QwlIopq6csO7iMF3JQfMqHeAzHsQsXTmo=)
24.04.2021 12:07:05 [ZomBerryDbg]: Auth Request ignored (not an admin) GalaxyPanda (Pk9FmI0iGIJV90L0o-uI7ivHc45DZnNcAVX3v1GVD5Y=)
24.04.2021 13:04:08 [ZomBerryDbg]: Auth Request ignored (not an admin) Raider 2-2 (XvanEKUhyxTkbzngpxDcoNyQwUXi4Yr-sLWO7uNg91M=)
24.04.2021 13:05:46 [ZomBerryDbg]: Auth Request ignored (not an admin) Raider 2-2 (XvanEKUhyxTkbzngpxDcoNyQwUXi4Yr-sLWO7uNg91M=)
24.04.2021 13:23:05 [ZomBerryDbg]: Auth respond to admin BnYrB (mBNlxASsPlOcry0dpDl8K-WgHNR5WMCMmoJ9NhpU4FY=)
24.04.2021 13:27:59 [ZomBerryDbg]: BnYrB (mBNlxASsPlOcry0dpDl8K-WgHNR5WMCMmoJ9NhpU4FY=) - player list sync
24.04.2021 13:27:59 [ZomBerryDbg]: BnYrB (mBNlxASsPlOcry0dpDl8K-WgHNR5WMCMmoJ9NhpU4FY=) - function list sync
24.04.2021 13:28:25 [ZomBerryAdmin]: BnYrB (mBNlxASsPlOcry0dpDl8K-WgHNR5WMCMmoJ9NhpU4FY=) teleported to position <6002.848145, 27.723919, 6616.479492>
24.04.2021 13:28:30 [ZomBerryAdmin]: BnYrB (mBNlxASsPlOcry0dpDl8K-WgHNR5WMCMmoJ9NhpU4FY=) executed FreeCamAdm
24.04.2021 13:28:54 [ZomBerryDbg]: BnYrB (mBNlxASsPlOcry0dpDl8K-WgHNR5WMCMmoJ9NhpU4FY=) - player list sync
24.04.2021 13:28:54 [ZomBerryDbg]: BnYrB (mBNlxASsPlOcry0dpDl8K-WgHNR5WMCMmoJ9NhpU4FY=) - function list sync
24.04.2021 13:29:14 [ZomBerryAdmin]: BnYrB (mBNlxASsPlOcry0dpDl8K-WgHNR5WMCMmoJ9NhpU4FY=) teleported to position <1875.920776, 5.329238, 9442.460938>
24.04.2021 13:29:20 [ZomBerryAdmin]: BnYrB (mBNlxASsPlOcry0dpDl8K-WgHNR5WMCMmoJ9NhpU4FY=) executed FreeCamAdm
24.04.2021 13:29:30 [ZomBerryDbg]: BnYrB (mBNlxASsPlOcry0dpDl8K-WgHNR5WMCMmoJ9NhpU4FY=) - player list sync
24.04.2021 13:29:30 [ZomBerryDbg]: BnYrB (mBNlxASsPlOcry0dpDl8K-WgHNR5WMCMmoJ9NhpU4FY=) - function list sync
24.04.2021 13:29:42 [ZomBerryAdmin]: BnYrB (mBNlxASsPlOcry0dpDl8K-WgHNR5WMCMmoJ9NhpU4FY=) spawned MediumTent_Orange at <1873.846069, 2.829835, 9423.456055>
24.04.2021 13:29:46 [ZomBerryAdmin]: BnYrB (mBNlxASsPlOcry0dpDl8K-WgHNR5WMCMmoJ9NhpU4FY=) spawned MediumTent_Green at <1882.602661, 4.977711, 9436.447266>
24.04.2021 13:30:15 [ZomBerryDbg]: BnYrB (mBNlxASsPlOcry0dpDl8K-WgHNR5WMCMmoJ9NhpU4FY=) - player list sync
24.04.2021 13:30:15 [ZomBerryDbg]: BnYrB (mBNlxASsPlOcry0dpDl8K-WgHNR5WMCMmoJ9NhpU4FY=) - function list sync
24.04.2021 13:31:04 [ZomBerryAdmin]: BnYrB (mBNlxASsPlOcry0dpDl8K-WgHNR5WMCMmoJ9NhpU4FY=) spawned Winchester70_Black at <1876.216553, 5.232079, 9437.102539>
24.04.2021 13:31:11 [ZomBerryDbg]: BnYrB (mBNlxASsPlOcry0dpDl8K-WgHNR5WMCMmoJ9NhpU4FY=) - player list sync
24.04.2021 13:31:11 [ZomBerryDbg]: BnYrB (mBNlxASsPlOcry0dpDl8K-WgHNR5WMCMmoJ9NhpU4FY=) - function list sync
24.04.2021 13:31:22 [ZomBerryAdmin]: BnYrB (mBNlxASsPlOcry0dpDl8K-WgHNR5WMCMmoJ9NhpU4FY=) spawned Winchester70_Black at <1876.216553, 5.232075, 9437.102539>
24.04.2021 13:31:33 [ZomBerryAdmin]: BnYrB (mBNlxASsPlOcry0dpDl8K-WgHNR5WMCMmoJ9NhpU4FY=) spawned AmmoBox_308WinTracer_20Rnd at <1876.216553, 5.232075, 9437.102539>
24.04.2021 13:31:33 [ZomBerryAdmin]: BnYrB (mBNlxASsPlOcry0dpDl8K-WgHNR5WMCMmoJ9NhpU4FY=) spawned AmmoBox_308WinTracer_20Rnd at <1876.216553, 5.232075, 9437.102539>
24.04.2021 13:31:34 [ZomBerryAdmin]: BnYrB (mBNlxASsPlOcry0dpDl8K-WgHNR5WMCMmoJ9NhpU4FY=) spawned AmmoBox_308WinTracer_20Rnd at <1876.216553, 5.232075, 9437.102539>
24.04.2021 13:31:34 [ZomBerryAdmin]: BnYrB (mBNlxASsPlOcry0dpDl8K-WgHNR5WMCMmoJ9NhpU4FY=) spawned AmmoBox_308WinTracer_20Rnd at <1876.216553, 5.232075, 9437.102539>
24.04.2021 13:31:34 [ZomBerryAdmin]: BnYrB (mBNlxASsPlOcry0dpDl8K-WgHNR5WMCMmoJ9NhpU4FY=) spawned AmmoBox_308WinTracer_20Rnd at <1876.216553, 5.232075, 9437.102539>
24.04.2021 13:31:35 [ZomBerryAdmin]: BnYrB (mBNlxASsPlOcry0dpDl8K-WgHNR5WMCMmoJ9NhpU4FY=) spawned AmmoBox_308WinTracer_20Rnd at <1876.216553, 5.232075, 9437.102539>
24.04.2021 13:31:35 [ZomBerryAdmin]: BnYrB (mBNlxASsPlOcry0dpDl8K-WgHNR5WMCMmoJ9NhpU4FY=) spawned AmmoBox_308WinTracer_20Rnd at <1876.216553, 5.232075, 9437.102539>
24.04.2021 13:31:40 [ZomBerryAdmin]: BnYrB (mBNlxASsPlOcry0dpDl8K-WgHNR5WMCMmoJ9NhpU4FY=) spawned HuntingKnife at <1876.216553, 5.232075, 9437.102539>
24.04.2021 13:31:44 [ZomBerryAdmin]: BnYrB (mBNlxASsPlOcry0dpDl8K-WgHNR5WMCMmoJ9NhpU4FY=) spawned HuntingBag at <1876.216553, 5.232075, 9437.102539>
24.04.2021 13:31:46 [ZomBerryAdmin]: BnYrB (mBNlxASsPlOcry0dpDl8K-WgHNR5WMCMmoJ9NhpU4FY=) spawned HuntingOptic at <1876.216553, 5.232075, 9437.102539>
24.04.2021 13:32:56 [ZomBerryDbg]: BnYrB (mBNlxASsPlOcry0dpDl8K-WgHNR5WMCMmoJ9NhpU4FY=) - player list sync
24.04.2021 13:32:56 [ZomBerryDbg]: BnYrB (mBNlxASsPlOcry0dpDl8K-WgHNR5WMCMmoJ9NhpU4FY=) - function list sync
24.04.2021 13:33:14 [ZomBerryAdmin]: BnYrB (mBNlxASsPlOcry0dpDl8K-WgHNR5WMCMmoJ9NhpU4FY=) teleported to position <6277.809082, 1.687472, 4466.210938>
24.04.2021 13:33:14 [ZomBerryAdmin]: BnYrB (mBNlxASsPlOcry0dpDl8K-WgHNR5WMCMmoJ9NhpU4FY=) teleported to position <6277.809082, 1.687472, 4466.210938>
24.04.2021 13:33:53 [ZomBerryDbg]: BnYrB (mBNlxASsPlOcry0dpDl8K-WgHNR5WMCMmoJ9NhpU4FY=) - player list sync
24.04.2021 13:33:53 [ZomBerryDbg]: BnYrB (mBNlxASsPlOcry0dpDl8K-WgHNR5WMCMmoJ9NhpU4FY=) - function list sync
24.04.2021 13:33:58 [ZomBerryAdmin]: BnYrB (mBNlxASsPlOcry0dpDl8K-WgHNR5WMCMmoJ9NhpU4FY=) spawned MediumTent_Orange at <6218.142090, 1.121379, 4416.260254>
24.04.2021 13:34:01 [ZomBerryAdmin]: BnYrB (mBNlxASsPlOcry0dpDl8K-WgHNR5WMCMmoJ9NhpU4FY=) spawned MediumTent_Orange at <6218.142090, 1.121379, 4416.260254>
24.04.2021 13:34:23 [ZomBerryDbg]: BnYrB (mBNlxASsPlOcry0dpDl8K-WgHNR5WMCMmoJ9NhpU4FY=) - player list sync
24.04.2021 13:34:23 [ZomBerryDbg]: BnYrB (mBNlxASsPlOcry0dpDl8K-WgHNR5WMCMmoJ9NhpU4FY=) - function list sync
24.04.2021 13:34:42 [ZomBerryAdmin]: BnYrB (mBNlxASsPlOcry0dpDl8K-WgHNR5WMCMmoJ9NhpU4FY=) spawned FAL at <6214.260254, 1.597396, 4413.333008>
24.04.2021 13:34:51 [ZomBerryAdmin]: BnYrB (mBNlxASsPlOcry0dpDl8K-WgHNR5WMCMmoJ9NhpU4FY=) spawned FAL at <6214.260254, 1.597396, 4413.333008>
24.04.2021 13:35:35 [ZomBerryDbg]: BnYrB (mBNlxASsPlOcry0dpDl8K-WgHNR5WMCMmoJ9NhpU4FY=) - player list sync
24.04.2021 13:35:35 [ZomBerryDbg]: BnYrB (mBNlxASsPlOcry0dpDl8K-WgHNR5WMCMmoJ9NhpU4FY=) - function list sync
24.04.2021 13:35:40 [ZomBerryDbg]: BnYrB (mBNlxASsPlOcry0dpDl8K-WgHNR5WMCMmoJ9NhpU4FY=) - player list sync
24.04.2021 13:35:40 [ZomBerryDbg]: BnYrB (mBNlxASsPlOcry0dpDl8K-WgHNR5WMCMmoJ9NhpU4FY=) - function list sync
24.04.2021 13:35:53 [ZomBerryAdmin]: BnYrB (mBNlxASsPlOcry0dpDl8K-WgHNR5WMCMmoJ9NhpU4FY=) spawned TraderPlus_Money_Euro50 at <6214.260254, 1.598977, 4413.333008>
24.04.2021 13:35:54 [ZomBerryAdmin]: BnYrB (mBNlxASsPlOcry0dpDl8K-WgHNR5WMCMmoJ9NhpU4FY=) spawned TraderPlus_Money_Euro50 at <6214.260254, 1.598977, 4413.333008>
24.04.2021 13:35:55 [ZomBerryAdmin]: BnYrB (mBNlxASsPlOcry0dpDl8K-WgHNR5WMCMmoJ9NhpU4FY=) spawned TraderPlus_Money_Euro50 at <6214.260254, 1.598977, 4413.333008>
24.04.2021 13:35:55 [ZomBerryAdmin]: BnYrB (mBNlxASsPlOcry0dpDl8K-WgHNR5WMCMmoJ9NhpU4FY=) spawned TraderPlus_Money_Euro50 at <6214.260254, 1.598977, 4413.333008>
24.04.2021 13:35:55 [ZomBerryAdmin]: BnYrB (mBNlxASsPlOcry0dpDl8K-WgHNR5WMCMmoJ9NhpU4FY=) spawned TraderPlus_Money_Euro50 at <6214.260254, 1.598977, 4413.333008>
24.04.2021 13:35:55 [ZomBerryAdmin]: BnYrB (mBNlxASsPlOcry0dpDl8K-WgHNR5WMCMmoJ9NhpU4FY=) spawned TraderPlus_Money_Euro50 at <6214.260254, 1.598977, 4413.333008>
24.04.2021 13:35:56 [ZomBerryAdmin]: BnYrB (mBNlxASsPlOcry0dpDl8K-WgHNR5WMCMmoJ9NhpU4FY=) spawned TraderPlus_Money_Euro50 at <6214.260254, 1.598977, 4413.333008>
24.04.2021 13:35:56 [ZomBerryAdmin]: BnYrB (mBNlxASsPlOcry0dpDl8K-WgHNR5WMCMmoJ9NhpU4FY=) spawned TraderPlus_Money_Euro50 at <6214.260254, 1.598977, 4413.333008>
24.04.2021 13:35:56 [ZomBerryAdmin]: BnYrB (mBNlxASsPlOcry0dpDl8K-WgHNR5WMCMmoJ9NhpU4FY=) spawned TraderPlus_Money_Euro50 at <6214.260254, 1.598977, 4413.333008>
24.04.2021 13:35:56 [ZomBerryAdmin]: BnYrB (mBNlxASsPlOcry0dpDl8K-WgHNR5WMCMmoJ9NhpU4FY=) spawned TraderPlus_Money_Euro50 at <6214.260254, 1.598977, 4413.333008>
24.04.2021 13:35:57 [ZomBerryAdmin]: BnYrB (mBNlxASsPlOcry0dpDl8K-WgHNR5WMCMmoJ9NhpU4FY=) spawned TraderPlus_Money_Euro50 at <6214.260254, 1.598977, 4413.333008>
24.04.2021 13:35:57 [ZomBerryAdmin]: BnYrB (mBNlxASsPlOcry0dpDl8K-WgHNR5WMCMmoJ9NhpU4FY=) spawned TraderPlus_Money_Euro50 at <6214.260254, 1.598977, 4413.333008>
24.04.2021 13:36:50 [ZomBerryDbg]: BnYrB (mBNlxASsPlOcry0dpDl8K-WgHNR5WMCMmoJ9NhpU4FY=) - player list sync
24.04.2021 13:36:50 [ZomBerryDbg]: BnYrB (mBNlxASsPlOcry0dpDl8K-WgHNR5WMCMmoJ9NhpU4FY=) - function list sync
24.04.2021 13:37:05 [ZomBerryAdmin]: BnYrB (mBNlxASsPlOcry0dpDl8K-WgHNR5WMCMmoJ9NhpU4FY=) teleported to position <11696.300781, -1.620000, 9860.410156>
24.04.2021 13:37:05 [ZomBerryAdmin]: BnYrB (mBNlxASsPlOcry0dpDl8K-WgHNR5WMCMmoJ9NhpU4FY=) teleported to position <11696.300781, -1.620000, 9860.410156>
24.04.2021 13:37:20 [ZomBerryDbg]: BnYrB (mBNlxASsPlOcry0dpDl8K-WgHNR5WMCMmoJ9NhpU4FY=) - player list sync
24.04.2021 13:37:20 [ZomBerryDbg]: BnYrB (mBNlxASsPlOcry0dpDl8K-WgHNR5WMCMmoJ9NhpU4FY=) - function list sync
24.04.2021 13:37:22 [ZomBerryAdmin]: BnYrB (mBNlxASsPlOcry0dpDl8K-WgHNR5WMCMmoJ9NhpU4FY=) executed FreeCamAdm
24.04.2021 13:37:40 [ZomBerryDbg]: BnYrB (mBNlxASsPlOcry0dpDl8K-WgHNR5WMCMmoJ9NhpU4FY=) - player list sync
24.04.2021 13:37:40 [ZomBerryDbg]: BnYrB (mBNlxASsPlOcry0dpDl8K-WgHNR5WMCMmoJ9NhpU4FY=) - function list sync
24.04.2021 13:37:44 [ZomBerryAdmin]: BnYrB (mBNlxASsPlOcry0dpDl8K-WgHNR5WMCMmoJ9NhpU4FY=) executed TPCur
24.04.2021 13:38:01 [ZomBerryDbg]: BnYrB (mBNlxASsPlOcry0dpDl8K-WgHNR5WMCMmoJ9NhpU4FY=) - player list sync
24.04.2021 13:38:01 [ZomBerryDbg]: BnYrB (mBNlxASsPlOcry0dpDl8K-WgHNR5WMCMmoJ9NhpU4FY=) - function list sync
24.04.2021 13:38:02 [ZomBerryAdmin]: BnYrB (mBNlxASsPlOcry0dpDl8K-WgHNR5WMCMmoJ9NhpU4FY=) executed TPCur
24.04.2021 13:38:07 [ZomBerryDbg]: BnYrB (mBNlxASsPlOcry0dpDl8K-WgHNR5WMCMmoJ9NhpU4FY=) - player list sync
24.04.2021 13:38:07 [ZomBerryDbg]: BnYrB (mBNlxASsPlOcry0dpDl8K-WgHNR5WMCMmoJ9NhpU4FY=) - function list sync
24.04.2021 13:38:16 [ZomBerryAdmin]: BnYrB (mBNlxASsPlOcry0dpDl8K-WgHNR5WMCMmoJ9NhpU4FY=) spawned MediumTent at <11646.985352, 17.841740, 9890.523438>
24.04.2021 13:38:24 [ZomBerryDbg]: BnYrB (mBNlxASsPlOcry0dpDl8K-WgHNR5WMCMmoJ9NhpU4FY=) - player list sync
24.04.2021 13:38:24 [ZomBerryDbg]: BnYrB (mBNlxASsPlOcry0dpDl8K-WgHNR5WMCMmoJ9NhpU4FY=) - function list sync
24.04.2021 13:38:27 [ZomBerryAdmin]: BnYrB (mBNlxASsPlOcry0dpDl8K-WgHNR5WMCMmoJ9NhpU4FY=) executed FreeCamAdm
24.04.2021 13:38:50 [ZomBerryDbg]: BnYrB (mBNlxASsPlOcry0dpDl8K-WgHNR5WMCMmoJ9NhpU4FY=) - player list sync
24.04.2021 13:38:50 [ZomBerryDbg]: BnYrB (mBNlxASsPlOcry0dpDl8K-WgHNR5WMCMmoJ9NhpU4FY=) - function list sync
24.04.2021 13:38:51 [ZomBerryAdmin]: BnYrB (mBNlxASsPlOcry0dpDl8K-WgHNR5WMCMmoJ9NhpU4FY=) executed FreeCamAdm
24.04.2021 13:39:13 [ZomBerryDbg]: BnYrB (mBNlxASsPlOcry0dpDl8K-WgHNR5WMCMmoJ9NhpU4FY=) - player list sync
24.04.2021 13:39:13 [ZomBerryDbg]: BnYrB (mBNlxASsPlOcry0dpDl8K-WgHNR5WMCMmoJ9NhpU4FY=) - function list sync
24.04.2021 13:39:14 [ZomBerryAdmin]: BnYrB (mBNlxASsPlOcry0dpDl8K-WgHNR5WMCMmoJ9NhpU4FY=) executed TPCur
24.04.2021 13:39:17 [ZomBerryDbg]: BnYrB (mBNlxASsPlOcry0dpDl8K-WgHNR5WMCMmoJ9NhpU4FY=) - player list sync
24.04.2021 13:39:17 [ZomBerryDbg]: BnYrB (mBNlxASsPlOcry0dpDl8K-WgHNR5WMCMmoJ9NhpU4FY=) - function list sync
24.04.2021 13:39:19 [ZomBerryAdmin]: BnYrB (mBNlxASsPlOcry0dpDl8K-WgHNR5WMCMmoJ9NhpU4FY=) executed FreeCamAdm
24.04.2021 13:39:45 [ZomBerryDbg]: BnYrB (mBNlxASsPlOcry0dpDl8K-WgHNR5WMCMmoJ9NhpU4FY=) - player list sync
24.04.2021 13:39:45 [ZomBerryDbg]: BnYrB (mBNlxASsPlOcry0dpDl8K-WgHNR5WMCMmoJ9NhpU4FY=) - function list sync
24.04.2021 13:40:13 [ZomBerryAdmin]: BnYrB (mBNlxASsPlOcry0dpDl8K-WgHNR5WMCMmoJ9NhpU4FY=) spawned VSS at <11614.045898, 28.094393, 9820.215820>
24.04.2021 13:40:15 [ZomBerryAdmin]: BnYrB (mBNlxASsPlOcry0dpDl8K-WgHNR5WMCMmoJ9NhpU4FY=) spawned Mag_VSS_10Rnd at <11614.045898, 28.094393, 9820.215820>
24.04.2021 13:40:16 [ZomBerryAdmin]: BnYrB (mBNlxASsPlOcry0dpDl8K-WgHNR5WMCMmoJ9NhpU4FY=) spawned Mag_VSS_10Rnd at <11614.045898, 28.094393, 9820.215820>
24.04.2021 13:40:16 [ZomBerryAdmin]: BnYrB (mBNlxASsPlOcry0dpDl8K-WgHNR5WMCMmoJ9NhpU4FY=) spawned Mag_VSS_10Rnd at <11614.045898, 28.094393, 9820.215820>
24.04.2021 13:40:16 [ZomBerryAdmin]: BnYrB (mBNlxASsPlOcry0dpDl8K-WgHNR5WMCMmoJ9NhpU4FY=) spawned Mag_VSS_10Rnd at <11614.045898, 28.094393, 9820.215820>
24.04.2021 13:40:16 [ZomBerryAdmin]: BnYrB (mBNlxASsPlOcry0dpDl8K-WgHNR5WMCMmoJ9NhpU4FY=) spawned Mag_VSS_10Rnd at <11614.045898, 28.094393, 9820.215820>
24.04.2021 13:40:17 [ZomBerryAdmin]: BnYrB (mBNlxASsPlOcry0dpDl8K-WgHNR5WMCMmoJ9NhpU4FY=) spawned Mag_VSS_10Rnd at <11614.045898, 28.094393, 9820.215820>
24.04.2021 13:40:17 [ZomBerryAdmin]: BnYrB (mBNlxASsPlOcry0dpDl8K-WgHNR5WMCMmoJ9NhpU4FY=) spawned Mag_VSS_10Rnd at <11614.045898, 28.094393, 9820.215820>
24.04.2021 13:40:56 [ZomBerryAdmin]: BnYrB (mBNlxASsPlOcry0dpDl8K-WgHNR5WMCMmoJ9NhpU4FY=) spawned HuntingOptic at <11614.045898, 28.094393, 9820.215820>
24.04.2021 13:41:47 [ZomBerryDbg]: Auth respond to admin BnYrB (mBNlxASsPlOcry0dpDl8K-WgHNR5WMCMmoJ9NhpU4FY=)
24.04.2021 13:42:58 [ZomBerryDbg]: BnYrB (mBNlxASsPlOcry0dpDl8K-WgHNR5WMCMmoJ9NhpU4FY=) - player list sync
24.04.2021 13:42:58 [ZomBerryDbg]: BnYrB (mBNlxASsPlOcry0dpDl8K-WgHNR5WMCMmoJ9NhpU4FY=) - function list sync
24.04.2021 13:43:14 [ZomBerryAdmin]: BnYrB (mBNlxASsPlOcry0dpDl8K-WgHNR5WMCMmoJ9NhpU4FY=) spawned TraderPlus_Money_Dollar10 at <11613.141602, 28.094387, 9819.590820>
24.04.2021 13:43:14 [ZomBerryAdmin]: BnYrB (mBNlxASsPlOcry0dpDl8K-WgHNR5WMCMmoJ9NhpU4FY=) spawned TraderPlus_Money_Dollar10 at <11613.141602, 28.094387, 9819.590820>
24.04.2021 13:43:14 [ZomBerryAdmin]: BnYrB (mBNlxASsPlOcry0dpDl8K-WgHNR5WMCMmoJ9NhpU4FY=) spawned TraderPlus_Money_Dollar10 at <11613.141602, 28.094387, 9819.590820>
24.04.2021 13:43:14 [ZomBerryAdmin]: BnYrB (mBNlxASsPlOcry0dpDl8K-WgHNR5WMCMmoJ9NhpU4FY=) spawned TraderPlus_Money_Dollar10 at <11613.141602, 28.094387, 9819.590820>
24.04.2021 13:43:14 [ZomBerryAdmin]: BnYrB (mBNlxASsPlOcry0dpDl8K-WgHNR5WMCMmoJ9NhpU4FY=) spawned TraderPlus_Money_Dollar10 at <11613.141602, 28.094387, 9819.590820>
24.04.2021 13:43:14 [ZomBerryAdmin]: BnYrB (mBNlxASsPlOcry0dpDl8K-WgHNR5WMCMmoJ9NhpU4FY=) spawned TraderPlus_Money_Dollar10 at <11613.141602, 28.094387, 9819.590820>
24.04.2021 13:43:15 [ZomBerryAdmin]: BnYrB (mBNlxASsPlOcry0dpDl8K-WgHNR5WMCMmoJ9NhpU4FY=) spawned TraderPlus_Money_Dollar10 at <11613.141602, 28.094387, 9819.590820>
24.04.2021 13:43:15 [ZomBerryAdmin]: BnYrB (mBNlxASsPlOcry0dpDl8K-WgHNR5WMCMmoJ9NhpU4FY=) spawned TraderPlus_Money_Dollar10 at <11613.141602, 28.094387, 9819.590820>
24.04.2021 13:43:15 [ZomBerryAdmin]: BnYrB (mBNlxASsPlOcry0dpDl8K-WgHNR5WMCMmoJ9NhpU4FY=) spawned TraderPlus_Money_Dollar10 at <11613.141602, 28.094387, 9819.590820>
24.04.2021 13:43:15 [ZomBerryAdmin]: BnYrB (mBNlxASsPlOcry0dpDl8K-WgHNR5WMCMmoJ9NhpU4FY=) spawned TraderPlus_Money_Dollar10 at <11613.141602, 28.094387, 9819.590820>
24.04.2021 13:43:15 [ZomBerryAdmin]: BnYrB (mBNlxASsPlOcry0dpDl8K-WgHNR5WMCMmoJ9NhpU4FY=) spawned TraderPlus_Money_Dollar10 at <11613.141602, 28.094387, 9819.590820>
24.04.2021 13:43:15 [ZomBerryAdmin]: BnYrB (mBNlxASsPlOcry0dpDl8K-WgHNR5WMCMmoJ9NhpU4FY=) spawned TraderPlus_Money_Dollar10 at <11613.141602, 28.094387, 9819.590820>
24.04.2021 13:43:16 [ZomBerryAdmin]: BnYrB (mBNlxASsPlOcry0dpDl8K-WgHNR5WMCMmoJ9NhpU4FY=) spawned TraderPlus_Money_Dollar20 at <11613.141602, 28.094387, 9819.590820>
24.04.2021 13:43:16 [ZomBerryAdmin]: BnYrB (mBNlxASsPlOcry0dpDl8K-WgHNR5WMCMmoJ9NhpU4FY=) spawned TraderPlus_Money_Dollar20 at <11613.141602, 28.094387, 9819.590820>
24.04.2021 13:43:16 [ZomBerryAdmin]: BnYrB (mBNlxASsPlOcry0dpDl8K-WgHNR5WMCMmoJ9NhpU4FY=) spawned TraderPlus_Money_Dollar20 at <11613.141602, 28.094387, 9819.590820>
24.04.2021 13:43:17 [ZomBerryAdmin]: BnYrB (mBNlxASsPlOcry0dpDl8K-WgHNR5WMCMmoJ9NhpU4FY=) spawned TraderPlus_Money_Dollar20 at <11613.141602, 28.094387, 9819.590820>
24.04.2021 13:43:17 [ZomBerryAdmin]: BnYrB (mBNlxASsPlOcry0dpDl8K-WgHNR5WMCMmoJ9NhpU4FY=) spawned TraderPlus_Money_Dollar20 at <11613.141602, 28.094387, 9819.590820>
24.04.2021 13:43:17 [ZomBerryAdmin]: BnYrB (mBNlxASsPlOcry0dpDl8K-WgHNR5WMCMmoJ9NhpU4FY=) spawned TraderPlus_Money_Dollar20 at <11613.141602, 28.094387, 9819.590820>
24.04.2021 13:43:17 [ZomBerryAdmin]: BnYrB (mBNlxASsPlOcry0dpDl8K-WgHNR5WMCMmoJ9NhpU4FY=) spawned TraderPlus_Money_Dollar20 at <11613.141602, 28.094387, 9819.590820>
24.04.2021 13:43:18 [ZomBerryAdmin]: BnYrB (mBNlxASsPlOcry0dpDl8K-WgHNR5WMCMmoJ9NhpU4FY=) spawned TraderPlus_Money_Dollar5 at <11613.141602, 28.094387, 9819.590820>
24.04.2021 13:43:18 [ZomBerryAdmin]: BnYrB (mBNlxASsPlOcry0dpDl8K-WgHNR5WMCMmoJ9NhpU4FY=) spawned TraderPlus_Money_Dollar5 at <11613.141602, 28.094387, 9819.590820>
24.04.2021 13:43:18 [ZomBerryAdmin]: BnYrB (mBNlxASsPlOcry0dpDl8K-WgHNR5WMCMmoJ9NhpU4FY=) spawned TraderPlus_Money_Dollar5 at <11613.141602, 28.094387, 9819.590820>
24.04.2021 13:43:19 [ZomBerryAdmin]: BnYrB (mBNlxASsPlOcry0dpDl8K-WgHNR5WMCMmoJ9NhpU4FY=) spawned TraderPlus_Money_Dollar2 at <11613.141602, 28.094387, 9819.590820>
24.04.2021 13:43:19 [ZomBerryAdmin]: BnYrB (mBNlxASsPlOcry0dpDl8K-WgHNR5WMCMmoJ9NhpU4FY=) spawned TraderPlus_Money_Dollar2 at <11613.141602, 28.094387, 9819.590820>
24.04.2021 13:43:19 [ZomBerryAdmin]: BnYrB (mBNlxASsPlOcry0dpDl8K-WgHNR5WMCMmoJ9NhpU4FY=) spawned TraderPlus_Money_Dollar2 at <11613.141602, 28.094387, 9819.590820>
24.04.2021 13:43:19 [ZomBerryAdmin]: BnYrB (mBNlxASsPlOcry0dpDl8K-WgHNR5WMCMmoJ9NhpU4FY=) spawned TraderPlus_Money_Dollar2 at <11613.141602, 28.094387, 9819.590820>
24.04.2021 13:43:20 [ZomBerryAdmin]: BnYrB (mBNlxASsPlOcry0dpDl8K-WgHNR5WMCMmoJ9NhpU4FY=) spawned TraderPlus_Money_Dollar2 at <11613.141602, 28.094387, 9819.590820>
24.04.2021 13:43:58 [ZomBerryDbg]: BnYrB (mBNlxASsPlOcry0dpDl8K-WgHNR5WMCMmoJ9NhpU4FY=) - player list sync
24.04.2021 13:43:58 [ZomBerryDbg]: BnYrB (mBNlxASsPlOcry0dpDl8K-WgHNR5WMCMmoJ9NhpU4FY=) - function list sync
24.04.2021 13:44:00 [ZomBerryAdmin]: BnYrB (mBNlxASsPlOcry0dpDl8K-WgHNR5WMCMmoJ9NhpU4FY=) executed FreeCamAdm
24.04.2021 14:17:27 [ZomBerryDbg]: Auth Request ignored (not an admin) _Mr Dom (DbZLM-8edqNQIaIJ6cl-ubixWjO1V-h72YpMSCCLpn0=)
24.04.2021 14:42:04 [ZomBerryDbg]: Auth Request ignored (not an admin) Cowboy (0A6uoHjaO9m3ovYtLHeeTPcw4EpUKRL8AqmU_A5CRac=)
24.04.2021 16:00:49 [ZomBerryDbg]: Auth Request ignored (not an admin) _Mr Dom (DbZLM-8edqNQIaIJ6cl-ubixWjO1V-h72YpMSCCLpn0=)
24.04.2021 16:06:08 [ZomBerryDbg]: Auth respond to admin BnYrB (mBNlxASsPlOcry0dpDl8K-WgHNR5WMCMmoJ9NhpU4FY=)
24.04.2021 16:06:38 [ZomBerryDbg]: BnYrB (mBNlxASsPlOcry0dpDl8K-WgHNR5WMCMmoJ9NhpU4FY=) - player list sync
24.04.2021 16:06:38 [ZomBerryDbg]: BnYrB (mBNlxASsPlOcry0dpDl8K-WgHNR5WMCMmoJ9NhpU4FY=) - function list sync
24.04.2021 16:06:45 [ZomBerryAdmin]: BnYrB (mBNlxASsPlOcry0dpDl8K-WgHNR5WMCMmoJ9NhpU4FY=) executed TPToTarget on target Cygnus (hDo_Btwm72QwlIopq6csO7iMF3JQfMqHeAzHsQsXTmo=)
24.04.2021 16:07:07 [ZomBerryDbg]: BnYrB (mBNlxASsPlOcry0dpDl8K-WgHNR5WMCMmoJ9NhpU4FY=) - player list sync
24.04.2021 16:07:07 [ZomBerryDbg]: BnYrB (mBNlxASsPlOcry0dpDl8K-WgHNR5WMCMmoJ9NhpU4FY=) - function list sync
24.04.2021 16:07:24 [ZomBerryAdmin]: BnYrB (mBNlxASsPlOcry0dpDl8K-WgHNR5WMCMmoJ9NhpU4FY=) executed DeleteObj on target Cygnus (hDo_Btwm72QwlIopq6csO7iMF3JQfMqHeAzHsQsXTmo=)
24.04.2021 16:07:27 [ZomBerryAdmin]: BnYrB (mBNlxASsPlOcry0dpDl8K-WgHNR5WMCMmoJ9NhpU4FY=) executed DeleteObj on target Cygnus (hDo_Btwm72QwlIopq6csO7iMF3JQfMqHeAzHsQsXTmo=)
24.04.2021 16:07:31 [ZomBerryDbg]: BnYrB (mBNlxASsPlOcry0dpDl8K-WgHNR5WMCMmoJ9NhpU4FY=) - player list sync
24.04.2021 16:07:31 [ZomBerryDbg]: BnYrB (mBNlxASsPlOcry0dpDl8K-WgHNR5WMCMmoJ9NhpU4FY=) - function list sync
24.04.2021 16:08:14 [ZomBerryAdmin]: BnYrB (mBNlxASsPlOcry0dpDl8K-WgHNR5WMCMmoJ9NhpU4FY=) spawned PartyTent_Blue at <7344.796875, 6.824988, 8388.824219>
24.04.2021 16:13:05 [ZomBerryDbg]: BnYrB (mBNlxASsPlOcry0dpDl8K-WgHNR5WMCMmoJ9NhpU4FY=) - player list sync
24.04.2021 16:13:05 [ZomBerryDbg]: BnYrB (mBNlxASsPlOcry0dpDl8K-WgHNR5WMCMmoJ9NhpU4FY=) - function list sync
24.04.2021 16:13:22 [ZomBerryAdmin]: BnYrB (mBNlxASsPlOcry0dpDl8K-WgHNR5WMCMmoJ9NhpU4FY=) spawned TraderPlus_Money_Dollar100 at <7344.484863, 6.824988, 8397.928711>
24.04.2021 16:13:22 [ZomBerryAdmin]: BnYrB (mBNlxASsPlOcry0dpDl8K-WgHNR5WMCMmoJ9NhpU4FY=) spawned TraderPlus_Money_Dollar100 at <7344.484863, 6.824988, 8397.928711>
24.04.2021 16:13:23 [ZomBerryAdmin]: BnYrB (mBNlxASsPlOcry0dpDl8K-WgHNR5WMCMmoJ9NhpU4FY=) spawned TraderPlus_Money_Dollar100 at <7344.484863, 6.824988, 8397.928711>
24.04.2021 16:13:23 [ZomBerryAdmin]: BnYrB (mBNlxASsPlOcry0dpDl8K-WgHNR5WMCMmoJ9NhpU4FY=) spawned TraderPlus_Money_Dollar100 at <7344.484863, 6.824988, 8397.928711>
24.04.2021 16:13:24 [ZomBerryAdmin]: BnYrB (mBNlxASsPlOcry0dpDl8K-WgHNR5WMCMmoJ9NhpU4FY=) spawned TraderPlus_Money_Dollar100 at <7344.484863, 6.824988, 8397.928711>
24.04.2021 16:13:24 [ZomBerryAdmin]: BnYrB (mBNlxASsPlOcry0dpDl8K-WgHNR5WMCMmoJ9NhpU4FY=) spawned TraderPlus_Money_Dollar100 at <7344.484863, 6.824988, 8397.928711>
24.04.2021 16:13:25 [ZomBerryAdmin]: BnYrB (mBNlxASsPlOcry0dpDl8K-WgHNR5WMCMmoJ9NhpU4FY=) spawned TraderPlus_Money_Dollar100 at <7344.484863, 6.824988, 8397.928711>
24.04.2021 16:13:25 [ZomBerryAdmin]: BnYrB (mBNlxASsPlOcry0dpDl8K-WgHNR5WMCMmoJ9NhpU4FY=) spawned TraderPlus_Money_Dollar100 at <7344.484863, 6.824988, 8397.928711>
24.04.2021 16:13:26 [ZomBerryAdmin]: BnYrB (mBNlxASsPlOcry0dpDl8K-WgHNR5WMCMmoJ9NhpU4FY=) spawned TraderPlus_Money_Dollar100 at <7344.484863, 6.824988, 8397.928711>
24.04.2021 16:13:26 [ZomBerryAdmin]: BnYrB (mBNlxASsPlOcry0dpDl8K-WgHNR5WMCMmoJ9NhpU4FY=) spawned TraderPlus_Money_Dollar100 at <7344.484863, 6.824988, 8397.928711>
24.04.2021 16:13:26 [ZomBerryAdmin]: BnYrB (mBNlxASsPlOcry0dpDl8K-WgHNR5WMCMmoJ9NhpU4FY=) spawned TraderPlus_Money_Dollar100 at <7344.484863, 6.824988, 8397.928711>
24.04.2021 16:13:26 [ZomBerryAdmin]: BnYrB (mBNlxASsPlOcry0dpDl8K-WgHNR5WMCMmoJ9NhpU4FY=) spawned TraderPlus_Money_Dollar100 at <7344.484863, 6.824988, 8397.928711>
24.04.2021 16:13:27 [ZomBerryAdmin]: BnYrB (mBNlxASsPlOcry0dpDl8K-WgHNR5WMCMmoJ9NhpU4FY=) spawned TraderPlus_Money_Dollar100 at <7344.484863, 6.824988, 8397.928711>
24.04.2021 16:13:28 [ZomBerryAdmin]: BnYrB (mBNlxASsPlOcry0dpDl8K-WgHNR5WMCMmoJ9NhpU4FY=) spawned TraderPlus_Money_Dollar100 at <7344.484863, 6.824988, 8397.928711>
24.04.2021 16:13:28 [ZomBerryAdmin]: BnYrB (mBNlxASsPlOcry0dpDl8K-WgHNR5WMCMmoJ9NhpU4FY=) spawned TraderPlus_Money_Dollar100 at <7344.484863, 6.824988, 8397.928711>
24.04.2021 16:13:28 [ZomBerryAdmin]: BnYrB (mBNlxASsPlOcry0dpDl8K-WgHNR5WMCMmoJ9NhpU4FY=) spawned TraderPlus_Money_Dollar100 at <7344.484863, 6.824988, 8397.928711>
24.04.2021 16:13:29 [ZomBerryAdmin]: BnYrB (mBNlxASsPlOcry0dpDl8K-WgHNR5WMCMmoJ9NhpU4FY=) spawned TraderPlus_Money_Dollar100 at <7344.484863, 6.824988, 8397.928711>
24.04.2021 16:13:29 [ZomBerryAdmin]: BnYrB (mBNlxASsPlOcry0dpDl8K-WgHNR5WMCMmoJ9NhpU4FY=) spawned TraderPlus_Money_Dollar100 at <7344.484863, 6.824988, 8397.928711>
24.04.2021 16:13:29 [ZomBerryAdmin]: BnYrB (mBNlxASsPlOcry0dpDl8K-WgHNR5WMCMmoJ9NhpU4FY=) spawned TraderPlus_Money_Dollar100 at <7344.484863, 6.824988, 8397.928711>
24.04.2021 16:13:29 [ZomBerryAdmin]: BnYrB (mBNlxASsPlOcry0dpDl8K-WgHNR5WMCMmoJ9NhpU4FY=) spawned TraderPlus_Money_Dollar100 at <7344.484863, 6.824988, 8397.928711>
24.04.2021 16:13:30 [ZomBerryAdmin]: BnYrB (mBNlxASsPlOcry0dpDl8K-WgHNR5WMCMmoJ9NhpU4FY=) spawned TraderPlus_Money_Dollar100 at <7344.484863, 6.824988, 8397.928711>
24.04.2021 16:13:43 [ZomBerryAdmin]: BnYrB (mBNlxASsPlOcry0dpDl8K-WgHNR5WMCMmoJ9NhpU4FY=) spawned TraderPlus_Money_Dollar50 at <7344.484863, 6.824988, 8397.928711>
24.04.2021 16:13:44 [ZomBerryAdmin]: BnYrB (mBNlxASsPlOcry0dpDl8K-WgHNR5WMCMmoJ9NhpU4FY=) spawned TraderPlus_Money_Dollar50 at <7344.484863, 6.824988, 8397.928711>
