---------------------------------------------
ZomBerry v0.6.2 log started at 25.04.2021 18:01:12

25.04.2021 18:01:12 [ZomBerryCmdAPI]: INFO: Added category OnTarget
25.04.2021 18:01:12 [ZomBerryCmdAPI]: INFO: Added function TPCur to category OnTarget
25.04.2021 18:01:12 [ZomBerryCmdAPI]: INFO: Added function TPForward to category OnTarget
25.04.2021 18:01:12 [ZomBerryCmdAPI]: INFO: Added function TPToTarget to category OnTarget
25.04.2021 18:01:12 [ZomBerryCmdAPI]: INFO: Added function TPToAdmin to category OnTarget
25.04.2021 18:01:12 [ZomBerryCmdAPI]: INFO: Added function HealTarget to category OnTarget
25.04.2021 18:01:12 [ZomBerryCmdAPI]: INFO: Added function GodTarget to category OnTarget
25.04.2021 18:01:12 [ZomBerryCmdAPI]: INFO: Added function RefuelAndRepair to category OnTarget
25.04.2021 18:01:12 [ZomBerryCmdAPI]: INFO: Added category ==
25.04.2021 18:01:12 [ZomBerryCmdAPI]: INFO: Added function KillTarget to category ==
25.04.2021 18:01:12 [ZomBerryCmdAPI]: INFO: Added function BiteTarget to category ==
25.04.2021 18:01:12 [ZomBerryCmdAPI]: INFO: Added function StripTarget to category ==
25.04.2021 18:01:12 [ZomBerryCmdAPI]: INFO: Added function RejectBellyTarget to category ==
25.04.2021 18:01:12 [ZomBerryCmdAPI]: INFO: Added function PsycoTarget to category ==
25.04.2021 18:01:12 [ZomBerryCmdAPI]: INFO: Added function SneezeTarget to category ==
25.04.2021 18:01:12 [ZomBerryCmdAPI]: INFO: Added function SetHealthTarget to category ==
25.04.2021 18:01:12 [ZomBerryCmdAPI]: INFO: Added function SetBloodTarget to category ==
25.04.2021 18:01:12 [ZomBerryCmdAPI]: INFO: Added category OnServer
25.04.2021 18:01:12 [ZomBerryCmdAPI]: INFO: Added function FreeCamAdm to category OnServer
25.04.2021 18:01:12 [ZomBerryCmdAPI]: INFO: Added function TimeDay to category OnServer
25.04.2021 18:01:12 [ZomBerryCmdAPI]: INFO: Added function TimeNight to category OnServer
25.04.2021 18:01:12 [ZomBerryCmdAPI]: INFO: Added function SetTime to category OnServer
25.04.2021 18:01:12 [ZomBerryCmdAPI]: INFO: Added function SetDate to category OnServer
25.04.2021 18:01:12 [ZomBerryCmdAPI]: INFO: Added function SetWeather to category OnServer
25.04.2021 18:01:12 [ZomBerryCmdAPI]: INFO: Added function DeleteObj to category OnServer
25.04.2021 18:01:12 [ZomBerryConfig]: INFO: Using admins.cfg from Profile directory
25.04.2021 18:01:12 [ZomBerryDbg]: Server ready, loading admin list from: $profile:ZomBerry\admins.cfg
25.04.2021 18:01:12 [ZomBerryConfig]: admins.cfg loaded
25.04.2021 18:01:12 [ZomBerryConfig]: Added admin: 76561198038543835
25.04.2021 18:01:12 [ZomBerryConfig]: Added admin: 76561198036774377
25.04.2021 20:31:57 [ZomBerryDbg]: Auth Request ignored (not an admin) Cygnus (hDo_Btwm72QwlIopq6csO7iMF3JQfMqHeAzHsQsXTmo=)
25.04.2021 20:57:34 [ZomBerryDbg]: Auth Request ignored (not an admin) Cygnus (hDo_Btwm72QwlIopq6csO7iMF3JQfMqHeAzHsQsXTmo=)
25.04.2021 22:43:06 [ZomBerryDbg]: Auth Request ignored (not an admin) Jace (3Yf4IjfITzHZ-KkF9CFJ068XfSnhNV9b1sfzHnfuZ24=)
