---------------------------------------------
ZomBerry v0.6.2 log started at 16.05.2021 13:30:38

16.05.2021 13:30:38 [ZomBerryCmdAPI]: INFO: Added category OnTarget
16.05.2021 13:30:38 [ZomBerryCmdAPI]: INFO: Added function TPCur to category OnTarget
16.05.2021 13:30:38 [ZomBerryCmdAPI]: INFO: Added function TPForward to category OnTarget
16.05.2021 13:30:38 [ZomBerryCmdAPI]: INFO: Added function TPToTarget to category OnTarget
16.05.2021 13:30:38 [ZomBerryCmdAPI]: INFO: Added function TPToAdmin to category OnTarget
16.05.2021 13:30:38 [ZomBerryCmdAPI]: INFO: Added function HealTarget to category OnTarget
16.05.2021 13:30:38 [ZomBerryCmdAPI]: INFO: Added function GodTarget to category OnTarget
16.05.2021 13:30:38 [ZomBerryCmdAPI]: INFO: Added function RefuelAndRepair to category OnTarget
16.05.2021 13:30:38 [ZomBerryCmdAPI]: INFO: Added category ==
16.05.2021 13:30:38 [ZomBerryCmdAPI]: INFO: Added function KillTarget to category ==
16.05.2021 13:30:38 [ZomBerryCmdAPI]: INFO: Added function BiteTarget to category ==
16.05.2021 13:30:38 [ZomBerryCmdAPI]: INFO: Added function StripTarget to category ==
16.05.2021 13:30:38 [ZomBerryCmdAPI]: INFO: Added function RejectBellyTarget to category ==
16.05.2021 13:30:38 [ZomBerryCmdAPI]: INFO: Added function PsycoTarget to category ==
16.05.2021 13:30:38 [ZomBerryCmdAPI]: INFO: Added function SneezeTarget to category ==
16.05.2021 13:30:38 [ZomBerryCmdAPI]: INFO: Added function SetHealthTarget to category ==
16.05.2021 13:30:38 [ZomBerryCmdAPI]: INFO: Added function SetBloodTarget to category ==
16.05.2021 13:30:38 [ZomBerryCmdAPI]: INFO: Added category OnServer
16.05.2021 13:30:38 [ZomBerryCmdAPI]: INFO: Added function FreeCamAdm to category OnServer
16.05.2021 13:30:38 [ZomBerryCmdAPI]: INFO: Added function TimeDay to category OnServer
16.05.2021 13:30:38 [ZomBerryCmdAPI]: INFO: Added function TimeNight to category OnServer
16.05.2021 13:30:38 [ZomBerryCmdAPI]: INFO: Added function SetTime to category OnServer
16.05.2021 13:30:38 [ZomBerryCmdAPI]: INFO: Added function SetDate to category OnServer
16.05.2021 13:30:38 [ZomBerryCmdAPI]: INFO: Added function SetWeather to category OnServer
16.05.2021 13:30:38 [ZomBerryCmdAPI]: INFO: Added function DeleteObj to category OnServer
16.05.2021 13:30:38 [ZomBerryConfig]: INFO: Using admins.cfg from Profile directory
16.05.2021 13:30:38 [ZomBerryDbg]: Server ready, loading admin list from: $profile:ZomBerry\admins.cfg
16.05.2021 13:30:38 [ZomBerryConfig]: admins.cfg loaded
16.05.2021 13:30:38 [ZomBerryConfig]: Added admin: 76561198036774377
16.05.2021 13:31:54 [ZomBerryDbg]: Auth Request ignored (not an admin) Survivor (F2wubczfhybKC4z2SRhLVVbzbiFpm5OyVrI82AJ3p_U=)
16.05.2021 13:32:17 [ZomBerryDbg]: Auth Request ignored (not an admin) [DDA] NoMoreLlamas (pEXQSKscYNXQjVc4zzjrHMCd8_PkdCs5wBAuAXyN2sw=)
16.05.2021 13:32:34 [ZomBerryDbg]: Auth Request ignored (not an admin) NastyNerg [DDA] (v49uXaJny-MXhmq_qvUelv_0QcwRY1-cv9_Yq-5tGIA=)
16.05.2021 13:33:17 [ZomBerryDbg]: Auth Request ignored (not an admin) Mr Wolf (IAKLKM33p7NYLhkk5leT5VYzSRy1qFQhXQui2bdgnIY=)
16.05.2021 13:36:42 [ZomBerryDbg]: Auth Request ignored (not an admin) Mrs Wolf (MO9bsrzUlrPmo7l9-koFMw3QXC_LzL6k5LbtTHj-bI0=)
16.05.2021 13:52:36 [ZomBerryDbg]: Auth Request ignored (not an admin) Cygnus (hDo_Btwm72QwlIopq6csO7iMF3JQfMqHeAzHsQsXTmo=)
16.05.2021 14:04:29 [ZomBerryDbg]: Auth Request ignored (not an admin) Survivor (3YZhI-T3kPTvPUMOIUPmM4zeGndMN-VwUBINSqRtMyE=)
