---------------------------------------------
ZomBerry v0.6.2 log started at 08.05.2021 09:37:36

08.05.2021 09:37:36 [ZomBerryCmdAPI]: INFO: Added category OnTarget
08.05.2021 09:37:36 [ZomBerryCmdAPI]: INFO: Added function TPCur to category OnTarget
08.05.2021 09:37:36 [ZomBerryCmdAPI]: INFO: Added function TPForward to category OnTarget
08.05.2021 09:37:36 [ZomBerryCmdAPI]: INFO: Added function TPToTarget to category OnTarget
08.05.2021 09:37:36 [ZomBerryCmdAPI]: INFO: Added function TPToAdmin to category OnTarget
08.05.2021 09:37:36 [ZomBerryCmdAPI]: INFO: Added function HealTarget to category OnTarget
08.05.2021 09:37:36 [ZomBerryCmdAPI]: INFO: Added function GodTarget to category OnTarget
08.05.2021 09:37:36 [ZomBerryCmdAPI]: INFO: Added function RefuelAndRepair to category OnTarget
08.05.2021 09:37:36 [ZomBerryCmdAPI]: INFO: Added category ==
08.05.2021 09:37:36 [ZomBerryCmdAPI]: INFO: Added function KillTarget to category ==
08.05.2021 09:37:36 [ZomBerryCmdAPI]: INFO: Added function BiteTarget to category ==
08.05.2021 09:37:36 [ZomBerryCmdAPI]: INFO: Added function StripTarget to category ==
08.05.2021 09:37:36 [ZomBerryCmdAPI]: INFO: Added function RejectBellyTarget to category ==
08.05.2021 09:37:36 [ZomBerryCmdAPI]: INFO: Added function PsycoTarget to category ==
08.05.2021 09:37:36 [ZomBerryCmdAPI]: INFO: Added function SneezeTarget to category ==
08.05.2021 09:37:36 [ZomBerryCmdAPI]: INFO: Added function SetHealthTarget to category ==
08.05.2021 09:37:36 [ZomBerryCmdAPI]: INFO: Added function SetBloodTarget to category ==
08.05.2021 09:37:36 [ZomBerryCmdAPI]: INFO: Added category OnServer
08.05.2021 09:37:36 [ZomBerryCmdAPI]: INFO: Added function FreeCamAdm to category OnServer
08.05.2021 09:37:36 [ZomBerryCmdAPI]: INFO: Added function TimeDay to category OnServer
08.05.2021 09:37:36 [ZomBerryCmdAPI]: INFO: Added function TimeNight to category OnServer
08.05.2021 09:37:36 [ZomBerryCmdAPI]: INFO: Added function SetTime to category OnServer
08.05.2021 09:37:36 [ZomBerryCmdAPI]: INFO: Added function SetDate to category OnServer
08.05.2021 09:37:36 [ZomBerryCmdAPI]: INFO: Added function SetWeather to category OnServer
08.05.2021 09:37:36 [ZomBerryCmdAPI]: INFO: Added function DeleteObj to category OnServer
08.05.2021 09:37:36 [ZomBerryConfig]: INFO: Using admins.cfg from Profile directory
08.05.2021 09:37:36 [ZomBerryDbg]: Server ready, loading admin list from: $profile:ZomBerry\admins.cfg
08.05.2021 09:37:36 [ZomBerryConfig]: admins.cfg loaded
08.05.2021 09:37:36 [ZomBerryConfig]: Added admin: 76561198036774377
08.05.2021 09:38:33 [ZomBerryDbg]: Auth respond to admin BnYrB (mBNlxASsPlOcry0dpDl8K-WgHNR5WMCMmoJ9NhpU4FY=)
08.05.2021 09:42:38 [ZomBerryDbg]: BnYrB (mBNlxASsPlOcry0dpDl8K-WgHNR5WMCMmoJ9NhpU4FY=) - player list sync
08.05.2021 09:42:38 [ZomBerryDbg]: BnYrB (mBNlxASsPlOcry0dpDl8K-WgHNR5WMCMmoJ9NhpU4FY=) - function list sync
08.05.2021 09:42:43 [ZomBerryAdmin]: BnYrB (mBNlxASsPlOcry0dpDl8K-WgHNR5WMCMmoJ9NhpU4FY=) executed HealTarget
08.05.2021 09:50:08 [ZomBerryDbg]: BnYrB (mBNlxASsPlOcry0dpDl8K-WgHNR5WMCMmoJ9NhpU4FY=) - player list sync
08.05.2021 09:50:08 [ZomBerryDbg]: BnYrB (mBNlxASsPlOcry0dpDl8K-WgHNR5WMCMmoJ9NhpU4FY=) - function list sync
08.05.2021 09:50:22 [ZomBerryAdmin]: BnYrB (mBNlxASsPlOcry0dpDl8K-WgHNR5WMCMmoJ9NhpU4FY=) spawned TWP_Anzio at <3305.600342, 27.197254, 4421.521973>
08.05.2021 09:50:23 [ZomBerryAdmin]: BnYrB (mBNlxASsPlOcry0dpDl8K-WgHNR5WMCMmoJ9NhpU4FY=) spawned TWP_Anzio at <3305.600342, 27.197254, 4421.521973>
08.05.2021 09:50:23 [ZomBerryAdmin]: BnYrB (mBNlxASsPlOcry0dpDl8K-WgHNR5WMCMmoJ9NhpU4FY=) spawned TWP_Anzio at <3305.600342, 27.197254, 4421.521973>
08.05.2021 09:50:24 [ZomBerryAdmin]: BnYrB (mBNlxASsPlOcry0dpDl8K-WgHNR5WMCMmoJ9NhpU4FY=) spawned TWP_Anzio_mag_3Rnd at <3305.600342, 27.197254, 4421.521973>
08.05.2021 09:50:25 [ZomBerryAdmin]: BnYrB (mBNlxASsPlOcry0dpDl8K-WgHNR5WMCMmoJ9NhpU4FY=) spawned TWP_Anzio_mag_3Rnd at <3305.600342, 27.197254, 4421.521973>
08.05.2021 09:50:25 [ZomBerryAdmin]: BnYrB (mBNlxASsPlOcry0dpDl8K-WgHNR5WMCMmoJ9NhpU4FY=) spawned TWP_Anzio_mag_3Rnd at <3305.600342, 27.197254, 4421.521973>
08.05.2021 09:50:25 [ZomBerryAdmin]: BnYrB (mBNlxASsPlOcry0dpDl8K-WgHNR5WMCMmoJ9NhpU4FY=) spawned TWP_Anzio_mag_3Rnd at <3305.600342, 27.197254, 4421.521973>
08.05.2021 09:50:51 [ZomBerryDbg]: BnYrB (mBNlxASsPlOcry0dpDl8K-WgHNR5WMCMmoJ9NhpU4FY=) - player list sync
08.05.2021 09:50:51 [ZomBerryDbg]: BnYrB (mBNlxASsPlOcry0dpDl8K-WgHNR5WMCMmoJ9NhpU4FY=) - function list sync
08.05.2021 09:51:01 [ZomBerryAdmin]: BnYrB (mBNlxASsPlOcry0dpDl8K-WgHNR5WMCMmoJ9NhpU4FY=) spawned TWP_LongRangeOptic_Tan at <3306.087891, 27.197254, 4421.578613>
08.05.2021 10:01:50 [ZomBerryDbg]: Auth Request ignored (not an admin) W4rcone (h4TjTFPOkSBgx74aFxOyr5x3HwrvqsUg5nxaDn__9GY=)
08.05.2021 10:06:05 [ZomBerryDbg]: Auth respond to admin BnYrB (mBNlxASsPlOcry0dpDl8K-WgHNR5WMCMmoJ9NhpU4FY=)
08.05.2021 10:13:52 [ZomBerryDbg]: Auth respond to admin BnYrB (mBNlxASsPlOcry0dpDl8K-WgHNR5WMCMmoJ9NhpU4FY=)
08.05.2021 10:14:19 [ZomBerryDbg]: BnYrB (mBNlxASsPlOcry0dpDl8K-WgHNR5WMCMmoJ9NhpU4FY=) - player list sync
08.05.2021 10:14:19 [ZomBerryDbg]: BnYrB (mBNlxASsPlOcry0dpDl8K-WgHNR5WMCMmoJ9NhpU4FY=) - function list sync
08.05.2021 10:14:30 [ZomBerryAdmin]: BnYrB (mBNlxASsPlOcry0dpDl8K-WgHNR5WMCMmoJ9NhpU4FY=) executed TPToTarget
08.05.2021 10:14:37 [ZomBerryAdmin]: BnYrB (mBNlxASsPlOcry0dpDl8K-WgHNR5WMCMmoJ9NhpU4FY=) executed TPToTarget on target W4rcone (h4TjTFPOkSBgx74aFxOyr5x3HwrvqsUg5nxaDn__9GY=)
08.05.2021 10:15:31 [ZomBerryDbg]: BnYrB (mBNlxASsPlOcry0dpDl8K-WgHNR5WMCMmoJ9NhpU4FY=) - player list sync
08.05.2021 10:15:31 [ZomBerryDbg]: BnYrB (mBNlxASsPlOcry0dpDl8K-WgHNR5WMCMmoJ9NhpU4FY=) - function list sync
08.05.2021 10:15:33 [ZomBerryAdmin]: BnYrB (mBNlxASsPlOcry0dpDl8K-WgHNR5WMCMmoJ9NhpU4FY=) executed TimeDay on target W4rcone (h4TjTFPOkSBgx74aFxOyr5x3HwrvqsUg5nxaDn__9GY=)
08.05.2021 10:25:08 [ZomBerryDbg]: BnYrB (mBNlxASsPlOcry0dpDl8K-WgHNR5WMCMmoJ9NhpU4FY=) - player list sync
08.05.2021 10:25:08 [ZomBerryDbg]: BnYrB (mBNlxASsPlOcry0dpDl8K-WgHNR5WMCMmoJ9NhpU4FY=) - function list sync
08.05.2021 10:25:17 [ZomBerryAdmin]: BnYrB (mBNlxASsPlOcry0dpDl8K-WgHNR5WMCMmoJ9NhpU4FY=) spawned CodeLock at <6252.489746, 8.046952, 9656.407227>
