---------------------------------------------
ZomBerry v0.6.2 log started at 13.05.2021 20:05:54

13.05.2021 20:05:54 [ZomBerryCmdAPI]: INFO: Added category OnTarget
13.05.2021 20:05:54 [ZomBerryCmdAPI]: INFO: Added function TPCur to category OnTarget
13.05.2021 20:05:54 [ZomBerryCmdAPI]: INFO: Added function TPForward to category OnTarget
13.05.2021 20:05:54 [ZomBerryCmdAPI]: INFO: Added function TPToTarget to category OnTarget
13.05.2021 20:05:54 [ZomBerryCmdAPI]: INFO: Added function TPToAdmin to category OnTarget
13.05.2021 20:05:54 [ZomBerryCmdAPI]: INFO: Added function HealTarget to category OnTarget
13.05.2021 20:05:54 [ZomBerryCmdAPI]: INFO: Added function GodTarget to category OnTarget
13.05.2021 20:05:54 [ZomBerryCmdAPI]: INFO: Added function RefuelAndRepair to category OnTarget
13.05.2021 20:05:54 [ZomBerryCmdAPI]: INFO: Added category ==
13.05.2021 20:05:54 [ZomBerryCmdAPI]: INFO: Added function KillTarget to category ==
13.05.2021 20:05:54 [ZomBerryCmdAPI]: INFO: Added function BiteTarget to category ==
13.05.2021 20:05:54 [ZomBerryCmdAPI]: INFO: Added function StripTarget to category ==
13.05.2021 20:05:54 [ZomBerryCmdAPI]: INFO: Added function RejectBellyTarget to category ==
13.05.2021 20:05:54 [ZomBerryCmdAPI]: INFO: Added function PsycoTarget to category ==
13.05.2021 20:05:54 [ZomBerryCmdAPI]: INFO: Added function SneezeTarget to category ==
13.05.2021 20:05:54 [ZomBerryCmdAPI]: INFO: Added function SetHealthTarget to category ==
13.05.2021 20:05:54 [ZomBerryCmdAPI]: INFO: Added function SetBloodTarget to category ==
13.05.2021 20:05:54 [ZomBerryCmdAPI]: INFO: Added category OnServer
13.05.2021 20:05:54 [ZomBerryCmdAPI]: INFO: Added function FreeCamAdm to category OnServer
13.05.2021 20:05:54 [ZomBerryCmdAPI]: INFO: Added function TimeDay to category OnServer
13.05.2021 20:05:54 [ZomBerryCmdAPI]: INFO: Added function TimeNight to category OnServer
13.05.2021 20:05:54 [ZomBerryCmdAPI]: INFO: Added function SetTime to category OnServer
13.05.2021 20:05:54 [ZomBerryCmdAPI]: INFO: Added function SetDate to category OnServer
13.05.2021 20:05:54 [ZomBerryCmdAPI]: INFO: Added function SetWeather to category OnServer
13.05.2021 20:05:54 [ZomBerryCmdAPI]: INFO: Added function DeleteObj to category OnServer
13.05.2021 20:05:54 [ZomBerryConfig]: INFO: Using admins.cfg from Profile directory
13.05.2021 20:05:54 [ZomBerryDbg]: Server ready, loading admin list from: $profile:ZomBerry\admins.cfg
13.05.2021 20:05:54 [ZomBerryConfig]: admins.cfg loaded
13.05.2021 20:05:54 [ZomBerryConfig]: Added admin: 76561198036774377
13.05.2021 20:06:48 [ZomBerryDbg]: Auth respond to admin BnYrB (mBNlxASsPlOcry0dpDl8K-WgHNR5WMCMmoJ9NhpU4FY=)
13.05.2021 20:08:51 [ZomBerryDbg]: Auth Request ignored (not an admin) Mr Wolf (IAKLKM33p7NYLhkk5leT5VYzSRy1qFQhXQui2bdgnIY=)
13.05.2021 20:09:03 [ZomBerryDbg]: BnYrB (mBNlxASsPlOcry0dpDl8K-WgHNR5WMCMmoJ9NhpU4FY=) - player list sync
13.05.2021 20:09:03 [ZomBerryDbg]: BnYrB (mBNlxASsPlOcry0dpDl8K-WgHNR5WMCMmoJ9NhpU4FY=) - function list sync
13.05.2021 20:09:17 [ZomBerryAdmin]: BnYrB (mBNlxASsPlOcry0dpDl8K-WgHNR5WMCMmoJ9NhpU4FY=) teleported to position <3725.339600, 9.350000, 8828.357422>
13.05.2021 20:10:14 [ZomBerryDbg]: BnYrB (mBNlxASsPlOcry0dpDl8K-WgHNR5WMCMmoJ9NhpU4FY=) - player list sync
13.05.2021 20:10:14 [ZomBerryDbg]: BnYrB (mBNlxASsPlOcry0dpDl8K-WgHNR5WMCMmoJ9NhpU4FY=) - function list sync
13.05.2021 20:10:57 [ZomBerryDbg]: Auth Request ignored (not an admin) Cygnus (hDo_Btwm72QwlIopq6csO7iMF3JQfMqHeAzHsQsXTmo=)
