---------------------------------------------
ZomBerry v0.6.2 log started at 17.05.2021 20:02:50

17.05.2021 20:02:50 [ZomBerryCmdAPI]: INFO: Added category OnTarget
17.05.2021 20:02:50 [ZomBerryCmdAPI]: INFO: Added function TPCur to category OnTarget
17.05.2021 20:02:50 [ZomBerryCmdAPI]: INFO: Added function TPForward to category OnTarget
17.05.2021 20:02:50 [ZomBerryCmdAPI]: INFO: Added function TPToTarget to category OnTarget
17.05.2021 20:02:50 [ZomBerryCmdAPI]: INFO: Added function TPToAdmin to category OnTarget
17.05.2021 20:02:50 [ZomBerryCmdAPI]: INFO: Added function HealTarget to category OnTarget
17.05.2021 20:02:50 [ZomBerryCmdAPI]: INFO: Added function GodTarget to category OnTarget
17.05.2021 20:02:50 [ZomBerryCmdAPI]: INFO: Added function RefuelAndRepair to category OnTarget
17.05.2021 20:02:50 [ZomBerryCmdAPI]: INFO: Added category ==
17.05.2021 20:02:50 [ZomBerryCmdAPI]: INFO: Added function KillTarget to category ==
17.05.2021 20:02:50 [ZomBerryCmdAPI]: INFO: Added function BiteTarget to category ==
17.05.2021 20:02:50 [ZomBerryCmdAPI]: INFO: Added function StripTarget to category ==
17.05.2021 20:02:50 [ZomBerryCmdAPI]: INFO: Added function RejectBellyTarget to category ==
17.05.2021 20:02:50 [ZomBerryCmdAPI]: INFO: Added function PsycoTarget to category ==
17.05.2021 20:02:50 [ZomBerryCmdAPI]: INFO: Added function SneezeTarget to category ==
17.05.2021 20:02:50 [ZomBerryCmdAPI]: INFO: Added function SetHealthTarget to category ==
17.05.2021 20:02:50 [ZomBerryCmdAPI]: INFO: Added function SetBloodTarget to category ==
17.05.2021 20:02:50 [ZomBerryCmdAPI]: INFO: Added category OnServer
17.05.2021 20:02:50 [ZomBerryCmdAPI]: INFO: Added function FreeCamAdm to category OnServer
17.05.2021 20:02:50 [ZomBerryCmdAPI]: INFO: Added function TimeDay to category OnServer
17.05.2021 20:02:50 [ZomBerryCmdAPI]: INFO: Added function TimeNight to category OnServer
17.05.2021 20:02:50 [ZomBerryCmdAPI]: INFO: Added function SetTime to category OnServer
17.05.2021 20:02:50 [ZomBerryCmdAPI]: INFO: Added function SetDate to category OnServer
17.05.2021 20:02:50 [ZomBerryCmdAPI]: INFO: Added function SetWeather to category OnServer
17.05.2021 20:02:50 [ZomBerryCmdAPI]: INFO: Added function DeleteObj to category OnServer
17.05.2021 20:02:50 [ZomBerryConfig]: INFO: Using admins.cfg from Profile directory
17.05.2021 20:02:50 [ZomBerryDbg]: Server ready, loading admin list from: $profile:ZomBerry\admins.cfg
17.05.2021 20:02:50 [ZomBerryConfig]: admins.cfg loaded
17.05.2021 20:02:50 [ZomBerryConfig]: Added admin: 76561198036774377
17.05.2021 20:04:30 [ZomBerryDbg]: Auth Request ignored (not an admin) Cygnus (hDo_Btwm72QwlIopq6csO7iMF3JQfMqHeAzHsQsXTmo=)
17.05.2021 20:12:29 [ZomBerryDbg]: Auth Request ignored (not an admin) Jimmy Nickels (Pk9FmI0iGIJV90L0o-uI7ivHc45DZnNcAVX3v1GVD5Y=)
17.05.2021 20:15:10 [ZomBerryDbg]: Auth Request ignored (not an admin) Trenton17B (MVPVPec7vKQmNerpqVH-rYBrTlU8iLkcOj3kiEBzLdU=)
17.05.2021 20:35:48 [ZomBerryDbg]: Auth Request ignored (not an admin) Raider 2-2 (XvanEKUhyxTkbzngpxDcoNyQwUXi4Yr-sLWO7uNg91M=)
17.05.2021 22:49:55 [ZomBerryDbg]: Auth Request ignored (not an admin) Jimmy Nickels (Pk9FmI0iGIJV90L0o-uI7ivHc45DZnNcAVX3v1GVD5Y=)
