---------------------------------------------
ZomBerry v0.6.2 log started at 01.05.2021 13:15:01

01.05.2021 13:15:01 [ZomBerryCmdAPI]: INFO: Added category OnTarget
01.05.2021 13:15:01 [ZomBerryCmdAPI]: INFO: Added function TPCur to category OnTarget
01.05.2021 13:15:01 [ZomBerryCmdAPI]: INFO: Added function TPForward to category OnTarget
01.05.2021 13:15:01 [ZomBerryCmdAPI]: INFO: Added function TPToTarget to category OnTarget
01.05.2021 13:15:01 [ZomBerryCmdAPI]: INFO: Added function TPToAdmin to category OnTarget
01.05.2021 13:15:01 [ZomBerryCmdAPI]: INFO: Added function HealTarget to category OnTarget
01.05.2021 13:15:01 [ZomBerryCmdAPI]: INFO: Added function GodTarget to category OnTarget
01.05.2021 13:15:01 [ZomBerryCmdAPI]: INFO: Added function RefuelAndRepair to category OnTarget
01.05.2021 13:15:01 [ZomBerryCmdAPI]: INFO: Added category ==
01.05.2021 13:15:01 [ZomBerryCmdAPI]: INFO: Added function KillTarget to category ==
01.05.2021 13:15:01 [ZomBerryCmdAPI]: INFO: Added function BiteTarget to category ==
01.05.2021 13:15:01 [ZomBerryCmdAPI]: INFO: Added function StripTarget to category ==
01.05.2021 13:15:01 [ZomBerryCmdAPI]: INFO: Added function RejectBellyTarget to category ==
01.05.2021 13:15:01 [ZomBerryCmdAPI]: INFO: Added function PsycoTarget to category ==
01.05.2021 13:15:01 [ZomBerryCmdAPI]: INFO: Added function SneezeTarget to category ==
01.05.2021 13:15:01 [ZomBerryCmdAPI]: INFO: Added function SetHealthTarget to category ==
01.05.2021 13:15:01 [ZomBerryCmdAPI]: INFO: Added function SetBloodTarget to category ==
01.05.2021 13:15:01 [ZomBerryCmdAPI]: INFO: Added category OnServer
01.05.2021 13:15:01 [ZomBerryCmdAPI]: INFO: Added function FreeCamAdm to category OnServer
01.05.2021 13:15:01 [ZomBerryCmdAPI]: INFO: Added function TimeDay to category OnServer
01.05.2021 13:15:01 [ZomBerryCmdAPI]: INFO: Added function TimeNight to category OnServer
01.05.2021 13:15:01 [ZomBerryCmdAPI]: INFO: Added function SetTime to category OnServer
01.05.2021 13:15:01 [ZomBerryCmdAPI]: INFO: Added function SetDate to category OnServer
01.05.2021 13:15:01 [ZomBerryCmdAPI]: INFO: Added function SetWeather to category OnServer
01.05.2021 13:15:01 [ZomBerryCmdAPI]: INFO: Added function DeleteObj to category OnServer
01.05.2021 13:15:01 [ZomBerryConfig]: INFO: Using admins.cfg from Profile directory
01.05.2021 13:15:01 [ZomBerryDbg]: Server ready, loading admin list from: $profile:ZomBerry\admins.cfg
01.05.2021 13:15:01 [ZomBerryConfig]: admins.cfg loaded
01.05.2021 13:15:01 [ZomBerryConfig]: Added admin: 76561198038543835
01.05.2021 13:15:01 [ZomBerryConfig]: Added admin: 76561198036774377
01.05.2021 13:19:43 [ZomBerryDbg]: Auth Request ignored (not an admin) Mr Wolf (IAKLKM33p7NYLhkk5leT5VYzSRy1qFQhXQui2bdgnIY=)
01.05.2021 13:23:02 [ZomBerryDbg]: Auth respond to admin BnYrB (mBNlxASsPlOcry0dpDl8K-WgHNR5WMCMmoJ9NhpU4FY=)
01.05.2021 13:24:36 [ZomBerryDbg]: Auth Request ignored (not an admin) Mrs Wolf (MO9bsrzUlrPmo7l9-koFMw3QXC_LzL6k5LbtTHj-bI0=)
