---------------------------------------------
ZomBerry v0.6.2 log started at 05.05.2021 12:08:25

05.05.2021 12:08:25 [ZomBerryCmdAPI]: INFO: Added category OnTarget
05.05.2021 12:08:25 [ZomBerryCmdAPI]: INFO: Added function TPCur to category OnTarget
05.05.2021 12:08:25 [ZomBerryCmdAPI]: INFO: Added function TPForward to category OnTarget
05.05.2021 12:08:25 [ZomBerryCmdAPI]: INFO: Added function TPToTarget to category OnTarget
05.05.2021 12:08:25 [ZomBerryCmdAPI]: INFO: Added function TPToAdmin to category OnTarget
05.05.2021 12:08:25 [ZomBerryCmdAPI]: INFO: Added function HealTarget to category OnTarget
05.05.2021 12:08:25 [ZomBerryCmdAPI]: INFO: Added function GodTarget to category OnTarget
05.05.2021 12:08:25 [ZomBerryCmdAPI]: INFO: Added function RefuelAndRepair to category OnTarget
05.05.2021 12:08:25 [ZomBerryCmdAPI]: INFO: Added category ==
05.05.2021 12:08:25 [ZomBerryCmdAPI]: INFO: Added function KillTarget to category ==
05.05.2021 12:08:25 [ZomBerryCmdAPI]: INFO: Added function BiteTarget to category ==
05.05.2021 12:08:25 [ZomBerryCmdAPI]: INFO: Added function StripTarget to category ==
05.05.2021 12:08:25 [ZomBerryCmdAPI]: INFO: Added function RejectBellyTarget to category ==
05.05.2021 12:08:25 [ZomBerryCmdAPI]: INFO: Added function PsycoTarget to category ==
05.05.2021 12:08:25 [ZomBerryCmdAPI]: INFO: Added function SneezeTarget to category ==
05.05.2021 12:08:25 [ZomBerryCmdAPI]: INFO: Added function SetHealthTarget to category ==
05.05.2021 12:08:25 [ZomBerryCmdAPI]: INFO: Added function SetBloodTarget to category ==
05.05.2021 12:08:25 [ZomBerryCmdAPI]: INFO: Added category OnServer
05.05.2021 12:08:25 [ZomBerryCmdAPI]: INFO: Added function FreeCamAdm to category OnServer
05.05.2021 12:08:25 [ZomBerryCmdAPI]: INFO: Added function TimeDay to category OnServer
05.05.2021 12:08:25 [ZomBerryCmdAPI]: INFO: Added function TimeNight to category OnServer
05.05.2021 12:08:25 [ZomBerryCmdAPI]: INFO: Added function SetTime to category OnServer
05.05.2021 12:08:25 [ZomBerryCmdAPI]: INFO: Added function SetDate to category OnServer
05.05.2021 12:08:25 [ZomBerryCmdAPI]: INFO: Added function SetWeather to category OnServer
05.05.2021 12:08:25 [ZomBerryCmdAPI]: INFO: Added function DeleteObj to category OnServer
05.05.2021 12:08:25 [ZomBerryConfig]: INFO: Using admins.cfg from Profile directory
05.05.2021 12:08:25 [ZomBerryDbg]: Server ready, loading admin list from: $profile:ZomBerry\admins.cfg
05.05.2021 12:08:25 [ZomBerryConfig]: admins.cfg loaded
05.05.2021 12:08:25 [ZomBerryConfig]: Added admin: 76561198036774377
05.05.2021 12:09:47 [ZomBerryDbg]: Auth respond to admin BnYrB (mBNlxASsPlOcry0dpDl8K-WgHNR5WMCMmoJ9NhpU4FY=)
05.05.2021 12:27:19 [ZomBerryDbg]: BnYrB (mBNlxASsPlOcry0dpDl8K-WgHNR5WMCMmoJ9NhpU4FY=) - player list sync
05.05.2021 12:27:19 [ZomBerryDbg]: BnYrB (mBNlxASsPlOcry0dpDl8K-WgHNR5WMCMmoJ9NhpU4FY=) - function list sync
05.05.2021 12:27:23 [ZomBerryDbg]: BnYrB (mBNlxASsPlOcry0dpDl8K-WgHNR5WMCMmoJ9NhpU4FY=) - player list sync
05.05.2021 12:27:23 [ZomBerryDbg]: BnYrB (mBNlxASsPlOcry0dpDl8K-WgHNR5WMCMmoJ9NhpU4FY=) - function list sync
05.05.2021 12:27:27 [ZomBerryAdmin]: BnYrB (mBNlxASsPlOcry0dpDl8K-WgHNR5WMCMmoJ9NhpU4FY=) executed GodTarget
05.05.2021 12:27:28 [ZomBerryAdmin]: BnYrB (mBNlxASsPlOcry0dpDl8K-WgHNR5WMCMmoJ9NhpU4FY=) executed HealTarget
05.05.2021 12:27:31 [ZomBerryAdmin]: BnYrB (mBNlxASsPlOcry0dpDl8K-WgHNR5WMCMmoJ9NhpU4FY=) executed HealTarget
05.05.2021 12:27:31 [ZomBerryAdmin]: BnYrB (mBNlxASsPlOcry0dpDl8K-WgHNR5WMCMmoJ9NhpU4FY=) executed HealTarget
05.05.2021 12:27:31 [ZomBerryAdmin]: BnYrB (mBNlxASsPlOcry0dpDl8K-WgHNR5WMCMmoJ9NhpU4FY=) executed HealTarget
05.05.2021 12:27:31 [ZomBerryAdmin]: BnYrB (mBNlxASsPlOcry0dpDl8K-WgHNR5WMCMmoJ9NhpU4FY=) executed HealTarget
05.05.2021 12:27:31 [ZomBerryAdmin]: BnYrB (mBNlxASsPlOcry0dpDl8K-WgHNR5WMCMmoJ9NhpU4FY=) executed HealTarget
05.05.2021 12:27:31 [ZomBerryAdmin]: BnYrB (mBNlxASsPlOcry0dpDl8K-WgHNR5WMCMmoJ9NhpU4FY=) executed HealTarget
05.05.2021 12:27:32 [ZomBerryAdmin]: BnYrB (mBNlxASsPlOcry0dpDl8K-WgHNR5WMCMmoJ9NhpU4FY=) executed HealTarget
05.05.2021 12:27:32 [ZomBerryAdmin]: BnYrB (mBNlxASsPlOcry0dpDl8K-WgHNR5WMCMmoJ9NhpU4FY=) executed HealTarget
05.05.2021 12:27:32 [ZomBerryAdmin]: BnYrB (mBNlxASsPlOcry0dpDl8K-WgHNR5WMCMmoJ9NhpU4FY=) executed HealTarget
05.05.2021 12:27:34 [ZomBerryAdmin]: BnYrB (mBNlxASsPlOcry0dpDl8K-WgHNR5WMCMmoJ9NhpU4FY=) executed HealTarget
05.05.2021 12:27:35 [ZomBerryAdmin]: BnYrB (mBNlxASsPlOcry0dpDl8K-WgHNR5WMCMmoJ9NhpU4FY=) executed RefuelAndRepair
05.05.2021 12:27:35 [ZomBerryAdmin]: BnYrB (mBNlxASsPlOcry0dpDl8K-WgHNR5WMCMmoJ9NhpU4FY=) executed RefuelAndRepair
05.05.2021 12:27:38 [ZomBerryAdmin]: BnYrB (mBNlxASsPlOcry0dpDl8K-WgHNR5WMCMmoJ9NhpU4FY=) executed HealTarget
05.05.2021 12:27:39 [ZomBerryAdmin]: BnYrB (mBNlxASsPlOcry0dpDl8K-WgHNR5WMCMmoJ9NhpU4FY=) executed HealTarget
05.05.2021 13:03:00 [ZomBerryDbg]: Auth Request ignored (not an admin) IAmTheSinister (K16cNKAeZIyQw7mfo0yKlNHwGcjK7NkqKtvqkdIKuiI=)
05.05.2021 13:42:16 [ZomBerryDbg]: BnYrB (mBNlxASsPlOcry0dpDl8K-WgHNR5WMCMmoJ9NhpU4FY=) - player list sync
05.05.2021 13:42:16 [ZomBerryDbg]: BnYrB (mBNlxASsPlOcry0dpDl8K-WgHNR5WMCMmoJ9NhpU4FY=) - function list sync
05.05.2021 13:42:19 [ZomBerryAdmin]: BnYrB (mBNlxASsPlOcry0dpDl8K-WgHNR5WMCMmoJ9NhpU4FY=) executed HealTarget
05.05.2021 13:42:19 [ZomBerryAdmin]: BnYrB (mBNlxASsPlOcry0dpDl8K-WgHNR5WMCMmoJ9NhpU4FY=) executed HealTarget
05.05.2021 13:42:19 [ZomBerryAdmin]: BnYrB (mBNlxASsPlOcry0dpDl8K-WgHNR5WMCMmoJ9NhpU4FY=) executed HealTarget
05.05.2021 13:42:19 [ZomBerryAdmin]: BnYrB (mBNlxASsPlOcry0dpDl8K-WgHNR5WMCMmoJ9NhpU4FY=) executed HealTarget
05.05.2021 13:42:19 [ZomBerryAdmin]: BnYrB (mBNlxASsPlOcry0dpDl8K-WgHNR5WMCMmoJ9NhpU4FY=) executed HealTarget
05.05.2021 13:42:20 [ZomBerryAdmin]: BnYrB (mBNlxASsPlOcry0dpDl8K-WgHNR5WMCMmoJ9NhpU4FY=) executed HealTarget
05.05.2021 13:42:20 [ZomBerryAdmin]: BnYrB (mBNlxASsPlOcry0dpDl8K-WgHNR5WMCMmoJ9NhpU4FY=) executed HealTarget
05.05.2021 13:42:20 [ZomBerryAdmin]: BnYrB (mBNlxASsPlOcry0dpDl8K-WgHNR5WMCMmoJ9NhpU4FY=) executed HealTarget
05.05.2021 13:42:20 [ZomBerryAdmin]: BnYrB (mBNlxASsPlOcry0dpDl8K-WgHNR5WMCMmoJ9NhpU4FY=) executed HealTarget
05.05.2021 13:55:07 [ZomBerryDbg]: Auth respond to admin BnYrB (mBNlxASsPlOcry0dpDl8K-WgHNR5WMCMmoJ9NhpU4FY=)
05.05.2021 13:55:44 [ZomBerryDbg]: BnYrB (mBNlxASsPlOcry0dpDl8K-WgHNR5WMCMmoJ9NhpU4FY=) - player list sync
05.05.2021 13:55:44 [ZomBerryDbg]: BnYrB (mBNlxASsPlOcry0dpDl8K-WgHNR5WMCMmoJ9NhpU4FY=) - function list sync
05.05.2021 13:55:54 [ZomBerryAdmin]: BnYrB (mBNlxASsPlOcry0dpDl8K-WgHNR5WMCMmoJ9NhpU4FY=) teleported to position <6233.112305, 4.920000, 9616.546875>
