---------------------------------------------
Log C:\Program Files (x86)\Steam\steamapps\common\DayZServer\myprofile\crash_2021-05-20_18-00-17.log started at 20.05. 18:49:16



------------------------------------
42MA-SERVER, 20.05 2021 18:49:16

[desync] HandleInputData man=SurvivorM_Quinn:05 CANNOT move cmd=SYNC_MOVE src={ type=GROUND item=NailBox:018465 pos=(6699.01, 39.7294, 1904.06) dir=(-0.00196844, 0.737667, -0.00196844, 0.675135) } dst={ type=CARGO item=NailBox:018465 parent=M65Jacket_Black:08604 idx=0 row=0 col=0 f=false }
Class:      'DayZPlayerInventory'
Function: 'Error'
Stack trace:
scripts/1_Core/proto\endebug.c:44
scripts/4_World/systems\inventory\dayzplayerinventory.c:608
scripts/4_World/systems\inventory\dayzplayerinventory.c:1102
scripts/4_World/systems\inventory\dayzplayerinventory.c:482

Runtime mode
CLI params: cpuCount 4 mod @42MonthsAfter;@DeerIsle;@CF;@ZomBerryAdminTools;@GameLabs;@DayZEditorLoader;@ForeverLightsandCampfires;@ModularVestSystem;@MunghardsItempack;@TeddysWeaponPack;@CodeLock;@BaseBuildingPlus;@MoreWolves;@MuchStuffPack;@CannabisPlus;@Notifications;@GAZ;@VanillaPlusPlusMap;@zSpawnSelection;@ToxicZone;@BuildAnywherev3;@BuilderItems;@MoreDoors;@MuchCarKey;@IRPLandRoverDefender110;@TrolleyKart;@EarPlugs;@AirdropUpgraded;@VendingMachine;@BattlEyePrefixRemoval;@TraderPlus; config serverDZ.cfg port 2302 noFilePatching  profiles myprofile scrAllowFileWrite  adminlog  


------------------------------------
42MA-SERVER, 20.05 2021 18:59:41
NULL pointer to instance
Class:      'DayZPlayerInventory'
Function: 'ProccessInputData'
Stack trace:
scripts/4_World/systems\inventory\dayzplayerinventory.c:546
scripts/4_World/systems\inventory\dayzplayerinventory.c:1102
scripts/4_World/systems\inventory\dayzplayerinventory.c:448

Runtime mode
CLI params: cpuCount 4 mod @42MonthsAfter;@DeerIsle;@CF;@ZomBerryAdminTools;@GameLabs;@DayZEditorLoader;@ForeverLightsandCampfires;@ModularVestSystem;@MunghardsItempack;@TeddysWeaponPack;@CodeLock;@BaseBuildingPlus;@MoreWolves;@MuchStuffPack;@CannabisPlus;@Notifications;@GAZ;@VanillaPlusPlusMap;@zSpawnSelection;@ToxicZone;@BuildAnywherev3;@BuilderItems;@MoreDoors;@MuchCarKey;@IRPLandRoverDefender110;@TrolleyKart;@EarPlugs;@AirdropUpgraded;@VendingMachine;@BattlEyePrefixRemoval;@TraderPlus; config serverDZ.cfg port 2302 noFilePatching  profiles myprofile scrAllowFileWrite  adminlog  


------------------------------------
42MA-SERVER, 20.05 2021 19:01:38
NULL pointer to instance
Class:      'DayZPlayerInventory'
Function: 'ProccessInputData'
Stack trace:
scripts/4_World/systems\inventory\dayzplayerinventory.c:546
scripts/4_World/systems\inventory\dayzplayerinventory.c:1102
scripts/4_World/systems\inventory\dayzplayerinventory.c:448

Runtime mode
CLI params: cpuCount 4 mod @42MonthsAfter;@DeerIsle;@CF;@ZomBerryAdminTools;@GameLabs;@DayZEditorLoader;@ForeverLightsandCampfires;@ModularVestSystem;@MunghardsItempack;@TeddysWeaponPack;@CodeLock;@BaseBuildingPlus;@MoreWolves;@MuchStuffPack;@CannabisPlus;@Notifications;@GAZ;@VanillaPlusPlusMap;@zSpawnSelection;@ToxicZone;@BuildAnywherev3;@BuilderItems;@MoreDoors;@MuchCarKey;@IRPLandRoverDefender110;@TrolleyKart;@EarPlugs;@AirdropUpgraded;@VendingMachine;@BattlEyePrefixRemoval;@TraderPlus; config serverDZ.cfg port 2302 noFilePatching  profiles myprofile scrAllowFileWrite  adminlog  


------------------------------------
42MA-SERVER, 20.05 2021 19:02:05

[desync] HandleInputData man=SurvivorM_Quinn:05 CANNOT move cmd=SYNC_MOVE src={ type=CARGO item=Ammo_12gaSlug:010857 parent=M65Jacket_Black:08604 idx=0 row=1 col=0 f=false } dst={ type=CARGO item=Ammo_12gaSlug:010857 parent=M65Jacket_Black:08604 idx=0 row=0 col=0 f=false }
Class:      'DayZPlayerInventory'
Function: 'Error'
Stack trace:
scripts/1_Core/proto\endebug.c:44
scripts/4_World/systems\inventory\dayzplayerinventory.c:608
scripts/4_World/systems\inventory\dayzplayerinventory.c:1102
scripts/4_World/systems\inventory\dayzplayerinventory.c:482

Runtime mode
CLI params: cpuCount 4 mod @42MonthsAfter;@DeerIsle;@CF;@ZomBerryAdminTools;@GameLabs;@DayZEditorLoader;@ForeverLightsandCampfires;@ModularVestSystem;@MunghardsItempack;@TeddysWeaponPack;@CodeLock;@BaseBuildingPlus;@MoreWolves;@MuchStuffPack;@CannabisPlus;@Notifications;@GAZ;@VanillaPlusPlusMap;@zSpawnSelection;@ToxicZone;@BuildAnywherev3;@BuilderItems;@MoreDoors;@MuchCarKey;@IRPLandRoverDefender110;@TrolleyKart;@EarPlugs;@AirdropUpgraded;@VendingMachine;@BattlEyePrefixRemoval;@TraderPlus; config serverDZ.cfg port 2302 noFilePatching  profiles myprofile scrAllowFileWrite  adminlog  


------------------------------------
42MA-SERVER, 20.05 2021 19:02:09

[desync] HandleInputData man=SurvivorM_Quinn:05 CANNOT move cmd=SYNC_MOVE src={ type=CARGO item=Ammo_12gaSlug:010857 parent=M65Jacket_Black:08604 idx=0 row=1 col=0 f=false } dst={ type=CARGO item=Ammo_12gaSlug:010857 parent=M65Jacket_Black:08604 idx=0 row=0 col=0 f=false }
Class:      'DayZPlayerInventory'
Function: 'Error'
Stack trace:
scripts/1_Core/proto\endebug.c:44
scripts/4_World/systems\inventory\dayzplayerinventory.c:608
scripts/4_World/systems\inventory\dayzplayerinventory.c:1102
scripts/4_World/systems\inventory\dayzplayerinventory.c:482

Runtime mode
CLI params: cpuCount 4 mod @42MonthsAfter;@DeerIsle;@CF;@ZomBerryAdminTools;@GameLabs;@DayZEditorLoader;@ForeverLightsandCampfires;@ModularVestSystem;@MunghardsItempack;@TeddysWeaponPack;@CodeLock;@BaseBuildingPlus;@MoreWolves;@MuchStuffPack;@CannabisPlus;@Notifications;@GAZ;@VanillaPlusPlusMap;@zSpawnSelection;@ToxicZone;@BuildAnywherev3;@BuilderItems;@MoreDoors;@MuchCarKey;@IRPLandRoverDefender110;@TrolleyKart;@EarPlugs;@AirdropUpgraded;@VendingMachine;@BattlEyePrefixRemoval;@TraderPlus; config serverDZ.cfg port 2302 noFilePatching  profiles myprofile scrAllowFileWrite  adminlog  


------------------------------------
42MA-SERVER, 20.05 2021 19:02:26

[desync] HandleInputData man=SurvivorM_Quinn:05 CANNOT move cmd=SYNC_MOVE src={ type=CARGO item=Ammo_12gaSlug:010857 parent=M65Jacket_Black:08604 idx=0 row=1 col=0 f=false } dst={ type=CARGO item=Ammo_12gaSlug:010857 parent=M65Jacket_Black:08604 idx=0 row=0 col=0 f=false }
Class:      'DayZPlayerInventory'
Function: 'Error'
Stack trace:
scripts/1_Core/proto\endebug.c:44
scripts/4_World/systems\inventory\dayzplayerinventory.c:608
scripts/4_World/systems\inventory\dayzplayerinventory.c:1102
scripts/4_World/systems\inventory\dayzplayerinventory.c:482

Runtime mode
CLI params: cpuCount 4 mod @42MonthsAfter;@DeerIsle;@CF;@ZomBerryAdminTools;@GameLabs;@DayZEditorLoader;@ForeverLightsandCampfires;@ModularVestSystem;@MunghardsItempack;@TeddysWeaponPack;@CodeLock;@BaseBuildingPlus;@MoreWolves;@MuchStuffPack;@CannabisPlus;@Notifications;@GAZ;@VanillaPlusPlusMap;@zSpawnSelection;@ToxicZone;@BuildAnywherev3;@BuilderItems;@MoreDoors;@MuchCarKey;@IRPLandRoverDefender110;@TrolleyKart;@EarPlugs;@AirdropUpgraded;@VendingMachine;@BattlEyePrefixRemoval;@TraderPlus; config serverDZ.cfg port 2302 noFilePatching  profiles myprofile scrAllowFileWrite  adminlog  


------------------------------------
42MA-SERVER, 20.05 2021 19:02:33

[desync] HandleInputData man=SurvivorM_Quinn:05 CANNOT move cmd=SYNC_MOVE src={ type=CARGO item=CanOpener:012381 parent=M65Jacket_Black:08604 idx=0 row=2 col=0 f=false } dst={ type=CARGO item=CanOpener:012381 parent=M65Jacket_Black:08604 idx=0 row=0 col=0 f=false }
Class:      'DayZPlayerInventory'
Function: 'Error'
Stack trace:
scripts/1_Core/proto\endebug.c:44
scripts/4_World/systems\inventory\dayzplayerinventory.c:608
scripts/4_World/systems\inventory\dayzplayerinventory.c:1102
scripts/4_World/systems\inventory\dayzplayerinventory.c:482

Runtime mode
CLI params: cpuCount 4 mod @42MonthsAfter;@DeerIsle;@CF;@ZomBerryAdminTools;@GameLabs;@DayZEditorLoader;@ForeverLightsandCampfires;@ModularVestSystem;@MunghardsItempack;@TeddysWeaponPack;@CodeLock;@BaseBuildingPlus;@MoreWolves;@MuchStuffPack;@CannabisPlus;@Notifications;@GAZ;@VanillaPlusPlusMap;@zSpawnSelection;@ToxicZone;@BuildAnywherev3;@BuilderItems;@MoreDoors;@MuchCarKey;@IRPLandRoverDefender110;@TrolleyKart;@EarPlugs;@AirdropUpgraded;@VendingMachine;@BattlEyePrefixRemoval;@TraderPlus; config serverDZ.cfg port 2302 noFilePatching  profiles myprofile scrAllowFileWrite  adminlog  


------------------------------------
42MA-SERVER, 20.05 2021 19:02:38

[desync] HandleInputData man=SurvivorM_Quinn:05 CANNOT move cmd=SYNC_MOVE src={ type=CARGO item=CanOpener:012381 parent=M65Jacket_Black:08604 idx=0 row=2 col=0 f=false } dst={ type=CARGO item=CanOpener:012381 parent=M65Jacket_Black:08604 idx=0 row=0 col=0 f=false }
Class:      'DayZPlayerInventory'
Function: 'Error'
Stack trace:
scripts/1_Core/proto\endebug.c:44
scripts/4_World/systems\inventory\dayzplayerinventory.c:608
scripts/4_World/systems\inventory\dayzplayerinventory.c:1102
scripts/4_World/systems\inventory\dayzplayerinventory.c:482

Runtime mode
CLI params: cpuCount 4 mod @42MonthsAfter;@DeerIsle;@CF;@ZomBerryAdminTools;@GameLabs;@DayZEditorLoader;@ForeverLightsandCampfires;@ModularVestSystem;@MunghardsItempack;@TeddysWeaponPack;@CodeLock;@BaseBuildingPlus;@MoreWolves;@MuchStuffPack;@CannabisPlus;@Notifications;@GAZ;@VanillaPlusPlusMap;@zSpawnSelection;@ToxicZone;@BuildAnywherev3;@BuilderItems;@MoreDoors;@MuchCarKey;@IRPLandRoverDefender110;@TrolleyKart;@EarPlugs;@AirdropUpgraded;@VendingMachine;@BattlEyePrefixRemoval;@TraderPlus; config serverDZ.cfg port 2302 noFilePatching  profiles myprofile scrAllowFileWrite  adminlog  


------------------------------------
42MA-SERVER, 20.05 2021 19:02:48

[desync] HandleInputData man=SurvivorM_Quinn:05 CANNOT move cmd=SYNC_MOVE src={ type=CARGO item=Canteen:09849 parent=M65Jacket_Black:08604 idx=0 row=0 col=3 f=false } dst={ type=CARGO item=Canteen:09849 parent=M65Jacket_Black:08604 idx=0 row=0 col=0 f=false }
Class:      'DayZPlayerInventory'
Function: 'Error'
Stack trace:
scripts/1_Core/proto\endebug.c:44
scripts/4_World/systems\inventory\dayzplayerinventory.c:608
scripts/4_World/systems\inventory\dayzplayerinventory.c:1102
scripts/4_World/systems\inventory\dayzplayerinventory.c:482

Runtime mode
CLI params: cpuCount 4 mod @42MonthsAfter;@DeerIsle;@CF;@ZomBerryAdminTools;@GameLabs;@DayZEditorLoader;@ForeverLightsandCampfires;@ModularVestSystem;@MunghardsItempack;@TeddysWeaponPack;@CodeLock;@BaseBuildingPlus;@MoreWolves;@MuchStuffPack;@CannabisPlus;@Notifications;@GAZ;@VanillaPlusPlusMap;@zSpawnSelection;@ToxicZone;@BuildAnywherev3;@BuilderItems;@MoreDoors;@MuchCarKey;@IRPLandRoverDefender110;@TrolleyKart;@EarPlugs;@AirdropUpgraded;@VendingMachine;@BattlEyePrefixRemoval;@TraderPlus; config serverDZ.cfg port 2302 noFilePatching  profiles myprofile scrAllowFileWrite  adminlog  


------------------------------------
42MA-SERVER, 20.05 2021 19:05:47

[desync] HandleInputData man=SurvivorM_Quinn:05 CANNOT move cmd=SYNC_MOVE src={ type=GROUND item=SpaghettiCan:016298 pos=(6702.76, 38.9573, 1906.28) dir=(0.36202, 0.607736, 0.604685, -0.365957) } dst={ type=CARGO item=SpaghettiCan:016298 parent=M65Jacket_Black:08604 idx=0 row=0 col=0 f=false }
Class:      'DayZPlayerInventory'
Function: 'Error'
Stack trace:
scripts/1_Core/proto\endebug.c:44
scripts/4_World/systems\inventory\dayzplayerinventory.c:608
scripts/4_World/systems\inventory\dayzplayerinventory.c:1102
scripts/4_World/systems\inventory\dayzplayerinventory.c:482

Runtime mode
CLI params: cpuCount 4 mod @42MonthsAfter;@DeerIsle;@CF;@ZomBerryAdminTools;@GameLabs;@DayZEditorLoader;@ForeverLightsandCampfires;@ModularVestSystem;@MunghardsItempack;@TeddysWeaponPack;@CodeLock;@BaseBuildingPlus;@MoreWolves;@MuchStuffPack;@CannabisPlus;@Notifications;@GAZ;@VanillaPlusPlusMap;@zSpawnSelection;@ToxicZone;@BuildAnywherev3;@BuilderItems;@MoreDoors;@MuchCarKey;@IRPLandRoverDefender110;@TrolleyKart;@EarPlugs;@AirdropUpgraded;@VendingMachine;@BattlEyePrefixRemoval;@TraderPlus; config serverDZ.cfg port 2302 noFilePatching  profiles myprofile scrAllowFileWrite  adminlog  


------------------------------------
42MA-SERVER, 20.05 2021 19:05:50

[desync] HandleInputData man=SurvivorM_Quinn:05 CANNOT move cmd=SYNC_MOVE src={ type=GROUND item=SpaghettiCan:017439 pos=(6703.1, 39.7131, 1906.1) dir=(0.703487, -0.706477, 0.0528267, -0.0567788) } dst={ type=CARGO item=SpaghettiCan:017439 parent=M65Jacket_Black:08604 idx=0 row=0 col=0 f=false }
Class:      'DayZPlayerInventory'
Function: 'Error'
Stack trace:
scripts/1_Core/proto\endebug.c:44
scripts/4_World/systems\inventory\dayzplayerinventory.c:608
scripts/4_World/systems\inventory\dayzplayerinventory.c:1102
scripts/4_World/systems\inventory\dayzplayerinventory.c:482

Runtime mode
CLI params: cpuCount 4 mod @42MonthsAfter;@DeerIsle;@CF;@ZomBerryAdminTools;@GameLabs;@DayZEditorLoader;@ForeverLightsandCampfires;@ModularVestSystem;@MunghardsItempack;@TeddysWeaponPack;@CodeLock;@BaseBuildingPlus;@MoreWolves;@MuchStuffPack;@CannabisPlus;@Notifications;@GAZ;@VanillaPlusPlusMap;@zSpawnSelection;@ToxicZone;@BuildAnywherev3;@BuilderItems;@MoreDoors;@MuchCarKey;@IRPLandRoverDefender110;@TrolleyKart;@EarPlugs;@AirdropUpgraded;@VendingMachine;@BattlEyePrefixRemoval;@TraderPlus; config serverDZ.cfg port 2302 noFilePatching  profiles myprofile scrAllowFileWrite  adminlog  


------------------------------------
42MA-SERVER, 20.05 2021 19:07:54

[desync] HandleInputData man=SurvivorM_Quinn:05 CANNOT move cmd=SYNC_MOVE src={ type=GROUND item=SewingKit:014061 pos=(6510.7, 32.0678, 1874.66) dir=(0.0919661, 0.703029, 0.698619, -0.095903) } dst={ type=CARGO item=SewingKit:014061 parent=M65Jacket_Black:08604 idx=0 row=0 col=0 f=false }
Class:      'DayZPlayerInventory'
Function: 'Error'
Stack trace:
scripts/1_Core/proto\endebug.c:44
scripts/4_World/systems\inventory\dayzplayerinventory.c:608
scripts/4_World/systems\inventory\dayzplayerinventory.c:1102
scripts/4_World/systems\inventory\dayzplayerinventory.c:482

Runtime mode
CLI params: cpuCount 4 mod @42MonthsAfter;@DeerIsle;@CF;@ZomBerryAdminTools;@GameLabs;@DayZEditorLoader;@ForeverLightsandCampfires;@ModularVestSystem;@MunghardsItempack;@TeddysWeaponPack;@CodeLock;@BaseBuildingPlus;@MoreWolves;@MuchStuffPack;@CannabisPlus;@Notifications;@GAZ;@VanillaPlusPlusMap;@zSpawnSelection;@ToxicZone;@BuildAnywherev3;@BuilderItems;@MoreDoors;@MuchCarKey;@IRPLandRoverDefender110;@TrolleyKart;@EarPlugs;@AirdropUpgraded;@VendingMachine;@BattlEyePrefixRemoval;@TraderPlus; config serverDZ.cfg port 2302 noFilePatching  profiles myprofile scrAllowFileWrite  adminlog  


------------------------------------
42MA-SERVER, 20.05 2021 19:07:57

[desync] HandleInputData man=SurvivorM_Quinn:05 CANNOT move cmd=SYNC_MOVE src={ type=GROUND item=SewingKit:014061 pos=(6510.7, 32.0678, 1874.66) dir=(0.0919661, 0.703029, 0.698619, -0.095903) } dst={ type=CARGO item=SewingKit:014061 parent=M65Jacket_Black:08604 idx=0 row=0 col=0 f=false }
Class:      'DayZPlayerInventory'
Function: 'Error'
Stack trace:
scripts/1_Core/proto\endebug.c:44
scripts/4_World/systems\inventory\dayzplayerinventory.c:608
scripts/4_World/systems\inventory\dayzplayerinventory.c:1102
scripts/4_World/systems\inventory\dayzplayerinventory.c:482

Runtime mode
CLI params: cpuCount 4 mod @42MonthsAfter;@DeerIsle;@CF;@ZomBerryAdminTools;@GameLabs;@DayZEditorLoader;@ForeverLightsandCampfires;@ModularVestSystem;@MunghardsItempack;@TeddysWeaponPack;@CodeLock;@BaseBuildingPlus;@MoreWolves;@MuchStuffPack;@CannabisPlus;@Notifications;@GAZ;@VanillaPlusPlusMap;@zSpawnSelection;@ToxicZone;@BuildAnywherev3;@BuilderItems;@MoreDoors;@MuchCarKey;@IRPLandRoverDefender110;@TrolleyKart;@EarPlugs;@AirdropUpgraded;@VendingMachine;@BattlEyePrefixRemoval;@TraderPlus; config serverDZ.cfg port 2302 noFilePatching  profiles myprofile scrAllowFileWrite  adminlog  


------------------------------------
42MA-SERVER, 20.05 2021 19:08:58

[desync] HandleInputData man=SurvivorM_Quinn:05 CANNOT move cmd=SYNC_MOVE src={ type=GROUND item=SparkPlug:016538 pos=(6441.2, 32.5135, 1966.67) dir=(0.573526, -0.577325, -0.412924, 0.408988) } dst={ type=CARGO item=SparkPlug:016538 parent=M65Jacket_Black:08604 idx=0 row=0 col=0 f=false }
Class:      'DayZPlayerInventory'
Function: 'Error'
Stack trace:
scripts/1_Core/proto\endebug.c:44
scripts/4_World/systems\inventory\dayzplayerinventory.c:608
scripts/4_World/systems\inventory\dayzplayerinventory.c:1102
scripts/4_World/systems\inventory\dayzplayerinventory.c:482

Runtime mode
CLI params: cpuCount 4 mod @42MonthsAfter;@DeerIsle;@CF;@ZomBerryAdminTools;@GameLabs;@DayZEditorLoader;@ForeverLightsandCampfires;@ModularVestSystem;@MunghardsItempack;@TeddysWeaponPack;@CodeLock;@BaseBuildingPlus;@MoreWolves;@MuchStuffPack;@CannabisPlus;@Notifications;@GAZ;@VanillaPlusPlusMap;@zSpawnSelection;@ToxicZone;@BuildAnywherev3;@BuilderItems;@MoreDoors;@MuchCarKey;@IRPLandRoverDefender110;@TrolleyKart;@EarPlugs;@AirdropUpgraded;@VendingMachine;@BattlEyePrefixRemoval;@TraderPlus; config serverDZ.cfg port 2302 noFilePatching  profiles myprofile scrAllowFileWrite  adminlog  


------------------------------------
42MA-SERVER, 20.05 2021 19:14:23

[desync] HandleInputData man=SurvivorM_Quinn:05 CANNOT move cmd=SYNC_MOVE src={ type=GROUND item=Fireplace:09397 pos=(6339.82, 33.7349, 1956.19) dir=(-0.00196844, 0.765148, -0.00196844, 0.643824) } dst={ type=CARGO item=Fireplace:09397 parent=M65Jacket_Black:08604 idx=0 row=0 col=0 f=false }
Class:      'DayZPlayerInventory'
Function: 'Error'
Stack trace:
scripts/1_Core/proto\endebug.c:44
scripts/4_World/systems\inventory\dayzplayerinventory.c:608
scripts/4_World/systems\inventory\dayzplayerinventory.c:1102
scripts/4_World/systems\inventory\dayzplayerinventory.c:482

Runtime mode
CLI params: cpuCount 4 mod @42MonthsAfter;@DeerIsle;@CF;@ZomBerryAdminTools;@GameLabs;@DayZEditorLoader;@ForeverLightsandCampfires;@ModularVestSystem;@MunghardsItempack;@TeddysWeaponPack;@CodeLock;@BaseBuildingPlus;@MoreWolves;@MuchStuffPack;@CannabisPlus;@Notifications;@GAZ;@VanillaPlusPlusMap;@zSpawnSelection;@ToxicZone;@BuildAnywherev3;@BuilderItems;@MoreDoors;@MuchCarKey;@IRPLandRoverDefender110;@TrolleyKart;@EarPlugs;@AirdropUpgraded;@VendingMachine;@BattlEyePrefixRemoval;@TraderPlus; config serverDZ.cfg port 2302 noFilePatching  profiles myprofile scrAllowFileWrite  adminlog  


------------------------------------
42MA-SERVER, 20.05 2021 19:18:00

[desync] HandleInputData man=SurvivorM_Quinn:05 CANNOT move cmd=SYNC_MOVE src={ type=GROUND item=CombatBoots_Beige:018298 pos=(5987.77, 58.3835, 2265.47) dir=(-0.00196844, -0.405112, -0.00196844, 0.91426) } dst={ type=CARGO item=CombatBoots_Beige:018298 parent=M65Jacket_Black:08604 idx=0 row=0 col=0 f=false }
Class:      'DayZPlayerInventory'
Function: 'Error'
Stack trace:
scripts/1_Core/proto\endebug.c:44
scripts/4_World/systems\inventory\dayzplayerinventory.c:608
scripts/4_World/systems\inventory\dayzplayerinventory.c:1102
scripts/4_World/systems\inventory\dayzplayerinventory.c:482

Runtime mode
CLI params: cpuCount 4 mod @42MonthsAfter;@DeerIsle;@CF;@ZomBerryAdminTools;@GameLabs;@DayZEditorLoader;@ForeverLightsandCampfires;@ModularVestSystem;@MunghardsItempack;@TeddysWeaponPack;@CodeLock;@BaseBuildingPlus;@MoreWolves;@MuchStuffPack;@CannabisPlus;@Notifications;@GAZ;@VanillaPlusPlusMap;@zSpawnSelection;@ToxicZone;@BuildAnywherev3;@BuilderItems;@MoreDoors;@MuchCarKey;@IRPLandRoverDefender110;@TrolleyKart;@EarPlugs;@AirdropUpgraded;@VendingMachine;@BattlEyePrefixRemoval;@TraderPlus; config serverDZ.cfg port 2302 noFilePatching  profiles myprofile scrAllowFileWrite  adminlog  


------------------------------------
42MA-SERVER, 20.05 2021 19:21:37

[desync] HandleInputData man=SurvivorM_Quinn:05 CANNOT move cmd=SYNC_MOVE src={ type=GROUND item=Lard:028013 pos=(5806.32, 72.8237, 2400.22) dir=(-0.00196844, 0.303319, -0.00196844, 0.95288) } dst={ type=CARGO item=Lard:028013 parent=M65Jacket_Black:08604 idx=0 row=0 col=0 f=false }
Class:      'DayZPlayerInventory'
Function: 'Error'
Stack trace:
scripts/1_Core/proto\endebug.c:44
scripts/4_World/systems\inventory\dayzplayerinventory.c:608
scripts/4_World/systems\inventory\dayzplayerinventory.c:1102
scripts/4_World/systems\inventory\dayzplayerinventory.c:482

Runtime mode
CLI params: cpuCount 4 mod @42MonthsAfter;@DeerIsle;@CF;@ZomBerryAdminTools;@GameLabs;@DayZEditorLoader;@ForeverLightsandCampfires;@ModularVestSystem;@MunghardsItempack;@TeddysWeaponPack;@CodeLock;@BaseBuildingPlus;@MoreWolves;@MuchStuffPack;@CannabisPlus;@Notifications;@GAZ;@VanillaPlusPlusMap;@zSpawnSelection;@ToxicZone;@BuildAnywherev3;@BuilderItems;@MoreDoors;@MuchCarKey;@IRPLandRoverDefender110;@TrolleyKart;@EarPlugs;@AirdropUpgraded;@VendingMachine;@BattlEyePrefixRemoval;@TraderPlus; config serverDZ.cfg port 2302 noFilePatching  profiles myprofile scrAllowFileWrite  adminlog  


------------------------------------
42MA-SERVER, 20.05 2021 19:21:41

[desync] HandleInputData man=SurvivorM_Quinn:05 CANNOT move cmd=SYNC_MOVE src={ type=GROUND item=Lard:028013 pos=(5806.32, 72.8237, 2400.22) dir=(-0.00196844, 0.303319, -0.00196844, 0.95288) } dst={ type=CARGO item=Lard:028013 parent=M65Jacket_Black:08604 idx=0 row=0 col=0 f=false }
Class:      'DayZPlayerInventory'
Function: 'Error'
Stack trace:
scripts/1_Core/proto\endebug.c:44
scripts/4_World/systems\inventory\dayzplayerinventory.c:608
scripts/4_World/systems\inventory\dayzplayerinventory.c:1102
scripts/4_World/systems\inventory\dayzplayerinventory.c:482

Runtime mode
CLI params: cpuCount 4 mod @42MonthsAfter;@DeerIsle;@CF;@ZomBerryAdminTools;@GameLabs;@DayZEditorLoader;@ForeverLightsandCampfires;@ModularVestSystem;@MunghardsItempack;@TeddysWeaponPack;@CodeLock;@BaseBuildingPlus;@MoreWolves;@MuchStuffPack;@CannabisPlus;@Notifications;@GAZ;@VanillaPlusPlusMap;@zSpawnSelection;@ToxicZone;@BuildAnywherev3;@BuilderItems;@MoreDoors;@MuchCarKey;@IRPLandRoverDefender110;@TrolleyKart;@EarPlugs;@AirdropUpgraded;@VendingMachine;@BattlEyePrefixRemoval;@TraderPlus; config serverDZ.cfg port 2302 noFilePatching  profiles myprofile scrAllowFileWrite  adminlog  


------------------------------------
42MA-SERVER, 20.05 2021 19:21:45

[desync] HandleInputData man=SurvivorM_Quinn:05 CANNOT move cmd=SYNC_MOVE src={ type=GROUND item=DeerSteakMeat:025720 pos=(5806.88, 72.8526, 2399.59) dir=(-0.00196844, -0.706477, -0.00196844, 0.707744) } dst={ type=CARGO item=DeerSteakMeat:025720 parent=M65Jacket_Black:08604 idx=0 row=0 col=0 f=false }
Class:      'DayZPlayerInventory'
Function: 'Error'
Stack trace:
scripts/1_Core/proto\endebug.c:44
scripts/4_World/systems\inventory\dayzplayerinventory.c:608
scripts/4_World/systems\inventory\dayzplayerinventory.c:1102
scripts/4_World/systems\inventory\dayzplayerinventory.c:482

Runtime mode
CLI params: cpuCount 4 mod @42MonthsAfter;@DeerIsle;@CF;@ZomBerryAdminTools;@GameLabs;@DayZEditorLoader;@ForeverLightsandCampfires;@ModularVestSystem;@MunghardsItempack;@TeddysWeaponPack;@CodeLock;@BaseBuildingPlus;@MoreWolves;@MuchStuffPack;@CannabisPlus;@Notifications;@GAZ;@VanillaPlusPlusMap;@zSpawnSelection;@ToxicZone;@BuildAnywherev3;@BuilderItems;@MoreDoors;@MuchCarKey;@IRPLandRoverDefender110;@TrolleyKart;@EarPlugs;@AirdropUpgraded;@VendingMachine;@BattlEyePrefixRemoval;@TraderPlus; config serverDZ.cfg port 2302 noFilePatching  profiles myprofile scrAllowFileWrite  adminlog  


------------------------------------
42MA-SERVER, 20.05 2021 19:21:49

[desync] HandleInputData man=SurvivorM_Quinn:05 CANNOT move cmd=SYNC_MOVE src={ type=GROUND item=DeerSteakMeat:023314 pos=(5807.27, 72.8319, 2400.31) dir=(0.799405, -0.00196844, -0.600793, -0.00196844) } dst={ type=CARGO item=DeerSteakMeat:023314 parent=M65Jacket_Black:08604 idx=0 row=0 col=0 f=false }
Class:      'DayZPlayerInventory'
Function: 'Error'
Stack trace:
scripts/1_Core/proto\endebug.c:44
scripts/4_World/systems\inventory\dayzplayerinventory.c:608
scripts/4_World/systems\inventory\dayzplayerinventory.c:1102
scripts/4_World/systems\inventory\dayzplayerinventory.c:482

Runtime mode
CLI params: cpuCount 4 mod @42MonthsAfter;@DeerIsle;@CF;@ZomBerryAdminTools;@GameLabs;@DayZEditorLoader;@ForeverLightsandCampfires;@ModularVestSystem;@MunghardsItempack;@TeddysWeaponPack;@CodeLock;@BaseBuildingPlus;@MoreWolves;@MuchStuffPack;@CannabisPlus;@Notifications;@GAZ;@VanillaPlusPlusMap;@zSpawnSelection;@ToxicZone;@BuildAnywherev3;@BuilderItems;@MoreDoors;@MuchCarKey;@IRPLandRoverDefender110;@TrolleyKart;@EarPlugs;@AirdropUpgraded;@VendingMachine;@BattlEyePrefixRemoval;@TraderPlus; config serverDZ.cfg port 2302 noFilePatching  profiles myprofile scrAllowFileWrite  adminlog  


------------------------------------
42MA-SERVER, 20.05 2021 19:34:05

[desync] HandleInputData man=SurvivorM_Quinn:05 CANNOT move cmd=SYNC_MOVE src={ type=GROUND item=Ammo_12gaSlug:012017 pos=(6700.64, 3.46528, 1505.87) dir=(-0.00196844, -0.0137179, -0.00196844, 0.999893) } dst={ type=CARGO item=Ammo_12gaSlug:012017 parent=M65Jacket_Black:08604 idx=0 row=0 col=0 f=false }
Class:      'DayZPlayerInventory'
Function: 'Error'
Stack trace:
scripts/1_Core/proto\endebug.c:44
scripts/4_World/systems\inventory\dayzplayerinventory.c:608
scripts/4_World/systems\inventory\dayzplayerinventory.c:1102
scripts/4_World/systems\inventory\dayzplayerinventory.c:482

Runtime mode
CLI params: cpuCount 4 mod @42MonthsAfter;@DeerIsle;@CF;@ZomBerryAdminTools;@GameLabs;@DayZEditorLoader;@ForeverLightsandCampfires;@ModularVestSystem;@MunghardsItempack;@TeddysWeaponPack;@CodeLock;@BaseBuildingPlus;@MoreWolves;@MuchStuffPack;@CannabisPlus;@Notifications;@GAZ;@VanillaPlusPlusMap;@zSpawnSelection;@ToxicZone;@BuildAnywherev3;@BuilderItems;@MoreDoors;@MuchCarKey;@IRPLandRoverDefender110;@TrolleyKart;@EarPlugs;@AirdropUpgraded;@VendingMachine;@BattlEyePrefixRemoval;@TraderPlus; config serverDZ.cfg port 2302 noFilePatching  profiles myprofile scrAllowFileWrite  adminlog  


------------------------------------
42MA-SERVER, 20.05 2021 19:35:13

[desync] HandleInputData man=SurvivorM_Quinn:05 CANNOT move cmd=SYNC_MOVE src={ type=GROUND item=HandSaw:016698 pos=(6749.82, 3.83957, 1437.1) dir=(-0.487297, 0.513817, 0.514672, 0.48336) } dst={ type=CARGO item=HandSaw:016698 parent=M65Jacket_Black:08604 idx=0 row=0 col=0 f=false }
Class:      'DayZPlayerInventory'
Function: 'Error'
Stack trace:
scripts/1_Core/proto\endebug.c:44
scripts/4_World/systems\inventory\dayzplayerinventory.c:608
scripts/4_World/systems\inventory\dayzplayerinventory.c:1102
scripts/4_World/systems\inventory\dayzplayerinventory.c:482

Runtime mode
CLI params: cpuCount 4 mod @42MonthsAfter;@DeerIsle;@CF;@ZomBerryAdminTools;@GameLabs;@DayZEditorLoader;@ForeverLightsandCampfires;@ModularVestSystem;@MunghardsItempack;@TeddysWeaponPack;@CodeLock;@BaseBuildingPlus;@MoreWolves;@MuchStuffPack;@CannabisPlus;@Notifications;@GAZ;@VanillaPlusPlusMap;@zSpawnSelection;@ToxicZone;@BuildAnywherev3;@BuilderItems;@MoreDoors;@MuchCarKey;@IRPLandRoverDefender110;@TrolleyKart;@EarPlugs;@AirdropUpgraded;@VendingMachine;@BattlEyePrefixRemoval;@TraderPlus; config serverDZ.cfg port 2302 noFilePatching  profiles myprofile scrAllowFileWrite  adminlog  


------------------------------------
42MA-SERVER, 20.05 2021 19:36:31

[desync] HandleInputData man=SurvivorM_Quinn:05 CANNOT move cmd=SYNC_MOVE src={ type=GROUND item=VitaminBottle:016968 pos=(6799.23, 3.00426, 1356.28) dir=(-0.00196844, 0.87541, -0.00196844, 0.48336) } dst={ type=CARGO item=VitaminBottle:016968 parent=M65Jacket_Black:08604 idx=0 row=0 col=0 f=false }
Class:      'DayZPlayerInventory'
Function: 'Error'
Stack trace:
scripts/1_Core/proto\endebug.c:44
scripts/4_World/systems\inventory\dayzplayerinventory.c:608
scripts/4_World/systems\inventory\dayzplayerinventory.c:1102
scripts/4_World/systems\inventory\dayzplayerinventory.c:482

Runtime mode
CLI params: cpuCount 4 mod @42MonthsAfter;@DeerIsle;@CF;@ZomBerryAdminTools;@GameLabs;@DayZEditorLoader;@ForeverLightsandCampfires;@ModularVestSystem;@MunghardsItempack;@TeddysWeaponPack;@CodeLock;@BaseBuildingPlus;@MoreWolves;@MuchStuffPack;@CannabisPlus;@Notifications;@GAZ;@VanillaPlusPlusMap;@zSpawnSelection;@ToxicZone;@BuildAnywherev3;@BuilderItems;@MoreDoors;@MuchCarKey;@IRPLandRoverDefender110;@TrolleyKart;@EarPlugs;@AirdropUpgraded;@VendingMachine;@BattlEyePrefixRemoval;@TraderPlus; config serverDZ.cfg port 2302 noFilePatching  profiles myprofile scrAllowFileWrite  adminlog  


------------------------------------
42MA-SERVER, 20.05 2021 19:40:37

[desync] HandleInputData man=SurvivorM_Quinn:05 CANNOT move cmd=SYNC_MOVE src={ type=GROUND item=Marmalade:06660 pos=(6655.04, 3.69856, 1334.67) dir=(-0.00196844, 0.428565, -0.00196844, 0.903502) } dst={ type=CARGO item=Marmalade:06660 parent=M65Jacket_Black:08604 idx=0 row=0 col=0 f=false }
Class:      'DayZPlayerInventory'
Function: 'Error'
Stack trace:
scripts/1_Core/proto\endebug.c:44
scripts/4_World/systems\inventory\dayzplayerinventory.c:608
scripts/4_World/systems\inventory\dayzplayerinventory.c:1102
scripts/4_World/systems\inventory\dayzplayerinventory.c:482

Runtime mode
CLI params: cpuCount 4 mod @42MonthsAfter;@DeerIsle;@CF;@ZomBerryAdminTools;@GameLabs;@DayZEditorLoader;@ForeverLightsandCampfires;@ModularVestSystem;@MunghardsItempack;@TeddysWeaponPack;@CodeLock;@BaseBuildingPlus;@MoreWolves;@MuchStuffPack;@CannabisPlus;@Notifications;@GAZ;@VanillaPlusPlusMap;@zSpawnSelection;@ToxicZone;@BuildAnywherev3;@BuilderItems;@MoreDoors;@MuchCarKey;@IRPLandRoverDefender110;@TrolleyKart;@EarPlugs;@AirdropUpgraded;@VendingMachine;@BattlEyePrefixRemoval;@TraderPlus; config serverDZ.cfg port 2302 noFilePatching  profiles myprofile scrAllowFileWrite  adminlog  


------------------------------------
42MA-SERVER, 20.05 2021 19:41:06

[desync] HandleInputData man=SurvivorM_Quinn:05 CANNOT move cmd=SYNC_MOVE src={ type=GROUND item=TunaCan:015424 pos=(6630.01, 3.44316, 1334.47) dir=(0.999832, -0.00196844, -0.0176242, -0.00196844) } dst={ type=CARGO item=TunaCan:015424 parent=M65Jacket_Black:08604 idx=0 row=0 col=0 f=false }
Class:      'DayZPlayerInventory'
Function: 'Error'
Stack trace:
scripts/1_Core/proto\endebug.c:44
scripts/4_World/systems\inventory\dayzplayerinventory.c:608
scripts/4_World/systems\inventory\dayzplayerinventory.c:1102
scripts/4_World/systems\inventory\dayzplayerinventory.c:482

Runtime mode
CLI params: cpuCount 4 mod @42MonthsAfter;@DeerIsle;@CF;@ZomBerryAdminTools;@GameLabs;@DayZEditorLoader;@ForeverLightsandCampfires;@ModularVestSystem;@MunghardsItempack;@TeddysWeaponPack;@CodeLock;@BaseBuildingPlus;@MoreWolves;@MuchStuffPack;@CannabisPlus;@Notifications;@GAZ;@VanillaPlusPlusMap;@zSpawnSelection;@ToxicZone;@BuildAnywherev3;@BuilderItems;@MoreDoors;@MuchCarKey;@IRPLandRoverDefender110;@TrolleyKart;@EarPlugs;@AirdropUpgraded;@VendingMachine;@BattlEyePrefixRemoval;@TraderPlus; config serverDZ.cfg port 2302 noFilePatching  profiles myprofile scrAllowFileWrite  adminlog  


------------------------------------
42MA-SERVER, 20.05 2021 19:54:25

[desync] HandleInputData man=SurvivorM_Quinn:05 CANNOT move cmd=SYNC_MOVE src={ type=GROUND item=LandMineTrap:017437 pos=(5497.46, 6.91696, 1083.85) dir=(-0.00196844, 0.365942, -0.00196844, 0.930617) } dst={ type=CARGO item=LandMineTrap:017437 parent=M65Jacket_Black:08604 idx=0 row=0 col=0 f=false }
Class:      'DayZPlayerInventory'
Function: 'Error'
Stack trace:
scripts/1_Core/proto\endebug.c:44
scripts/4_World/systems\inventory\dayzplayerinventory.c:608
scripts/4_World/systems\inventory\dayzplayerinventory.c:1102
scripts/4_World/systems\inventory\dayzplayerinventory.c:482

Runtime mode
CLI params: cpuCount 4 mod @42MonthsAfter;@DeerIsle;@CF;@ZomBerryAdminTools;@GameLabs;@DayZEditorLoader;@ForeverLightsandCampfires;@ModularVestSystem;@MunghardsItempack;@TeddysWeaponPack;@CodeLock;@BaseBuildingPlus;@MoreWolves;@MuchStuffPack;@CannabisPlus;@Notifications;@GAZ;@VanillaPlusPlusMap;@zSpawnSelection;@ToxicZone;@BuildAnywherev3;@BuilderItems;@MoreDoors;@MuchCarKey;@IRPLandRoverDefender110;@TrolleyKart;@EarPlugs;@AirdropUpgraded;@VendingMachine;@BattlEyePrefixRemoval;@TraderPlus; config serverDZ.cfg port 2302 noFilePatching  profiles myprofile scrAllowFileWrite  adminlog  


------------------------------------
42MA-SERVER, 20.05 2021 19:54:31

[desync] HandleInputData man=SurvivorM_Quinn:05 CANNOT move cmd=SYNC_MOVE src={ type=GROUND item=LandMineTrap:017437 pos=(5497.46, 6.91696, 1083.85) dir=(-0.00196844, 0.365942, -0.00196844, 0.930617) } dst={ type=CARGO item=LandMineTrap:017437 parent=M65Jacket_Black:08604 idx=0 row=0 col=0 f=false }
Class:      'DayZPlayerInventory'
Function: 'Error'
Stack trace:
scripts/1_Core/proto\endebug.c:44
scripts/4_World/systems\inventory\dayzplayerinventory.c:608
scripts/4_World/systems\inventory\dayzplayerinventory.c:1102
scripts/4_World/systems\inventory\dayzplayerinventory.c:482

Runtime mode
CLI params: cpuCount 4 mod @42MonthsAfter;@DeerIsle;@CF;@ZomBerryAdminTools;@GameLabs;@DayZEditorLoader;@ForeverLightsandCampfires;@ModularVestSystem;@MunghardsItempack;@TeddysWeaponPack;@CodeLock;@BaseBuildingPlus;@MoreWolves;@MuchStuffPack;@CannabisPlus;@Notifications;@GAZ;@VanillaPlusPlusMap;@zSpawnSelection;@ToxicZone;@BuildAnywherev3;@BuilderItems;@MoreDoors;@MuchCarKey;@IRPLandRoverDefender110;@TrolleyKart;@EarPlugs;@AirdropUpgraded;@VendingMachine;@BattlEyePrefixRemoval;@TraderPlus; config serverDZ.cfg port 2302 noFilePatching  profiles myprofile scrAllowFileWrite  adminlog  


------------------------------------
42MA-SERVER, 20.05 2021 19:54:37

[desync] HandleInputData man=SurvivorM_Quinn:05 CANNOT move cmd=SYNC_MOVE src={ type=GROUND item=LandMineTrap:017437 pos=(5497.46, 6.91696, 1083.85) dir=(-0.00196844, 0.365942, -0.00196844, 0.930617) } dst={ type=CARGO item=LandMineTrap:017437 parent=M65Jacket_Black:08604 idx=0 row=0 col=0 f=false }
Class:      'DayZPlayerInventory'
Function: 'Error'
Stack trace:
scripts/1_Core/proto\endebug.c:44
scripts/4_World/systems\inventory\dayzplayerinventory.c:608
scripts/4_World/systems\inventory\dayzplayerinventory.c:1102
scripts/4_World/systems\inventory\dayzplayerinventory.c:482

Runtime mode
CLI params: cpuCount 4 mod @42MonthsAfter;@DeerIsle;@CF;@ZomBerryAdminTools;@GameLabs;@DayZEditorLoader;@ForeverLightsandCampfires;@ModularVestSystem;@MunghardsItempack;@TeddysWeaponPack;@CodeLock;@BaseBuildingPlus;@MoreWolves;@MuchStuffPack;@CannabisPlus;@Notifications;@GAZ;@VanillaPlusPlusMap;@zSpawnSelection;@ToxicZone;@BuildAnywherev3;@BuilderItems;@MoreDoors;@MuchCarKey;@IRPLandRoverDefender110;@TrolleyKart;@EarPlugs;@AirdropUpgraded;@VendingMachine;@BattlEyePrefixRemoval;@TraderPlus; config serverDZ.cfg port 2302 noFilePatching  profiles myprofile scrAllowFileWrite  adminlog  


------------------------------------
42MA-SERVER, 20.05 2021 20:00:11

[desync] HandleInputData man=SurvivorM_Quinn:05 CANNOT move cmd=SYNC_MOVE src={ type=CARGO item=SewingKit:017047 parent=MVS_Magazine_Pouch_Snow:017621 idx=0 row=0 col=1 f=false } dst={ type=CARGO item=SewingKit:017047 parent=M65Jacket_Black:08604 idx=0 row=0 col=0 f=false }
Class:      'DayZPlayerInventory'
Function: 'Error'
Stack trace:
scripts/1_Core/proto\endebug.c:44
scripts/4_World/systems\inventory\dayzplayerinventory.c:608
scripts/4_World/systems\inventory\dayzplayerinventory.c:1102
scripts/4_World/systems\inventory\dayzplayerinventory.c:482

Runtime mode
CLI params: cpuCount 4 mod @42MonthsAfter;@DeerIsle;@CF;@ZomBerryAdminTools;@GameLabs;@DayZEditorLoader;@ForeverLightsandCampfires;@ModularVestSystem;@MunghardsItempack;@TeddysWeaponPack;@CodeLock;@BaseBuildingPlus;@MoreWolves;@MuchStuffPack;@CannabisPlus;@Notifications;@GAZ;@VanillaPlusPlusMap;@zSpawnSelection;@ToxicZone;@BuildAnywherev3;@BuilderItems;@MoreDoors;@MuchCarKey;@IRPLandRoverDefender110;@TrolleyKart;@EarPlugs;@AirdropUpgraded;@VendingMachine;@BattlEyePrefixRemoval;@TraderPlus; config serverDZ.cfg port 2302 noFilePatching  profiles myprofile scrAllowFileWrite  adminlog  


------------------------------------
42MA-SERVER, 20.05 2021 20:00:17

[desync] HandleInputData man=SurvivorM_Quinn:05 CANNOT move cmd=SYNC_MOVE src={ type=CARGO item=SewingKit:017047 parent=MVS_Magazine_Pouch_Snow:017621 idx=0 row=0 col=1 f=false } dst={ type=CARGO item=SewingKit:017047 parent=M65Jacket_Black:08604 idx=0 row=0 col=0 f=false }
Class:      'DayZPlayerInventory'
Function: 'Error'
Stack trace:
scripts/1_Core/proto\endebug.c:44
scripts/4_World/systems\inventory\dayzplayerinventory.c:608
scripts/4_World/systems\inventory\dayzplayerinventory.c:1102
scripts/4_World/systems\inventory\dayzplayerinventory.c:482

Runtime mode
CLI params: cpuCount 4 mod @42MonthsAfter;@DeerIsle;@CF;@ZomBerryAdminTools;@GameLabs;@DayZEditorLoader;@ForeverLightsandCampfires;@ModularVestSystem;@MunghardsItempack;@TeddysWeaponPack;@CodeLock;@BaseBuildingPlus;@MoreWolves;@MuchStuffPack;@CannabisPlus;@Notifications;@GAZ;@VanillaPlusPlusMap;@zSpawnSelection;@ToxicZone;@BuildAnywherev3;@BuilderItems;@MoreDoors;@MuchCarKey;@IRPLandRoverDefender110;@TrolleyKart;@EarPlugs;@AirdropUpgraded;@VendingMachine;@BattlEyePrefixRemoval;@TraderPlus; config serverDZ.cfg port 2302 noFilePatching  profiles myprofile scrAllowFileWrite  adminlog  


------------------------------------
42MA-SERVER, 20.05 2021 23:58:58
NULL pointer to instance
Class:      'CodeLockLogger'
Function: 'WriteLog'
Stack trace:
CodeLock/scripts/4_world/pluginmanager\pluginbase\logger\codelocklogger.c:84
CodeLock/scripts/4_world/actions\singleuse\actionattachcodelocktofence.c:48
scripts/4_World/classes\useractionscomponent\animatedactionbase.c:205
scripts/4_World/classes\useractionscomponent\actions\actionsingleusebase.c:15

Runtime mode
CLI params: cpuCount 4 mod @42MonthsAfter;@DeerIsle;@CF;@ZomBerryAdminTools;@GameLabs;@DayZEditorLoader;@ForeverLightsandCampfires;@ModularVestSystem;@MunghardsItempack;@TeddysWeaponPack;@CodeLock;@BaseBuildingPlus;@MoreWolves;@MuchStuffPack;@CannabisPlus;@Notifications;@GAZ;@VanillaPlusPlusMap;@zSpawnSelection;@ToxicZone;@BuildAnywherev3;@BuilderItems;@MoreDoors;@MuchCarKey;@IRPLandRoverDefender110;@TrolleyKart;@EarPlugs;@AirdropUpgraded;@VendingMachine;@BattlEyePrefixRemoval;@TraderPlus; config serverDZ.cfg port 2302 noFilePatching  profiles myprofile scrAllowFileWrite  adminlog  
