---------------------------------------------
Log C:\Program Files (x86)\Steam\steamapps\common\DayZServer\myprofile\crash_2021-04-26_00-01-05.log started at 26.04. 03:59:18



------------------------------------
42MA-SERVER, 26.04 2021 03:59:18
[DamageSystemData::GetMaxHealth] :: [Hatchback_02_Blue] :: Could not find zone "Radiator"
Class:      'Hatchback_02_Blue'
Entity id:2252793

Function: 'EEItemDetached'
Stack trace:
scripts/4_World/entities\vehicles\carscript.c:449

Runtime mode
CLI params: cpuCount 4 mod @42MonthsAfter;@DeerIsle;@CF;@ZomBerryAdminTools;@CodeLock;@BuilderItems;@BuildAnywhere_v3;@Ear-Plugs;@BaseBuildingPlus;@DayZEditorLoader;@IRPLandRoverDefender110;@TeddysWeaponPack;@CannabisPlus;@ModularVestSystem;@VanillaPlusPlusMap;@VendingMachine;@TraderPlus; config serverDZ.cfg port 2302 noFilePatching  profiles myprofile scrAllowFileWrite  adminlog  


------------------------------------
42MA-SERVER, 26.04 2021 05:23:45

[desync] HandleInputData man=SurvivorM_Cyril:02 CANNOT move cmd=SYNC_MOVE src={ type=GROUND item=AmmoBox_762x39_20Rnd:07889 pos=(2441.74, 24.2203, 3377.89) dir=(0.659541, -0.244648, -0.244648, -0.667323) } dst={ type=CARGO item=AmmoBox_762x39_20Rnd:07889 parent=MVS_Magazine_Pouch_ERDL:05919 idx=0 row=0 col=4 f=false }
Class:      'DayZPlayerInventory'
Function: 'Error'
Stack trace:
scripts/1_Core/proto\endebug.c:44
scripts/4_World/systems\inventory\dayzplayerinventory.c:608
scripts/4_World/systems\inventory\dayzplayerinventory.c:1102
scripts/4_World/systems\inventory\dayzplayerinventory.c:482

Runtime mode
CLI params: cpuCount 4 mod @42MonthsAfter;@DeerIsle;@CF;@ZomBerryAdminTools;@CodeLock;@BuilderItems;@BuildAnywhere_v3;@Ear-Plugs;@BaseBuildingPlus;@DayZEditorLoader;@IRPLandRoverDefender110;@TeddysWeaponPack;@CannabisPlus;@ModularVestSystem;@VanillaPlusPlusMap;@VendingMachine;@TraderPlus; config serverDZ.cfg port 2302 noFilePatching  profiles myprofile scrAllowFileWrite  adminlog  


------------------------------------
42MA-SERVER, 26.04 2021 05:23:50

[desync] HandleInputData man=SurvivorM_Cyril:02 CANNOT move cmd=SYNC_MOVE src={ type=GROUND item=AmmoBox_9x19_25rnd:09341 pos=(2442.11, 23.4231, 3378.71) dir=(0.135027, 0.693462, -0.694728, 0.135027) } dst={ type=CARGO item=AmmoBox_9x19_25rnd:09341 parent=MVS_Magazine_Pouch_ERDL:05919 idx=0 row=0 col=4 f=false }
Class:      'DayZPlayerInventory'
Function: 'Error'
Stack trace:
scripts/1_Core/proto\endebug.c:44
scripts/4_World/systems\inventory\dayzplayerinventory.c:608
scripts/4_World/systems\inventory\dayzplayerinventory.c:1102
scripts/4_World/systems\inventory\dayzplayerinventory.c:482

Runtime mode
CLI params: cpuCount 4 mod @42MonthsAfter;@DeerIsle;@CF;@ZomBerryAdminTools;@CodeLock;@BuilderItems;@BuildAnywhere_v3;@Ear-Plugs;@BaseBuildingPlus;@DayZEditorLoader;@IRPLandRoverDefender110;@TeddysWeaponPack;@CannabisPlus;@ModularVestSystem;@VanillaPlusPlusMap;@VendingMachine;@TraderPlus; config serverDZ.cfg port 2302 noFilePatching  profiles myprofile scrAllowFileWrite  adminlog  


------------------------------------
42MA-SERVER, 26.04 2021 05:23:52

[desync] HandleInputData man=SurvivorM_Cyril:02 CANNOT move cmd=SYNC_MOVE src={ type=GROUND item=AmmoBox_762x54_20Rnd:05378 pos=(2441.66, 23.4167, 3377.88) dir=(0.205478, 0.676829, 0.675135, -0.2094) } dst={ type=CARGO item=AmmoBox_762x54_20Rnd:05378 parent=MVS_Magazine_Pouch_ERDL:05919 idx=0 row=0 col=4 f=false }
Class:      'DayZPlayerInventory'
Function: 'Error'
Stack trace:
scripts/1_Core/proto\endebug.c:44
scripts/4_World/systems\inventory\dayzplayerinventory.c:608
scripts/4_World/systems\inventory\dayzplayerinventory.c:1102
scripts/4_World/systems\inventory\dayzplayerinventory.c:482

Runtime mode
CLI params: cpuCount 4 mod @42MonthsAfter;@DeerIsle;@CF;@ZomBerryAdminTools;@CodeLock;@BuilderItems;@BuildAnywhere_v3;@Ear-Plugs;@BaseBuildingPlus;@DayZEditorLoader;@IRPLandRoverDefender110;@TeddysWeaponPack;@CannabisPlus;@ModularVestSystem;@VanillaPlusPlusMap;@VendingMachine;@TraderPlus; config serverDZ.cfg port 2302 noFilePatching  profiles myprofile scrAllowFileWrite  adminlog  


------------------------------------
42MA-SERVER, 26.04 2021 05:23:54

[desync] HandleInputData man=SurvivorM_Cyril:02 CANNOT move cmd=SYNC_MOVE src={ type=GROUND item=AmmoBox_9x19_25rnd:09341 pos=(2442.11, 23.4231, 3378.71) dir=(0.135027, 0.693462, -0.694728, 0.135027) } dst={ type=CARGO item=AmmoBox_9x19_25rnd:09341 parent=MVS_Magazine_Pouch_ERDL:05919 idx=0 row=0 col=4 f=false }
Class:      'DayZPlayerInventory'
Function: 'Error'
Stack trace:
scripts/1_Core/proto\endebug.c:44
scripts/4_World/systems\inventory\dayzplayerinventory.c:608
scripts/4_World/systems\inventory\dayzplayerinventory.c:1102
scripts/4_World/systems\inventory\dayzplayerinventory.c:482

Runtime mode
CLI params: cpuCount 4 mod @42MonthsAfter;@DeerIsle;@CF;@ZomBerryAdminTools;@CodeLock;@BuilderItems;@BuildAnywhere_v3;@Ear-Plugs;@BaseBuildingPlus;@DayZEditorLoader;@IRPLandRoverDefender110;@TeddysWeaponPack;@CannabisPlus;@ModularVestSystem;@VanillaPlusPlusMap;@VendingMachine;@TraderPlus; config serverDZ.cfg port 2302 noFilePatching  profiles myprofile scrAllowFileWrite  adminlog  


------------------------------------
42MA-SERVER, 26.04 2021 05:24:04

[desync] HandleInputData man=SurvivorM_Cyril:02 CANNOT move cmd=SYNC_MOVE src={ type=GROUND item=AmmoBox_762x39_20Rnd:07889 pos=(2441.74, 24.2203, 3377.89) dir=(0.659541, -0.244648, -0.244648, -0.667323) } dst={ type=CARGO item=AmmoBox_762x39_20Rnd:07889 parent=MVS_Magazine_Pouch_ERDL:05919 idx=0 row=0 col=4 f=false }
Class:      'DayZPlayerInventory'
Function: 'Error'
Stack trace:
scripts/1_Core/proto\endebug.c:44
scripts/4_World/systems\inventory\dayzplayerinventory.c:608
scripts/4_World/systems\inventory\dayzplayerinventory.c:1102
scripts/4_World/systems\inventory\dayzplayerinventory.c:482

Runtime mode
CLI params: cpuCount 4 mod @42MonthsAfter;@DeerIsle;@CF;@ZomBerryAdminTools;@CodeLock;@BuilderItems;@BuildAnywhere_v3;@Ear-Plugs;@BaseBuildingPlus;@DayZEditorLoader;@IRPLandRoverDefender110;@TeddysWeaponPack;@CannabisPlus;@ModularVestSystem;@VanillaPlusPlusMap;@VendingMachine;@TraderPlus; config serverDZ.cfg port 2302 noFilePatching  profiles myprofile scrAllowFileWrite  adminlog  


------------------------------------
42MA-SERVER, 26.04 2021 05:24:06

[desync] HandleInputData man=SurvivorM_Cyril:02 CANNOT move cmd=SYNC_MOVE src={ type=GROUND item=AmmoBox_762x39_20Rnd:07889 pos=(2441.74, 24.2203, 3377.89) dir=(0.659541, -0.244648, -0.244648, -0.667323) } dst={ type=CARGO item=AmmoBox_762x39_20Rnd:07889 parent=MVS_Magazine_Pouch_ERDL:05919 idx=0 row=0 col=4 f=false }
Class:      'DayZPlayerInventory'
Function: 'Error'
Stack trace:
scripts/1_Core/proto\endebug.c:44
scripts/4_World/systems\inventory\dayzplayerinventory.c:608
scripts/4_World/systems\inventory\dayzplayerinventory.c:1102
scripts/4_World/systems\inventory\dayzplayerinventory.c:482

Runtime mode
CLI params: cpuCount 4 mod @42MonthsAfter;@DeerIsle;@CF;@ZomBerryAdminTools;@CodeLock;@BuilderItems;@BuildAnywhere_v3;@Ear-Plugs;@BaseBuildingPlus;@DayZEditorLoader;@IRPLandRoverDefender110;@TeddysWeaponPack;@CannabisPlus;@ModularVestSystem;@VanillaPlusPlusMap;@VendingMachine;@TraderPlus; config serverDZ.cfg port 2302 noFilePatching  profiles myprofile scrAllowFileWrite  adminlog  


------------------------------------
42MA-SERVER, 26.04 2021 05:24:56

[desync] HandleInputData man=SurvivorM_Cyril:02 CANNOT move cmd=SYNC_MOVE src={ type=GROUND item=AmmoBox_762x54_20Rnd:029008 pos=(2395.09, 37.6092, 3441.89) dir=(0.0684825, 0.701091, -0.706477, 0.0684825) } dst={ type=CARGO item=AmmoBox_762x54_20Rnd:029008 parent=MVS_Magazine_Pouch_ERDL:05919 idx=0 row=0 col=4 f=false }
Class:      'DayZPlayerInventory'
Function: 'Error'
Stack trace:
scripts/1_Core/proto\endebug.c:44
scripts/4_World/systems\inventory\dayzplayerinventory.c:608
scripts/4_World/systems\inventory\dayzplayerinventory.c:1102
scripts/4_World/systems\inventory\dayzplayerinventory.c:482

Runtime mode
CLI params: cpuCount 4 mod @42MonthsAfter;@DeerIsle;@CF;@ZomBerryAdminTools;@CodeLock;@BuilderItems;@BuildAnywhere_v3;@Ear-Plugs;@BaseBuildingPlus;@DayZEditorLoader;@IRPLandRoverDefender110;@TeddysWeaponPack;@CannabisPlus;@ModularVestSystem;@VanillaPlusPlusMap;@VendingMachine;@TraderPlus; config serverDZ.cfg port 2302 noFilePatching  profiles myprofile scrAllowFileWrite  adminlog  


------------------------------------
42MA-SERVER, 26.04 2021 05:25:00

[desync] HandleInputData man=SurvivorM_Cyril:02 CANNOT move cmd=SYNC_MOVE src={ type=GROUND item=AmmoBox_762x54_20Rnd:029008 pos=(2395.09, 37.6092, 3441.89) dir=(0.0684825, 0.701091, -0.706477, 0.0684825) } dst={ type=CARGO item=AmmoBox_762x54_20Rnd:029008 parent=MVS_Magazine_Pouch_ERDL:05919 idx=0 row=0 col=4 f=false }
Class:      'DayZPlayerInventory'
Function: 'Error'
Stack trace:
scripts/1_Core/proto\endebug.c:44
scripts/4_World/systems\inventory\dayzplayerinventory.c:608
scripts/4_World/systems\inventory\dayzplayerinventory.c:1102
scripts/4_World/systems\inventory\dayzplayerinventory.c:482

Runtime mode
CLI params: cpuCount 4 mod @42MonthsAfter;@DeerIsle;@CF;@ZomBerryAdminTools;@CodeLock;@BuilderItems;@BuildAnywhere_v3;@Ear-Plugs;@BaseBuildingPlus;@DayZEditorLoader;@IRPLandRoverDefender110;@TeddysWeaponPack;@CannabisPlus;@ModularVestSystem;@VanillaPlusPlusMap;@VendingMachine;@TraderPlus; config serverDZ.cfg port 2302 noFilePatching  profiles myprofile scrAllowFileWrite  adminlog  
