---------------------------------------------
Log C:\Program Files (x86)\Steam\steamapps\common\DayZServer\myprofile\crash_2021-05-20_12-00-24.log started at 20.05. 13:42:16



------------------------------------
42MA-SERVER, 20.05 2021 13:42:16
NULL pointer to instance
Class:      'DayZPlayerInventory'
Function: 'ProccessInputData'
Stack trace:
scripts/4_World/systems\inventory\dayzplayerinventory.c:546
scripts/4_World/systems\inventory\dayzplayerinventory.c:1102
scripts/4_World/systems\inventory\dayzplayerinventory.c:448

Runtime mode
CLI params: cpuCount 4 mod @42MonthsAfter;@DeerIsle;@CF;@ZomBerryAdminTools;@GameLabs;@DayZEditorLoader;@ForeverLightsandCampfires;@ModularVestSystem;@TeddysWeaponPack;@CodeLock;@BaseBuildingPlus;@MoreWolves;@MuchStuffPack;@CannabisPlus;@Notifications;@GAZ;@VanillaPlusPlusMap;@zSpawnSelection;@ToxicZone;@BuildAnywherev3;@BuilderItems;@MoreDoors;@MuchCarKey;@IRPLandRoverDefender110;@TrolleyKart;@EarPlugs;@AirdropUpgraded;@VendingMachine;@BattlEyePrefixRemoval;@TraderPlus; config serverDZ.cfg port 2302 noFilePatching  profiles myprofile scrAllowFileWrite  adminlog  


------------------------------------
42MA-SERVER, 20.05 2021 13:42:45
NULL pointer to instance
Class:      'DayZPlayerInventory'
Function: 'ProccessInputData'
Stack trace:
scripts/4_World/systems\inventory\dayzplayerinventory.c:546
scripts/4_World/systems\inventory\dayzplayerinventory.c:1102
scripts/4_World/systems\inventory\dayzplayerinventory.c:448

Runtime mode
CLI params: cpuCount 4 mod @42MonthsAfter;@DeerIsle;@CF;@ZomBerryAdminTools;@GameLabs;@DayZEditorLoader;@ForeverLightsandCampfires;@ModularVestSystem;@TeddysWeaponPack;@CodeLock;@BaseBuildingPlus;@MoreWolves;@MuchStuffPack;@CannabisPlus;@Notifications;@GAZ;@VanillaPlusPlusMap;@zSpawnSelection;@ToxicZone;@BuildAnywherev3;@BuilderItems;@MoreDoors;@MuchCarKey;@IRPLandRoverDefender110;@TrolleyKart;@EarPlugs;@AirdropUpgraded;@VendingMachine;@BattlEyePrefixRemoval;@TraderPlus; config serverDZ.cfg port 2302 noFilePatching  profiles myprofile scrAllowFileWrite  adminlog  


------------------------------------
42MA-SERVER, 20.05 2021 13:43:17
NULL pointer to instance
Class:      'DayZPlayerInventory'
Function: 'ProccessInputData'
Stack trace:
scripts/4_World/systems\inventory\dayzplayerinventory.c:546
scripts/4_World/systems\inventory\dayzplayerinventory.c:1102
scripts/4_World/systems\inventory\dayzplayerinventory.c:448

Runtime mode
CLI params: cpuCount 4 mod @42MonthsAfter;@DeerIsle;@CF;@ZomBerryAdminTools;@GameLabs;@DayZEditorLoader;@ForeverLightsandCampfires;@ModularVestSystem;@TeddysWeaponPack;@CodeLock;@BaseBuildingPlus;@MoreWolves;@MuchStuffPack;@CannabisPlus;@Notifications;@GAZ;@VanillaPlusPlusMap;@zSpawnSelection;@ToxicZone;@BuildAnywherev3;@BuilderItems;@MoreDoors;@MuchCarKey;@IRPLandRoverDefender110;@TrolleyKart;@EarPlugs;@AirdropUpgraded;@VendingMachine;@BattlEyePrefixRemoval;@TraderPlus; config serverDZ.cfg port 2302 noFilePatching  profiles myprofile scrAllowFileWrite  adminlog  


------------------------------------
42MA-SERVER, 20.05 2021 15:19:35
[DamageSystemData::GetMaxHealth] :: [JMC_Animal_Polarbear] :: Could not find zone "Zone_Pelvis"
Class:      'ActionSkinning'
Function: 'OnFinishProgressServer'
Stack trace:
scripts/4_World/classes\useractionscomponent\actions\continuous\actionskinning.c:236
scripts/4_World/classes\useractionscomponent\actions\actioncontinuousbase.c:214
scripts/4_World/classes\useractionscomponent\actioncomponents\cacontinuousbase.c:12
scripts/4_World/classes\useractionscomponent\actioncomponents\cacontinuoustime.c:53
scripts/4_World/classes\useractionscomponent\animatedactionbase.c:66
scripts/4_World/classes\useractionscomponent\animatedactionbase.c:363
scripts/4_World/classes\useractionscomponent\actions\actioncontinuousbase.c:28

Runtime mode
CLI params: cpuCount 4 mod @42MonthsAfter;@DeerIsle;@CF;@ZomBerryAdminTools;@GameLabs;@DayZEditorLoader;@ForeverLightsandCampfires;@ModularVestSystem;@TeddysWeaponPack;@CodeLock;@BaseBuildingPlus;@MoreWolves;@MuchStuffPack;@CannabisPlus;@Notifications;@GAZ;@VanillaPlusPlusMap;@zSpawnSelection;@ToxicZone;@BuildAnywherev3;@BuilderItems;@MoreDoors;@MuchCarKey;@IRPLandRoverDefender110;@TrolleyKart;@EarPlugs;@AirdropUpgraded;@VendingMachine;@BattlEyePrefixRemoval;@TraderPlus; config serverDZ.cfg port 2302 noFilePatching  profiles myprofile scrAllowFileWrite  adminlog  


------------------------------------
42MA-SERVER, 20.05 2021 15:19:35
[DamageSystemData::GetMaxHealth] :: [JMC_Animal_Polarbear] :: Could not find zone "Zone_Pelvis"
Class:      'ActionSkinning'
Function: 'OnFinishProgressServer'
Stack trace:
scripts/4_World/classes\useractionscomponent\actions\continuous\actionskinning.c:236
scripts/4_World/classes\useractionscomponent\actions\actioncontinuousbase.c:214
scripts/4_World/classes\useractionscomponent\actioncomponents\cacontinuousbase.c:12
scripts/4_World/classes\useractionscomponent\actioncomponents\cacontinuoustime.c:53
scripts/4_World/classes\useractionscomponent\animatedactionbase.c:66
scripts/4_World/classes\useractionscomponent\animatedactionbase.c:363
scripts/4_World/classes\useractionscomponent\actions\actioncontinuousbase.c:28

Runtime mode
CLI params: cpuCount 4 mod @42MonthsAfter;@DeerIsle;@CF;@ZomBerryAdminTools;@GameLabs;@DayZEditorLoader;@ForeverLightsandCampfires;@ModularVestSystem;@TeddysWeaponPack;@CodeLock;@BaseBuildingPlus;@MoreWolves;@MuchStuffPack;@CannabisPlus;@Notifications;@GAZ;@VanillaPlusPlusMap;@zSpawnSelection;@ToxicZone;@BuildAnywherev3;@BuilderItems;@MoreDoors;@MuchCarKey;@IRPLandRoverDefender110;@TrolleyKart;@EarPlugs;@AirdropUpgraded;@VendingMachine;@BattlEyePrefixRemoval;@TraderPlus; config serverDZ.cfg port 2302 noFilePatching  profiles myprofile scrAllowFileWrite  adminlog  


------------------------------------
42MA-SERVER, 20.05 2021 16:37:09
NULL pointer to instance
Class:      'CustomMission'
Function: 'nbcClass'
Stack trace:
$CurrentDir:mpmissions\Expansion.deerisle\init.c:329
$CurrentDir:mpmissions\Expansion.deerisle\init.c:512
scripts/5_Mission/mission\missionserver.c:332
SpawnSelect/Scripts/5_Mission/missionshared.c:329
scripts/5_Mission/mission\missionserver.c:133
GameLabs/Scripts/5_Mission/Ц*ыэѕѓаеум.wss:8
JM/CF/Scripts/5_Mission/communityframework\mission\missionserver.c:18
scripts/3_Game/dayzgame.c:1355

Runtime mode
CLI params: cpuCount 4 mod @42MonthsAfter;@DeerIsle;@CF;@ZomBerryAdminTools;@GameLabs;@DayZEditorLoader;@ForeverLightsandCampfires;@ModularVestSystem;@TeddysWeaponPack;@CodeLock;@BaseBuildingPlus;@MoreWolves;@MuchStuffPack;@CannabisPlus;@Notifications;@GAZ;@VanillaPlusPlusMap;@zSpawnSelection;@ToxicZone;@BuildAnywherev3;@BuilderItems;@MoreDoors;@MuchCarKey;@IRPLandRoverDefender110;@TrolleyKart;@EarPlugs;@AirdropUpgraded;@VendingMachine;@BattlEyePrefixRemoval;@TraderPlus; config serverDZ.cfg port 2302 noFilePatching  profiles myprofile scrAllowFileWrite  adminlog  
