---------------------------------------------
Log C:\Program Files (x86)\Steam\steamapps\common\DayZServer\myprofile\crash_2021-05-22_18-00-18.log started at 22.05. 23:22:42



------------------------------------
42MA-SERVER, 22.05 2021 23:22:42

[desync] HandleInputData man=SurvivorM_Rolf:02 CANNOT move cmd=SYNC_MOVE src={ type=GROUND item=NailBox:08014 pos=(9094.2, 3.42369, 5736.91) dir=(-0.00196844, 0.993301, -0.00196844, -0.115465) } dst={ type=CARGO item=NailBox:08014 parent=MVS_CombatPants_Black:023142 idx=0 row=0 col=1 f=false }
Class:      'DayZPlayerInventory'
Function: 'Error'
Stack trace:
scripts/1_Core/proto\endebug.c:44
scripts/4_World/systems\inventory\dayzplayerinventory.c:608
scripts/4_World/systems\inventory\dayzplayerinventory.c:1102
scripts/4_World/systems\inventory\dayzplayerinventory.c:482

Runtime mode
CLI params: cpuCount 4 mod @42MonthsAfter;@DeerIsle;@CF;@ZomBerryAdminTools;@GameLabs;@DayZEditorLoader;@ForeverLightsandCampfires;@TACSATRadio;@ArmoredVehiclePack;@ModularVestSystem;@MunghardsItempack;@TeddysWeaponPack;@CodeLock;@BaseBuildingPlus;@Notes;@MoreWolves;@MuchStuffPack;@CannabisPlus;@Notifications;@GAZ;@VanillaPlusPlusMap;@zSpawnSelection;@ToxicZone;@BuildAnywherev3;@BuilderItems;@MoreDoors;@MuchCarKey;@IRPLandRoverDefender110;@TrolleyKart;@EarPlugs;@AirdropUpgraded;@VendingMachine;@BattlEyePrefixRemoval;@TraderPlus; config serverDZ.cfg port 2302 noFilePatching  profiles myprofile scrAllowFileWrite  adminlog  


------------------------------------
42MA-SERVER, 22.05 2021 23:23:02

[desync] HandleInputData man=SurvivorM_Rolf:02 CANNOT move cmd=SYNC_MOVE src={ type=CARGO item=Ammo_308Win:028374 parent=MVS_CombatPants_Black:023142 idx=0 row=0 col=3 f=false } dst={ type=CARGO item=Ammo_308Win:028374 parent=MVS_CombatPants_Black:023142 idx=0 row=0 col=1 f=false }
Class:      'DayZPlayerInventory'
Function: 'Error'
Stack trace:
scripts/1_Core/proto\endebug.c:44
scripts/4_World/systems\inventory\dayzplayerinventory.c:608
scripts/4_World/systems\inventory\dayzplayerinventory.c:1102
scripts/4_World/systems\inventory\dayzplayerinventory.c:482

Runtime mode
CLI params: cpuCount 4 mod @42MonthsAfter;@DeerIsle;@CF;@ZomBerryAdminTools;@GameLabs;@DayZEditorLoader;@ForeverLightsandCampfires;@TACSATRadio;@ArmoredVehiclePack;@ModularVestSystem;@MunghardsItempack;@TeddysWeaponPack;@CodeLock;@BaseBuildingPlus;@Notes;@MoreWolves;@MuchStuffPack;@CannabisPlus;@Notifications;@GAZ;@VanillaPlusPlusMap;@zSpawnSelection;@ToxicZone;@BuildAnywherev3;@BuilderItems;@MoreDoors;@MuchCarKey;@IRPLandRoverDefender110;@TrolleyKart;@EarPlugs;@AirdropUpgraded;@VendingMachine;@BattlEyePrefixRemoval;@TraderPlus; config serverDZ.cfg port 2302 noFilePatching  profiles myprofile scrAllowFileWrite  adminlog  


------------------------------------
42MA-SERVER, 22.05 2021 23:23:05

[desync] HandleInputData man=SurvivorM_Rolf:02 CANNOT move cmd=SYNC_MOVE src={ type=CARGO item=AmmoBox_308WinTracer_20Rnd:020013 parent=MVS_CombatShirt_Black:012994 idx=0 row=3 col=3 f=false } dst={ type=CARGO item=AmmoBox_308WinTracer_20Rnd:020013 parent=MVS_CombatPants_Black:023142 idx=0 row=0 col=1 f=false }
Class:      'DayZPlayerInventory'
Function: 'Error'
Stack trace:
scripts/1_Core/proto\endebug.c:44
scripts/4_World/systems\inventory\dayzplayerinventory.c:608
scripts/4_World/systems\inventory\dayzplayerinventory.c:1102
scripts/4_World/systems\inventory\dayzplayerinventory.c:482

Runtime mode
CLI params: cpuCount 4 mod @42MonthsAfter;@DeerIsle;@CF;@ZomBerryAdminTools;@GameLabs;@DayZEditorLoader;@ForeverLightsandCampfires;@TACSATRadio;@ArmoredVehiclePack;@ModularVestSystem;@MunghardsItempack;@TeddysWeaponPack;@CodeLock;@BaseBuildingPlus;@Notes;@MoreWolves;@MuchStuffPack;@CannabisPlus;@Notifications;@GAZ;@VanillaPlusPlusMap;@zSpawnSelection;@ToxicZone;@BuildAnywherev3;@BuilderItems;@MoreDoors;@MuchCarKey;@IRPLandRoverDefender110;@TrolleyKart;@EarPlugs;@AirdropUpgraded;@VendingMachine;@BattlEyePrefixRemoval;@TraderPlus; config serverDZ.cfg port 2302 noFilePatching  profiles myprofile scrAllowFileWrite  adminlog  


------------------------------------
42MA-SERVER, 22.05 2021 23:23:11

[desync] HandleInputData man=SurvivorM_Rolf:02 CANNOT move cmd=SYNC_MOVE src={ type=CARGO item=AmmoBox_308WinTracer_20Rnd:020013 parent=MVS_CombatShirt_Black:012994 idx=0 row=3 col=3 f=false } dst={ type=CARGO item=AmmoBox_308WinTracer_20Rnd:020013 parent=MVS_CombatPants_Black:023142 idx=0 row=0 col=1 f=false }
Class:      'DayZPlayerInventory'
Function: 'Error'
Stack trace:
scripts/1_Core/proto\endebug.c:44
scripts/4_World/systems\inventory\dayzplayerinventory.c:608
scripts/4_World/systems\inventory\dayzplayerinventory.c:1102
scripts/4_World/systems\inventory\dayzplayerinventory.c:482

Runtime mode
CLI params: cpuCount 4 mod @42MonthsAfter;@DeerIsle;@CF;@ZomBerryAdminTools;@GameLabs;@DayZEditorLoader;@ForeverLightsandCampfires;@TACSATRadio;@ArmoredVehiclePack;@ModularVestSystem;@MunghardsItempack;@TeddysWeaponPack;@CodeLock;@BaseBuildingPlus;@Notes;@MoreWolves;@MuchStuffPack;@CannabisPlus;@Notifications;@GAZ;@VanillaPlusPlusMap;@zSpawnSelection;@ToxicZone;@BuildAnywherev3;@BuilderItems;@MoreDoors;@MuchCarKey;@IRPLandRoverDefender110;@TrolleyKart;@EarPlugs;@AirdropUpgraded;@VendingMachine;@BattlEyePrefixRemoval;@TraderPlus; config serverDZ.cfg port 2302 noFilePatching  profiles myprofile scrAllowFileWrite  adminlog  


------------------------------------
42MA-SERVER, 22.05 2021 23:23:16

[desync] HandleInputData man=SurvivorM_Rolf:02 CANNOT move cmd=SYNC_MOVE src={ type=CARGO item=Ammo_308Win:028374 parent=MVS_CombatPants_Black:023142 idx=0 row=0 col=3 f=false } dst={ type=CARGO item=Ammo_308Win:028374 parent=MVS_CombatPants_Black:023142 idx=0 row=0 col=1 f=false }
Class:      'DayZPlayerInventory'
Function: 'Error'
Stack trace:
scripts/1_Core/proto\endebug.c:44
scripts/4_World/systems\inventory\dayzplayerinventory.c:608
scripts/4_World/systems\inventory\dayzplayerinventory.c:1102
scripts/4_World/systems\inventory\dayzplayerinventory.c:482

Runtime mode
CLI params: cpuCount 4 mod @42MonthsAfter;@DeerIsle;@CF;@ZomBerryAdminTools;@GameLabs;@DayZEditorLoader;@ForeverLightsandCampfires;@TACSATRadio;@ArmoredVehiclePack;@ModularVestSystem;@MunghardsItempack;@TeddysWeaponPack;@CodeLock;@BaseBuildingPlus;@Notes;@MoreWolves;@MuchStuffPack;@CannabisPlus;@Notifications;@GAZ;@VanillaPlusPlusMap;@zSpawnSelection;@ToxicZone;@BuildAnywherev3;@BuilderItems;@MoreDoors;@MuchCarKey;@IRPLandRoverDefender110;@TrolleyKart;@EarPlugs;@AirdropUpgraded;@VendingMachine;@BattlEyePrefixRemoval;@TraderPlus; config serverDZ.cfg port 2302 noFilePatching  profiles myprofile scrAllowFileWrite  adminlog  


------------------------------------
42MA-SERVER, 22.05 2021 23:23:20

[desync] HandleInputData man=SurvivorM_Rolf:02 CANNOT move cmd=SYNC_MOVE src={ type=CARGO item=TunaCan:018835 parent=MVS_CombatPants_Black:023142 idx=0 row=3 col=2 f=true } dst={ type=CARGO item=TunaCan:018835 parent=MVS_CombatPants_Black:023142 idx=0 row=0 col=1 f=false }
Class:      'DayZPlayerInventory'
Function: 'Error'
Stack trace:
scripts/1_Core/proto\endebug.c:44
scripts/4_World/systems\inventory\dayzplayerinventory.c:608
scripts/4_World/systems\inventory\dayzplayerinventory.c:1102
scripts/4_World/systems\inventory\dayzplayerinventory.c:482

Runtime mode
CLI params: cpuCount 4 mod @42MonthsAfter;@DeerIsle;@CF;@ZomBerryAdminTools;@GameLabs;@DayZEditorLoader;@ForeverLightsandCampfires;@TACSATRadio;@ArmoredVehiclePack;@ModularVestSystem;@MunghardsItempack;@TeddysWeaponPack;@CodeLock;@BaseBuildingPlus;@Notes;@MoreWolves;@MuchStuffPack;@CannabisPlus;@Notifications;@GAZ;@VanillaPlusPlusMap;@zSpawnSelection;@ToxicZone;@BuildAnywherev3;@BuilderItems;@MoreDoors;@MuchCarKey;@IRPLandRoverDefender110;@TrolleyKart;@EarPlugs;@AirdropUpgraded;@VendingMachine;@BattlEyePrefixRemoval;@TraderPlus; config serverDZ.cfg port 2302 noFilePatching  profiles myprofile scrAllowFileWrite  adminlog  
