

=====================================================================
== C:\Program Files (x86)\Steam\steamapps\common\DayZServer\DayZServer_x64.exe
== DayZServer_x64.exe  -cpuCount=4 -mod=@DeerIsle;@CF;@ZomBerryAdminTools;@BuilderItems;@TeddysWeaponPack;@CannabisPlus;@ModularVestSystem;@IRP-Land-Rover-Defender-110;@VanillaPlusPlusMap; -config=serverDZ.cfg -port=2302 -noFilePatching -profiles=myprofile -scrAllowFileWrite -adminlog
=====================================================================
Exe timestamp: 2021/04/21 17:17:53
Current time:  2021/04/24 01:38:14

Version 1.12.153862
 1:38:14.925 [Inputs] Loading inputs default "bin/constants.xml"
 1:38:14.925 [Inputs] Loading inputs default "bin/specific.xml"
 1:38:14.925 [Inputs] Loading inputs default "LBmaster_UndergroundLighting/inputsLBmaster.xml"
 1:38:14.925 [Inputs] Loading inputs default "VanillaPPMap/data/modded_Inputs.xml"
 1:38:14.925 [Inputs] Loading inputs default "ZomBerry/AT/scripts/data/inputs.xml"
 1:38:14.925 [Inputs] Loading inputs cfg "myprofile\Users\Survivor\Server.core.xml"
 1:38:14.925 !!! [Inputs] Cannot read inputs cfg "myprofile\Users\Survivor\Server.core.xml", parser error
 1:38:14.925 [Inputs] Loading inputs cfg "bin/core.xml"
 1:38:14.925 !!! [Inputs] Cannot load input preset "user", file does not exist
 1:38:14.925 [Inputs] Exporting inputs cfg "myprofile\Users\Survivor\Server.core.xml"
 1:38:28.746 [CE][Hive] :: Initializing OFFLINE
 1:38:28.746 [CE][Hive] :: Loading core data ... 
 1:38:28.746 [CE][CoreData] :: 7 root classes, 18 defaults, 0 updaters...
 1:38:32.625 [CE] :: WARNING :: Preset map "optics" is EMPTY.
 1:38:32.625 [CE][TypeSetup] :: 433 classes setuped...
 1:38:33.47 [CE][RegisterBind] :: 0 classes binded...
 1:38:33.47 [CE][RegisterConfig] :: 7500 config classes registered, 1 sub-counters...
 1:38:33.47 [CE][Hive] :: Loading map data ... 
 1:38:33.86 [CE][LoadPrototype] :: loaded 345 prototypes
 1:38:33.86   665 containers, 8761 points
 1:38:33.86   0 dispatches, 0 proxies
 1:38:33.86 !!! [CE][LoadPrototype] 7 groups have no points...
 1:38:33.86 [CE][LoadPrototype] :: last group name: Land_Garage_Tall...
 1:38:33.95 [CE][LoadPrototype] :: loaded 0 prototypes
 1:38:33.95   0 containers, 0 points
 1:38:33.95   0 dispatches, 0 proxies
 1:38:33.95 [CE][LoadPrototype] :: last group name: Rail9...
 1:38:33.835 [CE][LoadMap] "Group" :: loaded 7506 groups, largest group range: 34.0
 1:38:33.835 [CE][LoadMap] "Dirt" :: loaded 0 groups, largest group range: 34.0
 1:38:33.960 [CE][Links] found 2124 total links between groups, of 7506
 1:38:33.960 [CE][LoadClusters] "Cluster" :: Loading files...
 1:38:34.132 [CE][LoadClusters] :: file: "mapgroupcluster.xml", 9 types, 50000 instances
 1:38:34.320 [CE][LoadClusters] :: file: "mapgroupcluster01", 9 types, 50000 instances
 1:38:34.320   5940 failed - check Matrix "default" grid size !!!
 1:38:34.507 [CE][LoadClusters] :: file: "mapgroupcluster02", 9 types, 50000 instances
 1:38:34.507   12307 failed - check Matrix "default" grid size !!!
 1:38:34.572 [CE][LoadClusters] :: file: "mapgroupcluster03", 9 types, 15277 instances
 1:38:34.572   1372 failed - check Matrix "default" grid size !!!
 1:38:34.572 [CE][Storage] ver:21 stamp:8225, valid:yes, name:"mpmissions\Expansion.deerisle\storage_1\data\types.bin"
 1:38:34.587 [CE][Storage] ver:21 stamp:8201, valid:yes, name:"mpmissions\Expansion.deerisle\storage_1\data\types.001"
 1:38:34.587 [CE][Storage] ver:21 stamp:8202, valid:yes, name:"mpmissions\Expansion.deerisle\storage_1\data\types.002"
 1:38:34.587 [CE][Storage] Restoring file "mpmissions\Expansion.deerisle\storage_1\data\types.bin".
 1:38:34.666 !!! File "DZ\worlds\chernarusplus\ce\db/messages.xml" does not exist...
 1:38:34.666 !!! [CE][offlineDB] :: Failed to read messages file 'db/messages.xml'.
 1:38:34.666 !!! [CE][offlineDB] :: No Shutdown message present.
 1:38:34.666 [DynEvent] "LandRoverDefender" will be ignored :: failed to determine spawner type!
 1:38:34.666 valid types are:
 1:38:34.666   01 - Vehicle 
 1:38:34.666   02 - Static 
 1:38:34.666   03 - Loot 
 1:38:34.666   04 - Infected 
 1:38:34.666   05 - Animal 
 1:38:34.666   06 - Ambient 
 1:38:34.666   07 - Item 
 1:38:34.666   08 - Trajectory 
 1:38:34.666 [DynEvent] "LandRoverDefender" failed to initialize spawner - unknown type?!
 1:38:34.666 [CE][offlineDB] :: Loaded 42 dynamic events 249 total types 0 total positions.
 1:38:34.681 [CE][Storage] ver:21 stamp:8225, valid:yes, name:"mpmissions\Expansion.deerisle\storage_1\data\events.bin"
 1:38:34.697 [CE][Storage] ver:21 stamp:8201, valid:yes, name:"mpmissions\Expansion.deerisle\storage_1\data\events.001"
 1:38:34.697 [CE][Storage] ver:21 stamp:8202, valid:yes, name:"mpmissions\Expansion.deerisle\storage_1\data\events.002"
 1:38:34.697 [CE][Storage] Restoring file "mpmissions\Expansion.deerisle\storage_1\data\events.bin".
 1:38:34.697 [CE][DynamicEvent] Load  Events:[42] Primary spawners: 41 Secondary spawners: 1
 1:38:34.697 [CE][Storage] ver:25 stamp:8225, valid:yes, name:"mpmissions\Expansion.deerisle\storage_1\data\dynamic_000.bin"
 1:38:34.712 [CE][Storage] ver:25 stamp:8201, valid:yes, name:"mpmissions\Expansion.deerisle\storage_1\data\dynamic_000.001"
 1:38:34.712 [CE][Storage] ver:25 stamp:8202, valid:yes, name:"mpmissions\Expansion.deerisle\storage_1\data\dynamic_000.002"
 1:38:34.712 [CE][Storage] Restoring file "mpmissions\Expansion.deerisle\storage_1\data\dynamic_000.bin" 328 items.
 1:38:34.947   328 items loaded.
 1:38:34.962 [CE][Storage] ver:25 stamp:8225, valid:yes, name:"mpmissions\Expansion.deerisle\storage_1\data\dynamic_001.bin"
 1:38:34.962 [CE][Storage] ver:25 stamp:8201, valid:yes, name:"mpmissions\Expansion.deerisle\storage_1\data\dynamic_001.001"
 1:38:34.962 [CE][Storage] ver:25 stamp:8202, valid:yes, name:"mpmissions\Expansion.deerisle\storage_1\data\dynamic_001.002"
 1:38:34.962 [CE][Storage] Restoring file "mpmissions\Expansion.deerisle\storage_1\data\dynamic_001.bin" 1260 items.
 1:38:35.510   1260 items loaded.
 1:38:35.510 [CE][Storage] ver:25 stamp:8225, valid:yes, name:"mpmissions\Expansion.deerisle\storage_1\data\dynamic_002.bin"
 1:38:35.510 [CE][Storage] ver:25 stamp:8201, valid:yes, name:"mpmissions\Expansion.deerisle\storage_1\data\dynamic_002.001"
 1:38:35.526 [CE][Storage] ver:25 stamp:8202, valid:yes, name:"mpmissions\Expansion.deerisle\storage_1\data\dynamic_002.002"
 1:38:35.526 [CE][Storage] Restoring file "mpmissions\Expansion.deerisle\storage_1\data\dynamic_002.bin" 2548 items.
 1:38:36.254   2548 items loaded.
 1:38:36.254 [CE][Storage] ver:25 stamp:8225, valid:yes, name:"mpmissions\Expansion.deerisle\storage_1\data\dynamic_003.bin"
 1:38:36.254 [CE][Storage] ver:25 stamp:8201, valid:yes, name:"mpmissions\Expansion.deerisle\storage_1\data\dynamic_003.001"
 1:38:36.254 [CE][Storage] ver:25 stamp:8202, valid:yes, name:"mpmissions\Expansion.deerisle\storage_1\data\dynamic_003.002"
 1:38:36.254 [CE][Storage] Restoring file "mpmissions\Expansion.deerisle\storage_1\data\dynamic_003.bin" 3096 items.
 1:38:37.37   3096 items loaded.
 1:38:37.37 [CE][Storage] ver:25 stamp:8225, valid:yes, name:"mpmissions\Expansion.deerisle\storage_1\data\dynamic_004.bin"
 1:38:37.37 [CE][Storage] ver:25 stamp:8201, valid:yes, name:"mpmissions\Expansion.deerisle\storage_1\data\dynamic_004.001"
 1:38:37.37 [CE][Storage] ver:25 stamp:8202, valid:yes, name:"mpmissions\Expansion.deerisle\storage_1\data\dynamic_004.002"
 1:38:37.37 [CE][Storage] Restoring file "mpmissions\Expansion.deerisle\storage_1\data\dynamic_004.bin" 4876 items.
 1:38:38.193   4876 items loaded.
 1:38:38.193 [CE][Storage] ver:25 stamp:8225, valid:yes, name:"mpmissions\Expansion.deerisle\storage_1\data\dynamic_005.bin"
 1:38:38.209 [CE][Storage] ver:25 stamp:8201, valid:yes, name:"mpmissions\Expansion.deerisle\storage_1\data\dynamic_005.001"
 1:38:38.209 [CE][Storage] ver:25 stamp:8202, valid:yes, name:"mpmissions\Expansion.deerisle\storage_1\data\dynamic_005.002"
 1:38:38.209 [CE][Storage] Restoring file "mpmissions\Expansion.deerisle\storage_1\data\dynamic_005.bin" 3905 items.
 1:38:39.211   3905 items loaded.
 1:38:39.211 [CE][Storage] ver:25 stamp:8225, valid:yes, name:"mpmissions\Expansion.deerisle\storage_1\data\dynamic_006.bin"
 1:38:39.211 [CE][Storage] ver:25 stamp:8201, valid:yes, name:"mpmissions\Expansion.deerisle\storage_1\data\dynamic_006.001"
 1:38:39.211 [CE][Storage] ver:25 stamp:8202, valid:yes, name:"mpmissions\Expansion.deerisle\storage_1\data\dynamic_006.002"
 1:38:39.211 [CE][Storage] Restoring file "mpmissions\Expansion.deerisle\storage_1\data\dynamic_006.bin" 2923 items.
 1:38:39.916   2923 items loaded.
 1:38:39.916 [CE][Storage] ver:25 stamp:8225, valid:yes, name:"mpmissions\Expansion.deerisle\storage_1\data\dynamic_007.bin"
 1:38:39.916 [CE][Storage] ver:25 stamp:8201, valid:yes, name:"mpmissions\Expansion.deerisle\storage_1\data\dynamic_007.001"
 1:38:39.932 [CE][Storage] ver:25 stamp:8202, valid:yes, name:"mpmissions\Expansion.deerisle\storage_1\data\dynamic_007.002"
 1:38:39.932 [CE][Storage] Restoring file "mpmissions\Expansion.deerisle\storage_1\data\dynamic_007.bin" 2225 items.
 1:38:40.434   2225 items loaded.
 1:38:40.450 [CE][Storage] ver:25 stamp:8225, valid:yes, name:"mpmissions\Expansion.deerisle\storage_1\data\dynamic_008.bin"
 1:38:40.450 [CE][Storage] ver:25 stamp:8201, valid:yes, name:"mpmissions\Expansion.deerisle\storage_1\data\dynamic_008.001"
 1:38:40.450 [CE][Storage] ver:25 stamp:8202, valid:yes, name:"mpmissions\Expansion.deerisle\storage_1\data\dynamic_008.002"
 1:38:40.450 [CE][Storage] Restoring file "mpmissions\Expansion.deerisle\storage_1\data\dynamic_008.bin" 1131 items.
 1:38:40.751   1131 items loaded.
 1:38:40.751 [CE][Storage] ver:25 stamp:8225, valid:yes, name:"mpmissions\Expansion.deerisle\storage_1\data\dynamic_009.bin"
 1:38:40.766 [CE][Storage] ver:25 stamp:8201, valid:yes, name:"mpmissions\Expansion.deerisle\storage_1\data\dynamic_009.001"
 1:38:40.766 [CE][Storage] ver:25 stamp:8202, valid:yes, name:"mpmissions\Expansion.deerisle\storage_1\data\dynamic_009.002"
 1:38:40.766 [CE][Storage] Restoring file "mpmissions\Expansion.deerisle\storage_1\data\dynamic_009.bin" 626 items.
 1:38:40.954   626 items loaded.
 1:38:40.954 [CE][Storage] ver:25 stamp:8225, valid:yes, name:"mpmissions\Expansion.deerisle\storage_1\data\dynamic_010.bin"
 1:38:40.954 [CE][Storage] ver:25 stamp:8201, valid:yes, name:"mpmissions\Expansion.deerisle\storage_1\data\dynamic_010.001"
 1:38:40.969 [CE][Storage] ver:25 stamp:8202, valid:yes, name:"mpmissions\Expansion.deerisle\storage_1\data\dynamic_010.002"
 1:38:40.969 [CE][Storage] Restoring file "mpmissions\Expansion.deerisle\storage_1\data\dynamic_010.bin" 811 items.
 1:38:41.158   811 items loaded.
 1:38:41.158 [CE][Storage] ver:25 stamp:8225, valid:yes, name:"mpmissions\Expansion.deerisle\storage_1\data\dynamic_011.bin"
 1:38:41.173 [CE][Storage] ver:25 stamp:8201, valid:yes, name:"mpmissions\Expansion.deerisle\storage_1\data\dynamic_011.001"
 1:38:41.173 [CE][Storage] ver:25 stamp:8202, valid:yes, name:"mpmissions\Expansion.deerisle\storage_1\data\dynamic_011.002"
 1:38:41.173 [CE][Storage] Restoring file "mpmissions\Expansion.deerisle\storage_1\data\dynamic_011.bin" 0 items.
 1:38:41.173   0 items loaded.
 1:38:41.173 [CE][Storage] ver:26 stamp:8225, valid:yes, name:"mpmissions\Expansion.deerisle\storage_1\data\building.bin"
 1:38:41.173 [CE][Storage] ver:26 stamp:8201, valid:yes, name:"mpmissions\Expansion.deerisle\storage_1\data\building.001"
 1:38:41.189 [CE][Storage] ver:26 stamp:8202, valid:yes, name:"mpmissions\Expansion.deerisle\storage_1\data\building.002"
 1:38:41.189 [CE][Storage] Restoring file "mpmissions\Expansion.deerisle\storage_1\data\building.bin" 0 items.
 1:38:41.189   0 items loaded.
 1:38:41.189 [CE][Storage] ver:25 stamp:8225, valid:yes, name:"mpmissions\Expansion.deerisle\storage_1\data\vehicles.bin"
 1:38:41.189 [CE][Storage] ver:25 stamp:8201, valid:yes, name:"mpmissions\Expansion.deerisle\storage_1\data\vehicles.001"
 1:38:41.205 [CE][Storage] ver:25 stamp:8202, valid:yes, name:"mpmissions\Expansion.deerisle\storage_1\data\vehicles.002"
 1:38:41.205 [CE][Storage] Restoring file "mpmissions\Expansion.deerisle\storage_1\data\vehicles.bin" 146 items.
 1:38:42.99   146 items loaded.
 1:38:42.99 [CE][Hive] :: Storage load took:7.41 seconds, recovery stamp:8225
 1:38:42.99   entity: 26643, building: 0
 1:38:42.99   no lifetime: 37
 1:38:42.99   pathgraph's: 819
 1:38:42.99 [CE][Hive] :: Initializing ... 
 1:38:42.146 [CE][InitializeMap] :: initialized: 0
 1:38:42.146 [CE][Hive] :: Initializing spawners ... 
 1:38:43.270 [CE][LootRespawner] (PRIDummy) :: Initially (re)spawned:0, Nominal:28692, Total in Map: 23801 at 0 (sec)
 1:38:43.270   tests:0, repeats:0 fails:0, overtime:0
 1:38:43.270 [CE][DynEvent] :: 42 types
 1:38:43.270 [00] LandRoverDefender
 1:38:43.270 [01] AmbientHen
 1:38:43.270   Primary Spawner: "Ambient", active: yes, repeat: 1
 1:38:43.270 [02] AnimalBear
 1:38:43.270   Primary Spawner: "Animal", active: yes, repeat: 1
 1:38:43.270 [03] AnimalCow
 1:38:43.270   Primary Spawner: "Animal", active: yes, repeat: 1
 1:38:43.270 [04] AnimalDeer
 1:38:43.270   Primary Spawner: "Animal", active: yes, repeat: 1
 1:38:43.270 [05] AnimalGoat
 1:38:43.270   Primary Spawner: "Animal", active: yes, repeat: 1
 1:38:43.270 [06] AnimalPig
 1:38:43.270   Primary Spawner: "Animal", active: yes, repeat: 1
 1:38:43.270 [07] AnimalRoeDeer
 1:38:43.270   Primary Spawner: "Animal", active: yes, repeat: 1
 1:38:43.270 [08] AnimalSheep
 1:38:43.270   Primary Spawner: "Animal", active: yes, repeat: 1
 1:38:43.270 [09] AnimalWildBoar
 1:38:43.270   Primary Spawner: "Animal", active: yes, repeat: 1
 1:38:43.270 [10] AnimalWolf
 1:38:43.270   Primary Spawner: "Animal", active: yes, repeat: 1
 1:38:43.270 [11] InfectedArmy
 1:38:43.270   Primary Spawner: "Infected", active: yes, repeat: 1
 1:38:43.270 [12] InfectedCity
 1:38:43.270   Primary Spawner: "Infected", active: yes, repeat: 1
 1:38:43.270 [13] InfectedFirefighter
 1:38:43.270   Primary Spawner: "Infected", active: yes, repeat: 1
 1:38:43.270 [14] InfectedIndustrial
 1:38:43.270   Primary Spawner: "Infected", active: yes, repeat: 1
 1:38:43.270 [15] InfectedMedic
 1:38:43.270   Primary Spawner: "Infected", active: yes, repeat: 1
 1:38:43.270 [16] InfectedPolice
 1:38:43.270   Primary Spawner: "Infected", active: yes, repeat: 1
 1:38:43.270 [17] InfectedPrisoner
 1:38:43.270   Primary Spawner: "Infected", active: yes, repeat: 1
 1:38:43.270 [18] InfectedReligious
 1:38:43.270   Primary Spawner: "Infected", active: yes, repeat: 1
 1:38:43.270 [19] InfectedSolitude
 1:38:43.270   Primary Spawner: "Infected", active: yes, repeat: 1
 1:38:43.270 [20] InfectedVillage
 1:38:43.270   Primary Spawner: "Infected", active: yes, repeat: 1
 1:38:43.270 [21] ItemPlanks
 1:38:43.270   Primary Spawner: "Item", active: yes, repeat: 1
 1:38:43.270 [22] Loot
 1:38:43.270   Primary Spawner: "Loot", active: yes, repeat: 2
 1:38:43.270 [23] StaticHeliCrash
 1:38:43.270   Primary Spawner: "Vehicle", active: yes, repeat: 1
 1:38:43.270   Secondary Spawner: "Infected", active: yes, repeat: 1
 1:38:43.270 [24] StaticPoliceCar
 1:38:43.270   Primary Spawner: "Vehicle", active: yes, repeat: 1
 1:38:43.270 [25] TrajectoryApple
 1:38:43.270   Primary Spawner: "Trajectory", active: yes, repeat: 1
 1:38:43.270 [26] TrajectoryCanina
 1:38:43.270   Primary Spawner: "Trajectory", active: yes, repeat: 1
 1:38:43.270 [27] TrajectoryConiferous
 1:38:43.270   Primary Spawner: "Trajectory", active: yes, repeat: 1
 1:38:43.270 [28] TrajectoryDeciduous
 1:38:43.270   Primary Spawner: "Trajectory", active: yes, repeat: 1
 1:38:43.270 [29] TrajectoryHumus
 1:38:43.270   Primary Spawner: "Trajectory", active: yes, repeat: 1
 1:38:43.270 [30] TrajectoryPear
 1:38:43.270   Primary Spawner: "Trajectory", active: yes, repeat: 1
 1:38:43.270 [31] TrajectoryPlum
 1:38:43.270   Primary Spawner: "Trajectory", active: yes, repeat: 1
 1:38:43.270 [32] TrajectorySambucus
 1:38:43.270   Primary Spawner: "Trajectory", active: yes, repeat: 1
 1:38:43.270 [33] TrajectoryStones
 1:38:43.270   Primary Spawner: "Trajectory", active: yes, repeat: 1
 1:38:43.270 [34] VehicleCivilianSedan
 1:38:43.270   Primary Spawner: "Vehicle", active: yes, repeat: 1
 1:38:43.270 [35] VehicleHatchback02
 1:38:43.270   Primary Spawner: "Vehicle", active: yes, repeat: 1
 1:38:43.270 [36] VehicleOffroadHatchback
 1:38:43.270   Primary Spawner: "Vehicle", active: yes, repeat: 1
 1:38:43.270 [37] VehicleSedan02
 1:38:43.270   Primary Spawner: "Vehicle", active: yes, repeat: 1
 1:38:43.270 [38] VehicleTruck01
 1:38:43.270   Primary Spawner: "Vehicle", active: yes, repeat: 1
 1:38:43.270 [39] StaticVanPinkies
 1:38:43.270   Primary Spawner: "Vehicle", active: yes, repeat: 1
 1:38:43.270 [40] StaticVanAmbulance
 1:38:43.270   Primary Spawner: "Vehicle", active: yes, repeat: 1
 1:38:43.270 [41] StaticSkeletonEventspawn
 1:38:43.270   Primary Spawner: "Vehicle", active: yes, repeat: 1
 1:38:43.270 [CE][Hive] :: Initializing of spawners done.
 1:38:43.270 [CE][Hive] :: Init sequence finished.
 1:38:43.270 Player connect enabled
 1:38:43.867 [IdleMode] Entering IN - save processed
 1:41:07.779  --- Termination successfully completed --- 
