

=====================================================================
== C:\Program Files (x86)\Steam\steamapps\common\DayZServer\DayZServer_x64.exe
== DayZServer_x64.exe  -cpuCount=4 -mod=@42MonthsAfter;@DeerIsle;@CF;@ZomBerryAdminTools;@CannabisPlus;@MoreDrugs;@Notifications;@GAZ;@ForeverLights;@DayZEditorLoader;@VanillaPlusPlusMap;@zSpawnSelection;@GameLabs;@ToxicZone;@MuchStuffPack;@BuildAnywherev3;@BuilderItems;@Notes;@CodeLock;@BaseBuildingPlus;@MoreDoors;@PowerPoleLight;@MuchCarKey;@IRPLandRoverDefender110;@TrolleyKart;@CarCover;@EarPlugs;@TeddysWeaponPack;@ModularVestSystem;@KillFeed;@AirdropUpgraded;@VendingMachine;@BattlEyePrefixRemoval;@CustomBarrels;@TraderPlus; -config=serverDZ.cfg -port=2302 -noFilePatching -profiles=myprofile -scrAllowFileWrite -adminlog
=====================================================================
Exe timestamp: 2021/05/05 10:02:18
Current time:  2021/05/06 12:17:39

Version 1.12.153904
12:17:39.06 [Inputs] Loading inputs default "bin/constants.xml"
12:17:39.06 [Inputs] Loading inputs default "bin/specific.xml"
12:17:39.06 [Inputs] Loading inputs default "EarPlugs\data\inputs.xml"
12:17:39.06 [Inputs] Loading inputs default "KillFeed/inputs/Inputs.xml"
12:17:39.06 [Inputs] Loading inputs default "LBmaster_UndergroundLighting/inputsLBmaster.xml"
12:17:39.06 [Inputs] Loading inputs default "VanillaPPMap/data/modded_Inputs.xml"
12:17:39.06 [Inputs] Loading inputs default "ZomBerry/AT/scripts/data/inputs.xml"
12:17:39.06 [Inputs] Loading inputs default "Notifications/inputs/inputs.xml"
12:17:39.06 [Inputs] Loading inputs default "DayZEditorLoader/Scripts/Data/Inputs.xml"
12:17:39.06 [Inputs] Loading inputs default "BaseBuildingPlus/Scripts/Data/Inputs.xml"
12:17:39.06 [Inputs] Loading inputs cfg "myprofile\Users\Survivor\Server.core.xml"
12:17:39.06 !!! [Inputs] Cannot read inputs cfg "myprofile\Users\Survivor\Server.core.xml", parser error
12:17:39.06 [Inputs] Loading inputs cfg "bin/core.xml"
12:17:39.06 !!! [Inputs] Cannot load input preset "user", file does not exist
12:17:39.06 [Inputs] Exporting inputs cfg "myprofile\Users\Survivor\Server.core.xml"
12:17:51.23 [CE][Hive] :: Initializing OFFLINE
12:17:51.23 [CE][Hive] :: Loading core data ... 
12:17:51.39 [CE][CoreData] :: 7 root classes, 18 defaults, 0 updaters...
12:17:54.492 [CE] :: WARNING :: Preset map "optics" is EMPTY.
12:17:54.507 [CE][TypeSetup] :: 481 classes setuped...
12:17:55.211 [CE][RegisterBind] :: 0 classes binded...
12:17:55.211 [CE][RegisterConfig] :: 9912 config classes registered, 1 sub-counters...
12:17:55.211 [CE][Hive] :: Loading map data ... 
12:17:55.258 [CE][LoadPrototype] :: loaded 345 prototypes
12:17:55.258   665 containers, 8761 points
12:17:55.258   0 dispatches, 0 proxies
12:17:55.258 !!! [CE][LoadPrototype] 7 groups have no points...
12:17:55.258 [CE][LoadPrototype] :: last group name: Land_Garage_Tall...
12:17:55.258 [CE][LoadPrototype] :: loaded 0 prototypes
12:17:55.258   0 containers, 0 points
12:17:55.258   0 dispatches, 0 proxies
12:17:55.258 [CE][LoadPrototype] :: last group name: Rail9...
12:17:55.695 [CE][LoadMap] "Group" :: loaded 7506 groups, largest group range: 34.0
12:17:55.695 [CE][LoadMap] "Dirt" :: loaded 0 groups, largest group range: 34.0
12:17:55.804 [CE][Links] found 2124 total links between groups, of 7506
12:17:55.804 [CE][LoadClusters] "Cluster" :: Loading files...
12:17:56.06 [CE][LoadClusters] :: file: "mapgroupcluster.xml", 9 types, 50000 instances
12:17:56.225 [CE][LoadClusters] :: file: "mapgroupcluster01", 9 types, 50000 instances
12:17:56.225   5940 failed - check Matrix "default" grid size !!!
12:17:56.428 [CE][LoadClusters] :: file: "mapgroupcluster02", 9 types, 50000 instances
12:17:56.428   12307 failed - check Matrix "default" grid size !!!
12:17:56.507 [CE][LoadClusters] :: file: "mapgroupcluster03", 9 types, 15277 instances
12:17:56.507   1372 failed - check Matrix "default" grid size !!!
12:17:56.507 [CE][Storage] ver:21 stamp:3925, valid:yes, name:"mpmissions\Expansion.deerisle\storage_1\data\types.bin"
12:17:56.522 [CE][Storage] ver:21 stamp:3921, valid:yes, name:"mpmissions\Expansion.deerisle\storage_1\data\types.001"
12:17:56.538 [CE][Storage] ver:21 stamp:3898, valid:yes, name:"mpmissions\Expansion.deerisle\storage_1\data\types.002"
12:17:56.538 [CE][Storage] Restoring file "mpmissions\Expansion.deerisle\storage_1\data\types.bin".
12:17:56.663 !!! File "DZ\worlds\chernarusplus\ce\db/messages.xml" does not exist...
12:17:56.663 !!! [CE][offlineDB] :: Failed to read messages file 'db/messages.xml'.
12:17:56.663 !!! [CE][offlineDB] :: No Shutdown message present.
12:17:56.678 [DynEvent] "LandRoverDefender" will be ignored :: failed to determine spawner type!
12:17:56.678 valid types are:
12:17:56.678   01 - Vehicle 
12:17:56.678   02 - Static 
12:17:56.678   03 - Loot 
12:17:56.678   04 - Infected 
12:17:56.678   05 - Animal 
12:17:56.678   06 - Ambient 
12:17:56.678   07 - Item 
12:17:56.678   08 - Trajectory 
12:17:56.678 [DynEvent] "LandRoverDefender" failed to initialize spawner - unknown type?!
12:17:56.678 [CE][offlineDB] :: Loaded 42 dynamic events 249 total types 0 total positions.
12:17:56.725 !!! File "DZ\worlds\chernarusplus\ce\TraderPlus_ce/TraderPlus_types.xml" does not exist...
12:17:56.725 !!! [CE][offlineDB] :: Failed to read types file 'TraderPlus_ce/TraderPlus_types.xml'.
12:17:56.725 [CE][Storage] ver:21 stamp:3925, valid:yes, name:"mpmissions\Expansion.deerisle\storage_1\data\events.bin"
12:17:56.725 [CE][Storage] ver:21 stamp:3921, valid:yes, name:"mpmissions\Expansion.deerisle\storage_1\data\events.001"
12:17:56.725 [CE][Storage] ver:21 stamp:3898, valid:yes, name:"mpmissions\Expansion.deerisle\storage_1\data\events.002"
12:17:56.725 [CE][Storage] Restoring file "mpmissions\Expansion.deerisle\storage_1\data\events.bin".
12:17:56.725 [CE][DynamicEvent] Load  Events:[42] Primary spawners: 41 Secondary spawners: 1
12:17:56.725 [CE][Storage] ver:25 stamp:3925, valid:yes, name:"mpmissions\Expansion.deerisle\storage_1\data\dynamic_000.bin"
12:17:56.741 [CE][Storage] ver:25 stamp:3921, valid:yes, name:"mpmissions\Expansion.deerisle\storage_1\data\dynamic_000.001"
12:17:56.741 [CE][Storage] ver:25 stamp:3898, valid:yes, name:"mpmissions\Expansion.deerisle\storage_1\data\dynamic_000.002"
12:17:56.741 [CE][Storage] Restoring file "mpmissions\Expansion.deerisle\storage_1\data\dynamic_000.bin" 180 items.
12:17:56.835   180 items loaded.
12:17:56.835 [CE][Storage] ver:25 stamp:3925, valid:yes, name:"mpmissions\Expansion.deerisle\storage_1\data\dynamic_001.bin"
12:17:56.835 [CE][Storage] ver:25 stamp:3921, valid:yes, name:"mpmissions\Expansion.deerisle\storage_1\data\dynamic_001.001"
12:17:56.835 [CE][Storage] ver:25 stamp:3898, valid:yes, name:"mpmissions\Expansion.deerisle\storage_1\data\dynamic_001.002"
12:17:56.835 [CE][Storage] Restoring file "mpmissions\Expansion.deerisle\storage_1\data\dynamic_001.bin" 1298 items.
12:17:57.335   1298 items loaded.
12:17:57.335 [CE][Storage] ver:25 stamp:3925, valid:yes, name:"mpmissions\Expansion.deerisle\storage_1\data\dynamic_002.bin"
12:17:57.335 [CE][Storage] ver:25 stamp:3921, valid:yes, name:"mpmissions\Expansion.deerisle\storage_1\data\dynamic_002.001"
12:17:57.335 [CE][Storage] ver:25 stamp:3898, valid:yes, name:"mpmissions\Expansion.deerisle\storage_1\data\dynamic_002.002"
12:17:57.335 [CE][Storage] Restoring file "mpmissions\Expansion.deerisle\storage_1\data\dynamic_002.bin" 2662 items.
12:17:58.23   2662 items loaded.
12:17:58.23 [CE][Storage] ver:25 stamp:3925, valid:yes, name:"mpmissions\Expansion.deerisle\storage_1\data\dynamic_003.bin"
12:17:58.38 [CE][Storage] ver:25 stamp:3921, valid:yes, name:"mpmissions\Expansion.deerisle\storage_1\data\dynamic_003.001"
12:17:58.38 [CE][Storage] ver:25 stamp:3898, valid:yes, name:"mpmissions\Expansion.deerisle\storage_1\data\dynamic_003.002"
12:17:58.38 [CE][Storage] Restoring file "mpmissions\Expansion.deerisle\storage_1\data\dynamic_003.bin" 3324 items.
12:17:58.679   3324 items loaded.
12:17:58.679 [CE][Storage] ver:25 stamp:3925, valid:yes, name:"mpmissions\Expansion.deerisle\storage_1\data\dynamic_004.bin"
12:17:58.679 [CE][Storage] ver:25 stamp:3921, valid:yes, name:"mpmissions\Expansion.deerisle\storage_1\data\dynamic_004.001"
12:17:58.679 [CE][Storage] ver:25 stamp:3898, valid:yes, name:"mpmissions\Expansion.deerisle\storage_1\data\dynamic_004.002"
12:17:58.679 [CE][Storage] Restoring file "mpmissions\Expansion.deerisle\storage_1\data\dynamic_004.bin" 4987 items.
12:17:59.642   4987 items loaded.
12:17:59.642 [CE][Storage] ver:25 stamp:3925, valid:yes, name:"mpmissions\Expansion.deerisle\storage_1\data\dynamic_005.bin"
12:17:59.642 [CE][Storage] ver:25 stamp:3921, valid:yes, name:"mpmissions\Expansion.deerisle\storage_1\data\dynamic_005.001"
12:17:59.642 [CE][Storage] ver:25 stamp:3898, valid:yes, name:"mpmissions\Expansion.deerisle\storage_1\data\dynamic_005.002"
12:17:59.642 [CE][Storage] Restoring file "mpmissions\Expansion.deerisle\storage_1\data\dynamic_005.bin" 3883 items.
12:18:00.465   3883 items loaded.
12:18:00.465 [CE][Storage] ver:25 stamp:3925, valid:yes, name:"mpmissions\Expansion.deerisle\storage_1\data\dynamic_006.bin"
12:18:00.481 [CE][Storage] ver:25 stamp:3921, valid:yes, name:"mpmissions\Expansion.deerisle\storage_1\data\dynamic_006.001"
12:18:00.481 [CE][Storage] ver:25 stamp:3898, valid:yes, name:"mpmissions\Expansion.deerisle\storage_1\data\dynamic_006.002"
12:18:00.481 [CE][Storage] Restoring file "mpmissions\Expansion.deerisle\storage_1\data\dynamic_006.bin" 3070 items.
12:18:01.101   3070 items loaded.
12:18:01.101 [CE][Storage] ver:25 stamp:3925, valid:yes, name:"mpmissions\Expansion.deerisle\storage_1\data\dynamic_007.bin"
12:18:01.101 [CE][Storage] ver:25 stamp:3921, valid:yes, name:"mpmissions\Expansion.deerisle\storage_1\data\dynamic_007.001"
12:18:01.101 [CE][Storage] ver:25 stamp:3898, valid:yes, name:"mpmissions\Expansion.deerisle\storage_1\data\dynamic_007.002"
12:18:01.101 [CE][Storage] Restoring file "mpmissions\Expansion.deerisle\storage_1\data\dynamic_007.bin" 2209 items.
12:18:01.552   2209 items loaded.
12:18:01.552 [CE][Storage] ver:25 stamp:3925, valid:yes, name:"mpmissions\Expansion.deerisle\storage_1\data\dynamic_008.bin"
12:18:01.568 [CE][Storage] ver:25 stamp:3921, valid:yes, name:"mpmissions\Expansion.deerisle\storage_1\data\dynamic_008.001"
12:18:01.568 [CE][Storage] ver:25 stamp:3898, valid:yes, name:"mpmissions\Expansion.deerisle\storage_1\data\dynamic_008.002"
12:18:01.568 [CE][Storage] Restoring file "mpmissions\Expansion.deerisle\storage_1\data\dynamic_008.bin" 1319 items.
12:18:01.865   1319 items loaded.
12:18:01.865 [CE][Storage] ver:25 stamp:3925, valid:yes, name:"mpmissions\Expansion.deerisle\storage_1\data\dynamic_009.bin"
12:18:01.881 [CE][Storage] ver:25 stamp:3921, valid:yes, name:"mpmissions\Expansion.deerisle\storage_1\data\dynamic_009.001"
12:18:01.881 [CE][Storage] ver:25 stamp:3898, valid:yes, name:"mpmissions\Expansion.deerisle\storage_1\data\dynamic_009.002"
12:18:01.881 [CE][Storage] Restoring file "mpmissions\Expansion.deerisle\storage_1\data\dynamic_009.bin" 606 items.
12:18:02.21   606 items loaded.
12:18:02.21 [CE][Storage] ver:25 stamp:3925, valid:yes, name:"mpmissions\Expansion.deerisle\storage_1\data\dynamic_010.bin"
12:18:02.21 [CE][Storage] ver:25 stamp:3921, valid:yes, name:"mpmissions\Expansion.deerisle\storage_1\data\dynamic_010.001"
12:18:02.37 [CE][Storage] ver:25 stamp:3898, valid:yes, name:"mpmissions\Expansion.deerisle\storage_1\data\dynamic_010.002"
12:18:02.37 [CE][Storage] Restoring file "mpmissions\Expansion.deerisle\storage_1\data\dynamic_010.bin" 822 items.
12:18:02.209   822 items loaded.
12:18:02.209 [CE][Storage] ver:25 stamp:3925, valid:yes, name:"mpmissions\Expansion.deerisle\storage_1\data\dynamic_011.bin"
12:18:02.209 [CE][Storage] ver:25 stamp:3921, valid:yes, name:"mpmissions\Expansion.deerisle\storage_1\data\dynamic_011.001"
12:18:02.209 [CE][Storage] ver:25 stamp:3898, valid:yes, name:"mpmissions\Expansion.deerisle\storage_1\data\dynamic_011.002"
12:18:02.209 [CE][Storage] Restoring file "mpmissions\Expansion.deerisle\storage_1\data\dynamic_011.bin" 0 items.
12:18:02.209   0 items loaded.
12:18:02.209 [CE][Storage] ver:26 stamp:3925, valid:yes, name:"mpmissions\Expansion.deerisle\storage_1\data\building.bin"
12:18:02.224 [CE][Storage] ver:26 stamp:3921, valid:yes, name:"mpmissions\Expansion.deerisle\storage_1\data\building.001"
12:18:02.224 [CE][Storage] ver:26 stamp:3898, valid:yes, name:"mpmissions\Expansion.deerisle\storage_1\data\building.002"
12:18:02.224 [CE][Storage] Restoring file "mpmissions\Expansion.deerisle\storage_1\data\building.bin" 1 items.
12:18:02.224   1 items loaded.
12:18:02.224 [CE][Storage] ver:25 stamp:3925, valid:yes, name:"mpmissions\Expansion.deerisle\storage_1\data\vehicles.bin"
12:18:02.224 [CE][Storage] ver:25 stamp:3921, valid:yes, name:"mpmissions\Expansion.deerisle\storage_1\data\vehicles.001"
12:18:02.240 [CE][Storage] ver:25 stamp:3898, valid:yes, name:"mpmissions\Expansion.deerisle\storage_1\data\vehicles.002"
12:18:02.240 [CE][Storage] Restoring file "mpmissions\Expansion.deerisle\storage_1\data\vehicles.bin" 155 items.
12:18:02.709   155 items loaded.
12:18:02.724 [CE][Hive] :: Storage load took:6.00 seconds, recovery stamp:3925
12:18:02.724   entity: 25996, building: 1
12:18:02.724   no lifetime: 30
12:18:02.724   pathgraph's: 921
12:18:02.724 [CE][Hive] :: Initializing ... 
12:18:02.756 [CE][InitializeMap] :: initialized: 1
12:18:02.756 [CE][Hive] :: Initializing spawners ... 
12:18:03.459 [CE][LootRespawner] (PRIDummy) :: Initially (re)spawned:0, Nominal:30001, Total in Map: 24457 at 0 (sec)
12:18:03.459   tests:0, repeats:0 fails:0, overtime:0
12:18:03.474 [CE][DynEvent] :: 42 types
12:18:03.474 [00] LandRoverDefender
12:18:03.474 [01] AmbientHen
12:18:03.474   Primary Spawner: "Ambient", active: yes, repeat: 1
12:18:03.474 [02] AnimalBear
12:18:03.474   Primary Spawner: "Animal", active: yes, repeat: 1
12:18:03.474 [03] AnimalCow
12:18:03.474   Primary Spawner: "Animal", active: yes, repeat: 1
12:18:03.474 [04] AnimalDeer
12:18:03.474   Primary Spawner: "Animal", active: yes, repeat: 1
12:18:03.474 [05] AnimalGoat
12:18:03.474   Primary Spawner: "Animal", active: yes, repeat: 1
12:18:03.474 [06] AnimalPig
12:18:03.474   Primary Spawner: "Animal", active: yes, repeat: 1
12:18:03.474 [07] AnimalRoeDeer
12:18:03.474   Primary Spawner: "Animal", active: yes, repeat: 1
12:18:03.474 [08] AnimalSheep
12:18:03.474   Primary Spawner: "Animal", active: yes, repeat: 1
12:18:03.474 [09] AnimalWildBoar
12:18:03.474   Primary Spawner: "Animal", active: yes, repeat: 1
12:18:03.474 [10] AnimalWolf
12:18:03.474   Primary Spawner: "Animal", active: yes, repeat: 1
12:18:03.474 [11] InfectedArmy
12:18:03.474   Primary Spawner: "Infected", active: yes, repeat: 1
12:18:03.474 [12] InfectedCity
12:18:03.474   Primary Spawner: "Infected", active: yes, repeat: 1
12:18:03.474 [13] InfectedFirefighter
12:18:03.474   Primary Spawner: "Infected", active: yes, repeat: 1
12:18:03.474 [14] InfectedIndustrial
12:18:03.474   Primary Spawner: "Infected", active: yes, repeat: 1
12:18:03.474 [15] InfectedMedic
12:18:03.474   Primary Spawner: "Infected", active: yes, repeat: 1
12:18:03.474 [16] InfectedPolice
12:18:03.474   Primary Spawner: "Infected", active: yes, repeat: 1
12:18:03.474 [17] InfectedPrisoner
12:18:03.474   Primary Spawner: "Infected", active: yes, repeat: 1
12:18:03.474 [18] InfectedReligious
12:18:03.474   Primary Spawner: "Infected", active: yes, repeat: 1
12:18:03.474 [19] InfectedSolitude
12:18:03.474   Primary Spawner: "Infected", active: yes, repeat: 1
12:18:03.474 [20] InfectedVillage
12:18:03.474   Primary Spawner: "Infected", active: yes, repeat: 1
12:18:03.474 [21] ItemPlanks
12:18:03.474   Primary Spawner: "Item", active: yes, repeat: 1
12:18:03.474 [22] Loot
12:18:03.474   Primary Spawner: "Loot", active: yes, repeat: 2
12:18:03.474 [23] StaticHeliCrash
12:18:03.474   Primary Spawner: "Vehicle", active: yes, repeat: 1
12:18:03.474   Secondary Spawner: "Infected", active: yes, repeat: 1
12:18:03.474 [24] StaticPoliceCar
12:18:03.474   Primary Spawner: "Vehicle", active: yes, repeat: 1
12:18:03.474 [25] TrajectoryApple
12:18:03.474   Primary Spawner: "Trajectory", active: yes, repeat: 1
12:18:03.474 [26] TrajectoryCanina
12:18:03.474   Primary Spawner: "Trajectory", active: yes, repeat: 1
12:18:03.474 [27] TrajectoryConiferous
12:18:03.474   Primary Spawner: "Trajectory", active: yes, repeat: 1
12:18:03.474 [28] TrajectoryDeciduous
12:18:03.474   Primary Spawner: "Trajectory", active: yes, repeat: 1
12:18:03.474 [29] TrajectoryHumus
12:18:03.474   Primary Spawner: "Trajectory", active: yes, repeat: 1
12:18:03.474 [30] TrajectoryPear
12:18:03.474   Primary Spawner: "Trajectory", active: yes, repeat: 1
12:18:03.474 [31] TrajectoryPlum
12:18:03.474   Primary Spawner: "Trajectory", active: yes, repeat: 1
12:18:03.474 [32] TrajectorySambucus
12:18:03.474   Primary Spawner: "Trajectory", active: yes, repeat: 1
12:18:03.474 [33] TrajectoryStones
12:18:03.474   Primary Spawner: "Trajectory", active: yes, repeat: 1
12:18:03.474 [34] VehicleCivilianSedan
12:18:03.474   Primary Spawner: "Vehicle", active: yes, repeat: 1
12:18:03.474 [35] VehicleHatchback02
12:18:03.474   Primary Spawner: "Vehicle", active: yes, repeat: 1
12:18:03.474 [36] VehicleOffroadHatchback
12:18:03.474   Primary Spawner: "Vehicle", active: yes, repeat: 1
12:18:03.474 [37] VehicleSedan02
12:18:03.474   Primary Spawner: "Vehicle", active: yes, repeat: 1
12:18:03.474 [38] VehicleTruck01
12:18:03.474   Primary Spawner: "Vehicle", active: yes, repeat: 1
12:18:03.474 [39] StaticVanPinkies
12:18:03.474   Primary Spawner: "Vehicle", active: yes, repeat: 1
12:18:03.474 [40] StaticVanAmbulance
12:18:03.474   Primary Spawner: "Vehicle", active: yes, repeat: 1
12:18:03.474 [41] StaticSkeletonEventspawn
12:18:03.474   Primary Spawner: "Vehicle", active: yes, repeat: 1
12:18:03.474 [CE][Hive] :: Initializing of spawners done.
12:18:03.474 [CE][Hive] :: Init sequence finished.
12:18:03.474 Player connect enabled
12:18:03.959 [IdleMode] Entering IN - save processed
12:19:33.668 [Login]: Adding player Booming4you (23805143) to login queue at position 0
12:19:33.668 [LoginMachine]: Add player Booming4you (23805143)
12:19:33.668 [StateMachine]: Player Booming4you (dpnid 23805143 uid ) Entering AuthPlayerLoginState
12:19:34.105 [IdleMode] Leaving OUT
12:19:35.12 [StateMachine]: Player Booming4you (dpnid 23805143 uid ) State Error (AuthPlayerLoginState)
12:19:35.12 Player Unknown (23805143) kicked from server: 146 (Client has a more recent version. Please wait until server updates. (TraderPlus (PBO: PBO: C:\Program Files (x86)\Steam\steamapps\common\DayZ\!Workshop\@TraderPlus\addons\carlock.pbo (ClientVersion: 21050615 | ServerVersion: 21042916) )))
12:19:35.12 [StateMachine]: Kick player Booming4you (dpnid 23805143 uid ) State AuthPlayerLoginState
12:19:35.27 [Disconnect]: Client 23805143 early disconnect
12:19:35.27 [Disconnect]: No identity -> remove player info 23805143 
12:19:35.27 [Disconnect]: DisconnectPlayerFinish 23805143
12:19:35.27 [Disconnect]: Remove player info 23805143
12:19:35.27 [Disconnect]: Player destroy 23805143 
12:19:56.716 !!! [CE][Point] Removing 7197.381836, 11554.292969 from Land_jmc_militarycase_o_09
12:19:56.716 !!! [CE][Point] Removing 7185.923340, 11596.417969 from Land_jmc_militarycase_c_07
12:19:56.716 !!! [CE][Point] Removing 7151.554199, 11568.265625 from Land_jmc_militarycase_o_05
12:19:56.716 !!! [CE][Point] Removing 7187.367188, 11598.480469 from Land_jmc_militarycase_o_07
12:19:56.732 !!! [CE][Point] Removing 7189.465820, 11673.093750 from Land_jmc_militarycase_o_09
12:19:56.732 !!! [CE][Point] Removing 4508.708984, 7197.955078 from Land_strazni_vez
12:19:56.826 !!! [CE][Point] Removing 7154.261719, 11593.990234 from Land_jmc_militarycase_o_07
12:19:56.826 !!! [CE][Point] Removing 366.479279, 882.703186 from Land_jmc_ruinecolumn_loot
12:19:56.826 !!! [CE][Point] Removing 7171.429688, 11648.979492 from Land_jmc_militarycase_o_08
12:19:56.826 !!! [CE][Point] Removing 7174.722168, 11614.373047 from Land_jmc_militarycase_o_08
12:19:56.826 !!! [CE][Point] Removing 3814.755859, 9733.528320 from Land_jmc_cabin01
12:19:56.826 !!! [CE][Point] Removing 7194.047363, 11553.902344 from Land_jmc_militarycase_o_12
12:19:56.826 !!! [CE][Point] Removing 7190.900391, 11556.199219 from Land_jmc_militarycase_c_09
12:19:56.841 !!! [CE][Point] Removing 7154.342285, 11592.974609 from Land_jmc_skeleton_old_3
12:19:56.919 !!! [CE][Point] Removing 7190.567871, 11554.995117 from Land_jmc_militarycase_o_07
12:19:56.919 !!! [CE][Point] Removing 816.175354, 420.471619 from Land_jmc_ruinecolumn_loot
12:19:56.919 !!! [CE][Point] Removing 7152.880371, 11568.689453 from Land_jmc_militarycase_c_06
12:19:56.935 !!! [CE][Point] Removing 7182.710449, 11647.839844 from Land_jmc_militarycase_o_05
12:19:56.935 !!! [CE][Point] Removing 1828.550415, 8947.227539 from Land_strazni_vez
12:19:56.935 !!! [CE][Point] Removing 7177.583984, 11600.750000 from Land_jmc_militarycase_c_05
12:19:56.935 !!! [CE][Point] Removing 766.008606, 283.660004 from Land_jmc_ruinecolumn_loot
12:19:56.935 !!! [CE][Point] Removing 5014.596680, 7030.498047 from Land_strazni_vez
12:19:56.935 !!! [CE][Point] Removing 7187.833008, 11672.678711 from Land_jmc_militarycase_o_12
12:19:57.29 !!! [CE][Point] Removing 3659.596680, 9764.916992 from Land_jmc_cabin01
12:19:57.29 !!! [CE][Point] Removing 7154.748047, 11587.639648 from Land_jmc_skeleton_old_5
12:19:57.29 !!! [CE][Point] Removing 7162.320801, 11585.823242 from Land_jmc_skeleton_old_4
12:19:57.29 !!! [CE][Point] Removing 1485.284912, 11861.099609 from Land_jmc_skeleton_old_1
12:19:57.29 !!! [CE][Point] Removing 7191.696777, 11590.946289 from Land_jmc_militarycase_o_08
12:19:57.29 !!! [CE][Point] Removing 7268.080566, 11613.530273 from Land_jmc_militarycase_c_12
12:19:57.29 !!! [CE][Point] Removing 7156.332520, 11611.076172 from Land_jmc_skeleton_old_5
12:19:57.29 !!! [CE][Point] Removing 7178.372070, 11686.045898 from Land_jmc_military_lootcase
12:19:57.29 !!! [CE][Point] Removing 7162.209473, 11609.802734 from Land_jmc_skeleton_gnawed_4
12:19:57.123 !!! [CE][Point] Removing 7187.147461, 11662.458984 from Land_jmc_militarycase_o_11
12:19:57.123 !!! [CE][Point] Removing 5179.822754, 9112.897461 from Land_strazni_vez
12:19:57.138 !!! [CE][Point] Removing 7183.866699, 11569.283203 from Land_jmc_skeleton_old_5
12:19:57.138 !!! [CE][Point] Removing 7176.464355, 11583.501953 from Land_jmc_militarycase_o_09
12:19:57.138 !!! [CE][Point] Removing 3655.837891, 9771.842773 from Land_jmc_cabin01
12:19:57.138 !!! [CE][Point] Removing 7154.748047, 11587.639648 from Land_jmc_skeleton_old_5
12:19:57.138 !!! [CE][Point] Removing 7162.320801, 11585.823242 from Land_jmc_skeleton_old_4
12:19:57.138 !!! [CE][Point] Removing 1485.284912, 11861.099609 from Land_jmc_skeleton_old_1
12:19:57.138 !!! [CE][Point] Removing 7156.332520, 11611.076172 from Land_jmc_skeleton_old_5
12:19:57.216 !!! [CE][Point] Removing 7178.484375, 11591.041016 from Land_jmc_skeleton_old_4
12:19:57.326 !!! [CE][Point] Removing 7177.743164, 11676.939453 from Land_jmc_militarycase_c_03
12:19:57.326 !!! [CE][Point] Removing 7169.149414, 11583.397461 from Land_jmc_militarycase_o_08
12:19:57.326 !!! [CE][Point] Removing 7162.398438, 11656.876953 from Land_jmc_militarycase_o_05
12:19:57.326 !!! [CE][Point] Removing 7162.553223, 11655.167969 from Land_jmc_militarycase_c_12
12:19:57.326 !!! [CE][Point] Removing 7158.358398, 11608.314453 from Land_jmc_militarycase_c_08
12:19:57.326 !!! [CE][Point] Removing 7177.741699, 11678.675781 from Land_jmc_militarycase_o_11
12:19:57.419 !!! [CE][Point] Removing 839.929565, 420.618866 from Land_jmc_ruinecolumn_loot
12:19:57.419 !!! [CE][Point] Removing 751.072388, 287.481567 from Land_jmc_ruinecolumn_loot
12:19:57.419 !!! [CE][Point] Removing 465.248444, 295.759430 from Land_jmc_ruinecolumn_loot
12:19:57.419 !!! [CE][Point] Removing 7185.677246, 11568.532227 from Land_jmc_militarycase_o_08
12:19:57.435 !!! [CE][Point] Removing 536.325745, 341.710205 from Land_jmc_ruinecolumn_loot
12:19:57.435 !!! [CE][Point] Removing 4609.027344, 6995.481445 from Land_strazni_vez
12:19:57.435 !!! [CE][Point] Removing 453.026031, 677.398010 from Land_jmc_ruinecolumn_loot
12:19:57.435 !!! [CE][Point] Removing 7178.484375, 11591.041016 from Land_jmc_skeleton_old_4
12:19:57.435 !!! [CE][Point] Removing 7166.346680, 11585.207031 from Land_jmc_militarycase_c_03
12:19:57.529 !!! [CE][Point] Removing 7180.832520, 11682.396484 from Land_jmc_militarycase_o_08
12:19:57.529 !!! [CE][Point] Removing 7198.099609, 11595.975586 from Land_jmc_militarycase_c_07
12:19:57.529 !!! [CE][Point] Removing 7160.167969, 11636.795898 from Land_jmc_skeleton_gnawed_5
12:19:57.529 !!! [CE][Point] Removing 7159.738770, 11611.652344 from Land_jmc_skeleton_old_4
12:19:57.529 !!! [CE][Point] Removing 7180.324219, 11668.767578 from Land_jmc_militarycase_c_05
12:19:57.623 [CE][LootRespawner] (PRIDummy) :: Item [0] causing search overtime: "TacticalBaconCan"
12:19:57.716 [CE][LootRespawner] (PRIDummy) :: Item [1] causing search overtime: "AmmoBox_762x54Tracer_20Rnd"
12:19:57.826 [CE][LootRespawner] (PRIDummy) :: Item [2] causing search overtime: "AmmoBox_556x45Tracer_20Rnd"
12:19:57.920 !!! [CE][Point] Removing 7161.046875, 11602.727539 from Land_jmc_militarycase_o_05
12:19:57.920 !!! [CE][Point] Removing 7192.217773, 11562.439453 from Land_jmc_militarycase_c_06
12:19:57.920 !!! [CE][Point] Removing 7151.377441, 11555.691406 from Land_jmc_militarycase_c_11
12:19:57.920 !!! [CE][Point] Removing 7174.116211, 11652.813477 from Land_jmc_militarycase_c_04
12:19:57.920 !!! [CE][Point] Removing 7150.781738, 11607.736328 from Land_jmc_skeleton_gnawed_5
12:19:57.920 !!! [CE][Point] Removing 7176.039063, 11586.541016 from Land_jmc_militarycase_o_06
12:19:57.920 !!! [CE][Point] Removing 7163.130859, 11589.823242 from Land_jmc_military_lootcase
12:19:57.920 !!! [CE][Point] Removing 7174.813965, 11590.480469 from Land_jmc_skeleton_old_2
12:19:57.920 !!! [CE][Point] Removing 7156.099121, 11587.857422 from Land_jmc_militarycase_o_08
12:19:57.920 !!! [CE][Point] Removing 7158.622559, 11587.934570 from Land_jmc_militarycase_o_08
12:19:58.29 !!! [CE][Point] Removing 3670.696289, 9776.938477 from Land_jmc_cabin01
12:19:58.29 !!! [CE][Point] Removing 7154.748047, 11587.639648 from Land_jmc_skeleton_old_5
12:19:58.29 !!! [CE][Point] Removing 7162.320801, 11585.823242 from Land_jmc_skeleton_old_4
12:19:58.29 !!! [CE][Point] Removing 1485.284912, 11861.099609 from Land_jmc_skeleton_old_1
12:19:58.29 !!! [CE][Point] Removing 7156.332520, 11611.076172 from Land_jmc_skeleton_old_5
12:19:58.29 !!! [CE][Point] Removing 7178.958984, 11685.918945 from Land_jmc_military_lootcase
12:19:58.29 !!! [CE][Point] Removing 7162.209473, 11609.802734 from Land_jmc_skeleton_gnawed_4
12:19:58.29 !!! [CE][Point] Removing 7158.744141, 11560.833008 from Land_jmc_militarycase_o_09
12:19:58.29 !!! [CE][Point] Removing 7153.952637, 11593.016602 from Land_jmc_skeleton_burned_5
12:19:58.29 !!! [CE][Point] Removing 466.206696, 262.613220 from Land_jmc_ruinecolumn_loot
12:20:23.46 !!! [CE][Point] Removing 7183.866699, 11569.283203 from Land_jmc_skeleton_old_5
12:20:23.46 !!! [CE][Point] Removing 7173.330078, 11606.138672 from Land_jmc_militarycase_c_06
12:20:23.46 !!! [CE][Point] Removing 7271.020996, 11623.091797 from Land_jmc_militarycase_c_07
12:20:23.46 !!! [CE][Point] Removing 7160.754395, 11616.364258 from Land_jmc_militarycase_o_08
12:20:23.46 !!! [CE][Point] Removing 7158.818848, 11563.338867 from Land_jmc_militarycase_o_08
12:20:23.46 !!! [CE][Point] Removing 7173.956055, 11646.958008 from Land_jmc_militarycase_o_08
12:20:23.46 !!! [CE][Point] Removing 7164.317383, 11578.473633 from Land_jmc_militarycase_o_11
12:20:23.46 !!! [CE][Point] Removing 7160.065918, 11656.517578 from Land_jmc_militarycase_c_06
12:20:23.46 !!! [CE][Point] Removing 7103.856934, 11620.941406 from Land_jmc_militarycase_o_07
12:20:23.249 !!! [CE][Point] Removing 5178.355957, 9112.571289 from Land_strazni_vez
12:20:23.249 !!! [CE][Point] Removing 7183.866699, 11569.283203 from Land_jmc_skeleton_old_5
12:20:23.249 !!! [CE][Point] Removing 7174.374023, 11679.615234 from Land_BusStation_wall_bench
12:20:23.249 !!! [CE][Point] Removing 7178.079102, 11686.108398 from Land_jmc_military_lootcase
12:20:23.343 !!! [CE][Point] Removing 7178.665527, 11685.982422 from Land_jmc_military_lootcase
12:20:23.343 !!! [CE][Point] Removing 7162.209473, 11609.802734 from Land_jmc_skeleton_gnawed_4
12:20:23.343 !!! [CE][Point] Removing 7153.952637, 11593.016602 from Land_jmc_skeleton_burned_5
12:20:23.343 !!! [CE][Point] Removing 7159.361816, 11608.238281 from Land_jmc_militarycase_c_07
12:20:23.359 !!! [CE][Point] Removing 7267.267090, 11613.797852 from Land_jmc_skeleton_burned_2
12:20:23.359 !!! [CE][Point] Removing 7183.651367, 11590.829102 from Land_jmc_militarycase_c_09
12:20:23.359 !!! [CE][Point] Removing 7156.010742, 11555.536133 from Land_jmc_militarycase_c_12
12:20:23.359 !!! [CE][Point] Removing 7162.728027, 11606.174805 from Land_jmc_militarycase_c_04
12:20:23.359 !!! [CE][Point] Removing 7171.539551, 11601.766602 from Land_jmc_militarycase_o_11
12:20:23.453 !!! [CE][Point] Removing 7150.781738, 11607.736328 from Land_jmc_skeleton_gnawed_5
12:20:23.453 !!! [CE][Point] Removing 7163.730469, 11589.817383 from Land_jmc_military_lootcase
12:20:23.453 !!! [CE][Point] Removing 7174.813965, 11590.480469 from Land_jmc_skeleton_old_2
12:20:23.453 !!! [CE][Point] Removing 7180.220703, 11591.080078 from Land_jmc_skeleton_old_5
12:20:23.453 !!! [CE][Point] Removing 7160.169434, 11657.359375 from Land_jmc_militarycase_o_08
12:20:23.453 !!! [CE][Point] Removing 7151.648926, 11598.234375 from Land_jmc_skeleton_old_5
12:20:23.453 !!! [CE][Point] Removing 7267.186523, 11611.096680 from Land_jmc_skeleton_burned_2
12:20:23.453 !!! [CE][Point] Removing 7161.796387, 11601.875977 from Land_jmc_militarycase_c_01
12:20:23.453 !!! [CE][Point] Removing 7192.060547, 11558.913086 from Land_jmc_militarycase_o_06
12:20:23.453 !!! [CE][Point] Removing 7173.125977, 11590.496094 from Land_jmc_skeleton_old_1
12:20:23.546 [CE][LootRespawner] (PRIDummy) :: Item [3] causing search overtime: "AmmoBox_545x39Tracer_20Rnd"
12:20:23.656 !!! [CE][Point] Removing 7178.497070, 11601.498047 from Land_jmc_militarycase_o_12
12:20:23.656 !!! [CE][Point] Removing 7159.614746, 11589.578125 from Land_jmc_militarycase_c_03
12:20:23.656 !!! [CE][Point] Removing 7175.900879, 11668.934570 from Land_jmc_militarycase_o_06
12:20:23.656 !!! [CE][Point] Removing 7151.060547, 11566.732422 from Land_jmc_militarycase_c_07
12:20:23.656 !!! [CE][Point] Removing 7181.748535, 11579.876953 from Land_jmc_militarycase_o_05
12:20:23.656 !!! [CE][Point] Removing 7187.242676, 11607.349609 from Land_jmc_militarycase_o_07
12:20:23.656 !!! [CE][Point] Removing 7176.694336, 11676.923828 from Land_jmc_militarycase_c_01
12:20:23.656 !!! [CE][Point] Removing 7176.726074, 11678.677734 from Land_jmc_militarycase_o_07
12:20:23.656 !!! [CE][Point] Removing 7169.088867, 11565.916992 from Land_jmc_militarycase_o_12
12:20:23.671 !!! [CE][Point] Removing 7151.377441, 11610.114258 from Land_jmc_militarycase_o_08
12:20:23.749 !!! [CE][Point] Removing 7155.677734, 11593.546875 from Land_jmc_skeleton_burned_3
12:20:23.749 !!! [CE][Point] Removing 7165.928223, 11678.539063 from Land_jmc_skeleton_old_5
12:20:23.749 !!! [CE][Point] Removing 7162.505371, 11596.031250 from Land_jmc_skeleton_old_5
12:20:23.749 !!! [CE][Point] Removing 7159.990234, 11653.022461 from Land_jmc_militarycase_o_12
12:20:23.749 !!! [CE][Point] Removing 7267.477051, 11615.902344 from Land_jmc_militarycase_o_09
12:20:23.749 !!! [CE][Point] Removing 7158.746582, 11609.157227 from Land_jmc_militarycase_c_11
12:20:23.749 !!! [CE][Point] Removing 7154.342285, 11592.974609 from Land_jmc_skeleton_old_3
12:20:23.749 !!! [CE][Point] Removing 7160.758789, 11678.957031 from Land_jmc_militarycase_o_11
12:20:23.749 !!! [CE][Point] Removing 7167.343262, 11610.615234 from Land_jmc_skeleton_old_4
12:20:23.843 !!! [CE][Point] Removing 7151.648926, 11598.234375 from Land_jmc_skeleton_old_5
12:20:23.843 !!! [CE][Point] Removing 7267.186523, 11611.096680 from Land_jmc_skeleton_burned_2
12:20:23.843 !!! [CE][Point] Removing 7173.125977, 11590.496094 from Land_jmc_skeleton_old_1
12:20:23.843 !!! [CE][Point] Removing 7150.776855, 11594.269531 from Land_jmc_skeleton_old_2
12:20:23.953 !!! [CE][Point] Removing 7151.648926, 11598.234375 from Land_jmc_skeleton_old_5
12:20:23.953 !!! [CE][Point] Removing 7267.186523, 11611.096680 from Land_jmc_skeleton_burned_2
12:20:23.953 !!! [CE][Point] Removing 7173.125977, 11590.496094 from Land_jmc_skeleton_old_1
12:20:23.953 !!! [CE][Point] Removing 7150.776855, 11594.269531 from Land_jmc_skeleton_old_2
12:20:23.953 !!! [CE][Point] Removing 7267.267090, 11613.797852 from Land_jmc_skeleton_burned_2
12:20:23.953 !!! [CE][Point] Removing 7153.952637, 11593.016602 from Land_jmc_skeleton_burned_5
12:20:23.953 !!! [CE][Point] Removing 7179.251953, 11685.856445 from Land_jmc_military_lootcase
12:20:23.953 !!! [CE][Point] Removing 7155.677734, 11593.546875 from Land_jmc_skeleton_burned_3
12:20:24.46 !!! [CE][Point] Removing 7150.781738, 11607.736328 from Land_jmc_skeleton_gnawed_5
12:20:24.46 !!! [CE][Point] Removing 7163.430664, 11589.820313 from Land_jmc_military_lootcase
12:20:24.46 !!! [CE][Point] Removing 7174.813965, 11590.480469 from Land_jmc_skeleton_old_2
12:20:24.46 !!! [CE][Point] Removing 7180.220703, 11591.080078 from Land_jmc_skeleton_old_5
12:20:24.46 !!! [CE][Point] Removing 7150.776855, 11594.269531 from Land_jmc_skeleton_old_2
12:20:24.46 !!! [CE][Point] Removing 7267.267090, 11613.797852 from Land_jmc_skeleton_burned_2
12:20:24.46 !!! [CE][Point] Removing 7155.677734, 11593.546875 from Land_jmc_skeleton_burned_3
12:20:24.46 !!! [CE][Point] Removing 7165.928223, 11678.539063 from Land_jmc_skeleton_old_5
12:20:24.46 !!! [CE][Point] Removing 7162.505371, 11596.031250 from Land_jmc_skeleton_old_5
12:20:24.140 !!! [CE][Point] Removing 7162.830566, 11589.826172 from Land_jmc_military_lootcase
12:20:24.156 !!! [CE][Point] Removing 7192.053223, 11560.669922 from Land_jmc_militarycase_o_05
12:20:24.156 !!! [CE][Point] Removing 7191.580078, 11553.846680 from Land_jmc_militarycase_c_07
12:20:24.156 !!! [CE][Point] Removing 7103.649902, 11618.441406 from Land_jmc_militarycase_c_07
12:20:24.156 !!! [CE][Point] Removing 7175.418945, 11607.706055 from Land_jmc_militarycase_o_09
12:20:24.156 !!! [CE][Point] Removing 7188.186035, 11568.453125 from Land_jmc_militarycase_o_09
12:20:24.156 !!! [CE][Point] Removing 7191.864746, 11588.292969 from Land_jmc_militarycase_o_11
12:20:24.156 !!! [CE][Point] Removing 7179.178711, 11631.274414 from Land_jmc_militarycase_o_11
12:20:24.249 !!! [CE][Point] Removing 7144.925293, 11640.919922 from Land_BusStation_wall_bench
12:20:24.249 !!! [CE][Point] Removing 7174.383789, 11671.871094 from Land_BusStation_wall_bench
12:20:24.249 !!! [CE][Point] Removing 7179.458008, 11682.573242 from Land_BusStation_wall_bench
12:20:24.343 !!! [CE][Point] Removing 7164.669922, 11664.787109 from Land_jmc_militarycase_o_09
12:20:24.343 !!! [CE][Point] Removing 7185.324707, 11561.282227 from Land_jmc_militarycase_c_12
12:20:24.343 !!! [CE][Point] Removing 7191.911621, 11568.193359 from Land_jmc_militarycase_o_11
12:20:24.343 !!! [CE][Point] Removing 7176.039551, 11591.428711 from Land_jmc_militarycase_o_07
12:20:24.343 !!! [CE][Point] Removing 7174.094238, 11645.138672 from Land_jmc_militarycase_o_09
12:20:24.343 !!! [CE][Point] Removing 7164.030762, 11589.814453 from Land_jmc_military_lootcase
12:20:24.343 !!! [CE][Point] Removing 7151.122559, 11563.342773 from Land_jmc_militarycase_c_12
12:20:24.453 !!! [CE][Point] Removing 7162.368164, 11653.823242 from Land_jmc_militarycase_c_09
12:20:24.453 !!! [CE][Point] Removing 7183.588867, 11601.107422 from Land_jmc_military_lootcase
12:20:24.453 !!! [CE][Point] Removing 7160.970215, 11568.125000 from Land_jmc_military_lootcase
12:20:24.453 !!! [CE][Point] Removing 7189.900391, 11587.920898 from Land_jmc_military_lootcase
12:20:24.453 !!! [CE][Point] Removing 7188.857910, 11591.157227 from Land_jmc_military_lootcase
12:20:24.453 !!! [CE][Point] Removing 7168.684082, 11588.874023 from Land_jmc_military_lootcase
12:20:24.453 !!! [CE][Point] Removing 7188.241211, 11553.987305 from Land_jmc_military_lootcase
12:20:24.546 !!! [CE][Point] Removing 7179.123535, 11668.981445 from Land_jmc_military_lootcase
12:20:24.546 !!! [CE][Point] Removing 7157.763184, 11555.160156 from Land_jmc_military_lootcase
12:20:24.546 !!! [CE][Point] Removing 7187.346680, 11554.786133 from Land_jmc_military_lootcase
12:20:24.546 !!! [CE][Point] Removing 7168.684082, 11587.674805 from Land_jmc_military_lootcase
12:20:24.546 !!! [CE][Point] Removing 7190.500000, 11587.915039 from Land_jmc_military_lootcase
12:20:24.546 !!! [CE][Point] Removing 7162.170410, 11568.125000 from Land_jmc_military_lootcase
12:20:24.656 !!! [CE][Point] Removing 7183.985352, 11600.658203 from Land_jmc_military_lootcase
12:20:24.656 !!! [CE][Point] Removing 7161.270508, 11568.125000 from Land_jmc_military_lootcase
12:20:24.656 !!! [CE][Point] Removing 7189.600098, 11587.923828 from Land_jmc_military_lootcase
12:20:24.656 !!! [CE][Point] Removing 7168.684082, 11587.974609 from Land_jmc_military_lootcase
12:20:24.656 !!! [CE][Point] Removing 7187.570313, 11554.586914 from Land_jmc_military_lootcase
12:20:24.656 !!! [CE][Point] Removing 7157.763184, 11555.759766 from Land_jmc_military_lootcase
12:20:24.750 [CE][LootRespawner] (PRIDummy) :: Item [4] causing search overtime: "CigarettePack_Partyzanka"
12:20:24.843 !!! [CE][Point] Removing 7178.340332, 11668.538086 from Land_jmc_military_lootcase
12:20:24.843 !!! [CE][Point] Removing 7184.183594, 11600.432617 from Land_jmc_military_lootcase
12:20:24.843 !!! [CE][Point] Removing 7161.870117, 11568.125000 from Land_jmc_military_lootcase
12:20:24.843 !!! [CE][Point] Removing 7190.800293, 11587.912109 from Land_jmc_military_lootcase
12:20:24.843 !!! [CE][Point] Removing 7168.684082, 11588.574219 from Land_jmc_military_lootcase
12:20:24.843 !!! [CE][Point] Removing 7188.017578, 11554.186523 from Land_jmc_military_lootcase
12:20:24.953 !!! [CE][Point] Removing 7183.390625, 11601.333008 from Land_jmc_military_lootcase
12:20:24.953 [CE][LootRespawner] (PRIDummy) :: Item [0] is hard to place, performance drops: "GhillieBushrag_Mossy"
12:20:24.953 [CE][LootRespawner] (PRIDummy) :: Item [1] is hard to place, performance drops: "GhillieBushrag_Mossy"
12:20:24.953 [CE][LootRespawner] (PRIDummy) :: Item [2] is hard to place, performance drops: "GhillieBushrag_Mossy"
12:20:24.953 [CE][LootRespawner] (PRIDummy) :: Item [3] is hard to place, performance drops: "GhillieBushrag_Mossy"
12:20:24.953 !!! [CE][Point] Removing 7157.763184, 11554.860352 from Land_jmc_military_lootcase
12:20:24.953 !!! [CE][Point] Removing 7178.862793, 11668.833008 from Land_jmc_military_lootcase
12:20:24.953 [CE][LootRespawner] (PRIDummy) :: Item [5] causing search overtime: "GhillieBushrag_Mossy"
12:20:50.31 !!! [CE][Point] Removing 5177.536133, 9113.724609 from Land_strazni_vez
12:20:50.31 !!! [CE][Point] Removing 357.536774, 778.890076 from Land_jmc_ruinecolumn_loot
12:20:50.31 !!! [CE][Point] Removing 815.801514, 396.901947 from Land_jmc_ruinecolumn_loot
12:20:50.125 !!! [CE][Point] Removing 7178.247070, 11682.559570 from Land_BusStation_wall_bench
12:20:50.422 !!! [CE][Point] Removing 7153.399902, 11606.755859 from Land_BusStation_wall_bench
12:20:50.734 !!! [CE][Point] Removing 7166.809570, 11665.891602 from Land_BusStation_wall_bench
12:20:50.922 !!! [CE][Point] Removing 7178.079590, 11668.389648 from Land_jmc_military_lootcase
12:20:50.922 [CE][LootRespawner] (PRIDummy) :: Item [4] is hard to place, performance drops: "GhillieHood_Mossy"
12:20:50.922 [CE][LootRespawner] (PRIDummy) :: Item [5] is hard to place, performance drops: "GhillieHood_Mossy"
12:20:50.922 [CE][LootRespawner] (PRIDummy) :: Item [6] is hard to place, performance drops: "GhillieHood_Mossy"
12:20:50.922 [CE][LootRespawner] (PRIDummy) :: Item [7] is hard to place, performance drops: "GhillieHood_Mossy"
12:20:50.922 [CE][LootRespawner] (PRIDummy) :: Item [8] is hard to place, performance drops: "GhillieHood_Mossy"
12:20:50.922 [CE][LootRespawner] (PRIDummy) :: Item [9] is hard to place, performance drops: "GhillieHood_Mossy"
12:20:50.922 [CE][LootRespawner] (PRIDummy) :: Item [6] causing search overtime: "GhillieHood_Mossy"
12:20:51.31 [CE][LootRespawner] (PRIDummy) :: Item [7] causing search overtime: "Msp_CoffinBox"
12:20:51.125 [CE][LootRespawner] (PRIDummy) :: Item [8] causing search overtime: "Msp_WitchHat"
12:20:51.234 !!! [CE][Point] Removing 3748.995850, 9730.172852 from Land_jmc_cabin01
12:20:51.234 !!! [CE][Point] Removing 367.139801, 778.516052 from Land_jmc_ruinecolumn_loot
12:20:51.328 [CE][LootRespawner] (PRIDummy) :: Item [10] is hard to place, performance drops: "GhillieHood_Tan"
12:20:51.328 [CE][LootRespawner] (PRIDummy) :: Item [11] is hard to place, performance drops: "GhillieHood_Tan"
12:20:51.328 [CE][LootRespawner] (PRIDummy) :: Item [12] is hard to place, performance drops: "GhillieHood_Tan"
12:20:51.328 [CE][LootRespawner] (PRIDummy) :: Item [13] is hard to place, performance drops: "GhillieHood_Tan"
12:20:51.328 [CE][LootRespawner] (PRIDummy) :: Item [14] is hard to place, performance drops: "GhillieHood_Tan"
12:20:51.328 [CE][LootRespawner] (PRIDummy) :: Item [15] is hard to place, performance drops: "GhillieHood_Tan"
12:20:51.328 [CE][LootRespawner] (PRIDummy) :: Item [16] is hard to place, performance drops: "GhillieHood_Tan"
12:20:51.328 [CE][LootRespawner] (PRIDummy) :: Item [9] causing search overtime: "GhillieHood_Tan"
12:20:51.531 [CE][LootRespawner] (PRIDummy) :: Item [17] is hard to place, performance drops: "GhillieBushrag_Woodland"
12:20:51.531 [CE][LootRespawner] (PRIDummy) :: Item [18] is hard to place, performance drops: "GhillieBushrag_Woodland"
12:20:51.531 [CE][LootRespawner] (PRIDummy) :: Item [19] is hard to place, performance drops: "GhillieBushrag_Woodland"
12:20:51.531 [CE][LootRespawner] (PRIDummy) :: Item [10] causing search overtime: "GhillieBushrag_Woodland"
12:20:51.625 [CE][LootRespawner] (PRIDummy) :: Item [11] causing search overtime: "GhillieTop_Woodland"
12:20:51.734 [CE][LootRespawner] (PRIDummy) :: Item [12] causing search overtime: "GhillieBushrag_Mossy"
12:20:51.922 !!! [CE][Point] Removing 7180.220703, 11591.080078 from Land_jmc_skeleton_old_5
12:20:51.938 !!! [CE][Point] Removing 7160.167969, 11636.795898 from Land_jmc_skeleton_gnawed_5
12:20:52.563 [Login]: Adding player Booming4you (102696012) to login queue at position 0
12:20:52.563 [LoginMachine]: Add player Booming4you (102696012)
12:20:52.563 [StateMachine]: Player Booming4you (dpnid 102696012 uid ) Entering AuthPlayerLoginState
12:20:53.828 [StateMachine]: Player Booming4you (dpnid 102696012 uid ) State Error (AuthPlayerLoginState)
12:20:53.828 Player Unknown (102696012) kicked from server: 146 (Client has a more recent version. Please wait until server updates. (TraderPlus (PBO: PBO: C:\Program Files (x86)\Steam\steamapps\common\DayZ\!Workshop\@TraderPlus\addons\carlock.pbo (ClientVersion: 21050615 | ServerVersion: 21042916) )))
12:20:53.828 [StateMachine]: Kick player Booming4you (dpnid 102696012 uid ) State AuthPlayerLoginState
12:20:53.844 [Disconnect]: Client 102696012 early disconnect
12:20:53.844 [Disconnect]: No identity -> remove player info 102696012 
12:20:53.844 [Disconnect]: DisconnectPlayerFinish 102696012
12:20:53.844 [Disconnect]: Remove player info 102696012
12:20:53.844 [Disconnect]: Player destroy 102696012 
12:21:01.313 [IdleMode] Entering IN - save processed
=======================================================
-------------------------------------------------------
Time: 12:21:48
Exception code: C0000005 ACCESS_VIOLATION at 6B84C199
Allocator: system
graphics:  No
resolution:  160x120x32
Addons:
  MSP_Storage_crates in MuchStuffPack\MSP_Storage_crates\
  DZ_Anims_Anm_Player in DZ\anims\anm\player\
  MSP_Retextures_Data in MuchStuffPack\MSP_Retextures_Data\
  BuilderItems_Parts in @BuilderItems\Addons\parts\
  InventoryFixSolo in MuchStuffPack\InventoryFixSolo\
  BuilderItems_Sidewalks in @BuilderItems\Addons\sidewalks\
  DeerIsle_Ruinwalls in deerisle\objects\jmc_di_objects\ruinedwalls\
  DZ_Weapons_Shotguns_MP133 in DZ\weapons\shotguns\mp133\, Shotguns in Shotguns\ksg\
  DZ_Anims_Cfg in DZ\anims\cfg\
  DZ_Weapons_Supports in DZ\weapons\attachments\support\, DZ_Scripts in scripts\
  Animal_JMC_PolarBear in deerisle\animals\polarbear\
  DeerIsle_Subway in deerisle\objects\jmc_di_objects\subway\
  smpl_structures_doors in deerisle\Deerisle_Security_System\items\testhouse\
  YourPatchesHere in Loadingscreen\, CP_CBD in CannabisPlus\cbd\
  DZ_Worlds_Enoch_Navmesh in DZ\worlds\enoch\navmesh\
  Halloween in Halloween\pumpkinmask\, BPGaz in BPGaz\, KillFeed_scripts in KillFeed\
  CrSk_Land_Rover_Defender_110 in CrSk_Land_Rover_Defender_110\
  MSP_Storage_boxes in MuchStuffPack\MSP_Storage_boxes\, JM_CF_GUI in JM\CF\GUI\
  DZ_Surfaces_Deerisle in deerisle\surfaces\, CP_Seeds in CannabisPlus\seeds\
  DZ_Weapons_Firearms in DZ\weapons\firearms\, TZDefine in TZDefine\
  Leuchtturm in deerisle\objects\leuchtturm\
  BuilderItems_Whywouldanyoneusethese in @BuilderItems\Addons\water\
  Forever_Burning_Campfire in Forever_Burning_Campfire\
  DZ_Animals_AnimConfig in DZ\animals\animconfig\
  GDZ_Codelock in CodeLock\codelock\
  Munghardsgunwall in MuchStuffPack\MSP_Storage_proxies\dependency\
  deerisle_data in deerisle\data\
  BuilderItems_Bliss_Ruins in BuilderItemsBliss\ruins_bliss\
  zisb_modular_caves_for_deerisle in deerisle\objects\zisb_modular_caves_for_deerisle\
  BuilderItems_Panels in @BuilderItems\Addons\panels\
  BuilderItems_Plants in @BuilderItems\Addons\plants\
  DZ_Structures_Bliss_Specific in DZ\structures_bliss\specific\
  DZ_Gear_Consumables in DZ\gear\consumables\
  DZ_Weapons_Archery_Crossbow in DZ\weapons\archery\crossbow\
  DZ_Pistols_mkii in DZ\weapons\pistols\mkii\
  DZ_Weapons_Firearms_SaigaK in DZ\weapons\shotguns\saiga\
  shotguns in Shotguns\classicshotgun\, DZ_AI in DZ\AI\, Airdrop in Airdrop\
  Spur_Trolley_E_Kart in Spur_Troll_E_Kart\
  CP_Rollingpaper in CannabisPlus\rolling\
  BuilderItems_Rocks in @BuilderItems\Addons\rocks\, DZ_Data_Bliss in DZ\data_bliss\
  DZ_Gear_Books in DZ\gear\books\
  DZ_Weapons_Launchers_RPG7 in DZ\weapons\launchers\rpg7\
  SG556 in MachineGuns\sg556\
  BuilderItems_StaticItems in @BuilderItems\Addons\staticitems\weapons\
  Spur_TrolleyKart in Spur_TrolleyKart\
  BuilderItems_Bliss_Residential in BuilderItemsBliss\residential_bliss\
  DZ_Characters_Vests in DZ\characters\vests\
  MSP_Storage_Fridges in MuchStuffPack\MSP_Storage\fridges\
  CP_Bricks in CannabisPlus\bricks\
  Kryptons_TraderMachines in Kryptons_TraderMachines\
  BuilderItems_Items in BuilderItems\VanillaItems\
  DZ_Structures_Bliss_Industrial in DZ\structures_bliss\industrial\
  BuilderItemsBliss_Plants in BuilderItemsBliss\plants_bliss\
  DZ_Structures_Rail in DZ\structures\rail\
  DZ_Vehicles_Wheeled in DZ\vehicles\wheeled\, DZ_Water in DZ\water\
  DZ_Weapons_Firearms_M249Para in DZ\weapons\firearms\m249\
  DZ_Weapons_Melee_Blunt in DZ\weapons\melee\blunt\
  DZ_Pistols_CZ75 in DZ\weapons\pistols\cz75\
  DZ_Pistols_Flaregun in DZ\weapons\pistols\flaregun\
  deerisle_ai_spawner in deerisle\ai\spawner\
  BuilderItems_Bliss_Industrial in BuilderItemsBliss\industrial_bliss\
  Sniper in MachineGuns\califasnomad\, ToxicZone_Script in ToxicZone\
  CannabisPlus_Joint in CannabisPlus\joints\
  DZ_data_aiconfigs in DZ\data\aiconfigs\, DZ_Sounds_Weapons in DZ\sounds\weapons\
  DZ_Structures_BuildingParts in DZ\structures\Proxy_BuildingParts\
  DZ_Weapons_Firearms_M4 in DZ\weapons\firearms\m4\
  DZ_Weapons_Firearms_VSS in DZ\weapons\firearms\vss\
  DZ_Animals_ovis_aries in DZ\animals\ovis_aries\
  DZ_Animals_ovis_aries_fem in DZ\animals\ovis_aries_fem\
  DZ_Characters_Glasses in DZ\characters\glasses\
  DZ_Characters_Gloves in DZ\characters\gloves\
  Guns in Guns\deserteagle\deserteaglefalcon\
  DeerIsle_Deadbodies in deerisle\objects\jmc_di_objects\deadbodies\
  DZ_Animals_capra_hircus in DZ\animals\capra_hircus\
  DZ_Structures_Walls in DZ\structures\walls\
  DZ_Weapons_Archery_Bow_pvc in DZ\weapons\archery\bow_pvc\
  DZ_Pistols_pb6p9 in DZ\weapons\pistols\pb6p9\, CP_Bags in CannabisPlus\bags\
  BuilderItems_Residential in @BuilderItems\Addons\residential\
  BaseBuildingPlus_Letters in BaseBuildingPlus\models\letters\
  BuilderItems_Bliss_Signs in BuilderItemsBliss\signs_bliss\
  MSP_Storage_lockers in MuchStuffPack\MSP_Storage_lockers\
  DZ_AI_Bliss in DZ\AI_bliss\, ToxicZone_Data_Script in ToxicZone_Data\
  DZ_Gear_Camping in DZ\gear\camping\, DZ_Gear_Crafting in DZ\gear\crafting\
  DZ_Structures_Wrecks in DZ\structures\wrecks\
  DZ_Weapons_Firearms_CZ527 in DZ\weapons\firearms\cz527\
  DZ_Weapons_Firearms_AK74 in DZ\weapons\firearms\ak74\
  DZ_Characters_Zombies in DZ\characters\zombies\
  DZ_Structures_Bliss_Residential in DZ\structures_bliss\residential\
  DZ_Animals_bos_taurus in DZ\animals\bos_taurus\
  DeerIsle_Textures in deerisle\objects\jmc_di_objects\textures\
  DZ_Data in DZ\data\, DZ_Sounds_Effects in DZ\sounds\hpp\
  DZ_Weapons_Firearms_SKS in DZ\weapons\firearms\sks\
  DZ_Weapons_Firearms_Winchester70 in DZ\weapons\firearms\winchester70\
  DZ_Weapons_Muzzles in DZ\weapons\attachments\muzzle\
  TraderPlus_Script in TraderPlus\, DZ_Water_Bliss in DZ\water_bliss\
  BuilderItems_Walls in @BuilderItems\Addons\walls\
  DZ_Animals_capreolus_capreolus_fem in DZ\animals\capreolus_capreolus_fem\
  EarPlugs in EarPlugs\, GameLabs_Scripts in GameLabs\Scripts\
  DZ_Animals_gallus_gallus_domesticus in DZ\animals\gallus_gallus_domesticus\
  BuilderItems_Military in @BuilderItems\Addons\Military\
  DZ_Gear_Cooking in DZ\gear\cooking\, DZ_Structures_Roads in DZ\structures\roads\
  DZ_Surfaces in DZ\surfaces\
  DZ_Weapons_Firearms_Trumpet in DZ\weapons\firearms\trumpet\
  DZ_Weapons_Misc in DZ\weapons\misc\, Notes_Scripts in WRDG\Notes\Scripts\
  E_Kart_Sounds in Spur_Troll_E_Kart\sounds\
  Notes_LanguageCore in WRDG\Notes\LanguageCore\, Grenades in Grenades\
  MoreDoors_Sounds in MoreDoors\data\sound\, RPC_Scripts in JM\CF\Legacy\
  DZ_Characters_Headgear in DZ\characters\headgear\
  DZ_Structures_Industrial in DZ\structures\industrial\
  DZ_Weapons_Launchers_M203 in DZ\weapons\launchers\m203\
  DZ_Weapons_Projectiles in DZ\weapons\projectiles\
  DZ_Rocks_Bliss in DZ\rocks_bliss\
  DZ_Animals_bos_taurus_fem in DZ\animals\bos_taurus_fem\
  BuilderItems_Bridges in @BuilderItems\Addons\bridges\
  MSP_Storage_racks in MuchStuffPack\MSP_Storage_racks\
  DZ_Characters_Pants in DZ\characters\pants\
  DZ_Weapons_Firearms_MosinNagant in DZ\weapons\firearms\mosin9130\
  DZ_Pistols_DE in DZ\weapons\pistols\de\
  DZ_Weapons_Attachments_Data in DZ\weapons\attachments\data\
  DZ_Spawn_Proxies in DZ\data\proxies\
  CP_Cigarettepacks in CannabisPlus\cigarettepacks\, Notifications in Notifications\
  BaseBuildingPlus_Workbench in BaseBuildingPlus\models\workbench\
  CannabisPlus_Cigarette in CannabisPlus\cigarettes\
  BuilderItems_Scripts in BuilderItems\scripts\
  MSP_Storage_otherstorage in MuchStuffPack\MSP_Storage_otherstorage\
  DZ_Worlds_ChernarusPlus_CE in deerisle\ce\, DZ_Rocks in DZ\rocks\
  DZ_Structures_Military in DZ\structures\military\, DZ_UI in DZ\ui\
  CP_Plants in CannabisPlus\plants\, Covid in Covid\toiletroll\
  DZ_Worlds_Enoch_Data in DZ\worlds\enoch\data\
  BuilderItems_Military_Misc in @BuilderItems\Addons\Military\misc\
  DeerIsle_Shaman in deerisle\objects\shaman\
  BuilderItems_Wrecks in @BuilderItems\Addons\wrecks\
  Editor_Loader_Buildings in DayZEditorLoader\Buildings\
  DeerIsle_Signs in deerisle\objects\jmc_di_objects\signs\
  DZ_Structures_Bliss_Walls in DZ\structures_bliss\walls\
  MSP_Scripts in MuchStuffPack\MSP_Scripts\
  jmc_military_lootcases in deerisle\objects\militarycases\
  deerisle_objects_FW190 in deerisle\objects\fw190\, ktz_barrel in ktz_barrel\
  zomberry_scripts in ZomBerry\AT\scripts\
  DZ_Gear_Containers in DZ\gear\containers\, DZ_Structures in DZ\structures\data\
  DZ_Weapons_Firearms_aug in DZ\weapons\firearms\aug\
  DZ_Weapons_Melee_Blade in DZ\weapons\melee\blade\
  DZ_Weapons_Magazines in DZ\weapons\attachments\magazine\
  MSP_Clothing_Data in MuchStuffPack\MSP_Clothing_Data\
  zeroy_custom_buildings in deerisle\objects\wind_turbine\
  MSP_Garden_Data in MuchStuffPack\MSP_Garden_Data\
  VanillaPlusPlus in VanillaPPMap\, AirdropCrate in Airdrop\crate\
  Skyline_Furniture_Base in MuchStuffPack\MSP_Storage_proxies\dependency\
  DZ_Surfaces_Bliss in DZ\surfaces_bliss\, ModularVestSystem in ModularVestSystem\
  DZ_Gear_Tools in DZ\gear\tools\
  DZ_Weapons_Archery_Bow_Recurve in DZ\weapons\archery\bow_recurve\
  DZ_Pistols_Red9 in DZ\weapons\pistols\red9\
  JMC_Mjolnir in deerisle\objects\mjolnir\
  BuilderItems_Rail in @BuilderItems\Addons\rail\
  BuilderItems_Furniture in @BuilderItems\Addons\furniture\
  money in TraderPlus\data\money\
  DZ_Animals_capra_hircus_fem in DZ\animals\capra_hircus_fem\
  BuilderItems_Bliss_Specific in BuilderItemsBliss\specific_bliss\
  DZ_Structures_Furniture in DZ\structures\furniture\
  DZ_Weapons_Firearms_SVD in DZ\weapons\firearms\svd\
  DZ_Weapons_Firearms_groza in DZ\weapons\firearms\ots14\
  DZ_Weapons_Firearms_AK101 in DZ\weapons\firearms\ak101\
  Msp_Storage_Proxies in MuchStuffPack\MSP_Storage_proxies\
  MachineGuns in Guns\sr-3\, CarCover in CarCover\, Notes_Gear in WRDG\Notes\Gear\
  MSP_Storage in MuchStuffPack\MSP_Storage\
  DZ_Structures_Bliss_Roads in dz\structures_bliss\roads\
  jmc_rocks in deerisle\objects\rocks\, DZ_Worlds_Enoch_CE in DZ\worlds\enoch\ce\
  DZ_Structures_Bliss_Military in DZ\structures_bliss\military\
  Editor_Loader_Scripts in DayZEditorLoader\Scripts\
  DZ_Structures_Ruins in DZ\structures\ruins\
  DZ_Weapons_Archery in DZ\weapons\archery\
  DZ_Weapons_Firearms_pm73rak in DZ\weapons\firearms\pm73rak\
  DZ_Weapons_Firearms_Ruger1022 in DZ\weapons\firearms\ruger1022\
  CarLock_Script in CarLock\
  DeerIsle_Classic_Objects in deerisle\objects\classic_objects\
  DZ_Structures_Bliss_Rail in DZ\structures_bliss\rail\
  DZ_Characters_Heads in DZ\characters\heads\
  CompatibilityStaticObjectTraderPlus_Script in Loadingscreen\
  DZ_Gear_Optics in DZ\gear\optics\, DZ_Server_Data in DZ\server\
  DZ_Weapons_Firearms_UMP in DZ\weapons\firearms\ump45\
  DZ_Pistols_p1 in DZ\weapons\pistols\p1\
  DeerIsle_Data in deerisle\objects\jmc_di_objects\data\
  Deerisle_Security_System in deerisle\Deerisle_Security_System\
  NotificationsDefine in NotificationsDefine\, CP_scripts in CannabisPlus\
  BuilderItems_Misc in @BuilderItems\Addons\misc\, JM_CF_Scripts in JM\CF\Scripts\
  LBmaster_UndergroundLighting in LBmaster_UndergroundLighting\
  DZ_Animals_Bliss in DZ\animals_bliss\, DZ_Gear_Medical in DZ\gear\medical\
  DZ_Weapons_Explosives in DZ\weapons\explosives\
  DZ_Weapons_Firearms_Scout in DZ\weapons\firearms\scout\
  DZ_Worlds_Chernarusplus_World in DZ\worlds\chernarusplus\world\
  MSP_Deco in MuchStuffPack\MSP_Deco\, Kart_Sounds in Spur_TrolleyKart\sounds\
  SafeZone_Script in SafeZone\
  DeerIsle_AncientRuin in deerisle\objects\jmc_di_objects\ancientruin\
  BuilderItems_Ruins in @BuilderItems\Addons\ruins\
  DZ_Weapons_Animations in DZ\weapons\animations\
  DZ_Weapons_Archery_Bow_Quickie in DZ\weapons\archery\bow_quickie\
  BuilderItems_Military_Imp in @BuilderItems\Addons\Military\improvised\
  BaseBuildingPlus in BaseBuildingPlus\, PoleLight in PowerPoleLight\
  deerisle in deerisle\world\, MSP_Sports_Data in MuchStuffPack\MSP_Sports_Data\
  Mass_Textures in MuchStuffPack\MSP_Storage_proxies\dependency\
  BuilderItems_Industrial in @BuilderItems\Addons\industrial\
  DeerIsle_Aeggs in deerisle\objects\jmc_di_objects\aeggs\
  DZ_Radio in DZ\gear\radio\, DZ_Vehicles_Parts in DZ\vehicles\parts\
  DZ_Weapons_Shotguns in DZ\weapons\shotguns\
  MSP_Halloween in MuchStuffPack\MSP_Halloween\
  DZ_Characters_Backpacks in DZ\characters\backpacks\
  deerisle_navmesh in deerisle\navmesh\
  MSP_Storage_chests in MuchStuffPack\MSP_Storage_chests\
  DeerIsle_Proxies in deerisle\objects\jmc_di_objects\proxies\
  DZ_Sounds_Bliss in DZ\sounds_bliss\, CPtoken in CPTOKENS\
  BuildAnywhere_V3 in BuildAnywhere_v3\, JMC_DeerIsle_Scripts in deerisle\scripts\
  BEPrefixRemoval in BEPrefixRemoval\, DZ_Gear_Drinks in DZ\gear\drinks\
  DZ_Gear_Traps in DZ\gear\traps\, DZ_Structures_Signs in DZ\structures\signs\
  MSP_Toys_Data in MuchStuffPack\MSP_Toys_Data\
  BaseBuildingPlus_Concrete in BaseBuildingPlus\models\cement_mixer\
  CodeLock in CodeLock\, Stuff in Stuff\Cosmetics\, CP_Fruits in CannabisPlus\fruits\
  DZ_Animals_cervus_elaphus in DZ\animals\cervus_elaphus\
  BuilderItems_Specific in @BuilderItems\Addons\specific\
  Notes_GUI in WRDG\Notes\GUI\, jmc_objects in deerisle\objects\jmc_di_objects\
  DZ_Gear_Cultivation in DZ\gear\cultivation\
  DZ_Gear_Navigation in DZ\gear\navigation\
  DZ_Weapons_Firearms_FAL in DZ\weapons\firearms\fal\
  DZ_Weapons_Launchers in DZ\weapons\launchers\
  DZ_Pistols_1911 in DZ\weapons\pistols\1911\
  DZ_Weapons_Firearms_AKM in MachineGuns\ak105\
  BuilderItems_Bliss_Walls in BuilderItemsBliss\walls_bliss\
  DZ_Structures_Bliss_Ruins in DZ\structures_bliss\ruins\
  BuilderItems_Traffic in @BuilderItems\Addons\traffic\
  DZ_data_trackingconfigs in DZ\data\trackingconfigs\, DZ_Gear_Food in DZ\gear\food\
  DZ_Weapons_Firearms_IZH18 in DZ\weapons\firearms\izh18\
  DZ_Weapons_Melee_Powered in DZ\weapons\melee\powered\
  DZ_Pistols_FNX45 in DZ\weapons\pistols\fnx45\
  DZ_Pistols_Glock in DZ\weapons\pistols\glock\
  DZ_Weapons_Lights in DZ\weapons\attachments\light\, DZ_Animals in DZ\animals\
  JM_CF_Defines in JM\CF\Defines\
  DZ_Pistols_Derringer in DZ\weapons\pistols\derringer\
  TraderPlusBanking_Script in TraderPlusBanking\
  MSP_StaticMapObjects in MuchStuffPack\MSP_Signs_Data\, JM_CF_XML in JM\CF\XML\
  DZ_Pistols_Magnum in DZ\weapons\pistols\magnum\
  DZ_Animals_sus_scrofa in DZ\animals\sus_scrofa\
  machineGuns in MachineGuns\m16\attachments\
  DeerIsle_Sewer in deerisle\objects\jmc_di_objects\sewer\
  BuilderItems_Bliss_Roads in BuilderItemsBliss\roads_bliss\
  SpawnSelect_Scripts in SpawnSelect\
  DZ_Structures_Data_Bliss in DZ\structures_bliss\data\
  DZ_Animals_canis_lupus in DZ\animals\canis_lupus\, GameLabs_GUI in GameLabs\GUI\
  DZ_Characters_Tops in DZ\characters\tops\
  DZ_data_aiconfigs_bliss in DZ\data_bliss\aiconfigs\
  DZ_Plants_Bliss in DZ\plants_bliss\
  DZ_Animals_cervus_elaphus_feminam in DZ\animals\cervus_elaphus_fem\
  MuchCarKey in MuchCarKey\, DZ_ModuleZ in DZ\modulesDayz\
  DZ_Weapons_Firearms_MP5 in DZ\weapons\firearms\mp5\
  DZ_Weapons_Launchers_LAW in DZ\weapons\launchers\law\
  DZ_Weapons_Launchers_GP25 in DZ\weapons\launchers\gp25\
  DZ_Pistols in DZ\weapons\pistols\
  DZ_Weapons_Optics in DZ\weapons\attachments\optics\
  DZ_Characters_Shoes in DZ\characters\shoes\
  BuilderItems_Bliss_Rail in BuilderItemsBliss\rail_bliss\
  jmc_skeletons in deerisle\objects\skeleton\
  DZ_Animals_sus_domesticus in DZ\animals\sus_domesticus\
  DZ_Characters_Masks in DZ\characters\masks\
  DeerIsle_Basement in deerisle\objects\jmc_di_objects\basement\
  DZ_Structures_Bliss_Wrecks in DZ\structures_bliss\wrecks\
  DZ_Worlds_Enoch in DZ\worlds\enoch\world\
  DZ_Data_Data_ParticleEffects in DZ\data\data\particleeffects\
  DZ_Plants in DZ\plants\, DZ_Weapons_Ammunition in DZ\weapons\ammunition\
  DZ_Weapons_Firearms_Repeater in DZ\weapons\firearms\repeater\
  DZ_Nonlethal in DZ\weapons\nonlethal\
  BuilderItemsBliss_Rocks in BuilderItemsBliss\rocks_bliss\
  DZ_Characters_Belts in DZ\characters\belts\
  MSP_Buildings_Data in MuchStuffPack\MSP_Buildings_Data\
  DZ_Animals_capreolus_capreolus in DZ\animals\capreolus_capreolus\
  MoreDoors in MoreDoors\, DZ_Animals_ursus_arctos in DZ\animals_bliss\ursus_arctos\