

=====================================================================
== C:\Program Files (x86)\Steam\steamapps\common\DayZServer\DayZServer_x64.exe
== DayZServer_x64.exe  -cpuCount=4 -mod=@42MonthsAfter;@DeerIsle;@CF;@ZomBerryAdminTools;@CodeLock;@BuilderItems;@BuildAnywhere_v3;@Ear-Plugs;@BaseBuildingPlus;@DayZEditorLoader;@IRPLandRoverDefender110;@TeddysWeaponPack;@CannabisPlus;@ModularVestSystem;@VanillaPlusPlusMap;@VendingMachine;@TraderPlus; -config=serverDZ.cfg -port=2302 -noFilePatching -profiles=myprofile -scrAllowFileWrite -adminlog
=====================================================================
Exe timestamp: 2021/04/21 17:17:53
Current time:  2021/04/24 06:01:00

Version 1.12.153862
 6:01:00.743 [Inputs] Loading inputs default "bin/constants.xml"
 6:01:00.743 [Inputs] Loading inputs default "bin/specific.xml"
 6:01:00.743 [Inputs] Loading inputs default "EarPlugs\data\inputs.xml"
 6:01:00.743 [Inputs] Loading inputs default "LBmaster_UndergroundLighting/inputsLBmaster.xml"
 6:01:00.743 [Inputs] Loading inputs default "VanillaPPMap/data/modded_Inputs.xml"
 6:01:00.743 [Inputs] Loading inputs default "ZomBerry/AT/scripts/data/inputs.xml"
 6:01:00.743 [Inputs] Loading inputs default "DayZEditorLoader/Scripts/Data/Inputs.xml"
 6:01:00.743 [Inputs] Loading inputs default "BaseBuildingPlus/Scripts/Data/Inputs.xml"
 6:01:00.743 [Inputs] Loading inputs cfg "myprofile\Users\Survivor\Server.core.xml"
 6:01:00.743 !!! [Inputs] Cannot read inputs cfg "myprofile\Users\Survivor\Server.core.xml", parser error
 6:01:00.743 [Inputs] Loading inputs cfg "bin/core.xml"
 6:01:00.743 !!! [Inputs] Cannot load input preset "user", file does not exist
 6:01:00.743 [Inputs] Exporting inputs cfg "myprofile\Users\Survivor\Server.core.xml"
 6:01:15.920 [CE][Hive] :: Initializing OFFLINE
 6:01:15.920 [CE][Hive] :: Loading core data ... 
 6:01:15.936 [CE][CoreData] :: 7 root classes, 18 defaults, 0 updaters...
 6:01:20.162 [CE] :: WARNING :: Preset map "optics" is EMPTY.
 6:01:20.178 [CE][TypeSetup] :: 433 classes setuped...
 6:01:20.662 [CE][RegisterBind] :: 0 classes binded...
 6:01:20.662 [CE][RegisterConfig] :: 7781 config classes registered, 1 sub-counters...
 6:01:20.662 [CE][Hive] :: Loading map data ... 
 6:01:20.725 [CE][LoadPrototype] :: loaded 345 prototypes
 6:01:20.725   665 containers, 8761 points
 6:01:20.725   0 dispatches, 0 proxies
 6:01:20.725 !!! [CE][LoadPrototype] 7 groups have no points...
 6:01:20.725 [CE][LoadPrototype] :: last group name: Land_Garage_Tall...
 6:01:20.725 [CE][LoadPrototype] :: loaded 0 prototypes
 6:01:20.725   0 containers, 0 points
 6:01:20.725   0 dispatches, 0 proxies
 6:01:20.725 [CE][LoadPrototype] :: last group name: Rail9...
 6:01:21.707 [CE][LoadMap] "Group" :: loaded 7506 groups, largest group range: 34.0
 6:01:21.722 [CE][LoadMap] "Dirt" :: loaded 0 groups, largest group range: 34.0
 6:01:21.832 [CE][Links] found 2124 total links between groups, of 7506
 6:01:21.832 [CE][LoadClusters] "Cluster" :: Loading files...
 6:01:22.95 [CE][LoadClusters] :: file: "mapgroupcluster.xml", 9 types, 50000 instances
 6:01:22.349 [CE][LoadClusters] :: file: "mapgroupcluster01", 9 types, 50000 instances
 6:01:22.349   5940 failed - check Matrix "default" grid size !!!
 6:01:22.599 [CE][LoadClusters] :: file: "mapgroupcluster02", 9 types, 50000 instances
 6:01:22.599   12307 failed - check Matrix "default" grid size !!!
 6:01:22.694 [CE][LoadClusters] :: file: "mapgroupcluster03", 9 types, 15277 instances
 6:01:22.694   1372 failed - check Matrix "default" grid size !!!
 6:01:22.694 [CE][Storage] ver:21 stamp:9057, valid:yes, name:"mpmissions\Expansion.deerisle\storage_1\data\types.bin"
 6:01:22.709 [CE][Storage] ver:21 stamp:8772, valid:yes, name:"mpmissions\Expansion.deerisle\storage_1\data\types.001"
 6:01:22.725 [CE][Storage] ver:21 stamp:8770, valid:yes, name:"mpmissions\Expansion.deerisle\storage_1\data\types.002"
 6:01:22.725 [CE][Storage] Restoring file "mpmissions\Expansion.deerisle\storage_1\data\types.bin".
 6:01:22.803 !!! File "DZ\worlds\chernarusplus\ce\db/messages.xml" does not exist...
 6:01:22.803 !!! [CE][offlineDB] :: Failed to read messages file 'db/messages.xml'.
 6:01:22.803 !!! [CE][offlineDB] :: No Shutdown message present.
 6:01:22.819 [DynEvent] "LandRoverDefender" will be ignored :: failed to determine spawner type!
 6:01:22.819 valid types are:
 6:01:22.819   01 - Vehicle 
 6:01:22.819   02 - Static 
 6:01:22.819   03 - Loot 
 6:01:22.819   04 - Infected 
 6:01:22.819   05 - Animal 
 6:01:22.819   06 - Ambient 
 6:01:22.819   07 - Item 
 6:01:22.819   08 - Trajectory 
 6:01:22.819 [DynEvent] "LandRoverDefender" failed to initialize spawner - unknown type?!
 6:01:22.819 [CE][offlineDB] :: Loaded 42 dynamic events 249 total types 0 total positions.
 6:01:22.881 [CE][Storage] ver:21 stamp:9057, valid:yes, name:"mpmissions\Expansion.deerisle\storage_1\data\events.bin"
 6:01:22.881 [CE][Storage] ver:21 stamp:8772, valid:yes, name:"mpmissions\Expansion.deerisle\storage_1\data\events.001"
 6:01:22.897 [CE][Storage] ver:21 stamp:8770, valid:yes, name:"mpmissions\Expansion.deerisle\storage_1\data\events.002"
 6:01:22.897 [CE][Storage] Restoring file "mpmissions\Expansion.deerisle\storage_1\data\events.bin".
 6:01:22.897 [CE][DynamicEvent] Load  Events:[42] Primary spawners: 41 Secondary spawners: 1
 6:01:22.897 [CE][Storage] ver:25 stamp:9057, valid:yes, name:"mpmissions\Expansion.deerisle\storage_1\data\dynamic_000.bin"
 6:01:22.897 [CE][Storage] ver:25 stamp:8772, valid:yes, name:"mpmissions\Expansion.deerisle\storage_1\data\dynamic_000.001"
 6:01:22.897 [CE][Storage] ver:25 stamp:8770, valid:yes, name:"mpmissions\Expansion.deerisle\storage_1\data\dynamic_000.002"
 6:01:22.897 [CE][Storage] Restoring file "mpmissions\Expansion.deerisle\storage_1\data\dynamic_000.bin" 461 items.
 6:01:23.165   461 items loaded.
 6:01:23.165 [CE][Storage] ver:25 stamp:9057, valid:yes, name:"mpmissions\Expansion.deerisle\storage_1\data\dynamic_001.bin"
 6:01:23.181 [CE][Storage] ver:25 stamp:8772, valid:yes, name:"mpmissions\Expansion.deerisle\storage_1\data\dynamic_001.001"
 6:01:23.181 [CE][Storage] ver:25 stamp:8770, valid:yes, name:"mpmissions\Expansion.deerisle\storage_1\data\dynamic_001.002"
 6:01:23.181 [CE][Storage] Restoring file "mpmissions\Expansion.deerisle\storage_1\data\dynamic_001.bin" 1275 items.
 6:01:23.760   1275 items loaded.
 6:01:23.760 [CE][Storage] ver:25 stamp:9057, valid:yes, name:"mpmissions\Expansion.deerisle\storage_1\data\dynamic_002.bin"
 6:01:23.760 [CE][Storage] ver:25 stamp:8772, valid:yes, name:"mpmissions\Expansion.deerisle\storage_1\data\dynamic_002.001"
 6:01:23.760 [CE][Storage] ver:25 stamp:8770, valid:yes, name:"mpmissions\Expansion.deerisle\storage_1\data\dynamic_002.002"
 6:01:23.760 [CE][Storage] Restoring file "mpmissions\Expansion.deerisle\storage_1\data\dynamic_002.bin" 2450 items.
 6:01:24.593   2450 items loaded.
 6:01:24.593 [CE][Storage] ver:25 stamp:9057, valid:yes, name:"mpmissions\Expansion.deerisle\storage_1\data\dynamic_003.bin"
 6:01:24.609 [CE][Storage] ver:25 stamp:8772, valid:yes, name:"mpmissions\Expansion.deerisle\storage_1\data\dynamic_003.001"
 6:01:24.609 [CE][Storage] ver:25 stamp:8770, valid:yes, name:"mpmissions\Expansion.deerisle\storage_1\data\dynamic_003.002"
 6:01:24.609 [CE][Storage] Restoring file "mpmissions\Expansion.deerisle\storage_1\data\dynamic_003.bin" 3192 items.
 6:01:25.524   3192 items loaded.
 6:01:25.524 [CE][Storage] ver:25 stamp:9057, valid:yes, name:"mpmissions\Expansion.deerisle\storage_1\data\dynamic_004.bin"
 6:01:25.524 [CE][Storage] ver:25 stamp:8772, valid:yes, name:"mpmissions\Expansion.deerisle\storage_1\data\dynamic_004.001"
 6:01:25.539 [CE][Storage] ver:25 stamp:8770, valid:yes, name:"mpmissions\Expansion.deerisle\storage_1\data\dynamic_004.002"
 6:01:25.539 [CE][Storage] Restoring file "mpmissions\Expansion.deerisle\storage_1\data\dynamic_004.bin" 4936 items.
 6:01:26.763   4936 items loaded.
 6:01:26.763 [CE][Storage] ver:25 stamp:9057, valid:yes, name:"mpmissions\Expansion.deerisle\storage_1\data\dynamic_005.bin"
 6:01:26.778 [CE][Storage] ver:25 stamp:8772, valid:yes, name:"mpmissions\Expansion.deerisle\storage_1\data\dynamic_005.001"
 6:01:26.778 [CE][Storage] ver:25 stamp:8770, valid:yes, name:"mpmissions\Expansion.deerisle\storage_1\data\dynamic_005.002"
 6:01:26.778 [CE][Storage] Restoring file "mpmissions\Expansion.deerisle\storage_1\data\dynamic_005.bin" 4037 items.
 6:01:27.876   4037 items loaded.
 6:01:27.876 [CE][Storage] ver:25 stamp:9057, valid:yes, name:"mpmissions\Expansion.deerisle\storage_1\data\dynamic_006.bin"
 6:01:27.876 [CE][Storage] ver:25 stamp:8772, valid:yes, name:"mpmissions\Expansion.deerisle\storage_1\data\dynamic_006.001"
 6:01:27.891 [CE][Storage] ver:25 stamp:8770, valid:yes, name:"mpmissions\Expansion.deerisle\storage_1\data\dynamic_006.002"
 6:01:27.891 [CE][Storage] Restoring file "mpmissions\Expansion.deerisle\storage_1\data\dynamic_006.bin" 3028 items.
 6:01:28.647   3028 items loaded.
 6:01:28.647 [CE][Storage] ver:25 stamp:9057, valid:yes, name:"mpmissions\Expansion.deerisle\storage_1\data\dynamic_007.bin"
 6:01:28.647 [CE][Storage] ver:25 stamp:8772, valid:yes, name:"mpmissions\Expansion.deerisle\storage_1\data\dynamic_007.001"
 6:01:28.663 [CE][Storage] ver:25 stamp:8770, valid:yes, name:"mpmissions\Expansion.deerisle\storage_1\data\dynamic_007.002"
 6:01:28.663 [CE][Storage] Restoring file "mpmissions\Expansion.deerisle\storage_1\data\dynamic_007.bin" 2156 items.
 6:01:29.182   2156 items loaded.
 6:01:29.182 [CE][Storage] ver:25 stamp:9057, valid:yes, name:"mpmissions\Expansion.deerisle\storage_1\data\dynamic_008.bin"
 6:01:29.182 [CE][Storage] ver:25 stamp:8772, valid:yes, name:"mpmissions\Expansion.deerisle\storage_1\data\dynamic_008.001"
 6:01:29.197 [CE][Storage] ver:25 stamp:8770, valid:yes, name:"mpmissions\Expansion.deerisle\storage_1\data\dynamic_008.002"
 6:01:29.197 [CE][Storage] Restoring file "mpmissions\Expansion.deerisle\storage_1\data\dynamic_008.bin" 1186 items.
 6:01:29.495   1186 items loaded.
 6:01:29.495 [CE][Storage] ver:25 stamp:9057, valid:yes, name:"mpmissions\Expansion.deerisle\storage_1\data\dynamic_009.bin"
 6:01:29.495 [CE][Storage] ver:25 stamp:8772, valid:yes, name:"mpmissions\Expansion.deerisle\storage_1\data\dynamic_009.001"
 6:01:29.511 [CE][Storage] ver:25 stamp:8770, valid:yes, name:"mpmissions\Expansion.deerisle\storage_1\data\dynamic_009.002"
 6:01:29.511 [CE][Storage] Restoring file "mpmissions\Expansion.deerisle\storage_1\data\dynamic_009.bin" 610 items.
 6:01:29.708   610 items loaded.
 6:01:29.708 [CE][Storage] ver:25 stamp:9057, valid:yes, name:"mpmissions\Expansion.deerisle\storage_1\data\dynamic_010.bin"
 6:01:29.708 [CE][Storage] ver:25 stamp:8772, valid:yes, name:"mpmissions\Expansion.deerisle\storage_1\data\dynamic_010.001"
 6:01:29.708 [CE][Storage] ver:25 stamp:8770, valid:yes, name:"mpmissions\Expansion.deerisle\storage_1\data\dynamic_010.002"
 6:01:29.708 [CE][Storage] Restoring file "mpmissions\Expansion.deerisle\storage_1\data\dynamic_010.bin" 810 items.
 6:01:29.942   810 items loaded.
 6:01:29.942 [CE][Storage] ver:25 stamp:9057, valid:yes, name:"mpmissions\Expansion.deerisle\storage_1\data\dynamic_011.bin"
 6:01:29.942 [CE][Storage] ver:25 stamp:8772, valid:yes, name:"mpmissions\Expansion.deerisle\storage_1\data\dynamic_011.001"
 6:01:29.958 [CE][Storage] ver:25 stamp:8770, valid:yes, name:"mpmissions\Expansion.deerisle\storage_1\data\dynamic_011.002"
 6:01:29.958 [CE][Storage] Restoring file "mpmissions\Expansion.deerisle\storage_1\data\dynamic_011.bin" 0 items.
 6:01:29.958   0 items loaded.
 6:01:29.958 [CE][Storage] ver:26 stamp:9057, valid:yes, name:"mpmissions\Expansion.deerisle\storage_1\data\building.bin"
 6:01:29.958 [CE][Storage] ver:26 stamp:8772, valid:yes, name:"mpmissions\Expansion.deerisle\storage_1\data\building.001"
 6:01:29.958 [CE][Storage] ver:26 stamp:8770, valid:yes, name:"mpmissions\Expansion.deerisle\storage_1\data\building.002"
 6:01:29.958 [CE][Storage] Restoring file "mpmissions\Expansion.deerisle\storage_1\data\building.bin" 0 items.
 6:01:29.958   0 items loaded.
 6:01:29.973 [CE][Storage] ver:25 stamp:9057, valid:yes, name:"mpmissions\Expansion.deerisle\storage_1\data\vehicles.bin"
 6:01:29.973 [CE][Storage] ver:25 stamp:8772, valid:yes, name:"mpmissions\Expansion.deerisle\storage_1\data\vehicles.001"
 6:01:29.989 [CE][Storage] ver:25 stamp:8770, valid:yes, name:"mpmissions\Expansion.deerisle\storage_1\data\vehicles.002"
 6:01:29.989 [CE][Storage] Restoring file "mpmissions\Expansion.deerisle\storage_1\data\vehicles.bin" 159 items.
 6:01:30.904   159 items loaded.
 6:01:30.919 [CE][Hive] :: Storage load took:8.02 seconds, recovery stamp:9057
 6:01:30.919   entity: 27152, building: 0
 6:01:30.919   no lifetime: 231
 6:01:30.919   pathgraph's: 824
 6:01:30.919 [CE][Hive] :: Initializing ... 
 6:01:30.966 [CE][InitializeMap] :: initialized: 0
 6:01:30.966 [CE][Hive] :: Initializing spawners ... 
 6:01:32.208 [CE][LootRespawner] (PRIDummy) :: Initially (re)spawned:0, Nominal:28692, Total in Map: 24235 at 0 (sec)
 6:01:32.208   tests:0, repeats:0 fails:0, overtime:0
 6:01:32.208 [CE][DynEvent] :: 42 types
 6:01:32.208 [00] LandRoverDefender
 6:01:32.208 [01] AmbientHen
 6:01:32.208   Primary Spawner: "Ambient", active: yes, repeat: 1
 6:01:32.208 [02] AnimalBear
 6:01:32.208   Primary Spawner: "Animal", active: yes, repeat: 1
 6:01:32.208 [03] AnimalCow
 6:01:32.208   Primary Spawner: "Animal", active: yes, repeat: 1
 6:01:32.208 [04] AnimalDeer
 6:01:32.208   Primary Spawner: "Animal", active: yes, repeat: 1
 6:01:32.208 [05] AnimalGoat
 6:01:32.208   Primary Spawner: "Animal", active: yes, repeat: 1
 6:01:32.208 [06] AnimalPig
 6:01:32.208   Primary Spawner: "Animal", active: yes, repeat: 1
 6:01:32.208 [07] AnimalRoeDeer
 6:01:32.208   Primary Spawner: "Animal", active: yes, repeat: 1
 6:01:32.208 [08] AnimalSheep
 6:01:32.208   Primary Spawner: "Animal", active: yes, repeat: 1
 6:01:32.208 [09] AnimalWildBoar
 6:01:32.208   Primary Spawner: "Animal", active: yes, repeat: 1
 6:01:32.208 [10] AnimalWolf
 6:01:32.208   Primary Spawner: "Animal", active: yes, repeat: 1
 6:01:32.208 [11] InfectedArmy
 6:01:32.208   Primary Spawner: "Infected", active: yes, repeat: 1
 6:01:32.208 [12] InfectedCity
 6:01:32.208   Primary Spawner: "Infected", active: yes, repeat: 1
 6:01:32.208 [13] InfectedFirefighter
 6:01:32.208   Primary Spawner: "Infected", active: yes, repeat: 1
 6:01:32.208 [14] InfectedIndustrial
 6:01:32.208   Primary Spawner: "Infected", active: yes, repeat: 1
 6:01:32.208 [15] InfectedMedic
 6:01:32.208   Primary Spawner: "Infected", active: yes, repeat: 1
 6:01:32.208 [16] InfectedPolice
 6:01:32.208   Primary Spawner: "Infected", active: yes, repeat: 1
 6:01:32.208 [17] InfectedPrisoner
 6:01:32.208   Primary Spawner: "Infected", active: yes, repeat: 1
 6:01:32.208 [18] InfectedReligious
 6:01:32.208   Primary Spawner: "Infected", active: yes, repeat: 1
 6:01:32.208 [19] InfectedSolitude
 6:01:32.208   Primary Spawner: "Infected", active: yes, repeat: 1
 6:01:32.208 [20] InfectedVillage
 6:01:32.208   Primary Spawner: "Infected", active: yes, repeat: 1
 6:01:32.208 [21] ItemPlanks
 6:01:32.208   Primary Spawner: "Item", active: yes, repeat: 1
 6:01:32.208 [22] Loot
 6:01:32.208   Primary Spawner: "Loot", active: yes, repeat: 2
 6:01:32.208 [23] StaticHeliCrash
 6:01:32.208   Primary Spawner: "Vehicle", active: yes, repeat: 1
 6:01:32.208   Secondary Spawner: "Infected", active: yes, repeat: 1
 6:01:32.208 [24] StaticPoliceCar
 6:01:32.208   Primary Spawner: "Vehicle", active: yes, repeat: 1
 6:01:32.208 [25] TrajectoryApple
 6:01:32.208   Primary Spawner: "Trajectory", active: yes, repeat: 1
 6:01:32.208 [26] TrajectoryCanina
 6:01:32.208   Primary Spawner: "Trajectory", active: yes, repeat: 1
 6:01:32.208 [27] TrajectoryConiferous
 6:01:32.208   Primary Spawner: "Trajectory", active: yes, repeat: 1
 6:01:32.208 [28] TrajectoryDeciduous
 6:01:32.208   Primary Spawner: "Trajectory", active: yes, repeat: 1
 6:01:32.208 [29] TrajectoryHumus
 6:01:32.208   Primary Spawner: "Trajectory", active: yes, repeat: 1
 6:01:32.208 [30] TrajectoryPear
 6:01:32.208   Primary Spawner: "Trajectory", active: yes, repeat: 1
 6:01:32.208 [31] TrajectoryPlum
 6:01:32.208   Primary Spawner: "Trajectory", active: yes, repeat: 1
 6:01:32.208 [32] TrajectorySambucus
 6:01:32.208   Primary Spawner: "Trajectory", active: yes, repeat: 1
 6:01:32.208 [33] TrajectoryStones
 6:01:32.208   Primary Spawner: "Trajectory", active: yes, repeat: 1
 6:01:32.208 [34] VehicleCivilianSedan
 6:01:32.208   Primary Spawner: "Vehicle", active: yes, repeat: 1
 6:01:32.208 [35] VehicleHatchback02
 6:01:32.208   Primary Spawner: "Vehicle", active: yes, repeat: 1
 6:01:32.208 [36] VehicleOffroadHatchback
 6:01:32.208   Primary Spawner: "Vehicle", active: yes, repeat: 1
 6:01:32.208 [37] VehicleSedan02
 6:01:32.208   Primary Spawner: "Vehicle", active: yes, repeat: 1
 6:01:32.208 [38] VehicleTruck01
 6:01:32.208   Primary Spawner: "Vehicle", active: yes, repeat: 1
 6:01:32.208 [39] StaticVanPinkies
 6:01:32.208   Primary Spawner: "Vehicle", active: yes, repeat: 1
 6:01:32.208 [40] StaticVanAmbulance
 6:01:32.208   Primary Spawner: "Vehicle", active: yes, repeat: 1
 6:01:32.208 [41] StaticSkeletonEventspawn
 6:01:32.208   Primary Spawner: "Vehicle", active: yes, repeat: 1
 6:01:32.208 [CE][Hive] :: Initializing of spawners done.
 6:01:32.224 [CE][Hive] :: Init sequence finished.
 6:01:32.224 Player connect enabled
 6:01:32.834 [IdleMode] Entering IN - save processed
 8:41:48.134 [Login]: Adding player Derf (16789701) to login queue at position 0
 8:41:48.134 [LoginMachine]: Add player Derf (16789701)
 8:41:48.134 [StateMachine]: Player Derf (dpnid 16789701 uid ) Entering AuthPlayerLoginState
 8:41:48.431 [StateMachine]: Player Derf (dpnid 16789701 uid ) State Error (AuthPlayerLoginState)
 8:41:48.431 Player Unknown (16789701) kicked from server: 115 (#STR_ve_missing_mod
#STR_MODS0
#STR_MODS1
)
 8:41:48.431 [StateMachine]: Kick player Derf (dpnid 16789701 uid ) State AuthPlayerLoginState
 8:41:48.446 [Disconnect]: Client 16789701 early disconnect
 8:41:48.446 [Disconnect]: No identity -> remove player info 16789701 
 8:41:48.446 [Disconnect]: DisconnectPlayerFinish 16789701
 8:41:48.446 [Disconnect]: Remove player info 16789701
 8:41:48.446 [Disconnect]: Player destroy 16789701 
 8:42:54.607 [Login]: Adding player Derf (16855149) to login queue at position 0
 8:42:54.607 [LoginMachine]: Add player Derf (16855149)
 8:42:54.607 [StateMachine]: Player Derf (dpnid 16855149 uid ) Entering AuthPlayerLoginState
 8:42:54.888 [StateMachine]: Player Derf (dpnid 16855149 uid ) State Error (AuthPlayerLoginState)
 8:42:54.888 Player Unknown (16855149) kicked from server: 115 (#STR_ve_missing_mod
#STR_MODS0
#STR_MODS1
)
 8:42:54.888 [StateMachine]: Kick player Derf (dpnid 16855149 uid ) State AuthPlayerLoginState
 8:42:54.904 [Disconnect]: Client 16855149 early disconnect
 8:42:54.904 [Disconnect]: No identity -> remove player info 16855149 
 8:42:54.904 [Disconnect]: DisconnectPlayerFinish 16855149
 8:42:54.904 [Disconnect]: Remove player info 16855149
 8:42:54.904 [Disconnect]: Player destroy 16855149 
 8:45:10.352 [Login]: Adding player [TWH] Derf (16767172) to login queue at position 0
 8:45:10.352 [LoginMachine]: Add player [TWH] Derf (16767172)
 8:45:10.352 [StateMachine]: Player [TWH] Derf (dpnid 16767172 uid ) Entering AuthPlayerLoginState
 8:45:10.665 [StateMachine]: Player [TWH] Derf (dpnid 16767172 uid ) State Error (AuthPlayerLoginState)
 8:45:10.665 Player Unknown (16767172) kicked from server: 115 (#STR_ve_missing_mod
#STR_MODS0
#STR_MODS1
)
 8:45:10.665 [StateMachine]: Kick player [TWH] Derf (dpnid 16767172 uid ) State AuthPlayerLoginState
 8:45:10.681 [Disconnect]: Client 16767172 early disconnect
 8:45:10.681 [Disconnect]: No identity -> remove player info 16767172 
 8:45:10.681 [Disconnect]: DisconnectPlayerFinish 16767172
 8:45:10.681 [Disconnect]: Remove player info 16767172
 8:45:10.681 [Disconnect]: Player destroy 16767172 
 8:47:04.284 [Login]: Adding player Derf (16939549) to login queue at position 0
 8:47:04.284 [LoginMachine]: Add player Derf (16939549)
 8:47:04.284 [StateMachine]: Player Derf (dpnid 16939549 uid ) Entering AuthPlayerLoginState
 8:47:04.565 [StateMachine]: Player Derf (dpnid 16939549 uid ) State Error (AuthPlayerLoginState)
 8:47:04.565 Player Unknown (16939549) kicked from server: 115 (#STR_ve_missing_mod
#STR_MODS0
#STR_MODS1
)
 8:47:04.565 [StateMachine]: Kick player Derf (dpnid 16939549 uid ) State AuthPlayerLoginState
 8:47:04.581 [Disconnect]: Client 16939549 early disconnect
 8:47:04.581 [Disconnect]: No identity -> remove player info 16939549 
 8:47:04.581 [Disconnect]: DisconnectPlayerFinish 16939549
 8:47:04.581 [Disconnect]: Remove player info 16939549
 8:47:04.581 [Disconnect]: Player destroy 16939549 
 8:48:22.380 [Login]: Adding player Derf (17666504) to login queue at position 0
 8:48:22.380 [LoginMachine]: Add player Derf (17666504)
 8:48:22.380 [StateMachine]: Player Derf (dpnid 17666504 uid ) Entering AuthPlayerLoginState
 8:48:22.662 [StateMachine]: Player Derf (dpnid 17666504 uid ) State Error (AuthPlayerLoginState)
 8:48:22.662 Player Unknown (17666504) kicked from server: 115 (#STR_ve_missing_mod
#STR_MODS0
#STR_MODS1
)
 8:48:22.662 [StateMachine]: Kick player Derf (dpnid 17666504 uid ) State AuthPlayerLoginState
 8:48:22.678 [Disconnect]: Client 17666504 early disconnect
 8:48:22.678 [Disconnect]: No identity -> remove player info 17666504 
 8:48:22.678 [Disconnect]: DisconnectPlayerFinish 17666504
 8:48:22.678 [Disconnect]: Remove player info 17666504
 8:48:22.678 [Disconnect]: Player destroy 17666504 
 9:25:04.426 [Login]: Adding player _Mr Dom (31886325) to login queue at position 0
 9:25:04.426 [LoginMachine]: Add player _Mr Dom (31886325)
 9:25:04.426 [StateMachine]: Player _Mr Dom (dpnid 31886325 uid ) Entering AuthPlayerLoginState
 9:25:04.817 [StateMachine]: Player _Mr Dom (dpnid 31886325 uid ) State Error (AuthPlayerLoginState)
 9:25:04.817 Player Unknown (31886325) kicked from server: 115 (#STR_ve_missing_mod
#STR_MODS0
#STR_MODS1
)
 9:25:04.817 [StateMachine]: Kick player _Mr Dom (dpnid 31886325 uid ) State AuthPlayerLoginState
 9:25:04.832 [Disconnect]: Client 31886325 early disconnect
 9:25:04.832 [Disconnect]: No identity -> remove player info 31886325 
 9:25:04.832 [Disconnect]: DisconnectPlayerFinish 31886325
 9:25:04.832 [Disconnect]: Remove player info 31886325
 9:25:04.832 [Disconnect]: Player destroy 31886325 
 9:30:01.698 [Login]: Adding player _Mr Dom (28382988) to login queue at position 0
 9:30:01.698 [LoginMachine]: Add player _Mr Dom (28382988)
 9:30:01.698 [StateMachine]: Player _Mr Dom (dpnid 28382988 uid ) Entering AuthPlayerLoginState
 9:30:02.92 [StateMachine]: Player _Mr Dom (dpnid 28382988 uid ) State Error (AuthPlayerLoginState)
 9:30:02.92 Player Unknown (28382988) kicked from server: 115 (#STR_ve_missing_mod
#STR_MODS0
#STR_MODS1
)
 9:30:02.92 [StateMachine]: Kick player _Mr Dom (dpnid 28382988 uid ) State AuthPlayerLoginState
 9:30:02.107 [Disconnect]: Client 28382988 early disconnect
 9:30:02.107 [Disconnect]: No identity -> remove player info 28382988 
 9:30:02.107 [Disconnect]: DisconnectPlayerFinish 28382988
 9:30:02.107 [Disconnect]: Remove player info 28382988
 9:30:02.107 [Disconnect]: Player destroy 28382988 
10:26:41.386 [Login]: Adding player Cygnus (20261509) to login queue at position 0
10:26:41.386 [LoginMachine]: Add player Cygnus (20261509)
10:26:41.386 [StateMachine]: Player Cygnus (dpnid 20261509 uid ) Entering AuthPlayerLoginState
10:26:42.439 [StateMachine]: Player Cygnus (dpnid 20261509 uid ) Entering WaitAuthPlayerLoginState
10:26:45.513 [IdleMode] Leaving OUT
10:26:46.166 Player Cygnus connected (id=hDo_Btwm72QwlIopq6csO7iMF3JQfMqHeAzHsQsXTmo=).
10:26:46.166 Player "Cygnus" is connected (steamID=76561199063202968)
10:26:46.754 [StateMachine]: Player Cygnus (dpnid 20261509 uid hDo_Btwm72QwlIopq6csO7iMF3JQfMqHeAzHsQsXTmo=) Entering DBGetLoginTimeLoginState
10:26:46.754 [StateMachine]: Player Cygnus (dpnid 20261509 uid hDo_Btwm72QwlIopq6csO7iMF3JQfMqHeAzHsQsXTmo=) Entering DBWaitLoginTimeLoginState
10:27:01.746 [StateMachine]: Player Cygnus (dpnid 20261509 uid hDo_Btwm72QwlIopq6csO7iMF3JQfMqHeAzHsQsXTmo=) Entering DBGetCharacterLoginState
10:27:01.762 [StateMachine]: Player Cygnus (dpnid 20261509 uid hDo_Btwm72QwlIopq6csO7iMF3JQfMqHeAzHsQsXTmo=) Entering CreateNetObjectsLoginState
10:27:01.762 [StateMachine]: Player Cygnus (dpnid 20261509 uid hDo_Btwm72QwlIopq6csO7iMF3JQfMqHeAzHsQsXTmo=) Entering PreloadCamLoginState
10:27:01.762 [StateMachine]: Player Cygnus (dpnid 20261509 uid hDo_Btwm72QwlIopq6csO7iMF3JQfMqHeAzHsQsXTmo=) Entering WaitPreloadCamLoginState
10:27:07.508 [CE][LootRespawner] (PRIDummy) :: Item [0] causing search overtime: "PumpkinSeedsPack"
10:27:07.602 [CE][LootRespawner] (PRIDummy) :: Item [1] causing search overtime: "ZucchiniSeedsPack"
10:27:07.708 [CE][LootRespawner] (PRIDummy) :: Item [2] causing search overtime: "GreenBellPepper"
10:27:07.801 [CE][LootRespawner] (PRIDummy) :: Item [3] causing search overtime: "TomatoSeedsPack"
10:27:07.911 [CE][LootRespawner] (PRIDummy) :: Item [4] causing search overtime: "PepperSeedsPack"
10:27:08.07 [CE][LootRespawner] (PRIDummy) :: Item [5] causing search overtime: "TacticalBaconCan"
10:27:08.116 !!! [CE][Point] Removing 7159.990234, 11653.022461 from Land_jmc_militarycase_o_12
10:27:08.116 !!! [CE][Point] Removing 7175.418945, 11607.706055 from Land_jmc_militarycase_o_09
10:27:08.116 !!! [CE][Point] Removing 7171.539551, 11601.766602 from Land_jmc_militarycase_o_11
10:27:08.116 !!! [CE][Point] Removing 7162.553223, 11655.167969 from Land_jmc_militarycase_c_12
10:27:08.132 !!! [CE][Point] Removing 7197.381836, 11554.292969 from Land_jmc_militarycase_o_09
10:27:08.132 !!! [CE][Point] Removing 7187.367188, 11598.480469 from Land_jmc_militarycase_o_07
10:27:08.132 !!! [CE][Point] Removing 7169.088867, 11565.916992 from Land_jmc_militarycase_o_12
10:27:08.132 !!! [CE][Point] Removing 7160.758789, 11678.957031 from Land_jmc_militarycase_o_11
10:27:08.132 !!! [CE][Point] Removing 7188.186035, 11568.453125 from Land_jmc_militarycase_o_09
10:27:08.147 !!! [CE][Point] Removing 7176.464355, 11583.501953 from Land_jmc_militarycase_o_09
10:27:08.210 [CE][LootRespawner] (PRIDummy) :: Item [6] causing search overtime: "DisinfectantSpray"
10:27:08.413 !!! [CE][Point] Removing 7195.206543, 11575.607422 from Land_BusStation_wall_bench
10:27:08.413 !!! [CE][Point] Removing 7266.000488, 11605.139648 from Land_jmc_skeleton_burned_4
10:27:08.413 !!! [CE][Point] Removing 7165.928223, 11678.539063 from Land_jmc_skeleton_old_5
10:27:08.413 !!! [CE][Point] Removing 7183.866699, 11569.283203 from Land_jmc_skeleton_old_5
10:27:08.413 !!! [CE][Point] Removing 7154.836426, 11645.380859 from Land_jmc_skeleton_old_2
10:27:08.413 !!! [CE][Point] Removing 7166.795898, 11658.012695 from Land_BusStation_wall_bench
10:27:08.413 !!! [CE][Point] Removing 7173.125977, 11590.496094 from Land_jmc_skeleton_old_1
10:27:08.413 !!! [CE][Point] Removing 7178.484375, 11591.041016 from Land_jmc_skeleton_old_4
10:27:08.413 !!! [CE][Point] Removing 7174.813965, 11590.480469 from Land_jmc_skeleton_old_2
10:27:08.413 !!! [CE][Point] Removing 7179.458008, 11682.573242 from Land_BusStation_wall_bench
10:27:08.413 !!! [CE][Point] Removing 7160.167969, 11636.795898 from Land_jmc_skeleton_gnawed_5
10:27:08.413 !!! [CE][Point] Removing 7144.927246, 11637.821289 from Land_BusStation_wall_bench
10:27:08.413 !!! [CE][Point] Removing 1485.284912, 11861.099609 from Land_jmc_skeleton_old_1
10:27:08.616 !!! [CE][Point] Removing 7178.247070, 11682.559570 from Land_BusStation_wall_bench
10:27:08.616 !!! [CE][Point] Removing 7144.937988, 11636.609375 from Land_BusStation_wall_bench
10:27:08.616 !!! [CE][Point] Removing 7174.354980, 11680.826172 from Land_BusStation_wall_bench
10:27:08.710 [CE][LootRespawner] (PRIDummy) :: Item [7] causing search overtime: "TacticalGloves_Green"
10:27:08.804 !!! [CE][Point] Removing 7103.649902, 11618.441406 from Land_jmc_militarycase_c_07
10:27:08.804 !!! [CE][Point] Removing 7158.744141, 11560.833008 from Land_jmc_militarycase_o_09
10:27:08.804 !!! [CE][Point] Removing 7154.836426, 11645.380859 from Land_jmc_skeleton_old_2
10:27:08.804 !!! [CE][Point] Removing 7182.710449, 11647.839844 from Land_jmc_militarycase_o_05
10:27:08.804 !!! [CE][Point] Removing 7158.622559, 11587.934570 from Land_jmc_militarycase_o_08
10:27:08.804 !!! [CE][Point] Removing 7190.567871, 11554.995117 from Land_jmc_militarycase_o_07
10:27:08.819 !!! [CE][Point] Removing 7183.866699, 11569.283203 from Land_jmc_skeleton_old_5
10:27:08.819 !!! [CE][Point] Removing 7178.497070, 11601.498047 from Land_jmc_militarycase_o_12
10:27:08.819 !!! [CE][Point] Removing 7180.832520, 11682.396484 from Land_jmc_militarycase_o_08
10:27:08.819 !!! [CE][Point] Removing 7187.833008, 11672.678711 from Land_jmc_militarycase_o_12
10:27:08.913 !!! [CE][Point] Removing 7174.374023, 11679.615234 from Land_BusStation_wall_bench
10:27:08.913 !!! [CE][Point] Removing 7193.995605, 11575.596680 from Land_BusStation_wall_bench
10:27:08.913 !!! [CE][Point] Removing 7166.782227, 11659.223633 from Land_BusStation_wall_bench
10:27:08.913 [CE][LootRespawner] (PRIDummy) :: Item [0] is hard to place, performance drops: "ManSuit_White"
10:27:09.105 !!! [CE][Point] Removing 7169.149414, 11583.397461 from Land_jmc_militarycase_o_08
10:27:09.105 !!! [CE][Point] Removing 7187.242676, 11607.349609 from Land_jmc_militarycase_o_07
10:27:09.105 !!! [CE][Point] Removing 7103.856934, 11620.941406 from Land_jmc_militarycase_o_07
10:27:09.215 !!! [CE][Point] Removing 7191.864746, 11588.292969 from Land_jmc_militarycase_o_11
10:27:09.215 !!! [CE][Point] Removing 7160.754395, 11616.364258 from Land_jmc_militarycase_o_08
10:27:09.215 !!! [CE][Point] Removing 7151.122559, 11563.342773 from Land_jmc_militarycase_c_12
10:27:09.215 !!! [CE][Point] Removing 7267.477051, 11615.902344 from Land_jmc_militarycase_o_09
10:27:09.309 !!! [CE][Point] Removing 7179.251953, 11685.856445 from Land_jmc_military_lootcase
10:27:09.309 !!! [CE][Point] Removing 7179.178711, 11631.274414 from Land_jmc_militarycase_o_11
10:27:09.403 [CE][LootRespawner] (PRIDummy) :: Item [8] causing search overtime: "SurgicalGloves_Blue"
10:27:21.284 [StateMachine]: Player Cygnus (dpnid 20261509 uid hDo_Btwm72QwlIopq6csO7iMF3JQfMqHeAzHsQsXTmo=) Entering GetLoadedCharLoginState
10:27:24.650 <LOAD EXISTING CHAR>:
    charID 3
    playerID 3
    dpnid 20261509
    uid hDo_Btwm72QwlIopq6csO7iMF3JQfMqHeAzHsQsXTmo=
10:27:37.756 !!! [CE][Point] Removing 7181.748535, 11579.876953 from Land_jmc_militarycase_o_05
10:27:37.756 !!! [CE][Point] Removing 7176.039551, 11591.428711 from Land_jmc_militarycase_o_07
10:27:37.756 !!! [CE][Point] Removing 7190.909668, 11605.926758 from Land_jmc_militarycase_o_05
10:27:37.756 !!! [CE][Point] Removing 7179.108887, 11677.737305 from Land_jmc_militarycase_o_07
10:27:37.851 !!! [CE][Point] Removing 7176.039063, 11586.541016 from Land_jmc_militarycase_o_06
10:27:37.851 !!! [CE][Point] Removing 7192.053223, 11560.669922 from Land_jmc_militarycase_o_05
10:27:37.851 !!! [CE][Point] Removing 7187.147461, 11662.458984 from Land_jmc_militarycase_o_11
10:27:37.851 !!! [CE][Point] Removing 7151.554199, 11568.265625 from Land_jmc_militarycase_o_05
10:27:38.54 [CE][LootRespawner] (PRIDummy) :: Item [9] causing search overtime: "MedicalScrubsShirt_Blue"
10:27:38.151 !!! [CE][Point] Removing 7173.956055, 11646.958008 from Land_jmc_militarycase_o_08
10:27:38.151 !!! [CE][Point] Removing 7158.818848, 11563.338867 from Land_jmc_militarycase_o_08
10:27:38.151 !!! [CE][Point] Removing 7156.099121, 11587.857422 from Land_jmc_militarycase_o_08
10:27:38.260 !!! [CE][Point] Removing 7174.813965, 11590.480469 from Land_jmc_skeleton_old_2
10:27:38.260 !!! [CE][Point] Removing 7178.484375, 11591.041016 from Land_jmc_skeleton_old_4
10:27:38.260 !!! [CE][Point] Removing 7173.125977, 11590.496094 from Land_jmc_skeleton_old_1
10:27:38.260 !!! [CE][Point] Removing 7154.836426, 11645.380859 from Land_jmc_skeleton_old_2
10:27:38.260 !!! [CE][Point] Removing 7183.866699, 11569.283203 from Land_jmc_skeleton_old_5
10:27:38.260 !!! [CE][Point] Removing 7178.958984, 11685.918945 from Land_jmc_military_lootcase
10:27:38.260 !!! [CE][Point] Removing 7165.928223, 11678.539063 from Land_jmc_skeleton_old_5
10:27:38.260 !!! [CE][Point] Removing 7194.047363, 11553.902344 from Land_jmc_militarycase_o_12
10:27:38.260 !!! [CE][Point] Removing 7266.000488, 11605.139648 from Land_jmc_skeleton_burned_4
10:27:38.354 [CE][LootRespawner] (PRIDummy) :: Item [10] causing search overtime: "SurgicalGloves_Blue"
10:27:38.448 !!! [CE][Point] Removing 7191.696777, 11590.946289 from Land_jmc_militarycase_o_08
10:27:38.448 !!! [CE][Point] Removing 7171.429688, 11648.979492 from Land_jmc_militarycase_o_08
10:27:38.448 !!! [CE][Point] Removing 7151.377441, 11610.114258 from Land_jmc_militarycase_o_08
10:27:38.557 !!! [CE][Point] Removing 7178.079102, 11686.108398 from Land_jmc_military_lootcase
10:27:38.557 !!! [CE][Point] Removing 7162.398438, 11656.876953 from Land_jmc_militarycase_o_05
10:27:38.651 !!! [CE][Point] Removing 845.757446, 390.945465 from Land_jmc_ruinecolumn_loot
10:27:38.651 !!! [CE][Point] Removing 1536.132446, 11920.790039 from Land_jmc_militarycase_c_09
10:27:38.854 !!! [CE][Point] Removing 7160.169434, 11657.359375 from Land_jmc_militarycase_o_08
10:27:38.854 !!! [CE][Point] Removing 7164.669922, 11664.787109 from Land_jmc_militarycase_o_09
10:27:38.948 !!! [CE][Point] Removing 735.996948, 328.766541 from Land_jmc_ruinecolumn_loot
10:27:39.58 !!! [CE][Point] Removing 736.312439, 329.511902 from Land_jmc_ruinecolumn_loot
10:27:39.154 !!! [CE][Point] Removing 845.387634, 391.575348 from Land_jmc_ruinecolumn_loot
10:27:39.351 [CE][LootRespawner] (PRIDummy) :: Item [11] causing search overtime: "ZucchiniSeedsPack"
10:27:39.460 [CE][LootRespawner] (PRIDummy) :: Item [12] causing search overtime: "GreenBellPepper"
10:27:39.554 [CE][LootRespawner] (PRIDummy) :: Item [13] causing search overtime: "TomatoSeedsPack"
10:27:39.648 [CE][LootRespawner] (PRIDummy) :: Item [14] causing search overtime: "PepperSeedsPack"
10:28:04.650 [CE][LootRespawner] (PRIDummy) :: Item [15] causing search overtime: "PepperSeedsPack"
10:28:04.760 [CE][LootRespawner] (PRIDummy) :: Item [16] causing search overtime: "PumpkinSeedsPack"
10:28:04.854 [CE][LootRespawner] (PRIDummy) :: Item [17] causing search overtime: "TacticalBaconCan"
10:28:04.963 !!! [CE][Point] Removing 8538.411133, 3540.558350 from Land_Boat_Small1
10:28:05.57 [CE][LootRespawner] (PRIDummy) :: Item [18] causing search overtime: "DisinfectantSpray"
10:28:05.150 [CE][LootRespawner] (PRIDummy) :: Item [19] causing search overtime: "TacticalGloves_Green"
10:28:05.357 !!! [CE][Point] Removing 7271.020996, 11623.091797 from Land_jmc_militarycase_c_07
10:28:06.148 !!! [CE][Point] Removing 7178.665527, 11685.982422 from Land_jmc_military_lootcase
10:28:32.553 !!! [CE][Point] Removing 7267.186523, 11611.096680 from Land_jmc_skeleton_burned_2
10:28:32.553 !!! [CE][Point] Removing 7267.267090, 11613.797852 from Land_jmc_skeleton_burned_2
10:28:32.553 !!! [CE][Point] Removing 7160.167969, 11636.795898 from Land_jmc_skeleton_gnawed_5
10:28:32.553 !!! [CE][Point] Removing 7174.813965, 11590.480469 from Land_jmc_skeleton_old_2
10:28:32.553 !!! [CE][Point] Removing 7178.484375, 11591.041016 from Land_jmc_skeleton_old_4
10:28:32.553 !!! [CE][Point] Removing 7173.125977, 11590.496094 from Land_jmc_skeleton_old_1
10:28:32.553 !!! [CE][Point] Removing 7178.372070, 11686.045898 from Land_jmc_military_lootcase
10:28:32.553 !!! [CE][Point] Removing 7165.928223, 11678.539063 from Land_jmc_skeleton_old_5
10:28:32.569 !!! [CE][Point] Removing 7266.000488, 11605.139648 from Land_jmc_skeleton_burned_4
10:28:32.569 !!! [CE][Point] Removing 7189.465820, 11673.093750 from Land_jmc_militarycase_o_09
10:28:32.569 !!! [CE][Point] Removing 7192.060547, 11558.913086 from Land_jmc_militarycase_o_06
10:28:32.569 !!! [CE][Point] Removing 7175.900879, 11668.934570 from Land_jmc_militarycase_o_06
10:28:32.648 !!! [CE][Point] Removing 3665.854492, 9737.577148 from Land_jmc_cabin01
10:28:32.648 !!! [CE][Point] Removing 3655.837891, 9771.842773 from Land_jmc_cabin01
10:28:32.664 !!! [CE][Point] Removing 7191.911621, 11568.193359 from Land_jmc_militarycase_o_11
10:28:32.664 !!! [CE][Point] Removing 7180.220703, 11591.080078 from Land_jmc_skeleton_old_5
10:28:32.664 !!! [CE][Point] Removing 7164.317383, 11578.473633 from Land_jmc_militarycase_o_11
10:28:32.664 !!! [CE][Point] Removing 7174.094238, 11645.138672 from Land_jmc_militarycase_o_09
10:28:32.664 !!! [CE][Point] Removing 1828.525635, 8949.153320 from Land_strazni_vez
10:28:32.664 !!! [CE][Point] Removing 7176.726074, 11678.677734 from Land_jmc_militarycase_o_07
10:28:33.353 !!! [CE][Point] Removing 5217.038574, 8860.539063 from Land_Boat_Small3
10:28:33.449 !!! [CE][Point] Removing 1461.098389, 11740.947266 from Land_jmc_militarycase_o_12
10:28:58.556 !!! [CE][Point] Removing 7180.220703, 11591.080078 from Land_jmc_skeleton_old_5
10:28:58.556 !!! [CE][Point] Removing 7267.186523, 11611.096680 from Land_jmc_skeleton_burned_2
10:28:58.556 !!! [CE][Point] Removing 7267.267090, 11613.797852 from Land_jmc_skeleton_burned_2
10:28:58.556 !!! [CE][Point] Removing 1485.284912, 11861.099609 from Land_jmc_skeleton_old_1
10:28:58.556 !!! [CE][Point] Removing 7160.167969, 11636.795898 from Land_jmc_skeleton_gnawed_5
10:28:58.761 !!! [CE][Point] Removing 1433.988281, 11918.303711 from Land_jmc_militarycase_o_09
10:29:00.46 !!! [CE][Point] Removing 1485.284912, 11861.099609 from Land_jmc_skeleton_old_1
10:29:26.157 !!! [CE][Point] Removing 7131.316406, 11526.975586 from Land_Mil_Fortified_Nest_Big
10:29:26.251 !!! [CE][Point] Removing 845.760620, 391.573456 from Land_jmc_ruinecolumn_loot
10:29:26.251 !!! [CE][Point] Removing 4588.048340, 7325.891113 from Land_strazni_vez
10:29:26.266 !!! [CE][Point] Removing 5012.430664, 7031.604004 from Land_strazni_vez
10:29:26.266 !!! [CE][Point] Removing 4609.027344, 6995.481445 from Land_strazni_vez
10:29:26.451 !!! [CE][Point] Removing 7180.220703, 11591.080078 from Land_jmc_skeleton_old_5
10:29:26.451 !!! [CE][Point] Removing 7185.923340, 11596.417969 from Land_jmc_militarycase_c_07
10:29:26.451 !!! [CE][Point] Removing 7198.099609, 11595.975586 from Land_jmc_militarycase_c_07
10:29:26.451 !!! [CE][Point] Removing 7192.578125, 11554.485352 from Land_jmc_militarycase_c_12
10:29:26.466 !!! [CE][Point] Removing 7156.010742, 11555.536133 from Land_jmc_militarycase_c_12
10:29:27.161 !!! [CE][Point] Removing 5178.355957, 9112.571289 from Land_strazni_vez
10:29:27.446 !!! [CE][Point] Removing 7266.215332, 8372.380859 from SambucusBush2
10:29:52.355 [CE][LootRespawner] (PRIDummy) :: Item [1] is hard to place, performance drops: "JumpsuitJacket_Green"
10:29:52.448 !!! [CE][Point] Removing 4589.254395, 7326.842773 from Land_strazni_vez
10:29:52.448 !!! [CE][Point] Removing 5013.819824, 7032.260742 from Land_strazni_vez
10:29:52.448 !!! [CE][Point] Removing 4610.249023, 6996.196777 from Land_strazni_vez
10:29:52.464 !!! [CE][Point] Removing 1489.991333, 11846.655273 from Land_jmc_militarycase_o_07
10:29:52.464 !!! [CE][Point] Removing 255.119247, 294.482758 from Land_jmc_ruinecolumn_loot
10:29:52.464 !!! [CE][Point] Removing 751.072388, 287.481567 from Land_jmc_ruinecolumn_loot
10:29:52.464 !!! [CE][Point] Removing 1829.957397, 8948.697266 from Land_strazni_vez
10:29:52.464 !!! [CE][Point] Removing 466.206177, 262.927216 from Land_jmc_ruinecolumn_loot
10:29:52.558 [CE][LootRespawner] (PRIDummy) :: Item [2] is hard to place, performance drops: "JumpsuitPants_Red"
10:29:53.156 !!! [CE][Point] Removing 1441.068359, 11922.526367 from Land_jmc_militarycase_c_07
10:30:19.261 !!! [CE][Point] Removing 3659.596680, 9764.916992 from Land_jmc_cabin01
10:30:19.450 !!! [CE][Point] Removing 7267.186523, 11611.096680 from Land_jmc_skeleton_burned_2
10:30:19.450 !!! [CE][Point] Removing 7267.267090, 11613.797852 from Land_jmc_skeleton_burned_2
10:30:19.559 [CE][LootRespawner] (PRIDummy) :: Item [3] is hard to place, performance drops: "TrackSuitPants_Black"
10:30:19.559 [CE][LootRespawner] (PRIDummy) :: Item [4] is hard to place, performance drops: "TrackSuitPants_Black"
10:30:19.559 [CE][LootRespawner] (PRIDummy) :: Item [5] is hard to place, performance drops: "TrackSuitPants_Black"
10:30:19.559 [CE][LootRespawner] (PRIDummy) :: Item [6] is hard to place, performance drops: "TrackSuitPants_Black"
10:30:19.653 !!! [CE][Point] Removing 5178.832520, 9114.549805 from Land_strazni_vez
10:30:19.653 !!! [CE][Point] Removing 2044.621460, 9050.159180 from Land_strazni_vez
10:30:19.653 !!! [CE][Point] Removing 799.783386, 316.540375 from Land_jmc_ruinecolumn_loot
10:30:19.653 !!! [CE][Point] Removing 755.525879, 287.412567 from Land_jmc_ruinecolumn_loot
10:30:19.653 !!! [CE][Point] Removing 845.888367, 426.464386 from Land_jmc_ruinecolumn_loot
10:30:19.653 !!! [CE][Point] Removing 366.786530, 769.187073 from Land_jmc_ruinecolumn_loot
10:30:19.950 [CE][LootRespawner] (PRIDummy) :: Item [7] is hard to place, performance drops: "JumpsuitJacket_Blue"
10:30:19.950 [CE][LootRespawner] (PRIDummy) :: Item [8] is hard to place, performance drops: "JumpsuitJacket_Blue"
10:30:19.950 [CE][LootRespawner] (PRIDummy) :: Item [9] is hard to place, performance drops: "JumpsuitJacket_Blue"
10:30:20.46 !!! [CE][Point] Removing 11536.775391, 3748.261719 from Land_jmc_cabin01
10:30:20.61 [CE][LootRespawner] (PRIDummy) :: Item [10] is hard to place, performance drops: "PoliceJacketOrel"
10:30:20.249 !!! [CE][Point] Removing 3667.205322, 9745.340820 from Land_jmc_cabin01
10:30:20.249 !!! [CE][Point] Removing 7615.466797, 9937.552734 from Land_jmc_cabin01
10:30:20.265 !!! [CE][Point] Removing 3786.303955, 9675.597656 from Land_jmc_cabin01
10:30:20.265 !!! [CE][Point] Removing 3833.055664, 9606.549805 from Land_jmc_cabin01
10:30:20.358 !!! [CE][Point] Removing 7628.975098, 9945.568359 from Land_jmc_cabin01
10:30:20.358 !!! [CE][Point] Removing 3800.797363, 9668.003906 from Land_jmc_cabin01
10:30:20.358 !!! [CE][Point] Removing 5179.822754, 9112.897461 from Land_strazni_vez
10:30:20.358 !!! [CE][Point] Removing 2044.207275, 9048.714844 from Land_strazni_vez
10:30:20.749 !!! [CE][Point] Removing 254.373764, 294.167542 from Land_jmc_ruinecolumn_loot
10:30:20.749 !!! [CE][Point] Removing 751.445374, 287.479675 from Land_jmc_ruinecolumn_loot
10:30:20.858 !!! [CE][Point] Removing 465.460205, 262.925995 from Land_jmc_ruinecolumn_loot
10:30:20.952 !!! [CE][Point] Removing 845.386047, 391.261353 from Land_jmc_ruinecolumn_loot
10:30:21.551 [CE][Links] found 0 total links between groups, of 1
10:30:21.551 [CE][SpawnRandomLoot] (StaticHeliCrash) :: ChildType: Wreck_Mi8, lootmin: 10, lootmax: 20, wanted: 15
10:30:21.567 [CE][Links] found 0 total links between groups, of 2
10:30:21.567 [CE][SpawnRandomLoot] (StaticHeliCrash) :: ChildType: Wreck_Mi8, lootmin: 10, lootmax: 20, wanted: 15
10:30:21.567 [CE][Links] found 0 total links between groups, of 3
10:30:21.567 [CE][SpawnRandomLoot] (StaticHeliCrash) :: ChildType: Wreck_UH1Y, lootmin: 10, lootmax: 20, wanted: 18
10:30:21.567 [CE][Links] found 0 total links between groups, of 4
10:30:21.567 [CE][SpawnRandomLoot] (StaticHeliCrash) :: ChildType: Wreck_Mi8, lootmin: 10, lootmax: 20, wanted: 13
10:30:21.849 [CE][Links] found 0 total links between groups, of 5
10:30:21.849 [CE][SpawnRandomLoot] (StaticPoliceCar) :: ChildType: Land_Wreck_Volha_Police, lootmin: 3, lootmax: 5, wanted: 4
10:30:21.849 [CE][Links] found 0 total links between groups, of 6
10:30:21.849 [CE][SpawnRandomLoot] (StaticPoliceCar) :: ChildType: Land_Wreck_Volha_Police, lootmin: 3, lootmax: 5, wanted: 4
10:30:21.865 [CE][Links] found 0 total links between groups, of 7
10:30:21.865 [CE][SpawnRandomLoot] (StaticPoliceCar) :: ChildType: Land_Wreck_Volha_Police, lootmin: 3, lootmax: 5, wanted: 4
10:30:46.464 [CE][LootRespawner] (PRIDummy) :: Item [11] is hard to place, performance drops: "Raincoat_Green"
10:30:46.464 [CE][LootRespawner] (PRIDummy) :: Item [12] is hard to place, performance drops: "Raincoat_Green"
10:30:46.464 [CE][LootRespawner] (PRIDummy) :: Item [13] is hard to place, performance drops: "Raincoat_Green"
10:30:46.558 !!! [CE][Point] Removing 1830.085693, 8947.288086 from Land_strazni_vez
10:30:46.558 !!! [CE][Point] Removing 751.448547, 288.107666 from Land_jmc_ruinecolumn_loot
10:30:46.558 !!! [CE][Point] Removing 254.374283, 293.853546 from Land_jmc_ruinecolumn_loot
10:30:46.558 !!! [CE][Point] Removing 4610.052734, 6997.686523 from Land_strazni_vez
10:30:46.558 !!! [CE][Point] Removing 5013.100586, 7030.356934 from Land_strazni_vez
10:30:46.558 !!! [CE][Point] Removing 4590.406738, 7325.298828 from Land_strazni_vez
10:30:46.573 !!! [CE][Point] Removing 846.130432, 390.943573 from Land_jmc_ruinecolumn_loot
10:30:46.666 !!! [CE][Point] Removing 784.769409, 304.933502 from Land_jmc_ruinecolumn_loot
10:30:46.957 !!! [CE][Point] Removing 3740.359863, 9744.070313 from Land_jmc_cabin01
10:30:47.67 !!! [CE][Point] Removing 5177.536133, 9113.724609 from Land_strazni_vez
10:30:47.170 !!! [CE][Point] Removing 4608.319824, 6996.845215 from Land_strazni_vez
10:30:50.871 [CE][Links] found 0 total links between groups, of 8
10:30:50.871 [CE][SpawnRandomLoot] (StaticSkeletonEventspawn) :: ChildType: Land_jmc_skeleton_old_3, lootmin: 4, lootmax: 6, wanted: 5
10:31:13.266 [CE][LootRespawner] (PRIDummy) :: Item [14] is hard to place, performance drops: "Tripod"
10:31:13.266 !!! [CE][Point] Removing 14499.946289, 5966.665039 from Land_Castle_Gate
10:31:13.266 [CE][LootRespawner] (PRIDummy) :: Item [15] is hard to place, performance drops: "Tripod"
10:31:13.364 [CE][LootRespawner] (PRIDummy) :: Item [16] is hard to place, performance drops: "Raincoat_Red"
10:31:13.364 [CE][LootRespawner] (PRIDummy) :: Item [17] is hard to place, performance drops: "Raincoat_Red"
10:31:13.364 [CE][LootRespawner] (PRIDummy) :: Item [18] is hard to place, performance drops: "Raincoat_Red"
10:31:13.364 [CE][LootRespawner] (PRIDummy) :: Item [19] is hard to place, performance drops: "Raincoat_Red"
10:31:13.567 !!! [CE][Point] Removing 736.311707, 329.138916 from Land_jmc_ruinecolumn_loot
10:31:13.567 !!! [CE][Point] Removing 366.785492, 769.815125 from Land_jmc_ruinecolumn_loot
10:31:14.561 !!! [CE][Point] Removing 2046.026733, 9050.328125 from Land_strazni_vez
10:31:14.671 !!! [CE][Point] Removing 3682.018311, 9740.116211 from Land_jmc_cabin01
10:31:14.765 !!! [CE][Point] Removing 4588.980469, 7324.826172 from Land_strazni_vez
10:31:40.460 !!! [CE][Point] Removing 2046.131836, 9048.794922 from Land_strazni_vez
10:31:40.460 !!! [CE][Point] Removing 7177.741699, 11678.675781 from Land_jmc_militarycase_o_11
10:31:40.475 !!! [CE][Point] Removing 7173.330078, 11606.138672 from Land_jmc_militarycase_c_06
10:31:40.475 !!! [CE][Point] Removing 7174.722168, 11614.373047 from Land_jmc_militarycase_o_08
10:31:40.475 !!! [CE][Point] Removing 1828.550415, 8947.227539 from Land_strazni_vez
10:31:40.663 !!! [CE][Point] Removing 5014.596680, 7030.498047 from Land_strazni_vez
10:31:40.663 !!! [CE][Point] Removing 254.747284, 293.854156 from Land_jmc_ruinecolumn_loot
10:31:40.663 !!! [CE][Point] Removing 751.075562, 288.109558 from Land_jmc_ruinecolumn_loot
10:31:40.663 !!! [CE][Point] Removing 466.205658, 263.241211 from Land_jmc_ruinecolumn_loot
10:31:40.663 !!! [CE][Point] Removing 736.310974, 328.765900 from Land_jmc_ruinecolumn_loot
10:31:40.663 !!! [CE][Point] Removing 366.412506, 769.814453 from Land_jmc_ruinecolumn_loot
10:31:40.663 !!! [CE][Point] Removing 846.634338, 426.460602 from Land_jmc_ruinecolumn_loot
10:31:40.757 !!! [CE][Point] Removing 7133.676758, 11528.553711 from Land_Mil_Fortified_Nest_Big
10:32:06.865 !!! [CE][Point] Removing 8538.997070, 3541.500732 from Land_Boat_Small1
10:32:06.959 !!! [CE][Point] Removing 4510.918945, 7196.940430 from Land_strazni_vez
10:32:07.367 !!! [CE][Point] Removing 735.683655, 329.140137 from Land_jmc_ruinecolumn_loot
10:32:07.367 !!! [CE][Point] Removing 1503.243652, 11759.322266 from Land_jmc_militarycase_c_06
10:32:07.464 !!! [CE][Point] Removing 465.832672, 263.240601 from Land_jmc_ruinecolumn_loot
10:32:07.560 !!! [CE][Point] Removing 254.746246, 294.482147 from Land_jmc_ruinecolumn_loot
10:32:07.662 !!! [CE][Point] Removing 255.120285, 293.854767 from Land_jmc_ruinecolumn_loot
10:32:07.768 !!! [CE][Point] Removing 4509.429688, 7196.737305 from Land_strazni_vez
10:32:07.862 !!! [CE][Point] Removing 4510.069336, 7198.668945 from Land_strazni_vez
10:32:08.864 !!! [CE][Point] Removing 7244.360352, 8354.884766 from SambucusBush2
10:32:08.864 !!! [CE][Point] Removing 7266.215332, 8372.380859 from SambucusBush2
10:32:11.265 [CE][Links] found 0 total links between groups, of 9
10:32:11.265 [CE][SpawnRandomLoot] (StaticVanAmbulance) :: ChildType: Land_jmc_van_ambulance, lootmin: 4, lootmax: 6, wanted: 4
10:32:33.964 !!! [CE][Point] Removing 11532.838867, 3755.088867 from Land_jmc_cabin01
10:32:33.964 !!! [CE][Point] Removing 7623.883789, 9951.583984 from Land_jmc_cabin01
10:32:33.964 !!! [CE][Point] Removing 3795.085693, 9662.574219 from Land_jmc_cabin01
10:32:33.964 !!! [CE][Point] Removing 3825.572998, 9620.361328 from Land_jmc_cabin01
10:32:33.964 !!! [CE][Point] Removing 3799.198730, 9728.458984 from Land_jmc_cabin01
10:32:33.964 !!! [CE][Point] Removing 3748.995850, 9730.172852 from Land_jmc_cabin01
10:32:33.979 !!! [CE][Point] Removing 3670.696289, 9776.938477 from Land_jmc_cabin01
10:32:34.266 !!! [CE][Point] Removing 735.684387, 329.513153 from Land_jmc_ruinecolumn_loot
10:32:34.266 !!! [CE][Point] Removing 366.413025, 769.500488 from Land_jmc_ruinecolumn_loot
10:32:34.771 !!! [CE][Point] Removing 3748.995850, 9730.172852 from Land_jmc_cabin01
10:33:01.369 !!! [CE][Point] Removing 11547.560547, 3760.565674 from Land_jmc_cabin01
10:33:01.369 !!! [CE][Point] Removing 7595.527832, 9920.672852 from Land_jmc_cabin01
10:33:01.369 !!! [CE][Point] Removing 3659.596680, 9764.916992 from Land_jmc_cabin01
10:33:01.369 !!! [CE][Point] Removing 3741.319092, 9728.391602 from Land_jmc_cabin01
10:33:01.369 !!! [CE][Point] Removing 3814.652832, 9725.648438 from Land_jmc_cabin01
10:33:01.369 !!! [CE][Point] Removing 3839.265137, 9611.403320 from Land_jmc_cabin01
10:33:01.556 !!! [CE][Point] Removing 799.410400, 316.854370 from Land_jmc_ruinecolumn_loot
10:33:01.556 !!! [CE][Point] Removing 755.898804, 287.404785 from Land_jmc_ruinecolumn_loot
10:33:01.556 !!! [CE][Point] Removing 846.262939, 426.776489 from Land_jmc_ruinecolumn_loot
10:33:01.574 !!! [CE][Point] Removing 367.159515, 769.187744 from Land_jmc_ruinecolumn_loot
10:33:27.656 !!! [CE][Point] Removing 494.253540, 221.129608 from Land_jmc_ruinecolumn_loot
10:33:27.671 !!! [CE][Point] Removing 4508.708984, 7197.955078 from Land_strazni_vez
10:33:27.671 !!! [CE][Point] Removing 784.023438, 304.305511 from Land_jmc_ruinecolumn_loot
10:33:27.671 !!! [CE][Point] Removing 799.037415, 316.854370 from Land_jmc_ruinecolumn_loot
10:33:27.671 !!! [CE][Point] Removing 756.271729, 287.397003 from Land_jmc_ruinecolumn_loot
10:33:27.671 !!! [CE][Point] Removing 846.259766, 426.148499 from Land_jmc_ruinecolumn_loot
10:33:28.71 !!! [CE][Point] Removing 356.791840, 778.260803 from Land_jmc_ruinecolumn_loot
10:33:28.270 !!! [CE][Point] Removing 367.158997, 769.501709 from Land_jmc_ruinecolumn_loot
10:33:55.264 !!! [CE][Point] Removing 465.833710, 262.612610 from Land_jmc_ruinecolumn_loot
10:33:55.359 !!! [CE][Point] Removing 735.682922, 328.767151 from Land_jmc_ruinecolumn_loot
10:33:55.468 !!! [CE][Point] Removing 367.139282, 778.830078 from Land_jmc_ruinecolumn_loot
10:33:55.562 !!! [CE][Point] Removing 367.140320, 778.202087 from Land_jmc_ruinecolumn_loot
10:34:22.168 !!! [CE][Point] Removing 7178.340332, 11668.538086 from Land_jmc_military_lootcase
10:34:22.463 !!! [CE][Point] Removing 784.769409, 304.305511 from Land_jmc_ruinecolumn_loot
10:34:22.667 !!! [CE][Point] Removing 495.000031, 220.816833 from Land_jmc_ruinecolumn_loot
10:34:22.761 !!! [CE][Point] Removing 846.132019, 391.257568 from Land_jmc_ruinecolumn_loot
10:34:48.669 !!! [CE][Point] Removing 367.139801, 778.516052 from Land_jmc_ruinecolumn_loot
10:34:48.669 !!! [CE][Point] Removing 845.384460, 390.947357 from Land_jmc_ruinecolumn_loot
10:34:48.669 !!! [CE][Point] Removing 1160.084839, 336.746887 from Land_jmc_ruinecolumn_loot
10:34:48.669 !!! [CE][Point] Removing 254.373245, 294.481537 from Land_jmc_ruinecolumn_loot
10:34:48.669 !!! [CE][Point] Removing 750.700989, 287.797455 from Land_jmc_ruinecolumn_loot
10:34:48.669 !!! [CE][Point] Removing 465.460724, 262.612000 from Land_jmc_ruinecolumn_loot
10:34:48.669 !!! [CE][Point] Removing 735.998413, 329.512512 from Land_jmc_ruinecolumn_loot
10:34:48.669 !!! [CE][Point] Removing 367.158478, 769.815735 from Land_jmc_ruinecolumn_loot
10:34:48.669 !!! [CE][Point] Removing 356.791321, 778.574829 from Land_jmc_ruinecolumn_loot
10:34:48.669 !!! [CE][Point] Removing 845.889954, 426.778381 from Land_jmc_ruinecolumn_loot
10:34:49.359 !!! [CE][Point] Removing 1159.335571, 336.122681 from Land_jmc_ruinecolumn_loot
10:34:49.359 !!! [CE][Point] Removing 846.133606, 391.571564 from Land_jmc_ruinecolumn_loot
10:34:49.564 !!! [CE][Point] Removing 366.413544, 769.186462 from Land_jmc_ruinecolumn_loot
10:34:49.564 !!! [CE][Point] Removing 356.790802, 778.888794 from Land_jmc_ruinecolumn_loot
10:34:49.658 !!! [CE][Point] Removing 7162.830566, 11589.826172 from Land_jmc_military_lootcase
10:34:49.767 !!! [CE][Point] Removing 7164.030762, 11589.814453 from Land_jmc_military_lootcase
10:34:49.861 !!! [CE][Point] Removing 495.000549, 220.502838 from Land_jmc_ruinecolumn_loot
10:34:52.368 [CE][Links] found 0 total links between groups, of 10
10:34:52.368 [CE][SpawnRandomLoot] (StaticVanPinkies) :: ChildType: Land_jmc_van_pinkies, lootmin: 4, lootmax: 6, wanted: 5
10:34:52.368 [CE][Links] found 0 total links between groups, of 11
10:34:52.368 [CE][SpawnRandomLoot] (StaticVanPinkies) :: ChildType: Land_jmc_van_pinkies, lootmin: 4, lootmax: 6, wanted: 5
10:34:52.368 [CE][Links] found 0 total links between groups, of 12
10:34:52.368 [CE][SpawnRandomLoot] (StaticVanPinkies) :: ChildType: Land_jmc_van_pinkies, lootmin: 4, lootmax: 6, wanted: 5
10:34:52.368 [CE][Links] found 0 total links between groups, of 13
10:34:52.368 [CE][SpawnRandomLoot] (StaticVanPinkies) :: ChildType: Land_jmc_van_pinkies, lootmin: 4, lootmax: 6, wanted: 5
10:35:15.771 !!! [CE][Point] Removing 7623.883789, 9951.583984 from Land_jmc_cabin01
10:35:42.258 !!! [CE][Point] Removing 1159.338745, 336.750671 from Land_jmc_ruinecolumn_loot
10:35:42.258 !!! [CE][Point] Removing 255.119766, 294.168762 from Land_jmc_ruinecolumn_loot
10:35:42.258 !!! [CE][Point] Removing 751.446960, 287.793671 from Land_jmc_ruinecolumn_loot
10:35:42.258 !!! [CE][Point] Removing 465.459686, 263.239990 from Land_jmc_ruinecolumn_loot
10:35:42.274 !!! [CE][Point] Removing 357.164825, 778.261414 from Land_jmc_ruinecolumn_loot
10:35:42.859 !!! [CE][Point] Removing 784.023438, 304.619507 from Land_jmc_ruinecolumn_loot
10:35:42.859 !!! [CE][Point] Removing 494.626526, 221.130219 from Land_jmc_ruinecolumn_loot
10:35:43.155 !!! [CE][Point] Removing 494.999512, 221.130844 from Land_jmc_ruinecolumn_loot
10:35:43.155 !!! [CE][Point] Removing 784.396423, 304.305511 from Land_jmc_ruinecolumn_loot
10:35:43.265 !!! [CE][Point] Removing 494.254059, 220.815613 from Land_jmc_ruinecolumn_loot
10:35:43.656 !!! [CE][Point] Removing 750.699402, 287.483459 from Land_jmc_ruinecolumn_loot
10:35:43.768 !!! [CE][Point] Removing 366.766296, 778.829468 from Land_jmc_ruinecolumn_loot
10:35:43.862 !!! [CE][Point] Removing 357.537292, 778.576050 from Land_jmc_ruinecolumn_loot
10:35:44.661 [CE][Links] found 0 total links between groups, of 14
10:35:44.661 [CE][SpawnRandomLoot] (StaticPoliceCar) :: ChildType: Land_Wreck_Volha_Police, lootmin: 3, lootmax: 5, wanted: 3
10:35:44.661 [CE][Links] found 0 total links between groups, of 15
10:35:44.661 [CE][SpawnRandomLoot] (StaticPoliceCar) :: ChildType: Land_Wreck_Volha_Police, lootmin: 3, lootmax: 5, wanted: 3
10:36:09.165 !!! [CE][Point] Removing 784.769409, 304.619507 from Land_jmc_ruinecolumn_loot
10:36:09.165 !!! [CE][Point] Removing 494.254578, 220.501602 from Land_jmc_ruinecolumn_loot
10:36:09.165 !!! [CE][Point] Removing 366.394348, 778.200806 from Land_jmc_ruinecolumn_loot
10:36:09.165 !!! [CE][Point] Removing 1160.083252, 336.432892 from Land_jmc_ruinecolumn_loot
10:36:09.165 !!! [CE][Point] Removing 750.702576, 288.111450 from Land_jmc_ruinecolumn_loot
10:36:09.165 !!! [CE][Point] Removing 466.206696, 262.613220 from Land_jmc_ruinecolumn_loot
10:36:09.165 !!! [CE][Point] Removing 357.163788, 778.889465 from Land_jmc_ruinecolumn_loot
10:36:09.165 !!! [CE][Point] Removing 846.635925, 426.774597 from Land_jmc_ruinecolumn_loot
10:36:09.165 !!! [CE][Point] Removing 755.538940, 288.040436 from Land_jmc_ruinecolumn_loot
10:36:09.667 !!! [CE][Point] Removing 7176.799805, 11590.706055 from Land_jmc_skeleton_old_3
10:36:09.667 !!! [CE][Point] Removing 7159.983398, 11629.576172 from Land_jmc_skeleton_gnawed_3
10:36:09.761 !!! [CE][Point] Removing 7187.856445, 11591.089844 from Land_jmc_skeleton_old_5
10:36:10.67 !!! [CE][Point] Removing 1159.711792, 336.748779 from Land_jmc_ruinecolumn_loot
10:36:36.667 !!! [CE][Point] Removing 7150.625000, 11597.776367 from Land_jmc_skeleton_old_3
10:36:37.656 !!! [CE][Point] Removing 3814.755859, 9733.528320 from Land_jmc_cabin01
10:36:37.656 !!! [CE][Point] Removing 1160.081665, 336.118896 from Land_jmc_ruinecolumn_loot
10:36:37.672 !!! [CE][Point] Removing 7602.687012, 9917.378906 from Land_jmc_cabin01
10:36:37.672 !!! [CE][Point] Removing 11033.924805, 2295.949951 from Land_Mil_GuardShed
10:37:03.564 !!! [CE][Point] Removing 1159.708618, 336.120789 from Land_jmc_ruinecolumn_loot
10:37:03.955 !!! [CE][Point] Removing 799.037415, 316.226379 from Land_jmc_ruinecolumn_loot
10:37:03.970 !!! [CE][Point] Removing 756.278259, 287.710938 from Land_jmc_ruinecolumn_loot
10:37:04.364 !!! [CE][Point] Removing 1159.337158, 336.436676 from Land_jmc_ruinecolumn_loot
10:37:34.367 [CE][Links] found 0 total links between groups, of 16
10:37:34.367 [CE][SpawnRandomLoot] (StaticSkeletonEventspawn) :: ChildType: Land_jmc_skeleton_gnawed_3, lootmin: 4, lootmax: 6, wanted: 5
10:37:56.858 !!! [CE][Point] Removing 7604.373047, 9933.653320 from Land_jmc_cabin01
10:37:56.858 !!! [CE][Point] Removing 11035.290039, 2296.514404 from Land_Mil_GuardShed
10:37:56.858 !!! [CE][Point] Removing 366.393311, 778.828796 from Land_jmc_ruinecolumn_loot
10:37:56.858 !!! [CE][Point] Removing 11536.775391, 3748.261719 from Land_jmc_cabin01
10:37:56.873 !!! [CE][Point] Removing 494.627563, 220.502228 from Land_jmc_ruinecolumn_loot
10:37:56.873 !!! [CE][Point] Removing 784.396423, 304.933502 from Land_jmc_ruinecolumn_loot
10:37:56.873 !!! [CE][Point] Removing 799.783386, 316.226379 from Land_jmc_ruinecolumn_loot
10:37:57.870 !!! [CE][Point] Removing 7176.411133, 11630.129883 from Land_jmc_skeleton_old_2
10:37:57.870 !!! [CE][Point] Removing 7150.625000, 11597.776367 from Land_jmc_skeleton_old_3
10:37:57.870 !!! [CE][Point] Removing 7187.856445, 11591.089844 from Land_jmc_skeleton_old_5
10:38:23.960 !!! [CE][Point] Removing 572.728455, 12293.763672 from Land_jmc_skeleton_old_5
10:38:24.367 !!! [CE][Point] Removing 357.537811, 778.262085 from Land_jmc_ruinecolumn_loot
10:38:24.367 !!! [CE][Point] Removing 846.632751, 426.146606 from Land_jmc_ruinecolumn_loot
10:38:24.666 !!! [CE][Point] Removing 366.393829, 778.514832 from Land_jmc_ruinecolumn_loot
10:38:24.760 !!! [CE][Point] Removing 357.536774, 778.890076 from Land_jmc_ruinecolumn_loot
10:38:25.259 !!! [CE][Point] Removing 4763.671387, 7189.301270 from Land_Tovarna1
10:38:50.473 !!! [CE][Point] Removing 6883.699707, 2284.149902 from Land_Shed_M1
10:38:51.866 !!! [CE][Point] Removing 784.023438, 304.933502 from Land_jmc_ruinecolumn_loot
10:38:51.866 !!! [CE][Point] Removing 799.783386, 316.854370 from Land_jmc_ruinecolumn_loot
10:38:51.866 !!! [CE][Point] Removing 755.911865, 288.032654 from Land_jmc_ruinecolumn_loot
10:38:51.866 !!! [CE][Point] Removing 845.886780, 426.150391 from Land_jmc_ruinecolumn_loot
10:38:51.959 !!! [CE][Point] Removing 4916.049805, 7121.919922 from Land_Garage_Office
10:38:52.367 !!! [CE][Point] Removing 7137.980469, 8400.843750 from SambucusBush2
10:38:55.57 [CE][Links] found 0 total links between groups, of 17
10:38:55.57 [CE][SpawnRandomLoot] (StaticSkeletonEventspawn) :: ChildType: Land_jmc_skeleton_old_2, lootmin: 4, lootmax: 6, wanted: 4
10:38:55.57 [CE][Links] found 0 total links between groups, of 18
10:38:55.57 [CE][SpawnRandomLoot] (StaticSkeletonEventspawn) :: ChildType: Land_jmc_skeleton_gnawed_3, lootmin: 4, lootmax: 6, wanted: 5
10:39:17.165 !!! [CE][Point] Removing 7176.799805, 11590.706055 from Land_jmc_skeleton_old_3
10:39:17.165 !!! [CE][Point] Removing 7159.983398, 11629.576172 from Land_jmc_skeleton_gnawed_3
10:39:17.165 !!! [CE][Point] Removing 7174.921875, 11606.769531 from Land_jmc_skeleton_gnawed_3
10:39:17.181 !!! [CE][Point] Removing 7176.411133, 11630.129883 from Land_jmc_skeleton_old_2
10:39:17.667 !!! [CE][Point] Removing 7602.687012, 9917.378906 from Land_jmc_cabin01
10:39:18.266 !!! [CE][Point] Removing 7174.921875, 11606.769531 from Land_jmc_skeleton_gnawed_3
10:39:44.472 !!! [CE][Point] Removing 756.284790, 288.024872 from Land_jmc_ruinecolumn_loot
10:39:44.472 !!! [CE][Point] Removing 799.037415, 316.540375 from Land_jmc_ruinecolumn_loot
10:39:44.472 !!! [CE][Point] Removing 366.767334, 778.201416 from Land_jmc_ruinecolumn_loot
10:39:44.472 !!! [CE][Point] Removing 751.499817, 332.626251 from Land_jmc_ruinecolumn_loot
10:39:44.472 !!! [CE][Point] Removing 707.246948, 295.568237 from Land_jmc_ruinecolumn_loot
10:39:44.472 !!! [CE][Point] Removing 390.403381, 496.827148 from Land_jmc_ruinecolumn_loot
10:39:45.69 !!! [CE][Point] Removing 799.410400, 316.226379 from Land_jmc_ruinecolumn_loot
10:39:45.69 !!! [CE][Point] Removing 755.532410, 287.726501 from Land_jmc_ruinecolumn_loot
10:39:46.761 [CE][Links] found 0 total links between groups, of 19
10:39:46.761 [CE][SpawnRandomLoot] (StaticPoliceCar) :: ChildType: Land_Wreck_Volha_Police, lootmin: 3, lootmax: 5, wanted: 4
10:40:37.962 !!! [CE][Point] Removing 7194.742188, 11600.756836 from Land_BusStation_wall_bench
10:40:38.71 !!! [CE][Point] Removing 7195.953125, 11600.767578 from Land_BusStation_wall_bench
10:41:07.471 [CE][Links] found 0 total links between groups, of 20
10:41:07.471 [CE][SpawnRandomLoot] (StaticPoliceCar) :: ChildType: Land_Wreck_Volha_Police, lootmin: 3, lootmax: 5, wanted: 3
10:41:36.164 [CE][Links] found 0 total links between groups, of 21
10:41:36.164 [CE][SpawnRandomLoot] (StaticVanAmbulance) :: ChildType: Land_jmc_van_ambulance, lootmin: 4, lootmax: 6, wanted: 4
10:41:59.767 !!! [CE][Point] Removing 11034.876953, 2295.144287 from Land_Mil_GuardShed
10:42:54.465 !!! [CE][Point] Removing 7266.692383, 8370.041992 from SambucusBush2
10:43:46.168 !!! [CE][Point] Removing 8728.215820, 9377.434570 from Land_Boat_Small1
10:43:46.168 !!! [CE][Point] Removing 8549.647461, 3536.291016 from Land_Boat_Small2
10:44:14.170 !!! [CE][Point] Removing 572.728455, 12293.763672 from Land_jmc_skeleton_old_5
10:44:14.859 !!! [CE][Point] Removing 816.547485, 396.901947 from Land_jmc_ruinecolumn_loot
10:44:14.859 !!! [CE][Point] Removing 751.872803, 332.312256 from Land_jmc_ruinecolumn_loot
10:44:15.157 !!! [CE][Point] Removing 7266.215332, 8372.380859 from SambucusBush2
10:44:40.564 !!! [CE][Point] Removing 9933.457031, 11068.343750 from Land_BusStation_wall_bench
10:44:40.769 !!! [CE][Point] Removing 3839.265137, 9611.403320 from Land_jmc_cabin01
10:44:41.269 !!! [CE][Point] Removing 3814.755859, 9733.528320 from Land_jmc_cabin01
10:45:06.859 !!! [CE][Point] Removing 766.025635, 292.021790 from Land_jmc_ruinecolumn_loot
10:45:06.874 !!! [CE][Point] Removing 840.709412, 397.474823 from Land_jmc_ruinecolumn_loot
10:45:06.874 !!! [CE][Point] Removing 348.515381, 818.737244 from Land_jmc_ruinecolumn_loot
10:45:06.874 !!! [CE][Point] Removing 375.579254, 778.457153 from Land_jmc_ruinecolumn_loot
10:45:06.874 !!! [CE][Point] Removing 243.281296, 737.554199 from Land_jmc_ruinecolumn_loot
10:45:07.163 !!! [CE][Point] Removing 751.872803, 332.940247 from Land_jmc_ruinecolumn_loot
10:45:07.163 !!! [CE][Point] Removing 706.874512, 295.253632 from Land_jmc_ruinecolumn_loot
10:45:09.571 [CE][Links] found 0 total links between groups, of 22
10:45:09.571 [CE][SpawnRandomLoot] (StaticPoliceCar) :: ChildType: Land_Wreck_Volha_Police, lootmin: 3, lootmax: 5, wanted: 3
10:45:33.861 !!! [CE][Point] Removing 1801.970337, 12182.317383 from Land_Boat_Small1
10:45:38.263 [CE][Links] found 0 total links between groups, of 23
10:45:38.263 [CE][SpawnRandomLoot] (StaticVanAmbulance) :: ChildType: Land_jmc_van_ambulance, lootmin: 4, lootmax: 6, wanted: 5
10:46:00.960 !!! [CE][Point] Removing 7183.372559, 11595.216797 from Land_BusStation_wall_bench
10:46:01.558 !!! [CE][Point] Removing 7182.161621, 11595.199219 from Land_BusStation_wall_bench
10:46:56.562 !!! [CE][Point] Removing 7266.692383, 8370.041992 from SambucusBush2
10:47:21.364 !!! [CE][Point] Removing 643.497437, 276.276794 from Land_jmc_ruinecolumn_loot
10:47:21.364 !!! [CE][Point] Removing 453.256714, 677.184998 from Land_jmc_ruinecolumn_loot
10:47:21.963 !!! [CE][Point] Removing 752.245789, 332.626251 from Land_jmc_ruinecolumn_loot
10:47:21.963 !!! [CE][Point] Removing 390.777405, 496.199768 from Land_jmc_ruinecolumn_loot
10:47:22.260 !!! [CE][Point] Removing 810.023193, 390.802704 from Land_jmc_ruinecolumn_loot
10:47:50.125 !!! [CE][Point] Removing 7185.677246, 11568.532227 from Land_jmc_militarycase_o_08
10:47:50.219 !!! [CE][Point] Removing 722.975159, 380.775238 from Land_jmc_ruinecolumn_loot
10:48:15.329 !!! [CE][Point] Removing 722.606201, 380.456451 from Land_jmc_ruinecolumn_loot
10:48:16.126 !!! [CE][Point] Removing 722.233276, 380.451630 from Land_jmc_ruinecolumn_loot
10:48:17.328 !!! [CE][Point] Removing 7266.215332, 8372.380859 from SambucusBush2
10:48:42.235 !!! [CE][Point] Removing 722.979187, 380.461243 from Land_jmc_ruinecolumn_loot
10:48:42.329 !!! [CE][Point] Removing 722.225159, 381.079590 from Land_jmc_ruinecolumn_loot
10:48:42.329 !!! [CE][Point] Removing 465.247925, 296.073425 from Land_jmc_ruinecolumn_loot
10:48:42.627 !!! [CE][Point] Removing 722.598145, 381.084381 from Land_jmc_ruinecolumn_loot
10:48:42.627 !!! [CE][Point] Removing 465.993378, 296.388641 from Land_jmc_ruinecolumn_loot
10:48:43.132 !!! [CE][Point] Removing 465.994415, 295.760651 from Land_jmc_ruinecolumn_loot
10:48:43.431 !!! [CE][Point] Removing 722.971069, 381.089203 from Land_jmc_ruinecolumn_loot
10:48:43.634 !!! [CE][Point] Removing 722.229187, 380.765594 from Land_jmc_ruinecolumn_loot
10:48:43.728 !!! [CE][Point] Removing 465.620392, 296.388031 from Land_jmc_ruinecolumn_loot
10:49:10.728 !!! [CE][Point] Removing 7160.763672, 11576.671875 from Land_BusStation_wall_bench
10:49:11.737 [CE][Links] found 0 total links between groups, of 24
10:49:11.737 [CE][SpawnRandomLoot] (StaticPoliceCar) :: ChildType: Land_Wreck_Volha_Police, lootmin: 3, lootmax: 5, wanted: 3
10:49:35.934 !!! [CE][Point] Removing 7161.974609, 11576.686523 from Land_BusStation_wall_bench
10:49:38.35 !!! [CE][Point] Removing 7266.215332, 8372.380859 from SambucusBush2
10:49:40.736 [CE][Links] found 0 total links between groups, of 25
10:49:40.736 [CE][SpawnRandomLoot] (StaticSkeletonEventspawn) :: ChildType: Land_jmc_skeleton_bloody_3, lootmin: 4, lootmax: 6, wanted: 5
10:50:03.525 !!! [CE][Point] Removing 745.392090, 324.465820 from Land_jmc_ruinecolumn_loot
10:50:03.934 !!! [CE][Point] Removing 745.388916, 323.837830 from Land_jmc_ruinecolumn_loot
10:50:30.644 !!! [CE][Point] Removing 746.136475, 324.148041 from Land_jmc_ruinecolumn_loot
10:50:30.644 !!! [CE][Point] Removing 465.621429, 295.760040 from Land_jmc_ruinecolumn_loot
10:50:30.847 !!! [CE][Point] Removing 4034.814697, 15519.182617 from Land_Container_1Aoh
10:50:31.35 !!! [CE][Point] Removing 745.761902, 323.835938 from Land_jmc_ruinecolumn_loot
10:50:31.35 !!! [CE][Point] Removing 465.248444, 295.759430 from Land_jmc_ruinecolumn_loot
10:50:31.51 !!! [CE][Point] Removing 366.105774, 883.016602 from Land_jmc_ruinecolumn_loot
10:50:31.51 !!! [CE][Point] Removing 466.550415, 250.019501 from Land_jmc_ruinecolumn_loot
10:50:31.54 !!! [CE][Point] Removing 819.639160, 303.296295 from Land_jmc_ruinecolumn_loot
10:50:31.336 !!! [CE][Point] Removing 465.993896, 296.074646 from Land_jmc_ruinecolumn_loot
10:50:31.336 !!! [CE][Point] Removing 746.134888, 323.834045 from Land_jmc_ruinecolumn_loot
10:50:31.336 !!! [CE][Point] Removing 8551.832031, 3536.417480 from Land_Boat_Small2
10:50:31.635 !!! [CE][Point] Removing 465.247406, 296.387421 from Land_jmc_ruinecolumn_loot
10:50:31.635 !!! [CE][Point] Removing 746.138062, 324.462036 from Land_jmc_ruinecolumn_loot
10:50:56.739 !!! [CE][Point] Removing 3800.797363, 9668.003906 from Land_jmc_cabin01
10:50:58.540 !!! [CE][Point] Removing 745.765076, 324.463928 from Land_jmc_ruinecolumn_loot
10:50:58.747 !!! [CE][Point] Removing 7317.079590, 8557.178711 from SambucusBush2
10:51:23.643 !!! [CE][Point] Removing 745.390503, 324.151825 from Land_jmc_ruinecolumn_loot
10:51:23.643 !!! [CE][Point] Removing 810.026367, 391.430695 from Land_jmc_ruinecolumn_loot
10:51:51.238 !!! [CE][Point] Removing 453.487396, 676.971924 from Land_jmc_ruinecolumn_loot
10:52:18.40 !!! [CE][Point] Removing 643.125366, 276.250183 from Land_jmc_ruinecolumn_loot
10:52:19.439 !!! [CE][Point] Removing 7307.357422, 8597.061523 from SambucusBush2
10:52:22.137 [CE][Links] found 0 total links between groups, of 26
10:52:22.137 [CE][SpawnRandomLoot] (StaticSkeletonEventspawn) :: ChildType: Land_jmc_skeleton_clean_5, lootmin: 4, lootmax: 6, wanted: 5
10:52:22.137 [CE][Links] found 0 total links between groups, of 27
10:52:22.137 [CE][SpawnRandomLoot] (StaticSkeletonEventspawn) :: ChildType: Land_jmc_skeleton_burned_3, lootmin: 4, lootmax: 6, wanted: 5
10:52:49.185 [Login]: Adding player GalaxyPanda (18921651) to login queue at position 0
10:52:49.185 [LoginMachine]: Add player GalaxyPanda (18921651)
10:52:49.185 [StateMachine]: Player GalaxyPanda (dpnid 18921651 uid ) Entering AuthPlayerLoginState
10:52:50.537 [StateMachine]: Player GalaxyPanda (dpnid 18921651 uid ) Entering WaitAuthPlayerLoginState
10:52:52.136 Player GalaxyPanda connected (id=Pk9FmI0iGIJV90L0o-uI7ivHc45DZnNcAVX3v1GVD5Y=).
10:52:52.136 Player "GalaxyPanda" is connected (steamID=76561198169903562)
10:52:52.560 [StateMachine]: Player GalaxyPanda (dpnid 18921651 uid Pk9FmI0iGIJV90L0o-uI7ivHc45DZnNcAVX3v1GVD5Y=) Entering DBGetLoginTimeLoginState
10:52:52.560 [StateMachine]: Player GalaxyPanda (dpnid 18921651 uid Pk9FmI0iGIJV90L0o-uI7ivHc45DZnNcAVX3v1GVD5Y=) Entering DBWaitLoginTimeLoginState
10:53:07.557 [StateMachine]: Player GalaxyPanda (dpnid 18921651 uid Pk9FmI0iGIJV90L0o-uI7ivHc45DZnNcAVX3v1GVD5Y=) Entering DBGetCharacterLoginState
10:53:07.573 [StateMachine]: Player GalaxyPanda (dpnid 18921651 uid Pk9FmI0iGIJV90L0o-uI7ivHc45DZnNcAVX3v1GVD5Y=) Entering CreateNetObjectsLoginState
10:53:07.573 [StateMachine]: Player GalaxyPanda (dpnid 18921651 uid Pk9FmI0iGIJV90L0o-uI7ivHc45DZnNcAVX3v1GVD5Y=) Entering PreloadCamLoginState
10:53:07.573 [StateMachine]: Player GalaxyPanda (dpnid 18921651 uid Pk9FmI0iGIJV90L0o-uI7ivHc45DZnNcAVX3v1GVD5Y=) Entering WaitPreloadCamLoginState
10:53:12.946 !!! [CE][Point] Removing 7180.946289, 11671.265625 from Land_BusStation_wall_bench
10:53:23.891 [StateMachine]: Player GalaxyPanda (dpnid 18921651 uid Pk9FmI0iGIJV90L0o-uI7ivHc45DZnNcAVX3v1GVD5Y=) Entering GetLoadedCharLoginState
10:53:23.938 <LOAD EXISTING CHAR>:
    charID 2
    playerID 2
    dpnid 18921651
    uid Pk9FmI0iGIJV90L0o-uI7ivHc45DZnNcAVX3v1GVD5Y=
10:53:39.160 !!! [CE][Point] Removing 572.728455, 12293.763672 from Land_jmc_skeleton_old_5
10:54:06.849 !!! [CE][Point] Removing 815.801514, 397.529938 from Land_jmc_ruinecolumn_loot
10:54:59.361 !!! [CE][Point] Removing 7188.650391, 11613.719727 from Land_BusStation_wall_bench
10:55:00.863 !!! [CE][Point] Removing 5284.575195, 12307.783203 from SambucusBush2
10:55:00.863 !!! [CE][Point] Removing 7127.283691, 8390.015625 from SambucusBush2
10:55:25.762 !!! [CE][Point] Removing 390.776367, 496.827759 from Land_jmc_ruinecolumn_loot
10:55:25.762 !!! [CE][Point] Removing 811.292969, 426.307861 from Land_jmc_ruinecolumn_loot
10:55:25.762 !!! [CE][Point] Removing 367.177948, 787.916565 from Land_jmc_ruinecolumn_loot
10:55:25.762 !!! [CE][Point] Removing 313.070648, 1072.542114 from Land_jmc_ruinecolumn_loot
10:55:25.762 !!! [CE][Point] Removing 816.175354, 421.099609 from Land_jmc_ruinecolumn_loot
10:55:25.762 !!! [CE][Point] Removing 536.325745, 341.710205 from Land_jmc_ruinecolumn_loot
10:55:25.762 !!! [CE][Point] Removing 765.635620, 283.655212 from Land_jmc_ruinecolumn_loot
10:55:25.778 !!! [CE][Point] Removing 799.671143, 325.000244 from Land_jmc_ruinecolumn_loot
10:55:25.778 !!! [CE][Point] Removing 758.155396, 270.457031 from Land_jmc_ruinecolumn_loot
10:55:26.361 !!! [CE][Point] Removing 1525.467896, 11771.351563 from Land_jmc_militarycase_o_11
10:56:20.875 !!! [CE][Point] Removing 7058.466797, 11622.210938 from Land_jmc_skeleton_gnawed_2
10:57:14.473 !!! [CE][Point] Removing 7186.425293, 11595.238281 from Land_BusStation_wall_bench
10:57:41.768 !!! [CE][Point] Removing 7058.466797, 11622.210938 from Land_jmc_skeleton_gnawed_2
10:57:44.672 [CE][Links] found 0 total links between groups, of 28
10:57:44.672 [CE][SpawnRandomLoot] (StaticVanAmbulance) :: ChildType: Land_jmc_van_ambulance, lootmin: 4, lootmax: 6, wanted: 4
10:58:07.182 !!! [CE][Point] Removing 14501.569336, 5965.982910 from Land_Castle_Gate
10:58:34.970 !!! [CE][Point] Removing 642.753296, 276.223572 from Land_jmc_ruinecolumn_loot
10:59:02.74 !!! [CE][Point] Removing 3665.854492, 9737.577148 from Land_jmc_cabin01
10:59:02.986 !!! [CE][Point] Removing 5097.399414, 13231.433594 from SambucusBush2
10:59:27.782 !!! [CE][Point] Removing 190.249176, 541.869995 from Land_jmc_ruinecolumn_loot
10:59:27.782 !!! [CE][Point] Removing 390.030914, 496.512543 from Land_jmc_ruinecolumn_loot
10:59:27.782 !!! [CE][Point] Removing 811.294556, 426.621857 from Land_jmc_ruinecolumn_loot
10:59:27.782 !!! [CE][Point] Removing 367.178986, 787.288574 from Land_jmc_ruinecolumn_loot
10:59:28.484 !!! [CE][Point] Removing 366.479279, 882.703186 from Land_jmc_ruinecolumn_loot
10:59:28.783 !!! [CE][Point] Removing 366.479797, 882.389221 from Land_jmc_ruinecolumn_loot
10:59:28.971 !!! [CE][Point] Removing 365.733307, 882.701965 from Land_jmc_ruinecolumn_loot
10:59:29.283 !!! [CE][Point] Removing 366.106812, 882.388550 from Land_jmc_ruinecolumn_loot
10:59:55.879 !!! [CE][Point] Removing 366.478760, 883.017212 from Land_jmc_ruinecolumn_loot
10:59:56.178 !!! [CE][Point] Removing 365.733826, 882.387939 from Land_jmc_ruinecolumn_loot
10:59:56.272 !!! [CE][Point] Removing 365.732788, 883.015930 from Land_jmc_ruinecolumn_loot
11:00:22.675 !!! [CE][Point] Removing 643.452637, 276.903198 from Land_jmc_ruinecolumn_loot
11:01:42.574 !!! [CE][Point] Removing 8587.128906, 3481.917725 from Land_Boat_Small1
11:01:42.590 !!! [CE][Point] Removing 8550.564453, 3536.098145 from Land_Boat_Small2
11:02:11.77 !!! [CE][Point] Removing 4207.268066, 15506.392578 from Land_CementWorks_MillC
11:03:05.87 !!! [CE][Point] Removing 7209.927734, 8732.585938 from SambucusBush2
11:04:25.782 !!! [CE][Point] Removing 7477.595215, 8794.691406 from SambucusBush2
11:04:50.578 !!! [CE][Point] Removing 8969.822266, 2510.820557 from Land_Boat_Small1
11:05:44.481 !!! [CE][Point] Removing 7174.379883, 11676.623047 from Land_BusStation_wall_bench
11:05:45.187 !!! [CE][Point] Removing 7174.360840, 11677.833984 from Land_BusStation_wall_bench
11:06:11.381 !!! [CE][Point] Removing 7144.925293, 11640.919922 from Land_BusStation_wall_bench
11:06:11.975 !!! [CE][Point] Removing 751.877258, 406.070251 from Land_jmc_ruinecolumn_loot
11:06:40.879 [CE][Links] found 0 total links between groups, of 29
11:06:40.879 [CE][SpawnRandomLoot] (StaticPoliceCar) :: ChildType: Land_Wreck_Volha_Police, lootmin: 3, lootmax: 5, wanted: 4
11:07:05.91 !!! [CE][Point] Removing 8585.905273, 3483.736084 from Land_Boat_Small1
11:07:05.279 !!! [CE][Point] Removing 7166.823242, 11664.680664 from Land_BusStation_wall_bench
11:07:06.881 !!! [CE][Point] Removing 7166.809570, 11665.891602 from Land_BusStation_wall_bench
11:07:59.877 !!! [CE][Point] Removing 7174.390625, 11606.895508 from Land_jmc_militarycase_o_12
11:08:26.590 !!! [CE][Point] Removing 810.770752, 391.112915 from Land_jmc_ruinecolumn_loot
11:08:53.93 !!! [CE][Point] Removing 4650.289063, 14525.291992 from Land_jmc_skeleton_gnawed_3
11:10:41.989 !!! [CE][Point] Removing 810.399353, 391.428802 from Land_jmc_ruinecolumn_loot
11:12:28.327 !!! [CE][Point] Removing 751.503723, 406.383636 from Land_jmc_ruinecolumn_loot
11:12:28.327 !!! [CE][Point] Removing 643.080566, 276.876587 from Land_jmc_ruinecolumn_loot
11:12:28.734 !!! [CE][Point] Removing 7178.079590, 11668.389648 from Land_jmc_military_lootcase
11:12:30.335 !!! [CE][Point] Removing 8108.250977, 8635.758789 from Stones
11:13:24.131 [CE][Links] found 0 total links between groups, of 30
11:13:24.131 [CE][SpawnRandomLoot] (StaticHeliCrash) :: ChildType: Wreck_Mi8, lootmin: 10, lootmax: 20, wanted: 19
11:13:24.131 [CE][Links] found 0 total links between groups, of 31
11:13:24.131 [CE][SpawnRandomLoot] (StaticHeliCrash) :: ChildType: Wreck_Mi8, lootmin: 10, lootmax: 20, wanted: 10
11:13:24.146 [CE][Links] found 0 total links between groups, of 32
11:13:24.146 [CE][SpawnRandomLoot] (StaticHeliCrash) :: ChildType: Wreck_UH1Y, lootmin: 10, lootmax: 20, wanted: 10
11:13:24.146 [CE][Links] found 0 total links between groups, of 33
11:13:24.146 [CE][SpawnRandomLoot] (StaticHeliCrash) :: ChildType: Wreck_Mi8, lootmin: 10, lootmax: 20, wanted: 15
11:13:24.429 [CE][Links] found 0 total links between groups, of 34
11:13:24.429 [CE][SpawnRandomLoot] (StaticPoliceCar) :: ChildType: Land_Wreck_Volha_Police, lootmin: 3, lootmax: 5, wanted: 3
11:13:24.429 [CE][Links] found 0 total links between groups, of 35
11:13:24.429 [CE][SpawnRandomLoot] (StaticPoliceCar) :: ChildType: Land_Wreck_Volha_Police, lootmin: 3, lootmax: 5, wanted: 3
11:13:24.444 [CE][Links] found 0 total links between groups, of 36
11:13:24.444 [CE][SpawnRandomLoot] (StaticPoliceCar) :: ChildType: Land_Wreck_Volha_Police, lootmin: 3, lootmax: 5, wanted: 3
11:13:48.634 !!! [CE][Point] Removing 805.691467, 321.931671 from Land_jmc_ruinecolumn_loot
11:13:48.634 !!! [CE][Point] Removing 810.396179, 390.800812 from Land_jmc_ruinecolumn_loot
11:13:49.244 !!! [CE][Point] Removing 804.945496, 321.617676 from Land_jmc_ruinecolumn_loot
11:13:53.450 [CE][Links] found 0 total links between groups, of 37
11:13:53.450 [CE][SpawnRandomLoot] (StaticSkeletonEventspawn) :: ChildType: Land_jmc_skeleton_gnawed_1, lootmin: 4, lootmax: 6, wanted: 4
11:14:15.761 !!! [CE][Point] Removing 804.945496, 321.303680 from Land_jmc_ruinecolumn_loot
11:14:15.951 !!! [CE][Point] Removing 805.691467, 321.303680 from Land_jmc_ruinecolumn_loot
11:14:15.951 !!! [CE][Point] Removing 643.475037, 276.589996 from Land_jmc_ruinecolumn_loot
11:14:15.951 !!! [CE][Point] Removing 751.504822, 405.755646 from Land_jmc_ruinecolumn_loot
11:14:16.459 !!! [CE][Point] Removing 804.945496, 321.931671 from Land_jmc_ruinecolumn_loot
11:14:16.552 !!! [CE][Point] Removing 805.318481, 321.303680 from Land_jmc_ruinecolumn_loot
11:14:16.646 !!! [CE][Point] Removing 805.691467, 321.617676 from Land_jmc_ruinecolumn_loot
11:14:16.756 !!! [CE][Point] Removing 805.318481, 321.931671 from Land_jmc_ruinecolumn_loot
11:15:10.959 !!! [CE][Point] Removing 751.131287, 406.069031 from Land_jmc_ruinecolumn_loot
11:15:10.959 !!! [CE][Point] Removing 642.730896, 276.536774 from Land_jmc_ruinecolumn_loot
11:15:10.959 !!! [CE][Point] Removing 4650.289063, 14525.291992 from Land_jmc_skeleton_gnawed_3
11:15:13.851 [CE][Links] found 0 total links between groups, of 38
11:15:13.851 [CE][SpawnRandomLoot] (StaticVanAmbulance) :: ChildType: Land_jmc_van_ambulance, lootmin: 4, lootmax: 6, wanted: 4
11:16:30.462 !!! [CE][Point] Removing 8586.028320, 3482.054443 from Land_Boat_Small1
11:17:27.193 !!! [CE][Point] Removing 6013.067383, 14119.846680 from CaninaBush1
11:17:53.193 !!! [CE][Point] Removing 8108.250977, 8635.758789 from Stones
11:17:54.997 [CE][Links] found 0 total links between groups, of 39
11:17:54.997 [CE][SpawnRandomLoot] (StaticVanPinkies) :: ChildType: Land_jmc_van_pinkies, lootmin: 4, lootmax: 6, wanted: 5
11:17:55.13 [CE][Links] found 0 total links between groups, of 40
11:17:55.13 [CE][SpawnRandomLoot] (StaticVanPinkies) :: ChildType: Land_jmc_van_pinkies, lootmin: 4, lootmax: 6, wanted: 5
11:17:55.13 [CE][Links] found 0 total links between groups, of 41
11:17:55.13 [CE][SpawnRandomLoot] (StaticVanPinkies) :: ChildType: Land_jmc_van_pinkies, lootmin: 4, lootmax: 6, wanted: 5
11:17:55.13 [CE][Links] found 0 total links between groups, of 42
11:17:55.13 [CE][SpawnRandomLoot] (StaticVanPinkies) :: ChildType: Land_jmc_van_pinkies, lootmin: 4, lootmax: 6, wanted: 5
11:18:44.896 !!! [CE][Point] Removing 1452.162964, 11800.130859 from Land_jmc_skeleton_gnawed_2
11:18:45.397 !!! [CE][Point] Removing 810.923157, 426.937744 from Land_jmc_ruinecolumn_loot
11:18:47.301 [CE][Links] found 2 total links between groups, of 43
11:18:47.301 [CE][SpawnRandomLoot] (StaticPoliceCar) :: ChildType: Land_Wreck_Volha_Police, lootmin: 3, lootmax: 5, wanted: 4
11:18:47.301 [CE][Links] found 2 total links between groups, of 44
11:18:47.301 [CE][SpawnRandomLoot] (StaticPoliceCar) :: ChildType: Land_Wreck_Volha_Police, lootmin: 3, lootmax: 5, wanted: 4
11:19:12.97 !!! [CE][Point] Removing 766.004578, 283.973999 from Land_jmc_ruinecolumn_loot
11:19:12.207 !!! [CE][Point] Removing 766.008606, 283.660004 from Land_jmc_ruinecolumn_loot
11:19:39.99 !!! [CE][Point] Removing 765.258606, 283.964355 from Land_jmc_ruinecolumn_loot
11:19:39.600 !!! [CE][Point] Removing 765.627563, 284.283142 from Land_jmc_ruinecolumn_loot
11:19:39.899 !!! [CE][Point] Removing 765.254578, 284.278351 from Land_jmc_ruinecolumn_loot
11:20:05.602 !!! [CE][Point] Removing 7180.955078, 11678.092773 from Land_BusStation_wall_bench
11:20:05.602 !!! [CE][Point] Removing 766.000488, 284.287964 from Land_jmc_ruinecolumn_loot
11:20:05.711 !!! [CE][Point] Removing 7168.684082, 11588.874023 from Land_jmc_military_lootcase
11:20:07.209 !!! [CE][Point] Removing 765.262695, 283.650391 from Land_jmc_ruinecolumn_loot
11:20:07.209 !!! [CE][Point] Removing 816.547485, 397.529938 from Land_jmc_ruinecolumn_loot
11:20:08.611 !!! [CE][Point] Removing 8272.695313, 8833.505859 from CaninaBush2
11:20:32.213 !!! [CE][Point] Removing 7180.963867, 11676.881836 from Land_BusStation_wall_bench
11:20:37.11 [CE][Links] found 2 total links between groups, of 45
11:20:37.11 [CE][SpawnRandomLoot] (StaticSkeletonEventspawn) :: ChildType: Land_jmc_skeleton_gnawed_5, lootmin: 4, lootmax: 6, wanted: 4
11:21:26.416 !!! [CE][Point] Removing 3750.923828, 5820.168457 from Land_Mil_Fortified_Nest_Watchtower
11:21:30.199 !!! [CE][Point] Removing 8207.574219, 8803.392578 from Haybale
11:21:57.711 [CE][Links] found 2 total links between groups, of 46
11:21:57.711 [CE][SpawnRandomLoot] (StaticSkeletonEventspawn) :: ChildType: Land_jmc_skeleton_old_1, lootmin: 4, lootmax: 6, wanted: 4
11:21:57.711 [CE][Links] found 2 total links between groups, of 47
11:21:57.711 [CE][SpawnRandomLoot] (StaticSkeletonEventspawn) :: ChildType: Land_jmc_skeleton_burned_3, lootmin: 4, lootmax: 6, wanted: 4
11:22:20.706 !!! [CE][Point] Removing 810.024780, 391.116699 from Land_jmc_ruinecolumn_loot
11:22:21.299 !!! [CE][Point] Removing 810.769165, 390.798920 from Land_jmc_ruinecolumn_loot
11:22:21.299 !!! [CE][Point] Removing 816.174500, 396.901947 from Land_jmc_ruinecolumn_loot
11:22:49.401 [CE][Links] found 2 total links between groups, of 48
11:22:49.401 [CE][SpawnRandomLoot] (StaticPoliceCar) :: ChildType: Land_Wreck_Volha_Police, lootmin: 3, lootmax: 5, wanted: 4
11:22:50.13 !!! [CE][Point] Removing 8261.060547, 8839.488281 from CaninaBush2
11:24:10.105 [CE][Links] found 4 total links between groups, of 49
11:24:10.105 [CE][SpawnRandomLoot] (StaticPoliceCar) :: ChildType: Land_Wreck_Volha_Police, lootmin: 3, lootmax: 5, wanted: 4
11:24:11.603 !!! [CE][Point] Removing 8238.542969, 8781.473633 from Haybale
11:24:11.603 !!! [CE][Point] Removing 8238.819336, 8781.548828 from Haybale
11:24:11.603 !!! [CE][Point] Removing 8237.327148, 8781.367188 from Haybale
11:24:36.109 !!! [CE][Point] Removing 810.548584, 426.625641 from Land_jmc_ruinecolumn_loot
11:24:38.809 [CE][Links] found 4 total links between groups, of 50
11:24:38.809 [CE][SpawnRandomLoot] (StaticVanAmbulance) :: ChildType: Land_jmc_van_ambulance, lootmin: 4, lootmax: 6, wanted: 5
11:27:16.103 !!! [CE][Point] Removing 4033.464111, 15519.077148 from Land_Container_1Aoh
11:27:17.511 !!! [CE][Point] Removing 8968.174805, 2510.315918 from Land_Boat_Small1
11:28:09.710 !!! [CE][Point] Removing 376.325226, 778.458435 from Land_jmc_ruinecolumn_loot
11:28:10.209 !!! [CE][Point] Removing 376.324188, 779.086426 from Land_jmc_ruinecolumn_loot
11:28:10.603 !!! [CE][Point] Removing 376.324707, 778.772400 from Land_jmc_ruinecolumn_loot
11:28:10.714 !!! [CE][Point] Removing 375.578217, 779.085144 from Land_jmc_ruinecolumn_loot
11:28:10.808 !!! [CE][Point] Removing 375.951202, 779.085815 from Land_jmc_ruinecolumn_loot
11:28:12.206 [CE][Links] found 4 total links between groups, of 51
11:28:12.206 [CE][SpawnRandomLoot] (StaticPoliceCar) :: ChildType: Land_Wreck_Volha_Police, lootmin: 3, lootmax: 5, wanted: 3
11:28:12.803 !!! [CE][Point] Removing 8262.419922, 8841.122070 from CaninaBush2
11:28:13.711 !!! [CE][Point] Removing 8238.819336, 8781.548828 from Haybale
11:28:36.508 !!! [CE][Point] Removing 375.578735, 778.771179 from Land_jmc_ruinecolumn_loot
11:28:37.516 !!! [CE][Point] Removing 4033.881592, 15520.148438 from Land_Container_1Aoh
11:28:37.516 !!! [CE][Point] Removing 4055.478516, 15519.261719 from Land_Container_1Aoh
11:28:37.516 !!! [CE][Point] Removing 4031.999023, 15529.424805 from Land_Container_1Aoh
11:28:40.905 [CE][Links] found 4 total links between groups, of 52
11:28:40.905 [CE][SpawnRandomLoot] (StaticVanAmbulance) :: ChildType: Land_jmc_van_ambulance, lootmin: 4, lootmax: 6, wanted: 5
11:29:03.408 !!! [CE][Point] Removing 375.952240, 778.457764 from Land_jmc_ruinecolumn_loot
11:29:58.04 !!! [CE][Point] Removing 3751.343750, 5817.509277 from Land_Mil_Fortified_Nest_Watchtower
11:30:24.211 !!! [CE][Point] Removing 4033.047607, 15528.952148 from Land_Container_1Aoh
11:30:24.511 !!! [CE][Point] Removing 7189.600098, 11587.923828 from Land_jmc_military_lootcase
11:31:18.12 !!! [CE][Point] Removing 7188.241211, 11553.987305 from Land_jmc_military_lootcase
11:31:19.118 !!! [CE][Point] Removing 820.012146, 303.924286 from Land_jmc_ruinecolumn_loot
11:31:19.307 !!! [CE][Point] Removing 820.012146, 303.296295 from Land_jmc_ruinecolumn_loot
11:31:19.510 !!! [CE][Point] Removing 820.385132, 303.924286 from Land_jmc_ruinecolumn_loot
11:31:19.620 !!! [CE][Point] Removing 819.639160, 303.924286 from Land_jmc_ruinecolumn_loot
11:31:45.920 !!! [CE][Point] Removing 466.176392, 250.646881 from Land_jmc_ruinecolumn_loot
11:31:46.14 !!! [CE][Point] Removing 820.385132, 303.610291 from Land_jmc_ruinecolumn_loot
11:31:46.116 !!! [CE][Point] Removing 465.803406, 250.646271 from Land_jmc_ruinecolumn_loot
11:31:46.413 !!! [CE][Point] Removing 820.385132, 303.296295 from Land_jmc_ruinecolumn_loot
11:31:46.616 !!! [CE][Point] Removing 465.803925, 250.332275 from Land_jmc_ruinecolumn_loot
11:32:12.518 !!! [CE][Point] Removing 466.177429, 250.018890 from Land_jmc_ruinecolumn_loot
11:32:14.308 [CE][Links] found 6 total links between groups, of 53
11:32:14.308 [CE][SpawnRandomLoot] (StaticPoliceCar) :: ChildType: Land_Wreck_Volha_Police, lootmin: 3, lootmax: 5, wanted: 4
11:32:43.320 [CE][Links] found 6 total links between groups, of 54
11:32:43.320 [CE][SpawnRandomLoot] (StaticSkeletonEventspawn) :: ChildType: Land_jmc_skeleton_bloody_2, lootmin: 4, lootmax: 6, wanted: 4
11:33:05.512 !!! [CE][Point] Removing 466.549377, 250.647507 from Land_jmc_ruinecolumn_loot
11:33:05.512 !!! [CE][Point] Removing 819.639160, 303.610291 from Land_jmc_ruinecolumn_loot
11:33:06.413 !!! [CE][Point] Removing 465.804443, 250.018265 from Land_jmc_ruinecolumn_loot
11:33:06.709 !!! [CE][Point] Removing 466.549896, 250.333496 from Land_jmc_ruinecolumn_loot
11:33:59.415 !!! [CE][Point] Removing 7183.651367, 11590.829102 from Land_jmc_militarycase_c_09
11:34:00.11 !!! [CE][Point] Removing 816.547485, 397.215942 from Land_jmc_ruinecolumn_loot
11:34:00.512 !!! [CE][Point] Removing 811.296143, 426.935852 from Land_jmc_ruinecolumn_loot
11:34:26.323 !!! [CE][Point] Removing 1452.162964, 11800.130859 from Land_jmc_skeleton_gnawed_2
11:34:53.522 !!! [CE][Point] Removing 14338.253906, 5967.909180 from Land_Castle_Gate
11:35:20.517 !!! [CE][Point] Removing 7132.956055, 11528.513672 from Land_Mil_Fortified_Nest_Big
11:35:24.718 [CE][Links] found 6 total links between groups, of 55
11:35:24.718 [CE][SpawnRandomLoot] (StaticSkeletonEventspawn) :: ChildType: Land_jmc_skeleton_burned_4, lootmin: 4, lootmax: 6, wanted: 4
11:35:24.718 [CE][Links] found 6 total links between groups, of 56
11:35:24.718 [CE][SpawnRandomLoot] (StaticSkeletonEventspawn) :: ChildType: Land_jmc_skeleton_burned_4, lootmin: 4, lootmax: 6, wanted: 5
11:35:47.222 !!! [CE][Point] Removing 7199.774414, 11602.087891 from Land_jmc_skeleton_old_2
11:36:41.121 !!! [CE][Point] Removing 851.503784, 338.501892 from Land_jmc_ruinecolumn_loot
11:36:45.430 [CE][Links] found 6 total links between groups, of 57
11:36:45.430 [CE][SpawnRandomLoot] (StaticSkeletonEventspawn) :: ChildType: Land_jmc_skeleton_clean_1, lootmin: 4, lootmax: 6, wanted: 5
11:38:01.428 !!! [CE][Point] Removing 7614.692383, 9426.434570 from Land_Boat_Small1
11:38:01.428 !!! [CE][Point] Removing 11631.053711, 3755.477539 from Land_Boat_Small1
11:38:02.635 !!! [CE][Point] Removing 7615.587402, 9425.779297 from Land_Boat_Small1
11:38:29.822 !!! [CE][Point] Removing 751.499817, 332.940247 from Land_jmc_ruinecolumn_loot
11:40:47.278 [CE][Links] found 6 total links between groups, of 58
11:40:47.278 [CE][SpawnRandomLoot] (StaticVanAmbulance) :: ChildType: Land_jmc_van_ambulance, lootmin: 4, lootmax: 6, wanted: 4
11:41:09.882 !!! [CE][Point] Removing 7180.969727, 11681.090820 from Land_BusStation_wall_bench
11:41:09.972 !!! [CE][Point] Removing 7180.978516, 11679.879883 from Land_BusStation_wall_bench
11:43:25.294 !!! [CE][Point] Removing 3749.864502, 5821.332031 from Land_Mil_Fortified_Nest_Watchtower
11:43:52.897 !!! [CE][Point] Removing 8552.228516, 3538.488770 from Land_Boat_Small2
11:44:46.724 !!! [CE][Point] Removing 707.620483, 295.254852 from Land_jmc_ruinecolumn_loot
11:44:46.724 !!! [CE][Point] Removing 810.919983, 426.309753 from Land_jmc_ruinecolumn_loot
11:45:12.920 !!! [CE][Point] Removing 376.993988, 755.395569 from Land_jmc_ruinecolumn_loot
11:45:39.523 !!! [CE][Point] Removing 366.806000, 787.287903 from Land_jmc_ruinecolumn_loot
11:47:00.433 !!! [CE][Point] Removing 6908.271973, 11967.881836 from Land_Mil_Fortified_Nest_Big
11:47:02.731 !!! [CE][Point] Removing 8321.215820, 9306.134766 from CaninaBush1
11:47:02.731 !!! [CE][Point] Removing 8345.870117, 9364.733398 from CaninaBush2
11:47:05.364 [Login]: Adding player Survivor (96425347) to login queue at position 0
11:47:05.364 [LoginMachine]: Add player Survivor (96425347)
11:47:05.364 [StateMachine]: Player Survivor (dpnid 96425347 uid ) Entering AuthPlayerLoginState
11:47:05.473 [StateMachine]: Player Survivor (dpnid 96425347 uid ) State Error (AuthPlayerLoginState)
11:47:05.473 Player Unknown (96425347) kicked from server: 115 (#STR_ve_missing_mod
#STR_MODS0
#STR_MODS1
)
11:47:05.473 [StateMachine]: Kick player Survivor (dpnid 96425347 uid ) State AuthPlayerLoginState
11:47:05.489 [Disconnect]: Client 96425347 early disconnect
11:47:05.489 [Disconnect]: No identity -> remove player info 96425347 
11:47:05.489 [Disconnect]: DisconnectPlayerFinish 96425347
11:47:05.489 [Disconnect]: Remove player info 96425347
11:47:05.489 [Disconnect]: Player destroy 96425347 
11:47:26.626 !!! [CE][Point] Removing 5227.679199, 9255.791016 from Land_Container_1Aoh
11:47:26.735 !!! [CE][Point] Removing 5216.154785, 8858.731445 from Land_Boat_Small3
11:48:23.426 !!! [CE][Point] Removing 8272.437500, 9314.597656 from CaninaBush2
11:49:00.503 [Login]: Adding player Survivor (23352314) to login queue at position 0
11:49:00.503 [LoginMachine]: Add player Survivor (23352314)
11:49:00.503 [StateMachine]: Player Survivor (dpnid 23352314 uid ) Entering AuthPlayerLoginState
11:49:00.864 [StateMachine]: Player Survivor (dpnid 23352314 uid ) State Error (AuthPlayerLoginState)
11:49:00.864 Player Unknown (23352314) kicked from server: 115 (#STR_ve_missing_mod
#STR_MODS0
#STR_MODS1
)
11:49:00.864 [StateMachine]: Kick player Survivor (dpnid 23352314 uid ) State AuthPlayerLoginState
11:49:00.880 [Disconnect]: Client 23352314 early disconnect
11:49:00.880 [Disconnect]: No identity -> remove player info 23352314 
11:49:00.880 [Disconnect]: DisconnectPlayerFinish 23352314
11:49:00.880 [Disconnect]: Remove player info 23352314
11:49:00.881 [Disconnect]: Player destroy 23352314 
11:49:14.127 !!! [CE][Point] Removing 805.091003, 339.844025 from Land_jmc_ruinecolumn_loot
11:49:14.424 !!! [CE][Point] Removing 805.079285, 339.216156 from Land_jmc_ruinecolumn_loot
11:49:14.736 !!! [CE][Point] Removing 804.712219, 339.537018 from Land_jmc_ruinecolumn_loot
11:49:14.830 !!! [CE][Point] Removing 805.452271, 339.209198 from Land_jmc_ruinecolumn_loot
11:49:14.927 !!! [CE][Point] Removing 805.463928, 339.837097 from Land_jmc_ruinecolumn_loot
11:49:15.36 !!! [CE][Point] Removing 804.706360, 339.223083 from Land_jmc_ruinecolumn_loot
11:49:15.429 !!! [CE][Point] Removing 804.718018, 339.850983 from Land_jmc_ruinecolumn_loot
11:49:15.527 !!! [CE][Point] Removing 805.458069, 339.523163 from Land_jmc_ruinecolumn_loot
11:49:43.528 [CE][Links] found 6 total links between groups, of 59
11:49:43.528 [CE][SpawnRandomLoot] (StaticPoliceCar) :: ChildType: Land_Wreck_Volha_Police, lootmin: 3, lootmax: 5, wanted: 4
11:49:44.128 !!! [CE][Point] Removing 8280.884766, 9316.911133 from CaninaBush1
11:50:08.49 !!! [CE][Point] Removing 407.927948, 839.003479 from Land_jmc_ruinecolumn_loot
11:50:08.442 !!! [CE][Point] Removing 7188.847168, 11592.356445 from Land_jmc_military_lootcase
11:52:24.51 !!! [CE][Point] Removing 751.877808, 405.756256 from Land_jmc_ruinecolumn_loot
11:52:51.557 !!! [CE][Point] Removing 8482.404297, 9340.174805 from Stones
11:53:17.254 !!! [CE][Point] Removing 10725.547852, 10764.786133 from Land_jmc_skeleton_burned_5
11:53:46.245 !!! [CE][Point] Removing 8345.870117, 9364.733398 from CaninaBush2
11:54:10.248 !!! [CE][Point] Removing 7157.763184, 11554.860352 from Land_jmc_military_lootcase
11:55:05.57 !!! [CE][Point] Removing 408.301453, 838.690063 from Land_jmc_ruinecolumn_loot
11:55:30.653 !!! [CE][Point] Removing 8014.412598, 1881.683228 from Land_Shed_M4
11:56:24.452 !!! [CE][Point] Removing 7177.361816, 11600.792969 from Land_BusStation_wall_bench
11:56:25.457 !!! [CE][Point] Removing 7178.572754, 11600.803711 from Land_BusStation_wall_bench
11:56:26.756 [CE][Links] found 6 total links between groups, of 60
11:56:26.756 [CE][SpawnRandomLoot] (StaticHeliCrash) :: ChildType: Wreck_Mi8, lootmin: 10, lootmax: 20, wanted: 14
11:56:26.756 [CE][Links] found 6 total links between groups, of 61
11:56:26.756 [CE][SpawnRandomLoot] (StaticHeliCrash) :: ChildType: Wreck_Mi8, lootmin: 10, lootmax: 20, wanted: 10
11:56:26.756 [CE][Links] found 6 total links between groups, of 62
11:56:26.756 [CE][SpawnRandomLoot] (StaticHeliCrash) :: ChildType: Wreck_UH1Y, lootmin: 10, lootmax: 20, wanted: 13
11:56:26.771 [CE][Links] found 6 total links between groups, of 63
11:56:26.771 [CE][SpawnRandomLoot] (StaticHeliCrash) :: ChildType: Wreck_UH1Y, lootmin: 10, lootmax: 20, wanted: 16
11:56:27.55 [CE][Links] found 6 total links between groups, of 64
11:56:27.55 [CE][SpawnRandomLoot] (StaticPoliceCar) :: ChildType: Land_Wreck_Volha_Police, lootmin: 3, lootmax: 5, wanted: 3
11:56:27.55 [CE][Links] found 8 total links between groups, of 65
11:56:27.55 [CE][SpawnRandomLoot] (StaticPoliceCar) :: ChildType: Land_Wreck_Volha_Police, lootmin: 3, lootmax: 5, wanted: 4
11:56:27.55 [CE][Links] found 10 total links between groups, of 66
11:56:27.55 [CE][SpawnRandomLoot] (StaticPoliceCar) :: ChildType: Land_Wreck_Volha_Police, lootmin: 3, lootmax: 5, wanted: 4
11:56:56.56 [CE][Links] found 10 total links between groups, of 67
11:56:56.56 [CE][SpawnRandomLoot] (StaticSkeletonEventspawn) :: ChildType: Land_jmc_skeleton_clean_4, lootmin: 4, lootmax: 6, wanted: 5
11:57:11.45 [Disconnect]: Start script disconnect 20261509 (dbCharacterId 3 dbPlayerId 3) logoutTime 15
11:57:15.375 [Disconnect]: Client 20261509 disconnecting
11:57:15.375 [Disconnect]: Client 20261509 early disconnect
11:57:15.375 [Disconnect]: Start script disconnect 20261509 (dbCharacterId 3 dbPlayerId 3) logoutTime 15
11:57:15.675 [Disconnect]: Remove player info 20261509
11:57:15.675 [Disconnect]: Player destroy 20261509 
11:57:19.448 !!! [CE][Point] Removing 752.381653, 292.892242 from Land_jmc_ruinecolumn_loot
11:57:19.905 !!! [CE][Point] Removing 752.002197, 292.586090 from Land_jmc_ruinecolumn_loot
11:57:26.37 [Disconnect]: Finish script disconnect -1
11:57:38.681 [Disconnect]: Start script disconnect 18921651 (dbCharacterId 2 dbPlayerId 2) logoutTime 15
11:57:45.802 !!! [CE][Point] Removing 752.008728, 292.900024 from Land_jmc_ruinecolumn_loot
11:57:45.912 !!! [CE][Point] Removing 752.368591, 292.264374 from Land_jmc_ruinecolumn_loot
11:57:46.110 !!! [CE][Point] Removing 752.748047, 292.570526 from Land_jmc_ruinecolumn_loot
11:57:46.313 !!! [CE][Point] Removing 752.741516, 292.256592 from Land_jmc_ruinecolumn_loot
11:57:46.407 !!! [CE][Point] Removing 752.754578, 292.884460 from Land_jmc_ruinecolumn_loot
11:57:46.610 !!! [CE][Point] Removing 751.995667, 292.272156 from Land_jmc_ruinecolumn_loot
11:57:53.673 [Disconnect]: Finish script disconnect 18921651
11:57:53.673 [Disconnect]: DisconnectPlayerFinish 18921651
11:57:54.665 [Disconnect]: Remove player info 18921651
11:57:54.681 [Disconnect]: Player destroy 18921651 
11:58:12.14 !!! [CE][Point] Removing 7187.636230, 11595.255859 from Land_BusStation_wall_bench
11:58:16.512 [CE][Links] found 10 total links between groups, of 68
11:58:16.512 [CE][SpawnRandomLoot] (StaticVanAmbulance) :: ChildType: Land_jmc_van_ambulance, lootmin: 4, lootmax: 6, wanted: 4
11:59:17.116 [IdleMode] Entering IN - save processed
=======================================================
-------------------------------------------------------
Time: 12:00:36
Exception code: C0000005 ACCESS_VIOLATION at 000000A7
Version 1.12.153862
Fault address:  000000A7 00:000000A7 Unknown module
file:     Expansion
world:    deerisle
=======================================================
note: Minidump has been generated into the file myprofile\DayZServer_x64_2021-04-24_06-00-55_2021-04-24_12-00-36.mdmp
