

=====================================================================
== C:\Program Files (x86)\Steam\steamapps\common\DayZServer\DayZServer_x64.exe
== DayZServer_x64.exe  -cpuCount=4 -mod=@42MonthsAfter;@DeerIsle;@CF;@ZomBerryAdminTools; -config=serverDZ.cfg -port=2302 -noFilePatching -profiles=myprofile -scrAllowFileWrite -adminlog
=====================================================================
Exe timestamp: 2021/05/04 20:25:42
Current time:  2021/05/04 22:42:53

Version 1.12.153895
22:42:53.442 [Inputs] Loading inputs default "bin/constants.xml"
22:42:53.444 [Inputs] Loading inputs default "bin/specific.xml"
22:42:53.445 [Inputs] Loading inputs default "LBmaster_UndergroundLighting/inputsLBmaster.xml"
22:42:53.445 [Inputs] Loading inputs default "ZomBerry/AT/scripts/data/inputs.xml"
22:42:53.445 [Inputs] Loading inputs cfg "myprofile\Users\Survivor\Server.core.xml"
22:42:53.445 !!! [Inputs] Cannot read inputs cfg "myprofile\Users\Survivor\Server.core.xml", parser error
22:42:53.446 [Inputs] Loading inputs cfg "bin/core.xml"
22:42:53.446 !!! [Inputs] Cannot load input preset "user", file does not exist
22:42:53.447 [Inputs] Exporting inputs cfg "myprofile\Users\Survivor\Server.core.xml"
22:43:02.362 [CE][Hive] :: Initializing OFFLINE
22:43:02.362 [CE][Hive] :: Loading core data ... 
22:43:02.362 [CE][CoreData] :: 7 root classes, 18 defaults, 0 updaters...
22:43:03.958 [CE] :: WARNING :: Preset map "optics" is EMPTY.
22:43:03.959 [CE][TypeSetup] :: 430 classes setuped...
22:43:04.22 [CE][RegisterBind] :: 0 classes binded...
22:43:04.22 [CE][RegisterConfig] :: 3165 config classes registered, 1 sub-counters...
22:43:04.22 [CE][Hive] :: Loading map data ... 
22:43:04.53 [CE][LoadPrototype] :: loaded 345 prototypes
22:43:04.53   665 containers, 8761 points
22:43:04.53   0 dispatches, 0 proxies
22:43:04.53 !!! [CE][LoadPrototype] 7 groups have no points...
22:43:04.53 [CE][LoadPrototype] :: last group name: Land_Garage_Tall...
22:43:04.57 [CE][LoadPrototype] :: loaded 0 prototypes
22:43:04.57   0 containers, 0 points
22:43:04.57   0 dispatches, 0 proxies
22:43:04.57 [CE][LoadPrototype] :: last group name: Rail9...
22:43:04.526 [CE][LoadMap] "Group" :: loaded 7506 groups, largest group range: 34.0
22:43:04.529 [CE][LoadMap] "Dirt" :: loaded 0 groups, largest group range: 34.0
22:43:04.634 [CE][Links] found 2124 total links between groups, of 7506
22:43:04.634 [CE][LoadClusters] "Cluster" :: Loading files...
22:43:04.792 [CE][LoadClusters] :: file: "mapgroupcluster.xml", 9 types, 50000 instances
22:43:04.957 [CE][LoadClusters] :: file: "mapgroupcluster01", 9 types, 50000 instances
22:43:04.957   5940 failed - check Matrix "default" grid size !!!
22:43:05.122 [CE][LoadClusters] :: file: "mapgroupcluster02", 9 types, 50000 instances
22:43:05.122   12307 failed - check Matrix "default" grid size !!!
22:43:05.179 [CE][LoadClusters] :: file: "mapgroupcluster03", 9 types, 15277 instances
22:43:05.179   1372 failed - check Matrix "default" grid size !!!
22:43:05.183 [CE][Storage] ver:21 stamp:59, valid:yes, name:"mpmissions\Expansion.deerisle\storage_1\data\types.bin"
22:43:05.184 [CE][Storage] ver:21 stamp:10, valid:yes, name:"mpmissions\Expansion.deerisle\storage_1\data\types.001"
22:43:05.185 [CE][Storage] ver:21 stamp:11, valid:yes, name:"mpmissions\Expansion.deerisle\storage_1\data\types.002"
22:43:05.185 [CE][Storage] Restoring file "mpmissions\Expansion.deerisle\storage_1\data\types.bin".
22:43:05.198 !!! File "DZ\worlds\chernarusplus\ce\db/messages.xml" does not exist...
22:43:05.198 !!! [CE][offlineDB] :: Failed to read messages file 'db/messages.xml'.
22:43:05.198 !!! [CE][offlineDB] :: No Shutdown message present.
22:43:05.200 [CE][offlineDB] :: Loaded 41 dynamic events 246 total types 0 total positions.
22:43:05.220 [CE][Storage] ver:21 stamp:59, valid:yes, name:"mpmissions\Expansion.deerisle\storage_1\data\events.bin"
22:43:05.220 [CE][Storage] ver:21 stamp:10, valid:yes, name:"mpmissions\Expansion.deerisle\storage_1\data\events.001"
22:43:05.220 [CE][Storage] ver:21 stamp:11, valid:yes, name:"mpmissions\Expansion.deerisle\storage_1\data\events.002"
22:43:05.220 [CE][Storage] Restoring file "mpmissions\Expansion.deerisle\storage_1\data\events.bin".
22:43:05.220 [CE][DynamicEvent] Load  Events:[41] Primary spawners: 41 Secondary spawners: 1
22:43:05.221 [CE][Storage] ver:25 stamp:59, valid:yes, name:"mpmissions\Expansion.deerisle\storage_1\data\dynamic_000.bin"
22:43:05.222 [CE][Storage] ver:25 stamp:10, valid:yes, name:"mpmissions\Expansion.deerisle\storage_1\data\dynamic_000.001"
22:43:05.222 [CE][Storage] ver:25 stamp:11, valid:yes, name:"mpmissions\Expansion.deerisle\storage_1\data\dynamic_000.002"
22:43:05.223 [CE][Storage] Restoring file "mpmissions\Expansion.deerisle\storage_1\data\dynamic_000.bin" 368 items.
22:43:05.329   368 items loaded.
22:43:05.330 [CE][Storage] ver:25 stamp:59, valid:yes, name:"mpmissions\Expansion.deerisle\storage_1\data\dynamic_001.bin"
22:43:05.331 [CE][Storage] ver:25 stamp:10, valid:yes, name:"mpmissions\Expansion.deerisle\storage_1\data\dynamic_001.001"
22:43:05.331 [CE][Storage] ver:25 stamp:11, valid:yes, name:"mpmissions\Expansion.deerisle\storage_1\data\dynamic_001.002"
22:43:05.331 [CE][Storage] Restoring file "mpmissions\Expansion.deerisle\storage_1\data\dynamic_001.bin" 1357 items.
22:43:05.665   1357 items loaded.
22:43:05.665 [CE][Storage] ver:25 stamp:59, valid:yes, name:"mpmissions\Expansion.deerisle\storage_1\data\dynamic_002.bin"
22:43:05.666 [CE][Storage] ver:25 stamp:10, valid:yes, name:"mpmissions\Expansion.deerisle\storage_1\data\dynamic_002.001"
22:43:05.666 [CE][Storage] ver:25 stamp:11, valid:yes, name:"mpmissions\Expansion.deerisle\storage_1\data\dynamic_002.002"
22:43:05.666 [CE][Storage] Restoring file "mpmissions\Expansion.deerisle\storage_1\data\dynamic_002.bin" 2723 items.
22:43:06.200   2723 items loaded.
22:43:06.200 [CE][Storage] ver:25 stamp:59, valid:yes, name:"mpmissions\Expansion.deerisle\storage_1\data\dynamic_003.bin"
22:43:06.201 [CE][Storage] ver:25 stamp:10, valid:yes, name:"mpmissions\Expansion.deerisle\storage_1\data\dynamic_003.001"
22:43:06.201 [CE][Storage] ver:25 stamp:11, valid:yes, name:"mpmissions\Expansion.deerisle\storage_1\data\dynamic_003.002"
22:43:06.201 [CE][Storage] Restoring file "mpmissions\Expansion.deerisle\storage_1\data\dynamic_003.bin" 3643 items.
22:43:06.784   3643 items loaded.
22:43:06.785 [CE][Storage] ver:25 stamp:59, valid:yes, name:"mpmissions\Expansion.deerisle\storage_1\data\dynamic_004.bin"
22:43:06.785 [CE][Storage] ver:25 stamp:57, valid:yes, name:"mpmissions\Expansion.deerisle\storage_1\data\dynamic_004.001"
22:43:06.786 [CE][Storage] ver:25 stamp:11, valid:yes, name:"mpmissions\Expansion.deerisle\storage_1\data\dynamic_004.002"
22:43:06.786 [CE][Storage] Restoring file "mpmissions\Expansion.deerisle\storage_1\data\dynamic_004.bin" 5478 items.
22:43:07.658   5478 items loaded.
22:43:07.659 [CE][Storage] ver:25 stamp:59, valid:yes, name:"mpmissions\Expansion.deerisle\storage_1\data\dynamic_005.bin"
22:43:07.660 [CE][Storage] ver:25 stamp:57, valid:yes, name:"mpmissions\Expansion.deerisle\storage_1\data\dynamic_005.001"
22:43:07.660 [CE][Storage] ver:25 stamp:11, valid:yes, name:"mpmissions\Expansion.deerisle\storage_1\data\dynamic_005.002"
22:43:07.660 [CE][Storage] Restoring file "mpmissions\Expansion.deerisle\storage_1\data\dynamic_005.bin" 4752 items.
22:43:08.553   4752 items loaded.
22:43:08.554 [CE][Storage] ver:25 stamp:59, valid:yes, name:"mpmissions\Expansion.deerisle\storage_1\data\dynamic_006.bin"
22:43:08.555 [CE][Storage] ver:25 stamp:57, valid:yes, name:"mpmissions\Expansion.deerisle\storage_1\data\dynamic_006.001"
22:43:08.555 [CE][Storage] ver:25 stamp:11, valid:yes, name:"mpmissions\Expansion.deerisle\storage_1\data\dynamic_006.002"
22:43:08.555 [CE][Storage] Restoring file "mpmissions\Expansion.deerisle\storage_1\data\dynamic_006.bin" 3296 items.
22:43:09.122   3296 items loaded.
22:43:09.123 [CE][Storage] ver:25 stamp:59, valid:yes, name:"mpmissions\Expansion.deerisle\storage_1\data\dynamic_007.bin"
22:43:09.123 [CE][Storage] ver:25 stamp:57, valid:yes, name:"mpmissions\Expansion.deerisle\storage_1\data\dynamic_007.001"
22:43:09.124 [CE][Storage] ver:25 stamp:11, valid:yes, name:"mpmissions\Expansion.deerisle\storage_1\data\dynamic_007.002"
22:43:09.124 [CE][Storage] Restoring file "mpmissions\Expansion.deerisle\storage_1\data\dynamic_007.bin" 2467 items.
22:43:09.558   2467 items loaded.
22:43:09.559 [CE][Storage] ver:25 stamp:59, valid:yes, name:"mpmissions\Expansion.deerisle\storage_1\data\dynamic_008.bin"
22:43:09.559 [CE][Storage] ver:25 stamp:57, valid:yes, name:"mpmissions\Expansion.deerisle\storage_1\data\dynamic_008.001"
22:43:09.560 [CE][Storage] ver:25 stamp:11, valid:yes, name:"mpmissions\Expansion.deerisle\storage_1\data\dynamic_008.002"
22:43:09.560 [CE][Storage] Restoring file "mpmissions\Expansion.deerisle\storage_1\data\dynamic_008.bin" 1234 items.
22:43:09.816   1234 items loaded.
22:43:09.817 [CE][Storage] ver:25 stamp:59, valid:yes, name:"mpmissions\Expansion.deerisle\storage_1\data\dynamic_009.bin"
22:43:09.818 [CE][Storage] ver:25 stamp:57, valid:yes, name:"mpmissions\Expansion.deerisle\storage_1\data\dynamic_009.001"
22:43:09.818 [CE][Storage] ver:25 stamp:11, valid:yes, name:"mpmissions\Expansion.deerisle\storage_1\data\dynamic_009.002"
22:43:09.818 [CE][Storage] Restoring file "mpmissions\Expansion.deerisle\storage_1\data\dynamic_009.bin" 619 items.
22:43:09.936   619 items loaded.
22:43:09.937 [CE][Storage] ver:25 stamp:59, valid:yes, name:"mpmissions\Expansion.deerisle\storage_1\data\dynamic_010.bin"
22:43:09.938 [CE][Storage] ver:25 stamp:57, valid:yes, name:"mpmissions\Expansion.deerisle\storage_1\data\dynamic_010.001"
22:43:09.938 [CE][Storage] ver:25 stamp:11, valid:yes, name:"mpmissions\Expansion.deerisle\storage_1\data\dynamic_010.002"
22:43:09.938 [CE][Storage] Restoring file "mpmissions\Expansion.deerisle\storage_1\data\dynamic_010.bin" 834 items.
22:43:10.82   834 items loaded.
22:43:10.83 [CE][Storage] ver:25 stamp:59, valid:yes, name:"mpmissions\Expansion.deerisle\storage_1\data\dynamic_011.bin"
22:43:10.83 [CE][Storage] ver:25 stamp:57, valid:yes, name:"mpmissions\Expansion.deerisle\storage_1\data\dynamic_011.001"
22:43:10.83 [CE][Storage] ver:25 stamp:11, valid:yes, name:"mpmissions\Expansion.deerisle\storage_1\data\dynamic_011.002"
22:43:10.83 [CE][Storage] Restoring file "mpmissions\Expansion.deerisle\storage_1\data\dynamic_011.bin" 0 items.
22:43:10.83   0 items loaded.
22:43:10.83 [CE][Storage] ver:26 stamp:59, valid:yes, name:"mpmissions\Expansion.deerisle\storage_1\data\building.bin"
22:43:10.83 [CE][Storage] ver:26 stamp:10, valid:yes, name:"mpmissions\Expansion.deerisle\storage_1\data\building.001"
22:43:10.83 [CE][Storage] ver:26 stamp:11, valid:yes, name:"mpmissions\Expansion.deerisle\storage_1\data\building.002"
22:43:10.84 [CE][Storage] Restoring file "mpmissions\Expansion.deerisle\storage_1\data\building.bin" 0 items.
22:43:10.84   0 items loaded.
22:43:10.84 [CE][Storage] ver:25 stamp:59, valid:yes, name:"mpmissions\Expansion.deerisle\storage_1\data\vehicles.bin"
22:43:10.85 [CE][Storage] ver:25 stamp:10, valid:yes, name:"mpmissions\Expansion.deerisle\storage_1\data\vehicles.001"
22:43:10.85 [CE][Storage] ver:25 stamp:11, valid:yes, name:"mpmissions\Expansion.deerisle\storage_1\data\vehicles.002"
22:43:10.85 [CE][Storage] Restoring file "mpmissions\Expansion.deerisle\storage_1\data\vehicles.bin" 159 items.
22:43:10.599   159 items loaded.
22:43:10.719 [CE][Hive] :: Storage load took:5.50 seconds, recovery stamp:59
22:43:10.719   entity: 28756, building: 0
22:43:10.719   no lifetime: 20
22:43:10.719   pathgraph's: 818
22:43:10.719 [CE][Hive] :: Initializing ... 
22:43:10.760 [CE][InitializeMap] :: initialized: 0
22:43:10.760 [CE][Hive] :: Initializing spawners ... 
22:43:11.654 [CE][LootRespawner] (PRIDummy) :: Initially (re)spawned:0, Nominal:27352, Total in Map: 26924 at 0 (sec)
22:43:11.654   tests:0, repeats:0 fails:0, overtime:0
22:43:11.654 [CE][DynEvent] :: 41 types
22:43:11.654 [00] AmbientHen
22:43:11.654   Primary Spawner: "Ambient", active: yes, repeat: 1
22:43:11.654 [01] AnimalBear
22:43:11.654   Primary Spawner: "Animal", active: yes, repeat: 1
22:43:11.654 [02] AnimalCow
22:43:11.654   Primary Spawner: "Animal", active: yes, repeat: 1
22:43:11.654 [03] AnimalDeer
22:43:11.654   Primary Spawner: "Animal", active: yes, repeat: 1
22:43:11.654 [04] AnimalGoat
22:43:11.654   Primary Spawner: "Animal", active: yes, repeat: 1
22:43:11.654 [05] AnimalPig
22:43:11.654   Primary Spawner: "Animal", active: yes, repeat: 1
22:43:11.654 [06] AnimalRoeDeer
22:43:11.654   Primary Spawner: "Animal", active: yes, repeat: 1
22:43:11.654 [07] AnimalSheep
22:43:11.654   Primary Spawner: "Animal", active: yes, repeat: 1
22:43:11.654 [08] AnimalWildBoar
22:43:11.654   Primary Spawner: "Animal", active: yes, repeat: 1
22:43:11.654 [09] AnimalWolf
22:43:11.654   Primary Spawner: "Animal", active: yes, repeat: 1
22:43:11.654 [10] InfectedArmy
22:43:11.654   Primary Spawner: "Infected", active: yes, repeat: 1
22:43:11.654 [11] InfectedCity
22:43:11.654   Primary Spawner: "Infected", active: yes, repeat: 1
22:43:11.654 [12] InfectedFirefighter
22:43:11.654   Primary Spawner: "Infected", active: yes, repeat: 1
22:43:11.654 [13] InfectedIndustrial
22:43:11.654   Primary Spawner: "Infected", active: yes, repeat: 1
22:43:11.654 [14] InfectedMedic
22:43:11.654   Primary Spawner: "Infected", active: yes, repeat: 1
22:43:11.654 [15] InfectedPolice
22:43:11.654   Primary Spawner: "Infected", active: yes, repeat: 1
22:43:11.654 [16] InfectedPrisoner
22:43:11.654   Primary Spawner: "Infected", active: yes, repeat: 1
22:43:11.654 [17] InfectedReligious
22:43:11.654   Primary Spawner: "Infected", active: yes, repeat: 1
22:43:11.654 [18] InfectedSolitude
22:43:11.654   Primary Spawner: "Infected", active: yes, repeat: 1
22:43:11.654 [19] InfectedVillage
22:43:11.654   Primary Spawner: "Infected", active: yes, repeat: 1
22:43:11.654 [20] ItemPlanks
22:43:11.654   Primary Spawner: "Item", active: yes, repeat: 1
22:43:11.654 [21] Loot
22:43:11.654   Primary Spawner: "Loot", active: yes, repeat: 2
22:43:11.654 [22] StaticHeliCrash
22:43:11.654   Primary Spawner: "Vehicle", active: yes, repeat: 1
22:43:11.654   Secondary Spawner: "Infected", active: yes, repeat: 1
22:43:11.654 [23] StaticPoliceCar
22:43:11.654   Primary Spawner: "Vehicle", active: yes, repeat: 1
22:43:11.654 [24] TrajectoryApple
22:43:11.654   Primary Spawner: "Trajectory", active: yes, repeat: 1
22:43:11.654 [25] TrajectoryCanina
22:43:11.654   Primary Spawner: "Trajectory", active: yes, repeat: 1
22:43:11.654 [26] TrajectoryConiferous
22:43:11.654   Primary Spawner: "Trajectory", active: yes, repeat: 1
22:43:11.654 [27] TrajectoryDeciduous
22:43:11.654   Primary Spawner: "Trajectory", active: yes, repeat: 1
22:43:11.654 [28] TrajectoryHumus
22:43:11.654   Primary Spawner: "Trajectory", active: yes, repeat: 1
22:43:11.654 [29] TrajectoryPear
22:43:11.654   Primary Spawner: "Trajectory", active: yes, repeat: 1
22:43:11.654 [30] TrajectoryPlum
22:43:11.654   Primary Spawner: "Trajectory", active: yes, repeat: 1
22:43:11.654 [31] TrajectorySambucus
22:43:11.654   Primary Spawner: "Trajectory", active: yes, repeat: 1
22:43:11.654 [32] TrajectoryStones
22:43:11.654   Primary Spawner: "Trajectory", active: yes, repeat: 1
22:43:11.655 [33] VehicleCivilianSedan
22:43:11.655   Primary Spawner: "Vehicle", active: yes, repeat: 1
22:43:11.655 [34] VehicleHatchback02
22:43:11.655   Primary Spawner: "Vehicle", active: yes, repeat: 1
22:43:11.655 [35] VehicleOffroadHatchback
22:43:11.655   Primary Spawner: "Vehicle", active: yes, repeat: 1
22:43:11.655 [36] VehicleSedan02
22:43:11.655   Primary Spawner: "Vehicle", active: yes, repeat: 1
22:43:11.655 [37] VehicleTruck01
22:43:11.655   Primary Spawner: "Vehicle", active: yes, repeat: 1
22:43:11.655 [38] StaticVanPinkies
22:43:11.655   Primary Spawner: "Vehicle", active: yes, repeat: 1
22:43:11.655 [39] StaticVanAmbulance
22:43:11.655   Primary Spawner: "Vehicle", active: yes, repeat: 1
22:43:11.655 [40] StaticSkeletonEventspawn
22:43:11.655   Primary Spawner: "Vehicle", active: yes, repeat: 1
22:43:11.655 [CE][Hive] :: Initializing of spawners done.
22:43:11.661 [CE][Hive] :: Init sequence finished.
22:43:11.661 Player connect enabled
22:43:12.259 [IdleMode] Entering IN - save processed
22:47:00.845  --- Termination successfully completed --- 
