

=====================================================================
== C:\Program Files (x86)\Steam\steamapps\common\DayZServer\DayZServer_x64.exe
== DayZServer_x64.exe  -cpuCount=4 -mod=@42MonthsAfter;@DeerIsle;@CF;@ZomBerryAdminTools;@CannabisPlus;@DayZEditorLoader;@VanillaPlusPlusMap;@zSpawnSelection;@ToxicZone;@BuildAnywherev3;@BuilderItems;@CodeLock;@BaseBuildingPlus;@MoreDoors;@IRPLandRoverDefender110;@TrolleyKart;@CarCover;@EarPlugs; -config=serverDZ.cfg -port=2302 -noFilePatching -profiles=myprofile -scrAllowFileWrite -adminlog
=====================================================================
Exe timestamp: 2021/05/04 20:25:42
Current time:  2021/05/04 23:36:47

Version 1.12.153895
23:36:47.419 [Inputs] Loading inputs default "bin/constants.xml"
23:36:47.421 [Inputs] Loading inputs default "bin/specific.xml"
23:36:47.422 [Inputs] Loading inputs default "EarPlugs\data\inputs.xml"
23:36:47.422 [Inputs] Loading inputs default "LBmaster_UndergroundLighting/inputsLBmaster.xml"
23:36:47.422 [Inputs] Loading inputs default "VanillaPPMap/data/modded_Inputs.xml"
23:36:47.422 [Inputs] Loading inputs default "ZomBerry/AT/scripts/data/inputs.xml"
23:36:47.422 [Inputs] Loading inputs default "DayZEditorLoader/Scripts/Data/Inputs.xml"
23:36:47.423 [Inputs] Loading inputs default "BaseBuildingPlus/Scripts/Data/Inputs.xml"
23:36:47.423 [Inputs] Loading inputs cfg "myprofile\Users\Survivor\Server.core.xml"
23:36:47.423 !!! [Inputs] Cannot read inputs cfg "myprofile\Users\Survivor\Server.core.xml", parser error
23:36:47.423 [Inputs] Loading inputs cfg "bin/core.xml"
23:36:47.423 !!! [Inputs] Cannot load input preset "user", file does not exist
23:36:47.424 [Inputs] Exporting inputs cfg "myprofile\Users\Survivor\Server.core.xml"
23:36:57.123 [CE][Hive] :: Initializing OFFLINE
23:36:57.123 [CE][Hive] :: Loading core data ... 
23:36:57.124 [CE][CoreData] :: 7 root classes, 18 defaults, 0 updaters...
23:37:00.65 [CE] :: WARNING :: Preset map "optics" is EMPTY.
23:37:00.66 [CE][TypeSetup] :: 433 classes setuped...
23:37:00.521 [CE][RegisterBind] :: 0 classes binded...
23:37:00.521 [CE][RegisterConfig] :: 7969 config classes registered, 1 sub-counters...
23:37:00.521 [CE][Hive] :: Loading map data ... 
23:37:00.557 [CE][LoadPrototype] :: loaded 345 prototypes
23:37:00.557   665 containers, 8761 points
23:37:00.557   0 dispatches, 0 proxies
23:37:00.557 !!! [CE][LoadPrototype] 7 groups have no points...
23:37:00.557 [CE][LoadPrototype] :: last group name: Land_Garage_Tall...
23:37:00.560 [CE][LoadPrototype] :: loaded 0 prototypes
23:37:00.560   0 containers, 0 points
23:37:00.560   0 dispatches, 0 proxies
23:37:00.560 [CE][LoadPrototype] :: last group name: Rail9...
23:37:01.26 [CE][LoadMap] "Group" :: loaded 7506 groups, largest group range: 34.0
23:37:01.28 [CE][LoadMap] "Dirt" :: loaded 0 groups, largest group range: 34.0
23:37:01.135 [CE][Links] found 2124 total links between groups, of 7506
23:37:01.135 [CE][LoadClusters] "Cluster" :: Loading files...
23:37:01.292 [CE][LoadClusters] :: file: "mapgroupcluster.xml", 9 types, 50000 instances
23:37:01.456 [CE][LoadClusters] :: file: "mapgroupcluster01", 9 types, 50000 instances
23:37:01.456   5940 failed - check Matrix "default" grid size !!!
23:37:01.621 [CE][LoadClusters] :: file: "mapgroupcluster02", 9 types, 50000 instances
23:37:01.621   12307 failed - check Matrix "default" grid size !!!
23:37:01.681 [CE][LoadClusters] :: file: "mapgroupcluster03", 9 types, 15277 instances
23:37:01.681   1372 failed - check Matrix "default" grid size !!!
23:37:01.684 [CE][Storage] ver:21 stamp:553, valid:yes, name:"mpmissions\Expansion.deerisle\storage_1\data\types.bin"
23:37:01.685 [CE][Storage] ver:21 stamp:370, valid:yes, name:"mpmissions\Expansion.deerisle\storage_1\data\types.001"
23:37:01.686 [CE][Storage] ver:21 stamp:368, valid:yes, name:"mpmissions\Expansion.deerisle\storage_1\data\types.002"
23:37:01.686 [CE][Storage] Restoring file "mpmissions\Expansion.deerisle\storage_1\data\types.bin".
23:37:01.738 !!! File "DZ\worlds\chernarusplus\ce\db/messages.xml" does not exist...
23:37:01.738 !!! [CE][offlineDB] :: Failed to read messages file 'db/messages.xml'.
23:37:01.738 !!! [CE][offlineDB] :: No Shutdown message present.
23:37:01.739 [DynEvent] "LandRoverDefender" will be ignored :: failed to determine spawner type!
23:37:01.739 valid types are:
23:37:01.739   01 - Vehicle 
23:37:01.739   02 - Static 
23:37:01.739   03 - Loot 
23:37:01.739   04 - Infected 
23:37:01.739   05 - Animal 
23:37:01.739   06 - Ambient 
23:37:01.739   07 - Item 
23:37:01.739   08 - Trajectory 
23:37:01.739 [DynEvent] "LandRoverDefender" failed to initialize spawner - unknown type?!
23:37:01.739 [CE][offlineDB] :: Loaded 42 dynamic events 249 total types 0 total positions.
23:37:01.781 [CE][Storage] ver:21 stamp:553, valid:yes, name:"mpmissions\Expansion.deerisle\storage_1\data\events.bin"
23:37:01.782 [CE][Storage] ver:21 stamp:370, valid:yes, name:"mpmissions\Expansion.deerisle\storage_1\data\events.001"
23:37:01.782 [CE][Storage] ver:21 stamp:368, valid:yes, name:"mpmissions\Expansion.deerisle\storage_1\data\events.002"
23:37:01.782 [CE][Storage] Restoring file "mpmissions\Expansion.deerisle\storage_1\data\events.bin".
23:37:01.782 [CE][DynamicEvent] Load  Events:[42] Primary spawners: 41 Secondary spawners: 1
23:37:01.783 [CE][Storage] ver:25 stamp:553, valid:yes, name:"mpmissions\Expansion.deerisle\storage_1\data\dynamic_000.bin"
23:37:01.784 [CE][Storage] ver:25 stamp:370, valid:yes, name:"mpmissions\Expansion.deerisle\storage_1\data\dynamic_000.001"
23:37:01.784 [CE][Storage] ver:25 stamp:368, valid:yes, name:"mpmissions\Expansion.deerisle\storage_1\data\dynamic_000.002"
23:37:01.784 [CE][Storage] Restoring file "mpmissions\Expansion.deerisle\storage_1\data\dynamic_000.bin" 373 items.
23:37:01.911   373 items loaded.
23:37:01.912 [CE][Storage] ver:25 stamp:553, valid:yes, name:"mpmissions\Expansion.deerisle\storage_1\data\dynamic_001.bin"
23:37:01.913 [CE][Storage] ver:25 stamp:370, valid:yes, name:"mpmissions\Expansion.deerisle\storage_1\data\dynamic_001.001"
23:37:01.913 [CE][Storage] ver:25 stamp:368, valid:yes, name:"mpmissions\Expansion.deerisle\storage_1\data\dynamic_001.002"
23:37:01.913 [CE][Storage] Restoring file "mpmissions\Expansion.deerisle\storage_1\data\dynamic_001.bin" 1403 items.
23:37:02.335   1403 items loaded.
23:37:02.336 [CE][Storage] ver:25 stamp:553, valid:yes, name:"mpmissions\Expansion.deerisle\storage_1\data\dynamic_002.bin"
23:37:02.336 [CE][Storage] ver:25 stamp:370, valid:yes, name:"mpmissions\Expansion.deerisle\storage_1\data\dynamic_002.001"
23:37:02.337 [CE][Storage] ver:25 stamp:368, valid:yes, name:"mpmissions\Expansion.deerisle\storage_1\data\dynamic_002.002"
23:37:02.337 [CE][Storage] Restoring file "mpmissions\Expansion.deerisle\storage_1\data\dynamic_002.bin" 2753 items.
23:37:02.990   2753 items loaded.
23:37:02.991 [CE][Storage] ver:25 stamp:553, valid:yes, name:"mpmissions\Expansion.deerisle\storage_1\data\dynamic_003.bin"
23:37:02.991 [CE][Storage] ver:25 stamp:370, valid:yes, name:"mpmissions\Expansion.deerisle\storage_1\data\dynamic_003.001"
23:37:02.992 [CE][Storage] ver:25 stamp:368, valid:yes, name:"mpmissions\Expansion.deerisle\storage_1\data\dynamic_003.002"
23:37:02.992 [CE][Storage] Restoring file "mpmissions\Expansion.deerisle\storage_1\data\dynamic_003.bin" 3699 items.
23:37:03.713   3699 items loaded.
23:37:03.714 [CE][Storage] ver:25 stamp:553, valid:yes, name:"mpmissions\Expansion.deerisle\storage_1\data\dynamic_004.bin"
23:37:03.714 [CE][Storage] ver:25 stamp:370, valid:yes, name:"mpmissions\Expansion.deerisle\storage_1\data\dynamic_004.001"
23:37:03.715 [CE][Storage] ver:25 stamp:368, valid:yes, name:"mpmissions\Expansion.deerisle\storage_1\data\dynamic_004.002"
23:37:03.715 [CE][Storage] Restoring file "mpmissions\Expansion.deerisle\storage_1\data\dynamic_004.bin" 5601 items.
23:37:04.807   5601 items loaded.
23:37:04.808 [CE][Storage] ver:25 stamp:553, valid:yes, name:"mpmissions\Expansion.deerisle\storage_1\data\dynamic_005.bin"
23:37:04.808 [CE][Storage] ver:25 stamp:370, valid:yes, name:"mpmissions\Expansion.deerisle\storage_1\data\dynamic_005.001"
23:37:04.809 [CE][Storage] ver:25 stamp:368, valid:yes, name:"mpmissions\Expansion.deerisle\storage_1\data\dynamic_005.002"
23:37:04.809 [CE][Storage] Restoring file "mpmissions\Expansion.deerisle\storage_1\data\dynamic_005.bin" 5042 items.
23:37:05.950   5042 items loaded.
23:37:05.951 [CE][Storage] ver:25 stamp:553, valid:yes, name:"mpmissions\Expansion.deerisle\storage_1\data\dynamic_006.bin"
23:37:05.952 [CE][Storage] ver:25 stamp:370, valid:yes, name:"mpmissions\Expansion.deerisle\storage_1\data\dynamic_006.001"
23:37:05.953 [CE][Storage] ver:25 stamp:368, valid:yes, name:"mpmissions\Expansion.deerisle\storage_1\data\dynamic_006.002"
23:37:05.953 [CE][Storage] Restoring file "mpmissions\Expansion.deerisle\storage_1\data\dynamic_006.bin" 3344 items.
23:37:06.651   3344 items loaded.
23:37:06.652 [CE][Storage] ver:25 stamp:553, valid:yes, name:"mpmissions\Expansion.deerisle\storage_1\data\dynamic_007.bin"
23:37:06.652 [CE][Storage] ver:25 stamp:370, valid:yes, name:"mpmissions\Expansion.deerisle\storage_1\data\dynamic_007.001"
23:37:06.653 [CE][Storage] ver:25 stamp:368, valid:yes, name:"mpmissions\Expansion.deerisle\storage_1\data\dynamic_007.002"
23:37:06.653 [CE][Storage] Restoring file "mpmissions\Expansion.deerisle\storage_1\data\dynamic_007.bin" 2547 items.
23:37:07.199   2547 items loaded.
23:37:07.200 [CE][Storage] ver:25 stamp:553, valid:yes, name:"mpmissions\Expansion.deerisle\storage_1\data\dynamic_008.bin"
23:37:07.201 [CE][Storage] ver:25 stamp:370, valid:yes, name:"mpmissions\Expansion.deerisle\storage_1\data\dynamic_008.001"
23:37:07.201 [CE][Storage] ver:25 stamp:368, valid:yes, name:"mpmissions\Expansion.deerisle\storage_1\data\dynamic_008.002"
23:37:07.202 [CE][Storage] Restoring file "mpmissions\Expansion.deerisle\storage_1\data\dynamic_008.bin" 1269 items.
23:37:07.534   1269 items loaded.
23:37:07.535 [CE][Storage] ver:25 stamp:553, valid:yes, name:"mpmissions\Expansion.deerisle\storage_1\data\dynamic_009.bin"
23:37:07.536 [CE][Storage] ver:25 stamp:370, valid:yes, name:"mpmissions\Expansion.deerisle\storage_1\data\dynamic_009.001"
23:37:07.536 [CE][Storage] ver:25 stamp:368, valid:yes, name:"mpmissions\Expansion.deerisle\storage_1\data\dynamic_009.002"
23:37:07.536 [CE][Storage] Restoring file "mpmissions\Expansion.deerisle\storage_1\data\dynamic_009.bin" 627 items.
23:37:07.676   627 items loaded.
23:37:07.677 [CE][Storage] ver:25 stamp:553, valid:yes, name:"mpmissions\Expansion.deerisle\storage_1\data\dynamic_010.bin"
23:37:07.677 [CE][Storage] ver:25 stamp:370, valid:yes, name:"mpmissions\Expansion.deerisle\storage_1\data\dynamic_010.001"
23:37:07.678 [CE][Storage] ver:25 stamp:368, valid:yes, name:"mpmissions\Expansion.deerisle\storage_1\data\dynamic_010.002"
23:37:07.678 [CE][Storage] Restoring file "mpmissions\Expansion.deerisle\storage_1\data\dynamic_010.bin" 856 items.
23:37:07.858   856 items loaded.
23:37:07.859 [CE][Storage] ver:25 stamp:553, valid:yes, name:"mpmissions\Expansion.deerisle\storage_1\data\dynamic_011.bin"
23:37:07.859 [CE][Storage] ver:25 stamp:370, valid:yes, name:"mpmissions\Expansion.deerisle\storage_1\data\dynamic_011.001"
23:37:07.859 [CE][Storage] ver:25 stamp:368, valid:yes, name:"mpmissions\Expansion.deerisle\storage_1\data\dynamic_011.002"
23:37:07.859 [CE][Storage] Restoring file "mpmissions\Expansion.deerisle\storage_1\data\dynamic_011.bin" 0 items.
23:37:07.859   0 items loaded.
23:37:07.859 [CE][Storage] ver:26 stamp:553, valid:yes, name:"mpmissions\Expansion.deerisle\storage_1\data\building.bin"
23:37:07.859 [CE][Storage] ver:26 stamp:370, valid:yes, name:"mpmissions\Expansion.deerisle\storage_1\data\building.001"
23:37:07.859 [CE][Storage] ver:26 stamp:368, valid:yes, name:"mpmissions\Expansion.deerisle\storage_1\data\building.002"
23:37:07.859 [CE][Storage] Restoring file "mpmissions\Expansion.deerisle\storage_1\data\building.bin" 0 items.
23:37:07.859   0 items loaded.
23:37:07.860 [CE][Storage] ver:25 stamp:553, valid:yes, name:"mpmissions\Expansion.deerisle\storage_1\data\vehicles.bin"
23:37:07.860 [CE][Storage] ver:25 stamp:370, valid:yes, name:"mpmissions\Expansion.deerisle\storage_1\data\vehicles.001"
23:37:07.861 [CE][Storage] ver:25 stamp:368, valid:yes, name:"mpmissions\Expansion.deerisle\storage_1\data\vehicles.002"
23:37:07.861 [CE][Storage] Restoring file "mpmissions\Expansion.deerisle\storage_1\data\vehicles.bin" 161 items.
23:37:08.375   161 items loaded.
23:37:08.420 [CE][Hive] :: Storage load took:6.64 seconds, recovery stamp:553
23:37:08.420   entity: 29530, building: 0
23:37:08.420   no lifetime: 21
23:37:08.420   pathgraph's: 881
23:37:08.420 [CE][Hive] :: Initializing ... 
23:37:08.464 [CE][InitializeMap] :: initialized: 0
23:37:08.464 [CE][Hive] :: Initializing spawners ... 
23:37:09.410 [CE][LootRespawner] (PRIDummy) :: Initially (re)spawned:0, Nominal:28586, Total in Map: 27669 at 0 (sec)
23:37:09.410   tests:0, repeats:0 fails:0, overtime:0
23:37:09.410 [CE][DynEvent] :: 42 types
23:37:09.410 [00] LandRoverDefender
23:37:09.410 [01] AmbientHen
23:37:09.410   Primary Spawner: "Ambient", active: yes, repeat: 1
23:37:09.410 [02] AnimalBear
23:37:09.410   Primary Spawner: "Animal", active: yes, repeat: 1
23:37:09.410 [03] AnimalCow
23:37:09.410   Primary Spawner: "Animal", active: yes, repeat: 1
23:37:09.410 [04] AnimalDeer
23:37:09.410   Primary Spawner: "Animal", active: yes, repeat: 1
23:37:09.410 [05] AnimalGoat
23:37:09.410   Primary Spawner: "Animal", active: yes, repeat: 1
23:37:09.410 [06] AnimalPig
23:37:09.410   Primary Spawner: "Animal", active: yes, repeat: 1
23:37:09.410 [07] AnimalRoeDeer
23:37:09.410   Primary Spawner: "Animal", active: yes, repeat: 1
23:37:09.410 [08] AnimalSheep
23:37:09.410   Primary Spawner: "Animal", active: yes, repeat: 1
23:37:09.410 [09] AnimalWildBoar
23:37:09.410   Primary Spawner: "Animal", active: yes, repeat: 1
23:37:09.410 [10] AnimalWolf
23:37:09.410   Primary Spawner: "Animal", active: yes, repeat: 1
23:37:09.410 [11] InfectedArmy
23:37:09.410   Primary Spawner: "Infected", active: yes, repeat: 1
23:37:09.410 [12] InfectedCity
23:37:09.410   Primary Spawner: "Infected", active: yes, repeat: 1
23:37:09.411 [13] InfectedFirefighter
23:37:09.411   Primary Spawner: "Infected", active: yes, repeat: 1
23:37:09.411 [14] InfectedIndustrial
23:37:09.411   Primary Spawner: "Infected", active: yes, repeat: 1
23:37:09.411 [15] InfectedMedic
23:37:09.411   Primary Spawner: "Infected", active: yes, repeat: 1
23:37:09.411 [16] InfectedPolice
23:37:09.411   Primary Spawner: "Infected", active: yes, repeat: 1
23:37:09.411 [17] InfectedPrisoner
23:37:09.411   Primary Spawner: "Infected", active: yes, repeat: 1
23:37:09.411 [18] InfectedReligious
23:37:09.411   Primary Spawner: "Infected", active: yes, repeat: 1
23:37:09.411 [19] InfectedSolitude
23:37:09.411   Primary Spawner: "Infected", active: yes, repeat: 1
23:37:09.411 [20] InfectedVillage
23:37:09.411   Primary Spawner: "Infected", active: yes, repeat: 1
23:37:09.411 [21] ItemPlanks
23:37:09.411   Primary Spawner: "Item", active: yes, repeat: 1
23:37:09.411 [22] Loot
23:37:09.411   Primary Spawner: "Loot", active: yes, repeat: 2
23:37:09.411 [23] StaticHeliCrash
23:37:09.411   Primary Spawner: "Vehicle", active: yes, repeat: 1
23:37:09.411   Secondary Spawner: "Infected", active: yes, repeat: 1
23:37:09.411 [24] StaticPoliceCar
23:37:09.411   Primary Spawner: "Vehicle", active: yes, repeat: 1
23:37:09.411 [25] TrajectoryApple
23:37:09.411   Primary Spawner: "Trajectory", active: yes, repeat: 1
23:37:09.411 [26] TrajectoryCanina
23:37:09.411   Primary Spawner: "Trajectory", active: yes, repeat: 1
23:37:09.411 [27] TrajectoryConiferous
23:37:09.411   Primary Spawner: "Trajectory", active: yes, repeat: 1
23:37:09.411 [28] TrajectoryDeciduous
23:37:09.411   Primary Spawner: "Trajectory", active: yes, repeat: 1
23:37:09.411 [29] TrajectoryHumus
23:37:09.411   Primary Spawner: "Trajectory", active: yes, repeat: 1
23:37:09.411 [30] TrajectoryPear
23:37:09.411   Primary Spawner: "Trajectory", active: yes, repeat: 1
23:37:09.411 [31] TrajectoryPlum
23:37:09.411   Primary Spawner: "Trajectory", active: yes, repeat: 1
23:37:09.411 [32] TrajectorySambucus
23:37:09.411   Primary Spawner: "Trajectory", active: yes, repeat: 1
23:37:09.411 [33] TrajectoryStones
23:37:09.411   Primary Spawner: "Trajectory", active: yes, repeat: 1
23:37:09.411 [34] VehicleCivilianSedan
23:37:09.411   Primary Spawner: "Vehicle", active: yes, repeat: 1
23:37:09.411 [35] VehicleHatchback02
23:37:09.411   Primary Spawner: "Vehicle", active: yes, repeat: 1
23:37:09.411 [36] VehicleOffroadHatchback
23:37:09.411   Primary Spawner: "Vehicle", active: yes, repeat: 1
23:37:09.411 [37] VehicleSedan02
23:37:09.411   Primary Spawner: "Vehicle", active: yes, repeat: 1
23:37:09.411 [38] VehicleTruck01
23:37:09.411   Primary Spawner: "Vehicle", active: yes, repeat: 1
23:37:09.411 [39] StaticVanPinkies
23:37:09.411   Primary Spawner: "Vehicle", active: yes, repeat: 1
23:37:09.411 [40] StaticVanAmbulance
23:37:09.411   Primary Spawner: "Vehicle", active: yes, repeat: 1
23:37:09.411 [41] StaticSkeletonEventspawn
23:37:09.411   Primary Spawner: "Vehicle", active: yes, repeat: 1
23:37:09.411 [CE][Hive] :: Initializing of spawners done.
23:37:09.418 [CE][Hive] :: Init sequence finished.
23:37:09.418 Player connect enabled
23:37:10.70 [IdleMode] Entering IN - save processed
23:39:01.621  --- Termination successfully completed --- 
