

=====================================================================
== C:\Program Files (x86)\Steam\steamapps\common\DayZServer\DayZServer_x64.exe
== DayZServer_x64.exe  -cpuCount=4 -mod=@DeerIsle;@CF;@ZomBerryAdminTools;@BuilderItems;@TeddysWeaponPack;@CannabisPlus;@ModularVestSystem;@@IRPLandRoverDefender110;@VanillaPlusPlusMap; -config=serverDZ.cfg -port=2302 -noFilePatching -profiles=myprofile -scrAllowFileWrite -adminlog
=====================================================================
Exe timestamp: 2021/04/21 17:17:53
Current time:  2021/04/23 13:11:55

Version 1.12.153862
13:11:55.927 [Inputs] Loading inputs default "bin/constants.xml"
13:11:55.927 [Inputs] Loading inputs default "bin/specific.xml"
13:11:55.927 [Inputs] Loading inputs default "LBmaster_UndergroundLighting/inputsLBmaster.xml"
13:11:55.927 [Inputs] Loading inputs default "VanillaPPMap/data/modded_Inputs.xml"
13:11:55.927 [Inputs] Loading inputs default "ZomBerry/AT/scripts/data/inputs.xml"
13:11:55.927 [Inputs] Loading inputs cfg "myprofile\Users\Survivor\Server.core.xml"
13:11:55.927 !!! [Inputs] Cannot read inputs cfg "myprofile\Users\Survivor\Server.core.xml", parser error
13:11:55.927 [Inputs] Loading inputs cfg "bin/core.xml"
13:11:55.927 !!! [Inputs] Cannot load input preset "user", file does not exist
13:11:55.927 [Inputs] Exporting inputs cfg "myprofile\Users\Survivor\Server.core.xml"
13:12:09.831 [CE][Hive] :: Initializing OFFLINE
13:12:09.831 [CE][Hive] :: Loading core data ... 
13:12:09.831 [CE][CoreData] :: 7 root classes, 18 defaults, 0 updaters...
13:12:13.675 [CE] :: WARNING :: Preset map "optics" is EMPTY.
13:12:13.675 [CE][TypeSetup] :: 430 classes setuped...
13:12:14.115 [CE][RegisterBind] :: 0 classes binded...
13:12:14.115 [CE][RegisterConfig] :: 7469 config classes registered, 1 sub-counters...
13:12:14.115 [CE][Hive] :: Loading map data ... 
13:12:14.146 [CE][LoadPrototype] :: loaded 345 prototypes
13:12:14.146   665 containers, 8761 points
13:12:14.146   0 dispatches, 0 proxies
13:12:14.146 !!! [CE][LoadPrototype] 7 groups have no points...
13:12:14.146 [CE][LoadPrototype] :: last group name: Land_Garage_Tall...
13:12:14.162 [CE][LoadPrototype] :: loaded 0 prototypes
13:12:14.162   0 containers, 0 points
13:12:14.162   0 dispatches, 0 proxies
13:12:14.162 [CE][LoadPrototype] :: last group name: Rail9...
13:12:14.888 [CE][LoadMap] "Group" :: loaded 7506 groups, largest group range: 34.0
13:12:14.903 [CE][LoadMap] "Dirt" :: loaded 0 groups, largest group range: 34.0
13:12:15.13 [CE][Links] found 2124 total links between groups, of 7506
13:12:15.13 [CE][LoadClusters] "Cluster" :: Loading files...
13:12:15.193 [CE][LoadClusters] :: file: "mapgroupcluster.xml", 9 types, 50000 instances
13:12:15.367 [CE][LoadClusters] :: file: "mapgroupcluster01", 9 types, 50000 instances
13:12:15.367   5940 failed - check Matrix "default" grid size !!!
13:12:15.559 [CE][LoadClusters] :: file: "mapgroupcluster02", 9 types, 50000 instances
13:12:15.559   12307 failed - check Matrix "default" grid size !!!
13:12:15.622 [CE][LoadClusters] :: file: "mapgroupcluster03", 9 types, 15277 instances
13:12:15.622   1372 failed - check Matrix "default" grid size !!!
13:12:15.622 [CE][Storage] ver:21 stamp:6334, valid:yes, name:"mpmissions\Expansion.deerisle\storage_1\data\types.bin"
13:12:15.622 [CE][Storage] ver:21 stamp:5782, valid:yes, name:"mpmissions\Expansion.deerisle\storage_1\data\types.001"
13:12:15.637 [CE][Storage] ver:21 stamp:5783, valid:yes, name:"mpmissions\Expansion.deerisle\storage_1\data\types.002"
13:12:15.637 [CE][Storage] Restoring file "mpmissions\Expansion.deerisle\storage_1\data\types.bin".
13:12:15.702 !!! File "DZ\worlds\chernarusplus\ce\db/messages.xml" does not exist...
13:12:15.702 !!! [CE][offlineDB] :: Failed to read messages file 'db/messages.xml'.
13:12:15.702 !!! [CE][offlineDB] :: No Shutdown message present.
13:12:15.702 [DynEvent] "LandRoverDefender" will be ignored :: failed to determine spawner type!
13:12:15.702 valid types are:
13:12:15.702   01 - Vehicle 
13:12:15.702   02 - Static 
13:12:15.702   03 - Loot 
13:12:15.702   04 - Infected 
13:12:15.702   05 - Animal 
13:12:15.702   06 - Ambient 
13:12:15.702   07 - Item 
13:12:15.702   08 - Trajectory 
13:12:15.702 [DynEvent] "LandRoverDefender" failed to initialize spawner - unknown type?!
13:12:15.702 [CE][offlineDB] :: Loaded 42 dynamic events 249 total types 0 total positions.
13:12:15.734 [CE][Storage] ver:21 stamp:6334, valid:yes, name:"mpmissions\Expansion.deerisle\storage_1\data\events.bin"
13:12:15.734 [CE][Storage] ver:21 stamp:5782, valid:yes, name:"mpmissions\Expansion.deerisle\storage_1\data\events.001"
13:12:15.734 [CE][Storage] ver:21 stamp:5783, valid:yes, name:"mpmissions\Expansion.deerisle\storage_1\data\events.002"
13:12:15.734 [CE][Storage] Restoring file "mpmissions\Expansion.deerisle\storage_1\data\events.bin".
13:12:15.734 [CE][DynamicEvent] Load  Events:[42] Primary spawners: 41 Secondary spawners: 1
13:12:15.734 [CE][Storage] ver:25 stamp:6334, valid:yes, name:"mpmissions\Expansion.deerisle\storage_1\data\dynamic_000.bin"
13:12:15.734 [CE][Storage] ver:25 stamp:5782, valid:yes, name:"mpmissions\Expansion.deerisle\storage_1\data\dynamic_000.001"
13:12:15.734 [CE][Storage] ver:25 stamp:5783, valid:yes, name:"mpmissions\Expansion.deerisle\storage_1\data\dynamic_000.002"
13:12:15.734 [CE][Storage] Restoring file "mpmissions\Expansion.deerisle\storage_1\data\dynamic_000.bin" 231 items.
13:12:15.958   231 items loaded.
13:12:15.958 [CE][Storage] ver:25 stamp:6334, valid:yes, name:"mpmissions\Expansion.deerisle\storage_1\data\dynamic_001.bin"
13:12:15.958 [CE][Storage] ver:25 stamp:5782, valid:yes, name:"mpmissions\Expansion.deerisle\storage_1\data\dynamic_001.001"
13:12:15.958 [CE][Storage] ver:25 stamp:5783, valid:yes, name:"mpmissions\Expansion.deerisle\storage_1\data\dynamic_001.002"
13:12:15.958 [CE][Storage] Restoring file "mpmissions\Expansion.deerisle\storage_1\data\dynamic_001.bin" 1227 items.
13:12:16.501   1227 items loaded.
13:12:16.516 [CE][Storage] ver:25 stamp:6334, valid:yes, name:"mpmissions\Expansion.deerisle\storage_1\data\dynamic_002.bin"
13:12:16.516 [CE][Storage] ver:25 stamp:5782, valid:yes, name:"mpmissions\Expansion.deerisle\storage_1\data\dynamic_002.001"
13:12:16.516 [CE][Storage] ver:25 stamp:5783, valid:yes, name:"mpmissions\Expansion.deerisle\storage_1\data\dynamic_002.002"
13:12:16.516 [CE][Storage] Restoring file "mpmissions\Expansion.deerisle\storage_1\data\dynamic_002.bin" 2521 items.
13:12:17.265   2521 items loaded.
13:12:17.265 [CE][Storage] ver:25 stamp:6334, valid:yes, name:"mpmissions\Expansion.deerisle\storage_1\data\dynamic_003.bin"
13:12:17.265 [CE][Storage] ver:25 stamp:5782, valid:yes, name:"mpmissions\Expansion.deerisle\storage_1\data\dynamic_003.001"
13:12:17.265 [CE][Storage] ver:25 stamp:5783, valid:yes, name:"mpmissions\Expansion.deerisle\storage_1\data\dynamic_003.002"
13:12:17.265 [CE][Storage] Restoring file "mpmissions\Expansion.deerisle\storage_1\data\dynamic_003.bin" 3206 items.
13:12:18.21   3206 items loaded.
13:12:18.21 [CE][Storage] ver:25 stamp:6334, valid:yes, name:"mpmissions\Expansion.deerisle\storage_1\data\dynamic_004.bin"
13:12:18.37 [CE][Storage] ver:25 stamp:5782, valid:yes, name:"mpmissions\Expansion.deerisle\storage_1\data\dynamic_004.001"
13:12:18.37 [CE][Storage] ver:25 stamp:5783, valid:yes, name:"mpmissions\Expansion.deerisle\storage_1\data\dynamic_004.002"
13:12:18.37 [CE][Storage] Restoring file "mpmissions\Expansion.deerisle\storage_1\data\dynamic_004.bin" 4715 items.
13:12:19.119   4715 items loaded.
13:12:19.119 [CE][Storage] ver:25 stamp:6334, valid:yes, name:"mpmissions\Expansion.deerisle\storage_1\data\dynamic_005.bin"
13:12:19.119 [CE][Storage] ver:25 stamp:5782, valid:yes, name:"mpmissions\Expansion.deerisle\storage_1\data\dynamic_005.001"
13:12:19.119 [CE][Storage] ver:25 stamp:5783, valid:yes, name:"mpmissions\Expansion.deerisle\storage_1\data\dynamic_005.002"
13:12:19.119 [CE][Storage] Restoring file "mpmissions\Expansion.deerisle\storage_1\data\dynamic_005.bin" 3972 items.
13:12:20.154   3972 items loaded.
13:12:20.154 [CE][Storage] ver:25 stamp:6334, valid:yes, name:"mpmissions\Expansion.deerisle\storage_1\data\dynamic_006.bin"
13:12:20.154 [CE][Storage] ver:25 stamp:5782, valid:yes, name:"mpmissions\Expansion.deerisle\storage_1\data\dynamic_006.001"
13:12:20.154 [CE][Storage] ver:25 stamp:5783, valid:yes, name:"mpmissions\Expansion.deerisle\storage_1\data\dynamic_006.002"
13:12:20.154 [CE][Storage] Restoring file "mpmissions\Expansion.deerisle\storage_1\data\dynamic_006.bin" 3054 items.
13:12:20.880   3054 items loaded.
13:12:20.880 [CE][Storage] ver:25 stamp:6334, valid:yes, name:"mpmissions\Expansion.deerisle\storage_1\data\dynamic_007.bin"
13:12:20.896 [CE][Storage] ver:25 stamp:5782, valid:yes, name:"mpmissions\Expansion.deerisle\storage_1\data\dynamic_007.001"
13:12:20.896 [CE][Storage] ver:25 stamp:5783, valid:yes, name:"mpmissions\Expansion.deerisle\storage_1\data\dynamic_007.002"
13:12:20.896 [CE][Storage] Restoring file "mpmissions\Expansion.deerisle\storage_1\data\dynamic_007.bin" 2162 items.
13:12:21.447   2162 items loaded.
13:12:21.447 [CE][Storage] ver:25 stamp:6334, valid:yes, name:"mpmissions\Expansion.deerisle\storage_1\data\dynamic_008.bin"
13:12:21.447 [CE][Storage] ver:25 stamp:5782, valid:yes, name:"mpmissions\Expansion.deerisle\storage_1\data\dynamic_008.001"
13:12:21.447 [CE][Storage] ver:25 stamp:5783, valid:yes, name:"mpmissions\Expansion.deerisle\storage_1\data\dynamic_008.002"
13:12:21.447 [CE][Storage] Restoring file "mpmissions\Expansion.deerisle\storage_1\data\dynamic_008.bin" 1218 items.
13:12:21.809   1218 items loaded.
13:12:21.809 [CE][Storage] ver:25 stamp:6334, valid:yes, name:"mpmissions\Expansion.deerisle\storage_1\data\dynamic_009.bin"
13:12:21.809 [CE][Storage] ver:25 stamp:5782, valid:yes, name:"mpmissions\Expansion.deerisle\storage_1\data\dynamic_009.001"
13:12:21.809 [CE][Storage] ver:25 stamp:5783, valid:yes, name:"mpmissions\Expansion.deerisle\storage_1\data\dynamic_009.002"
13:12:21.809 [CE][Storage] Restoring file "mpmissions\Expansion.deerisle\storage_1\data\dynamic_009.bin" 603 items.
13:12:22.02   603 items loaded.
13:12:22.02 [CE][Storage] ver:25 stamp:6334, valid:yes, name:"mpmissions\Expansion.deerisle\storage_1\data\dynamic_010.bin"
13:12:22.02 [CE][Storage] ver:25 stamp:5782, valid:yes, name:"mpmissions\Expansion.deerisle\storage_1\data\dynamic_010.001"
13:12:22.02 [CE][Storage] ver:25 stamp:5783, valid:yes, name:"mpmissions\Expansion.deerisle\storage_1\data\dynamic_010.002"
13:12:22.02 [CE][Storage] Restoring file "mpmissions\Expansion.deerisle\storage_1\data\dynamic_010.bin" 789 items.
13:12:22.212   789 items loaded.
13:12:22.212 [CE][Storage] ver:25 stamp:6334, valid:yes, name:"mpmissions\Expansion.deerisle\storage_1\data\dynamic_011.bin"
13:12:22.212 [CE][Storage] ver:25 stamp:5782, valid:yes, name:"mpmissions\Expansion.deerisle\storage_1\data\dynamic_011.001"
13:12:22.212 [CE][Storage] ver:25 stamp:5783, valid:yes, name:"mpmissions\Expansion.deerisle\storage_1\data\dynamic_011.002"
13:12:22.212 [CE][Storage] Restoring file "mpmissions\Expansion.deerisle\storage_1\data\dynamic_011.bin" 0 items.
13:12:22.212   0 items loaded.
13:12:22.212 [CE][Storage] ver:26 stamp:6334, valid:yes, name:"mpmissions\Expansion.deerisle\storage_1\data\building.bin"
13:12:22.212 [CE][Storage] ver:26 stamp:5782, valid:yes, name:"mpmissions\Expansion.deerisle\storage_1\data\building.001"
13:12:22.212 [CE][Storage] ver:26 stamp:5783, valid:yes, name:"mpmissions\Expansion.deerisle\storage_1\data\building.002"
13:12:22.212 [CE][Storage] Restoring file "mpmissions\Expansion.deerisle\storage_1\data\building.bin" 0 items.
13:12:22.212   0 items loaded.
13:12:22.212 [CE][Storage] ver:25 stamp:6334, valid:yes, name:"mpmissions\Expansion.deerisle\storage_1\data\vehicles.bin"
13:12:22.212 [CE][Storage] ver:25 stamp:5782, valid:yes, name:"mpmissions\Expansion.deerisle\storage_1\data\vehicles.001"
13:12:22.212 [CE][Storage] ver:25 stamp:5783, valid:yes, name:"mpmissions\Expansion.deerisle\storage_1\data\vehicles.002"
13:12:22.212 [CE][Storage] Restoring file "mpmissions\Expansion.deerisle\storage_1\data\vehicles.bin" 151 items.
13:12:22.791   151 items loaded.
13:12:22.807 [CE][Hive] :: Storage load took:7.08 seconds, recovery stamp:6334
13:12:22.807   entity: 25862, building: 0
13:12:22.807   no lifetime: 22
13:12:22.807   pathgraph's: 816
13:12:22.807 [CE][Hive] :: Initializing ... 
13:12:22.854 [CE][InitializeMap] :: initialized: 0
13:12:22.854 [CE][Hive] :: Initializing spawners ... 
13:12:23.987 [CE][LootRespawner] (PRIDummy) :: Initially (re)spawned:0, Nominal:28402, Total in Map: 23774 at 0 (sec)
13:12:23.987   tests:0, repeats:0 fails:0, overtime:0
13:12:23.987 [CE][DynEvent] :: 42 types
13:12:23.987 [00] LandRoverDefender
13:12:23.987 [01] AmbientHen
13:12:23.987   Primary Spawner: "Ambient", active: yes, repeat: 1
13:12:23.987 [02] AnimalBear
13:12:23.987   Primary Spawner: "Animal", active: yes, repeat: 1
13:12:23.987 [03] AnimalCow
13:12:23.987   Primary Spawner: "Animal", active: yes, repeat: 1
13:12:23.987 [04] AnimalDeer
13:12:23.987   Primary Spawner: "Animal", active: yes, repeat: 1
13:12:23.987 [05] AnimalGoat
13:12:23.987   Primary Spawner: "Animal", active: yes, repeat: 1
13:12:23.987 [06] AnimalPig
13:12:23.987   Primary Spawner: "Animal", active: yes, repeat: 1
13:12:23.987 [07] AnimalRoeDeer
13:12:23.987   Primary Spawner: "Animal", active: yes, repeat: 1
13:12:23.987 [08] AnimalSheep
13:12:23.987   Primary Spawner: "Animal", active: yes, repeat: 1
13:12:23.987 [09] AnimalWildBoar
13:12:23.987   Primary Spawner: "Animal", active: yes, repeat: 1
13:12:23.987 [10] AnimalWolf
13:12:23.987   Primary Spawner: "Animal", active: yes, repeat: 1
13:12:23.987 [11] InfectedArmy
13:12:23.987   Primary Spawner: "Infected", active: yes, repeat: 1
13:12:23.987 [12] InfectedCity
13:12:23.987   Primary Spawner: "Infected", active: yes, repeat: 1
13:12:23.987 [13] InfectedFirefighter
13:12:23.987   Primary Spawner: "Infected", active: yes, repeat: 1
13:12:23.987 [14] InfectedIndustrial
13:12:23.987   Primary Spawner: "Infected", active: yes, repeat: 1
13:12:23.987 [15] InfectedMedic
13:12:23.987   Primary Spawner: "Infected", active: yes, repeat: 1
13:12:23.987 [16] InfectedPolice
13:12:23.987   Primary Spawner: "Infected", active: yes, repeat: 1
13:12:23.987 [17] InfectedPrisoner
13:12:23.987   Primary Spawner: "Infected", active: yes, repeat: 1
13:12:23.987 [18] InfectedReligious
13:12:23.987   Primary Spawner: "Infected", active: yes, repeat: 1
13:12:23.987 [19] InfectedSolitude
13:12:23.987   Primary Spawner: "Infected", active: yes, repeat: 1
13:12:23.987 [20] InfectedVillage
13:12:23.987   Primary Spawner: "Infected", active: yes, repeat: 1
13:12:23.987 [21] ItemPlanks
13:12:23.987   Primary Spawner: "Item", active: yes, repeat: 1
13:12:23.987 [22] Loot
13:12:23.987   Primary Spawner: "Loot", active: yes, repeat: 2
13:12:23.987 [23] StaticHeliCrash
13:12:23.987   Primary Spawner: "Vehicle", active: yes, repeat: 1
13:12:23.987   Secondary Spawner: "Infected", active: yes, repeat: 1
13:12:23.987 [24] StaticPoliceCar
13:12:23.987   Primary Spawner: "Vehicle", active: yes, repeat: 1
13:12:23.987 [25] TrajectoryApple
13:12:23.987   Primary Spawner: "Trajectory", active: yes, repeat: 1
13:12:23.987 [26] TrajectoryCanina
13:12:23.987   Primary Spawner: "Trajectory", active: yes, repeat: 1
13:12:23.987 [27] TrajectoryConiferous
13:12:23.987   Primary Spawner: "Trajectory", active: yes, repeat: 1
13:12:23.987 [28] TrajectoryDeciduous
13:12:23.987   Primary Spawner: "Trajectory", active: yes, repeat: 1
13:12:23.987 [29] TrajectoryHumus
13:12:23.987   Primary Spawner: "Trajectory", active: yes, repeat: 1
13:12:23.987 [30] TrajectoryPear
13:12:23.987   Primary Spawner: "Trajectory", active: yes, repeat: 1
13:12:23.987 [31] TrajectoryPlum
13:12:23.987   Primary Spawner: "Trajectory", active: yes, repeat: 1
13:12:23.987 [32] TrajectorySambucus
13:12:23.987   Primary Spawner: "Trajectory", active: yes, repeat: 1
13:12:23.987 [33] TrajectoryStones
13:12:23.987   Primary Spawner: "Trajectory", active: yes, repeat: 1
13:12:23.987 [34] VehicleCivilianSedan
13:12:23.987   Primary Spawner: "Vehicle", active: yes, repeat: 1
13:12:23.987 [35] VehicleHatchback02
13:12:23.987   Primary Spawner: "Vehicle", active: yes, repeat: 1
13:12:23.987 [36] VehicleOffroadHatchback
13:12:23.987   Primary Spawner: "Vehicle", active: yes, repeat: 1
13:12:23.987 [37] VehicleSedan02
13:12:23.987   Primary Spawner: "Vehicle", active: yes, repeat: 1
13:12:23.987 [38] VehicleTruck01
13:12:23.987   Primary Spawner: "Vehicle", active: yes, repeat: 1
13:12:23.987 [39] StaticVanPinkies
13:12:23.987   Primary Spawner: "Vehicle", active: yes, repeat: 1
13:12:23.987 [40] StaticVanAmbulance
13:12:23.987   Primary Spawner: "Vehicle", active: yes, repeat: 1
13:12:23.987 [41] StaticSkeletonEventspawn
13:12:23.987   Primary Spawner: "Vehicle", active: yes, repeat: 1
13:12:23.987 [CE][Hive] :: Initializing of spawners done.
13:12:23.987 [CE][Hive] :: Init sequence finished.
13:12:23.987 Player connect enabled
13:12:27.440  --- Termination successfully completed --- 
