

=====================================================================
== C:\Program Files (x86)\Steam\steamapps\common\DayZServer\DayZServer_x64.exe
== DayZServer_x64.exe  -cpuCount=4 -mod=@42MonthsAfter;@DeerIsle;@CF;@ZomBerryAdminTools;@CannabisPlus; -config=serverDZ.cfg -port=2302 -noFilePatching -profiles=myprofile -scrAllowFileWrite -adminlog
=====================================================================
Exe timestamp: 2021/05/04 20:25:42
Current time:  2021/05/04 22:47:13

Version 1.12.153895
22:47:13.21 [Inputs] Loading inputs default "bin/constants.xml"
22:47:13.24 [Inputs] Loading inputs default "bin/specific.xml"
22:47:13.24 [Inputs] Loading inputs default "LBmaster_UndergroundLighting/inputsLBmaster.xml"
22:47:13.24 [Inputs] Loading inputs default "ZomBerry/AT/scripts/data/inputs.xml"
22:47:13.25 [Inputs] Loading inputs cfg "myprofile\Users\Survivor\Server.core.xml"
22:47:13.25 !!! [Inputs] Cannot read inputs cfg "myprofile\Users\Survivor\Server.core.xml", parser error
22:47:13.25 [Inputs] Loading inputs cfg "bin/core.xml"
22:47:13.25 !!! [Inputs] Cannot load input preset "user", file does not exist
22:47:13.26 [Inputs] Exporting inputs cfg "myprofile\Users\Survivor\Server.core.xml"
22:47:22.69 [CE][Hive] :: Initializing OFFLINE
22:47:22.69 [CE][Hive] :: Loading core data ... 
22:47:22.69 [CE][CoreData] :: 7 root classes, 18 defaults, 0 updaters...
22:47:23.689 [CE] :: WARNING :: Preset map "optics" is EMPTY.
22:47:23.691 [CE][TypeSetup] :: 430 classes setuped...
22:47:23.759 [CE][RegisterBind] :: 0 classes binded...
22:47:23.759 [CE][RegisterConfig] :: 3238 config classes registered, 1 sub-counters...
22:47:23.759 [CE][Hive] :: Loading map data ... 
22:47:23.790 [CE][LoadPrototype] :: loaded 345 prototypes
22:47:23.790   665 containers, 8761 points
22:47:23.790   0 dispatches, 0 proxies
22:47:23.790 !!! [CE][LoadPrototype] 7 groups have no points...
22:47:23.790 [CE][LoadPrototype] :: last group name: Land_Garage_Tall...
22:47:23.794 [CE][LoadPrototype] :: loaded 0 prototypes
22:47:23.794   0 containers, 0 points
22:47:23.794   0 dispatches, 0 proxies
22:47:23.794 [CE][LoadPrototype] :: last group name: Rail9...
22:47:24.249 [CE][LoadMap] "Group" :: loaded 7506 groups, largest group range: 34.0
22:47:24.251 [CE][LoadMap] "Dirt" :: loaded 0 groups, largest group range: 34.0
22:47:24.357 [CE][Links] found 2124 total links between groups, of 7506
22:47:24.357 [CE][LoadClusters] "Cluster" :: Loading files...
22:47:24.514 [CE][LoadClusters] :: file: "mapgroupcluster.xml", 9 types, 50000 instances
22:47:24.677 [CE][LoadClusters] :: file: "mapgroupcluster01", 9 types, 50000 instances
22:47:24.677   5940 failed - check Matrix "default" grid size !!!
22:47:24.842 [CE][LoadClusters] :: file: "mapgroupcluster02", 9 types, 50000 instances
22:47:24.842   12307 failed - check Matrix "default" grid size !!!
22:47:24.903 [CE][LoadClusters] :: file: "mapgroupcluster03", 9 types, 15277 instances
22:47:24.903   1372 failed - check Matrix "default" grid size !!!
22:47:24.907 [CE][Storage] ver:21 stamp:103, valid:yes, name:"mpmissions\Expansion.deerisle\storage_1\data\types.bin"
22:47:24.907 [CE][Storage] ver:21 stamp:10, valid:yes, name:"mpmissions\Expansion.deerisle\storage_1\data\types.001"
22:47:24.908 [CE][Storage] ver:21 stamp:11, valid:yes, name:"mpmissions\Expansion.deerisle\storage_1\data\types.002"
22:47:24.908 [CE][Storage] Restoring file "mpmissions\Expansion.deerisle\storage_1\data\types.bin".
22:47:24.920 !!! File "DZ\worlds\chernarusplus\ce\db/messages.xml" does not exist...
22:47:24.920 !!! [CE][offlineDB] :: Failed to read messages file 'db/messages.xml'.
22:47:24.920 !!! [CE][offlineDB] :: No Shutdown message present.
22:47:24.922 [CE][offlineDB] :: Loaded 41 dynamic events 246 total types 0 total positions.
22:47:24.957 [CE][Storage] ver:21 stamp:103, valid:yes, name:"mpmissions\Expansion.deerisle\storage_1\data\events.bin"
22:47:24.958 [CE][Storage] ver:21 stamp:10, valid:yes, name:"mpmissions\Expansion.deerisle\storage_1\data\events.001"
22:47:24.958 [CE][Storage] ver:21 stamp:11, valid:yes, name:"mpmissions\Expansion.deerisle\storage_1\data\events.002"
22:47:24.958 [CE][Storage] Restoring file "mpmissions\Expansion.deerisle\storage_1\data\events.bin".
22:47:24.958 [CE][DynamicEvent] Load  Events:[41] Primary spawners: 41 Secondary spawners: 1
22:47:24.959 [CE][Storage] ver:25 stamp:103, valid:yes, name:"mpmissions\Expansion.deerisle\storage_1\data\dynamic_000.bin"
22:47:24.959 [CE][Storage] ver:25 stamp:10, valid:yes, name:"mpmissions\Expansion.deerisle\storage_1\data\dynamic_000.001"
22:47:24.959 [CE][Storage] ver:25 stamp:11, valid:yes, name:"mpmissions\Expansion.deerisle\storage_1\data\dynamic_000.002"
22:47:24.959 [CE][Storage] Restoring file "mpmissions\Expansion.deerisle\storage_1\data\dynamic_000.bin" 368 items.
22:47:25.66   368 items loaded.
22:47:25.67 [CE][Storage] ver:25 stamp:103, valid:yes, name:"mpmissions\Expansion.deerisle\storage_1\data\dynamic_001.bin"
22:47:25.67 [CE][Storage] ver:25 stamp:10, valid:yes, name:"mpmissions\Expansion.deerisle\storage_1\data\dynamic_001.001"
22:47:25.68 [CE][Storage] ver:25 stamp:11, valid:yes, name:"mpmissions\Expansion.deerisle\storage_1\data\dynamic_001.002"
22:47:25.68 [CE][Storage] Restoring file "mpmissions\Expansion.deerisle\storage_1\data\dynamic_001.bin" 1357 items.
22:47:25.405   1357 items loaded.
22:47:25.406 [CE][Storage] ver:25 stamp:103, valid:yes, name:"mpmissions\Expansion.deerisle\storage_1\data\dynamic_002.bin"
22:47:25.406 [CE][Storage] ver:25 stamp:10, valid:yes, name:"mpmissions\Expansion.deerisle\storage_1\data\dynamic_002.001"
22:47:25.406 [CE][Storage] ver:25 stamp:11, valid:yes, name:"mpmissions\Expansion.deerisle\storage_1\data\dynamic_002.002"
22:47:25.406 [CE][Storage] Restoring file "mpmissions\Expansion.deerisle\storage_1\data\dynamic_002.bin" 2723 items.
22:47:25.961   2723 items loaded.
22:47:25.962 [CE][Storage] ver:25 stamp:103, valid:yes, name:"mpmissions\Expansion.deerisle\storage_1\data\dynamic_003.bin"
22:47:25.962 [CE][Storage] ver:25 stamp:10, valid:yes, name:"mpmissions\Expansion.deerisle\storage_1\data\dynamic_003.001"
22:47:25.963 [CE][Storage] ver:25 stamp:11, valid:yes, name:"mpmissions\Expansion.deerisle\storage_1\data\dynamic_003.002"
22:47:25.963 [CE][Storage] Restoring file "mpmissions\Expansion.deerisle\storage_1\data\dynamic_003.bin" 3643 items.
22:47:26.601   3643 items loaded.
22:47:26.602 [CE][Storage] ver:25 stamp:103, valid:yes, name:"mpmissions\Expansion.deerisle\storage_1\data\dynamic_004.bin"
22:47:26.602 [CE][Storage] ver:25 stamp:57, valid:yes, name:"mpmissions\Expansion.deerisle\storage_1\data\dynamic_004.001"
22:47:26.603 [CE][Storage] ver:25 stamp:11, valid:yes, name:"mpmissions\Expansion.deerisle\storage_1\data\dynamic_004.002"
22:47:26.603 [CE][Storage] Restoring file "mpmissions\Expansion.deerisle\storage_1\data\dynamic_004.bin" 5478 items.
22:47:27.507   5478 items loaded.
22:47:27.508 [CE][Storage] ver:25 stamp:103, valid:yes, name:"mpmissions\Expansion.deerisle\storage_1\data\dynamic_005.bin"
22:47:27.508 [CE][Storage] ver:25 stamp:57, valid:yes, name:"mpmissions\Expansion.deerisle\storage_1\data\dynamic_005.001"
22:47:27.509 [CE][Storage] ver:25 stamp:11, valid:yes, name:"mpmissions\Expansion.deerisle\storage_1\data\dynamic_005.002"
22:47:27.509 [CE][Storage] Restoring file "mpmissions\Expansion.deerisle\storage_1\data\dynamic_005.bin" 4752 items.
22:47:28.451   4752 items loaded.
22:47:28.452 [CE][Storage] ver:25 stamp:103, valid:yes, name:"mpmissions\Expansion.deerisle\storage_1\data\dynamic_006.bin"
22:47:28.452 [CE][Storage] ver:25 stamp:57, valid:yes, name:"mpmissions\Expansion.deerisle\storage_1\data\dynamic_006.001"
22:47:28.452 [CE][Storage] ver:25 stamp:11, valid:yes, name:"mpmissions\Expansion.deerisle\storage_1\data\dynamic_006.002"
22:47:28.453 [CE][Storage] Restoring file "mpmissions\Expansion.deerisle\storage_1\data\dynamic_006.bin" 3296 items.
22:47:29.63   3296 items loaded.
22:47:29.65 [CE][Storage] ver:25 stamp:103, valid:yes, name:"mpmissions\Expansion.deerisle\storage_1\data\dynamic_007.bin"
22:47:29.65 [CE][Storage] ver:25 stamp:57, valid:yes, name:"mpmissions\Expansion.deerisle\storage_1\data\dynamic_007.001"
22:47:29.66 [CE][Storage] ver:25 stamp:11, valid:yes, name:"mpmissions\Expansion.deerisle\storage_1\data\dynamic_007.002"
22:47:29.66 [CE][Storage] Restoring file "mpmissions\Expansion.deerisle\storage_1\data\dynamic_007.bin" 2467 items.
22:47:29.504   2467 items loaded.
22:47:29.505 [CE][Storage] ver:25 stamp:103, valid:yes, name:"mpmissions\Expansion.deerisle\storage_1\data\dynamic_008.bin"
22:47:29.505 [CE][Storage] ver:25 stamp:57, valid:yes, name:"mpmissions\Expansion.deerisle\storage_1\data\dynamic_008.001"
22:47:29.506 [CE][Storage] ver:25 stamp:11, valid:yes, name:"mpmissions\Expansion.deerisle\storage_1\data\dynamic_008.002"
22:47:29.506 [CE][Storage] Restoring file "mpmissions\Expansion.deerisle\storage_1\data\dynamic_008.bin" 1234 items.
22:47:29.775   1234 items loaded.
22:47:29.776 [CE][Storage] ver:25 stamp:103, valid:yes, name:"mpmissions\Expansion.deerisle\storage_1\data\dynamic_009.bin"
22:47:29.776 [CE][Storage] ver:25 stamp:57, valid:yes, name:"mpmissions\Expansion.deerisle\storage_1\data\dynamic_009.001"
22:47:29.777 [CE][Storage] ver:25 stamp:11, valid:yes, name:"mpmissions\Expansion.deerisle\storage_1\data\dynamic_009.002"
22:47:29.777 [CE][Storage] Restoring file "mpmissions\Expansion.deerisle\storage_1\data\dynamic_009.bin" 619 items.
22:47:29.897   619 items loaded.
22:47:29.898 [CE][Storage] ver:25 stamp:103, valid:yes, name:"mpmissions\Expansion.deerisle\storage_1\data\dynamic_010.bin"
22:47:29.899 [CE][Storage] ver:25 stamp:57, valid:yes, name:"mpmissions\Expansion.deerisle\storage_1\data\dynamic_010.001"
22:47:29.899 [CE][Storage] ver:25 stamp:11, valid:yes, name:"mpmissions\Expansion.deerisle\storage_1\data\dynamic_010.002"
22:47:29.899 [CE][Storage] Restoring file "mpmissions\Expansion.deerisle\storage_1\data\dynamic_010.bin" 834 items.
22:47:30.53   834 items loaded.
22:47:30.54 [CE][Storage] ver:25 stamp:103, valid:yes, name:"mpmissions\Expansion.deerisle\storage_1\data\dynamic_011.bin"
22:47:30.54 [CE][Storage] ver:25 stamp:57, valid:yes, name:"mpmissions\Expansion.deerisle\storage_1\data\dynamic_011.001"
22:47:30.54 [CE][Storage] ver:25 stamp:11, valid:yes, name:"mpmissions\Expansion.deerisle\storage_1\data\dynamic_011.002"
22:47:30.54 [CE][Storage] Restoring file "mpmissions\Expansion.deerisle\storage_1\data\dynamic_011.bin" 0 items.
22:47:30.54   0 items loaded.
22:47:30.54 [CE][Storage] ver:26 stamp:103, valid:yes, name:"mpmissions\Expansion.deerisle\storage_1\data\building.bin"
22:47:30.55 [CE][Storage] ver:26 stamp:10, valid:yes, name:"mpmissions\Expansion.deerisle\storage_1\data\building.001"
22:47:30.55 [CE][Storage] ver:26 stamp:11, valid:yes, name:"mpmissions\Expansion.deerisle\storage_1\data\building.002"
22:47:30.55 [CE][Storage] Restoring file "mpmissions\Expansion.deerisle\storage_1\data\building.bin" 0 items.
22:47:30.55   0 items loaded.
22:47:30.55 [CE][Storage] ver:25 stamp:103, valid:yes, name:"mpmissions\Expansion.deerisle\storage_1\data\vehicles.bin"
22:47:30.56 [CE][Storage] ver:25 stamp:10, valid:yes, name:"mpmissions\Expansion.deerisle\storage_1\data\vehicles.001"
22:47:30.56 [CE][Storage] ver:25 stamp:11, valid:yes, name:"mpmissions\Expansion.deerisle\storage_1\data\vehicles.002"
22:47:30.56 [CE][Storage] Restoring file "mpmissions\Expansion.deerisle\storage_1\data\vehicles.bin" 159 items.
22:47:30.571   159 items loaded.
22:47:30.686 [CE][Hive] :: Storage load took:5.73 seconds, recovery stamp:103
22:47:30.686   entity: 28756, building: 0
22:47:30.686   no lifetime: 20
22:47:30.686   pathgraph's: 818
22:47:30.686 [CE][Hive] :: Initializing ... 
22:47:30.727 [CE][InitializeMap] :: initialized: 0
22:47:30.727 [CE][Hive] :: Initializing spawners ... 
22:47:31.639 [CE][LootRespawner] (PRIDummy) :: Initially (re)spawned:0, Nominal:27630, Total in Map: 26924 at 0 (sec)
22:47:31.639   tests:0, repeats:0 fails:0, overtime:0
22:47:31.639 [CE][DynEvent] :: 41 types
22:47:31.639 [00] AmbientHen
22:47:31.639   Primary Spawner: "Ambient", active: yes, repeat: 1
22:47:31.639 [01] AnimalBear
22:47:31.639   Primary Spawner: "Animal", active: yes, repeat: 1
22:47:31.639 [02] AnimalCow
22:47:31.639   Primary Spawner: "Animal", active: yes, repeat: 1
22:47:31.639 [03] AnimalDeer
22:47:31.639   Primary Spawner: "Animal", active: yes, repeat: 1
22:47:31.639 [04] AnimalGoat
22:47:31.639   Primary Spawner: "Animal", active: yes, repeat: 1
22:47:31.639 [05] AnimalPig
22:47:31.639   Primary Spawner: "Animal", active: yes, repeat: 1
22:47:31.639 [06] AnimalRoeDeer
22:47:31.639   Primary Spawner: "Animal", active: yes, repeat: 1
22:47:31.639 [07] AnimalSheep
22:47:31.639   Primary Spawner: "Animal", active: yes, repeat: 1
22:47:31.639 [08] AnimalWildBoar
22:47:31.639   Primary Spawner: "Animal", active: yes, repeat: 1
22:47:31.639 [09] AnimalWolf
22:47:31.639   Primary Spawner: "Animal", active: yes, repeat: 1
22:47:31.639 [10] InfectedArmy
22:47:31.639   Primary Spawner: "Infected", active: yes, repeat: 1
22:47:31.640 [11] InfectedCity
22:47:31.640   Primary Spawner: "Infected", active: yes, repeat: 1
22:47:31.640 [12] InfectedFirefighter
22:47:31.640   Primary Spawner: "Infected", active: yes, repeat: 1
22:47:31.640 [13] InfectedIndustrial
22:47:31.640   Primary Spawner: "Infected", active: yes, repeat: 1
22:47:31.640 [14] InfectedMedic
22:47:31.640   Primary Spawner: "Infected", active: yes, repeat: 1
22:47:31.640 [15] InfectedPolice
22:47:31.640   Primary Spawner: "Infected", active: yes, repeat: 1
22:47:31.640 [16] InfectedPrisoner
22:47:31.640   Primary Spawner: "Infected", active: yes, repeat: 1
22:47:31.640 [17] InfectedReligious
22:47:31.640   Primary Spawner: "Infected", active: yes, repeat: 1
22:47:31.640 [18] InfectedSolitude
22:47:31.640   Primary Spawner: "Infected", active: yes, repeat: 1
22:47:31.640 [19] InfectedVillage
22:47:31.640   Primary Spawner: "Infected", active: yes, repeat: 1
22:47:31.640 [20] ItemPlanks
22:47:31.640   Primary Spawner: "Item", active: yes, repeat: 1
22:47:31.640 [21] Loot
22:47:31.640   Primary Spawner: "Loot", active: yes, repeat: 2
22:47:31.640 [22] StaticHeliCrash
22:47:31.640   Primary Spawner: "Vehicle", active: yes, repeat: 1
22:47:31.640   Secondary Spawner: "Infected", active: yes, repeat: 1
22:47:31.640 [23] StaticPoliceCar
22:47:31.640   Primary Spawner: "Vehicle", active: yes, repeat: 1
22:47:31.640 [24] TrajectoryApple
22:47:31.640   Primary Spawner: "Trajectory", active: yes, repeat: 1
22:47:31.640 [25] TrajectoryCanina
22:47:31.640   Primary Spawner: "Trajectory", active: yes, repeat: 1
22:47:31.640 [26] TrajectoryConiferous
22:47:31.640   Primary Spawner: "Trajectory", active: yes, repeat: 1
22:47:31.640 [27] TrajectoryDeciduous
22:47:31.640   Primary Spawner: "Trajectory", active: yes, repeat: 1
22:47:31.640 [28] TrajectoryHumus
22:47:31.640   Primary Spawner: "Trajectory", active: yes, repeat: 1
22:47:31.640 [29] TrajectoryPear
22:47:31.640   Primary Spawner: "Trajectory", active: yes, repeat: 1
22:47:31.640 [30] TrajectoryPlum
22:47:31.640   Primary Spawner: "Trajectory", active: yes, repeat: 1
22:47:31.640 [31] TrajectorySambucus
22:47:31.640   Primary Spawner: "Trajectory", active: yes, repeat: 1
22:47:31.640 [32] TrajectoryStones
22:47:31.640   Primary Spawner: "Trajectory", active: yes, repeat: 1
22:47:31.640 [33] VehicleCivilianSedan
22:47:31.640   Primary Spawner: "Vehicle", active: yes, repeat: 1
22:47:31.640 [34] VehicleHatchback02
22:47:31.640   Primary Spawner: "Vehicle", active: yes, repeat: 1
22:47:31.640 [35] VehicleOffroadHatchback
22:47:31.640   Primary Spawner: "Vehicle", active: yes, repeat: 1
22:47:31.640 [36] VehicleSedan02
22:47:31.640   Primary Spawner: "Vehicle", active: yes, repeat: 1
22:47:31.640 [37] VehicleTruck01
22:47:31.640   Primary Spawner: "Vehicle", active: yes, repeat: 1
22:47:31.640 [38] StaticVanPinkies
22:47:31.640   Primary Spawner: "Vehicle", active: yes, repeat: 1
22:47:31.640 [39] StaticVanAmbulance
22:47:31.640   Primary Spawner: "Vehicle", active: yes, repeat: 1
22:47:31.640 [40] StaticSkeletonEventspawn
22:47:31.640   Primary Spawner: "Vehicle", active: yes, repeat: 1
22:47:31.640 [CE][Hive] :: Initializing of spawners done.
22:47:31.647 [CE][Hive] :: Init sequence finished.
22:47:31.647 Player connect enabled
22:47:32.241 [IdleMode] Entering IN - save processed
22:48:34.852 [Login]: Adding player BnYrB (11620913) to login queue at position 0
22:48:34.852 [LoginMachine]: Add player BnYrB (11620913)
22:48:34.852 [StateMachine]: Player BnYrB (dpnid 11620913 uid ) Entering AuthPlayerLoginState
22:48:35.603 [StateMachine]: Player BnYrB (dpnid 11620913 uid ) Entering WaitAuthPlayerLoginState
22:48:36.738 Player BnYrB connected (id=mBNlxASsPlOcry0dpDl8K-WgHNR5WMCMmoJ9NhpU4FY=).
22:48:36.738 Player "BnYrB" is connected (steamID=76561198036774377)
22:48:37.78 [StateMachine]: Player BnYrB (dpnid 11620913 uid mBNlxASsPlOcry0dpDl8K-WgHNR5WMCMmoJ9NhpU4FY=) Entering DBGetLoginTimeLoginState
22:48:37.79 [StateMachine]: Player BnYrB (dpnid 11620913 uid mBNlxASsPlOcry0dpDl8K-WgHNR5WMCMmoJ9NhpU4FY=) Entering DBWaitLoginTimeLoginState
22:48:37.848 [IdleMode] Leaving OUT
22:48:52.78 [StateMachine]: Player BnYrB (dpnid 11620913 uid mBNlxASsPlOcry0dpDl8K-WgHNR5WMCMmoJ9NhpU4FY=) Entering DBGetCharacterLoginState
22:48:52.80 [StateMachine]: Player BnYrB (dpnid 11620913 uid mBNlxASsPlOcry0dpDl8K-WgHNR5WMCMmoJ9NhpU4FY=) Entering CreateNetObjectsLoginState
22:48:52.83 [StateMachine]: Player BnYrB (dpnid 11620913 uid mBNlxASsPlOcry0dpDl8K-WgHNR5WMCMmoJ9NhpU4FY=) Entering PreloadCamLoginState
22:48:52.84 [StateMachine]: Player BnYrB (dpnid 11620913 uid mBNlxASsPlOcry0dpDl8K-WgHNR5WMCMmoJ9NhpU4FY=) Entering WaitPreloadCamLoginState
22:48:59.865 [CE][LootRespawner] (PRIDummy) :: Item [0] causing search overtime: "CharcoalTablets"
22:48:59.965 [CE][LootRespawner] (PRIDummy) :: Item [1] causing search overtime: "ZucchiniSeedsPack"
22:49:00.166 [CE][LootRespawner] (PRIDummy) :: Item [2] causing search overtime: "TomatoSeedsPack"
22:49:00.366 [CE][LootRespawner] (PRIDummy) :: Item [3] causing search overtime: "DisinfectantSpray"
22:49:00.568 !!! [CE][Point] Removing 3665.854492, 9737.577148 from Land_jmc_cabin01
22:49:00.568 !!! [CE][Point] Removing 3748.995850, 9730.172852 from Land_jmc_cabin01
22:49:00.665 [CE][LootRespawner] (PRIDummy) :: Item [4] causing search overtime: "AmmoBox_762x54Tracer_20Rnd"
22:49:00.766 !!! [CE][Point] Removing 7163.730469, 11589.817383 from Land_jmc_military_lootcase
22:49:00.766 !!! [CE][Point] Removing 7158.622559, 11587.934570 from Land_jmc_militarycase_o_08
22:49:00.771 !!! [CE][Point] Removing 7182.710449, 11647.839844 from Land_jmc_militarycase_o_05
22:49:00.772 !!! [CE][Point] Removing 7154.836426, 11645.380859 from Land_jmc_skeleton_old_2
22:49:00.774 !!! [CE][Point] Removing 7175.418945, 11607.706055 from Land_jmc_militarycase_o_09
22:49:00.774 !!! [CE][Point] Removing 7188.186035, 11568.453125 from Land_jmc_militarycase_o_09
22:49:00.775 !!! [CE][Point] Removing 7167.465332, 11610.559570 from Land_jmc_skeleton_old_3
22:49:00.776 !!! [CE][Point] Removing 7187.833008, 11672.678711 from Land_jmc_militarycase_o_12
22:49:00.776 !!! [CE][Point] Removing 7151.122559, 11563.342773 from Land_jmc_militarycase_c_12
22:49:00.865 [CE][LootRespawner] (PRIDummy) :: Item [5] causing search overtime: "TacticalBaconCan"
22:49:00.966 !!! [CE][Point] Removing 7159.614746, 11589.578125 from Land_jmc_militarycase_c_03
22:49:00.966 !!! [CE][Point] Removing 7174.722168, 11614.373047 from Land_jmc_militarycase_o_08
22:49:00.966 !!! [CE][Point] Removing 7162.505371, 11596.031250 from Land_jmc_skeleton_old_5
22:49:00.967 !!! [CE][Point] Removing 7197.381836, 11554.292969 from Land_jmc_militarycase_o_09
22:49:00.967 !!! [CE][Point] Removing 7167.343262, 11610.615234 from Land_jmc_skeleton_old_4
22:49:00.967 !!! [CE][Point] Removing 7174.094238, 11645.138672 from Land_jmc_militarycase_o_09
22:49:00.967 !!! [CE][Point] Removing 7164.317383, 11578.473633 from Land_jmc_militarycase_o_11
22:49:00.967 !!! [CE][Point] Removing 7160.754395, 11616.364258 from Land_jmc_militarycase_o_08
22:49:00.968 !!! [CE][Point] Removing 7159.738770, 11611.652344 from Land_jmc_skeleton_old_4
22:49:00.968 !!! [CE][Point] Removing 7154.261719, 11593.990234 from Land_jmc_militarycase_o_07
22:49:01.66 !!! [CE][Point] Removing 7267.477051, 11615.902344 from Land_jmc_militarycase_o_09
22:49:01.66 !!! [CE][Point] Removing 7161.796387, 11601.875977 from Land_jmc_militarycase_c_01
22:49:01.66 !!! [CE][Point] Removing 7150.781738, 11607.736328 from Land_jmc_skeleton_gnawed_5
22:49:01.66 !!! [CE][Point] Removing 7162.209473, 11609.802734 from Land_jmc_skeleton_gnawed_4
22:49:01.67 !!! [CE][Point] Removing 7185.324707, 11561.282227 from Land_jmc_militarycase_c_12
22:49:01.67 !!! [CE][Point] Removing 7192.060547, 11558.913086 from Land_jmc_militarycase_o_06
22:49:01.68 !!! [CE][Point] Removing 7180.832520, 11682.396484 from Land_jmc_militarycase_o_08
22:49:01.68 !!! [CE][Point] Removing 7154.342285, 11592.974609 from Land_jmc_skeleton_old_3
22:49:01.68 !!! [CE][Point] Removing 7156.010742, 11555.536133 from Land_jmc_militarycase_c_12
22:49:01.69 !!! [CE][Point] Removing 7160.758789, 11678.957031 from Land_jmc_militarycase_o_11
22:49:01.165 [CE][LootRespawner] (PRIDummy) :: Item [6] causing search overtime: "BloodTestKit"
22:49:01.265 [CE][LootRespawner] (PRIDummy) :: Item [7] causing search overtime: "TacticalGloves_Green"
22:49:01.465 [CE][LootRespawner] (PRIDummy) :: Item [8] causing search overtime: "BrisketSpread"
22:49:01.566 [CE][LootRespawner] (PRIDummy) :: Item [9] causing search overtime: "Mag_CMAG_40Rnd"
22:49:01.666 [CE][LootRespawner] (PRIDummy) :: Item [10] causing search overtime: "Mag_AKM_Drum75Rnd"
22:49:01.766 !!! [CE][Point] Removing 7162.398438, 11656.876953 from Land_jmc_militarycase_o_05
22:49:01.766 !!! [CE][Point] Removing 7185.677246, 11568.532227 from Land_jmc_militarycase_o_08
22:49:01.767 !!! [CE][Point] Removing 7158.746582, 11609.157227 from Land_jmc_militarycase_c_11
22:49:01.767 !!! [CE][Point] Removing 7171.429688, 11648.979492 from Land_jmc_militarycase_o_08
22:49:01.767 !!! [CE][Point] Removing 7153.952637, 11593.016602 from Land_jmc_skeleton_burned_5
22:49:01.768 !!! [CE][Point] Removing 7158.744141, 11560.833008 from Land_jmc_militarycase_o_09
22:49:01.768 !!! [CE][Point] Removing 7150.776855, 11594.269531 from Land_jmc_skeleton_old_2
22:49:01.769 !!! [CE][Point] Removing 7179.178711, 11631.274414 from Land_jmc_militarycase_o_11
22:49:01.769 !!! [CE][Point] Removing 7160.065918, 11656.517578 from Land_jmc_militarycase_c_06
22:49:01.769 !!! [CE][Point] Removing 7191.911621, 11568.193359 from Land_jmc_militarycase_o_11
22:49:12.782 [StateMachine]: Player BnYrB (dpnid 11620913 uid mBNlxASsPlOcry0dpDl8K-WgHNR5WMCMmoJ9NhpU4FY=) Entering GetLoadedCharLoginState
22:49:15.738 <LOAD EXISTING CHAR>:
    charID 1
    playerID 1
    dpnid 11620913
    uid mBNlxASsPlOcry0dpDl8K-WgHNR5WMCMmoJ9NhpU4FY=
22:49:29.684 !!! [CE][Point] Removing 7150.776855, 11594.269531 from Land_jmc_skeleton_old_2
22:49:29.684 !!! [CE][Point] Removing 7153.952637, 11593.016602 from Land_jmc_skeleton_burned_5
22:49:29.684 !!! [CE][Point] Removing 7166.346680, 11585.207031 from Land_jmc_militarycase_c_03
22:49:29.684 !!! [CE][Point] Removing 7159.361816, 11608.238281 from Land_jmc_militarycase_c_07
22:49:29.684 !!! [CE][Point] Removing 7156.332520, 11611.076172 from Land_jmc_skeleton_old_5
22:49:29.685 !!! [CE][Point] Removing 7162.830566, 11589.826172 from Land_jmc_military_lootcase
22:49:29.685 !!! [CE][Point] Removing 7154.836426, 11645.380859 from Land_jmc_skeleton_old_2
22:49:29.685 !!! [CE][Point] Removing 7167.465332, 11610.559570 from Land_jmc_skeleton_old_3
22:49:29.685 !!! [CE][Point] Removing 7150.625000, 11597.776367 from Land_jmc_skeleton_old_3
22:49:29.685 !!! [CE][Point] Removing 7160.167969, 11636.795898 from Land_jmc_skeleton_gnawed_5
22:49:29.783 [CE][LootRespawner] (PRIDummy) :: Item [11] causing search overtime: "CigarettePack_Chernamorka"
22:49:29.883 [CE][LootRespawner] (PRIDummy) :: Item [12] causing search overtime: "CigarettePack_Merkur"
22:49:29.984 [CE][LootRespawner] (PRIDummy) :: Item [13] causing search overtime: "CigarettePack_Partyzanka"
22:49:30.84 !!! [CE][Point] Removing 7164.030762, 11589.814453 from Land_jmc_military_lootcase
22:49:30.85 !!! [CE][Point] Removing 7103.649902, 11618.441406 from Land_jmc_militarycase_c_07
22:49:30.85 !!! [CE][Point] Removing 7156.099121, 11587.857422 from Land_jmc_militarycase_o_08
22:49:30.85 !!! [CE][Point] Removing 7151.554199, 11568.265625 from Land_jmc_militarycase_o_05
22:49:30.85 !!! [CE][Point] Removing 7151.060547, 11566.732422 from Land_jmc_militarycase_c_07
22:49:30.85 !!! [CE][Point] Removing 7164.669922, 11664.787109 from Land_jmc_militarycase_o_09
22:49:30.85 !!! [CE][Point] Removing 7173.330078, 11606.138672 from Land_jmc_militarycase_c_06
22:49:30.85 !!! [CE][Point] Removing 7162.728027, 11606.174805 from Land_jmc_militarycase_c_04
22:49:30.86 !!! [CE][Point] Removing 7162.553223, 11655.167969 from Land_jmc_militarycase_c_12
22:49:30.86 !!! [CE][Point] Removing 7187.367188, 11598.480469 from Land_jmc_militarycase_o_07
22:49:30.186 !!! [CE][Point] Removing 7190.567871, 11554.995117 from Land_jmc_militarycase_o_07
22:49:30.188 !!! [CE][Point] Removing 7271.020996, 11623.091797 from Land_jmc_militarycase_c_07
22:49:30.189 !!! [CE][Point] Removing 7178.497070, 11601.498047 from Land_jmc_militarycase_o_12
22:49:30.191 !!! [CE][Point] Removing 7160.169434, 11657.359375 from Land_jmc_militarycase_o_08
22:49:30.192 !!! [CE][Point] Removing 7161.046875, 11602.727539 from Land_jmc_militarycase_o_05
22:49:30.193 !!! [CE][Point] Removing 7159.990234, 11653.022461 from Land_jmc_militarycase_o_12
22:49:30.194 !!! [CE][Point] Removing 7158.358398, 11608.314453 from Land_jmc_militarycase_c_08
22:49:30.195 !!! [CE][Point] Removing 7192.053223, 11560.669922 from Land_jmc_militarycase_o_05
22:49:30.196 !!! [CE][Point] Removing 7151.377441, 11610.114258 from Land_jmc_militarycase_o_08
22:49:30.197 !!! [CE][Point] Removing 7173.956055, 11646.958008 from Land_jmc_militarycase_o_08
22:49:30.284 !!! [CE][Point] Removing 7155.677734, 11593.546875 from Land_jmc_skeleton_burned_3
22:49:30.284 !!! [CE][Point] Removing 7160.083496, 11595.036133 from Land_jmc_skeleton_gnawed_3
22:49:30.285 !!! [CE][Point] Removing 7162.840820, 11588.692383 from Land_jmc_skeleton_old_2
22:49:30.286 !!! [CE][Point] Removing 7189.465820, 11673.093750 from Land_jmc_militarycase_o_09
22:49:30.286 !!! [CE][Point] Removing 7103.856934, 11620.941406 from Land_jmc_militarycase_o_07
22:49:30.287 !!! [CE][Point] Removing 7190.909668, 11605.926758 from Land_jmc_militarycase_o_05
22:49:30.287 !!! [CE][Point] Removing 7183.866699, 11569.283203 from Land_jmc_skeleton_old_5
22:49:30.288 !!! [CE][Point] Removing 7158.818848, 11563.338867 from Land_jmc_militarycase_o_08
22:49:30.288 !!! [CE][Point] Removing 7162.368164, 11653.823242 from Land_jmc_militarycase_c_09
22:49:30.288 !!! [CE][Point] Removing 7194.047363, 11553.902344 from Land_jmc_militarycase_o_12
22:49:30.484 !!! [CE][Point] Removing 7163.130859, 11589.823242 from Land_jmc_military_lootcase
22:49:30.485 !!! [CE][Point] Removing 7178.340332, 11668.538086 from Land_jmc_military_lootcase
22:49:30.485 !!! [CE][Point] Removing 7162.170410, 11568.125000 from Land_jmc_military_lootcase
22:49:30.486 [CE][LootRespawner] (PRIDummy) :: Item [14] causing search overtime: "GhillieBushrag_Woodland"
22:49:30.584 !!! [CE][Point] Removing 7162.840820, 11588.692383 from Land_jmc_skeleton_old_2
22:49:30.585 !!! [CE][Point] Removing 7160.083496, 11595.036133 from Land_jmc_skeleton_gnawed_3
22:49:30.585 !!! [CE][Point] Removing 7155.677734, 11593.546875 from Land_jmc_skeleton_burned_3
22:49:30.585 !!! [CE][Point] Removing 7162.320801, 11585.823242 from Land_jmc_skeleton_old_4
22:49:30.585 !!! [CE][Point] Removing 7151.648926, 11598.234375 from Land_jmc_skeleton_old_5
22:49:30.585 !!! [CE][Point] Removing 7154.748047, 11587.639648 from Land_jmc_skeleton_old_5
22:49:30.585 !!! [CE][Point] Removing 7165.928223, 11678.539063 from Land_jmc_skeleton_old_5
22:49:30.585 !!! [CE][Point] Removing 7160.167969, 11636.795898 from Land_jmc_skeleton_gnawed_5
22:49:30.586 !!! [CE][Point] Removing 7150.625000, 11597.776367 from Land_jmc_skeleton_old_3
22:49:30.586 !!! [CE][Point] Removing 7167.465332, 11610.559570 from Land_jmc_skeleton_old_3
22:49:30.784 !!! [CE][Point] Removing 7159.738770, 11611.652344 from Land_jmc_skeleton_old_4
22:49:30.784 !!! [CE][Point] Removing 7154.342285, 11592.974609 from Land_jmc_skeleton_old_3
22:49:30.784 !!! [CE][Point] Removing 7162.209473, 11609.802734 from Land_jmc_skeleton_gnawed_4
22:49:30.784 !!! [CE][Point] Removing 7150.781738, 11607.736328 from Land_jmc_skeleton_gnawed_5
22:49:30.785 !!! [CE][Point] Removing 7150.776855, 11594.269531 from Land_jmc_skeleton_old_2
22:49:30.785 !!! [CE][Point] Removing 7153.952637, 11593.016602 from Land_jmc_skeleton_burned_5
22:49:30.785 !!! [CE][Point] Removing 7156.332520, 11611.076172 from Land_jmc_skeleton_old_5
22:49:30.785 !!! [CE][Point] Removing 7163.430664, 11589.820313 from Land_jmc_military_lootcase
22:49:30.884 [CE][LootRespawner] (PRIDummy) :: Item [15] causing search overtime: "M4_Suppressor"
22:49:30.983 [CE][LootRespawner] (PRIDummy) :: Item [16] causing search overtime: "Jmc_Keycard"
22:49:31.85 !!! [CE][Point] Removing 7161.870117, 11568.125000 from Land_jmc_military_lootcase
22:49:31.86 !!! [CE][Point] Removing 7178.862793, 11668.833008 from Land_jmc_military_lootcase
22:49:31.86 [CE][LootRespawner] (PRIDummy) :: Item [17] causing search overtime: "TacticalShirt_Black"
22:49:31.285 !!! [CE][Point] Removing 3659.596680, 9764.916992 from Land_jmc_cabin01
22:49:31.285 !!! [CE][Point] Removing 3814.755859, 9733.528320 from Land_jmc_cabin01
22:49:32.386 [CE][Links] found 0 total links between groups, of 1
22:49:32.386 [CE][SpawnRandomLoot] (StaticPoliceCar) :: ChildType: Land_Wreck_Volha_Police, lootmin: 3, lootmax: 5, wanted: 3
22:49:51.60 [Disconnect]: Client 11620913 early disconnect
22:49:51.565 [Disconnect]: Start script disconnect 11620913 (dbCharacterId 1 dbPlayerId 1) logoutTime 0
22:49:51.573 [Disconnect]: Finish script disconnect 11620913
22:49:51.573 [Disconnect]: DisconnectPlayerFinish 11620913
22:49:51.573 [Disconnect]: Remove player info 11620913
22:49:52.80 [Disconnect]: Player destroy 11620913 
22:49:55.740  --- Termination successfully completed --- 
