Log Created: _2021-05-07_06-00-36
06:00:49 | Gunter 2 (252648991 - pos <7521.916016, 2.900567, 1556.266846>) initialized
06:00:49 | Olga 24 (515784061 - pos <7386.568359, 2.967855, 1440.624512>) initialized
06:00:49 | Sarka 120 (2039083795 - pos <6527.143066, 31.529503, 1880.284668>) initialized
06:00:49 | Gunter 2 (393293539 - pos <6222.757324, 32.545021, 2037.957153>) initialized
06:00:49 | Olga 24 (344271115 - pos <4253.389160, 20.599791, 7296.419922>) initialized
06:00:49 | M3S Covered (515128681 - pos <4253.713867, 20.710083, 7289.464355>) initialized
06:00:49 | Ada 4x4 (1081573615 - pos <3729.296631, 20.265627, 6947.221191>) initialized
06:00:49 | Olga 24 (2051863705 - pos <3357.969238, 20.363659, 6532.107422>) initialized
06:00:49 | Ada 4x4 (771447799 - pos <3445.588623, 20.464136, 6491.342285>) initialized
06:00:49 | M3S Covered (76417309 - pos <5835.591797, 5.923019, 14920.210938>) initialized
06:00:49 | Sarka 120 (2054681839 - pos <5954.467773, 5.771458, 14260.421875>) initialized
06:00:49 | Gunter 2 (261627697 - pos <6172.541992, 5.819122, 14814.189453>) initialized
06:00:49 | Olga 24 (160240411 - pos <6171.737793, 5.869214, 14776.126953>) initialized
06:00:49 | Sarka 120 (435172321 - pos <10248.184570, 21.701719, 10897.392578>) initialized
06:00:49 | M3S Covered (1567865575 - pos <9256.375977, 5.635698, 9373.652344>) initialized
06:00:49 | Sarka 120 (976188511 - pos <9095.650391, 5.026065, 9360.748047>) initialized
06:00:49 | Ada 4x4 (1075478581 - pos <8864.042969, 12.758060, 9555.900391>) initialized
06:00:49 | M3S Covered (1238143897 - pos <7341.645996, 6.927446, 8393.981445>) initialized
06:00:49 | Ada 4x4 (1838734129 - pos <8108.388672, 13.900385, 9282.566406>) initialized
06:00:49 | M3S Covered (626543281 - pos <8847.139648, 5.149416, 8652.798828>) initialized
06:00:49 | Gunter 2 (1828248049 - pos <8999.376953, 5.175150, 8656.861328>) initialized
