Log Created: _2021-05-23_12-00-26
12:00:41 | Trolley Kart  (1209700405 - pos <13127.761719, 12.863031, 9861.598633>) initialized
12:00:41 | Trolley E Kart  (1386784081 - pos <10019.126953, 10.367825, 11734.776367>) initialized
12:00:41 | Gunter 2 (252648991 - pos <7521.913574, 2.904652, 1556.346191>) initialized
12:00:41 | Gunter 2 (393293539 - pos <6222.460449, 32.541817, 2037.213013>) initialized
12:00:41 | Trolley Kart  (2134572661 - pos <6645.026367, 6.772826, 1368.821167>) initialized
12:00:41 | Sarka 120 (2039083795 - pos <6527.149902, 31.527679, 1880.332153>) initialized
12:00:41 | Trolley Kart  (567624619 - pos <4679.461914, 2.829902, 2646.202393>) initialized
12:00:41 | Olga 24 (515784061 - pos <7386.674805, 2.954446, 1440.953369>) initialized
12:00:41 | Trolley Kart  (1056996865 - pos <5528.042969, 73.926765, 3862.996582>) initialized
12:00:41 | Trolley E Kart  (1953949933 - pos <6136.811035, 6.211922, 14479.133789>) initialized
12:00:41 | Trolley Kart  (1396156015 - pos <2709.494141, 30.262196, 11032.057617>) initialized
12:00:41 | Trolley Kart  (126947107 - pos <4598.747559, 38.717648, 11510.025391>) initialized
12:00:41 | Trolley E Kart  (1499050675 - pos <9681.293945, 5.620622, 9645.851563>) initialized
12:00:41 | Sarka 120 (435172321 - pos <8851.490234, 12.753077, 9618.555664>) initialized
12:00:41 | Trolley Kart  (189798049 - pos <9214.327148, 6.628054, 9547.167969>) initialized
12:00:41 | Sarka 120 (976188511 - pos <9095.650391, 5.026937, 9360.741211>) initialized
12:00:41 | Trolley Kart  (1374790627 - pos <7600.140137, 36.838516, 6217.796875>) initialized
12:00:41 | Ada 4x4 (1838734129 - pos <8108.388672, 13.900385, 9282.566406>) initialized
12:00:41 | Land Rover Defender 110 UN (498023263 - pos <7339.121094, 6.932308, 8393.395508>) initialized
12:00:41 | M3S Covered (1238143897 - pos <7342.400879, 6.927443, 8397.650391>) initialized
12:00:41 | Sarka 120 (2054681839 - pos <5077.317871, 3.902180, 11044.398438>) initialized
12:00:41 | Glowler_ITV (995915449 - pos <6230.840332, 6.350089, 9595.078125>) initialized
12:00:41 | Jeep_Wnagler (206248087 - pos <6230.250488, 6.120476, 9582.551758>) initialized
12:00:41 | LAPV (11206999 - pos <6230.988281, 4.898351, 9590.164063>) initialized
12:00:41 | MRAP 4x4 (1648870543 - pos <6239.246582, 7.991592, 9574.181641>) initialized
12:00:41 | Trolley Kart  (526335679 - pos <4660.505859, 2.571404, 2652.666748>) initialized
12:00:41 | Trolley Kart  (1101103939 - pos <10417.793945, 22.725428, 4680.422363>) initialized
12:00:41 | M3S Covered (1567865575 - pos <9817.906250, 32.626129, 6749.836914>) initialized
12:00:41 | Land Rover Defender 110 (2050225255 - pos <9827.950195, 31.338522, 6762.080078>) initialized
12:00:41 | Trolley E Kart  (1476308989 - pos <4759.966309, 26.524050, 4363.594727>) initialized
12:00:41 | Olga 24 (344271115 - pos <4247.657227, 20.599808, 7282.579590>) initialized
12:00:41 | Ada 4x4 (771447799 - pos <4244.058105, 20.646189, 7285.801758>) initialized
12:00:41 | Gaz (1929438721 - pos <4252.915039, 20.509815, 7290.120117>) initialized
12:00:41 | M3S Covered (626543281 - pos <4247.166504, 20.710093, 7291.888672>) initialized
12:00:41 | M3S Covered (515128681 - pos <4253.397949, 20.710083, 7298.165527>) initialized
12:00:41 | Gaz (912813265 - pos <4258.353516, 20.509834, 7291.649902>) initialized
12:00:41 | Land Rover Defender 110 Green (1373348791 - pos <4252.312012, 20.714893, 7279.434082>) initialized
12:00:41 | Ada 4x4 (1075478581 - pos <3319.711914, 22.347267, 6757.212402>) initialized
12:00:41 | Ada 4x4 (1081573615 - pos <3728.999756, 20.264969, 6946.066406>) initialized
12:00:41 | Olga 24 (2051863705 - pos <3358.135254, 20.364603, 6532.042969>) initialized
