Log Created: _2021-05-27_00-00-24
00:00:38 | Trolley Kart  (1209700405 - pos <13127.761719, 12.863031, 9861.598633>) initialized
00:00:38 | Trolley E Kart  (1386784081 - pos <10018.664063, 10.367573, 11735.083008>) initialized
00:00:38 | Trolley Kart  (1374790627 - pos <7600.113281, 36.838676, 6217.845215>) initialized
00:00:38 | Olga 24 (515784061 - pos <7386.680176, 2.959047, 1441.047974>) initialized
00:00:38 | Gunter 2 (252648991 - pos <7521.913086, 2.906235, 1556.372314>) initialized
00:00:38 | Trolley Kart  (2134572661 - pos <6644.960449, 6.772844, 1368.730957>) initialized
00:00:38 | Sarka 120 (2039083795 - pos <6527.150391, 31.529335, 1880.333252>) initialized
00:00:38 | Gunter 2 (393293539 - pos <6222.393555, 32.547829, 2037.054688>) initialized
00:00:38 | Trolley E Kart  (1499050675 - pos <9681.294922, 5.620686, 9645.874023>) initialized
00:00:38 | Trolley Kart  (189798049 - pos <9214.318359, 6.629339, 9547.154297>) initialized
00:00:38 | Sarka 120 (976188511 - pos <9095.647461, 5.027569, 9360.738281>) initialized
00:00:38 | Trolley Kart  (526335679 - pos <4660.505859, 2.571404, 2652.666748>) initialized
00:00:38 | Trolley Kart  (567624619 - pos <4679.241699, 2.828667, 2646.160400>) initialized
00:00:38 | Trolley Kart  (1056996865 - pos <5528.042969, 73.926765, 3862.996582>) initialized
00:00:38 | Trolley Kart  (1396156015 - pos <2709.507324, 30.283226, 11032.800781>) initialized
00:00:38 | Trolley E Kart  (1953949933 - pos <6135.929688, 6.237100, 14479.541992>) initialized
00:00:38 | Trolley E Kart  (1476308989 - pos <4760.290527, 26.523046, 4363.890137>) initialized
00:00:38 | Olga 24 (2051863705 - pos <3358.180420, 20.366692, 6532.045410>) initialized
00:00:38 | Ada 4x4 (1075478581 - pos <3319.715332, 22.347496, 6757.154785>) initialized
00:00:38 | Ada 4x4 (1081573615 - pos <3728.982422, 20.264839, 6945.838379>) initialized
00:00:38 | Ada 4x4 (771447799 - pos <4243.677734, 20.646183, 7281.852051>) initialized
00:00:38 | Olga 24 (344271115 - pos <4247.626465, 20.603231, 7282.630371>) initialized
00:00:38 | Land Rover Defender 110 Green (1373348791 - pos <4253.579590, 20.714943, 7280.628418>) initialized
00:00:38 | M3S Covered (626543281 - pos <4247.206543, 20.710085, 7291.814453>) initialized
00:00:38 | M3S Covered (515128681 - pos <4253.423828, 20.710072, 7298.112793>) initialized
00:00:38 | Trolley Kart  (126947107 - pos <4598.747559, 38.717648, 11510.025391>) initialized
00:00:38 | Jeep_Wnagler (2095643089 - pos <1607.808472, 7.264997, 15297.936523>) initialized
00:00:38 | Trolley Kart  (1101103939 - pos <10417.268555, 22.629955, 4680.573242>) initialized
00:00:38 | Sarka 120 (435172321 - pos <8851.490234, 12.753098, 9618.555664>) initialized
00:00:38 | Trolley E Kart  (832201525 - pos <8766.238281, 5.001267, 8685.302734>) initialized
00:00:38 | Sarka 120 (2054681839 - pos <5077.317871, 3.901937, 11044.398438>) initialized
00:00:38 | M3S Covered (1567865575 - pos <9837.879883, 31.807867, 6755.003418>) initialized
00:00:38 | M3S Covered (1238143897 - pos <7342.433105, 6.927442, 8397.650391>) initialized
00:00:38 | Ada 4x4 (1838734129 - pos <8108.388672, 13.900385, 9282.566406>) initialized
00:10:59 | Land Rover Defender 110 Green (2044588987 - pos <9820.964844, 31.844452, 6753.773926>) initialized
00:25:11 | Trolley E Kart  (48235969 - pos <9827.074219, 31.434805, 6758.595215>) initialized
00:26:03 | Trolley E Kart  (832201525 - pos <8766.238281, 5.001267, 8685.302734>)  is being deleted
00:26:46 | Trolley E Kart  (561791737 - pos <6242.354004, 27.330202, 14661.359375>) initialized
