Log Created: _2021-05-14_22-36-53
22:37:06 | Sarka 120 (435172321 - pos <10248.183594, 21.701839, 10897.221680>) initialized
22:37:06 | Trolley E Kart  (1386784081 - pos <10019.533203, 10.371614, 11734.450195>) initialized
22:37:06 | Olga 24 (160240411 - pos <12013.932617, 1.605895, 7844.174805>) initialized
22:37:06 | M3S Covered (76417309 - pos <5835.370605, 5.922906, 14920.334961>) initialized
22:37:06 | Gunter 2 (261627697 - pos <6172.534668, 5.879505, 14814.187500>) initialized
22:37:06 | Sarka 120 (2054681839 - pos <5954.381348, 5.771549, 14260.415039>) initialized
22:37:06 | Gunter 2 (252648991 - pos <7521.915039, 2.901747, 1556.313843>) initialized
22:37:06 | Olga 24 (515784061 - pos <7386.681152, 2.959723, 1440.757568>) initialized
22:37:06 | Sarka 120 (2039083795 - pos <6527.145508, 31.529486, 1880.307251>) initialized
22:37:06 | Gunter 2 (393293539 - pos <6222.607910, 32.542797, 2037.557495>) initialized
22:37:06 | Gaz (193730329 - pos <4476.181641, 6.307538, 2786.992676>) initialized
22:37:06 | Gaz (1604501317 - pos <6632.978027, 14.385990, 6419.554199>) initialized
22:37:06 | Ada 4x4 (771447799 - pos <3445.588623, 20.464226, 6491.342285>) initialized
22:37:06 | Olga 24 (2051863705 - pos <3358.072754, 20.363289, 6532.079102>) initialized
22:37:06 | Ada 4x4 (1081573615 - pos <3729.042969, 20.264881, 6946.592285>) initialized
22:37:06 | M3S Covered (515128681 - pos <4256.615234, 20.710077, 7288.533203>) initialized
22:37:06 | M3S Covered (626543281 - pos <4249.808105, 20.710079, 7294.367188>) initialized
22:37:06 | Olga 24 (344271115 - pos <4253.487305, 20.599804, 7296.326660>) initialized
22:37:06 | Gaz (113184127 - pos <3225.729492, 20.329210, 6488.991211>) initialized
22:37:06 | Ada 4x4 (1075478581 - pos <8864.043945, 12.757890, 9555.900391>) initialized
22:37:06 | Sarka 120 (976188511 - pos <9095.657227, 5.026038, 9360.746094>) initialized
22:37:06 | M3S Covered (1567865575 - pos <9256.376953, 5.636291, 9373.661133>) initialized
22:37:06 | M3S Covered (1238143897 - pos <7792.466797, 33.349926, 9573.077148>) initialized
22:37:06 | Ada 4x4 (1838734129 - pos <8108.388672, 13.900385, 9282.566406>) initialized
22:37:06 | Gaz (859530871 - pos <7040.692383, 3.302664, 8368.958008>) initialized
22:37:06 | Gunter 2 (1828248049 - pos <8999.376953, 5.174571, 8656.862305>) initialized
22:37:06 | Gaz (1438559101 - pos <5141.695801, 73.295753, 3526.564453>) initialized
23:04:08 | Gaz (1604501317 - pos <6632.978027, 14.385990, 6419.554199>)  is being deleted
