Log Created: _2021-05-19_00-00-27
00:00:41 | Olga 24 (160240411 - pos <12013.932617, 1.605934, 7844.174805>) initialized
00:00:41 | Olga 24 (515784061 - pos <7386.689453, 2.960514, 1440.842041>) initialized
00:00:41 | Gunter 2 (252648991 - pos <7521.914063, 2.903125, 1556.325806>) initialized
00:00:41 | Trolley Kart  (2134572661 - pos <6645.333496, 6.772808, 1368.893311>) initialized
00:00:41 | Sarka 120 (2039083795 - pos <6527.146973, 31.529482, 1880.322266>) initialized
00:00:41 | Trolley Kart  (1209700405 - pos <13127.761719, 12.863030, 9861.598633>) initialized
00:00:41 | Trolley E Kart  (1386784081 - pos <10019.388672, 10.371076, 11734.593750>) initialized
00:00:41 | M3S Covered (76417309 - pos <5890.004883, 5.928422, 14928.750977>) initialized
00:00:41 | Trolley E Kart  (1953949933 - pos <6136.024902, 6.517260, 14478.846680>) initialized
00:00:41 | Trolley E Kart  (1499050675 - pos <9681.292969, 5.620634, 9645.810547>) initialized
00:00:41 | M3S Covered (1567865575 - pos <9256.377930, 5.636221, 9373.663086>) initialized
00:00:41 | Trolley Kart  (189798049 - pos <9214.335938, 6.628218, 9547.171875>) initialized
00:00:41 | Sarka 120 (976188511 - pos <9095.653320, 5.025989, 9360.744141>) initialized
00:00:41 | Sarka 120 (435172321 - pos <8851.490234, 12.753085, 9618.555664>) initialized
00:00:41 | Trolley Kart  (526335679 - pos <4660.505859, 2.571404, 2652.666748>) initialized
00:00:41 | Trolley Kart  (567624619 - pos <4679.629883, 2.829736, 2646.246338>) initialized
00:00:41 | Gunter 2 (393293539 - pos <6222.542480, 32.543064, 2037.400635>) initialized
00:00:41 | Trolley E Kart  (1476308989 - pos <4759.600586, 26.530905, 4363.342285>) initialized
00:00:41 | Trolley Kart  (1101103939 - pos <10417.930664, 22.729843, 4680.647949>) initialized
00:00:41 | Trolley Kart  (1056996865 - pos <5528.042969, 73.926765, 3862.996582>) initialized
00:00:41 | Sarka 120 (2054681839 - pos <5954.350586, 5.771418, 14260.411133>) initialized
00:00:41 | Olga 24 (2051863705 - pos <3358.104492, 20.363781, 6532.063965>) initialized
00:00:41 | Land Rover Defender 110 Green (1373348791 - pos <4252.417969, 20.714937, 7279.843750>) initialized
00:00:41 | Gaz (912813265 - pos <4257.690918, 20.509848, 7292.328125>) initialized
00:00:41 | Olga 24 (344271115 - pos <4247.694336, 20.599796, 7282.520020>) initialized
00:00:41 | Gaz (1929438721 - pos <4252.444824, 20.509853, 7289.774414>) initialized
00:00:41 | Ada 4x4 (771447799 - pos <4243.805664, 20.646172, 7285.547852>) initialized
00:00:41 | M3S Covered (626543281 - pos <4245.812012, 20.710079, 7293.080566>) initialized
00:00:41 | M3S Covered (515128681 - pos <4253.664551, 20.710075, 7299.284180>) initialized
00:00:41 | Ada 4x4 (1081573615 - pos <3729.028564, 20.269690, 6946.358887>) initialized
00:00:41 | Ada 4x4 (1838734129 - pos <8108.388672, 13.900385, 9282.566406>) initialized
00:00:41 | Land Rover Defender 110 UN (498023263 - pos <7341.125000, 6.932303, 8392.124023>) initialized
00:00:41 | M3S Covered (1238143897 - pos <7342.358887, 6.927439, 8397.650391>) initialized
00:00:41 | Trolley Kart  (1396156015 - pos <2709.580078, 30.279703, 11031.174805>) initialized
00:00:41 | Ada 4x4 (1075478581 - pos <2674.602051, 23.431423, 9322.913086>) initialized
00:00:41 | Trolley Kart  (126947107 - pos <4598.557129, 38.401829, 11510.594727>) initialized
00:00:41 | Gunter 2 (261627697 - pos <5065.440430, 3.976650, 11019.609375>) initialized
00:00:41 | Trolley Kart  (1374790627 - pos <7600.171875, 36.833630, 6217.736816>) initialized
