Log Created: _2021-05-08_01-47-43
01:47:54 | Gunter 2 (252648991 - pos <7521.916016, 2.900550, 1556.269287>) initialized
01:47:54 | Olga 24 (515784061 - pos <7386.561035, 2.968037, 1440.633911>) initialized
01:47:54 | Sarka 120 (2039083795 - pos <6527.143555, 31.529497, 1880.290649>) initialized
01:47:54 | Gunter 2 (393293539 - pos <6222.745117, 32.544720, 2037.919189>) initialized
01:47:54 | M3S Covered (76417309 - pos <5835.569336, 5.922922, 14920.221680>) initialized
01:47:54 | Sarka 120 (2054681839 - pos <5954.458984, 5.771531, 14260.421875>) initialized
01:47:54 | Gunter 2 (261627697 - pos <6172.541016, 5.879498, 14814.190430>) initialized
01:47:54 | Olga 24 (160240411 - pos <6171.737793, 5.869178, 14776.126953>) initialized
01:47:54 | Sarka 120 (435172321 - pos <10248.184570, 21.701895, 10897.371094>) initialized
01:47:54 | M3S Covered (1567865575 - pos <9256.375000, 5.635625, 9373.653320>) initialized
01:47:54 | Sarka 120 (976188511 - pos <9095.650391, 5.026050, 9360.748047>) initialized
01:47:54 | Ada 4x4 (1075478581 - pos <8864.042969, 12.758189, 9555.900391>) initialized
01:47:54 | Gunter 2 (1828248049 - pos <8999.377930, 5.175129, 8656.861328>) initialized
01:47:54 | Ada 4x4 (1838734129 - pos <8108.388672, 13.900385, 9282.566406>) initialized
01:47:54 | M3S Covered (1238143897 - pos <1589.696655, 9.467461, 9043.496094>) initialized
01:47:54 | Ada 4x4 (771447799 - pos <3445.588623, 20.464115, 6491.342285>) initialized
01:47:54 | Olga 24 (2051863705 - pos <3357.971191, 20.363581, 6532.107910>) initialized
01:47:54 | Olga 24 (344271115 - pos <4253.396484, 20.599823, 7296.414063>) initialized
01:47:54 | M3S Covered (515128681 - pos <4256.292480, 20.710079, 7289.099121>) initialized
01:47:54 | M3S Covered (626543281 - pos <4249.801270, 20.710089, 7294.307617>) initialized
01:47:54 | Ada 4x4 (1081573615 - pos <3729.250000, 20.265427, 6947.168457>) initialized
