Log Created: _2021-05-14_22-12-54
22:13:06 | Ada 4x4 (1075478581 - pos <8864.043945, 12.757964, 9555.900391>) initialized
22:13:06 | Sarka 120 (976188511 - pos <9095.657227, 5.026058, 9360.746094>) initialized
22:13:06 | M3S Covered (1567865575 - pos <9256.376953, 5.636001, 9373.660156>) initialized
22:13:06 | Sarka 120 (435172321 - pos <10248.182617, 21.701754, 10897.231445>) initialized
22:13:06 | M3S Covered (1238143897 - pos <7792.474609, 33.348877, 9573.037109>) initialized
22:13:06 | Ada 4x4 (1838734129 - pos <8108.388672, 13.900385, 9282.566406>) initialized
22:13:06 | Gaz (859530871 - pos <7040.692871, 3.302784, 8368.952148>) initialized
22:13:06 | Gunter 2 (1828248049 - pos <8999.376953, 5.174462, 8656.862305>) initialized
22:13:06 | Trolley E Kart  (1386784081 - pos <10019.568359, 10.372969, 11734.438477>) initialized
22:13:06 | Olga 24 (160240411 - pos <12013.932617, 1.605875, 7844.174805>) initialized
22:13:06 | M3S Covered (76417309 - pos <5835.381348, 5.922967, 14920.329102>) initialized
22:13:06 | Gunter 2 (261627697 - pos <6172.535645, 5.819098, 14814.185547>) initialized
22:13:06 | Sarka 120 (2054681839 - pos <5954.385254, 5.771488, 14260.415039>) initialized
22:13:06 | Gunter 2 (252648991 - pos <7521.915039, 2.901509, 1556.309570>) initialized
22:13:06 | Olga 24 (515784061 - pos <7386.681152, 2.958740, 1440.748047>) initialized
22:13:06 | Sarka 120 (2039083795 - pos <6527.145020, 31.529488, 1880.304199>) initialized
22:13:06 | Gunter 2 (393293539 - pos <6222.617188, 32.542755, 2037.579834>) initialized
22:13:06 | Gaz (193730329 - pos <4476.181641, 6.307538, 2786.992676>) initialized
22:13:06 | Ada 4x4 (771447799 - pos <3445.588623, 20.464272, 6491.342285>) initialized
22:13:06 | Olga 24 (2051863705 - pos <3358.065918, 20.363194, 6532.080078>) initialized
22:13:06 | Ada 4x4 (1081573615 - pos <3729.068359, 20.264538, 6946.631836>) initialized
22:13:06 | M3S Covered (515128681 - pos <4256.607910, 20.710083, 7288.545410>) initialized
22:13:06 | M3S Covered (626543281 - pos <4249.800781, 20.710077, 7294.372070>) initialized
22:13:06 | Olga 24 (344271115 - pos <4253.480957, 20.599808, 7296.331055>) initialized
22:13:06 | Gaz (113184127 - pos <3225.724854, 20.329485, 6488.993164>) initialized
22:19:50 | Gaz (1604501317 - pos <6632.989258, 15.090000, 6419.546387>) initialized
