Log Created: _2021-05-20_00-00-28
00:00:43 | Olga 24 (160240411 - pos <12013.932617, 1.605921, 7844.174316>) initialized
00:00:43 | Trolley Kart  (1209700405 - pos <13127.761719, 12.863031, 9861.598633>) initialized
00:00:43 | Trolley E Kart  (1386784081 - pos <10019.329102, 10.369676, 11734.606445>) initialized
00:00:43 | Trolley E Kart  (1499050675 - pos <9681.293945, 5.620605, 9645.819336>) initialized
00:00:43 | Trolley Kart  (526335679 - pos <4660.505859, 2.571404, 2652.666748>) initialized
00:00:43 | Trolley Kart  (567624619 - pos <4679.602539, 2.829638, 2646.247559>) initialized
00:00:43 | Trolley Kart  (1056996865 - pos <5528.042969, 73.926765, 3862.996582>) initialized
00:00:43 | Trolley E Kart  (1953949933 - pos <6136.562500, 6.339411, 14478.879883>) initialized
00:00:43 | Sarka 120 (2054681839 - pos <5954.340820, 5.771509, 14260.410156>) initialized
00:00:43 | Trolley Kart  (1396156015 - pos <2709.556641, 30.262190, 11031.395508>) initialized
00:00:43 | Olga 24 (515784061 - pos <7386.695313, 2.957443, 1440.879150>) initialized
00:00:43 | Gunter 2 (252648991 - pos <7521.914063, 2.903383, 1556.330566>) initialized
00:00:43 | Trolley Kart  (2134572661 - pos <6645.273926, 6.772841, 1368.894165>) initialized
00:00:43 | Gunter 2 (393293539 - pos <6222.523926, 32.540062, 2037.356567>) initialized
00:00:43 | Sarka 120 (2039083795 - pos <6527.146973, 31.529501, 1880.325806>) initialized
00:00:43 | Trolley Kart  (126947107 - pos <4598.512695, 38.717594, 11510.498047>) initialized
00:00:43 | Trolley Kart  (1374790627 - pos <7600.163574, 36.838261, 6217.753418>) initialized
00:00:43 | Ada 4x4 (1081573615 - pos <3729.038818, 20.270760, 6946.302246>) initialized
00:00:43 | Trolley E Kart  (1476308989 - pos <4759.691895, 26.528795, 4363.415039>) initialized
00:00:43 | Olga 24 (2051863705 - pos <3358.110596, 20.363817, 6532.058105>) initialized
00:00:43 | Ada 4x4 (1075478581 - pos <3319.723145, 22.442568, 6757.250000>) initialized
00:00:43 | Trolley Kart  (1101103939 - pos <10418.002930, 22.760130, 4680.660645>) initialized
00:00:43 | M3S Covered (1567865575 - pos <9256.378906, 5.636390, 9373.664063>) initialized
00:00:43 | Trolley Kart  (189798049 - pos <9214.333008, 6.627123, 9547.191406>) initialized
00:00:43 | Sarka 120 (976188511 - pos <9095.651367, 5.026475, 9360.742188>) initialized
00:00:43 | Sarka 120 (435172321 - pos <8851.490234, 12.753091, 9618.555664>) initialized
00:00:43 | Land Rover Defender 110 Green (1373348791 - pos <4253.085938, 20.714943, 7280.372559>) initialized
00:00:43 | Ada 4x4 (771447799 - pos <4243.879883, 20.646173, 7285.623047>) initialized
00:00:43 | Olga 24 (344271115 - pos <4247.685059, 20.599817, 7282.534668>) initialized
00:00:43 | Gaz (1929438721 - pos <4252.433594, 20.509886, 7289.792480>) initialized
00:00:43 | M3S Covered (626543281 - pos <4245.805176, 20.710072, 7293.098145>) initialized
00:00:43 | M3S Covered (515128681 - pos <4252.271973, 20.710073, 7299.346680>) initialized
00:00:43 | Gaz (912813265 - pos <4257.705078, 20.509855, 7292.303711>) initialized
00:00:43 | Ada 4x4 (1838734129 - pos <8108.388672, 13.900385, 9282.566406>) initialized
00:00:43 | Gunter 2 (261627697 - pos <5065.464844, 3.976953, 11019.587891>) initialized
00:00:43 | Land Rover Defender 110 UN (498023263 - pos <6269.270508, 20.129284, 8473.379883>) initialized
00:00:43 | M3S Covered (1238143897 - pos <7342.370605, 6.927453, 8397.650391>) initialized
