Log Created: _2021-05-06_18-00-27
18:00:41 | M3S Covered (76417309 - pos <5835.605957, 5.922983, 14920.203125>) initialized
18:00:41 | Gunter 2 (261627697 - pos <6172.541504, 5.879872, 14814.191406>) initialized
18:00:41 | Olga 24 (160240411 - pos <6171.737793, 5.869208, 14776.126953>) initialized
18:00:41 | Sarka 120 (2054681839 - pos <5954.473633, 5.771417, 14260.422852>) initialized
18:00:41 | M3S Covered (1238143897 - pos <9934.486328, 9.960665, 11833.524414>) initialized
18:00:41 | Sarka 120 (435172321 - pos <10248.184570, 21.701746, 10897.409180>) initialized
18:00:41 | M3S Covered (1567865575 - pos <9256.376953, 5.635793, 9373.652344>) initialized
18:00:41 | Sarka 120 (976188511 - pos <9095.650391, 5.025739, 9360.748047>) initialized
18:00:41 | Ada 4x4 (1075478581 - pos <8864.042969, 12.758160, 9555.900391>) initialized
18:00:41 | M3S Covered (626543281 - pos <8847.139648, 5.149424, 8652.798828>) initialized
18:00:41 | Gunter 2 (1828248049 - pos <8999.377930, 5.175306, 8656.860352>) initialized
18:00:41 | Gunter 2 (252648991 - pos <7521.916016, 2.900602, 1556.266357>) initialized
18:00:41 | Olga 24 (515784061 - pos <7386.567383, 2.967091, 1440.615967>) initialized
18:00:41 | Ada 4x4 (1838734129 - pos <8108.388672, 13.900385, 9282.566406>) initialized
18:00:41 | Sarka 120 (2039083795 - pos <6527.143066, 31.529507, 1880.279907>) initialized
18:00:41 | Gunter 2 (393293539 - pos <6222.764648, 32.545200, 2037.980225>) initialized
18:00:41 | Olga 24 (344271115 - pos <4253.381836, 20.599791, 7296.427734>) initialized
18:00:41 | M3S Covered (515128681 - pos <4253.713867, 20.710079, 7289.464844>) initialized
18:00:41 | Ada 4x4 (1081573615 - pos <3729.330811, 20.265566, 6947.259766>) initialized
18:00:41 | Olga 24 (2051863705 - pos <3357.968750, 20.363800, 6532.107422>) initialized
18:00:41 | Ada 4x4 (771447799 - pos <3445.588623, 20.464102, 6491.341797>) initialized
