Log Created: _2021-05-09_00-00-29
00:00:42 | Sarka 120 (435172321 - pos <10248.183594, 21.702057, 10897.330078>) initialized
00:00:42 | M3S Covered (1567865575 - pos <9256.375977, 5.635883, 9373.655273>) initialized
00:00:42 | Sarka 120 (976188511 - pos <9095.650391, 5.026163, 9360.747070>) initialized
00:00:42 | Olga 24 (515784061 - pos <7386.572754, 2.958169, 1440.669556>) initialized
00:00:42 | Gunter 2 (252648991 - pos <7521.916016, 2.900655, 1556.278320>) initialized
00:00:42 | Gunter 2 (393293539 - pos <6222.715820, 32.543770, 2037.829712>) initialized
00:00:42 | Sarka 120 (2039083795 - pos <6527.143555, 31.529551, 1880.291260>) initialized
00:00:42 | Olga 24 (344271115 - pos <4253.416992, 20.599796, 7296.393555>) initialized
00:00:42 | M3S Covered (626543281 - pos <4249.802734, 20.710087, 7294.326172>) initialized
00:00:42 | M3S Covered (515128681 - pos <4257.623535, 20.710085, 7288.515137>) initialized
00:00:42 | Ada 4x4 (1081573615 - pos <3729.204346, 20.268387, 6947.025879>) initialized
00:00:42 | Ada 4x4 (771447799 - pos <3445.588623, 20.464117, 6491.342285>) initialized
00:00:42 | Olga 24 (2051863705 - pos <3358.014893, 20.362825, 6532.103516>) initialized
00:00:42 | Ada 4x4 (1075478581 - pos <8864.043945, 12.758063, 9555.900391>) initialized
00:00:42 | Sarka 120 (2054681839 - pos <5954.436035, 5.771590, 14260.419922>) initialized
00:00:42 | M3S Covered (76417309 - pos <5835.517578, 5.923025, 14920.248047>) initialized
00:00:42 | Gunter 2 (261627697 - pos <6172.539551, 5.879824, 14814.189453>) initialized
00:00:42 | Olga 24 (160240411 - pos <6171.737305, 5.869146, 14776.126953>) initialized
00:00:42 | M3S Covered (1238143897 - pos <7341.707031, 6.927450, 8395.914063>) initialized
00:00:42 | Ada 4x4 (1838734129 - pos <8108.388672, 13.900385, 9282.566406>) initialized
00:00:42 | Gunter 2 (1828248049 - pos <8999.376953, 5.174947, 8656.862305>) initialized
