Log Created: _2021-05-18_00-00-28
00:00:42 | Olga 24 (160240411 - pos <12013.932617, 1.605888, 7844.174805>) initialized
00:00:42 | Gunter 2 (261627697 - pos <6172.533203, 5.821123, 14814.186523>) initialized
00:00:42 | Sarka 120 (2054681839 - pos <5954.357910, 5.771398, 14260.411133>) initialized
00:00:42 | Olga 24 (515784061 - pos <7386.686035, 2.961686, 1440.817139>) initialized
00:00:42 | Gunter 2 (252648991 - pos <7521.914551, 2.902704, 1556.322266>) initialized
00:00:42 | Trolley Kart  (2134572661 - pos <6645.376465, 6.772835, 1368.893188>) initialized
00:00:42 | Trolley Kart  (1396156015 - pos <2709.578613, 30.262186, 11031.050781>) initialized
00:00:42 | Trolley Kart  (126947107 - pos <4598.557129, 38.401829, 11510.594727>) initialized
00:00:42 | Trolley E Kart  (1953949933 - pos <6135.967773, 6.585785, 14478.812500>) initialized
00:00:42 | M3S Covered (76417309 - pos <5835.311035, 5.922921, 14920.377930>) initialized
00:00:42 | Trolley Kart  (1374790627 - pos <7600.174805, 36.838078, 6217.725098>) initialized
00:00:42 | Trolley Kart  (1209700405 - pos <13127.761719, 12.863030, 9861.598633>) initialized
00:00:42 | Sarka 120 (2039083795 - pos <6527.146484, 31.529493, 1880.319458>) initialized
00:00:42 | Trolley E Kart  (1386784081 - pos <10019.392578, 10.375998, 11734.568359>) initialized
00:00:42 | Trolley Kart  (1101103939 - pos <10417.906250, 22.742229, 4680.642578>) initialized
00:00:42 | Land Rover Defender 110 Green (1373348791 - pos <3778.140137, 26.734743, 9309.025391>) initialized
00:00:42 | Gunter 2 (393293539 - pos <6222.557617, 32.543064, 2037.436401>) initialized
00:00:42 | Trolley Kart  (567624619 - pos <4679.674805, 2.920834, 2646.228027>) initialized
00:00:42 | Trolley Kart  (526335679 - pos <4660.505859, 2.571404, 2652.666748>) initialized
00:00:42 | Trolley Kart  (1056996865 - pos <5528.042969, 73.926765, 3862.996582>) initialized
00:00:42 | Trolley E Kart  (1476308989 - pos <4759.541992, 26.529005, 4363.270020>) initialized
00:00:42 | Gaz (912813265 - pos <7338.624023, 6.727260, 8393.784180>) initialized
00:00:42 | M3S Covered (1238143897 - pos <7342.346680, 6.927442, 8397.650391>) initialized
00:00:42 | Ada 4x4 (1081573615 - pos <3729.020264, 20.268707, 6946.404297>) initialized
00:00:42 | Ada 4x4 (771447799 - pos <4244.972168, 20.646179, 7294.110840>) initialized
00:00:42 | M3S Covered (626543281 - pos <4249.739746, 20.710075, 7294.448242>) initialized
00:00:42 | Gaz (1929438721 - pos <4253.702148, 20.509827, 7288.075195>) initialized
00:00:42 | Land Rover Defender 110 UN (498023263 - pos <4258.750977, 20.714931, 7286.731445>) initialized
00:00:42 | Olga 24 (344271115 - pos <4253.514648, 20.608852, 7296.299316>) initialized
00:00:42 | M3S Covered (515128681 - pos <4257.964355, 20.710077, 7292.706543>) initialized
00:00:42 | Olga 24 (2051863705 - pos <3358.099121, 20.363705, 6532.066895>) initialized
00:00:42 | Gunter 2 (1828248049 - pos <8999.376953, 5.174438, 8656.862305>) initialized
00:00:42 | Sarka 120 (976188511 - pos <9095.654297, 5.026122, 9360.744141>) initialized
00:00:42 | Trolley Kart  (189798049 - pos <9214.348633, 6.626959, 9547.241211>) initialized
00:00:42 | M3S Covered (1567865575 - pos <9256.377930, 5.636256, 9373.663086>) initialized
00:00:42 | Ada 4x4 (1838734129 - pos <8108.388672, 13.900385, 9282.566406>) initialized
00:00:42 | Trolley E Kart  (1499050675 - pos <9681.292969, 5.620363, 9645.789063>) initialized
00:00:42 | Ada 4x4 (1075478581 - pos <8864.043945, 12.757828, 9555.898438>) initialized
00:00:42 | Sarka 120 (435172321 - pos <10246.027344, 21.701633, 10897.222656>) initialized
