Log Created: _2021-05-26_12-00-30
12:00:44 | Trolley Kart  (1209700405 - pos <13127.761719, 12.863031, 9861.598633>) initialized
12:00:44 | Trolley E Kart  (1386784081 - pos <10018.800781, 10.367664, 11734.971680>) initialized
12:00:44 | Trolley Kart  (1374790627 - pos <7600.119141, 36.838665, 6217.835938>) initialized
12:00:44 | Olga 24 (515784061 - pos <7386.670410, 2.956706, 1441.021729>) initialized
12:00:44 | Gunter 2 (252648991 - pos <7521.913086, 2.905662, 1556.364990>) initialized
12:00:44 | Trolley Kart  (2134572661 - pos <6644.980957, 6.772827, 1368.757935>) initialized
12:00:44 | Sarka 120 (2039083795 - pos <6527.148438, 31.529476, 1880.332275>) initialized
12:00:44 | Gunter 2 (393293539 - pos <6222.411133, 32.546352, 2037.099243>) initialized
12:00:44 | Trolley E Kart  (1499050675 - pos <9681.293945, 5.620942, 9645.868164>) initialized
12:00:44 | Trolley Kart  (189798049 - pos <9214.332031, 6.628846, 9547.160156>) initialized
12:00:44 | Sarka 120 (976188511 - pos <9095.649414, 5.027540, 9360.739258>) initialized
12:00:44 | Sarka 120 (435172321 - pos <8851.490234, 12.753057, 9618.555664>) initialized
12:00:44 | M3S Covered (1567865575 - pos <9837.877930, 31.807615, 6755.006348>) initialized
12:00:44 | Trolley Kart  (526335679 - pos <4660.505859, 2.571404, 2652.666748>) initialized
12:00:44 | Trolley Kart  (567624619 - pos <4679.305664, 2.828681, 2646.172119>) initialized
12:00:44 | Trolley Kart  (1056996865 - pos <5528.042969, 73.926765, 3862.996582>) initialized
12:00:44 | Trolley Kart  (1101103939 - pos <10417.385742, 22.622036, 4680.427734>) initialized
12:00:44 | Land Rover Defender 110 Green (1373348791 - pos <4252.906250, 20.714941, 7280.128418>) initialized
12:00:44 | Olga 24 (344271115 - pos <4247.635254, 20.603180, 7282.615723>) initialized
12:00:44 | Gaz (1929438721 - pos <4252.952148, 20.509869, 7290.075195>) initialized
12:00:44 | Ada 4x4 (771447799 - pos <4243.677734, 20.646166, 7281.774902>) initialized
12:00:44 | M3S Covered (515128681 - pos <4253.424316, 20.710079, 7298.118652>) initialized
12:00:44 | M3S Covered (626543281 - pos <4247.191406, 20.710083, 7291.842773>) initialized
12:00:44 | Ada 4x4 (1081573615 - pos <3728.988037, 20.264872, 6945.895996>) initialized
12:00:44 | Olga 24 (2051863705 - pos <3358.171875, 20.366253, 6532.044922>) initialized
12:00:44 | Ada 4x4 (1075478581 - pos <3319.714600, 22.347473, 6757.171875>) initialized
12:00:44 | Trolley E Kart  (1476308989 - pos <4760.183105, 26.524536, 4363.798340>) initialized
12:00:44 | Ada 4x4 (1838734129 - pos <8108.388672, 13.900385, 9282.566406>) initialized
12:00:44 | M3S Covered (1238143897 - pos <7342.430176, 6.927438, 8397.650391>) initialized
12:00:44 | Trolley Kart  (1396156015 - pos <2709.490967, 30.262211, 11032.638672>) initialized
12:00:44 | Trolley E Kart  (1953949933 - pos <6135.943848, 6.238242, 14479.614258>) initialized
12:00:44 | Sarka 120 (2054681839 - pos <5077.317871, 3.902085, 11044.398438>) initialized
12:00:44 | Trolley Kart  (126947107 - pos <4598.747559, 38.717648, 11510.025391>) initialized
12:00:44 | Trolley E Kart  (1860558283 - pos <7058.563965, 49.682465, 1737.450439>) initialized
