Log Created: _2021-05-14_23-10-36
23:10:49 | Gaz (113184127 - pos <3225.730957, 20.329105, 6488.990234>) initialized
23:10:49 | Sarka 120 (435172321 - pos <10248.183594, 21.701782, 10897.217773>) initialized
23:10:49 | Trolley E Kart  (1386784081 - pos <10019.533203, 10.371728, 11734.451172>) initialized
23:10:49 | Olga 24 (160240411 - pos <12013.936523, 1.587882, 7844.179199>) initialized
23:10:49 | Gunter 2 (252648991 - pos <7521.915039, 2.901812, 1556.314453>) initialized
23:10:49 | Olga 24 (515784061 - pos <7386.681152, 2.960003, 1440.760864>) initialized
23:10:49 | Sarka 120 (2039083795 - pos <6527.145508, 31.529490, 1880.308350>) initialized
23:10:49 | Gunter 2 (393293539 - pos <6222.604980, 32.542801, 2037.550415>) initialized
23:10:49 | Gaz (193730329 - pos <4476.181641, 6.307538, 2786.992676>) initialized
23:10:49 | Gaz (1438559101 - pos <5141.694336, 73.296425, 3526.569580>) initialized
23:10:49 | Ada 4x4 (1075478581 - pos <8864.043945, 12.757970, 9555.900391>) initialized
23:10:49 | Sarka 120 (976188511 - pos <9095.656250, 5.025995, 9360.746094>) initialized
23:10:49 | M3S Covered (1567865575 - pos <9256.376953, 5.636233, 9373.661133>) initialized
23:10:49 | M3S Covered (1238143897 - pos <7792.464355, 33.350159, 9573.091797>) initialized
23:10:49 | Ada 4x4 (1838734129 - pos <8108.388672, 13.900385, 9282.566406>) initialized
23:10:49 | Gaz (859530871 - pos <7040.693359, 3.302630, 8368.959961>) initialized
23:10:49 | Gunter 2 (1828248049 - pos <8999.376953, 5.174672, 8656.862305>) initialized
23:10:49 | M3S Covered (76417309 - pos <5835.367188, 5.923028, 14920.336914>) initialized
23:10:49 | Gunter 2 (261627697 - pos <6172.535156, 5.819102, 14814.185547>) initialized
23:10:49 | Sarka 120 (2054681839 - pos <5954.379883, 5.771516, 14260.415039>) initialized
23:10:49 | Ada 4x4 (771447799 - pos <3445.588623, 20.464268, 6491.342285>) initialized
23:10:49 | Olga 24 (2051863705 - pos <3358.072998, 20.363302, 6532.078613>) initialized
23:10:49 | Ada 4x4 (1081573615 - pos <3729.034668, 20.265142, 6946.578613>) initialized
23:10:49 | M3S Covered (515128681 - pos <4256.620117, 20.710089, 7288.526855>) initialized
23:10:49 | M3S Covered (626543281 - pos <4249.802734, 20.710083, 7294.372070>) initialized
23:10:49 | Olga 24 (344271115 - pos <4253.489746, 20.599804, 7296.324707>) initialized
23:16:46 | Gaz (1438559101 - pos <5141.694336, 73.296425, 3526.569580>)  is being deleted
23:18:25 | Gaz (255598201 - pos <3162.520996, 23.058662, 4360.315918>) initialized
