---------------------------------------------
Log C:\Program Files (x86)\Steam\steamapps\common\DayZServer\myprofile\script_2021-05-14_00-00-17.log started at 14.05. 00:00:17

SCRIPT       : Registered 240 temporary action enum(s), UAN==240
SCRIPT    (W): @"ToxicZone/scripts/3_Game/toxicconfig\config\staticzone\statictoxicareasettings.c,108": Missing ';' at the end of line
SCRIPT       : CF_CreateGame()
SCRIPT       : ... Backlit Effects Enabled
SCRIPT       : DZM_Projects Map! by DaOne
SCRIPT    (W): @"MuchStuffPack/MSP_Scripts/4_World/codelock\actions\actionraidcodelockonmsp.c,44": Missing ';' at the end of line
SCRIPT    (W): @"BuildAnywhere_v3/scripts/4_World/Entities/GardenBase/ісћѐьр*џ.rvmat,52": Missing ';' at the end of line
SCRIPT    (W): @"deerisle/Deerisle_Security_System/scripts/4_World/deerisle-security-system\config\securityconfig.c,49": Missing ';' at the end of line
SCRIPT    (W): @"BPGaz/scripts/ќѕ?юіаѕэёю.wsi,6": Missing ';' at the end of line
SCRIPT    (W): @"CannabisPlus/scripts/4_world/cannabisplus.c,391": Missing ';' at the end of line
SCRIPT    (W): @"ModularVestSystem/scripts/4_World/mvs_taco.c,19": Missing ';' at the end of line
SCRIPT    (W): @"BaseBuildingPlus/scripts/4_World/items\xmas_lights\bbp_xmaslights_9v.c,54": Missing ';' at the end of line
SCRIPT    (W): @"MuchStuffPack/MSP_Scripts/4_World/codelock\actions\actioninteractlockonmsp.c,71": Unsafe down-casting, use 'EntityAI.Cast' for safe down-casting
SCRIPT    (W): @"MuchStuffPack/MSP_Scripts/4_World/codelock\actions\actioninteractlockonmsp.c,85": Unsafe down-casting, use 'ItemBase.Cast' for safe down-casting
SCRIPT    (W): @"MuchStuffPack/MSP_Scripts/4_World/codelock\actions\actioninteractlockonmsp.c,90": Unsafe down-casting, use 'ItemBase.Cast' for safe down-casting
SCRIPT    (W): @"TraderPlus/scripts/4_World/classes\tradersystemhandler\helpers\traderplushelpers.c,65": Unsafe down-casting, use 'Magazine.Cast' for safe down-casting
SCRIPT    (W): @"TraderPlus/scripts/4_World/classes\tradersystemhandler\helpers\traderplushelpers.c,66": Unsafe down-casting, use 'Magazine.Cast' for safe down-casting
SCRIPT    (W): @"TraderPlus/scripts/4_World/classes\tradersystemhandler\helpers\traderplushelpers.c,71": Unsafe down-casting, use 'Magazine.Cast' for safe down-casting
SCRIPT    (W): @"TraderPlus/scripts/4_World/classes\tradersystemhandler\helpers\traderplushelpers.c,72": Unsafe down-casting, use 'Magazine.Cast' for safe down-casting
SCRIPT       : ::: [BuildAnywhere_v3_World<d43ccbe0>]: ver: 3.4.06.05.2021 init
SCRIPT    (W): @"LBmaster_UndergroundLighting/scripts/5_Mission/UndergroundLighting/mission/эѓљ*лњФы.rvmat,295": Unsafe down-casting, use 'PlayerBase.Cast' for safe down-casting
SCRIPT    (W): @"ZomBerry/AT/scripts/5_Mission/zomberrystockfnc.c,218": No need to use 'Cast' for up-casting
SCRIPT    (W): @"ZomBerry/AT/scripts/5_Mission/zomberrystockfnc.c,225": No need to use 'Cast' for up-casting
SCRIPT    (W): @"ZomBerry/AT/scripts/5_Mission/zomberrystockfnc.c,234": No need to use 'Cast' for up-casting
SCRIPT    (W): @"$CurrentDir:mpmissions\Expansion.deerisle\init.c,104": Unsafe down-casting, use 'ItemBase.Cast' for safe down-casting
SCRIPT    (W): @"$CurrentDir:mpmissions\Expansion.deerisle\init.c,106": Unsafe down-casting, use 'ItemBase.Cast' for safe down-casting
SCRIPT    (W): @"$CurrentDir:mpmissions\Expansion.deerisle\init.c,124": Unsafe down-casting, use 'ItemBase.Cast' for safe down-casting
SCRIPT    (W): @"$CurrentDir:mpmissions\Expansion.deerisle\init.c,126": Unsafe down-casting, use 'ItemBase.Cast' for safe down-casting
SCRIPT    (W): @"$CurrentDir:mpmissions\Expansion.deerisle\init.c,161": Unsafe down-casting, use 'ItemBase.Cast' for safe down-casting
SCRIPT    (W): @"$CurrentDir:mpmissions\Expansion.deerisle\init.c,164": Unsafe down-casting, use 'ItemBase.Cast' for safe down-casting
SCRIPT    (W): @"$CurrentDir:mpmissions\Expansion.deerisle\init.c,207": Unsafe down-casting, use 'ItemBase.Cast' for safe down-casting
SCRIPT    (W): @"$CurrentDir:mpmissions\Expansion.deerisle\init.c,211": Unsafe down-casting, use 'ItemBase.Cast' for safe down-casting
SCRIPT    (W): @"$CurrentDir:mpmissions\Expansion.deerisle\init.c,256": Unsafe down-casting, use 'ItemBase.Cast' for safe down-casting
SCRIPT    (W): @"$CurrentDir:mpmissions\Expansion.deerisle\init.c,291": Unsafe down-casting, use 'ItemBase.Cast' for safe down-casting
SCRIPT    (W): @"$CurrentDir:mpmissions\Expansion.deerisle\init.c,293": Unsafe down-casting, use 'ItemBase.Cast' for safe down-casting
SCRIPT    (W): @"$CurrentDir:mpmissions\Expansion.deerisle\init.c,296": Unsafe down-casting, use 'ItemBase.Cast' for safe down-casting
SCRIPT    (W): @"$CurrentDir:mpmissions\Expansion.deerisle\init.c,328": Unsafe down-casting, use 'ItemBase.Cast' for safe down-casting
SCRIPT    (W): @"$CurrentDir:mpmissions\Expansion.deerisle\init.c,333": Unsafe down-casting, use 'ItemBase.Cast' for safe down-casting
SCRIPT    (W): @"$CurrentDir:mpmissions\Expansion.deerisle\init.c,369": Unsafe down-casting, use 'ItemBase.Cast' for safe down-casting
SCRIPT    (W): @"$CurrentDir:mpmissions\Expansion.deerisle\init.c,371": Unsafe down-casting, use 'ItemBase.Cast' for safe down-casting
SCRIPT    (W): @"$CurrentDir:mpmissions\Expansion.deerisle\init.c,374": Unsafe down-casting, use 'ItemBase.Cast' for safe down-casting
SCRIPT    (W): @"$CurrentDir:mpmissions\Expansion.deerisle\init.c,377": Unsafe down-casting, use 'ItemBase.Cast' for safe down-casting
SCRIPT    (W): @"$CurrentDir:mpmissions\Expansion.deerisle\init.c,411": Unsafe down-casting, use 'ItemBase.Cast' for safe down-casting
SCRIPT    (W): @"$CurrentDir:mpmissions\Expansion.deerisle\init.c,414": Unsafe down-casting, use 'ItemBase.Cast' for safe down-casting
SCRIPT    (W): @"$CurrentDir:mpmissions\Expansion.deerisle\init.c,417": Unsafe down-casting, use 'ItemBase.Cast' for safe down-casting
SCRIPT    (W): @"$CurrentDir:mpmissions\Expansion.deerisle\init.c,453": Unsafe down-casting, use 'ItemBase.Cast' for safe down-casting
SCRIPT    (W): @"$CurrentDir:mpmissions\Expansion.deerisle\init.c,457": Unsafe down-casting, use 'ItemBase.Cast' for safe down-casting
SCRIPT       : Init: PluginMCKLogs
SCRIPT       : Creating ModuleManager
SCRIPT       : CF_CreateWorld()
SCRIPT       : Inserted Module (HOST): EditorLoaderModule
SCRIPT       : Modules Loaded
SCRIPT       : 0 -> EditorLoaderModule
SCRIPT       : 14.05.2021 00:00:28 [ZomBerry]: Starting Server side v0.6.2
SCRIPT       : [AirdropSafezones] Settings classes created.
SCRIPT       : [AirdropSafezones.Load] Safezones file loaded & resaved.
SCRIPT       : [AirdropSettings] Settings classes created.
SCRIPT       : [AirdropSettings.Load] Settings file loaded & resaved.
SCRIPT       : GetDeerIsleBase()...
SCRIPT       : [BBP] 'BBP_Settings' found, loading...
SCRIPT       : [MCK_CarLockPickConfig] '$profile:MCK_CarLockPickConfig/CarLockPickConfig.json' found, loading existing config!
SCRIPT       : [MSP_Codelock_Config] '$profile:\CodeLock\MSP_CodeLockConfig.json' found, loading existing config!
SCRIPT       : 14.05.2021 00:00:28 [ZomBerryConfig]: INFO: Profile dir is: myprofile
SCRIPT       : 14.05.2021 00:00:28 [ZomBerryConfig]: INFO: Config files will be loaded from: myprofile
SCRIPT       : 14.05.2021 00:00:28 [ZomBerryLogger]: INFO: Will try to create ZomBerry log file in profile directory: myprofile\ZomBerry\
SCRIPT       : 14.05.2021 00:00:28 [ZomBerryLogger]: INFO: Switching to logfile: $profile:ZomBerry\ZomBerry_14-05-2021_00-00-28.log
SCRIPT       : [MoreDoorConfig] Server Cfg loading...
SCRIPT       : [MoreDoorConfig] '$profile:MoreDoors/MoorDoors_Settings.json' found, loading existing config!
SCRIPT       : [Notifications] OnInit
SCRIPT       : [Notifications] Loading Config
SCRIPT       : [CP] Config Sucessfully loaded!
SCRIPT       : [EditorLoader] OnMissionStart
SCRIPT       : [EditorLoader] File found: Bunkers2dot0.dze
SCRIPT       : [EditorLoader] Loaded $profile:/EditorFiles/Bunkers2dot0.dze
SCRIPT       : [EditorLoader] 58 created objects found
SCRIPT       : [EditorLoader] 1 deleted objects found
SCRIPT       : [EditorLoader] Deleting 1 buildings
SCRIPT       : [EditorLoader] Creating 58 buildings
SCRIPT       : [wpnfsm] Warning! OnStoreLoad - cannot load curent weapon state, id=0
SCRIPT       : [wpnfsm] Warning! OnStoreLoad - cannot load curent weapon state, id=0
SCRIPT       : [wpnfsm] Warning! OnStoreLoad - cannot load curent weapon state, id=0
SCRIPT       : file exist ! loading...
SCRIPT       : file exist ! loading...
SCRIPT       : file exist ! loading...
SCRIPT       : file exist ! loading...
SCRIPT       : file exist ! loading...
SCRIPT       : Chernarus::Weather::Rain::ForceEnd:: ( 16.6282 ) 0 -> 0
SCRIPT       : [MoreDoors] MissionServer --> Sending instance of cfg to client: BnYrB
SCRIPT       : [CP] -> Sucessfully sent: BnYrB CP Plus Config!
SCRIPT       : AnimSoundObjectBuilderBank: Invalid sound set "generalgrunt_SoundVoice_Char_SoundSet".
SCRIPT       : AnimSoundObjectBuilderBank: Invalid sound set "greathelmet_generalgrunt_SoundVoice_Char_SoundSet".
SCRIPT       : AnimSoundObjectBuilderBank: Invalid sound set "Gasmask_generalgrunt_SoundVoice_Char_SoundSet".
SCRIPT       : AnimSoundObjectBuilderBank: Invalid sound set "Motohelmet_generalgrunt_SoundVoice_Char_SoundSet".
SCRIPT       : AnimSoundObjectBuilderBank: Invalid sound set "Gag_generalgrunt_SoundVoice_Char_SoundSet".
SCRIPT       : ********* LoadStats loading version: 115
SCRIPT       : LOAD checksum:1213035715
SCRIPT       : ---- PlayerBase OnStoreLoad SUCCESS ----
SCRIPT       : [EditorLoader] OnInvokeConnect
SCRIPT       : Chernarus::Weather::Rain::ForceEnd:: ( 16.6949 ) 0 -> 0
SCRIPT       : Chernarus::Weather::Fog:: ( 16.7273 ) 0.0443224
SCRIPT       : SAVE CHECKSUM:1213035715
SCRIPT       : Chernarus::Weather::Rain::ForceEnd:: ( 16.7616 ) 0 -> 0
SCRIPT       : SAVE CHECKSUM:1213035715
SCRIPT       : Chernarus::Weather::Rain::ForceEnd:: ( 16.8283 ) 0 -> 0
SCRIPT       : [Logout]: New player mBNlxASsPlOcry0dpDl8K-WgHNR5WMCMmoJ9NhpU4FY= with logout time 15
SCRIPT       : [emote] SurvivorM_Francis:01 play emote id=14 IH=MCK_MasterKey:015910
SCRIPT       : [EditorLoader] OnClientDisconnect
SCRIPT       : [Logout]: Player mBNlxASsPlOcry0dpDl8K-WgHNR5WMCMmoJ9NhpU4FY= finished
SCRIPT       : SAVE CHECKSUM:1213035715
SCRIPT       : Chernarus::Weather::Rain::ForceEnd:: ( 16.895 ) 0 -> 0
SCRIPT       : Chernarus::Weather::Rain::ForceEnd:: ( 16.9617 ) 0 -> 0
SCRIPT       : Chernarus::Weather::Overcast:: ( 16.9939 )  overcast: 0.354766
SCRIPT       : Chernarus::Weather::Overcast::Rain:: ( 16.9939 ) 0
SCRIPT       : Chernarus::Weather::Rain::ForceEnd:: ( 17.0284 ) 0 -> 0
SCRIPT       : [MoreDoors] MissionServer --> Sending instance of cfg to client: Ace_Yandhi
SCRIPT       : [CP] -> Sucessfully sent: Ace_Yandhi CP Plus Config!
SCRIPT       : ********* LoadStats loading version: 115
SCRIPT       : LOAD value:11731248
SCRIPT       : LOAD id:19
SCRIPT       : LOAD id_bit_offset:4
SCRIPT       : LOAD food_stage:0
SCRIPT       : LOAD checksum:1213035715
SCRIPT       : ---- PlayerBase OnStoreLoad SUCCESS ----
SCRIPT       : [EditorLoader] OnInvokeConnect
SCRIPT       : Chernarus::Weather::Rain::ForceEnd:: ( 17.0951 ) 0 -> 0
SCRIPT       : SAVE id:19
SCRIPT       : SAVE id_bit_offset:4
SCRIPT       : SAVE write_result:9306416
SCRIPT       : SAVE CHECKSUM:1213035715
SCRIPT       : Chernarus::Weather::Rain:: ( 17.1617 ) 0
SCRIPT       : SAVE CHECKSUM:1213035715
SCRIPT       : Chernarus::Weather::Rain:: ( 17.1973 ) 0.312632
SCRIPT       : [MoreDoors] MissionServer --> Sending instance of cfg to client: BnYrB
SCRIPT       : [CP] -> Sucessfully sent: BnYrB CP Plus Config!
SCRIPT       : SAVE CHECKSUM:1213035715
SCRIPT       : ********* LoadStats loading version: 115
SCRIPT       : LOAD checksum:1213035715
SCRIPT       : ---- PlayerBase OnStoreLoad SUCCESS ----
SCRIPT       : [EditorLoader] OnInvokeConnect
SCRIPT       : Chernarus::Weather::Rain:: ( 17.2845 ) 0
SCRIPT       : Chernarus::Weather::Rain:: ( 17.3206 ) 0.240931
SCRIPT       : SAVE CHECKSUM:1213035715
SCRIPT       : SAVE CHECKSUM:1213035715
SCRIPT       : SAVE CHECKSUM:1213035715
SCRIPT       : SAVE CHECKSUM:1213035715
SCRIPT       : Chernarus::Weather::Rain:: ( 17.4204 ) 0
SCRIPT       : Chernarus::Weather::Rain:: ( 17.4476 ) 0.581457
SCRIPT       : SAVE CHECKSUM:1213035715
SCRIPT       : SAVE id:1
SCRIPT       : SAVE id_bit_offset:4
SCRIPT       : SAVE write_result:18546704
SCRIPT       : SAVE CHECKSUM:1213035715
SCRIPT       : Chernarus::Weather::Rain:: ( 17.4921 ) 0.662175
SCRIPT       : Chernarus::Weather::Rain:: ( 17.5104 ) 0.284628
SCRIPT       : SAVE CHECKSUM:1213035715
SCRIPT       : SAVE id:70
SCRIPT       : SAVE id_bit_offset:4
SCRIPT       : SAVE write_result:1836129
SCRIPT       : SAVE CHECKSUM:1213035715
SCRIPT       : Chernarus::Weather::Rain:: ( 17.5594 ) 0.310868
SCRIPT       : [Logout]: New player mBNlxASsPlOcry0dpDl8K-WgHNR5WMCMmoJ9NhpU4FY= with logout time 15
SCRIPT       : [EditorLoader] OnClientDisconnect
SCRIPT       : [Logout]: Player mBNlxASsPlOcry0dpDl8K-WgHNR5WMCMmoJ9NhpU4FY= finished
SCRIPT       : SAVE CHECKSUM:1213035715
SCRIPT       : Chernarus::Weather::Rain:: ( 17.5977 ) 0.201898
SCRIPT       : SAVE CHECKSUM:1213035715
SCRIPT       : Chernarus::Weather::Rain:: ( 17.6422 ) 0.333519
SCRIPT       : Chernarus::Weather::Rain:: ( 17.6916 ) 0.644243
SCRIPT       : SAVE CHECKSUM:1213035715
SCRIPT       : Chernarus::Weather::Overcast:: ( 17.7229 )  overcast: 0.823786
SCRIPT       : Chernarus::Weather::Overcast::Rain:: ( 17.7229 ) 0.553722
SCRIPT       : Chernarus::Weather::Rain:: ( 17.7389 ) 0.507822
SCRIPT       : Chernarus::Weather::Fog:: ( 17.7429 ) 0.119677
SCRIPT       : SAVE CHECKSUM:1213035715
SCRIPT       : [inv] ReplaceItemWithNewLambdaBase Step B) remove OK, loc={ type=HANDS item=AmmoBox_308WinTracer_20Rnd:09523 parent=SurvivorM_Hassan:01 }
SCRIPT       : UnboxLambda::SetupNewMagazine new_item=Ammo_308WinTracer<b0458980> count=20
SCRIPT       : Chernarus::Weather::Rain:: ( 17.8426 ) 0
SCRIPT       : SAVE id:10
SCRIPT       : SAVE id_bit_offset:4
SCRIPT       : SAVE write_result:13238432
SCRIPT       : SAVE CHECKSUM:1213035715
SCRIPT       : Chernarus::Weather::Rain:: ( 17.8592 ) 0.168352
SCRIPT       : Chernarus::Weather::Rain:: ( 17.8787 ) 0.229387
SCRIPT       : Chernarus::Weather::Rain::ForceEnd:: ( 17.8976 ) 0.114005 -> 0
SCRIPT       : SAVE id:10
SCRIPT       : SAVE id_bit_offset:4
SCRIPT       : SAVE write_result:7602336
SCRIPT       : SAVE CHECKSUM:1213035715
SCRIPT       : Chernarus::Weather::Rain::ForceEnd:: ( 17.9643 ) 0 -> 0
SCRIPT       : SAVE CHECKSUM:1213035715
SCRIPT       : Chernarus::Weather::Rain::ForceEnd:: ( 18.031 ) 0 -> 0
SCRIPT       : SAVE CHECKSUM:1213035715
SCRIPT       : Chernarus::Weather::Rain::ForceEnd:: ( 18.0977 ) 0 -> 0
SCRIPT       : SAVE CHECKSUM:1213035715
SCRIPT       : Chernarus::Weather::Rain::ForceEnd:: ( 18.1644 ) 0 -> 0
SCRIPT       : SAVE CHECKSUM:1213035715
SCRIPT       : Chernarus::Weather::Rain::ForceEnd:: ( 18.445 ) 0 -> 0
SCRIPT       : Chernarus::Weather::Rain::ForceEnd:: ( 18.9118 ) 0 -> 0
SCRIPT       : SAVE CHECKSUM:1213035715
SCRIPT       : Chernarus::Weather::Rain::ForceEnd:: ( 19.3787 ) 0 -> 0
SCRIPT       : SAVE CHECKSUM:1213035715
SCRIPT       : [inv] ReplaceItemWithNewLambdaBase Step B) remove OK, loc={ type=HANDS item=PeachesCan:09484 parent=SurvivorM_Hassan:01 }
SCRIPT       : Chernarus::Weather::Overcast:: ( 19.807 )  overcast: 0.429469
SCRIPT       : Chernarus::Weather::Overcast::Rain:: ( 19.807 ) 0
SCRIPT       : Chernarus::Weather::Rain::ForceEnd:: ( 19.8456 ) 0 -> 0
SCRIPT       : SAVE id:19
SCRIPT       : SAVE id_bit_offset:4
SCRIPT       : SAVE write_result:17891632
SCRIPT       : SAVE CHECKSUM:1213035715
SCRIPT       : Chernarus::Weather::Rain::ForceEnd:: ( 20.3125 ) 0 -> 0
SCRIPT       : SAVE CHECKSUM:1213035715
SCRIPT       : Chernarus::Weather::Rain::ForceEnd:: ( 20.7794 ) 0 -> 0
SCRIPT       : SAVE CHECKSUM:1213035715
SCRIPT       : Chernarus::Weather::Rain::ForceEnd:: ( 21.2462 ) 0 -> 0
SCRIPT       : SAVE id:4
SCRIPT       : SAVE id_bit_offset:4
SCRIPT       : SAVE write_result:17956928
SCRIPT       : SAVE CHECKSUM:1213035715
SCRIPT       : Chernarus::Weather::Rain::ForceEnd:: ( 21.7131 ) 0 -> 0
SCRIPT       : SAVE CHECKSUM:1213035715
SCRIPT       : Chernarus::Weather::Fog:: ( 22.1371 ) 0.0788088
SCRIPT       : [Logout]: New player Oc8aUZ7i8bRISwwD1MGPmSRw7H5QkfZdQCfrSzcXcIc= with logout time 15
SCRIPT       : [emote] SurvivorM_Hassan:01 play emote id=14 IH=TWP_Remington700:016046
SCRIPT       : Chernarus::Weather::Rain::ForceEnd:: ( 22.18 ) 0 -> 0
SCRIPT       : [EditorLoader] OnClientDisconnect
SCRIPT       : [Logout]: Player Oc8aUZ7i8bRISwwD1MGPmSRw7H5QkfZdQCfrSzcXcIc= finished
SCRIPT       : SAVE CHECKSUM:1213035715
SCRIPT       : Chernarus::Weather::Rain::ForceEnd:: ( 22.6469 ) 0 -> 0
SCRIPT       : Chernarus::Weather::Rain::ForceEnd:: ( 23.1138 ) 0 -> 0
SCRIPT       : Chernarus::Weather::Rain::ForceEnd:: ( 23.5806 ) 0 -> 0
SCRIPT       : Chernarus::Weather::Rain::ForceEnd:: ( 0.0475167 ) 0 -> 0
SCRIPT       : Chernarus::Weather::Rain::ForceEnd:: ( 0.514397 ) 0 -> 0
SCRIPT       : Chernarus::Weather::Rain::ForceEnd:: ( 0.981278 ) 0 -> 0
SCRIPT       : Chernarus::Weather::Overcast:: ( 1.1683 )  overcast: 0.294681
SCRIPT       : Chernarus::Weather::Overcast::Rain:: ( 1.1683 ) 0
SCRIPT       : Chernarus::Weather::Rain::ForceEnd:: ( 1.44816 ) 0 -> 0
SCRIPT       : [MoreDoors] MissionServer --> Sending instance of cfg to client: Skif
SCRIPT       : [CP] -> Sucessfully sent: Skif CP Plus Config!
SCRIPT       : ********* LoadStats loading version: 115
SCRIPT       : LOAD checksum:1213035715
SCRIPT       : ---- PlayerBase OnStoreLoad SUCCESS ----
SCRIPT       : [EditorLoader] OnInvokeConnect
SCRIPT       : SAVE CHECKSUM:1213035715
SCRIPT       : Chernarus::Weather::Rain::ForceEnd:: ( 1.91504 ) 0 -> 0
SCRIPT       : SAVE CHECKSUM:1213035715
SCRIPT       : Chernarus::Weather::Rain::ForceEnd:: ( 2.38192 ) 0 -> 0
SCRIPT       : SAVE CHECKSUM:1213035715
SCRIPT       : Chernarus::Weather::Rain::ForceEnd:: ( 2.84879 ) 0 -> 0
SCRIPT       : SAVE CHECKSUM:1213035715
SCRIPT       : Chernarus::Weather::Rain::ForceEnd:: ( 3.31567 ) 0 -> 0
SCRIPT       : Chernarus::Weather::Rain::ForceEnd:: ( 3.78255 ) 0 -> 0
SCRIPT       : SAVE CHECKSUM:1213035715
SCRIPT       : Chernarus::Weather::Rain::ForceEnd:: ( 4.24943 ) 0 -> 0
SCRIPT       : SAVE CHECKSUM:1213035715
SCRIPT       : Chernarus::Weather::Rain::ForceEnd:: ( 4.71631 ) 0 -> 0
SCRIPT       : [Logout]: New player HT80BSK6nbyEUuqqNLGOG_NvUVWKXCYBk5YTFLCK4vU= with logout time 15
SCRIPT       : [EditorLoader] OnClientDisconnect
SCRIPT       : [Logout]: Player HT80BSK6nbyEUuqqNLGOG_NvUVWKXCYBk5YTFLCK4vU= finished
SCRIPT       : SAVE CHECKSUM:1213035715
SCRIPT       : Chernarus::Weather::Rain::ForceEnd:: ( 5.18319 ) 0 -> 0
SCRIPT       : [MoreDoors] MissionServer --> Sending instance of cfg to client: Skif
SCRIPT       : [CP] -> Sucessfully sent: Skif CP Plus Config!
SCRIPT       : ********* LoadStats loading version: 115
SCRIPT       : LOAD checksum:1213035715
SCRIPT       : ---- PlayerBase OnStoreLoad SUCCESS ----
SCRIPT       : [EditorLoader] OnInvokeConnect
SCRIPT       : Chernarus::Weather::Fog:: ( 5.2453 ) 0.019657
SCRIPT       : SAVE CHECKSUM:1213035715
SCRIPT       : Chernarus::Weather::Rain::ForceEnd:: ( 5.65007 ) 0 -> 0
SCRIPT       : SAVE CHECKSUM:1213035715
SCRIPT       : Chernarus::Weather::Rain::ForceEnd:: ( 6.03134 ) 0 -> 0
SCRIPT       : Chernarus::Weather::Overcast:: ( 6.05144 )  overcast: 0.137388
SCRIPT       : Chernarus::Weather::Overcast::Rain:: ( 6.05144 ) 0
SCRIPT       : SAVE CHECKSUM:1213035715
SCRIPT       : Chernarus::Weather::Rain::ForceEnd:: ( 6.09804 ) 0 -> 0
SCRIPT       : SAVE CHECKSUM:1213035715
SCRIPT       : Chernarus::Weather::Rain::ForceEnd:: ( 6.16473 ) 0 -> 0
SCRIPT       : SAVE CHECKSUM:1213035715
SCRIPT       : Chernarus::Weather::Rain::ForceEnd:: ( 6.23143 ) 0 -> 0
SCRIPT       : Chernarus::Weather::Rain::ForceEnd:: ( 6.29813 ) 0 -> 0
SCRIPT       : SAVE CHECKSUM:1213035715
SCRIPT       : Chernarus::Weather::Rain::ForceEnd:: ( 6.36483 ) 0 -> 0
SCRIPT       : SAVE CHECKSUM:1213035715
SCRIPT       : Chernarus::Weather::Fog:: ( 6.41046 ) 0.0473673
SCRIPT       : Chernarus::Weather::Rain::ForceEnd:: ( 6.43152 ) 0 -> 0
SCRIPT       : SAVE CHECKSUM:1213035715
SCRIPT       : Chernarus::Weather::Rain::ForceEnd:: ( 6.49822 ) 0 -> 0
SCRIPT       : SAVE CHECKSUM:1213035715
SCRIPT       : Chernarus::Weather::Rain::ForceEnd:: ( 6.56492 ) 0 -> 0
SCRIPT       : [inv] ReplaceItemWithNewLambdaBase Step B) remove OK, loc={ type=HANDS item=AmmoBox_45ACP_25rnd:024731 parent=SurvivorM_Niki:01 }
SCRIPT       : UnboxLambda::SetupNewMagazine new_item=Ammo_45ACP<eb782cb0> count=25
SCRIPT       : SAVE CHECKSUM:1213035715
SCRIPT       : Chernarus::Weather::Rain::ForceEnd:: ( 6.63161 ) 0 -> 0
SCRIPT       : SAVE CHECKSUM:1213035715
SCRIPT       : [wpnfsm] Save occured in fsm transition! current state=WeaponChambering<d8cc0c50> closes stable state=Pistol_CLO_CHG_BU1_MA0<c4382b30> id=3
SCRIPT       : Chernarus::Weather::Rain::ForceEnd:: ( 6.69831 ) 0 -> 0
SCRIPT       : SAVE CHECKSUM:1213035715
SCRIPT       : [inv] ReplaceItemWithNewLambdaBase Step B) remove OK, loc={ type=HANDS item=AmmoBox_45ACP_25rnd:023044 parent=SurvivorM_Niki:01 }
SCRIPT       : UnboxLambda::SetupNewMagazine new_item=Ammo_45ACP<fc8c9950> count=25
SCRIPT       : Chernarus::Weather::Rain::ForceEnd:: ( 6.76501 ) 0 -> 0
SCRIPT       : Chernarus::Weather::Overcast:: ( 6.80077 )  overcast: 0.0313852
SCRIPT       : Chernarus::Weather::Overcast::Rain:: ( 6.80077 ) 0
SCRIPT       : SAVE CHECKSUM:1213035715
SCRIPT       : Chernarus::Weather::Rain::ForceEnd:: ( 6.83171 ) 0 -> 0
SCRIPT       : SAVE CHECKSUM:1213035715
SCRIPT       : Chernarus::Weather::Rain::ForceEnd:: ( 6.8984 ) 0 -> 0
SCRIPT       : Chernarus::Weather::Fog:: ( 6.91411 ) 0.0538664
SCRIPT       : Chernarus::Weather::Rain::ForceEnd:: ( 6.9651 ) 0 -> 0
SCRIPT       : SAVE CHECKSUM:1213035715
SCRIPT       : [inv] ReplaceItemWithNewLambdaBase Step B) remove OK, loc={ type=HANDS item=AmmoBox_762x39_20Rnd:013004 parent=SurvivorM_Niki:01 }
SCRIPT       : UnboxLambda::SetupNewMagazine new_item=Ammo_762x39<f0377c60> count=20
