---------------------------------------------
Log G:\My Drive\Server\myprofile\script_2021-05-08_01-47-30.log started at 08.05. 01:47:31

SCRIPT       : Registered 240 temporary action enum(s), UAN==240
SCRIPT    (W): @"ToxicZone/scripts/3_Game/toxicconfig\config\staticzone\statictoxicareasettings.c,108": Missing ';' at the end of line
SCRIPT    (W): @"GameLabs/Scripts/3_Game/api\api.c,95": Unsafe down-casting, use 'RestCallback.Cast' for safe down-casting
SCRIPT    (W): @"GameLabs/Scripts/3_Game/api\api.c,100": Unsafe down-casting, use 'RestCallback.Cast' for safe down-casting
SCRIPT    (W): @"GameLabs/Scripts/3_Game/api\api.c,105": Unsafe down-casting, use 'RestCallback.Cast' for safe down-casting
SCRIPT    (W): @"GameLabs/Scripts/3_Game/api\api.c,110": Unsafe down-casting, use 'RestCallback.Cast' for safe down-casting
SCRIPT    (W): @"GameLabs/Scripts/3_Game/api\api.c,115": Unsafe down-casting, use 'RestCallback.Cast' for safe down-casting
SCRIPT    (W): @"GameLabs/Scripts/3_Game/api\api.c,120": Unsafe down-casting, use 'RestCallback.Cast' for safe down-casting
SCRIPT    (W): @"GameLabs/Scripts/3_Game/api\api.c,125": Unsafe down-casting, use 'RestCallback.Cast' for safe down-casting
SCRIPT    (W): @"GameLabs/Scripts/3_Game/api\api.c,130": Unsafe down-casting, use 'RestCallback.Cast' for safe down-casting
SCRIPT    (W): @"GameLabs/Scripts/3_Game/api\api.c,135": Unsafe down-casting, use 'RestCallback.Cast' for safe down-casting
SCRIPT       : CF_CreateGame()
SCRIPT       : ... Backlit Effects Enabled
SCRIPT       : DZM_Projects Map! by DaOne
SCRIPT    (W): @"MuchStuffPack/MSP_Scripts/4_World/codelock\actions\actionraidcodelockonmsp.c,44": Missing ';' at the end of line
SCRIPT    (W): @"BuildAnywhere_v3/scripts/4_World/Entities/GardenBase/ісћѐьр*џ.rvmat,52": Missing ';' at the end of line
SCRIPT    (W): @"deerisle/Deerisle_Security_System/scripts/4_World/deerisle-security-system\config\securityconfig.c,49": Missing ';' at the end of line
SCRIPT    (W): @"BPGaz/scripts/ќѕ?юіаѕэёю.wsi,6": Missing ';' at the end of line
SCRIPT    (W): @"CannabisPlus/scripts/4_world/cannabisplus.c,391": Missing ';' at the end of line
SCRIPT    (W): @"ModularVestSystem/scripts/4_World/mvs_taco.c,19": Missing ';' at the end of line
SCRIPT    (W): @"BaseBuildingPlus/scripts/4_World/items\xmas_lights\bbp_xmaslights_9v.c,54": Missing ';' at the end of line
SCRIPT    (W): @"MuchStuffPack/MSP_Scripts/4_World/codelock\actions\actioninteractlockonmsp.c,71": Unsafe down-casting, use 'EntityAI.Cast' for safe down-casting
SCRIPT    (W): @"MuchStuffPack/MSP_Scripts/4_World/codelock\actions\actioninteractlockonmsp.c,85": Unsafe down-casting, use 'ItemBase.Cast' for safe down-casting
SCRIPT    (W): @"MuchStuffPack/MSP_Scripts/4_World/codelock\actions\actioninteractlockonmsp.c,90": Unsafe down-casting, use 'ItemBase.Cast' for safe down-casting
SCRIPT    (W): @"TraderPlus/scripts/4_World/classes\tradersystemhandler\helpers\traderplushelpers.c,65": Unsafe down-casting, use 'Magazine.Cast' for safe down-casting
SCRIPT    (W): @"TraderPlus/scripts/4_World/classes\tradersystemhandler\helpers\traderplushelpers.c,66": Unsafe down-casting, use 'Magazine.Cast' for safe down-casting
SCRIPT    (W): @"TraderPlus/scripts/4_World/classes\tradersystemhandler\helpers\traderplushelpers.c,71": Unsafe down-casting, use 'Magazine.Cast' for safe down-casting
SCRIPT    (W): @"TraderPlus/scripts/4_World/classes\tradersystemhandler\helpers\traderplushelpers.c,72": Unsafe down-casting, use 'Magazine.Cast' for safe down-casting
SCRIPT    (W): @"GameLabs/Scripts/4_World/hooking\!pluginadminlog.c,46": Unsafe down-casting, use 'PlayerBase.Cast' for safe down-casting
SCRIPT    (W): @"GameLabs/Scripts/4_World/hooking\!playerbase.c,27": No need to use 'Cast' for up-casting
SCRIPT       : ::: [BuildAnywhere_v3_World<cf8bf560>]: ver: 3.4.06.05.2021 init
SCRIPT    (W): @"LBmaster_UndergroundLighting/scripts/5_Mission/UndergroundLighting/mission/эѓљ*лњФы.rvmat,295": Unsafe down-casting, use 'PlayerBase.Cast' for safe down-casting
SCRIPT    (W): @"ZomBerry/AT/scripts/5_Mission/zomberrystockfnc.c,218": No need to use 'Cast' for up-casting
SCRIPT    (W): @"ZomBerry/AT/scripts/5_Mission/zomberrystockfnc.c,225": No need to use 'Cast' for up-casting
SCRIPT    (W): @"ZomBerry/AT/scripts/5_Mission/zomberrystockfnc.c,234": No need to use 'Cast' for up-casting
SCRIPT    (W): @"GameLabs/Scripts/5_Mission/reporter.c,150": Unsafe down-casting, use 'PlayerBase.Cast' for safe down-casting
SCRIPT    (W): @"$CurrentDir:mpmissions\Expansion.deerisle\init.c,104": Unsafe down-casting, use 'ItemBase.Cast' for safe down-casting
SCRIPT    (W): @"$CurrentDir:mpmissions\Expansion.deerisle\init.c,106": Unsafe down-casting, use 'ItemBase.Cast' for safe down-casting
SCRIPT    (W): @"$CurrentDir:mpmissions\Expansion.deerisle\init.c,124": Unsafe down-casting, use 'ItemBase.Cast' for safe down-casting
SCRIPT    (W): @"$CurrentDir:mpmissions\Expansion.deerisle\init.c,126": Unsafe down-casting, use 'ItemBase.Cast' for safe down-casting
SCRIPT    (W): @"$CurrentDir:mpmissions\Expansion.deerisle\init.c,161": Unsafe down-casting, use 'ItemBase.Cast' for safe down-casting
SCRIPT    (W): @"$CurrentDir:mpmissions\Expansion.deerisle\init.c,164": Unsafe down-casting, use 'ItemBase.Cast' for safe down-casting
SCRIPT    (W): @"$CurrentDir:mpmissions\Expansion.deerisle\init.c,207": Unsafe down-casting, use 'ItemBase.Cast' for safe down-casting
SCRIPT    (W): @"$CurrentDir:mpmissions\Expansion.deerisle\init.c,211": Unsafe down-casting, use 'ItemBase.Cast' for safe down-casting
SCRIPT    (W): @"$CurrentDir:mpmissions\Expansion.deerisle\init.c,256": Unsafe down-casting, use 'ItemBase.Cast' for safe down-casting
SCRIPT    (W): @"$CurrentDir:mpmissions\Expansion.deerisle\init.c,291": Unsafe down-casting, use 'ItemBase.Cast' for safe down-casting
SCRIPT    (W): @"$CurrentDir:mpmissions\Expansion.deerisle\init.c,293": Unsafe down-casting, use 'ItemBase.Cast' for safe down-casting
SCRIPT    (W): @"$CurrentDir:mpmissions\Expansion.deerisle\init.c,296": Unsafe down-casting, use 'ItemBase.Cast' for safe down-casting
SCRIPT    (W): @"$CurrentDir:mpmissions\Expansion.deerisle\init.c,328": Unsafe down-casting, use 'ItemBase.Cast' for safe down-casting
SCRIPT    (W): @"$CurrentDir:mpmissions\Expansion.deerisle\init.c,333": Unsafe down-casting, use 'ItemBase.Cast' for safe down-casting
SCRIPT    (W): @"$CurrentDir:mpmissions\Expansion.deerisle\init.c,369": Unsafe down-casting, use 'ItemBase.Cast' for safe down-casting
SCRIPT    (W): @"$CurrentDir:mpmissions\Expansion.deerisle\init.c,371": Unsafe down-casting, use 'ItemBase.Cast' for safe down-casting
SCRIPT    (W): @"$CurrentDir:mpmissions\Expansion.deerisle\init.c,374": Unsafe down-casting, use 'ItemBase.Cast' for safe down-casting
SCRIPT    (W): @"$CurrentDir:mpmissions\Expansion.deerisle\init.c,377": Unsafe down-casting, use 'ItemBase.Cast' for safe down-casting
SCRIPT    (W): @"$CurrentDir:mpmissions\Expansion.deerisle\init.c,411": Unsafe down-casting, use 'ItemBase.Cast' for safe down-casting
SCRIPT    (W): @"$CurrentDir:mpmissions\Expansion.deerisle\init.c,414": Unsafe down-casting, use 'ItemBase.Cast' for safe down-casting
SCRIPT    (W): @"$CurrentDir:mpmissions\Expansion.deerisle\init.c,417": Unsafe down-casting, use 'ItemBase.Cast' for safe down-casting
SCRIPT    (W): @"$CurrentDir:mpmissions\Expansion.deerisle\init.c,453": Unsafe down-casting, use 'ItemBase.Cast' for safe down-casting
SCRIPT    (W): @"$CurrentDir:mpmissions\Expansion.deerisle\init.c,457": Unsafe down-casting, use 'ItemBase.Cast' for safe down-casting
SCRIPT       : Init: PluginMCKLogs
SCRIPT       : Creating ModuleManager
SCRIPT       : CF_CreateWorld()
SCRIPT       : Inserted Module (HOST): EditorLoaderModule
SCRIPT       : Modules Loaded
SCRIPT       : 0 -> EditorLoaderModule
SCRIPT       : 08.05.2021 01:47:43 [ZomBerry]: Starting Server side v0.6.2
SCRIPT       : [AirdropSafezones] Settings classes created.
SCRIPT       : [AirdropSafezones.Load] Safezones file loaded & resaved.
SCRIPT       : [AirdropSettings] Settings classes created.
SCRIPT       : [AirdropSettings.Load] Settings file loaded & resaved.
SCRIPT       : GetDeerIsleBase()...
SCRIPT       : [BBP] 'BBP_Settings' found, loading...
SCRIPT       : [MCK_CarLockPickConfig] '$profile:MCK_CarLockPickConfig/CarLockPickConfig.json' found, loading existing config!
SCRIPT       : [MSP_Codelock_Config] '$profile:\CodeLock\MSP_CodeLockConfig.json' found, loading existing config!
SCRIPT       : 08.05.2021 01:47:44 [ZomBerryConfig]: INFO: Profile dir is: myprofile
SCRIPT       : 08.05.2021 01:47:44 [ZomBerryConfig]: INFO: Config files will be loaded from: myprofile
SCRIPT       : 08.05.2021 01:47:44 [ZomBerryLogger]: INFO: Will try to create ZomBerry log file in profile directory: myprofile\ZomBerry\
SCRIPT       : 08.05.2021 01:47:44 [ZomBerryLogger]: INFO: Switching to logfile: $profile:ZomBerry\ZomBerry_08-05-2021_01-47-44.log
SCRIPT       : [MoreDoorConfig] Server Cfg loading...
SCRIPT       : [MoreDoorConfig] '$profile:MoreDoors/MoorDoors_Settings.json' found, loading existing config!
SCRIPT       : [Notifications] OnInit
SCRIPT       : [Notifications] Loading Config
SCRIPT       : [CP] Config Sucessfully loaded!
SCRIPT       : [EditorLoader] OnMissionStart
SCRIPT       : [EditorLoader] File found: Bunkers2dot0.dze
SCRIPT       : [EditorLoader] Loaded $profile:/EditorFiles/Bunkers2dot0.dze
SCRIPT       : [EditorLoader] 58 created objects found
SCRIPT       : [EditorLoader] 1 deleted objects found
SCRIPT       : [EditorLoader] Deleting 1 buildings
SCRIPT       : [EditorLoader] Creating 58 buildings
SCRIPT       : [wpnfsm] Warning! OnStoreLoad - cannot load curent weapon state, id=0
SCRIPT       : [wpnfsm] Warning! OnStoreLoad - cannot load curent weapon state, id=0
SCRIPT       : [wpnfsm] Warning! OnStoreLoad - cannot load curent weapon state, id=0
SCRIPT       : [wpnfsm] Warning! OnStoreLoad - cannot load curent weapon state, id=0
SCRIPT       : [wpnfsm] Warning! OnStoreLoad - cannot load curent weapon state, id=0
SCRIPT       : [wpnfsm] Warning! OnStoreLoad - cannot load curent weapon state, id=0
SCRIPT       : [wpnfsm] Warning! OnStoreLoad - cannot load curent weapon state, id=0
SCRIPT       : [wpnfsm] Warning! OnStoreLoad - cannot load curent weapon state, id=0
SCRIPT       : [wpnfsm] Warning! OnStoreLoad - cannot load curent weapon state, id=0
SCRIPT       : [wpnfsm] Warning! OnStoreLoad - cannot load curent weapon state, id=0
SCRIPT       : [wpnfsm] Warning! OnStoreLoad - cannot load curent weapon state, id=0
SCRIPT       : [wpnfsm] Warning! OnStoreLoad - cannot load curent weapon state, id=0
SCRIPT       : [wpnfsm] Warning! OnStoreLoad - cannot load curent weapon state, id=0
SCRIPT       : [wpnfsm] Warning! OnStoreLoad - cannot load curent weapon state, id=0
SCRIPT       : [wpnfsm] Warning! OnStoreLoad - cannot load curent weapon state, id=0
SCRIPT       : [wpnfsm] Warning! OnStoreLoad - cannot load curent weapon state, id=0
SCRIPT       : [wpnfsm] Warning! OnStoreLoad - cannot load curent weapon state, id=0
SCRIPT       : [wpnfsm] Warning! OnStoreLoad - cannot load curent weapon state, id=0
SCRIPT       : [wpnfsm] Warning! OnStoreLoad - cannot load curent weapon state, id=0
SCRIPT       : [wpnfsm] Warning! OnStoreLoad - cannot load curent weapon state, id=0
SCRIPT       : [wpnfsm] Warning! OnStoreLoad - cannot load curent weapon state, id=0
SCRIPT       : [wpnfsm] Warning! OnStoreLoad - cannot load curent weapon state, id=0
SCRIPT       : [wpnfsm] Warning! OnStoreLoad - cannot load curent weapon state, id=0
SCRIPT       : [wpnfsm] Warning! OnStoreLoad - cannot load curent weapon state, id=0
SCRIPT       : [wpnfsm] Warning! OnStoreLoad - cannot load curent weapon state, id=0
SCRIPT       : [wpnfsm] Warning! OnStoreLoad - cannot load curent weapon state, id=0
SCRIPT       : [wpnfsm] Warning! OnStoreLoad - cannot load curent weapon state, id=0
SCRIPT       : [wpnfsm] Warning! OnStoreLoad - cannot load curent weapon state, id=0
SCRIPT       : [wpnfsm] Warning! OnStoreLoad - cannot load curent weapon state, id=0
SCRIPT       : [wpnfsm] Warning! OnStoreLoad - cannot load curent weapon state, id=0
SCRIPT       : [wpnfsm] Warning! OnStoreLoad - cannot load curent weapon state, id=0
SCRIPT       : [wpnfsm] Warning! OnStoreLoad - cannot load curent weapon state, id=0
SCRIPT       : [wpnfsm] Warning! OnStoreLoad - cannot load curent weapon state, id=0
SCRIPT       : [wpnfsm] Warning! OnStoreLoad - cannot load curent weapon state, id=0
SCRIPT       : [wpnfsm] Warning! OnStoreLoad - cannot load curent weapon state, id=0
SCRIPT       : [wpnfsm] Warning! OnStoreLoad - cannot load curent weapon state, id=0
SCRIPT       : [wpnfsm] Warning! OnStoreLoad - cannot load curent weapon state, id=0
SCRIPT       : [wpnfsm] Warning! OnStoreLoad - cannot load curent weapon state, id=0
SCRIPT       : file exist ! loading...
SCRIPT       : file exist ! loading...
SCRIPT       : file exist ! loading...
SCRIPT       : file exist ! loading...
SCRIPT       : file exist ! loading...
SCRIPT       :  !!! OnSuccess() size=13
SCRIPT       : string data = '{"status":1}
'
SCRIPT       :  !!! OnSuccess() size=13
SCRIPT       : string data = '{"status":1}
'
SCRIPT       :  !!! OnSuccess() size=13
SCRIPT       : string data = '{"status":1}
'
SCRIPT       : Chernarus::Weather::Rain::ForceEnd:: ( 15.2007 ) 0 -> 0
SCRIPT       : [MoreDoors] MissionServer --> Sending instance of cfg to client: BnYrB
SCRIPT       : [CP] -> Sucessfully sent: BnYrB CP Plus Config!
SCRIPT       : Chernarus::Weather::Overcast:: ( 15.2442 )  overcast: 0
SCRIPT       : Chernarus::Weather::Overcast::Rain:: ( 15.2442 ) 0
SCRIPT       : AnimSoundObjectBuilderBank: Invalid sound set "generalgrunt_SoundVoice_Char_SoundSet".
SCRIPT       : AnimSoundObjectBuilderBank: Invalid sound set "greathelmet_generalgrunt_SoundVoice_Char_SoundSet".
SCRIPT       : AnimSoundObjectBuilderBank: Invalid sound set "Gasmask_generalgrunt_SoundVoice_Char_SoundSet".
SCRIPT       : AnimSoundObjectBuilderBank: Invalid sound set "Motohelmet_generalgrunt_SoundVoice_Char_SoundSet".
SCRIPT       : AnimSoundObjectBuilderBank: Invalid sound set "Gag_generalgrunt_SoundVoice_Char_SoundSet".
SCRIPT    (E): NULL pointer to instance
Class:      'CustomMission'
Function: 'bikerClass'
Stack trace:
$CurrentDir:mpmissions\Expansion.deerisle\init.c:294
$CurrentDir:mpmissions\Expansion.deerisle\init.c:517
scripts/5_Mission/mission\missionserver.c:332
GameLabs/Scripts/5_Mission/mission.c:75
SpawnSelect/Scripts/5_Mission/missionshared.c:329
scripts/5_Mission/mission\missionserver.c:133
GameLabs/Scripts/5_Mission/mission.c:143
JM/CF/Scripts/5_Mission/communityframework\mission\missionserver.c:18
scripts/3_Game/dayzgame.c:1355
SCRIPT       : [EditorLoader] OnInvokeConnect
SCRIPT       :  !!! OnSuccess() size=13
SCRIPT       : string data = '{"status":1}
'
SCRIPT       :  !!! OnSuccess() size=13
SCRIPT       : string data = '{"status":1}
'
SCRIPT       :  !!! OnSuccess() size=13
SCRIPT       : string data = '{"status":1}
'
SCRIPT       : Chernarus::Weather::Rain::ForceEnd:: ( 15.2674 ) 0 -> 0
SCRIPT       :  !!! OnSuccess() size=13
SCRIPT       : string data = '{"status":1}
'
SCRIPT       :  !!! OnSuccess() size=13
SCRIPT       : string data = '{"status":1}
'
SCRIPT       :  !!! OnSuccess() size=13
SCRIPT       : string data = '{"status":1}
'
SCRIPT       :  !!! OnSuccess() size=13
SCRIPT       : string data = '{"status":1}
'
SCRIPT       :  !!! OnSuccess() size=13
SCRIPT       : string data = '{"status":1}
'
SCRIPT       :  !!! OnSuccess() size=13
SCRIPT       : string data = '{"status":1}
'
SCRIPT       :  !!! OnSuccess() size=13
SCRIPT       : string data = '{"status":1}
'
SCRIPT       : SAVE CHECKSUM:1213035715
SCRIPT       :  !!! OnSuccess() size=13
SCRIPT       : string data = '{"status":1}
'
SCRIPT       :  !!! OnSuccess() size=13
SCRIPT       : string data = '{"status":1}
'
SCRIPT       :  !!! OnSuccess() size=13
SCRIPT       : string data = '{"status":1}
'
SCRIPT       :  !!! OnSuccess() size=13
SCRIPT       : string data = '{"status":1}
'
SCRIPT       :  !!! OnSuccess() size=13
SCRIPT       : string data = '{"status":1}
'
SCRIPT       : Chernarus::Weather::Rain::ForceEnd:: ( 15.3341 ) 0 -> 0
SCRIPT       :  !!! OnSuccess() size=13
SCRIPT       : string data = '{"status":1}
'
SCRIPT       :  !!! OnSuccess() size=13
SCRIPT       : string data = '{"status":1}
'
SCRIPT       :  !!! OnSuccess() size=13
SCRIPT       : string data = '{"status":1}
'
SCRIPT       :  !!! OnSuccess() size=13
SCRIPT       : string data = '{"status":1}
'
SCRIPT       :  !!! OnSuccess() size=13
SCRIPT       : string data = '{"status":1}
'
SCRIPT       :  !!! OnSuccess() size=13
SCRIPT       : string data = '{"status":1}
'
SCRIPT       :  !!! OnSuccess() size=13
SCRIPT       : string data = '{"status":1}
'
SCRIPT       :  !!! OnSuccess() size=13
SCRIPT       : string data = '{"status":1}
'
SCRIPT       : SAVE CHECKSUM:1213035715
SCRIPT       :  !!! OnSuccess() size=13
SCRIPT       : string data = '{"status":1}
'
SCRIPT       :  !!! OnSuccess() size=13
SCRIPT       : string data = '{"status":1}
'
SCRIPT       :  !!! OnSuccess() size=13
SCRIPT       : string data = '{"status":1}
'
SCRIPT       :  !!! OnSuccess() size=13
SCRIPT       : string data = '{"status":1}
'
SCRIPT       : Chernarus::Weather::Rain::ForceEnd:: ( 15.4008 ) 0 -> 0
SCRIPT       :  !!! OnSuccess() size=13
SCRIPT       : string data = '{"status":1}
'
SCRIPT       :  !!! OnSuccess() size=13
SCRIPT       : string data = '{"status":1}
'
SCRIPT       :  !!! OnSuccess() size=13
SCRIPT       : string data = '{"status":1}
'
SCRIPT       :  !!! OnSuccess() size=13
SCRIPT       : string data = '{"status":1}
'
SCRIPT       :  !!! OnSuccess() size=13
SCRIPT       : string data = '{"status":1}
'
SCRIPT       : [inv] ReplaceItemWithNewLambdaBase Step B) remove OK, loc={ type=HANDS item=AmmoBox_00buck_10rnd:07417 parent=SurvivorF_Irena:01 }
SCRIPT       : UnboxLambda::SetupNewMagazine new_item=Ammo_12gaPellets<c0680390> count=10
SCRIPT       :  !!! OnSuccess() size=13
SCRIPT       : string data = '{"status":1}
'
SCRIPT       :  !!! OnSuccess() size=13
SCRIPT       : string data = '{"status":1}
'
SCRIPT       :  !!! OnSuccess() size=13
SCRIPT       : string data = '{"status":1}
'
SCRIPT       :  !!! OnSuccess() size=13
SCRIPT       : string data = '{"status":1}
'
SCRIPT       :  !!! OnSuccess() size=13
SCRIPT       : string data = '{"status":1}
'
SCRIPT       : SAVE id:81
SCRIPT       : SAVE id_bit_offset:4
SCRIPT       : SAVE write_result:29230352
SCRIPT       : SAVE CHECKSUM:1213035715
SCRIPT       :  !!! OnSuccess() size=13
SCRIPT       : string data = '{"status":1}
'
SCRIPT       : Chernarus::Weather::Fog:: ( 15.4597 ) 0.00988592
SCRIPT       :  !!! OnSuccess() size=13
SCRIPT       : string data = '{"status":1}
'
SCRIPT       : Chernarus::Weather::Rain::ForceEnd:: ( 15.4675 ) 0 -> 0
SCRIPT       :  !!! OnSuccess() size=13
SCRIPT       : string data = '{"status":1}
'
SCRIPT       :  !!! OnSuccess() size=13
SCRIPT       : string data = '{"status":1}
'
SCRIPT       :  !!! OnSuccess() size=13
SCRIPT       : string data = '{"status":1}
'
SCRIPT       :  !!! OnSuccess() size=13
SCRIPT       : string data = '{"status":1}
'
SCRIPT       :  !!! OnSuccess() size=13
SCRIPT       : string data = '{"status":1}
'
SCRIPT       :  !!! OnSuccess() size=13
SCRIPT       : string data = '{"status":1}
'
SCRIPT       :  !!! OnSuccess() size=13
SCRIPT       : string data = '{"status":1}
'
SCRIPT       :  !!! OnSuccess() size=13
SCRIPT       : string data = '{"status":1}
'
SCRIPT       :  !!! OnSuccess() size=13
SCRIPT       : string data = '{"status":1}
'
SCRIPT       : [inv] ReplaceItemWithNewLambdaBase Step B) remove OK, loc={ type=HANDS item=AmmoBox_12gaSlug_10Rnd:09884 parent=SurvivorF_Irena:01 }
SCRIPT       : UnboxLambda::SetupNewMagazine new_item=Ammo_12gaSlug<c06812b0> count=10
SCRIPT       :  !!! OnSuccess() size=13
SCRIPT       : string data = '{"status":1}
'
SCRIPT       :  !!! OnSuccess() size=13
SCRIPT       : string data = '{"status":1}
'
SCRIPT       :  !!! OnSuccess() size=13
SCRIPT       : string data = '{"status":1}
'
SCRIPT       : [Logout]: New player mBNlxASsPlOcry0dpDl8K-WgHNR5WMCMmoJ9NhpU4FY= with logout time 15
SCRIPT       : [emote] SurvivorF_Irena:01 play emote id=14 IH=null
SCRIPT       : SAVE id:4
SCRIPT       : SAVE id_bit_offset:4
SCRIPT       : SAVE write_result:17367104
SCRIPT       : SAVE CHECKSUM:1213035715
SCRIPT       :  !!! OnSuccess() size=13
SCRIPT       : string data = '{"status":1}
'
SCRIPT       : [EditorLoader] OnClientDisconnect
SCRIPT       : [Logout]: Player mBNlxASsPlOcry0dpDl8K-WgHNR5WMCMmoJ9NhpU4FY= finished
SCRIPT       : SAVE id:4
SCRIPT       : SAVE id_bit_offset:4
SCRIPT       : SAVE write_result:15007808
SCRIPT       : SAVE CHECKSUM:1213035715
SCRIPT       : Chernarus::Weather::Rain::ForceEnd:: ( 15.5341 ) 0 -> 0
SCRIPT       :  !!! OnSuccess() size=13
SCRIPT       : string data = '{"status":1}
'
SCRIPT       :  !!! OnSuccess() size=13
SCRIPT       : string data = '{"status":1}
'
SCRIPT       : Chernarus::Weather::Rain::ForceEnd:: ( 15.6008 ) 0 -> 0
SCRIPT       : Chernarus::Weather::Rain::ForceEnd:: ( 15.6675 ) 0 -> 0
SCRIPT       : Chernarus::Weather::Rain::ForceEnd:: ( 15.7342 ) 0 -> 0
SCRIPT       : Chernarus::Weather::Rain::ForceEnd:: ( 15.8009 ) 0 -> 0
SCRIPT       : Chernarus::Weather::Rain::ForceEnd:: ( 15.8676 ) 0 -> 0
SCRIPT       : Chernarus::Weather::Rain::ForceEnd:: ( 15.9343 ) 0 -> 0
SCRIPT       : Chernarus::Weather::Fog:: ( 15.9633 ) 0.0796948
SCRIPT       : Chernarus::Weather::Rain::ForceEnd:: ( 16.001 ) 0 -> 0
SCRIPT       : Chernarus::Weather::Rain::ForceEnd:: ( 16.0677 ) 0 -> 0
SCRIPT       : Chernarus::Weather::Overcast:: ( 16.0714 )  overcast: 0.228861
SCRIPT       : Chernarus::Weather::Overcast::Rain:: ( 16.0714 ) 0
SCRIPT       : Chernarus::Weather::Rain::ForceEnd:: ( 16.1344 ) 0 -> 0
SCRIPT       : Chernarus::Weather::Rain::ForceEnd:: ( 16.2011 ) 0 -> 0
SCRIPT       : Chernarus::Weather::Rain::ForceEnd:: ( 16.2678 ) 0 -> 0
SCRIPT       : Chernarus::Weather::Rain::ForceEnd:: ( 16.3345 ) 0 -> 0
SCRIPT       : Chernarus::Weather::Rain::ForceEnd:: ( 16.4012 ) 0 -> 0
SCRIPT       : Chernarus::Weather::Fog:: ( 16.467 ) 0.023349
SCRIPT       : Chernarus::Weather::Rain::ForceEnd:: ( 16.4679 ) 0 -> 0
SCRIPT       : Chernarus::Weather::Rain::ForceEnd:: ( 16.5346 ) 0 -> 0
SCRIPT       : Chernarus::Weather::Rain::ForceEnd:: ( 16.6013 ) 0 -> 0
SCRIPT       : Chernarus::Weather::Rain::ForceEnd:: ( 16.668 ) 0 -> 0
SCRIPT       : Chernarus::Weather::Rain::ForceEnd:: ( 16.7347 ) 0 -> 0
SCRIPT       : Chernarus::Weather::Rain::ForceEnd:: ( 16.8014 ) 0 -> 0
SCRIPT       : Chernarus::Weather::Overcast:: ( 16.8476 )  overcast: 0.140117
SCRIPT       : Chernarus::Weather::Overcast::Rain:: ( 16.8476 ) 0
SCRIPT       : Chernarus::Weather::Rain::ForceEnd:: ( 16.8681 ) 0 -> 0
SCRIPT       : Chernarus::Weather::Rain::ForceEnd:: ( 16.9348 ) 0 -> 0
SCRIPT       : Chernarus::Weather::Fog:: ( 16.9707 ) 0.0587982
SCRIPT       : Chernarus::Weather::Rain::ForceEnd:: ( 17.0015 ) 0 -> 0
SCRIPT       : Chernarus::Weather::Rain::ForceEnd:: ( 17.0682 ) 0 -> 0
SCRIPT       : Chernarus::Weather::Rain::ForceEnd:: ( 17.1349 ) 0 -> 0
SCRIPT       : Chernarus::Weather::Rain::ForceEnd:: ( 17.2016 ) 0 -> 0
SCRIPT       : Chernarus::Weather::Rain::ForceEnd:: ( 17.2683 ) 0 -> 0
SCRIPT       : Chernarus::Weather::Rain::ForceEnd:: ( 17.335 ) 0 -> 0
SCRIPT       : Chernarus::Weather::Rain::ForceEnd:: ( 17.4017 ) 0 -> 0
SCRIPT       : Chernarus::Weather::Rain::ForceEnd:: ( 17.4684 ) 0 -> 0
SCRIPT       : Chernarus::Weather::Fog:: ( 17.4744 ) 0.0723093
SCRIPT       : Chernarus::Weather::Rain::ForceEnd:: ( 17.5351 ) 0 -> 0
SCRIPT       : Chernarus::Weather::Rain::ForceEnd:: ( 17.6018 ) 0 -> 0
SCRIPT       : Chernarus::Weather::Overcast:: ( 17.6283 )  overcast: 0.0463729
SCRIPT       : Chernarus::Weather::Overcast::Rain:: ( 17.6283 ) 0
SCRIPT       : Chernarus::Weather::Rain::ForceEnd:: ( 17.6685 ) 0 -> 0
SCRIPT       : Chernarus::Weather::Rain::ForceEnd:: ( 17.7352 ) 0 -> 0
SCRIPT       : Chernarus::Weather::Rain::ForceEnd:: ( 17.8019 ) 0 -> 0
SCRIPT       : Chernarus::Weather::Rain:: ( 17.8685 ) 0
SCRIPT       : Chernarus::Weather::Rain:: ( 17.9264 ) 0.407044
SCRIPT       : Chernarus::Weather::Fog:: ( 18.3822 ) 0.0682296
SCRIPT       : Chernarus::Weather::Rain:: ( 18.5326 ) 0
SCRIPT       : Chernarus::Weather::Rain:: ( 19.2275 ) 0
SCRIPT       : Chernarus::Weather::Rain:: ( 19.3598 ) 0.464827
SCRIPT       : Chernarus::Weather::Rain:: ( 19.5115 ) 0.599344
SCRIPT       : Chernarus::Weather::Rain:: ( 19.8188 ) 0.576516
SCRIPT       : Chernarus::Weather::Rain:: ( 20.1184 ) 0.307889
SCRIPT       : Chernarus::Weather::Rain:: ( 20.3012 ) 0.506853
SCRIPT       : Chernarus::Weather::Rain:: ( 20.4335 ) 0.549424
SCRIPT       : Chernarus::Weather::Rain:: ( 20.7642 ) 0.52408
SCRIPT       : Chernarus::Weather::Overcast:: ( 20.9569 )  overcast: 0.87933
SCRIPT       : Chernarus::Weather::Overcast::Rain:: ( 20.9569 ) 0.651073
SCRIPT       : Chernarus::Weather::Rain:: ( 20.9937 ) 0.674432
SCRIPT       : Chernarus::Weather::Rain:: ( 21.34 ) 0.563005
SCRIPT       : Chernarus::Weather::Rain:: ( 21.9808 ) 0
SCRIPT       : Chernarus::Weather::Rain::ForceEnd:: ( 22.2143 ) 0.453058 -> 0
SCRIPT       : Chernarus::Weather::Rain::ForceEnd:: ( 22.6811 ) 0 -> 0
SCRIPT       : Chernarus::Weather::Rain::ForceEnd:: ( 23.148 ) 0 -> 0
SCRIPT       : Chernarus::Weather::Rain::ForceEnd:: ( 23.6149 ) 0 -> 0
SCRIPT       : Chernarus::Weather::Rain::ForceEnd:: ( 0.0817863 ) 0 -> 0
SCRIPT       : Chernarus::Weather::Rain::ForceEnd:: ( 0.548667 ) 0 -> 0
SCRIPT       : Chernarus::Weather::Rain::ForceEnd:: ( 1.01555 ) 0 -> 0
SCRIPT       : Chernarus::Weather::Rain::ForceEnd:: ( 1.48243 ) 0 -> 0
SCRIPT       : Chernarus::Weather::Fog:: ( 1.49184 ) 0.119489
SCRIPT       : Chernarus::Weather::Rain::ForceEnd:: ( 1.94931 ) 0 -> 0
SCRIPT       : Chernarus::Weather::Overcast:: ( 2.23482 )  overcast: 0.280755
SCRIPT       : Chernarus::Weather::Overcast::Rain:: ( 2.23482 ) 0
SCRIPT       : Chernarus::Weather::Rain::ForceEnd:: ( 2.41619 ) 0 -> 0
SCRIPT       : Chernarus::Weather::Rain::ForceEnd:: ( 2.88307 ) 0 -> 0
SCRIPT       : Chernarus::Weather::Rain::ForceEnd:: ( 3.34995 ) 0 -> 0
SCRIPT       : Chernarus::Weather::Rain::ForceEnd:: ( 3.81683 ) 0 -> 0
SCRIPT       : Chernarus::Weather::Rain::ForceEnd:: ( 4.28371 ) 0 -> 0
SCRIPT       : Chernarus::Weather::Rain::ForceEnd:: ( 4.75059 ) 0 -> 0
SCRIPT       : Chernarus::Weather::Fog:: ( 5.0177 ) 0.0789519
SCRIPT       : Chernarus::Weather::Rain::ForceEnd:: ( 5.21747 ) 0 -> 0
SCRIPT       : Chernarus::Weather::Rain::ForceEnd:: ( 5.68435 ) 0 -> 0
SCRIPT       : Chernarus::Weather::Rain::ForceEnd:: ( 6.15124 ) 0 -> 0
SCRIPT       : Chernarus::Weather::Rain::ForceEnd:: ( 6.26991 ) 0 -> 0
SCRIPT       : Chernarus::Weather::Overcast:: ( 6.33514 )  overcast: 0.148769
SCRIPT       : Chernarus::Weather::Overcast::Rain:: ( 6.33514 ) 0
SCRIPT       : Chernarus::Weather::Rain::ForceEnd:: ( 6.3366 ) 0 -> 0
SCRIPT       : Chernarus::Weather::Rain::ForceEnd:: ( 6.4033 ) 0 -> 0
SCRIPT       : Chernarus::Weather::Rain::ForceEnd:: ( 6.47 ) 0 -> 0
SCRIPT       : Chernarus::Weather::Rain::ForceEnd:: ( 6.53669 ) 0 -> 0
SCRIPT       : Chernarus::Weather::Fog:: ( 6.54497 ) 0.046249
SCRIPT       : Chernarus::Weather::Rain:: ( 6.60339 ) 0
SCRIPT       : Chernarus::Weather::Rain:: ( 6.64507 ) 0.0809473
SCRIPT       : Chernarus::Weather::Rain:: ( 6.68565 ) 0.397931
SCRIPT       : Chernarus::Weather::Rain:: ( 6.70454 ) 0.29962
SCRIPT       : Chernarus::Weather::Rain:: ( 6.74456 ) 0.403931
SCRIPT       : Chernarus::Weather::Rain:: ( 6.78346 ) 0.358898
SCRIPT       : Chernarus::Weather::Rain:: ( 6.89543 ) 0
SCRIPT       : Chernarus::Weather::Rain:: ( 6.91654 ) 0.527942
SCRIPT       : Chernarus::Weather::Rain:: ( 6.96545 ) 0.27405
SCRIPT       : Chernarus::Weather::Rain:: ( 6.99102 ) 0.537996
SCRIPT       : Chernarus::Weather::Rain:: ( 7.0377 ) 0.611966
SCRIPT       : Chernarus::Weather::Rain:: ( 7.07105 ) 0.501055
SCRIPT       : Chernarus::Weather::Overcast:: ( 7.08515 )  overcast: 0.802753
SCRIPT       : Chernarus::Weather::Overcast::Rain:: ( 7.08515 ) 0.505594
SCRIPT       : Chernarus::Weather::Rain:: ( 7.11996 ) 0.515803
SCRIPT       : Chernarus::Weather::Rain:: ( 7.21813 ) 0
SCRIPT       : Chernarus::Weather::Rain::ForceEnd:: ( 7.30638 ) 0 -> 0
SCRIPT       : Chernarus::Weather::Rain::ForceEnd:: ( 7.37307 ) 0 -> 0
SCRIPT       : Chernarus::Weather::Rain::ForceEnd:: ( 7.43977 ) 0 -> 0
SCRIPT       : Chernarus::Weather::Rain::ForceEnd:: ( 7.50647 ) 0 -> 0
SCRIPT       : Chernarus::Weather::Fog:: ( 7.56063 ) 0.0290689
SCRIPT       : Chernarus::Weather::Rain::ForceEnd:: ( 7.57317 ) 0 -> 0
SCRIPT       : Chernarus::Weather::Rain::ForceEnd:: ( 7.63986 ) 0 -> 0
SCRIPT       : Chernarus::Weather::Rain::ForceEnd:: ( 7.70656 ) 0 -> 0
SCRIPT       : Chernarus::Weather::Rain::ForceEnd:: ( 7.77326 ) 0 -> 0
SCRIPT       : Chernarus::Weather::Rain::ForceEnd:: ( 7.83995 ) 0 -> 0
SCRIPT       : Chernarus::Weather::Overcast:: ( 7.88579 )  overcast: 0.239839
SCRIPT       : Chernarus::Weather::Overcast::Rain:: ( 7.88579 ) 0
SCRIPT       : Chernarus::Weather::Rain::ForceEnd:: ( 7.90665 ) 0 -> 0
SCRIPT       : Chernarus::Weather::Rain::ForceEnd:: ( 7.97335 ) 0 -> 0
SCRIPT       : Chernarus::Weather::Rain::ForceEnd:: ( 8.04005 ) 0 -> 0
SCRIPT       : Chernarus::Weather::Fog:: ( 8.06432 ) 0.00630146
SCRIPT       : Chernarus::Weather::Rain::ForceEnd:: ( 8.10674 ) 0 -> 0
SCRIPT       : Chernarus::Weather::Rain::ForceEnd:: ( 8.17344 ) 0 -> 0
SCRIPT       : Chernarus::Weather::Rain::ForceEnd:: ( 8.24014 ) 0 -> 0
SCRIPT       : Chernarus::Weather::Rain::ForceEnd:: ( 8.30684 ) 0 -> 0
SCRIPT       : Chernarus::Weather::Rain::ForceEnd:: ( 8.37353 ) 0 -> 0
SCRIPT       : Chernarus::Weather::Rain::ForceEnd:: ( 8.44023 ) 0 -> 0
SCRIPT       : Chernarus::Weather::Rain::ForceEnd:: ( 8.50693 ) 0 -> 0
SCRIPT       : Chernarus::Weather::Rain::ForceEnd:: ( 8.57362 ) 0 -> 0
SCRIPT       : Chernarus::Weather::Overcast:: ( 8.57664 )  overcast: 0.56249
SCRIPT       : Chernarus::Weather::Overcast::Rain:: ( 8.57664 ) 0
SCRIPT       : Chernarus::Weather::Rain::ForceEnd:: ( 8.64032 ) 0 -> 0
SCRIPT       : Chernarus::Weather::Rain::ForceEnd:: ( 8.70702 ) 0 -> 0
SCRIPT       : Chernarus::Weather::Rain::ForceEnd:: ( 8.77371 ) 0 -> 0
SCRIPT       : Chernarus::Weather::Rain::ForceEnd:: ( 8.84041 ) 0 -> 0
SCRIPT       : Chernarus::Weather::Rain::ForceEnd:: ( 8.90711 ) 0 -> 0
SCRIPT       : Chernarus::Weather::Rain::ForceEnd:: ( 8.97381 ) 0 -> 0
SCRIPT       : Chernarus::Weather::Rain::ForceEnd:: ( 9.0405 ) 0 -> 0
SCRIPT       : Chernarus::Weather::Fog:: ( 9.08 ) 0.143126
SCRIPT       : Chernarus::Weather::Rain::ForceEnd:: ( 9.1072 ) 0 -> 0
SCRIPT       : Chernarus::Weather::Rain::ForceEnd:: ( 9.1739 ) 0 -> 0
SCRIPT       : Chernarus::Weather::Rain::ForceEnd:: ( 9.24059 ) 0 -> 0
SCRIPT       : Chernarus::Weather::Rain::ForceEnd:: ( 9.30729 ) 0 -> 0
SCRIPT       : Chernarus::Weather::Overcast:: ( 9.35225 )  overcast: 0.0142186
SCRIPT       : Chernarus::Weather::Overcast::Rain:: ( 9.35225 ) 0
SCRIPT       : Chernarus::Weather::Rain::ForceEnd:: ( 9.37399 ) 0 -> 0
SCRIPT       : Chernarus::Weather::Rain::ForceEnd:: ( 9.44069 ) 0 -> 0
SCRIPT       : Chernarus::Weather::Rain::ForceEnd:: ( 9.50738 ) 0 -> 0
SCRIPT       : Chernarus::Weather::Rain::ForceEnd:: ( 9.57408 ) 0 -> 0
SCRIPT       : Chernarus::Weather::Fog:: ( 9.58369 ) 0.00410657
SCRIPT       : Chernarus::Weather::Rain::ForceEnd:: ( 9.64078 ) 0 -> 0
SCRIPT       : Chernarus::Weather::Rain::ForceEnd:: ( 9.70748 ) 0 -> 0
SCRIPT       : Chernarus::Weather::Rain::ForceEnd:: ( 9.77417 ) 0 -> 0
SCRIPT       : Chernarus::Weather::Rain::ForceEnd:: ( 9.84087 ) 0 -> 0
SCRIPT       :  !!! OnSuccess() size=13
SCRIPT       : string data = '{"status":1}
'
SCRIPT       :  !!! OnSuccess() size=13
SCRIPT       : string data = '{"status":1}
'
SCRIPT       : Chernarus::Weather::Rain::ForceEnd:: ( 9.90757 ) 0 -> 0
SCRIPT       : Chernarus::Weather::Rain::ForceEnd:: ( 9.97426 ) 0 -> 0
SCRIPT       : DisableTemple() called...
SCRIPT       : Chernarus::Weather::Rain::ForceEnd:: ( 10.041 ) 0 -> 0
SCRIPT       : Chernarus::Weather::Overcast:: ( 10.0676 )  overcast: 0.274996
SCRIPT       : Chernarus::Weather::Overcast::Rain:: ( 10.0676 ) 0
SCRIPT       : Chernarus::Weather::Fog:: ( 10.0874 ) 0.000981475
SCRIPT       : ~PluginMCKLogs Closed
SCRIPT       : ~DayZGame()
