---------------------------------------------
Log C:\Program Files (x86)\Steam\steamapps\common\DayZServer\myprofile\script_2021-05-24_14-56-02.log started at 24.05. 14:56:02

SCRIPT       : Registered 240 temporary action enum(s), UAN==240
SCRIPT    (W): @"ToxicZone/scripts/3_Game/toxicconfig\config\staticzone\statictoxicareasettings.c,108": Missing ';' at the end of line
SCRIPT       : CF_CreateGame()
SCRIPT       : ... Backlit Effects Enabled
SCRIPT       : DZM_Projects Map! by DaOne
SCRIPT    (W): @"MuchStuffPack/MSP_Scripts/4_World/codelock\actions\actionraidcodelockonmsp.c,44": Missing ';' at the end of line
SCRIPT    (W): @"MunghardsItems/scripts/4_world/entities\itembase\sleepingbag.c,160": Missing ';' at the end of line
SCRIPT    (W): @"MunghardsItems/scripts/4_world/entities\itembase\itembase.c,13": Missing ';' at the end of line
SCRIPT    (W): @"MunghardsItems/scripts/4_world/entities\itembase\itembase.c,22": Missing ';' at the end of line
SCRIPT    (W): @"BuildAnywhere_v3/scripts/4_World/Entities/GardenBase/ісћѐьр*џ.rvmat,52": Missing ';' at the end of line
SCRIPT    (W): @"deerisle/Deerisle_Security_System/scripts/4_World/deerisle-security-system\config\securityconfig.c,49": Missing ';' at the end of line
SCRIPT    (W): @"BPGaz/scripts/ќѕ?юіаѕэёю.wsi,6": Missing ';' at the end of line
SCRIPT    (W): @"CannabisPlus/scripts/4_world/cannabisplus.c,391": Missing ';' at the end of line
SCRIPT    (W): @"ModularVestSystem/scripts/4_World/mvs_taco.c,19": Missing ';' at the end of line
SCRIPT    (W): @"BaseBuildingPlus/scripts/4_World/items\xmas_lights\bbp_xmaslights_9v.c,54": Missing ';' at the end of line
SCRIPT    (W): @"MuchStuffPack/MSP_Scripts/4_World/codelock\actions\actioninteractlockonmsp.c,71": Unsafe down-casting, use 'EntityAI.Cast' for safe down-casting
SCRIPT    (W): @"MuchStuffPack/MSP_Scripts/4_World/codelock\actions\actioninteractlockonmsp.c,85": Unsafe down-casting, use 'ItemBase.Cast' for safe down-casting
SCRIPT    (W): @"MuchStuffPack/MSP_Scripts/4_World/codelock\actions\actioninteractlockonmsp.c,90": Unsafe down-casting, use 'ItemBase.Cast' for safe down-casting
SCRIPT    (W): @"MunghardsItems/scripts/4_world/entities\itembase\ballgrill.c,349": Unsafe down-casting, use 'Edible_Base.Cast' for safe down-casting
SCRIPT    (W): @"MunghardsItems/scripts/4_world/entities\itembase\ballgrill.c,361": Unsafe down-casting, use 'Edible_Base.Cast' for safe down-casting
SCRIPT    (W): @"MunghardsItems/scripts/4_world/classes\useractionscomponent\actions\continuous\actionbuildmungcabin.c,34": Unsafe down-casting, use 'PlayerBase.Cast' for safe down-casting
SCRIPT    (W): @"MunghardsItems/scripts/4_world/entities\itembase\kv5.c,49": Unsafe down-casting, use 'PlayerBase.Cast' for safe down-casting
SCRIPT    (W): @"TraderPlus/scripts/4_World/classes\tradersystemhandler\helpers\traderplushelpers.c,65": Unsafe down-casting, use 'Magazine.Cast' for safe down-casting
SCRIPT    (W): @"TraderPlus/scripts/4_World/classes\tradersystemhandler\helpers\traderplushelpers.c,66": Unsafe down-casting, use 'Magazine.Cast' for safe down-casting
SCRIPT    (W): @"TraderPlus/scripts/4_World/classes\tradersystemhandler\helpers\traderplushelpers.c,71": Unsafe down-casting, use 'Magazine.Cast' for safe down-casting
SCRIPT    (W): @"TraderPlus/scripts/4_World/classes\tradersystemhandler\helpers\traderplushelpers.c,72": Unsafe down-casting, use 'Magazine.Cast' for safe down-casting
SCRIPT    (W): @"WRDG/Notes/Scripts/4_World/classes\writtennotedata.c,93": Unsafe down-casting, use 'PlayerBase.Cast' for safe down-casting
SCRIPT       : ::: [BuildAnywhere_v3_World<60b94ea0>]: ver: 3.4.06.05.2021 init
SCRIPT    (W): @"LBmaster_UndergroundLighting/scripts/5_Mission/UndergroundLighting/mission/эѓљ*лњФы.rvmat,295": Unsafe down-casting, use 'PlayerBase.Cast' for safe down-casting
SCRIPT    (W): @"ZomBerry/AT/scripts/5_Mission/zomberrystockfnc.c,218": No need to use 'Cast' for up-casting
SCRIPT    (W): @"ZomBerry/AT/scripts/5_Mission/zomberrystockfnc.c,225": No need to use 'Cast' for up-casting
SCRIPT    (W): @"ZomBerry/AT/scripts/5_Mission/zomberrystockfnc.c,234": No need to use 'Cast' for up-casting
SCRIPT    (W): @"$CurrentDir:mpmissions\Expansion.deerisle\init.c,106": Unsafe down-casting, use 'ItemBase.Cast' for safe down-casting
SCRIPT    (W): @"$CurrentDir:mpmissions\Expansion.deerisle\init.c,108": Unsafe down-casting, use 'ItemBase.Cast' for safe down-casting
SCRIPT    (W): @"$CurrentDir:mpmissions\Expansion.deerisle\init.c,128": Unsafe down-casting, use 'ItemBase.Cast' for safe down-casting
SCRIPT    (W): @"$CurrentDir:mpmissions\Expansion.deerisle\init.c,130": Unsafe down-casting, use 'ItemBase.Cast' for safe down-casting
SCRIPT    (W): @"$CurrentDir:mpmissions\Expansion.deerisle\init.c,166": Unsafe down-casting, use 'ItemBase.Cast' for safe down-casting
SCRIPT    (W): @"$CurrentDir:mpmissions\Expansion.deerisle\init.c,169": Unsafe down-casting, use 'ItemBase.Cast' for safe down-casting
SCRIPT    (W): @"$CurrentDir:mpmissions\Expansion.deerisle\init.c,213": Unsafe down-casting, use 'ItemBase.Cast' for safe down-casting
SCRIPT    (W): @"$CurrentDir:mpmissions\Expansion.deerisle\init.c,217": Unsafe down-casting, use 'ItemBase.Cast' for safe down-casting
SCRIPT    (W): @"$CurrentDir:mpmissions\Expansion.deerisle\init.c,264": Unsafe down-casting, use 'ItemBase.Cast' for safe down-casting
SCRIPT    (W): @"$CurrentDir:mpmissions\Expansion.deerisle\init.c,301": Unsafe down-casting, use 'ItemBase.Cast' for safe down-casting
SCRIPT    (W): @"$CurrentDir:mpmissions\Expansion.deerisle\init.c,303": Unsafe down-casting, use 'ItemBase.Cast' for safe down-casting
SCRIPT    (W): @"$CurrentDir:mpmissions\Expansion.deerisle\init.c,306": Unsafe down-casting, use 'ItemBase.Cast' for safe down-casting
SCRIPT    (W): @"$CurrentDir:mpmissions\Expansion.deerisle\init.c,340": Unsafe down-casting, use 'ItemBase.Cast' for safe down-casting
SCRIPT    (W): @"$CurrentDir:mpmissions\Expansion.deerisle\init.c,345": Unsafe down-casting, use 'ItemBase.Cast' for safe down-casting
SCRIPT    (W): @"$CurrentDir:mpmissions\Expansion.deerisle\init.c,383": Unsafe down-casting, use 'ItemBase.Cast' for safe down-casting
SCRIPT    (W): @"$CurrentDir:mpmissions\Expansion.deerisle\init.c,385": Unsafe down-casting, use 'ItemBase.Cast' for safe down-casting
SCRIPT    (W): @"$CurrentDir:mpmissions\Expansion.deerisle\init.c,388": Unsafe down-casting, use 'ItemBase.Cast' for safe down-casting
SCRIPT    (W): @"$CurrentDir:mpmissions\Expansion.deerisle\init.c,391": Unsafe down-casting, use 'ItemBase.Cast' for safe down-casting
SCRIPT    (W): @"$CurrentDir:mpmissions\Expansion.deerisle\init.c,427": Unsafe down-casting, use 'ItemBase.Cast' for safe down-casting
SCRIPT    (W): @"$CurrentDir:mpmissions\Expansion.deerisle\init.c,430": Unsafe down-casting, use 'ItemBase.Cast' for safe down-casting
SCRIPT    (W): @"$CurrentDir:mpmissions\Expansion.deerisle\init.c,433": Unsafe down-casting, use 'ItemBase.Cast' for safe down-casting
SCRIPT    (W): @"$CurrentDir:mpmissions\Expansion.deerisle\init.c,471": Unsafe down-casting, use 'ItemBase.Cast' for safe down-casting
SCRIPT    (W): @"$CurrentDir:mpmissions\Expansion.deerisle\init.c,475": Unsafe down-casting, use 'ItemBase.Cast' for safe down-casting
SCRIPT       : Init: PluginMCKLogs
SCRIPT       : Creating ModuleManager
SCRIPT       : CF_CreateWorld()
SCRIPT       : Inserted Module (HOST): EditorLoaderModule
SCRIPT       : Modules Loaded
SCRIPT       : 0 -> EditorLoaderModule
SCRIPT       : 24.05.2021 14:56:13 [ZomBerry]: Starting Server side v0.6.2
SCRIPT       : [AirdropSafezones] Settings classes created.
SCRIPT       : [AirdropSafezones.Load] Safezones file loaded & resaved.
SCRIPT       : [AirdropSettings] Settings classes created.
SCRIPT       : [AirdropSettings.Load] Settings file loaded & resaved.
SCRIPT       : GetDeerIsleBase()...
SCRIPT       : [BBP] 'BBP_Settings' found, loading...
SCRIPT       : [MCK_CarLockPickConfig] '$profile:MCK_CarLockPickConfig/CarLockPickConfig.json' found, loading existing config!
SCRIPT       : [MSP_Codelock_Config] '$profile:\CodeLock\MSP_CodeLockConfig.json' found, loading existing config!
SCRIPT       : 24.05.2021 14:56:14 [ZomBerryConfig]: INFO: Profile dir is: myprofile
SCRIPT       : 24.05.2021 14:56:14 [ZomBerryConfig]: INFO: Config files will be loaded from: myprofile
SCRIPT       : 24.05.2021 14:56:14 [ZomBerryLogger]: INFO: Will try to create ZomBerry log file in profile directory: myprofile\ZomBerry\
SCRIPT       : 24.05.2021 14:56:14 [ZomBerryLogger]: INFO: Switching to logfile: $profile:ZomBerry\ZomBerry_24-05-2021_14-56-14.log
SCRIPT       : [MoreDoorConfig] Server Cfg loading...
SCRIPT       : [MoreDoorConfig] '$profile:MoreDoors/MoorDoors_Settings.json' found, loading existing config!
SCRIPT       : [Notifications] OnInit
SCRIPT       : [Notifications] Loading Config
SCRIPT       : [CP] Config Sucessfully loaded!
SCRIPT       : [FBF_Config] Server Cfg loading...
SCRIPT       : [FBF_Config] '$profile:FBF_Config/FBFConfig.json' found, loading existing config!
SCRIPT       : [EditorLoader] OnMissionStart
SCRIPT       : [EditorLoader] File found: QuickStop.dze
SCRIPT       : [EditorLoader] Loaded $profile:/EditorFiles/QuickStop.dze
SCRIPT       : [EditorLoader] 50 created objects found
SCRIPT       : [EditorLoader] 18 deleted objects found
SCRIPT       : [EditorLoader] Deleting 18 buildings
SCRIPT       : [EditorLoader] Creating 50 buildings
SCRIPT       : [wpnfsm] Warning! OnStoreLoad - cannot load curent weapon state, id=0
SCRIPT       : [wpnfsm] Warning! OnStoreLoad - cannot load curent weapon state, id=0
SCRIPT       : [wpnfsm] Warning! OnStoreLoad - cannot load curent weapon state, id=0
SCRIPT       : [wpnfsm] Warning! OnStoreLoad - cannot load curent weapon state, id=0
SCRIPT       : [wpnfsm] Warning! OnStoreLoad - cannot load curent weapon state, id=0
SCRIPT       : [wpnfsm] Warning! OnStoreLoad - cannot load curent weapon state, id=0
SCRIPT       : [wpnfsm] Warning! OnStoreLoad - cannot load curent weapon state, id=0
SCRIPT       : [wpnfsm] Warning! OnStoreLoad - cannot load curent weapon state, id=0
SCRIPT       : Magazine mag = NULL
SCRIPT       : Magazine mag = NULL
SCRIPT       : [wpnfsm] Warning! OnStoreLoad - cannot load curent weapon state, id=0
SCRIPT       : [wpnfsm] Warning! OnStoreLoad - cannot load curent weapon state, id=0
SCRIPT       : [wpnfsm] Warning! OnStoreLoad - cannot load curent weapon state, id=0
SCRIPT       : [wpnfsm] Warning! OnStoreLoad - cannot load curent weapon state, id=0
SCRIPT       : [wpnfsm] Warning! OnStoreLoad - cannot load curent weapon state, id=0
SCRIPT       : [wpnfsm] Warning! OnStoreLoad - cannot load curent weapon state, id=0
SCRIPT       : [wpnfsm] Warning! OnStoreLoad - cannot load curent weapon state, id=0
SCRIPT       : [wpnfsm] Warning! OnStoreLoad - cannot load curent weapon state, id=0
SCRIPT       : Magazine mag = NULL
SCRIPT       : [wpnfsm] Warning! OnStoreLoad - cannot load curent weapon state, id=0
SCRIPT       : [wpnfsm] Warning! OnStoreLoad - cannot load curent weapon state, id=0
SCRIPT       : [wpnfsm] Warning! OnStoreLoad - cannot load curent weapon state, id=0
SCRIPT       : Magazine mag = NULL
SCRIPT       : [wpnfsm] Warning! OnStoreLoad - cannot load curent weapon state, id=0
SCRIPT       : [wpnfsm] Warning! OnStoreLoad - cannot load curent weapon state, id=0
SCRIPT       : [wpnfsm] Warning! OnStoreLoad - cannot load curent weapon state, id=0
SCRIPT       : [wpnfsm] Warning! OnStoreLoad - cannot load curent weapon state, id=0
SCRIPT       : [wpnfsm] Warning! OnStoreLoad - cannot load curent weapon state, id=0
SCRIPT       : [wpnfsm] Warning! OnStoreLoad - cannot load curent weapon state, id=0
SCRIPT       : [wpnfsm] Warning! OnStoreLoad - cannot load curent weapon state, id=0
SCRIPT       : [wpnfsm] Warning! OnStoreLoad - cannot load curent weapon state, id=0
SCRIPT       : [wpnfsm] Warning! OnStoreLoad - cannot load curent weapon state, id=0
SCRIPT       : [wpnfsm] Warning! OnStoreLoad - cannot load curent weapon state, id=0
SCRIPT       : [wpnfsm] Warning! OnStoreLoad - cannot load curent weapon state, id=0
SCRIPT       : [wpnfsm] Warning! OnStoreLoad - cannot load curent weapon state, id=0
SCRIPT       : [wpnfsm] Warning! OnStoreLoad - cannot load curent weapon state, id=0
SCRIPT       : [wpnfsm] Warning! OnStoreLoad - cannot load curent weapon state, id=0
SCRIPT       : [wpnfsm] Warning! OnStoreLoad - cannot load curent weapon state, id=0
SCRIPT       : [wpnfsm] Warning! OnStoreLoad - cannot load curent weapon state, id=0
SCRIPT       : [wpnfsm] Warning! OnStoreLoad - cannot load curent weapon state, id=0
SCRIPT       : [wpnfsm] Warning! OnStoreLoad - cannot load curent weapon state, id=0
SCRIPT       : Magazine mag = NULL
SCRIPT       : file exist ! loading...
SCRIPT       : file exist ! loading...
SCRIPT       : file exist ! loading...
SCRIPT       : file exist ! loading...
SCRIPT       : file exist ! loading...
SCRIPT       : Chernarus::Weather::Rain::ForceEnd:: ( 8.47804 ) 0 -> 0
SCRIPT       : Chernarus::Weather::Rain::ForceEnd:: ( 8.54473 ) 0 -> 0
SCRIPT       : Chernarus::Weather::Rain::ForceEnd:: ( 8.61143 ) 0 -> 0
SCRIPT       : Chernarus::Weather::Rain::ForceEnd:: ( 8.67813 ) 0 -> 0
SCRIPT       : Chernarus::Weather::Rain::ForceEnd:: ( 8.74482 ) 0 -> 0
SCRIPT       : Chernarus::Weather::Rain::ForceEnd:: ( 8.81152 ) 0 -> 0
SCRIPT       : Chernarus::Weather::Fog:: ( 8.87668 ) 0.011238
SCRIPT       : Chernarus::Weather::Rain::ForceEnd:: ( 8.87822 ) 0 -> 0
SCRIPT       : Chernarus::Weather::Rain::ForceEnd:: ( 8.94491 ) 0 -> 0
SCRIPT       : Chernarus::Weather::Rain::ForceEnd:: ( 9.01161 ) 0 -> 0
SCRIPT       : Chernarus::Weather::Rain::ForceEnd:: ( 9.07831 ) 0 -> 0
SCRIPT       : Chernarus::Weather::Overcast:: ( 9.11937 )  overcast: 0.239046
SCRIPT       : Chernarus::Weather::Overcast::Rain:: ( 9.11937 ) 0
SCRIPT       : Chernarus::Weather::Rain::ForceEnd:: ( 9.145 ) 0 -> 0
SCRIPT       : Chernarus::Weather::Rain::ForceEnd:: ( 9.2117 ) 0 -> 0
SCRIPT       : Chernarus::Weather::Rain::ForceEnd:: ( 9.27839 ) 0 -> 0
SCRIPT       : Chernarus::Weather::Rain::ForceEnd:: ( 9.34509 ) 0 -> 0
SCRIPT       : Chernarus::Weather::Fog:: ( 9.38048 ) 0.0683004
SCRIPT       : Chernarus::Weather::Rain::ForceEnd:: ( 9.41178 ) 0 -> 0
SCRIPT       : Chernarus::Weather::Rain::ForceEnd:: ( 9.47848 ) 0 -> 0
SCRIPT       : Chernarus::Weather::Rain::ForceEnd:: ( 9.54517 ) 0 -> 0
SCRIPT       : Chernarus::Weather::Rain::ForceEnd:: ( 9.61187 ) 0 -> 0
SCRIPT       : Chernarus::Weather::Rain::ForceEnd:: ( 9.67856 ) 0 -> 0
SCRIPT       : Chernarus::Weather::Rain::ForceEnd:: ( 9.74526 ) 0 -> 0
SCRIPT       : Chernarus::Weather::Rain::ForceEnd:: ( 9.81195 ) 0 -> 0
SCRIPT       : Chernarus::Weather::Overcast:: ( 9.84986 )  overcast: 0.060976
SCRIPT       : Chernarus::Weather::Overcast::Rain:: ( 9.84986 ) 0
SCRIPT       : Chernarus::Weather::Rain::ForceEnd:: ( 9.87865 ) 0 -> 0
SCRIPT       : Chernarus::Weather::Fog:: ( 9.88197 ) 0.0785839
SCRIPT       : Chernarus::Weather::Rain::ForceEnd:: ( 9.94534 ) 0 -> 0
SCRIPT       : Chernarus::Weather::Rain::ForceEnd:: ( 10.012 ) 0 -> 0
SCRIPT       : DisableTemple() called...
SCRIPT       : Chernarus::Weather::Rain::ForceEnd:: ( 10.0787 ) 0 -> 0
SCRIPT       : Chernarus::Weather::Rain::ForceEnd:: ( 10.1454 ) 0 -> 0
SCRIPT       : Chernarus::Weather::Rain::ForceEnd:: ( 10.2121 ) 0 -> 0
SCRIPT       : Chernarus::Weather::Rain::ForceEnd:: ( 10.2788 ) 0 -> 0
SCRIPT       : Chernarus::Weather::Rain::ForceEnd:: ( 10.3455 ) 0 -> 0
SCRIPT       : Chernarus::Weather::Fog:: ( 10.3852 ) 0.0575278
SCRIPT       : Chernarus::Weather::Rain::ForceEnd:: ( 10.4122 ) 0 -> 0
SCRIPT       : Chernarus::Weather::Rain::ForceEnd:: ( 10.4789 ) 0 -> 0
SCRIPT       : Chernarus::Weather::Rain::ForceEnd:: ( 10.5456 ) 0 -> 0
SCRIPT       : Chernarus::Weather::Overcast:: ( 10.5759 )  overcast: 0.436637
SCRIPT       : Chernarus::Weather::Overcast::Rain:: ( 10.5759 ) 0
SCRIPT       : Chernarus::Weather::Rain::ForceEnd:: ( 10.6123 ) 0 -> 0
SCRIPT       : Chernarus::Weather::Rain::ForceEnd:: ( 10.679 ) 0 -> 0
SCRIPT       : Chernarus::Weather::Rain::ForceEnd:: ( 10.7457 ) 0 -> 0
SCRIPT       : Chernarus::Weather::Rain::ForceEnd:: ( 10.8124 ) 0 -> 0
SCRIPT       : Chernarus::Weather::Rain::ForceEnd:: ( 10.8791 ) 0 -> 0
SCRIPT       : [MoreDoors] MissionServer --> Sending instance of cfg to client: Mr Wolf
SCRIPT       : [FBF_Config] MissionServer --> Sending instance of cfg to client: Mr Wolf
SCRIPT       : [CP] -> Sucessfully sent: Mr Wolf CP Plus Config!
SCRIPT       : Chernarus::Weather::Rain::ForceEnd:: ( 10.9458 ) 0 -> 0
SCRIPT       : AnimSoundObjectBuilderBank: Invalid sound set "generalgrunt_SoundVoice_Char_SoundSet".
SCRIPT       : AnimSoundObjectBuilderBank: Invalid sound set "greathelmet_generalgrunt_SoundVoice_Char_SoundSet".
SCRIPT       : AnimSoundObjectBuilderBank: Invalid sound set "Gasmask_generalgrunt_SoundVoice_Char_SoundSet".
SCRIPT       : AnimSoundObjectBuilderBank: Invalid sound set "Motohelmet_generalgrunt_SoundVoice_Char_SoundSet".
SCRIPT       : AnimSoundObjectBuilderBank: Invalid sound set "Gag_generalgrunt_SoundVoice_Char_SoundSet".
SCRIPT       : ********* LoadStats loading version: 115
SCRIPT       : LOAD checksum:-1055511319
SCRIPT       : ---- PlayerBase OnStoreLoad SUCCESS ----
SCRIPT       : [EditorLoader] OnInvokeConnect
SCRIPT       : [Logout]: New player IAKLKM33p7NYLhkk5leT5VYzSRy1qFQhXQui2bdgnIY= with logout time 15
SCRIPT       : [emote] SurvivorM_Cyril:01 play emote id=14 IH=TWP_HoneyBadgerBlueWhite:028363
SCRIPT       : [EditorLoader] OnClientDisconnect
SCRIPT       : [Logout]: Player IAKLKM33p7NYLhkk5leT5VYzSRy1qFQhXQui2bdgnIY= finished
SCRIPT       : SAVE CHECKSUM:-1055511319
SCRIPT       : Chernarus::Weather::Rain::ForceEnd:: ( 11.0125 ) 0 -> 0
SCRIPT       : Chernarus::Weather::Rain::ForceEnd:: ( 11.0792 ) 0 -> 0
SCRIPT       : Chernarus::Weather::Rain::ForceEnd:: ( 11.1459 ) 0 -> 0
SCRIPT       : Chernarus::Weather::Rain::ForceEnd:: ( 11.2126 ) 0 -> 0
SCRIPT       : Chernarus::Weather::Rain::ForceEnd:: ( 11.2793 ) 0 -> 0
SCRIPT       : Chernarus::Weather::Overcast:: ( 11.3355 )  overcast: 0.519605
SCRIPT       : Chernarus::Weather::Overcast::Rain:: ( 11.3355 ) 0
SCRIPT       : Chernarus::Weather::Rain::ForceEnd:: ( 11.346 ) 0 -> 0
SCRIPT       : Chernarus::Weather::Fog:: ( 11.4008 ) 0.0467025
SCRIPT       : Chernarus::Weather::Rain::ForceEnd:: ( 11.4127 ) 0 -> 0
SCRIPT       : Chernarus::Weather::Rain::ForceEnd:: ( 11.4794 ) 0 -> 0
SCRIPT       : Chernarus::Weather::Rain::ForceEnd:: ( 11.5461 ) 0 -> 0
SCRIPT       : Chernarus::Weather::Rain::ForceEnd:: ( 11.6128 ) 0 -> 0
SCRIPT       : Chernarus::Weather::Rain::ForceEnd:: ( 11.6795 ) 0 -> 0
SCRIPT       : Chernarus::Weather::Rain::ForceEnd:: ( 11.7462 ) 0 -> 0
SCRIPT       : Chernarus::Weather::Rain::ForceEnd:: ( 11.8129 ) 0 -> 0
SCRIPT       : Chernarus::Weather::Rain::ForceEnd:: ( 11.8796 ) 0 -> 0
SCRIPT       : [MoreDoors] MissionServer --> Sending instance of cfg to client: Mr Wolf
SCRIPT       : [FBF_Config] MissionServer --> Sending instance of cfg to client: Mr Wolf
SCRIPT       : [CP] -> Sucessfully sent: Mr Wolf CP Plus Config!
SCRIPT       : ********* LoadStats loading version: 115
SCRIPT       : LOAD checksum:-1055511319
SCRIPT       : ---- PlayerBase OnStoreLoad SUCCESS ----
SCRIPT       : [EditorLoader] OnInvokeConnect
SCRIPT       : SAVE CHECKSUM:-1055511319
SCRIPT       : Chernarus::Weather::Rain::ForceEnd:: ( 11.9463 ) 0 -> 0
SCRIPT       : Chernarus::Weather::Rain::ForceEnd:: ( 12.013 ) 0 -> 0
SCRIPT       : SAVE CHECKSUM:-1055511319
SCRIPT       : Chernarus::Weather::Overcast:: ( 12.0309 )  overcast: 0.0548326
SCRIPT       : Chernarus::Weather::Overcast::Rain:: ( 12.0309 ) 0
SCRIPT       : Chernarus::Weather::Rain::ForceEnd:: ( 12.0796 ) 0 -> 0
SCRIPT       : SAVE CHECKSUM:-1055511319
SCRIPT       : Chernarus::Weather::Rain::ForceEnd:: ( 12.1463 ) 0 -> 0
SCRIPT       : SAVE CHECKSUM:-1055511319
SCRIPT       : Chernarus::Weather::Rain::ForceEnd:: ( 12.213 ) 0 -> 0
SCRIPT       : SAVE CHECKSUM:-1055511319
SCRIPT       : Chernarus::Weather::Rain::ForceEnd:: ( 12.2797 ) 0 -> 0
SCRIPT       : [Logout]: New player IAKLKM33p7NYLhkk5leT5VYzSRy1qFQhXQui2bdgnIY= with logout time 15
SCRIPT       : [emote] SurvivorM_Cyril:01 play emote id=14 IH=TWP_HoneyBadgerBlueWhite:031089
SCRIPT       : [EditorLoader] OnClientDisconnect
SCRIPT       : [Logout]: Player IAKLKM33p7NYLhkk5leT5VYzSRy1qFQhXQui2bdgnIY= finished
SCRIPT       : SAVE CHECKSUM:-1055511319
SCRIPT       : Chernarus::Weather::Rain::ForceEnd:: ( 12.3464 ) 0 -> 0
SCRIPT       : Chernarus::Weather::Rain::ForceEnd:: ( 12.4131 ) 0 -> 0
SCRIPT       : Chernarus::Weather::Fog:: ( 12.4161 ) 0.0420148
SCRIPT       : Chernarus::Weather::Rain::ForceEnd:: ( 12.4798 ) 0 -> 0
SCRIPT       : Chernarus::Weather::Rain::ForceEnd:: ( 12.5465 ) 0 -> 0
SCRIPT       : Chernarus::Weather::Rain::ForceEnd:: ( 12.6132 ) 0 -> 0
SCRIPT       : Chernarus::Weather::Rain::ForceEnd:: ( 12.6799 ) 0 -> 0
SCRIPT       : Chernarus::Weather::Overcast:: ( 12.7136 )  overcast: 0.0165532
SCRIPT       : Chernarus::Weather::Overcast::Rain:: ( 12.7136 ) 0
SCRIPT       : Chernarus::Weather::Rain::ForceEnd:: ( 12.7466 ) 0 -> 0
SCRIPT       : Chernarus::Weather::Rain::ForceEnd:: ( 12.8133 ) 0 -> 0
SCRIPT       : Chernarus::Weather::Rain::ForceEnd:: ( 12.88 ) 0 -> 0
SCRIPT       : Chernarus::Weather::Fog:: ( 12.9198 ) 0.021745
SCRIPT       : Chernarus::Weather::Rain::ForceEnd:: ( 12.9467 ) 0 -> 0
SCRIPT       : Chernarus::Weather::Rain::ForceEnd:: ( 13.0134 ) 0 -> 0
SCRIPT       : Chernarus::Weather::Rain::ForceEnd:: ( 13.0801 ) 0 -> 0
SCRIPT       : Chernarus::Weather::Rain::ForceEnd:: ( 13.1468 ) 0 -> 0
SCRIPT       : Chernarus::Weather::Rain::ForceEnd:: ( 13.2135 ) 0 -> 0
SCRIPT       : Chernarus::Weather::Rain::ForceEnd:: ( 13.2802 ) 0 -> 0
SCRIPT       : Chernarus::Weather::Rain::ForceEnd:: ( 13.3469 ) 0 -> 0
SCRIPT       : Chernarus::Weather::Rain::ForceEnd:: ( 13.4136 ) 0 -> 0
SCRIPT       : Chernarus::Weather::Fog:: ( 13.4234 ) 0.0618134
SCRIPT       : Chernarus::Weather::Rain::ForceEnd:: ( 13.4803 ) 0 -> 0
SCRIPT       : Chernarus::Weather::Overcast:: ( 13.5357 )  overcast: 0.101233
SCRIPT       : Chernarus::Weather::Overcast::Rain:: ( 13.5357 ) 0
SCRIPT       : Chernarus::Weather::Rain::ForceEnd:: ( 13.547 ) 0 -> 0
SCRIPT       : Chernarus::Weather::Rain::ForceEnd:: ( 13.6137 ) 0 -> 0
SCRIPT       : Chernarus::Weather::Rain::ForceEnd:: ( 13.6804 ) 0 -> 0
SCRIPT       : Chernarus::Weather::Rain::ForceEnd:: ( 13.7471 ) 0 -> 0
SCRIPT       : Chernarus::Weather::Rain::ForceEnd:: ( 13.8138 ) 0 -> 0
SCRIPT       : Chernarus::Weather::Rain::ForceEnd:: ( 13.8805 ) 0 -> 0
SCRIPT       : Chernarus::Weather::Fog:: ( 13.9271 ) 0.0753252
SCRIPT       : Chernarus::Weather::Rain::ForceEnd:: ( 13.9472 ) 0 -> 0
SCRIPT       : [MoreDoors] MissionServer --> Sending instance of cfg to client: Survivor
SCRIPT       : [FBF_Config] MissionServer --> Sending instance of cfg to client: Survivor
SCRIPT       : [CP] -> Sucessfully sent: Survivor CP Plus Config!
SCRIPT       : ********* LoadStats loading version: 115
SCRIPT       : LOAD checksum:-1055511319
SCRIPT       : ---- PlayerBase OnStoreLoad SUCCESS ----
SCRIPT       : [EditorLoader] OnInvokeConnect
SCRIPT       : Chernarus::Weather::Rain::ForceEnd:: ( 14.0138 ) 0 -> 0
SCRIPT       : SAVE CHECKSUM:-1055511319
SCRIPT       : [Logout]: New player Iupc603rEwXq7XO_xxNhQ6L1h5-fB0ScBjUNf_lKuL8= with logout time 15
SCRIPT       : [emote] SurvivorM_Cyril:01 play emote id=14 IH=Scout:026095
SCRIPT       : [Logout]: Player Iupc603rEwXq7XO_xxNhQ6L1h5-fB0ScBjUNf_lKuL8= cancelled
SCRIPT       : [Logout]: New player Iupc603rEwXq7XO_xxNhQ6L1h5-fB0ScBjUNf_lKuL8= with logout time 15
SCRIPT       : [emote] SurvivorM_Cyril:01 play emote id=14 IH=null
SCRIPT       : Chernarus::Weather::Rain::ForceEnd:: ( 14.0805 ) 0 -> 0
SCRIPT       : [EditorLoader] OnClientDisconnect
SCRIPT       : [Logout]: Player Iupc603rEwXq7XO_xxNhQ6L1h5-fB0ScBjUNf_lKuL8= finished
SCRIPT       : SAVE CHECKSUM:-1055511319
SCRIPT       : Chernarus::Weather::Rain::ForceEnd:: ( 14.1472 ) 0 -> 0
SCRIPT       : Chernarus::Weather::Overcast:: ( 14.16 )  overcast: 0.172948
SCRIPT       : Chernarus::Weather::Overcast::Rain:: ( 14.16 ) 0
SCRIPT       : Chernarus::Weather::Rain::ForceEnd:: ( 14.2139 ) 0 -> 0
SCRIPT       : Chernarus::Weather::Rain::ForceEnd:: ( 14.2806 ) 0 -> 0
SCRIPT       : Chernarus::Weather::Rain::ForceEnd:: ( 14.3473 ) 0 -> 0
SCRIPT       : Chernarus::Weather::Rain::ForceEnd:: ( 14.414 ) 0 -> 0
SCRIPT       : [MoreDoors] MissionServer --> Sending instance of cfg to client: Survivor
SCRIPT       : [FBF_Config] MissionServer --> Sending instance of cfg to client: Survivor
SCRIPT       : [CP] -> Sucessfully sent: Survivor CP Plus Config!
SCRIPT       : ********* LoadStats loading version: 115
SCRIPT       : LOAD checksum:-1055511319
SCRIPT       : ---- PlayerBase OnStoreLoad SUCCESS ----
SCRIPT       : [EditorLoader] OnInvokeConnect
SCRIPT       : Chernarus::Weather::Fog:: ( 14.4307 ) 0.0550475
SCRIPT       : Chernarus::Weather::Rain::ForceEnd:: ( 14.4807 ) 0 -> 0
SCRIPT       : SAVE CHECKSUM:-1055511319
SCRIPT       : [wpnfsm] Save occured in fsm transition! current state=WeaponCharging<94e00260> closes stable state=SCOUT_CLO_BU1_MA1<6803d580> id=3
SCRIPT       : [Logout]: New player Iupc603rEwXq7XO_xxNhQ6L1h5-fB0ScBjUNf_lKuL8= with logout time 15
SCRIPT       : [EditorLoader] OnClientDisconnect
SCRIPT       : [Logout]: Player Iupc603rEwXq7XO_xxNhQ6L1h5-fB0ScBjUNf_lKuL8= finished
SCRIPT       : SAVE CHECKSUM:-1055511319
SCRIPT       : ~PluginMCKLogs Closed
SCRIPT       : ~DayZGame()
