---------------------------------------------
Log C:\Program Files (x86)\Steam\steamapps\common\DayZServer\myprofile\script_2021-05-19_00-00-17.log started at 19.05. 00:00:17

SCRIPT       : Registered 240 temporary action enum(s), UAN==240
SCRIPT    (W): @"ToxicZone/scripts/3_Game/toxicconfig\config\staticzone\statictoxicareasettings.c,108": Missing ';' at the end of line
SCRIPT       : CF_CreateGame()
SCRIPT       : ... Backlit Effects Enabled
SCRIPT       : DZM_Projects Map! by DaOne
SCRIPT    (W): @"MuchStuffPack/MSP_Scripts/4_World/codelock\actions\actionraidcodelockonmsp.c,44": Missing ';' at the end of line
SCRIPT    (W): @"BuildAnywhere_v3/scripts/4_World/Entities/GardenBase/ісћѐьр*џ.rvmat,52": Missing ';' at the end of line
SCRIPT    (W): @"deerisle/Deerisle_Security_System/scripts/4_World/deerisle-security-system\config\securityconfig.c,49": Missing ';' at the end of line
SCRIPT    (W): @"BPGaz/scripts/ќѕ?юіаѕэёю.wsi,6": Missing ';' at the end of line
SCRIPT    (W): @"CannabisPlus/scripts/4_world/cannabisplus.c,391": Missing ';' at the end of line
SCRIPT    (W): @"ModularVestSystem/scripts/4_World/mvs_taco.c,19": Missing ';' at the end of line
SCRIPT    (W): @"BaseBuildingPlus/scripts/4_World/items\xmas_lights\bbp_xmaslights_9v.c,54": Missing ';' at the end of line
SCRIPT    (W): @"MuchStuffPack/MSP_Scripts/4_World/codelock\actions\actioninteractlockonmsp.c,71": Unsafe down-casting, use 'EntityAI.Cast' for safe down-casting
SCRIPT    (W): @"MuchStuffPack/MSP_Scripts/4_World/codelock\actions\actioninteractlockonmsp.c,85": Unsafe down-casting, use 'ItemBase.Cast' for safe down-casting
SCRIPT    (W): @"MuchStuffPack/MSP_Scripts/4_World/codelock\actions\actioninteractlockonmsp.c,90": Unsafe down-casting, use 'ItemBase.Cast' for safe down-casting
SCRIPT    (W): @"TraderPlus/scripts/4_World/classes\tradersystemhandler\helpers\traderplushelpers.c,65": Unsafe down-casting, use 'Magazine.Cast' for safe down-casting
SCRIPT    (W): @"TraderPlus/scripts/4_World/classes\tradersystemhandler\helpers\traderplushelpers.c,66": Unsafe down-casting, use 'Magazine.Cast' for safe down-casting
SCRIPT    (W): @"TraderPlus/scripts/4_World/classes\tradersystemhandler\helpers\traderplushelpers.c,71": Unsafe down-casting, use 'Magazine.Cast' for safe down-casting
SCRIPT    (W): @"TraderPlus/scripts/4_World/classes\tradersystemhandler\helpers\traderplushelpers.c,72": Unsafe down-casting, use 'Magazine.Cast' for safe down-casting
SCRIPT       : ::: [BuildAnywhere_v3_World<29caeb50>]: ver: 3.4.06.05.2021 init
SCRIPT    (W): @"LBmaster_UndergroundLighting/scripts/5_Mission/UndergroundLighting/mission/эѓљ*лњФы.rvmat,295": Unsafe down-casting, use 'PlayerBase.Cast' for safe down-casting
SCRIPT    (W): @"ZomBerry/AT/scripts/5_Mission/zomberrystockfnc.c,218": No need to use 'Cast' for up-casting
SCRIPT    (W): @"ZomBerry/AT/scripts/5_Mission/zomberrystockfnc.c,225": No need to use 'Cast' for up-casting
SCRIPT    (W): @"ZomBerry/AT/scripts/5_Mission/zomberrystockfnc.c,234": No need to use 'Cast' for up-casting
SCRIPT    (W): @"$CurrentDir:mpmissions\Expansion.deerisle\init.c,104": Unsafe down-casting, use 'ItemBase.Cast' for safe down-casting
SCRIPT    (W): @"$CurrentDir:mpmissions\Expansion.deerisle\init.c,106": Unsafe down-casting, use 'ItemBase.Cast' for safe down-casting
SCRIPT    (W): @"$CurrentDir:mpmissions\Expansion.deerisle\init.c,124": Unsafe down-casting, use 'ItemBase.Cast' for safe down-casting
SCRIPT    (W): @"$CurrentDir:mpmissions\Expansion.deerisle\init.c,126": Unsafe down-casting, use 'ItemBase.Cast' for safe down-casting
SCRIPT    (W): @"$CurrentDir:mpmissions\Expansion.deerisle\init.c,161": Unsafe down-casting, use 'ItemBase.Cast' for safe down-casting
SCRIPT    (W): @"$CurrentDir:mpmissions\Expansion.deerisle\init.c,164": Unsafe down-casting, use 'ItemBase.Cast' for safe down-casting
SCRIPT    (W): @"$CurrentDir:mpmissions\Expansion.deerisle\init.c,207": Unsafe down-casting, use 'ItemBase.Cast' for safe down-casting
SCRIPT    (W): @"$CurrentDir:mpmissions\Expansion.deerisle\init.c,211": Unsafe down-casting, use 'ItemBase.Cast' for safe down-casting
SCRIPT    (W): @"$CurrentDir:mpmissions\Expansion.deerisle\init.c,256": Unsafe down-casting, use 'ItemBase.Cast' for safe down-casting
SCRIPT    (W): @"$CurrentDir:mpmissions\Expansion.deerisle\init.c,291": Unsafe down-casting, use 'ItemBase.Cast' for safe down-casting
SCRIPT    (W): @"$CurrentDir:mpmissions\Expansion.deerisle\init.c,293": Unsafe down-casting, use 'ItemBase.Cast' for safe down-casting
SCRIPT    (W): @"$CurrentDir:mpmissions\Expansion.deerisle\init.c,296": Unsafe down-casting, use 'ItemBase.Cast' for safe down-casting
SCRIPT    (W): @"$CurrentDir:mpmissions\Expansion.deerisle\init.c,328": Unsafe down-casting, use 'ItemBase.Cast' for safe down-casting
SCRIPT    (W): @"$CurrentDir:mpmissions\Expansion.deerisle\init.c,333": Unsafe down-casting, use 'ItemBase.Cast' for safe down-casting
SCRIPT    (W): @"$CurrentDir:mpmissions\Expansion.deerisle\init.c,369": Unsafe down-casting, use 'ItemBase.Cast' for safe down-casting
SCRIPT    (W): @"$CurrentDir:mpmissions\Expansion.deerisle\init.c,371": Unsafe down-casting, use 'ItemBase.Cast' for safe down-casting
SCRIPT    (W): @"$CurrentDir:mpmissions\Expansion.deerisle\init.c,374": Unsafe down-casting, use 'ItemBase.Cast' for safe down-casting
SCRIPT    (W): @"$CurrentDir:mpmissions\Expansion.deerisle\init.c,377": Unsafe down-casting, use 'ItemBase.Cast' for safe down-casting
SCRIPT    (W): @"$CurrentDir:mpmissions\Expansion.deerisle\init.c,411": Unsafe down-casting, use 'ItemBase.Cast' for safe down-casting
SCRIPT    (W): @"$CurrentDir:mpmissions\Expansion.deerisle\init.c,414": Unsafe down-casting, use 'ItemBase.Cast' for safe down-casting
SCRIPT    (W): @"$CurrentDir:mpmissions\Expansion.deerisle\init.c,417": Unsafe down-casting, use 'ItemBase.Cast' for safe down-casting
SCRIPT    (W): @"$CurrentDir:mpmissions\Expansion.deerisle\init.c,453": Unsafe down-casting, use 'ItemBase.Cast' for safe down-casting
SCRIPT    (W): @"$CurrentDir:mpmissions\Expansion.deerisle\init.c,457": Unsafe down-casting, use 'ItemBase.Cast' for safe down-casting
SCRIPT       : Init: PluginMCKLogs
SCRIPT       : Creating ModuleManager
SCRIPT       : CF_CreateWorld()
SCRIPT       : Inserted Module (HOST): EditorLoaderModule
SCRIPT       : Modules Loaded
SCRIPT       : 0 -> EditorLoaderModule
SCRIPT       : 19.05.2021 00:00:28 [ZomBerry]: Starting Server side v0.6.2
SCRIPT       : [AirdropSafezones] Settings classes created.
SCRIPT       : [AirdropSafezones.Load] Safezones file loaded & resaved.
SCRIPT       : [AirdropSettings] Settings classes created.
SCRIPT       : [AirdropSettings.Load] Settings file loaded & resaved.
SCRIPT       : GetDeerIsleBase()...
SCRIPT       : [BBP] 'BBP_Settings' found, loading...
SCRIPT       : [MCK_CarLockPickConfig] '$profile:MCK_CarLockPickConfig/CarLockPickConfig.json' found, loading existing config!
SCRIPT       : [MSP_Codelock_Config] '$profile:\CodeLock\MSP_CodeLockConfig.json' found, loading existing config!
SCRIPT       : 19.05.2021 00:00:28 [ZomBerryConfig]: INFO: Profile dir is: myprofile
SCRIPT       : 19.05.2021 00:00:28 [ZomBerryConfig]: INFO: Config files will be loaded from: myprofile
SCRIPT       : 19.05.2021 00:00:28 [ZomBerryLogger]: INFO: Will try to create ZomBerry log file in profile directory: myprofile\ZomBerry\
SCRIPT       : 19.05.2021 00:00:28 [ZomBerryLogger]: INFO: Switching to logfile: $profile:ZomBerry\ZomBerry_19-05-2021_00-00-28.log
SCRIPT       : [MoreDoorConfig] Server Cfg loading...
SCRIPT       : [MoreDoorConfig] '$profile:MoreDoors/MoorDoors_Settings.json' found, loading existing config!
SCRIPT       : [Notifications] OnInit
SCRIPT       : [Notifications] Loading Config
SCRIPT       : [CP] Config Sucessfully loaded!
SCRIPT       : [FBF_Config] Server Cfg loading...
SCRIPT       : [FBF_Config] '$profile:FBF_Config/FBFConfig.json' found, loading existing config!
SCRIPT       : [EditorLoader] OnMissionStart
SCRIPT       : [EditorLoader] File found: Bunkers2dot0.dze
SCRIPT       : [EditorLoader] Loaded $profile:/EditorFiles/Bunkers2dot0.dze
SCRIPT       : [EditorLoader] 58 created objects found
SCRIPT       : [EditorLoader] 1 deleted objects found
SCRIPT       : [EditorLoader] Deleting 1 buildings
SCRIPT       : [EditorLoader] Creating 58 buildings
SCRIPT       : [wpnfsm] Warning! OnStoreLoad - cannot load curent weapon state, id=0
SCRIPT       : [wpnfsm] Warning! OnStoreLoad - cannot load curent weapon state, id=0
SCRIPT       : [wpnfsm] Warning! OnStoreLoad - cannot load curent weapon state, id=0
SCRIPT       : [wpnfsm] Warning! OnStoreLoad - cannot load curent weapon state, id=0
SCRIPT       : [wpnfsm] Warning! OnStoreLoad - cannot load curent weapon state, id=0
SCRIPT       : [wpnfsm] Warning! OnStoreLoad - cannot load curent weapon state, id=0
SCRIPT       : [wpnfsm] Warning! OnStoreLoad - cannot load curent weapon state, id=0
SCRIPT       : [wpnfsm] Warning! OnStoreLoad - cannot load curent weapon state, id=0
SCRIPT       : [wpnfsm] Warning! OnStoreLoad - cannot load curent weapon state, id=0
SCRIPT       : file exist ! loading...
SCRIPT       : file exist ! loading...
SCRIPT       : file exist ! loading...
SCRIPT       : file exist ! loading...
SCRIPT       : file exist ! loading...
SCRIPT       : [MoreDoors] MissionServer --> Sending instance of cfg to client: Raider 2-2
SCRIPT       : [FBF_Config] MissionServer --> Sending instance of cfg to client: Raider 2-2
SCRIPT       : [CP] -> Sucessfully sent: Raider 2-2 CP Plus Config!
SCRIPT       : AnimSoundObjectBuilderBank: Invalid sound set "generalgrunt_SoundVoice_Char_SoundSet".
SCRIPT       : AnimSoundObjectBuilderBank: Invalid sound set "greathelmet_generalgrunt_SoundVoice_Char_SoundSet".
SCRIPT       : AnimSoundObjectBuilderBank: Invalid sound set "Gasmask_generalgrunt_SoundVoice_Char_SoundSet".
SCRIPT       : AnimSoundObjectBuilderBank: Invalid sound set "Motohelmet_generalgrunt_SoundVoice_Char_SoundSet".
SCRIPT       : AnimSoundObjectBuilderBank: Invalid sound set "Gag_generalgrunt_SoundVoice_Char_SoundSet".
SCRIPT       : ********* LoadStats loading version: 115
SCRIPT       : LOAD checksum:9946578
SCRIPT       : ---- PlayerBase OnStoreLoad SUCCESS ----
SCRIPT       : [EditorLoader] OnInvokeConnect
SCRIPT       : Chernarus::Weather::Rain::ForceEnd:: ( 15.792 ) 0 -> 0
SCRIPT       : [MoreDoors] MissionServer --> Sending instance of cfg to client: Skif
SCRIPT       : [FBF_Config] MissionServer --> Sending instance of cfg to client: Skif
SCRIPT       : [CP] -> Sucessfully sent: Skif CP Plus Config!
SCRIPT       : ********* LoadStats loading version: 115
SCRIPT       : LOAD checksum:9946578
SCRIPT       : ---- PlayerBase OnStoreLoad SUCCESS ----
SCRIPT       : [EditorLoader] OnInvokeConnect
SCRIPT       : SAVE CHECKSUM:9946578
SCRIPT       : SAVE CHECKSUM:9946578
SCRIPT       : [MoreDoors] MissionServer --> Sending instance of cfg to client: Blue
SCRIPT       : [FBF_Config] MissionServer --> Sending instance of cfg to client: Blue
SCRIPT       : [CP] -> Sucessfully sent: Blue CP Plus Config!
SCRIPT       : Chernarus::Weather::Rain::ForceEnd:: ( 15.8587 ) 0 -> 0
SCRIPT       : ********* LoadStats loading version: 115
SCRIPT       : LOAD checksum:9946578
SCRIPT       : ---- PlayerBase OnStoreLoad SUCCESS ----
SCRIPT       : [EditorLoader] OnInvokeConnect
SCRIPT       : [MoreDoors] MissionServer --> Sending instance of cfg to client: Jimmy Nickels
SCRIPT       : [FBF_Config] MissionServer --> Sending instance of cfg to client: Jimmy Nickels
SCRIPT       : [CP] -> Sucessfully sent: Jimmy Nickels CP Plus Config!
SCRIPT       : ********* LoadStats loading version: 115
SCRIPT       : LOAD checksum:9946578
SCRIPT       : ---- PlayerBase OnStoreLoad SUCCESS ----
SCRIPT       : [EditorLoader] OnInvokeConnect
SCRIPT       : SAVE CHECKSUM:9946578
SCRIPT       : SAVE CHECKSUM:9946578
SCRIPT       : SAVE CHECKSUM:9946578
SCRIPT       : SAVE CHECKSUM:9946578
SCRIPT       : [MoreDoors] MissionServer --> Sending instance of cfg to client: Squirrel
SCRIPT       : [FBF_Config] MissionServer --> Sending instance of cfg to client: Squirrel
SCRIPT       : [CP] -> Sucessfully sent: Squirrel CP Plus Config!
SCRIPT       : OnVehicleSeatDriverEnter
SCRIPT       : ********* LoadStats loading version: 115
SCRIPT       : LOAD checksum:9946578
SCRIPT       : ---- PlayerBase OnStoreLoad SUCCESS ----
SCRIPT       : [wpnfsm] Warning! OnStoreLoad - cannot load curent weapon state, id=0
SCRIPT       : [EditorLoader] OnInvokeConnect
SCRIPT       : Chernarus::Weather::Rain::ForceEnd:: ( 15.9254 ) 0 -> 0
SCRIPT       : Chernarus::Weather::Fog:: ( 15.9258 ) 0.00821269
SCRIPT       : OnVehicleSeatDriverLeft
SCRIPT       : OnVehicleSeatDriverEnter
SCRIPT       : material = Bark_Birch; quantity = 1
SCRIPT       : material = WoodenStick; quantity = 1
SCRIPT       : material = WoodenStick; quantity = 1
SCRIPT       : material = LongWoodenStick; quantity = 1
SCRIPT       : SAVE CHECKSUM:9946578
SCRIPT       : SAVE CHECKSUM:9946578
SCRIPT       : SAVE CHECKSUM:9946578
SCRIPT       : SAVE CHECKSUM:9946578
SCRIPT       : SAVE CHECKSUM:9946578
SCRIPT       : Chernarus::Weather::Rain::ForceEnd:: ( 15.9921 ) 0 -> 0
SCRIPT       : Chernarus::Weather::Overcast:: ( 16.0411 )  overcast: 0.468001
SCRIPT       : Chernarus::Weather::Overcast::Rain:: ( 16.0411 ) 0
SCRIPT       : SAVE CHECKSUM:9946578
SCRIPT       : SAVE CHECKSUM:9946578
SCRIPT       : SAVE CHECKSUM:9946578
SCRIPT       : SAVE CHECKSUM:9946578
SCRIPT       : SAVE CHECKSUM:9946578
SCRIPT       : Chernarus::Weather::Rain::ForceEnd:: ( 16.0588 ) 0 -> 0
SCRIPT       : [inv] ReplaceItemWithNewLambdaBase Step B) remove OK, loc={ type=HANDS item=LongWoodenStick:04329 parent=SurvivorM_Quinn:04 }
SCRIPT       : 0.125
SCRIPT       : 0.1255
SCRIPT       : 0.1255
SCRIPT       : 0.126
SCRIPT       : 0.126
SCRIPT       : 0.126
SCRIPT       : 0.1265
SCRIPT       : 0.1265
SCRIPT       : 0.127
SCRIPT       : 0.127
SCRIPT       : 0.1275
SCRIPT       : 0.1275
SCRIPT       : 0.128
SCRIPT       : 0.128
SCRIPT       : 0.1285
SCRIPT       : 0.1285
SCRIPT       : 0.1285
SCRIPT       : Chernarus::Weather::Rain::ForceEnd:: ( 16.1255 ) 0 -> 0
SCRIPT       : 0.129
SCRIPT       : 0.129
SCRIPT       : 0.1295
SCRIPT       : 0.1295
SCRIPT       : SAVE CHECKSUM:9946578
SCRIPT       : SAVE CHECKSUM:9946578
SCRIPT       : SAVE CHECKSUM:9946578
SCRIPT       : SAVE CHECKSUM:9946578
SCRIPT       : SAVE id:9
SCRIPT       : SAVE id_bit_offset:4
SCRIPT       : SAVE write_result:7340176
SCRIPT       : SAVE CHECKSUM:9946578
SCRIPT       : 0.13
SCRIPT       : 0.13
SCRIPT       : 0.1305
SCRIPT       : 0.1305
SCRIPT       : 0.1305
SCRIPT       : 0.131
SCRIPT       : 0.131
SCRIPT       : 0.1315
SCRIPT       : 0.1315
SCRIPT       : 0.132
SCRIPT       : 0.132
SCRIPT       : 0.1325
SCRIPT       : 0.1325
SCRIPT       : 0.133
SCRIPT       : 0.133
SCRIPT       : 0.133
SCRIPT       : 0.1335
SCRIPT       : 0.1335
SCRIPT       : 0.134
SCRIPT       : 0.134
SCRIPT       : 0.1345
SCRIPT       : 0.1345
SCRIPT       : 0.135
SCRIPT       : 0.135
SCRIPT       : 0.135
SCRIPT       : 0.1355
SCRIPT       : 0.1355
SCRIPT       : 0.136
SCRIPT       : 0.136
SCRIPT       : 0.1365
SCRIPT       : 0.1365
SCRIPT       : 0.137
SCRIPT       : 0.137
SCRIPT       : 0.1375
SCRIPT       : 0.1375
SCRIPT       : 0.1375
SCRIPT       : Chernarus::Weather::Rain::ForceEnd:: ( 16.1922 ) 0 -> 0
SCRIPT       : 0.138
SCRIPT       : 0.138
SCRIPT       : 0.1385
SCRIPT       : 0.1385
SCRIPT       : 0.139
SCRIPT       : 0.139
SCRIPT       : 0.1395
SCRIPT       : 0.1395
SCRIPT       : SAVE CHECKSUM:9946578
SCRIPT       : SAVE CHECKSUM:9946578
SCRIPT       : SAVE CHECKSUM:9946578
SCRIPT       : SAVE CHECKSUM:9946578
SCRIPT       : SAVE CHECKSUM:9946578
SCRIPT       : 0.1395
SCRIPT       : 0.14
SCRIPT       : 0.14
SCRIPT       : 0.1405
SCRIPT       : 0.1405
SCRIPT       : 0.141
SCRIPT       : 0.141
SCRIPT       : 0.1415
SCRIPT       : 0.1415
SCRIPT       : 0.142
SCRIPT       : 0.142
SCRIPT       : 0.142
SCRIPT       : 0.1425
SCRIPT       : 0.1425
SCRIPT       : 0.143
SCRIPT       : 0.143
SCRIPT       : 0.1435
SCRIPT       : [inv] ReplaceItemWithNewLambdaBase Step B) remove OK, loc={ type=HANDS item=AmmoBox_308WinTracer_20Rnd:016106 parent=SurvivorM_Lewis:03 }
SCRIPT       : UnboxLambda::SetupNewMagazine new_item=Ammo_308WinTracer<41f72f90> count=20
SCRIPT       : 0.1435
SCRIPT       : 0.144
SCRIPT       : 0.144
SCRIPT       : 0.144
SCRIPT       : 0.1445
SCRIPT       : 0.1445
SCRIPT       : 0.145
SCRIPT       : 0.145
SCRIPT       : 0.1455
SCRIPT       : 0.1455
SCRIPT       : 0.146
SCRIPT       : 0.146
SCRIPT       : 0.1465
SCRIPT       : 0.1465
SCRIPT       : 0.1465
SCRIPT       : Chernarus::Weather::Rain::ForceEnd:: ( 16.2589 ) 0 -> 0
SCRIPT       : 0.147
SCRIPT       : 0.147
SCRIPT       : 0.1475
SCRIPT       : 0.1475
SCRIPT       : 0.148
SCRIPT       : 0.148
SCRIPT       : 0.1485
SCRIPT       : 0.1485
SCRIPT       : 0.1485
SCRIPT       : 0.149
SCRIPT       : 0.149
SCRIPT       : 0.1495
SCRIPT       : 0.1495
SCRIPT       : SAVE CHECKSUM:9946578
SCRIPT       : SAVE CHECKSUM:9946578
SCRIPT       : SAVE CHECKSUM:9946578
SCRIPT       : SAVE CHECKSUM:9946578
SCRIPT       : SAVE CHECKSUM:9946578
SCRIPT       : 0.15
SCRIPT       : 0.15
SCRIPT       : 0.1505
SCRIPT       : 0.1505
SCRIPT       : 0.151
SCRIPT       : 0.151
SCRIPT       : 0.151
SCRIPT       : 0.1515
SCRIPT       : 0.1515
SCRIPT       : 0.152
SCRIPT       : 0.152
SCRIPT       : 0.1525
SCRIPT       : 0.1525
SCRIPT       : 0.152
SCRIPT       : 0.151
SCRIPT       : 0.1505
SCRIPT       : 0.15
SCRIPT       : 0.149
SCRIPT       : 0.1485
SCRIPT       : 0.148
SCRIPT       : 0.147
SCRIPT       : 0.1465
SCRIPT       : 0.146
SCRIPT       : 0.145
SCRIPT       : 0.1445
SCRIPT       : 0.144
SCRIPT       : 0.143
SCRIPT       : Chernarus::Weather::Rain::ForceEnd:: ( 16.3256 ) 0 -> 0
SCRIPT       : 0.1425
SCRIPT       : 0.142
SCRIPT       : 0.141
SCRIPT       : 0.1405
SCRIPT       : 0.1395
SCRIPT       : 0.139
SCRIPT       : 0.1385
SCRIPT       : 0.1375
SCRIPT       : 0.137
SCRIPT       : 0.1365
SCRIPT       : 0.1355
SCRIPT       : 0.135
SCRIPT       : 0.1345
SCRIPT       : 0.1335
SCRIPT       : 0.133
SCRIPT       : 0.1325
SCRIPT       : 0.1315
SCRIPT       : 0.131
SCRIPT       : SAVE CHECKSUM:9946578
SCRIPT       : SAVE CHECKSUM:9946578
SCRIPT       : SAVE CHECKSUM:9946578
SCRIPT       : SAVE CHECKSUM:9946578
SCRIPT       : SAVE CHECKSUM:9946578
SCRIPT       : 0.1305
SCRIPT       : 0.1295
SCRIPT       : 0.129
SCRIPT       : 0.1285
SCRIPT       : 0.1275
SCRIPT       : 0.127
SCRIPT       : 0.126
SCRIPT       : 0.1255
SCRIPT       : 0.125
SCRIPT       : 0.124
SCRIPT       : 0.1235
SCRIPT       : 0.123
SCRIPT       : 0.122
SCRIPT       : 0.1215
SCRIPT       : 0.121
SCRIPT       : 0.12
SCRIPT       : 0.1195
SCRIPT       : 0.119
SCRIPT       : 0.118
SCRIPT       : 0.1175
SCRIPT       : 0.117
SCRIPT       : 0.116
SCRIPT       : Chernarus::Weather::Rain::ForceEnd:: ( 16.3923 ) 0 -> 0
SCRIPT       : 0.1155
SCRIPT       : 0.115
SCRIPT       : 0.114
SCRIPT       : 0.1135
SCRIPT       : 0.1125
SCRIPT       : 0.112
SCRIPT       : [emote] SurvivorM_Niki:02 play emote id=1 IH=AKM:028894
SCRIPT       : 0.1115
SCRIPT       : 0.1105
SCRIPT       : 0.11
