---------------------------------------------
Log C:\Program Files (x86)\Steam\steamapps\common\DayZServer\myprofile\script_2021-05-25_00-00-16.log started at 25.05. 00:00:16

SCRIPT       : Registered 240 temporary action enum(s), UAN==240
SCRIPT    (W): @"ToxicZone/scripts/3_Game/toxicconfig\config\staticzone\statictoxicareasettings.c,108": Missing ';' at the end of line
SCRIPT       : CF_CreateGame()
SCRIPT       : ... Backlit Effects Enabled
SCRIPT       : DZM_Projects Map! by DaOne
SCRIPT    (W): @"MuchStuffPack/MSP_Scripts/4_World/codelock\actions\actionraidcodelockonmsp.c,44": Missing ';' at the end of line
SCRIPT    (W): @"MunghardsItems/scripts/4_world/entities\itembase\sleepingbag.c,160": Missing ';' at the end of line
SCRIPT    (W): @"MunghardsItems/scripts/4_world/entities\itembase\itembase.c,13": Missing ';' at the end of line
SCRIPT    (W): @"MunghardsItems/scripts/4_world/entities\itembase\itembase.c,22": Missing ';' at the end of line
SCRIPT    (W): @"BuildAnywhere_v3/scripts/4_World/Entities/GardenBase/ісћѐьр*џ.rvmat,52": Missing ';' at the end of line
SCRIPT    (W): @"deerisle/Deerisle_Security_System/scripts/4_World/deerisle-security-system\config\securityconfig.c,49": Missing ';' at the end of line
SCRIPT    (W): @"BPGaz/scripts/ќѕ?юіаѕэёю.wsi,6": Missing ';' at the end of line
SCRIPT    (W): @"CannabisPlus/scripts/4_world/cannabisplus.c,391": Missing ';' at the end of line
SCRIPT    (W): @"ModularVestSystem/scripts/4_World/mvs_taco.c,19": Missing ';' at the end of line
SCRIPT    (W): @"BaseBuildingPlus/scripts/4_World/items\xmas_lights\bbp_xmaslights_9v.c,54": Missing ';' at the end of line
SCRIPT    (W): @"MuchStuffPack/MSP_Scripts/4_World/codelock\actions\actioninteractlockonmsp.c,71": Unsafe down-casting, use 'EntityAI.Cast' for safe down-casting
SCRIPT    (W): @"MuchStuffPack/MSP_Scripts/4_World/codelock\actions\actioninteractlockonmsp.c,85": Unsafe down-casting, use 'ItemBase.Cast' for safe down-casting
SCRIPT    (W): @"MuchStuffPack/MSP_Scripts/4_World/codelock\actions\actioninteractlockonmsp.c,90": Unsafe down-casting, use 'ItemBase.Cast' for safe down-casting
SCRIPT    (W): @"MunghardsItems/scripts/4_world/entities\itembase\ballgrill.c,349": Unsafe down-casting, use 'Edible_Base.Cast' for safe down-casting
SCRIPT    (W): @"MunghardsItems/scripts/4_world/entities\itembase\ballgrill.c,361": Unsafe down-casting, use 'Edible_Base.Cast' for safe down-casting
SCRIPT    (W): @"MunghardsItems/scripts/4_world/classes\useractionscomponent\actions\continuous\actionbuildmungcabin.c,34": Unsafe down-casting, use 'PlayerBase.Cast' for safe down-casting
SCRIPT    (W): @"MunghardsItems/scripts/4_world/entities\itembase\kv5.c,49": Unsafe down-casting, use 'PlayerBase.Cast' for safe down-casting
SCRIPT    (W): @"TraderPlus/scripts/4_World/classes\tradersystemhandler\helpers\traderplushelpers.c,65": Unsafe down-casting, use 'Magazine.Cast' for safe down-casting
SCRIPT    (W): @"TraderPlus/scripts/4_World/classes\tradersystemhandler\helpers\traderplushelpers.c,66": Unsafe down-casting, use 'Magazine.Cast' for safe down-casting
SCRIPT    (W): @"TraderPlus/scripts/4_World/classes\tradersystemhandler\helpers\traderplushelpers.c,71": Unsafe down-casting, use 'Magazine.Cast' for safe down-casting
SCRIPT    (W): @"TraderPlus/scripts/4_World/classes\tradersystemhandler\helpers\traderplushelpers.c,72": Unsafe down-casting, use 'Magazine.Cast' for safe down-casting
SCRIPT    (W): @"WRDG/Notes/Scripts/4_World/classes\writtennotedata.c,93": Unsafe down-casting, use 'PlayerBase.Cast' for safe down-casting
SCRIPT       : ::: [BuildAnywhere_v3_World<2a06d7c0>]: ver: 3.4.06.05.2021 init
SCRIPT    (W): @"LBmaster_UndergroundLighting/scripts/5_Mission/UndergroundLighting/mission/эѓљ*лњФы.rvmat,295": Unsafe down-casting, use 'PlayerBase.Cast' for safe down-casting
SCRIPT    (W): @"ZomBerry/AT/scripts/5_Mission/zomberrystockfnc.c,218": No need to use 'Cast' for up-casting
SCRIPT    (W): @"ZomBerry/AT/scripts/5_Mission/zomberrystockfnc.c,225": No need to use 'Cast' for up-casting
SCRIPT    (W): @"ZomBerry/AT/scripts/5_Mission/zomberrystockfnc.c,234": No need to use 'Cast' for up-casting
SCRIPT    (W): @"$CurrentDir:mpmissions\Expansion.deerisle\init.c,106": Unsafe down-casting, use 'ItemBase.Cast' for safe down-casting
SCRIPT    (W): @"$CurrentDir:mpmissions\Expansion.deerisle\init.c,108": Unsafe down-casting, use 'ItemBase.Cast' for safe down-casting
SCRIPT    (W): @"$CurrentDir:mpmissions\Expansion.deerisle\init.c,128": Unsafe down-casting, use 'ItemBase.Cast' for safe down-casting
SCRIPT    (W): @"$CurrentDir:mpmissions\Expansion.deerisle\init.c,130": Unsafe down-casting, use 'ItemBase.Cast' for safe down-casting
SCRIPT    (W): @"$CurrentDir:mpmissions\Expansion.deerisle\init.c,166": Unsafe down-casting, use 'ItemBase.Cast' for safe down-casting
SCRIPT    (W): @"$CurrentDir:mpmissions\Expansion.deerisle\init.c,169": Unsafe down-casting, use 'ItemBase.Cast' for safe down-casting
SCRIPT    (W): @"$CurrentDir:mpmissions\Expansion.deerisle\init.c,213": Unsafe down-casting, use 'ItemBase.Cast' for safe down-casting
SCRIPT    (W): @"$CurrentDir:mpmissions\Expansion.deerisle\init.c,217": Unsafe down-casting, use 'ItemBase.Cast' for safe down-casting
SCRIPT    (W): @"$CurrentDir:mpmissions\Expansion.deerisle\init.c,264": Unsafe down-casting, use 'ItemBase.Cast' for safe down-casting
SCRIPT    (W): @"$CurrentDir:mpmissions\Expansion.deerisle\init.c,301": Unsafe down-casting, use 'ItemBase.Cast' for safe down-casting
SCRIPT    (W): @"$CurrentDir:mpmissions\Expansion.deerisle\init.c,303": Unsafe down-casting, use 'ItemBase.Cast' for safe down-casting
SCRIPT    (W): @"$CurrentDir:mpmissions\Expansion.deerisle\init.c,306": Unsafe down-casting, use 'ItemBase.Cast' for safe down-casting
SCRIPT    (W): @"$CurrentDir:mpmissions\Expansion.deerisle\init.c,340": Unsafe down-casting, use 'ItemBase.Cast' for safe down-casting
SCRIPT    (W): @"$CurrentDir:mpmissions\Expansion.deerisle\init.c,345": Unsafe down-casting, use 'ItemBase.Cast' for safe down-casting
SCRIPT    (W): @"$CurrentDir:mpmissions\Expansion.deerisle\init.c,383": Unsafe down-casting, use 'ItemBase.Cast' for safe down-casting
SCRIPT    (W): @"$CurrentDir:mpmissions\Expansion.deerisle\init.c,385": Unsafe down-casting, use 'ItemBase.Cast' for safe down-casting
SCRIPT    (W): @"$CurrentDir:mpmissions\Expansion.deerisle\init.c,388": Unsafe down-casting, use 'ItemBase.Cast' for safe down-casting
SCRIPT    (W): @"$CurrentDir:mpmissions\Expansion.deerisle\init.c,391": Unsafe down-casting, use 'ItemBase.Cast' for safe down-casting
SCRIPT    (W): @"$CurrentDir:mpmissions\Expansion.deerisle\init.c,427": Unsafe down-casting, use 'ItemBase.Cast' for safe down-casting
SCRIPT    (W): @"$CurrentDir:mpmissions\Expansion.deerisle\init.c,430": Unsafe down-casting, use 'ItemBase.Cast' for safe down-casting
SCRIPT    (W): @"$CurrentDir:mpmissions\Expansion.deerisle\init.c,433": Unsafe down-casting, use 'ItemBase.Cast' for safe down-casting
SCRIPT    (W): @"$CurrentDir:mpmissions\Expansion.deerisle\init.c,471": Unsafe down-casting, use 'ItemBase.Cast' for safe down-casting
SCRIPT    (W): @"$CurrentDir:mpmissions\Expansion.deerisle\init.c,475": Unsafe down-casting, use 'ItemBase.Cast' for safe down-casting
SCRIPT       : Init: PluginMCKLogs
SCRIPT       : Creating ModuleManager
SCRIPT       : CF_CreateWorld()
SCRIPT       : Inserted Module (HOST): EditorLoaderModule
SCRIPT       : Modules Loaded
SCRIPT       : 0 -> EditorLoaderModule
SCRIPT       : 25.05.2021 00:00:27 [ZomBerry]: Starting Server side v0.6.2
SCRIPT       : [AirdropSafezones] Settings classes created.
SCRIPT       : [AirdropSafezones.Load] Safezones file loaded & resaved.
SCRIPT       : [AirdropSettings] Settings classes created.
SCRIPT       : [AirdropSettings.Load] Settings file loaded & resaved.
SCRIPT       : GetDeerIsleBase()...
SCRIPT       : [BBP] 'BBP_Settings' found, loading...
SCRIPT       : [MCK_CarLockPickConfig] '$profile:MCK_CarLockPickConfig/CarLockPickConfig.json' found, loading existing config!
SCRIPT       : [MSP_Codelock_Config] '$profile:\CodeLock\MSP_CodeLockConfig.json' found, loading existing config!
SCRIPT       : 25.05.2021 00:00:28 [ZomBerryConfig]: INFO: Profile dir is: myprofile
SCRIPT       : 25.05.2021 00:00:28 [ZomBerryConfig]: INFO: Config files will be loaded from: myprofile
SCRIPT       : 25.05.2021 00:00:28 [ZomBerryLogger]: INFO: Will try to create ZomBerry log file in profile directory: myprofile\ZomBerry\
SCRIPT       : 25.05.2021 00:00:28 [ZomBerryLogger]: INFO: Switching to logfile: $profile:ZomBerry\ZomBerry_25-05-2021_00-00-28.log
SCRIPT       : [MoreDoorConfig] Server Cfg loading...
SCRIPT       : [MoreDoorConfig] '$profile:MoreDoors/MoorDoors_Settings.json' found, loading existing config!
SCRIPT       : [Notifications] OnInit
SCRIPT       : [Notifications] Loading Config
SCRIPT       : [CP] Config Sucessfully loaded!
SCRIPT       : [FBF_Config] Server Cfg loading...
SCRIPT       : [FBF_Config] '$profile:FBF_Config/FBFConfig.json' found, loading existing config!
SCRIPT       : [EditorLoader] OnMissionStart
SCRIPT       : [EditorLoader] File found: QuickStop.dze
SCRIPT       : [EditorLoader] Loaded $profile:/EditorFiles/QuickStop.dze
SCRIPT       : [EditorLoader] 50 created objects found
SCRIPT       : [EditorLoader] 18 deleted objects found
SCRIPT       : [EditorLoader] Deleting 18 buildings
SCRIPT       : [EditorLoader] Creating 50 buildings
SCRIPT       : Magazine mag = NULL
SCRIPT       : [wpnfsm] Warning! OnStoreLoad - cannot load curent weapon state, id=0
SCRIPT       : Magazine mag = NULL
SCRIPT       : [wpnfsm] Warning! OnStoreLoad - cannot load curent weapon state, id=0
SCRIPT       : [wpnfsm] Warning! OnStoreLoad - cannot load curent weapon state, id=0
SCRIPT       : Magazine mag = NULL
SCRIPT       : [wpnfsm] Warning! OnStoreLoad - cannot load curent weapon state, id=0
SCRIPT       : Magazine mag = NULL
SCRIPT       : [wpnfsm] Warning! OnStoreLoad - cannot load curent weapon state, id=0
SCRIPT       : [wpnfsm] Warning! OnStoreLoad - cannot load curent weapon state, id=0
SCRIPT       : [wpnfsm] Warning! OnStoreLoad - cannot load curent weapon state, id=0
SCRIPT       : [wpnfsm] Warning! OnStoreLoad - cannot load curent weapon state, id=0
SCRIPT       : [wpnfsm] Warning! OnStoreLoad - cannot load curent weapon state, id=0
SCRIPT       : [wpnfsm] Warning! OnStoreLoad - cannot load curent weapon state, id=0
SCRIPT       : [wpnfsm] Warning! OnStoreLoad - cannot load curent weapon state, id=0
SCRIPT       : [wpnfsm] Warning! OnStoreLoad - cannot load curent weapon state, id=0
SCRIPT       : file exist ! loading...
SCRIPT       : file exist ! loading...
SCRIPT       : file exist ! loading...
SCRIPT       : file exist ! loading...
SCRIPT       : file exist ! loading...
SCRIPT       : Chernarus::Weather::Rain::ForceEnd:: ( 12.925 ) 0 -> 0
SCRIPT       : [MoreDoors] MissionServer --> Sending instance of cfg to client: Raider 2-2
SCRIPT       : [FBF_Config] MissionServer --> Sending instance of cfg to client: Raider 2-2
SCRIPT       : [CP] -> Sucessfully sent: Raider 2-2 CP Plus Config!
SCRIPT       : AnimSoundObjectBuilderBank: Invalid sound set "generalgrunt_SoundVoice_Char_SoundSet".
SCRIPT       : AnimSoundObjectBuilderBank: Invalid sound set "greathelmet_generalgrunt_SoundVoice_Char_SoundSet".
SCRIPT       : AnimSoundObjectBuilderBank: Invalid sound set "Gasmask_generalgrunt_SoundVoice_Char_SoundSet".
SCRIPT       : AnimSoundObjectBuilderBank: Invalid sound set "Motohelmet_generalgrunt_SoundVoice_Char_SoundSet".
SCRIPT       : AnimSoundObjectBuilderBank: Invalid sound set "Gag_generalgrunt_SoundVoice_Char_SoundSet".
SCRIPT       : ********* LoadStats loading version: 115
SCRIPT       : LOAD checksum:-1055511319
SCRIPT       : ---- PlayerBase OnStoreLoad SUCCESS ----
SCRIPT       : [EditorLoader] OnInvokeConnect
SCRIPT       : [MoreDoors] MissionServer --> Sending instance of cfg to client: Skif
SCRIPT       : [FBF_Config] MissionServer --> Sending instance of cfg to client: Skif
SCRIPT       : [CP] -> Sucessfully sent: Skif CP Plus Config!
SCRIPT       : ********* LoadStats loading version: 115
SCRIPT       : LOAD checksum:-1055511319
SCRIPT       : ---- PlayerBase OnStoreLoad SUCCESS ----
SCRIPT       : [wpnfsm] Warning! OnStoreLoad - cannot load curent weapon state, id=0
SCRIPT       : [EditorLoader] OnInvokeConnect
SCRIPT       : [MoreDoors] MissionServer --> Sending instance of cfg to client: Blue
SCRIPT       : [FBF_Config] MissionServer --> Sending instance of cfg to client: Blue
SCRIPT       : [CP] -> Sucessfully sent: Blue CP Plus Config!
SCRIPT       : [MoreDoors] MissionServer --> Sending instance of cfg to client: Trenton17B
SCRIPT       : [FBF_Config] MissionServer --> Sending instance of cfg to client: Trenton17B
SCRIPT       : [CP] -> Sucessfully sent: Trenton17B CP Plus Config!
SCRIPT       : ********* LoadStats loading version: 115
SCRIPT       : LOAD checksum:-1055511319
SCRIPT       : ---- PlayerBase OnStoreLoad SUCCESS ----
SCRIPT       : [EditorLoader] OnInvokeConnect
SCRIPT       : ********* LoadStats loading version: 115
SCRIPT       : LOAD checksum:-1055511319
SCRIPT       : ---- PlayerBase OnStoreLoad SUCCESS ----
SCRIPT       : [EditorLoader] OnInvokeConnect
SCRIPT       : SAVE CHECKSUM:-1055511319
SCRIPT       : SAVE CHECKSUM:-1055511319
SCRIPT       : SAVE CHECKSUM:-1055511319
SCRIPT       : SAVE CHECKSUM:-1055511319
SCRIPT       : Chernarus::Weather::Rain::ForceEnd:: ( 12.9917 ) 0 -> 0
SCRIPT       : [MoreDoors] MissionServer --> Sending instance of cfg to client: alexios
SCRIPT       : [FBF_Config] MissionServer --> Sending instance of cfg to client: alexios
SCRIPT       : [CP] -> Sucessfully sent: alexios CP Plus Config!
SCRIPT       : ********* LoadStats loading version: 115
SCRIPT       : LOAD checksum:-1055511319
SCRIPT       : ---- PlayerBase OnStoreLoad SUCCESS ----
SCRIPT       : [wpnfsm] Warning! OnStoreLoad - cannot load curent weapon state, id=0
SCRIPT       : [EditorLoader] OnInvokeConnect
SCRIPT       : Chernarus::Weather::Rain::ForceEnd:: ( 13.0584 ) 0 -> 0
SCRIPT       : SAVE CHECKSUM:-1055511319
SCRIPT       : SAVE CHECKSUM:-1055511319
SCRIPT       : SAVE CHECKSUM:-1055511319
SCRIPT       : SAVE CHECKSUM:-1055511319
SCRIPT       : SAVE CHECKSUM:-1055511319
SCRIPT       : Chernarus::Weather::Rain::ForceEnd:: ( 13.1251 ) 0 -> 0
SCRIPT       : [Logout]: New player MVPVPec7vKQmNerpqVH-rYBrTlU8iLkcOj3kiEBzLdU= with logout time 15
SCRIPT       : [EditorLoader] OnClientDisconnect
SCRIPT       : [Logout]: Player MVPVPec7vKQmNerpqVH-rYBrTlU8iLkcOj3kiEBzLdU= finished
SCRIPT       : SAVE CHECKSUM:-1055511319
SCRIPT       : SAVE CHECKSUM:-1055511319
SCRIPT       : SAVE CHECKSUM:-1055511319
SCRIPT       : SAVE CHECKSUM:-1055511319
SCRIPT       : SAVE CHECKSUM:-1055511319
SCRIPT       : [inv] ReplaceItemWithNewLambdaBase Step B) remove OK, loc={ type=HANDS item=TWP_AmmoBox_762x25_30Rnd:015727 parent=SurvivorM_Jose:05 }
SCRIPT       : UnboxLambda::SetupNewMagazine new_item=TWP_Ammo_762x25<40d73a50> count=30
SCRIPT       : [inv] ReplaceItemWithNewLambdaBase Step B) remove OK, loc={ type=HANDS item=AmmoBox_12gaSlug_10Rnd:032721 parent=SurvivorM_Jose:05 }
SCRIPT       : UnboxLambda::SetupNewMagazine new_item=Ammo_12gaSlug<40d78d80> count=10
SCRIPT       : Chernarus::Weather::Rain::ForceEnd:: ( 13.1918 ) 0 -> 0
SCRIPT       : SAVE CHECKSUM:-1055511319
SCRIPT       : SAVE CHECKSUM:-1055511319
SCRIPT       : SAVE CHECKSUM:-1055511319
SCRIPT       : SAVE CHECKSUM:-1055511319
SCRIPT       : [MoreDoors] MissionServer --> Sending instance of cfg to client: Trenton17B
SCRIPT       : [FBF_Config] MissionServer --> Sending instance of cfg to client: Trenton17B
SCRIPT       : [CP] -> Sucessfully sent: Trenton17B CP Plus Config!
SCRIPT       : ********* LoadStats loading version: 115
SCRIPT       : LOAD checksum:-1055511319
SCRIPT       : ---- PlayerBase OnStoreLoad SUCCESS ----
SCRIPT       : [EditorLoader] OnInvokeConnect
SCRIPT       : Chernarus::Weather::Rain::ForceEnd:: ( 13.2585 ) 0 -> 0
SCRIPT       : SAVE CHECKSUM:-1055511319
SCRIPT       : SAVE CHECKSUM:-1055511319
SCRIPT       : SAVE CHECKSUM:-1055511319
SCRIPT       : SAVE CHECKSUM:-1055511319
SCRIPT       : SAVE CHECKSUM:-1055511319
SCRIPT       : Chernarus::Weather::Rain::ForceEnd:: ( 13.3251 ) 0 -> 0
SCRIPT       : SAVE CHECKSUM:-1055511319
SCRIPT       : SAVE CHECKSUM:-1055511319
SCRIPT       : SAVE CHECKSUM:-1055511319
SCRIPT       : SAVE CHECKSUM:-1055511319
SCRIPT       : SAVE CHECKSUM:-1055511319
SCRIPT       : Chernarus::Weather::Rain::ForceEnd:: ( 13.3918 ) 0 -> 0
SCRIPT       : SAVE CHECKSUM:-1055511319
SCRIPT       : SAVE CHECKSUM:-1055511319
SCRIPT       : SAVE CHECKSUM:-1055511319
SCRIPT       : SAVE CHECKSUM:-1055511319
SCRIPT       : SAVE CHECKSUM:-1055511319
SCRIPT       : Chernarus::Weather::Rain::ForceEnd:: ( 13.4585 ) 0 -> 0
SCRIPT       : Chernarus::Weather::Overcast:: ( 13.4878 )  overcast: 0
SCRIPT       : Chernarus::Weather::Overcast::Rain:: ( 13.4878 ) 0
SCRIPT       : SAVE id:11
SCRIPT       : SAVE id_bit_offset:4
SCRIPT       : SAVE write_result:5374128
SCRIPT       : SAVE CHECKSUM:-1055511319
SCRIPT       : SAVE CHECKSUM:-1055511319
SCRIPT       : SAVE CHECKSUM:-1055511319
SCRIPT       : SAVE CHECKSUM:-1055511319
SCRIPT       : SAVE CHECKSUM:-1055511319
SCRIPT       : Chernarus::Weather::Rain::ForceEnd:: ( 13.5252 ) 0 -> 0
SCRIPT       : Chernarus::Weather::Fog:: ( 13.532 ) 0.0569441
SCRIPT       : GetStashedItem()
SCRIPT       : ItemBase item = SeaChest<a01cfa00>
SCRIPT       : [inv] ReplaceItemWithNewLambdaBase Step B) remove OK, loc={ type=GROUND item=UndergroundStash:025211 pos=(9821.78, 31.7055, 6760.12) dir=(0.0318412, 0.273898, -0.00907341, 0.961189) }
SCRIPT       : [inv] ReplaceItemWithNewLambdaBase Step B) remove OK, loc={ type=HANDS item=AmmoBox_357_20Rnd:032177 parent=SurvivorM_Taiki:01 }
SCRIPT       : UnboxLambda::SetupNewMagazine new_item=Ammo_357<92c86fe0> count=20
SCRIPT       : SAVE CHECKSUM:-1055511319
SCRIPT       : SAVE CHECKSUM:-1055511319
SCRIPT       : SAVE CHECKSUM:-1055511319
SCRIPT       : SAVE CHECKSUM:-1055511319
SCRIPT       : SAVE CHECKSUM:-1055511319
SCRIPT       : Chernarus::Weather::Rain::ForceEnd:: ( 13.5919 ) 0 -> 0
SCRIPT       : Chernarus::Weather::Rain::ForceEnd:: ( 13.6586 ) 0 -> 0
SCRIPT       : SAVE CHECKSUM:-1055511319
SCRIPT       : SAVE CHECKSUM:-1055511319
SCRIPT       : SAVE CHECKSUM:-1055511319
SCRIPT       : SAVE CHECKSUM:-1055511319
SCRIPT       : SAVE CHECKSUM:-1055511319
SCRIPT       : [Logout]: New player HT80BSK6nbyEUuqqNLGOG_NvUVWKXCYBk5YTFLCK4vU= with logout time 15
SCRIPT       : [emote] SurvivorM_Niki:02 play emote id=14 IH=null
SCRIPT       : [EditorLoader] OnClientDisconnect
SCRIPT       : [Logout]: Player HT80BSK6nbyEUuqqNLGOG_NvUVWKXCYBk5YTFLCK4vU= finished
SCRIPT       : SAVE CHECKSUM:-1055511319
SCRIPT       : Chernarus::Weather::Rain::ForceEnd:: ( 13.7253 ) 0 -> 0
SCRIPT       : SAVE CHECKSUM:-1055511319
SCRIPT       : SAVE CHECKSUM:-1055511319
SCRIPT       : SAVE CHECKSUM:-1055511319
SCRIPT       : SAVE CHECKSUM:-1055511319
SCRIPT       : [emote] SurvivorM_Taiki:01 play emote id=14 IH=TWP_AR15:032156
SCRIPT       : [MoreDoors] MissionServer --> Sending instance of cfg to client: [SCAV] Kovac_YT
SCRIPT       : [FBF_Config] MissionServer --> Sending instance of cfg to client: [SCAV] Kovac_YT
SCRIPT       : [CP] -> Sucessfully sent: [SCAV] Kovac_YT CP Plus Config!
SCRIPT       : [MoreDoors] MissionServer --> Sending instance of cfg to client: Squirrel
SCRIPT       : [FBF_Config] MissionServer --> Sending instance of cfg to client: Squirrel
SCRIPT       : [CP] -> Sucessfully sent: Squirrel CP Plus Config!
SCRIPT       : Chernarus::Weather::Rain::ForceEnd:: ( 13.792 ) 0 -> 0
SCRIPT       : ********* LoadStats loading version: 115
SCRIPT       : LOAD value:2294595
SCRIPT       : LOAD id:52
SCRIPT       : LOAD id_bit_offset:4
SCRIPT       : LOAD food_stage:3
SCRIPT       : LOAD checksum:-1055511319
SCRIPT       : ---- PlayerBase OnStoreLoad SUCCESS ----
SCRIPT       : [EditorLoader] OnInvokeConnect
SCRIPT       : ********* LoadStats loading version: 115
SCRIPT       : LOAD checksum:-1055511319
SCRIPT       : ---- PlayerBase OnStoreLoad SUCCESS ----
SCRIPT       : [EditorLoader] OnInvokeConnect
SCRIPT       : SAVE CHECKSUM:-1055511319
SCRIPT       : SAVE CHECKSUM:-1055511319
SCRIPT       : SAVE CHECKSUM:-1055511319
SCRIPT       : SAVE CHECKSUM:-1055511319
SCRIPT       : SAVE CHECKSUM:-1055511319
SCRIPT       : Chernarus::Weather::Rain::ForceEnd:: ( 13.8587 ) 0 -> 0
SCRIPT       : SAVE CHECKSUM:-1055511319
SCRIPT       : SAVE CHECKSUM:-1055511319
SCRIPT       : SAVE CHECKSUM:-1055511319
SCRIPT       : SAVE CHECKSUM:-1055511319
SCRIPT       : SAVE CHECKSUM:-1055511319
SCRIPT       : SAVE CHECKSUM:-1055511319
SCRIPT       : Chernarus::Weather::Rain::ForceEnd:: ( 13.9254 ) 0 -> 0
SCRIPT       : [inv] ReplaceItemWithNewLambdaBase Step B) remove OK, loc={ type=HANDS item=HeadlightH7_Box:031410 parent=SurvivorM_Jose:05 }
SCRIPT       : UnboxLambda::SetupNewItem new_item=HeadlightH7<7311bda0> count=1
SCRIPT       : [inv] ReplaceItemWithNewLambdaBase Step B) remove OK, loc={ type=HANDS item=AmmoBox_308WinTracer_20Rnd:032520 parent=SurvivorM_Lewis:03 }
SCRIPT       : UnboxLambda::SetupNewMagazine new_item=Ammo_308WinTracer<8b3d5830> count=20
SCRIPT       : [inv] ReplaceItemWithNewLambdaBase Step B) remove OK, loc={ type=HANDS item=AmmoBox_308Win_20Rnd:032523 parent=SurvivorM_Lewis:03 }
SCRIPT       : UnboxLambda::SetupNewMagazine new_item=Ammo_308Win<9ac49f50> count=20
SCRIPT       : { type=CARGO item=TraderPlus_Money_Euro500:09220 parent=USMCJacket_Woodland:017866 idx=0 row=0 col=0 f=false }
SCRIPT       : SAVE CHECKSUM:-1055511319
SCRIPT       : SAVE CHECKSUM:-1055511319
SCRIPT       : SAVE CHECKSUM:-1055511319
SCRIPT       : SAVE CHECKSUM:-1055511319
SCRIPT       : SAVE CHECKSUM:-1055511319
SCRIPT       : SAVE CHECKSUM:-1055511319
SCRIPT       : material = Bark_Oak; quantity = 1
SCRIPT       : [inv] ReplaceItemWithNewLambdaBase Step B) remove OK, loc={ type=HANDS item=HeadlightH7_Box:027029 parent=SurvivorM_Jose:05 }
SCRIPT       : UnboxLambda::SetupNewItem new_item=HeadlightH7<79a833a0> count=1
SCRIPT       : Chernarus::Weather::Rain::ForceEnd:: ( 13.9921 ) 0 -> 0
SCRIPT       : material = WoodenStick; quantity = 1
SCRIPT       : material = WoodenLog; quantity = 1
SCRIPT       : Chernarus::Weather::Fog:: ( 14.0356 ) 0.0569239
SCRIPT       : SAVE CHECKSUM:-1055511319
SCRIPT       : SAVE CHECKSUM:-1055511319
SCRIPT       : SAVE CHECKSUM:-1055511319
SCRIPT       : SAVE CHECKSUM:-1055511319
SCRIPT       : SAVE id:69
SCRIPT       : SAVE id_bit_offset:4
SCRIPT       : SAVE write_result:1967185
SCRIPT       : SAVE CHECKSUM:-1055511319
SCRIPT       : SAVE CHECKSUM:-1055511319
SCRIPT       : material = LongWoodenStick; quantity = 1
SCRIPT       : Chernarus::Weather::Rain::ForceEnd:: ( 14.0588 ) 0 -> 0
SCRIPT       : SAVE CHECKSUM:-1055511319
SCRIPT       : SAVE CHECKSUM:-1055511319
SCRIPT       : SAVE CHECKSUM:-1055511319
SCRIPT       : SAVE CHECKSUM:-1055511319
SCRIPT       : SAVE CHECKSUM:-1055511319
SCRIPT       : [wpnfsm] Save occured in fsm transition! current state=WeaponMagnumChambering<3f5b0e60> closes stable state=Magnum_Static_State<7b461140> id=0
SCRIPT       : SAVE CHECKSUM:-1055511319
SCRIPT       : Chernarus::Weather::Rain::ForceEnd:: ( 14.1255 ) 0 -> 0
SCRIPT       : [Logout]: New player XvanEKUhyxTkbzngpxDcoNyQwUXi4Yr-sLWO7uNg91M= with logout time 15
SCRIPT       : [emote] SurvivorM_Taiki:01 play emote id=14 IH=TWP_AR15:032156
SCRIPT       : [EditorLoader] OnClientDisconnect
SCRIPT       : [Logout]: Player XvanEKUhyxTkbzngpxDcoNyQwUXi4Yr-sLWO7uNg91M= finished
SCRIPT       : SAVE CHECKSUM:-1055511319
SCRIPT       : [emote] SurvivorM_Guo:06 play emote id=4 IH=Fwinkies:014561
SCRIPT       : [emote] SurvivorF_Keiko:02 play emote id=4 IH=null
SCRIPT       : SAVE id:84
SCRIPT       : SAVE id_bit_offset:4
SCRIPT       : SAVE write_result:12911936
SCRIPT       : SAVE CHECKSUM:-1055511319
SCRIPT       : SAVE CHECKSUM:-1055511319
SCRIPT       : SAVE CHECKSUM:-1055511319
SCRIPT       : SAVE id:80
SCRIPT       : SAVE id_bit_offset:4
SCRIPT       : SAVE write_result:17761536
SCRIPT       : SAVE CHECKSUM:-1055511319
SCRIPT       : SAVE CHECKSUM:-1055511319
SCRIPT       : Chernarus::Weather::Rain::ForceEnd:: ( 14.1922 ) 0 -> 0
SCRIPT       : [emote] SurvivorF_Keiko:02 play emote id=4 IH=null
SCRIPT       : Chernarus::Weather::Overcast:: ( 14.2292 )  overcast: 0.40799
SCRIPT       : Chernarus::Weather::Overcast::Rain:: ( 14.2292 ) 0
SCRIPT       : Chernarus::Weather::Rain::ForceEnd:: ( 14.2589 ) 0 -> 0
SCRIPT       : SAVE CHECKSUM:-1055511319
SCRIPT       : SAVE CHECKSUM:-1055511319
SCRIPT       : SAVE CHECKSUM:-1055511319
SCRIPT       : SAVE CHECKSUM:-1055511319
SCRIPT       : SAVE CHECKSUM:-1055511319
SCRIPT       : material = LongWoodenStick; quantity = 1
SCRIPT       : Chernarus::Weather::Rain::ForceEnd:: ( 14.3256 ) 0 -> 0
SCRIPT       : SAVE CHECKSUM:-1055511319
SCRIPT       : SAVE CHECKSUM:-1055511319
SCRIPT       : SAVE CHECKSUM:-1055511319
SCRIPT       : SAVE CHECKSUM:-1055511319
SCRIPT       : SAVE CHECKSUM:-1055511319
SCRIPT       : Chernarus::Weather::Rain::ForceEnd:: ( 14.3923 ) 0 -> 0
SCRIPT       : [emote] SurvivorF_Keiko:02 play emote id=4 IH=null
SCRIPT       : SAVE CHECKSUM:-1055511319
SCRIPT       : SAVE CHECKSUM:-1055511319
SCRIPT       : SAVE CHECKSUM:-1055511319
SCRIPT       : SAVE CHECKSUM:-1055511319
SCRIPT       : SAVE CHECKSUM:-1055511319
SCRIPT       : Chernarus::Weather::Rain::ForceEnd:: ( 14.459 ) 0 -> 0
SCRIPT       : SAVE CHECKSUM:-1055511319
SCRIPT       : SAVE CHECKSUM:-1055511319
SCRIPT       : SAVE CHECKSUM:-1055511319
SCRIPT       : SAVE CHECKSUM:-1055511319
SCRIPT       : SAVE CHECKSUM:-1055511319
SCRIPT       : Chernarus::Weather::Rain::ForceEnd:: ( 14.5257 ) 0 -> 0
SCRIPT       : [Logout]: New player MVPVPec7vKQmNerpqVH-rYBrTlU8iLkcOj3kiEBzLdU= with logout time 15
SCRIPT       : SAVE CHECKSUM:-1055511319
SCRIPT       : SAVE CHECKSUM:-1055511319
SCRIPT       : SAVE CHECKSUM:-1055511319
SCRIPT       : SAVE CHECKSUM:-1055511319
SCRIPT       : [EditorLoader] OnClientDisconnect
SCRIPT       : [Logout]: Player MVPVPec7vKQmNerpqVH-rYBrTlU8iLkcOj3kiEBzLdU= finished
SCRIPT       : SAVE CHECKSUM:-1055511319
SCRIPT       : [inv] ReplaceItemWithNewLambdaBase Step B) remove OK, loc={ type=HANDS item=NailBox:031551 parent=SurvivorM_Jose:05 }
SCRIPT       : UnboxLambda::SetupNewItem new_item=Nail<90539a70> count=70
SCRIPT       : Chernarus::Weather::Rain::ForceEnd:: ( 14.5924 ) 0 -> 0
SCRIPT       : SAVE CHECKSUM:-1055511319
SCRIPT       : SAVE CHECKSUM:-1055511319
SCRIPT       : SAVE CHECKSUM:-1055511319
SCRIPT       : SAVE CHECKSUM:-1055511319
SCRIPT       : Chernarus::Weather::Rain::ForceEnd:: ( 14.6591 ) 0 -> 0
SCRIPT       : material = WoodenLog; quantity = 1
SCRIPT       : material = WoodenLog; quantity = 1
SCRIPT       : material = WoodenLog; quantity = 1
SCRIPT       : SAVE CHECKSUM:-1055511319
SCRIPT       : SAVE CHECKSUM:-1055511319
SCRIPT       : SAVE CHECKSUM:-1055511319
SCRIPT       : SAVE CHECKSUM:-1055511319
SCRIPT       : Chernarus::Weather::Rain::ForceEnd:: ( 14.7258 ) 0 -> 0
SCRIPT       : SAVE CHECKSUM:-1055511319
SCRIPT       : SAVE CHECKSUM:-1055511319
SCRIPT       : SAVE CHECKSUM:-1055511319
SCRIPT       : SAVE CHECKSUM:-1055511319
SCRIPT       : Chernarus::Weather::Rain::ForceEnd:: ( 14.7925 ) 0 -> 0
SCRIPT       : material = WoodenLog; quantity = 1
SCRIPT       : material = WoodenLog; quantity = 1
SCRIPT       : Chernarus::Weather::Rain::ForceEnd:: ( 14.8592 ) 0 -> 0
SCRIPT       : SAVE CHECKSUM:-1055511319
SCRIPT       : SAVE CHECKSUM:-1055511319
SCRIPT       : SAVE CHECKSUM:-1055511319
SCRIPT       : SAVE CHECKSUM:-1055511319
SCRIPT       : material = WoodenLog; quantity = 1
SCRIPT       : Chernarus::Weather::Rain::ForceEnd:: ( 14.9259 ) 0 -> 0
SCRIPT       : SAVE CHECKSUM:-1055511319
SCRIPT       : SAVE CHECKSUM:-1055511319
SCRIPT       : SAVE CHECKSUM:-1055511319
SCRIPT       : SAVE CHECKSUM:-1055511319
SCRIPT       : OnVehicleSeatDriverEnter
SCRIPT       : Chernarus::Weather::Rain::ForceEnd:: ( 14.9926 ) 0 -> 0
SCRIPT       : Chernarus::Weather::Overcast:: ( 14.9991 )  overcast: 0.231755
SCRIPT       : Chernarus::Weather::Overcast::Rain:: ( 14.9991 ) 0
SCRIPT       : OnVehicleSeatDriverLeft
SCRIPT       : SAVE CHECKSUM:-1055511319
SCRIPT       : SAVE CHECKSUM:-1055511319
SCRIPT       : SAVE CHECKSUM:-1055511319
SCRIPT       : SAVE CHECKSUM:-1055511319
SCRIPT       : Chernarus::Weather::Fog:: ( 15.0506 ) 0.0569228
SCRIPT       : Chernarus::Weather::Rain::ForceEnd:: ( 15.0593 ) 0 -> 0
SCRIPT       : SAVE CHECKSUM:-1055511319
SCRIPT       : SAVE CHECKSUM:-1055511319
SCRIPT       : SAVE CHECKSUM:-1055511319
SCRIPT       : SAVE CHECKSUM:-1055511319
SCRIPT       : [inv] ReplaceItemWithNewLambdaBase Step B) remove OK, loc={ type=HANDS item=NailBox:031380 parent=SurvivorM_Lewis:03 }
SCRIPT       : UnboxLambda::SetupNewItem new_item=Nail<9fdb7450> count=70
SCRIPT       : [inv] ReplaceItemWithNewLambdaBase Step B) remove OK, loc={ type=HANDS item=NailBox:026573 parent=SurvivorM_Lewis:03 }
SCRIPT       : UnboxLambda::SetupNewItem new_item=Nail<a3808410> count=70
SCRIPT       : Chernarus::Weather::Rain::ForceEnd:: ( 15.126 ) 0 -> 0
SCRIPT       : SAVE CHECKSUM:-1055511319
SCRIPT       : SAVE CHECKSUM:-1055511319
SCRIPT       : SAVE CHECKSUM:-1055511319
SCRIPT       : SAVE CHECKSUM:-1055511319
SCRIPT       : material = WoodenLog; quantity = 1
SCRIPT       : Chernarus::Weather::Rain:: ( 15.1927 ) 0
SCRIPT    (E): NULL pointer to instance
Class:      'DayZPlayerInventory'
Function: 'ProccessInputData'
Stack trace:
scripts/4_World/systems\inventory\dayzplayerinventory.c:546
scripts/4_World/systems\inventory\dayzplayerinventory.c:1102
scripts/4_World/systems\inventory\dayzplayerinventory.c:448
SCRIPT       : material = WoodenLog; quantity = 1
SCRIPT       : Chernarus::Weather::Rain:: ( 15.2338 ) 0.199167
SCRIPT       : SAVE CHECKSUM:-1055511319
SCRIPT       : SAVE CHECKSUM:-1055511319
SCRIPT       : SAVE CHECKSUM:-1055511319
SCRIPT       : SAVE CHECKSUM:-1055511319
SCRIPT       : Chernarus::Weather::Rain:: ( 15.2782 ) 0.454122
SCRIPT       : [MoreDoors] MissionServer --> Sending instance of cfg to client: Skif
SCRIPT       : [FBF_Config] MissionServer --> Sending instance of cfg to client: Skif
SCRIPT       : [CP] -> Sucessfully sent: Skif CP Plus Config!
SCRIPT       : material = WoodenStick; quantity = 1
SCRIPT       : ********* LoadStats loading version: 115
SCRIPT       : LOAD checksum:-1055511319
SCRIPT       : ---- PlayerBase OnStoreLoad SUCCESS ----
SCRIPT       : [EditorLoader] OnInvokeConnect
SCRIPT       : SAVE CHECKSUM:-1055511319
SCRIPT       : SAVE CHECKSUM:-1055511319
SCRIPT       : SAVE CHECKSUM:-1055511319
SCRIPT       : SAVE CHECKSUM:-1055511319
SCRIPT       : SAVE CHECKSUM:-1055511319
SCRIPT       : Chernarus::Weather::Rain:: ( 15.3144 ) 0.452956
SCRIPT       : Magazine mag = NULL
SCRIPT       : Magazine mag = NULL
SCRIPT       : Magazine mag = NULL
SCRIPT       : Magazine mag = NULL
SCRIPT       : Magazine mag = NULL
SCRIPT       : [Logout]: New player HT80BSK6nbyEUuqqNLGOG_NvUVWKXCYBk5YTFLCK4vU= with logout time 15
SCRIPT       : [emote] SurvivorM_Niki:01 play emote id=14 IH=null
SCRIPT       : Chernarus::Weather::Rain::ForceStorm:: ( 15.3605 ) 0.629264 -> 0.963872
SCRIPT       : material = WoodenLog; quantity = 1
SCRIPT       : [EditorLoader] OnClientDisconnect
SCRIPT       : [Logout]: Player HT80BSK6nbyEUuqqNLGOG_NvUVWKXCYBk5YTFLCK4vU= finished
SCRIPT       : SAVE CHECKSUM:-1055511319
SCRIPT       : material = WoodenLog; quantity = 1
SCRIPT       : Chernarus::Weather::Rain::ForceStorm:: ( 15.3816 ) 0.963872 -> 0.827668
SCRIPT       : SAVE CHECKSUM:-1055511319
SCRIPT       : SAVE CHECKSUM:-1055511319
SCRIPT       : SAVE CHECKSUM:-1055511319
SCRIPT       : SAVE CHECKSUM:-1055511319
SCRIPT       : Chernarus::Weather::Rain::ForceStorm:: ( 15.4094 ) 0.827668 -> 0.943913
SCRIPT       : Chernarus::Weather::Rain::ForceStorm:: ( 15.4355 ) 0.942799 -> 0.947954
SCRIPT       : SAVE CHECKSUM:-1055511319
SCRIPT       : SAVE CHECKSUM:-1055511319
SCRIPT       : SAVE CHECKSUM:-1055511319
SCRIPT       : SAVE CHECKSUM:-1055511319
SCRIPT       : Chernarus::Weather::Rain::ForceStorm:: ( 15.4761 ) 0.947163 -> 0.94406
SCRIPT       : Chernarus::Weather::Rain::ForceStorm:: ( 15.5244 ) 0.94406 -> 0.938926
SCRIPT       : material = WoodenLog; quantity = 1
SCRIPT       : material = WoodenLog; quantity = 1
SCRIPT       : SAVE CHECKSUM:-1055511319
SCRIPT       : SAVE CHECKSUM:-1055511319
SCRIPT       : SAVE CHECKSUM:-1055511319
SCRIPT       : SAVE CHECKSUM:-1055511319
SCRIPT       : Chernarus::Weather::Rain::ForceStorm:: ( 15.5678 ) 0.939403 -> 0.871993
SCRIPT       : Chernarus::Weather::Rain::ForceStorm:: ( 15.6045 ) 0.872496 -> 0.868899
SCRIPT       : SAVE CHECKSUM:-1055511319
SCRIPT       : SAVE CHECKSUM:-1055511319
SCRIPT       : SAVE CHECKSUM:-1055511319
SCRIPT       : SAVE CHECKSUM:-1055511319
SCRIPT       : Chernarus::Weather::Rain::ForceStorm:: ( 15.6384 ) 0.868899 -> 0.826514
SCRIPT       : [inv] ReplaceItemWithNewLambdaBase Step B) remove OK, loc={ type=HANDS item=SardinesCan:023583 parent=SurvivorM_Jose:05 }
SCRIPT       : Chernarus::Weather::Rain::ForceStorm:: ( 15.6673 ) 0.826514 -> 0.826997
SCRIPT       : material = WoodenLog; quantity = 1
SCRIPT       : material = WoodenLog; quantity = 1
SCRIPT       : material = WoodenLog; quantity = 1
SCRIPT       : SAVE CHECKSUM:-1055511319
SCRIPT       : SAVE CHECKSUM:-1055511319
SCRIPT       : SAVE CHECKSUM:-1055511319
SCRIPT       : SAVE CHECKSUM:-1055511319
SCRIPT       : Chernarus::Weather::Rain::ForceStorm:: ( 15.7045 ) 0.826519 -> 0.833283
SCRIPT       : Chernarus::Weather::Rain::ForceStorm:: ( 15.7412 ) 0.833283 -> 0.906235
SCRIPT       : SAVE CHECKSUM:-1055511319
SCRIPT       : SAVE CHECKSUM:-1055511319
SCRIPT       : SAVE CHECKSUM:-1055511319
SCRIPT       : SAVE CHECKSUM:-1055511319
SCRIPT       : Chernarus::Weather::Rain::ForceStorm:: ( 15.759 ) 0.90578 -> 0.987878
SCRIPT       : Chernarus::Weather::Rain::ForceStorm:: ( 15.8001 ) 0.987878 -> 0.948869
SCRIPT       : Chernarus::Weather::Overcast:: ( 15.8062 )  overcast: 0.945543
SCRIPT       : Chernarus::Weather::Overcast::Rain:: ( 15.8062 ) 0.979418
SCRIPT       : material = WoodenLog; quantity = 1
SCRIPT       : Chernarus::Weather::Rain:: ( 15.8284 ) 0.948869
SCRIPT       : SAVE CHECKSUM:-1055511319
SCRIPT       : SAVE CHECKSUM:-1055511319
SCRIPT       : SAVE id:9
SCRIPT       : SAVE id_bit_offset:4
SCRIPT       : SAVE write_result:25886864
SCRIPT       : SAVE CHECKSUM:-1055511319
SCRIPT       : SAVE CHECKSUM:-1055511319
SCRIPT       : GetStashedItem()
SCRIPT       : ItemBase item = DryBag_Black<875ae0a0>
SCRIPT       : [inv] ReplaceItemWithNewLambdaBase Step B) remove OK, loc={ type=GROUND item=UndergroundStash:09718 pos=(4845.87, 1.80867, 10111.7) dir=(-1.09287e-10, 0.999997, -0.00250021, -4.37113e-08) }
SCRIPT       : GetStashedItem()
SCRIPT       : ItemBase item = SeaChest<83c8a640>
SCRIPT       : [inv] ReplaceItemWithNewLambdaBase Step B) remove OK, loc={ type=GROUND item=UndergroundStash:09153 pos=(4847.69, 1.80809, 10111.6) dir=(-1.09287e-10, 0.999997, -0.00250021, -4.37113e-08) }
SCRIPT       : Chernarus::Weather::Rain:: ( 15.859 ) 0.556682
SCRIPT       : GetStashedItem()
SCRIPT       : ItemBase item = SeaChest<83858160>
SCRIPT       : [inv] ReplaceItemWithNewLambdaBase Step B) remove OK, loc={ type=GROUND item=UndergroundStash:09058 pos=(4848.78, 1.80862, 10111.7) dir=(-1.09287e-10, 0.999997, -0.00250021, -4.37113e-08) }
SCRIPT       : material = WoodenLog; quantity = 1
SCRIPT       : material = WoodenLog; quantity = 1
SCRIPT       : Chernarus::Weather::Rain:: ( 15.8923 ) 0.605789
SCRIPT       : SAVE CHECKSUM:-1055511319
SCRIPT       : SAVE CHECKSUM:-1055511319
SCRIPT       : SAVE id:9
SCRIPT       : SAVE id_bit_offset:4
SCRIPT       : SAVE write_result:2621584
SCRIPT       : SAVE CHECKSUM:-1055511319
SCRIPT       : SAVE CHECKSUM:-1055511319
SCRIPT       : Chernarus::Weather::Rain:: ( 15.9212 ) 0.211921
SCRIPT       : material = WoodenLog; quantity = 1
SCRIPT       : Chernarus::Weather::Rain:: ( 15.9474 ) 0.288891
SCRIPT       : material = WoodenLog; quantity = 1
SCRIPT       : material = WoodenLog; quantity = 1
SCRIPT       : SAVE CHECKSUM:-1055511319
SCRIPT       : SAVE CHECKSUM:-1055511319
SCRIPT       : SAVE CHECKSUM:-1055511319
SCRIPT       : SAVE CHECKSUM:-1055511319
SCRIPT       : Chernarus::Weather::Rain::ForceEnd:: ( 15.9846 ) 0.123637 -> 0
SCRIPT       : Chernarus::Weather::Rain::ForceEnd:: ( 16.0513 ) 0 -> 0
SCRIPT       : SAVE CHECKSUM:-1055511319
SCRIPT       : SAVE CHECKSUM:-1055511319
SCRIPT       : SAVE CHECKSUM:-1055511319
SCRIPT       : SAVE CHECKSUM:-1055511319
SCRIPT       : Chernarus::Weather::Fog:: ( 16.0653 ) 0.133753
SCRIPT       : [Logout]: New player OAdpPkJP2Ps_W7h2ttR1bK23ekHCzrxw0mDT3zqLMdU= with logout time 15
SCRIPT       : [Logout]: New player p7qeSyX8z4eYU_ntAEIdkxneBQAcmHVr-nfzIicGftc= with logout time 15
SCRIPT       : [Logout]: New player dNltWElBg21tP8jBzA87aVZyuFTvx4hujP8j-blHbc8= with logout time 15
SCRIPT       : [Logout]: New player -HmjgSWSgNyTMjn7yZUUgvODhtbT6rA1XShMlHB4TUg= with logout time 15
SCRIPT       : [EditorLoader] OnClientDisconnect
SCRIPT       : [Logout]: Player OAdpPkJP2Ps_W7h2ttR1bK23ekHCzrxw0mDT3zqLMdU= finished
SCRIPT       : SAVE CHECKSUM:-1055511319
SCRIPT       : [EditorLoader] OnClientDisconnect
SCRIPT       : [Logout]: Player p7qeSyX8z4eYU_ntAEIdkxneBQAcmHVr-nfzIicGftc= finished
SCRIPT       : SAVE CHECKSUM:-1055511319
SCRIPT       : [EditorLoader] OnClientDisconnect
SCRIPT       : [Logout]: Player dNltWElBg21tP8jBzA87aVZyuFTvx4hujP8j-blHbc8= finished
SCRIPT       : SAVE CHECKSUM:-1055511319
SCRIPT       : [EditorLoader] OnClientDisconnect
SCRIPT       : [Logout]: Player -HmjgSWSgNyTMjn7yZUUgvODhtbT6rA1XShMlHB4TUg= finished
SCRIPT       : SAVE CHECKSUM:-1055511319
SCRIPT       : Chernarus::Weather::Rain::ForceEnd:: ( 16.118 ) 0 -> 0
SCRIPT       : Chernarus::Weather::Rain::ForceEnd:: ( 16.1847 ) 0 -> 0
SCRIPT       : Chernarus::Weather::Rain::ForceEnd:: ( 16.2514 ) 0 -> 0
SCRIPT       : Chernarus::Weather::Rain::ForceEnd:: ( 16.3181 ) 0 -> 0
SCRIPT       : Chernarus::Weather::Rain::ForceEnd:: ( 16.3848 ) 0 -> 0
SCRIPT       : Chernarus::Weather::Rain::ForceEnd:: ( 16.4515 ) 0 -> 0
SCRIPT       : Chernarus::Weather::Overcast:: ( 16.5089 )  overcast: 0.00835902
SCRIPT       : Chernarus::Weather::Overcast::Rain:: ( 16.5089 ) 0
SCRIPT       : Chernarus::Weather::Rain::ForceEnd:: ( 16.5182 ) 0 -> 0
SCRIPT       : Chernarus::Weather::Rain::ForceEnd:: ( 16.5848 ) 0 -> 0
SCRIPT       : Chernarus::Weather::Rain::ForceEnd:: ( 16.6515 ) 0 -> 0
SCRIPT       : Chernarus::Weather::Rain::ForceEnd:: ( 16.7182 ) 0 -> 0
SCRIPT       : Chernarus::Weather::Rain::ForceEnd:: ( 16.7849 ) 0 -> 0
SCRIPT       : Chernarus::Weather::Rain::ForceEnd:: ( 16.8516 ) 0 -> 0
SCRIPT       : Chernarus::Weather::Rain::ForceEnd:: ( 16.9183 ) 0 -> 0
SCRIPT       : Chernarus::Weather::Rain::ForceEnd:: ( 16.985 ) 0 -> 0
SCRIPT       : Chernarus::Weather::Rain::ForceEnd:: ( 17.0517 ) 0 -> 0
SCRIPT       : Chernarus::Weather::Fog:: ( 17.0773 ) 0.133753
SCRIPT       : Chernarus::Weather::Rain::ForceEnd:: ( 17.1184 ) 0 -> 0
SCRIPT       : Chernarus::Weather::Overcast:: ( 17.1473 )  overcast: 0.150371
SCRIPT       : Chernarus::Weather::Overcast::Rain:: ( 17.1473 ) 0
SCRIPT       : Chernarus::Weather::Rain::ForceEnd:: ( 17.1851 ) 0 -> 0
SCRIPT       : Chernarus::Weather::Rain::ForceEnd:: ( 17.2518 ) 0 -> 0
SCRIPT       : Chernarus::Weather::Rain::ForceEnd:: ( 17.3185 ) 0 -> 0
SCRIPT       : Chernarus::Weather::Rain::ForceEnd:: ( 17.3852 ) 0 -> 0
SCRIPT       : Chernarus::Weather::Rain::ForceEnd:: ( 17.4519 ) 0 -> 0
SCRIPT       : Chernarus::Weather::Rain::ForceEnd:: ( 17.5186 ) 0 -> 0
SCRIPT       : Chernarus::Weather::Fog:: ( 17.5781 ) 0.0658045
SCRIPT       : Chernarus::Weather::Rain::ForceEnd:: ( 17.5853 ) 0 -> 0
SCRIPT       : Chernarus::Weather::Rain::ForceEnd:: ( 17.652 ) 0 -> 0
SCRIPT       : Chernarus::Weather::Rain::ForceEnd:: ( 17.7187 ) 0 -> 0
SCRIPT       : Chernarus::Weather::Rain::ForceEnd:: ( 17.7854 ) 0 -> 0
SCRIPT       : Chernarus::Weather::Rain::ForceEnd:: ( 17.8521 ) 0 -> 0
SCRIPT       : Chernarus::Weather::Overcast:: ( 17.8908 )  overcast: 0.598279
SCRIPT       : Chernarus::Weather::Overcast::Rain:: ( 17.8908 ) 0
SCRIPT       : Chernarus::Weather::Rain:: ( 17.9187 ) 0
SCRIPT       : Chernarus::Weather::Rain:: ( 18.4403 ) 0
SCRIPT       : Chernarus::Weather::Rain:: ( 18.7516 ) 0.199535
SCRIPT       : Chernarus::Weather::Rain:: ( 19.0434 ) 0.222489
SCRIPT       : Chernarus::Weather::Rain:: ( 19.269 ) 0.431709
SCRIPT       : Chernarus::Weather::Rain:: ( 19.6152 ) 0.529066
SCRIPT       : Chernarus::Weather::Rain:: ( 19.7903 ) 0.385799
SCRIPT       : Chernarus::Weather::Rain:: ( 20.5393 ) 0
SCRIPT       : Chernarus::Weather::Rain:: ( 20.7844 ) 0.273537
SCRIPT       : Chernarus::Weather::Rain:: ( 21.0373 ) 0.597439
SCRIPT       : Chernarus::Weather::Rain:: ( 21.7747 ) 0
SCRIPT       : Chernarus::Weather::Rain:: ( 22.3809 ) 0
SCRIPT       : Chernarus::Weather::Fog:: ( 22.5155 ) 0.0102297
SCRIPT       : Chernarus::Weather::Rain:: ( 22.7271 ) 0.383868
SCRIPT       : Chernarus::Weather::Overcast:: ( 22.7537 )  overcast: 0.803803
SCRIPT       : Chernarus::Weather::Overcast::Rain:: ( 22.7537 ) 0.351475
SCRIPT       : Chernarus::Weather::Rain:: ( 23.5071 ) 0
SCRIPT       : Chernarus::Weather::Rain:: ( 23.7716 ) 0.20452
SCRIPT       : Chernarus::Weather::Rain:: ( 23.9778 ) 0.118458
SCRIPT       : Chernarus::Weather::Rain:: ( 0.320149 ) 0.129322
SCRIPT       : Chernarus::Weather::Rain::ForceEnd:: ( 1.13097 ) 0 -> 0
SCRIPT       : Chernarus::Weather::Rain::ForceEnd:: ( 1.59785 ) 0 -> 0
SCRIPT       : Chernarus::Weather::Rain::ForceEnd:: ( 2.06473 ) 0 -> 0
SCRIPT       : Chernarus::Weather::Rain::ForceEnd:: ( 2.53161 ) 0 -> 0
SCRIPT       : Chernarus::Weather::Rain::ForceEnd:: ( 2.99848 ) 0 -> 0
SCRIPT       : Chernarus::Weather::Rain::ForceEnd:: ( 3.46536 ) 0 -> 0
SCRIPT       : Chernarus::Weather::Rain::ForceEnd:: ( 3.93224 ) 0 -> 0
SCRIPT       : Chernarus::Weather::Overcast:: ( 4.01904 )  overcast: 0.537468
SCRIPT       : Chernarus::Weather::Overcast::Rain:: ( 4.01904 ) 0
SCRIPT       : Chernarus::Weather::Rain::ForceEnd:: ( 4.39911 ) 0 -> 0
SCRIPT       : Chernarus::Weather::Rain::ForceEnd:: ( 4.86599 ) 0 -> 0
SCRIPT       : Chernarus::Weather::Rain::ForceEnd:: ( 5.33287 ) 0 -> 0
SCRIPT       : Chernarus::Weather::Fog:: ( 5.62407 ) 0.0820566
SCRIPT       : Chernarus::Weather::Rain::ForceEnd:: ( 5.79974 ) 0 -> 0
SCRIPT       : Chernarus::Weather::Rain::ForceEnd:: ( 6.203 ) 0 -> 0
SCRIPT       : Chernarus::Weather::Rain::ForceEnd:: ( 6.26969 ) 0 -> 0
SCRIPT       : Chernarus::Weather::Rain::ForceEnd:: ( 6.33639 ) 0 -> 0
SCRIPT       : Chernarus::Weather::Rain::ForceEnd:: ( 6.40309 ) 0 -> 0
SCRIPT       : Chernarus::Weather::Rain::ForceEnd:: ( 6.46978 ) 0 -> 0
SCRIPT       : Chernarus::Weather::Rain::ForceEnd:: ( 6.53647 ) 0 -> 0
SCRIPT       : Chernarus::Weather::Rain::ForceEnd:: ( 6.60317 ) 0 -> 0
SCRIPT       : Chernarus::Weather::Overcast:: ( 6.6121 )  overcast: 0.149602
SCRIPT       : Chernarus::Weather::Overcast::Rain:: ( 6.6121 ) 0
SCRIPT       : Chernarus::Weather::Fog:: ( 6.615 ) 0.0685437
SCRIPT       : Chernarus::Weather::Rain::ForceEnd:: ( 6.66986 ) 0 -> 0
SCRIPT       : Chernarus::Weather::Rain::ForceEnd:: ( 6.73656 ) 0 -> 0
SCRIPT       : Chernarus::Weather::Rain::ForceEnd:: ( 6.80325 ) 0 -> 0
SCRIPT       : Chernarus::Weather::Rain::ForceEnd:: ( 6.86995 ) 0 -> 0
SCRIPT       : Chernarus::Weather::Rain::ForceEnd:: ( 6.93664 ) 0 -> 0
SCRIPT       : Chernarus::Weather::Rain::ForceEnd:: ( 7.00334 ) 0 -> 0
SCRIPT       : Chernarus::Weather::Rain::ForceEnd:: ( 7.07004 ) 0 -> 0
SCRIPT       : Chernarus::Weather::Fog:: ( 7.11589 ) 0.025164
SCRIPT       : Chernarus::Weather::Rain::ForceEnd:: ( 7.13673 ) 0 -> 0
SCRIPT       : Chernarus::Weather::Rain::ForceEnd:: ( 7.20343 ) 0 -> 0
SCRIPT       : Chernarus::Weather::Rain::ForceEnd:: ( 7.27012 ) 0 -> 0
SCRIPT       : Chernarus::Weather::Rain::ForceEnd:: ( 7.33682 ) 0 -> 0
SCRIPT       : Chernarus::Weather::Overcast:: ( 7.35993 )  overcast: 0.424067
SCRIPT       : Chernarus::Weather::Overcast::Rain:: ( 7.35993 ) 0
SCRIPT       : Chernarus::Weather::Rain::ForceEnd:: ( 7.40351 ) 0 -> 0
SCRIPT       : Chernarus::Weather::Rain::ForceEnd:: ( 7.47021 ) 0 -> 0
SCRIPT       : Chernarus::Weather::Rain::ForceEnd:: ( 7.5369 ) 0 -> 0
SCRIPT       : Chernarus::Weather::Rain::ForceEnd:: ( 7.60359 ) 0 -> 0
SCRIPT       : Chernarus::Weather::Rain::ForceEnd:: ( 7.67029 ) 0 -> 0
SCRIPT       : Chernarus::Weather::Rain::ForceEnd:: ( 7.73698 ) 0 -> 0
SCRIPT       : Chernarus::Weather::Rain::ForceEnd:: ( 7.80368 ) 0 -> 0
SCRIPT       : Chernarus::Weather::Rain::ForceEnd:: ( 7.87037 ) 0 -> 0
SCRIPT       : Chernarus::Weather::Rain::ForceEnd:: ( 7.93707 ) 0 -> 0
SCRIPT       : Chernarus::Weather::Rain::ForceEnd:: ( 8.00376 ) 0 -> 0
SCRIPT       : Chernarus::Weather::Rain::ForceEnd:: ( 8.07046 ) 0 -> 0
SCRIPT       : Chernarus::Weather::Overcast:: ( 8.08922 )  overcast: 0.0577075
SCRIPT       : Chernarus::Weather::Overcast::Rain:: ( 8.08922 ) 0
SCRIPT       : Chernarus::Weather::Fog:: ( 8.1284 ) 0.03244
SCRIPT       : Chernarus::Weather::Rain::ForceEnd:: ( 8.13715 ) 0 -> 0
SCRIPT       : Chernarus::Weather::Rain::ForceEnd:: ( 8.20384 ) 0 -> 0
SCRIPT       : Chernarus::Weather::Rain::ForceEnd:: ( 8.27054 ) 0 -> 0
SCRIPT       : Chernarus::Weather::Rain::ForceEnd:: ( 8.33723 ) 0 -> 0
SCRIPT       : Chernarus::Weather::Rain::ForceEnd:: ( 8.40393 ) 0 -> 0
SCRIPT       : Chernarus::Weather::Rain::ForceEnd:: ( 8.47063 ) 0 -> 0
SCRIPT       : Chernarus::Weather::Rain::ForceEnd:: ( 8.53732 ) 0 -> 0
SCRIPT       : Chernarus::Weather::Rain::ForceEnd:: ( 8.60402 ) 0 -> 0
SCRIPT       : Chernarus::Weather::Fog:: ( 8.6306 ) 0.0238816
SCRIPT       : Chernarus::Weather::Rain::ForceEnd:: ( 8.67072 ) 0 -> 0
SCRIPT       : Chernarus::Weather::Rain::ForceEnd:: ( 8.73742 ) 0 -> 0
SCRIPT       : Chernarus::Weather::Rain::ForceEnd:: ( 8.80411 ) 0 -> 0
SCRIPT       : Chernarus::Weather::Rain::ForceEnd:: ( 8.87081 ) 0 -> 0
SCRIPT       : Chernarus::Weather::Overcast:: ( 8.88975 )  overcast: 0.480383
SCRIPT       : Chernarus::Weather::Overcast::Rain:: ( 8.88975 ) 0
SCRIPT       : Chernarus::Weather::Rain::ForceEnd:: ( 8.93751 ) 0 -> 0
SCRIPT       : Chernarus::Weather::Rain::ForceEnd:: ( 9.0042 ) 0 -> 0
SCRIPT       : Chernarus::Weather::Rain::ForceEnd:: ( 9.0709 ) 0 -> 0
SCRIPT       : Chernarus::Weather::Rain::ForceEnd:: ( 9.1376 ) 0 -> 0
SCRIPT       : Chernarus::Weather::Rain::ForceEnd:: ( 9.2043 ) 0 -> 0
SCRIPT       : Chernarus::Weather::Rain::ForceEnd:: ( 9.27099 ) 0 -> 0
SCRIPT       : Chernarus::Weather::Rain::ForceEnd:: ( 9.33769 ) 0 -> 0
SCRIPT       : Chernarus::Weather::Rain::ForceEnd:: ( 9.40439 ) 0 -> 0
SCRIPT       : Chernarus::Weather::Rain::ForceEnd:: ( 9.47108 ) 0 -> 0
SCRIPT       : Chernarus::Weather::Rain::ForceEnd:: ( 9.53778 ) 0 -> 0
SCRIPT       : Chernarus::Weather::Overcast:: ( 9.58509 )  overcast: 0.117832
SCRIPT       : Chernarus::Weather::Overcast::Rain:: ( 9.58509 ) 0
SCRIPT       : Chernarus::Weather::Rain::ForceEnd:: ( 9.60448 ) 0 -> 0
SCRIPT       : Chernarus::Weather::Fog:: ( 9.64614 ) 0.118734
SCRIPT       : Chernarus::Weather::Rain::ForceEnd:: ( 9.67118 ) 0 -> 0
SCRIPT       : Chernarus::Weather::Rain::ForceEnd:: ( 9.73787 ) 0 -> 0
SCRIPT       : Chernarus::Weather::Rain::ForceEnd:: ( 9.80457 ) 0 -> 0
SCRIPT       : Chernarus::Weather::Rain::ForceEnd:: ( 9.87127 ) 0 -> 0
SCRIPT       : Chernarus::Weather::Rain::ForceEnd:: ( 9.93796 ) 0 -> 0
SCRIPT       : Chernarus::Weather::Rain::ForceEnd:: ( 10.0047 ) 0 -> 0
SCRIPT       : Chernarus::Weather::Rain::ForceEnd:: ( 10.0714 ) 0 -> 0
SCRIPT       : Chernarus::Weather::Rain::ForceEnd:: ( 10.1381 ) 0 -> 0
SCRIPT       : Chernarus::Weather::Fog:: ( 10.1498 ) 0.029693
SCRIPT       : Chernarus::Weather::Rain::ForceEnd:: ( 10.2048 ) 0 -> 0
SCRIPT       : Chernarus::Weather::Rain::ForceEnd:: ( 10.2714 ) 0 -> 0
SCRIPT       : Chernarus::Weather::Rain::ForceEnd:: ( 10.3381 ) 0 -> 0
SCRIPT       : Chernarus::Weather::Overcast:: ( 10.3481 )  overcast: 0.189373
SCRIPT       : Chernarus::Weather::Overcast::Rain:: ( 10.3481 ) 0
SCRIPT       : Chernarus::Weather::Rain::ForceEnd:: ( 10.4048 ) 0 -> 0
SCRIPT       : Chernarus::Weather::Rain::ForceEnd:: ( 10.4715 ) 0 -> 0
SCRIPT       : Chernarus::Weather::Rain::ForceEnd:: ( 10.5382 ) 0 -> 0
SCRIPT       : Chernarus::Weather::Rain::ForceEnd:: ( 10.6049 ) 0 -> 0
SCRIPT       : Chernarus::Weather::Fog:: ( 10.6535 ) 0.0650655
SCRIPT       : Chernarus::Weather::Rain::ForceEnd:: ( 10.6716 ) 0 -> 0
SCRIPT       : Chernarus::Weather::Rain::ForceEnd:: ( 10.7383 ) 0 -> 0
SCRIPT       : Chernarus::Weather::Rain::ForceEnd:: ( 10.805 ) 0 -> 0
SCRIPT       : Chernarus::Weather::Rain::ForceEnd:: ( 10.8717 ) 0 -> 0
SCRIPT       : Chernarus::Weather::Rain::ForceEnd:: ( 10.9384 ) 0 -> 0
SCRIPT       : Chernarus::Weather::Overcast:: ( 10.9524 )  overcast: 0.128343
SCRIPT       : Chernarus::Weather::Overcast::Rain:: ( 10.9524 ) 0
SCRIPT       : Chernarus::Weather::Rain::ForceEnd:: ( 11.0051 ) 0 -> 0
SCRIPT       : Chernarus::Weather::Rain::ForceEnd:: ( 11.0718 ) 0 -> 0
SCRIPT       : Chernarus::Weather::Rain::ForceEnd:: ( 11.1385 ) 0 -> 0
SCRIPT       : Chernarus::Weather::Fog:: ( 11.1571 ) 0.0718457
SCRIPT       : Chernarus::Weather::Rain::ForceEnd:: ( 11.2052 ) 0 -> 0
SCRIPT       : Chernarus::Weather::Rain::ForceEnd:: ( 11.2719 ) 0 -> 0
SCRIPT       : Chernarus::Weather::Rain::ForceEnd:: ( 11.3386 ) 0 -> 0
SCRIPT       : ~PluginMCKLogs Closed
SCRIPT       : ~DayZGame()
