---------------------------------------------
Log C:\Program Files (x86)\Steam\steamapps\common\DayZServer\myprofile\script_2021-05-17_12-21-13.log started at 17.05. 12:21:13

SCRIPT       : Registered 240 temporary action enum(s), UAN==240
SCRIPT    (W): @"ToxicZone/scripts/3_Game/toxicconfig\config\staticzone\statictoxicareasettings.c,108": Missing ';' at the end of line
SCRIPT       : CF_CreateGame()
SCRIPT       : ... Backlit Effects Enabled
SCRIPT       : DZM_Projects Map! by DaOne
SCRIPT    (W): @"MuchStuffPack/MSP_Scripts/4_World/codelock\actions\actionraidcodelockonmsp.c,44": Missing ';' at the end of line
SCRIPT    (W): @"BuildAnywhere_v3/scripts/4_World/Entities/GardenBase/ісћѐьр*џ.rvmat,52": Missing ';' at the end of line
SCRIPT    (W): @"deerisle/Deerisle_Security_System/scripts/4_World/deerisle-security-system\config\securityconfig.c,49": Missing ';' at the end of line
SCRIPT    (W): @"BPGaz/scripts/ќѕ?юіаѕэёю.wsi,6": Missing ';' at the end of line
SCRIPT    (W): @"CannabisPlus/scripts/4_world/cannabisplus.c,391": Missing ';' at the end of line
SCRIPT    (W): @"ModularVestSystem/scripts/4_World/mvs_taco.c,19": Missing ';' at the end of line
SCRIPT    (W): @"BaseBuildingPlus/scripts/4_World/items\xmas_lights\bbp_xmaslights_9v.c,54": Missing ';' at the end of line
SCRIPT    (W): @"MuchStuffPack/MSP_Scripts/4_World/codelock\actions\actioninteractlockonmsp.c,71": Unsafe down-casting, use 'EntityAI.Cast' for safe down-casting
SCRIPT    (W): @"MuchStuffPack/MSP_Scripts/4_World/codelock\actions\actioninteractlockonmsp.c,85": Unsafe down-casting, use 'ItemBase.Cast' for safe down-casting
SCRIPT    (W): @"MuchStuffPack/MSP_Scripts/4_World/codelock\actions\actioninteractlockonmsp.c,90": Unsafe down-casting, use 'ItemBase.Cast' for safe down-casting
SCRIPT    (W): @"TraderPlus/scripts/4_World/classes\tradersystemhandler\helpers\traderplushelpers.c,65": Unsafe down-casting, use 'Magazine.Cast' for safe down-casting
SCRIPT    (W): @"TraderPlus/scripts/4_World/classes\tradersystemhandler\helpers\traderplushelpers.c,66": Unsafe down-casting, use 'Magazine.Cast' for safe down-casting
SCRIPT    (W): @"TraderPlus/scripts/4_World/classes\tradersystemhandler\helpers\traderplushelpers.c,71": Unsafe down-casting, use 'Magazine.Cast' for safe down-casting
SCRIPT    (W): @"TraderPlus/scripts/4_World/classes\tradersystemhandler\helpers\traderplushelpers.c,72": Unsafe down-casting, use 'Magazine.Cast' for safe down-casting
SCRIPT       : ::: [BuildAnywhere_v3_World<be52f020>]: ver: 3.4.06.05.2021 init
SCRIPT    (W): @"LBmaster_UndergroundLighting/scripts/5_Mission/UndergroundLighting/mission/эѓљ*лњФы.rvmat,295": Unsafe down-casting, use 'PlayerBase.Cast' for safe down-casting
SCRIPT    (W): @"ZomBerry/AT/scripts/5_Mission/zomberrystockfnc.c,218": No need to use 'Cast' for up-casting
SCRIPT    (W): @"ZomBerry/AT/scripts/5_Mission/zomberrystockfnc.c,225": No need to use 'Cast' for up-casting
SCRIPT    (W): @"ZomBerry/AT/scripts/5_Mission/zomberrystockfnc.c,234": No need to use 'Cast' for up-casting
SCRIPT    (W): @"$CurrentDir:mpmissions\Expansion.deerisle\init.c,104": Unsafe down-casting, use 'ItemBase.Cast' for safe down-casting
SCRIPT    (W): @"$CurrentDir:mpmissions\Expansion.deerisle\init.c,106": Unsafe down-casting, use 'ItemBase.Cast' for safe down-casting
SCRIPT    (W): @"$CurrentDir:mpmissions\Expansion.deerisle\init.c,124": Unsafe down-casting, use 'ItemBase.Cast' for safe down-casting
SCRIPT    (W): @"$CurrentDir:mpmissions\Expansion.deerisle\init.c,126": Unsafe down-casting, use 'ItemBase.Cast' for safe down-casting
SCRIPT    (W): @"$CurrentDir:mpmissions\Expansion.deerisle\init.c,161": Unsafe down-casting, use 'ItemBase.Cast' for safe down-casting
SCRIPT    (W): @"$CurrentDir:mpmissions\Expansion.deerisle\init.c,164": Unsafe down-casting, use 'ItemBase.Cast' for safe down-casting
SCRIPT    (W): @"$CurrentDir:mpmissions\Expansion.deerisle\init.c,207": Unsafe down-casting, use 'ItemBase.Cast' for safe down-casting
SCRIPT    (W): @"$CurrentDir:mpmissions\Expansion.deerisle\init.c,211": Unsafe down-casting, use 'ItemBase.Cast' for safe down-casting
SCRIPT    (W): @"$CurrentDir:mpmissions\Expansion.deerisle\init.c,256": Unsafe down-casting, use 'ItemBase.Cast' for safe down-casting
SCRIPT    (W): @"$CurrentDir:mpmissions\Expansion.deerisle\init.c,291": Unsafe down-casting, use 'ItemBase.Cast' for safe down-casting
SCRIPT    (W): @"$CurrentDir:mpmissions\Expansion.deerisle\init.c,293": Unsafe down-casting, use 'ItemBase.Cast' for safe down-casting
SCRIPT    (W): @"$CurrentDir:mpmissions\Expansion.deerisle\init.c,296": Unsafe down-casting, use 'ItemBase.Cast' for safe down-casting
SCRIPT    (W): @"$CurrentDir:mpmissions\Expansion.deerisle\init.c,328": Unsafe down-casting, use 'ItemBase.Cast' for safe down-casting
SCRIPT    (W): @"$CurrentDir:mpmissions\Expansion.deerisle\init.c,333": Unsafe down-casting, use 'ItemBase.Cast' for safe down-casting
SCRIPT    (W): @"$CurrentDir:mpmissions\Expansion.deerisle\init.c,369": Unsafe down-casting, use 'ItemBase.Cast' for safe down-casting
SCRIPT    (W): @"$CurrentDir:mpmissions\Expansion.deerisle\init.c,371": Unsafe down-casting, use 'ItemBase.Cast' for safe down-casting
SCRIPT    (W): @"$CurrentDir:mpmissions\Expansion.deerisle\init.c,374": Unsafe down-casting, use 'ItemBase.Cast' for safe down-casting
SCRIPT    (W): @"$CurrentDir:mpmissions\Expansion.deerisle\init.c,377": Unsafe down-casting, use 'ItemBase.Cast' for safe down-casting
SCRIPT    (W): @"$CurrentDir:mpmissions\Expansion.deerisle\init.c,411": Unsafe down-casting, use 'ItemBase.Cast' for safe down-casting
SCRIPT    (W): @"$CurrentDir:mpmissions\Expansion.deerisle\init.c,414": Unsafe down-casting, use 'ItemBase.Cast' for safe down-casting
SCRIPT    (W): @"$CurrentDir:mpmissions\Expansion.deerisle\init.c,417": Unsafe down-casting, use 'ItemBase.Cast' for safe down-casting
SCRIPT    (W): @"$CurrentDir:mpmissions\Expansion.deerisle\init.c,453": Unsafe down-casting, use 'ItemBase.Cast' for safe down-casting
SCRIPT    (W): @"$CurrentDir:mpmissions\Expansion.deerisle\init.c,457": Unsafe down-casting, use 'ItemBase.Cast' for safe down-casting
SCRIPT       : Init: PluginMCKLogs
SCRIPT       : Creating ModuleManager
SCRIPT       : CF_CreateWorld()
SCRIPT       : Inserted Module (HOST): EditorLoaderModule
SCRIPT       : Modules Loaded
SCRIPT       : 0 -> EditorLoaderModule
SCRIPT       : 17.05.2021 12:21:24 [ZomBerry]: Starting Server side v0.6.2
SCRIPT       : [AirdropSafezones] Settings classes created.
SCRIPT       : [AirdropSafezones.Load] Safezones file loaded & resaved.
SCRIPT       : [AirdropSettings] Settings classes created.
SCRIPT       : [AirdropSettings.Load] Settings file loaded & resaved.
SCRIPT       : GetDeerIsleBase()...
SCRIPT       : [BBP] 'BBP_Settings' found, loading...
SCRIPT       : [MCK_CarLockPickConfig] '$profile:MCK_CarLockPickConfig/CarLockPickConfig.json' found, loading existing config!
SCRIPT       : [MSP_Codelock_Config] '$profile:\CodeLock\MSP_CodeLockConfig.json' found, loading existing config!
SCRIPT       : 17.05.2021 12:21:24 [ZomBerryConfig]: INFO: Profile dir is: myprofile
SCRIPT       : 17.05.2021 12:21:24 [ZomBerryConfig]: INFO: Config files will be loaded from: myprofile
SCRIPT       : 17.05.2021 12:21:24 [ZomBerryLogger]: INFO: Will try to create ZomBerry log file in profile directory: myprofile\ZomBerry\
SCRIPT       : 17.05.2021 12:21:24 [ZomBerryLogger]: INFO: Switching to logfile: $profile:ZomBerry\ZomBerry_17-05-2021_12-21-24.log
SCRIPT       : [MoreDoorConfig] Server Cfg loading...
SCRIPT       : [MoreDoorConfig] '$profile:MoreDoors/MoorDoors_Settings.json' found, loading existing config!
SCRIPT       : [Notifications] OnInit
SCRIPT       : [Notifications] Loading Config
SCRIPT       : [CP] Config Sucessfully loaded!
SCRIPT       : [FBF_Config] Server Cfg loading...
SCRIPT       : [FBF_Config] '$profile:FBF_Config/FBFConfig.json' found, loading existing config!
SCRIPT       : [EditorLoader] OnMissionStart
SCRIPT       : [EditorLoader] File found: Bunkers2dot0.dze
SCRIPT       : [EditorLoader] Loaded $profile:/EditorFiles/Bunkers2dot0.dze
SCRIPT       : [EditorLoader] 58 created objects found
SCRIPT       : [EditorLoader] 1 deleted objects found
SCRIPT       : [EditorLoader] Deleting 1 buildings
SCRIPT       : [EditorLoader] Creating 58 buildings
SCRIPT       : [wpnfsm] Warning! OnStoreLoad - cannot load curent weapon state, id=0
SCRIPT       : [wpnfsm] Warning! OnStoreLoad - cannot load curent weapon state, id=0
SCRIPT       : [wpnfsm] Warning! OnStoreLoad - cannot load curent weapon state, id=0
SCRIPT       : [wpnfsm] Warning! OnStoreLoad - cannot load curent weapon state, id=0
SCRIPT       : [wpnfsm] Warning! OnStoreLoad - cannot load curent weapon state, id=0
SCRIPT       : [wpnfsm] Warning! OnStoreLoad - cannot load curent weapon state, id=0
SCRIPT       : [wpnfsm] Warning! OnStoreLoad - cannot load curent weapon state, id=0
SCRIPT       : [wpnfsm] Warning! OnStoreLoad - cannot load curent weapon state, id=0
SCRIPT       : [wpnfsm] Warning! OnStoreLoad - cannot load curent weapon state, id=0
SCRIPT       : [wpnfsm] Warning! OnStoreLoad - cannot load curent weapon state, id=0
SCRIPT       : [wpnfsm] Warning! OnStoreLoad - cannot load curent weapon state, id=0
SCRIPT       : [wpnfsm] Warning! OnStoreLoad - cannot load curent weapon state, id=0
SCRIPT       : [wpnfsm] Warning! OnStoreLoad - cannot load curent weapon state, id=0
SCRIPT       : [wpnfsm] Warning! OnStoreLoad - cannot load curent weapon state, id=0
SCRIPT       : [wpnfsm] Warning! OnStoreLoad - cannot load curent weapon state, id=0
SCRIPT       : [wpnfsm] Warning! OnStoreLoad - cannot load curent weapon state, id=0
SCRIPT       : [wpnfsm] Warning! OnStoreLoad - cannot load curent weapon state, id=0
SCRIPT       : [wpnfsm] Warning! OnStoreLoad - cannot load curent weapon state, id=0
SCRIPT       : [wpnfsm] Warning! OnStoreLoad - cannot load curent weapon state, id=0
SCRIPT       : [wpnfsm] Warning! OnStoreLoad - cannot load curent weapon state, id=0
SCRIPT       : [wpnfsm] Warning! OnStoreLoad - cannot load curent weapon state, id=0
SCRIPT       : [wpnfsm] Warning! OnStoreLoad - cannot load curent weapon state, id=0
SCRIPT       : [wpnfsm] Warning! OnStoreLoad - cannot load curent weapon state, id=0
SCRIPT       : [wpnfsm] Warning! OnStoreLoad - cannot load curent weapon state, id=0
SCRIPT       : [wpnfsm] Warning! OnStoreLoad - cannot load curent weapon state, id=0
SCRIPT       : [wpnfsm] Warning! OnStoreLoad - cannot load curent weapon state, id=0
SCRIPT       : [wpnfsm] Warning! OnStoreLoad - cannot load curent weapon state, id=0
SCRIPT       : [wpnfsm] Warning! OnStoreLoad - cannot load curent weapon state, id=0
SCRIPT       : [wpnfsm] Warning! OnStoreLoad - cannot load curent weapon state, id=0
SCRIPT       : [wpnfsm] Warning! OnStoreLoad - cannot load curent weapon state, id=0
SCRIPT       : [wpnfsm] Warning! OnStoreLoad - cannot load curent weapon state, id=0
SCRIPT       : [wpnfsm] Warning! OnStoreLoad - cannot load curent weapon state, id=0
SCRIPT       : [wpnfsm] Warning! OnStoreLoad - cannot load curent weapon state, id=0
SCRIPT       : [wpnfsm] Warning! OnStoreLoad - cannot load curent weapon state, id=0
SCRIPT       : [wpnfsm] Warning! OnStoreLoad - cannot load curent weapon state, id=0
SCRIPT       : [wpnfsm] Warning! OnStoreLoad - cannot load curent weapon state, id=0
SCRIPT       : [wpnfsm] Warning! OnStoreLoad - cannot load curent weapon state, id=0
SCRIPT       : [wpnfsm] Warning! OnStoreLoad - cannot load curent weapon state, id=0
SCRIPT       : [wpnfsm] Warning! OnStoreLoad - cannot load curent weapon state, id=0
SCRIPT       : [wpnfsm] Warning! OnStoreLoad - cannot load curent weapon state, id=0
SCRIPT       : [wpnfsm] Warning! OnStoreLoad - cannot load curent weapon state, id=0
SCRIPT       : [wpnfsm] Warning! OnStoreLoad - cannot load curent weapon state, id=0
SCRIPT       : [wpnfsm] Warning! OnStoreLoad - cannot load curent weapon state, id=0
SCRIPT       : [wpnfsm] Warning! OnStoreLoad - cannot load curent weapon state, id=0
SCRIPT       : [wpnfsm] Warning! OnStoreLoad - cannot load curent weapon state, id=0
SCRIPT       : [wpnfsm] Warning! OnStoreLoad - cannot load curent weapon state, id=0
SCRIPT       : [wpnfsm] Warning! OnStoreLoad - cannot load curent weapon state, id=0
SCRIPT       : [wpnfsm] Warning! OnStoreLoad - cannot load curent weapon state, id=0
SCRIPT       : [wpnfsm] Warning! OnStoreLoad - cannot load curent weapon state, id=0
SCRIPT       : file exist ! loading...
SCRIPT       : file exist ! loading...
SCRIPT       : file exist ! loading...
SCRIPT       : file exist ! loading...
SCRIPT       : file exist ! loading...
SCRIPT       : Chernarus::Weather::Rain::ForceEnd:: ( 13.7095 ) 0 -> 0
SCRIPT       : Chernarus::Weather::Rain::ForceEnd:: ( 13.7762 ) 0 -> 0
SCRIPT       : Chernarus::Weather::Rain::ForceEnd:: ( 13.8429 ) 0 -> 0
SCRIPT       : Chernarus::Weather::Overcast:: ( 13.8679 )  overcast: 0.133004
SCRIPT       : Chernarus::Weather::Overcast::Rain:: ( 13.8679 ) 0
SCRIPT       : Chernarus::Weather::Rain::ForceEnd:: ( 13.9096 ) 0 -> 0
SCRIPT       : Chernarus::Weather::Rain::ForceEnd:: ( 13.9763 ) 0 -> 0
SCRIPT       : Chernarus::Weather::Rain::ForceEnd:: ( 14.043 ) 0 -> 0
SCRIPT       : Chernarus::Weather::Rain::ForceEnd:: ( 14.1097 ) 0 -> 0
SCRIPT       : Chernarus::Weather::Rain::ForceEnd:: ( 14.1764 ) 0 -> 0
SCRIPT       : Chernarus::Weather::Rain:: ( 14.2431 ) 0
SCRIPT       : Chernarus::Weather::Rain:: ( 14.2637 ) 0.208213
SCRIPT       : Chernarus::Weather::Rain:: ( 14.2848 ) 0.0401318
SCRIPT       : Chernarus::Weather::Rain:: ( 14.3076 ) 0.119752
SCRIPT       : Chernarus::Weather::Rain:: ( 14.3326 ) 0.446614
SCRIPT       : Chernarus::Weather::Rain:: ( 14.3804 ) 0.132508
SCRIPT       : Chernarus::Weather::Rain:: ( 14.4009 ) 0.403739
SCRIPT       : Chernarus::Weather::Fog:: ( 14.4138 ) 0.0630768
SCRIPT       : Chernarus::Weather::Rain:: ( 14.422 ) 0.0730918
SCRIPT       : Chernarus::Weather::Rain:: ( 14.4476 ) 0.154001
SCRIPT       : Chernarus::Weather::Rain:: ( 14.4804 ) 0.0023011
SCRIPT       : Chernarus::Weather::Rain:: ( 14.5193 ) 0.399756
SCRIPT       : Chernarus::Weather::Rain:: ( 14.5432 ) 0.148511
SCRIPT       : Chernarus::Weather::Rain:: ( 14.6265 ) 0
SCRIPT       : Chernarus::Weather::Overcast:: ( 14.657 )  overcast: 0.730277
SCRIPT       : Chernarus::Weather::Overcast::Rain:: ( 14.657 ) 0.280551
SCRIPT       : Chernarus::Weather::Rain:: ( 14.6759 ) 0.453889
SCRIPT       : Chernarus::Weather::Rain::ForceEnd:: ( 14.721 ) 0.325898 -> 0
SCRIPT       : Chernarus::Weather::Rain::ForceEnd:: ( 14.7877 ) 0 -> 0
SCRIPT       : Chernarus::Weather::Rain::ForceEnd:: ( 14.8544 ) 0 -> 0
SCRIPT       : Chernarus::Weather::Rain::ForceEnd:: ( 14.9211 ) 0 -> 0
SCRIPT       : Chernarus::Weather::Rain::ForceEnd:: ( 14.9877 ) 0 -> 0
SCRIPT       : Chernarus::Weather::Rain::ForceEnd:: ( 15.0544 ) 0 -> 0
SCRIPT       : Chernarus::Weather::Rain::ForceEnd:: ( 15.1211 ) 0 -> 0
SCRIPT       : Chernarus::Weather::Rain::ForceEnd:: ( 15.1878 ) 0 -> 0
SCRIPT       : Chernarus::Weather::Rain::ForceEnd:: ( 15.2545 ) 0 -> 0
SCRIPT       : Chernarus::Weather::Rain::ForceEnd:: ( 15.3212 ) 0 -> 0
SCRIPT       : Chernarus::Weather::Rain::ForceEnd:: ( 15.3879 ) 0 -> 0
SCRIPT       : Chernarus::Weather::Overcast:: ( 15.395 )  overcast: 0.131785
SCRIPT       : Chernarus::Weather::Overcast::Rain:: ( 15.395 ) 0
SCRIPT       : Chernarus::Weather::Fog:: ( 15.4293 ) 0.0559575
SCRIPT       : Chernarus::Weather::Rain::ForceEnd:: ( 15.4546 ) 0 -> 0
SCRIPT       : Chernarus::Weather::Rain::ForceEnd:: ( 15.5213 ) 0 -> 0
SCRIPT       : Chernarus::Weather::Rain::ForceEnd:: ( 15.588 ) 0 -> 0
SCRIPT       : Chernarus::Weather::Rain::ForceEnd:: ( 15.6547 ) 0 -> 0
SCRIPT       : Chernarus::Weather::Rain::ForceEnd:: ( 15.7214 ) 0 -> 0
SCRIPT       : Chernarus::Weather::Rain::ForceEnd:: ( 15.7881 ) 0 -> 0
SCRIPT       : Chernarus::Weather::Rain::ForceEnd:: ( 15.8548 ) 0 -> 0
SCRIPT       : Chernarus::Weather::Rain::ForceEnd:: ( 15.9215 ) 0 -> 0
SCRIPT       : Chernarus::Weather::Fog:: ( 15.933 ) 0.0559675
SCRIPT       : Chernarus::Weather::Rain::ForceEnd:: ( 15.9882 ) 0 -> 0
SCRIPT       : Chernarus::Weather::Rain::ForceEnd:: ( 16.0549 ) 0 -> 0
SCRIPT       : Chernarus::Weather::Overcast:: ( 16.0955 )  overcast: 0.123435
SCRIPT       : Chernarus::Weather::Overcast::Rain:: ( 16.0955 ) 0
SCRIPT       : Chernarus::Weather::Rain::ForceEnd:: ( 16.1216 ) 0 -> 0
SCRIPT       : Chernarus::Weather::Rain::ForceEnd:: ( 16.1883 ) 0 -> 0
SCRIPT       : Chernarus::Weather::Rain::ForceEnd:: ( 16.255 ) 0 -> 0
SCRIPT       : Chernarus::Weather::Rain::ForceEnd:: ( 16.3217 ) 0 -> 0
SCRIPT       : Chernarus::Weather::Rain::ForceEnd:: ( 16.3884 ) 0 -> 0
SCRIPT       : Chernarus::Weather::Fog:: ( 16.4366 ) 0.0290683
SCRIPT       : Chernarus::Weather::Rain::ForceEnd:: ( 16.4551 ) 0 -> 0
SCRIPT       : Chernarus::Weather::Rain::ForceEnd:: ( 16.5218 ) 0 -> 0
SCRIPT       : Chernarus::Weather::Rain::ForceEnd:: ( 16.5885 ) 0 -> 0
SCRIPT       : Chernarus::Weather::Rain::ForceEnd:: ( 16.6552 ) 0 -> 0
SCRIPT       : Chernarus::Weather::Rain::ForceEnd:: ( 16.7219 ) 0 -> 0
SCRIPT       : Chernarus::Weather::Overcast:: ( 16.7687 )  overcast: 0.3811
SCRIPT       : Chernarus::Weather::Overcast::Rain:: ( 16.7687 ) 0
SCRIPT       : Chernarus::Weather::Rain::ForceEnd:: ( 16.7886 ) 0 -> 0
SCRIPT       : Chernarus::Weather::Rain::ForceEnd:: ( 16.8553 ) 0 -> 0
SCRIPT       : Chernarus::Weather::Rain::ForceEnd:: ( 16.922 ) 0 -> 0
SCRIPT       : Chernarus::Weather::Rain::ForceEnd:: ( 16.9887 ) 0 -> 0
SCRIPT       : Chernarus::Weather::Rain::ForceEnd:: ( 17.0554 ) 0 -> 0
SCRIPT       : Chernarus::Weather::Rain:: ( 17.1221 ) 0
SCRIPT       : Chernarus::Weather::Rain:: ( 17.1548 ) 0.190037
SCRIPT       : Chernarus::Weather::Rain:: ( 17.1821 ) 0.143289
SCRIPT       : Chernarus::Weather::Rain:: ( 17.2076 ) 0.239284
SCRIPT       : Chernarus::Weather::Rain:: ( 17.2538 ) 0.308576
SCRIPT       : Chernarus::Weather::Rain:: ( 17.2921 ) 0.195956
SCRIPT       : Chernarus::Weather::Rain:: ( 17.3864 ) 0
SCRIPT       : Chernarus::Weather::Fog:: ( 17.4522 ) 0.139883
SCRIPT       : Chernarus::Weather::Rain:: ( 17.4829 ) 0
SCRIPT       : Chernarus::Weather::Rain:: ( 17.5296 ) 0.323801
SCRIPT       : Chernarus::Weather::Rain:: ( 17.5685 ) 0.148491
SCRIPT       : Chernarus::Weather::Rain:: ( 17.6108 ) 0.0888699
SCRIPT       : Chernarus::Weather::Rain:: ( 17.6302 ) 0.206699
SCRIPT       : Chernarus::Weather::Overcast:: ( 17.654 )  overcast: 0.719425
SCRIPT       : Chernarus::Weather::Overcast::Rain:: ( 17.654 ) 0.0432854
SCRIPT       : Chernarus::Weather::Rain:: ( 17.6602 ) 0.000109867
SCRIPT       : Chernarus::Weather::Rain:: ( 17.6814 ) 0.220927
SCRIPT       : Chernarus::Weather::Rain:: ( 17.7702 ) 0
SCRIPT       : Chernarus::Weather::Rain:: ( 17.7996 ) 0.118323
SCRIPT       : Chernarus::Weather::Rain:: ( 17.8799 ) 0.108724
SCRIPT       : Chernarus::Weather::Rain::ForceEnd:: ( 18.6792 ) 0 -> 0
SCRIPT       : Chernarus::Weather::Rain::ForceEnd:: ( 19.146 ) 0 -> 0
SCRIPT       : Chernarus::Weather::Rain::ForceEnd:: ( 19.6129 ) 0 -> 0
SCRIPT       : Chernarus::Weather::Rain::ForceEnd:: ( 20.0798 ) 0 -> 0
SCRIPT       : Chernarus::Weather::Rain::ForceEnd:: ( 20.5467 ) 0 -> 0
SCRIPT       : [MoreDoors] MissionServer --> Sending instance of cfg to client: Survivor
SCRIPT       : [FBF_Config] MissionServer --> Sending instance of cfg to client: Survivor
SCRIPT       : [CP] -> Sucessfully sent: Survivor CP Plus Config!
SCRIPT       : Chernarus::Weather::Rain::ForceEnd:: ( 21.0136 ) 0 -> 0
SCRIPT       : AnimSoundObjectBuilderBank: Invalid sound set "generalgrunt_SoundVoice_Char_SoundSet".
SCRIPT       : AnimSoundObjectBuilderBank: Invalid sound set "greathelmet_generalgrunt_SoundVoice_Char_SoundSet".
SCRIPT       : AnimSoundObjectBuilderBank: Invalid sound set "Gasmask_generalgrunt_SoundVoice_Char_SoundSet".
SCRIPT       : AnimSoundObjectBuilderBank: Invalid sound set "Motohelmet_generalgrunt_SoundVoice_Char_SoundSet".
SCRIPT       : AnimSoundObjectBuilderBank: Invalid sound set "Gag_generalgrunt_SoundVoice_Char_SoundSet".
SCRIPT       : [EditorLoader] OnInvokeConnect
SCRIPT       : [Logout]: New player lG9DxkBXnv0u-sX8l_4F1704CNWxgjlZWj-caGC8GCA= with logout time 15
SCRIPT       : [EditorLoader] OnClientDisconnect
SCRIPT       : [Logout]: Player lG9DxkBXnv0u-sX8l_4F1704CNWxgjlZWj-caGC8GCA= finished
SCRIPT       : SAVE CHECKSUM:9946578
SCRIPT       : [MoreDoors] MissionServer --> Sending instance of cfg to client: Survivor
SCRIPT       : [FBF_Config] MissionServer --> Sending instance of cfg to client: Survivor
SCRIPT       : [CP] -> Sucessfully sent: Survivor CP Plus Config!
SCRIPT       : ********* LoadStats loading version: 115
SCRIPT       : LOAD checksum:9946578
SCRIPT       : ---- PlayerBase OnStoreLoad SUCCESS ----
SCRIPT       : [EditorLoader] OnInvokeConnect
SCRIPT       : Chernarus::Weather::Overcast:: ( 21.4541 )  overcast: 0.550615
SCRIPT       : Chernarus::Weather::Overcast::Rain:: ( 21.4541 ) 0
SCRIPT       : Chernarus::Weather::Rain::ForceEnd:: ( 21.4804 ) 0 -> 0
SCRIPT       : [Logout]: New player lG9DxkBXnv0u-sX8l_4F1704CNWxgjlZWj-caGC8GCA= with logout time 15
SCRIPT       : [EditorLoader] OnClientDisconnect
SCRIPT       : [Logout]: Player lG9DxkBXnv0u-sX8l_4F1704CNWxgjlZWj-caGC8GCA= finished
SCRIPT       : SAVE CHECKSUM:9946578
SCRIPT       : Chernarus::Weather::Rain::ForceEnd:: ( 21.9473 ) 0 -> 0
SCRIPT       : Chernarus::Weather::Fog:: ( 22.339 ) 0.0470029
SCRIPT       : Chernarus::Weather::Rain::ForceEnd:: ( 22.4142 ) 0 -> 0
SCRIPT       : Chernarus::Weather::Rain::ForceEnd:: ( 22.8811 ) 0 -> 0
SCRIPT       : Chernarus::Weather::Rain::ForceEnd:: ( 23.3479 ) 0 -> 0
SCRIPT       : Chernarus::Weather::Rain::ForceEnd:: ( 23.8148 ) 0 -> 0
SCRIPT       : Chernarus::Weather::Rain::ForceEnd:: ( 0.281699 ) 0 -> 0
SCRIPT       : Chernarus::Weather::Rain::ForceEnd:: ( 0.748576 ) 0 -> 0
SCRIPT       : Chernarus::Weather::Rain::ForceEnd:: ( 1.21545 ) 0 -> 0
SCRIPT       : Chernarus::Weather::Rain::ForceEnd:: ( 1.68233 ) 0 -> 0
SCRIPT       : Chernarus::Weather::Overcast:: ( 2.12229 )  overcast: 0.102991
SCRIPT       : Chernarus::Weather::Overcast::Rain:: ( 2.12229 ) 0
SCRIPT       : Chernarus::Weather::Rain::ForceEnd:: ( 2.14921 ) 0 -> 0
SCRIPT       : Chernarus::Weather::Rain::ForceEnd:: ( 2.61608 ) 0 -> 0
SCRIPT       : Chernarus::Weather::Rain::ForceEnd:: ( 3.08296 ) 0 -> 0
SCRIPT       : Chernarus::Weather::Rain::ForceEnd:: ( 3.54984 ) 0 -> 0
SCRIPT       : Chernarus::Weather::Rain::ForceEnd:: ( 4.01671 ) 0 -> 0
SCRIPT       : Chernarus::Weather::Rain::ForceEnd:: ( 4.48359 ) 0 -> 0
SCRIPT       : [MoreDoors] MissionServer --> Sending instance of cfg to client: Survivor
SCRIPT       : [FBF_Config] MissionServer --> Sending instance of cfg to client: Survivor
SCRIPT       : [CP] -> Sucessfully sent: Survivor CP Plus Config!
SCRIPT       : ********* LoadStats loading version: 115
SCRIPT       : LOAD checksum:1213035715
SCRIPT       : Stomach checksum fail
SCRIPT       : ---- PlayerBase OnStoreLoad SUCCESS ----
SCRIPT       : [EditorLoader] OnInvokeConnect
SCRIPT       : Chernarus::Weather::Rain::ForceEnd:: ( 4.95047 ) 0 -> 0
SCRIPT       : SAVE CHECKSUM:9946578
SCRIPT       : Chernarus::Weather::Rain::ForceEnd:: ( 5.41735 ) 0 -> 0
SCRIPT       : Chernarus::Weather::Fog:: ( 5.44767 ) 0.00720084
SCRIPT       : SAVE CHECKSUM:9946578
SCRIPT       : Chernarus::Weather::Rain::ForceEnd:: ( 5.88423 ) 0 -> 0
SCRIPT       : SAVE CHECKSUM:9946578
SCRIPT       : Chernarus::Weather::Rain::ForceEnd:: ( 6.28196 ) 0 -> 0
SCRIPT       : SAVE CHECKSUM:9946578
SCRIPT       : [inv] ReplaceItemWithNewLambdaBase Step B) remove OK, loc={ type=HANDS item=BakedBeansCan:027691 parent=SurvivorM_Quinn:01 }
SCRIPT       : Chernarus::Weather::Rain::ForceEnd:: ( 6.34866 ) 0 -> 0
SCRIPT       : SAVE id:18
SCRIPT       : SAVE id_bit_offset:4
SCRIPT       : SAVE write_result:2425120
SCRIPT       : SAVE CHECKSUM:9946578
SCRIPT       : Chernarus::Weather::Rain::ForceEnd:: ( 6.41536 ) 0 -> 0
SCRIPT       : SAVE CHECKSUM:9946578
SCRIPT       : Chernarus::Weather::Rain::ForceEnd:: ( 6.48205 ) 0 -> 0
SCRIPT       : Chernarus::Weather::Overcast:: ( 6.49317 )  overcast: 0.483697
SCRIPT       : Chernarus::Weather::Overcast::Rain:: ( 6.49317 ) 0
SCRIPT       : SAVE CHECKSUM:9946578
SCRIPT       : Chernarus::Weather::Rain::ForceEnd:: ( 6.54875 ) 0 -> 0
SCRIPT       : SAVE CHECKSUM:9946578
SCRIPT       : Chernarus::Weather::Rain::ForceEnd:: ( 6.61545 ) 0 -> 0
SCRIPT       : Chernarus::Weather::Rain::ForceEnd:: ( 6.68215 ) 0 -> 0
SCRIPT       : SAVE CHECKSUM:9946578
SCRIPT       : Chernarus::Weather::Rain::ForceEnd:: ( 6.74884 ) 0 -> 0
SCRIPT       : SAVE CHECKSUM:9946578
SCRIPT       : Chernarus::Weather::Rain::ForceEnd:: ( 6.81554 ) 0 -> 0
SCRIPT       : SAVE CHECKSUM:9946578
SCRIPT       : Chernarus::Weather::Rain::ForceEnd:: ( 6.88224 ) 0 -> 0
SCRIPT       : SAVE CHECKSUM:9946578
SCRIPT       : [inv] ReplaceItemWithNewLambdaBase Step B) remove OK, loc={ type=HANDS item=DogFoodCan:032777 parent=SurvivorM_Quinn:01 }
SCRIPT       : Chernarus::Weather::Rain::ForceEnd:: ( 6.94893 ) 0 -> 0
SCRIPT       : SAVE id:24
SCRIPT       : SAVE id_bit_offset:4
SCRIPT       : SAVE write_result:3080576
SCRIPT       : SAVE CHECKSUM:9946578
SCRIPT       : Chernarus::Weather::Rain::ForceEnd:: ( 7.01563 ) 0 -> 0
SCRIPT       : SAVE CHECKSUM:9946578
SCRIPT       : Chernarus::Weather::Rain::ForceEnd:: ( 7.08233 ) 0 -> 0
SCRIPT       : [Logout]: New player F2wubczfhybKC4z2SRhLVVbzbiFpm5OyVrI82AJ3p_U= with logout time 15
SCRIPT       : [emote] SurvivorM_Quinn:01 play emote id=14 IH=HuntingKnife:032768
SCRIPT       : [EditorLoader] OnClientDisconnect
SCRIPT       : [Logout]: Player F2wubczfhybKC4z2SRhLVVbzbiFpm5OyVrI82AJ3p_U= finished
SCRIPT       : SAVE CHECKSUM:9946578
SCRIPT       : Chernarus::Weather::Rain::ForceEnd:: ( 7.14902 ) 0 -> 0
SCRIPT       : Chernarus::Weather::Fog:: ( 7.16846 ) 0.0725898
SCRIPT       : Chernarus::Weather::Rain::ForceEnd:: ( 7.21572 ) 0 -> 0
SCRIPT       : Chernarus::Weather::Rain::ForceEnd:: ( 7.28242 ) 0 -> 0
SCRIPT       : Chernarus::Weather::Overcast:: ( 7.29182 )  overcast: 0.527836
SCRIPT       : Chernarus::Weather::Overcast::Rain:: ( 7.29182 ) 0
SCRIPT       : Chernarus::Weather::Rain:: ( 7.34911 ) 0
SCRIPT       : Chernarus::Weather::Rain:: ( 7.44232 ) 0
SCRIPT       : Chernarus::Weather::Rain:: ( 7.47623 ) 0.691385
SCRIPT       : Chernarus::Weather::Rain:: ( 7.50457 ) 0.606223
SCRIPT       : Chernarus::Weather::Rain::ForceStorm:: ( 7.54736 ) 0.505182 -> 0.930277
SCRIPT       : Chernarus::Weather::Rain::ForceStorm:: ( 7.57237 ) 0.929111 -> 0.880532
SCRIPT       : Chernarus::Weather::Rain::ForceStorm:: ( 7.60683 ) 0.881045 -> 0.96942
SCRIPT       : Chernarus::Weather::Rain::ForceStorm:: ( 7.62906 ) 0.969284 -> 0.947447
SCRIPT       : Chernarus::Weather::Rain::ForceStorm:: ( 7.65795 ) 0.947581 -> 0.864339
SCRIPT       : Chernarus::Weather::Rain::ForceStorm:: ( 7.68908 ) 0.864339 -> 0.892599
SCRIPT       : Chernarus::Weather::Rain::ForceStorm:: ( 7.72909 ) 0.892599 -> 0.918778
SCRIPT       : Chernarus::Weather::Rain::ForceStorm:: ( 7.75577 ) 0.918362 -> 0.827558
SCRIPT       : Chernarus::Weather::Rain::ForceStorm:: ( 7.793 ) 0.827558 -> 0.832936
SCRIPT       : Chernarus::Weather::Rain::ForceStorm:: ( 7.8269 ) 0.831221 -> 0.937626
SCRIPT       : Chernarus::Weather::Rain::ForceStorm:: ( 7.85803 ) 0.937626 -> 0.840632
SCRIPT       : Chernarus::Weather::Rain::ForceStorm:: ( 7.90527 ) 0.841317 -> 0.991614
SCRIPT       : Chernarus::Weather::Rain::ForceStorm:: ( 7.94528 ) 0.991575 -> 0.877108
SCRIPT       : Chernarus::Weather::Rain::ForceStorm:: ( 7.96806 ) 0.877108 -> 0.846748
SCRIPT       : Chernarus::Weather::Overcast:: ( 7.97574 )  overcast: 0.988952
SCRIPT       : Chernarus::Weather::Overcast::Rain:: ( 7.97574 ) 0.872005
SCRIPT       : Chernarus::Weather::Rain::ForceStorm:: ( 8.01197 ) 0.847903 -> 0.850142
SCRIPT       : Chernarus::Weather::Rain::ForceStorm:: ( 8.03475 ) 0.850142 -> 0.851082
SCRIPT       : Chernarus::Weather::Rain::ForceStorm:: ( 8.05253 ) 0.850525 -> 0.842317
SCRIPT       : Chernarus::Weather::Rain::ForceStorm:: ( 8.09699 ) 0.842317 -> 0.824671
SCRIPT       : Chernarus::Weather::Rain::ForceStorm:: ( 8.11366 ) 0.824671 -> 0.98974
SCRIPT       : Chernarus::Weather::Rain:: ( 8.15645 ) 0.98974
SCRIPT       : Chernarus::Weather::Fog:: ( 8.18414 ) 0.0317074
SCRIPT       : Chernarus::Weather::Rain:: ( 8.26909 ) 0
SCRIPT       : Chernarus::Weather::Rain:: ( 8.2991 ) 0.38471
SCRIPT       : Chernarus::Weather::Rain:: ( 8.333 ) 0.259222
SCRIPT       : Chernarus::Weather::Rain:: ( 8.34967 ) 0.45059
SCRIPT       : Chernarus::Weather::Rain:: ( 8.44674 ) 0
SCRIPT       : Chernarus::Weather::Rain:: ( 8.47397 ) 0.534886
SCRIPT       : Chernarus::Weather::Rain:: ( 8.49064 ) 0.58084
SCRIPT       : Chernarus::Weather::Rain:: ( 8.52176 ) 0.653661
SCRIPT       : Chernarus::Weather::Rain:: ( 8.55288 ) 0.692352
SCRIPT       : Chernarus::Weather::Rain:: ( 8.59457 ) 0.652434
SCRIPT       : Chernarus::Weather::Rain:: ( 8.63792 ) 0.422138
SCRIPT       : Chernarus::Weather::Rain:: ( 8.66126 ) 0.503391
SCRIPT       : Chernarus::Weather::Rain:: ( 8.77433 ) 0
SCRIPT       : Chernarus::Weather::Overcast:: ( 8.78593 )  overcast: 0.8081
SCRIPT       : Chernarus::Weather::Overcast::Rain:: ( 8.78593 ) 0.120183
SCRIPT       : Chernarus::Weather::Rain:: ( 8.79489 ) 0.213002
SCRIPT       : [MoreDoors] MissionServer --> Sending instance of cfg to client: Jimmy Nickels
SCRIPT       : [FBF_Config] MissionServer --> Sending instance of cfg to client: Jimmy Nickels
SCRIPT       : [CP] -> Sucessfully sent: Jimmy Nickels CP Plus Config!
SCRIPT       : ********* LoadStats loading version: 115
SCRIPT       : LOAD checksum:1213035715
SCRIPT       : Stomach checksum fail
SCRIPT       : ---- PlayerBase OnStoreLoad SUCCESS ----
SCRIPT       : [EditorLoader] OnInvokeConnect
SCRIPT       : Chernarus::Weather::Rain:: ( 8.88259 ) 0
SCRIPT       : Chernarus::Weather::Rain::ForceEnd:: ( 8.90481 ) 0.0574847 -> 0
SCRIPT       : SAVE CHECKSUM:9946578
SCRIPT       : Chernarus::Weather::Rain::ForceEnd:: ( 8.97151 ) 0 -> 0
SCRIPT       : SAVE CHECKSUM:9946578
SCRIPT       : Chernarus::Weather::Rain::ForceEnd:: ( 9.03821 ) 0 -> 0
SCRIPT       : SAVE CHECKSUM:9946578
SCRIPT       : Chernarus::Weather::Rain::ForceEnd:: ( 9.10491 ) 0 -> 0
SCRIPT       : SAVE CHECKSUM:9946578
SCRIPT       : Chernarus::Weather::Rain::ForceEnd:: ( 9.1716 ) 0 -> 0
SCRIPT       : Chernarus::Weather::Fog:: ( 9.19959 ) 0.0896346
SCRIPT       : SAVE CHECKSUM:9946578
SCRIPT       : Chernarus::Weather::Rain::ForceEnd:: ( 9.2383 ) 0 -> 0
SCRIPT       : SAVE CHECKSUM:9946578
SCRIPT       : Chernarus::Weather::Rain::ForceEnd:: ( 9.305 ) 0 -> 0
SCRIPT       : [MoreDoors] MissionServer --> Sending instance of cfg to client: BnYrB
SCRIPT       : [FBF_Config] MissionServer --> Sending instance of cfg to client: BnYrB
SCRIPT       : [CP] -> Sucessfully sent: BnYrB CP Plus Config!
SCRIPT       : ********* LoadStats loading version: 115
SCRIPT       : LOAD checksum:9946578
SCRIPT       : ---- PlayerBase OnStoreLoad SUCCESS ----
SCRIPT       : [EditorLoader] OnInvokeConnect
SCRIPT       : SAVE CHECKSUM:9946578
SCRIPT       : SAVE CHECKSUM:9946578
SCRIPT       : Chernarus::Weather::Rain::ForceEnd:: ( 9.37169 ) 0 -> 0
SCRIPT       : [MoreDoors] MissionServer --> Sending instance of cfg to client: Trenton17B
SCRIPT       : [FBF_Config] MissionServer --> Sending instance of cfg to client: Trenton17B
SCRIPT       : [CP] -> Sucessfully sent: Trenton17B CP Plus Config!
SCRIPT       : [EditorLoader] OnInvokeConnect
SCRIPT       : Chernarus::Weather::Rain::ForceEnd:: ( 9.43839 ) 0 -> 0
SCRIPT       : SAVE CHECKSUM:9946578
SCRIPT       : SAVE CHECKSUM:9946578
SCRIPT       : Chernarus::Weather::Rain::ForceEnd:: ( 9.50509 ) 0 -> 0
SCRIPT       : SAVE CHECKSUM:9946578
SCRIPT       : SAVE CHECKSUM:9946578
SCRIPT       : SAVE CHECKSUM:9946578
SCRIPT       : Chernarus::Weather::Overcast:: ( 9.56653 )  overcast: 0.0430219
SCRIPT       : Chernarus::Weather::Overcast::Rain:: ( 9.56653 ) 0
SCRIPT       : Chernarus::Weather::Rain::ForceEnd:: ( 9.57178 ) 0 -> 0
SCRIPT       : [emote] SurvivorM_Lewis:02 play emote id=11 IH=TWP_AK47Tactical:021231
SCRIPT       : SAVE CHECKSUM:9946578
SCRIPT       : SAVE CHECKSUM:9946578
SCRIPT       : SAVE CHECKSUM:9946578
SCRIPT       : [Logout]: New player mBNlxASsPlOcry0dpDl8K-WgHNR5WMCMmoJ9NhpU4FY= with logout time 15
SCRIPT       : string s =    'OnUnconsciousStart'
SCRIPT       : [EditorLoader] OnClientDisconnect
SCRIPT       : [Logout]: Player mBNlxASsPlOcry0dpDl8K-WgHNR5WMCMmoJ9NhpU4FY= finished
SCRIPT       : SAVE CHECKSUM:9946578
SCRIPT       : string s =    'OnUnconsciousStop'
SCRIPT       : string s =    'OnUnconsciousStart'
SCRIPT       : Chernarus::Weather::Rain::ForceEnd:: ( 9.63848 ) 0 -> 0
SCRIPT       : string s =    'OnUnconsciousStop'
SCRIPT       : SurvivorM_Cyril:03 STS=8415 event EEKilled, player has died at STS=8415
SCRIPT       : EEKilled - processing corpse
SCRIPT       : string s =    'OnUnconsciousStart'
SCRIPT       : string s =    'OnUnconsciousStop'
SCRIPT       : [MoreDoors] MissionServer --> Sending instance of cfg to client: BnYrB
SCRIPT       : [FBF_Config] MissionServer --> Sending instance of cfg to client: BnYrB
SCRIPT       : [CP] -> Sucessfully sent: BnYrB CP Plus Config!
SCRIPT       : ********* LoadStats loading version: 115
SCRIPT       : LOAD checksum:9946578
SCRIPT       : ---- PlayerBase OnStoreLoad SUCCESS ----
SCRIPT       : [EditorLoader] OnInvokeConnect
SCRIPT    (E): NULL pointer to instance
Class:      'CustomMission'
Function: 'mercenaryClass'
Stack trace:
$CurrentDir:mpmissions\Expansion.deerisle\init.c:375
$CurrentDir:mpmissions\Expansion.deerisle\init.c:473
scripts/5_Mission/mission\missionserver.c:332
SpawnSelect/Scripts/5_Mission/missionshared.c:329
scripts/5_Mission/mission\missionserver.c:133
GameLabs/Scripts/5_Mission/ћ*бэєбџъкѕ.fxy:8
JM/CF/Scripts/5_Mission/communityframework\mission\missionserver.c:18
scripts/3_Game/dayzgame.c:1355
SCRIPT       : [EditorLoader] OnInvokeConnect
SCRIPT       : SAVE CHECKSUM:9946578
SCRIPT       : SAVE CHECKSUM:9946578
SCRIPT       : SAVE CHECKSUM:9946578
SCRIPT       : string s =    'OnUnconsciousStart'
SCRIPT       : SurvivorM_Lewis:02 STS=1685 event EEKilled, player has died at STS=1685
SCRIPT       : EEKilled - processing corpse
SCRIPT       : string s =    'OnUnconsciousStop'
SCRIPT       : [EditorLoader] OnInvokeConnect
SCRIPT       : Chernarus::Weather::Fog:: ( 9.70326 ) 0.0587127
SCRIPT       : Chernarus::Weather::Rain::ForceEnd:: ( 9.70518 ) 0 -> 0
SCRIPT       : SAVE CHECKSUM:9946578
SCRIPT       : SAVE CHECKSUM:9946578
SCRIPT       : SAVE CHECKSUM:9946578
SCRIPT       : Chernarus::Weather::Rain::ForceEnd:: ( 9.77188 ) 0 -> 0
SCRIPT       : SAVE CHECKSUM:9946578
SCRIPT       : SAVE CHECKSUM:9946578
SCRIPT       : SAVE CHECKSUM:9946578
SCRIPT       : Chernarus::Weather::Rain::ForceEnd:: ( 9.83857 ) 0 -> 0
SCRIPT       : OnVehicleSeatDriverEnter
SCRIPT       : SAVE id:4
SCRIPT       : SAVE id_bit_offset:4
SCRIPT       : SAVE write_result:2621504
SCRIPT       : SAVE CHECKSUM:9946578
SCRIPT       : SAVE CHECKSUM:9946578
SCRIPT       : SAVE CHECKSUM:9946578
SCRIPT       : OnVehicleSeatDriverLeft
SCRIPT       : Chernarus::Weather::Rain::ForceEnd:: ( 9.90527 ) 0 -> 0
SCRIPT       : SAVE CHECKSUM:9946578
SCRIPT       : SAVE CHECKSUM:9946578
SCRIPT       : SAVE CHECKSUM:9946578
SCRIPT       : Chernarus::Weather::Rain::ForceEnd:: ( 9.97197 ) 0 -> 0
SCRIPT       : OnVehicleSeatDriverEnter
SCRIPT       : OnVehicleSeatDriverLeft
SCRIPT       : SAVE CHECKSUM:9946578
SCRIPT       : SAVE CHECKSUM:9946578
SCRIPT       : SAVE CHECKSUM:9946578
SCRIPT       : Chernarus::Weather::Rain:: ( 10.0387 ) 0
SCRIPT       : Chernarus::Weather::Rain:: ( 10.0559 ) 0.0100162
SCRIPT       : Chernarus::Weather::Rain:: ( 10.0787 ) 0.0481826
SCRIPT       : Chernarus::Weather::Rain:: ( 10.1065 ) 0.0344737
SCRIPT       : SAVE CHECKSUM:9946578
SCRIPT       : SAVE CHECKSUM:9946578
SCRIPT       : SAVE CHECKSUM:9946578
SCRIPT       : SAVE CHECKSUM:9946578
SCRIPT       : SAVE CHECKSUM:9946578
SCRIPT       : SAVE CHECKSUM:9946578
SCRIPT       : Chernarus::Weather::Rain:: ( 10.1919 ) 0
SCRIPT       : DisableTemple() called...
SCRIPT       : Chernarus::Weather::Fog:: ( 10.2069 ) 0.0553126
SCRIPT       : SAVE CHECKSUM:9946578
SCRIPT       : SAVE id:79
SCRIPT       : SAVE id_bit_offset:4
SCRIPT       : SAVE write_result:8520944
SCRIPT       : SAVE CHECKSUM:9946578
SCRIPT       : SAVE CHECKSUM:9946578
SCRIPT       : Chernarus::Weather::Rain:: ( 10.278 ) 0
SCRIPT    (E): NULL pointer to instance
Class:      'DayZPlayerInventory'
Function: 'ProccessInputData'
Stack trace:
scripts/4_World/systems\inventory\dayzplayerinventory.c:546
scripts/4_World/systems\inventory\dayzplayerinventory.c:1102
scripts/4_World/systems\inventory\dayzplayerinventory.c:448
SCRIPT       : SAVE CHECKSUM:9946578
SCRIPT       : SAVE CHECKSUM:9946578
SCRIPT       : SAVE CHECKSUM:9946578
SCRIPT       : Chernarus::Weather::Overcast:: ( 10.3858 )  overcast: 0.638087
SCRIPT       : Chernarus::Weather::Overcast::Rain:: ( 10.3858 ) 0
SCRIPT       : Chernarus::Weather::Rain:: ( 10.3889 ) 0
SCRIPT       : { type=CARGO item=TraderPlus_Money_Dollar10:030801 parent=GorkaPants_Autumn:032409 idx=0 row=1 col=3 f=false }
SCRIPT       : { type=CARGO item=TraderPlus_Money_Dollar10:030801 parent=GorkaPants_Autumn:032409 idx=0 row=2 col=3 f=false }
SCRIPT       : { type=CARGO item=TraderPlus_Money_Dollar10:030801 parent=GorkaPants_Autumn:032409 idx=0 row=3 col=3 f=false }
SCRIPT       : SAVE CHECKSUM:9946578
SCRIPT       : SAVE CHECKSUM:9946578
SCRIPT       : SAVE CHECKSUM:9946578
SCRIPT       : { type=CARGO item=TraderPlus_Money_Dollar10:030801 parent=GorkaPants_Autumn:032409 idx=0 row=4 col=0 f=false }
SCRIPT       : { type=CARGO item=TraderPlus_Money_Dollar10:030801 parent=GorkaPants_Autumn:032409 idx=0 row=4 col=2 f=false }
SCRIPT       : [inv] ReplaceItemWithNewLambdaBase Step B) remove OK, loc={ type=HANDS item=AmmoBox_12gaRubberSlug_10Rnd:031112 parent=SurvivorM_Cyril:04 }
SCRIPT       : UnboxLambda::SetupNewMagazine new_item=Ammunition_Base<84ebe50> count=10
SCRIPT       : SAVE CHECKSUM:9946578
SCRIPT       : SAVE CHECKSUM:9946578
SCRIPT       : SAVE CHECKSUM:9946578
SCRIPT       : Chernarus::Weather::Rain::ForceEnd:: ( 10.4981 ) 0 -> 0
SCRIPT       : SAVE CHECKSUM:9946578
SCRIPT       : SAVE CHECKSUM:9946578
SCRIPT       : SAVE CHECKSUM:9946578
SCRIPT       : Chernarus::Weather::Rain::ForceEnd:: ( 10.5648 ) 0 -> 0
SCRIPT       : Chernarus::Weather::Rain::ForceEnd:: ( 10.6315 ) 0 -> 0
SCRIPT       : SAVE CHECKSUM:9946578
SCRIPT       : SAVE CHECKSUM:9946578
SCRIPT       : SAVE CHECKSUM:9946578
SCRIPT       : Chernarus::Weather::Rain::ForceEnd:: ( 10.6982 ) 0 -> 0
SCRIPT       : SAVE CHECKSUM:9946578
SCRIPT       : SAVE CHECKSUM:9946578
SCRIPT       : SAVE CHECKSUM:9946578
SCRIPT       : [MoreDoors] MissionServer --> Sending instance of cfg to client: Cygnus
SCRIPT       : [FBF_Config] MissionServer --> Sending instance of cfg to client: Cygnus
SCRIPT       : [CP] -> Sucessfully sent: Cygnus CP Plus Config!
SCRIPT       : ********* LoadStats loading version: 115
SCRIPT       : LOAD checksum:1213035715
SCRIPT       : Stomach checksum fail
SCRIPT       : ---- PlayerBase OnStoreLoad SUCCESS ----
SCRIPT       : [EditorLoader] OnInvokeConnect
SCRIPT       : Chernarus::Weather::Rain::ForceEnd:: ( 10.7649 ) 0 -> 0
SCRIPT       : SAVE CHECKSUM:9946578
SCRIPT       : SAVE CHECKSUM:9946578
SCRIPT       : SAVE CHECKSUM:9946578
SCRIPT       : SAVE CHECKSUM:9946578
SCRIPT       : Chernarus::Weather::Rain::ForceEnd:: ( 10.8315 ) 0 -> 0
SCRIPT       : SAVE id:39
SCRIPT       : SAVE id_bit_offset:4
SCRIPT       : SAVE write_result:12845681
SCRIPT       : SAVE CHECKSUM:9946578
SCRIPT       : SAVE CHECKSUM:9946578
SCRIPT       : SAVE CHECKSUM:9946578
SCRIPT       : SAVE CHECKSUM:9946578
SCRIPT       : Chernarus::Weather::Rain::ForceEnd:: ( 10.8982 ) 0 -> 0
SCRIPT       : SAVE CHECKSUM:9946578
SCRIPT       : SAVE CHECKSUM:9946578
SCRIPT       : SAVE CHECKSUM:9946578
SCRIPT       : SAVE CHECKSUM:9946578
SCRIPT       : Chernarus::Weather::Rain::ForceEnd:: ( 10.9649 ) 0 -> 0
SCRIPT       : SAVE CHECKSUM:9946578
SCRIPT       : SAVE CHECKSUM:9946578
SCRIPT       : SAVE CHECKSUM:9946578
SCRIPT       : SAVE CHECKSUM:9946578
SCRIPT       : Chernarus::Weather::Rain::ForceEnd:: ( 11.0316 ) 0 -> 0
SCRIPT       : string s =    'OnUnconsciousStart'
SCRIPT       : SAVE CHECKSUM:9946578
SCRIPT       : SAVE CHECKSUM:9946578
SCRIPT       : SAVE CHECKSUM:9946578
SCRIPT       : SAVE CHECKSUM:9946578
SCRIPT       : Chernarus::Weather::Rain::ForceEnd:: ( 11.0983 ) 0 -> 0
SCRIPT       : Chernarus::Weather::Overcast:: ( 11.1198 )  overcast: 0.130503
SCRIPT       : Chernarus::Weather::Overcast::Rain:: ( 11.1198 ) 0
SCRIPT       : SAVE CHECKSUM:9946578
SCRIPT       : SAVE CHECKSUM:9946578
SCRIPT       : SAVE CHECKSUM:9946578
SCRIPT       : SAVE CHECKSUM:9946578
SCRIPT       : Chernarus::Weather::Rain::ForceEnd:: ( 11.165 ) 0 -> 0
SCRIPT       : Chernarus::Weather::Fog:: ( 11.2225 ) 0.0932127
SCRIPT       : Chernarus::Weather::Rain::ForceEnd:: ( 11.2317 ) 0 -> 0
SCRIPT       : SAVE CHECKSUM:9946578
SCRIPT       : SAVE CHECKSUM:9946578
SCRIPT       : SAVE CHECKSUM:9946578
SCRIPT       : SAVE CHECKSUM:9946578
SCRIPT       : [Logout]: New player mBNlxASsPlOcry0dpDl8K-WgHNR5WMCMmoJ9NhpU4FY= with logout time 15
SCRIPT       : [Logout]: Player mBNlxASsPlOcry0dpDl8K-WgHNR5WMCMmoJ9NhpU4FY= cancelled
SCRIPT       : [Logout]: Player mBNlxASsPlOcry0dpDl8K-WgHNR5WMCMmoJ9NhpU4FY= cancelled
SCRIPT       : [EditorLoader] OnInvokeConnect
SCRIPT       : Chernarus::Weather::Rain::ForceEnd:: ( 11.2984 ) 0 -> 0
SCRIPT       : SAVE CHECKSUM:9946578
SCRIPT       : SAVE CHECKSUM:9946578
SCRIPT       : SAVE CHECKSUM:9946578
SCRIPT       : SAVE CHECKSUM:9946578
SCRIPT       : Chernarus::Weather::Rain::ForceEnd:: ( 11.3651 ) 0 -> 0
SCRIPT       : SAVE CHECKSUM:9946578
SCRIPT       : SAVE CHECKSUM:9946578
SCRIPT       : SAVE CHECKSUM:9946578
SCRIPT       : SAVE CHECKSUM:9946578
SCRIPT       : Chernarus::Weather::Rain:: ( 11.4318 ) 0
SCRIPT       : SAVE CHECKSUM:9946578
SCRIPT       : SAVE CHECKSUM:9946578
SCRIPT       : SAVE CHECKSUM:9946578
SCRIPT       : SAVE CHECKSUM:9946578
SCRIPT       : Chernarus::Weather::Rain:: ( 11.4679 ) 0.126444
SCRIPT       : Chernarus::Weather::Rain:: ( 11.4879 ) 0.213984
SCRIPT       : [emote] SurvivorM_Indar:01 play emote id=14 IH=MP5K:06167
SCRIPT       : [Logout]: New player hDo_Btwm72QwlIopq6csO7iMF3JQfMqHeAzHsQsXTmo= with logout time 15
SCRIPT       : [emote] SurvivorM_Mirek:03 play emote id=14 IH=null
SCRIPT       : [EditorLoader] OnClientDisconnect
SCRIPT       : [Logout]: Player hDo_Btwm72QwlIopq6csO7iMF3JQfMqHeAzHsQsXTmo= finished
SCRIPT       : SAVE CHECKSUM:9946578
SCRIPT       : Chernarus::Weather::Rain:: ( 11.5268 ) 0.0816919
SCRIPT       : SAVE CHECKSUM:9946578
SCRIPT       : SAVE CHECKSUM:9946578
SCRIPT       : SAVE CHECKSUM:9946578
SCRIPT       : [Logout]: New player Pk9FmI0iGIJV90L0o-uI7ivHc45DZnNcAVX3v1GVD5Y= with logout time 15
SCRIPT       : [EditorLoader] OnClientDisconnect
SCRIPT       : [Logout]: Player Pk9FmI0iGIJV90L0o-uI7ivHc45DZnNcAVX3v1GVD5Y= finished
SCRIPT       : SAVE CHECKSUM:9946578
SCRIPT       : [Logout]: New player MVPVPec7vKQmNerpqVH-rYBrTlU8iLkcOj3kiEBzLdU= with logout time 15
SCRIPT       : [Logout]: New player mBNlxASsPlOcry0dpDl8K-WgHNR5WMCMmoJ9NhpU4FY= with logout time 15
SCRIPT       : [EditorLoader] OnClientDisconnect
SCRIPT       : [Logout]: Player MVPVPec7vKQmNerpqVH-rYBrTlU8iLkcOj3kiEBzLdU= finished
SCRIPT       : SAVE CHECKSUM:9946578
SCRIPT       : [EditorLoader] OnClientDisconnect
SCRIPT       : [Logout]: Player mBNlxASsPlOcry0dpDl8K-WgHNR5WMCMmoJ9NhpU4FY= finished
SCRIPT       : SAVE CHECKSUM:9946578
SCRIPT       : ~PluginMCKLogs Closed
SCRIPT       : ~DayZGame()
