---------------------------------------------
Log C:\Program Files (x86)\Steam\steamapps\common\DayZServer\myprofile\script_2021-05-16_18-00-18.log started at 16.05. 18:00:18

SCRIPT       : Registered 240 temporary action enum(s), UAN==240
SCRIPT    (W): @"ToxicZone/scripts/3_Game/toxicconfig\config\staticzone\statictoxicareasettings.c,108": Missing ';' at the end of line
SCRIPT       : CF_CreateGame()
SCRIPT       : ... Backlit Effects Enabled
SCRIPT       : DZM_Projects Map! by DaOne
SCRIPT    (W): @"MuchStuffPack/MSP_Scripts/4_World/codelock\actions\actionraidcodelockonmsp.c,44": Missing ';' at the end of line
SCRIPT    (W): @"BuildAnywhere_v3/scripts/4_World/Entities/GardenBase/ісћѐьр*џ.rvmat,52": Missing ';' at the end of line
SCRIPT    (W): @"deerisle/Deerisle_Security_System/scripts/4_World/deerisle-security-system\config\securityconfig.c,49": Missing ';' at the end of line
SCRIPT    (W): @"BPGaz/scripts/ќѕ?юіаѕэёю.wsi,6": Missing ';' at the end of line
SCRIPT    (W): @"CannabisPlus/scripts/4_world/cannabisplus.c,391": Missing ';' at the end of line
SCRIPT    (W): @"ModularVestSystem/scripts/4_World/mvs_taco.c,19": Missing ';' at the end of line
SCRIPT    (W): @"BaseBuildingPlus/scripts/4_World/items\xmas_lights\bbp_xmaslights_9v.c,54": Missing ';' at the end of line
SCRIPT    (W): @"MuchStuffPack/MSP_Scripts/4_World/codelock\actions\actioninteractlockonmsp.c,71": Unsafe down-casting, use 'EntityAI.Cast' for safe down-casting
SCRIPT    (W): @"MuchStuffPack/MSP_Scripts/4_World/codelock\actions\actioninteractlockonmsp.c,85": Unsafe down-casting, use 'ItemBase.Cast' for safe down-casting
SCRIPT    (W): @"MuchStuffPack/MSP_Scripts/4_World/codelock\actions\actioninteractlockonmsp.c,90": Unsafe down-casting, use 'ItemBase.Cast' for safe down-casting
SCRIPT    (W): @"TraderPlus/scripts/4_World/classes\tradersystemhandler\helpers\traderplushelpers.c,65": Unsafe down-casting, use 'Magazine.Cast' for safe down-casting
SCRIPT    (W): @"TraderPlus/scripts/4_World/classes\tradersystemhandler\helpers\traderplushelpers.c,66": Unsafe down-casting, use 'Magazine.Cast' for safe down-casting
SCRIPT    (W): @"TraderPlus/scripts/4_World/classes\tradersystemhandler\helpers\traderplushelpers.c,71": Unsafe down-casting, use 'Magazine.Cast' for safe down-casting
SCRIPT    (W): @"TraderPlus/scripts/4_World/classes\tradersystemhandler\helpers\traderplushelpers.c,72": Unsafe down-casting, use 'Magazine.Cast' for safe down-casting
SCRIPT       : ::: [BuildAnywhere_v3_World<a11af5c0>]: ver: 3.4.06.05.2021 init
SCRIPT    (W): @"LBmaster_UndergroundLighting/scripts/5_Mission/UndergroundLighting/mission/эѓљ*лњФы.rvmat,295": Unsafe down-casting, use 'PlayerBase.Cast' for safe down-casting
SCRIPT    (W): @"ZomBerry/AT/scripts/5_Mission/zomberrystockfnc.c,218": No need to use 'Cast' for up-casting
SCRIPT    (W): @"ZomBerry/AT/scripts/5_Mission/zomberrystockfnc.c,225": No need to use 'Cast' for up-casting
SCRIPT    (W): @"ZomBerry/AT/scripts/5_Mission/zomberrystockfnc.c,234": No need to use 'Cast' for up-casting
SCRIPT    (W): @"$CurrentDir:mpmissions\Expansion.deerisle\init.c,104": Unsafe down-casting, use 'ItemBase.Cast' for safe down-casting
SCRIPT    (W): @"$CurrentDir:mpmissions\Expansion.deerisle\init.c,106": Unsafe down-casting, use 'ItemBase.Cast' for safe down-casting
SCRIPT    (W): @"$CurrentDir:mpmissions\Expansion.deerisle\init.c,124": Unsafe down-casting, use 'ItemBase.Cast' for safe down-casting
SCRIPT    (W): @"$CurrentDir:mpmissions\Expansion.deerisle\init.c,126": Unsafe down-casting, use 'ItemBase.Cast' for safe down-casting
SCRIPT    (W): @"$CurrentDir:mpmissions\Expansion.deerisle\init.c,161": Unsafe down-casting, use 'ItemBase.Cast' for safe down-casting
SCRIPT    (W): @"$CurrentDir:mpmissions\Expansion.deerisle\init.c,164": Unsafe down-casting, use 'ItemBase.Cast' for safe down-casting
SCRIPT    (W): @"$CurrentDir:mpmissions\Expansion.deerisle\init.c,207": Unsafe down-casting, use 'ItemBase.Cast' for safe down-casting
SCRIPT    (W): @"$CurrentDir:mpmissions\Expansion.deerisle\init.c,211": Unsafe down-casting, use 'ItemBase.Cast' for safe down-casting
SCRIPT    (W): @"$CurrentDir:mpmissions\Expansion.deerisle\init.c,256": Unsafe down-casting, use 'ItemBase.Cast' for safe down-casting
SCRIPT    (W): @"$CurrentDir:mpmissions\Expansion.deerisle\init.c,291": Unsafe down-casting, use 'ItemBase.Cast' for safe down-casting
SCRIPT    (W): @"$CurrentDir:mpmissions\Expansion.deerisle\init.c,293": Unsafe down-casting, use 'ItemBase.Cast' for safe down-casting
SCRIPT    (W): @"$CurrentDir:mpmissions\Expansion.deerisle\init.c,296": Unsafe down-casting, use 'ItemBase.Cast' for safe down-casting
SCRIPT    (W): @"$CurrentDir:mpmissions\Expansion.deerisle\init.c,328": Unsafe down-casting, use 'ItemBase.Cast' for safe down-casting
SCRIPT    (W): @"$CurrentDir:mpmissions\Expansion.deerisle\init.c,333": Unsafe down-casting, use 'ItemBase.Cast' for safe down-casting
SCRIPT    (W): @"$CurrentDir:mpmissions\Expansion.deerisle\init.c,369": Unsafe down-casting, use 'ItemBase.Cast' for safe down-casting
SCRIPT    (W): @"$CurrentDir:mpmissions\Expansion.deerisle\init.c,371": Unsafe down-casting, use 'ItemBase.Cast' for safe down-casting
SCRIPT    (W): @"$CurrentDir:mpmissions\Expansion.deerisle\init.c,374": Unsafe down-casting, use 'ItemBase.Cast' for safe down-casting
SCRIPT    (W): @"$CurrentDir:mpmissions\Expansion.deerisle\init.c,377": Unsafe down-casting, use 'ItemBase.Cast' for safe down-casting
SCRIPT    (W): @"$CurrentDir:mpmissions\Expansion.deerisle\init.c,411": Unsafe down-casting, use 'ItemBase.Cast' for safe down-casting
SCRIPT    (W): @"$CurrentDir:mpmissions\Expansion.deerisle\init.c,414": Unsafe down-casting, use 'ItemBase.Cast' for safe down-casting
SCRIPT    (W): @"$CurrentDir:mpmissions\Expansion.deerisle\init.c,417": Unsafe down-casting, use 'ItemBase.Cast' for safe down-casting
SCRIPT    (W): @"$CurrentDir:mpmissions\Expansion.deerisle\init.c,453": Unsafe down-casting, use 'ItemBase.Cast' for safe down-casting
SCRIPT    (W): @"$CurrentDir:mpmissions\Expansion.deerisle\init.c,457": Unsafe down-casting, use 'ItemBase.Cast' for safe down-casting
SCRIPT       : Init: PluginMCKLogs
SCRIPT       : Creating ModuleManager
SCRIPT       : CF_CreateWorld()
SCRIPT       : Inserted Module (HOST): EditorLoaderModule
SCRIPT       : Modules Loaded
SCRIPT       : 0 -> EditorLoaderModule
SCRIPT       : 16.05.2021 18:00:29 [ZomBerry]: Starting Server side v0.6.2
SCRIPT       : [AirdropSafezones] Settings classes created.
SCRIPT       : [AirdropSafezones.Load] Safezones file loaded & resaved.
SCRIPT       : [AirdropSettings] Settings classes created.
SCRIPT       : [AirdropSettings.Load] Settings file loaded & resaved.
SCRIPT       : GetDeerIsleBase()...
SCRIPT       : [BBP] 'BBP_Settings' found, loading...
SCRIPT       : [MCK_CarLockPickConfig] '$profile:MCK_CarLockPickConfig/CarLockPickConfig.json' found, loading existing config!
SCRIPT       : [MSP_Codelock_Config] '$profile:\CodeLock\MSP_CodeLockConfig.json' found, loading existing config!
SCRIPT       : 16.05.2021 18:00:29 [ZomBerryConfig]: INFO: Profile dir is: myprofile
SCRIPT       : 16.05.2021 18:00:29 [ZomBerryConfig]: INFO: Config files will be loaded from: myprofile
SCRIPT       : 16.05.2021 18:00:29 [ZomBerryLogger]: INFO: Will try to create ZomBerry log file in profile directory: myprofile\ZomBerry\
SCRIPT       : 16.05.2021 18:00:29 [ZomBerryLogger]: INFO: Switching to logfile: $profile:ZomBerry\ZomBerry_16-05-2021_18-00-29.log
SCRIPT       : [MoreDoorConfig] Server Cfg loading...
SCRIPT       : [MoreDoorConfig] '$profile:MoreDoors/MoorDoors_Settings.json' found, loading existing config!
SCRIPT       : [Notifications] OnInit
SCRIPT       : [Notifications] Loading Config
SCRIPT       : [CP] Config Sucessfully loaded!
SCRIPT       : [FBF_Config] Server Cfg loading...
SCRIPT       : [FBF_Config] '$profile:FBF_Config/FBFConfig.json' found, loading existing config!
SCRIPT       : [EditorLoader] OnMissionStart
SCRIPT       : [EditorLoader] File found: Bunkers2dot0.dze
SCRIPT       : [EditorLoader] Loaded $profile:/EditorFiles/Bunkers2dot0.dze
SCRIPT       : [EditorLoader] 58 created objects found
SCRIPT       : [EditorLoader] 1 deleted objects found
SCRIPT       : [EditorLoader] Deleting 1 buildings
SCRIPT       : [EditorLoader] Creating 58 buildings
SCRIPT       : [wpnfsm] Warning! OnStoreLoad - cannot load curent weapon state, id=0
SCRIPT       : [wpnfsm] Warning! OnStoreLoad - cannot load curent weapon state, id=0
SCRIPT       : [wpnfsm] Warning! OnStoreLoad - cannot load curent weapon state, id=0
SCRIPT       : [wpnfsm] Warning! OnStoreLoad - cannot load curent weapon state, id=0
SCRIPT       : [wpnfsm] Warning! OnStoreLoad - cannot load curent weapon state, id=0
SCRIPT       : [wpnfsm] Warning! OnStoreLoad - cannot load curent weapon state, id=0
SCRIPT       : [wpnfsm] Warning! OnStoreLoad - cannot load curent weapon state, id=0
SCRIPT       : [wpnfsm] Warning! OnStoreLoad - cannot load curent weapon state, id=0
SCRIPT       : [wpnfsm] Warning! OnStoreLoad - cannot load curent weapon state, id=0
SCRIPT       : [wpnfsm] Warning! OnStoreLoad - cannot load curent weapon state, id=0
SCRIPT       : [wpnfsm] Warning! OnStoreLoad - cannot load curent weapon state, id=0
SCRIPT       : [wpnfsm] Warning! OnStoreLoad - cannot load curent weapon state, id=0
SCRIPT       : [wpnfsm] Warning! OnStoreLoad - cannot load curent weapon state, id=0
SCRIPT       : [wpnfsm] Warning! OnStoreLoad - cannot load curent weapon state, id=0
SCRIPT       : [wpnfsm] Warning! OnStoreLoad - cannot load curent weapon state, id=0
SCRIPT       : [wpnfsm] Warning! OnStoreLoad - cannot load curent weapon state, id=0
SCRIPT       : [wpnfsm] Warning! OnStoreLoad - cannot load curent weapon state, id=0
SCRIPT       : [wpnfsm] Warning! OnStoreLoad - cannot load curent weapon state, id=0
SCRIPT       : [wpnfsm] Warning! OnStoreLoad - cannot load curent weapon state, id=0
SCRIPT       : [wpnfsm] Warning! OnStoreLoad - cannot load curent weapon state, id=0
SCRIPT       : [wpnfsm] Warning! OnStoreLoad - cannot load curent weapon state, id=0
SCRIPT       : [wpnfsm] Warning! OnStoreLoad - cannot load curent weapon state, id=0
SCRIPT       : [wpnfsm] Warning! OnStoreLoad - cannot load curent weapon state, id=0
SCRIPT       : file exist ! loading...
SCRIPT       : file exist ! loading...
SCRIPT       : file exist ! loading...
SCRIPT       : file exist ! loading...
SCRIPT       : file exist ! loading...
SCRIPT       : [MoreDoors] MissionServer --> Sending instance of cfg to client: Mr Wolf
SCRIPT       : [FBF_Config] MissionServer --> Sending instance of cfg to client: Mr Wolf
SCRIPT       : [CP] -> Sucessfully sent: Mr Wolf CP Plus Config!
SCRIPT       : AnimSoundObjectBuilderBank: Invalid sound set "generalgrunt_SoundVoice_Char_SoundSet".
SCRIPT       : AnimSoundObjectBuilderBank: Invalid sound set "greathelmet_generalgrunt_SoundVoice_Char_SoundSet".
SCRIPT       : AnimSoundObjectBuilderBank: Invalid sound set "Gasmask_generalgrunt_SoundVoice_Char_SoundSet".
SCRIPT       : AnimSoundObjectBuilderBank: Invalid sound set "Motohelmet_generalgrunt_SoundVoice_Char_SoundSet".
SCRIPT       : AnimSoundObjectBuilderBank: Invalid sound set "Gag_generalgrunt_SoundVoice_Char_SoundSet".
SCRIPT       : ********* LoadStats loading version: 115
SCRIPT       : LOAD checksum:1213035715
SCRIPT       : ---- PlayerBase OnStoreLoad SUCCESS ----
SCRIPT       : [EditorLoader] OnInvokeConnect
SCRIPT       : Chernarus::Weather::Rain::ForceEnd:: ( 10.9135 ) 0 -> 0
SCRIPT       : [MoreDoors] MissionServer --> Sending instance of cfg to client: Mrs Wolf
SCRIPT       : [FBF_Config] MissionServer --> Sending instance of cfg to client: Mrs Wolf
SCRIPT       : [CP] -> Sucessfully sent: Mrs Wolf CP Plus Config!
SCRIPT       : ********* LoadStats loading version: 115
SCRIPT       : LOAD value:22020400
SCRIPT       : LOAD id:19
SCRIPT       : LOAD id_bit_offset:4
SCRIPT       : LOAD food_stage:0
SCRIPT       : LOAD checksum:1213035715
SCRIPT       : ---- PlayerBase OnStoreLoad SUCCESS ----
SCRIPT       : [EditorLoader] OnInvokeConnect
SCRIPT       : SAVE CHECKSUM:1213035715
SCRIPT       : SAVE id:19
SCRIPT       : SAVE id_bit_offset:4
SCRIPT       : SAVE write_result:19005744
SCRIPT       : SAVE CHECKSUM:1213035715
SCRIPT       : Chernarus::Weather::Rain::ForceEnd:: ( 10.9802 ) 0 -> 0
SCRIPT       : OnVehicleSeatDriverEnter
SCRIPT       : SAVE CHECKSUM:1213035715
SCRIPT       : SAVE CHECKSUM:1213035715
SCRIPT       : Chernarus::Weather::Rain::ForceEnd:: ( 11.0469 ) 0 -> 0
SCRIPT       : Chernarus::Weather::Fog:: ( 11.0641 ) 0.020603
SCRIPT       : SAVE CHECKSUM:1213035715
SCRIPT       : SAVE CHECKSUM:1213035715
SCRIPT       : Chernarus::Weather::Rain::ForceEnd:: ( 11.1136 ) 0 -> 0
SCRIPT       : [MoreDoors] MissionServer --> Sending instance of cfg to client: Skif
SCRIPT       : [FBF_Config] MissionServer --> Sending instance of cfg to client: Skif
SCRIPT       : [CP] -> Sucessfully sent: Skif CP Plus Config!
SCRIPT       : ********* LoadStats loading version: 115
SCRIPT       : LOAD checksum:1213035715
SCRIPT       : ---- PlayerBase OnStoreLoad SUCCESS ----
SCRIPT       : [EditorLoader] OnInvokeConnect
SCRIPT       : OnVehicleSeatDriverLeft
SCRIPT       : SAVE CHECKSUM:1213035715
SCRIPT       : SAVE CHECKSUM:1213035715
SCRIPT       : SAVE CHECKSUM:1213035715
SCRIPT       : Chernarus::Weather::Rain::ForceEnd:: ( 11.1803 ) 0 -> 0
SCRIPT       : [Logout]: New player HT80BSK6nbyEUuqqNLGOG_NvUVWKXCYBk5YTFLCK4vU= with logout time 15
SCRIPT       : [EditorLoader] OnClientDisconnect
SCRIPT       : [Logout]: Player HT80BSK6nbyEUuqqNLGOG_NvUVWKXCYBk5YTFLCK4vU= finished
SCRIPT       : SAVE CHECKSUM:1213035715
SCRIPT       : Chernarus::Weather::Rain::ForceEnd:: ( 11.247 ) 0 -> 0
SCRIPT       : SAVE CHECKSUM:1213035715
SCRIPT       : SAVE CHECKSUM:1213035715
SCRIPT       : OnVehicleSeatDriverEnter
SCRIPT       : [MoreDoors] MissionServer --> Sending instance of cfg to client: Skif
SCRIPT       : [FBF_Config] MissionServer --> Sending instance of cfg to client: Skif
SCRIPT       : [CP] -> Sucessfully sent: Skif CP Plus Config!
SCRIPT       : ********* LoadStats loading version: 115
SCRIPT       : LOAD checksum:1213035715
SCRIPT       : ---- PlayerBase OnStoreLoad SUCCESS ----
SCRIPT       : [EditorLoader] OnInvokeConnect
SCRIPT       : Chernarus::Weather::Rain::ForceEnd:: ( 11.3137 ) 0 -> 0
SCRIPT       : SAVE CHECKSUM:1213035715
SCRIPT       : SAVE CHECKSUM:1213035715
SCRIPT       : SAVE CHECKSUM:1213035715
SCRIPT       : Chernarus::Weather::Rain::ForceEnd:: ( 11.3804 ) 0 -> 0
SCRIPT       : SAVE CHECKSUM:1213035715
SCRIPT       : SAVE CHECKSUM:1213035715
SCRIPT       : SAVE CHECKSUM:1213035715
SCRIPT       : OnVehicleSeatDriverLeft
SCRIPT       : Chernarus::Weather::Rain::ForceEnd:: ( 11.4471 ) 0 -> 0
SCRIPT       : OnVehicleSeatDriverEnter
SCRIPT       : SAVE CHECKSUM:1213035715
SCRIPT       : SAVE id:52
SCRIPT       : SAVE id_bit_offset:4
SCRIPT       : SAVE write_result:7013186
SCRIPT       : SAVE CHECKSUM:1213035715
SCRIPT       : SAVE CHECKSUM:1213035715
SCRIPT       : Chernarus::Weather::Rain::ForceEnd:: ( 11.5138 ) 0 -> 0
SCRIPT       : Chernarus::Weather::Overcast:: ( 11.5277 )  overcast: 0.420594
SCRIPT       : Chernarus::Weather::Overcast::Rain:: ( 11.5277 ) 0
SCRIPT       : SAVE CHECKSUM:1213035715
SCRIPT       : SAVE CHECKSUM:1213035715
SCRIPT       : SAVE CHECKSUM:1213035715
SCRIPT       : Chernarus::Weather::Rain::ForceEnd:: ( 11.5805 ) 0 -> 0
SCRIPT       : SAVE CHECKSUM:1213035715
SCRIPT       : SAVE CHECKSUM:1213035715
SCRIPT       : SAVE CHECKSUM:1213035715
SCRIPT       : Chernarus::Weather::Rain::ForceEnd:: ( 11.6472 ) 0 -> 0
SCRIPT       : SAVE CHECKSUM:1213035715
SCRIPT       : SAVE CHECKSUM:1213035715
SCRIPT       : SAVE CHECKSUM:1213035715
SCRIPT       : Chernarus::Weather::Rain:: ( 11.7139 ) 0
SCRIPT       : [Logout]: New player HT80BSK6nbyEUuqqNLGOG_NvUVWKXCYBk5YTFLCK4vU= with logout time 15
SCRIPT       : [emote] SurvivorM_Niki:03 play emote id=14 IH=null
SCRIPT       : [EditorLoader] OnClientDisconnect
SCRIPT       : [Logout]: Player HT80BSK6nbyEUuqqNLGOG_NvUVWKXCYBk5YTFLCK4vU= finished
SCRIPT       : SAVE CHECKSUM:1213035715
SCRIPT       : Chernarus::Weather::Rain:: ( 11.7583 ) 0.154321
SCRIPT       : OnVehicleSeatDriverLeft
SCRIPT       : SAVE CHECKSUM:1213035715
SCRIPT       : SAVE CHECKSUM:1213035715
SCRIPT       : [MoreDoors] MissionServer --> Sending instance of cfg to client: Skif
SCRIPT       : [FBF_Config] MissionServer --> Sending instance of cfg to client: Skif
SCRIPT       : [CP] -> Sucessfully sent: Skif CP Plus Config!
SCRIPT       : OnVehicleSeatDriverEnter
SCRIPT       : ********* LoadStats loading version: 115
SCRIPT       : LOAD checksum:1213035715
SCRIPT       : ---- PlayerBase OnStoreLoad SUCCESS ----
SCRIPT       : [EditorLoader] OnInvokeConnect
SCRIPT       : OnVehicleSeatDriverLeft
SCRIPT       : [emote] SurvivorM_Niki:03 play emote id=1 IH=null
SCRIPT       : OnVehicleSeatDriverEnter
SCRIPT       : SAVE CHECKSUM:1213035715
SCRIPT       : SAVE CHECKSUM:1213035715
SCRIPT       : SAVE id:1
SCRIPT       : SAVE id_bit_offset:4
SCRIPT       : SAVE write_result:17367056
SCRIPT       : SAVE CHECKSUM:1213035715
SCRIPT       : Chernarus::Weather::Rain:: ( 11.8714 ) 0
SCRIPT       : [CPApi] Init
SCRIPT       : Posthttps://api.cannabisplus.tk/Logger/One/CP/hcltCLaXq0Sv90WuBaD8RPnakXbEROyVojrM.chq{ "Action": "PickedUp", "Item": "CBDReliefBalm" }
SCRIPT       : Chernarus::Weather::Rain:: ( 11.902 ) 0.54695
SCRIPT       : SAVE CHECKSUM:1213035715
SCRIPT       : SAVE CHECKSUM:1213035715
SCRIPT       : SAVE CHECKSUM:1213035715
SCRIPT       : Chernarus::Weather::Rain:: ( 11.9464 ) 0.268361
SCRIPT       : Chernarus::Weather::Rain:: ( 11.9731 ) 0.464408
SCRIPT       : Chernarus::Weather::Rain:: ( 11.9998 ) 0.576478
SCRIPT       : SAVE CHECKSUM:1213035715
SCRIPT       : SAVE CHECKSUM:1213035715
SCRIPT       : SAVE CHECKSUM:1213035715
SCRIPT       : Chernarus::Weather::Rain:: ( 12.0237 ) 0.549532
SCRIPT       : SAVE CHECKSUM:1213035715
SCRIPT       : SAVE CHECKSUM:1213035715
SCRIPT       : SAVE CHECKSUM:1213035715
SCRIPT       : Chernarus::Weather::Fog:: ( 12.079 ) 0.0240289
SCRIPT       : OnVehicleSeatDriverLeft
SCRIPT       : [inv] ReplaceItemWithNewLambdaBase Step B) remove OK, loc={ type=HANDS item=SpaghettiCan:015063 parent=SurvivorM_Niki:03 }
SCRIPT       : Chernarus::Weather::Rain:: ( 12.1379 ) 0
SCRIPT       : SAVE CHECKSUM:1213035715
SCRIPT       : SAVE CHECKSUM:1213035715
SCRIPT       : SAVE id:21
SCRIPT       : SAVE id_bit_offset:4
SCRIPT       : SAVE write_result:18481488
SCRIPT       : SAVE CHECKSUM:1213035715
SCRIPT       : Chernarus::Weather::Overcast:: ( 12.1861 )  overcast: 0.773992
SCRIPT       : Chernarus::Weather::Overcast::Rain:: ( 12.1861 ) 0
SCRIPT       : [Logout]: New player HT80BSK6nbyEUuqqNLGOG_NvUVWKXCYBk5YTFLCK4vU= with logout time 15
SCRIPT       : [EditorLoader] OnClientDisconnect
SCRIPT       : [Logout]: Player HT80BSK6nbyEUuqqNLGOG_NvUVWKXCYBk5YTFLCK4vU= finished
SCRIPT       : SAVE id:21
SCRIPT       : SAVE id_bit_offset:4
SCRIPT       : SAVE write_result:1376592
SCRIPT       : SAVE CHECKSUM:1213035715
SCRIPT       : SAVE CHECKSUM:1213035715
SCRIPT       : SAVE CHECKSUM:1213035715
SCRIPT       : Chernarus::Weather::Rain:: ( 12.2316 ) 0
SCRIPT       : SAVE CHECKSUM:1213035715
SCRIPT       : SAVE CHECKSUM:1213035715
SCRIPT       : Chernarus::Weather::Rain::ForceEnd:: ( 12.3149 ) 0 -> 0
SCRIPT       : OnVehicleSeatDriverEnter
SCRIPT       : SAVE CHECKSUM:1213035715
SCRIPT       : SAVE CHECKSUM:1213035715
SCRIPT       : Chernarus::Weather::Rain::ForceEnd:: ( 12.3816 ) 0 -> 0
SCRIPT       : OnVehicleSeatDriverLeft
SCRIPT       : [MoreDoors] MissionServer --> Sending instance of cfg to client: Cygnus
SCRIPT       : [FBF_Config] MissionServer --> Sending instance of cfg to client: Cygnus
SCRIPT       : [CP] -> Sucessfully sent: Cygnus CP Plus Config!
SCRIPT       : ********* LoadStats loading version: 115
SCRIPT       : LOAD checksum:1213035715
SCRIPT       : ---- PlayerBase OnStoreLoad SUCCESS ----
SCRIPT       : [EditorLoader] OnInvokeConnect
SCRIPT       : Chernarus::Weather::Rain::ForceEnd:: ( 12.4483 ) 0 -> 0
SCRIPT       : SAVE CHECKSUM:1213035715
SCRIPT       : SAVE CHECKSUM:1213035715
SCRIPT       : SAVE CHECKSUM:1213035715
SCRIPT       : OnVehicleSeatDriverEnter
SCRIPT       : Chernarus::Weather::Rain::ForceEnd:: ( 12.515 ) 0 -> 0
SCRIPT       : SAVE CHECKSUM:1213035715
SCRIPT       : SAVE id:78
SCRIPT       : SAVE id_bit_offset:4
SCRIPT       : SAVE write_result:34866400
SCRIPT       : SAVE CHECKSUM:1213035715
SCRIPT       : SAVE CHECKSUM:1213035715
SCRIPT       : OnVehicleSeatDriverEnter
SCRIPT       : OnVehicleSeatDriverLeft
SCRIPT       : OnVehicleSeatDriverEnter
SCRIPT       : Chernarus::Weather::Rain::ForceEnd:: ( 12.5817 ) 0 -> 0
SCRIPT       : OnVehicleSeatDriverLeft
SCRIPT       : SAVE CHECKSUM:1213035715
SCRIPT       : SAVE CHECKSUM:1213035715
SCRIPT       : SAVE CHECKSUM:1213035715
SCRIPT       : OnVehicleSeatDriverEnter
SCRIPT       : OnVehicleSeatDriverLeft
SCRIPT       : Chernarus::Weather::Rain::ForceEnd:: ( 12.6484 ) 0 -> 0
SCRIPT       : OnVehicleSeatDriverLeft
SCRIPT       : OnVehicleSeatDriverEnter
SCRIPT       : [MoreDoors] MissionServer --> Sending instance of cfg to client: Skif
SCRIPT       : [FBF_Config] MissionServer --> Sending instance of cfg to client: Skif
SCRIPT       : [CP] -> Sucessfully sent: Skif CP Plus Config!
SCRIPT       : SAVE CHECKSUM:1213035715
SCRIPT       : SAVE CHECKSUM:1213035715
SCRIPT       : SAVE CHECKSUM:1213035715
SCRIPT       : ********* LoadStats loading version: 115
SCRIPT       : LOAD value:1376592
SCRIPT       : LOAD id:21
SCRIPT       : LOAD id_bit_offset:4
SCRIPT       : LOAD food_stage:0
SCRIPT       : LOAD checksum:1213035715
SCRIPT       : ---- PlayerBase OnStoreLoad SUCCESS ----
SCRIPT       : [EditorLoader] OnInvokeConnect
SCRIPT       : [inv] ReplaceItemWithNewLambdaBase Step B) remove OK, loc={ type=HANDS item=TunaCan:023419 parent=SurvivorF_Linda:02 }
SCRIPT       : Chernarus::Weather::Rain::ForceEnd:: ( 12.7151 ) 0 -> 0
SCRIPT       : OnVehicleSeatDriverLeft
SCRIPT       : [inv] ReplaceItemWithNewLambdaBase Step B) remove OK, loc={ type=HANDS item=TunaCan:025190 parent=SurvivorF_Linda:02 }
SCRIPT       : [inv] ReplaceItemWithNewLambdaBase Step B) remove OK, loc={ type=HANDS item=TunaCan:026284 parent=SurvivorF_Linda:02 }
SCRIPT       : SAVE CHECKSUM:1213035715
SCRIPT       : SAVE id:23
SCRIPT       : SAVE id_bit_offset:4
SCRIPT       : SAVE write_result:34931056
SCRIPT       : SAVE CHECKSUM:1213035715
SCRIPT       : SAVE CHECKSUM:1213035715
SCRIPT       : SAVE CHECKSUM:1213035715
SCRIPT       : [inv] ReplaceItemWithNewLambdaBase Step B) remove OK, loc={ type=HANDS item=TunaCan:011952 parent=SurvivorF_Linda:02 }
SCRIPT       : OnVehicleSeatDriverEnter
SCRIPT       : OnVehicleSeatDriverLeft
SCRIPT       : OnVehicleSeatDriverEnter
SCRIPT       : Chernarus::Weather::Rain::ForceEnd:: ( 12.7818 ) 0 -> 0
SCRIPT       : SAVE CHECKSUM:1213035715
SCRIPT       : SAVE id:23
SCRIPT       : SAVE id_bit_offset:4
SCRIPT       : SAVE write_result:8388976
SCRIPT       : SAVE CHECKSUM:1213035715
SCRIPT       : SAVE CHECKSUM:1213035715
SCRIPT       : SAVE CHECKSUM:1213035715
SCRIPT       : OnVehicleSeatDriverLeft
SCRIPT       : Chernarus::Weather::Rain::ForceEnd:: ( 12.8485 ) 0 -> 0
SCRIPT       : Chernarus::Weather::Overcast:: ( 12.8527 )  overcast: 0.151415
SCRIPT       : Chernarus::Weather::Overcast::Rain:: ( 12.8527 ) 0
SCRIPT       : material = WoodenLog; quantity = 1
SCRIPT       : OnVehicleSeatDriverEnter
SCRIPT       : SAVE CHECKSUM:1213035715
SCRIPT       : SAVE CHECKSUM:1213035715
SCRIPT       : SAVE CHECKSUM:1213035715
SCRIPT       : SAVE CHECKSUM:1213035715
SCRIPT       : material = Bark_Oak; quantity = 1
SCRIPT       : material = Bark_Oak; quantity = 1
SCRIPT       : Chernarus::Weather::Rain::ForceEnd:: ( 12.9152 ) 0 -> 0
SCRIPT       : SAVE CHECKSUM:1213035715
SCRIPT       : SAVE CHECKSUM:1213035715
SCRIPT       : SAVE CHECKSUM:1213035715
SCRIPT       : SAVE CHECKSUM:1213035715
SCRIPT       : Chernarus::Weather::Rain::ForceEnd:: ( 12.9819 ) 0 -> 0
SCRIPT       : OnVehicleSeatDriverLeft
SCRIPT       : Chernarus::Weather::Rain::ForceEnd:: ( 13.0486 ) 0 -> 0
SCRIPT       : SAVE CHECKSUM:1213035715
SCRIPT       : SAVE CHECKSUM:1213035715
SCRIPT       : SAVE CHECKSUM:1213035715
SCRIPT       : SAVE CHECKSUM:1213035715
SCRIPT       : OnVehicleSeatDriverEnter
SCRIPT       : OnVehicleSeatDriverLeft
SCRIPT       : Chernarus::Weather::Fog:: ( 13.0935 ) 0.0138041
SCRIPT       : Chernarus::Weather::Rain::ForceEnd:: ( 13.1153 ) 0 -> 0
SCRIPT       : SAVE CHECKSUM:1213035715
SCRIPT       : SAVE CHECKSUM:1213035715
SCRIPT       : SAVE CHECKSUM:1213035715
SCRIPT       : SAVE CHECKSUM:1213035715
SCRIPT       : OnVehicleSeatDriverEnter
SCRIPT       : OnVehicleSeatDriverLeft
SCRIPT       : OnVehicleSeatDriverEnter
SCRIPT       : OnVehicleSeatDriverLeft
SCRIPT       : OnVehicleSeatDriverEnter
SCRIPT       : Chernarus::Weather::Rain::ForceEnd:: ( 13.182 ) 0 -> 0
SCRIPT       : OnVehicleSeatDriverLeft
SCRIPT       : SAVE CHECKSUM:1213035715
SCRIPT       : SAVE CHECKSUM:1213035715
SCRIPT       : SAVE CHECKSUM:1213035715
SCRIPT       : SAVE CHECKSUM:1213035715
SCRIPT       : [inv] ReplaceItemWithNewLambdaBase Step B) remove OK, loc={ type=HANDS item=TunaCan:012721 parent=SurvivorM_Niki:04 }
SCRIPT       : OnVehicleSeatDriverEnter
SCRIPT       : Chernarus::Weather::Rain::ForceEnd:: ( 13.2487 ) 0 -> 0
SCRIPT       : SAVE CHECKSUM:1213035715
SCRIPT       : SAVE CHECKSUM:1213035715
SCRIPT       : SAVE CHECKSUM:1213035715
SCRIPT       : SAVE CHECKSUM:1213035715
SCRIPT       : OnVehicleSeatDriverEnter
SCRIPT       : OnVehicleSeatDriverEnter
SCRIPT       : OnVehicleSeatDriverLeft
SCRIPT       : OnVehicleSeatDriverLeft
SCRIPT       : Chernarus::Weather::Rain::ForceEnd:: ( 13.3154 ) 0 -> 0
SCRIPT       : OnVehicleSeatDriverLeft
SCRIPT       : OnVehicleSeatDriverEnter
SCRIPT       : SAVE id:78
SCRIPT       : SAVE id_bit_offset:4
SCRIPT       : SAVE write_result:40764640
SCRIPT       : SAVE CHECKSUM:1213035715
SCRIPT       : SAVE CHECKSUM:1213035715
SCRIPT       : SAVE CHECKSUM:1213035715
SCRIPT       : SAVE CHECKSUM:1213035715
SCRIPT       : OnVehicleSeatDriverEnter
SCRIPT       : Chernarus::Weather::Rain::ForceEnd:: ( 13.3821 ) 0 -> 0
SCRIPT       : SAVE CHECKSUM:1213035715
SCRIPT       : SAVE CHECKSUM:1213035715
SCRIPT       : SAVE CHECKSUM:1213035715
SCRIPT       : SAVE CHECKSUM:1213035715
SCRIPT       : OnVehicleSeatDriverLeft
SCRIPT       : Chernarus::Weather::Rain::ForceEnd:: ( 13.4488 ) 0 -> 0
SCRIPT       : OnVehicleSeatDriverEnter
SCRIPT       : OnVehicleSeatDriverEnter
SCRIPT       : OnVehicleSeatDriverLeft
SCRIPT       : OnVehicleSeatDriverLeft
SCRIPT       : SAVE CHECKSUM:1213035715
SCRIPT       : SAVE CHECKSUM:1213035715
SCRIPT       : SAVE CHECKSUM:1213035715
SCRIPT       : SAVE CHECKSUM:1213035715
SCRIPT       : OnVehicleSeatDriverEnter
SCRIPT       : Chernarus::Weather::Rain::ForceEnd:: ( 13.5155 ) 0 -> 0
SCRIPT       : OnVehicleSeatDriverLeft
SCRIPT       : OnVehicleSeatDriverEnter
SCRIPT       : SAVE CHECKSUM:1213035715
SCRIPT       : SAVE CHECKSUM:1213035715
SCRIPT       : SAVE CHECKSUM:1213035715
SCRIPT       : SAVE CHECKSUM:1213035715
SCRIPT       : OnVehicleSeatDriverLeft
SCRIPT       : Chernarus::Weather::Rain::ForceEnd:: ( 13.5821 ) 0 -> 0
SCRIPT       : [MoreDoors] MissionServer --> Sending instance of cfg to client: Jimmy Nickels
SCRIPT       : [FBF_Config] MissionServer --> Sending instance of cfg to client: Jimmy Nickels
SCRIPT       : [CP] -> Sucessfully sent: Jimmy Nickels CP Plus Config!
SCRIPT       : ********* LoadStats loading version: 115
SCRIPT       : LOAD checksum:1213035715
SCRIPT       : ---- PlayerBase OnStoreLoad SUCCESS ----
SCRIPT       : [EditorLoader] OnInvokeConnect
SCRIPT       : Chernarus::Weather::Fog:: ( 13.5971 ) 0.0691891
SCRIPT       : OnVehicleSeatDriverEnter
SCRIPT       : SAVE CHECKSUM:1213035715
SCRIPT       : SAVE CHECKSUM:1213035715
SCRIPT       : SAVE CHECKSUM:1213035715
SCRIPT       : SAVE CHECKSUM:1213035715
SCRIPT       : SAVE CHECKSUM:1213035715
SCRIPT       : Chernarus::Weather::Rain::ForceEnd:: ( 13.6488 ) 0 -> 0
SCRIPT       : OnVehicleSeatDriverLeft
SCRIPT       : OnVehicleSeatDriverEnter
SCRIPT       : OnVehicleSeatDriverEnter
SCRIPT       : OnVehicleSeatDriverLeft
SCRIPT       : OnVehicleSeatDriverLeft
SCRIPT       : Chernarus::Weather::Rain::ForceEnd:: ( 13.7155 ) 0 -> 0
SCRIPT       : SAVE CHECKSUM:1213035715
SCRIPT       : SAVE CHECKSUM:1213035715
SCRIPT       : SAVE CHECKSUM:1213035715
SCRIPT       : SAVE CHECKSUM:1213035715
SCRIPT       : SAVE CHECKSUM:1213035715
SCRIPT       : Chernarus::Weather::Overcast:: ( 13.7233 )  overcast: 0.0697836
SCRIPT       : Chernarus::Weather::Overcast::Rain:: ( 13.7233 ) 0
SCRIPT       : OnVehicleSeatDriverEnter
SCRIPT       : OnVehicleSeatDriverLeft
SCRIPT       : Chernarus::Weather::Rain::ForceEnd:: ( 13.7822 ) 0 -> 0
SCRIPT       : SAVE CHECKSUM:1213035715
SCRIPT       : SAVE CHECKSUM:1213035715
SCRIPT       : SAVE CHECKSUM:1213035715
SCRIPT       : SAVE CHECKSUM:1213035715
SCRIPT       : SAVE CHECKSUM:1213035715
SCRIPT       : OnVehicleSeatDriverEnter
SCRIPT       : OnVehicleSeatDriverLeft
SCRIPT       : Chernarus::Weather::Rain::ForceEnd:: ( 13.8489 ) 0 -> 0
SCRIPT       : OnVehicleSeatDriverEnter
SCRIPT       : OnVehicleSeatDriverEnter
SCRIPT       : SAVE CHECKSUM:1213035715
SCRIPT       : SAVE CHECKSUM:1213035715
SCRIPT       : SAVE CHECKSUM:1213035715
SCRIPT       : SAVE CHECKSUM:1213035715
SCRIPT       : SAVE CHECKSUM:1213035715
SCRIPT       : OnVehicleSeatDriverLeft
SCRIPT       : OnVehicleSeatDriverLeft
SCRIPT       : OnVehicleSeatDriverEnter
SCRIPT       : OnVehicleSeatDriverEnter
SCRIPT       : Chernarus::Weather::Rain::ForceEnd:: ( 13.9156 ) 0 -> 0
SCRIPT       : OnVehicleSeatDriverLeft
SCRIPT       : OnVehicleSeatDriverEnter
SCRIPT       : SAVE CHECKSUM:1213035715
SCRIPT       : SAVE CHECKSUM:1213035715
SCRIPT       : SAVE CHECKSUM:1213035715
SCRIPT       : SAVE CHECKSUM:1213035715
SCRIPT       : SAVE CHECKSUM:1213035715
SCRIPT       : OnVehicleSeatDriverLeft
SCRIPT       : Chernarus::Weather::Rain::ForceEnd:: ( 13.9823 ) 0 -> 0
SCRIPT       : SAVE CHECKSUM:1213035715
SCRIPT       : SAVE CHECKSUM:1213035715
SCRIPT       : SAVE CHECKSUM:1213035715
SCRIPT       : SAVE CHECKSUM:1213035715
SCRIPT       : SAVE CHECKSUM:1213035715
SCRIPT       : Chernarus::Weather::Rain::ForceEnd:: ( 14.049 ) 0 -> 0
SCRIPT       : SAVE CHECKSUM:1213035715
SCRIPT       : SAVE CHECKSUM:1213035715
SCRIPT       : SAVE CHECKSUM:1213035715
SCRIPT       : SAVE CHECKSUM:1213035715
SCRIPT       : SAVE CHECKSUM:1213035715
SCRIPT       : Chernarus::Weather::Fog:: ( 14.1008 ) 0.0564934
SCRIPT       : Chernarus::Weather::Rain:: ( 14.1157 ) 0
SCRIPT       : Chernarus::Weather::Rain:: ( 14.1524 ) 0.112619
SCRIPT       : OnVehicleSeatDriverLeft
SCRIPT       : SAVE CHECKSUM:1213035715
SCRIPT       : SAVE CHECKSUM:1213035715
SCRIPT       : SAVE CHECKSUM:1213035715
SCRIPT       : SAVE CHECKSUM:1213035715
SCRIPT       : SAVE CHECKSUM:1213035715
SCRIPT       : OnVehicleSeatDriverEnter
SCRIPT       : SAVE CHECKSUM:1213035715
SCRIPT       : SAVE CHECKSUM:1213035715
SCRIPT       : SAVE CHECKSUM:1213035715
SCRIPT       : SAVE CHECKSUM:1213035715
SCRIPT       : SAVE CHECKSUM:1213035715
SCRIPT       : Chernarus::Weather::Rain:: ( 14.2511 ) 0
SCRIPT       : OnVehicleSeatDriverEnter
SCRIPT       : SAVE CHECKSUM:1213035715
SCRIPT       : SAVE CHECKSUM:1213035715
SCRIPT       : SAVE CHECKSUM:1213035715
SCRIPT       : SAVE CHECKSUM:1213035715
SCRIPT       : SAVE CHECKSUM:1213035715
SCRIPT       : OnVehicleSeatDriverLeft
SCRIPT       : [inv] ReplaceItemWithNewLambdaBase Step B) remove OK, loc={ type=HANDS item=AmmoBox_357_20Rnd:021270 parent=SurvivorM_Mirek:03 }
SCRIPT       : UnboxLambda::SetupNewMagazine new_item=Ammo_357<9682b0> count=20
SCRIPT       : Chernarus::Weather::Rain:: ( 14.3471 ) 0
SCRIPT       : SAVE CHECKSUM:1213035715
SCRIPT       : SAVE CHECKSUM:1213035715
SCRIPT       : SAVE CHECKSUM:1213035715
SCRIPT       : SAVE CHECKSUM:1213035715
SCRIPT       : SAVE CHECKSUM:1213035715
SCRIPT       : OnVehicleSeatDriverLeft
SCRIPT       : Chernarus::Weather::Rain:: ( 14.4558 ) 0
SCRIPT       : Chernarus::Weather::Overcast:: ( 14.4652 )  overcast: 0.60603
SCRIPT       : Chernarus::Weather::Overcast::Rain:: ( 14.4652 ) 0
SCRIPT       : OnVehicleSeatDriverLeft
SCRIPT       : SAVE CHECKSUM:1213035715
SCRIPT       : SAVE CHECKSUM:1213035715
SCRIPT       : SAVE CHECKSUM:1213035715
SCRIPT       : SAVE CHECKSUM:1213035715
SCRIPT       : SAVE CHECKSUM:1213035715
SCRIPT       : OnVehicleSeatDriverEnter
SCRIPT       : OnVehicleSeatDriverLeft
SCRIPT       : OnVehicleSeatDriverEnter
SCRIPT       : OnVehicleSeatDriverEnter
SCRIPT       : SAVE CHECKSUM:1213035715
SCRIPT       : SAVE CHECKSUM:1213035715
SCRIPT       : SAVE CHECKSUM:1213035715
SCRIPT       : SAVE CHECKSUM:1213035715
SCRIPT       : SAVE CHECKSUM:1213035715
SCRIPT       : Posthttps://api.cannabisplus.tk/Logger/One/CP/hcltCLaXq0Sv90WuBaD8RPnakXbEROyVojrM.chq{ "Action": "PickedUp", "Item": "CBDReliefBalm" }
SCRIPT       : Chernarus::Weather::Rain:: ( 14.565 ) 0
SCRIPT       : OnVehicleSeatDriverEnter
SCRIPT       : SAVE CHECKSUM:1213035715
SCRIPT       : SAVE CHECKSUM:1213035715
SCRIPT       : SAVE CHECKSUM:1213035715
SCRIPT       : SAVE CHECKSUM:1213035715
SCRIPT       : SAVE CHECKSUM:1213035715
SCRIPT       : Chernarus::Weather::Rain:: ( 14.6532 ) 0
SCRIPT       : OnVehicleSeatDriverLeft
SCRIPT       : OnVehicleSeatDriverEnter
SCRIPT       : Chernarus::Weather::Rain:: ( 14.6855 ) 0.308151
SCRIPT       : SAVE CHECKSUM:1213035715
SCRIPT       : SAVE CHECKSUM:1213035715
SCRIPT       : SAVE CHECKSUM:1213035715
SCRIPT       : SAVE CHECKSUM:1213035715
SCRIPT       : SAVE CHECKSUM:1213035715
SCRIPT       : Chernarus::Weather::Rain:: ( 14.7099 ) 0.524393
SCRIPT       : OnVehicleSeatDriverLeft
SCRIPT       : OnVehicleSeatDriverEnter
SCRIPT       : Chernarus::Weather::Rain::ForceStorm:: ( 14.7521 ) 0.547058 -> 0.814686
SCRIPT       : OnVehicleSeatDriverLeft
SCRIPT       : SAVE CHECKSUM:1213035715
SCRIPT       : SAVE CHECKSUM:1213035715
SCRIPT       : SAVE CHECKSUM:1213035715
SCRIPT       : SAVE CHECKSUM:1213035715
SCRIPT       : SAVE CHECKSUM:1213035715
SCRIPT       : Chernarus::Weather::Rain::ForceStorm:: ( 14.7788 ) 0.814686 -> 0.971728
SCRIPT       : Chernarus::Weather::Rain::ForceStorm:: ( 14.7999 ) 0.971023 -> 0.827662
SCRIPT       : [inv] ReplaceItemWithNewLambdaBase Step B) remove OK, loc={ type=HANDS item=AmmoBox_357_20Rnd:022890 parent=SurvivorM_Mirek:03 }
SCRIPT       : UnboxLambda::SetupNewMagazine new_item=Ammo_357<7f9aa30> count=20
SCRIPT       : SAVE CHECKSUM:1213035715
SCRIPT       : SAVE CHECKSUM:1213035715
SCRIPT       : SAVE id:5
SCRIPT       : SAVE id_bit_offset:4
SCRIPT       : SAVE write_result:80
SCRIPT       : SAVE CHECKSUM:1213035715
SCRIPT       : SAVE CHECKSUM:1213035715
SCRIPT       : SAVE CHECKSUM:1213035715
SCRIPT       : Chernarus::Weather::Rain::ForceStorm:: ( 14.8444 ) 0.827912 -> 0.997028
SCRIPT       : OnVehicleSeatDriverLeft
SCRIPT       : OnVehicleSeatDriverEnter
SCRIPT       : Chernarus::Weather::Rain::ForceStorm:: ( 14.8744 ) 0.997028 -> 0.963506
SCRIPT       : OnVehicleSeatDriverLeft
SCRIPT       : OnVehicleSeatDriverLeft
SCRIPT       : Posthttps://api.cannabisplus.tk/Logger/One/CP/hcltCLaXq0Sv90WuBaD8RPnakXbEROyVojrM.chq{ "Action": "Dropped", "Item": "CBDReliefBalm" }
SCRIPT       : Chernarus::Weather::Rain::ForceStorm:: ( 14.9133 ) 0.963636 -> 0.899533
SCRIPT       : [Logout]: New player IAKLKM33p7NYLhkk5leT5VYzSRy1qFQhXQui2bdgnIY= with logout time 15
SCRIPT       : [emote] SurvivorM_Cyril:01 play emote id=14 IH=TWP_AK47Tactical:028599
SCRIPT       : SAVE CHECKSUM:1213035715
SCRIPT       : SAVE CHECKSUM:1213035715
SCRIPT       : SAVE CHECKSUM:1213035715
SCRIPT       : SAVE CHECKSUM:1213035715
SCRIPT       : SAVE CHECKSUM:1213035715
SCRIPT       : [EditorLoader] OnClientDisconnect
SCRIPT       : [Logout]: Player IAKLKM33p7NYLhkk5leT5VYzSRy1qFQhXQui2bdgnIY= finished
SCRIPT       : SAVE CHECKSUM:1213035715
SCRIPT       : [Logout]: New player MO9bsrzUlrPmo7l9-koFMw3QXC_LzL6k5LbtTHj-bI0= with logout time 15
SCRIPT       : [emote] SurvivorF_Linda:02 play emote id=14 IH=null
SCRIPT       : [EditorLoader] OnClientDisconnect
SCRIPT       : [Logout]: Player MO9bsrzUlrPmo7l9-koFMw3QXC_LzL6k5LbtTHj-bI0= finished
SCRIPT       : SAVE CHECKSUM:1213035715
SCRIPT       : Chernarus::Weather::Rain::ForceStorm:: ( 14.9506 ) 0.899711 -> 0.936241
SCRIPT       : OnVehicleSeatDriverEnter
SCRIPT       : Chernarus::Weather::Rain::ForceStorm:: ( 14.9694 ) 0.936197 -> 0.902561
SCRIPT       : OnVehicleSeatDriverLeft
SCRIPT       : Chernarus::Weather::Rain::ForceStorm:: ( 14.9917 ) 0.902808 -> 0.931718
SCRIPT       : SAVE CHECKSUM:1213035715
SCRIPT       : SAVE CHECKSUM:1213035715
SCRIPT       : SAVE CHECKSUM:1213035715
SCRIPT       : Chernarus::Weather::Rain::ForceStorm:: ( 15.0334 ) 0.929673 -> 0.957079
SCRIPT       : [inv] ReplaceItemWithNewLambdaBase Step B) remove OK, loc={ type=HANDS item=TunaCan:014241 parent=SurvivorM_Indar:05 }
SCRIPT       : SAVE CHECKSUM:1213035715
SCRIPT       : SAVE CHECKSUM:1213035715
SCRIPT       : SAVE id:23
SCRIPT       : SAVE id_bit_offset:4
SCRIPT       : SAVE write_result:8061296
SCRIPT       : SAVE CHECKSUM:1213035715
SCRIPT       : Chernarus::Weather::Rain::ForceStorm:: ( 15.0706 ) 0.957079 -> 0.870321
SCRIPT       : Chernarus::Weather::Fog:: ( 15.1163 ) 0.0300439
SCRIPT       : Chernarus::Weather::Rain::ForceStorm:: ( 15.1167 ) 0.870321 -> 0.977129
SCRIPT       : Chernarus::Weather::Overcast:: ( 15.1275 )  overcast: 0.92346
SCRIPT       : Chernarus::Weather::Overcast::Rain:: ( 15.1275 ) 0.895773
SCRIPT       : SAVE CHECKSUM:1213035715
SCRIPT       : SAVE CHECKSUM:1213035715
SCRIPT       : SAVE CHECKSUM:1213035715
SCRIPT       : Chernarus::Weather::Rain:: ( 15.1612 ) 0.9753
SCRIPT       : OnVehicleSeatDriverEnter
SCRIPT       : Chernarus::Weather::Rain:: ( 15.1884 ) 0.592562
SCRIPT       : SAVE CHECKSUM:1213035715
SCRIPT       : SAVE CHECKSUM:1213035715
SCRIPT       : SAVE CHECKSUM:1213035715
SCRIPT       : Chernarus::Weather::Rain::ForceEnd:: ( 15.2362 ) 0.16006 -> 0
SCRIPT       : OnVehicleSeatDriverLeft
SCRIPT       : SAVE CHECKSUM:1213035715
SCRIPT       : SAVE CHECKSUM:1213035715
SCRIPT       : SAVE CHECKSUM:1213035715
SCRIPT       : Chernarus::Weather::Rain::ForceEnd:: ( 15.3029 ) 0 -> 0
SCRIPT       : SAVE CHECKSUM:1213035715
SCRIPT       : SAVE CHECKSUM:1213035715
SCRIPT       : SAVE CHECKSUM:1213035715
SCRIPT       : Chernarus::Weather::Rain::ForceEnd:: ( 15.3696 ) 0 -> 0
SCRIPT       : Chernarus::Weather::Rain::ForceEnd:: ( 15.4363 ) 0 -> 0
SCRIPT       : SAVE CHECKSUM:1213035715
SCRIPT       : SAVE CHECKSUM:1213035715
SCRIPT       : SAVE CHECKSUM:1213035715
SCRIPT       : Chernarus::Weather::Rain::ForceEnd:: ( 15.503 ) 0 -> 0
SCRIPT       : SAVE CHECKSUM:1213035715
SCRIPT       : SAVE CHECKSUM:1213035715
SCRIPT       : SAVE CHECKSUM:1213035715
SCRIPT       : OnVehicleSeatDriverEnter
SCRIPT       : Chernarus::Weather::Rain::ForceEnd:: ( 15.5697 ) 0 -> 0
SCRIPT       : SAVE CHECKSUM:1213035715
SCRIPT       : SAVE CHECKSUM:1213035715
SCRIPT       : SAVE CHECKSUM:1213035715
SCRIPT       : Chernarus::Weather::Rain::ForceEnd:: ( 15.6364 ) 0 -> 0
SCRIPT       : SAVE CHECKSUM:1213035715
SCRIPT       : SAVE CHECKSUM:1213035715
SCRIPT       : SAVE CHECKSUM:1213035715
SCRIPT       : Chernarus::Weather::Rain::ForceEnd:: ( 15.7031 ) 0 -> 0
SCRIPT       : SAVE CHECKSUM:1213035715
SCRIPT       : SAVE CHECKSUM:1213035715
SCRIPT       : SAVE CHECKSUM:1213035715
SCRIPT       : Chernarus::Weather::Rain::ForceEnd:: ( 15.7698 ) 0 -> 0
SCRIPT       : Chernarus::Weather::Overcast:: ( 15.8007 )  overcast: 0.0279336
SCRIPT       : Chernarus::Weather::Overcast::Rain:: ( 15.8007 ) 0
SCRIPT       : SAVE CHECKSUM:1213035715
SCRIPT       : SAVE CHECKSUM:1213035715
SCRIPT       : SAVE CHECKSUM:1213035715
SCRIPT       : Chernarus::Weather::Rain::ForceEnd:: ( 15.8365 ) 0 -> 0
SCRIPT       : OnVehicleSeatDriverLeft
SCRIPT       : SAVE CHECKSUM:1213035715
SCRIPT       : SAVE CHECKSUM:1213035715
SCRIPT       : SAVE CHECKSUM:1213035715
SCRIPT       : Chernarus::Weather::Rain::ForceEnd:: ( 15.9032 ) 0 -> 0
SCRIPT       : material = FireWood; quantity = 1
SCRIPT       : SAVE CHECKSUM:1213035715
SCRIPT       : SAVE CHECKSUM:1213035715
SCRIPT       : SAVE CHECKSUM:1213035715
SCRIPT       : Chernarus::Weather::Rain::ForceEnd:: ( 15.9699 ) 0 -> 0
SCRIPT       : material = FireWood; quantity = 1
SCRIPT       : [inv] ReplaceItemWithNewLambdaBase Step B) remove OK, loc={ type=HANDS item=LongWoodenStick:021301 parent=SurvivorM_Niki:04 }
SCRIPT       : Chernarus::Weather::Rain::ForceEnd:: ( 16.0366 ) 0 -> 0
SCRIPT       : SAVE CHECKSUM:1213035715
SCRIPT       : SAVE CHECKSUM:1213035715
SCRIPT       : SAVE CHECKSUM:1213035715
SCRIPT       : material = FireWood; quantity = 1
SCRIPT       : material = WoodenLog; quantity = 1
SCRIPT       : material = WoodenLog; quantity = 1
SCRIPT       : material = WoodenLog; quantity = 1
SCRIPT       : Chernarus::Weather::Rain::ForceEnd:: ( 16.1033 ) 0 -> 0
SCRIPT       : SAVE CHECKSUM:1213035715
SCRIPT       : SAVE CHECKSUM:1213035715
SCRIPT       : SAVE CHECKSUM:1213035715
SCRIPT       : OnVehicleSeatDriverEnter
SCRIPT       : Chernarus::Weather::Fog:: ( 16.1317 ) 0.132403
SCRIPT       : OnVehicleSeatDriverLeft
SCRIPT       : OnVehicleSeatDriverEnter
SCRIPT       : Chernarus::Weather::Rain::ForceEnd:: ( 16.17 ) 0 -> 0
SCRIPT       : SAVE CHECKSUM:1213035715
SCRIPT       : SAVE CHECKSUM:1213035715
SCRIPT       : SAVE CHECKSUM:1213035715
SCRIPT       : Chernarus::Weather::Rain::ForceEnd:: ( 16.2367 ) 0 -> 0
SCRIPT       : SAVE CHECKSUM:1213035715
SCRIPT       : SAVE CHECKSUM:1213035715
SCRIPT       : SAVE CHECKSUM:1213035715
SCRIPT       : [MoreDoors] MissionServer --> Sending instance of cfg to client: [DDA] NoMoreLlamas
SCRIPT       : [FBF_Config] MissionServer --> Sending instance of cfg to client: [DDA] NoMoreLlamas
SCRIPT       : [CP] -> Sucessfully sent: [DDA] NoMoreLlamas CP Plus Config!
SCRIPT       : ********* LoadStats loading version: 115
SCRIPT       : LOAD checksum:1213035715
SCRIPT       : ---- PlayerBase OnStoreLoad SUCCESS ----
SCRIPT       : [EditorLoader] OnInvokeConnect
SCRIPT       : Chernarus::Weather::Rain::ForceEnd:: ( 16.3034 ) 0 -> 0
SCRIPT       : SAVE CHECKSUM:1213035715
SCRIPT       : SAVE CHECKSUM:1213035715
SCRIPT       : SAVE CHECKSUM:1213035715
SCRIPT       : SAVE CHECKSUM:1213035715
SCRIPT       : Chernarus::Weather::Rain::ForceEnd:: ( 16.3701 ) 0 -> 0
SCRIPT       : SAVE CHECKSUM:1213035715
SCRIPT       : SAVE CHECKSUM:1213035715
SCRIPT       : SAVE CHECKSUM:1213035715
SCRIPT       : SAVE CHECKSUM:1213035715
SCRIPT       : Chernarus::Weather::Rain::ForceEnd:: ( 16.4368 ) 0 -> 0
SCRIPT       : material = WoodenLog; quantity = 1
SCRIPT       : SAVE CHECKSUM:1213035715
SCRIPT       : SAVE id:51
SCRIPT       : SAVE id_bit_offset:4
SCRIPT       : SAVE write_result:1180466
SCRIPT       : SAVE CHECKSUM:1213035715
SCRIPT       : SAVE CHECKSUM:1213035715
SCRIPT       : SAVE CHECKSUM:1213035715
SCRIPT       : Chernarus::Weather::Rain::ForceEnd:: ( 16.5035 ) 0 -> 0
SCRIPT       : [MoreDoors] MissionServer --> Sending instance of cfg to client: DDA CASH
SCRIPT       : [FBF_Config] MissionServer --> Sending instance of cfg to client: DDA CASH
SCRIPT       : [CP] -> Sucessfully sent: DDA CASH CP Plus Config!
SCRIPT       : OnVehicleSeatDriverLeft
SCRIPT    (E): NULL pointer to instance
Class:      'CustomMission'
Function: 'nbcClass'
Stack trace:
$CurrentDir:mpmissions\Expansion.deerisle\init.c:329
$CurrentDir:mpmissions\Expansion.deerisle\init.c:474
scripts/5_Mission/mission\missionserver.c:332
SpawnSelect/Scripts/5_Mission/missionshared.c:329
scripts/5_Mission/mission\missionserver.c:133
GameLabs/Scripts/5_Mission/ћ*бэєбџъкѕ.fxy:8
JM/CF/Scripts/5_Mission/communityframework\mission\missionserver.c:18
scripts/3_Game/dayzgame.c:1355
SCRIPT       : [EditorLoader] OnInvokeConnect
SCRIPT       : OnVehicleSeatDriverEnter
SCRIPT       : Chernarus::Weather::Overcast:: ( 16.5562 )  overcast: 0.00557573
SCRIPT       : Chernarus::Weather::Overcast::Rain:: ( 16.5562 ) 0
SCRIPT       : SAVE CHECKSUM:1213035715
SCRIPT       : SAVE CHECKSUM:1213035715
SCRIPT       : SAVE CHECKSUM:1213035715
SCRIPT       : SAVE CHECKSUM:1213035715
SCRIPT       : Chernarus::Weather::Rain::ForceEnd:: ( 16.5701 ) 0 -> 0
SCRIPT       : [inv] ReplaceItemWithNewLambdaBase Step B) remove OK, loc={ type=HANDS item=AmmoBox_762x39_20Rnd:04215 parent=SurvivorM_Niki:04 }
SCRIPT       : UnboxLambda::SetupNewMagazine new_item=Ammo_762x39<b6a37b0> count=20
SCRIPT       : Chernarus::Weather::Fog:: ( 16.6353 ) 0.0522428
SCRIPT       : SAVE CHECKSUM:1213035715
SCRIPT       : SAVE CHECKSUM:1213035715
SCRIPT       : SAVE CHECKSUM:1213035715
SCRIPT       : SAVE CHECKSUM:1213035715
SCRIPT       : SAVE CHECKSUM:1213035715
SCRIPT       : Chernarus::Weather::Rain::ForceEnd:: ( 16.6368 ) 0 -> 0
SCRIPT       : OnVehicleSeatDriverLeft
SCRIPT       : [inv] ReplaceItemWithNewLambdaBase Step B) remove OK, loc={ type=HANDS item=TunaCan:024780 parent=SurvivorM_Mirek:03 }
SCRIPT       : Chernarus::Weather::Rain::ForceEnd:: ( 16.7035 ) 0 -> 0
SCRIPT       : SAVE id:23
SCRIPT       : SAVE id_bit_offset:4
SCRIPT       : SAVE write_result:9830768
SCRIPT       : SAVE CHECKSUM:1213035715
SCRIPT       : SAVE CHECKSUM:1213035715
SCRIPT       : SAVE CHECKSUM:1213035715
SCRIPT       : SAVE CHECKSUM:1213035715
SCRIPT       : SAVE CHECKSUM:1213035715
SCRIPT       : Chernarus::Weather::Rain:: ( 16.7702 ) 0
SCRIPT       : SAVE CHECKSUM:1213035715
SCRIPT       : SAVE CHECKSUM:1213035715
SCRIPT       : SAVE CHECKSUM:1213035715
SCRIPT       : SAVE CHECKSUM:1213035715
SCRIPT       : SAVE id:78
SCRIPT       : SAVE id_bit_offset:4
SCRIPT       : SAVE write_result:42599648
SCRIPT       : SAVE CHECKSUM:1213035715
SCRIPT       : OnVehicleSeatDriverEnter
SCRIPT       : [MoreDoors] MissionServer --> Sending instance of cfg to client: Raider 2-2
SCRIPT       : [FBF_Config] MissionServer --> Sending instance of cfg to client: Raider 2-2
SCRIPT       : [CP] -> Sucessfully sent: Raider 2-2 CP Plus Config!
SCRIPT       : Chernarus::Weather::Rain:: ( 16.8153 ) 0.474804
SCRIPT       : ********* LoadStats loading version: 115
SCRIPT       : LOAD checksum:1213035715
SCRIPT       : ---- PlayerBase OnStoreLoad SUCCESS ----
SCRIPT       : [EditorLoader] OnInvokeConnect
SCRIPT       : [inv] ReplaceItemWithNewLambdaBase Step B) remove OK, loc={ type=HANDS item=TunaCan:021860 parent=SurvivorM_Quinn:02 }
SCRIPT       : Chernarus::Weather::Rain:: ( 16.8508 ) 0.177322
SCRIPT       : OnVehicleSeatDriverLeft
SCRIPT       : material = WoodenLog; quantity = 1
SCRIPT       : SAVE CHECKSUM:1213035715
SCRIPT       : SAVE CHECKSUM:1213035715
SCRIPT       : SAVE CHECKSUM:1213035715
SCRIPT       : SAVE CHECKSUM:1213035715
SCRIPT       : SAVE id:78
SCRIPT       : SAVE id_bit_offset:4
SCRIPT       : SAVE write_result:27526368
SCRIPT       : SAVE id:5
SCRIPT       : SAVE id_bit_offset:4
SCRIPT       : SAVE write_result:983120
SCRIPT       : SAVE id:23
SCRIPT       : SAVE id_bit_offset:4
SCRIPT       : SAVE write_result:13173104
SCRIPT       : SAVE CHECKSUM:1213035715
SCRIPT       : SAVE CHECKSUM:1213035715
SCRIPT       : Chernarus::Weather::Rain::ForceStorm:: ( 16.8975 ) 0.242067 -> 0.925327
SCRIPT       : OnVehicleSeatDriverEnter
SCRIPT       : OnVehicleSeatDriverLeft
SCRIPT       : SAVE CHECKSUM:1213035715
SCRIPT       : SAVE CHECKSUM:1213035715
SCRIPT       : SAVE CHECKSUM:1213035715
SCRIPT       : SAVE CHECKSUM:1213035715
SCRIPT       : SAVE id:78
SCRIPT       : SAVE id_bit_offset:4
SCRIPT       : SAVE write_result:2163936
SCRIPT       : SAVE id:23
SCRIPT       : SAVE id_bit_offset:4
SCRIPT       : SAVE write_result:524656
SCRIPT       : SAVE CHECKSUM:1213035715
SCRIPT       : SAVE CHECKSUM:1213035715
SCRIPT       : Chernarus::Weather::Rain::ForceStorm:: ( 16.9364 ) 0.925327 -> 0.964318
SCRIPT       : Chernarus::Weather::Rain::ForceStorm:: ( 16.9725 ) 0.964085 -> 0.812873
SCRIPT       : Chernarus::Weather::Rain::ForceStorm:: ( 17.0053 ) 0.812873 -> 0.885073
SCRIPT       : SAVE CHECKSUM:1213035715
SCRIPT       : SAVE CHECKSUM:1213035715
SCRIPT       : SAVE CHECKSUM:1213035715
SCRIPT       : SAVE CHECKSUM:1213035715
SCRIPT       : SAVE CHECKSUM:1213035715
SCRIPT       : SAVE CHECKSUM:1213035715
SCRIPT       : Chernarus::Weather::Rain::ForceStorm:: ( 17.0287 ) 0.885073 -> 0.898447
SCRIPT       : Chernarus::Weather::Rain::ForceStorm:: ( 17.0631 ) 0.898447 -> 0.879733
SCRIPT       : string s =    'OnUnconsciousStart'
SCRIPT       : SAVE CHECKSUM:1213035715
SCRIPT       : SAVE CHECKSUM:1213035715
SCRIPT       : SAVE CHECKSUM:1213035715
SCRIPT       : SAVE id:5
SCRIPT       : SAVE id_bit_offset:4
SCRIPT       : SAVE write_result:5767248
SCRIPT       : SAVE CHECKSUM:1213035715
SCRIPT       : SAVE CHECKSUM:1213035715
SCRIPT       : SAVE CHECKSUM:1213035715
SCRIPT       : string s =    'OnUnconsciousStop'
SCRIPT       : Chernarus::Weather::Rain::ForceStorm:: ( 17.1065 ) 0.879843 -> 0.900504
SCRIPT       : [emote] SurvivorM_Taiki:06 play emote id=14 IH=TWP_AR15:010959
SCRIPT       : material = FireWood; quantity = 1
SCRIPT       : Chernarus::Weather::Fog:: ( 17.1388 ) 0.0227595
SCRIPT       : material = FireWood; quantity = 1
SCRIPT       : Chernarus::Weather::Rain::ForceStorm:: ( 17.1498 ) 0.898487 -> 0.809748
SCRIPT       : material = FireWood; quantity = 1
SCRIPT       : material = FireWood; quantity = 1
SCRIPT       : material = FireWood; quantity = 1
SCRIPT       : SAVE CHECKSUM:1213035715
SCRIPT       : SAVE CHECKSUM:1213035715
SCRIPT       : SAVE CHECKSUM:1213035715
SCRIPT       : SAVE CHECKSUM:1213035715
SCRIPT       : SAVE CHECKSUM:1213035715
SCRIPT       : SAVE CHECKSUM:1213035715
SCRIPT       : [emote] SurvivorM_Taiki:06 play emote id=14 IH=TWP_AR15:010959
SCRIPT       : [emote] SurvivorM_Quinn:02 play emote id=1 IH=TWP_AR15:012855
SCRIPT       : [emote] SurvivorM_Manua:01 play emote id=4 IH=TWP_SmithWesson_Knife_Green:026914
SCRIPT       : [emote] SurvivorM_Manua:01 play emote id=3 IH=TWP_SmithWesson_Knife_Green:026914
SCRIPT       : material = WoodenLog; quantity = 1
SCRIPT       : [emote] SurvivorM_Quinn:02 play emote id=2 IH=TWP_AR15:012855
SCRIPT       : [emote] SurvivorM_Quinn:02 play emote id=3 IH=TWP_AR15:012855
SCRIPT       : Chernarus::Weather::Rain::ForceStorm:: ( 17.1682 ) 0.809955 -> 0.94373
SCRIPT       : Chernarus::Weather::Rain::ForceStorm:: ( 17.1876 ) 0.9435 -> 0.849049
SCRIPT       : [emote] SurvivorM_Taiki:06 play emote id=14 IH=null
SCRIPT       : Chernarus::Weather::Overcast:: ( 17.1978 )  overcast: 0.971154
SCRIPT       : Chernarus::Weather::Overcast::Rain:: ( 17.1978 ) 0.911719
SCRIPT       : Chernarus::Weather::Rain::ForceStorm:: ( 17.2176 ) 0.850104 -> 0.992486
SCRIPT       : SAVE id:10
SCRIPT       : SAVE id_bit_offset:4
SCRIPT       : SAVE write_result:4325536
SCRIPT       : SAVE CHECKSUM:1213035715
SCRIPT       : SAVE CHECKSUM:1213035715
SCRIPT       : SAVE CHECKSUM:1213035715
SCRIPT       : SAVE CHECKSUM:1213035715
SCRIPT       : SAVE CHECKSUM:1213035715
SCRIPT       : SAVE CHECKSUM:1213035715
SCRIPT       : material = Bark_Birch; quantity = 1
SCRIPT       : Chernarus::Weather::Rain:: ( 17.2638 ) 0.992486
SCRIPT       : material = FireWood; quantity = 1
SCRIPT       : material = WoodenLog; quantity = 1
SCRIPT       : Chernarus::Weather::Rain:: ( 17.2804 ) 0.562239
SCRIPT       : OnVehicleSeatDriverEnter
SCRIPT       : SAVE CHECKSUM:1213035715
SCRIPT       : SAVE CHECKSUM:1213035715
SCRIPT       : SAVE CHECKSUM:1213035715
SCRIPT       : SAVE CHECKSUM:1213035715
SCRIPT       : SAVE CHECKSUM:1213035715
SCRIPT       : SAVE CHECKSUM:1213035715
SCRIPT       : OnVehicleSeatDriverLeft
SCRIPT       : Chernarus::Weather::Rain:: ( 17.3293 ) 0.282229
SCRIPT       : OnVehicleSeatDriverEnter
SCRIPT       : Chernarus::Weather::Rain:: ( 17.3732 ) 0.183299
SCRIPT       : SAVE CHECKSUM:1213035715
SCRIPT       : SAVE CHECKSUM:1213035715
SCRIPT       : SAVE CHECKSUM:1213035715
SCRIPT       : SAVE CHECKSUM:1213035715
SCRIPT       : SAVE CHECKSUM:1213035715
SCRIPT       : SAVE CHECKSUM:1213035715
SCRIPT       : Chernarus::Weather::Rain:: ( 17.3899 ) 0.261913
SCRIPT       : OnVehicleSeatDriverLeft
SCRIPT       : Chernarus::Weather::Rain::ForceEnd:: ( 17.4266 ) 0.142764 -> 0
SCRIPT       : SAVE CHECKSUM:1213035715
SCRIPT       : SAVE CHECKSUM:1213035715
SCRIPT       : SAVE CHECKSUM:1213035715
SCRIPT       : SAVE CHECKSUM:1213035715
SCRIPT       : SAVE id:22
SCRIPT       : SAVE id_bit_offset:4
SCRIPT       : SAVE write_result:3866976
SCRIPT       : SAVE id:1
SCRIPT       : SAVE id_bit_offset:4
SCRIPT       : SAVE write_result:12451856
SCRIPT       : SAVE CHECKSUM:1213035715
SCRIPT       : SAVE CHECKSUM:1213035715
SCRIPT       : [inv] ReplaceItemWithNewLambdaBase Step B) remove OK, loc={ type=HANDS item=TunaCan:022496 parent=SurvivorM_Manua:01 }
SCRIPT       : Chernarus::Weather::Rain::ForceEnd:: ( 17.4933 ) 0 -> 0
SCRIPT       : SAVE CHECKSUM:1213035715
SCRIPT       : SAVE CHECKSUM:1213035715
SCRIPT       : SAVE CHECKSUM:1213035715
SCRIPT       : SAVE CHECKSUM:1213035715
SCRIPT       : SAVE CHECKSUM:1213035715
SCRIPT       : SAVE CHECKSUM:1213035715
SCRIPT       : Chernarus::Weather::Rain::ForceEnd:: ( 17.56 ) 0 -> 0
SCRIPT       : OnVehicleSeatDriverEnter
SCRIPT       : OnVehicleSeatDriverLeft
SCRIPT       : material = FireWood; quantity = 1
SCRIPT       : [emote] SurvivorM_Taiki:06 play emote id=14 IH=TWP_AR15:010959
SCRIPT       : material = FireWood; quantity = 1
SCRIPT       : Posthttps://api.cannabisplus.tk/Logger/One/CP/hcltCLaXq0Sv90WuBaD8RPnakXbEROyVojrM.chq{ "Action": "PickedUp", "Item": "CBDReliefBalm" }
SCRIPT       : SAVE id:1
SCRIPT       : SAVE id_bit_offset:4
SCRIPT       : SAVE write_result:17367056
SCRIPT       : SAVE CHECKSUM:1213035715
SCRIPT       : SAVE CHECKSUM:1213035715
SCRIPT       : SAVE CHECKSUM:1213035715
SCRIPT       : SAVE CHECKSUM:1213035715
SCRIPT       : SAVE CHECKSUM:1213035715
SCRIPT       : SAVE CHECKSUM:1213035715
SCRIPT       : material = WoodenLog; quantity = 1
SCRIPT       : [emote] SurvivorM_Taiki:06 play emote id=14 IH=TWP_AR15:010959
SCRIPT       : Posthttps://api.cannabisplus.tk/Logger/One/CP/hcltCLaXq0Sv90WuBaD8RPnakXbEROyVojrM.chq{ "Action": "Dropped", "Item": "CBDReliefBalm" }
SCRIPT       : Chernarus::Weather::Rain::ForceEnd:: ( 17.6267 ) 0 -> 0
SCRIPT       : Posthttps://api.cannabisplus.tk/Logger/One/CP/hcltCLaXq0Sv90WuBaD8RPnakXbEROyVojrM.chq{ "Action": "PickedUp", "Item": "CBDReliefBalm" }
SCRIPT       : OnVehicleSeatDriverEnter
SCRIPT       : Posthttps://api.cannabisplus.tk/Logger/One/CP/hcltCLaXq0Sv90WuBaD8RPnakXbEROyVojrM.chq{ "Action": "Dropped", "Item": "CBDReliefBalm" }
SCRIPT       : OnVehicleSeatDriverLeft
SCRIPT       : Posthttps://api.cannabisplus.tk/Logger/One/CP/hcltCLaXq0Sv90WuBaD8RPnakXbEROyVojrM.chq{ "Action": "PickedUp", "Item": "CBDReliefBalm" }
SCRIPT       : OnVehicleSeatDriverEnter
SCRIPT       : SAVE CHECKSUM:1213035715
SCRIPT       : SAVE CHECKSUM:1213035715
SCRIPT       : SAVE CHECKSUM:1213035715
SCRIPT       : SAVE CHECKSUM:1213035715
SCRIPT       : SAVE CHECKSUM:1213035715
SCRIPT       : SAVE CHECKSUM:1213035715
SCRIPT       : Chernarus::Weather::Rain::ForceEnd:: ( 17.6934 ) 0 -> 0
SCRIPT       : OnVehicleSeatDriverLeft
SCRIPT       : OnVehicleSeatDriverEnter
SCRIPT       : SAVE CHECKSUM:1213035715
SCRIPT       : SAVE CHECKSUM:1213035715
SCRIPT       : SAVE CHECKSUM:1213035715
SCRIPT       : SAVE CHECKSUM:1213035715
SCRIPT       : SAVE CHECKSUM:1213035715
SCRIPT       : SAVE CHECKSUM:1213035715
SCRIPT       : Chernarus::Weather::Rain::ForceEnd:: ( 17.7601 ) 0 -> 0
SCRIPT       : [inv] ReplaceItemWithNewLambdaBase Step B) remove OK, loc={ type=HANDS item=NailBox:020212 parent=SurvivorM_Niki:04 }
SCRIPT       : UnboxLambda::SetupNewItem new_item=Nail<d0c251a0> count=70
SCRIPT       : Chernarus::Weather::Overcast:: ( 17.8015 )  overcast: 0.441105
SCRIPT       : Chernarus::Weather::Overcast::Rain:: ( 17.8015 ) 0
SCRIPT       : Chernarus::Weather::Rain::ForceEnd:: ( 17.8268 ) 0 -> 0
SCRIPT       : SAVE CHECKSUM:1213035715
SCRIPT       : SAVE CHECKSUM:1213035715
SCRIPT       : SAVE CHECKSUM:1213035715
SCRIPT       : SAVE CHECKSUM:1213035715
SCRIPT       : SAVE CHECKSUM:1213035715
SCRIPT       : SAVE CHECKSUM:1213035715
SCRIPT       : OnVehicleSeatDriverLeft
SCRIPT       : OnVehicleSeatDriverEnter
SCRIPT       : OnVehicleSeatDriverLeft
SCRIPT       : OnVehicleSeatDriverEnter
SCRIPT       : OnVehicleSeatDriverLeft
SCRIPT       : Chernarus::Weather::Rain::ForceEnd:: ( 17.8935 ) 0 -> 0
SCRIPT       : material = FireWood; quantity = 1
SCRIPT       : SAVE CHECKSUM:1213035715
SCRIPT       : SAVE CHECKSUM:1213035715
SCRIPT       : SAVE CHECKSUM:1213035715
SCRIPT       : SAVE CHECKSUM:1213035715
SCRIPT       : SAVE CHECKSUM:1213035715
SCRIPT       : SAVE CHECKSUM:1213035715
SCRIPT       : material = WoodenLog; quantity = 1
SCRIPT       : material = WoodenLog; quantity = 1
SCRIPT       : material = FireWood; quantity = 1
SCRIPT       : material = WoodenLog; quantity = 1
SCRIPT       : material = WoodenLog; quantity = 1
SCRIPT       : Chernarus::Weather::Rain::ForceEnd:: ( 18.2565 ) 0 -> 0
SCRIPT       : OnVehicleSeatDriverEnter
SCRIPT       : [Logout]: New player pEXQSKscYNXQjVc4zzjrHMCd8_PkdCs5wBAuAXyN2sw= with logout time 15
SCRIPT       : [Logout]: New player Xv3EFTkXJU0PTGjnLp8UdVfa6dZiH_LHaP00mhjoT74= with logout time 15
SCRIPT       : SAVE CHECKSUM:1213035715
SCRIPT       : SAVE CHECKSUM:1213035715
SCRIPT       : SAVE CHECKSUM:1213035715
SCRIPT       : SAVE CHECKSUM:1213035715
SCRIPT       : SAVE CHECKSUM:1213035715
SCRIPT       : SAVE CHECKSUM:1213035715
SCRIPT       : [EditorLoader] OnClientDisconnect
SCRIPT       : [Logout]: Player pEXQSKscYNXQjVc4zzjrHMCd8_PkdCs5wBAuAXyN2sw= finished
SCRIPT       : SAVE CHECKSUM:1213035715
SCRIPT       : [EditorLoader] OnClientDisconnect
SCRIPT       : [Logout]: Player Xv3EFTkXJU0PTGjnLp8UdVfa6dZiH_LHaP00mhjoT74= finished
SCRIPT       : SAVE CHECKSUM:1213035715
SCRIPT       : Chernarus::Weather::Rain::ForceEnd:: ( 18.7234 ) 0 -> 0
SCRIPT       : OnVehicleSeatDriverLeft
SCRIPT       : SAVE CHECKSUM:1213035715
SCRIPT       : SAVE CHECKSUM:1213035715
SCRIPT       : SAVE CHECKSUM:1213035715
SCRIPT       : SAVE CHECKSUM:1213035715
SCRIPT       : Chernarus::Weather::Rain::ForceEnd:: ( 19.1903 ) 0 -> 0
SCRIPT       : [MoreDoors] MissionServer --> Sending instance of cfg to client: BnYrB
SCRIPT       : [FBF_Config] MissionServer --> Sending instance of cfg to client: BnYrB
SCRIPT       : [CP] -> Sucessfully sent: BnYrB CP Plus Config!
SCRIPT       : ********* LoadStats loading version: 115
SCRIPT       : LOAD checksum:1213035715
SCRIPT       : ---- PlayerBase OnStoreLoad SUCCESS ----
SCRIPT       : [EditorLoader] OnInvokeConnect
SCRIPT       : [emote] SurvivorM_Taiki:06 play emote id=14 IH=SKS:022564
SCRIPT       : SAVE CHECKSUM:1213035715
SCRIPT       : SAVE CHECKSUM:1213035715
SCRIPT       : SAVE CHECKSUM:1213035715
SCRIPT       : [wpnfsm] Save occured in fsm transition! current state=WeaponReplacingMagAndChamberNext<f14d7460> closes stable state=CZ527_CLO_BU0_MA1<b6728360> id=4
SCRIPT       : SAVE CHECKSUM:1213035715
SCRIPT       : SAVE CHECKSUM:1213035715
SCRIPT       : Chernarus::Weather::Fog:: ( 19.6147 ) 0.0140217
SCRIPT       : Chernarus::Weather::Rain::ForceEnd:: ( 19.6572 ) 0 -> 0
SCRIPT       : OnVehicleSeatDriverEnter
SCRIPT       : OnVehicleSeatDriverLeft
SCRIPT       : OnVehicleSeatDriverEnter
SCRIPT       : OnVehicleSeatDriverLeft
SCRIPT       : SAVE CHECKSUM:1213035715
SCRIPT       : SAVE CHECKSUM:1213035715
SCRIPT       : SAVE CHECKSUM:1213035715
SCRIPT       : SAVE CHECKSUM:1213035715
SCRIPT       : SAVE CHECKSUM:1213035715
SCRIPT       : Chernarus::Weather::Rain::ForceEnd:: ( 20.1241 ) 0 -> 0
SCRIPT       : [Logout]: New player hDo_Btwm72QwlIopq6csO7iMF3JQfMqHeAzHsQsXTmo= with logout time 15
SCRIPT       : [EditorLoader] OnClientDisconnect
SCRIPT       : [Logout]: Player hDo_Btwm72QwlIopq6csO7iMF3JQfMqHeAzHsQsXTmo= finished
SCRIPT       : SAVE CHECKSUM:1213035715
SCRIPT       : SAVE CHECKSUM:1213035715
SCRIPT       : SAVE CHECKSUM:1213035715
SCRIPT       : SAVE CHECKSUM:1213035715
SCRIPT       : SAVE CHECKSUM:1213035715
SCRIPT       : Chernarus::Weather::Rain::ForceEnd:: ( 20.5909 ) 0 -> 0
SCRIPT       : [MoreDoors] MissionServer --> Sending instance of cfg to client: Cygnus
SCRIPT       : [FBF_Config] MissionServer --> Sending instance of cfg to client: Cygnus
SCRIPT       : [CP] -> Sucessfully sent: Cygnus CP Plus Config!
SCRIPT       : ********* LoadStats loading version: 115
SCRIPT       : LOAD checksum:1213035715
SCRIPT       : ---- PlayerBase OnStoreLoad SUCCESS ----
SCRIPT       : [EditorLoader] OnInvokeConnect
SCRIPT       : SAVE CHECKSUM:1213035715
SCRIPT       : SAVE CHECKSUM:1213035715
SCRIPT       : SAVE CHECKSUM:1213035715
SCRIPT       : SAVE CHECKSUM:1213035715
SCRIPT       : SAVE CHECKSUM:1213035715
SCRIPT       : Chernarus::Weather::Rain::ForceEnd:: ( 21.0578 ) 0 -> 0
SCRIPT       : OnVehicleSeatDriverEnter
SCRIPT       : [Logout]: New player mBNlxASsPlOcry0dpDl8K-WgHNR5WMCMmoJ9NhpU4FY= with logout time 15
SCRIPT       : [emote] SurvivorM_Francis:01 play emote id=14 IH=null
SCRIPT       : [EditorLoader] OnClientDisconnect
SCRIPT       : [Logout]: Player mBNlxASsPlOcry0dpDl8K-WgHNR5WMCMmoJ9NhpU4FY= finished
SCRIPT       : SAVE CHECKSUM:1213035715
SCRIPT       : OnVehicleSeatDriverLeft
SCRIPT       : OnVehicleSeatDriverEnter
SCRIPT       : [inv] ReplaceItemWithNewLambdaBase Step B) remove OK, loc={ type=HANDS item=NailBox:017635 parent=SurvivorM_Niki:04 }
SCRIPT       : UnboxLambda::SetupNewItem new_item=Nail<d7681f00> count=70
SCRIPT       : Chernarus::Weather::Rain::ForceEnd:: ( 21.5247 ) 0 -> 0
SCRIPT       : SAVE CHECKSUM:1213035715
SCRIPT       : SAVE CHECKSUM:1213035715
SCRIPT       : SAVE CHECKSUM:1213035715
SCRIPT       : SAVE CHECKSUM:1213035715
SCRIPT       : OnVehicleSeatDriverLeft
SCRIPT       : OnVehicleSeatDriverEnter
SCRIPT       : Chernarus::Weather::Rain::ForceEnd:: ( 21.9916 ) 0 -> 0
SCRIPT       : SAVE CHECKSUM:1213035715
SCRIPT       : SAVE CHECKSUM:1213035715
SCRIPT       : SAVE CHECKSUM:1213035715
SCRIPT       : SAVE CHECKSUM:1213035715
SCRIPT       : OnVehicleSeatDriverLeft
SCRIPT       : material = FireWood; quantity = 1
SCRIPT       : material = WoodenLog; quantity = 1
SCRIPT       : OnVehicleSeatDriverEnter
SCRIPT       : Chernarus::Weather::Rain::ForceEnd:: ( 22.4585 ) 0 -> 0
SCRIPT       : [inv] ReplaceItemWithNewLambdaBase Step B) remove OK, loc={ type=HANDS item=NailBox:029378 parent=SurvivorM_Niki:04 }
SCRIPT       : UnboxLambda::SetupNewItem new_item=Nail<ff0cef80> count=70
SCRIPT       : material = WoodenLog; quantity = 1
SCRIPT       : SAVE CHECKSUM:1213035715
SCRIPT       : SAVE CHECKSUM:1213035715
SCRIPT       : SAVE CHECKSUM:1213035715
SCRIPT       : SAVE CHECKSUM:1213035715
SCRIPT       : Chernarus::Weather::Rain::ForceEnd:: ( 22.9253 ) 0 -> 0
SCRIPT       : Chernarus::Weather::Overcast:: ( 23.0167 )  overcast: 0.258013
SCRIPT       : Chernarus::Weather::Overcast::Rain:: ( 23.0167 ) 0
SCRIPT       : [Logout]: New player XvanEKUhyxTkbzngpxDcoNyQwUXi4Yr-sLWO7uNg91M= with logout time 15
SCRIPT       : [emote] SurvivorM_Taiki:06 play emote id=14 IH=KukriKnife:026296
SCRIPT       : [EditorLoader] OnClientDisconnect
SCRIPT       : [Logout]: Player XvanEKUhyxTkbzngpxDcoNyQwUXi4Yr-sLWO7uNg91M= finished
SCRIPT       : SAVE CHECKSUM:1213035715
SCRIPT       : SAVE CHECKSUM:1213035715
SCRIPT       : SAVE CHECKSUM:1213035715
SCRIPT       : SAVE CHECKSUM:1213035715
SCRIPT       : Chernarus::Weather::Fog:: ( 23.1403 ) 0.0241194
SCRIPT       : Chernarus::Weather::Rain::ForceEnd:: ( 23.3922 ) 0 -> 0
SCRIPT       : SAVE CHECKSUM:1213035715
SCRIPT       : SAVE id:78
SCRIPT       : SAVE id_bit_offset:4
SCRIPT       : SAVE write_result:4261088
SCRIPT       : SAVE CHECKSUM:1213035715
SCRIPT       : SAVE CHECKSUM:1213035715
SCRIPT       : [MoreDoors] MissionServer --> Sending instance of cfg to client: Raider 2-2
SCRIPT       : [FBF_Config] MissionServer --> Sending instance of cfg to client: Raider 2-2
SCRIPT       : [CP] -> Sucessfully sent: Raider 2-2 CP Plus Config!
SCRIPT       : ********* LoadStats loading version: 115
SCRIPT       : LOAD checksum:1213035715
SCRIPT       : ---- PlayerBase OnStoreLoad SUCCESS ----
SCRIPT       : [EditorLoader] OnInvokeConnect
SCRIPT       : Chernarus::Weather::Rain::ForceEnd:: ( 23.8591 ) 0 -> 0
SCRIPT       : [Logout]: New player XvanEKUhyxTkbzngpxDcoNyQwUXi4Yr-sLWO7uNg91M= with logout time 15
SCRIPT       : [EditorLoader] OnClientDisconnect
SCRIPT       : [Logout]: Player XvanEKUhyxTkbzngpxDcoNyQwUXi4Yr-sLWO7uNg91M= finished
SCRIPT       : SAVE CHECKSUM:1213035715
SCRIPT       : SAVE CHECKSUM:1213035715
SCRIPT       : SAVE id:78
SCRIPT       : SAVE id_bit_offset:4
SCRIPT       : SAVE write_result:5965024
SCRIPT       : SAVE CHECKSUM:1213035715
SCRIPT       : SAVE CHECKSUM:1213035715
SCRIPT       : [MoreDoors] MissionServer --> Sending instance of cfg to client: Raider 2-2
SCRIPT       : [FBF_Config] MissionServer --> Sending instance of cfg to client: Raider 2-2
SCRIPT       : [CP] -> Sucessfully sent: Raider 2-2 CP Plus Config!
SCRIPT       : ********* LoadStats loading version: 115
SCRIPT       : LOAD checksum:1213035715
SCRIPT       : ---- PlayerBase OnStoreLoad SUCCESS ----
SCRIPT       : [EditorLoader] OnInvokeConnect
SCRIPT       : Chernarus::Weather::Rain::ForceEnd:: ( 0.325984 ) 0 -> 0
SCRIPT       : SAVE CHECKSUM:1213035715
SCRIPT       : SAVE CHECKSUM:1213035715
SCRIPT       : SAVE CHECKSUM:1213035715
SCRIPT       : SAVE id:2
SCRIPT       : SAVE id_bit_offset:4
SCRIPT       : SAVE write_result:27656224
SCRIPT       : SAVE CHECKSUM:1213035715
SCRIPT       : OnVehicleSeatDriverLeft
SCRIPT       : OnVehicleSeatDriverEnter
SCRIPT       : Chernarus::Weather::Rain::ForceEnd:: ( 0.792864 ) 0 -> 0
SCRIPT       : OnVehicleSeatDriverLeft
SCRIPT       : [inv] ReplaceItemWithNewLambdaBase Step B) remove OK, loc={ type=HANDS item=NailBox:09328 parent=SurvivorM_Indar:05 }
SCRIPT       : UnboxLambda::SetupNewItem new_item=Nail<f1561650> count=70
SCRIPT       : SAVE CHECKSUM:1213035715
SCRIPT       : SAVE CHECKSUM:1213035715
SCRIPT       : SAVE CHECKSUM:1213035715
SCRIPT       : SAVE id:2
SCRIPT       : SAVE id_bit_offset:4
SCRIPT       : SAVE write_result:1114144
SCRIPT       : SAVE CHECKSUM:1213035715
SCRIPT       : Chernarus::Weather::Rain::ForceEnd:: ( 1.25975 ) 0 -> 0
SCRIPT       : [inv] ReplaceItemWithNewLambdaBase Step B) remove OK, loc={ type=HANDS item=NailBox:029356 parent=SurvivorM_Niki:04 }
SCRIPT       : UnboxLambda::SetupNewItem new_item=Nail<7d57ea0> count=70
SCRIPT       : Chernarus::Weather::Rain::ForceEnd:: ( 1.72662 ) 0 -> 0
SCRIPT       : SAVE CHECKSUM:1213035715
SCRIPT       : SAVE CHECKSUM:1213035715
SCRIPT       : SAVE CHECKSUM:1213035715
SCRIPT       : SAVE CHECKSUM:1213035715
SCRIPT       : Chernarus::Weather::Rain::ForceEnd:: ( 2.1935 ) 0 -> 0
SCRIPT       : SAVE id:51
SCRIPT       : SAVE id_bit_offset:4
SCRIPT       : SAVE write_result:66354
SCRIPT       : SAVE CHECKSUM:1213035715
SCRIPT       : SAVE CHECKSUM:1213035715
SCRIPT       : SAVE CHECKSUM:1213035715
SCRIPT       : SAVE CHECKSUM:1213035715
SCRIPT       : Chernarus::Weather::Rain::ForceEnd:: ( 2.66038 ) 0 -> 0
SCRIPT       : Chernarus::Weather::Fog:: ( 2.6659 ) 0.0578961
SCRIPT       : SAVE CHECKSUM:1213035715
SCRIPT       : SAVE CHECKSUM:1213035715
SCRIPT       : SAVE CHECKSUM:1213035715
SCRIPT       : SAVE CHECKSUM:1213035715
SCRIPT       : material = WoodenLog; quantity = 1
SCRIPT       : Chernarus::Weather::Rain::ForceEnd:: ( 3.12725 ) 0 -> 0
SCRIPT       : material = FireWood; quantity = 1
SCRIPT       : material = WoodenLog; quantity = 1
SCRIPT       : SAVE CHECKSUM:1213035715
SCRIPT       : SAVE CHECKSUM:1213035715
SCRIPT       : SAVE CHECKSUM:1213035715
SCRIPT       : SAVE CHECKSUM:1213035715
SCRIPT       : Chernarus::Weather::Rain::ForceEnd:: ( 3.59413 ) 0 -> 0
SCRIPT       : [inv] ReplaceItemWithNewLambdaBase Step B) remove OK, loc={ type=HANDS item=TacticalBaconCan:017244 parent=SurvivorM_Indar:05 }
SCRIPT       : SAVE CHECKSUM:1213035715
SCRIPT       : SAVE id:20
SCRIPT       : SAVE id_bit_offset:4
SCRIPT       : SAVE write_result:17695040
SCRIPT       : SAVE CHECKSUM:1213035715
SCRIPT       : SAVE CHECKSUM:1213035715
SCRIPT       : SAVE CHECKSUM:1213035715
SCRIPT       : [inv] ReplaceItemWithNewLambdaBase Step B) remove OK, loc={ type=HANDS item=SpaghettiCan:029434 parent=SurvivorM_Indar:05 }
SCRIPT       : Chernarus::Weather::Rain::ForceEnd:: ( 4.06101 ) 0 -> 0
SCRIPT       : [inv] ReplaceItemWithNewLambdaBase Step B) remove OK, loc={ type=HANDS item=TunaCan:028770 parent=SurvivorM_Taiki:06 }
SCRIPT       : [inv] ReplaceItemWithNewLambdaBase Step B) remove OK, loc={ type=HANDS item=PeachesCan:07498 parent=SurvivorM_Niki:04 }
SCRIPT       : SAVE id:19
SCRIPT       : SAVE id_bit_offset:4
SCRIPT       : SAVE write_result:12910896
SCRIPT       : SAVE CHECKSUM:1213035715
SCRIPT       : SAVE id:20
SCRIPT       : SAVE id_bit_offset:4
SCRIPT       : SAVE write_result:4718912
SCRIPT       : SAVE id:21
SCRIPT       : SAVE id_bit_offset:4
SCRIPT       : SAVE write_result:6685008
SCRIPT       : SAVE id:13
SCRIPT       : SAVE id_bit_offset:4
SCRIPT       : SAVE write_result:3604688
SCRIPT       : SAVE CHECKSUM:1213035715
SCRIPT       : SAVE CHECKSUM:1213035715
SCRIPT       : SAVE id:23
SCRIPT       : SAVE id_bit_offset:4
SCRIPT       : SAVE write_result:9240944
SCRIPT       : SAVE CHECKSUM:1213035715
SCRIPT       : material = WoodenLog; quantity = 1
SCRIPT       : Chernarus::Weather::Rain::ForceEnd:: ( 4.52789 ) 0 -> 0
SCRIPT       : material = WoodenLog; quantity = 1
SCRIPT       : material = WoodenLog; quantity = 1
SCRIPT       : material = FireWood; quantity = 1
SCRIPT       : Chernarus::Weather::Overcast:: ( 4.75469 )  overcast: 0.36896
SCRIPT       : Chernarus::Weather::Overcast::Rain:: ( 4.75469 ) 0
SCRIPT       : material = WoodenLog; quantity = 1
SCRIPT       : SAVE CHECKSUM:1213035715
SCRIPT       : SAVE CHECKSUM:1213035715
SCRIPT       : SAVE CHECKSUM:1213035715
SCRIPT       : SAVE CHECKSUM:1213035715
SCRIPT       : Chernarus::Weather::Rain::ForceEnd:: ( 4.99477 ) 0 -> 0
SCRIPT       : [Logout]: New player hDo_Btwm72QwlIopq6csO7iMF3JQfMqHeAzHsQsXTmo= with logout time 15
SCRIPT       : [emote] SurvivorM_Mirek:02 play emote id=14 IH=null
SCRIPT       : [EditorLoader] OnClientDisconnect
SCRIPT       : [Logout]: Player hDo_Btwm72QwlIopq6csO7iMF3JQfMqHeAzHsQsXTmo= finished
SCRIPT       : SAVE CHECKSUM:1213035715
SCRIPT       : SAVE CHECKSUM:1213035715
SCRIPT       : SAVE CHECKSUM:1213035715
SCRIPT       : SAVE id:1
SCRIPT       : SAVE id_bit_offset:4
SCRIPT       : SAVE write_result:14417936
SCRIPT       : SAVE CHECKSUM:1213035715
SCRIPT       : Chernarus::Weather::Rain::ForceEnd:: ( 5.46165 ) 0 -> 0
SCRIPT       : SAVE CHECKSUM:1213035715
SCRIPT       : SAVE CHECKSUM:1213035715
SCRIPT       : SAVE CHECKSUM:1213035715
SCRIPT       : Chernarus::Weather::Rain::ForceEnd:: ( 5.92853 ) 0 -> 0
SCRIPT       : material = WoodenLog; quantity = 1
SCRIPT       : Chernarus::Weather::Rain::ForceEnd:: ( 6.23814 ) 0 -> 0
SCRIPT       : SAVE CHECKSUM:1213035715
SCRIPT       : SAVE CHECKSUM:1213035715
SCRIPT       : SAVE CHECKSUM:1213035715
SCRIPT       : material = WoodenLog; quantity = 1
SCRIPT       : material = WoodenLog; quantity = 1
SCRIPT       : Chernarus::Weather::Rain::ForceEnd:: ( 6.30484 ) 0 -> 0
SCRIPT       : material = WoodenLog; quantity = 1
SCRIPT       : SAVE CHECKSUM:1213035715
SCRIPT       : SAVE CHECKSUM:1213035715
SCRIPT       : SAVE CHECKSUM:1213035715
SCRIPT       : [inv] ReplaceItemWithNewLambdaBase Step B) remove OK, loc={ type=HANDS item=TunaCan:08246 parent=SurvivorM_Taiki:06 }
SCRIPT       : [inv] ReplaceItemWithNewLambdaBase Step B) remove OK, loc={ type=HANDS item=SardinesCan:025814 parent=SurvivorM_Taiki:06 }
SCRIPT       : Chernarus::Weather::Rain::ForceEnd:: ( 6.37153 ) 0 -> 0
SCRIPT       : SAVE CHECKSUM:1213035715
SCRIPT       : SAVE CHECKSUM:1213035715
SCRIPT       : SAVE id:23
SCRIPT       : SAVE id_bit_offset:4
SCRIPT       : SAVE write_result:3866992
SCRIPT       : SAVE CHECKSUM:1213035715
SCRIPT       : Chernarus::Weather::Rain::ForceEnd:: ( 6.43823 ) 0 -> 0
SCRIPT       : SAVE CHECKSUM:1213035715
SCRIPT       : SAVE CHECKSUM:1213035715
SCRIPT       : SAVE CHECKSUM:1213035715
SCRIPT       : Chernarus::Weather::Rain::ForceEnd:: ( 6.50493 ) 0 -> 0
SCRIPT       : SAVE CHECKSUM:1213035715
SCRIPT       : SAVE CHECKSUM:1213035715
SCRIPT       : SAVE CHECKSUM:1213035715
SCRIPT       : Chernarus::Weather::Rain::ForceEnd:: ( 6.57162 ) 0 -> 0
SCRIPT       : SAVE CHECKSUM:1213035715
SCRIPT       : SAVE CHECKSUM:1213035715
SCRIPT       : SAVE CHECKSUM:1213035715
SCRIPT       : Chernarus::Weather::Rain::ForceEnd:: ( 6.63832 ) 0 -> 0
SCRIPT       : [inv] ReplaceItemWithNewLambdaBase Step B) remove OK, loc={ type=HANDS item=PeachesCan:014011 parent=SurvivorM_Taiki:06 }
SCRIPT       : SAVE CHECKSUM:1213035715
SCRIPT       : SAVE CHECKSUM:1213035715
SCRIPT       : SAVE id:19
SCRIPT       : SAVE id_bit_offset:4
SCRIPT       : SAVE write_result:2228528
SCRIPT       : SAVE CHECKSUM:1213035715
SCRIPT       : Chernarus::Weather::Rain::ForceEnd:: ( 6.70502 ) 0 -> 0
SCRIPT       : Chernarus::Weather::Fog:: ( 6.72084 ) 0.0509729
SCRIPT       : SAVE CHECKSUM:1213035715
SCRIPT       : SAVE CHECKSUM:1213035715
SCRIPT       : SAVE CHECKSUM:1213035715
SCRIPT       : Chernarus::Weather::Rain::ForceEnd:: ( 6.77171 ) 0 -> 0
SCRIPT       : Chernarus::Weather::Overcast:: ( 6.80085 )  overcast: 0.0539171
SCRIPT       : Chernarus::Weather::Overcast::Rain:: ( 6.80085 ) 0
SCRIPT       : Chernarus::Weather::Rain::ForceEnd:: ( 6.83841 ) 0 -> 0
SCRIPT       : SAVE CHECKSUM:1213035715
SCRIPT       : SAVE CHECKSUM:1213035715
SCRIPT       : SAVE CHECKSUM:1213035715
SCRIPT       : Chernarus::Weather::Rain::ForceEnd:: ( 6.90511 ) 0 -> 0
SCRIPT       : SAVE CHECKSUM:1213035715
SCRIPT       : SAVE CHECKSUM:1213035715
SCRIPT       : SAVE id:19
SCRIPT       : SAVE id_bit_offset:4
SCRIPT       : SAVE write_result:3080496
SCRIPT       : SAVE CHECKSUM:1213035715
SCRIPT       : [inv] ReplaceItemWithNewLambdaBase Step B) remove OK, loc={ type=HANDS item=NailBox:011529 parent=SurvivorM_Niki:04 }
SCRIPT       : UnboxLambda::SetupNewItem new_item=Nail<14cd830> count=70
SCRIPT       : Chernarus::Weather::Rain::ForceEnd:: ( 6.9718 ) 0 -> 0
SCRIPT       : SAVE CHECKSUM:1213035715
SCRIPT       : SAVE CHECKSUM:1213035715
SCRIPT       : SAVE CHECKSUM:1213035715
SCRIPT       : Chernarus::Weather::Rain::ForceEnd:: ( 7.0385 ) 0 -> 0
SCRIPT       : SAVE CHECKSUM:1213035715
SCRIPT       : SAVE CHECKSUM:1213035715
SCRIPT       : SAVE CHECKSUM:1213035715
SCRIPT       : Chernarus::Weather::Rain::ForceEnd:: ( 7.10519 ) 0 -> 0
SCRIPT       : SAVE CHECKSUM:1213035715
SCRIPT       : SAVE CHECKSUM:1213035715
SCRIPT       : SAVE CHECKSUM:1213035715
SCRIPT       : Chernarus::Weather::Rain:: ( 7.17189 ) 0
SCRIPT       : [inv] ReplaceItemWithNewLambdaBase Step B) remove OK, loc={ type=HANDS item=SpaghettiCan:07024 parent=SurvivorM_Taiki:06 }
SCRIPT       : SAVE CHECKSUM:1213035715
SCRIPT       : SAVE CHECKSUM:1213035715
SCRIPT       : SAVE CHECKSUM:1213035715
SCRIPT       : Chernarus::Weather::Fog:: ( 7.22394 ) 0.0250105
SCRIPT       : Chernarus::Weather::Rain:: ( 7.28499 ) 0
SCRIPT       : SAVE CHECKSUM:1213035715
SCRIPT       : SAVE CHECKSUM:1213035715
SCRIPT       : SAVE CHECKSUM:1213035715
SCRIPT       : SAVE CHECKSUM:1213035715
SCRIPT       : SAVE CHECKSUM:1213035715
SCRIPT       : SAVE CHECKSUM:1213035715
SCRIPT       : Chernarus::Weather::Rain:: ( 7.37324 ) 0
SCRIPT       : [emote] SurvivorM_Niki:04 play emote id=11 IH=AKM:013939
SCRIPT       : Chernarus::Weather::Rain:: ( 7.41326 ) 0.317751
SCRIPT       : Chernarus::Weather::Rain:: ( 7.43549 ) 0.448418
SCRIPT       : SAVE CHECKSUM:1213035715
SCRIPT       : SAVE CHECKSUM:1213035715
SCRIPT       : SAVE CHECKSUM:1213035715
SCRIPT       : Chernarus::Weather::Rain:: ( 7.47661 ) 0.292029
SCRIPT       : [inv] ReplaceItemWithNewLambdaBase Step B) remove OK, loc={ type=HANDS item=SardinesCan:029427 parent=SurvivorM_Indar:05 }
SCRIPT       : Chernarus::Weather::Rain:: ( 7.51274 ) 0.104798
SCRIPT       : SAVE CHECKSUM:1213035715
SCRIPT       : SAVE CHECKSUM:1213035715
SCRIPT       : SAVE CHECKSUM:1213035715
SCRIPT       : Posthttps://api.cannabisplus.tk/Logger/One/CP/hcltCLaXq0Sv90WuBaD8RPnakXbEROyVojrM.chq{ "Action": "PickedUp", "Item": "CBDReliefBalm" }
SCRIPT       : Chernarus::Weather::Rain:: ( 7.55998 ) 0.174707
SCRIPT       : Chernarus::Weather::Overcast:: ( 7.57394 )  overcast: 0.608167
SCRIPT       : Chernarus::Weather::Overcast::Rain:: ( 7.57394 ) 0.284778
SCRIPT       : SAVE CHECKSUM:1213035715
SCRIPT       : SAVE CHECKSUM:1213035715
SCRIPT       : SAVE CHECKSUM:1213035715
SCRIPT       : Chernarus::Weather::Rain::ForceEnd:: ( 7.59332 ) 0.437577 -> 0
SCRIPT       : Chernarus::Weather::Rain::ForceEnd:: ( 7.66002 ) 0 -> 0
SCRIPT       : SAVE CHECKSUM:1213035715
SCRIPT       : SAVE CHECKSUM:1213035715
SCRIPT       : SAVE CHECKSUM:1213035715
SCRIPT       : Chernarus::Weather::Rain::ForceEnd:: ( 7.72671 ) 0 -> 0
SCRIPT       : [inv] ReplaceItemWithNewLambdaBase Step B) remove OK, loc={ type=HANDS item=SpaghettiCan:026866 parent=SurvivorM_Taiki:06 }
SCRIPT       : SAVE id:51
SCRIPT       : SAVE id_bit_offset:4
SCRIPT       : SAVE write_result:7930674
SCRIPT       : SAVE CHECKSUM:1213035715
SCRIPT       : SAVE CHECKSUM:1213035715
SCRIPT       : SAVE CHECKSUM:1213035715
SCRIPT       : [inv] ReplaceItemWithNewLambdaBase Step B) remove OK, loc={ type=HANDS item=UnknownFoodCan:029459 parent=SurvivorM_Indar:05 }
SCRIPT       : Chernarus::Weather::Rain::ForceEnd:: ( 7.79341 ) 0 -> 0
SCRIPT       : SAVE CHECKSUM:1213035715
SCRIPT       : SAVE CHECKSUM:1213035715
SCRIPT       : SAVE CHECKSUM:1213035715
SCRIPT       : Chernarus::Weather::Rain::ForceEnd:: ( 7.86011 ) 0 -> 0
SCRIPT       : SAVE CHECKSUM:1213035715
SCRIPT       : SAVE CHECKSUM:1213035715
SCRIPT       : SAVE CHECKSUM:1213035715
SCRIPT       : [inv] ReplaceItemWithNewLambdaBase Step B) remove OK, loc={ type=HANDS item=SardinesCan:027274 parent=SurvivorM_Indar:05 }
SCRIPT       : Chernarus::Weather::Rain::ForceEnd:: ( 7.9268 ) 0 -> 0
SCRIPT       : [emote] SurvivorM_Indar:05 play emote id=1 IH=null
SCRIPT       : [emote] SurvivorM_Niki:04 play emote id=1 IH=Izh43Shotgun:020610
SCRIPT       : SAVE CHECKSUM:1213035715
SCRIPT       : SAVE CHECKSUM:1213035715
SCRIPT       : [wpnfsm] Save occured in fsm transition! current state=ChamberMultiBullet<7cfc190> closes stable state=DoubleBarrelLoadedEmpty<9611b90> id=2
SCRIPT       : SAVE CHECKSUM:1213035715
SCRIPT       : Chernarus::Weather::Rain::ForceEnd:: ( 7.9935 ) 0 -> 0
SCRIPT       : SAVE CHECKSUM:1213035715
SCRIPT       : SAVE CHECKSUM:1213035715
SCRIPT       : SAVE CHECKSUM:1213035715
SCRIPT       : Chernarus::Weather::Rain::ForceEnd:: ( 8.0602 ) 0 -> 0
SCRIPT       : SAVE id:10
SCRIPT       : SAVE id_bit_offset:4
SCRIPT       : SAVE write_result:13762720
SCRIPT       : SAVE CHECKSUM:1213035715
SCRIPT       : SAVE CHECKSUM:1213035715
SCRIPT       : SAVE CHECKSUM:1213035715
SCRIPT       : [inv] ReplaceItemWithNewLambdaBase Step B) remove OK, loc={ type=HANDS item=SpaghettiCan:022632 parent=SurvivorM_Taiki:06 }
SCRIPT       : Chernarus::Weather::Rain::ForceEnd:: ( 8.12689 ) 0 -> 0
SCRIPT       : SAVE CHECKSUM:1213035715
SCRIPT       : SAVE CHECKSUM:1213035715
SCRIPT       : SAVE id:21
SCRIPT       : SAVE id_bit_offset:4
SCRIPT       : SAVE write_result:10420560
SCRIPT       : SAVE CHECKSUM:1213035715
SCRIPT       : Chernarus::Weather::Rain::ForceEnd:: ( 8.19359 ) 0 -> 0
SCRIPT       : Posthttps://api.cannabisplus.tk/Logger/One/CP/hcltCLaXq0Sv90WuBaD8RPnakXbEROyVojrM.chq{ "Action": "PickedUp", "Item": "RollingPapers" }
SCRIPT       : Chernarus::Weather::Fog:: ( 8.23878 ) 0.144704
SCRIPT       : Chernarus::Weather::Rain::ForceEnd:: ( 8.26029 ) 0 -> 0
SCRIPT       : SAVE CHECKSUM:1213035715
SCRIPT       : SAVE CHECKSUM:1213035715
SCRIPT       : SAVE CHECKSUM:1213035715
SCRIPT       : [MoreDoors] MissionServer --> Sending instance of cfg to client: The_Disciple
SCRIPT       : [FBF_Config] MissionServer --> Sending instance of cfg to client: The_Disciple
SCRIPT       : [CP] -> Sucessfully sent: The_Disciple CP Plus Config!
SCRIPT       : [EditorLoader] OnInvokeConnect
SCRIPT       : [Logout]: New player Z2WXhu7ARScHuux4YAmqhJbVs20E7bWz8JmBk0cCVgs= with logout time 15
SCRIPT       : [EditorLoader] OnClientDisconnect
SCRIPT       : [Logout]: Player Z2WXhu7ARScHuux4YAmqhJbVs20E7bWz8JmBk0cCVgs= finished
SCRIPT       : SAVE CHECKSUM:1213035715
SCRIPT       : [MoreDoors] MissionServer --> Sending instance of cfg to client: The_Disciple
SCRIPT       : [FBF_Config] MissionServer --> Sending instance of cfg to client: The_Disciple
SCRIPT       : [CP] -> Sucessfully sent: The_Disciple CP Plus Config!
SCRIPT       : Chernarus::Weather::Overcast:: ( 8.32168 )  overcast: 0.1301
SCRIPT       : Chernarus::Weather::Overcast::Rain:: ( 8.32168 ) 0
SCRIPT       : ********* LoadStats loading version: 115
SCRIPT       : LOAD checksum:1213035715
SCRIPT       : ---- PlayerBase OnStoreLoad SUCCESS ----
SCRIPT       : [EditorLoader] OnInvokeConnect
SCRIPT       : Chernarus::Weather::Rain::ForceEnd:: ( 8.32699 ) 0 -> 0
SCRIPT       : SAVE CHECKSUM:1213035715
SCRIPT       : SAVE CHECKSUM:1213035715
SCRIPT       : SAVE CHECKSUM:1213035715
SCRIPT       : [inv] ReplaceItemWithNewLambdaBase Step B) remove OK, loc={ type=HANDS item=SardinesCan:023049 parent=SurvivorM_Indar:05 }
SCRIPT       : [inv] ReplaceItemWithNewLambdaBase Step B) remove OK, loc={ type=HANDS item=SardinesCan:023857 parent=SurvivorM_Indar:05 }
SCRIPT       : [inv] ReplaceItemWithNewLambdaBase Step B) remove OK, loc={ type=HANDS item=SardinesCan:023553 parent=SurvivorM_Indar:05 }
SCRIPT       : [Logout]: New player Z2WXhu7ARScHuux4YAmqhJbVs20E7bWz8JmBk0cCVgs= with logout time 15
SCRIPT       : [inv] ReplaceItemWithNewLambdaBase Step B) remove OK, loc={ type=HANDS item=SardinesCan:023597 parent=SurvivorM_Indar:05 }
SCRIPT       : [EditorLoader] OnClientDisconnect
SCRIPT       : [Logout]: Player Z2WXhu7ARScHuux4YAmqhJbVs20E7bWz8JmBk0cCVgs= finished
SCRIPT       : SAVE CHECKSUM:1213035715
SCRIPT       : [inv] ReplaceItemWithNewLambdaBase Step B) remove OK, loc={ type=HANDS item=SardinesCan:023192 parent=SurvivorM_Indar:05 }
SCRIPT       : Chernarus::Weather::Rain::ForceEnd:: ( 8.39368 ) 0 -> 0
SCRIPT       : SAVE CHECKSUM:1213035715
SCRIPT       : SAVE id:22
SCRIPT       : SAVE id_bit_offset:4
SCRIPT       : SAVE write_result:16384352
SCRIPT       : SAVE CHECKSUM:1213035715
SCRIPT       : SAVE CHECKSUM:1213035715
SCRIPT       : Chernarus::Weather::Rain::ForceEnd:: ( 8.46038 ) 0 -> 0
SCRIPT       : [CP] ApplyModifiers cycles 0
SCRIPT       : [CP] OnFinishProgressServer cycles 0
SCRIPT       : [CP] Stoned modifier activating on player: SurvivorBase<c04ee020>
SCRIPT       : [CP] ApplyModifiers cycles 0
SCRIPT       : [CP] OnFinishProgressServer cycles 0
SCRIPT       : [CP] ApplyModifiers cycles 0
SCRIPT       : [CP] OnFinishProgressServer cycles 0
SCRIPT       : [CP] ApplyModifiers cycles 0
SCRIPT       : [CP] OnFinishProgressServer cycles 0
SCRIPT       : [CP] ApplyModifiers cycles 0
SCRIPT       : [CP] OnFinishProgressServer cycles 0
SCRIPT       : [CP] ApplyModifiers cycles 0
SCRIPT       : [CP] OnFinishProgressServer cycles 0
SCRIPT       : [CP] ApplyModifiers cycles 0
SCRIPT       : [CP] OnFinishProgressServer cycles 0
SCRIPT       : [CP] ApplyModifiers cycles 0
SCRIPT       : [CP] OnFinishProgressServer cycles 0
SCRIPT       : [CP] ApplyModifiers cycles 0
SCRIPT       : [CP] OnFinishProgressServer cycles 0
SCRIPT       : [CP] ApplyModifiers cycles 0
SCRIPT       : [CP] OnFinishProgressServer cycles 0
SCRIPT       : [CP] ApplyModifiers cycles 0
SCRIPT       : [CP] OnFinishProgressServer cycles 0
SCRIPT       : [CP] ApplyModifiers cycles 0
SCRIPT       : [CP] OnFinishProgressServer cycles 0
SCRIPT       : [CP] ApplyModifiers cycles 0
SCRIPT       : [CP] OnFinishProgressServer cycles 0
SCRIPT       : [CP] ApplyModifiers cycles 0
SCRIPT       : [CP] OnFinishProgressServer cycles 0
SCRIPT       : [CP] ApplyModifiers cycles 0
SCRIPT       : [CP] OnFinishProgressServer cycles 0
SCRIPT       : [CP] ApplyModifiers cycles 0
SCRIPT       : [CP] OnFinishProgressServer cycles 0
SCRIPT       : SAVE CHECKSUM:1213035715
SCRIPT       : SAVE CHECKSUM:1213035715
SCRIPT       : SAVE CHECKSUM:1213035715
SCRIPT       : [CP] ApplyModifiers cycles 0
SCRIPT       : [CP] OnFinishProgressServer cycles 0
SCRIPT       : [CP] ApplyModifiers cycles 0
SCRIPT       : [CP] OnFinishProgressServer cycles 0
SCRIPT       : [CP] ApplyModifiers cycles 0
SCRIPT       : [CP] OnFinishProgressServer cycles 0
SCRIPT       : [CP] ApplyModifiers cycles 0
SCRIPT       : [CP] OnFinishProgressServer cycles 0
SCRIPT       : Posthttps://api.cannabisplus.tk/Logger/One/CP/hcltCLaXq0Sv90WuBaD8RPnakXbEROyVojrM.chq{ "Action": "Smoked", "Item": "CP_JointBlue" }
SCRIPT       : material = WoodenStick; quantity = 1
SCRIPT       : [CP] Stoned modifier deactivating on player: SurvivorBase<c04ee020>
SCRIPT       : material = Bark_Oak; quantity = 1
SCRIPT       : Chernarus::Weather::Rain::ForceEnd:: ( 8.52708 ) 0 -> 0
SCRIPT       : SAVE CHECKSUM:1213035715
SCRIPT       : SAVE CHECKSUM:1213035715
SCRIPT       : SAVE CHECKSUM:1213035715
SCRIPT       : Chernarus::Weather::Rain:: ( 8.59378 ) 0
SCRIPT       : Chernarus::Weather::Rain:: ( 8.63713 ) 0.107865
SCRIPT       : SAVE CHECKSUM:1213035715
SCRIPT       : SAVE CHECKSUM:1213035715
SCRIPT       : SAVE CHECKSUM:1213035715
SCRIPT       : [CP] ApplyModifiers cycles 0
SCRIPT       : [CP] OnFinishProgressServer cycles 0
SCRIPT       : [CP] Stoned modifier activating on player: SurvivorBase<1da2ed0>
SCRIPT       : [CP] ApplyModifiers cycles 0
SCRIPT       : [CP] OnFinishProgressServer cycles 0
SCRIPT       : [CP] ApplyModifiers cycles 0
SCRIPT       : [CP] OnFinishProgressServer cycles 0
SCRIPT       : [CP] ApplyModifiers cycles 0
SCRIPT       : [CP] OnFinishProgressServer cycles 0
SCRIPT       : [CP] ApplyModifiers cycles 0
SCRIPT       : [CP] OnFinishProgressServer cycles 0
SCRIPT       : [CP] ApplyModifiers cycles 0
SCRIPT       : [CP] OnFinishProgressServer cycles 0
SCRIPT       : [CP] ApplyModifiers cycles 0
SCRIPT       : [CP] OnFinishProgressServer cycles 0
SCRIPT       : [CP] ApplyModifiers cycles 0
SCRIPT       : [CP] OnFinishProgressServer cycles 0
SCRIPT       : [CP] ApplyModifiers cycles 0
SCRIPT       : [CP] OnFinishProgressServer cycles 0
SCRIPT       : [CP] ApplyModifiers cycles 0
SCRIPT       : [CP] OnFinishProgressServer cycles 0
SCRIPT       : [CP] ApplyModifiers cycles 0
SCRIPT       : [CP] OnFinishProgressServer cycles 0
SCRIPT       : [CP] ApplyModifiers cycles 0
SCRIPT       : [CP] OnFinishProgressServer cycles 0
SCRIPT       : [CP] ApplyModifiers cycles 0
SCRIPT       : [CP] OnFinishProgressServer cycles 0
SCRIPT       : [CP] Stoned modifier activating on player: SurvivorBase<c04ee020>
SCRIPT       : [CP] ApplyModifiers cycles 0
SCRIPT       : [CP] OnFinishProgressServer cycles 0
SCRIPT       : [CP] ApplyModifiers cycles 0
SCRIPT       : [CP] OnFinishProgressServer cycles 0
SCRIPT       : [CP] ApplyModifiers cycles 0
SCRIPT       : [CP] OnFinishProgressServer cycles 0
SCRIPT       : [CP] ApplyModifiers cycles 0
SCRIPT       : [CP] OnFinishProgressServer cycles 0
SCRIPT       : [CP] ApplyModifiers cycles 0
SCRIPT       : [CP] OnFinishProgressServer cycles 0
SCRIPT       : [CP] ApplyModifiers cycles 0
SCRIPT       : [CP] OnFinishProgressServer cycles 0
SCRIPT       : [CP] ApplyModifiers cycles 0
SCRIPT       : [CP] OnFinishProgressServer cycles 0
SCRIPT       : [CP] ApplyModifiers cycles 0
SCRIPT       : [CP] OnFinishProgressServer cycles 0
SCRIPT       : [CP] ApplyModifiers cycles 0
SCRIPT       : [CP] OnFinishProgressServer cycles 0
SCRIPT       : [CP] ApplyModifiers cycles 0
SCRIPT       : [CP] OnFinishProgressServer cycles 0
SCRIPT       : [CP] ApplyModifiers cycles 0
SCRIPT       : [CP] OnFinishProgressServer cycles 0
SCRIPT       : [CP] ApplyModifiers cycles 0
SCRIPT       : [CP] OnFinishProgressServer cycles 0
SCRIPT       : [CP] ApplyModifiers cycles 0
SCRIPT       : [CP] OnFinishProgressServer cycles 0
SCRIPT       : [CP] Stoned modifier deactivating on player: SurvivorBase<1da2ed0>
SCRIPT       : SAVE CHECKSUM:1213035715
SCRIPT       : SAVE CHECKSUM:1213035715
SCRIPT       : SAVE CHECKSUM:1213035715
SCRIPT       : [CP] ApplyModifiers cycles 0
SCRIPT       : [CP] OnFinishProgressServer cycles 0
SCRIPT       : [CP] ApplyModifiers cycles 0
SCRIPT       : [CP] OnFinishProgressServer cycles 0
SCRIPT       : [CP] ApplyModifiers cycles 0
SCRIPT       : [CP] OnFinishProgressServer cycles 0
SCRIPT       : [CP] ApplyModifiers cycles 0
SCRIPT       : [CP] OnFinishProgressServer cycles 0
SCRIPT       : [CP] ApplyModifiers cycles 0
SCRIPT       : [CP] OnFinishProgressServer cycles 0
SCRIPT       : [CP] Stoned modifier activating on player: SurvivorBase<1da2ed0>
SCRIPT       : [CP] ApplyModifiers cycles 0
SCRIPT       : [CP] OnFinishProgressServer cycles 0
SCRIPT       : [CP] ApplyModifiers cycles 0
SCRIPT       : [CP] OnFinishProgressServer cycles 0
SCRIPT       : [CP] ApplyModifiers cycles 0
SCRIPT       : [CP] OnFinishProgressServer cycles 0
SCRIPT       : [CP] ApplyModifiers cycles 0
SCRIPT       : [CP] OnFinishProgressServer cycles 0
SCRIPT       : [CP] ApplyModifiers cycles 0
SCRIPT       : [CP] OnFinishProgressServer cycles 0
SCRIPT       : [CP] ApplyModifiers cycles 0
SCRIPT       : [CP] OnFinishProgressServer cycles 0
SCRIPT       : Posthttps://api.cannabisplus.tk/Logger/One/CP/hcltCLaXq0Sv90WuBaD8RPnakXbEROyVojrM.chq{ "Action": "Smoked", "Item": "CP_JointBlackFrost" }
SCRIPT       : [CP] ApplyModifiers cycles 0
SCRIPT       : [CP] OnFinishProgressServer cycles 0
SCRIPT       : [CP] ApplyModifiers cycles 0
SCRIPT       : [CP] OnFinishProgressServer cycles 0
SCRIPT       : [CP] ApplyModifiers cycles 0
SCRIPT       : [CP] OnFinishProgressServer cycles 0
SCRIPT       : Posthttps://api.cannabisplus.tk/Logger/One/CP/hcltCLaXq0Sv90WuBaD8RPnakXbEROyVojrM.chq{ "Action": "Smoked", "Item": "CP_JointStardawg" }
SCRIPT       : Chernarus::Weather::Rain:: ( 8.72261 ) 0
SCRIPT       : [CP] Stoned modifier COUGHING
SCRIPT       : [CP] Stoned modifier deactivating on player: SurvivorBase<c04ee020>
SCRIPT       : [CP] Stoned modifier deactivating on player: SurvivorBase<1da2ed0>
SCRIPT       : Chernarus::Weather::Fog:: ( 8.74232 ) 0.0407263
SCRIPT       : Chernarus::Weather::Rain::ForceStorm:: ( 8.75985 ) 0.371677 -> 0.933665
SCRIPT       : string s =    'OnUnconsciousStart'
SCRIPT       : SAVE CHECKSUM:1213035715
SCRIPT       : SAVE CHECKSUM:1213035715
SCRIPT       : SAVE CHECKSUM:1213035715
SCRIPT       : Chernarus::Weather::Rain::ForceStorm:: ( 8.7893 ) 0.933665 -> 0.874483
SCRIPT       : string s =    'OnUnconsciousStop'
SCRIPT       : Chernarus::Weather::Rain::ForceStorm:: ( 8.80986 ) 0.874483 -> 0.975396
SCRIPT       : [inv] ReplaceItemWithNewLambdaBase Step B) remove OK, loc={ type=HANDS item=TunaCan:015697 parent=SurvivorM_Indar:05 }
SCRIPT       : Chernarus::Weather::Rain::ForceStorm:: ( 8.84265 ) 0.975396 -> 0.846669
SCRIPT       : Chernarus::Weather::Rain::ForceStorm:: ( 8.85988 ) 0.846669 -> 0.999915
SCRIPT       : SAVE id:4
SCRIPT       : SAVE id_bit_offset:4
SCRIPT       : SAVE write_result:16777280
SCRIPT       : SAVE CHECKSUM:1213035715
SCRIPT       : SAVE id:23
SCRIPT       : SAVE id_bit_offset:4
SCRIPT       : SAVE write_result:9830768
SCRIPT       : SAVE CHECKSUM:1213035715
SCRIPT       : SAVE CHECKSUM:1213035715
SCRIPT       : Chernarus::Weather::Rain::ForceStorm:: ( 8.88266 ) 0.999915 -> 0.956188
SCRIPT       : Chernarus::Weather::Rain::ForceStorm:: ( 8.91823 ) 0.957924 -> 0.874404
SCRIPT       : SAVE id:10
SCRIPT       : SAVE id_bit_offset:4
SCRIPT       : SAVE write_result:16449696
SCRIPT       : SAVE CHECKSUM:1213035715
SCRIPT       : SAVE CHECKSUM:1213035715
SCRIPT       : SAVE CHECKSUM:1213035715
SCRIPT       : Chernarus::Weather::Rain::ForceStorm:: ( 8.93935 ) 0.874404 -> 0.997217
SCRIPT       : Chernarus::Weather::Rain::ForceStorm:: ( 8.98604 ) 0.997217 -> 0.87911
SCRIPT       : [emote] SurvivorM_Niki:04 play emote id=14 IH=null
SCRIPT       : [CP] ApplyModifiers cycles 0
SCRIPT       : [CP] OnFinishProgressServer cycles 0
SCRIPT       : [CP] Stoned modifier activating on player: SurvivorBase<c04ee020>
SCRIPT       : [CP] ApplyModifiers cycles 0
SCRIPT       : [CP] OnFinishProgressServer cycles 0
SCRIPT       : [CP] ApplyModifiers cycles 0
SCRIPT       : [CP] OnFinishProgressServer cycles 0
SCRIPT       : [CP] ApplyModifiers cycles 0
SCRIPT       : [CP] OnFinishProgressServer cycles 0
SCRIPT       : [CP] ApplyModifiers cycles 0
SCRIPT       : [CP] OnFinishProgressServer cycles 0
SCRIPT       : [CP] ApplyModifiers cycles 0
SCRIPT       : [CP] OnFinishProgressServer cycles 0
SCRIPT       : [CP] ApplyModifiers cycles 0
SCRIPT       : [CP] OnFinishProgressServer cycles 0
SCRIPT       : [CP] ApplyModifiers cycles 0
SCRIPT       : [CP] OnFinishProgressServer cycles 0
SCRIPT       : [CP] ApplyModifiers cycles 0
SCRIPT       : [CP] OnFinishProgressServer cycles 0
SCRIPT       : [CP] ApplyModifiers cycles 0
SCRIPT       : [CP] OnFinishProgressServer cycles 0
SCRIPT       : [CP] ApplyModifiers cycles 0
SCRIPT       : [CP] OnFinishProgressServer cycles 0
SCRIPT       : [CP] ApplyModifiers cycles 0
SCRIPT       : [CP] OnFinishProgressServer cycles 0
SCRIPT       : [CP] ApplyModifiers cycles 0
SCRIPT       : [CP] OnFinishProgressServer cycles 0
SCRIPT       : SAVE CHECKSUM:1213035715
SCRIPT       : SAVE CHECKSUM:1213035715
SCRIPT       : SAVE CHECKSUM:1213035715
SCRIPT       : [CP] ApplyModifiers cycles 0
SCRIPT       : [CP] OnFinishProgressServer cycles 0
SCRIPT       : [CP] ApplyModifiers cycles 0
SCRIPT       : [CP] OnFinishProgressServer cycles 0
SCRIPT       : [CP] ApplyModifiers cycles 0
SCRIPT       : [CP] OnFinishProgressServer cycles 0
SCRIPT       : [CP] ApplyModifiers cycles 0
SCRIPT       : [CP] OnFinishProgressServer cycles 0
SCRIPT       : Chernarus::Weather::Rain::ForceStorm:: ( 9.01382 ) 0.87911 -> 0.929826
SCRIPT       : [emote] SurvivorM_Niki:04 play emote id=14 IH=AKM:013939
SCRIPT       : [CP] ApplyModifiers cycles 0
SCRIPT       : [CP] OnFinishProgressServer cycles 0
SCRIPT       : [CP] ApplyModifiers cycles 0
SCRIPT       : [CP] OnFinishProgressServer cycles 0
SCRIPT       : [CP] ApplyModifiers cycles 0
SCRIPT       : [CP] OnFinishProgressServer cycles 0
SCRIPT       : Posthttps://api.cannabisplus.tk/Logger/One/CP/hcltCLaXq0Sv90WuBaD8RPnakXbEROyVojrM.chq{ "Action": "Smoked", "Item": "CP_JointSkunk" }
SCRIPT       : [CP] Stoned modifier deactivating on player: SurvivorBase<c04ee020>
SCRIPT       : Chernarus::Weather::Rain::ForceStorm:: ( 9.05662 ) 0.929617 -> 0.86072
SCRIPT       : SAVE CHECKSUM:1213035715
SCRIPT       : SAVE CHECKSUM:1213035715
SCRIPT       : SAVE CHECKSUM:1213035715
SCRIPT       : Chernarus::Weather::Rain::ForceStorm:: ( 9.08941 ) 0.86072 -> 0.858455
SCRIPT       : [emote] SurvivorM_Taiki:06 play emote id=14 IH=TWP_AR15:024796
SCRIPT       : [emote] SurvivorM_Taiki:06 play emote id=14 IH=TWP_AR15:024796
SCRIPT       : [inv] ReplaceItemWithNewLambdaBase Step B) remove OK, loc={ type=HANDS item=TunaCan:010806 parent=SurvivorM_Niki:04 }
SCRIPT       : [Logout]: New player HT80BSK6nbyEUuqqNLGOG_NvUVWKXCYBk5YTFLCK4vU= with logout time 15
SCRIPT       : [emote] SurvivorM_Niki:04 play emote id=14 IH=null
SCRIPT       : Chernarus::Weather::Rain::ForceStorm:: ( 9.13498 ) 0.860704 -> 0.960228
SCRIPT       : [EditorLoader] OnClientDisconnect
SCRIPT       : [Logout]: Player HT80BSK6nbyEUuqqNLGOG_NvUVWKXCYBk5YTFLCK4vU= finished
SCRIPT       : SAVE id:23
SCRIPT       : SAVE id_bit_offset:4
SCRIPT       : SAVE write_result:9830768
SCRIPT       : SAVE CHECKSUM:1213035715
SCRIPT       : [Logout]: New player XvanEKUhyxTkbzngpxDcoNyQwUXi4Yr-sLWO7uNg91M= with logout time 15
SCRIPT       : [emote] SurvivorM_Taiki:06 play emote id=14 IH=TWP_AR15:024796
SCRIPT       : [EditorLoader] OnClientDisconnect
SCRIPT       : [Logout]: Player XvanEKUhyxTkbzngpxDcoNyQwUXi4Yr-sLWO7uNg91M= finished
SCRIPT       : SAVE CHECKSUM:1213035715
SCRIPT       : SAVE CHECKSUM:1213035715
SCRIPT       : Chernarus::Weather::Overcast:: ( 9.17118 )  overcast: 0.913926
SCRIPT       : Chernarus::Weather::Overcast::Rain:: ( 9.17118 ) 0.934501
SCRIPT       : Chernarus::Weather::Rain:: ( 9.18334 ) 0.959279
SCRIPT       : Chernarus::Weather::Rain:: ( 9.20167 ) 0.225077
SCRIPT       : SAVE CHECKSUM:1213035715
SCRIPT       : Chernarus::Weather::Rain::ForceEnd:: ( 9.29323 ) 0 -> 0
SCRIPT       : SAVE CHECKSUM:1213035715
SCRIPT       : Chernarus::Weather::Rain::ForceEnd:: ( 9.35993 ) 0 -> 0
SCRIPT       : [Logout]: New player Pk9FmI0iGIJV90L0o-uI7ivHc45DZnNcAVX3v1GVD5Y= with logout time 15
SCRIPT       : [EditorLoader] OnClientDisconnect
SCRIPT       : [Logout]: Player Pk9FmI0iGIJV90L0o-uI7ivHc45DZnNcAVX3v1GVD5Y= finished
SCRIPT       : SAVE CHECKSUM:1213035715
SCRIPT       : ~PluginMCKLogs Closed
SCRIPT       : ~DayZGame()
