---------------------------------------------
Log C:\Program Files (x86)\Steam\steamapps\common\DayZServer\myprofile\script_2021-05-25_22-13-05.log started at 25.05. 22:13:05

SCRIPT       : Registered 263 temporary action enum(s), UAN==263
SCRIPT    (W): @"ToxicZone/scripts/3_Game/toxicconfig\config\staticzone\statictoxicareasettings.c,108": Missing ';' at the end of line
SCRIPT       : CF_CreateGame()
SCRIPT       : ... Backlit Effects Enabled
SCRIPT       : DZM_Projects Map! by DaOne
SCRIPT    (W): @"MuchStuffPack/MSP_Scripts/4_World/codelock\actions\actionraidcodelockonmsp.c,44": Missing ';' at the end of line
SCRIPT    (W): @"MunghardsItems/scripts/4_world/entities\itembase\sleepingbag.c,160": Missing ';' at the end of line
SCRIPT    (W): @"MunghardsItems/scripts/4_world/entities\itembase\itembase.c,13": Missing ';' at the end of line
SCRIPT    (W): @"MunghardsItems/scripts/4_world/entities\itembase\itembase.c,22": Missing ';' at the end of line
SCRIPT    (W): @"BuildAnywhere_v3/scripts/4_World/Entities/GardenBase/ісћѐьр*џ.rvmat,52": Missing ';' at the end of line
SCRIPT    (W): @"deerisle/Deerisle_Security_System/scripts/4_World/deerisle-security-system\config\securityconfig.c,49": Missing ';' at the end of line
SCRIPT    (W): @"BPGaz/scripts/ќѕ?юіаѕэёю.wsi,6": Missing ';' at the end of line
SCRIPT    (W): @"CannabisPlus/scripts/4_world/cannabisplus.c,391": Missing ';' at the end of line
SCRIPT    (W): @"ModularVestSystem/scripts/4_World/mvs_taco.c,19": Missing ';' at the end of line
SCRIPT    (W): @"BaseBuildingPlus/scripts/4_World/items\xmas_lights\bbp_xmaslights_9v.c,54": Missing ';' at the end of line
SCRIPT    (W): @"MuchStuffPack/MSP_Scripts/4_World/codelock\actions\actioninteractlockonmsp.c,71": Unsafe down-casting, use 'EntityAI.Cast' for safe down-casting
SCRIPT    (W): @"MuchStuffPack/MSP_Scripts/4_World/codelock\actions\actioninteractlockonmsp.c,85": Unsafe down-casting, use 'ItemBase.Cast' for safe down-casting
SCRIPT    (W): @"MuchStuffPack/MSP_Scripts/4_World/codelock\actions\actioninteractlockonmsp.c,90": Unsafe down-casting, use 'ItemBase.Cast' for safe down-casting
SCRIPT    (W): @"MunghardsItems/scripts/4_world/entities\itembase\ballgrill.c,349": Unsafe down-casting, use 'Edible_Base.Cast' for safe down-casting
SCRIPT    (W): @"MunghardsItems/scripts/4_world/entities\itembase\ballgrill.c,361": Unsafe down-casting, use 'Edible_Base.Cast' for safe down-casting
SCRIPT    (W): @"MunghardsItems/scripts/4_world/classes\useractionscomponent\actions\continuous\actionbuildmungcabin.c,34": Unsafe down-casting, use 'PlayerBase.Cast' for safe down-casting
SCRIPT    (W): @"MunghardsItems/scripts/4_world/entities\itembase\kv5.c,49": Unsafe down-casting, use 'PlayerBase.Cast' for safe down-casting
SCRIPT    (W): @"TraderPlus/scripts/4_World/classes\tradersystemhandler\helpers\traderplushelpers.c,65": Unsafe down-casting, use 'Magazine.Cast' for safe down-casting
SCRIPT    (W): @"TraderPlus/scripts/4_World/classes\tradersystemhandler\helpers\traderplushelpers.c,66": Unsafe down-casting, use 'Magazine.Cast' for safe down-casting
SCRIPT    (W): @"TraderPlus/scripts/4_World/classes\tradersystemhandler\helpers\traderplushelpers.c,71": Unsafe down-casting, use 'Magazine.Cast' for safe down-casting
SCRIPT    (W): @"TraderPlus/scripts/4_World/classes\tradersystemhandler\helpers\traderplushelpers.c,72": Unsafe down-casting, use 'Magazine.Cast' for safe down-casting
SCRIPT    (W): @"WRDG/Notes/Scripts/4_World/classes\writtennotedata.c,93": Unsafe down-casting, use 'PlayerBase.Cast' for safe down-casting
SCRIPT       : ::: [BuildAnywhere_v3_World<c8ebb420>]: ver: 3.4.06.05.2021 init
SCRIPT    (W): @"LBmaster_UndergroundLighting/scripts/5_Mission/UndergroundLighting/mission/эѓљ*лњФы.rvmat,295": Unsafe down-casting, use 'PlayerBase.Cast' for safe down-casting
SCRIPT    (W): @"$CurrentDir:mpmissions\Expansion.deerisle\init.c,106": Unsafe down-casting, use 'ItemBase.Cast' for safe down-casting
SCRIPT    (W): @"$CurrentDir:mpmissions\Expansion.deerisle\init.c,108": Unsafe down-casting, use 'ItemBase.Cast' for safe down-casting
SCRIPT    (W): @"$CurrentDir:mpmissions\Expansion.deerisle\init.c,128": Unsafe down-casting, use 'ItemBase.Cast' for safe down-casting
SCRIPT    (W): @"$CurrentDir:mpmissions\Expansion.deerisle\init.c,130": Unsafe down-casting, use 'ItemBase.Cast' for safe down-casting
SCRIPT    (W): @"$CurrentDir:mpmissions\Expansion.deerisle\init.c,166": Unsafe down-casting, use 'ItemBase.Cast' for safe down-casting
SCRIPT    (W): @"$CurrentDir:mpmissions\Expansion.deerisle\init.c,169": Unsafe down-casting, use 'ItemBase.Cast' for safe down-casting
SCRIPT    (W): @"$CurrentDir:mpmissions\Expansion.deerisle\init.c,213": Unsafe down-casting, use 'ItemBase.Cast' for safe down-casting
SCRIPT    (W): @"$CurrentDir:mpmissions\Expansion.deerisle\init.c,217": Unsafe down-casting, use 'ItemBase.Cast' for safe down-casting
SCRIPT    (W): @"$CurrentDir:mpmissions\Expansion.deerisle\init.c,264": Unsafe down-casting, use 'ItemBase.Cast' for safe down-casting
SCRIPT    (W): @"$CurrentDir:mpmissions\Expansion.deerisle\init.c,301": Unsafe down-casting, use 'ItemBase.Cast' for safe down-casting
SCRIPT    (W): @"$CurrentDir:mpmissions\Expansion.deerisle\init.c,303": Unsafe down-casting, use 'ItemBase.Cast' for safe down-casting
SCRIPT    (W): @"$CurrentDir:mpmissions\Expansion.deerisle\init.c,306": Unsafe down-casting, use 'ItemBase.Cast' for safe down-casting
SCRIPT    (W): @"$CurrentDir:mpmissions\Expansion.deerisle\init.c,340": Unsafe down-casting, use 'ItemBase.Cast' for safe down-casting
SCRIPT    (W): @"$CurrentDir:mpmissions\Expansion.deerisle\init.c,345": Unsafe down-casting, use 'ItemBase.Cast' for safe down-casting
SCRIPT    (W): @"$CurrentDir:mpmissions\Expansion.deerisle\init.c,383": Unsafe down-casting, use 'ItemBase.Cast' for safe down-casting
SCRIPT    (W): @"$CurrentDir:mpmissions\Expansion.deerisle\init.c,385": Unsafe down-casting, use 'ItemBase.Cast' for safe down-casting
SCRIPT    (W): @"$CurrentDir:mpmissions\Expansion.deerisle\init.c,388": Unsafe down-casting, use 'ItemBase.Cast' for safe down-casting
SCRIPT    (W): @"$CurrentDir:mpmissions\Expansion.deerisle\init.c,391": Unsafe down-casting, use 'ItemBase.Cast' for safe down-casting
SCRIPT    (W): @"$CurrentDir:mpmissions\Expansion.deerisle\init.c,427": Unsafe down-casting, use 'ItemBase.Cast' for safe down-casting
SCRIPT    (W): @"$CurrentDir:mpmissions\Expansion.deerisle\init.c,430": Unsafe down-casting, use 'ItemBase.Cast' for safe down-casting
SCRIPT    (W): @"$CurrentDir:mpmissions\Expansion.deerisle\init.c,433": Unsafe down-casting, use 'ItemBase.Cast' for safe down-casting
SCRIPT    (W): @"$CurrentDir:mpmissions\Expansion.deerisle\init.c,471": Unsafe down-casting, use 'ItemBase.Cast' for safe down-casting
SCRIPT    (W): @"$CurrentDir:mpmissions\Expansion.deerisle\init.c,475": Unsafe down-casting, use 'ItemBase.Cast' for safe down-casting
SCRIPT       : Init: PluginMCKLogs
SCRIPT       : Creating ModuleManager
SCRIPT       : CF_CreateWorld()
SCRIPT       : Inserted Module (HOST): COTModule
SCRIPT       : Inserted Module (HOST): JMWebhookModule
SCRIPT       : Inserted Module (HOST): JMPlayerModule
SCRIPT       : Inserted Module (HOST): JMObjectSpawnerModule
SCRIPT       : Inserted Module (HOST): JMESPModule
SCRIPT       : Inserted Module (HOST): JMTeleportModule
SCRIPT       : Inserted Module (HOST): JMCameraModule
SCRIPT       : Inserted Module (HOST): JMVehicleSpawnerModule
SCRIPT       : Inserted Module (HOST): JMItemSetSpawnerModule
SCRIPT       : Inserted Module (HOST): JMWeatherOldModule
SCRIPT       : Inserted Module (HOST): JMMapModule
SCRIPT       : Inserted Module (HOST): JMCommandModule
SCRIPT       : Inserted Module (HOST): EditorLoaderModule
SCRIPT       : Modules Loaded
SCRIPT       : 0 -> COTModule
SCRIPT       : 1 -> JMWebhookModule
SCRIPT       : 2 -> JMPlayerModule
SCRIPT       : 3 -> JMObjectSpawnerModule
SCRIPT       : 4 -> JMESPModule
SCRIPT       : 5 -> JMTeleportModule
SCRIPT       : 6 -> JMCameraModule
SCRIPT       : 7 -> JMVehicleSpawnerModule
SCRIPT       : 8 -> JMItemSetSpawnerModule
SCRIPT       : 9 -> JMWeatherOldModule
SCRIPT       : 10 -> JMMapModule
SCRIPT       : 11 -> JMCommandModule
SCRIPT       : 12 -> EditorLoaderModule
SCRIPT       : [AirdropSafezones] Settings classes created.
SCRIPT       : [AirdropSafezones.Load] Safezones file loaded & resaved.
SCRIPT       : [AirdropSettings] Settings classes created.
SCRIPT       : [AirdropSettings.Load] Settings file loaded & resaved.
SCRIPT       : GetDeerIsleBase()...
SCRIPT       : [BBP] 'BBP_Settings' found, loading...
SCRIPT       : [MCK_CarLockPickConfig] '$profile:MCK_CarLockPickConfig/CarLockPickConfig.json' found, loading existing config!
SCRIPT       : [MSP_Codelock_Config] '$profile:\CodeLock\MSP_CodeLockConfig.json' found, loading existing config!
SCRIPT       : [MoreDoorConfig] Server Cfg loading...
SCRIPT       : [MoreDoorConfig] '$profile:MoreDoors/MoorDoors_Settings.json' found, loading existing config!
SCRIPT       : [Notifications] OnInit
SCRIPT       : [Notifications] Loading Config
SCRIPT       : [CP] Config Sucessfully loaded!
SCRIPT       : [FBF_Config] Server Cfg loading...
SCRIPT       : [FBF_Config] '$profile:FBF_Config/FBFConfig.json' found, loading existing config!
SCRIPT       : [EditorLoader] OnMissionStart
SCRIPT       : [EditorLoader] File found: QuickStop.dze
SCRIPT       : [EditorLoader] Loaded $profile:/EditorFiles/QuickStop.dze
SCRIPT       : [EditorLoader] 50 created objects found
SCRIPT       : [EditorLoader] 18 deleted objects found
SCRIPT       : [EditorLoader] Deleting 18 buildings
SCRIPT       : [EditorLoader] Creating 50 buildings
SCRIPT       : [wpnfsm] Warning! OnStoreLoad - cannot load curent weapon state, id=0
SCRIPT       : Magazine mag = NULL
SCRIPT       : [wpnfsm] Warning! OnStoreLoad - cannot load curent weapon state, id=0
SCRIPT       : [wpnfsm] Warning! OnStoreLoad - cannot load curent weapon state, id=0
SCRIPT       : [wpnfsm] Warning! OnStoreLoad - cannot load curent weapon state, id=0
SCRIPT       : [wpnfsm] Warning! OnStoreLoad - cannot load curent weapon state, id=0
SCRIPT       : [wpnfsm] Warning! OnStoreLoad - cannot load curent weapon state, id=0
SCRIPT       : [wpnfsm] Warning! OnStoreLoad - cannot load curent weapon state, id=0
SCRIPT       : [wpnfsm] Warning! OnStoreLoad - cannot load curent weapon state, id=0
SCRIPT       : [wpnfsm] Warning! OnStoreLoad - cannot load curent weapon state, id=0
SCRIPT       : [wpnfsm] Warning! OnStoreLoad - cannot load curent weapon state, id=0
SCRIPT       : [wpnfsm] Warning! OnStoreLoad - cannot load curent weapon state, id=0
SCRIPT       : Magazine mag = NULL
SCRIPT       : [wpnfsm] Warning! OnStoreLoad - cannot load curent weapon state, id=0
SCRIPT       : [wpnfsm] Warning! OnStoreLoad - cannot load curent weapon state, id=0
SCRIPT       : [wpnfsm] Warning! OnStoreLoad - cannot load curent weapon state, id=0
SCRIPT       : [wpnfsm] Warning! OnStoreLoad - cannot load curent weapon state, id=0
SCRIPT       : [wpnfsm] Warning! OnStoreLoad - cannot load curent weapon state, id=0
SCRIPT       : [wpnfsm] Warning! OnStoreLoad - cannot load curent weapon state, id=0
SCRIPT       : [wpnfsm] Warning! OnStoreLoad - cannot load curent weapon state, id=0
SCRIPT       : [wpnfsm] Warning! OnStoreLoad - cannot load curent weapon state, id=0
SCRIPT       : [wpnfsm] Warning! OnStoreLoad - cannot load curent weapon state, id=0
SCRIPT       : [wpnfsm] Warning! OnStoreLoad - cannot load curent weapon state, id=0
SCRIPT       : [wpnfsm] Warning! OnStoreLoad - cannot load curent weapon state, id=0
SCRIPT       : [wpnfsm] Warning! OnStoreLoad - cannot load curent weapon state, id=0
SCRIPT       : [wpnfsm] Warning! OnStoreLoad - cannot load curent weapon state, id=0
SCRIPT       : [wpnfsm] Warning! OnStoreLoad - cannot load curent weapon state, id=0
SCRIPT       : [wpnfsm] Warning! OnStoreLoad - cannot load curent weapon state, id=0
SCRIPT       : [wpnfsm] Warning! OnStoreLoad - cannot load curent weapon state, id=0
SCRIPT       : [wpnfsm] Warning! OnStoreLoad - cannot load curent weapon state, id=0
SCRIPT       : [wpnfsm] Warning! OnStoreLoad - cannot load curent weapon state, id=0
SCRIPT       : [wpnfsm] Warning! OnStoreLoad - cannot load curent weapon state, id=0
SCRIPT       : [wpnfsm] Warning! OnStoreLoad - cannot load curent weapon state, id=0
SCRIPT       : [wpnfsm] Warning! OnStoreLoad - cannot load curent weapon state, id=0
SCRIPT       : [wpnfsm] Warning! OnStoreLoad - cannot load curent weapon state, id=0
SCRIPT       : [wpnfsm] Warning! OnStoreLoad - cannot load curent weapon state, id=0
SCRIPT       : Magazine mag = NULL
SCRIPT       : [wpnfsm] Warning! OnStoreLoad - cannot load curent weapon state, id=0
SCRIPT       : [wpnfsm] Warning! OnStoreLoad - cannot load curent weapon state, id=0
SCRIPT       : [wpnfsm] Warning! OnStoreLoad - cannot load curent weapon state, id=0
SCRIPT       : [wpnfsm] Warning! OnStoreLoad - cannot load curent weapon state, id=0
SCRIPT       : [wpnfsm] Warning! OnStoreLoad - cannot load curent weapon state, id=0
SCRIPT       : [wpnfsm] Warning! OnStoreLoad - cannot load curent weapon state, id=0
SCRIPT       : [wpnfsm] Warning! OnStoreLoad - cannot load curent weapon state, id=0
SCRIPT       : [wpnfsm] Warning! OnStoreLoad - cannot load curent weapon state, id=0
SCRIPT       : [wpnfsm] Warning! OnStoreLoad - cannot load curent weapon state, id=0
SCRIPT       : [wpnfsm] Warning! OnStoreLoad - cannot load curent weapon state, id=0
SCRIPT       : [wpnfsm] Warning! OnStoreLoad - cannot load curent weapon state, id=0
SCRIPT       : [wpnfsm] Warning! OnStoreLoad - cannot load curent weapon state, id=0
SCRIPT       : [wpnfsm] Warning! OnStoreLoad - cannot load curent weapon state, id=0
SCRIPT       : [wpnfsm] Warning! OnStoreLoad - cannot load curent weapon state, id=0
SCRIPT       : [wpnfsm] Warning! OnStoreLoad - cannot load curent weapon state, id=0
SCRIPT       : [wpnfsm] Warning! OnStoreLoad - cannot load curent weapon state, id=0
SCRIPT       : [wpnfsm] Warning! OnStoreLoad - cannot load curent weapon state, id=0
SCRIPT       : [wpnfsm] Warning! OnStoreLoad - cannot load curent weapon state, id=0
SCRIPT       : [wpnfsm] Warning! OnStoreLoad - cannot load curent weapon state, id=0
SCRIPT       : file exist ! loading...
SCRIPT       : file exist ! loading...
SCRIPT       : file exist ! loading...
SCRIPT       : file exist ! loading...
SCRIPT       : file exist ! loading...
SCRIPT       : [MoreDoors] MissionServer --> Sending instance of cfg to client: BnYrB
SCRIPT       : [FBF_Config] MissionServer --> Sending instance of cfg to client: BnYrB
SCRIPT       : [CP] -> Sucessfully sent: BnYrB CP Plus Config!
SCRIPT       : AnimSoundObjectBuilderBank: Invalid sound set "generalgrunt_SoundVoice_Char_SoundSet".
SCRIPT       : AnimSoundObjectBuilderBank: Invalid sound set "greathelmet_generalgrunt_SoundVoice_Char_SoundSet".
SCRIPT       : AnimSoundObjectBuilderBank: Invalid sound set "Gasmask_generalgrunt_SoundVoice_Char_SoundSet".
SCRIPT       : AnimSoundObjectBuilderBank: Invalid sound set "Motohelmet_generalgrunt_SoundVoice_Char_SoundSet".
SCRIPT       : AnimSoundObjectBuilderBank: Invalid sound set "Gag_generalgrunt_SoundVoice_Char_SoundSet".
SCRIPT       : ********* LoadStats loading version: 115
SCRIPT       : LOAD checksum:-1055511319
SCRIPT       : ---- PlayerBase OnStoreLoad SUCCESS ----
SCRIPT       : [EditorLoader] OnInvokeConnect
SCRIPT       : [MoreDoors] MissionServer --> Sending instance of cfg to client: Cygnus
SCRIPT       : [FBF_Config] MissionServer --> Sending instance of cfg to client: Cygnus
SCRIPT       : [CP] -> Sucessfully sent: Cygnus CP Plus Config!
SCRIPT       : Warning! A plant existed without a garden. Therefore it was deleted from the world to prevent issues!
SCRIPT       : [MoreDoors] MissionServer --> Sending instance of cfg to client: Blue
SCRIPT       : [FBF_Config] MissionServer --> Sending instance of cfg to client: Blue
SCRIPT       : [CP] -> Sucessfully sent: Blue CP Plus Config!
SCRIPT       : Warning! A plant existed without a garden. Therefore it was deleted from the world to prevent issues!
SCRIPT       : Chernarus::Weather::Rain::ForceEnd:: ( 14.6284 ) 0 -> 0
SCRIPT       : ********* LoadStats loading version: 115
SCRIPT       : LOAD checksum:-1055511319
SCRIPT       : ---- PlayerBase OnStoreLoad SUCCESS ----
SCRIPT       : [EditorLoader] OnInvokeConnect
SCRIPT       : [MoreDoors] MissionServer --> Sending instance of cfg to client: Alaric
SCRIPT       : [FBF_Config] MissionServer --> Sending instance of cfg to client: Alaric
SCRIPT       : [CP] -> Sucessfully sent: Alaric CP Plus Config!
SCRIPT       : ********* LoadStats loading version: 115
SCRIPT       : LOAD checksum:-1055511319
SCRIPT       : ---- PlayerBase OnStoreLoad SUCCESS ----
SCRIPT       : [EditorLoader] OnInvokeConnect
SCRIPT       : ********* LoadStats loading version: 115
SCRIPT       : LOAD checksum:-1055511319
SCRIPT       : ---- PlayerBase OnStoreLoad SUCCESS ----
SCRIPT       : [EditorLoader] OnInvokeConnect
SCRIPT       : Warning! A plant existed without a garden. Therefore it was deleted from the world to prevent issues!
SCRIPT       : Warning! A plant existed without a garden. Therefore it was deleted from the world to prevent issues!
SCRIPT       : Warning! A plant existed without a garden. Therefore it was deleted from the world to prevent issues!
SCRIPT       : SAVE CHECKSUM:-1055511319
SCRIPT       : SAVE CHECKSUM:-1055511319
SCRIPT       : SAVE CHECKSUM:-1055511319
SCRIPT       : SAVE CHECKSUM:-1055511319
SCRIPT       : [MoreDoors] MissionServer --> Sending instance of cfg to client: Skif
SCRIPT       : [FBF_Config] MissionServer --> Sending instance of cfg to client: Skif
SCRIPT       : [CP] -> Sucessfully sent: Skif CP Plus Config!
SCRIPT       : ********* LoadStats loading version: 115
SCRIPT       : LOAD checksum:-1055511319
SCRIPT       : ---- PlayerBase OnStoreLoad SUCCESS ----
SCRIPT       : [EditorLoader] OnInvokeConnect
SCRIPT       : Warning! A plant existed without a garden. Therefore it was deleted from the world to prevent issues!
SCRIPT       : Warning! A plant existed without a garden. Therefore it was deleted from the world to prevent issues!
SCRIPT       : [Logout]: New player mBNlxASsPlOcry0dpDl8K-WgHNR5WMCMmoJ9NhpU4FY= with logout time 15
SCRIPT       : [emote] SurvivorM_Francis:01 play emote id=14 IH=null
SCRIPT       : Warning! A plant existed without a garden. Therefore it was deleted from the world to prevent issues!
SCRIPT       : Warning! A plant existed without a garden. Therefore it was deleted from the world to prevent issues!
SCRIPT       : Warning! A plant existed without a garden. Therefore it was deleted from the world to prevent issues!
SCRIPT       : [EditorLoader] OnClientDisconnect
SCRIPT       : [Logout]: Player mBNlxASsPlOcry0dpDl8K-WgHNR5WMCMmoJ9NhpU4FY= finished
SCRIPT       : SAVE CHECKSUM:-1055511319
SCRIPT       : Chernarus::Weather::Rain::ForceEnd:: ( 14.6951 ) 0 -> 0
SCRIPT       : Warning! A plant existed without a garden. Therefore it was deleted from the world to prevent issues!
SCRIPT       : Warning! A plant existed without a garden. Therefore it was deleted from the world to prevent issues!
SCRIPT       : Warning! A plant existed without a garden. Therefore it was deleted from the world to prevent issues!
SCRIPT       : Warning! A plant existed without a garden. Therefore it was deleted from the world to prevent issues!
SCRIPT       : Warning! A plant existed without a garden. Therefore it was deleted from the world to prevent issues!
SCRIPT       : [MoreDoors] MissionServer --> Sending instance of cfg to client: BnYrB
SCRIPT       : [FBF_Config] MissionServer --> Sending instance of cfg to client: BnYrB
SCRIPT       : [CP] -> Sucessfully sent: BnYrB CP Plus Config!
SCRIPT       : Warning! A plant existed without a garden. Therefore it was deleted from the world to prevent issues!
SCRIPT       : Warning! A plant existed without a garden. Therefore it was deleted from the world to prevent issues!
SCRIPT       : SAVE CHECKSUM:-1055511319
SCRIPT       : SAVE CHECKSUM:-1055511319
SCRIPT       : SAVE CHECKSUM:-1055511319
SCRIPT       : SAVE CHECKSUM:-1055511319
SCRIPT       : ********* LoadStats loading version: 115
SCRIPT       : LOAD checksum:-1055511319
SCRIPT       : ---- PlayerBase OnStoreLoad SUCCESS ----
SCRIPT       : [EditorLoader] OnInvokeConnect
SCRIPT       : Warning! A plant existed without a garden. Therefore it was deleted from the world to prevent issues!
SCRIPT       : Warning! A plant existed without a garden. Therefore it was deleted from the world to prevent issues!
SCRIPT       : Warning! A plant existed without a garden. Therefore it was deleted from the world to prevent issues!
SCRIPT       : Warning! A plant existed without a garden. Therefore it was deleted from the world to prevent issues!
SCRIPT       : Warning! A plant existed without a garden. Therefore it was deleted from the world to prevent issues!
SCRIPT       : Chernarus::Weather::Rain::ForceEnd:: ( 14.7618 ) 0 -> 0
SCRIPT       : [Logout]: New player mBNlxASsPlOcry0dpDl8K-WgHNR5WMCMmoJ9NhpU4FY= with logout time 15
SCRIPT       : [emote] SurvivorM_Francis:01 play emote id=14 IH=null
SCRIPT       : Warning! A plant existed without a garden. Therefore it was deleted from the world to prevent issues!
SCRIPT       : Warning! A plant existed without a garden. Therefore it was deleted from the world to prevent issues!
SCRIPT       : [EditorLoader] OnClientDisconnect
SCRIPT       : [Logout]: Player mBNlxASsPlOcry0dpDl8K-WgHNR5WMCMmoJ9NhpU4FY= finished
SCRIPT       : SAVE CHECKSUM:-1055511319
SCRIPT       : Warning! A plant existed without a garden. Therefore it was deleted from the world to prevent issues!
SCRIPT       : [Logout]: New player OAdpPkJP2Ps_W7h2ttR1bK23ekHCzrxw0mDT3zqLMdU= with logout time 15
SCRIPT       : [Logout]: New player sZJ432ovDQIgWd8wMve4ae1CuexC2jM_6lmUd51b4VQ= with logout time 15
SCRIPT       : [emote] SurvivorM_Rolf:04 play emote id=14 IH=null
SCRIPT       : [EditorLoader] OnClientDisconnect
SCRIPT       : [Logout]: Player OAdpPkJP2Ps_W7h2ttR1bK23ekHCzrxw0mDT3zqLMdU= finished
SCRIPT       : SAVE CHECKSUM:-1055511319
SCRIPT       : Warning! A plant existed without a garden. Therefore it was deleted from the world to prevent issues!
SCRIPT       : [CPApi] Init
SCRIPT       : Posthttps://api.cannabisplus.tk/Logger/One/CP/hcltCLaXq0Sv90WuBaD8RPnakXbEROyVojrM.chq{ "Action": "Dropped", "Item": "CBDReliefBalm" }
SCRIPT       : [EditorLoader] OnClientDisconnect
SCRIPT       : [Logout]: Player sZJ432ovDQIgWd8wMve4ae1CuexC2jM_6lmUd51b4VQ= finished
SCRIPT       : SAVE CHECKSUM:-1055511319
SCRIPT       : Warning! A plant existed without a garden. Therefore it was deleted from the world to prevent issues!
SCRIPT       : Warning! A plant existed without a garden. Therefore it was deleted from the world to prevent issues!
SCRIPT       : Warning! A plant existed without a garden. Therefore it was deleted from the world to prevent issues!
SCRIPT       : [MoreDoors] MissionServer --> Sending instance of cfg to client: Blue
SCRIPT       : [FBF_Config] MissionServer --> Sending instance of cfg to client: Blue
SCRIPT       : [CP] -> Sucessfully sent: Blue CP Plus Config!
SCRIPT       : Warning! A plant existed without a garden. Therefore it was deleted from the world to prevent issues!
SCRIPT       : SAVE CHECKSUM:-1055511319
SCRIPT       : SAVE CHECKSUM:-1055511319
SCRIPT       : [inv] ReplaceItemWithNewLambdaBase Step B) remove OK, loc={ type=HANDS item=BloodBagEmpty:032076 parent=SurvivorM_Mirek:02 }
SCRIPT       : ********* LoadStats loading version: 115
SCRIPT       : LOAD checksum:-1055511319
SCRIPT       : ---- PlayerBase OnStoreLoad SUCCESS ----
SCRIPT       : [EditorLoader] OnInvokeConnect
SCRIPT       : Warning! A plant existed without a garden. Therefore it was deleted from the world to prevent issues!
SCRIPT       : Warning! A plant existed without a garden. Therefore it was deleted from the world to prevent issues!
SCRIPT       : OnVehicleSeatDriverEnter
SCRIPT       : Chernarus::Weather::Rain::ForceEnd:: ( 14.8285 ) 0 -> 0
SCRIPT       : Warning! A plant existed without a garden. Therefore it was deleted from the world to prevent issues!
SCRIPT       : Warning! A plant existed without a garden. Therefore it was deleted from the world to prevent issues!
SCRIPT       : Warning! A plant existed without a garden. Therefore it was deleted from the world to prevent issues!
SCRIPT       : OnVehicleSeatDriverLeft
SCRIPT       : Warning! A plant existed without a garden. Therefore it was deleted from the world to prevent issues!
SCRIPT       : Warning! A plant existed without a garden. Therefore it was deleted from the world to prevent issues!
SCRIPT       : Warning! A plant existed without a garden. Therefore it was deleted from the world to prevent issues!
SCRIPT       : Warning! A plant existed without a garden. Therefore it was deleted from the world to prevent issues!
SCRIPT       : Warning! A plant existed without a garden. Therefore it was deleted from the world to prevent issues!
SCRIPT       : SAVE id:0
SCRIPT       : SAVE id_bit_offset:4
SCRIPT       : SAVE write_result:13828096
SCRIPT       : SAVE CHECKSUM:-1055511319
SCRIPT       : SAVE CHECKSUM:-1055511319
SCRIPT       : SAVE CHECKSUM:-1055511319
SCRIPT       : Warning! A plant existed without a garden. Therefore it was deleted from the world to prevent issues!
SCRIPT       : Warning! A plant existed without a garden. Therefore it was deleted from the world to prevent issues!
SCRIPT       : Warning! A plant existed without a garden. Therefore it was deleted from the world to prevent issues!
SCRIPT       : Warning! A plant existed without a garden. Therefore it was deleted from the world to prevent issues!
SCRIPT       : Chernarus::Weather::Rain::ForceEnd:: ( 14.8952 ) 0 -> 0
SCRIPT       : Warning! A plant existed without a garden. Therefore it was deleted from the world to prevent issues!
SCRIPT       : Warning! A plant existed without a garden. Therefore it was deleted from the world to prevent issues!
SCRIPT       : Warning! A plant existed without a garden. Therefore it was deleted from the world to prevent issues!
SCRIPT       : Warning! A plant existed without a garden. Therefore it was deleted from the world to prevent issues!
SCRIPT       : Warning! A plant existed without a garden. Therefore it was deleted from the world to prevent issues!
SCRIPT       : Warning! A plant existed without a garden. Therefore it was deleted from the world to prevent issues!
SCRIPT       : [Logout]: New player hDo_Btwm72QwlIopq6csO7iMF3JQfMqHeAzHsQsXTmo= with logout time 15
SCRIPT       : [EditorLoader] OnClientDisconnect
SCRIPT       : [Logout]: Player hDo_Btwm72QwlIopq6csO7iMF3JQfMqHeAzHsQsXTmo= finished
SCRIPT       : SAVE CHECKSUM:-1055511319
SCRIPT       : [Logout]: New player HT80BSK6nbyEUuqqNLGOG_NvUVWKXCYBk5YTFLCK4vU= with logout time 15
SCRIPT       : Warning! A plant existed without a garden. Therefore it was deleted from the world to prevent issues!
SCRIPT       : Warning! A plant existed without a garden. Therefore it was deleted from the world to prevent issues!
SCRIPT       : Warning! A plant existed without a garden. Therefore it was deleted from the world to prevent issues!
SCRIPT       : Warning! A plant existed without a garden. Therefore it was deleted from the world to prevent issues!
SCRIPT       : Warning! A plant existed without a garden. Therefore it was deleted from the world to prevent issues!
SCRIPT       : [EditorLoader] OnClientDisconnect
SCRIPT       : [Logout]: Player HT80BSK6nbyEUuqqNLGOG_NvUVWKXCYBk5YTFLCK4vU= finished
SCRIPT       : SAVE CHECKSUM:-1055511319
SCRIPT       : SAVE CHECKSUM:-1055511319
SCRIPT       : Chernarus::Weather::Rain::ForceEnd:: ( 14.9619 ) 0 -> 0
SCRIPT       : [inv] ReplaceItemWithNewLambdaBase Step B) remove OK, loc={ type=HANDS item=CP_CannabisSeedsPackSkunk:016468 parent=SurvivorM_Lewis:01 }
SCRIPT       : [MoreDoors] MissionServer --> Sending instance of cfg to client: Alaric
SCRIPT       : [FBF_Config] MissionServer --> Sending instance of cfg to client: Alaric
SCRIPT       : [CP] -> Sucessfully sent: Alaric CP Plus Config!
SCRIPT       : ********* LoadStats loading version: 115
SCRIPT       : LOAD checksum:-1055511319
SCRIPT       : ---- PlayerBase OnStoreLoad SUCCESS ----
SCRIPT       : [EditorLoader] OnInvokeConnect
SCRIPT       : Warning! A plant existed without a garden. Therefore it was deleted from the world to prevent issues!
SCRIPT       : Warning! A plant existed without a garden. Therefore it was deleted from the world to prevent issues!
SCRIPT       : Warning! A plant existed without a garden. Therefore it was deleted from the world to prevent issues!
SCRIPT       : Warning! A plant existed without a garden. Therefore it was deleted from the world to prevent issues!
SCRIPT       : Warning! A plant existed without a garden. Therefore it was deleted from the world to prevent issues!
SCRIPT       : [MoreDoors] MissionServer --> Sending instance of cfg to client: Skif
SCRIPT       : [FBF_Config] MissionServer --> Sending instance of cfg to client: Skif
SCRIPT       : [CP] -> Sucessfully sent: Skif CP Plus Config!
SCRIPT       : ********* LoadStats loading version: 115
SCRIPT       : LOAD checksum:-1055511319
SCRIPT       : ---- PlayerBase OnStoreLoad SUCCESS ----
SCRIPT       : [wpnfsm] Warning! OnStoreLoad - cannot load curent weapon state, id=0
SCRIPT       : [EditorLoader] OnInvokeConnect
SCRIPT       : Warning! A plant existed without a garden. Therefore it was deleted from the world to prevent issues!
SCRIPT       : Warning! A plant existed without a garden. Therefore it was deleted from the world to prevent issues!
SCRIPT       : Warning! A plant existed without a garden. Therefore it was deleted from the world to prevent issues!
SCRIPT       : Warning! A plant existed without a garden. Therefore it was deleted from the world to prevent issues!
SCRIPT       : Warning! A plant existed without a garden. Therefore it was deleted from the world to prevent issues!
SCRIPT       : [MoreDoors] MissionServer --> Sending instance of cfg to client: Cygnus
SCRIPT       : [FBF_Config] MissionServer --> Sending instance of cfg to client: Cygnus
SCRIPT       : [CP] -> Sucessfully sent: Cygnus CP Plus Config!
SCRIPT       : ********* LoadStats loading version: 115
SCRIPT       : LOAD checksum:-1055511319
SCRIPT       : ---- PlayerBase OnStoreLoad SUCCESS ----
SCRIPT       : [EditorLoader] OnInvokeConnect
SCRIPT       : Chernarus::Weather::Rain::ForceEnd:: ( 15.0286 ) 0 -> 0
SCRIPT       : SAVE CHECKSUM:-1055511319
SCRIPT       : SAVE CHECKSUM:-1055511319
SCRIPT       : SAVE CHECKSUM:-1055511319
SCRIPT       : SAVE CHECKSUM:-1055511319
SCRIPT       : Chernarus::Weather::Fog:: ( 15.0409 ) 0.0745785
SCRIPT       : Warning! A plant existed without a garden. Therefore it was deleted from the world to prevent issues!
SCRIPT       : Warning! A plant existed without a garden. Therefore it was deleted from the world to prevent issues!
SCRIPT       : Warning! A plant existed without a garden. Therefore it was deleted from the world to prevent issues!
SCRIPT       : Warning! A plant existed without a garden. Therefore it was deleted from the world to prevent issues!
SCRIPT       : Warning! A plant existed without a garden. Therefore it was deleted from the world to prevent issues!
SCRIPT       : Chernarus::Weather::Overcast:: ( 15.0651 )  overcast: 0
SCRIPT       : Chernarus::Weather::Overcast::Rain:: ( 15.0651 ) 0
SCRIPT       : Warning! A plant existed without a garden. Therefore it was deleted from the world to prevent issues!
SCRIPT       : Warning! A plant existed without a garden. Therefore it was deleted from the world to prevent issues!
SCRIPT       : Warning! A plant existed without a garden. Therefore it was deleted from the world to prevent issues!
SCRIPT       : Warning! A plant existed without a garden. Therefore it was deleted from the world to prevent issues!
SCRIPT       : Warning! A plant existed without a garden. Therefore it was deleted from the world to prevent issues!
SCRIPT       : Chernarus::Weather::Rain::ForceEnd:: ( 15.0953 ) 0 -> 0
SCRIPT       : Warning! A plant existed without a garden. Therefore it was deleted from the world to prevent issues!
SCRIPT       : Warning! A plant existed without a garden. Therefore it was deleted from the world to prevent issues!
SCRIPT       : Warning! A plant existed without a garden. Therefore it was deleted from the world to prevent issues!
SCRIPT       : Warning! A plant existed without a garden. Therefore it was deleted from the world to prevent issues!
SCRIPT       : Warning! A plant existed without a garden. Therefore it was deleted from the world to prevent issues!
SCRIPT       : SAVE CHECKSUM:-1055511319
SCRIPT       : SAVE CHECKSUM:-1055511319
SCRIPT       : SAVE CHECKSUM:-1055511319
SCRIPT       : SAVE CHECKSUM:-1055511319
SCRIPT       : Warning! A plant existed without a garden. Therefore it was deleted from the world to prevent issues!
SCRIPT       : Warning! A plant existed without a garden. Therefore it was deleted from the world to prevent issues!
SCRIPT       : Warning! A plant existed without a garden. Therefore it was deleted from the world to prevent issues!
SCRIPT       : Warning! A plant existed without a garden. Therefore it was deleted from the world to prevent issues!
SCRIPT       : Warning! A plant existed without a garden. Therefore it was deleted from the world to prevent issues!
SCRIPT       : Warning! A plant existed without a garden. Therefore it was deleted from the world to prevent issues!
SCRIPT       : Warning! A plant existed without a garden. Therefore it was deleted from the world to prevent issues!
SCRIPT       : Chernarus::Weather::Rain::ForceEnd:: ( 15.162 ) 0 -> 0
SCRIPT       : Warning! A plant existed without a garden. Therefore it was deleted from the world to prevent issues!
SCRIPT       : Warning! A plant existed without a garden. Therefore it was deleted from the world to prevent issues!
SCRIPT       : Warning! A plant existed without a garden. Therefore it was deleted from the world to prevent issues!
SCRIPT       : SAVE CHECKSUM:-1055511319
SCRIPT       : SAVE CHECKSUM:-1055511319
SCRIPT       : SAVE CHECKSUM:-1055511319
SCRIPT       : SAVE CHECKSUM:-1055511319
SCRIPT       : Warning! A plant existed without a garden. Therefore it was deleted from the world to prevent issues!
SCRIPT       : Warning! A plant existed without a garden. Therefore it was deleted from the world to prevent issues!
SCRIPT       : Warning! A plant existed without a garden. Therefore it was deleted from the world to prevent issues!
SCRIPT       : Warning! A plant existed without a garden. Therefore it was deleted from the world to prevent issues!
SCRIPT       : Warning! A plant existed without a garden. Therefore it was deleted from the world to prevent issues!
SCRIPT       : Warning! A plant existed without a garden. Therefore it was deleted from the world to prevent issues!
SCRIPT       : Warning! A plant existed without a garden. Therefore it was deleted from the world to prevent issues!
SCRIPT       : Warning! A plant existed without a garden. Therefore it was deleted from the world to prevent issues!
SCRIPT       : Warning! A plant existed without a garden. Therefore it was deleted from the world to prevent issues!
SCRIPT       : Warning! A plant existed without a garden. Therefore it was deleted from the world to prevent issues!
SCRIPT       : Chernarus::Weather::Rain::ForceEnd:: ( 15.2287 ) 0 -> 0
SCRIPT       : Warning! A plant existed without a garden. Therefore it was deleted from the world to prevent issues!
SCRIPT       : Warning! A plant existed without a garden. Therefore it was deleted from the world to prevent issues!
SCRIPT       : Warning! A plant existed without a garden. Therefore it was deleted from the world to prevent issues!
SCRIPT       : Warning! A plant existed without a garden. Therefore it was deleted from the world to prevent issues!
SCRIPT       : Warning! A plant existed without a garden. Therefore it was deleted from the world to prevent issues!
SCRIPT       : SAVE CHECKSUM:-1055511319
SCRIPT       : SAVE CHECKSUM:-1055511319
SCRIPT       : SAVE CHECKSUM:-1055511319
SCRIPT       : SAVE CHECKSUM:-1055511319
SCRIPT       : Warning! A plant existed without a garden. Therefore it was deleted from the world to prevent issues!
SCRIPT       : Warning! A plant existed without a garden. Therefore it was deleted from the world to prevent issues!
SCRIPT       : Warning! A plant existed without a garden. Therefore it was deleted from the world to prevent issues!
SCRIPT       : Warning! A plant existed without a garden. Therefore it was deleted from the world to prevent issues!
SCRIPT       : Warning! A plant existed without a garden. Therefore it was deleted from the world to prevent issues!
SCRIPT       : Chernarus::Weather::Rain::ForceEnd:: ( 15.2954 ) 0 -> 0
SCRIPT       : Warning! A plant existed without a garden. Therefore it was deleted from the world to prevent issues!
SCRIPT       : Warning! A plant existed without a garden. Therefore it was deleted from the world to prevent issues!
SCRIPT       : Warning! A plant existed without a garden. Therefore it was deleted from the world to prevent issues!
SCRIPT       : Warning! A plant existed without a garden. Therefore it was deleted from the world to prevent issues!
SCRIPT       : Warning! A plant existed without a garden. Therefore it was deleted from the world to prevent issues!
SCRIPT       : SAVE CHECKSUM:-1055511319
SCRIPT       : SAVE CHECKSUM:-1055511319
SCRIPT       : SAVE CHECKSUM:-1055511319
SCRIPT       : SAVE CHECKSUM:-1055511319
SCRIPT       : Warning! A plant existed without a garden. Therefore it was deleted from the world to prevent issues!
SCRIPT       : Warning! A plant existed without a garden. Therefore it was deleted from the world to prevent issues!
SCRIPT       : Warning! A plant existed without a garden. Therefore it was deleted from the world to prevent issues!
SCRIPT       : Warning! A plant existed without a garden. Therefore it was deleted from the world to prevent issues!
SCRIPT       : Warning! A plant existed without a garden. Therefore it was deleted from the world to prevent issues!
SCRIPT       : OnVehicleSeatDriverEnter
SCRIPT       : Chernarus::Weather::Rain::ForceEnd:: ( 15.3621 ) 0 -> 0
SCRIPT       : Warning! A plant existed without a garden. Therefore it was deleted from the world to prevent issues!
SCRIPT       : Warning! A plant existed without a garden. Therefore it was deleted from the world to prevent issues!
SCRIPT       : Warning! A plant existed without a garden. Therefore it was deleted from the world to prevent issues!
SCRIPT       : Warning! A plant existed without a garden. Therefore it was deleted from the world to prevent issues!
SCRIPT       : Warning! A plant existed without a garden. Therefore it was deleted from the world to prevent issues!
SCRIPT       : OnVehicleSeatDriverEnter
SCRIPT       : Warning! A plant existed without a garden. Therefore it was deleted from the world to prevent issues!
SCRIPT       : Warning! A plant existed without a garden. Therefore it was deleted from the world to prevent issues!
SCRIPT       : Warning! A plant existed without a garden. Therefore it was deleted from the world to prevent issues!
SCRIPT       : Warning! A plant existed without a garden. Therefore it was deleted from the world to prevent issues!
SCRIPT       : Warning! A plant existed without a garden. Therefore it was deleted from the world to prevent issues!
SCRIPT       : SAVE CHECKSUM:-1055511319
SCRIPT       : SAVE CHECKSUM:-1055511319
SCRIPT       : SAVE CHECKSUM:-1055511319
SCRIPT       : SAVE CHECKSUM:-1055511319
SCRIPT       : Magazine mag = NULL
SCRIPT       : Magazine mag = NULL
SCRIPT       : Magazine mag = NULL
SCRIPT       : Magazine mag = NULL
SCRIPT       : Magazine mag = NULL
SCRIPT       : Warning! A plant existed without a garden. Therefore it was deleted from the world to prevent issues!
SCRIPT       : Chernarus::Weather::Rain:: ( 15.4287 ) 0
SCRIPT       : Warning! A plant existed without a garden. Therefore it was deleted from the world to prevent issues!
SCRIPT       : Warning! A plant existed without a garden. Therefore it was deleted from the world to prevent issues!
SCRIPT       : Warning! A plant existed without a garden. Therefore it was deleted from the world to prevent issues!
SCRIPT       : Warning! A plant existed without a garden. Therefore it was deleted from the world to prevent issues!
SCRIPT       : Warning! A plant existed without a garden. Therefore it was deleted from the world to prevent issues!
SCRIPT       : Warning! A plant existed without a garden. Therefore it was deleted from the world to prevent issues!
SCRIPT       : Warning! A plant existed without a garden. Therefore it was deleted from the world to prevent issues!
SCRIPT       : Warning! A plant existed without a garden. Therefore it was deleted from the world to prevent issues!
SCRIPT       : Warning! A plant existed without a garden. Therefore it was deleted from the world to prevent issues!
SCRIPT       : Chernarus::Weather::Rain:: ( 15.471 ) 0.111402
SCRIPT       : SAVE CHECKSUM:-1055511319
SCRIPT       : SAVE CHECKSUM:-1055511319
SCRIPT       : SAVE CHECKSUM:-1055511319
SCRIPT       : SAVE CHECKSUM:-1055511319
SCRIPT       : Warning! A plant existed without a garden. Therefore it was deleted from the world to prevent issues!
SCRIPT       : Chernarus::Weather::Rain:: ( 15.4893 ) 0.279919
SCRIPT       : Warning! A plant existed without a garden. Therefore it was deleted from the world to prevent issues!
SCRIPT       : Warning! A plant existed without a garden. Therefore it was deleted from the world to prevent issues!
SCRIPT       : Warning! A plant existed without a garden. Therefore it was deleted from the world to prevent issues!
SCRIPT       : Warning! A plant existed without a garden. Therefore it was deleted from the world to prevent issues!
SCRIPT       : Warning! A plant existed without a garden. Therefore it was deleted from the world to prevent issues!
SCRIPT       : Warning! A plant existed without a garden. Therefore it was deleted from the world to prevent issues!
SCRIPT       : Warning! A plant existed without a garden. Therefore it was deleted from the world to prevent issues!
SCRIPT       : Warning! A plant existed without a garden. Therefore it was deleted from the world to prevent issues!
SCRIPT       : Warning! A plant existed without a garden. Therefore it was deleted from the world to prevent issues!
SCRIPT       : Chernarus::Weather::Rain:: ( 15.5304 ) 0.23965
SCRIPT       : Chernarus::Weather::Fog:: ( 15.5427 ) 0.045312
SCRIPT       : OnVehicleSeatDriverLeft
SCRIPT       : Warning! A plant existed without a garden. Therefore it was deleted from the world to prevent issues!
SCRIPT       : Warning! A plant existed without a garden. Therefore it was deleted from the world to prevent issues!
SCRIPT       : Warning! A plant existed without a garden. Therefore it was deleted from the world to prevent issues!
SCRIPT       : Warning! A plant existed without a garden. Therefore it was deleted from the world to prevent issues!
SCRIPT       : Warning! A plant existed without a garden. Therefore it was deleted from the world to prevent issues!
SCRIPT       : SAVE CHECKSUM:-1055511319
SCRIPT       : SAVE CHECKSUM:-1055511319
SCRIPT       : SAVE CHECKSUM:-1055511319
SCRIPT       : SAVE CHECKSUM:-1055511319
SCRIPT       : OnVehicleSeatDriverLeft
SCRIPT       : Chernarus::Weather::Rain:: ( 15.5721 ) 0.149269
SCRIPT       : Warning! A plant existed without a garden. Therefore it was deleted from the world to prevent issues!
SCRIPT       : Warning! A plant existed without a garden. Therefore it was deleted from the world to prevent issues!
SCRIPT       : Warning! A plant existed without a garden. Therefore it was deleted from the world to prevent issues!
SCRIPT       : Warning! A plant existed without a garden. Therefore it was deleted from the world to prevent issues!
SCRIPT       : Warning! A plant existed without a garden. Therefore it was deleted from the world to prevent issues!
SCRIPT       : OnVehicleSeatDriverEnter
SCRIPT       : OnVehicleSeatDriverEnter
SCRIPT       : Warning! A plant existed without a garden. Therefore it was deleted from the world to prevent issues!
SCRIPT       : Warning! A plant existed without a garden. Therefore it was deleted from the world to prevent issues!
SCRIPT       : Warning! A plant existed without a garden. Therefore it was deleted from the world to prevent issues!
SCRIPT       : Warning! A plant existed without a garden. Therefore it was deleted from the world to prevent issues!
SCRIPT       : Warning! A plant existed without a garden. Therefore it was deleted from the world to prevent issues!
SCRIPT       : OnVehicleSeatDriverLeft
SCRIPT       : SAVE CHECKSUM:-1055511319
SCRIPT       : SAVE CHECKSUM:-1055511319
SCRIPT       : SAVE CHECKSUM:-1055511319
SCRIPT       : SAVE CHECKSUM:-1055511319
SCRIPT       : Warning! A plant existed without a garden. Therefore it was deleted from the world to prevent issues!
SCRIPT       : Warning! A plant existed without a garden. Therefore it was deleted from the world to prevent issues!
SCRIPT       : Warning! A plant existed without a garden. Therefore it was deleted from the world to prevent issues!
SCRIPT       : Warning! A plant existed without a garden. Therefore it was deleted from the world to prevent issues!
SCRIPT       : Warning! A plant existed without a garden. Therefore it was deleted from the world to prevent issues!
SCRIPT       : OnVehicleSeatDriverEnter
SCRIPT       : Warning! A plant existed without a garden. Therefore it was deleted from the world to prevent issues!
SCRIPT       : Warning! A plant existed without a garden. Therefore it was deleted from the world to prevent issues!
SCRIPT       : Warning! A plant existed without a garden. Therefore it was deleted from the world to prevent issues!
SCRIPT       : Warning! A plant existed without a garden. Therefore it was deleted from the world to prevent issues!
SCRIPT       : Warning! A plant existed without a garden. Therefore it was deleted from the world to prevent issues!
SCRIPT       : Chernarus::Weather::Rain:: ( 15.6842 ) 0
SCRIPT       : Warning! A plant existed without a garden. Therefore it was deleted from the world to prevent issues!
SCRIPT       : Warning! A plant existed without a garden. Therefore it was deleted from the world to prevent issues!
SCRIPT       : Warning! A plant existed without a garden. Therefore it was deleted from the world to prevent issues!
SCRIPT       : Warning! A plant existed without a garden. Therefore it was deleted from the world to prevent issues!
SCRIPT       : Warning! A plant existed without a garden. Therefore it was deleted from the world to prevent issues!
SCRIPT       : OnVehicleSeatDriverLeft
SCRIPT       : SAVE CHECKSUM:-1055511319
SCRIPT       : SAVE CHECKSUM:-1055511319
SCRIPT       : SAVE CHECKSUM:-1055511319
SCRIPT       : SAVE CHECKSUM:-1055511319
SCRIPT       : OnVehicleSeatDriverLeft
SCRIPT       : Warning! A plant existed without a garden. Therefore it was deleted from the world to prevent issues!
SCRIPT       : Warning! A plant existed without a garden. Therefore it was deleted from the world to prevent issues!
SCRIPT       : Warning! A plant existed without a garden. Therefore it was deleted from the world to prevent issues!
SCRIPT       : Warning! A plant existed without a garden. Therefore it was deleted from the world to prevent issues!
SCRIPT       : Warning! A plant existed without a garden. Therefore it was deleted from the world to prevent issues!
SCRIPT       : Warning! A plant existed without a garden. Therefore it was deleted from the world to prevent issues!
SCRIPT       : Warning! A plant existed without a garden. Therefore it was deleted from the world to prevent issues!
SCRIPT       : Warning! A plant existed without a garden. Therefore it was deleted from the world to prevent issues!
SCRIPT       : Warning! A plant existed without a garden. Therefore it was deleted from the world to prevent issues!
SCRIPT       : Warning! A plant existed without a garden. Therefore it was deleted from the world to prevent issues!
SCRIPT       : SAVE CHECKSUM:-1055511319
SCRIPT       : SAVE CHECKSUM:-1055511319
SCRIPT       : SAVE CHECKSUM:-1055511319
SCRIPT       : SAVE CHECKSUM:-1055511319
SCRIPT       : Chernarus::Weather::Overcast:: ( 15.7831 )  overcast: 0.749406
SCRIPT       : Chernarus::Weather::Overcast::Rain:: ( 15.7831 ) 0
SCRIPT       : Chernarus::Weather::Rain:: ( 15.7841 ) 0
SCRIPT       : Warning! A plant existed without a garden. Therefore it was deleted from the world to prevent issues!
SCRIPT       : Warning! A plant existed without a garden. Therefore it was deleted from the world to prevent issues!
SCRIPT       : OnVehicleSeatDriverEnter
SCRIPT       : Warning! A plant existed without a garden. Therefore it was deleted from the world to prevent issues!
SCRIPT       : Warning! A plant existed without a garden. Therefore it was deleted from the world to prevent issues!
SCRIPT       : Warning! A plant existed without a garden. Therefore it was deleted from the world to prevent issues!
SCRIPT       : [inv] ReplaceItemWithNewLambdaBase Step B) remove OK, loc={ type=HANDS item=NailBox:05670 parent=SurvivorM_Lewis:01 }
SCRIPT       : UnboxLambda::SetupNewItem new_item=Nail<f124c650> count=70
SCRIPT       : Warning! A plant existed without a garden. Therefore it was deleted from the world to prevent issues!
SCRIPT       : Warning! A plant existed without a garden. Therefore it was deleted from the world to prevent issues!
SCRIPT       : Warning! A plant existed without a garden. Therefore it was deleted from the world to prevent issues!
SCRIPT       : Warning! A plant existed without a garden. Therefore it was deleted from the world to prevent issues!
SCRIPT       : Warning! A plant existed without a garden. Therefore it was deleted from the world to prevent issues!
SCRIPT       : Warning! A plant existed without a garden. Therefore it was deleted from the world to prevent issues!
SCRIPT       : Warning! A plant existed without a garden. Therefore it was deleted from the world to prevent issues!
SCRIPT       : Warning! A plant existed without a garden. Therefore it was deleted from the world to prevent issues!
SCRIPT       : Warning! A plant existed without a garden. Therefore it was deleted from the world to prevent issues!
SCRIPT       : Warning! A plant existed without a garden. Therefore it was deleted from the world to prevent issues!
SCRIPT       : SAVE CHECKSUM:-1055511319
SCRIPT       : SAVE CHECKSUM:-1055511319
SCRIPT       : SAVE CHECKSUM:-1055511319
SCRIPT       : SAVE CHECKSUM:-1055511319
SCRIPT       : [inv] ReplaceItemWithNewLambdaBase Step B) remove OK, loc={ type=HANDS item=PeachesCan:026108 parent=SurvivorM_Lewis:01 }
SCRIPT       : Chernarus::Weather::Rain:: ( 15.873 ) 0
SCRIPT       : Warning! A plant existed without a garden. Therefore it was deleted from the world to prevent issues!
SCRIPT       : Warning! A plant existed without a garden. Therefore it was deleted from the world to prevent issues!
SCRIPT       : Warning! A plant existed without a garden. Therefore it was deleted from the world to prevent issues!
SCRIPT       : Warning! A plant existed without a garden. Therefore it was deleted from the world to prevent issues!
SCRIPT       : Warning! A plant existed without a garden. Therefore it was deleted from the world to prevent issues!
SCRIPT       : Chernarus::Weather::Rain::ForceEnd:: ( 15.9008 ) 0.0684021 -> 0
SCRIPT       : Warning! A plant existed without a garden. Therefore it was deleted from the world to prevent issues!
SCRIPT       : Warning! A plant existed without a garden. Therefore it was deleted from the world to prevent issues!
SCRIPT       : Warning! A plant existed without a garden. Therefore it was deleted from the world to prevent issues!
SCRIPT       : Warning! A plant existed without a garden. Therefore it was deleted from the world to prevent issues!
SCRIPT       : Warning! A plant existed without a garden. Therefore it was deleted from the world to prevent issues!
SCRIPT       : SAVE id:19
SCRIPT       : SAVE id_bit_offset:4
SCRIPT       : SAVE write_result:6684976
SCRIPT       : SAVE CHECKSUM:-1055511319
SCRIPT       : SAVE CHECKSUM:-1055511319
SCRIPT       : SAVE CHECKSUM:-1055511319
SCRIPT       : SAVE CHECKSUM:-1055511319
SCRIPT       : OnVehicleSeatDriverLeft
SCRIPT       : Warning! A plant existed without a garden. Therefore it was deleted from the world to prevent issues!
SCRIPT       : Warning! A plant existed without a garden. Therefore it was deleted from the world to prevent issues!
SCRIPT       : Warning! A plant existed without a garden. Therefore it was deleted from the world to prevent issues!
SCRIPT       : Warning! A plant existed without a garden. Therefore it was deleted from the world to prevent issues!
SCRIPT       : Warning! A plant existed without a garden. Therefore it was deleted from the world to prevent issues!
SCRIPT       : Chernarus::Weather::Rain::ForceEnd:: ( 15.9675 ) 0 -> 0
SCRIPT       : Warning! A plant existed without a garden. Therefore it was deleted from the world to prevent issues!
SCRIPT       : Warning! A plant existed without a garden. Therefore it was deleted from the world to prevent issues!
SCRIPT       : Warning! A plant existed without a garden. Therefore it was deleted from the world to prevent issues!
SCRIPT       : Warning! A plant existed without a garden. Therefore it was deleted from the world to prevent issues!
SCRIPT       : Warning! A plant existed without a garden. Therefore it was deleted from the world to prevent issues!
SCRIPT       : Warning! A plant existed without a garden. Therefore it was deleted from the world to prevent issues!
SCRIPT       : Warning! A plant existed without a garden. Therefore it was deleted from the world to prevent issues!
SCRIPT       : Warning! A plant existed without a garden. Therefore it was deleted from the world to prevent issues!
SCRIPT       : Warning! A plant existed without a garden. Therefore it was deleted from the world to prevent issues!
SCRIPT       : Warning! A plant existed without a garden. Therefore it was deleted from the world to prevent issues!
SCRIPT       : SAVE CHECKSUM:-1055511319
SCRIPT       : SAVE CHECKSUM:-1055511319
SCRIPT       : SAVE CHECKSUM:-1055511319
SCRIPT       : SAVE CHECKSUM:-1055511319
SCRIPT       : Warning! A plant existed without a garden. Therefore it was deleted from the world to prevent issues!
SCRIPT       : Warning! A plant existed without a garden. Therefore it was deleted from the world to prevent issues!
SCRIPT       : Warning! A plant existed without a garden. Therefore it was deleted from the world to prevent issues!
SCRIPT       : Warning! A plant existed without a garden. Therefore it was deleted from the world to prevent issues!
SCRIPT       : Warning! A plant existed without a garden. Therefore it was deleted from the world to prevent issues!
SCRIPT       : Chernarus::Weather::Rain::ForceEnd:: ( 16.0341 ) 0 -> 0
SCRIPT       : [Logout]: New player OAdpPkJP2Ps_W7h2ttR1bK23ekHCzrxw0mDT3zqLMdU= with logout time 15
SCRIPT       : [emote] SurvivorM_Lewis:01 play emote id=14 IH=null
SCRIPT       : [EditorLoader] OnClientDisconnect
SCRIPT       : [Logout]: Player OAdpPkJP2Ps_W7h2ttR1bK23ekHCzrxw0mDT3zqLMdU= finished
SCRIPT       : SAVE CHECKSUM:-1055511319
SCRIPT       : Warning! A plant existed without a garden. Therefore it was deleted from the world to prevent issues!
SCRIPT       : Warning! A plant existed without a garden. Therefore it was deleted from the world to prevent issues!
SCRIPT       : Warning! A plant existed without a garden. Therefore it was deleted from the world to prevent issues!
SCRIPT       : Warning! A plant existed without a garden. Therefore it was deleted from the world to prevent issues!
SCRIPT       : Warning! A plant existed without a garden. Therefore it was deleted from the world to prevent issues!
SCRIPT       : SAVE CHECKSUM:-1055511319
SCRIPT       : SAVE CHECKSUM:-1055511319
SCRIPT       : SAVE CHECKSUM:-1055511319
SCRIPT       : Warning! A plant existed without a garden. Therefore it was deleted from the world to prevent issues!
SCRIPT       : Warning! A plant existed without a garden. Therefore it was deleted from the world to prevent issues!
SCRIPT       : Warning! A plant existed without a garden. Therefore it was deleted from the world to prevent issues!
SCRIPT       : Warning! A plant existed without a garden. Therefore it was deleted from the world to prevent issues!
SCRIPT       : Warning! A plant existed without a garden. Therefore it was deleted from the world to prevent issues!
SCRIPT       : Chernarus::Weather::Rain::ForceEnd:: ( 16.1008 ) 0 -> 0
SCRIPT       : Warning! A plant existed without a garden. Therefore it was deleted from the world to prevent issues!
SCRIPT       : Warning! A plant existed without a garden. Therefore it was deleted from the world to prevent issues!
SCRIPT       : Warning! A plant existed without a garden. Therefore it was deleted from the world to prevent issues!
SCRIPT       : Warning! A plant existed without a garden. Therefore it was deleted from the world to prevent issues!
SCRIPT       : Warning! A plant existed without a garden. Therefore it was deleted from the world to prevent issues!
SCRIPT       : Warning! A plant existed without a garden. Therefore it was deleted from the world to prevent issues!
SCRIPT       : Warning! A plant existed without a garden. Therefore it was deleted from the world to prevent issues!
SCRIPT       : Warning! A plant existed without a garden. Therefore it was deleted from the world to prevent issues!
SCRIPT       : Warning! A plant existed without a garden. Therefore it was deleted from the world to prevent issues!
SCRIPT       : Warning! A plant existed without a garden. Therefore it was deleted from the world to prevent issues!
SCRIPT       : SAVE CHECKSUM:-1055511319
SCRIPT       : SAVE CHECKSUM:-1055511319
SCRIPT       : SAVE CHECKSUM:-1055511319
SCRIPT       : Chernarus::Weather::Rain::ForceEnd:: ( 16.1675 ) 0 -> 0
SCRIPT       : Warning! A plant existed without a garden. Therefore it was deleted from the world to prevent issues!
SCRIPT       : Warning! A plant existed without a garden. Therefore it was deleted from the world to prevent issues!
SCRIPT       : Warning! A plant existed without a garden. Therefore it was deleted from the world to prevent issues!
SCRIPT       : Warning! A plant existed without a garden. Therefore it was deleted from the world to prevent issues!
SCRIPT       : Warning! A plant existed without a garden. Therefore it was deleted from the world to prevent issues!
SCRIPT       : Warning! A plant existed without a garden. Therefore it was deleted from the world to prevent issues!
SCRIPT       : Warning! A plant existed without a garden. Therefore it was deleted from the world to prevent issues!
SCRIPT       : Warning! A plant existed without a garden. Therefore it was deleted from the world to prevent issues!
SCRIPT       : Warning! A plant existed without a garden. Therefore it was deleted from the world to prevent issues!
SCRIPT       : Warning! A plant existed without a garden. Therefore it was deleted from the world to prevent issues!
SCRIPT       : OnVehicleSeatDriverEnter
SCRIPT       : SAVE CHECKSUM:-1055511319
SCRIPT       : SAVE CHECKSUM:-1055511319
SCRIPT       : SAVE CHECKSUM:-1055511319
SCRIPT       : Chernarus::Weather::Rain::ForceEnd:: ( 16.2342 ) 0 -> 0
SCRIPT       : Warning! A plant existed without a garden. Therefore it was deleted from the world to prevent issues!
SCRIPT       : Warning! A plant existed without a garden. Therefore it was deleted from the world to prevent issues!
SCRIPT       : Warning! A plant existed without a garden. Therefore it was deleted from the world to prevent issues!
SCRIPT       : Warning! A plant existed without a garden. Therefore it was deleted from the world to prevent issues!
SCRIPT       : Warning! A plant existed without a garden. Therefore it was deleted from the world to prevent issues!
SCRIPT       : Warning! A plant existed without a garden. Therefore it was deleted from the world to prevent issues!
SCRIPT       : Warning! A plant existed without a garden. Therefore it was deleted from the world to prevent issues!
SCRIPT       : Warning! A plant existed without a garden. Therefore it was deleted from the world to prevent issues!
SCRIPT       : Warning! A plant existed without a garden. Therefore it was deleted from the world to prevent issues!
SCRIPT       : Warning! A plant existed without a garden. Therefore it was deleted from the world to prevent issues!
SCRIPT       : OnVehicleSeatDriverLeft
SCRIPT       : OnVehicleSeatDriverEnter
SCRIPT       : Warning! A plant existed without a garden. Therefore it was deleted from the world to prevent issues!
SCRIPT       : Warning! A plant existed without a garden. Therefore it was deleted from the world to prevent issues!
SCRIPT       : Chernarus::Weather::Rain::ForceEnd:: ( 16.3009 ) 0 -> 0
SCRIPT       : Warning! A plant existed without a garden. Therefore it was deleted from the world to prevent issues!
SCRIPT       : Warning! A plant existed without a garden. Therefore it was deleted from the world to prevent issues!
SCRIPT       : Warning! A plant existed without a garden. Therefore it was deleted from the world to prevent issues!
SCRIPT       : OnVehicleSeatDriverLeft
SCRIPT       : SAVE CHECKSUM:-1055511319
SCRIPT       : SAVE CHECKSUM:-1055511319
SCRIPT       : SAVE CHECKSUM:-1055511319
SCRIPT       : Warning! A plant existed without a garden. Therefore it was deleted from the world to prevent issues!
SCRIPT       : Warning! A plant existed without a garden. Therefore it was deleted from the world to prevent issues!
SCRIPT       : Warning! A plant existed without a garden. Therefore it was deleted from the world to prevent issues!
SCRIPT       : Warning! A plant existed without a garden. Therefore it was deleted from the world to prevent issues!
SCRIPT       : Warning! A plant existed without a garden. Therefore it was deleted from the world to prevent issues!
SCRIPT       : Warning! A plant existed without a garden. Therefore it was deleted from the world to prevent issues!
SCRIPT       : Warning! A plant existed without a garden. Therefore it was deleted from the world to prevent issues!
SCRIPT       : Warning! A plant existed without a garden. Therefore it was deleted from the world to prevent issues!
SCRIPT       : Warning! A plant existed without a garden. Therefore it was deleted from the world to prevent issues!
SCRIPT       : Warning! A plant existed without a garden. Therefore it was deleted from the world to prevent issues!
SCRIPT       : Chernarus::Weather::Rain::ForceEnd:: ( 16.3676 ) 0 -> 0
SCRIPT       : SAVE CHECKSUM:-1055511319
SCRIPT       : SAVE CHECKSUM:-1055511319
SCRIPT       : SAVE CHECKSUM:-1055511319
SCRIPT       : Warning! A plant existed without a garden. Therefore it was deleted from the world to prevent issues!
SCRIPT       : Warning! A plant existed without a garden. Therefore it was deleted from the world to prevent issues!
SCRIPT       : Warning! A plant existed without a garden. Therefore it was deleted from the world to prevent issues!
SCRIPT       : Warning! A plant existed without a garden. Therefore it was deleted from the world to prevent issues!
SCRIPT       : Warning! A plant existed without a garden. Therefore it was deleted from the world to prevent issues!
SCRIPT       : OnVehicleSeatDriverEnter
SCRIPT       : OnVehicleSeatDriverLeft
SCRIPT       : Warning! A plant existed without a garden. Therefore it was deleted from the world to prevent issues!
SCRIPT       : Warning! A plant existed without a garden. Therefore it was deleted from the world to prevent issues!
SCRIPT       : Warning! A plant existed without a garden. Therefore it was deleted from the world to prevent issues!
SCRIPT       : Warning! A plant existed without a garden. Therefore it was deleted from the world to prevent issues!
SCRIPT       : Warning! A plant existed without a garden. Therefore it was deleted from the world to prevent issues!
SCRIPT       : Chernarus::Weather::Rain::ForceEnd:: ( 16.4343 ) 0 -> 0
SCRIPT       : Warning! A plant existed without a garden. Therefore it was deleted from the world to prevent issues!
SCRIPT       : Warning! A plant existed without a garden. Therefore it was deleted from the world to prevent issues!
SCRIPT       : Warning! A plant existed without a garden. Therefore it was deleted from the world to prevent issues!
SCRIPT       : Warning! A plant existed without a garden. Therefore it was deleted from the world to prevent issues!
SCRIPT       : Warning! A plant existed without a garden. Therefore it was deleted from the world to prevent issues!
SCRIPT       : SAVE CHECKSUM:-1055511319
SCRIPT       : SAVE CHECKSUM:-1055511319
SCRIPT       : SAVE CHECKSUM:-1055511319
SCRIPT       : Warning! A plant existed without a garden. Therefore it was deleted from the world to prevent issues!
SCRIPT       : Warning! A plant existed without a garden. Therefore it was deleted from the world to prevent issues!
SCRIPT       : Warning! A plant existed without a garden. Therefore it was deleted from the world to prevent issues!
SCRIPT       : Warning! A plant existed without a garden. Therefore it was deleted from the world to prevent issues!
SCRIPT       : Warning! A plant existed without a garden. Therefore it was deleted from the world to prevent issues!
SCRIPT       : Chernarus::Weather::Rain::ForceEnd:: ( 16.501 ) 0 -> 0
SCRIPT       : Warning! A plant existed without a garden. Therefore it was deleted from the world to prevent issues!
SCRIPT       : Warning! A plant existed without a garden. Therefore it was deleted from the world to prevent issues!
SCRIPT       : Warning! A plant existed without a garden. Therefore it was deleted from the world to prevent issues!
SCRIPT       : Warning! A plant existed without a garden. Therefore it was deleted from the world to prevent issues!
SCRIPT       : Warning! A plant existed without a garden. Therefore it was deleted from the world to prevent issues!
SCRIPT       : SAVE id:84
SCRIPT       : SAVE id_bit_offset:4
SCRIPT       : SAVE write_result:76088640
SCRIPT       : SAVE CHECKSUM:-1055511319
SCRIPT       : SAVE CHECKSUM:-1055511319
SCRIPT       : SAVE CHECKSUM:-1055511319
SCRIPT       : Warning! A plant existed without a garden. Therefore it was deleted from the world to prevent issues!
SCRIPT       : Warning! A plant existed without a garden. Therefore it was deleted from the world to prevent issues!
SCRIPT       : Warning! A plant existed without a garden. Therefore it was deleted from the world to prevent issues!
SCRIPT       : Warning! A plant existed without a garden. Therefore it was deleted from the world to prevent issues!
SCRIPT       : Warning! A plant existed without a garden. Therefore it was deleted from the world to prevent issues!
SCRIPT       : Chernarus::Weather::Fog:: ( 16.555 ) 0.0384837
SCRIPT       : OnVehicleSeatDriverEnter
SCRIPT       : Chernarus::Weather::Overcast:: ( 16.5643 )  overcast: 0.184091
SCRIPT       : Chernarus::Weather::Overcast::Rain:: ( 16.5643 ) 0
SCRIPT       : Chernarus::Weather::Rain::ForceEnd:: ( 16.5677 ) 0 -> 0
SCRIPT       : Warning! A plant existed without a garden. Therefore it was deleted from the world to prevent issues!
SCRIPT       : Warning! A plant existed without a garden. Therefore it was deleted from the world to prevent issues!
SCRIPT       : Warning! A plant existed without a garden. Therefore it was deleted from the world to prevent issues!
SCRIPT       : Warning! A plant existed without a garden. Therefore it was deleted from the world to prevent issues!
SCRIPT       : Warning! A plant existed without a garden. Therefore it was deleted from the world to prevent issues!
SCRIPT       : Warning! A plant existed without a garden. Therefore it was deleted from the world to prevent issues!
SCRIPT       : Warning! A plant existed without a garden. Therefore it was deleted from the world to prevent issues!
SCRIPT       : SAVE id:84
SCRIPT       : SAVE id_bit_offset:4
SCRIPT       : SAVE write_result:22938944
SCRIPT       : SAVE CHECKSUM:-1055511319
SCRIPT       : SAVE CHECKSUM:-1055511319
SCRIPT       : SAVE CHECKSUM:-1055511319
SCRIPT       : Warning! A plant existed without a garden. Therefore it was deleted from the world to prevent issues!
SCRIPT       : Warning! A plant existed without a garden. Therefore it was deleted from the world to prevent issues!
SCRIPT       : Warning! A plant existed without a garden. Therefore it was deleted from the world to prevent issues!
SCRIPT       : Warning! A plant existed without a garden. Therefore it was deleted from the world to prevent issues!
SCRIPT       : Warning! A plant existed without a garden. Therefore it was deleted from the world to prevent issues!
SCRIPT       : Chernarus::Weather::Rain::ForceEnd:: ( 16.6344 ) 0 -> 0
SCRIPT       : Warning! A plant existed without a garden. Therefore it was deleted from the world to prevent issues!
SCRIPT       : Warning! A plant existed without a garden. Therefore it was deleted from the world to prevent issues!
SCRIPT       : Warning! A plant existed without a garden. Therefore it was deleted from the world to prevent issues!
SCRIPT       : Warning! A plant existed without a garden. Therefore it was deleted from the world to prevent issues!
SCRIPT       : Warning! A plant existed without a garden. Therefore it was deleted from the world to prevent issues!
SCRIPT       : Warning! A plant existed without a garden. Therefore it was deleted from the world to prevent issues!
SCRIPT       : Warning! A plant existed without a garden. Therefore it was deleted from the world to prevent issues!
SCRIPT       : Warning! A plant existed without a garden. Therefore it was deleted from the world to prevent issues!
SCRIPT       : OnVehicleSeatDriverLeft
SCRIPT       : SAVE CHECKSUM:-1055511319
SCRIPT       : SAVE CHECKSUM:-1055511319
SCRIPT       : SAVE CHECKSUM:-1055511319
SCRIPT       : Warning! A plant existed without a garden. Therefore it was deleted from the world to prevent issues!
SCRIPT       : Warning! A plant existed without a garden. Therefore it was deleted from the world to prevent issues!
SCRIPT       : OnVehicleSeatDriverEnter
SCRIPT       : Chernarus::Weather::Rain::ForceEnd:: ( 16.7011 ) 0 -> 0
SCRIPT       : Warning! A plant existed without a garden. Therefore it was deleted from the world to prevent issues!
SCRIPT       : Warning! A plant existed without a garden. Therefore it was deleted from the world to prevent issues!
SCRIPT       : Warning! A plant existed without a garden. Therefore it was deleted from the world to prevent issues!
SCRIPT       : OnVehicleSeatDriverLeft
SCRIPT       : Warning! A plant existed without a garden. Therefore it was deleted from the world to prevent issues!
SCRIPT       : Warning! A plant existed without a garden. Therefore it was deleted from the world to prevent issues!
SCRIPT       : Warning! A plant existed without a garden. Therefore it was deleted from the world to prevent issues!
SCRIPT       : Warning! A plant existed without a garden. Therefore it was deleted from the world to prevent issues!
SCRIPT       : Warning! A plant existed without a garden. Therefore it was deleted from the world to prevent issues!
SCRIPT       : Warning! A plant existed without a garden. Therefore it was deleted from the world to prevent issues!
SCRIPT       : Warning! A plant existed without a garden. Therefore it was deleted from the world to prevent issues!
SCRIPT       : SAVE CHECKSUM:-1055511319
SCRIPT       : SAVE CHECKSUM:-1055511319
SCRIPT       : SAVE CHECKSUM:-1055511319
SCRIPT       : Warning! A plant existed without a garden. Therefore it was deleted from the world to prevent issues!
SCRIPT       : Warning! A plant existed without a garden. Therefore it was deleted from the world to prevent issues!
SCRIPT       : Warning! A plant existed without a garden. Therefore it was deleted from the world to prevent issues!
SCRIPT       : Chernarus::Weather::Rain::ForceEnd:: ( 16.7678 ) 0 -> 0
SCRIPT       : Warning! A plant existed without a garden. Therefore it was deleted from the world to prevent issues!
SCRIPT       : Warning! A plant existed without a garden. Therefore it was deleted from the world to prevent issues!
SCRIPT       : Warning! A plant existed without a garden. Therefore it was deleted from the world to prevent issues!
SCRIPT       : Warning! A plant existed without a garden. Therefore it was deleted from the world to prevent issues!
SCRIPT       : Warning! A plant existed without a garden. Therefore it was deleted from the world to prevent issues!
SCRIPT       : Warning! A plant existed without a garden. Therefore it was deleted from the world to prevent issues!
SCRIPT       : Warning! A plant existed without a garden. Therefore it was deleted from the world to prevent issues!
SCRIPT       : Warning! A plant existed without a garden. Therefore it was deleted from the world to prevent issues!
SCRIPT       : Warning! A plant existed without a garden. Therefore it was deleted from the world to prevent issues!
SCRIPT       : Warning! A plant existed without a garden. Therefore it was deleted from the world to prevent issues!
SCRIPT       : SAVE CHECKSUM:-1055511319
SCRIPT       : SAVE CHECKSUM:-1055511319
SCRIPT       : SAVE CHECKSUM:-1055511319
SCRIPT       : Chernarus::Weather::Rain::ForceEnd:: ( 16.8345 ) 0 -> 0
SCRIPT       : Warning! A plant existed without a garden. Therefore it was deleted from the world to prevent issues!
SCRIPT       : [Logout]: New player HT80BSK6nbyEUuqqNLGOG_NvUVWKXCYBk5YTFLCK4vU= with logout time 15
SCRIPT       : [emote] SurvivorM_Niki:05 play emote id=14 IH=null
SCRIPT       : Warning! A plant existed without a garden. Therefore it was deleted from the world to prevent issues!
SCRIPT       : [EditorLoader] OnClientDisconnect
SCRIPT       : [Logout]: Player HT80BSK6nbyEUuqqNLGOG_NvUVWKXCYBk5YTFLCK4vU= finished
SCRIPT       : SAVE CHECKSUM:-1055511319
SCRIPT       : Warning! A plant existed without a garden. Therefore it was deleted from the world to prevent issues!
SCRIPT       : OnVehicleSeatDriverEnter
SCRIPT       : Warning! A plant existed without a garden. Therefore it was deleted from the world to prevent issues!
SCRIPT       : Warning! A plant existed without a garden. Therefore it was deleted from the world to prevent issues!
SCRIPT       : Warning! A plant existed without a garden. Therefore it was deleted from the world to prevent issues!
SCRIPT       : Warning! A plant existed without a garden. Therefore it was deleted from the world to prevent issues!
SCRIPT       : OnVehicleSeatDriverLeft
SCRIPT       : 2100
SCRIPT       : Warning! A plant existed without a garden. Therefore it was deleted from the world to prevent issues!
SCRIPT       : Chernarus::Weather::Rain::ForceEnd:: ( 16.9012 ) 0 -> 0
SCRIPT       : SAVE CHECKSUM:-1055511319
SCRIPT       : SAVE CHECKSUM:-1055511319
SCRIPT       : OnVehicleSeatDriverEnter
SCRIPT       : Warning! A plant existed without a garden. Therefore it was deleted from the world to prevent issues!
SCRIPT       : Warning! A plant existed without a garden. Therefore it was deleted from the world to prevent issues!
SCRIPT       : Warning! A plant existed without a garden. Therefore it was deleted from the world to prevent issues!
SCRIPT       : Warning! A plant existed without a garden. Therefore it was deleted from the world to prevent issues!
SCRIPT       : OnVehicleSeatDriverLeft
SCRIPT       : Warning! A plant existed without a garden. Therefore it was deleted from the world to prevent issues!
SCRIPT       : OnVehicleSeatDriverEnter
SCRIPT       : Warning! A plant existed without a garden. Therefore it was deleted from the world to prevent issues!
SCRIPT       : Warning! A plant existed without a garden. Therefore it was deleted from the world to prevent issues!
SCRIPT       : Chernarus::Weather::Rain::ForceEnd:: ( 16.9679 ) 0 -> 0
SCRIPT       : OnVehicleSeatDriverLeft
SCRIPT       : Warning! A plant existed without a garden. Therefore it was deleted from the world to prevent issues!
SCRIPT       : Warning! A plant existed without a garden. Therefore it was deleted from the world to prevent issues!
SCRIPT       : SAVE CHECKSUM:-1055511319
SCRIPT       : SAVE CHECKSUM:-1055511319
SCRIPT       : Warning! A plant existed without a garden. Therefore it was deleted from the world to prevent issues!
SCRIPT       : Warning! A plant existed without a garden. Therefore it was deleted from the world to prevent issues!
SCRIPT       : Warning! A plant existed without a garden. Therefore it was deleted from the world to prevent issues!
SCRIPT       : [Logout]: New player hDo_Btwm72QwlIopq6csO7iMF3JQfMqHeAzHsQsXTmo= with logout time 15
SCRIPT       : [emote] SurvivorM_Mirek:02 play emote id=14 IH=Lockpick:032099
SCRIPT       : [EditorLoader] OnClientDisconnect
SCRIPT       : [Logout]: Player hDo_Btwm72QwlIopq6csO7iMF3JQfMqHeAzHsQsXTmo= finished
SCRIPT       : SAVE CHECKSUM:-1055511319
SCRIPT       : Warning! A plant existed without a garden. Therefore it was deleted from the world to prevent issues!
SCRIPT       : Warning! A plant existed without a garden. Therefore it was deleted from the world to prevent issues!
SCRIPT       : Warning! A plant existed without a garden. Therefore it was deleted from the world to prevent issues!
SCRIPT       : Warning! A plant existed without a garden. Therefore it was deleted from the world to prevent issues!
SCRIPT       : Chernarus::Weather::Rain::ForceEnd:: ( 17.0346 ) 0 -> 0
SCRIPT       : Warning! A plant existed without a garden. Therefore it was deleted from the world to prevent issues!
SCRIPT       : Warning! A plant existed without a garden. Therefore it was deleted from the world to prevent issues!
SCRIPT       : Warning! A plant existed without a garden. Therefore it was deleted from the world to prevent issues!
SCRIPT       : Warning! A plant existed without a garden. Therefore it was deleted from the world to prevent issues!
SCRIPT       : SAVE CHECKSUM:-1055511319
SCRIPT       : Chernarus::Weather::Fog:: ( 17.0586 ) 0.0741673
SCRIPT       : Warning! A plant existed without a garden. Therefore it was deleted from the world to prevent issues!
SCRIPT       : Warning! A plant existed without a garden. Therefore it was deleted from the world to prevent issues!
SCRIPT       : Warning! A plant existed without a garden. Therefore it was deleted from the world to prevent issues!
SCRIPT       : [Logout]: New player sZJ432ovDQIgWd8wMve4ae1CuexC2jM_6lmUd51b4VQ= with logout time 15
SCRIPT       : [emote] SurvivorM_Rolf:04 play emote id=14 IH=null
SCRIPT       : [EditorLoader] OnClientDisconnect
SCRIPT       : [Logout]: Player sZJ432ovDQIgWd8wMve4ae1CuexC2jM_6lmUd51b4VQ= finished
SCRIPT       : SAVE CHECKSUM:-1055511319
SCRIPT       : Chernarus::Weather::Rain::ForceEnd:: ( 17.1013 ) 0 -> 0
SCRIPT       : Warning! A plant existed without a garden. Therefore it was deleted from the world to prevent issues!
SCRIPT       : Warning! A plant existed without a garden. Therefore it was deleted from the world to prevent issues!
SCRIPT       : Warning! A plant existed without a garden. Therefore it was deleted from the world to prevent issues!
SCRIPT       : Warning! A plant existed without a garden. Therefore it was deleted from the world to prevent issues!
SCRIPT       : Chernarus::Weather::Rain::ForceEnd:: ( 17.168 ) 0 -> 0
SCRIPT       : Chernarus::Weather::Rain::ForceEnd:: ( 17.2347 ) 0 -> 0
SCRIPT       : Chernarus::Weather::Rain::ForceEnd:: ( 17.3014 ) 0 -> 0
SCRIPT       : Chernarus::Weather::Overcast:: ( 17.3443 )  overcast: 0.251814
SCRIPT       : Chernarus::Weather::Overcast::Rain:: ( 17.3443 ) 0
SCRIPT       : Chernarus::Weather::Rain::ForceEnd:: ( 17.3681 ) 0 -> 0
SCRIPT       : Chernarus::Weather::Rain::ForceEnd:: ( 17.4348 ) 0 -> 0
SCRIPT       : Chernarus::Weather::Rain::ForceEnd:: ( 17.5015 ) 0 -> 0
SCRIPT       : Chernarus::Weather::Fog:: ( 17.5622 ) 0.0741672
SCRIPT       : Chernarus::Weather::Rain::ForceEnd:: ( 17.5682 ) 0 -> 0
SCRIPT       : Chernarus::Weather::Rain:: ( 17.6349 ) 0
SCRIPT       : Chernarus::Weather::Rain:: ( 17.6571 ) 0.255675
SCRIPT       : Chernarus::Weather::Rain:: ( 17.6738 ) 0.124397
SCRIPT       : Chernarus::Weather::Rain:: ( 17.6938 ) 0.306463
SCRIPT       : Chernarus::Weather::Rain:: ( 17.7193 ) 0.246073
SCRIPT       : Chernarus::Weather::Rain:: ( 17.7382 ) 0.263304
SCRIPT       : Chernarus::Weather::Rain:: ( 17.7788 ) 0.195833
SCRIPT       : Chernarus::Weather::Rain:: ( 17.8775 ) 0
SCRIPT       : Chernarus::Weather::Rain:: ( 17.9086 ) 0.170766
SCRIPT       : Chernarus::Weather::Rain:: ( 17.9852 ) 0.123472
SCRIPT       : Chernarus::Weather::Rain:: ( 18.133 ) 0.122904
SCRIPT       : Chernarus::Weather::Overcast:: ( 18.4946 )  overcast: 0.625477
SCRIPT       : Chernarus::Weather::Overcast::Rain:: ( 18.4946 ) 0
SCRIPT       : Chernarus::Weather::Rain::ForceEnd:: ( 18.716 ) 0 -> 0
SCRIPT       : Chernarus::Weather::Rain::ForceEnd:: ( 19.1829 ) 0 -> 0
SCRIPT       : ~PluginMCKLogs Closed
SCRIPT       : ~DayZGame()
