---------------------------------------------
Log C:\Program Files (x86)\Steam\steamapps\common\DayZServer\myprofile\script_2021-05-25_10-10-01.log started at 25.05. 10:10:01

SCRIPT       : Registered 240 temporary action enum(s), UAN==240
SCRIPT    (W): @"ToxicZone/scripts/3_Game/toxicconfig\config\staticzone\statictoxicareasettings.c,108": Missing ';' at the end of line
SCRIPT       : CF_CreateGame()
SCRIPT       : ... Backlit Effects Enabled
SCRIPT       : DZM_Projects Map! by DaOne
SCRIPT    (W): @"MuchStuffPack/MSP_Scripts/4_World/codelock\actions\actionraidcodelockonmsp.c,44": Missing ';' at the end of line
SCRIPT    (W): @"MunghardsItems/scripts/4_world/entities\itembase\sleepingbag.c,160": Missing ';' at the end of line
SCRIPT    (W): @"MunghardsItems/scripts/4_world/entities\itembase\itembase.c,13": Missing ';' at the end of line
SCRIPT    (W): @"MunghardsItems/scripts/4_world/entities\itembase\itembase.c,22": Missing ';' at the end of line
SCRIPT    (W): @"BuildAnywhere_v3/scripts/4_World/Entities/GardenBase/ісћѐьр*џ.rvmat,52": Missing ';' at the end of line
SCRIPT    (W): @"deerisle/Deerisle_Security_System/scripts/4_World/deerisle-security-system\config\securityconfig.c,49": Missing ';' at the end of line
SCRIPT    (W): @"BPGaz/scripts/ќѕ?юіаѕэёю.wsi,6": Missing ';' at the end of line
SCRIPT    (W): @"CannabisPlus/scripts/4_world/cannabisplus.c,391": Missing ';' at the end of line
SCRIPT    (W): @"ModularVestSystem/scripts/4_World/mvs_taco.c,19": Missing ';' at the end of line
SCRIPT    (W): @"BaseBuildingPlus/scripts/4_World/items\xmas_lights\bbp_xmaslights_9v.c,54": Missing ';' at the end of line
SCRIPT    (W): @"MuchStuffPack/MSP_Scripts/4_World/codelock\actions\actioninteractlockonmsp.c,71": Unsafe down-casting, use 'EntityAI.Cast' for safe down-casting
SCRIPT    (W): @"MuchStuffPack/MSP_Scripts/4_World/codelock\actions\actioninteractlockonmsp.c,85": Unsafe down-casting, use 'ItemBase.Cast' for safe down-casting
SCRIPT    (W): @"MuchStuffPack/MSP_Scripts/4_World/codelock\actions\actioninteractlockonmsp.c,90": Unsafe down-casting, use 'ItemBase.Cast' for safe down-casting
SCRIPT    (W): @"MunghardsItems/scripts/4_world/entities\itembase\ballgrill.c,349": Unsafe down-casting, use 'Edible_Base.Cast' for safe down-casting
SCRIPT    (W): @"MunghardsItems/scripts/4_world/entities\itembase\ballgrill.c,361": Unsafe down-casting, use 'Edible_Base.Cast' for safe down-casting
SCRIPT    (W): @"MunghardsItems/scripts/4_world/classes\useractionscomponent\actions\continuous\actionbuildmungcabin.c,34": Unsafe down-casting, use 'PlayerBase.Cast' for safe down-casting
SCRIPT    (W): @"MunghardsItems/scripts/4_world/entities\itembase\kv5.c,49": Unsafe down-casting, use 'PlayerBase.Cast' for safe down-casting
SCRIPT    (W): @"TraderPlus/scripts/4_World/classes\tradersystemhandler\helpers\traderplushelpers.c,65": Unsafe down-casting, use 'Magazine.Cast' for safe down-casting
SCRIPT    (W): @"TraderPlus/scripts/4_World/classes\tradersystemhandler\helpers\traderplushelpers.c,66": Unsafe down-casting, use 'Magazine.Cast' for safe down-casting
SCRIPT    (W): @"TraderPlus/scripts/4_World/classes\tradersystemhandler\helpers\traderplushelpers.c,71": Unsafe down-casting, use 'Magazine.Cast' for safe down-casting
SCRIPT    (W): @"TraderPlus/scripts/4_World/classes\tradersystemhandler\helpers\traderplushelpers.c,72": Unsafe down-casting, use 'Magazine.Cast' for safe down-casting
SCRIPT    (W): @"WRDG/Notes/Scripts/4_World/classes\writtennotedata.c,93": Unsafe down-casting, use 'PlayerBase.Cast' for safe down-casting
SCRIPT       : ::: [BuildAnywhere_v3_World<5287a5b0>]: ver: 3.4.06.05.2021 init
SCRIPT    (W): @"LBmaster_UndergroundLighting/scripts/5_Mission/UndergroundLighting/mission/эѓљ*лњФы.rvmat,295": Unsafe down-casting, use 'PlayerBase.Cast' for safe down-casting
SCRIPT    (W): @"ZomBerry/AT/scripts/5_Mission/zomberrystockfnc.c,218": No need to use 'Cast' for up-casting
SCRIPT    (W): @"ZomBerry/AT/scripts/5_Mission/zomberrystockfnc.c,225": No need to use 'Cast' for up-casting
SCRIPT    (W): @"ZomBerry/AT/scripts/5_Mission/zomberrystockfnc.c,234": No need to use 'Cast' for up-casting
SCRIPT    (W): @"$CurrentDir:mpmissions\Expansion.deerisle\init.c,106": Unsafe down-casting, use 'ItemBase.Cast' for safe down-casting
SCRIPT    (W): @"$CurrentDir:mpmissions\Expansion.deerisle\init.c,108": Unsafe down-casting, use 'ItemBase.Cast' for safe down-casting
SCRIPT    (W): @"$CurrentDir:mpmissions\Expansion.deerisle\init.c,128": Unsafe down-casting, use 'ItemBase.Cast' for safe down-casting
SCRIPT    (W): @"$CurrentDir:mpmissions\Expansion.deerisle\init.c,130": Unsafe down-casting, use 'ItemBase.Cast' for safe down-casting
SCRIPT    (W): @"$CurrentDir:mpmissions\Expansion.deerisle\init.c,166": Unsafe down-casting, use 'ItemBase.Cast' for safe down-casting
SCRIPT    (W): @"$CurrentDir:mpmissions\Expansion.deerisle\init.c,169": Unsafe down-casting, use 'ItemBase.Cast' for safe down-casting
SCRIPT    (W): @"$CurrentDir:mpmissions\Expansion.deerisle\init.c,213": Unsafe down-casting, use 'ItemBase.Cast' for safe down-casting
SCRIPT    (W): @"$CurrentDir:mpmissions\Expansion.deerisle\init.c,217": Unsafe down-casting, use 'ItemBase.Cast' for safe down-casting
SCRIPT    (W): @"$CurrentDir:mpmissions\Expansion.deerisle\init.c,264": Unsafe down-casting, use 'ItemBase.Cast' for safe down-casting
SCRIPT    (W): @"$CurrentDir:mpmissions\Expansion.deerisle\init.c,301": Unsafe down-casting, use 'ItemBase.Cast' for safe down-casting
SCRIPT    (W): @"$CurrentDir:mpmissions\Expansion.deerisle\init.c,303": Unsafe down-casting, use 'ItemBase.Cast' for safe down-casting
SCRIPT    (W): @"$CurrentDir:mpmissions\Expansion.deerisle\init.c,306": Unsafe down-casting, use 'ItemBase.Cast' for safe down-casting
SCRIPT    (W): @"$CurrentDir:mpmissions\Expansion.deerisle\init.c,340": Unsafe down-casting, use 'ItemBase.Cast' for safe down-casting
SCRIPT    (W): @"$CurrentDir:mpmissions\Expansion.deerisle\init.c,345": Unsafe down-casting, use 'ItemBase.Cast' for safe down-casting
SCRIPT    (W): @"$CurrentDir:mpmissions\Expansion.deerisle\init.c,383": Unsafe down-casting, use 'ItemBase.Cast' for safe down-casting
SCRIPT    (W): @"$CurrentDir:mpmissions\Expansion.deerisle\init.c,385": Unsafe down-casting, use 'ItemBase.Cast' for safe down-casting
SCRIPT    (W): @"$CurrentDir:mpmissions\Expansion.deerisle\init.c,388": Unsafe down-casting, use 'ItemBase.Cast' for safe down-casting
SCRIPT    (W): @"$CurrentDir:mpmissions\Expansion.deerisle\init.c,391": Unsafe down-casting, use 'ItemBase.Cast' for safe down-casting
SCRIPT    (W): @"$CurrentDir:mpmissions\Expansion.deerisle\init.c,427": Unsafe down-casting, use 'ItemBase.Cast' for safe down-casting
SCRIPT    (W): @"$CurrentDir:mpmissions\Expansion.deerisle\init.c,430": Unsafe down-casting, use 'ItemBase.Cast' for safe down-casting
SCRIPT    (W): @"$CurrentDir:mpmissions\Expansion.deerisle\init.c,433": Unsafe down-casting, use 'ItemBase.Cast' for safe down-casting
SCRIPT    (W): @"$CurrentDir:mpmissions\Expansion.deerisle\init.c,471": Unsafe down-casting, use 'ItemBase.Cast' for safe down-casting
SCRIPT    (W): @"$CurrentDir:mpmissions\Expansion.deerisle\init.c,475": Unsafe down-casting, use 'ItemBase.Cast' for safe down-casting
SCRIPT       : Init: PluginMCKLogs
SCRIPT       : Creating ModuleManager
SCRIPT       : CF_CreateWorld()
SCRIPT       : Inserted Module (HOST): EditorLoaderModule
SCRIPT       : Modules Loaded
SCRIPT       : 0 -> EditorLoaderModule
SCRIPT       : 25.05.2021 10:10:12 [ZomBerry]: Starting Server side v0.6.2
SCRIPT       : [AirdropSafezones] Settings classes created.
SCRIPT       : [AirdropSafezones.Load] Safezones file loaded & resaved.
SCRIPT       : [AirdropSettings] Settings classes created.
SCRIPT       : [AirdropSettings.Load] Settings file loaded & resaved.
SCRIPT       : GetDeerIsleBase()...
SCRIPT       : [BBP] 'BBP_Settings' found, loading...
SCRIPT       : [MCK_CarLockPickConfig] '$profile:MCK_CarLockPickConfig/CarLockPickConfig.json' found, loading existing config!
SCRIPT       : [MSP_Codelock_Config] '$profile:\CodeLock\MSP_CodeLockConfig.json' found, loading existing config!
SCRIPT       : 25.05.2021 10:10:13 [ZomBerryConfig]: INFO: Profile dir is: myprofile
SCRIPT       : 25.05.2021 10:10:13 [ZomBerryConfig]: INFO: Config files will be loaded from: myprofile
SCRIPT       : 25.05.2021 10:10:13 [ZomBerryLogger]: INFO: Will try to create ZomBerry log file in profile directory: myprofile\ZomBerry\
SCRIPT       : 25.05.2021 10:10:13 [ZomBerryLogger]: INFO: Switching to logfile: $profile:ZomBerry\ZomBerry_25-05-2021_10-10-13.log
SCRIPT       : [MoreDoorConfig] Server Cfg loading...
SCRIPT       : [MoreDoorConfig] '$profile:MoreDoors/MoorDoors_Settings.json' found, loading existing config!
SCRIPT       : [Notifications] OnInit
SCRIPT       : [Notifications] Loading Config
SCRIPT       : [CP] Config Sucessfully loaded!
SCRIPT       : [FBF_Config] Server Cfg loading...
SCRIPT       : [FBF_Config] '$profile:FBF_Config/FBFConfig.json' found, loading existing config!
SCRIPT       : [EditorLoader] OnMissionStart
SCRIPT       : [EditorLoader] File found: QuickStop.dze
SCRIPT       : [EditorLoader] Loaded $profile:/EditorFiles/QuickStop.dze
SCRIPT       : [EditorLoader] 50 created objects found
SCRIPT       : [EditorLoader] 18 deleted objects found
SCRIPT       : [EditorLoader] Deleting 18 buildings
SCRIPT       : [EditorLoader] Creating 50 buildings
SCRIPT       : [wpnfsm] Warning! OnStoreLoad - cannot load curent weapon state, id=0
SCRIPT       : Magazine mag = NULL
SCRIPT       : [wpnfsm] Warning! OnStoreLoad - cannot load curent weapon state, id=0
SCRIPT       : [wpnfsm] Warning! OnStoreLoad - cannot load curent weapon state, id=0
SCRIPT       : [wpnfsm] Warning! OnStoreLoad - cannot load curent weapon state, id=0
SCRIPT       : [wpnfsm] Warning! OnStoreLoad - cannot load curent weapon state, id=0
SCRIPT       : [wpnfsm] Warning! OnStoreLoad - cannot load curent weapon state, id=0
SCRIPT       : [wpnfsm] Warning! OnStoreLoad - cannot load curent weapon state, id=0
SCRIPT       : Magazine mag = NULL
SCRIPT       : [wpnfsm] Warning! OnStoreLoad - cannot load curent weapon state, id=0
SCRIPT       : [wpnfsm] Warning! OnStoreLoad - cannot load curent weapon state, id=0
SCRIPT       : [wpnfsm] Warning! OnStoreLoad - cannot load curent weapon state, id=0
SCRIPT       : [wpnfsm] Warning! OnStoreLoad - cannot load curent weapon state, id=0
SCRIPT       : [wpnfsm] Warning! OnStoreLoad - cannot load curent weapon state, id=0
SCRIPT       : [wpnfsm] Warning! OnStoreLoad - cannot load curent weapon state, id=0
SCRIPT       : [wpnfsm] Warning! OnStoreLoad - cannot load curent weapon state, id=0
SCRIPT       : [wpnfsm] Warning! OnStoreLoad - cannot load curent weapon state, id=0
SCRIPT       : [wpnfsm] Warning! OnStoreLoad - cannot load curent weapon state, id=0
SCRIPT       : [wpnfsm] Warning! OnStoreLoad - cannot load curent weapon state, id=0
SCRIPT       : [wpnfsm] Warning! OnStoreLoad - cannot load curent weapon state, id=0
SCRIPT       : [wpnfsm] Warning! OnStoreLoad - cannot load curent weapon state, id=0
SCRIPT       : [wpnfsm] Warning! OnStoreLoad - cannot load curent weapon state, id=0
SCRIPT       : [wpnfsm] Warning! OnStoreLoad - cannot load curent weapon state, id=0
SCRIPT       : [wpnfsm] Warning! OnStoreLoad - cannot load curent weapon state, id=0
SCRIPT       : [wpnfsm] Warning! OnStoreLoad - cannot load curent weapon state, id=0
SCRIPT       : [wpnfsm] Warning! OnStoreLoad - cannot load curent weapon state, id=0
SCRIPT       : [wpnfsm] Warning! OnStoreLoad - cannot load curent weapon state, id=0
SCRIPT       : [wpnfsm] Warning! OnStoreLoad - cannot load curent weapon state, id=0
SCRIPT       : [wpnfsm] Warning! OnStoreLoad - cannot load curent weapon state, id=0
SCRIPT       : [wpnfsm] Warning! OnStoreLoad - cannot load curent weapon state, id=0
SCRIPT       : [wpnfsm] Warning! OnStoreLoad - cannot load curent weapon state, id=0
SCRIPT       : [wpnfsm] Warning! OnStoreLoad - cannot load curent weapon state, id=0
SCRIPT       : [wpnfsm] Warning! OnStoreLoad - cannot load curent weapon state, id=0
SCRIPT       : [wpnfsm] Warning! OnStoreLoad - cannot load curent weapon state, id=0
SCRIPT       : [wpnfsm] Warning! OnStoreLoad - cannot load curent weapon state, id=0
SCRIPT       : [wpnfsm] Warning! OnStoreLoad - cannot load curent weapon state, id=0
SCRIPT       : [wpnfsm] Warning! OnStoreLoad - cannot load curent weapon state, id=0
SCRIPT       : [wpnfsm] Warning! OnStoreLoad - cannot load curent weapon state, id=0
SCRIPT       : [wpnfsm] Warning! OnStoreLoad - cannot load curent weapon state, id=0
SCRIPT       : [wpnfsm] Warning! OnStoreLoad - cannot load curent weapon state, id=0
SCRIPT       : [wpnfsm] Warning! OnStoreLoad - cannot load curent weapon state, id=0
SCRIPT       : [wpnfsm] Warning! OnStoreLoad - cannot load curent weapon state, id=0
SCRIPT       : [wpnfsm] Warning! OnStoreLoad - cannot load curent weapon state, id=0
SCRIPT       : Magazine mag = NULL
SCRIPT       : [wpnfsm] Warning! OnStoreLoad - cannot load curent weapon state, id=0
SCRIPT       : Magazine mag = NULL
SCRIPT       : [wpnfsm] Warning! OnStoreLoad - cannot load curent weapon state, id=0
SCRIPT       : [wpnfsm] Warning! OnStoreLoad - cannot load curent weapon state, id=0
SCRIPT       : [wpnfsm] Warning! OnStoreLoad - cannot load curent weapon state, id=0
SCRIPT       : Magazine mag = NULL
SCRIPT       : [wpnfsm] Warning! OnStoreLoad - cannot load curent weapon state, id=0
SCRIPT       : [wpnfsm] Warning! OnStoreLoad - cannot load curent weapon state, id=0
SCRIPT       : [wpnfsm] Warning! OnStoreLoad - cannot load curent weapon state, id=0
SCRIPT       : [wpnfsm] Warning! OnStoreLoad - cannot load curent weapon state, id=0
SCRIPT       : file exist ! loading...
SCRIPT       : file exist ! loading...
SCRIPT       : file exist ! loading...
SCRIPT       : file exist ! loading...
SCRIPT       : file exist ! loading...
SCRIPT       : [MoreDoors] MissionServer --> Sending instance of cfg to client: BnYrB
SCRIPT       : [FBF_Config] MissionServer --> Sending instance of cfg to client: BnYrB
SCRIPT       : [CP] -> Sucessfully sent: BnYrB CP Plus Config!
SCRIPT       : Chernarus::Weather::Rain::ForceEnd:: ( 6.09003 ) 0 -> 0
SCRIPT       : AnimSoundObjectBuilderBank: Invalid sound set "generalgrunt_SoundVoice_Char_SoundSet".
SCRIPT       : AnimSoundObjectBuilderBank: Invalid sound set "greathelmet_generalgrunt_SoundVoice_Char_SoundSet".
SCRIPT       : AnimSoundObjectBuilderBank: Invalid sound set "Gasmask_generalgrunt_SoundVoice_Char_SoundSet".
SCRIPT       : AnimSoundObjectBuilderBank: Invalid sound set "Motohelmet_generalgrunt_SoundVoice_Char_SoundSet".
SCRIPT       : AnimSoundObjectBuilderBank: Invalid sound set "Gag_generalgrunt_SoundVoice_Char_SoundSet".
SCRIPT       : ********* LoadStats loading version: 115
SCRIPT       : LOAD checksum:-1055511319
SCRIPT       : ---- PlayerBase OnStoreLoad SUCCESS ----
SCRIPT       : [EditorLoader] OnInvokeConnect
SCRIPT       : [Logout]: New player mBNlxASsPlOcry0dpDl8K-WgHNR5WMCMmoJ9NhpU4FY= with logout time 15
SCRIPT       : [EditorLoader] OnClientDisconnect
SCRIPT       : [Logout]: Player mBNlxASsPlOcry0dpDl8K-WgHNR5WMCMmoJ9NhpU4FY= finished
SCRIPT       : SAVE CHECKSUM:-1055511319
SCRIPT       : Chernarus::Weather::Rain::ForceEnd:: ( 6.2612 ) 0 -> 0
SCRIPT       : Chernarus::Weather::Fog:: ( 6.29173 ) 0.0535748
SCRIPT       : Chernarus::Weather::Overcast:: ( 6.29489 )  overcast: 0.468001
SCRIPT       : Chernarus::Weather::Overcast::Rain:: ( 6.29489 ) 0
SCRIPT       : Chernarus::Weather::Rain::ForceEnd:: ( 6.3279 ) 0 -> 0
SCRIPT       : Chernarus::Weather::Rain::ForceEnd:: ( 6.39459 ) 0 -> 0
SCRIPT       : Chernarus::Weather::Rain::ForceEnd:: ( 6.46129 ) 0 -> 0
SCRIPT       : Chernarus::Weather::Rain::ForceEnd:: ( 6.52799 ) 0 -> 0
SCRIPT       : Chernarus::Weather::Rain::ForceEnd:: ( 6.59468 ) 0 -> 0
SCRIPT       : Chernarus::Weather::Rain::ForceEnd:: ( 6.66138 ) 0 -> 0
SCRIPT       : Chernarus::Weather::Rain::ForceEnd:: ( 6.72808 ) 0 -> 0
SCRIPT       : Chernarus::Weather::Rain::ForceEnd:: ( 6.79478 ) 0 -> 0
SCRIPT       : Chernarus::Weather::Rain::ForceEnd:: ( 6.86147 ) 0 -> 0
SCRIPT       : Chernarus::Weather::Overcast:: ( 6.91683 )  overcast: 0.289801
SCRIPT       : Chernarus::Weather::Overcast::Rain:: ( 6.91683 ) 0
SCRIPT       : Chernarus::Weather::Rain::ForceEnd:: ( 6.92817 ) 0 -> 0
SCRIPT       : Chernarus::Weather::Rain::ForceEnd:: ( 6.99487 ) 0 -> 0
SCRIPT       : Chernarus::Weather::Rain::ForceEnd:: ( 7.06156 ) 0 -> 0
SCRIPT       : Chernarus::Weather::Rain::ForceEnd:: ( 7.12826 ) 0 -> 0
SCRIPT       : Chernarus::Weather::Rain::ForceEnd:: ( 7.19496 ) 0 -> 0
SCRIPT       : Chernarus::Weather::Rain::ForceEnd:: ( 7.26166 ) 0 -> 0
SCRIPT       : Chernarus::Weather::Fog:: ( 7.30725 ) 0.060416
SCRIPT       : Chernarus::Weather::Rain::ForceEnd:: ( 7.32835 ) 0 -> 0
SCRIPT       : Chernarus::Weather::Rain::ForceEnd:: ( 7.39505 ) 0 -> 0
SCRIPT       : Chernarus::Weather::Rain::ForceEnd:: ( 7.46175 ) 0 -> 0
SCRIPT       : Chernarus::Weather::Rain::ForceEnd:: ( 7.52844 ) 0 -> 0
SCRIPT       : [MoreDoors] MissionServer --> Sending instance of cfg to client: BnYrB
SCRIPT       : [FBF_Config] MissionServer --> Sending instance of cfg to client: BnYrB
SCRIPT       : [CP] -> Sucessfully sent: BnYrB CP Plus Config!
SCRIPT       : ********* LoadStats loading version: 115
SCRIPT       : LOAD checksum:-1055511319
SCRIPT       : ---- PlayerBase OnStoreLoad SUCCESS ----
SCRIPT       : [EditorLoader] OnInvokeConnect
SCRIPT       : Chernarus::Weather::Rain::ForceEnd:: ( 7.59514 ) 0 -> 0
SCRIPT       : SAVE CHECKSUM:-1055511319
SCRIPT       : Chernarus::Weather::Rain::ForceEnd:: ( 7.66184 ) 0 -> 0
SCRIPT       : Chernarus::Weather::Overcast:: ( 7.70203 )  overcast: 0.541322
SCRIPT       : Chernarus::Weather::Overcast::Rain:: ( 7.70203 ) 0
SCRIPT       : SAVE CHECKSUM:-1055511319
SCRIPT       : Chernarus::Weather::Rain::ForceEnd:: ( 7.72853 ) 0 -> 0
SCRIPT       : SAVE id:3
SCRIPT       : SAVE id_bit_offset:4
SCRIPT       : SAVE write_result:196656
SCRIPT       : SAVE CHECKSUM:-1055511319
SCRIPT       : Chernarus::Weather::Rain::ForceEnd:: ( 7.79523 ) 0 -> 0
SCRIPT       : Chernarus::Weather::Rain::ForceEnd:: ( 7.86193 ) 0 -> 0
SCRIPT       : SAVE id:5
SCRIPT       : SAVE id_bit_offset:4
SCRIPT       : SAVE write_result:5636176
SCRIPT       : SAVE CHECKSUM:-1055511319
SCRIPT       : Chernarus::Weather::Rain::ForceEnd:: ( 7.92863 ) 0 -> 0
SCRIPT       : SAVE CHECKSUM:-1055511319
SCRIPT       : Chernarus::Weather::Rain::ForceEnd:: ( 7.99532 ) 0 -> 0
SCRIPT       : SAVE CHECKSUM:-1055511319
SCRIPT       : Chernarus::Weather::Rain::ForceEnd:: ( 8.06202 ) 0 -> 0
SCRIPT       : SAVE CHECKSUM:-1055511319
SCRIPT       : Chernarus::Weather::Rain::ForceEnd:: ( 8.12872 ) 0 -> 0
SCRIPT       : SAVE CHECKSUM:-1055511319
SCRIPT       : Chernarus::Weather::Rain::ForceEnd:: ( 8.19541 ) 0 -> 0
SCRIPT       : SAVE CHECKSUM:-1055511319
SCRIPT       : Chernarus::Weather::Rain::ForceEnd:: ( 8.26211 ) 0 -> 0
SCRIPT       : SAVE CHECKSUM:-1055511319
SCRIPT       : Chernarus::Weather::Fog:: ( 8.3228 ) 0.0818964
SCRIPT       : Chernarus::Weather::Rain::ForceEnd:: ( 8.32881 ) 0 -> 0
SCRIPT       : Chernarus::Weather::Overcast:: ( 8.35301 )  overcast: 0.105618
SCRIPT       : Chernarus::Weather::Overcast::Rain:: ( 8.35301 ) 0
SCRIPT       : SAVE CHECKSUM:-1055511319
SCRIPT       : Chernarus::Weather::Rain::ForceEnd:: ( 8.39551 ) 0 -> 0
SCRIPT       : Chernarus::Weather::Rain::ForceEnd:: ( 8.4622 ) 0 -> 0
SCRIPT       : SAVE CHECKSUM:-1055511319
SCRIPT       : Chernarus::Weather::Rain::ForceEnd:: ( 8.5289 ) 0 -> 0
SCRIPT       : SAVE CHECKSUM:-1055511319
SCRIPT       : Chernarus::Weather::Rain::ForceEnd:: ( 8.5956 ) 0 -> 0
SCRIPT       : SAVE CHECKSUM:-1055511319
SCRIPT       : Chernarus::Weather::Rain::ForceEnd:: ( 8.66229 ) 0 -> 0
SCRIPT       : SAVE CHECKSUM:-1055511319
SCRIPT       : Chernarus::Weather::Rain::ForceEnd:: ( 8.72899 ) 0 -> 0
SCRIPT       : SAVE CHECKSUM:-1055511319
SCRIPT       : Chernarus::Weather::Rain::ForceEnd:: ( 8.79569 ) 0 -> 0
SCRIPT       : Chernarus::Weather::Fog:: ( 8.82646 ) 0.061621
SCRIPT       : SAVE CHECKSUM:-1055511319
SCRIPT       : Chernarus::Weather::Rain::ForceEnd:: ( 8.86239 ) 0 -> 0
SCRIPT       : SAVE CHECKSUM:-1055511319
SCRIPT       : Chernarus::Weather::Rain::ForceEnd:: ( 8.92908 ) 0 -> 0
SCRIPT       : SAVE CHECKSUM:-1055511319
SCRIPT       : Chernarus::Weather::Rain::ForceEnd:: ( 8.99578 ) 0 -> 0
SCRIPT       : Chernarus::Weather::Overcast:: ( 9.00171 )  overcast: 0.392471
SCRIPT       : Chernarus::Weather::Overcast::Rain:: ( 9.00171 ) 0
SCRIPT       : SAVE CHECKSUM:-1055511319
SCRIPT       : Chernarus::Weather::Rain::ForceEnd:: ( 9.06248 ) 0 -> 0
SCRIPT       : Chernarus::Weather::Rain::ForceEnd:: ( 9.12917 ) 0 -> 0
SCRIPT       : SAVE CHECKSUM:-1055511319
SCRIPT       : Chernarus::Weather::Rain::ForceEnd:: ( 9.19587 ) 0 -> 0
SCRIPT       : SAVE CHECKSUM:-1055511319
SCRIPT       : Chernarus::Weather::Rain::ForceEnd:: ( 9.26257 ) 0 -> 0
SCRIPT       : SAVE CHECKSUM:-1055511319
SCRIPT       : Chernarus::Weather::Rain::ForceEnd:: ( 9.32927 ) 0 -> 0
SCRIPT       : SAVE CHECKSUM:-1055511319
SCRIPT       : Chernarus::Weather::Rain:: ( 9.39596 ) 0
SCRIPT       : Chernarus::Weather::Rain:: ( 9.41486 ) 0.288134
SCRIPT       : SAVE CHECKSUM:-1055511319
SCRIPT       : Chernarus::Weather::Rain:: ( 9.44431 ) 0.210904
SCRIPT       : Chernarus::Weather::Rain:: ( 9.47488 ) 0.365807
SCRIPT       : Chernarus::Weather::Rain:: ( 9.50655 ) 0.284235
SCRIPT       : SAVE CHECKSUM:-1055511319
SCRIPT       : Chernarus::Weather::Rain:: ( 9.53768 ) 0.434492
SCRIPT       : Chernarus::Weather::Rain:: ( 9.5549 ) 0.370989
SCRIPT       : SAVE CHECKSUM:-1055511319
SCRIPT       : Chernarus::Weather::Rain:: ( 9.59547 ) 0.110373
SCRIPT       : Chernarus::Weather::Rain:: ( 9.6266 ) 0.252696
SCRIPT       : SAVE CHECKSUM:-1055511319
SCRIPT       : Chernarus::Weather::Rain:: ( 9.66883 ) 0.332009
SCRIPT       : Chernarus::Weather::Overcast:: ( 9.69763 )  overcast: 0.610108
SCRIPT       : Chernarus::Weather::Overcast::Rain:: ( 9.69763 ) 0
SCRIPT       : SAVE CHECKSUM:-1055511319
SCRIPT       : [Logout]: New player mBNlxASsPlOcry0dpDl8K-WgHNR5WMCMmoJ9NhpU4FY= with logout time 15
SCRIPT       : [EditorLoader] OnClientDisconnect
SCRIPT       : [Logout]: Player mBNlxASsPlOcry0dpDl8K-WgHNR5WMCMmoJ9NhpU4FY= finished
SCRIPT       : SAVE CHECKSUM:-1055511319
SCRIPT       : Chernarus::Weather::Rain::ForceEnd:: ( 9.76205 ) 0 -> 0
SCRIPT       : ~PluginMCKLogs Closed
SCRIPT       : ~DayZGame()
