---------------------------------------------
Log C:\Program Files (x86)\Steam\steamapps\common\DayZServer\myprofile\script_2021-05-14_18-00-46.log started at 14.05. 18:00:46

SCRIPT       : Registered 240 temporary action enum(s), UAN==240
SCRIPT    (W): @"ToxicZone/scripts/3_Game/toxicconfig\config\staticzone\statictoxicareasettings.c,108": Missing ';' at the end of line
SCRIPT       : CF_CreateGame()
SCRIPT       : ... Backlit Effects Enabled
SCRIPT       : DZM_Projects Map! by DaOne
SCRIPT    (W): @"MuchStuffPack/MSP_Scripts/4_World/codelock\actions\actionraidcodelockonmsp.c,44": Missing ';' at the end of line
SCRIPT    (W): @"BuildAnywhere_v3/scripts/4_World/Entities/GardenBase/ісћѐьр*џ.rvmat,52": Missing ';' at the end of line
SCRIPT    (W): @"deerisle/Deerisle_Security_System/scripts/4_World/deerisle-security-system\config\securityconfig.c,49": Missing ';' at the end of line
SCRIPT    (W): @"BPGaz/scripts/ќѕ?юіаѕэёю.wsi,6": Missing ';' at the end of line
SCRIPT    (W): @"CannabisPlus/scripts/4_world/cannabisplus.c,391": Missing ';' at the end of line
SCRIPT    (W): @"ModularVestSystem/scripts/4_World/mvs_taco.c,19": Missing ';' at the end of line
SCRIPT    (W): @"BaseBuildingPlus/scripts/4_World/items\xmas_lights\bbp_xmaslights_9v.c,54": Missing ';' at the end of line
SCRIPT    (W): @"MuchStuffPack/MSP_Scripts/4_World/codelock\actions\actioninteractlockonmsp.c,71": Unsafe down-casting, use 'EntityAI.Cast' for safe down-casting
SCRIPT    (W): @"MuchStuffPack/MSP_Scripts/4_World/codelock\actions\actioninteractlockonmsp.c,85": Unsafe down-casting, use 'ItemBase.Cast' for safe down-casting
SCRIPT    (W): @"MuchStuffPack/MSP_Scripts/4_World/codelock\actions\actioninteractlockonmsp.c,90": Unsafe down-casting, use 'ItemBase.Cast' for safe down-casting
SCRIPT    (W): @"TraderPlus/scripts/4_World/classes\tradersystemhandler\helpers\traderplushelpers.c,65": Unsafe down-casting, use 'Magazine.Cast' for safe down-casting
SCRIPT    (W): @"TraderPlus/scripts/4_World/classes\tradersystemhandler\helpers\traderplushelpers.c,66": Unsafe down-casting, use 'Magazine.Cast' for safe down-casting
SCRIPT    (W): @"TraderPlus/scripts/4_World/classes\tradersystemhandler\helpers\traderplushelpers.c,71": Unsafe down-casting, use 'Magazine.Cast' for safe down-casting
SCRIPT    (W): @"TraderPlus/scripts/4_World/classes\tradersystemhandler\helpers\traderplushelpers.c,72": Unsafe down-casting, use 'Magazine.Cast' for safe down-casting
SCRIPT       : ::: [BuildAnywhere_v3_World<cf555490>]: ver: 3.4.06.05.2021 init
SCRIPT    (W): @"LBmaster_UndergroundLighting/scripts/5_Mission/UndergroundLighting/mission/эѓљ*лњФы.rvmat,295": Unsafe down-casting, use 'PlayerBase.Cast' for safe down-casting
SCRIPT    (W): @"ZomBerry/AT/scripts/5_Mission/zomberrystockfnc.c,218": No need to use 'Cast' for up-casting
SCRIPT    (W): @"ZomBerry/AT/scripts/5_Mission/zomberrystockfnc.c,225": No need to use 'Cast' for up-casting
SCRIPT    (W): @"ZomBerry/AT/scripts/5_Mission/zomberrystockfnc.c,234": No need to use 'Cast' for up-casting
SCRIPT    (W): @"$CurrentDir:mpmissions\Expansion.deerisle\init.c,104": Unsafe down-casting, use 'ItemBase.Cast' for safe down-casting
SCRIPT    (W): @"$CurrentDir:mpmissions\Expansion.deerisle\init.c,106": Unsafe down-casting, use 'ItemBase.Cast' for safe down-casting
SCRIPT    (W): @"$CurrentDir:mpmissions\Expansion.deerisle\init.c,124": Unsafe down-casting, use 'ItemBase.Cast' for safe down-casting
SCRIPT    (W): @"$CurrentDir:mpmissions\Expansion.deerisle\init.c,126": Unsafe down-casting, use 'ItemBase.Cast' for safe down-casting
SCRIPT    (W): @"$CurrentDir:mpmissions\Expansion.deerisle\init.c,161": Unsafe down-casting, use 'ItemBase.Cast' for safe down-casting
SCRIPT    (W): @"$CurrentDir:mpmissions\Expansion.deerisle\init.c,164": Unsafe down-casting, use 'ItemBase.Cast' for safe down-casting
SCRIPT    (W): @"$CurrentDir:mpmissions\Expansion.deerisle\init.c,207": Unsafe down-casting, use 'ItemBase.Cast' for safe down-casting
SCRIPT    (W): @"$CurrentDir:mpmissions\Expansion.deerisle\init.c,211": Unsafe down-casting, use 'ItemBase.Cast' for safe down-casting
SCRIPT    (W): @"$CurrentDir:mpmissions\Expansion.deerisle\init.c,256": Unsafe down-casting, use 'ItemBase.Cast' for safe down-casting
SCRIPT    (W): @"$CurrentDir:mpmissions\Expansion.deerisle\init.c,291": Unsafe down-casting, use 'ItemBase.Cast' for safe down-casting
SCRIPT    (W): @"$CurrentDir:mpmissions\Expansion.deerisle\init.c,293": Unsafe down-casting, use 'ItemBase.Cast' for safe down-casting
SCRIPT    (W): @"$CurrentDir:mpmissions\Expansion.deerisle\init.c,296": Unsafe down-casting, use 'ItemBase.Cast' for safe down-casting
SCRIPT    (W): @"$CurrentDir:mpmissions\Expansion.deerisle\init.c,328": Unsafe down-casting, use 'ItemBase.Cast' for safe down-casting
SCRIPT    (W): @"$CurrentDir:mpmissions\Expansion.deerisle\init.c,333": Unsafe down-casting, use 'ItemBase.Cast' for safe down-casting
SCRIPT    (W): @"$CurrentDir:mpmissions\Expansion.deerisle\init.c,369": Unsafe down-casting, use 'ItemBase.Cast' for safe down-casting
SCRIPT    (W): @"$CurrentDir:mpmissions\Expansion.deerisle\init.c,371": Unsafe down-casting, use 'ItemBase.Cast' for safe down-casting
SCRIPT    (W): @"$CurrentDir:mpmissions\Expansion.deerisle\init.c,374": Unsafe down-casting, use 'ItemBase.Cast' for safe down-casting
SCRIPT    (W): @"$CurrentDir:mpmissions\Expansion.deerisle\init.c,377": Unsafe down-casting, use 'ItemBase.Cast' for safe down-casting
SCRIPT    (W): @"$CurrentDir:mpmissions\Expansion.deerisle\init.c,411": Unsafe down-casting, use 'ItemBase.Cast' for safe down-casting
SCRIPT    (W): @"$CurrentDir:mpmissions\Expansion.deerisle\init.c,414": Unsafe down-casting, use 'ItemBase.Cast' for safe down-casting
SCRIPT    (W): @"$CurrentDir:mpmissions\Expansion.deerisle\init.c,417": Unsafe down-casting, use 'ItemBase.Cast' for safe down-casting
SCRIPT    (W): @"$CurrentDir:mpmissions\Expansion.deerisle\init.c,453": Unsafe down-casting, use 'ItemBase.Cast' for safe down-casting
SCRIPT    (W): @"$CurrentDir:mpmissions\Expansion.deerisle\init.c,457": Unsafe down-casting, use 'ItemBase.Cast' for safe down-casting
SCRIPT       : Init: PluginMCKLogs
SCRIPT       : Creating ModuleManager
SCRIPT       : CF_CreateWorld()
SCRIPT       : Inserted Module (HOST): EditorLoaderModule
SCRIPT       : Modules Loaded
SCRIPT       : 0 -> EditorLoaderModule
SCRIPT       : 14.05.2021 18:00:57 [ZomBerry]: Starting Server side v0.6.2
SCRIPT       : [AirdropSafezones] Settings classes created.
SCRIPT       : [AirdropSafezones.Load] Safezones file loaded & resaved.
SCRIPT       : [AirdropSettings] Settings classes created.
SCRIPT       : [AirdropSettings.Load] Settings file loaded & resaved.
SCRIPT       : GetDeerIsleBase()...
SCRIPT       : [BBP] 'BBP_Settings' found, loading...
SCRIPT       : [MCK_CarLockPickConfig] '$profile:MCK_CarLockPickConfig/CarLockPickConfig.json' found, loading existing config!
SCRIPT       : [MSP_Codelock_Config] '$profile:\CodeLock\MSP_CodeLockConfig.json' found, loading existing config!
SCRIPT       : 14.05.2021 18:01:07 [ZomBerryConfig]: INFO: Profile dir is: myprofile
SCRIPT       : 14.05.2021 18:01:07 [ZomBerryConfig]: INFO: Config files will be loaded from: myprofile
SCRIPT       : 14.05.2021 18:01:07 [ZomBerryLogger]: INFO: Will try to create ZomBerry log file in profile directory: myprofile\ZomBerry\
SCRIPT       : 14.05.2021 18:01:07 [ZomBerryLogger]: INFO: Switching to logfile: $profile:ZomBerry\ZomBerry_14-05-2021_18-01-07.log
SCRIPT       : [MoreDoorConfig] Server Cfg loading...
SCRIPT       : [MoreDoorConfig] '$profile:MoreDoors/MoorDoors_Settings.json' found, loading existing config!
SCRIPT       : [Notifications] OnInit
SCRIPT       : [Notifications] Loading Config
SCRIPT       : [CP] Config Sucessfully loaded!
SCRIPT       : [EditorLoader] OnMissionStart
SCRIPT       : [EditorLoader] File found: Bunkers2dot0.dze
SCRIPT       : [EditorLoader] Loaded $profile:/EditorFiles/Bunkers2dot0.dze
SCRIPT       : [EditorLoader] 58 created objects found
SCRIPT       : [EditorLoader] 1 deleted objects found
SCRIPT       : [EditorLoader] Deleting 1 buildings
SCRIPT       : [EditorLoader] Creating 58 buildings
SCRIPT       : [wpnfsm] Warning! OnStoreLoad - cannot load curent weapon state, id=0
SCRIPT       : [wpnfsm] Warning! OnStoreLoad - cannot load curent weapon state, id=0
SCRIPT       : [wpnfsm] Warning! OnStoreLoad - cannot load curent weapon state, id=0
SCRIPT       : [wpnfsm] Warning! OnStoreLoad - cannot load curent weapon state, id=0
SCRIPT       : [wpnfsm] Warning! OnStoreLoad - cannot load curent weapon state, id=0
SCRIPT       : [wpnfsm] Warning! OnStoreLoad - cannot load curent weapon state, id=0
SCRIPT       : [wpnfsm] Warning! OnStoreLoad - cannot load curent weapon state, id=0
SCRIPT       : [wpnfsm] Warning! OnStoreLoad - cannot load curent weapon state, id=0
SCRIPT       : [wpnfsm] Warning! OnStoreLoad - cannot load curent weapon state, id=0
SCRIPT       : [wpnfsm] Warning! OnStoreLoad - cannot load curent weapon state, id=0
SCRIPT       : [wpnfsm] Warning! OnStoreLoad - cannot load curent weapon state, id=0
SCRIPT       : [wpnfsm] Warning! OnStoreLoad - cannot load curent weapon state, id=0
SCRIPT       : [wpnfsm] Warning! OnStoreLoad - cannot load curent weapon state, id=0
SCRIPT       : [wpnfsm] Warning! OnStoreLoad - cannot load curent weapon state, id=0
SCRIPT       : [wpnfsm] Warning! OnStoreLoad - cannot load curent weapon state, id=0
SCRIPT       : file exist ! loading...
SCRIPT       : file exist ! loading...
SCRIPT       : file exist ! loading...
SCRIPT       : file exist ! loading...
SCRIPT       : file exist ! loading...
SCRIPT       : Chernarus::Weather::Rain::ForceEnd:: ( 10.9678 ) 0 -> 0
SCRIPT       : [MoreDoors] MissionServer --> Sending instance of cfg to client: Mr Wolf
SCRIPT       : [CP] -> Sucessfully sent: Mr Wolf CP Plus Config!
SCRIPT       : AnimSoundObjectBuilderBank: Invalid sound set "generalgrunt_SoundVoice_Char_SoundSet".
SCRIPT       : AnimSoundObjectBuilderBank: Invalid sound set "greathelmet_generalgrunt_SoundVoice_Char_SoundSet".
SCRIPT       : AnimSoundObjectBuilderBank: Invalid sound set "Gasmask_generalgrunt_SoundVoice_Char_SoundSet".
SCRIPT       : AnimSoundObjectBuilderBank: Invalid sound set "Motohelmet_generalgrunt_SoundVoice_Char_SoundSet".
SCRIPT       : AnimSoundObjectBuilderBank: Invalid sound set "Gag_generalgrunt_SoundVoice_Char_SoundSet".
SCRIPT       : ********* LoadStats loading version: 115
SCRIPT       : LOAD checksum:1213035715
SCRIPT       : ---- PlayerBase OnStoreLoad SUCCESS ----
SCRIPT       : [EditorLoader] OnInvokeConnect
SCRIPT       : Chernarus::Weather::Rain::ForceEnd:: ( 11.0344 ) 0 -> 0
SCRIPT       : SAVE CHECKSUM:1213035715
SCRIPT       : OnVehicleSeatDriverEnter
SCRIPT       : [MoreDoors] MissionServer --> Sending instance of cfg to client: Mrs Wolf
SCRIPT       : [CP] -> Sucessfully sent: Mrs Wolf CP Plus Config!
SCRIPT       : ********* LoadStats loading version: 115
SCRIPT       : LOAD checksum:1213035715
SCRIPT       : ---- PlayerBase OnStoreLoad SUCCESS ----
SCRIPT       : [EditorLoader] OnInvokeConnect
SCRIPT       : Chernarus::Weather::Rain::ForceEnd:: ( 11.1011 ) 0 -> 0
SCRIPT       : SAVE CHECKSUM:1213035715
SCRIPT       : SAVE CHECKSUM:1213035715
SCRIPT       : OnVehicleSeatDriverLeft
SCRIPT       : Chernarus::Weather::Rain::ForceEnd:: ( 11.1678 ) 0 -> 0
SCRIPT       : OnVehicleSeatDriverEnter
SCRIPT       : Chernarus::Weather::Overcast:: ( 11.1707 )  overcast: 0.420594
SCRIPT       : Chernarus::Weather::Overcast::Rain:: ( 11.1707 ) 0
SCRIPT       : OnVehicleSeatDriverLeft
SCRIPT       : SAVE CHECKSUM:1213035715
SCRIPT       : [wpnfsm] Save occured in fsm transition! current state=WeaponUnjamming<a7846fe0> closes stable state=SKS_JAM_BU1<a0124430> id=4
SCRIPT       : SAVE CHECKSUM:1213035715
SCRIPT       : OnVehicleSeatDriverEnter
SCRIPT       : Chernarus::Weather::Rain::ForceEnd:: ( 11.2345 ) 0 -> 0
SCRIPT       : SAVE CHECKSUM:1213035715
SCRIPT       : SAVE CHECKSUM:1213035715
SCRIPT       : OnVehicleSeatDriverLeft
SCRIPT       : Chernarus::Weather::Rain::ForceEnd:: ( 11.3012 ) 0 -> 0
SCRIPT       : SAVE CHECKSUM:1213035715
SCRIPT       : SAVE CHECKSUM:1213035715
SCRIPT       : Chernarus::Weather::Rain::ForceEnd:: ( 11.3679 ) 0 -> 0
SCRIPT       : SAVE CHECKSUM:1213035715
SCRIPT       : SAVE CHECKSUM:1213035715
SCRIPT       : OnVehicleSeatDriverEnter
SCRIPT       : Chernarus::Weather::Rain::ForceEnd:: ( 11.4346 ) 0 -> 0
SCRIPT       : SAVE CHECKSUM:1213035715
SCRIPT       : SAVE CHECKSUM:1213035715
SCRIPT       : Chernarus::Weather::Rain::ForceEnd:: ( 11.5013 ) 0 -> 0
SCRIPT       : SAVE CHECKSUM:1213035715
SCRIPT       : SAVE CHECKSUM:1213035715
SCRIPT       : OnVehicleSeatDriverLeft
SCRIPT       : Chernarus::Weather::Rain::ForceEnd:: ( 11.568 ) 0 -> 0
SCRIPT       : Chernarus::Weather::Rain::ForceEnd:: ( 11.6347 ) 0 -> 0
SCRIPT       : SAVE CHECKSUM:1213035715
SCRIPT       : SAVE CHECKSUM:1213035715
SCRIPT       : OnVehicleSeatDriverEnter
SCRIPT       : Chernarus::Weather::Rain::ForceEnd:: ( 11.7014 ) 0 -> 0
SCRIPT       : SAVE CHECKSUM:1213035715
SCRIPT       : SAVE CHECKSUM:1213035715
SCRIPT       : OnVehicleSeatDriverLeft
SCRIPT       : Chernarus::Weather::Rain::ForceEnd:: ( 11.7681 ) 0 -> 0
SCRIPT       : SAVE CHECKSUM:1213035715
SCRIPT       : SAVE CHECKSUM:1213035715
SCRIPT       : Chernarus::Weather::Rain::ForceEnd:: ( 11.8348 ) 0 -> 0
SCRIPT       : Chernarus::Weather::Fog:: ( 11.8536 ) 0.0286554
SCRIPT       : SAVE CHECKSUM:1213035715
SCRIPT       : SAVE CHECKSUM:1213035715
SCRIPT       : Chernarus::Weather::Rain::ForceEnd:: ( 11.9015 ) 0 -> 0
SCRIPT       : SAVE CHECKSUM:1213035715
SCRIPT       : SAVE CHECKSUM:1213035715
SCRIPT       : OnVehicleSeatDriverEnter
SCRIPT       : Chernarus::Weather::Overcast:: ( 11.9519 )  overcast: 0.189373
SCRIPT       : Chernarus::Weather::Overcast::Rain:: ( 11.9519 ) 0
SCRIPT       : Chernarus::Weather::Rain::ForceEnd:: ( 11.9682 ) 0 -> 0
SCRIPT       : SAVE CHECKSUM:1213035715
SCRIPT       : SAVE CHECKSUM:1213035715
SCRIPT       : Chernarus::Weather::Rain::ForceEnd:: ( 12.0349 ) 0 -> 0
SCRIPT       : SAVE CHECKSUM:1213035715
SCRIPT       : SAVE CHECKSUM:1213035715
SCRIPT       : Chernarus::Weather::Rain::ForceEnd:: ( 12.1016 ) 0 -> 0
SCRIPT       : SAVE CHECKSUM:1213035715
SCRIPT       : SAVE CHECKSUM:1213035715
SCRIPT       : Chernarus::Weather::Rain::ForceEnd:: ( 12.1683 ) 0 -> 0
SCRIPT       : SAVE CHECKSUM:1213035715
SCRIPT       : SAVE CHECKSUM:1213035715
SCRIPT       : Chernarus::Weather::Rain::ForceEnd:: ( 12.235 ) 0 -> 0
SCRIPT       : Chernarus::Weather::Rain::ForceEnd:: ( 12.3017 ) 0 -> 0
SCRIPT       : SAVE CHECKSUM:1213035715
SCRIPT       : SAVE CHECKSUM:1213035715
SCRIPT       : Chernarus::Weather::Fog:: ( 12.3573 ) 0.0386706
SCRIPT       : Chernarus::Weather::Rain::ForceEnd:: ( 12.3684 ) 0 -> 0
SCRIPT       : SAVE CHECKSUM:1213035715
SCRIPT       : SAVE CHECKSUM:1213035715
SCRIPT       : Chernarus::Weather::Rain::ForceEnd:: ( 12.4351 ) 0 -> 0
SCRIPT       : SAVE CHECKSUM:1213035715
SCRIPT       : SAVE CHECKSUM:1213035715
SCRIPT       : OnVehicleSeatDriverLeft
SCRIPT       : Chernarus::Weather::Rain::ForceEnd:: ( 12.5018 ) 0 -> 0
SCRIPT       : SAVE CHECKSUM:1213035715
SCRIPT       : SAVE CHECKSUM:1213035715
SCRIPT       : [inv] ReplaceItemWithNewLambdaBase Step B) remove OK, loc={ type=HANDS item=BloodBagEmpty:022009 parent=SurvivorF_Linda:02 }
SCRIPT       : Chernarus::Weather::Rain::ForceEnd:: ( 12.5685 ) 0 -> 0
SCRIPT       : SAVE CHECKSUM:1213035715
SCRIPT       : SAVE CHECKSUM:1213035715
SCRIPT       : Chernarus::Weather::Rain::ForceEnd:: ( 12.6352 ) 0 -> 0
SCRIPT       : OnVehicleSeatDriverEnter
SCRIPT       : SAVE CHECKSUM:1213035715
SCRIPT       : SAVE CHECKSUM:1213035715
SCRIPT       : Chernarus::Weather::Overcast:: ( 12.6968 )  overcast: 0.0672933
SCRIPT       : Chernarus::Weather::Overcast::Rain:: ( 12.6968 ) 0
SCRIPT       : Chernarus::Weather::Rain::ForceEnd:: ( 12.7019 ) 0 -> 0
SCRIPT       : SAVE CHECKSUM:1213035715
SCRIPT       : SAVE CHECKSUM:1213035715
SCRIPT       : Chernarus::Weather::Rain::ForceEnd:: ( 12.7686 ) 0 -> 0
SCRIPT       : SAVE CHECKSUM:1213035715
SCRIPT       : SAVE CHECKSUM:1213035715
SCRIPT       : Chernarus::Weather::Rain::ForceEnd:: ( 12.8353 ) 0 -> 0
SCRIPT       : OnVehicleSeatDriverLeft
SCRIPT       : Chernarus::Weather::Fog:: ( 12.861 ) 0.0152593
SCRIPT       : Chernarus::Weather::Rain::ForceEnd:: ( 12.902 ) 0 -> 0
SCRIPT       : SAVE CHECKSUM:1213035715
SCRIPT       : SAVE CHECKSUM:1213035715
SCRIPT       : Chernarus::Weather::Rain::ForceEnd:: ( 12.9687 ) 0 -> 0
SCRIPT       : SAVE CHECKSUM:1213035715
SCRIPT       : SAVE CHECKSUM:1213035715
SCRIPT       : Chernarus::Weather::Rain::ForceEnd:: ( 13.0354 ) 0 -> 0
SCRIPT       : SAVE CHECKSUM:1213035715
SCRIPT       : SAVE CHECKSUM:1213035715
SCRIPT       : Chernarus::Weather::Rain::ForceEnd:: ( 13.1021 ) 0 -> 0
SCRIPT       : OnVehicleSeatDriverEnter
SCRIPT       : SAVE CHECKSUM:1213035715
SCRIPT       : SAVE id:1
SCRIPT       : SAVE id_bit_offset:4
SCRIPT       : SAVE write_result:3211280
SCRIPT       : SAVE CHECKSUM:1213035715
SCRIPT       : Chernarus::Weather::Rain::ForceEnd:: ( 13.1688 ) 0 -> 0
SCRIPT       : OnVehicleSeatDriverLeft
SCRIPT       : OnVehicleSeatDriverEnter
SCRIPT       : SAVE CHECKSUM:1213035715
SCRIPT       : SAVE CHECKSUM:1213035715
SCRIPT       : OnVehicleSeatDriverLeft
SCRIPT       : Chernarus::Weather::Rain::ForceEnd:: ( 13.2354 ) 0 -> 0
SCRIPT       : OnVehicleSeatDriverEnter
SCRIPT       : OnVehicleSeatDriverLeft
SCRIPT       : SAVE CHECKSUM:1213035715
SCRIPT       : SAVE CHECKSUM:1213035715
SCRIPT       : OnVehicleSeatDriverEnter
SCRIPT       : Chernarus::Weather::Rain::ForceEnd:: ( 13.3021 ) 0 -> 0
SCRIPT       : OnVehicleSeatDriverLeft
SCRIPT       : OnVehicleSeatDriverEnter
SCRIPT       : SAVE CHECKSUM:1213035715
SCRIPT       : SAVE CHECKSUM:1213035715
SCRIPT       : Chernarus::Weather::Fog:: ( 13.3646 ) 0.0697874
SCRIPT       : Chernarus::Weather::Rain::ForceEnd:: ( 13.3688 ) 0 -> 0
SCRIPT       : SAVE CHECKSUM:1213035715
SCRIPT       : SAVE CHECKSUM:1213035715
SCRIPT       : OnVehicleSeatDriverLeft
SCRIPT       : Chernarus::Weather::Rain::ForceEnd:: ( 13.4355 ) 0 -> 0
SCRIPT       : OnVehicleSeatDriverEnter
SCRIPT       : Chernarus::Weather::Rain::ForceEnd:: ( 13.5022 ) 0 -> 0
SCRIPT       : SAVE CHECKSUM:1213035715
SCRIPT       : SAVE CHECKSUM:1213035715
SCRIPT       : Chernarus::Weather::Overcast:: ( 13.5207 )  overcast: 0.326405
SCRIPT       : Chernarus::Weather::Overcast::Rain:: ( 13.5207 ) 0
SCRIPT       : OnVehicleSeatDriverLeft
SCRIPT       : Chernarus::Weather::Rain::ForceEnd:: ( 13.5689 ) 0 -> 0
SCRIPT       : OnVehicleSeatDriverEnter
SCRIPT       : SAVE CHECKSUM:1213035715
SCRIPT       : SAVE CHECKSUM:1213035715
SCRIPT       : OnVehicleSeatDriverLeft
SCRIPT       : OnVehicleSeatDriverEnter
SCRIPT       : OnVehicleSeatDriverLeft
SCRIPT       : OnVehicleSeatDriverEnter
SCRIPT       : Chernarus::Weather::Rain::ForceEnd:: ( 13.6356 ) 0 -> 0
SCRIPT       : SAVE CHECKSUM:1213035715
SCRIPT       : SAVE CHECKSUM:1213035715
SCRIPT       : OnVehicleSeatDriverLeft
SCRIPT       : OnVehicleSeatDriverEnter
SCRIPT       : OnVehicleSeatDriverLeft
SCRIPT       : Chernarus::Weather::Rain::ForceEnd:: ( 13.7023 ) 0 -> 0
SCRIPT       : OnVehicleSeatDriverEnter
SCRIPT       : SAVE CHECKSUM:1213035715
SCRIPT       : SAVE CHECKSUM:1213035715
SCRIPT       : OnVehicleSeatDriverLeft
SCRIPT       : OnVehicleSeatDriverEnter
SCRIPT       : Chernarus::Weather::Rain:: ( 13.769 ) 0
SCRIPT       : Chernarus::Weather::Rain:: ( 13.7868 ) 0.153395
SCRIPT       : SAVE CHECKSUM:1213035715
SCRIPT       : SAVE CHECKSUM:1213035715
SCRIPT       : Chernarus::Weather::Rain:: ( 13.8307 ) 0.102048
SCRIPT       : Chernarus::Weather::Rain:: ( 13.8613 ) 0.168456
SCRIPT       : SAVE CHECKSUM:1213035715
SCRIPT       : SAVE CHECKSUM:1213035715
SCRIPT       : SAVE CHECKSUM:1213035715
SCRIPT       : SAVE CHECKSUM:1213035715
SCRIPT       : Chernarus::Weather::Rain:: ( 13.9705 ) 0
SCRIPT       : Chernarus::Weather::Rain:: ( 14.0138 ) 0.585986
SCRIPT       : SAVE CHECKSUM:1213035715
SCRIPT       : SAVE CHECKSUM:1213035715
SCRIPT       : SAVE CHECKSUM:1213035715
SCRIPT       : SAVE CHECKSUM:1213035715
SCRIPT       : Chernarus::Weather::Rain:: ( 14.1082 ) 0
SCRIPT       : OnVehicleSeatDriverLeft
SCRIPT       : Chernarus::Weather::Rain:: ( 14.1293 ) 0.530211
SCRIPT       : SAVE CHECKSUM:1213035715
SCRIPT       : SAVE CHECKSUM:1213035715
SCRIPT       : Chernarus::Weather::Rain:: ( 14.1776 ) 0.525017
SCRIPT       : Chernarus::Weather::Rain:: ( 14.2188 ) 0.599438
SCRIPT       : Chernarus::Weather::Rain:: ( 14.2421 ) 0.354034
SCRIPT       : Chernarus::Weather::Overcast:: ( 14.2451 )  overcast: 0.884506
SCRIPT       : Chernarus::Weather::Overcast::Rain:: ( 14.2451 ) 0.347998
SCRIPT       : SAVE CHECKSUM:1213035715
SCRIPT       : SAVE CHECKSUM:1213035715
SCRIPT       : Chernarus::Weather::Rain:: ( 14.2816 ) 0.273591
SCRIPT       : OnVehicleSeatDriverEnter
SCRIPT       : Chernarus::Weather::Rain:: ( 14.3138 ) 0.258026
SCRIPT       : SAVE CHECKSUM:1213035715
SCRIPT       : SAVE CHECKSUM:1213035715
SCRIPT       : Chernarus::Weather::Fog:: ( 14.3802 ) 0.083412
SCRIPT       : Chernarus::Weather::Rain::ForceStorm:: ( 14.3993 ) 0 -> 0.929765
SCRIPT       : SAVE CHECKSUM:1213035715
SCRIPT       : SAVE CHECKSUM:1213035715
SCRIPT       : OnVehicleSeatDriverLeft
SCRIPT       : OnVehicleSeatDriverEnter
SCRIPT       : Chernarus::Weather::Rain::ForceStorm:: ( 14.446 ) 0.929765 -> 0.928202
SCRIPT       : Chernarus::Weather::Rain::ForceStorm:: ( 14.4704 ) 0.928202 -> 0.819929
SCRIPT       : SAVE CHECKSUM:1213035715
SCRIPT       : SAVE CHECKSUM:1213035715
SCRIPT       : OnVehicleSeatDriverLeft
SCRIPT       : Chernarus::Weather::Rain::ForceStorm:: ( 14.5138 ) 0.821213 -> 0.967272
SCRIPT       : OnVehicleSeatDriverEnter
SCRIPT       : OnVehicleSeatDriverLeft
SCRIPT       : OnVehicleSeatDriverEnter
SCRIPT       : SAVE CHECKSUM:1213035715
SCRIPT       : SAVE CHECKSUM:1213035715
SCRIPT       : Chernarus::Weather::Rain::ForceStorm:: ( 14.5554 ) 0.967272 -> 0.964879
SCRIPT       : OnVehicleSeatDriverLeft
SCRIPT       : OnVehicleSeatDriverEnter
SCRIPT       : OnVehicleSeatDriverLeft
SCRIPT       : Chernarus::Weather::Rain::ForceStorm:: ( 14.591 ) 0.964879 -> 0.986389
SCRIPT       : Chernarus::Weather::Rain::ForceStorm:: ( 14.6094 ) 0.986389 -> 0.944249
SCRIPT       : OnVehicleSeatDriverEnter
SCRIPT       : SAVE CHECKSUM:1213035715
SCRIPT       : SAVE CHECKSUM:1213035715
SCRIPT       : OnVehicleSeatDriverLeft
SCRIPT       : Chernarus::Weather::Rain::ForceStorm:: ( 14.6527 ) 0.944528 -> 0.833424
SCRIPT       : OnVehicleSeatDriverEnter
SCRIPT       : Chernarus::Weather::Rain::ForceStorm:: ( 14.6888 ) 0.833424 -> 0.883663
SCRIPT       : SAVE CHECKSUM:1213035715
SCRIPT       : SAVE CHECKSUM:1213035715
SCRIPT       : Chernarus::Weather::Rain::ForceStorm:: ( 14.7227 ) 0.883663 -> 0.800745
SCRIPT       : Chernarus::Weather::Rain::ForceStorm:: ( 14.7633 ) 0.800958 -> 0.97105
SCRIPT       : SAVE CHECKSUM:1213035715
SCRIPT       : SAVE CHECKSUM:1213035715
SCRIPT       : Chernarus::Weather::Rain::ForceStorm:: ( 14.8089 ) 0.97105 -> 0.945866
SCRIPT       : OnVehicleSeatDriverLeft
SCRIPT       : OnVehicleSeatDriverEnter
SCRIPT       : SAVE CHECKSUM:1213035715
SCRIPT       : SAVE CHECKSUM:1213035715
SCRIPT       : Chernarus::Weather::Rain::ForceStorm:: ( 14.8539 ) 0.946893 -> 0.84499
SCRIPT       : Chernarus::Weather::Rain::ForceStorm:: ( 14.9011 ) 0.845522 -> 0.804401
SCRIPT       : Chernarus::Weather::Rain::ForceStorm:: ( 14.9178 ) 0.804401 -> 0.859639
SCRIPT       : OnVehicleSeatDriverLeft
SCRIPT       : SAVE CHECKSUM:1213035715
SCRIPT       : SAVE CHECKSUM:1213035715
SCRIPT       : OnVehicleSeatDriverEnter
SCRIPT       : Chernarus::Weather::Overcast:: ( 14.9364 )  overcast: 0.936522
SCRIPT       : Chernarus::Weather::Overcast::Rain:: ( 14.9364 ) 0.840374
SCRIPT       : Chernarus::Weather::Rain::ForceStorm:: ( 14.9461 ) 0.859141 -> 0.902658
SCRIPT       : Chernarus::Weather::Rain::ForceStorm:: ( 14.965 ) 0.901712 -> 0.878353
SCRIPT       : OnVehicleSeatDriverLeft
SCRIPT       : SAVE CHECKSUM:1213035715
SCRIPT       : SAVE CHECKSUM:1213035715
SCRIPT       : Chernarus::Weather::Rain:: ( 14.9995 ) 0.87952
SCRIPT       : OnVehicleSeatDriverEnter
SCRIPT       : Chernarus::Weather::Rain:: ( 15.0334 ) 0.32421
SCRIPT       : SAVE CHECKSUM:1213035715
SCRIPT       : SAVE CHECKSUM:1213035715
SCRIPT       : OnVehicleSeatDriverLeft
SCRIPT       : Chernarus::Weather::Rain:: ( 15.1371 ) 0
SCRIPT       : OnVehicleSeatDriverEnter
SCRIPT       : SAVE CHECKSUM:1213035715
SCRIPT       : SAVE CHECKSUM:1213035715
SCRIPT       : Chernarus::Weather::Rain:: ( 15.1816 ) 0.537877
SCRIPT       : Chernarus::Weather::Rain:: ( 15.2138 ) 0.261206
SCRIPT       : SAVE CHECKSUM:1213035715
SCRIPT       : SAVE CHECKSUM:1213035715
SCRIPT       : Chernarus::Weather::Rain:: ( 15.2482 ) 0.218692
SCRIPT       : Chernarus::Weather::Rain:: ( 15.2888 ) 0.208894
SCRIPT       : SAVE CHECKSUM:1213035715
SCRIPT       : SAVE CHECKSUM:1213035715
SCRIPT       : Chernarus::Weather::Rain:: ( 15.3344 ) 0.0383557
SCRIPT       : Chernarus::Weather::Rain:: ( 15.3611 ) 0.0301276
SCRIPT       : SAVE CHECKSUM:1213035715
SCRIPT       : SAVE CHECKSUM:1213035715
SCRIPT       : Chernarus::Weather::Fog:: ( 15.3958 ) 0.0287711
SCRIPT       : Chernarus::Weather::Rain:: ( 15.3961 ) 0.246296
SCRIPT       : Chernarus::Weather::Rain:: ( 15.425 ) 0.185153
SCRIPT       : SAVE CHECKSUM:1213035715
SCRIPT       : SAVE CHECKSUM:1213035715
SCRIPT       : OnVehicleSeatDriverLeft
SCRIPT       : OnVehicleSeatDriverEnter
SCRIPT       : OnVehicleSeatDriverLeft
SCRIPT       : OnVehicleSeatDriverEnter
SCRIPT       : Chernarus::Weather::Rain:: ( 15.5154 ) 0
SCRIPT       : SAVE CHECKSUM:1213035715
SCRIPT       : SAVE CHECKSUM:1213035715
SCRIPT       : Chernarus::Weather::Rain:: ( 15.5454 ) 0.496896
SCRIPT       : Chernarus::Weather::Rain:: ( 15.5899 ) 0.452345
SCRIPT       : SAVE CHECKSUM:1213035715
SCRIPT       : SAVE CHECKSUM:1213035715
SCRIPT       : Chernarus::Weather::Rain:: ( 15.6177 ) 0.0803003
SCRIPT       : Chernarus::Weather::Rain:: ( 15.6505 ) 0.0376904
SCRIPT       : SAVE CHECKSUM:1213035715
SCRIPT       : SAVE CHECKSUM:1213035715
SCRIPT       : Chernarus::Weather::Rain:: ( 15.6883 ) 0.114223
SCRIPT       : Chernarus::Weather::Rain:: ( 15.7072 ) 0.29762
SCRIPT       : Chernarus::Weather::Overcast:: ( 15.7182 )  overcast: 0.647926
SCRIPT       : Chernarus::Weather::Overcast::Rain:: ( 15.7182 ) 0.312482
SCRIPT       : SAVE CHECKSUM:1213035715
SCRIPT       : SAVE CHECKSUM:1213035715
SCRIPT       : Chernarus::Weather::Rain::ForceEnd:: ( 15.7488 ) 0.353522 -> 0
SCRIPT       : OnVehicleSeatDriverLeft
SCRIPT       : OnVehicleSeatDriverEnter
SCRIPT       : Chernarus::Weather::Rain::ForceEnd:: ( 15.8155 ) 0 -> 0
SCRIPT       : SAVE CHECKSUM:1213035715
SCRIPT       : SAVE CHECKSUM:1213035715
SCRIPT       : Chernarus::Weather::Rain::ForceEnd:: ( 15.8822 ) 0 -> 0
SCRIPT       : SAVE CHECKSUM:1213035715
SCRIPT       : SAVE CHECKSUM:1213035715
SCRIPT       : OnVehicleSeatDriverLeft
SCRIPT       : OnVehicleSeatDriverEnter
SCRIPT       : Chernarus::Weather::Rain::ForceEnd:: ( 15.9489 ) 0 -> 0
SCRIPT       : OnVehicleSeatDriverLeft
SCRIPT       : SAVE CHECKSUM:1213035715
SCRIPT       : SAVE CHECKSUM:1213035715
SCRIPT       : OnVehicleSeatDriverEnter
SCRIPT       : OnVehicleSeatDriverLeft
SCRIPT       : Chernarus::Weather::Rain::ForceEnd:: ( 16.0156 ) 0 -> 0
SCRIPT       : OnVehicleSeatDriverEnter
SCRIPT       : SAVE CHECKSUM:1213035715
SCRIPT       : SAVE CHECKSUM:1213035715
SCRIPT       : Chernarus::Weather::Rain::ForceEnd:: ( 16.0823 ) 0 -> 0
SCRIPT       : SAVE CHECKSUM:1213035715
SCRIPT       : SAVE CHECKSUM:1213035715
SCRIPT       : Chernarus::Weather::Rain::ForceEnd:: ( 16.149 ) 0 -> 0
SCRIPT       : [Logout]: New player MO9bsrzUlrPmo7l9-koFMw3QXC_LzL6k5LbtTHj-bI0= with logout time 0
SCRIPT       : [Logout]: New player IAKLKM33p7NYLhkk5leT5VYzSRy1qFQhXQui2bdgnIY= with logout time 0
SCRIPT       : [EditorLoader] OnClientDisconnect
SCRIPT       : [Logout]: Player MO9bsrzUlrPmo7l9-koFMw3QXC_LzL6k5LbtTHj-bI0= finished
SCRIPT       : SAVE CHECKSUM:1213035715
SCRIPT       : [EditorLoader] OnClientDisconnect
SCRIPT       : [Logout]: Player IAKLKM33p7NYLhkk5leT5VYzSRy1qFQhXQui2bdgnIY= finished
SCRIPT       : SAVE CHECKSUM:1213035715
SCRIPT       : ~PluginMCKLogs Closed
SCRIPT       : ~DayZGame()
