---------------------------------------------
Log C:\Program Files (x86)\Steam\steamapps\common\DayZServer\myprofile\script_2021-05-27_00-00-14.log started at 27.05. 00:00:14

SCRIPT       : Registered 263 temporary action enum(s), UAN==263
SCRIPT    (W): @"ToxicZone/scripts/3_Game/toxicconfig\config\staticzone\statictoxicareasettings.c,108": Missing ';' at the end of line
SCRIPT       : CF_CreateGame()
SCRIPT       : ... Backlit Effects Enabled
SCRIPT       : DZM_Projects Map! by DaOne
SCRIPT    (W): @"MuchStuffPack/MSP_Scripts/4_World/codelock\actions\actionraidcodelockonmsp.c,44": Missing ';' at the end of line
SCRIPT    (W): @"MunghardsItems/scripts/4_world/entities\itembase\sleepingbag.c,160": Missing ';' at the end of line
SCRIPT    (W): @"MunghardsItems/scripts/4_world/entities\itembase\itembase.c,13": Missing ';' at the end of line
SCRIPT    (W): @"MunghardsItems/scripts/4_world/entities\itembase\itembase.c,22": Missing ';' at the end of line
SCRIPT    (W): @"BuildAnywhere_v3/scripts/4_World/Entities/GardenBase/ісћѐьр*џ.rvmat,52": Missing ';' at the end of line
SCRIPT    (W): @"deerisle/Deerisle_Security_System/scripts/4_World/deerisle-security-system\config\securityconfig.c,49": Missing ';' at the end of line
SCRIPT    (W): @"BPGaz/scripts/ќѕ?юіаѕэёю.wsi,6": Missing ';' at the end of line
SCRIPT    (W): @"CannabisPlus/scripts/4_world/cannabisplus.c,391": Missing ';' at the end of line
SCRIPT    (W): @"ModularVestSystem/scripts/4_World/mvs_taco.c,19": Missing ';' at the end of line
SCRIPT    (W): @"BaseBuildingPlus/scripts/4_World/items\xmas_lights\bbp_xmaslights_9v.c,54": Missing ';' at the end of line
SCRIPT    (W): @"MuchStuffPack/MSP_Scripts/4_World/codelock\actions\actioninteractlockonmsp.c,71": Unsafe down-casting, use 'EntityAI.Cast' for safe down-casting
SCRIPT    (W): @"MuchStuffPack/MSP_Scripts/4_World/codelock\actions\actioninteractlockonmsp.c,85": Unsafe down-casting, use 'ItemBase.Cast' for safe down-casting
SCRIPT    (W): @"MuchStuffPack/MSP_Scripts/4_World/codelock\actions\actioninteractlockonmsp.c,90": Unsafe down-casting, use 'ItemBase.Cast' for safe down-casting
SCRIPT    (W): @"MunghardsItems/scripts/4_world/entities\itembase\ballgrill.c,349": Unsafe down-casting, use 'Edible_Base.Cast' for safe down-casting
SCRIPT    (W): @"MunghardsItems/scripts/4_world/entities\itembase\ballgrill.c,361": Unsafe down-casting, use 'Edible_Base.Cast' for safe down-casting
SCRIPT    (W): @"MunghardsItems/scripts/4_world/classes\useractionscomponent\actions\continuous\actionbuildmungcabin.c,34": Unsafe down-casting, use 'PlayerBase.Cast' for safe down-casting
SCRIPT    (W): @"MunghardsItems/scripts/4_world/entities\itembase\kv5.c,49": Unsafe down-casting, use 'PlayerBase.Cast' for safe down-casting
SCRIPT    (W): @"TraderPlus/scripts/4_World/classes\tradersystemhandler\helpers\traderplushelpers.c,65": Unsafe down-casting, use 'Magazine.Cast' for safe down-casting
SCRIPT    (W): @"TraderPlus/scripts/4_World/classes\tradersystemhandler\helpers\traderplushelpers.c,66": Unsafe down-casting, use 'Magazine.Cast' for safe down-casting
SCRIPT    (W): @"TraderPlus/scripts/4_World/classes\tradersystemhandler\helpers\traderplushelpers.c,71": Unsafe down-casting, use 'Magazine.Cast' for safe down-casting
SCRIPT    (W): @"TraderPlus/scripts/4_World/classes\tradersystemhandler\helpers\traderplushelpers.c,72": Unsafe down-casting, use 'Magazine.Cast' for safe down-casting
SCRIPT    (W): @"WRDG/Notes/Scripts/4_World/classes\writtennotedata.c,93": Unsafe down-casting, use 'PlayerBase.Cast' for safe down-casting
SCRIPT    (W): @"GameLabs/Scripts/4_World/4_Hooking/дШЮзЧ?кШыэ.ogg,68": No need to use 'Cast' for up-casting
SCRIPT       : ::: [BuildAnywhere_v3_World<4d9d2300>]: ver: 3.4.06.05.2021 init
SCRIPT    (W): @"LBmaster_UndergroundLighting/scripts/5_Mission/UndergroundLighting/mission/эѓљ*лњФы.rvmat,295": Unsafe down-casting, use 'PlayerBase.Cast' for safe down-casting
SCRIPT    (W): @"$CurrentDir:mpmissions\Expansion.deerisle\init.c,106": Unsafe down-casting, use 'ItemBase.Cast' for safe down-casting
SCRIPT    (W): @"$CurrentDir:mpmissions\Expansion.deerisle\init.c,108": Unsafe down-casting, use 'ItemBase.Cast' for safe down-casting
SCRIPT    (W): @"$CurrentDir:mpmissions\Expansion.deerisle\init.c,128": Unsafe down-casting, use 'ItemBase.Cast' for safe down-casting
SCRIPT    (W): @"$CurrentDir:mpmissions\Expansion.deerisle\init.c,130": Unsafe down-casting, use 'ItemBase.Cast' for safe down-casting
SCRIPT    (W): @"$CurrentDir:mpmissions\Expansion.deerisle\init.c,166": Unsafe down-casting, use 'ItemBase.Cast' for safe down-casting
SCRIPT    (W): @"$CurrentDir:mpmissions\Expansion.deerisle\init.c,169": Unsafe down-casting, use 'ItemBase.Cast' for safe down-casting
SCRIPT    (W): @"$CurrentDir:mpmissions\Expansion.deerisle\init.c,213": Unsafe down-casting, use 'ItemBase.Cast' for safe down-casting
SCRIPT    (W): @"$CurrentDir:mpmissions\Expansion.deerisle\init.c,217": Unsafe down-casting, use 'ItemBase.Cast' for safe down-casting
SCRIPT    (W): @"$CurrentDir:mpmissions\Expansion.deerisle\init.c,264": Unsafe down-casting, use 'ItemBase.Cast' for safe down-casting
SCRIPT    (W): @"$CurrentDir:mpmissions\Expansion.deerisle\init.c,301": Unsafe down-casting, use 'ItemBase.Cast' for safe down-casting
SCRIPT    (W): @"$CurrentDir:mpmissions\Expansion.deerisle\init.c,303": Unsafe down-casting, use 'ItemBase.Cast' for safe down-casting
SCRIPT    (W): @"$CurrentDir:mpmissions\Expansion.deerisle\init.c,306": Unsafe down-casting, use 'ItemBase.Cast' for safe down-casting
SCRIPT    (W): @"$CurrentDir:mpmissions\Expansion.deerisle\init.c,340": Unsafe down-casting, use 'ItemBase.Cast' for safe down-casting
SCRIPT    (W): @"$CurrentDir:mpmissions\Expansion.deerisle\init.c,345": Unsafe down-casting, use 'ItemBase.Cast' for safe down-casting
SCRIPT    (W): @"$CurrentDir:mpmissions\Expansion.deerisle\init.c,383": Unsafe down-casting, use 'ItemBase.Cast' for safe down-casting
SCRIPT    (W): @"$CurrentDir:mpmissions\Expansion.deerisle\init.c,385": Unsafe down-casting, use 'ItemBase.Cast' for safe down-casting
SCRIPT    (W): @"$CurrentDir:mpmissions\Expansion.deerisle\init.c,388": Unsafe down-casting, use 'ItemBase.Cast' for safe down-casting
SCRIPT    (W): @"$CurrentDir:mpmissions\Expansion.deerisle\init.c,391": Unsafe down-casting, use 'ItemBase.Cast' for safe down-casting
SCRIPT    (W): @"$CurrentDir:mpmissions\Expansion.deerisle\init.c,427": Unsafe down-casting, use 'ItemBase.Cast' for safe down-casting
SCRIPT    (W): @"$CurrentDir:mpmissions\Expansion.deerisle\init.c,430": Unsafe down-casting, use 'ItemBase.Cast' for safe down-casting
SCRIPT    (W): @"$CurrentDir:mpmissions\Expansion.deerisle\init.c,433": Unsafe down-casting, use 'ItemBase.Cast' for safe down-casting
SCRIPT    (W): @"$CurrentDir:mpmissions\Expansion.deerisle\init.c,471": Unsafe down-casting, use 'ItemBase.Cast' for safe down-casting
SCRIPT    (W): @"$CurrentDir:mpmissions\Expansion.deerisle\init.c,475": Unsafe down-casting, use 'ItemBase.Cast' for safe down-casting
SCRIPT       : Init: PluginMCKLogs
SCRIPT       : Creating ModuleManager
SCRIPT       : CF_CreateWorld()
SCRIPT       : Inserted Module (HOST): COTModule
SCRIPT       : Inserted Module (HOST): JMWebhookModule
SCRIPT       : Inserted Module (HOST): JMPlayerModule
SCRIPT       : Inserted Module (HOST): JMObjectSpawnerModule
SCRIPT       : Inserted Module (HOST): JMESPModule
SCRIPT       : Inserted Module (HOST): JMTeleportModule
SCRIPT       : Inserted Module (HOST): JMCameraModule
SCRIPT       : Inserted Module (HOST): JMVehicleSpawnerModule
SCRIPT       : Inserted Module (HOST): JMItemSetSpawnerModule
SCRIPT       : Inserted Module (HOST): JMWeatherOldModule
SCRIPT       : Inserted Module (HOST): JMMapModule
SCRIPT       : Inserted Module (HOST): JMCommandModule
SCRIPT       : Inserted Module (HOST): EditorLoaderModule
SCRIPT       : Modules Loaded
SCRIPT       : 0 -> COTModule
SCRIPT       : 1 -> JMWebhookModule
SCRIPT       : 2 -> JMPlayerModule
SCRIPT       : 3 -> JMObjectSpawnerModule
SCRIPT       : 4 -> JMESPModule
SCRIPT       : 5 -> JMTeleportModule
SCRIPT       : 6 -> JMCameraModule
SCRIPT       : 7 -> JMVehicleSpawnerModule
SCRIPT       : 8 -> JMItemSetSpawnerModule
SCRIPT       : 9 -> JMWeatherOldModule
SCRIPT       : 10 -> JMMapModule
SCRIPT       : 11 -> JMCommandModule
SCRIPT       : 12 -> EditorLoaderModule
SCRIPT       : [AirdropSafezones] Settings classes created.
SCRIPT       : [AirdropSafezones.Load] Safezones file loaded & resaved.
SCRIPT       : [AirdropSettings] Settings classes created.
SCRIPT       : [AirdropSettings.Load] Settings file loaded & resaved.
SCRIPT       : GetDeerIsleBase()...
SCRIPT       : [BBP] 'BBP_Settings' found, loading...
SCRIPT       : [MCK_CarLockPickConfig] '$profile:MCK_CarLockPickConfig/CarLockPickConfig.json' found, loading existing config!
SCRIPT       : [MSP_Codelock_Config] '$profile:\CodeLock\MSP_CodeLockConfig.json' found, loading existing config!
SCRIPT       : [MoreDoorConfig] Server Cfg loading...
SCRIPT       : [MoreDoorConfig] '$profile:MoreDoors/MoorDoors_Settings.json' found, loading existing config!
SCRIPT       : [Notifications] OnInit
SCRIPT       : [Notifications] Loading Config
SCRIPT       : [CP] Config Sucessfully loaded!
SCRIPT       : [FBF_Config] Server Cfg loading...
SCRIPT       : [FBF_Config] '$profile:FBF_Config/FBFConfig.json' found, loading existing config!
SCRIPT       : [EditorLoader] OnMissionStart
SCRIPT       : [EditorLoader] File found: QuickStop.dze
SCRIPT       : [EditorLoader] Loaded $profile:/EditorFiles/QuickStop.dze
SCRIPT       : [EditorLoader] 50 created objects found
SCRIPT       : [EditorLoader] 18 deleted objects found
SCRIPT       : [EditorLoader] Deleting 18 buildings
SCRIPT       : [EditorLoader] Creating 50 buildings
SCRIPT       : [wpnfsm] Warning! OnStoreLoad - cannot load curent weapon state, id=0
SCRIPT       : Magazine mag = NULL
SCRIPT       : [wpnfsm] Warning! OnStoreLoad - cannot load curent weapon state, id=0
SCRIPT       : [wpnfsm] Warning! OnStoreLoad - cannot load curent weapon state, id=0
SCRIPT       : Magazine mag = NULL
SCRIPT       : Magazine mag = NULL
SCRIPT       : Magazine mag = NULL
SCRIPT       : Magazine mag = NULL
SCRIPT       : [wpnfsm] Warning! OnStoreLoad - cannot load curent weapon state, id=0
SCRIPT       : [wpnfsm] Warning! OnStoreLoad - cannot load curent weapon state, id=0
SCRIPT       : Chernarus::Weather::Rain::ForceEnd:: ( 11.9175 ) 0 -> 0
SCRIPT       : file exist ! loading...
SCRIPT       : file exist ! loading...
SCRIPT       : file exist ! loading...
SCRIPT       : file exist ! loading...
SCRIPT       : file exist ! loading...
SCRIPT       : [MoreDoors] MissionServer --> Sending instance of cfg to client: BnYrB
SCRIPT       : [FBF_Config] MissionServer --> Sending instance of cfg to client: BnYrB
SCRIPT       : [CP] -> Sucessfully sent: BnYrB CP Plus Config!
SCRIPT       : Warning! A plant existed without a garden. Therefore it was deleted from the world to prevent issues!
SCRIPT       : Warning! A plant existed without a garden. Therefore it was deleted from the world to prevent issues!
SCRIPT       : Warning! A plant existed without a garden. Therefore it was deleted from the world to prevent issues!
SCRIPT       : AnimSoundObjectBuilderBank: Invalid sound set "generalgrunt_SoundVoice_Char_SoundSet".
SCRIPT       : AnimSoundObjectBuilderBank: Invalid sound set "greathelmet_generalgrunt_SoundVoice_Char_SoundSet".
SCRIPT       : AnimSoundObjectBuilderBank: Invalid sound set "Gasmask_generalgrunt_SoundVoice_Char_SoundSet".
SCRIPT       : AnimSoundObjectBuilderBank: Invalid sound set "Motohelmet_generalgrunt_SoundVoice_Char_SoundSet".
SCRIPT       : AnimSoundObjectBuilderBank: Invalid sound set "Gag_generalgrunt_SoundVoice_Char_SoundSet".
SCRIPT       : ********* LoadStats loading version: 115
SCRIPT       : LOAD checksum:-1055511319
SCRIPT       : ---- PlayerBase OnStoreLoad SUCCESS ----
SCRIPT       : [EditorLoader] OnInvokeConnect
SCRIPT       : Warning! A plant existed without a garden. Therefore it was deleted from the world to prevent issues!
SCRIPT       : Warning! A plant existed without a garden. Therefore it was deleted from the world to prevent issues!
SCRIPT       : Chernarus::Weather::Rain::ForceEnd:: ( 11.9842 ) 0 -> 0
SCRIPT       : Warning! A plant existed without a garden. Therefore it was deleted from the world to prevent issues!
SCRIPT       : Warning! A plant existed without a garden. Therefore it was deleted from the world to prevent issues!
SCRIPT       : Warning! A plant existed without a garden. Therefore it was deleted from the world to prevent issues!
SCRIPT       : Warning! A plant existed without a garden. Therefore it was deleted from the world to prevent issues!
SCRIPT       : Warning! A plant existed without a garden. Therefore it was deleted from the world to prevent issues!
SCRIPT       : SAVE CHECKSUM:-1055511319
SCRIPT       : Warning! A plant existed without a garden. Therefore it was deleted from the world to prevent issues!
SCRIPT       : Warning! A plant existed without a garden. Therefore it was deleted from the world to prevent issues!
SCRIPT       : Warning! A plant existed without a garden. Therefore it was deleted from the world to prevent issues!
SCRIPT       : Warning! A plant existed without a garden. Therefore it was deleted from the world to prevent issues!
SCRIPT       : Warning! A plant existed without a garden. Therefore it was deleted from the world to prevent issues!
SCRIPT       : Chernarus::Weather::Rain::ForceEnd:: ( 12.0509 ) 0 -> 0
SCRIPT       : Warning! A plant existed without a garden. Therefore it was deleted from the world to prevent issues!
SCRIPT       : Warning! A plant existed without a garden. Therefore it was deleted from the world to prevent issues!
SCRIPT       : Warning! A plant existed without a garden. Therefore it was deleted from the world to prevent issues!
SCRIPT       : Warning! A plant existed without a garden. Therefore it was deleted from the world to prevent issues!
SCRIPT       : Warning! A plant existed without a garden. Therefore it was deleted from the world to prevent issues!
SCRIPT       : [MoreDoors] MissionServer --> Sending instance of cfg to client: alexios
SCRIPT       : [FBF_Config] MissionServer --> Sending instance of cfg to client: alexios
SCRIPT       : [CP] -> Sucessfully sent: alexios CP Plus Config!
SCRIPT       : ********* LoadStats loading version: 115
SCRIPT       : LOAD checksum:-1055511319
SCRIPT       : ---- PlayerBase OnStoreLoad SUCCESS ----
SCRIPT       : [wpnfsm] Warning! OnStoreLoad - cannot load curent weapon state, id=0
SCRIPT       : [EditorLoader] OnInvokeConnect
SCRIPT       : Warning! A plant existed without a garden. Therefore it was deleted from the world to prevent issues!
SCRIPT       : Warning! A plant existed without a garden. Therefore it was deleted from the world to prevent issues!
SCRIPT       : Warning! A plant existed without a garden. Therefore it was deleted from the world to prevent issues!
SCRIPT       : Warning! A plant existed without a garden. Therefore it was deleted from the world to prevent issues!
SCRIPT       : Warning! A plant existed without a garden. Therefore it was deleted from the world to prevent issues!
SCRIPT       : SAVE CHECKSUM:-1055511319
SCRIPT       : SAVE CHECKSUM:-1055511319
SCRIPT       : Chernarus::Weather::Rain::ForceEnd:: ( 12.1176 ) 0 -> 0
SCRIPT       : Warning! A plant existed without a garden. Therefore it was deleted from the world to prevent issues!
SCRIPT       : Warning! A plant existed without a garden. Therefore it was deleted from the world to prevent issues!
SCRIPT       : Warning! A plant existed without a garden. Therefore it was deleted from the world to prevent issues!
SCRIPT       : Warning! A plant existed without a garden. Therefore it was deleted from the world to prevent issues!
SCRIPT       : Warning! A plant existed without a garden. Therefore it was deleted from the world to prevent issues!
SCRIPT       : Warning! A plant existed without a garden. Therefore it was deleted from the world to prevent issues!
SCRIPT       : Warning! A plant existed without a garden. Therefore it was deleted from the world to prevent issues!
SCRIPT       : Warning! A plant existed without a garden. Therefore it was deleted from the world to prevent issues!
SCRIPT       : Warning! A plant existed without a garden. Therefore it was deleted from the world to prevent issues!
SCRIPT       : Warning! A plant existed without a garden. Therefore it was deleted from the world to prevent issues!
SCRIPT       : SAVE CHECKSUM:-1055511319
SCRIPT       : SAVE CHECKSUM:-1055511319
SCRIPT       : Chernarus::Weather::Rain::ForceEnd:: ( 12.1843 ) 0 -> 0
SCRIPT       : Warning! A plant existed without a garden. Therefore it was deleted from the world to prevent issues!
SCRIPT       : Warning! A plant existed without a garden. Therefore it was deleted from the world to prevent issues!
SCRIPT       : Warning! A plant existed without a garden. Therefore it was deleted from the world to prevent issues!
SCRIPT       : Warning! A plant existed without a garden. Therefore it was deleted from the world to prevent issues!
SCRIPT       : Warning! A plant existed without a garden. Therefore it was deleted from the world to prevent issues!
SCRIPT       : Warning! A plant existed without a garden. Therefore it was deleted from the world to prevent issues!
SCRIPT       : Warning! A plant existed without a garden. Therefore it was deleted from the world to prevent issues!
SCRIPT       : Warning! A plant existed without a garden. Therefore it was deleted from the world to prevent issues!
SCRIPT       : Warning! A plant existed without a garden. Therefore it was deleted from the world to prevent issues!
SCRIPT       : Warning! A plant existed without a garden. Therefore it was deleted from the world to prevent issues!
SCRIPT       : Warning! A plant existed without a garden. Therefore it was deleted from the world to prevent issues!
SCRIPT       : Warning! A plant existed without a garden. Therefore it was deleted from the world to prevent issues!
SCRIPT       : Warning! A plant existed without a garden. Therefore it was deleted from the world to prevent issues!
SCRIPT       : Warning! A plant existed without a garden. Therefore it was deleted from the world to prevent issues!
SCRIPT       : Warning! A plant existed without a garden. Therefore it was deleted from the world to prevent issues!
SCRIPT       : SAVE CHECKSUM:-1055511319
SCRIPT       : SAVE CHECKSUM:-1055511319
SCRIPT       : Chernarus::Weather::Rain::ForceEnd:: ( 12.251 ) 0 -> 0
SCRIPT       : Chernarus::Weather::Fog:: ( 12.2628 ) 0.0541509
SCRIPT       : Warning! A plant existed without a garden. Therefore it was deleted from the world to prevent issues!
SCRIPT       : Warning! A plant existed without a garden. Therefore it was deleted from the world to prevent issues!
SCRIPT       : Warning! A plant existed without a garden. Therefore it was deleted from the world to prevent issues!
SCRIPT       : Warning! A plant existed without a garden. Therefore it was deleted from the world to prevent issues!
SCRIPT       : Warning! A plant existed without a garden. Therefore it was deleted from the world to prevent issues!
SCRIPT       : Warning! A plant existed without a garden. Therefore it was deleted from the world to prevent issues!
SCRIPT       : Warning! A plant existed without a garden. Therefore it was deleted from the world to prevent issues!
SCRIPT       : Warning! A plant existed without a garden. Therefore it was deleted from the world to prevent issues!
SCRIPT       : Warning! A plant existed without a garden. Therefore it was deleted from the world to prevent issues!
SCRIPT       : Warning! A plant existed without a garden. Therefore it was deleted from the world to prevent issues!
SCRIPT       : Chernarus::Weather::Rain::ForceEnd:: ( 12.3177 ) 0 -> 0
SCRIPT       : SAVE CHECKSUM:-1055511319
SCRIPT       : SAVE CHECKSUM:-1055511319
SCRIPT       : Warning! A plant existed without a garden. Therefore it was deleted from the world to prevent issues!
SCRIPT       : Warning! A plant existed without a garden. Therefore it was deleted from the world to prevent issues!
SCRIPT       : Warning! A plant existed without a garden. Therefore it was deleted from the world to prevent issues!
SCRIPT       : Warning! A plant existed without a garden. Therefore it was deleted from the world to prevent issues!
SCRIPT       : Warning! A plant existed without a garden. Therefore it was deleted from the world to prevent issues!
SCRIPT       : Warning! A plant existed without a garden. Therefore it was deleted from the world to prevent issues!
SCRIPT       : Warning! A plant existed without a garden. Therefore it was deleted from the world to prevent issues!
SCRIPT       : Warning! A plant existed without a garden. Therefore it was deleted from the world to prevent issues!
SCRIPT       : Warning! A plant existed without a garden. Therefore it was deleted from the world to prevent issues!
SCRIPT       : Warning! A plant existed without a garden. Therefore it was deleted from the world to prevent issues!
SCRIPT       : Chernarus::Weather::Rain::ForceEnd:: ( 12.3844 ) 0 -> 0
SCRIPT       : [Logout]: New player dNltWElBg21tP8jBzA87aVZyuFTvx4hujP8j-blHbc8= with logout time 15
SCRIPT       : Warning! A plant existed without a garden. Therefore it was deleted from the world to prevent issues!
SCRIPT       : Warning! A plant existed without a garden. Therefore it was deleted from the world to prevent issues!
SCRIPT       : Warning! A plant existed without a garden. Therefore it was deleted from the world to prevent issues!
SCRIPT       : [EditorLoader] OnClientDisconnect
SCRIPT       : [Logout]: Player dNltWElBg21tP8jBzA87aVZyuFTvx4hujP8j-blHbc8= finished
SCRIPT       : SAVE CHECKSUM:-1055511319
SCRIPT       : Warning! A plant existed without a garden. Therefore it was deleted from the world to prevent issues!
SCRIPT       : Warning! A plant existed without a garden. Therefore it was deleted from the world to prevent issues!
SCRIPT       : SAVE CHECKSUM:-1055511319
SCRIPT       : Warning! A plant existed without a garden. Therefore it was deleted from the world to prevent issues!
SCRIPT       : Warning! A plant existed without a garden. Therefore it was deleted from the world to prevent issues!
SCRIPT       : Warning! A plant existed without a garden. Therefore it was deleted from the world to prevent issues!
SCRIPT       : Warning! A plant existed without a garden. Therefore it was deleted from the world to prevent issues!
SCRIPT       : Warning! A plant existed without a garden. Therefore it was deleted from the world to prevent issues!
SCRIPT       : Chernarus::Weather::Rain::ForceEnd:: ( 12.4511 ) 0 -> 0
SCRIPT       : Warning! A plant existed without a garden. Therefore it was deleted from the world to prevent issues!
SCRIPT       : Warning! A plant existed without a garden. Therefore it was deleted from the world to prevent issues!
SCRIPT       : Warning! A plant existed without a garden. Therefore it was deleted from the world to prevent issues!
SCRIPT       : Warning! A plant existed without a garden. Therefore it was deleted from the world to prevent issues!
SCRIPT       : Warning! A plant existed without a garden. Therefore it was deleted from the world to prevent issues!
SCRIPT       : SAVE CHECKSUM:-1055511319
SCRIPT       : Warning! A plant existed without a garden. Therefore it was deleted from the world to prevent issues!
SCRIPT       : Warning! A plant existed without a garden. Therefore it was deleted from the world to prevent issues!
SCRIPT       : Warning! A plant existed without a garden. Therefore it was deleted from the world to prevent issues!
SCRIPT       : Warning! A plant existed without a garden. Therefore it was deleted from the world to prevent issues!
SCRIPT       : Warning! A plant existed without a garden. Therefore it was deleted from the world to prevent issues!
SCRIPT       : Warning! A plant existed without a garden. Therefore it was deleted from the world to prevent issues!
SCRIPT       : Warning! A plant existed without a garden. Therefore it was deleted from the world to prevent issues!
SCRIPT       : Warning! A plant existed without a garden. Therefore it was deleted from the world to prevent issues!
SCRIPT       : Warning! A plant existed without a garden. Therefore it was deleted from the world to prevent issues!
SCRIPT       : Warning! A plant existed without a garden. Therefore it was deleted from the world to prevent issues!
SCRIPT       : Chernarus::Weather::Rain::ForceEnd:: ( 12.5178 ) 0 -> 0
SCRIPT       : Warning! A plant existed without a garden. Therefore it was deleted from the world to prevent issues!
SCRIPT       : Warning! A plant existed without a garden. Therefore it was deleted from the world to prevent issues!
SCRIPT       : Warning! A plant existed without a garden. Therefore it was deleted from the world to prevent issues!
SCRIPT       : Warning! A plant existed without a garden. Therefore it was deleted from the world to prevent issues!
SCRIPT       : Warning! A plant existed without a garden. Therefore it was deleted from the world to prevent issues!
SCRIPT       : SAVE CHECKSUM:-1055511319
SCRIPT       : Chernarus::Weather::Overcast:: ( 12.5532 )  overcast: 0.292283
SCRIPT       : Chernarus::Weather::Overcast::Rain:: ( 12.5532 ) 0
SCRIPT       : Warning! A plant existed without a garden. Therefore it was deleted from the world to prevent issues!
SCRIPT       : Warning! A plant existed without a garden. Therefore it was deleted from the world to prevent issues!
SCRIPT       : Warning! A plant existed without a garden. Therefore it was deleted from the world to prevent issues!
SCRIPT       : Warning! A plant existed without a garden. Therefore it was deleted from the world to prevent issues!
SCRIPT       : Warning! A plant existed without a garden. Therefore it was deleted from the world to prevent issues!
SCRIPT       : Chernarus::Weather::Rain::ForceEnd:: ( 12.5845 ) 0 -> 0
SCRIPT       : Warning! A plant existed without a garden. Therefore it was deleted from the world to prevent issues!
SCRIPT       : Warning! A plant existed without a garden. Therefore it was deleted from the world to prevent issues!
SCRIPT       : Warning! A plant existed without a garden. Therefore it was deleted from the world to prevent issues!
SCRIPT       : Warning! A plant existed without a garden. Therefore it was deleted from the world to prevent issues!
SCRIPT       : Warning! A plant existed without a garden. Therefore it was deleted from the world to prevent issues!
SCRIPT       : SAVE CHECKSUM:-1055511319
SCRIPT       : Warning! A plant existed without a garden. Therefore it was deleted from the world to prevent issues!
SCRIPT       : Warning! A plant existed without a garden. Therefore it was deleted from the world to prevent issues!
SCRIPT       : Warning! A plant existed without a garden. Therefore it was deleted from the world to prevent issues!
SCRIPT       : Warning! A plant existed without a garden. Therefore it was deleted from the world to prevent issues!
SCRIPT       : Warning! A plant existed without a garden. Therefore it was deleted from the world to prevent issues!
SCRIPT       : Chernarus::Weather::Rain::ForceEnd:: ( 12.6512 ) 0 -> 0
SCRIPT       : Warning! A plant existed without a garden. Therefore it was deleted from the world to prevent issues!
SCRIPT       : Warning! A plant existed without a garden. Therefore it was deleted from the world to prevent issues!
SCRIPT       : Warning! A plant existed without a garden. Therefore it was deleted from the world to prevent issues!
SCRIPT       : Warning! A plant existed without a garden. Therefore it was deleted from the world to prevent issues!
SCRIPT       : Warning! A plant existed without a garden. Therefore it was deleted from the world to prevent issues!
SCRIPT       : [MoreDoors] MissionServer --> Sending instance of cfg to client: alexios
SCRIPT       : [FBF_Config] MissionServer --> Sending instance of cfg to client: alexios
SCRIPT       : [CP] -> Sucessfully sent: alexios CP Plus Config!
SCRIPT       : ********* LoadStats loading version: 115
SCRIPT       : LOAD checksum:-1055511319
SCRIPT       : ---- PlayerBase OnStoreLoad SUCCESS ----
SCRIPT       : [wpnfsm] Warning! OnStoreLoad - cannot load curent weapon state, id=0
SCRIPT       : [EditorLoader] OnInvokeConnect
SCRIPT       : Warning! A plant existed without a garden. Therefore it was deleted from the world to prevent issues!
SCRIPT       : Warning! A plant existed without a garden. Therefore it was deleted from the world to prevent issues!
SCRIPT       : Warning! A plant existed without a garden. Therefore it was deleted from the world to prevent issues!
SCRIPT       : Warning! A plant existed without a garden. Therefore it was deleted from the world to prevent issues!
SCRIPT       : Warning! A plant existed without a garden. Therefore it was deleted from the world to prevent issues!
SCRIPT       : SAVE CHECKSUM:-1055511319
SCRIPT       : SAVE CHECKSUM:-1055511319
SCRIPT       : Chernarus::Weather::Rain::ForceEnd:: ( 12.7179 ) 0 -> 0
SCRIPT       : Warning! A plant existed without a garden. Therefore it was deleted from the world to prevent issues!
SCRIPT       : Warning! A plant existed without a garden. Therefore it was deleted from the world to prevent issues!
SCRIPT       : Warning! A plant existed without a garden. Therefore it was deleted from the world to prevent issues!
SCRIPT       : Warning! A plant existed without a garden. Therefore it was deleted from the world to prevent issues!
SCRIPT       : Warning! A plant existed without a garden. Therefore it was deleted from the world to prevent issues!
SCRIPT       : Warning! A plant existed without a garden. Therefore it was deleted from the world to prevent issues!
SCRIPT       : Warning! A plant existed without a garden. Therefore it was deleted from the world to prevent issues!
SCRIPT       : Chernarus::Weather::Fog:: ( 12.7664 ) 0.0387829
SCRIPT       : Warning! A plant existed without a garden. Therefore it was deleted from the world to prevent issues!
SCRIPT       : Warning! A plant existed without a garden. Therefore it was deleted from the world to prevent issues!
SCRIPT       : Warning! A plant existed without a garden. Therefore it was deleted from the world to prevent issues!
SCRIPT       : SAVE CHECKSUM:-1055511319
SCRIPT       : SAVE CHECKSUM:-1055511319
SCRIPT       : Warning! A plant existed without a garden. Therefore it was deleted from the world to prevent issues!
SCRIPT       : Warning! A plant existed without a garden. Therefore it was deleted from the world to prevent issues!
SCRIPT       : Chernarus::Weather::Rain::ForceEnd:: ( 12.7846 ) 0 -> 0
SCRIPT       : OnVehicleSeatDriverEnter
SCRIPT    (E): NULL pointer to instance
Class:      'HandEventDrop'
Function: 'SetGroundPosByOwner'
Stack trace:
scripts/3_Game/systems\inventory\inventory.c:1092
scripts/3_Game/systems\inventory\hand_events.c:289
scripts/4_World/systems\inventory\dayzplayerinventory.c:1619
scripts/4_World/systems\inventory\dayzplayerinventory.c:1660
scripts/3_Game/systems\inventory\humaninventory.c:584
scripts/4_World/entities\manbase\playerbase.c:2421
SCRIPT       : Warning! A plant existed without a garden. Therefore it was deleted from the world to prevent issues!
SCRIPT       : Warning! A plant existed without a garden. Therefore it was deleted from the world to prevent issues!
SCRIPT       : Warning! A plant existed without a garden. Therefore it was deleted from the world to prevent issues!
SCRIPT       : OnVehicleSeatDriverLeft
SCRIPT       : Warning! A plant existed without a garden. Therefore it was deleted from the world to prevent issues!
SCRIPT       : Warning! A plant existed without a garden. Therefore it was deleted from the world to prevent issues!
SCRIPT       : Warning! A plant existed without a garden. Therefore it was deleted from the world to prevent issues!
SCRIPT       : Warning! A plant existed without a garden. Therefore it was deleted from the world to prevent issues!
SCRIPT       : Warning! A plant existed without a garden. Therefore it was deleted from the world to prevent issues!
SCRIPT       : OnVehicleSeatDriverEnter
SCRIPT       : Warning! A plant existed without a garden. Therefore it was deleted from the world to prevent issues!
SCRIPT       : Warning! A plant existed without a garden. Therefore it was deleted from the world to prevent issues!
SCRIPT       : SAVE CHECKSUM:-1055511319
SCRIPT       : SAVE CHECKSUM:-1055511319
SCRIPT       : OnVehicleSeatDriverLeft
SCRIPT       : Chernarus::Weather::Rain::ForceEnd:: ( 12.8513 ) 0 -> 0
SCRIPT       : Warning! A plant existed without a garden. Therefore it was deleted from the world to prevent issues!
SCRIPT       : Warning! A plant existed without a garden. Therefore it was deleted from the world to prevent issues!
SCRIPT       : Warning! A plant existed without a garden. Therefore it was deleted from the world to prevent issues!
SCRIPT       : Warning! A plant existed without a garden. Therefore it was deleted from the world to prevent issues!
SCRIPT       : Warning! A plant existed without a garden. Therefore it was deleted from the world to prevent issues!
SCRIPT       : [Logout]: New player mBNlxASsPlOcry0dpDl8K-WgHNR5WMCMmoJ9NhpU4FY= with logout time 15
SCRIPT       : [emote] SurvivorM_Francis:01 play emote id=14 IH=null
SCRIPT       : Warning! A plant existed without a garden. Therefore it was deleted from the world to prevent issues!
SCRIPT       : Warning! A plant existed without a garden. Therefore it was deleted from the world to prevent issues!
SCRIPT       : Warning! A plant existed without a garden. Therefore it was deleted from the world to prevent issues!
SCRIPT       : [EditorLoader] OnClientDisconnect
SCRIPT       : [Logout]: Player mBNlxASsPlOcry0dpDl8K-WgHNR5WMCMmoJ9NhpU4FY= finished
SCRIPT       : SAVE CHECKSUM:-1055511319
SCRIPT       : Warning! A plant existed without a garden. Therefore it was deleted from the world to prevent issues!
SCRIPT       : Warning! A plant existed without a garden. Therefore it was deleted from the world to prevent issues!
SCRIPT       : Warning! A plant existed without a garden. Therefore it was deleted from the world to prevent issues!
SCRIPT       : Warning! A plant existed without a garden. Therefore it was deleted from the world to prevent issues!
SCRIPT       : Warning! A plant existed without a garden. Therefore it was deleted from the world to prevent issues!
SCRIPT       : Chernarus::Weather::Rain::ForceEnd:: ( 12.918 ) 0 -> 0
SCRIPT       : SAVE CHECKSUM:-1055511319
SCRIPT       : Warning! A plant existed without a garden. Therefore it was deleted from the world to prevent issues!
SCRIPT       : Warning! A plant existed without a garden. Therefore it was deleted from the world to prevent issues!
SCRIPT       : Warning! A plant existed without a garden. Therefore it was deleted from the world to prevent issues!
SCRIPT       : Warning! A plant existed without a garden. Therefore it was deleted from the world to prevent issues!
SCRIPT       : Warning! A plant existed without a garden. Therefore it was deleted from the world to prevent issues!
SCRIPT       : Warning! A plant existed without a garden. Therefore it was deleted from the world to prevent issues!
SCRIPT       : Warning! A plant existed without a garden. Therefore it was deleted from the world to prevent issues!
SCRIPT       : Warning! A plant existed without a garden. Therefore it was deleted from the world to prevent issues!
SCRIPT       : Warning! A plant existed without a garden. Therefore it was deleted from the world to prevent issues!
SCRIPT       : Warning! A plant existed without a garden. Therefore it was deleted from the world to prevent issues!
SCRIPT       : Chernarus::Weather::Rain::ForceEnd:: ( 12.9847 ) 0 -> 0
SCRIPT       : SAVE CHECKSUM:-1055511319
SCRIPT       : Warning! A plant existed without a garden. Therefore it was deleted from the world to prevent issues!
SCRIPT       : Warning! A plant existed without a garden. Therefore it was deleted from the world to prevent issues!
SCRIPT       : Warning! A plant existed without a garden. Therefore it was deleted from the world to prevent issues!
SCRIPT       : Warning! A plant existed without a garden. Therefore it was deleted from the world to prevent issues!
SCRIPT       : Warning! A plant existed without a garden. Therefore it was deleted from the world to prevent issues!
SCRIPT       : OnVehicleSeatDriverEnter
SCRIPT       : Warning! A plant existed without a garden. Therefore it was deleted from the world to prevent issues!
SCRIPT       : Warning! A plant existed without a garden. Therefore it was deleted from the world to prevent issues!
SCRIPT       : Warning! A plant existed without a garden. Therefore it was deleted from the world to prevent issues!
SCRIPT       : Warning! A plant existed without a garden. Therefore it was deleted from the world to prevent issues!
SCRIPT       : Warning! A plant existed without a garden. Therefore it was deleted from the world to prevent issues!
SCRIPT       : Chernarus::Weather::Rain::ForceEnd:: ( 13.0514 ) 0 -> 0
SCRIPT       : SAVE CHECKSUM:-1055511319
SCRIPT       : Warning! A plant existed without a garden. Therefore it was deleted from the world to prevent issues!
SCRIPT       : Warning! A plant existed without a garden. Therefore it was deleted from the world to prevent issues!
SCRIPT       : Warning! A plant existed without a garden. Therefore it was deleted from the world to prevent issues!
SCRIPT       : Warning! A plant existed without a garden. Therefore it was deleted from the world to prevent issues!
SCRIPT       : Warning! A plant existed without a garden. Therefore it was deleted from the world to prevent issues!
SCRIPT       : OnVehicleSeatDriverLeft
SCRIPT       : Warning! A plant existed without a garden. Therefore it was deleted from the world to prevent issues!
SCRIPT       : Warning! A plant existed without a garden. Therefore it was deleted from the world to prevent issues!
SCRIPT       : Warning! A plant existed without a garden. Therefore it was deleted from the world to prevent issues!
SCRIPT       : Warning! A plant existed without a garden. Therefore it was deleted from the world to prevent issues!
SCRIPT       : Warning! A plant existed without a garden. Therefore it was deleted from the world to prevent issues!
SCRIPT       : Chernarus::Weather::Rain::ForceEnd:: ( 13.1181 ) 0 -> 0
SCRIPT       : Warning! A plant existed without a garden. Therefore it was deleted from the world to prevent issues!
SCRIPT       : Warning! A plant existed without a garden. Therefore it was deleted from the world to prevent issues!
SCRIPT       : OnVehicleSeatDriverEnter
SCRIPT       : SAVE CHECKSUM:-1055511319
SCRIPT       : Warning! A plant existed without a garden. Therefore it was deleted from the world to prevent issues!
SCRIPT       : Warning! A plant existed without a garden. Therefore it was deleted from the world to prevent issues!
SCRIPT       : Warning! A plant existed without a garden. Therefore it was deleted from the world to prevent issues!
SCRIPT       : Warning! A plant existed without a garden. Therefore it was deleted from the world to prevent issues!
SCRIPT       : Warning! A plant existed without a garden. Therefore it was deleted from the world to prevent issues!
SCRIPT       : Chernarus::Weather::Rain::ForceEnd:: ( 13.1848 ) 0 -> 0
SCRIPT       : Warning! A plant existed without a garden. Therefore it was deleted from the world to prevent issues!
SCRIPT       : Warning! A plant existed without a garden. Therefore it was deleted from the world to prevent issues!
SCRIPT       : Warning! A plant existed without a garden. Therefore it was deleted from the world to prevent issues!
SCRIPT       : Warning! A plant existed without a garden. Therefore it was deleted from the world to prevent issues!
SCRIPT       : Warning! A plant existed without a garden. Therefore it was deleted from the world to prevent issues!
SCRIPT       : SAVE CHECKSUM:-1055511319
SCRIPT       : Warning! A plant existed without a garden. Therefore it was deleted from the world to prevent issues!
SCRIPT       : Warning! A plant existed without a garden. Therefore it was deleted from the world to prevent issues!
SCRIPT       : Warning! A plant existed without a garden. Therefore it was deleted from the world to prevent issues!
SCRIPT       : OnVehicleSeatDriverLeft
SCRIPT       : Chernarus::Weather::Rain::ForceEnd:: ( 13.2515 ) 0 -> 0
SCRIPT       : Warning! A plant existed without a garden. Therefore it was deleted from the world to prevent issues!
SCRIPT       : Warning! A plant existed without a garden. Therefore it was deleted from the world to prevent issues!
SCRIPT       : Chernarus::Weather::Fog:: ( 13.27 ) 0.010557
SCRIPT       : Warning! A plant existed without a garden. Therefore it was deleted from the world to prevent issues!
SCRIPT       : Warning! A plant existed without a garden. Therefore it was deleted from the world to prevent issues!
SCRIPT       : Warning! A plant existed without a garden. Therefore it was deleted from the world to prevent issues!
SCRIPT       : Warning! A plant existed without a garden. Therefore it was deleted from the world to prevent issues!
SCRIPT       : Warning! A plant existed without a garden. Therefore it was deleted from the world to prevent issues!
SCRIPT       : GetStashedItem()
SCRIPT       : ItemBase item = SeaChest<4a4bce90>
SCRIPT       : [inv] ReplaceItemWithNewLambdaBase Step B) remove OK, loc={ type=GROUND item=UndergroundStash:015980 pos=(9821.82, 31.6167, 6761.81) dir=(0, 0, 0, 1) }
SCRIPT       : SAVE CHECKSUM:-1055511319
SCRIPT       : Chernarus::Weather::Rain::ForceEnd:: ( 13.3182 ) 0 -> 0
SCRIPT       : Warning! A plant existed without a garden. Therefore it was deleted from the world to prevent issues!
SCRIPT       : Warning! A plant existed without a garden. Therefore it was deleted from the world to prevent issues!
SCRIPT       : Warning! A plant existed without a garden. Therefore it was deleted from the world to prevent issues!
SCRIPT       : Warning! A plant existed without a garden. Therefore it was deleted from the world to prevent issues!
SCRIPT       : Warning! A plant existed without a garden. Therefore it was deleted from the world to prevent issues!
SCRIPT       : Warning! A plant existed without a garden. Therefore it was deleted from the world to prevent issues!
SCRIPT       : Warning! A plant existed without a garden. Therefore it was deleted from the world to prevent issues!
SCRIPT       : Warning! A plant existed without a garden. Therefore it was deleted from the world to prevent issues!
SCRIPT       : Warning! A plant existed without a garden. Therefore it was deleted from the world to prevent issues!
SCRIPT       : Warning! A plant existed without a garden. Therefore it was deleted from the world to prevent issues!
SCRIPT       : SAVE CHECKSUM:-1055511319
SCRIPT       : { type=CARGO item=Rag:026068 parent=HunterPants_Autumn:06071 idx=0 row=0 col=3 f=false }
SCRIPT       : Warning! A plant existed without a garden. Therefore it was deleted from the world to prevent issues!
SCRIPT       : Warning! A plant existed without a garden. Therefore it was deleted from the world to prevent issues!
SCRIPT       : Warning! A plant existed without a garden. Therefore it was deleted from the world to prevent issues!
SCRIPT       : Warning! A plant existed without a garden. Therefore it was deleted from the world to prevent issues!
SCRIPT       : Warning! A plant existed without a garden. Therefore it was deleted from the world to prevent issues!
SCRIPT       : Chernarus::Weather::Rain::ForceEnd:: ( 13.3849 ) 0 -> 0
SCRIPT       : Chernarus::Weather::Overcast:: ( 13.3941 )  overcast: 0.042729
SCRIPT       : Chernarus::Weather::Overcast::Rain:: ( 13.3941 ) 0
SCRIPT       : OnVehicleSeatDriverEnter
SCRIPT       : Warning! A plant existed without a garden. Therefore it was deleted from the world to prevent issues!
SCRIPT       : Warning! A plant existed without a garden. Therefore it was deleted from the world to prevent issues!
SCRIPT       : Warning! A plant existed without a garden. Therefore it was deleted from the world to prevent issues!
SCRIPT       : Warning! A plant existed without a garden. Therefore it was deleted from the world to prevent issues!
SCRIPT       : Warning! A plant existed without a garden. Therefore it was deleted from the world to prevent issues!
SCRIPT       : OnVehicleSeatDriverLeft
SCRIPT       : Warning! A plant existed without a garden. Therefore it was deleted from the world to prevent issues!
SCRIPT       : Warning! A plant existed without a garden. Therefore it was deleted from the world to prevent issues!
SCRIPT       : Warning! A plant existed without a garden. Therefore it was deleted from the world to prevent issues!
SCRIPT       : Warning! A plant existed without a garden. Therefore it was deleted from the world to prevent issues!
SCRIPT       : Warning! A plant existed without a garden. Therefore it was deleted from the world to prevent issues!
SCRIPT       : SAVE CHECKSUM:-1055511319
SCRIPT       : Chernarus::Weather::Rain::ForceEnd:: ( 13.4516 ) 0 -> 0
SCRIPT       : Warning! A plant existed without a garden. Therefore it was deleted from the world to prevent issues!
SCRIPT       : Warning! A plant existed without a garden. Therefore it was deleted from the world to prevent issues!
SCRIPT       : Warning! A plant existed without a garden. Therefore it was deleted from the world to prevent issues!
SCRIPT       : Warning! A plant existed without a garden. Therefore it was deleted from the world to prevent issues!
SCRIPT       : Warning! A plant existed without a garden. Therefore it was deleted from the world to prevent issues!
SCRIPT       : [Logout]: New player dNltWElBg21tP8jBzA87aVZyuFTvx4hujP8j-blHbc8= with logout time 15
SCRIPT       : Chernarus::Weather::Rain::ForceEnd:: ( 13.5183 ) 0 -> 0
SCRIPT       : SAVE CHECKSUM:-1055511319
SCRIPT       : [EditorLoader] OnClientDisconnect
SCRIPT       : [Logout]: Player dNltWElBg21tP8jBzA87aVZyuFTvx4hujP8j-blHbc8= finished
SCRIPT       : SAVE CHECKSUM:-1055511319
SCRIPT       : Warning! A plant existed without a garden. Therefore it was deleted from the world to prevent issues!
SCRIPT       : Warning! A plant existed without a garden. Therefore it was deleted from the world to prevent issues!
SCRIPT       : Warning! A plant existed without a garden. Therefore it was deleted from the world to prevent issues!
SCRIPT       : Warning! A plant existed without a garden. Therefore it was deleted from the world to prevent issues!
SCRIPT       : Warning! A plant existed without a garden. Therefore it was deleted from the world to prevent issues!
SCRIPT       : Chernarus::Weather::Rain::ForceEnd:: ( 13.585 ) 0 -> 0
SCRIPT       : Chernarus::Weather::Rain::ForceEnd:: ( 13.6517 ) 0 -> 0
SCRIPT       : [MoreDoors] MissionServer --> Sending instance of cfg to client: alexios
SCRIPT       : [FBF_Config] MissionServer --> Sending instance of cfg to client: alexios
SCRIPT       : [CP] -> Sucessfully sent: alexios CP Plus Config!
SCRIPT       : ********* LoadStats loading version: 115
SCRIPT       : LOAD checksum:-1055511319
SCRIPT       : ---- PlayerBase OnStoreLoad SUCCESS ----
SCRIPT       : [wpnfsm] Warning! OnStoreLoad - cannot load curent weapon state, id=0
SCRIPT       : [EditorLoader] OnInvokeConnect
SCRIPT       : Warning! A plant existed without a garden. Therefore it was deleted from the world to prevent issues!
SCRIPT       : Warning! A plant existed without a garden. Therefore it was deleted from the world to prevent issues!
SCRIPT       : Warning! A plant existed without a garden. Therefore it was deleted from the world to prevent issues!
SCRIPT       : Warning! A plant existed without a garden. Therefore it was deleted from the world to prevent issues!
SCRIPT       : Warning! A plant existed without a garden. Therefore it was deleted from the world to prevent issues!
SCRIPT       : Chernarus::Weather::Rain::ForceEnd:: ( 13.7184 ) 0 -> 0
SCRIPT       : Warning! A plant existed without a garden. Therefore it was deleted from the world to prevent issues!
SCRIPT       : Warning! A plant existed without a garden. Therefore it was deleted from the world to prevent issues!
SCRIPT       : SAVE CHECKSUM:-1055511319
SCRIPT       : Warning! A plant existed without a garden. Therefore it was deleted from the world to prevent issues!
SCRIPT       : Chernarus::Weather::Fog:: ( 13.7737 ) 0.0585593
SCRIPT       : Chernarus::Weather::Rain::ForceEnd:: ( 13.7851 ) 0 -> 0
SCRIPT       : Warning! A plant existed without a garden. Therefore it was deleted from the world to prevent issues!
SCRIPT       : Warning! A plant existed without a garden. Therefore it was deleted from the world to prevent issues!
SCRIPT       : Warning! A plant existed without a garden. Therefore it was deleted from the world to prevent issues!
SCRIPT       : Warning! A plant existed without a garden. Therefore it was deleted from the world to prevent issues!
SCRIPT       : SAVE CHECKSUM:-1055511319
SCRIPT       : Warning! A plant existed without a garden. Therefore it was deleted from the world to prevent issues!
SCRIPT       : Warning! A plant existed without a garden. Therefore it was deleted from the world to prevent issues!
SCRIPT       : Chernarus::Weather::Rain::ForceEnd:: ( 13.8518 ) 0 -> 0
SCRIPT       : Warning! A plant existed without a garden. Therefore it was deleted from the world to prevent issues!
SCRIPT       : Warning! A plant existed without a garden. Therefore it was deleted from the world to prevent issues!
SCRIPT       : Warning! A plant existed without a garden. Therefore it was deleted from the world to prevent issues!
SCRIPT       : SAVE CHECKSUM:-1055511319
SCRIPT       : Chernarus::Weather::Rain::ForceEnd:: ( 13.9184 ) 0 -> 0
SCRIPT       : Warning! A plant existed without a garden. Therefore it was deleted from the world to prevent issues!
SCRIPT       : Warning! A plant existed without a garden. Therefore it was deleted from the world to prevent issues!
SCRIPT       : Warning! A plant existed without a garden. Therefore it was deleted from the world to prevent issues!
SCRIPT       : SAVE CHECKSUM:-1055511319
SCRIPT       : Warning! A plant existed without a garden. Therefore it was deleted from the world to prevent issues!
SCRIPT       : Chernarus::Weather::Rain::ForceEnd:: ( 13.9851 ) 0 -> 0
SCRIPT       : Warning! A plant existed without a garden. Therefore it was deleted from the world to prevent issues!
SCRIPT       : Warning! A plant existed without a garden. Therefore it was deleted from the world to prevent issues!
SCRIPT       : Warning! A plant existed without a garden. Therefore it was deleted from the world to prevent issues!
SCRIPT       : Warning! A plant existed without a garden. Therefore it was deleted from the world to prevent issues!
SCRIPT       : Warning! A plant existed without a garden. Therefore it was deleted from the world to prevent issues!
SCRIPT       : Warning! A plant existed without a garden. Therefore it was deleted from the world to prevent issues!
SCRIPT       : Warning! A plant existed without a garden. Therefore it was deleted from the world to prevent issues!
SCRIPT       : SAVE CHECKSUM:-1055511319
SCRIPT       : Chernarus::Weather::Rain::ForceEnd:: ( 14.0518 ) 0 -> 0
SCRIPT       : [Logout]: New player dNltWElBg21tP8jBzA87aVZyuFTvx4hujP8j-blHbc8= with logout time 15
SCRIPT       : [emote] SurvivorM_Jose:01 play emote id=14 IH=null
SCRIPT       : [EditorLoader] OnClientDisconnect
SCRIPT       : [Logout]: Player dNltWElBg21tP8jBzA87aVZyuFTvx4hujP8j-blHbc8= finished
SCRIPT       : SAVE CHECKSUM:-1055511319
SCRIPT       : Warning! A plant existed without a garden. Therefore it was deleted from the world to prevent issues!
SCRIPT       : Warning! A plant existed without a garden. Therefore it was deleted from the world to prevent issues!
SCRIPT       : Warning! A plant existed without a garden. Therefore it was deleted from the world to prevent issues!
SCRIPT       : Chernarus::Weather::Rain::ForceEnd:: ( 14.1185 ) 0 -> 0
SCRIPT       : Warning! A plant existed without a garden. Therefore it was deleted from the world to prevent issues!
SCRIPT       : Chernarus::Weather::Overcast:: ( 14.1452 )  overcast: 0.181124
SCRIPT       : Chernarus::Weather::Overcast::Rain:: ( 14.1452 ) 0
SCRIPT       : Chernarus::Weather::Rain::ForceEnd:: ( 14.1852 ) 0 -> 0
SCRIPT       : Chernarus::Weather::Rain::ForceEnd:: ( 14.2519 ) 0 -> 0
SCRIPT       : Chernarus::Weather::Fog:: ( 14.2773 ) 0.0281553
SCRIPT       : Chernarus::Weather::Rain::ForceEnd:: ( 14.3186 ) 0 -> 0
SCRIPT       : Chernarus::Weather::Rain::ForceEnd:: ( 14.3853 ) 0 -> 0
SCRIPT       : Chernarus::Weather::Rain::ForceEnd:: ( 14.452 ) 0 -> 0
SCRIPT       : Chernarus::Weather::Rain::ForceEnd:: ( 14.5187 ) 0 -> 0
SCRIPT       : Chernarus::Weather::Rain::ForceEnd:: ( 14.5854 ) 0 -> 0
SCRIPT       : Chernarus::Weather::Rain::ForceEnd:: ( 14.6521 ) 0 -> 0
SCRIPT       : Chernarus::Weather::Rain::ForceEnd:: ( 14.7188 ) 0 -> 0
SCRIPT       : Chernarus::Weather::Fog:: ( 14.781 ) 0.00365978
SCRIPT       : Chernarus::Weather::Rain::ForceEnd:: ( 14.7855 ) 0 -> 0
SCRIPT       : Chernarus::Weather::Rain::ForceEnd:: ( 14.8522 ) 0 -> 0
SCRIPT       : Chernarus::Weather::Overcast:: ( 14.8707 )  overcast: 0.452184
SCRIPT       : Chernarus::Weather::Overcast::Rain:: ( 14.8707 ) 0
SCRIPT       : Chernarus::Weather::Rain::ForceEnd:: ( 14.9189 ) 0 -> 0
SCRIPT       : Chernarus::Weather::Rain::ForceEnd:: ( 14.9856 ) 0 -> 0
SCRIPT       : Chernarus::Weather::Rain::ForceEnd:: ( 15.0523 ) 0 -> 0
SCRIPT       : Chernarus::Weather::Rain::ForceEnd:: ( 15.119 ) 0 -> 0
SCRIPT       : Chernarus::Weather::Rain::ForceEnd:: ( 15.1857 ) 0 -> 0
SCRIPT       : Chernarus::Weather::Rain::ForceEnd:: ( 15.2524 ) 0 -> 0
SCRIPT       : Chernarus::Weather::Rain::ForceEnd:: ( 15.3191 ) 0 -> 0
SCRIPT       : Chernarus::Weather::Rain::ForceEnd:: ( 15.3858 ) 0 -> 0
SCRIPT       : Chernarus::Weather::Rain::ForceEnd:: ( 15.4525 ) 0 -> 0
SCRIPT       : Chernarus::Weather::Rain::ForceEnd:: ( 15.5192 ) 0 -> 0
SCRIPT       : Chernarus::Weather::Rain::ForceEnd:: ( 15.5859 ) 0 -> 0
SCRIPT       : Chernarus::Weather::Overcast:: ( 15.6484 )  overcast: 0.210688
SCRIPT       : Chernarus::Weather::Overcast::Rain:: ( 15.6484 ) 0
SCRIPT       : Chernarus::Weather::Rain::ForceEnd:: ( 15.6526 ) 0 -> 0
SCRIPT       : Chernarus::Weather::Rain::ForceEnd:: ( 15.7193 ) 0 -> 0
SCRIPT       : Chernarus::Weather::Rain::ForceEnd:: ( 15.786 ) 0 -> 0
SCRIPT       : Chernarus::Weather::Fog:: ( 15.7965 ) 0.0597173
SCRIPT       : Chernarus::Weather::Rain::ForceEnd:: ( 15.8526 ) 0 -> 0
SCRIPT       : Chernarus::Weather::Rain::ForceEnd:: ( 15.9193 ) 0 -> 0
SCRIPT       : Chernarus::Weather::Rain::ForceEnd:: ( 15.986 ) 0 -> 0
SCRIPT       : Chernarus::Weather::Rain::ForceEnd:: ( 16.0527 ) 0 -> 0
SCRIPT       : Chernarus::Weather::Rain::ForceEnd:: ( 16.1194 ) 0 -> 0
SCRIPT       : Chernarus::Weather::Rain::ForceEnd:: ( 16.1861 ) 0 -> 0
SCRIPT       : Chernarus::Weather::Rain::ForceEnd:: ( 16.2528 ) 0 -> 0
SCRIPT       : Chernarus::Weather::Rain::ForceEnd:: ( 16.3195 ) 0 -> 0
SCRIPT       : Chernarus::Weather::Overcast:: ( 16.3802 )  overcast: 0.439833
SCRIPT       : Chernarus::Weather::Overcast::Rain:: ( 16.3802 ) 0
SCRIPT       : Chernarus::Weather::Rain::ForceEnd:: ( 16.3862 ) 0 -> 0
SCRIPT       : Chernarus::Weather::Rain::ForceEnd:: ( 16.4529 ) 0 -> 0
SCRIPT       : Chernarus::Weather::Rain::ForceEnd:: ( 16.5196 ) 0 -> 0
SCRIPT       : Chernarus::Weather::Rain::ForceEnd:: ( 16.5863 ) 0 -> 0
SCRIPT       : Chernarus::Weather::Rain::ForceEnd:: ( 16.653 ) 0 -> 0
SCRIPT       : Chernarus::Weather::Rain::ForceEnd:: ( 16.7197 ) 0 -> 0
SCRIPT       : Chernarus::Weather::Rain::ForceEnd:: ( 16.7864 ) 0 -> 0
SCRIPT       : Chernarus::Weather::Fog:: ( 16.812 ) 0.0988113
SCRIPT       : Chernarus::Weather::Rain::ForceEnd:: ( 16.8531 ) 0 -> 0
SCRIPT       : Chernarus::Weather::Rain::ForceEnd:: ( 16.9198 ) 0 -> 0
SCRIPT       : Chernarus::Weather::Rain::ForceEnd:: ( 16.9865 ) 0 -> 0
SCRIPT       : Chernarus::Weather::Rain::ForceEnd:: ( 17.0532 ) 0 -> 0
SCRIPT       : Chernarus::Weather::Rain::ForceEnd:: ( 17.1199 ) 0 -> 0
SCRIPT       : Chernarus::Weather::Overcast:: ( 17.1397 )  overcast: 0.0331431
SCRIPT       : Chernarus::Weather::Overcast::Rain:: ( 17.1397 ) 0
SCRIPT       : Chernarus::Weather::Rain::ForceEnd:: ( 17.1866 ) 0 -> 0
SCRIPT       : Chernarus::Weather::Rain::ForceEnd:: ( 17.2533 ) 0 -> 0
SCRIPT       : Chernarus::Weather::Fog:: ( 17.3156 ) 0.0788525
SCRIPT       : Chernarus::Weather::Rain::ForceEnd:: ( 17.32 ) 0 -> 0
SCRIPT       : Chernarus::Weather::Rain::ForceEnd:: ( 17.3867 ) 0 -> 0
SCRIPT       : Chernarus::Weather::Rain::ForceEnd:: ( 17.4534 ) 0 -> 0
SCRIPT       : Chernarus::Weather::Rain:: ( 17.5201 ) 0
SCRIPT       : Chernarus::Weather::Rain:: ( 17.5679 ) 0.397595
SCRIPT       : Chernarus::Weather::Rain:: ( 17.5906 ) 0.266814
SCRIPT       : Chernarus::Weather::Rain:: ( 17.6223 ) 0.107027
SCRIPT       : Chernarus::Weather::Rain:: ( 17.6484 ) 0.333057
SCRIPT       : Chernarus::Weather::Rain:: ( 17.6723 ) 0.0129154
SCRIPT       : Chernarus::Weather::Rain:: ( 17.7062 ) 0.462497
SCRIPT       : Chernarus::Weather::Rain:: ( 17.7329 ) 0.123389
SCRIPT       : Chernarus::Weather::Rain:: ( 17.759 ) 0.17908
SCRIPT       : Chernarus::Weather::Rain:: ( 17.7785 ) 0.293847
SCRIPT       : Chernarus::Weather::Rain:: ( 17.7996 ) 0.116068
SCRIPT       : Chernarus::Weather::Fog:: ( 17.8193 ) 0.0653283
SCRIPT       : Chernarus::Weather::Rain:: ( 17.841 ) 0.148045
SCRIPT       : Chernarus::Weather::Rain:: ( 18.4549 ) 0
SCRIPT       : Chernarus::Weather::Overcast:: ( 18.5988 )  overcast: 0.600183
SCRIPT       : Chernarus::Weather::Overcast::Rain:: ( 18.5988 ) 0.101733
SCRIPT       : Chernarus::Weather::Rain::ForceEnd:: ( 18.6533 ) 0.140205 -> 0
SCRIPT       : Chernarus::Weather::Rain::ForceEnd:: ( 19.1202 ) 0 -> 0
SCRIPT       : Chernarus::Weather::Rain::ForceEnd:: ( 19.587 ) 0 -> 0
SCRIPT       : Chernarus::Weather::Rain::ForceEnd:: ( 20.0539 ) 0 -> 0
SCRIPT       : Chernarus::Weather::Rain::ForceEnd:: ( 20.5208 ) 0 -> 0
SCRIPT       : Chernarus::Weather::Rain::ForceEnd:: ( 20.9877 ) 0 -> 0
SCRIPT       : Chernarus::Weather::Rain::ForceEnd:: ( 21.4545 ) 0 -> 0
SCRIPT       : Chernarus::Weather::Rain::ForceEnd:: ( 21.9214 ) 0 -> 0
SCRIPT       : Chernarus::Weather::Rain::ForceEnd:: ( 22.3883 ) 0 -> 0
SCRIPT       : Chernarus::Weather::Rain::ForceEnd:: ( 22.8552 ) 0 -> 0
SCRIPT       : Chernarus::Weather::Rain::ForceEnd:: ( 23.322 ) 0 -> 0
SCRIPT       : Chernarus::Weather::Overcast:: ( 23.4859 )  overcast: 0.245131
SCRIPT       : Chernarus::Weather::Overcast::Rain:: ( 23.4859 ) 0
SCRIPT       : Chernarus::Weather::Rain::ForceEnd:: ( 23.7889 ) 0 -> 0
SCRIPT       : Chernarus::Weather::Rain::ForceEnd:: ( 0.255802 ) 0 -> 0
SCRIPT       : Chernarus::Weather::Rain::ForceEnd:: ( 0.722678 ) 0 -> 0
SCRIPT       : Chernarus::Weather::Fog:: ( 0.908392 ) 0.0582751
SCRIPT       : Chernarus::Weather::Rain::ForceEnd:: ( 1.18956 ) 0 -> 0
SCRIPT       : Chernarus::Weather::Rain::ForceEnd:: ( 1.65643 ) 0 -> 0
SCRIPT       : Chernarus::Weather::Rain::ForceEnd:: ( 2.12331 ) 0 -> 0
SCRIPT       : Chernarus::Weather::Rain::ForceEnd:: ( 2.59019 ) 0 -> 0
SCRIPT       : Chernarus::Weather::Rain::ForceEnd:: ( 3.05706 ) 0 -> 0
SCRIPT       : Chernarus::Weather::Rain::ForceEnd:: ( 3.52394 ) 0 -> 0
SCRIPT       : Chernarus::Weather::Rain::ForceEnd:: ( 3.99082 ) 0 -> 0
SCRIPT       : Chernarus::Weather::Fog:: ( 4.434 ) 0.0326792
SCRIPT       : Chernarus::Weather::Rain::ForceEnd:: ( 4.4577 ) 0 -> 0
SCRIPT       : Chernarus::Weather::Overcast:: ( 4.73534 )  overcast: 0.295267
SCRIPT       : Chernarus::Weather::Overcast::Rain:: ( 4.73534 ) 0
SCRIPT       : Chernarus::Weather::Rain::ForceEnd:: ( 4.92458 ) 0 -> 0
SCRIPT       : Chernarus::Weather::Rain::ForceEnd:: ( 5.39146 ) 0 -> 0
SCRIPT       : Chernarus::Weather::Rain::ForceEnd:: ( 5.85833 ) 0 -> 0
SCRIPT       : Chernarus::Weather::Rain::ForceEnd:: ( 6.2783 ) 0 -> 0
SCRIPT       : Chernarus::Weather::Rain::ForceEnd:: ( 6.345 ) 0 -> 0
SCRIPT       : Chernarus::Weather::Rain::ForceEnd:: ( 6.41169 ) 0 -> 0
SCRIPT       : Chernarus::Weather::Rain::ForceEnd:: ( 6.47839 ) 0 -> 0
SCRIPT       : Chernarus::Weather::Fog:: ( 6.51179 ) 0.025919
SCRIPT       : Chernarus::Weather::Rain::ForceEnd:: ( 6.54509 ) 0 -> 0
SCRIPT       : Chernarus::Weather::Rain::ForceEnd:: ( 6.61178 ) 0 -> 0
SCRIPT       : Chernarus::Weather::Fog:: ( 6.67782 ) 0.130066
SCRIPT       : Chernarus::Weather::Rain::ForceEnd:: ( 6.67848 ) 0 -> 0
SCRIPT       : Chernarus::Weather::Rain::ForceEnd:: ( 6.74518 ) 0 -> 0
SCRIPT       : Chernarus::Weather::Overcast:: ( 6.76697 )  overcast: 0.353258
SCRIPT       : Chernarus::Weather::Overcast::Rain:: ( 6.76697 ) 0
SCRIPT       : Chernarus::Weather::Rain::ForceEnd:: ( 6.81187 ) 0 -> 0
SCRIPT       : Chernarus::Weather::Fog:: ( 6.84386 ) 0.306709
SCRIPT       : Chernarus::Weather::Rain::ForceEnd:: ( 6.87857 ) 0 -> 0
SCRIPT       : Chernarus::Weather::Rain:: ( 6.94527 ) 0
SCRIPT       : Chernarus::Weather::Rain:: ( 7.05558 ) 0
SCRIPT       : Chernarus::Weather::Rain::ForceStorm:: ( 7.17141 ) 0 -> 0.971227
SCRIPT       : Chernarus::Weather::Rain::ForceStorm:: ( 7.19697 ) 0.971077 -> 0.860372
SCRIPT       : Chernarus::Weather::Rain::ForceStorm:: ( 7.21476 ) 0.86043 -> 0.817884
SCRIPT       : Chernarus::Weather::Rain::ForceStorm:: ( 7.24088 ) 0.818389 -> 0.907566
SCRIPT       : Chernarus::Weather::Rain::ForceStorm:: ( 7.28311 ) 0.907566 -> 0.874001
SCRIPT       : Chernarus::Weather::Rain::ForceStorm:: ( 7.31979 ) 0.874001 -> 0.818342
SCRIPT       : Chernarus::Weather::Rain::ForceStorm:: ( 7.35092 ) 0.818342 -> 0.823359
SCRIPT       : Chernarus::Weather::Rain::ForceStorm:: ( 7.3787 ) 0.823359 -> 0.890164
SCRIPT       : Chernarus::Weather::Rain::ForceStorm:: ( 7.4165 ) 0.888256 -> 0.962682
SCRIPT       : Chernarus::Weather::Overcast:: ( 7.44637 )  overcast: 0.925193
SCRIPT       : Chernarus::Weather::Overcast::Rain:: ( 7.44637 ) 0.961969
SCRIPT       : Chernarus::Weather::Rain::ForceStorm:: ( 7.44651 ) 0.962315 -> 0.887686
SCRIPT       : Chernarus::Weather::Rain:: ( 7.49375 ) 0.887686
SCRIPT       : Chernarus::Weather::Rain:: ( 7.51542 ) 0.590289
SCRIPT       : Chernarus::Weather::Rain:: ( 7.54543 ) 0.224395
SCRIPT       : Chernarus::Weather::Rain:: ( 7.57155 ) 0.0765715
SCRIPT       : Chernarus::Weather::Rain:: ( 7.59767 ) 0.326456
SCRIPT       : Chernarus::Weather::Rain::ForceEnd:: ( 7.64324 ) 0.448699 -> 0
SCRIPT       : Chernarus::Weather::Rain::ForceEnd:: ( 7.70994 ) 0 -> 0
SCRIPT       : Chernarus::Weather::Rain::ForceEnd:: ( 7.77664 ) 0 -> 0
SCRIPT       : Chernarus::Weather::Rain::ForceEnd:: ( 7.84333 ) 0 -> 0
SCRIPT       : Chernarus::Weather::Fog:: ( 7.85935 ) 0.0475768
SCRIPT       : Chernarus::Weather::Rain::ForceEnd:: ( 7.91003 ) 0 -> 0
SCRIPT       : Chernarus::Weather::Rain::ForceEnd:: ( 7.97673 ) 0 -> 0
SCRIPT       : Chernarus::Weather::Rain::ForceEnd:: ( 8.04342 ) 0 -> 0
SCRIPT       : Chernarus::Weather::Rain::ForceEnd:: ( 8.11012 ) 0 -> 0
SCRIPT       : Chernarus::Weather::Rain::ForceEnd:: ( 8.17682 ) 0 -> 0
SCRIPT       : Chernarus::Weather::Overcast:: ( 8.21278 )  overcast: 0.222507
SCRIPT       : Chernarus::Weather::Overcast::Rain:: ( 8.21278 ) 0
SCRIPT       : Chernarus::Weather::Rain::ForceEnd:: ( 8.24351 ) 0 -> 0
SCRIPT       : Chernarus::Weather::Rain::ForceEnd:: ( 8.31021 ) 0 -> 0
SCRIPT       : Chernarus::Weather::Fog:: ( 8.36302 ) 0.054338
SCRIPT       : Chernarus::Weather::Rain::ForceEnd:: ( 8.37691 ) 0 -> 0
SCRIPT       : Chernarus::Weather::Rain::ForceEnd:: ( 8.4436 ) 0 -> 0
SCRIPT       : Chernarus::Weather::Rain::ForceEnd:: ( 8.5103 ) 0 -> 0
SCRIPT       : Chernarus::Weather::Rain:: ( 8.577 ) 0
SCRIPT       : Chernarus::Weather::Rain:: ( 8.597 ) 0.258754
SCRIPT       : Chernarus::Weather::Rain:: ( 8.64647 ) 0.409259
SCRIPT       : Chernarus::Weather::Rain:: ( 8.67536 ) 0.249585
SCRIPT       : Chernarus::Weather::Rain:: ( 8.70315 ) 0.233186
SCRIPT       : Chernarus::Weather::Rain:: ( 8.80409 ) 0
SCRIPT       : Chernarus::Weather::Rain:: ( 8.83132 ) 0.16733
SCRIPT       : Chernarus::Weather::Overcast:: ( 8.83986 )  overcast: 0.602515
SCRIPT       : Chernarus::Weather::Overcast::Rain:: ( 8.83986 ) 0.209946
SCRIPT       : Chernarus::Weather::Rain::ForceEnd:: ( 8.86355 ) 0.327995 -> 0
SCRIPT       : Chernarus::Weather::Rain::ForceEnd:: ( 8.93025 ) 0 -> 0
SCRIPT       : Chernarus::Weather::Rain::ForceEnd:: ( 8.99694 ) 0 -> 0
SCRIPT       : Chernarus::Weather::Rain::ForceEnd:: ( 9.06364 ) 0 -> 0
SCRIPT       : Chernarus::Weather::Rain::ForceEnd:: ( 9.13034 ) 0 -> 0
SCRIPT       : Chernarus::Weather::Rain::ForceEnd:: ( 9.19703 ) 0 -> 0
SCRIPT       : Chernarus::Weather::Rain::ForceEnd:: ( 9.26373 ) 0 -> 0
SCRIPT       : Chernarus::Weather::Rain::ForceEnd:: ( 9.33043 ) 0 -> 0
SCRIPT       : Chernarus::Weather::Fog:: ( 9.37854 ) 0.142149
SCRIPT       : Chernarus::Weather::Rain::ForceEnd:: ( 9.39712 ) 0 -> 0
SCRIPT       : Chernarus::Weather::Rain::ForceEnd:: ( 9.46382 ) 0 -> 0
SCRIPT       : Chernarus::Weather::Rain::ForceEnd:: ( 9.53052 ) 0 -> 0
SCRIPT       : Chernarus::Weather::Rain::ForceEnd:: ( 9.59721 ) 0 -> 0
SCRIPT       : Chernarus::Weather::Rain::ForceEnd:: ( 9.66391 ) 0 -> 0
SCRIPT       : Chernarus::Weather::Overcast:: ( 9.68759 )  overcast: 0.393561
SCRIPT       : Chernarus::Weather::Overcast::Rain:: ( 9.68759 ) 0
SCRIPT       : Chernarus::Weather::Rain::ForceEnd:: ( 9.73061 ) 0 -> 0
SCRIPT       : Chernarus::Weather::Rain::ForceEnd:: ( 9.7973 ) 0 -> 0
SCRIPT       : Chernarus::Weather::Rain::ForceEnd:: ( 9.864 ) 0 -> 0
SCRIPT       : Chernarus::Weather::Rain::ForceEnd:: ( 9.9307 ) 0 -> 0
SCRIPT       : Chernarus::Weather::Rain::ForceEnd:: ( 9.99739 ) 0 -> 0
SCRIPT       : Chernarus::Weather::Rain::ForceEnd:: ( 10.0641 ) 0 -> 0
SCRIPT       : Chernarus::Weather::Rain::ForceEnd:: ( 10.1308 ) 0 -> 0
SCRIPT       : Chernarus::Weather::Rain::ForceEnd:: ( 10.1975 ) 0 -> 0
SCRIPT       : Chernarus::Weather::Rain::ForceEnd:: ( 10.2642 ) 0 -> 0
SCRIPT       : Chernarus::Weather::Rain::ForceEnd:: ( 10.3309 ) 0 -> 0
SCRIPT       : Chernarus::Weather::Fog:: ( 10.394 ) 0.0798181
SCRIPT       : Chernarus::Weather::Rain::ForceEnd:: ( 10.3976 ) 0 -> 0
SCRIPT       : Chernarus::Weather::Overcast:: ( 10.4619 )  overcast: 0.505213
SCRIPT       : Chernarus::Weather::Overcast::Rain:: ( 10.4619 ) 0
SCRIPT       : Chernarus::Weather::Rain::ForceEnd:: ( 10.4643 ) 0 -> 0
SCRIPT       : Chernarus::Weather::Rain::ForceEnd:: ( 10.531 ) 0 -> 0
SCRIPT       : ~PluginMCKLogs Closed
SCRIPT       : ~DayZGame()
