---------------------------------------------
Log C:\Program Files (x86)\Steam\steamapps\common\DayZServer\myprofile\script_2021-05-04_22-32-54.log started at 04.05. 22:32:54

SCRIPT       : Registered 228 temporary action enum(s), UAN==228
SCRIPT       : CreateGame()
SCRIPT       : ... Backlit Effects Enabled
SCRIPT    (W): @"deerisle/Deerisle_Security_System/scripts/4_World/deerisle-security-system\config\securityconfig.c,49": Missing ';' at the end of line
SCRIPT    (E): @"ZomBerry/AT/scripts/5_Mission/zomberrymenu.c,631": Unknown type 'CallType'
SCRIPT    (E): @"ZomBerry/AT/scripts/5_Mission/zomberrymenu.c,631": Error in parameters
SCRIPT    (E): @"ZomBerry/AT/scripts/5_Mission/zomberrymenu.c,685": Unknown type 'CallType'
SCRIPT    (E): @"ZomBerry/AT/scripts/5_Mission/zomberrymenu.c,685": Error in parameters
SCRIPT    (E): @"ZomBerry/AT/scripts/5_Mission/zomberry.c,173": Unknown type 'CallType'
SCRIPT    (E): @"ZomBerry/AT/scripts/5_Mission/zomberry.c,173": Error in parameters
SCRIPT    (E): @"ZomBerry/AT/scripts/5_Mission/zomberry.c,209": Unknown type 'CallType'
SCRIPT    (E): @"ZomBerry/AT/scripts/5_Mission/zomberry.c,209": Error in parameters
SCRIPT    (E): @"ZomBerry/AT/scripts/5_Mission/zomberry.c,265": Unknown type 'CallType'
SCRIPT    (E): @"ZomBerry/AT/scripts/5_Mission/zomberry.c,265": Error in parameters
SCRIPT    (E): @"ZomBerry/AT/scripts/5_Mission/zomberry.c,286": Unknown type 'CallType'
SCRIPT    (E): @"ZomBerry/AT/scripts/5_Mission/zomberry.c,286": Error in parameters
SCRIPT    (E): @"ZomBerry/AT/scripts/5_Mission/zomberry.c,314": Unknown type 'CallType'
SCRIPT    (E): @"ZomBerry/AT/scripts/5_Mission/zomberry.c,314": Error in parameters
SCRIPT    (E): @"ZomBerry/AT/scripts/5_Mission/zomberry.c,353": Unknown type 'CallType'
SCRIPT    (E): @"ZomBerry/AT/scripts/5_Mission/zomberry.c,353": Error in parameters
SCRIPT    (E): Can't compile "Mission" script module!

ZomBerry/AT/scripts/5_Mission/zomberrymenu.c(631): Unknown type 'CallType'
SCRIPT    (E): Failed to load mission scripts!
SCRIPT       : ~DayZGame()
