---------------------------------------------
Log C:\Program Files (x86)\Steam\steamapps\common\DayZServer\myprofile\script_2021-04-21_22-55-56.log started at 21.04. 22:55:57

SCRIPT       : Registered 230 temporary action enum(s), UAN==230
SCRIPT       : CF_CreateGame()
SCRIPT       : ... Backlit Effects Enabled
SCRIPT       : DZM_Projects Map! by DaOne
SCRIPT    (W): @"deerisle/Deerisle_Security_System/scripts/4_World/deerisle-security-system\config\securityconfig.c,49": Missing ';' at the end of line
SCRIPT    (W): @"CannabisPlus/scripts/4_world/cannabisplus.c,391": Missing ';' at the end of line
SCRIPT    (W): @"ModularVestSystem/scripts/4_World/mvs_taco.c,19": Missing ';' at the end of line
SCRIPT    (W): @"LBmaster_UndergroundLighting/scripts/5_Mission/UndergroundLighting/mission/эѓљ*лњФы.rvmat,295": Unsafe down-casting, use 'PlayerBase.Cast' for safe down-casting
SCRIPT    (W): @"ZomBerry/AT/scripts/5_Mission/zomberrystockfnc.c,218": No need to use 'Cast' for up-casting
SCRIPT    (W): @"ZomBerry/AT/scripts/5_Mission/zomberrystockfnc.c,225": No need to use 'Cast' for up-casting
SCRIPT    (W): @"ZomBerry/AT/scripts/5_Mission/zomberrystockfnc.c,234": No need to use 'Cast' for up-casting
SCRIPT       : Creating ModuleManager
SCRIPT       : CF_CreateWorld()
SCRIPT       : Modules Loaded
SCRIPT    (E): JSON ERROR $CurrentDir:mpmissions\Expansion.deerisle\init.c:120
SCRIPT    (E): 
JSON ERROR:
Invalid value.
Function: 'Error'
Stack trace:
scripts/1_Core/proto\endebug.c:44
scripts/3_Game/tools\jsonfileloader.c:29
VanillaPPMap/3_Game/json\jsoncachemanager.c:14
VanillaPPMap/3_Game/json\jsoncachemanager.c:9
VanillaPPMap/3_Game/json\servermarkerscache.c:5
VanillaPPMap/5_Mission/missionserver.c:4
$CurrentDir:mpmissions\Expansion.deerisle\init.c:120
SCRIPT       : 21.04.2021 22:56:11 [ZomBerry]: Starting Server side v0.6.2
SCRIPT       : GetDeerIsleBase()...
SCRIPT       : 21.04.2021 22:56:11 [ZomBerryConfig]: INFO: Profile dir is: myprofile
SCRIPT       : 21.04.2021 22:56:11 [ZomBerryConfig]: INFO: Config files will be loaded from: myprofile
SCRIPT       : 21.04.2021 22:56:11 [ZomBerryLogger]: INFO: Will try to create ZomBerry log file in profile directory: myprofile\ZomBerry\
SCRIPT       : 21.04.2021 22:56:11 [ZomBerryLogger]: INFO: Switching to logfile: $profile:ZomBerry\ZomBerry_21-04-2021_22-56-11.log
SCRIPT       : [CP] Config Sucessfully loaded!
SCRIPT       : [wpnfsm] Warning! OnStoreLoad - cannot load curent weapon state, id=0
SCRIPT       : [wpnfsm] Warning! OnStoreLoad - cannot load curent weapon state, id=0
SCRIPT       : [wpnfsm] Warning! OnStoreLoad - cannot load curent weapon state, id=0
SCRIPT       : [wpnfsm] Warning! OnStoreLoad - cannot load curent weapon state, id=0
SCRIPT       : [wpnfsm] Warning! OnStoreLoad - cannot load curent weapon state, id=0
SCRIPT       : [wpnfsm] Warning! OnStoreLoad - cannot load curent weapon state, id=0
SCRIPT       : [wpnfsm] Warning! OnStoreLoad - cannot load curent weapon state, id=0
SCRIPT       : [wpnfsm] Warning! OnStoreLoad - cannot load curent weapon state, id=0
SCRIPT       : [wpnfsm] Warning! OnStoreLoad - cannot load curent weapon state, id=0
SCRIPT       : [wpnfsm] Warning! OnStoreLoad - cannot load curent weapon state, id=0
SCRIPT       : [wpnfsm] Warning! OnStoreLoad - cannot load curent weapon state, id=0
SCRIPT       : [wpnfsm] Warning! OnStoreLoad - cannot load curent weapon state, id=0
SCRIPT       : [wpnfsm] Warning! OnStoreLoad - cannot load curent weapon state, id=0
SCRIPT       : [wpnfsm] Warning! OnStoreLoad - cannot load curent weapon state, id=0
SCRIPT       : [wpnfsm] Warning! OnStoreLoad - cannot load curent weapon state, id=0
SCRIPT       : [wpnfsm] Warning! OnStoreLoad - cannot load curent weapon state, id=0
SCRIPT       : [wpnfsm] Warning! OnStoreLoad - cannot load curent weapon state, id=0
SCRIPT       : [wpnfsm] Warning! OnStoreLoad - cannot load curent weapon state, id=0
SCRIPT       : [wpnfsm] Warning! OnStoreLoad - cannot load curent weapon state, id=0
SCRIPT       : [wpnfsm] Warning! OnStoreLoad - cannot load curent weapon state, id=0
SCRIPT       : [wpnfsm] Warning! OnStoreLoad - cannot load curent weapon state, id=0
SCRIPT       : [wpnfsm] Warning! OnStoreLoad - cannot load curent weapon state, id=0
SCRIPT       : [wpnfsm] Warning! OnStoreLoad - cannot load curent weapon state, id=0
SCRIPT       : [wpnfsm] Warning! OnStoreLoad - cannot load curent weapon state, id=0
SCRIPT       : [wpnfsm] Warning! OnStoreLoad - cannot load curent weapon state, id=0
SCRIPT       : [wpnfsm] Warning! OnStoreLoad - cannot load curent weapon state, id=0
SCRIPT       : [wpnfsm] Warning! OnStoreLoad - cannot load curent weapon state, id=0
SCRIPT       : [wpnfsm] Warning! OnStoreLoad - cannot load curent weapon state, id=0
SCRIPT       : [wpnfsm] Warning! OnStoreLoad - cannot load curent weapon state, id=0
SCRIPT       : [wpnfsm] Warning! OnStoreLoad - cannot load curent weapon state, id=0
SCRIPT       : [wpnfsm] Warning! OnStoreLoad - cannot load curent weapon state, id=0
SCRIPT       : [wpnfsm] Warning! OnStoreLoad - cannot load curent weapon state, id=0
SCRIPT       : [wpnfsm] Warning! OnStoreLoad - cannot load curent weapon state, id=0
SCRIPT       : [wpnfsm] Warning! OnStoreLoad - cannot load curent weapon state, id=0
SCRIPT       : [wpnfsm] Warning! OnStoreLoad - cannot load curent weapon state, id=0
SCRIPT       : [wpnfsm] Warning! OnStoreLoad - cannot load curent weapon state, id=0
SCRIPT       : [wpnfsm] Warning! OnStoreLoad - cannot load curent weapon state, id=0
SCRIPT       : [wpnfsm] Warning! OnStoreLoad - cannot load curent weapon state, id=0
SCRIPT       : [wpnfsm] Warning! OnStoreLoad - cannot load curent weapon state, id=0
SCRIPT       : [wpnfsm] Warning! OnStoreLoad - cannot load curent weapon state, id=0
SCRIPT       : [wpnfsm] Warning! OnStoreLoad - cannot load curent weapon state, id=0
SCRIPT       : [wpnfsm] Warning! OnStoreLoad - cannot load curent weapon state, id=0
SCRIPT       : [wpnfsm] Warning! OnStoreLoad - cannot load curent weapon state, id=0
SCRIPT       : [wpnfsm] Warning! OnStoreLoad - cannot load curent weapon state, id=0
SCRIPT       : [wpnfsm] Warning! OnStoreLoad - cannot load curent weapon state, id=0
SCRIPT       : [wpnfsm] Warning! OnStoreLoad - cannot load curent weapon state, id=0
SCRIPT       : [wpnfsm] Warning! OnStoreLoad - cannot load curent weapon state, id=0
SCRIPT       : [wpnfsm] Warning! OnStoreLoad - cannot load curent weapon state, id=0
SCRIPT       : [wpnfsm] Warning! OnStoreLoad - cannot load curent weapon state, id=0
SCRIPT       : [wpnfsm] Warning! OnStoreLoad - cannot load curent weapon state, id=0
SCRIPT       : Chernarus::Weather::Rain::ForceEnd:: ( 9.64689 ) 0 -> 0
SCRIPT       : [CP] -> Sucessfully sent: BnYrB CP Plus Config!
SCRIPT       : AnimSoundObjectBuilderBank: Invalid sound set "generalgrunt_SoundVoice_Char_SoundSet".
SCRIPT       : AnimSoundObjectBuilderBank: Invalid sound set "greathelmet_generalgrunt_SoundVoice_Char_SoundSet".
SCRIPT       : AnimSoundObjectBuilderBank: Invalid sound set "Gasmask_generalgrunt_SoundVoice_Char_SoundSet".
SCRIPT       : AnimSoundObjectBuilderBank: Invalid sound set "Motohelmet_generalgrunt_SoundVoice_Char_SoundSet".
SCRIPT       : AnimSoundObjectBuilderBank: Invalid sound set "Gag_generalgrunt_SoundVoice_Char_SoundSet".
SCRIPT       : ********* LoadStats loading version: 115
SCRIPT       : LOAD checksum:1213035715
SCRIPT       : ---- PlayerBase OnStoreLoad SUCCESS ----
SCRIPT    (E): JSON ERROR JM/CF/Scripts/3_Game/communityframework\game\dayzgame.c:29
SCRIPT    (E): 
JSON ERROR:
Invalid value.
Function: 'Error'
Stack trace:
scripts/1_Core/proto\endebug.c:44
scripts/3_Game/tools\jsonfileloader.c:29
VanillaPPMap/3_Game/json\jsoncachemanager.c:14
VanillaPPMap/3_Game/json\servermarkerscache.c:21
VanillaPPMap/5_Mission/missionserver.c:13
JM/CF/Scripts/3_Game/communityframework\rpc\rpcmanager.c:245
scripts/3_Game/dayzgame.c:2453
JM/CF/Scripts/3_Game/communityframework\game\dayzgame.c:29
SCRIPT    (E): JSON ERROR JM/CF/Scripts/3_Game/communityframework\game\dayzgame.c:29
SCRIPT    (E): 
JSON ERROR:
Invalid value.
Function: 'Error'
Stack trace:
scripts/1_Core/proto\endebug.c:44
scripts/3_Game/tools\jsonfileloader.c:29
VanillaPPMap/3_Game/json\jsoncachemanager.c:14
VanillaPPMap/3_Game/json\servermarkerscache.c:26
VanillaPPMap/5_Mission/missionserver.c:18
JM/CF/Scripts/3_Game/communityframework\rpc\rpcmanager.c:245
scripts/3_Game/dayzgame.c:2453
JM/CF/Scripts/3_Game/communityframework\game\dayzgame.c:29
SCRIPT    (E): JSON ERROR JM/CF/Scripts/3_Game/communityframework\game\dayzgame.c:29
SCRIPT    (E): 
JSON ERROR:
Invalid value.
Function: 'Error'
Stack trace:
scripts/1_Core/proto\endebug.c:44
scripts/3_Game/tools\jsonfileloader.c:29
VanillaPPMap/3_Game/json\jsoncachemanager.c:14
VanillaPPMap/5_Mission/missionserver.c:24
JM/CF/Scripts/3_Game/communityframework\rpc\rpcmanager.c:245
scripts/3_Game/dayzgame.c:2453
JM/CF/Scripts/3_Game/communityframework\game\dayzgame.c:29
SCRIPT    (E): JSON ERROR JM/CF/Scripts/3_Game/communityframework\game\dayzgame.c:29
SCRIPT    (E): 
JSON ERROR:
Invalid value.
Function: 'Error'
Stack trace:
scripts/1_Core/proto\endebug.c:44
scripts/3_Game/tools\jsonfileloader.c:29
VanillaPPMap/3_Game/json\jsoncachemanager.c:14
VanillaPPMap/3_Game/json\servermarkerscache.c:31
VanillaPPMap/5_Mission/missionserver.c:38
JM/CF/Scripts/3_Game/communityframework\rpc\rpcmanager.c:245
scripts/3_Game/dayzgame.c:2453
JM/CF/Scripts/3_Game/communityframework\game\dayzgame.c:29
SCRIPT       : Chernarus::Weather::Rain::ForceEnd:: ( 9.71358 ) 0 -> 0
SCRIPT       : SAVE CHECKSUM:1213035715
SCRIPT       : Chernarus::Weather::Rain::ForceEnd:: ( 9.78028 ) 0 -> 0
SCRIPT       : Chernarus::Weather::Overcast:: ( 9.78816 )  overcast: 0.467806
SCRIPT       : Chernarus::Weather::Overcast::Rain:: ( 9.78816 ) 0
SCRIPT       : SAVE CHECKSUM:1213035715
SCRIPT       : [CP] -> Sucessfully sent: GalaxyPanda CP Plus Config!
SCRIPT       : Chernarus::Weather::Rain::ForceEnd:: ( 9.84698 ) 0 -> 0
SCRIPT    (E): JSON ERROR JM/CF/Scripts/3_Game/communityframework\game\dayzgame.c:29
SCRIPT    (E): 
JSON ERROR:
Invalid value.
Function: 'Error'
Stack trace:
scripts/1_Core/proto\endebug.c:44
scripts/3_Game/tools\jsonfileloader.c:29
VanillaPPMap/3_Game/json\jsoncachemanager.c:14
VanillaPPMap/3_Game/json\servermarkerscache.c:21
VanillaPPMap/5_Mission/missionserver.c:13
JM/CF/Scripts/3_Game/communityframework\rpc\rpcmanager.c:245
scripts/3_Game/dayzgame.c:2453
JM/CF/Scripts/3_Game/communityframework\game\dayzgame.c:29
SCRIPT    (E): JSON ERROR JM/CF/Scripts/3_Game/communityframework\game\dayzgame.c:29
SCRIPT    (E): 
JSON ERROR:
Invalid value.
Function: 'Error'
Stack trace:
scripts/1_Core/proto\endebug.c:44
scripts/3_Game/tools\jsonfileloader.c:29
VanillaPPMap/3_Game/json\jsoncachemanager.c:14
VanillaPPMap/3_Game/json\servermarkerscache.c:26
VanillaPPMap/5_Mission/missionserver.c:18
JM/CF/Scripts/3_Game/communityframework\rpc\rpcmanager.c:245
scripts/3_Game/dayzgame.c:2453
JM/CF/Scripts/3_Game/communityframework\game\dayzgame.c:29
SCRIPT    (E): JSON ERROR JM/CF/Scripts/3_Game/communityframework\game\dayzgame.c:29
SCRIPT    (E): 
JSON ERROR:
Invalid value.
Function: 'Error'
Stack trace:
scripts/1_Core/proto\endebug.c:44
scripts/3_Game/tools\jsonfileloader.c:29
VanillaPPMap/3_Game/json\jsoncachemanager.c:14
VanillaPPMap/5_Mission/missionserver.c:24
JM/CF/Scripts/3_Game/communityframework\rpc\rpcmanager.c:245
scripts/3_Game/dayzgame.c:2453
JM/CF/Scripts/3_Game/communityframework\game\dayzgame.c:29
SCRIPT    (E): JSON ERROR JM/CF/Scripts/3_Game/communityframework\game\dayzgame.c:29
SCRIPT    (E): 
JSON ERROR:
Invalid value.
Function: 'Error'
Stack trace:
scripts/1_Core/proto\endebug.c:44
scripts/3_Game/tools\jsonfileloader.c:29
VanillaPPMap/3_Game/json\jsoncachemanager.c:14
VanillaPPMap/3_Game/json\servermarkerscache.c:31
VanillaPPMap/5_Mission/missionserver.c:38
JM/CF/Scripts/3_Game/communityframework\rpc\rpcmanager.c:245
scripts/3_Game/dayzgame.c:2453
JM/CF/Scripts/3_Game/communityframework\game\dayzgame.c:29
SCRIPT       : SAVE CHECKSUM:1213035715
SCRIPT       : SAVE CHECKSUM:1213035715
SCRIPT       : Chernarus::Weather::Rain::ForceEnd:: ( 9.91367 ) 0 -> 0
SCRIPT       : SAVE CHECKSUM:1213035715
SCRIPT       : SAVE CHECKSUM:1213035715
SCRIPT       : material = FireWood; quantity = 1
SCRIPT       : Chernarus::Weather::Rain::ForceEnd:: ( 9.98037 ) 0 -> 0
SCRIPT       : material = WoodenStick; quantity = 1
SCRIPT       : SAVE CHECKSUM:1213035715
SCRIPT       : SAVE CHECKSUM:1213035715
SCRIPT       : Chernarus::Weather::Rain::ForceEnd:: ( 10.0471 ) 0 -> 0
SCRIPT       : Chernarus::Weather::Fog:: ( 10.0597 ) 0.0451096
SCRIPT       : SAVE CHECKSUM:1213035715
SCRIPT       : SAVE id:16
SCRIPT       : SAVE id_bit_offset:4
SCRIPT       : SAVE write_result:1245440
SCRIPT       : SAVE CHECKSUM:1213035715
SCRIPT       : Chernarus::Weather::Rain::ForceEnd:: ( 10.1138 ) 0 -> 0
SCRIPT       : Chernarus::Weather::Rain::ForceEnd:: ( 10.1805 ) 0 -> 0
SCRIPT       : SAVE CHECKSUM:1213035715
SCRIPT       : SAVE CHECKSUM:1213035715
SCRIPT       : Chernarus::Weather::Rain::ForceEnd:: ( 10.2472 ) 0 -> 0
SCRIPT       : SAVE CHECKSUM:1213035715
SCRIPT       : SAVE CHECKSUM:1213035715
SCRIPT       : [CP] -> Sucessfully sent: Cygnus CP Plus Config!
SCRIPT       : [Logout]: New player mBNlxASsPlOcry0dpDl8K-WgHNR5WMCMmoJ9NhpU4FY= with logout time 15
SCRIPT    (E): JSON ERROR JM/CF/Scripts/3_Game/communityframework\game\dayzgame.c:29
SCRIPT    (E): 
JSON ERROR:
Invalid value.
Function: 'Error'
Stack trace:
scripts/1_Core/proto\endebug.c:44
scripts/3_Game/tools\jsonfileloader.c:29
VanillaPPMap/3_Game/json\jsoncachemanager.c:14
VanillaPPMap/3_Game/json\servermarkerscache.c:21
VanillaPPMap/5_Mission/missionserver.c:13
JM/CF/Scripts/3_Game/communityframework\rpc\rpcmanager.c:245
scripts/3_Game/dayzgame.c:2453
JM/CF/Scripts/3_Game/communityframework\game\dayzgame.c:29
SCRIPT    (E): JSON ERROR JM/CF/Scripts/3_Game/communityframework\game\dayzgame.c:29
SCRIPT    (E): 
JSON ERROR:
Invalid value.
Function: 'Error'
Stack trace:
scripts/1_Core/proto\endebug.c:44
scripts/3_Game/tools\jsonfileloader.c:29
VanillaPPMap/3_Game/json\jsoncachemanager.c:14
VanillaPPMap/3_Game/json\servermarkerscache.c:26
VanillaPPMap/5_Mission/missionserver.c:18
JM/CF/Scripts/3_Game/communityframework\rpc\rpcmanager.c:245
scripts/3_Game/dayzgame.c:2453
JM/CF/Scripts/3_Game/communityframework\game\dayzgame.c:29
SCRIPT    (E): JSON ERROR JM/CF/Scripts/3_Game/communityframework\game\dayzgame.c:29
SCRIPT    (E): 
JSON ERROR:
Invalid value.
Function: 'Error'
Stack trace:
scripts/1_Core/proto\endebug.c:44
scripts/3_Game/tools\jsonfileloader.c:29
VanillaPPMap/3_Game/json\jsoncachemanager.c:14
VanillaPPMap/5_Mission/missionserver.c:24
JM/CF/Scripts/3_Game/communityframework\rpc\rpcmanager.c:245
scripts/3_Game/dayzgame.c:2453
JM/CF/Scripts/3_Game/communityframework\game\dayzgame.c:29
SCRIPT    (E): JSON ERROR JM/CF/Scripts/3_Game/communityframework\game\dayzgame.c:29
SCRIPT    (E): 
JSON ERROR:
Invalid value.
Function: 'Error'
Stack trace:
scripts/1_Core/proto\endebug.c:44
scripts/3_Game/tools\jsonfileloader.c:29
VanillaPPMap/3_Game/json\jsoncachemanager.c:14
VanillaPPMap/3_Game/json\servermarkerscache.c:31
VanillaPPMap/5_Mission/missionserver.c:38
JM/CF/Scripts/3_Game/communityframework\rpc\rpcmanager.c:245
scripts/3_Game/dayzgame.c:2453
JM/CF/Scripts/3_Game/communityframework\game\dayzgame.c:29
SCRIPT       : [Logout]: Player mBNlxASsPlOcry0dpDl8K-WgHNR5WMCMmoJ9NhpU4FY= finished
SCRIPT       : SAVE CHECKSUM:1213035715
SCRIPT       : Chernarus::Weather::Rain::ForceEnd:: ( 10.3139 ) 0 -> 0
SCRIPT       : [inv] ReplaceItemWithNewLambdaBase Step B) remove OK, loc={ type=HANDS item=NailBox:027091 parent=SurvivorM_Taiki:02 }
SCRIPT       : UnboxLambda::SetupNewItem new_item=Nail<a3f7e380> count=70
SCRIPT       : [CP] -> Sucessfully sent: BnYrB CP Plus Config!
SCRIPT       : SAVE CHECKSUM:1213035715
SCRIPT       : SAVE CHECKSUM:1213035715
SCRIPT       : ********* LoadStats loading version: 115
SCRIPT       : LOAD checksum:1213035715
SCRIPT       : ---- PlayerBase OnStoreLoad SUCCESS ----
SCRIPT    (E): JSON ERROR JM/CF/Scripts/3_Game/communityframework\game\dayzgame.c:29
SCRIPT    (E): 
JSON ERROR:
Invalid value.
Function: 'Error'
Stack trace:
scripts/1_Core/proto\endebug.c:44
scripts/3_Game/tools\jsonfileloader.c:29
VanillaPPMap/3_Game/json\jsoncachemanager.c:14
VanillaPPMap/3_Game/json\servermarkerscache.c:21
VanillaPPMap/5_Mission/missionserver.c:13
JM/CF/Scripts/3_Game/communityframework\rpc\rpcmanager.c:245
scripts/3_Game/dayzgame.c:2453
JM/CF/Scripts/3_Game/communityframework\game\dayzgame.c:29
SCRIPT    (E): JSON ERROR JM/CF/Scripts/3_Game/communityframework\game\dayzgame.c:29
SCRIPT    (E): 
JSON ERROR:
Invalid value.
Function: 'Error'
Stack trace:
scripts/1_Core/proto\endebug.c:44
scripts/3_Game/tools\jsonfileloader.c:29
VanillaPPMap/3_Game/json\jsoncachemanager.c:14
VanillaPPMap/3_Game/json\servermarkerscache.c:26
VanillaPPMap/5_Mission/missionserver.c:18
JM/CF/Scripts/3_Game/communityframework\rpc\rpcmanager.c:245
scripts/3_Game/dayzgame.c:2453
JM/CF/Scripts/3_Game/communityframework\game\dayzgame.c:29
SCRIPT    (E): JSON ERROR JM/CF/Scripts/3_Game/communityframework\game\dayzgame.c:29
SCRIPT    (E): 
JSON ERROR:
Invalid value.
Function: 'Error'
Stack trace:
scripts/1_Core/proto\endebug.c:44
scripts/3_Game/tools\jsonfileloader.c:29
VanillaPPMap/3_Game/json\jsoncachemanager.c:14
VanillaPPMap/5_Mission/missionserver.c:24
JM/CF/Scripts/3_Game/communityframework\rpc\rpcmanager.c:245
scripts/3_Game/dayzgame.c:2453
JM/CF/Scripts/3_Game/communityframework\game\dayzgame.c:29
SCRIPT    (E): JSON ERROR JM/CF/Scripts/3_Game/communityframework\game\dayzgame.c:29
SCRIPT    (E): 
JSON ERROR:
Invalid value.
Function: 'Error'
Stack trace:
scripts/1_Core/proto\endebug.c:44
scripts/3_Game/tools\jsonfileloader.c:29
VanillaPPMap/3_Game/json\jsoncachemanager.c:14
VanillaPPMap/3_Game/json\servermarkerscache.c:31
VanillaPPMap/5_Mission/missionserver.c:38
JM/CF/Scripts/3_Game/communityframework\rpc\rpcmanager.c:245
scripts/3_Game/dayzgame.c:2453
JM/CF/Scripts/3_Game/communityframework\game\dayzgame.c:29
SCRIPT       : [emote] SurvivorM_Francis:01 play emote id=11 IH=TWP_HoneyBadger:033173
SCRIPT       : SurvivorM_Francis:01 STS=631 event EEKilled, player has died at STS=631
SCRIPT       : EEKilled - processing corpse
SCRIPT       : Chernarus::Weather::Rain::ForceEnd:: ( 10.3806 ) 0 -> 0
SCRIPT       : [inv] ReplaceItemWithNewLambdaBase Step B) remove OK, loc={ type=HANDS item=Pajka:029268 parent=SurvivorM_Taiki:02 }
SCRIPT       : Chernarus::Weather::Overcast:: ( 10.4016 )  overcast: 0.135621
SCRIPT       : Chernarus::Weather::Overcast::Rain:: ( 10.4016 ) 0
SCRIPT       : SAVE CHECKSUM:1213035715
SCRIPT       : SAVE CHECKSUM:1213035715
SCRIPT       : SAVE CHECKSUM:1213035715
SCRIPT       : Chernarus::Weather::Rain::ForceEnd:: ( 10.4473 ) 0 -> 0
SCRIPT       : SAVE CHECKSUM:1213035715
SCRIPT       : SAVE id:42
SCRIPT       : SAVE id_bit_offset:4
SCRIPT       : SAVE write_result:5374628
SCRIPT       : SAVE CHECKSUM:1213035715
SCRIPT       : SAVE CHECKSUM:1213035715
SCRIPT       : Chernarus::Weather::Rain::ForceEnd:: ( 10.5139 ) 0 -> 0
SCRIPT       : SAVE CHECKSUM:1213035715
SCRIPT       : SAVE CHECKSUM:1213035715
SCRIPT       : SAVE CHECKSUM:1213035715
SCRIPT       : Chernarus::Weather::Fog:: ( 10.5633 ) 0.0546965
SCRIPT       : Chernarus::Weather::Rain::ForceEnd:: ( 10.5806 ) 0 -> 0
SCRIPT       : SAVE CHECKSUM:1213035715
SCRIPT       : SAVE CHECKSUM:1213035715
SCRIPT       : SAVE CHECKSUM:1213035715
SCRIPT       : [inv] ReplaceItemWithNewLambdaBase Step B) remove OK, loc={ type=HANDS item=SardinesCan:027852 parent=SurvivorM_Taiki:02 }
SCRIPT       : Chernarus::Weather::Rain::ForceEnd:: ( 10.6473 ) 0 -> 0
SCRIPT       : SAVE CHECKSUM:1213035715
SCRIPT       : SAVE CHECKSUM:1213035715
SCRIPT       : SAVE CHECKSUM:1213035715
SCRIPT       : Chernarus::Weather::Rain::ForceEnd:: ( 10.714 ) 0 -> 0
SCRIPT       : Chernarus::Weather::Rain::ForceEnd:: ( 10.7807 ) 0 -> 0
SCRIPT       : SAVE id:5
SCRIPT       : SAVE id_bit_offset:4
SCRIPT       : SAVE write_result:720976
SCRIPT       : SAVE CHECKSUM:1213035715
SCRIPT       : SAVE CHECKSUM:1213035715
SCRIPT       : SAVE id:32
SCRIPT       : SAVE id_bit_offset:4
SCRIPT       : SAVE write_result:6357505
SCRIPT       : SAVE CHECKSUM:1213035715
SCRIPT       : [inv] ReplaceItemWithNewLambdaBase Step B) remove OK, loc={ type=HANDS item=SardinesCan:027796 parent=SurvivorM_Taiki:02 }
SCRIPT       : Chernarus::Weather::Rain::ForceEnd:: ( 10.8474 ) 0 -> 0
SCRIPT       : SAVE CHECKSUM:1213035715
SCRIPT       : SAVE CHECKSUM:1213035715
SCRIPT       : SAVE CHECKSUM:1213035715
SCRIPT       : Chernarus::Weather::Rain::ForceEnd:: ( 10.9141 ) 0 -> 0
SCRIPT       : SAVE CHECKSUM:1213035715
SCRIPT       : SAVE CHECKSUM:1213035715
SCRIPT       : SAVE CHECKSUM:1213035715
SCRIPT       : Chernarus::Weather::Rain::ForceEnd:: ( 10.9808 ) 0 -> 0
SCRIPT       : SAVE CHECKSUM:1213035715
SCRIPT       : SAVE CHECKSUM:1213035715
SCRIPT       : SAVE CHECKSUM:1213035715
SCRIPT       : Chernarus::Weather::Rain::ForceEnd:: ( 11.0475 ) 0 -> 0
SCRIPT       : [inv] ReplaceItemWithNewLambdaBase Step B) remove OK, loc={ type=HANDS item=SardinesCan:025409 parent=SurvivorM_Taiki:02 }
SCRIPT       : Chernarus::Weather::Overcast:: ( 11.0525 )  overcast: 0.267049
SCRIPT       : Chernarus::Weather::Overcast::Rain:: ( 11.0525 ) 0
SCRIPT       : Chernarus::Weather::Fog:: ( 11.067 ) 0.0564861
SCRIPT       : SAVE CHECKSUM:1213035715
SCRIPT       : SAVE CHECKSUM:1213035715
SCRIPT       : SAVE CHECKSUM:1213035715
SCRIPT       : string s =    'OnUnconsciousStart'
SCRIPT       : Chernarus::Weather::Rain::ForceEnd:: ( 11.1142 ) 0 -> 0
SCRIPT       : string s =    'OnUnconsciousStop'
SCRIPT       : SAVE CHECKSUM:1213035715
SCRIPT       : SAVE CHECKSUM:1213035715
SCRIPT       : SAVE CHECKSUM:1213035715
SCRIPT       : [inv] ReplaceItemWithNewLambdaBase Step B) remove OK, loc={ type=HANDS item=SpaghettiCan:018049 parent=SurvivorM_Taiki:02 }
SCRIPT       : Chernarus::Weather::Rain::ForceEnd:: ( 11.1809 ) 0 -> 0
SCRIPT       : SAVE id:21
SCRIPT       : SAVE id_bit_offset:4
SCRIPT       : SAVE write_result:4129104
SCRIPT       : SAVE CHECKSUM:1213035715
SCRIPT       : SAVE CHECKSUM:1213035715
SCRIPT       : SAVE CHECKSUM:1213035715
SCRIPT       : Chernarus::Weather::Rain::ForceEnd:: ( 11.2476 ) 0 -> 0
SCRIPT       : [inv] ReplaceItemWithNewLambdaBase Step B) remove OK, loc={ type=HANDS item=Pate:013587 parent=SurvivorF_Keiko:04 }
SCRIPT       : SAVE CHECKSUM:1213035715
SCRIPT       : SAVE CHECKSUM:1213035715
SCRIPT       : SAVE id:30
SCRIPT       : SAVE id_bit_offset:4
SCRIPT       : SAVE write_result:66016
SCRIPT       : SAVE CHECKSUM:1213035715
SCRIPT       : Chernarus::Weather::Rain::ForceEnd:: ( 11.3143 ) 0 -> 0
SCRIPT       : [inv] ReplaceItemWithNewLambdaBase Step B) remove OK, loc={ type=HANDS item=AmmoBox_45ACP_25rnd:04872 parent=SurvivorM_Taiki:02 }
SCRIPT       : UnboxLambda::SetupNewMagazine new_item=Ammo_45ACP<b259f0c0> count=25
SCRIPT       : [inv] ReplaceItemWithNewLambdaBase Step B) remove OK, loc={ type=CARGO item=PeachesCan:029880 parent=ZmbF_CitizenANormal_Beige:0520 idx=0 row=0 col=0 f=false }
SCRIPT       : Chernarus::Weather::Rain::ForceEnd:: ( 11.381 ) 0 -> 0
SCRIPT       : SAVE CHECKSUM:1213035715
SCRIPT       : SAVE CHECKSUM:1213035715
SCRIPT       : SAVE id:4
SCRIPT       : SAVE id_bit_offset:4
SCRIPT       : SAVE write_result:7929920
SCRIPT       : SAVE id:5
SCRIPT       : SAVE id_bit_offset:4
SCRIPT       : SAVE write_result:10420304
SCRIPT       : SAVE id:1
SCRIPT       : SAVE id_bit_offset:4
SCRIPT       : SAVE write_result:6684688
SCRIPT       : SAVE CHECKSUM:1213035715
SCRIPT       : Chernarus::Weather::Rain::ForceEnd:: ( 11.4477 ) 0 -> 0
SCRIPT       : SAVE CHECKSUM:1213035715
SCRIPT       : SAVE id:32
SCRIPT       : SAVE id_bit_offset:4
SCRIPT       : SAVE write_result:1311233
SCRIPT       : SAVE CHECKSUM:1213035715
SCRIPT       : SAVE id:5
SCRIPT       : SAVE id_bit_offset:4
SCRIPT       : SAVE write_result:80
SCRIPT       : SAVE id:78
SCRIPT       : SAVE id_bit_offset:4
SCRIPT       : SAVE write_result:14615776
SCRIPT       : SAVE CHECKSUM:1213035715
SCRIPT       : Chernarus::Weather::Rain::ForceEnd:: ( 11.5144 ) 0 -> 0
SCRIPT       : SAVE CHECKSUM:1213035715
SCRIPT       : SAVE id:78
SCRIPT       : SAVE id_bit_offset:4
SCRIPT       : SAVE write_result:4064480
SCRIPT       : SAVE CHECKSUM:1213035715
SCRIPT       : SAVE id:78
SCRIPT       : SAVE id_bit_offset:4
SCRIPT       : SAVE write_result:6096096
SCRIPT       : SAVE CHECKSUM:1213035715
SCRIPT       : Chernarus::Weather::Fog:: ( 11.5707 ) 0.00302011
SCRIPT       : Chernarus::Weather::Rain::ForceEnd:: ( 11.5811 ) 0 -> 0
SCRIPT       : SAVE CHECKSUM:1213035715
SCRIPT       : SAVE CHECKSUM:1213035715
SCRIPT       : SAVE id:78
SCRIPT       : SAVE id_bit_offset:4
SCRIPT       : SAVE write_result:787680
SCRIPT       : SAVE id:10
SCRIPT       : SAVE id_bit_offset:4
SCRIPT       : SAVE write_result:21430432
SCRIPT       : SAVE CHECKSUM:1213035715
SCRIPT       : Chernarus::Weather::Rain::ForceEnd:: ( 11.6478 ) 0 -> 0
SCRIPT       : SAVE CHECKSUM:1213035715
SCRIPT       : SAVE CHECKSUM:1213035715
SCRIPT       : SAVE CHECKSUM:1213035715
SCRIPT       : [Logout]: New player Pk9FmI0iGIJV90L0o-uI7ivHc45DZnNcAVX3v1GVD5Y= with logout time 15
SCRIPT       : [Logout]: New player hDo_Btwm72QwlIopq6csO7iMF3JQfMqHeAzHsQsXTmo= with logout time 15
SCRIPT       : [Logout]: New player mBNlxASsPlOcry0dpDl8K-WgHNR5WMCMmoJ9NhpU4FY= with logout time 15
SCRIPT       : [Logout]: Player Pk9FmI0iGIJV90L0o-uI7ivHc45DZnNcAVX3v1GVD5Y= finished
SCRIPT       : SAVE CHECKSUM:1213035715
SCRIPT       : [Logout]: Player hDo_Btwm72QwlIopq6csO7iMF3JQfMqHeAzHsQsXTmo= finished
SCRIPT       : SAVE CHECKSUM:1213035715
SCRIPT       : [Logout]: Player mBNlxASsPlOcry0dpDl8K-WgHNR5WMCMmoJ9NhpU4FY= finished
SCRIPT       : SAVE CHECKSUM:1213035715
SCRIPT       : Chernarus::Weather::Rain::ForceEnd:: ( 11.7145 ) 0 -> 0
SCRIPT       : ~DayZGame()
