---------------------------------------------
Log C:\Program Files (x86)\Steam\steamapps\common\DayZServer\myprofile\script_2021-05-09_14-04-50.log started at 09.05. 14:04:50

SCRIPT       : Registered 240 temporary action enum(s), UAN==240
SCRIPT    (W): @"ToxicZone/scripts/3_Game/toxicconfig\config\staticzone\statictoxicareasettings.c,108": Missing ';' at the end of line
SCRIPT       : CF_CreateGame()
SCRIPT       : ... Backlit Effects Enabled
SCRIPT       : DZM_Projects Map! by DaOne
SCRIPT    (W): @"MuchStuffPack/MSP_Scripts/4_World/codelock\actions\actionraidcodelockonmsp.c,44": Missing ';' at the end of line
SCRIPT    (W): @"BuildAnywhere_v3/scripts/4_World/Entities/GardenBase/ісћѐьр*џ.rvmat,52": Missing ';' at the end of line
SCRIPT    (W): @"deerisle/Deerisle_Security_System/scripts/4_World/deerisle-security-system\config\securityconfig.c,49": Missing ';' at the end of line
SCRIPT    (W): @"BPGaz/scripts/ќѕ?юіаѕэёю.wsi,6": Missing ';' at the end of line
SCRIPT    (W): @"CannabisPlus/scripts/4_world/cannabisplus.c,391": Missing ';' at the end of line
SCRIPT    (W): @"ModularVestSystem/scripts/4_World/mvs_taco.c,19": Missing ';' at the end of line
SCRIPT    (W): @"BaseBuildingPlus/scripts/4_World/items\xmas_lights\bbp_xmaslights_9v.c,54": Missing ';' at the end of line
SCRIPT    (W): @"MuchStuffPack/MSP_Scripts/4_World/codelock\actions\actioninteractlockonmsp.c,71": Unsafe down-casting, use 'EntityAI.Cast' for safe down-casting
SCRIPT    (W): @"MuchStuffPack/MSP_Scripts/4_World/codelock\actions\actioninteractlockonmsp.c,85": Unsafe down-casting, use 'ItemBase.Cast' for safe down-casting
SCRIPT    (W): @"MuchStuffPack/MSP_Scripts/4_World/codelock\actions\actioninteractlockonmsp.c,90": Unsafe down-casting, use 'ItemBase.Cast' for safe down-casting
SCRIPT    (W): @"TraderPlus/scripts/4_World/classes\tradersystemhandler\helpers\traderplushelpers.c,65": Unsafe down-casting, use 'Magazine.Cast' for safe down-casting
SCRIPT    (W): @"TraderPlus/scripts/4_World/classes\tradersystemhandler\helpers\traderplushelpers.c,66": Unsafe down-casting, use 'Magazine.Cast' for safe down-casting
SCRIPT    (W): @"TraderPlus/scripts/4_World/classes\tradersystemhandler\helpers\traderplushelpers.c,71": Unsafe down-casting, use 'Magazine.Cast' for safe down-casting
SCRIPT    (W): @"TraderPlus/scripts/4_World/classes\tradersystemhandler\helpers\traderplushelpers.c,72": Unsafe down-casting, use 'Magazine.Cast' for safe down-casting
SCRIPT       : ::: [BuildAnywhere_v3_World<9f7b4680>]: ver: 3.4.06.05.2021 init
SCRIPT    (W): @"LBmaster_UndergroundLighting/scripts/5_Mission/UndergroundLighting/mission/эѓљ*лњФы.rvmat,295": Unsafe down-casting, use 'PlayerBase.Cast' for safe down-casting
SCRIPT    (W): @"ZomBerry/AT/scripts/5_Mission/zomberrystockfnc.c,218": No need to use 'Cast' for up-casting
SCRIPT    (W): @"ZomBerry/AT/scripts/5_Mission/zomberrystockfnc.c,225": No need to use 'Cast' for up-casting
SCRIPT    (W): @"ZomBerry/AT/scripts/5_Mission/zomberrystockfnc.c,234": No need to use 'Cast' for up-casting
SCRIPT    (W): @"$CurrentDir:mpmissions\Expansion.deerisle\init.c,104": Unsafe down-casting, use 'ItemBase.Cast' for safe down-casting
SCRIPT    (W): @"$CurrentDir:mpmissions\Expansion.deerisle\init.c,106": Unsafe down-casting, use 'ItemBase.Cast' for safe down-casting
SCRIPT    (W): @"$CurrentDir:mpmissions\Expansion.deerisle\init.c,124": Unsafe down-casting, use 'ItemBase.Cast' for safe down-casting
SCRIPT    (W): @"$CurrentDir:mpmissions\Expansion.deerisle\init.c,126": Unsafe down-casting, use 'ItemBase.Cast' for safe down-casting
SCRIPT    (W): @"$CurrentDir:mpmissions\Expansion.deerisle\init.c,161": Unsafe down-casting, use 'ItemBase.Cast' for safe down-casting
SCRIPT    (W): @"$CurrentDir:mpmissions\Expansion.deerisle\init.c,164": Unsafe down-casting, use 'ItemBase.Cast' for safe down-casting
SCRIPT    (W): @"$CurrentDir:mpmissions\Expansion.deerisle\init.c,207": Unsafe down-casting, use 'ItemBase.Cast' for safe down-casting
SCRIPT    (W): @"$CurrentDir:mpmissions\Expansion.deerisle\init.c,211": Unsafe down-casting, use 'ItemBase.Cast' for safe down-casting
SCRIPT    (W): @"$CurrentDir:mpmissions\Expansion.deerisle\init.c,256": Unsafe down-casting, use 'ItemBase.Cast' for safe down-casting
SCRIPT    (W): @"$CurrentDir:mpmissions\Expansion.deerisle\init.c,291": Unsafe down-casting, use 'ItemBase.Cast' for safe down-casting
SCRIPT    (W): @"$CurrentDir:mpmissions\Expansion.deerisle\init.c,293": Unsafe down-casting, use 'ItemBase.Cast' for safe down-casting
SCRIPT    (W): @"$CurrentDir:mpmissions\Expansion.deerisle\init.c,296": Unsafe down-casting, use 'ItemBase.Cast' for safe down-casting
SCRIPT    (W): @"$CurrentDir:mpmissions\Expansion.deerisle\init.c,328": Unsafe down-casting, use 'ItemBase.Cast' for safe down-casting
SCRIPT    (W): @"$CurrentDir:mpmissions\Expansion.deerisle\init.c,333": Unsafe down-casting, use 'ItemBase.Cast' for safe down-casting
SCRIPT    (W): @"$CurrentDir:mpmissions\Expansion.deerisle\init.c,369": Unsafe down-casting, use 'ItemBase.Cast' for safe down-casting
SCRIPT    (W): @"$CurrentDir:mpmissions\Expansion.deerisle\init.c,371": Unsafe down-casting, use 'ItemBase.Cast' for safe down-casting
SCRIPT    (W): @"$CurrentDir:mpmissions\Expansion.deerisle\init.c,374": Unsafe down-casting, use 'ItemBase.Cast' for safe down-casting
SCRIPT    (W): @"$CurrentDir:mpmissions\Expansion.deerisle\init.c,377": Unsafe down-casting, use 'ItemBase.Cast' for safe down-casting
SCRIPT    (W): @"$CurrentDir:mpmissions\Expansion.deerisle\init.c,411": Unsafe down-casting, use 'ItemBase.Cast' for safe down-casting
SCRIPT    (W): @"$CurrentDir:mpmissions\Expansion.deerisle\init.c,414": Unsafe down-casting, use 'ItemBase.Cast' for safe down-casting
SCRIPT    (W): @"$CurrentDir:mpmissions\Expansion.deerisle\init.c,417": Unsafe down-casting, use 'ItemBase.Cast' for safe down-casting
SCRIPT    (W): @"$CurrentDir:mpmissions\Expansion.deerisle\init.c,453": Unsafe down-casting, use 'ItemBase.Cast' for safe down-casting
SCRIPT    (W): @"$CurrentDir:mpmissions\Expansion.deerisle\init.c,457": Unsafe down-casting, use 'ItemBase.Cast' for safe down-casting
SCRIPT       : Init: PluginMCKLogs
SCRIPT       : Creating ModuleManager
SCRIPT       : CF_CreateWorld()
SCRIPT       : Inserted Module (HOST): EditorLoaderModule
SCRIPT       : Modules Loaded
SCRIPT       : 0 -> EditorLoaderModule
SCRIPT       : 09.05.2021 14:05:00 [ZomBerry]: Starting Server side v0.6.2
SCRIPT       : [AirdropSafezones] Settings classes created.
SCRIPT       : [AirdropSafezones.Load] Safezones file loaded & resaved.
SCRIPT       : [AirdropSettings] Settings classes created.
SCRIPT       : [AirdropSettings.Load] Settings file loaded & resaved.
SCRIPT       : GetDeerIsleBase()...
SCRIPT       : [BBP] 'BBP_Settings' found, loading...
SCRIPT       : [MCK_CarLockPickConfig] '$profile:MCK_CarLockPickConfig/CarLockPickConfig.json' found, loading existing config!
SCRIPT       : [MSP_Codelock_Config] '$profile:\CodeLock\MSP_CodeLockConfig.json' found, loading existing config!
SCRIPT       : 09.05.2021 14:05:01 [ZomBerryConfig]: INFO: Profile dir is: myprofile
SCRIPT       : 09.05.2021 14:05:01 [ZomBerryConfig]: INFO: Config files will be loaded from: myprofile
SCRIPT       : 09.05.2021 14:05:01 [ZomBerryLogger]: INFO: Will try to create ZomBerry log file in profile directory: myprofile\ZomBerry\
SCRIPT       : 09.05.2021 14:05:01 [ZomBerryLogger]: INFO: Switching to logfile: $profile:ZomBerry\ZomBerry_09-05-2021_14-05-01.log
SCRIPT       : [MoreDoorConfig] Server Cfg loading...
SCRIPT       : [MoreDoorConfig] '$profile:MoreDoors/MoorDoors_Settings.json' found, loading existing config!
SCRIPT       : [Notifications] OnInit
SCRIPT       : [Notifications] Loading Config
SCRIPT       : [CP] Config Sucessfully loaded!
SCRIPT       : [EditorLoader] OnMissionStart
SCRIPT       : [EditorLoader] File found: Bunkers2dot0.dze
SCRIPT       : [EditorLoader] Loaded $profile:/EditorFiles/Bunkers2dot0.dze
SCRIPT       : [EditorLoader] 58 created objects found
SCRIPT       : [EditorLoader] 1 deleted objects found
SCRIPT       : [EditorLoader] Deleting 1 buildings
SCRIPT       : [EditorLoader] Creating 58 buildings
SCRIPT       : [wpnfsm] Warning! OnStoreLoad - cannot load curent weapon state, id=0
SCRIPT       : [wpnfsm] Warning! OnStoreLoad - cannot load curent weapon state, id=0
SCRIPT       : [wpnfsm] Warning! OnStoreLoad - cannot load curent weapon state, id=0
SCRIPT       : [wpnfsm] Warning! OnStoreLoad - cannot load curent weapon state, id=0
SCRIPT       : [wpnfsm] Warning! OnStoreLoad - cannot load curent weapon state, id=0
SCRIPT       : [wpnfsm] Warning! OnStoreLoad - cannot load curent weapon state, id=0
SCRIPT       : [wpnfsm] Warning! OnStoreLoad - cannot load curent weapon state, id=0
SCRIPT       : [wpnfsm] Warning! OnStoreLoad - cannot load curent weapon state, id=0
SCRIPT       : [wpnfsm] Warning! OnStoreLoad - cannot load curent weapon state, id=0
SCRIPT       : [wpnfsm] Warning! OnStoreLoad - cannot load curent weapon state, id=0
SCRIPT       : [wpnfsm] Warning! OnStoreLoad - cannot load curent weapon state, id=0
SCRIPT       : [wpnfsm] Warning! OnStoreLoad - cannot load curent weapon state, id=0
SCRIPT       : [wpnfsm] Warning! OnStoreLoad - cannot load curent weapon state, id=0
SCRIPT       : [wpnfsm] Warning! OnStoreLoad - cannot load curent weapon state, id=0
SCRIPT       : [wpnfsm] Warning! OnStoreLoad - cannot load curent weapon state, id=0
SCRIPT       : [wpnfsm] Warning! OnStoreLoad - cannot load curent weapon state, id=0
SCRIPT       : [wpnfsm] Warning! OnStoreLoad - cannot load curent weapon state, id=0
SCRIPT       : [wpnfsm] Warning! OnStoreLoad - cannot load curent weapon state, id=0
SCRIPT       : [wpnfsm] Warning! OnStoreLoad - cannot load curent weapon state, id=0
SCRIPT       : [wpnfsm] Warning! OnStoreLoad - cannot load curent weapon state, id=0
SCRIPT       : [wpnfsm] Warning! OnStoreLoad - cannot load curent weapon state, id=0
SCRIPT       : [wpnfsm] Warning! OnStoreLoad - cannot load curent weapon state, id=0
SCRIPT       : [wpnfsm] Warning! OnStoreLoad - cannot load curent weapon state, id=0
SCRIPT       : [wpnfsm] Warning! OnStoreLoad - cannot load curent weapon state, id=0
SCRIPT       : [wpnfsm] Warning! OnStoreLoad - cannot load curent weapon state, id=0
SCRIPT       : [wpnfsm] Warning! OnStoreLoad - cannot load curent weapon state, id=0
SCRIPT       : [wpnfsm] Warning! OnStoreLoad - cannot load curent weapon state, id=0
SCRIPT       : [wpnfsm] Warning! OnStoreLoad - cannot load curent weapon state, id=0
SCRIPT       : [wpnfsm] Warning! OnStoreLoad - cannot load curent weapon state, id=0
SCRIPT       : [wpnfsm] Warning! OnStoreLoad - cannot load curent weapon state, id=0
SCRIPT       : [wpnfsm] Warning! OnStoreLoad - cannot load curent weapon state, id=0
SCRIPT       : [wpnfsm] Warning! OnStoreLoad - cannot load curent weapon state, id=0
SCRIPT       : [wpnfsm] Warning! OnStoreLoad - cannot load curent weapon state, id=0
SCRIPT       : [wpnfsm] Warning! OnStoreLoad - cannot load curent weapon state, id=0
SCRIPT       : [wpnfsm] Warning! OnStoreLoad - cannot load curent weapon state, id=0
SCRIPT       : [wpnfsm] Warning! OnStoreLoad - cannot load curent weapon state, id=0
SCRIPT       : [wpnfsm] Warning! OnStoreLoad - cannot load curent weapon state, id=0
SCRIPT       : [wpnfsm] Warning! OnStoreLoad - cannot load curent weapon state, id=0
SCRIPT       : [wpnfsm] Warning! OnStoreLoad - cannot load curent weapon state, id=0
SCRIPT       : [wpnfsm] Warning! OnStoreLoad - cannot load curent weapon state, id=0
SCRIPT       : [wpnfsm] Warning! OnStoreLoad - cannot load curent weapon state, id=0
SCRIPT       : [wpnfsm] Warning! OnStoreLoad - cannot load curent weapon state, id=0
SCRIPT       : [wpnfsm] Warning! OnStoreLoad - cannot load curent weapon state, id=0
SCRIPT       : [wpnfsm] Warning! OnStoreLoad - cannot load curent weapon state, id=0
SCRIPT       : [wpnfsm] Warning! OnStoreLoad - cannot load curent weapon state, id=0
SCRIPT       : [wpnfsm] Warning! OnStoreLoad - cannot load curent weapon state, id=0
SCRIPT       : file exist ! loading...
SCRIPT       : file exist ! loading...
SCRIPT       : file exist ! loading...
SCRIPT       : file exist ! loading...
SCRIPT       : file exist ! loading...
SCRIPT       : Chernarus::Weather::Fog:: ( 13.668 ) 0.0670003
SCRIPT       : Chernarus::Weather::Rain::ForceEnd:: ( 13.677 ) 0 -> 0
SCRIPT       : [MoreDoors] MissionServer --> Sending instance of cfg to client: Cygnus
SCRIPT       : [CP] -> Sucessfully sent: Cygnus CP Plus Config!
SCRIPT       : AnimSoundObjectBuilderBank: Invalid sound set "generalgrunt_SoundVoice_Char_SoundSet".
SCRIPT       : AnimSoundObjectBuilderBank: Invalid sound set "greathelmet_generalgrunt_SoundVoice_Char_SoundSet".
SCRIPT       : AnimSoundObjectBuilderBank: Invalid sound set "Gasmask_generalgrunt_SoundVoice_Char_SoundSet".
SCRIPT       : AnimSoundObjectBuilderBank: Invalid sound set "Motohelmet_generalgrunt_SoundVoice_Char_SoundSet".
SCRIPT       : AnimSoundObjectBuilderBank: Invalid sound set "Gag_generalgrunt_SoundVoice_Char_SoundSet".
SCRIPT       : ********* LoadStats loading version: 115
SCRIPT       : LOAD checksum:1213035715
SCRIPT       : ---- PlayerBase OnStoreLoad SUCCESS ----
SCRIPT       : [EditorLoader] OnInvokeConnect
SCRIPT       : Chernarus::Weather::Rain::ForceEnd:: ( 13.7437 ) 0 -> 0
SCRIPT       : SAVE CHECKSUM:1213035715
SCRIPT       : Chernarus::Weather::Overcast:: ( 13.7952 )  overcast: 0.420594
SCRIPT       : Chernarus::Weather::Overcast::Rain:: ( 13.7952 ) 0
SCRIPT       : Chernarus::Weather::Rain::ForceEnd:: ( 13.8104 ) 0 -> 0
SCRIPT       : OnVehicleSeatDriverEnter
SCRIPT       : SAVE CHECKSUM:1213035715
SCRIPT       : Chernarus::Weather::Rain::ForceEnd:: ( 13.8771 ) 0 -> 0
SCRIPT       : SAVE CHECKSUM:1213035715
SCRIPT       : Chernarus::Weather::Rain::ForceEnd:: ( 13.9438 ) 0 -> 0
SCRIPT       : OnVehicleSeatDriverLeft
SCRIPT       : SAVE CHECKSUM:1213035715
SCRIPT       : OnVehicleSeatDriverEnter
SCRIPT       : Chernarus::Weather::Rain::ForceEnd:: ( 14.0105 ) 0 -> 0
SCRIPT       : SAVE CHECKSUM:1213035715
SCRIPT       : Chernarus::Weather::Rain::ForceEnd:: ( 14.0772 ) 0 -> 0
SCRIPT       : SAVE CHECKSUM:1213035715
SCRIPT       : Chernarus::Weather::Rain::ForceEnd:: ( 14.1439 ) 0 -> 0
SCRIPT       : SAVE CHECKSUM:1213035715
SCRIPT       : OnVehicleSeatDriverLeft
SCRIPT       : Chernarus::Weather::Rain::ForceEnd:: ( 14.2106 ) 0 -> 0
SCRIPT       : [Logout]: New player hDo_Btwm72QwlIopq6csO7iMF3JQfMqHeAzHsQsXTmo= with logout time 15
SCRIPT       : [emote] SurvivorM_Mirek:01 play emote id=14 IH=null
SCRIPT       : [EditorLoader] OnClientDisconnect
SCRIPT       : [Logout]: Player hDo_Btwm72QwlIopq6csO7iMF3JQfMqHeAzHsQsXTmo= finished
SCRIPT       : SAVE CHECKSUM:1213035715
SCRIPT       : Chernarus::Weather::Rain::ForceEnd:: ( 14.2773 ) 0 -> 0
SCRIPT       : Chernarus::Weather::Rain::ForceEnd:: ( 14.344 ) 0 -> 0
SCRIPT       : Chernarus::Weather::Rain::ForceEnd:: ( 14.4107 ) 0 -> 0
SCRIPT       : Chernarus::Weather::Rain::ForceEnd:: ( 14.4774 ) 0 -> 0
SCRIPT       : Chernarus::Weather::Rain::ForceEnd:: ( 14.5441 ) 0 -> 0
SCRIPT       : Chernarus::Weather::Rain::ForceEnd:: ( 14.6108 ) 0 -> 0
SCRIPT       : Chernarus::Weather::Overcast:: ( 14.6356 )  overcast: 0.271233
SCRIPT       : Chernarus::Weather::Overcast::Rain:: ( 14.6356 ) 0
SCRIPT       : Chernarus::Weather::Rain::ForceEnd:: ( 14.6774 ) 0 -> 0
SCRIPT       : Chernarus::Weather::Fog:: ( 14.6836 ) 0.145701
SCRIPT       : Chernarus::Weather::Rain::ForceEnd:: ( 14.7441 ) 0 -> 0
SCRIPT       : Chernarus::Weather::Rain::ForceEnd:: ( 14.8108 ) 0 -> 0
SCRIPT       : Chernarus::Weather::Rain::ForceEnd:: ( 14.8775 ) 0 -> 0
SCRIPT       : Chernarus::Weather::Rain::ForceEnd:: ( 14.9442 ) 0 -> 0
SCRIPT       : Chernarus::Weather::Rain::ForceEnd:: ( 15.0109 ) 0 -> 0
SCRIPT       : Chernarus::Weather::Rain::ForceEnd:: ( 15.0776 ) 0 -> 0
SCRIPT       : Chernarus::Weather::Rain::ForceEnd:: ( 15.1443 ) 0 -> 0
SCRIPT       : Chernarus::Weather::Fog:: ( 15.1873 ) 0.030184
SCRIPT       : Chernarus::Weather::Rain::ForceEnd:: ( 15.211 ) 0 -> 0
SCRIPT       : Chernarus::Weather::Rain::ForceEnd:: ( 15.2777 ) 0 -> 0
SCRIPT       : Chernarus::Weather::Rain::ForceEnd:: ( 15.3444 ) 0 -> 0
SCRIPT       : Chernarus::Weather::Overcast:: ( 15.3481 )  overcast: 0.262636
SCRIPT       : Chernarus::Weather::Overcast::Rain:: ( 15.3481 ) 0
SCRIPT       : Chernarus::Weather::Rain::ForceEnd:: ( 15.4111 ) 0 -> 0
SCRIPT       : Chernarus::Weather::Rain::ForceEnd:: ( 15.4778 ) 0 -> 0
SCRIPT       : Chernarus::Weather::Rain::ForceEnd:: ( 15.5445 ) 0 -> 0
SCRIPT       : Chernarus::Weather::Rain:: ( 15.6112 ) 0
SCRIPT       : Chernarus::Weather::Rain:: ( 15.649 ) 0.236449
SCRIPT       : Chernarus::Weather::Fog:: ( 15.6909 ) 0.0105863
SCRIPT       : Chernarus::Weather::Rain::ForceStorm:: ( 15.7483 ) 0 -> 0.816492
SCRIPT       : Chernarus::Weather::Rain::ForceStorm:: ( 15.775 ) 0.81647 -> 0.974194
SCRIPT       : Chernarus::Weather::Rain::ForceStorm:: ( 15.8133 ) 0.972824 -> 0.889554
SCRIPT       : Chernarus::Weather::Rain::ForceStorm:: ( 15.8316 ) 0.89019 -> 0.937523
SCRIPT       : Chernarus::Weather::Rain::ForceStorm:: ( 15.8611 ) 0.937523 -> 0.880117
SCRIPT       : Chernarus::Weather::Rain::ForceStorm:: ( 15.8983 ) 0.881582 -> 0.844038
SCRIPT       : Chernarus::Weather::Rain::ForceStorm:: ( 15.9478 ) 0.844432 -> 0.860305
SCRIPT       : Chernarus::Weather::Rain::ForceStorm:: ( 15.9795 ) 0.860305 -> 0.990851
SCRIPT       : Chernarus::Weather::Rain::ForceStorm:: ( 16.0173 ) 0.99006 -> 0.902365
SCRIPT       : Chernarus::Weather::Rain::ForceStorm:: ( 16.0467 ) 0.902365 -> 0.925022
SCRIPT       : Chernarus::Weather::Rain::ForceStorm:: ( 16.0801 ) 0.923839 -> 0.976696
SCRIPT       : Chernarus::Weather::Rain::ForceStorm:: ( 16.1134 ) 0.976696 -> 0.970482
SCRIPT       : Chernarus::Weather::Overcast:: ( 16.1498 )  overcast: 0.953673
SCRIPT       : Chernarus::Weather::Overcast::Rain:: ( 16.1498 ) 0.972787
SCRIPT       : Chernarus::Weather::Rain::ForceStorm:: ( 16.1629 ) 0.971381 -> 0.998474
SCRIPT       : Chernarus::Weather::Rain::ForceStorm:: ( 16.1801 ) 0.998474 -> 0.82602
SCRIPT       : Chernarus::Weather::Rain:: ( 16.2151 ) 0.82602
SCRIPT       : Chernarus::Weather::Rain:: ( 16.2429 ) 0.584534
SCRIPT       : Chernarus::Weather::Rain:: ( 16.2746 ) 0.36467
SCRIPT       : Chernarus::Weather::Rain:: ( 16.2963 ) 0.301175
SCRIPT       : Chernarus::Weather::Rain:: ( 16.3357 ) 0.398553
SCRIPT       : Chernarus::Weather::Rain:: ( 16.3796 ) 0.23839
SCRIPT       : Chernarus::Weather::Rain::ForceEnd:: ( 16.4057 ) 0.276222 -> 0
SCRIPT       : Chernarus::Weather::Rain::ForceEnd:: ( 16.4724 ) 0 -> 0
SCRIPT       : Chernarus::Weather::Rain::ForceEnd:: ( 16.5391 ) 0 -> 0
SCRIPT       : Chernarus::Weather::Rain::ForceEnd:: ( 16.6058 ) 0 -> 0
SCRIPT       : Chernarus::Weather::Rain::ForceEnd:: ( 16.6725 ) 0 -> 0
SCRIPT       : Chernarus::Weather::Fog:: ( 16.7065 ) 0.0303369
SCRIPT       : Chernarus::Weather::Rain::ForceEnd:: ( 16.7392 ) 0 -> 0
SCRIPT       : Chernarus::Weather::Rain::ForceEnd:: ( 16.8059 ) 0 -> 0
SCRIPT       : Chernarus::Weather::Rain::ForceEnd:: ( 16.8726 ) 0 -> 0
SCRIPT       : Chernarus::Weather::Rain::ForceEnd:: ( 16.9393 ) 0 -> 0
SCRIPT       : Chernarus::Weather::Overcast:: ( 16.9424 )  overcast: 0.400226
SCRIPT       : Chernarus::Weather::Overcast::Rain:: ( 16.9424 ) 0
SCRIPT       : Chernarus::Weather::Rain::ForceEnd:: ( 17.006 ) 0 -> 0
SCRIPT       : Chernarus::Weather::Rain::ForceEnd:: ( 17.0727 ) 0 -> 0
SCRIPT       : Chernarus::Weather::Rain::ForceEnd:: ( 17.1394 ) 0 -> 0
SCRIPT       : Chernarus::Weather::Rain::ForceEnd:: ( 17.2061 ) 0 -> 0
SCRIPT       : Chernarus::Weather::Rain:: ( 17.2728 ) 0
SCRIPT       : Chernarus::Weather::Rain:: ( 17.2939 ) 0.0617023
SCRIPT       : Chernarus::Weather::Rain:: ( 17.3267 ) 0.200421
SCRIPT       : Chernarus::Weather::Rain:: ( 17.3745 ) 0.273087
SCRIPT       : Chernarus::Weather::Rain:: ( 17.4611 ) 0
SCRIPT       : Chernarus::Weather::Rain:: ( 17.5044 ) 0.418278
SCRIPT       : Chernarus::Weather::Rain:: ( 17.5333 ) 0.112882
SCRIPT       : Chernarus::Weather::Rain:: ( 17.5672 ) 0.32205
SCRIPT       : Chernarus::Weather::Overcast:: ( 17.6691 )  overcast: 0.628956
SCRIPT       : Chernarus::Weather::Overcast::Rain:: ( 17.6691 ) 0
SCRIPT       : Chernarus::Weather::Rain:: ( 17.6798 ) 0
SCRIPT       : Chernarus::Weather::Rain:: ( 17.6964 ) 0.264562
SCRIPT       : Chernarus::Weather::Fog:: ( 17.7221 ) 0.0303445
SCRIPT       : Chernarus::Weather::Rain::ForceEnd:: ( 17.7326 ) 0.146739 -> 0
SCRIPT       : Chernarus::Weather::Rain::ForceEnd:: ( 18.0158 ) 0 -> 0
SCRIPT       : Chernarus::Weather::Rain::ForceEnd:: ( 18.4827 ) 0 -> 0
SCRIPT       : Chernarus::Weather::Rain::ForceEnd:: ( 18.9495 ) 0 -> 0
SCRIPT       : Chernarus::Weather::Rain::ForceEnd:: ( 19.4164 ) 0 -> 0
SCRIPT       : [MoreDoors] MissionServer --> Sending instance of cfg to client: Skif
SCRIPT       : [CP] -> Sucessfully sent: Skif CP Plus Config!
SCRIPT       : ********* LoadStats loading version: 115
SCRIPT       : LOAD checksum:1213035715
SCRIPT       : ---- PlayerBase OnStoreLoad SUCCESS ----
SCRIPT       : [EditorLoader] OnInvokeConnect
SCRIPT       : Chernarus::Weather::Rain::ForceEnd:: ( 19.8833 ) 0 -> 0
SCRIPT       : SAVE CHECKSUM:1213035715
SCRIPT       : Chernarus::Weather::Rain::ForceEnd:: ( 20.3502 ) 0 -> 0
SCRIPT       : SAVE CHECKSUM:1213035715
SCRIPT       : [Logout]: New player HT80BSK6nbyEUuqqNLGOG_NvUVWKXCYBk5YTFLCK4vU= with logout time 15
SCRIPT       : [emote] SurvivorM_Indar:01 play emote id=14 IH=null
SCRIPT       : Chernarus::Weather::Rain::ForceEnd:: ( 20.8171 ) 0 -> 0
SCRIPT       : [EditorLoader] OnClientDisconnect
SCRIPT       : [Logout]: Player HT80BSK6nbyEUuqqNLGOG_NvUVWKXCYBk5YTFLCK4vU= finished
SCRIPT       : SAVE CHECKSUM:1213035715
SCRIPT       : Chernarus::Weather::Rain::ForceEnd:: ( 21.2839 ) 0 -> 0
SCRIPT       : [MoreDoors] MissionServer --> Sending instance of cfg to client: Skif
SCRIPT       : [CP] -> Sucessfully sent: Skif CP Plus Config!
SCRIPT       : Chernarus::Weather::Rain::ForceEnd:: ( 21.7508 ) 0 -> 0
SCRIPT       : [MoreDoors] MissionServer --> Sending instance of cfg to client: Skif
SCRIPT       : [CP] -> Sucessfully sent: Skif CP Plus Config!
SCRIPT       : ********* LoadStats loading version: 115
SCRIPT       : LOAD checksum:1213035715
SCRIPT       : ---- PlayerBase OnStoreLoad SUCCESS ----
SCRIPT       : [EditorLoader] OnInvokeConnect
SCRIPT       : string s =    'OnUnconsciousStart'
SCRIPT       : Chernarus::Weather::Overcast:: ( 22.1035 )  overcast: 0.220923
SCRIPT       : Chernarus::Weather::Overcast::Rain:: ( 22.1035 ) 0
SCRIPT       : Chernarus::Weather::Rain::ForceEnd:: ( 22.2177 ) 0 -> 0
SCRIPT       : string s =    'OnUnconsciousStop'
SCRIPT       : SAVE CHECKSUM:1213035715
SCRIPT       : Chernarus::Weather::Rain::ForceEnd:: ( 22.6846 ) 0 -> 0
SCRIPT       : SAVE CHECKSUM:1213035715
SCRIPT       : SurvivorM_Indar:01 STS=9889 event EEKilled, player has died at STS=9889
SCRIPT       : EEKilled - processing corpse
SCRIPT       : Chernarus::Weather::Rain::ForceEnd:: ( 23.1515 ) 0 -> 0
SCRIPT       : [Logout]: New player HT80BSK6nbyEUuqqNLGOG_NvUVWKXCYBk5YTFLCK4vU= with instant logout
SCRIPT       : [EditorLoader] OnClientDisconnect
SCRIPT       : [Logout]: Player HT80BSK6nbyEUuqqNLGOG_NvUVWKXCYBk5YTFLCK4vU= finished
SCRIPT       : Chernarus::Weather::Rain:: ( 23.6184 ) 0
SCRIPT       : Chernarus::Weather::Rain:: ( 23.735 ) 0.342003
SCRIPT       : [MoreDoors] MissionServer --> Sending instance of cfg to client: Skif
SCRIPT       : [CP] -> Sucessfully sent: Skif CP Plus Config!
SCRIPT       : [EditorLoader] OnInvokeConnect
SCRIPT       : Chernarus::Weather::Rain::ForceStorm:: ( 0.480197 ) 0 -> 0.891708
SCRIPT       : SAVE CHECKSUM:1213035715
SCRIPT       : Chernarus::Weather::Fog:: ( 0.585037 ) 0.110576
SCRIPT       : Chernarus::Weather::Rain::ForceStorm:: ( 0.818674 ) 0.891708 -> 0.960228
SCRIPT       : material = Bark_Oak; quantity = 1
SCRIPT       : Chernarus::Weather::Rain::ForceStorm:: ( 1.05987 ) 0.960228 -> 0.866866
SCRIPT       : SAVE CHECKSUM:1213035715
SCRIPT       : [emote] SurvivorM_Niki:02 play emote id=11 IH=HuntingKnife:015607
SCRIPT       : [emote] SurvivorM_Niki:02 play emote id=11 IH=TWP_Remington700:011908
SCRIPT       : SurvivorM_Niki:02 STS=7452 event EEKilled, player has died at STS=7452
SCRIPT       : EEKilled - processing corpse
SCRIPT       : Chernarus::Weather::Rain::ForceStorm:: ( 1.28551 ) 0.866866 -> 0.944078
SCRIPT       : [EditorLoader] OnInvokeConnect
SCRIPT       : SAVE CHECKSUM:1213035715
SCRIPT       : Chernarus::Weather::Rain::ForceStorm:: ( 1.59675 ) 0.943198 -> 0.812299
SCRIPT       : Chernarus::Weather::Rain::ForceStorm:: ( 1.75624 ) 0.812299 -> 0.961193
SCRIPT       : Chernarus::Weather::Rain::ForceStorm:: ( 2.1025 ) 0.960898 -> 0.918632
SCRIPT       : SAVE CHECKSUM:1213035715
SCRIPT       : Chernarus::Weather::Rain::ForceStorm:: ( 2.30868 ) 0.919807 -> 0.919394
SCRIPT       : Chernarus::Weather::Rain::ForceStorm:: ( 2.60824 ) 0.919806 -> 0.967705
SCRIPT       : SAVE id:20
SCRIPT       : SAVE id_bit_offset:4
SCRIPT       : SAVE write_result:5767488
SCRIPT       : SAVE CHECKSUM:1213035715
SCRIPT       : Chernarus::Weather::Rain::ForceStorm:: ( 2.90003 ) 0.967705 -> 0.97506
SCRIPT       : Chernarus::Weather::Overcast:: ( 2.94714 )  overcast: 0.910898
SCRIPT       : Chernarus::Weather::Overcast::Rain:: ( 2.94714 ) 0.969149
SCRIPT       : Chernarus::Weather::Rain:: ( 3.15679 ) 0.97506
SCRIPT       : SAVE CHECKSUM:1213035715
SCRIPT       : Chernarus::Weather::Rain:: ( 3.4797 ) 0.32877
SCRIPT       : [inv] ReplaceItemWithNewLambdaBase Step B) remove OK, loc={ type=HANDS item=AmmoBox_357_20Rnd:013629 parent=SurvivorM_Niki:03 }
SCRIPT       : UnboxLambda::SetupNewMagazine new_item=Ammo_357<de609190> count=20
SCRIPT       : Chernarus::Weather::Rain:: ( 3.68588 ) 0.647945
SCRIPT       : SAVE CHECKSUM:1213035715
SCRIPT       : SAVE CHECKSUM:1213035715
SCRIPT       : Chernarus::Weather::Rain::ForceEnd:: ( 4.36926 ) 0 -> 0
SCRIPT       : SAVE CHECKSUM:1213035715
SCRIPT       : Chernarus::Weather::Rain::ForceEnd:: ( 4.83614 ) 0 -> 0
SCRIPT       : SAVE CHECKSUM:1213035715
SCRIPT       : Chernarus::Weather::Rain::ForceEnd:: ( 5.30302 ) 0 -> 0
SCRIPT       : Chernarus::Weather::Rain::ForceEnd:: ( 5.7699 ) 0 -> 0
SCRIPT       : SAVE CHECKSUM:1213035715
SCRIPT       : Chernarus::Weather::Rain::ForceEnd:: ( 6.23678 ) 0 -> 0
SCRIPT       : SAVE CHECKSUM:1213035715
SCRIPT       : Chernarus::Weather::Rain::ForceEnd:: ( 6.36592 ) 0 -> 0
SCRIPT       : SAVE id:10
SCRIPT       : SAVE id_bit_offset:4
SCRIPT       : SAVE write_result:20250784
SCRIPT       : SAVE CHECKSUM:1213035715
SCRIPT       : Chernarus::Weather::Rain::ForceEnd:: ( 6.43262 ) 0 -> 0
SCRIPT       : SAVE CHECKSUM:1213035715
SCRIPT       : [Logout]: New player HT80BSK6nbyEUuqqNLGOG_NvUVWKXCYBk5YTFLCK4vU= with logout time 15
SCRIPT       : [emote] SurvivorM_Niki:03 play emote id=14 IH=null
SCRIPT       : [Logout]: Player HT80BSK6nbyEUuqqNLGOG_NvUVWKXCYBk5YTFLCK4vU= cancelled
SCRIPT       : Chernarus::Weather::Rain::ForceEnd:: ( 6.49931 ) 0 -> 0
SCRIPT       : Chernarus::Weather::Fog:: ( 6.50742 ) 0.0201559
SCRIPT       : SAVE CHECKSUM:1213035715
SCRIPT       : Chernarus::Weather::Overcast:: ( 6.56104 )  overcast: 0.364748
SCRIPT       : Chernarus::Weather::Overcast::Rain:: ( 6.56104 ) 0
SCRIPT       : [inv] ReplaceItemWithNewLambdaBase Step B) remove OK, loc={ type=HANDS item=Pate:021774 parent=SurvivorM_Niki:03 }
SCRIPT       : Chernarus::Weather::Rain::ForceEnd:: ( 6.56601 ) 0 -> 0
SCRIPT       : [MoreDoors] MissionServer --> Sending instance of cfg to client: Raider 2-2
SCRIPT       : [CP] -> Sucessfully sent: Raider 2-2 CP Plus Config!
SCRIPT       : ********* LoadStats loading version: 115
SCRIPT       : LOAD checksum:1213035715
SCRIPT       : ---- PlayerBase OnStoreLoad SUCCESS ----
SCRIPT       : [EditorLoader] OnInvokeConnect
SCRIPT       : SAVE CHECKSUM:1213035715
SCRIPT       : SAVE CHECKSUM:1213035715
SCRIPT       : Chernarus::Weather::Rain::ForceEnd:: ( 6.63271 ) 0 -> 0
SCRIPT       : Chernarus::Weather::Fog:: ( 6.67345 ) 0.31391
SCRIPT       : SAVE CHECKSUM:1213035715
SCRIPT       : SAVE CHECKSUM:1213035715
SCRIPT       : Chernarus::Weather::Rain::ForceEnd:: ( 6.6994 ) 0 -> 0
SCRIPT       : SAVE CHECKSUM:1213035715
SCRIPT       : SAVE CHECKSUM:1213035715
SCRIPT       : Chernarus::Weather::Rain::ForceEnd:: ( 6.7661 ) 0 -> 0
SCRIPT       : [MoreDoors] MissionServer --> Sending instance of cfg to client: BnYrB
SCRIPT       : [CP] -> Sucessfully sent: BnYrB CP Plus Config!
SCRIPT       : ********* LoadStats loading version: 115
SCRIPT       : LOAD checksum:1213035715
SCRIPT       : ---- PlayerBase OnStoreLoad SUCCESS ----
SCRIPT       : [EditorLoader] OnInvokeConnect
SCRIPT       : [Logout]: New player mBNlxASsPlOcry0dpDl8K-WgHNR5WMCMmoJ9NhpU4FY= with logout time 15
SCRIPT       : [emote] SurvivorM_Francis:02 play emote id=14 IH=TWP_CalifasNomad:027600
SCRIPT       : [EditorLoader] OnClientDisconnect
SCRIPT       : [Logout]: Player mBNlxASsPlOcry0dpDl8K-WgHNR5WMCMmoJ9NhpU4FY= finished
SCRIPT       : SAVE CHECKSUM:1213035715
SCRIPT       : SAVE CHECKSUM:1213035715
SCRIPT       : SAVE CHECKSUM:1213035715
SCRIPT       : Chernarus::Weather::Rain::ForceEnd:: ( 6.8328 ) 0 -> 0
SCRIPT       : [inv] ReplaceItemWithNewLambdaBase Step B) remove OK, loc={ type=HANDS item=SpaghettiCan:05265 parent=SurvivorM_Taiki:01 }
SCRIPT       : Chernarus::Weather::Rain:: ( 6.8995 ) 0
SCRIPT       : SAVE CHECKSUM:1213035715
SCRIPT       : SAVE CHECKSUM:1213035715
SCRIPT       : SAVE CHECKSUM:1213035715
SCRIPT       : SAVE id:21
SCRIPT       : SAVE id_bit_offset:4
SCRIPT       : SAVE write_result:1704272
SCRIPT       : SAVE CHECKSUM:1213035715
SCRIPT       : Chernarus::Weather::Rain:: ( 7.00926 ) 0
SCRIPT       : Chernarus::Weather::Rain:: ( 7.04594 ) 0.407913
SCRIPT       : SAVE CHECKSUM:1213035715
SCRIPT       : SAVE CHECKSUM:1213035715
SCRIPT       : Chernarus::Weather::Rain:: ( 7.07483 ) 0.469668
SCRIPT       : Chernarus::Weather::Rain:: ( 7.09484 ) 0.243209
SCRIPT       : SAVE id:6
SCRIPT       : SAVE id_bit_offset:4
SCRIPT       : SAVE write_result:4259936
SCRIPT       : SAVE CHECKSUM:1213035715
SCRIPT       : SAVE CHECKSUM:1213035715
SCRIPT       : Chernarus::Weather::Rain:: ( 7.1393 ) 0.24138
SCRIPT       : Chernarus::Weather::Rain:: ( 7.16765 ) 0.12443
SCRIPT       : SAVE id:9
SCRIPT       : SAVE id_bit_offset:4
SCRIPT       : SAVE write_result:19660944
SCRIPT       : SAVE CHECKSUM:1213035715
SCRIPT       : SAVE CHECKSUM:1213035715
SCRIPT       : Chernarus::Weather::Rain:: ( 7.26858 ) 0
SCRIPT       : SAVE CHECKSUM:1213035715
SCRIPT       : SAVE CHECKSUM:1213035715
SCRIPT       : Chernarus::Weather::Overcast:: ( 7.3468 )  overcast: 0.615772
SCRIPT       : Chernarus::Weather::Overcast::Rain:: ( 7.3468 ) 0
SCRIPT       : Chernarus::Weather::Rain:: ( 7.35297 ) 0
SCRIPT       : SAVE CHECKSUM:1213035715
SCRIPT       : SAVE CHECKSUM:1213035715
SCRIPT       : Chernarus::Weather::Rain::ForceEnd:: ( 7.38576 ) 0.269536 -> 0
SCRIPT       : [inv] ReplaceItemWithNewLambdaBase Step B) remove OK, loc={ type=HANDS item=PeachesCan:012771 parent=SurvivorM_Taiki:01 }
SCRIPT       : SAVE CHECKSUM:1213035715
SCRIPT       : SAVE CHECKSUM:1213035715
SCRIPT       : Chernarus::Weather::Rain::ForceEnd:: ( 7.45245 ) 0 -> 0
SCRIPT       : material = WoodenLog; quantity = 1
SCRIPT       : SAVE CHECKSUM:1213035715
SCRIPT       : SAVE CHECKSUM:1213035715
SCRIPT       : Chernarus::Weather::Rain::ForceEnd:: ( 7.51915 ) 0 -> 0
SCRIPT       : material = WoodenLog; quantity = 1
SCRIPT       : [Logout]: New player HT80BSK6nbyEUuqqNLGOG_NvUVWKXCYBk5YTFLCK4vU= with logout time 15
SCRIPT       : [emote] SurvivorM_Niki:03 play emote id=14 IH=WoodAxe:015374
SCRIPT       : [EditorLoader] OnClientDisconnect
SCRIPT       : [Logout]: Player HT80BSK6nbyEUuqqNLGOG_NvUVWKXCYBk5YTFLCK4vU= finished
SCRIPT       : SAVE CHECKSUM:1213035715
SCRIPT       : SAVE CHECKSUM:1213035715
SCRIPT       : Chernarus::Weather::Rain::ForceEnd:: ( 7.58585 ) 0 -> 0
SCRIPT       : [MoreDoors] MissionServer --> Sending instance of cfg to client: Skif
SCRIPT       : [CP] -> Sucessfully sent: Skif CP Plus Config!
SCRIPT       : ********* LoadStats loading version: 115
SCRIPT       : LOAD checksum:1213035715
SCRIPT       : ---- PlayerBase OnStoreLoad SUCCESS ----
SCRIPT       : [EditorLoader] OnInvokeConnect
SCRIPT       : Chernarus::Weather::Rain::ForceEnd:: ( 7.65254 ) 0 -> 0
SCRIPT       : SAVE id:19
SCRIPT       : SAVE id_bit_offset:4
SCRIPT       : SAVE write_result:1638704
SCRIPT       : SAVE CHECKSUM:1213035715
SCRIPT       : SAVE CHECKSUM:1213035715
SCRIPT       : Chernarus::Weather::Fog:: ( 7.68899 ) 0.0409541
SCRIPT       : Chernarus::Weather::Rain::ForceEnd:: ( 7.71924 ) 0 -> 0
SCRIPT       : SAVE CHECKSUM:1213035715
SCRIPT       : SAVE CHECKSUM:1213035715
SCRIPT       : Chernarus::Weather::Rain::ForceEnd:: ( 7.78594 ) 0 -> 0
SCRIPT       : SAVE CHECKSUM:1213035715
SCRIPT       : SAVE CHECKSUM:1213035715
SCRIPT       : Chernarus::Weather::Rain::ForceEnd:: ( 7.85263 ) 0 -> 0
SCRIPT       : SAVE CHECKSUM:1213035715
SCRIPT       : SAVE CHECKSUM:1213035715
SCRIPT       : Chernarus::Weather::Rain::ForceEnd:: ( 7.91933 ) 0 -> 0
SCRIPT       : material = WoodenStick; quantity = 1
SCRIPT       : SAVE CHECKSUM:1213035715
SCRIPT       : SAVE CHECKSUM:1213035715
SCRIPT       : Chernarus::Weather::Rain::ForceEnd:: ( 7.98603 ) 0 -> 0
SCRIPT       : material = WoodenStick; quantity = 1
SCRIPT       : SAVE CHECKSUM:1213035715
SCRIPT       : SAVE CHECKSUM:1213035715
SCRIPT       : Chernarus::Weather::Rain::ForceEnd:: ( 8.05273 ) 0 -> 0
SCRIPT       : Chernarus::Weather::Overcast:: ( 8.09159 )  overcast: 0.020838
SCRIPT       : Chernarus::Weather::Overcast::Rain:: ( 8.09159 ) 0
SCRIPT       : SAVE CHECKSUM:1213035715
SCRIPT       : SAVE CHECKSUM:1213035715
SCRIPT       : Chernarus::Weather::Rain::ForceEnd:: ( 8.11942 ) 0 -> 0
SCRIPT       : material = FireWood; quantity = 1
SCRIPT       : SAVE CHECKSUM:1213035715
SCRIPT       : [wpnfsm] Save occured in fsm transition! current state=WeaponChargingInnerMag<cd7b7190> closes stable state=PumpShotgunLoaded<f66ec0f0> id=3
SCRIPT       : SAVE CHECKSUM:1213035715
SCRIPT       : Chernarus::Weather::Rain::ForceEnd:: ( 8.18612 ) 0 -> 0
SCRIPT       : Chernarus::Weather::Fog:: ( 8.19263 ) 0.0644258
SCRIPT       : [Logout]: New player XvanEKUhyxTkbzngpxDcoNyQwUXi4Yr-sLWO7uNg91M= with logout time 15
SCRIPT       : [Logout]: New player HT80BSK6nbyEUuqqNLGOG_NvUVWKXCYBk5YTFLCK4vU= with logout time 15
SCRIPT       : [EditorLoader] OnClientDisconnect
SCRIPT       : [Logout]: Player XvanEKUhyxTkbzngpxDcoNyQwUXi4Yr-sLWO7uNg91M= finished
SCRIPT       : SAVE CHECKSUM:1213035715
SCRIPT       : [EditorLoader] OnClientDisconnect
SCRIPT       : [Logout]: Player HT80BSK6nbyEUuqqNLGOG_NvUVWKXCYBk5YTFLCK4vU= finished
SCRIPT       : SAVE CHECKSUM:1213035715
SCRIPT       : ~PluginMCKLogs Closed
SCRIPT       : ~DayZGame()
