[05-19-2021][00.00.28] New Access Log File Created!
[05-19-2021][00.21.41] Log file reloaded ( Server Restart )
[05-19-2021][01.23.02] Log file reloaded ( Server Restart )
[05-19-2021][06.00.25] Log file reloaded ( Server Restart )
[05-19-2021][12.00.29] Log file reloaded ( Server Restart )
[13:04:25] Player (Mr Wolf, 76561198016874355)(<4259.874512, 21.779762, 7282.296875>) quick accessed a lock!
[13:07:49] Player (Mr Wolf, 76561198016874355)(<4259.874512, 21.779762, 7282.296875>) quick accessed a lock!
[13:10:50] Player (Mr Wolf, 76561198016874355)(<4259.874512, 21.779762, 7282.296875>) quick accessed a lock!
[14:06:14] Player ([H]unter, 76561199074754026)(<5069.117188, 5.142138, 11022.483398>) quick accessed a lock!
[05-19-2021][15.23.27] Log file reloaded ( Server Restart )
[16:09:22] Player ([H]unter, 76561199074754026)(<5069.117188, 5.142138, 11022.483398>) quick accessed a lock!
[16:11:11] Player ([H]unter, 76561199074754026)(<5069.117188, 5.142138, 11022.483398>) quick accessed a lock!
[16:35:50] Player ([H]unter, 76561199074754026)(<5069.117188, 5.142138, 11022.483398>) quick accessed a lock!
[16:48:52] Player ([H]unter, 76561199074754026)(<5069.117188, 5.142138, 11022.483398>) quick accessed a lock!
[16:55:14] Player (BnYrB, 76561198036774377)(<1434.872314, 2.602740, 6767.658203>) set a new passcode on lock!
[16:55:14] Player (BnYrB, 76561198036774377)(<1434.872314, 2.602740, 6767.658203>) claimed ownership of a lock!
[16:55:54] Player (BnYrB, 76561198036774377)(<1428.340210, 2.602740, 6758.549316>) set a new passcode on lock!
[16:55:54] Player (BnYrB, 76561198036774377)(<1428.340210, 2.602740, 6758.549316>) claimed ownership of a lock!
[17:06:07] Player (BnYrB, 76561198036774377)(<1434.872314, 2.602740, 6767.658203>) quick accessed a lock!
[05-19-2021][18.00.27] Log file reloaded ( Server Restart )
[20:23:20] Player (Cygnus, 76561199063202968)(<7333.357422, 7.997129, 8401.653320>) quick accessed a lock!
[20:35:14] Player (Cygnus, 76561199063202968)(<7333.357422, 7.997129, 8401.653320>) quick accessed a lock!
[20:42:12] Player (Cygnus, 76561199063202968)(<7333.357422, 7.997129, 8401.653320>) quick accessed a lock!
[20:53:10] Player (Cygnus, 76561199063202968)(<7333.357422, 7.997129, 8401.653320>) quick accessed a lock!
[20:53:15] Player (Cygnus, 76561199063202968)(<7333.357422, 7.997129, 8401.653320>) quick accessed a lock!
[21:14:03] Player (Cygnus, 76561199063202968)(<7333.357422, 7.997129, 8401.653320>) quick accessed a lock!
[22:15:43] Player (Cygnus, 76561199063202968)(<7333.357422, 7.997129, 8401.653320>) quick accessed a lock!
[22:20:03] Player (Cygnus, 76561199063202968)(<7333.357422, 7.997129, 8401.653320>) quick accessed a lock!
