[2021.05.22-05:56:42] "BnYrB"(id=76561198036774377) wrote a note
========== START NOTE ===========
05.22.2021

If anyone is from Porland, I'm looking for
my brother, Jakob.

He is nurse, was supposed to be here with
supplies weeks ago.

If anyone knows anything, let us know.

Amy
=========== END NOTE ============

[2021.05.22-05:57:12] "BnYrB"(id=76561198036774377) placed a note at <6263.361816, 6.333146, 9591.183594>
========== START NOTE ===========
05.22.2021

If anyone is from Porland, I'm looking for
my brother, Jakob.

He is nurse, was supposed to be here with
supplies weeks ago.

If anyone knows anything, let us know.

Amy
=========== END NOTE ============

[2021.05.22-06:11:29] "BnYrB"(id=76561198036774377) wrote a note
========== START NOTE ===========
05.22.2021

Amy...

If you get this, I don't know how you would, but if
 you get this, I'm stranded on the roof.

I was bit.

Thinking about jumping.

Thinking about the family.

Hope you are safe.

Stay alive.

Jakob
=========== END NOTE ============

[2021.05.22-06:17:16] "BnYrB"(id=76561198036774377) wrote a note
========== START NOTE ===========
05.22.2021

I trusted some dirty sailor to middle man a deal
with some shady characters.

Was supposed to get a stash of handguns for
some cash.

Dirty pirate ran off with both after killing the
other party.

Don't worry about who they were. Mind your
business.

Anyway, I'm out of here. Going to try my luck
up north.

If you find yourself in Stonington, keep an eye
open around the shipwreck.
=========== END NOTE ============

[2021.05.22-06:17:26] "BnYrB"(id=76561198036774377) placed a note at <6263.110840, 6.286142, 9590.217773>
========== START NOTE ===========
05.22.2021

I trusted some dirty sailor to middle man a deal
with some shady characters.

Was supposed to get a stash of handguns for
some cash.

Dirty pirate ran off with both after killing the
other party.

Don't worry about who they were. Mind your
business.

Anyway, I'm out of here. Going to try my luck
up north.

If you find yourself in Stonington, keep an eye
open around the shipwreck.
=========== END NOTE ============

[2021.05.22-06:27:53] "BnYrB"(id=76561198036774377) wrote a note
========== START NOTE ===========
Well shit.
=========== END NOTE ============

[2021.05.22-06:30:14] "BnYrB"(id=76561198036774377) placed a note at <6263.813477, 6.387100, 9591.031250>
========== START NOTE ===========
05.22.2021

If anyone is from Porland, I'm looking for
my brother, Jakob.

He is nurse, was supposed to be here with
supplies weeks ago.

If anyone knows anything, let us know.

Amy
=========== END NOTE ============

[2021.05.22-06:30:19] "BnYrB"(id=76561198036774377) placed a note at <6263.813477, 6.387100, 9591.031250>
========== START NOTE ===========
05.22.2021

If anyone is from Porland, I'm looking for
my brother, Jakob.

He is nurse, was supposed to be here with
supplies weeks ago.

If anyone knows anything, let us know.

Amy
=========== END NOTE ============

[2021.05.22-09:03:38] "[H]unter"(id=76561199074754026) placed a note at <6073.785156, 20.612736, 14557.883789>
========== START NOTE ===========
05.22.2021

Amy...

If you get this, I don't know how you would, but if
 you get this, I'm stranded on the roof.

I was bit.

Thinking about jumping.

Thinking about the family.

Hope you are safe.

Stay alive.

Jakob
=========== END NOTE ============

