[04-04-2021][00.04.13] New Synch Log File Created!
[00:13:18] Player (Cygnus, 76561199063202968)(<4152.730957, 350.129425, 14617.854492>) requested data for lock!
[00:18:16] Player (Cygnus, 76561199063202968)(<4152.730957, 350.129425, 14617.854492>) requested data for lock!
[00:18:33] Player (Cygnus, 76561199063202968)(<4152.730957, 350.129425, 14617.854492>) requested data for lock!
[00:23:34] Player (Cygnus, 76561199063202968)(<4152.730957, 350.129425, 14617.854492>) requested data for lock!
[00:26:26] Player (Cygnus, 76561199063202968)(<4152.730957, 350.129425, 14617.854492>) requested data for lock!
[00:27:05] Player (Mrs Wolf, 76561198030377081)(<12091.898438, 3.014467, 3448.396484>) requested data for lock!
[00:27:34] Player (Mrs Wolf, 76561198030377081)(<12078.319336, 3.049664, 3444.055664>) requested data for lock!
[00:27:37] Player (Mr Wolf, 76561198016874355)(<12091.898438, 3.014467, 3448.396484>) requested data for lock!
[00:28:50] Player (Mrs Wolf, 76561198030377081)(<12078.319336, 3.049664, 3444.055664>) requested data for lock!
[00:28:59] Player (Mr Wolf, 76561198016874355)(<12078.319336, 3.049664, 3444.055664>) requested data for lock!
[00:34:01] Player (Cygnus, 76561199063202968)(<4152.730957, 350.129425, 14617.854492>) requested data for lock!
[04-04-2021][07.56.40] Log file reloaded ( Server Restart )
[08:23:19] Player (Mr Wolf, 76561198016874355)(<12078.319336, 3.049664, 3444.055664>) requested data for lock!
[08:23:32] Player (Mr Wolf, 76561198016874355)(<12078.319336, 3.049664, 3444.055664>) requested data for lock!
[08:29:15] Player (Mr Wolf, 76561198016874355)(<12078.319336, 3.049664, 3444.055664>) requested data for lock!
[08:29:22] Player (Mr Wolf, 76561198016874355)(<12078.319336, 3.049664, 3444.055664>) requested data for lock!
[08:30:04] Player (Mr Wolf, 76561198016874355)(<12078.319336, 3.049664, 3444.055664>) requested data for lock!
[08:30:11] Player (Mr Wolf, 76561198016874355)(<12091.898438, 3.014467, 3448.396484>) requested data for lock!
[08:32:29] Player (Mr Wolf, 76561198016874355)(<12078.319336, 3.049664, 3444.055664>) requested data for lock!
[08:33:02] Player (Mr Wolf, 76561198016874355)(<12091.898438, 3.014467, 3448.396484>) requested data for lock!
[08:33:08] Player (Mr Wolf, 76561198016874355)(<12078.319336, 3.049664, 3444.055664>) requested data for lock!
[08:34:03] Player (Mr Wolf, 76561198016874355)(<12091.898438, 3.014467, 3448.396484>) requested data for lock!
[11:05:30] Player (Mr Wolf, 76561198016874355)(<4443.336426, 338.625336, 8069.258301>) requested data for lock!
[11:05:38] Player (Mr Wolf, 76561198016874355)(<4442.790039, 337.967712, 8084.846191>) requested data for lock!
[11:48:02] Player (Mr Wolf, 76561198016874355)(<12091.898438, 3.014467, 3448.396484>) requested data for lock!
[11:48:10] Player (Mr Wolf, 76561198016874355)(<12078.319336, 3.049664, 3444.055664>) requested data for lock!
[11:49:08] Player (Mr Wolf, 76561198016874355)(<12078.319336, 3.049664, 3444.055664>) requested data for lock!
[04-04-2021][12.00.51] Log file reloaded ( Server Restart )
[14:12:00] Player (Pressure Cloudz, 76561199151225313)(<4969.470215, 10.712107, 2455.229492>) requested data for lock!
[14:12:05] Player (Pressure Cloudz, 76561199151225313)(<4969.470215, 10.712107, 2455.229492>) requested data for lock!
[14:12:11] Player (Pressure Cloudz, 76561199151225313)(<4969.470215, 10.712107, 2455.229492>) requested data for lock!
[14:39:00] Player (Mrs Wolf, 76561198030377081)(<12078.319336, 3.049664, 3444.055664>) requested data for lock!
[14:44:14] Player (BnYrB, 76561198036774377)(<5863.314941, 138.954391, 4679.335938>) requested data for lock!
[14:44:19] Player (BnYrB, 76561198036774377)(<5863.314941, 138.954391, 4679.335938>) requested data for lock!
[14:44:24] Player (BnYrB, 76561198036774377)(<5863.314941, 138.954391, 4679.335938>) requested data for lock!
[14:50:33] Player (BnYrB, 76561198036774377)(<5918.916992, 147.211624, 4701.065918>) requested data for lock!
[14:50:38] Player (BnYrB, 76561198036774377)(<5918.916992, 147.211624, 4701.065918>) requested data for lock!
[14:50:43] Player (BnYrB, 76561198036774377)(<5918.916992, 147.211624, 4701.065918>) requested data for lock!
[14:51:32] Player (BnYrB, 76561198036774377)(<5750.605957, 117.330002, 4600.897949>) requested data for lock!
[14:51:37] Player (BnYrB, 76561198036774377)(<5750.605957, 117.330002, 4600.897949>) requested data for lock!
[14:51:45] Player (BnYrB, 76561198036774377)(<5759.710449, 117.330002, 4600.133789>) requested data for lock!
[14:51:51] Player (BnYrB, 76561198036774377)(<5759.710449, 117.330002, 4600.133789>) requested data for lock!
[14:55:47] Player (Mrs Wolf, 76561198030377081)(<12091.898438, 3.014467, 3448.396484>) requested data for lock!
[14:57:20] Player (Mrs Wolf, 76561198030377081)(<12091.898438, 3.014467, 3448.396484>) requested data for lock!
[14:58:03] Player (Mrs Wolf, 76561198030377081)(<12091.898438, 3.014467, 3448.396484>) requested data for lock!
[15:02:41] Player (Mrs Wolf, 76561198030377081)(<12091.898438, 3.014467, 3448.396484>) requested data for lock!
[15:05:27] Player (Mr Wolf, 76561198016874355)(<12091.898438, 3.014467, 3448.396484>) requested data for lock!
[15:41:40] Player (BnYrB, 76561198036774377)(<5918.916992, 147.211624, 4701.065918>) requested data for lock!
[15:44:16] Player (BnYrB, 76561198036774377)(<5918.916992, 147.211624, 4701.065918>) requested data for lock!
[15:46:52] Player (BnYrB, 76561198036774377)(<5918.916992, 147.211624, 4701.065918>) requested data for lock!
[15:47:53] Player (BnYrB, 76561198036774377)(<5918.916992, 147.211624, 4701.065918>) requested data for lock!
[15:55:27] Player (BnYrB, 76561198036774377)(<5750.605957, 117.330002, 4600.897949>) requested data for lock!
