[02-21-2021][01.37.41] New Access Log File Created!
[01:49:41] Player (Derf, 76561198053415379)(<4955.933594, 10.712138, 2444.915039>) set a new passcode on lock!
[01:49:42] Player (Derf, 76561198053415379)(<4955.933594, 10.712138, 2444.915039>) claimed ownership of a lock!
[01:49:47] Player (Derf, 76561198053415379)(<4955.933594, 10.712138, 2444.915039>) quick accessed a lock!
[01:50:03] Player (Derf, 76561198053415379)(<4955.933594, 10.712138, 2444.915039>) quick accessed a lock!
[02-21-2021][08.04.05] Log file reloaded ( Server Restart )
[09:31:39] Player (Cowboy, 76561199119311623)(<4955.933594, 10.712138, 2444.915039>) accessed a lock!
[09:31:39] Player (Cowboy, 76561199119311623)(<4955.933594, 10.712138, 2444.915039>) was added as a guest of a lock!
[09:56:25] Player (Cowboy, 76561199119311623)(<4955.933594, 10.712138, 2444.915039>) quick accessed a lock!
[11:04:22] Player (Cowboy, 76561199119311623)(<4955.933594, 10.712138, 2444.915039>) quick accessed a lock!
[02-21-2021][14.31.37] Log file reloaded ( Server Restart )
[15:20:05] Player (Brehvin, 76561198306132402)(<4955.933594, 10.712138, 2444.915039>) accessed a lock!
[15:20:05] Player (Brehvin, 76561198306132402)(<4955.933594, 10.712138, 2444.915039>) was added as a guest of a lock!
[16:55:29] Player (Brehvin, 76561198306132402)(<4955.933594, 10.712138, 2444.915039>) quick accessed a lock!
[17:42:42] Player (Cowboy, 76561199119311623)(<4955.933594, 10.712138, 2444.915039>) quick accessed a lock!
[18:01:20] Player (Derf, 76561198053415379)(<4955.933594, 10.712138, 2444.915039>) quick accessed a lock!
[02-21-2021][20.56.34] Log file reloaded ( Server Restart )
[21:13:57] Player (Derf, 76561198053415379)(<4955.933594, 10.712138, 2444.915039>) quick accessed a lock!
[21:46:58] Player (IAmTheSinister, 76561198415328221)(<2990.004395, 370.054047, 6701.503906>) set a new passcode on lock!
[21:46:58] Player (IAmTheSinister, 76561198415328221)(<2990.004395, 370.054047, 6701.503906>) claimed ownership of a lock!
[21:47:00] Player (IAmTheSinister, 76561198415328221)(<2990.004395, 370.054047, 6701.503906>) quick accessed a lock!
[21:49:34] Player (IAmTheSinister, 76561198415328221)(<2981.563965, 370.931885, 6771.658691>) set a new passcode on lock!
[21:49:34] Player (IAmTheSinister, 76561198415328221)(<2981.563965, 370.931885, 6771.658691>) claimed ownership of a lock!
[21:49:35] Player (IAmTheSinister, 76561198415328221)(<2981.563965, 370.931885, 6771.658691>) quick accessed a lock!
[22:20:58] Player (Cowboy, 76561199119311623)(<4955.933594, 10.712138, 2444.915039>) quick accessed a lock!
[23:58:45] Player (IAmTheSinister, 76561198415328221)(<2981.563965, 370.931885, 6771.658691>) quick accessed a lock!
[00:00:57] Player (Derf, 76561198053415379)(<4955.933594, 10.712138, 2444.915039>) quick accessed a lock!
[00:09:20] Player (IAmTheSinister, 76561198415328221)(<2990.004395, 370.054047, 6701.503906>) quick accessed a lock!
[00:18:30] Player (Cowboy, 76561199119311623)(<4955.933594, 10.712138, 2444.915039>) quick accessed a lock!
[02:08:37] Player (Cowboy, 76561199119311623)(<4955.933594, 10.712138, 2444.915039>) quick accessed a lock!
[03:03:05] Player (Brehvin, 76561198306132402)(<4955.933594, 10.712138, 2444.915039>) quick accessed a lock!
