[03-10-2021][01.08.17] New Access Log File Created!
[03:13:19] Player (Cowboy, 76561199119311623)(<4936.941406, 9.985765, 2464.828125>) quick accessed a lock!
[03:13:25] Player (Cowboy, 76561199119311623)(<4943.929688, 9.985765, 2458.822998>) quick accessed a lock!
[03:13:52] Player (Cowboy, 76561199119311623)(<4943.929688, 9.985765, 2458.822998>) quick accessed a lock!
[03:14:13] Player (Cowboy, 76561199119311623)(<4938.984863, 11.197905, 2470.823730>) quick accessed a lock!
[03:14:31] Player (Cowboy, 76561199119311623)(<4955.933594, 10.712138, 2444.915039>) quick accessed a lock!
[03:14:36] Player (Cowboy, 76561199119311623)(<4969.470215, 10.712107, 2455.229492>) quick accessed a lock!
[04:56:56] Player (Cowboy, 76561199119311623)(<4969.470215, 10.712107, 2455.229492>) quick accessed a lock!
[04:57:01] Player (Cowboy, 76561199119311623)(<4955.933594, 10.712138, 2444.915039>) quick accessed a lock!
[04:59:02] Player (Cowboy, 76561199119311623)(<4943.929688, 9.985765, 2458.822998>) quick accessed a lock!
[05:02:21] Player (Cowboy, 76561199119311623)(<4938.984863, 11.197905, 2470.823730>) quick accessed a lock!
[05:05:38] Player (Cowboy, 76561199119311623)(<4943.832031, 11.197904, 2455.215576>) quick accessed a lock!
[05:08:53] Player (Cowboy, 76561199119311623)(<4938.984863, 11.197905, 2470.823730>) quick accessed a lock!
[05:09:18] Player (Cowboy, 76561199119311623)(<4943.929688, 9.985765, 2458.822998>) quick accessed a lock!
[05:09:23] Player (Cowboy, 76561199119311623)(<4938.984863, 11.197905, 2470.823730>) quick accessed a lock!
[05:10:38] Player (Cowboy, 76561199119311623)(<4938.984863, 11.197905, 2470.823730>) quick accessed a lock!
[05:11:56] Player (Cowboy, 76561199119311623)(<4943.929688, 9.985765, 2458.822998>) quick accessed a lock!
[05:12:02] Player (Cowboy, 76561199119311623)(<4936.941406, 9.985765, 2464.828125>) quick accessed a lock!
[03-10-2021][06.07.38] Log file reloaded ( Server Restart )
[03-10-2021][12.19.09] Log file reloaded ( Server Restart )
[13:58:37] Player (Mr Wolf, 76561198016874355)(<12216.598633, 94.225845, 10604.336914>) quick accessed a lock!
[14:03:28] Player (Mrs Wolf, 76561198030377081)(<12287.996094, 92.907715, 10659.709961>) quick accessed a lock!
[14:04:13] Player (Mrs Wolf, 76561198030377081)(<12285.527344, 92.795059, 10662.870117>) quick accessed a lock!
[14:04:16] Player (Mrs Wolf, 76561198030377081)(<12287.996094, 92.907715, 10659.709961>) quick accessed a lock!
[14:04:19] Player (Mrs Wolf, 76561198030377081)(<12287.996094, 92.907715, 10659.709961>) quick accessed a lock!
[14:24:09] Player (Mrs Wolf, 76561198030377081)(<12085.878906, 4.126426, 3437.378662>) accessed a lock!
[14:24:09] Player (Mrs Wolf, 76561198030377081)(<12085.878906, 4.126426, 3437.378662>) was added as a guest of a lock!
[14:29:33] Player (Mrs Wolf, 76561198030377081)(<12085.878906, 4.126426, 3437.378662>) quick accessed a lock!
[14:30:17] Player (Mrs Wolf, 76561198030377081)(<12085.878906, 4.126426, 3437.378662>) quick accessed a lock!
[14:42:04] Player (Mrs Wolf, 76561198030377081)(<12085.878906, 4.126426, 3437.378662>) quick accessed a lock!
[03-10-2021][15.07.57] Log file reloaded ( Server Restart )
[15:22:43] Player (Mrs Wolf, 76561198030377081)(<12085.878906, 4.126426, 3437.378662>) quick accessed a lock!
[15:41:23] Player (Mrs Wolf, 76561198030377081)(<12287.996094, 92.907715, 10659.709961>) quick accessed a lock!
[15:46:11] Player (Mrs Wolf, 76561198030377081)(<12287.996094, 92.907715, 10659.709961>) quick accessed a lock!
[16:15:21] Player (Mrs Wolf, 76561198030377081)(<12287.996094, 92.907715, 10659.709961>) quick accessed a lock!
[16:18:05] Player (Mrs Wolf, 76561198030377081)(<12216.598633, 94.225845, 10604.336914>) quick accessed a lock!
[16:28:23] Player (Mrs Wolf, 76561198030377081)(<12211.073242, 94.461563, 10603.007813>) quick accessed a lock!
[16:28:26] Player (Mrs Wolf, 76561198030377081)(<12216.598633, 94.225845, 10604.336914>) quick accessed a lock!
[16:37:27] Player (Mrs Wolf, 76561198030377081)(<12287.996094, 92.907715, 10659.709961>) quick accessed a lock!
[17:04:43] Player (Mrs Wolf, 76561198030377081)(<12085.878906, 4.126426, 3437.378662>) quick accessed a lock!
[17:04:50] Player (_Mr Dom, 76561198138525305)(<2591.767822, 303.547913, 6314.768066>) quick accessed a lock!
[17:06:15] Player (_Mr Dom, 76561198138525305)(<2588.702637, 304.485596, 6364.070801>) quick accessed a lock!
[17:06:35] Player (_Mr Dom, 76561198138525305)(<2588.702637, 304.485596, 6364.070801>) quick accessed a lock!
[17:07:49] Player (_Mr Dom, 76561198138525305)(<2591.767822, 303.547913, 6314.768066>) quick accessed a lock!
[17:09:41] Player (_Mr Dom, 76561198138525305)(<2591.767822, 303.547913, 6314.768066>) quick accessed a lock!
[17:10:10] Player (Mrs Wolf, 76561198030377081)(<12085.878906, 4.126426, 3437.378662>) quick accessed a lock!
[17:28:14] Player (Survivor, 76561198000192546)(<12287.996094, 92.907715, 10659.709961>) accessed a lock!
[17:28:14] Player (Survivor, 76561198000192546)(<12287.996094, 92.907715, 10659.709961>) was added as a guest of a lock!
[17:36:20] Player (Derf, 76561198053415379)(<4951.224609, 9.985765, 2463.391846>) quick accessed a lock!
[17:36:44] Player (Derf, 76561198053415379)(<4943.929688, 9.985765, 2458.822998>) quick accessed a lock!
[17:40:16] Player (Derf, 76561198053415379)(<4943.929688, 9.985765, 2458.822998>) quick accessed a lock!
[17:42:52] Player (Derf, 76561198053415379)(<4938.984863, 11.197905, 2470.823730>) quick accessed a lock!
[17:43:29] Player (Derf, 76561198053415379)(<4955.933594, 10.712138, 2444.915039>) quick accessed a lock!
[17:43:43] Player (Derf, 76561198053415379)(<4969.470215, 10.712107, 2455.229492>) quick accessed a lock!
[17:43:54] Player (Derf, 76561198053415379)(<4969.470215, 10.712107, 2455.229492>) quick accessed a lock!
[18:16:19] Player (Survivor, 76561198000192546)(<12085.878906, 4.126426, 3437.378662>) accessed a lock!
[18:16:19] Player (Survivor, 76561198000192546)(<12085.878906, 4.126426, 3437.378662>) was added as a guest of a lock!
[18:16:46] Player (Derf, 76561198053415379)(<4969.470215, 10.712107, 2455.229492>) quick accessed a lock!
[18:19:03] Player (Derf, 76561198053415379)(<4943.929688, 9.985765, 2458.822998>) quick accessed a lock!
[18:19:06] Player (Derf, 76561198053415379)(<4951.224609, 9.985765, 2463.391846>) quick accessed a lock!
[18:20:09] Player (Derf, 76561198053415379)(<4943.832031, 11.197904, 2455.215576>) quick accessed a lock!
[18:24:32] Player (Derf, 76561198053415379)(<4943.832031, 11.197904, 2455.215576>) quick accessed a lock!
[18:24:35] Player (Derf, 76561198053415379)(<4943.929688, 9.985765, 2458.822998>) quick accessed a lock!
[18:24:39] Player (Derf, 76561198053415379)(<4951.224609, 9.985765, 2463.391846>) quick accessed a lock!
[18:25:59] Player (Survivor, 76561198000192546)(<12085.878906, 4.126426, 3437.378662>) quick accessed a lock!
[18:28:51] Player (Mr Wolf, 76561198016874355)(<12085.878906, 4.126426, 3437.378662>) quick accessed a lock!
[03-10-2021][18.32.25] Log file reloaded ( Server Restart )
[18:44:49] Player (Survivor (2), 76561198000192546)(<12085.878906, 4.126426, 3437.378662>) quick accessed a lock!
[18:45:47] Player (Survivor (2), 76561198000192546)(<12085.878906, 4.126426, 3437.378662>) quick accessed a lock!
[18:45:57] Player (Survivor (2), 76561198000192546)(<12085.878906, 4.126426, 3437.378662>) quick accessed a lock!
[18:49:07] Player (Survivor (2), 76561198000192546)(<12085.878906, 4.126426, 3437.378662>) quick accessed a lock!
[18:50:54] Player (Survivor (2), 76561198000192546)(<12085.878906, 4.126426, 3437.378662>) quick accessed a lock!
[18:51:59] Player (Survivor (2), 76561198000192546)(<12085.878906, 4.126426, 3437.378662>) quick accessed a lock!
[18:53:07] Player (Survivor, 76561198304057481)(<4955.933594, 10.712138, 2444.915039>) quick accessed a lock!
[18:53:31] Player (Survivor (2), 76561198000192546)(<12085.878906, 4.126426, 3437.378662>) quick accessed a lock!
[18:53:37] Player (Survivor, 76561198304057481)(<4969.470215, 10.712107, 2455.229492>) quick accessed a lock!
[18:55:01] Player (Survivor, 76561198304057481)(<4969.470215, 10.712107, 2455.229492>) quick accessed a lock!
[18:55:35] Player (Survivor, 76561198304057481)(<4955.933594, 10.712138, 2444.915039>) quick accessed a lock!
[18:57:41] Player (Cowboy, 76561199119311623)(<4936.941406, 9.985765, 2464.828125>) quick accessed a lock!
[18:57:53] Player (Cowboy, 76561199119311623)(<4943.929688, 9.985765, 2458.822998>) quick accessed a lock!
[18:58:13] Player (Cowboy, 76561199119311623)(<4955.933594, 10.712138, 2444.915039>) quick accessed a lock!
[18:58:41] Player (Cowboy, 76561199119311623)(<4969.470215, 10.712107, 2455.229492>) quick accessed a lock!
[19:01:42] Player (Survivor (2), 76561198000192546)(<12287.996094, 92.907715, 10659.709961>) quick accessed a lock!
[19:35:51] Player (Mr Wolf, 76561198016874355)(<12287.996094, 92.907715, 10659.709961>) quick accessed a lock!
[19:38:37] Player (Cowboy, 76561199119311623)(<4969.470215, 10.712107, 2455.229492>) quick accessed a lock!
[19:38:42] Player (Cowboy, 76561199119311623)(<4955.933594, 10.712138, 2444.915039>) quick accessed a lock!
[19:43:51] Player (Cowboy, 76561199119311623)(<4943.929688, 9.985765, 2458.822998>) quick accessed a lock!
[19:43:56] Player (Cowboy, 76561199119311623)(<4936.941406, 9.985765, 2464.828125>) quick accessed a lock!
[19:45:45] Player (Cowboy, 76561199119311623)(<4943.929688, 9.985765, 2458.822998>) quick accessed a lock!
[19:45:51] Player (Cowboy, 76561199119311623)(<4943.832031, 11.197904, 2455.215576>) quick accessed a lock!
[19:48:08] Player (Cowboy, 76561199119311623)(<4936.941406, 9.985765, 2464.828125>) quick accessed a lock!
[19:48:54] Player (Cowboy, 76561199119311623)(<4943.929688, 9.985765, 2458.822998>) quick accessed a lock!
[19:48:58] Player (Cowboy, 76561199119311623)(<4936.941406, 9.985765, 2464.828125>) quick accessed a lock!
[19:51:04] Player (Cowboy, 76561199119311623)(<4955.933594, 10.712138, 2444.915039>) quick accessed a lock!
[19:51:07] Player (Cowboy, 76561199119311623)(<4969.470215, 10.712107, 2455.229492>) quick accessed a lock!
[19:53:00] Player (Mr Wolf, 76561198016874355)(<12085.878906, 4.126426, 3437.378662>) quick accessed a lock!
[20:47:14] Player (Cowboy, 76561199119311623)(<4969.470215, 10.712107, 2455.229492>) quick accessed a lock!
[20:47:20] Player (Cowboy, 76561199119311623)(<4955.933594, 10.712138, 2444.915039>) quick accessed a lock!
[20:47:28] Player (Cowboy, 76561199119311623)(<4943.929688, 9.985765, 2458.822998>) quick accessed a lock!
[20:47:33] Player (Cowboy, 76561199119311623)(<4936.941406, 9.985765, 2464.828125>) quick accessed a lock!
[20:53:53] Player (Survivor, 76561198000192546)(<12085.878906, 4.126426, 3437.378662>) quick accessed a lock!
[21:03:49] Player (Survivor (6), 76561198304057481)(<4955.933594, 10.712138, 2444.915039>) quick accessed a lock!
[21:03:57] Player (Survivor (6), 76561198304057481)(<4969.470215, 10.712107, 2455.229492>) quick accessed a lock!
[21:08:54] Player (Mr Wolf, 76561198016874355)(<12085.878906, 4.126426, 3437.378662>) quick accessed a lock!
[21:20:16] Player (Survivor, 76561198000192546)(<12287.996094, 92.907715, 10659.709961>) quick accessed a lock!
[21:51:10] Player (Survivor (6), 76561198304057481)(<4969.470215, 10.712107, 2455.229492>) quick accessed a lock!
[21:51:18] Player (Survivor (6), 76561198304057481)(<4955.933594, 10.712138, 2444.915039>) quick accessed a lock!
[22:49:30] Player (Mr Wolf, 76561198016874355)(<12085.878906, 4.126426, 3437.378662>) quick accessed a lock!
[22:51:36] Player (Cowboy, 76561199119311623)(<4969.470215, 10.712107, 2455.229492>) quick accessed a lock!
[22:51:42] Player (Cowboy, 76561199119311623)(<4955.933594, 10.712138, 2444.915039>) quick accessed a lock!
[22:54:22] Player (Cowboy, 76561199119311623)(<4943.929688, 9.985765, 2458.822998>) quick accessed a lock!
[22:54:27] Player (Cowboy, 76561199119311623)(<4936.941406, 9.985765, 2464.828125>) quick accessed a lock!
[03-10-2021][23.40.24] Log file reloaded ( Server Restart )
