[03-25-2021][00.00.38] New Access Log File Created!
[03-25-2021][06.26.43] Log file reloaded ( Server Restart )
[03-25-2021][12.04.55] Log file reloaded ( Server Restart )
[03-25-2021][12.04.58] Log file reloaded ( Server Restart )
[03-25-2021][12.05.02] Log file reloaded ( Server Restart )
[03-25-2021][12.17.55] Log file reloaded ( Server Restart )
[13:27:56] Player (Booming4you, 76561199110559459)(<2990.004395, 370.054047, 6701.503906>) quick accessed a lock!
[13:28:17] Player (Booming4you, 76561199110559459)(<2995.143555, 371.242462, 6740.640137>) quick accessed a lock!
[13:32:44] Player (Booming4you, 76561199110559459)(<3019.882080, 370.793945, 6730.334961>) quick accessed a lock!
[13:34:44] Player (Booming4you, 76561199110559459)(<2995.143555, 371.242462, 6740.640137>) quick accessed a lock!
[13:35:40] Player (Booming4you, 76561199110559459)(<2995.484131, 370.558502, 6716.270020>) quick accessed a lock!
[13:35:45] Player (Booming4you, 76561199110559459)(<2990.004395, 370.054047, 6701.503906>) quick accessed a lock!
[14:10:50] Player (Booming4you, 76561199110559459)(<2990.004395, 370.054047, 6701.503906>) quick accessed a lock!
[14:10:54] Player (Booming4you, 76561199110559459)(<2995.484131, 370.558502, 6716.270020>) quick accessed a lock!
[14:11:08] Player (Booming4you, 76561199110559459)(<2995.143555, 371.242462, 6740.640137>) quick accessed a lock!
[14:17:36] Player (Booming4you, 76561199110559459)(<2995.143555, 371.242462, 6740.640137>) quick accessed a lock!
[14:19:20] Player (Booming4you, 76561199110559459)(<3019.882080, 370.793945, 6730.334961>) quick accessed a lock!
[17:35:36] Player (Cowboy, 76561199119311623)(<4938.426758, 11.372619, 2456.663330>) quick accessed a lock!
[17:35:42] Player (Cowboy, 76561199119311623)(<4927.250000, 10.712138, 2455.535400>) quick accessed a lock!
[03-25-2021][18.01.53] Log file reloaded ( Server Restart )
[19:03:20] Player (Cowboy, 76561199119311623)(<3734.264893, 322.642883, 9554.271484>) quick accessed a lock!
[19:05:45] Player (Cowboy, 76561199119311623)(<3731.664307, 322.327454, 9551.279297>) quick accessed a lock!
[19:05:50] Player (Cowboy, 76561199119311623)(<3728.881104, 321.868713, 9548.963867>) quick accessed a lock!
[20:03:54] Player (Cowboy, 76561199119311623)(<4969.470215, 10.712107, 2455.229492>) quick accessed a lock!
[20:03:59] Player (Cowboy, 76561199119311623)(<4955.933594, 10.712138, 2444.915039>) quick accessed a lock!
[20:04:06] Player (Cowboy, 76561199119311623)(<4943.929688, 9.985765, 2458.822998>) quick accessed a lock!
[20:04:10] Player (Cowboy, 76561199119311623)(<4936.941406, 9.985765, 2464.828125>) quick accessed a lock!
[20:10:35] Player (Cowboy, 76561199119311623)(<4955.933594, 10.712138, 2444.915039>) quick accessed a lock!
[20:25:55] Player (Cowboy, 76561199119311623)(<4955.933594, 10.712138, 2444.915039>) quick accessed a lock!
[20:26:01] Player (Cowboy, 76561199119311623)(<4969.470215, 10.712107, 2455.229492>) quick accessed a lock!
[21:15:50] Player (Cowboy, 76561199119311623)(<3731.664307, 322.327454, 9551.279297>) quick accessed a lock!
[21:15:54] Player (Cowboy, 76561199119311623)(<3728.881104, 321.868713, 9548.963867>) quick accessed a lock!
[21:17:36] Player (Cowboy, 76561199119311623)(<3731.664307, 322.327454, 9551.279297>) quick accessed a lock!
[21:18:04] Player (Cowboy, 76561199119311623)(<3734.264893, 322.642883, 9554.271484>) quick accessed a lock!
[21:18:14] Player (Cowboy, 76561199119311623)(<3731.664307, 322.327454, 9551.279297>) quick accessed a lock!
[21:18:16] Player (Cowboy, 76561199119311623)(<3728.881104, 321.868713, 9548.963867>) quick accessed a lock!
[21:19:03] Player (Cowboy, 76561199119311623)(<3731.664307, 322.327454, 9551.279297>) quick accessed a lock!
[21:19:58] Player (Cowboy, 76561199119311623)(<3728.881104, 321.868713, 9548.963867>) quick accessed a lock!
[21:36:52] Player (Cowboy, 76561199119311623)(<3734.264893, 322.642883, 9554.271484>) quick accessed a lock!
[21:44:14] Player (Cowboy, 76561199119311623)(<3731.664307, 322.327454, 9551.279297>) quick accessed a lock!
[21:55:51] Player (Cowboy, 76561199119311623)(<3734.264893, 322.642883, 9554.271484>) quick accessed a lock!
[21:58:13] Player (Cowboy, 76561199119311623)(<3734.264893, 322.642883, 9554.271484>) quick accessed a lock!
[21:58:17] Player (Cowboy, 76561199119311623)(<3731.664307, 322.327454, 9551.279297>) quick accessed a lock!
[21:58:19] Player (Cowboy, 76561199119311623)(<3728.881104, 321.868713, 9548.963867>) quick accessed a lock!
[21:59:49] Player (Cowboy, 76561199119311623)(<3734.264893, 322.642883, 9554.271484>) quick accessed a lock!
[23:29:36] Player (Booming4you, 76561199110559459)(<2995.143555, 371.242462, 6740.640137>) quick accessed a lock!
[23:32:27] Player (Booming4you, 76561199110559459)(<2995.484131, 370.558502, 6716.270020>) quick accessed a lock!
[23:32:35] Player (Booming4you, 76561199110559459)(<2990.004395, 370.054047, 6701.503906>) quick accessed a lock!
[23:57:30] Player (Blue, 76561199108250772)(<134.326096, 151.897430, 2720.472656>) quick accessed a lock!
