[03-12-2021][01.44.54] New Access Log File Created!
[03-12-2021][08.38.38] Log file reloaded ( Server Restart )
[09:28:13] Player (Cowboy, 76561199119311623)(<4936.941406, 9.985765, 2464.828125>) quick accessed a lock!
[09:28:24] Player (Cowboy, 76561199119311623)(<4938.984863, 11.197905, 2470.823730>) quick accessed a lock!
[09:28:29] Player (Cowboy, 76561199119311623)(<4949.101074, 11.197906, 2478.288818>) quick accessed a lock!
[09:28:42] Player (Cowboy, 76561199119311623)(<4943.929688, 9.985765, 2458.822998>) quick accessed a lock!
[09:29:20] Player (Cowboy, 76561199119311623)(<4943.929688, 9.985765, 2458.822998>) quick accessed a lock!
[09:29:24] Player (Cowboy, 76561199119311623)(<4936.941406, 9.985765, 2464.828125>) quick accessed a lock!
[09:31:09] Player (Cowboy, 76561199119311623)(<4936.941406, 9.985765, 2464.828125>) quick accessed a lock!
[09:32:45] Player (Cowboy, 76561199119311623)(<4955.933594, 10.712138, 2444.915039>) quick accessed a lock!
[09:33:30] Player (Cowboy, 76561199119311623)(<4969.470215, 10.712107, 2455.229492>) quick accessed a lock!
[12:06:27] Player (Cowboy, 76561199119311623)(<4969.470215, 10.712107, 2455.229492>) quick accessed a lock!
[12:06:33] Player (Cowboy, 76561199119311623)(<4955.933594, 10.712138, 2444.915039>) quick accessed a lock!
[12:08:26] Player (Cowboy, 76561199119311623)(<4943.929688, 9.985765, 2458.822998>) quick accessed a lock!
[12:08:31] Player (Cowboy, 76561199119311623)(<4936.941406, 9.985765, 2464.828125>) quick accessed a lock!
[12:08:47] Player (Cowboy, 76561199119311623)(<4936.941406, 9.985765, 2464.828125>) quick accessed a lock!
[12:08:50] Player (Cowboy, 76561199119311623)(<4943.929688, 9.985765, 2458.822998>) quick accessed a lock!
[12:09:56] Player (Cowboy, 76561199119311623)(<4936.941406, 9.985765, 2464.828125>) quick accessed a lock!
[12:10:36] Player (Cowboy, 76561199119311623)(<4936.941406, 9.985765, 2464.828125>) quick accessed a lock!
[03-12-2021][13.34.06] Log file reloaded ( Server Restart )
[03-12-2021][17.34.32] Log file reloaded ( Server Restart )
[03-12-2021][18.01.34] Log file reloaded ( Server Restart )
[03-12-2021][18.52.49] Log file reloaded ( Server Restart )
[21:46:47] Player (Cowboy, 76561199119311623)(<4936.941406, 9.985765, 2464.828125>) quick accessed a lock!
[21:46:53] Player (Cowboy, 76561199119311623)(<4943.929688, 9.985765, 2458.822998>) quick accessed a lock!
[21:47:58] Player (Cowboy, 76561199119311623)(<4955.933594, 10.712138, 2444.915039>) quick accessed a lock!
[21:48:03] Player (Cowboy, 76561199119311623)(<4969.470215, 10.712107, 2455.229492>) quick accessed a lock!
[22:05:02] Player (Cowboy, 76561199119311623)(<4969.470215, 10.712107, 2455.229492>) quick accessed a lock!
[22:05:07] Player (Cowboy, 76561199119311623)(<4955.933594, 10.712138, 2444.915039>) quick accessed a lock!
[22:30:18] Player (Derf, 76561198053415379)(<4951.224609, 9.985765, 2463.391846>) quick accessed a lock!
[22:31:58] Player (Derf, 76561198053415379)(<4951.224609, 9.985765, 2463.391846>) quick accessed a lock!
[22:32:06] Player (Derf, 76561198053415379)(<4943.929688, 9.985765, 2458.822998>) quick accessed a lock!
[22:36:19] Player (Derf, 76561198053415379)(<4951.224609, 9.985765, 2463.391846>) quick accessed a lock!
[22:38:21] Player (Derf, 76561198053415379)(<4951.224609, 9.985765, 2463.391846>) quick accessed a lock!
[22:38:26] Player (Derf, 76561198053415379)(<4943.832031, 11.197904, 2455.215576>) quick accessed a lock!
[22:39:43] Player (Derf, 76561198053415379)(<4969.470215, 10.712107, 2455.229492>) quick accessed a lock!
[03-12-2021][22.47.42] Log file reloaded ( Server Restart )
[22:50:49] Player (Cowboy, 76561199119311623)(<4955.933594, 10.712138, 2444.915039>) quick accessed a lock!
[22:52:24] Player (Cowboy, 76561199119311623)(<4943.929688, 9.985765, 2458.822998>) quick accessed a lock!
[22:55:25] Player (Cowboy, 76561199119311623)(<4969.470215, 10.712107, 2455.229492>) quick accessed a lock!
[23:49:57] Player (Survivor, 76561198304057481)(<4927.250000, 10.712138, 2455.535400>) accessed a lock!
[23:49:57] Player (Survivor, 76561198304057481)(<4927.250000, 10.712138, 2455.535400>) was added as a guest of a lock!
[23:51:07] Player (Survivor, 76561198304057481)(<4969.470215, 10.712107, 2455.229492>) quick accessed a lock!
[23:51:28] Player (Survivor, 76561198304057481)(<4955.933594, 10.712138, 2444.915039>) quick accessed a lock!
