[04-11-2021][00.05.20] New Access Log File Created!
[00:11:46] Player (Raider2-1, 76561199013191843)(<4639.444336, 340.814056, 10446.997070>) quick accessed a lock!
[00:13:47] Player (Raider2-1, 76561199013191843)(<4639.444336, 340.814056, 10446.997070>) quick accessed a lock!
[00:13:49] Player (Raider2-1, 76561199013191843)(<4639.444336, 340.814056, 10446.997070>) quick accessed a lock!
[00:13:54] Player (Raider2-1, 76561199013191843)(<4639.444336, 340.814056, 10446.997070>) quick accessed a lock!
[00:14:14] Player (Trenton17B, 76561198274691972)(<4639.444336, 340.814056, 10446.997070>) quick accessed a lock!
[00:15:55] Player (Trenton17B, 76561198274691972)(<4639.444336, 340.814056, 10446.997070>) quick accessed a lock!
[00:16:43] Player (Raider2-1, 76561199013191843)(<4621.123535, 340.814056, 10442.243164>) quick accessed a lock!
[00:16:44] Player (Trenton17B, 76561198274691972)(<4621.123535, 340.814056, 10442.243164>) accessed a lock!
[00:16:44] Player (Trenton17B, 76561198274691972)(<4621.123535, 340.814056, 10442.243164>) was added as a guest of a lock!
[00:16:49] Player (Trenton17B, 76561198274691972)(<4621.123535, 340.814056, 10442.243164>) quick accessed a lock!
[00:19:55] Player (Raider2-1, 76561199013191843)(<4639.444336, 340.814056, 10446.997070>) quick accessed a lock!
[00:20:48] Player (Raider2-1, 76561199013191843)(<4639.444336, 340.814056, 10446.997070>) quick accessed a lock!
[00:20:51] Player (Raider2-1, 76561199013191843)(<4639.444336, 340.814056, 10446.997070>) quick accessed a lock!
[00:20:55] Player (Raider2-1, 76561199013191843)(<4639.444336, 340.814056, 10446.997070>) quick accessed a lock!
[00:21:23] Player (Raider2-1, 76561199013191843)(<4639.444336, 340.814056, 10446.997070>) quick accessed a lock!
[00:21:37] Player (Raider2-1, 76561199013191843)(<4639.444336, 340.814056, 10446.997070>) quick accessed a lock!
[00:31:24] Player (Cowboy, 76561199119311623)(<3734.264893, 322.642883, 9554.271484>) quick accessed a lock!
[00:34:21] Player (Trenton17B, 76561198274691972)(<4639.444336, 340.814056, 10446.997070>) quick accessed a lock!
[00:34:43] Player (Trenton17B, 76561198274691972)(<4639.444336, 340.814056, 10446.997070>) quick accessed a lock!
[00:36:03] Player (Raider2-1, 76561199013191843)(<4639.444336, 340.814056, 10446.997070>) quick accessed a lock!
[00:37:15] Player (Raider2-1, 76561199013191843)(<4639.444336, 340.814056, 10446.997070>) quick accessed a lock!
[00:37:17] Player (Raider2-1, 76561199013191843)(<4639.444336, 340.814056, 10446.997070>) quick accessed a lock!
[00:39:11] Player (Raider2-1, 76561199013191843)(<4639.444336, 340.814056, 10446.997070>) quick accessed a lock!
[00:39:20] Player (Raider2-1, 76561199013191843)(<4639.444336, 340.814056, 10446.997070>) quick accessed a lock!
[00:39:41] Player (Raider2-1, 76561199013191843)(<4639.444336, 340.814056, 10446.997070>) quick accessed a lock!
[00:42:38] Player (Raider2-1, 76561199013191843)(<4639.444336, 340.814056, 10446.997070>) quick accessed a lock!
[00:43:34] Player (Raider2-1, 76561199013191843)(<4639.444336, 340.814056, 10446.997070>) quick accessed a lock!
[00:46:31] Player (Trenton17B, 76561198274691972)(<4639.444336, 340.814056, 10446.997070>) quick accessed a lock!
[00:46:32] Player (Trenton17B, 76561198274691972)(<4639.444336, 340.814056, 10446.997070>) quick accessed a lock!
[00:47:34] Player (Raider2-1, 76561199013191843)(<4639.444336, 340.814056, 10446.997070>) quick accessed a lock!
[00:47:37] Player (Raider2-1, 76561199013191843)(<4639.444336, 340.814056, 10446.997070>) quick accessed a lock!
[01:06:28] Player (Raider2-1, 76561199013191843)(<4639.444336, 340.814056, 10446.997070>) quick accessed a lock!
[01:09:34] Player (Trenton17B, 76561198274691972)(<4639.444336, 340.814056, 10446.997070>) quick accessed a lock!
[01:10:53] Player (Trenton17B, 76561198274691972)(<4639.444336, 340.814056, 10446.997070>) quick accessed a lock!
[01:16:13] Player (Raider2-1, 76561199013191843)(<4639.444336, 340.814056, 10446.997070>) quick accessed a lock!
[01:16:58] Player (Trenton17B, 76561198274691972)(<4639.444336, 340.814056, 10446.997070>) quick accessed a lock!
[01:20:15] Player (Cowboy, 76561199119311623)(<3734.264893, 322.642883, 9554.271484>) quick accessed a lock!
[01:21:14] Player (Cowboy, 76561199119311623)(<3731.664307, 322.327454, 9551.279297>) quick accessed a lock!
[01:21:18] Player (Cowboy, 76561199119311623)(<3728.881104, 321.868713, 9548.963867>) quick accessed a lock!
[01:22:42] Player (Trenton17B, 76561198274691972)(<4639.444336, 340.814056, 10446.997070>) quick accessed a lock!
[01:23:49] Player (Cowboy, 76561199119311623)(<3731.664307, 322.327454, 9551.279297>) quick accessed a lock!
[01:23:54] Player (Raider2-1, 76561199013191843)(<4639.444336, 340.814056, 10446.997070>) quick accessed a lock!
[01:23:59] Player (Trenton17B, 76561198274691972)(<4639.444336, 340.814056, 10446.997070>) quick accessed a lock!
[01:26:28] Player (Raider2-1, 76561199013191843)(<4639.444336, 340.814056, 10446.997070>) quick accessed a lock!
[01:28:59] Player (Raider2-1, 76561199013191843)(<4639.444336, 340.814056, 10446.997070>) quick accessed a lock!
[01:33:33] Player (Trenton17B, 76561198274691972)(<4639.444336, 340.814056, 10446.997070>) quick accessed a lock!
[01:35:07] Player (Trenton17B, 76561198274691972)(<4639.444336, 340.814056, 10446.997070>) quick accessed a lock!
[01:35:58] Player (Raider2-1, 76561199013191843)(<4639.444336, 340.814056, 10446.997070>) quick accessed a lock!
[01:37:37] Player (Trenton17B, 76561198274691972)(<4639.444336, 340.814056, 10446.997070>) quick accessed a lock!
[01:38:50] Player (Raider2-1, 76561199013191843)(<4639.444336, 340.814056, 10446.997070>) quick accessed a lock!
[01:39:23] Player (Raider2-2, 76561199105471341)(<4621.123535, 340.814056, 10442.243164>) quick accessed a lock!
[01:39:33] Player (Raider2-1, 76561199013191843)(<4639.444336, 340.814056, 10446.997070>) quick accessed a lock!
[01:39:36] Player (Trenton17B, 76561198274691972)(<4639.444336, 340.814056, 10446.997070>) quick accessed a lock!
[01:39:48] Player (Raider2-2, 76561199105471341)(<4621.123535, 340.814056, 10442.243164>) quick accessed a lock!
[01:40:33] Player (Trenton17B, 76561198274691972)(<4639.444336, 340.814056, 10446.997070>) quick accessed a lock!
[02:47:54] Player (Trenton17B, 76561198274691972)(<4639.444336, 340.814056, 10446.997070>) quick accessed a lock!
[02:48:34] Player (Trenton17B, 76561198274691972)(<4639.444336, 340.814056, 10446.997070>) quick accessed a lock!
[03:03:51] Player (Raider2-2, 76561199105471341)(<4621.123535, 340.814056, 10442.243164>) quick accessed a lock!
[03:07:03] Player (Raider2-1, 76561199013191843)(<4639.444336, 340.814056, 10446.997070>) quick accessed a lock!
[03:08:47] Player (Raider2-2, 76561199105471341)(<4621.123535, 340.814056, 10442.243164>) quick accessed a lock!
[03:09:44] Player (Raider2-1, 76561199013191843)(<4639.444336, 340.814056, 10446.997070>) quick accessed a lock!
[03:12:49] Player (Raider2-2, 76561199105471341)(<4621.123535, 340.814056, 10442.243164>) quick accessed a lock!
[03:24:04] Player (Raider2-1, 76561199013191843)(<4639.444336, 340.814056, 10446.997070>) quick accessed a lock!
[03:24:25] Player (Raider2-2, 76561199105471341)(<4621.123535, 340.814056, 10442.243164>) quick accessed a lock!
[03:24:32] Player (Raider2-1, 76561199013191843)(<4621.123535, 340.814056, 10442.243164>) quick accessed a lock!
[03:27:05] Player (Raider2-2, 76561199105471341)(<4621.123535, 340.814056, 10442.243164>) quick accessed a lock!
[03:27:16] Player (Raider2-2, 76561199105471341)(<4621.123535, 340.814056, 10442.243164>) quick accessed a lock!
[03:28:18] Player (Raider2-1, 76561199013191843)(<4639.444336, 340.814056, 10446.997070>) quick accessed a lock!
[03:28:51] Player (Raider2-1, 76561199013191843)(<4639.444336, 340.814056, 10446.997070>) quick accessed a lock!
[03:29:57] Player (Raider2-1, 76561199013191843)(<4639.444336, 340.814056, 10446.997070>) quick accessed a lock!
[03:30:03] Player (Raider2-2, 76561199105471341)(<4621.123535, 340.814056, 10442.243164>) quick accessed a lock!
[03:31:10] Player (Raider2-2, 76561199105471341)(<4621.123535, 340.814056, 10442.243164>) quick accessed a lock!
[03:31:20] Player (Raider2-1, 76561199013191843)(<4639.444336, 340.814056, 10446.997070>) quick accessed a lock!
[03:32:47] Player (Raider2-2, 76561199105471341)(<4621.123535, 340.814056, 10442.243164>) quick accessed a lock!
[03:39:47] Player (Raider2-2, 76561199105471341)(<4621.123535, 340.814056, 10442.243164>) quick accessed a lock!
[03:40:17] Player (Raider2-2, 76561199105471341)(<4621.123535, 340.814056, 10442.243164>) quick accessed a lock!
[03:40:40] Player (Raider2-2, 76561199105471341)(<4621.123535, 340.814056, 10442.243164>) quick accessed a lock!
[03:45:05] Player (Raider2-1, 76561199013191843)(<4639.444336, 340.814056, 10446.997070>) quick accessed a lock!
[03:52:32] Player (Raider2-2, 76561199105471341)(<4639.444336, 340.814056, 10446.997070>) accessed a lock!
[03:52:32] Player (Raider2-2, 76561199105471341)(<4639.444336, 340.814056, 10446.997070>) was added as a guest of a lock!
[03:52:36] Player (Raider2-2, 76561199105471341)(<4639.444336, 340.814056, 10446.997070>) quick accessed a lock!
[03:52:38] Player (Raider2-2, 76561199105471341)(<4639.444336, 340.814056, 10446.997070>) quick accessed a lock!
[03:52:40] Player (Raider2-2, 76561199105471341)(<4639.444336, 340.814056, 10446.997070>) quick accessed a lock!
[04:10:09] Player (Raider2-2, 76561199105471341)(<4639.444336, 340.814056, 10446.997070>) quick accessed a lock!
[04:22:04] Player (Raider2-2, 76561199105471341)(<4639.444336, 340.814056, 10446.997070>) quick accessed a lock!
[04:33:16] Player (Raider2-2, 76561199105471341)(<4639.444336, 340.814056, 10446.997070>) quick accessed a lock!
[05:05:43] Player (Faitless, 76561198404145165)(<4621.123535, 340.814056, 10442.243164>) quick accessed a lock!
[05:19:28] Player (Trenton17B, 76561198274691972)(<4619.465332, 340.212128, 10425.672852>) set a new passcode on lock!
[05:19:28] Player (Trenton17B, 76561198274691972)(<4619.465332, 340.212128, 10425.672852>) claimed ownership of a lock!
[05:32:51] Player (Trenton17B, 76561198274691972)(<4621.123535, 340.814056, 10442.243164>) quick accessed a lock!
[05:32:58] Player (Faitless, 76561198404145165)(<4621.123535, 340.814056, 10442.243164>) quick accessed a lock!
[05:38:40] Player (Faitless, 76561198404145165)(<4621.123535, 340.814056, 10442.243164>) quick accessed a lock!
[05:38:46] Player (Faitless, 76561198404145165)(<4621.123535, 340.814056, 10442.243164>) quick accessed a lock!
[04-11-2021][06.03.19] Log file reloaded ( Server Restart )
[11:32:58] Player (Raider2-1, 76561199013191843)(<4639.444336, 340.814056, 10446.997070>) quick accessed a lock!
[11:34:02] Player (Raider2-1, 76561199013191843)(<4621.123535, 340.814056, 10442.243164>) quick accessed a lock!
[11:35:12] Player (Raider2-1, 76561199013191843)(<4639.444336, 340.814056, 10446.997070>) quick accessed a lock!
[04-11-2021][12.03.20] Log file reloaded ( Server Restart )
[12:45:13] Player (Raider2-1, 76561199013191843)(<4621.123535, 340.814056, 10442.243164>) quick accessed a lock!
[12:48:09] Player (Raider2-1, 76561199013191843)(<4639.444336, 340.814056, 10446.997070>) quick accessed a lock!
[12:50:48] Player (Raider2-1, 76561199013191843)(<4639.444336, 340.814056, 10446.997070>) quick accessed a lock!
[12:51:48] Player (Raider2-1, 76561199013191843)(<4639.444336, 340.814056, 10446.997070>) quick accessed a lock!
[12:52:10] Player (Mrs Wolf, 76561198030377081)(<12078.319336, 3.049664, 3444.055664>) quick accessed a lock!
[12:52:36] Player (Mrs Wolf, 76561198030377081)(<12091.898438, 3.014467, 3448.396484>) quick accessed a lock!
[12:52:37] Player (Raider2-1, 76561199013191843)(<4639.444336, 340.814056, 10446.997070>) quick accessed a lock!
[12:54:14] Player (Mrs Wolf, 76561198030377081)(<12091.898438, 3.014467, 3448.396484>) quick accessed a lock!
[12:55:14] Player (Raider2-1, 76561199013191843)(<4639.444336, 340.814056, 10446.997070>) quick accessed a lock!
[12:55:48] Player (Raider2-1, 76561199013191843)(<4639.444336, 340.814056, 10446.997070>) quick accessed a lock!
[12:59:35] Player (Trenton17B, 76561198274691972)(<4621.123535, 340.814056, 10442.243164>) quick accessed a lock!
[13:02:33] Player (Trenton17B, 76561198274691972)(<4619.465332, 340.212128, 10425.672852>) quick accessed a lock!
[13:05:15] Player (Trenton17B, 76561198274691972)(<4621.123535, 340.814056, 10442.243164>) quick accessed a lock!
[13:05:36] Player (Mrs Wolf, 76561198030377081)(<12078.319336, 3.049664, 3444.055664>) quick accessed a lock!
[13:07:22] Player (Mrs Wolf, 76561198030377081)(<12091.898438, 3.014467, 3448.396484>) quick accessed a lock!
[13:09:26] Player (Raider2-1, 76561199013191843)(<4621.123535, 340.814056, 10442.243164>) quick accessed a lock!
[13:10:40] Player (Raider2-1, 76561199013191843)(<4639.444336, 340.814056, 10446.997070>) quick accessed a lock!
[13:10:48] Player (Raider2-1, 76561199013191843)(<4639.444336, 340.814056, 10446.997070>) quick accessed a lock!
[13:15:35] Player (Raider2-1, 76561199013191843)(<4621.123535, 340.814056, 10442.243164>) quick accessed a lock!
[13:20:02] Player (Raider2-1, 76561199013191843)(<4621.123535, 340.814056, 10442.243164>) quick accessed a lock!
[13:21:01] Player (Trenton17B, 76561198274691972)(<4621.123535, 340.814056, 10442.243164>) quick accessed a lock!
[13:21:35] Player (Trenton17B, 76561198274691972)(<4621.123535, 340.814056, 10442.243164>) quick accessed a lock!
[13:23:04] Player (Raider2-1, 76561199013191843)(<4625.203613, 345.314056, 10433.824219>) set a new passcode on lock!
[13:23:04] Player (Raider2-1, 76561199013191843)(<4625.203613, 345.314056, 10433.824219>) claimed ownership of a lock!
[13:23:04] Player (Raider2-1, 76561199013191843)(<4625.203613, 345.314056, 10433.824219>) quick accessed a lock!
[13:23:51] Player (Trenton17B, 76561198274691972)(<4619.465332, 340.212128, 10425.672852>) removed a lock!
[13:24:21] Player (Raider2-1, 76561199013191843)(<4625.203613, 345.314056, 10433.824219>) quick accessed a lock!
[13:25:49] Player (Raider2-1, 76561199013191843)(<4625.203613, 345.314056, 10433.824219>) quick accessed a lock!
[13:25:50] Player (Raider2-1, 76561199013191843)(<4625.203613, 345.314056, 10433.824219>) quick accessed a lock!
[13:26:07] Player (Trenton17B, 76561198274691972)(<4625.203613, 345.314056, 10433.824219>) accessed a lock!
[13:26:07] Player (Trenton17B, 76561198274691972)(<4625.203613, 345.314056, 10433.824219>) was added as a guest of a lock!
[13:26:27] Player (Trenton17B, 76561198274691972)(<4621.123535, 340.814056, 10442.243164>) quick accessed a lock!
[13:33:54] Player (Cygnus, 76561199063202968)(<4152.730957, 350.129425, 14617.854492>) quick accessed a lock!
[13:39:57] Player (Raider2-1, 76561199013191843)(<4621.123535, 340.814056, 10442.243164>) quick accessed a lock!
[13:40:10] Player (Trenton17B, 76561198274691972)(<4625.203613, 345.314056, 10433.824219>) quick accessed a lock!
[13:42:51] Player (Mrs Wolf, 76561198030377081)(<12091.898438, 3.014467, 3448.396484>) quick accessed a lock!
[13:44:01] Player (Trenton17B, 76561198274691972)(<4625.203613, 345.314056, 10433.824219>) quick accessed a lock!
[13:44:15] Player (Trenton17B, 76561198274691972)(<4625.203613, 345.314056, 10433.824219>) quick accessed a lock!
[13:44:25] Player (Trenton17B, 76561198274691972)(<4621.123535, 340.814056, 10442.243164>) quick accessed a lock!
[13:44:36] Player (Raider2-1, 76561199013191843)(<4625.203613, 345.314056, 10433.824219>) quick accessed a lock!
[13:44:37] Player (Raider2-1, 76561199013191843)(<4625.203613, 345.314056, 10433.824219>) quick accessed a lock!
[13:44:39] Player (Raider2-1, 76561199013191843)(<4625.203613, 345.314056, 10433.824219>) quick accessed a lock!
[13:45:31] Player (Raider2-1, 76561199013191843)(<4625.203613, 345.314056, 10433.824219>) quick accessed a lock!
[13:45:51] Player (Raider2-1, 76561199013191843)(<4625.203613, 345.314056, 10433.824219>) quick accessed a lock!
[13:46:28] Player (Raider2-2, 76561199105471341)(<4625.203613, 345.314056, 10433.824219>) accessed a lock!
[13:46:28] Player (Raider2-2, 76561199105471341)(<4625.203613, 345.314056, 10433.824219>) was added as a guest of a lock!
[13:46:34] Player (Raider2-1, 76561199013191843)(<4625.203613, 345.314056, 10433.824219>) quick accessed a lock!
[13:46:41] Player (Raider2-1, 76561199013191843)(<4625.203613, 345.314056, 10433.824219>) quick accessed a lock!
[13:46:43] Player (Trenton17B, 76561198274691972)(<4625.203613, 345.314056, 10433.824219>) quick accessed a lock!
[13:48:51] Player (Raider2-1, 76561199013191843)(<4625.203613, 345.314056, 10433.824219>) quick accessed a lock!
[13:49:01] Player (Trenton17B, 76561198274691972)(<4625.203613, 345.314056, 10433.824219>) quick accessed a lock!
[13:49:27] Player (Trenton17B, 76561198274691972)(<4625.203613, 345.314056, 10433.824219>) quick accessed a lock!
[13:49:42] Player (Raider2-2, 76561199105471341)(<4639.444336, 340.814056, 10446.997070>) quick accessed a lock!
[13:49:46] Player (Trenton17B, 76561198274691972)(<4621.123535, 340.814056, 10442.243164>) quick accessed a lock!
[13:50:02] Player (Raider2-1, 76561199013191843)(<4639.444336, 340.814056, 10446.997070>) quick accessed a lock!
[13:51:07] Player (Raider2-1, 76561199013191843)(<4639.444336, 340.814056, 10446.997070>) quick accessed a lock!
[13:52:31] Player (Raider2-1, 76561199013191843)(<4625.203613, 345.314056, 10433.824219>) quick accessed a lock!
[13:52:50] Player (Raider2-2, 76561199105471341)(<4625.203613, 345.314056, 10433.824219>) quick accessed a lock!
[13:53:02] Player (Raider2-1, 76561199013191843)(<4639.444336, 340.814056, 10446.997070>) quick accessed a lock!
[13:53:03] Player (Raider2-1, 76561199013191843)(<4639.444336, 340.814056, 10446.997070>) quick accessed a lock!
[13:53:41] Player (Raider2-1, 76561199013191843)(<4639.444336, 340.814056, 10446.997070>) quick accessed a lock!
[13:53:43] Player (Raider2-1, 76561199013191843)(<4639.444336, 340.814056, 10446.997070>) quick accessed a lock!
[13:53:51] Player (Raider2-1, 76561199013191843)(<4625.203613, 345.314056, 10433.824219>) quick accessed a lock!
[13:53:52] Player (Raider2-1, 76561199013191843)(<4625.203613, 345.314056, 10433.824219>) quick accessed a lock!
[13:54:16] Player (Raider2-1, 76561199013191843)(<4625.203613, 345.314056, 10433.824219>) quick accessed a lock!
[13:54:18] Player (Raider2-1, 76561199013191843)(<4625.203613, 345.314056, 10433.824219>) quick accessed a lock!
[13:54:19] Player (Raider2-1, 76561199013191843)(<4625.203613, 345.314056, 10433.824219>) quick accessed a lock!
[13:54:21] Player (Raider2-1, 76561199013191843)(<4625.203613, 345.314056, 10433.824219>) quick accessed a lock!
[13:54:22] Player (Raider2-1, 76561199013191843)(<4625.203613, 345.314056, 10433.824219>) quick accessed a lock!
[13:54:33] Player (Raider2-1, 76561199013191843)(<4639.444336, 340.814056, 10446.997070>) quick accessed a lock!
[14:08:15] Player (Raider2-2, 76561199105471341)(<4625.203613, 345.314056, 10433.824219>) quick accessed a lock!
[15:23:48] Player (Raider2-2, 76561199105471341)(<4625.203613, 345.314056, 10433.824219>) quick accessed a lock!
[15:27:50] Player (Raider2-2, 76561199105471341)(<4625.203613, 345.314056, 10433.824219>) quick accessed a lock!
[15:29:04] Player (Raider2-2, 76561199105471341)(<4625.203613, 345.314056, 10433.824219>) quick accessed a lock!
[15:33:13] Player (Raider2-2, 76561199105471341)(<4625.203613, 345.314056, 10433.824219>) quick accessed a lock!
[15:34:52] Player (Blue, 76561199108250772)(<2995.143555, 371.242462, 6740.640137>) quick accessed a lock!
[15:35:13] Player (Raider2-2, 76561199105471341)(<4625.203613, 345.314056, 10433.824219>) quick accessed a lock!
[15:36:12] Player (Blue, 76561199108250772)(<2995.484131, 370.558502, 6716.270020>) quick accessed a lock!
[15:36:18] Player (Blue, 76561199108250772)(<2990.004395, 370.054047, 6701.503906>) quick accessed a lock!
[15:39:08] Player (Raider2-2, 76561199105471341)(<4625.203613, 345.314056, 10433.824219>) quick accessed a lock!
[15:43:30] Player (Raider2-2, 76561199105471341)(<4625.203613, 345.314056, 10433.824219>) quick accessed a lock!
[15:43:55] Player (Raider2-2, 76561199105471341)(<4625.203613, 345.314056, 10433.824219>) quick accessed a lock!
[15:49:37] Player (Raider2-2, 76561199105471341)(<4625.203613, 345.314056, 10433.824219>) quick accessed a lock!
[16:05:09] Player (Raider2-2, 76561199105471341)(<4621.123535, 340.814056, 10442.243164>) quick accessed a lock!
[16:10:45] Player (Blue, 76561199108250772)(<2990.004395, 370.054047, 6701.503906>) quick accessed a lock!
[16:11:09] Player (Blue, 76561199108250772)(<2995.484131, 370.558502, 6716.270020>) quick accessed a lock!
[16:11:33] Player (Blue, 76561199108250772)(<2995.143555, 371.242462, 6740.640137>) quick accessed a lock!
[16:14:26] Player (Blue, 76561199108250772)(<3019.882080, 370.793945, 6730.334961>) quick accessed a lock!
[16:15:07] Player (Blue, 76561199108250772)(<3023.390625, 370.575745, 6756.781738>) quick accessed a lock!
[16:35:52] Player (Trenton17B, 76561198274691972)(<4639.444336, 340.814056, 10446.997070>) quick accessed a lock!
[16:41:42] Player (Raider2-1, 76561199013191843)(<4639.444336, 340.814056, 10446.997070>) quick accessed a lock!
[16:41:50] Player (Trenton17B, 76561198274691972)(<4625.203613, 345.314056, 10433.824219>) quick accessed a lock!
[16:41:55] Player (Raider2-1, 76561199013191843)(<4639.444336, 340.814056, 10446.997070>) quick accessed a lock!
[16:41:59] Player (Trenton17B, 76561198274691972)(<4639.444336, 340.814056, 10446.997070>) quick accessed a lock!
[16:42:46] Player (Trenton17B, 76561198274691972)(<4625.203613, 345.314056, 10433.824219>) quick accessed a lock!
[16:45:46] Player (Raider2-1, 76561199013191843)(<4639.444336, 340.814056, 10446.997070>) quick accessed a lock!
[16:46:08] Player (Raider2-1, 76561199013191843)(<4625.203613, 345.314056, 10433.824219>) quick accessed a lock!
[16:47:57] Player (Raider2-2, 76561199105471341)(<4625.203613, 345.314056, 10433.824219>) quick accessed a lock!
[16:48:34] Player (Raider2-2, 76561199105471341)(<4639.444336, 340.814056, 10446.997070>) quick accessed a lock!
[16:58:24] Player (Raider2-1, 76561199013191843)(<4625.203613, 345.314056, 10433.824219>) quick accessed a lock!
[16:58:26] Player (Raider2-1, 76561199013191843)(<4625.203613, 345.314056, 10433.824219>) quick accessed a lock!
[16:58:35] Player (Raider2-1, 76561199013191843)(<4639.444336, 340.814056, 10446.997070>) quick accessed a lock!
[16:59:03] Player (Raider2-1, 76561199013191843)(<4639.444336, 340.814056, 10446.997070>) quick accessed a lock!
[16:59:07] Player (Raider2-1, 76561199013191843)(<4639.444336, 340.814056, 10446.997070>) quick accessed a lock!
[16:59:24] Player (Trenton17B, 76561198274691972)(<4625.203613, 345.314056, 10433.824219>) quick accessed a lock!
[16:59:34] Player (Raider2-1, 76561199013191843)(<4625.203613, 345.314056, 10433.824219>) quick accessed a lock!
[16:59:34] Player (Trenton17B, 76561198274691972)(<4639.444336, 340.814056, 10446.997070>) quick accessed a lock!
[17:00:26] Player (Raider2-1, 76561199013191843)(<4625.203613, 345.314056, 10433.824219>) quick accessed a lock!
[17:00:44] Player (Raider2-1, 76561199013191843)(<4625.203613, 345.314056, 10433.824219>) quick accessed a lock!
[17:00:46] Player (Raider2-1, 76561199013191843)(<4625.203613, 345.314056, 10433.824219>) quick accessed a lock!
[17:01:28] Player (Raider2-1, 76561199013191843)(<4625.203613, 345.314056, 10433.824219>) quick accessed a lock!
[17:01:51] Player (Raider2-2, 76561199105471341)(<4639.444336, 340.814056, 10446.997070>) quick accessed a lock!
[17:01:58] Player (Raider2-1, 76561199013191843)(<4625.203613, 345.314056, 10433.824219>) quick accessed a lock!
[17:01:59] Player (Raider2-1, 76561199013191843)(<4625.203613, 345.314056, 10433.824219>) quick accessed a lock!
[17:02:00] Player (Raider2-1, 76561199013191843)(<4625.203613, 345.314056, 10433.824219>) quick accessed a lock!
[17:02:02] Player (Raider2-1, 76561199013191843)(<4625.203613, 345.314056, 10433.824219>) quick accessed a lock!
[17:02:08] Player (Raider2-2, 76561199105471341)(<4625.203613, 345.314056, 10433.824219>) quick accessed a lock!
[17:05:31] Player (Raider2-1, 76561199013191843)(<4644.523438, 340.212128, 10478.808594>) set a new passcode on lock!
[17:05:31] Player (Raider2-1, 76561199013191843)(<4644.523438, 340.212128, 10478.808594>) claimed ownership of a lock!
[17:05:32] Player (Raider2-2, 76561199105471341)(<4639.444336, 340.814056, 10446.997070>) quick accessed a lock!
[17:05:37] Player (Raider2-2, 76561199105471341)(<4639.444336, 340.814056, 10446.997070>) quick accessed a lock!
[17:06:01] Player (Raider2-2, 76561199105471341)(<4625.203613, 345.314056, 10433.824219>) quick accessed a lock!
[17:06:48] Player (Raider2-2, 76561199105471341)(<4625.203613, 345.314056, 10433.824219>) quick accessed a lock!
[17:07:02] Player (Raider2-2, 76561199105471341)(<4639.444336, 340.814056, 10446.997070>) quick accessed a lock!
[17:09:43] Player (Raider2-1, 76561199013191843)(<4639.444336, 340.814056, 10446.997070>) quick accessed a lock!
[17:09:46] Player (Raider2-1, 76561199013191843)(<4639.444336, 340.814056, 10446.997070>) quick accessed a lock!
[17:10:10] Player (Raider2-1, 76561199013191843)(<4625.203613, 345.314056, 10433.824219>) quick accessed a lock!
[17:20:22] Player (Cygnus, 76561199063202968)(<4152.730957, 350.129425, 14617.854492>) quick accessed a lock!
[17:34:14] Player (Mr Wolf, 76561198016874355)(<12091.898438, 3.014467, 3448.396484>) quick accessed a lock!
[17:35:27] Player (Mr Wolf, 76561198016874355)(<12078.319336, 3.049664, 3444.055664>) quick accessed a lock!
[17:40:57] Player (Mrs Wolf, 76561198030377081)(<12091.898438, 3.014467, 3448.396484>) quick accessed a lock!
[17:42:43] Player (Mrs Wolf, 76561198030377081)(<12091.898438, 3.014467, 3448.396484>) quick accessed a lock!
[17:44:30] Player (Mr Wolf, 76561198016874355)(<12078.319336, 3.049664, 3444.055664>) quick accessed a lock!
[17:45:13] Player (Dylan Wayne, 76561199012945818)(<12078.319336, 3.049664, 3444.055664>) accessed a lock!
[17:45:13] Player (Dylan Wayne, 76561199012945818)(<12078.319336, 3.049664, 3444.055664>) was added as a guest of a lock!
[17:45:41] Player (Dylan Wayne, 76561199012945818)(<12091.898438, 3.014467, 3448.396484>) accessed a lock!
[17:45:41] Player (Dylan Wayne, 76561199012945818)(<12091.898438, 3.014467, 3448.396484>) was added as a guest of a lock!
[17:46:04] Player (Mrs Wolf, 76561198030377081)(<12078.319336, 3.049664, 3444.055664>) quick accessed a lock!
[17:46:08] Player (Mrs Wolf, 76561198030377081)(<12091.898438, 3.014467, 3448.396484>) quick accessed a lock!
[17:47:24] Player (Mr Wolf, 76561198016874355)(<12091.898438, 3.014467, 3448.396484>) quick accessed a lock!
[17:47:31] Player (Mr Wolf, 76561198016874355)(<12078.319336, 3.049664, 3444.055664>) quick accessed a lock!
[17:47:42] Player (Dylan Wayne, 76561199012945818)(<12091.898438, 3.014467, 3448.396484>) quick accessed a lock!
[17:50:05] Player (Raider2-2, 76561199105471341)(<4625.203613, 345.314056, 10433.824219>) quick accessed a lock!
[17:50:15] Player (Raider2-2, 76561199105471341)(<4639.444336, 340.814056, 10446.997070>) quick accessed a lock!
[17:50:16] Player (Raider2-2, 76561199105471341)(<4639.444336, 340.814056, 10446.997070>) quick accessed a lock!
[17:50:38] Player (Trenton17B, 76561198274691972)(<4625.203613, 345.314056, 10433.824219>) quick accessed a lock!
[17:51:12] Player (Mrs Wolf, 76561198030377081)(<12091.898438, 3.014467, 3448.396484>) quick accessed a lock!
[17:52:32] Player (Mrs Wolf, 76561198030377081)(<12091.898438, 3.014467, 3448.396484>) quick accessed a lock!
[17:54:13] Player (Trenton17B, 76561198274691972)(<4639.444336, 340.814056, 10446.997070>) quick accessed a lock!
[17:54:19] Player (Raider2-2, 76561199105471341)(<4639.444336, 340.814056, 10446.997070>) quick accessed a lock!
[17:54:21] Player (Raider2-2, 76561199105471341)(<4639.444336, 340.814056, 10446.997070>) quick accessed a lock!
[17:54:22] Player (Raider2-2, 76561199105471341)(<4639.444336, 340.814056, 10446.997070>) quick accessed a lock!
[17:54:24] Player (Raider2-1, 76561199013191843)(<4627.031250, 354.714081, 10431.521484>) set a new passcode on lock!
[17:54:24] Player (Raider2-1, 76561199013191843)(<4627.031250, 354.714081, 10431.521484>) claimed ownership of a lock!
[17:54:24] Player (Trenton17B, 76561198274691972)(<4639.444336, 340.814056, 10446.997070>) quick accessed a lock!
[17:54:26] Player (Raider2-1, 76561199013191843)(<4627.031250, 354.714081, 10431.521484>) quick accessed a lock!
[17:54:26] Player (Raider2-2, 76561199105471341)(<4639.444336, 340.814056, 10446.997070>) quick accessed a lock!
[17:54:38] Player (Raider2-2, 76561199105471341)(<4621.123535, 340.814056, 10442.243164>) quick accessed a lock!
[17:54:40] Player (Raider2-2, 76561199105471341)(<4621.123535, 340.814056, 10442.243164>) quick accessed a lock!
[17:54:44] Player (Raider2-1, 76561199013191843)(<4627.031250, 354.714081, 10431.521484>) quick accessed a lock!
[17:54:45] Player (Raider2-1, 76561199013191843)(<4627.031250, 354.714081, 10431.521484>) quick accessed a lock!
[17:54:47] Player (Raider2-2, 76561199105471341)(<4621.123535, 340.814056, 10442.243164>) quick accessed a lock!
[17:54:49] Player (Trenton17B, 76561198274691972)(<4621.123535, 340.814056, 10442.243164>) quick accessed a lock!
[17:55:01] Player (Trenton17B, 76561198274691972)(<4639.444336, 340.814056, 10446.997070>) quick accessed a lock!
[17:55:06] Player (Mrs Wolf, 76561198030377081)(<12091.898438, 3.014467, 3448.396484>) quick accessed a lock!
[17:56:07] Player (Mrs Wolf, 76561198030377081)(<12091.898438, 3.014467, 3448.396484>) quick accessed a lock!
[17:56:28] Player (Trenton17B, 76561198274691972)(<4639.444336, 340.814056, 10446.997070>) quick accessed a lock!
[17:57:07] Player (Trenton17B, 76561198274691972)(<4625.203613, 345.314056, 10433.824219>) quick accessed a lock!
[17:57:48] Player (Trenton17B, 76561198274691972)(<4627.031250, 354.714081, 10431.521484>) accessed a lock!
[17:57:48] Player (Trenton17B, 76561198274691972)(<4627.031250, 354.714081, 10431.521484>) was added as a guest of a lock!
[17:58:01] Player (Raider2-1, 76561199013191843)(<4639.444336, 340.814056, 10446.997070>) quick accessed a lock!
[17:58:23] Player (Raider2-1, 76561199013191843)(<4625.203613, 345.314056, 10433.824219>) quick accessed a lock!
[04-11-2021][18.03.24] Log file reloaded ( Server Restart )
[18:07:33] Player (Raider2-2, 76561199105471341)(<4639.444336, 340.814056, 10446.997070>) quick accessed a lock!
[18:09:25] Player (Mrs Wolf, 76561198030377081)(<12078.319336, 3.049664, 3444.055664>) quick accessed a lock!
[18:10:28] Player (Mrs Wolf, 76561198030377081)(<12091.898438, 3.014467, 3448.396484>) quick accessed a lock!
[18:11:12] Player (Mrs Wolf, 76561198030377081)(<12091.898438, 3.014467, 3448.396484>) quick accessed a lock!
[18:11:37] Player (Mrs Wolf, 76561198030377081)(<12091.898438, 3.014467, 3448.396484>) quick accessed a lock!
[18:11:53] Player (Mrs Wolf, 76561198030377081)(<12091.898438, 3.014467, 3448.396484>) quick accessed a lock!
[18:14:24] Player (Raider2-1, 76561199013191843)(<4631.345215, 354.714081, 10432.273438>) set a new passcode on lock!
[18:14:24] Player (Raider2-1, 76561199013191843)(<4631.345215, 354.714081, 10432.273438>) claimed ownership of a lock!
[18:14:25] Player (Raider2-1, 76561199013191843)(<4631.345215, 354.714081, 10432.273438>) quick accessed a lock!
[18:14:27] Player (Raider2-1, 76561199013191843)(<4627.031250, 354.714081, 10431.521484>) quick accessed a lock!
[18:14:38] Player (Raider2-1, 76561199013191843)(<4625.203613, 345.314056, 10433.824219>) quick accessed a lock!
[18:14:40] Player (Raider2-1, 76561199013191843)(<4625.203613, 345.314056, 10433.824219>) quick accessed a lock!
[18:14:43] Player (Raider2-1, 76561199013191843)(<4625.203613, 345.314056, 10433.824219>) quick accessed a lock!
[18:14:49] Player (Mrs Wolf, 76561198030377081)(<12078.319336, 3.049664, 3444.055664>) quick accessed a lock!
[18:15:32] Player (Raider2-1, 76561199013191843)(<4625.203613, 345.314056, 10433.824219>) quick accessed a lock!
[18:15:34] Player (Raider2-1, 76561199013191843)(<4625.203613, 345.314056, 10433.824219>) quick accessed a lock!
[18:15:52] Player (Raider2-1, 76561199013191843)(<4627.031250, 354.714081, 10431.521484>) quick accessed a lock!
[18:15:54] Player (Raider2-1, 76561199013191843)(<4627.031250, 354.714081, 10431.521484>) quick accessed a lock!
[18:15:58] Player (Raider2-1, 76561199013191843)(<4627.031250, 354.714081, 10431.521484>) quick accessed a lock!
[18:16:37] Player (Raider2-1, 76561199013191843)(<4631.345215, 354.714081, 10432.273438>) removed a lock!
[18:17:49] Player (Raider2-1, 76561199013191843)(<4625.203613, 345.314056, 10433.824219>) quick accessed a lock!
[18:19:15] Player (Raider2-1, 76561199013191843)(<4625.203613, 345.314056, 10433.824219>) quick accessed a lock!
[18:19:43] Player (Raider2-2, 76561199105471341)(<4625.203613, 345.314056, 10433.824219>) quick accessed a lock!
[18:19:45] Player (Raider2-2, 76561199105471341)(<4625.203613, 345.314056, 10433.824219>) quick accessed a lock!
[18:21:31] Player (Raider2-1, 76561199013191843)(<4625.203613, 345.314056, 10433.824219>) quick accessed a lock!
[18:23:07] Player (Raider2-1, 76561199013191843)(<4631.345215, 354.714081, 10432.273438>) set a new passcode on lock!
[18:23:07] Player (Raider2-1, 76561199013191843)(<4631.345215, 354.714081, 10432.273438>) claimed ownership of a lock!
[18:23:08] Player (Raider2-1, 76561199013191843)(<4631.345215, 354.714081, 10432.273438>) quick accessed a lock!
[18:24:30] Player (Mrs Wolf, 76561198030377081)(<12091.898438, 3.014467, 3448.396484>) quick accessed a lock!
[18:27:37] Player (Mrs Wolf, 76561198030377081)(<12091.898438, 3.014467, 3448.396484>) quick accessed a lock!
[18:27:41] Player (Raider2-2, 76561199105471341)(<4625.203613, 345.314056, 10433.824219>) quick accessed a lock!
[18:27:56] Player (Mrs Wolf, 76561198030377081)(<12091.898438, 3.014467, 3448.396484>) quick accessed a lock!
[18:30:55] Player (Raider2-1, 76561199013191843)(<4627.031250, 354.714081, 10431.521484>) quick accessed a lock!
[18:30:56] Player (Booming4you, 76561199110559459)(<2990.004395, 370.054047, 6701.503906>) quick accessed a lock!
[18:31:01] Player (Raider2-1, 76561199013191843)(<4631.345215, 354.714081, 10432.273438>) quick accessed a lock!
[18:31:01] Player (Booming4you, 76561199110559459)(<2995.484131, 370.558502, 6716.270020>) quick accessed a lock!
[18:31:13] Player (Raider2-1, 76561199013191843)(<4631.345215, 354.714081, 10432.273438>) quick accessed a lock!
[18:31:13] Player (Trenton17B, 76561198274691972)(<4627.031250, 354.714081, 10431.521484>) quick accessed a lock!
[18:31:17] Player (Raider2-1, 76561199013191843)(<4631.345215, 354.714081, 10432.273438>) quick accessed a lock!
[18:34:18] Player (Booming4you, 76561199110559459)(<2995.143555, 371.242462, 6740.640137>) quick accessed a lock!
[18:35:35] Player (Raider2-1, 76561199013191843)(<4625.203613, 345.314056, 10433.824219>) quick accessed a lock!
[18:35:43] Player (Raider2-1, 76561199013191843)(<4627.031250, 354.714081, 10431.521484>) quick accessed a lock!
[18:35:44] Player (Raider2-1, 76561199013191843)(<4627.031250, 354.714081, 10431.521484>) quick accessed a lock!
[18:35:47] Player (Trenton17B, 76561198274691972)(<4627.031250, 354.714081, 10431.521484>) quick accessed a lock!
[18:36:03] Player (Raider2-2, 76561199105471341)(<4625.203613, 345.314056, 10433.824219>) quick accessed a lock!
[18:36:10] Player (Booming4you, 76561199110559459)(<2995.484131, 370.558502, 6716.270020>) quick accessed a lock!
[18:36:16] Player (Booming4you, 76561199110559459)(<2990.004395, 370.054047, 6701.503906>) quick accessed a lock!
[18:36:29] Player (Raider2-1, 76561199013191843)(<4621.123535, 340.814056, 10442.243164>) quick accessed a lock!
[18:38:14] Player (Raider2-2, 76561199105471341)(<4625.203613, 345.314056, 10433.824219>) quick accessed a lock!
[18:40:16] Player (Mrs Wolf, 76561198030377081)(<12091.898438, 3.014467, 3448.396484>) quick accessed a lock!
[18:43:10] Player (Trenton17B, 76561198274691972)(<4627.031250, 354.714081, 10431.521484>) quick accessed a lock!
[18:48:02] Player (Booming4you, 76561199110559459)(<2990.004395, 370.054047, 6701.503906>) quick accessed a lock!
[18:48:06] Player (Booming4you, 76561199110559459)(<2995.484131, 370.558502, 6716.270020>) quick accessed a lock!
[18:51:03] Player (Cygnus, 76561199063202968)(<4152.730957, 350.129425, 14617.854492>) quick accessed a lock!
[18:53:52] Player (Booming4you, 76561199110559459)(<2990.004395, 370.054047, 6701.503906>) quick accessed a lock!
[21:08:14] Player (Cygnus, 76561199063202968)(<4152.730957, 350.129425, 14617.854492>) quick accessed a lock!
[21:08:54] Player (Cygnus, 76561199063202968)(<4152.730957, 350.129425, 14617.854492>) quick accessed a lock!
[21:14:27] Player (Trenton17B, 76561198274691972)(<4621.123535, 340.814056, 10442.243164>) quick accessed a lock!
[21:14:39] Player (Booming4you, 76561199110559459)(<2990.004395, 370.054047, 6701.503906>) quick accessed a lock!
[21:14:43] Player (Trenton17B, 76561198274691972)(<4627.031250, 354.714081, 10431.521484>) quick accessed a lock!
[21:14:44] Player (Booming4you, 76561199110559459)(<2995.484131, 370.558502, 6716.270020>) quick accessed a lock!
[21:15:53] Player (Raider2-1, 76561199013191843)(<4639.444336, 340.814056, 10446.997070>) quick accessed a lock!
[21:15:55] Player (Raider2-1, 76561199013191843)(<4639.444336, 340.814056, 10446.997070>) quick accessed a lock!
[21:19:49] Player (Raider2-2, 76561199105471341)(<4625.203613, 345.314056, 10433.824219>) quick accessed a lock!
[21:19:59] Player (Trenton17B, 76561198274691972)(<4627.031250, 354.714081, 10431.521484>) quick accessed a lock!
[21:21:12] Player (Raider2-1, 76561199013191843)(<4639.444336, 340.814056, 10446.997070>) quick accessed a lock!
[21:21:39] Player (Raider2-1, 76561199013191843)(<4644.523438, 340.212128, 10478.808594>) quick accessed a lock!
[21:23:17] Player (Booming4you, 76561199110559459)(<3019.882080, 370.793945, 6730.334961>) quick accessed a lock!
[21:28:48] Player (Raider2-2, 76561199105471341)(<4625.203613, 345.314056, 10433.824219>) quick accessed a lock!
[21:32:40] Player (Mrs Wolf, 76561198030377081)(<12091.898438, 3.014467, 3448.396484>) quick accessed a lock!
[21:32:57] Player (Mrs Wolf, 76561198030377081)(<12078.319336, 3.049664, 3444.055664>) quick accessed a lock!
[21:34:11] Player (Mrs Wolf, 76561198030377081)(<12078.319336, 3.049664, 3444.055664>) quick accessed a lock!
[21:34:47] Player (Mrs Wolf, 76561198030377081)(<12078.319336, 3.049664, 3444.055664>) changed the passcode on a lock! Clearing all guests...
[21:34:49] Player (Mrs Wolf, 76561198030377081)(<12078.319336, 3.049664, 3444.055664>) quick accessed a lock!
[21:34:57] Player (Mr Wolf, 76561198016874355)(<12078.319336, 3.049664, 3444.055664>) accessed a lock!
[21:34:57] Player (Mr Wolf, 76561198016874355)(<12078.319336, 3.049664, 3444.055664>) was added as a guest of a lock!
[21:35:24] Player (Mrs Wolf, 76561198030377081)(<12091.898438, 3.014467, 3448.396484>) changed the passcode on a lock! Clearing all guests...
[21:35:29] Player (Mr Wolf, 76561198016874355)(<12091.898438, 3.014467, 3448.396484>) accessed a lock!
[21:35:29] Player (Mr Wolf, 76561198016874355)(<12091.898438, 3.014467, 3448.396484>) was added as a guest of a lock!
[22:23:39] Player (Trenton17B, 76561198274691972)(<4627.031250, 354.714081, 10431.521484>) quick accessed a lock!
[22:23:48] Player (Trenton17B, 76561198274691972)(<4625.203613, 345.314056, 10433.824219>) quick accessed a lock!
[22:46:56] Player (Sharpshooter806, 76561198086332265)(<2695.077148, 206.086258, 5413.503418>) quick accessed a lock!
[22:47:00] Player (Sharpshooter806, 76561198086332265)(<2700.307861, 206.741104, 5422.691406>) quick accessed a lock!
[22:49:43] Player (Sharpshooter806, 76561198086332265)(<2703.249756, 206.737564, 5420.666016>) accessed a lock!
[22:49:43] Player (Sharpshooter806, 76561198086332265)(<2703.249756, 206.737564, 5420.666016>) was added as a guest of a lock!
[22:51:24] Player (Sharpshooter806, 76561198086332265)(<2702.060059, 206.746155, 5416.212891>) accessed a lock!
[22:51:24] Player (Sharpshooter806, 76561198086332265)(<2702.060059, 206.746155, 5416.212891>) was added as a guest of a lock!
