[04-01-2021][00.04.07] New Access Log File Created!
[04-01-2021][06.01.14] Log file reloaded ( Server Restart )
[04-01-2021][07.30.40] Log file reloaded ( Server Restart )
[10:40:35] Player (Blue, 76561199108250772)(<134.326096, 151.897430, 2720.472656>) quick accessed a lock!
[04-01-2021][12.01.47] Log file reloaded ( Server Restart )
[13:33:14] Player (Booming4you, 76561199110559459)(<2990.004395, 370.054047, 6701.503906>) quick accessed a lock!
[13:33:25] Player (Booming4you, 76561199110559459)(<2995.484131, 370.558502, 6716.270020>) quick accessed a lock!
[13:34:34] Player (Booming4you, 76561199110559459)(<2995.143555, 371.242462, 6740.640137>) quick accessed a lock!
[13:37:39] Player (Booming4you, 76561199110559459)(<2995.484131, 370.558502, 6716.270020>) quick accessed a lock!
[13:37:42] Player (Booming4you, 76561199110559459)(<2990.004395, 370.054047, 6701.503906>) quick accessed a lock!
[14:14:24] Player (Booming4you, 76561199110559459)(<2990.004395, 370.054047, 6701.503906>) quick accessed a lock!
[14:14:43] Player (Booming4you, 76561199110559459)(<2995.484131, 370.558502, 6716.270020>) quick accessed a lock!
[14:14:51] Player (Booming4you, 76561199110559459)(<2995.143555, 371.242462, 6740.640137>) quick accessed a lock!
[15:22:40] Player (Cygnus, 76561199063202968)(<4149.255371, 351.162292, 14614.198242>) quick accessed a lock!
[15:30:03] Player (Cygnus, 76561199063202968)(<4149.255371, 351.162292, 14614.198242>) quick accessed a lock!
[15:35:28] Player (Mr Wolf, 76561198016874355)(<12078.319336, 3.049664, 3444.055664>) quick accessed a lock!
[15:35:36] Player (Mr Wolf, 76561198016874355)(<12091.898438, 3.014467, 3448.396484>) quick accessed a lock!
[15:38:27] Player (Mr Wolf, 76561198016874355)(<12091.898438, 3.014467, 3448.396484>) quick accessed a lock!
[15:38:35] Player (Mr Wolf, 76561198016874355)(<12078.319336, 3.049664, 3444.055664>) quick accessed a lock!
[15:38:57] Player (Mr Wolf, 76561198016874355)(<12078.319336, 3.049664, 3444.055664>) quick accessed a lock!
[16:10:39] Player (Cygnus, 76561199063202968)(<4149.255371, 351.162292, 14614.198242>) quick accessed a lock!
[17:00:09] Player (Mr Wolf, 76561198016874355)(<12091.898438, 3.014467, 3448.396484>) quick accessed a lock!
[17:00:21] Player (Mr Wolf, 76561198016874355)(<12078.319336, 3.049664, 3444.055664>) quick accessed a lock!
[17:02:01] Player (Mr Wolf, 76561198016874355)(<12078.319336, 3.049664, 3444.055664>) quick accessed a lock!
[17:30:41] Player (Mr Wolf, 76561198016874355)(<12091.898438, 3.014467, 3448.396484>) quick accessed a lock!
[17:46:35] Player (Mr Wolf, 76561198016874355)(<12078.319336, 3.049664, 3444.055664>) quick accessed a lock!
[17:50:23] Player (Mr Wolf, 76561198016874355)(<12091.898438, 3.014467, 3448.396484>) quick accessed a lock!
[17:51:20] Player (Mr Wolf, 76561198016874355)(<12091.898438, 3.014467, 3448.396484>) quick accessed a lock!
[04-01-2021][18.01.17] Log file reloaded ( Server Restart )
[18:49:45] Player (Mr Wolf, 76561198016874355)(<12091.898438, 3.014467, 3448.396484>) quick accessed a lock!
[18:50:00] Player (Mr Wolf, 76561198016874355)(<12078.319336, 3.049664, 3444.055664>) quick accessed a lock!
[19:07:20] Player (Mr Wolf, 76561198016874355)(<12091.898438, 3.014467, 3448.396484>) quick accessed a lock!
[04-01-2021][21.07.49] Log file reloaded ( Server Restart )
[22:58:16] Player (Mr Wolf, 76561198016874355)(<12091.898438, 3.014467, 3448.396484>) quick accessed a lock!
[22:58:28] Player (Mr Wolf, 76561198016874355)(<12078.319336, 3.049664, 3444.055664>) quick accessed a lock!
[23:17:07] Player (Mr Wolf, 76561198016874355)(<12078.319336, 3.049664, 3444.055664>) quick accessed a lock!
[23:17:25] Player (Mr Wolf, 76561198016874355)(<12078.319336, 3.049664, 3444.055664>) quick accessed a lock!
