[04-04-2021][00.04.13] New Access Log File Created!
[00:23:34] Player (Cygnus, 76561199063202968)(<4152.730957, 350.129425, 14617.854492>) quick accessed a lock!
[00:26:27] Player (Cygnus, 76561199063202968)(<4152.730957, 350.129425, 14617.854492>) quick accessed a lock!
[00:27:06] Player (Mrs Wolf, 76561198030377081)(<12091.898438, 3.014467, 3448.396484>) quick accessed a lock!
[00:27:38] Player (Mrs Wolf, 76561198030377081)(<12078.319336, 3.049664, 3444.055664>) quick accessed a lock!
[04-04-2021][07.56.40] Log file reloaded ( Server Restart )
[08:30:05] Player (Mr Wolf, 76561198016874355)(<12078.319336, 3.049664, 3444.055664>) quick accessed a lock!
[08:30:12] Player (Mr Wolf, 76561198016874355)(<12091.898438, 3.014467, 3448.396484>) quick accessed a lock!
[08:33:02] Player (Mr Wolf, 76561198016874355)(<12091.898438, 3.014467, 3448.396484>) quick accessed a lock!
[08:33:09] Player (Mr Wolf, 76561198016874355)(<12078.319336, 3.049664, 3444.055664>) quick accessed a lock!
[11:48:02] Player (Mr Wolf, 76561198016874355)(<12091.898438, 3.014467, 3448.396484>) quick accessed a lock!
[11:48:11] Player (Mr Wolf, 76561198016874355)(<12078.319336, 3.049664, 3444.055664>) quick accessed a lock!
[04-04-2021][12.00.51] Log file reloaded ( Server Restart )
[14:39:00] Player (Mrs Wolf, 76561198030377081)(<12078.319336, 3.049664, 3444.055664>) quick accessed a lock!
[14:44:24] Player (BnYrB, 76561198036774377)(<5863.314941, 138.954391, 4679.335938>) set a new passcode on lock!
[14:44:24] Player (BnYrB, 76561198036774377)(<5863.314941, 138.954391, 4679.335938>) claimed ownership of a lock!
[14:50:41] Player (BnYrB, 76561198036774377)(<5918.916992, 147.211624, 4701.065918>) set a new passcode on lock!
[14:50:41] Player (BnYrB, 76561198036774377)(<5918.916992, 147.211624, 4701.065918>) claimed ownership of a lock!
[14:51:37] Player (BnYrB, 76561198036774377)(<5750.605957, 117.330002, 4600.897949>) set a new passcode on lock!
[14:51:37] Player (BnYrB, 76561198036774377)(<5750.605957, 117.330002, 4600.897949>) claimed ownership of a lock!
[14:51:49] Player (BnYrB, 76561198036774377)(<5759.710449, 117.330002, 4600.133789>) set a new passcode on lock!
[14:51:49] Player (BnYrB, 76561198036774377)(<5759.710449, 117.330002, 4600.133789>) claimed ownership of a lock!
[14:55:48] Player (Mrs Wolf, 76561198030377081)(<12091.898438, 3.014467, 3448.396484>) quick accessed a lock!
[14:57:20] Player (Mrs Wolf, 76561198030377081)(<12091.898438, 3.014467, 3448.396484>) quick accessed a lock!
[14:58:03] Player (Mrs Wolf, 76561198030377081)(<12091.898438, 3.014467, 3448.396484>) quick accessed a lock!
[15:02:42] Player (Mrs Wolf, 76561198030377081)(<12091.898438, 3.014467, 3448.396484>) quick accessed a lock!
[15:05:28] Player (Mr Wolf, 76561198016874355)(<12091.898438, 3.014467, 3448.396484>) quick accessed a lock!
