[InitializeContainer] Container created on 2021-01-20 @ 16-09-46
[InitializeContainer] Winds: Vector <10.370403, 0.000000, 7.488850>, Speed 12.7917mps, Strength 0.1
[AirdropContainerFall] Drop Type 'Military Weapons', Container: 'AirdropContainer', Mode/Quantity/Iems: Random/20/14, Flare:  10%
[AirdropContainerFall] Loot Spawned [1] WaterBottle @ <11114.902344, 117.197533, 13972.312500> ... Lifespan: Set to 60 minutes.
[AirdropContainerFall] Loot Spawned [2] Mag_AKM_30Rnd @ <11116.492188, 117.491989, 13971.462891> ... Lifespan: Set to 60 minutes.
[AirdropContainerFall] Loot Spawned [3] Mag_AKM_30Rnd @ <11114.870117, 117.393837, 13971.552734> ... Lifespan: Set to 60 minutes.
[AirdropContainerFall] Loot Spawned [4] Izh18 @ <11114.272461, 116.736328, 13973.941406> ... Lifespan: Set to 60 minutes.
[AirdropContainerFall] Loot Spawned [5] Mag_STANAG_30Rnd @ <11112.291992, 117.231117, 13972.101563> ... Lifespan: Set to 60 minutes.
[AirdropContainerFall] Loot Spawned [6] AmmoBox_762x39_20Rnd @ <11111.897461, 117.212105, 13972.163086> ... Lifespan: Set to 60 minutes.
[AirdropContainerFall] Loot Spawned [7] FNX45 @ <11113.929688, 116.877121, 13973.640625> ... Lifespan: Set to 60 minutes.
[AirdropContainerFall] Loot Spawned [8] M4A1 @ <11115.149414, 117.399010, 13971.588867> ... Lifespan: Set to 60 minutes.
[AirdropContainerFall] Loot Spawned [9] Mag_AKM_30Rnd @ <11116.784180, 116.917450, 13972.949219> ... Lifespan: Set to 60 minutes.
[AirdropContainerFall] Spawn failed for item [10] 'Mossin9130', does not exist in DayZ!
[AirdropContainerFall] Loot Spawned [11] PowderedMilk @ <11116.763672, 116.842415, 13973.169922> ... Lifespan: Set to 60 minutes.
[AirdropContainerFall] Loot Spawned [12] BakedBeansCan @ <11112.285156, 117.101631, 13972.618164> ... Lifespan: Set to 60 minutes.
[AirdropContainerFall] Loot Spawned [13] Mag_AKM_30Rnd @ <11111.345703, 117.112984, 13972.534180> ... Lifespan: Set to 60 minutes.
[AirdropContainerFall] Loot Spawned [14] Rice @ <11116.534180, 117.255707, 13972.058594> ... Lifespan: Set to 60 minutes.
[AirdropContainerFall] Loot Spawned [15] Mag_STANAG_30Rnd @ <11114.725586, 116.743591, 13973.773438> ... Lifespan: Set to 60 minutes.
[AirdropContainerFall] Loot Spawned [16] Izh18 @ <11112.882813, 117.416306, 13971.404297> ... Lifespan: Set to 60 minutes.
[AirdropContainerFall] Loot Spawned [17] AmmoBox_762x39_20Rnd @ <11115.421875, 117.378433, 13971.763672> ... Lifespan: Set to 60 minutes.
[AirdropContainerFall] Loot Spawned [18] AKM @ <11113.743164, 117.518860, 13971.034180> ... Lifespan: Set to 60 minutes.
[AirdropContainerFall] Loot Spawned [19] AKM @ <11114.406250, 116.734711, 13973.902344> ... Lifespan: Set to 60 minutes.
[AirdropContainerFall] Loot Spawned [20] Izh18 @ <11113.792969, 117.381905, 13971.565430> ... Lifespan: Set to 60 minutes.
[AirdropContainerUnstuck] Container was unstuck.
[~AirdropContainerBase] Container Destroyed on 2021-01-20 @ 16-31-37
