[InitializeContainer] Container created on 2021-02-25 @ 07-57-18
[InitializeContainer] Winds: Vector <5.065571, 0.000000, -6.655305>, Speed 8.3638mps, Strength 0.1
[AirdropContainerFall] Drop Type 'Military Weapons', Container: 'AirdropContainer', Mode/Quantity/Iems: Random/30/14, Flare:  10%
[AirdropContainerFall] Loot Spawned [1] TTC_Beowulf @ <4838.567871, 339.049988, 9901.217773> ... Lifespan: Set to 120 minutes.
[AirdropContainerFall] Loot Spawned [2] Mag_AKM_30Rnd @ <4836.030762, 339.049988, 9904.001953> ... Lifespan: Set to 120 minutes.
[AirdropContainerFall] Loot Spawned [3] AKM @ <4837.142090, 339.049988, 9902.152344> ... Lifespan: Set to 120 minutes.
[AirdropContainerFall] Loot Spawned [4] PowderedMilk @ <4836.691406, 339.049988, 9901.998047> ... Lifespan: Set to 120 minutes.
[AirdropContainerFall] Loot Spawned [5] Vodka @ <4836.281250, 339.049988, 9900.378906> ... Lifespan: Set to 120 minutes.
[AirdropContainerFall] Loot Spawned [6] TTC_Ammo_50Beo @ <4840.168457, 339.049988, 9902.262695> ... Lifespan: Set to 120 minutes.
[AirdropContainerFall] Loot Spawned [7] TTC_Ammo_50Beo @ <4837.914551, 339.049988, 9900.759766> ... Lifespan: Set to 120 minutes.
[AirdropContainerFall] Loot Spawned [8] TWP_BerettaPX4_mag_17Rnd @ <4838.566895, 339.049988, 9901.323242> ... Lifespan: Set to 120 minutes.
[AirdropContainerFall] Loot Spawned [9] TWP_BerettaPX4_mag_17Rnd @ <4841.124023, 339.049988, 9901.952148> ... Lifespan: Set to 120 minutes.
[AirdropContainerFall] Loot Spawned [10] Mag_AKM_30Rnd @ <4839.270996, 339.049988, 9900.781250> ... Lifespan: Set to 120 minutes.
[AirdropContainerFall] Loot Spawned [11] Mag_AKM_30Rnd @ <4840.742188, 339.049988, 9903.706055> ... Lifespan: Set to 120 minutes.
[AirdropContainerFall] Loot Spawned [12] TWP_BerettaPX4_mag_17Rnd @ <4840.427246, 339.049988, 9904.208008> ... Lifespan: Set to 120 minutes.
[AirdropContainerFall] Loot Spawned [13] TWP_BerettaPX4_mag_17Rnd @ <4840.092773, 339.049988, 9903.025391> ... Lifespan: Set to 120 minutes.
[AirdropContainerFall] Loot Spawned [14] TTC_Beowulf @ <4838.651367, 339.049988, 9900.729492> ... Lifespan: Set to 120 minutes.
[AirdropContainerFall] Loot Spawned [15] TTC_Beowulf @ <4835.578613, 339.049988, 9903.610352> ... Lifespan: Set to 120 minutes.
[AirdropContainerFall] Loot Spawned [16] TTC_AmmoBox_50Beo_20rnd @ <4839.186523, 339.049988, 9899.977539> ... Lifespan: Set to 120 minutes.
[AirdropContainerFall] Loot Spawned [17] TTC_50Beo_mag @ <4838.117188, 339.049988, 9904.010742> ... Lifespan: Set to 120 minutes.
[AirdropContainerFall] Loot Spawned [18] TTC_Ammo_50Beo @ <4836.389160, 339.049988, 9904.480469> ... Lifespan: Set to 120 minutes.
[AirdropContainerFall] Loot Spawned [19] AKM @ <4839.948242, 339.049988, 9904.253906> ... Lifespan: Set to 120 minutes.
[AirdropContainerFall] Loot Spawned [20] TTC_AmmoBox_50Beo_20rnd @ <4836.454590, 339.049988, 9903.869141> ... Lifespan: Set to 120 minutes.
[AirdropContainerFall] Loot Spawned [21] TWP_BerettaPX4 @ <4837.541016, 339.049988, 9903.723633> ... Lifespan: Set to 120 minutes.
[AirdropContainerFall] Loot Spawned [22] TWP_BerettaPX4 @ <4836.077637, 339.049988, 9902.988281> ... Lifespan: Set to 120 minutes.
[AirdropContainerFall] Loot Spawned [23] TWP_BerettaPX4 @ <4839.812012, 339.049988, 9903.085938> ... Lifespan: Set to 120 minutes.
[AirdropContainerFall] Loot Spawned [24] TWP_BerettaPX4 @ <4835.661133, 339.049988, 9903.033203> ... Lifespan: Set to 120 minutes.
[AirdropContainerFall] Loot Spawned [25] PowderedMilk @ <4838.775879, 339.049988, 9903.498047> ... Lifespan: Set to 120 minutes.
[AirdropContainerFall] Loot Spawned [26] TWP_BerettaPX4_mag_17Rnd @ <4837.457520, 339.049988, 9903.027344> ... Lifespan: Set to 120 minutes.
[AirdropContainerFall] Loot Spawned [27] TTC_Buttstock3 @ <4839.793945, 339.049988, 9900.363281> ... Lifespan: Set to 120 minutes.
[AirdropContainerFall] Loot Spawned [28] TWP_BerettaPX4_mag_17Rnd @ <4840.873047, 339.049988, 9902.160156> ... Lifespan: Set to 120 minutes.
[AirdropContainerFall] Loot Spawned [29] Vodka @ <4835.561523, 339.049988, 9903.024414> ... Lifespan: Set to 120 minutes.
[AirdropContainerFall] Loot Spawned [30] TTC_Buttstock3 @ <4836.783691, 339.049988, 9903.318359> ... Lifespan: Set to 120 minutes.
[AirdropContainerFall] Airdrop Flare Spawned @ <4840.610352, 339.049988, 9901.958008> ... Lifespan: Set to 120 minutes.
[AirdropContainerUnstuck] Container was unstuck.
[~AirdropContainerBase] Container Destroyed on 2021-02-25 @ 08-15-38
