[InitializeContainer] Container created on 2021-02-23 @ 13-18-40
[InitializeContainer] Winds: Vector <5.589462, 0.000000, -6.460946>, Speed 8.54318mps, Strength 0.1
[AirdropContainerFall] Drop Type 'Military Weapons', Container: 'AirdropContainer_Military', Mode/Quantity/Iems: Random/20/18, Flare:  10%
[AirdropContainerFall] Loot Spawned [1] Mag_AKM_30Rnd @ <4978.091309, 9.550000, 2453.541260> ... Lifespan: Set to 120 minutes.
[AirdropContainerFall] Loot Spawned [2] Mag_AKM_30Rnd @ <4977.920410, 9.550000, 2456.906982> ... Lifespan: Set to 120 minutes.
[AirdropContainerFall] Spawn failed for item [3] 'TWP_P90Shallow_Grave_mag_50Rn', does not exist in DayZ!
[AirdropContainerFall] Loot Spawned [4] Mag_AKM_30Rnd @ <4976.485840, 9.550000, 2457.277832> ... Lifespan: Set to 120 minutes.
[AirdropContainerFall] Loot Spawned [5] TWP_RemingtonMSR_mag_5Rnd @ <4977.634766, 9.550000, 2453.648193> ... Lifespan: Set to 120 minutes.
[AirdropContainerFall] Spawn failed for item [6] 'TWP_P90Shallow_Grave_mag_50Rn', does not exist in DayZ!
[AirdropContainerFall] Loot Spawned [7] TWP_RemingtonMSR @ <4974.806641, 9.550000, 2454.814941> ... Lifespan: Set to 120 minutes.
[AirdropContainerFall] Loot Spawned [8] TWP_P8_mag_15Rnd @ <4977.289551, 9.550000, 2458.339844> ... Lifespan: Set to 120 minutes.
[AirdropContainerFall] Spawn failed for item [9] 'TWP_P90Shallow_Grave_mag_50Rn', does not exist in DayZ!
[AirdropContainerFall] Loot Spawned [10] TWP_RemingtonMSR_mag_5Rnd @ <4976.298340, 9.550000, 2456.099609> ... Lifespan: Set to 120 minutes.
[AirdropContainerFall] Loot Spawned [11] TWP_RemingtonMSR @ <4976.055664, 9.550000, 2454.550293> ... Lifespan: Set to 120 minutes.
[AirdropContainerFall] Loot Spawned [12] AKM @ <4978.199219, 9.550000, 2453.064941> ... Lifespan: Set to 120 minutes.
[AirdropContainerFall] Loot Spawned [13] TWP_P90Shallow_Grave @ <4978.386230, 9.550000, 2455.758057> ... Lifespan: Set to 120 minutes.
[AirdropContainerFall] Loot Spawned [14] LandMineTrap @ <4974.389160, 9.550000, 2456.685303> ... Lifespan: Set to 120 minutes.
[AirdropContainerFall] Loot Spawned [15] AmmoBox_762x39_20Rnd @ <4979.246094, 9.550000, 2457.419189> ... Lifespan: Set to 120 minutes.
[AirdropContainerFall] Loot Spawned [16] AmmoBox_762x39_20Rnd @ <4978.936035, 9.550000, 2454.191406> ... Lifespan: Set to 120 minutes.
[AirdropContainerFall] Loot Spawned [17] TWP_RemingtonMSR @ <4976.084961, 9.550000, 2457.869873> ... Lifespan: Set to 120 minutes.
[AirdropContainerFall] Loot Spawned [18] Mag_AKM_30Rnd @ <4974.203613, 9.550000, 2455.443848> ... Lifespan: Set to 120 minutes.
[AirdropContainerFall] Spawn failed for item [19] 'TWP_P90Shallow_Grave_mag_50Rn', does not exist in DayZ!
[AirdropContainerFall] Loot Spawned [20] TWP_USPPsychodelic @ <4975.854492, 9.550000, 2455.325439> ... Lifespan: Set to 120 minutes.
[AirdropContainerUnstuck] Container was unstuck.
[~AirdropContainerBase] Container Destroyed on 2021-02-23 @ 13-36-39
