[AirdropPlane] Aircraft created on 2021-02-19 @ 11-47-56
[InitializeAircraft] Aircraft Initialized: Northwest Airfield @ 4807/9812 (true)
[EOnBeforeDrop] The Aircraft is 1 Km from Northwest Airfield. @ <6134.025879, 428.604370, 10509.625977>
[EOnDrop] Zombie Spawned [1] ZmbM_PatrolNormal_Autumn @ <4915.732422, 339.545380, 9860.117188> ... Lifespan:  Set to 120 minutes.
[EOnDrop] Zombie Spawned [2] ZmbM_SoldierNormal @ <4891.467285, 339.825043, 9859.062500> ... Lifespan:  Set to 120 minutes.
[EOnDrop] Zombie Spawned [3] ZmbM_PatrolNormal_Autumn @ <4917.809570, 339.500000, 9852.664063> ... Lifespan:  Set to 120 minutes.
[EOnDrop] Zombie Spawned [4] ZmbM_PatrolNormal_PautRev @ <4873.593750, 339.500000, 9855.615234> ... Lifespan:  Set to 120 minutes.
[EOnDrop] Zombie Spawned [5] ZmbM_PatrolNormal_Summer @ <4874.348633, 339.500000, 9839.978516> ... Lifespan:  Set to 120 minutes.
[EOnDrop] Zombie Spawned [6] ZmbM_PatrolNormal_Flat @ <4906.123535, 339.500000, 9867.734375> ... Lifespan:  Set to 120 minutes.
[EOnDrop] Zombie Spawned [7] ZmbM_PatrolNormal_Autumn @ <4915.627930, 339.733185, 9882.006836> ... Lifespan:  Set to 120 minutes.
[EOnDrop] Zombie Spawned [8] ZmbM_PatrolNormal_Flat @ <4892.156738, 339.571045, 9855.887695> ... Lifespan:  Set to 120 minutes.
[EOnDrop] Zombie Spawned [9] ZmbM_PatrolNormal_Summer @ <4877.130371, 339.500000, 9831.268555> ... Lifespan:  Set to 120 minutes.
[EOnDrop] Zombie Spawned [10] ZmbM_PatrolNormal_PautRev @ <4844.996582, 341.040039, 9849.322266> ... Lifespan:  Set to 120 minutes.
[EOnDrop] Zombie Spawned [11] ZmbM_PatrolNormal_Summer @ <4883.511230, 340.761841, 9886.189453> ... Lifespan:  Set to 120 minutes.
[EOnDrop] Zombie Spawned [12] ZmbM_PatrolNormal_Flat @ <4898.648438, 339.500000, 9851.923828> ... Lifespan:  Set to 120 minutes.
[EOnDrop] Zombie Spawned [13] ZmbM_PatrolNormal_Flat @ <4842.935547, 341.390991, 9830.136719> ... Lifespan:  Set to 120 minutes.
[EOnDrop] Zombie Spawned [14] ZmbM_PatrolNormal_Autumn @ <4918.135254, 339.500000, 9836.368164> ... Lifespan:  Set to 120 minutes.
[EOnDrop] Zombie Spawned [15] ZmbM_PatrolNormal_PautRev @ <4896.788574, 339.613831, 9866.410156> ... Lifespan:  Set to 120 minutes.
[EOnDrop] Zombie Spawned [16] ZmbM_SoldierNormal @ <4880.337891, 339.500000, 9845.421875> ... Lifespan:  Set to 120 minutes.
[EOnDrop] Zombie Spawned [17] ZmbM_PatrolNormal_Flat @ <4894.281738, 339.500000, 9829.369141> ... Lifespan:  Set to 120 minutes.
[EOnDrop] Zombie Spawned [18] ZmbM_PatrolNormal_Flat @ <4917.559082, 339.500000, 9836.447266> ... Lifespan:  Set to 120 minutes.
[EOnDrop] Zombie Spawned [19] ZmbM_PatrolNormal_Autumn @ <4883.499023, 339.500000, 9803.932617> ... Lifespan:  Set to 120 minutes.
[EOnDrop] Zombie Spawned [20] ZmbM_PatrolNormal_Summer @ <4916.552734, 339.675385, 9861.735352> ... Lifespan:  Set to 120 minutes.
[EOnDrop] Zombie Spawned [21] ZmbM_PatrolNormal_PautRev @ <4857.072266, 339.816956, 9855.413086> ... Lifespan:  Set to 120 minutes.
[EOnDrop] Zombie Spawned [22] ZmbM_PatrolNormal_PautRev @ <4899.223145, 340.922821, 9890.900391> ... Lifespan:  Set to 120 minutes.
[EOnDrop] Zombie Spawned [23] ZmbM_PatrolNormal_Flat @ <4843.008789, 341.617584, 9825.710938> ... Lifespan:  Set to 120 minutes.
[EOnDrop] Zombie Spawned [24] ZmbM_SoldierNormal @ <4848.470703, 340.522858, 9854.349609> ... Lifespan:  Set to 120 minutes.
[EOnDrop] Zombie Spawned [25] ZmbM_PatrolNormal_Summer @ <4881.956543, 339.500000, 9845.125977> ... Lifespan:  Set to 120 minutes.
[EOnDrop] Zombie Spawned [26] ZmbM_SoldierNormal @ <4845.985352, 341.002014, 9846.094727> ... Lifespan:  Set to 120 minutes.
[EOnDrop] Zombie Spawned [27] ZmbM_SoldierNormal @ <4864.129395, 339.643341, 9850.229492> ... Lifespan:  Set to 120 minutes.
[EOnDrop] Zombie Spawned [28] ZmbM_PatrolNormal_Flat @ <4889.506836, 340.673706, 9876.792969> ... Lifespan:  Set to 120 minutes.
[EOnDrop] Zombie Spawned [29] ZmbM_PatrolNormal_Summer @ <4898.554199, 339.500000, 9836.487305> ... Lifespan:  Set to 120 minutes.
[EOnDrop] Zombie Spawned [30] ZmbM_PatrolNormal_Flat @ <4878.503418, 339.889191, 9882.075195> ... Lifespan:  Set to 120 minutes.
[EOnDrop] Zombie Spawned [31] ZmbM_PatrolNormal_Summer @ <4889.270508, 339.500000, 9854.863281> ... Lifespan:  Set to 120 minutes.
[EOnDrop] Zombie Spawned [32] ZmbM_PatrolNormal_Flat @ <4857.189453, 340.199768, 9834.155273> ... Lifespan:  Set to 120 minutes.
[EOnDrop] Zombie Spawned [33] ZmbM_SoldierNormal @ <4868.877441, 339.500000, 9871.208984> ... Lifespan:  Set to 120 minutes.
[EOnDrop] Zombie Spawned [34] ZmbM_PatrolNormal_PautRev @ <4917.991699, 339.571014, 9868.667969> ... Lifespan:  Set to 120 minutes.
[EOnDrop] Zombie Spawned [35] ZmbM_SoldierNormal @ <4848.201172, 340.604584, 9850.357422> ... Lifespan:  Set to 120 minutes.
[EOnDrop] Zombie Spawned [36] ZmbM_PatrolNormal_PautRev @ <4883.621582, 339.500000, 9812.029297> ... Lifespan:  Set to 120 minutes.
[EOnDrop] Zombie Spawned [37] ZmbM_PatrolNormal_Summer @ <4866.680176, 339.543732, 9845.331055> ... Lifespan:  Set to 120 minutes.
[EOnDrop] Zombie Spawned [38] ZmbM_PatrolNormal_PautRev @ <4865.520020, 339.500000, 9888.333008> ... Lifespan:  Set to 120 minutes.
[EOnDrop] Zombie Spawned [39] ZmbM_PatrolNormal_Flat @ <4909.832520, 339.500000, 9866.648438> ... Lifespan:  Set to 120 minutes.
[EOnDrop] Zombie Spawned [40] ZmbM_PatrolNormal_Flat @ <4860.226074, 339.500000, 9877.302734> ... Lifespan:  Set to 120 minutes.
[EOnDrop] Zombie Spawned [41] ZmbM_PatrolNormal_PautRev @ <4896.255371, 339.666260, 9863.333984> ... Lifespan:  Set to 120 minutes.
[EOnDrop] Zombie Spawned [42] ZmbM_PatrolNormal_Flat @ <4901.084961, 339.500000, 9854.116211> ... Lifespan:  Set to 120 minutes.
[EOnDrop] Zombie Spawned [43] ZmbM_PatrolNormal_Flat @ <4910.999512, 339.500000, 9838.833984> ... Lifespan:  Set to 120 minutes.
[EOnDrop] Zombie Spawned [44] ZmbM_PatrolNormal_Flat @ <4892.152344, 339.500000, 9811.596680> ... Lifespan:  Set to 120 minutes.
[EOnDrop] Zombie Spawned [45] ZmbM_SoldierNormal @ <4868.081055, 339.500000, 9862.807617> ... Lifespan:  Set to 120 minutes.
[EOnDrop] Zombie Spawned [46] ZmbM_PatrolNormal_PautRev @ <4892.557617, 340.112091, 9865.208984> ... Lifespan:  Set to 120 minutes.
[EOnDrop] Zombie Spawned [47] ZmbM_SoldierNormal @ <4858.728027, 339.666107, 9858.346680> ... Lifespan:  Set to 120 minutes.
[EOnDrop] Zombie Spawned [48] ZmbM_SoldierNormal @ <4846.145996, 340.972900, 9846.519531> ... Lifespan:  Set to 120 minutes.
[EOnDrop] Zombie Spawned [49] ZmbM_PatrolNormal_PautRev @ <4899.842773, 339.500000, 9865.332031> ... Lifespan:  Set to 120 minutes.
[EOnDrop] Zombie Spawned [50] ZmbM_PatrolNormal_Autumn @ <4865.875977, 339.564941, 9851.272461> ... Lifespan:  Set to 120 minutes.
[EOnDrop] Zombie Spawned [51] ZmbM_SoldierNormal @ <4895.390625, 341.048920, 9884.875977> ... Lifespan:  Set to 120 minutes.
[EOnDrop] Zombie Spawned [52] ZmbM_PatrolNormal_PautRev @ <4922.097168, 339.500000, 9832.124023> ... Lifespan:  Set to 120 minutes.
[EOnDrop] Zombie Spawned [53] ZmbM_PatrolNormal_Summer @ <4869.529297, 339.574951, 9891.032227> ... Lifespan:  Set to 120 minutes.
[EOnDrop] Zombie Spawned [54] ZmbM_PatrolNormal_Summer @ <4886.739746, 339.839203, 9863.074219> ... Lifespan:  Set to 120 minutes.
[EOnDrop] Zombie Spawned [55] ZmbM_PatrolNormal_Flat @ <4905.467285, 339.500000, 9871.998047> ... Lifespan:  Set to 120 minutes.
[EOnDrop] Zombie Spawned [56] ZmbM_SoldierNormal @ <4863.127930, 339.841888, 9836.576172> ... Lifespan:  Set to 120 minutes.
[EOnDrop] Zombie Spawned [57] ZmbM_PatrolNormal_Flat @ <4850.765625, 339.684967, 9868.702148> ... Lifespan:  Set to 120 minutes.
[EOnDrop] Zombie Spawned [58] ZmbM_PatrolNormal_Flat @ <4876.288574, 339.500000, 9859.888672> ... Lifespan:  Set to 120 minutes.
[EOnDrop] Zombie Spawned [59] ZmbM_PatrolNormal_Summer @ <4872.892578, 339.500000, 9826.980469> ... Lifespan:  Set to 120 minutes.
[EOnDrop] Zombie Spawned [60] ZmbM_SoldierNormal @ <4852.468750, 339.868439, 9855.670898> ... Lifespan:  Set to 120 minutes.
[EOnDrop] Drop spawned with 60 infected at <4878.281250, 477.833099, 9851.427734>.
[EOnDrop] Supplies have been dropped near Northwest Airfield.
[EOnBeforeDelete] Aircraft despawned @ <-1001.165588, 370.678162, 6769.985352>
[~AirdropPlane] Aircraft destroyed.
