[AirdropPlane] Aircraft created on 2021-01-23 @ 04-40-04
[InitializeAircraft] Aircraft Initialized: Myshkino @ 2036/7491 (true)
[EOnBeforeDrop] The Aircraft is 1 Km from Myshkino. @ <3529.990234, 466.245148, 7378.900879>
[EOnDrop] Zombie Spawned [1] ZmbM_MotobikerFat_Blue @ <2121.064941, 300.009613, 7504.442871> ... Lifespan:  Set to 120 minutes.
[EOnDrop] Zombie Spawned [2] ZmbM_VillagerOld_Blue @ <2141.958740, 299.633301, 7492.615723> ... Lifespan:  Set to 120 minutes.
[EOnDrop] Zombie Spawned [3] ZmbM_FarmerFat_Green @ <2158.369141, 293.653534, 7455.082031> ... Lifespan:  Set to 120 minutes.
[EOnDrop] Zombie Spawned [4] ZmbM_FarmerFat_Beige @ <2131.761719, 294.422424, 7474.336426> ... Lifespan:  Set to 120 minutes.
[EOnDrop] Zombie Spawned [5] ZmbF_SurvivorNormal_Blue @ <2176.250488, 301.302673, 7486.283691> ... Lifespan:  Set to 120 minutes.
[EOnDrop] Zombie Spawned [6] ZmbF_VillagerOld_Red @ <2118.833984, 292.727417, 7470.136230> ... Lifespan:  Set to 120 minutes.
[EOnDrop] Zombie Spawned [7] ZmbM_HikerSkinny_Yellow @ <2133.636230, 295.292480, 7477.957520> ... Lifespan:  Set to 120 minutes.
[EOnDrop] Zombie Spawned [8] ZmbM_FarmerFat_Blue @ <2117.643799, 301.127167, 7510.072754> ... Lifespan:  Set to 120 minutes.
[EOnDrop] Zombie Spawned [9] ZmbF_MilkMaidOld_Black @ <2116.348877, 303.222992, 7518.607910> ... Lifespan:  Set to 120 minutes.
[EOnDrop] Spawn failed for zombie [10] 'ZmbM_SurvivorDean_Grey', it does not exist in DayZ!
[EOnDrop] Zombie Spawned [11] ZmbM_HunterOld_Autumn @ <2121.458984, 295.076019, 7481.684082> ... Lifespan:  Set to 120 minutes.
[EOnDrop] Zombie Spawned [12] ZmbM_MotobikerFat_Blue @ <2103.468506, 283.136444, 7440.904785> ... Lifespan:  Set to 120 minutes.
[EOnDrop] Zombie Spawned [13] ZmbM_MotobikerFat_Beige @ <2136.277344, 294.394958, 7470.956055> ... Lifespan:  Set to 120 minutes.
[EOnDrop] Zombie Spawned [14] ZmbF_MilkMaidOld_Green @ <2113.094482, 290.690521, 7464.975098> ... Lifespan:  Set to 120 minutes.
[EOnDrop] Spawn failed for zombie [15] 'ZmbM_SurvivorDean_Grey', it does not exist in DayZ!
[EOnDrop] Drop spawned with 15 infected at <2127.519531, 457.823944, 7483.908203>.
[EOnDrop] Supplies have been dropped near Myshkino.
[EOnBeforeDelete] Aircraft despawned @ <-1000.564026, 434.568817, 7718.122070>
[~AirdropPlane] Aircraft destroyed.
