[AirdropPlane] Aircraft created on 2021-02-24 @ 01-58-37
[InitializeAircraft] Aircraft Initialized: Skalisty Island @ 13452/3112 (true)
[EOnBeforeDrop] The Aircraft is 1 Km from Skalisty Island. @ <12912.224609, 152.000610, 1714.104492>
[EOnDrop] Zombie Spawned [1] ZmbF_VillagerOld_Blue @ <13408.420898, 2.964198, 3040.110107> ... Lifespan:  Set to 120 minutes.
[EOnDrop] Zombie Spawned [2] ZmbF_VillagerOld_Blue @ <13417.629883, 2.908371, 3049.671631> ... Lifespan:  Set to 120 minutes.
[EOnDrop] Zombie Spawned [3] ZmbF_SurvivorNormal_White @ <13422.175781, -0.625610, 3022.163574> ... Lifespan:  Set to 120 minutes.
[EOnDrop] Zombie Spawned [4] ZmbF_HikerSkinny_Red @ <13413.752930, 2.153065, 3033.279541> ... Lifespan:  Set to 120 minutes.
[EOnDrop] Zombie Spawned [5] ZmbF_SurvivorNormal_White @ <13438.237305, 3.832757, 3044.023193> ... Lifespan:  Set to 120 minutes.
[EOnDrop] Zombie Spawned [6] ZmbM_FarmerFat_Blue @ <13411.626953, -10.208442, 3007.937256> ... Lifespan:  Set to 120 minutes.
[EOnDrop] Spawn failed for zombie [7] 'ZmbM_SurvivorDean_Blue', it does not exist in DayZ!
[EOnDrop] Zombie Spawned [8] ZmbM_HermitSkinny_Black @ <13380.805664, 3.257359, 3038.767090> ... Lifespan:  Set to 120 minutes.
[EOnDrop] Zombie Spawned [9] ZmbF_MilkMaidOld_Beige @ <13409.421875, -9.368712, 3012.428223> ... Lifespan:  Set to 120 minutes.
[EOnDrop] Zombie Spawned [10] ZmbF_MilkMaidOld_Beige @ <13404.408203, -11.733180, 2991.960449> ... Lifespan:  Set to 120 minutes.
[EOnDrop] Zombie Spawned [11] ZmbF_MilkMaidOld_Grey @ <13466.256836, 4.335180, 3024.599365> ... Lifespan:  Set to 120 minutes.
[EOnDrop] Zombie Spawned [12] ZmbM_MotobikerFat_Black @ <13443.924805, 3.559810, 3035.464600> ... Lifespan:  Set to 120 minutes.
[EOnDrop] Zombie Spawned [13] ZmbM_MotobikerFat_Blue @ <13415.862305, 2.818282, 3037.693604> ... Lifespan:  Set to 120 minutes.
[EOnDrop] Zombie Spawned [14] ZmbM_HermitSkinny_Red @ <13419.840820, 5.800917, 3063.296387> ... Lifespan:  Set to 120 minutes.
[EOnDrop] Zombie Spawned [15] ZmbM_HermitSkinny_Green @ <13418.888672, 4.486369, 3059.560059> ... Lifespan:  Set to 120 minutes.
[EOnDrop] Zombie Spawned [16] ZmbM_HikerSkinny_Green @ <13437.792969, 3.829540, 3044.139893> ... Lifespan:  Set to 120 minutes.
[EOnDrop] Spawn failed for zombie [17] 'ZmbM_SurvivorDean_Black', it does not exist in DayZ!
[EOnDrop] Zombie Spawned [18] ZmbM_HikerSkinny_Blue @ <13415.752930, -2.736559, 3019.707764> ... Lifespan:  Set to 120 minutes.
[EOnDrop] Zombie Spawned [19] ZmbF_HikerSkinny_Green @ <13399.478516, -12.140224, 3006.443848> ... Lifespan:  Set to 120 minutes.
[EOnDrop] Zombie Spawned [20] ZmbM_FarmerFat_Beige @ <13414.065430, 2.940062, 3048.017334> ... Lifespan:  Set to 120 minutes.
[EOnDrop] Spawn failed for zombie [21] 'ZmbM_SurvivorDean_Black', it does not exist in DayZ!
[EOnDrop] Zombie Spawned [22] ZmbM_HermitSkinny_Red @ <13402.711914, 2.965441, 3042.005859> ... Lifespan:  Set to 120 minutes.
[EOnDrop] Zombie Spawned [23] ZmbF_VillagerOld_Blue @ <13439.383789, 2.101963, 3015.944580> ... Lifespan:  Set to 120 minutes.
[EOnDrop] Zombie Spawned [24] ZmbF_VillagerOld_Green @ <13396.470703, 2.251878, 3033.153564> ... Lifespan:  Set to 120 minutes.
[EOnDrop] Zombie Spawned [25] ZmbF_SurvivorNormal_Red @ <13450.116211, 3.243157, 3020.258545> ... Lifespan:  Set to 120 minutes.
[EOnDrop] Zombie Spawned [26] ZmbF_HikerSkinny_Green @ <13404.730469, -6.277945, 3016.947266> ... Lifespan:  Set to 120 minutes.
[EOnDrop] Zombie Spawned [27] ZmbM_MotobikerFat_Beige @ <13386.382813, -12.294996, 3007.105469> ... Lifespan:  Set to 120 minutes.
[EOnDrop] Zombie Spawned [28] ZmbM_HikerSkinny_Yellow @ <13392.555664, -12.330778, 2997.124023> ... Lifespan:  Set to 120 minutes.
[EOnDrop] Zombie Spawned [29] ZmbM_FarmerFat_Blue @ <13409.608398, -2.038287, 3023.324219> ... Lifespan:  Set to 120 minutes.
[EOnDrop] Spawn failed for zombie [30] 'ZmbM_SurvivorDean_Black', it does not exist in DayZ!
[EOnDrop] Zombie Spawned [31] ZmbF_SurvivorNormal_Red @ <13383.539063, -10.906936, 3008.576904> ... Lifespan:  Set to 120 minutes.
[EOnDrop] Zombie Spawned [32] ZmbM_HunterOld_Autumn @ <13382.689453, -2.503289, 3014.981445> ... Lifespan:  Set to 120 minutes.
[EOnDrop] Zombie Spawned [33] ZmbF_SurvivorNormal_White @ <13422.946289, 2.908560, 3038.657471> ... Lifespan:  Set to 120 minutes.
[EOnDrop] Zombie Spawned [34] ZmbM_MotobikerFat_Blue @ <13401.336914, 3.031072, 3046.021484> ... Lifespan:  Set to 120 minutes.
[EOnDrop] Zombie Spawned [35] ZmbF_SurvivorNormal_Red @ <13428.101563, 2.250989, 3027.357666> ... Lifespan:  Set to 120 minutes.
[EOnDrop] Drop spawned with 35 infected at <13419.089844, 143.001740, 3027.961914>.
[EOnDrop] Supplies have been dropped near Skalisty Island.
[EOnBeforeDelete] Aircraft despawned @ <16360.296875, 152.000610, 10651.934570>
[~AirdropPlane] Aircraft destroyed.
