[InitializeContainer] Container created on 2021-02-20 @ 00-57-46
[InitializeContainer] Winds: Vector <10.266483, 0.000000, 7.724463>, Speed 12.8479mps, Strength 0.1
[AirdropContainerFall] Drop Type 'Food/Medical', Container: 'AirdropContainer_Medical', Mode/Quantity/Iems: Random/20/11, Flare:  10%
[AirdropContainerFall] Loot Spawned [1] PeachesCan @ <5091.803711, 8.859279, 2582.314941> ... Lifespan: Set to 120 minutes.
[AirdropContainerFall] Loot Spawned [2] PeachesCan @ <5088.919922, 8.939023, 2580.482666> ... Lifespan: Set to 120 minutes.
[AirdropContainerFall] Loot Spawned [3] VitaminBottle @ <5088.100098, 8.977894, 2579.207031> ... Lifespan: Set to 120 minutes.
[AirdropContainerFall] Loot Spawned [4] BakedBeansCan @ <5091.223145, 8.908664, 2578.153564> ... Lifespan: Set to 120 minutes.
[AirdropContainerFall] Loot Spawned [5] Marmalade @ <5090.948730, 8.870680, 2582.360107> ... Lifespan: Set to 120 minutes.
[AirdropContainerFall] Loot Spawned [6] ToxicCure @ <5089.403809, 8.940201, 2579.426514> ... Lifespan: Set to 120 minutes.
[AirdropContainerFall] Loot Spawned [7] BakedBeansCan @ <5093.299316, 8.843229, 2579.623291> ... Lifespan: Set to 120 minutes.
[AirdropContainerFall] Loot Spawned [8] Marmalade @ <5092.357422, 8.865745, 2579.103760> ... Lifespan: Set to 120 minutes.
[AirdropContainerFall] Loot Spawned [9] VitaminBottle @ <5089.095703, 8.945530, 2579.643066> ... Lifespan: Set to 120 minutes.
[AirdropContainerFall] Loot Spawned [10] Marmalade @ <5091.114746, 8.868470, 2582.121338> ... Lifespan: Set to 120 minutes.
[AirdropContainerFall] Loot Spawned [11] TacticalBaconCan @ <5088.329590, 8.950912, 2580.771973> ... Lifespan: Set to 120 minutes.
[AirdropContainerFall] Loot Spawned [12] Marmalade @ <5089.705566, 8.914032, 2580.785889> ... Lifespan: Set to 120 minutes.
[AirdropContainerFall] Loot Spawned [13] TunaCan @ <5090.777344, 8.872969, 2582.562256> ... Lifespan: Set to 120 minutes.
[AirdropContainerFall] Loot Spawned [14] PeachesCan @ <5090.942383, 8.876618, 2581.118164> ... Lifespan: Set to 120 minutes.
[AirdropContainerFall] Loot Spawned [15] TunaCan @ <5088.948730, 8.946619, 2579.855225> ... Lifespan: Set to 120 minutes.
[AirdropContainerFall] Loot Spawned [16] TunaCan @ <5088.681152, 8.955219, 2579.745850> ... Lifespan: Set to 120 minutes.
[AirdropContainerFall] Loot Spawned [17] Canteen @ <5090.080566, 8.889136, 2581.903320> ... Lifespan: Set to 120 minutes.
[AirdropContainerFall] Loot Spawned [18] ToxicCure @ <5090.868652, 8.920578, 2577.968506> ... Lifespan: Set to 120 minutes.
[AirdropContainerFall] Loot Spawned [19] VitaminBottle @ <5090.118652, 8.946995, 2577.487793> ... Lifespan: Set to 120 minutes.
[AirdropContainerFall] Loot Spawned [20] BoxCerealCrunchin @ <5091.529785, 8.895950, 2578.493652> ... Lifespan: Set to 120 minutes.
[AirdropContainerUnstuck] Container was unstuck.
[~AirdropContainerBase] Container Destroyed on 2021-02-20 @ 01-57-49
