[AirdropPlane] Aircraft created on 2021-01-29 @ 22-06-22
[InitializeAircraft] Aircraft Initialized: Skalisty Island @ 13452/3112 (true)
[EOnBeforeDrop] The Aircraft is 1 Km from Skalisty Island. @ <11972.370117, 152.018967, 2875.647949>
[EOnDrop] Zombie Spawned [1] ZmbM_HermitSkinny_Beige @ <13336.611328, 32.962330, 3119.608643> ... Lifespan:  Set to 120 minutes.
[EOnDrop] Zombie Spawned [2] ZmbM_HermitSkinny_Black @ <13410.552734, 16.306053, 3097.856445> ... Lifespan:  Set to 120 minutes.
[EOnDrop] Zombie Spawned [3] ZmbF_HikerSkinny_Green @ <13319.089844, 23.076490, 3093.078125> ... Lifespan:  Set to 120 minutes.
[EOnDrop] Zombie Spawned [4] ZmbF_HikerSkinny_Red @ <13371.515625, 20.734812, 3091.741943> ... Lifespan:  Set to 120 minutes.
[EOnDrop] Zombie Spawned [5] ZmbF_MilkMaidOld_Green @ <13363.812500, 32.191322, 3124.321289> ... Lifespan:  Set to 120 minutes.
[EOnDrop] Zombie Spawned [6] ZmbF_VillagerOld_Red @ <13407.305664, 11.641701, 3080.601807> ... Lifespan:  Set to 120 minutes.
[EOnDrop] Zombie Spawned [7] ZmbF_MilkMaidOld_Grey @ <13367.378906, 21.753902, 3093.168945> ... Lifespan:  Set to 120 minutes.
[EOnDrop] Zombie Spawned [8] ZmbF_VillagerOld_Red @ <13363.544922, 21.518997, 3091.072510> ... Lifespan:  Set to 120 minutes.
[EOnDrop] Zombie Spawned [9] ZmbM_HermitSkinny_Red @ <13384.046875, 22.913315, 3103.977539> ... Lifespan:  Set to 120 minutes.
[EOnDrop] Zombie Spawned [10] ZmbM_HunterOld_Autumn @ <13373.887695, 36.386269, 3142.165039> ... Lifespan:  Set to 120 minutes.
[EOnDrop] Zombie Spawned [11] ZmbF_HikerSkinny_Grey @ <13379.583984, 26.992306, 3114.122559> ... Lifespan:  Set to 120 minutes.
[EOnDrop] Spawn failed for zombie [12] 'ZmbM_SurvivorDean_Black', it does not exist in DayZ!
[EOnDrop] Zombie Spawned [13] ZmbM_HikerSkinny_Green @ <13343.244141, 21.353109, 3085.496338> ... Lifespan:  Set to 120 minutes.
[EOnDrop] Zombie Spawned [14] ZmbM_FarmerFat_Brown @ <13390.433594, 12.806533, 3076.887695> ... Lifespan:  Set to 120 minutes.
[EOnDrop] Zombie Spawned [15] ZmbF_VillagerOld_Blue @ <13357.267578, 32.792580, 3124.098877> ... Lifespan:  Set to 120 minutes.
[EOnDrop] Drop spawned with 15 infected at <13365.125000, 152.476273, 3097.839111>.
[EOnDrop] Supplies have been dropped near Skalisty Island.
[EOnBeforeDelete] Aircraft despawned @ <16360.214844, 152.000610, 3575.656494>
[~AirdropPlane] Aircraft destroyed.
