[InitializeContainer] Container created on 2021-03-17 @ 15-38-17
[InitializeContainer] Winds: Vector <6.938921, 0.000000, -5.756704>, Speed 9.016mps, Strength 0.1
[AirdropContainerFall] Drop Type 'Military Weapons', Container: 'AirdropContainer_Military', Mode/Quantity/Iems: Random/20/18, Flare:  10%
[AirdropContainerFall] Loot Spawned [1] TWP_USPPsychodelic @ <2685.649170, 292.267914, 6128.190918> ... Lifespan: Set to 120 minutes.
[AirdropContainerFall] Loot Spawned [2] TWP_RemingtonMSR_mag_5Rnd @ <2683.030029, 292.331848, 6130.570801> ... Lifespan: Set to 120 minutes.
[AirdropContainerFall] Loot Spawned [3] Mag_AKM_30Rnd @ <2682.405762, 291.368927, 6125.864746> ... Lifespan: Set to 120 minutes.
[AirdropContainerFall] Loot Spawned [4] FNX45 @ <2685.093750, 292.410461, 6129.419434> ... Lifespan: Set to 120 minutes.
[AirdropContainerFall] Loot Spawned [5] TWP_USPPsychodelic_mag_15Rnd @ <2684.463135, 292.291412, 6129.193359> ... Lifespan: Set to 120 minutes.
[AirdropContainerFall] Loot Spawned [6] LandMineTrap @ <2684.875000, 291.934387, 6126.892090> ... Lifespan: Set to 120 minutes.
[AirdropContainerFall] Spawn failed for item [7] 'WP_ArexZero_mag_18Rnd', does not exist in DayZ!
[AirdropContainerFall] Loot Spawned [8] TWP_P8_mag_15Rnd @ <2685.688721, 292.184692, 6127.665039> ... Lifespan: Set to 120 minutes.
[AirdropContainerFall] Loot Spawned [9] TWP_RemingtonMSR @ <2683.178711, 292.071869, 6128.916016> ... Lifespan: Set to 120 minutes.
[AirdropContainerFall] Loot Spawned [10] M4A1 @ <2685.737061, 292.320129, 6128.444824> ... Lifespan: Set to 120 minutes.
[AirdropContainerFall] Loot Spawned [11] TWP_P8 @ <2683.620850, 292.143555, 6128.973145> ... Lifespan: Set to 120 minutes.
[AirdropContainerFall] Spawn failed for item [12] 'TWP_P90Shallow_Grave_mag_50Rn', does not exist in DayZ!
[AirdropContainerFall] Loot Spawned [13] TWP_USPPsychodelic @ <2687.134277, 292.391754, 6127.936035> ... Lifespan: Set to 120 minutes.
[AirdropContainerFall] Loot Spawned [14] FNX45 @ <2686.922607, 292.210510, 6127.063965> ... Lifespan: Set to 120 minutes.
[AirdropContainerFall] Loot Spawned [15] Mag_AKM_30Rnd @ <2683.008545, 291.853729, 6127.813477> ... Lifespan: Set to 120 minutes.
[AirdropContainerFall] Spawn failed for item [16] 'TWP_P90Shallow_Grave_mag_50Rn', does not exist in DayZ!
[AirdropContainerFall] Spawn failed for item [17] 'TWP_P90Shallow_Grave_mag_50Rn', does not exist in DayZ!
[AirdropContainerFall] Loot Spawned [18] TWP_USPPsychodelic @ <2681.500732, 291.728210, 6128.311035> ... Lifespan: Set to 120 minutes.
[AirdropContainerFall] Loot Spawned [19] LandMineTrap @ <2684.362305, 292.382935, 6129.822266> ... Lifespan: Set to 120 minutes.
[AirdropContainerFall] Loot Spawned [20] TWP_USPPsychodelic @ <2685.019531, 292.285828, 6128.721680> ... Lifespan: Set to 120 minutes.
[AirdropContainerUnstuck] Container was unstuck.
[~AirdropContainerBase] Container Destroyed on 2021-03-17 @ 16-00-47
