[InitializeContainer] Container created on 2021-03-07 @ 21-21-44
[InitializeContainer] Winds: Vector <9.184993, 0.000000, -3.701118>, Speed 9.90265mps, Strength 0.1
[AirdropContainerFall] Drop Type 'Military Weapons', Container: 'AirdropContainer_Military', Mode/Quantity/Iems: Random/20/18, Flare:  10%
[AirdropContainerFall] Loot Spawned [1] TWP_RemingtonMSR_mag_5Rnd @ <7359.065918, 308.375610, 7752.768555> ... Lifespan: Set to 120 minutes.
[AirdropContainerFall] Loot Spawned [2] TWP_ArexZero @ <7355.560059, 307.897919, 7752.837891> ... Lifespan: Set to 120 minutes.
[AirdropContainerFall] Spawn failed for item [3] 'WP_ArexZero_mag_18Rnd', does not exist in DayZ!
[AirdropContainerFall] Loot Spawned [4] AKM @ <7355.634766, 307.787872, 7750.178223> ... Lifespan: Set to 120 minutes.
[AirdropContainerFall] Loot Spawned [5] TWP_USPPsychodelic_mag_15Rnd @ <7354.854492, 307.768707, 7752.187500> ... Lifespan: Set to 120 minutes.
[AirdropContainerFall] Loot Spawned [6] M4A1 @ <7356.551758, 308.099731, 7754.199219> ... Lifespan: Set to 120 minutes.
[AirdropContainerFall] Loot Spawned [7] M4A1 @ <7358.937500, 308.305206, 7751.590332> ... Lifespan: Set to 120 minutes.
[AirdropContainerFall] Loot Spawned [8] TWP_P90Shallow_Grave @ <7356.898926, 308.144592, 7754.104980> ... Lifespan: Set to 120 minutes.
[AirdropContainerFall] Loot Spawned [9] TWP_P8 @ <7354.554199, 307.823700, 7754.336914> ... Lifespan: Set to 120 minutes.
[AirdropContainerFall] Loot Spawned [10] Mag_STANAG_30Rnd @ <7353.873047, 307.641052, 7752.431641> ... Lifespan: Set to 120 minutes.
[AirdropContainerFall] Loot Spawned [11] AmmoBox_762x39_20Rnd @ <7353.475586, 307.569122, 7752.084473> ... Lifespan: Set to 120 minutes.
[AirdropContainerFall] Loot Spawned [12] FNX45 @ <7356.562988, 308.049591, 7753.058105> ... Lifespan: Set to 120 minutes.
[AirdropContainerFall] Loot Spawned [13] TWP_ArexZero @ <7355.094727, 307.894684, 7754.217285> ... Lifespan: Set to 120 minutes.
[AirdropContainerFall] Spawn failed for item [14] 'WP_ArexZero_mag_18Rnd', does not exist in DayZ!
[AirdropContainerFall] Spawn failed for item [15] 'WP_ArexZero_mag_18Rnd', does not exist in DayZ!
[AirdropContainerFall] Loot Spawned [16] AKM @ <7357.853516, 308.182526, 7752.040039> ... Lifespan: Set to 120 minutes.
[AirdropContainerFall] Loot Spawned [17] TWP_RemingtonMSR @ <7355.305176, 307.747192, 7750.308594> ... Lifespan: Set to 120 minutes.
[AirdropContainerFall] Loot Spawned [18] TWP_USPPsychodelic_mag_15Rnd @ <7356.916016, 307.975983, 7750.333008> ... Lifespan: Set to 120 minutes.
[AirdropContainerFall] Loot Spawned [19] TWP_P90Shallow_Grave @ <7353.718262, 307.625946, 7752.579590> ... Lifespan: Set to 120 minutes.
[AirdropContainerFall] Loot Spawned [20] AKM @ <7353.820801, 307.557251, 7750.858398> ... Lifespan: Set to 120 minutes.
[AirdropContainerUnstuck] Container was unstuck.
[~AirdropContainerBase] Container Destroyed on 2021-03-07 @ 21-31-06
