[InitializeContainer] Container created on 2021-03-20 @ 14-49-40
[InitializeContainer] Winds: Vector <-2.028151, 0.000000, -0.020000>, Speed 2.02825mps, Strength 0.1
[AirdropContainerFall] Drop Type 'Food/Medical', Container: 'AirdropContainer_Medical', Mode/Quantity/Iems: Random/20/11, Flare:  10%
[AirdropContainerFall] Loot Spawned [1] PeachesCan @ <10703.923828, 57.897751, 14399.568359> ... Lifespan: Set to 120 minutes.
[AirdropContainerFall] Loot Spawned [2] VitaminBottle @ <10705.918945, 57.821098, 14396.335938> ... Lifespan: Set to 120 minutes.
[AirdropContainerFall] Loot Spawned [3] PeachesCan @ <10708.262695, 57.851315, 14397.874023> ... Lifespan: Set to 120 minutes.
[AirdropContainerFall] Loot Spawned [4] BakedBeansCan @ <10704.536133, 57.904316, 14399.875977> ... Lifespan: Set to 120 minutes.
[AirdropContainerFall] Loot Spawned [5] ToxicCure @ <10708.014648, 57.849163, 14397.770508> ... Lifespan: Set to 120 minutes.
[AirdropContainerFall] Loot Spawned [6] BakedBeansCan @ <10704.501953, 57.837914, 14395.708008> ... Lifespan: Set to 120 minutes.
[AirdropContainerFall] Loot Spawned [7] VitaminBottle @ <10707.077148, 57.806095, 14395.923828> ... Lifespan: Set to 120 minutes.
[AirdropContainerFall] Loot Spawned [8] PeachesCan @ <10706.374023, 57.802814, 14395.157227> ... Lifespan: Set to 120 minutes.
[AirdropContainerFall] Loot Spawned [9] TacticalBaconCan @ <10704.236328, 57.853516, 14396.924805> ... Lifespan: Set to 120 minutes.
[AirdropContainerFall] Loot Spawned [10] VitaminBottle @ <10704.658203, 57.856560, 14397.892578> ... Lifespan: Set to 120 minutes.
[AirdropContainerFall] Loot Spawned [11] SpaghettiCan @ <10703.389648, 57.857597, 14395.910156> ... Lifespan: Set to 120 minutes.
[AirdropContainerFall] Loot Spawned [12] SpaghettiCan @ <10705.570313, 57.821579, 14395.790039> ... Lifespan: Set to 120 minutes.
[AirdropContainerFall] Loot Spawned [13] BakedBeansCan @ <10707.460938, 57.888992, 14399.399414> ... Lifespan: Set to 120 minutes.
[AirdropContainerFall] Loot Spawned [14] SpaghettiCan @ <10706.302734, 57.820595, 14396.485352> ... Lifespan: Set to 120 minutes.
[AirdropContainerFall] Loot Spawned [15] SpaghettiCan @ <10703.397461, 57.877651, 14398.073242> ... Lifespan: Set to 120 minutes.
[AirdropContainerFall] Loot Spawned [16] TunaCan @ <10704.571289, 57.838329, 14395.872070> ... Lifespan: Set to 120 minutes.
[AirdropContainerFall] Loot Spawned [17] BakedBeansCan @ <10704.583984, 57.841988, 14396.286133> ... Lifespan: Set to 120 minutes.
[AirdropContainerFall] Loot Spawned [18] BakedBeansCan @ <10706.736328, 57.807823, 14395.977539> ... Lifespan: Set to 120 minutes.
[AirdropContainerFall] Loot Spawned [19] PeachesCan @ <10706.561523, 57.848705, 14397.670898> ... Lifespan: Set to 120 minutes.
[AirdropContainerFall] Loot Spawned [20] SpaghettiCan @ <10708.226563, 57.846310, 14397.664063> ... Lifespan: Set to 120 minutes.
[AirdropContainerFall] Airdrop Flare Spawned @ <10704.183594, 57.858078, 14397.324219> ... Lifespan: Set to 120 minutes.
[AirdropContainerUnstuck] Container was unstuck.
[~AirdropContainerBase] Container Destroyed on 2021-03-20 @ 15-49-40
