[InitializeContainer] Container created on 2021-02-21 @ 16-10-11
[InitializeContainer] Winds: Vector <5.368168, 0.000000, -6.548071>, Speed 8.46726mps, Strength 0.1
[AirdropContainerFall] Drop Type 'Military Weapons', Container: 'AirdropContainer', Mode/Quantity/Iems: Random/30/14, Flare:  10%
[AirdropContainerFall] Loot Spawned [1] Mag_AKM_30Rnd @ <13471.233398, 31.523472, 3187.145020> ... Lifespan: Set to 120 minutes.
[AirdropContainerFall] Loot Spawned [2] TTC_Beowulf @ <13467.791992, 31.388010, 3190.424316> ... Lifespan: Set to 120 minutes.
[AirdropContainerFall] Loot Spawned [3] Mag_AKM_30Rnd @ <13470.913086, 31.500063, 3191.469971> ... Lifespan: Set to 120 minutes.
[AirdropContainerFall] Loot Spawned [4] TTC_R700 @ <13468.334961, 31.400276, 3187.825195> ... Lifespan: Set to 120 minutes.
[AirdropContainerFall] Loot Spawned [5] AKM @ <13468.373047, 31.389925, 3190.696533> ... Lifespan: Set to 120 minutes.
[AirdropContainerFall] Loot Spawned [6] TTC_Ammo_50Beo @ <13468.548828, 31.401600, 3187.461182> ... Lifespan: Set to 120 minutes.
[AirdropContainerFall] Loot Spawned [7] TWP_BerettaPX4 @ <13467.204102, 31.404524, 3188.339355> ... Lifespan: Set to 120 minutes.
[AirdropContainerFall] Loot Spawned [8] TTC_AmmoBox_50Beo_20rnd @ <13472.183594, 31.643211, 3189.545166> ... Lifespan: Set to 120 minutes.
[AirdropContainerFall] Loot Spawned [9] TWP_BerettaPX4_mag_17Rnd @ <13468.078125, 31.390089, 3191.410645> ... Lifespan: Set to 120 minutes.
[AirdropContainerFall] Loot Spawned [10] AKM @ <13467.962891, 31.389103, 3190.901855> ... Lifespan: Set to 120 minutes.
[AirdropContainerFall] Loot Spawned [11] TTC_R700 @ <13469.142578, 31.392279, 3190.924805> ... Lifespan: Set to 120 minutes.
[AirdropContainerFall] Loot Spawned [12] TTC_Beowulf @ <13470.428711, 31.443127, 3190.417480> ... Lifespan: Set to 120 minutes.
[AirdropContainerFall] Loot Spawned [13] TTC_R700 @ <13469.115234, 31.393190, 3191.664307> ... Lifespan: Set to 120 minutes.
[AirdropContainerFall] Loot Spawned [14] TTC_Beowulf @ <13467.657227, 31.388870, 3191.338135> ... Lifespan: Set to 120 minutes.
[AirdropContainerFall] Loot Spawned [15] TTC_R700 @ <13471.183594, 31.529760, 3190.436035> ... Lifespan: Set to 120 minutes.
[AirdropContainerFall] Loot Spawned [16] TWP_BerettaPX4_mag_17Rnd @ <13470.339844, 31.432051, 3189.749023> ... Lifespan: Set to 120 minutes.
[AirdropContainerFall] Loot Spawned [17] TWP_BerettaPX4_mag_17Rnd @ <13468.611328, 31.389698, 3190.051514> ... Lifespan: Set to 120 minutes.
[AirdropContainerFall] Loot Spawned [18] TWP_BerettaPX4_mag_17Rnd @ <13470.125977, 31.408379, 3190.418213> ... Lifespan: Set to 120 minutes.
[AirdropContainerFall] Loot Spawned [19] TWP_BerettaPX4_mag_17Rnd @ <13467.645508, 31.387514, 3190.345459> ... Lifespan: Set to 120 minutes.
[AirdropContainerFall] Loot Spawned [20] Vodka @ <13469.333984, 31.390600, 3188.006104> ... Lifespan: Set to 120 minutes.
[AirdropContainerFall] Loot Spawned [21] TWP_BerettaPX4_mag_17Rnd @ <13470.107422, 31.402792, 3187.803467> ... Lifespan: Set to 120 minutes.
[AirdropContainerFall] Loot Spawned [22] BakedBeansCan @ <13470.066406, 31.401665, 3190.500488> ... Lifespan: Set to 120 minutes.
[AirdropContainerFall] Loot Spawned [23] TWP_BerettaPX4 @ <13468.090820, 31.395452, 3188.551758> ... Lifespan: Set to 120 minutes.
[AirdropContainerFall] Loot Spawned [24] TTC_Ammo_50Beo @ <13470.328125, 31.427818, 3187.598145> ... Lifespan: Set to 120 minutes.
[AirdropContainerFall] Loot Spawned [25] TTC_AmmoBox_50Beo_20rnd @ <13468.283203, 31.388300, 3189.658447> ... Lifespan: Set to 120 minutes.
[AirdropContainerFall] Loot Spawned [26] PowderedMilk @ <13467.527344, 31.409773, 3186.821045> ... Lifespan: Set to 120 minutes.
[AirdropContainerFall] Loot Spawned [27] AKM @ <13468.814453, 31.392874, 3192.026123> ... Lifespan: Set to 120 minutes.
[AirdropContainerFall] Loot Spawned [28] PowderedMilk @ <13467.791992, 31.387753, 3190.230957> ... Lifespan: Set to 120 minutes.
[AirdropContainerFall] Loot Spawned [29] Mag_AKM_30Rnd @ <13468.543945, 31.392187, 3188.513428> ... Lifespan: Set to 120 minutes.
[AirdropContainerFall] Loot Spawned [30] TWP_BerettaPX4 @ <13470.315430, 31.419058, 3186.847168> ... Lifespan: Set to 120 minutes.
[AirdropContainerUnstuck] Container was unstuck.
[~AirdropContainerBase] Container Destroyed on 2021-02-21 @ 17-11-13
