[InitializeContainer] Container created on 2021-03-04 @ 23-59-14
[InitializeContainer] Winds: Vector <5.095596, 0.000000, -6.645269>, Speed 8.37405mps, Strength 0.1
[AirdropContainerFall] Drop Type 'Military Weapons', Container: 'AirdropContainer_Military', Mode/Quantity/Iems: Random/20/18, Flare:  10%
[AirdropContainerFall] Loot Spawned [1] TWP_P8_mag_15Rnd @ <4761.730469, 339.049988, 9891.197266> ... Lifespan: Set to 120 minutes.
[AirdropContainerFall] Loot Spawned [2] AKM @ <4763.893555, 339.062256, 9895.565430> ... Lifespan: Set to 120 minutes.
[AirdropContainerFall] Loot Spawned [3] AmmoBox_762x39_20Rnd @ <4763.232910, 339.049988, 9892.106445> ... Lifespan: Set to 120 minutes.
[AirdropContainerFall] Loot Spawned [4] TWP_P8 @ <4762.475586, 339.049988, 9891.081055> ... Lifespan: Set to 120 minutes.
[AirdropContainerFall] Loot Spawned [5] Mag_STANAG_30Rnd @ <4762.030762, 339.061951, 9894.399414> ... Lifespan: Set to 120 minutes.
[AirdropContainerFall] Loot Spawned [6] LandMineTrap @ <4765.633789, 339.062958, 9895.741211> ... Lifespan: Set to 120 minutes.
[AirdropContainerFall] Loot Spawned [7] TWP_P8_mag_15Rnd @ <4764.821777, 339.054779, 9893.696289> ... Lifespan: Set to 120 minutes.
[AirdropContainerFall] Loot Spawned [8] AKM @ <4762.111816, 339.057068, 9893.369141> ... Lifespan: Set to 120 minutes.
[AirdropContainerFall] Spawn failed for item [9] 'TWP_P90Shallow_Grave_mag_50Rn', does not exist in DayZ!
[AirdropContainerFall] Loot Spawned [10] TWP_ArexZero @ <4763.099609, 339.049988, 9891.631836> ... Lifespan: Set to 120 minutes.
[AirdropContainerFall] Loot Spawned [11] AKM @ <4763.848633, 339.065369, 9896.341797> ... Lifespan: Set to 120 minutes.
[AirdropContainerFall] Loot Spawned [12] TWP_P90Shallow_Grave @ <4762.312012, 339.049988, 9891.357422> ... Lifespan: Set to 120 minutes.
[AirdropContainerFall] Loot Spawned [13] M4A1 @ <4764.791016, 339.049988, 9892.435547> ... Lifespan: Set to 120 minutes.
[AirdropContainerFall] Loot Spawned [14] TWP_RemingtonMSR_mag_5Rnd @ <4765.252441, 339.058411, 9894.602539> ... Lifespan: Set to 120 minutes.
[AirdropContainerFall] Loot Spawned [15] Mag_STANAG_30Rnd @ <4762.885254, 339.056824, 9894.207031> ... Lifespan: Set to 120 minutes.
[AirdropContainerFall] Loot Spawned [16] AmmoBox_762x39_20Rnd @ <4763.128906, 339.059174, 9894.793945> ... Lifespan: Set to 120 minutes.
[AirdropContainerFall] Loot Spawned [17] TWP_P8 @ <4764.443848, 339.064606, 9896.152344> ... Lifespan: Set to 120 minutes.
[AirdropContainerFall] Spawn failed for item [18] 'WP_ArexZero_mag_18Rnd', does not exist in DayZ!
[AirdropContainerFall] Loot Spawned [19] TWP_P8_mag_15Rnd @ <4764.519043, 339.062561, 9895.645508> ... Lifespan: Set to 120 minutes.
[AirdropContainerFall] Loot Spawned [20] FNX45 @ <4761.104004, 339.071991, 9894.748047> ... Lifespan: Set to 120 minutes.
[AirdropContainerUnstuck] Container was unstuck.
[~AirdropContainerBase] Container Destroyed on 2021-03-05 @ 00-17-55
