[AirdropPlane] Aircraft created on 2021-03-15 @ 01-32-38
[InitializeAircraft] Aircraft Initialized: Player Called @ 460.111/11131.6 (false)
[EOnBeforeDrop] The Aircraft is 1 Km from called location. @ <881.732178, 460.017609, 9692.872070>
[EOnDrop] Zombie Spawned [1] ZmbM_ConstrWorkerNormal_Black @ <474.848785, 422.220001, 11089.445313> ... Lifespan:  Set to 120 minutes.
[EOnDrop] Zombie Spawned [2] ZmbM_PatrolNormal_PautRev @ <517.393066, 421.783112, 11026.876953> ... Lifespan:  Set to 120 minutes.
[EOnDrop] Zombie Spawned [3] ZmbF_HikerSkinny_Grey @ <453.406067, 422.299988, 11054.972656> ... Lifespan:  Set to 120 minutes.
[EOnDrop] Zombie Spawned [4] Animal_CanisLupus_White @ <499.116974, 422.238983, 11054.127930> ... Lifespan:  Set to 120 minutes.
[EOnDrop] Zombie Spawned [5] ZmbM_PolicemanFat @ <467.355286, 422.299988, 11043.463867> ... Lifespan:  Set to 120 minutes.
[EOnDrop] Zombie Spawned [6] ZmbM_PatrolNormal_Summer @ <501.798798, 421.980560, 11019.873047> ... Lifespan:  Set to 120 minutes.
[EOnDrop] Zombie Spawned [7] ZmbM_FishermanOld_Grey @ <475.133911, 422.220001, 11096.633789> ... Lifespan:  Set to 120 minutes.
[EOnDrop] Zombie Spawned [8] ZmbM_PatrolNormal_PautRev @ <489.118378, 422.244598, 11064.528320> ... Lifespan:  Set to 120 minutes.
[EOnDrop] Zombie Spawned [9] Animal_CanisLupus_Grey @ <485.142365, 422.184845, 11006.211914> ... Lifespan:  Set to 120 minutes.
[EOnDrop] Zombie Spawned [10] ZmbM_HermitSkinny_Red @ <465.248383, 422.326965, 11021.350586> ... Lifespan:  Set to 120 minutes.
[EOnDrop] Zombie Spawned [11] ZmbM_HandymanNormal_Green @ <483.107910, 422.266693, 11044.778320> ... Lifespan:  Set to 120 minutes.
[EOnDrop] Zombie Spawned [12] ZmbF_MilkMaidOld_Grey @ <484.195282, 422.245575, 11034.454102> ... Lifespan:  Set to 120 minutes.
[EOnDrop] Zombie Spawned [13] ZmbF_BlueCollarFat_Red @ <489.447418, 422.259644, 11049.354492> ... Lifespan:  Set to 120 minutes.
[EOnDrop] Zombie Spawned [14] Animal_CanisLupus_Grey @ <485.001953, 422.331818, 11013.228516> ... Lifespan:  Set to 120 minutes.
[EOnDrop] Zombie Spawned [15] ZmbM_HunterOld_Winter @ <445.182068, 422.281891, 11076.844727> ... Lifespan:  Set to 120 minutes.
[EOnDrop] Zombie Spawned [16] ZmbM_FarmerFat_Brown @ <514.619690, 422.194336, 11064.593750> ... Lifespan:  Set to 120 minutes.
[EOnDrop] Zombie Spawned [17] ZmbM_SoldierNormal @ <483.246796, 422.263092, 11044.112305> ... Lifespan:  Set to 120 minutes.
[EOnDrop] Zombie Spawned [18] ZmbM_CommercialPilotOld_Brown @ <461.879120, 422.299988, 11050.494141> ... Lifespan:  Set to 120 minutes.
[EOnDrop] Zombie Spawned [19] Animal_CanisLupus_White @ <462.470947, 422.299988, 11049.460938> ... Lifespan:  Set to 120 minutes.
[EOnDrop] Zombie Spawned [20] ZmbF_BlueCollarFat_White @ <511.519562, 421.765930, 11021.865234> ... Lifespan:  Set to 120 minutes.
[EOnDrop] Zombie Spawned [21] ZmbM_Jacket_black @ <496.997559, 422.232361, 11045.714844> ... Lifespan:  Set to 120 minutes.
[EOnDrop] Zombie Spawned [22] ZmbF_BlueCollarFat_Green @ <481.343597, 422.288239, 11056.490234> ... Lifespan:  Set to 120 minutes.
[EOnDrop] Zombie Spawned [23] ZmbM_PatrolNormal_Summer @ <518.877930, 422.229980, 11053.329102> ... Lifespan:  Set to 120 minutes.
[EOnDrop] Zombie Spawned [24] ZmbF_MilkMaidOld_Black @ <504.416565, 422.231750, 11060.162109> ... Lifespan:  Set to 120 minutes.
[EOnDrop] Zombie Spawned [25] Animal_CanisLupus_Grey @ <457.398254, 422.294037, 11059.560547> ... Lifespan:  Set to 120 minutes.
[EOnDrop] Zombie Spawned [26] Animal_CanisLupus_Grey @ <473.667877, 422.556000, 11004.312500> ... Lifespan:  Set to 120 minutes.
[EOnDrop] Zombie Spawned [27] ZmbM_FishermanOld_Green @ <477.300873, 422.261597, 11038.910156> ... Lifespan:  Set to 120 minutes.
[EOnDrop] Zombie Spawned [28] ZmbM_HermitSkinny_Red @ <452.219025, 422.299988, 11051.880859> ... Lifespan:  Set to 120 minutes.
[EOnDrop] Zombie Spawned [29] ZmbM_OffshoreWorker_Green @ <465.497467, 422.308624, 11024.499023> ... Lifespan:  Set to 120 minutes.
[EOnDrop] Zombie Spawned [30] ZmbM_HandymanNormal_White @ <485.535095, 422.247375, 11033.556641> ... Lifespan:  Set to 120 minutes.
[EOnDrop] Zombie Spawned [31] ZmbM_PatrolNormal_PautRev @ <472.773010, 422.220825, 11084.389648> ... Lifespan:  Set to 120 minutes.
[EOnDrop] Zombie Spawned [32] ZmbF_JournalistNormal_Green @ <479.959106, 422.296906, 11055.470703> ... Lifespan:  Set to 120 minutes.
[EOnDrop] Zombie Spawned [33] ZmbM_PatrolNormal_Autumn @ <480.369659, 422.290161, 11056.401367> ... Lifespan:  Set to 120 minutes.
[EOnDrop] Zombie Spawned [34] ZmbM_Jacket_black @ <493.668823, 422.245117, 11050.495117> ... Lifespan:  Set to 120 minutes.
[EOnDrop] Zombie Spawned [35] ZmbM_OffshoreWorker_Yellow @ <465.802155, 422.229187, 11084.814453> ... Lifespan:  Set to 120 minutes.
[EOnDrop] Zombie Spawned [36] Animal_CanisLupus_White @ <451.860962, 422.263397, 11074.792969> ... Lifespan:  Set to 120 minutes.
[EOnDrop] Zombie Spawned [37] ZmbF_ShortSkirt_grey @ <478.780457, 422.220001, 11097.374023> ... Lifespan:  Set to 120 minutes.
[EOnDrop] Zombie Spawned [38] ZmbM_PatrolNormal_Autumn @ <464.548065, 422.229736, 11085.653320> ... Lifespan:  Set to 120 minutes.
[EOnDrop] Zombie Spawned [39] ZmbM_HermitSkinny_Red @ <473.213135, 422.284454, 11057.916016> ... Lifespan:  Set to 120 minutes.
[EOnDrop] Zombie Spawned [40] ZmbM_OffshoreWorker_Orange @ <437.696228, 422.299988, 11070.970703> ... Lifespan:  Set to 120 minutes.
[EOnDrop] Drop spawned with 40 infected at <483.549896, 564.753662, 11051.918945>.
[EOnDrop] Supplies have been dropped near the player's location.
[EOnBeforeDelete] Aircraft despawned @ <-1000.176697, 611.878540, 16115.942383>
[~AirdropPlane] Aircraft destroyed.
