[AirdropPlane] Aircraft created on 2021-04-09 @ 01-06-27
[InitializeAircraft] Aircraft Initialized: Stary Sobor @ 5823/7764 (true)
[EOnBeforeDrop] The Aircraft is 1 Km from Stary Sobor. @ <7215.729980, 498.810730, 8319.354492>
[EOnDrop] Zombie Spawned [1] ZmbM_FarmerFat_Beige @ <5880.539551, 312.071503, 7765.048340> ... Lifespan:  Set to 120 minutes.
[EOnDrop] Zombie Spawned [2] ZmbF_SurvivorNormal_Red @ <5912.856934, 308.623260, 7793.425781> ... Lifespan:  Set to 120 minutes.
[EOnDrop] Zombie Spawned [3] ZmbM_HermitSkinny_Red @ <5863.467773, 313.240601, 7778.083008> ... Lifespan:  Set to 120 minutes.
[EOnDrop] Zombie Spawned [4] ZmbM_VillagerOld_Green @ <5882.700684, 311.472748, 7783.409668> ... Lifespan:  Set to 120 minutes.
[EOnDrop] Zombie Spawned [5] ZmbM_MotobikerFat_Beige @ <5912.639648, 306.490265, 7819.018066> ... Lifespan:  Set to 120 minutes.
[EOnDrop] Zombie Spawned [6] ZmbF_MilkMaidOld_Grey @ <5908.624023, 309.840179, 7779.156738> ... Lifespan:  Set to 120 minutes.
[EOnDrop] Zombie Spawned [7] ZmbM_HunterOld_Winter @ <5946.788574, 305.142120, 7799.829590> ... Lifespan:  Set to 120 minutes.
[EOnDrop] Zombie Spawned [8] ZmbF_HikerSkinny_Grey @ <5920.336426, 307.594025, 7794.741699> ... Lifespan:  Set to 120 minutes.
[EOnDrop] Zombie Spawned [9] ZmbF_MilkMaidOld_Beige @ <5889.619141, 309.987366, 7809.262207> ... Lifespan:  Set to 120 minutes.
[EOnDrop] Zombie Spawned [10] ZmbM_MotobikerFat_Blue @ <5887.775391, 311.105743, 7764.077148> ... Lifespan:  Set to 120 minutes.
[EOnDrop] Spawn failed for zombie [11] 'ZmbM_SurvivorDean_Grey', it does not exist in DayZ!
[EOnDrop] Zombie Spawned [12] ZmbF_SurvivorNormal_White @ <5946.534180, 304.757263, 7806.626953> ... Lifespan:  Set to 120 minutes.
[EOnDrop] Zombie Spawned [13] ZmbF_HikerSkinny_Green @ <5913.051270, 306.951508, 7810.715332> ... Lifespan:  Set to 120 minutes.
[EOnDrop] Zombie Spawned [14] ZmbM_VillagerOld_White @ <5913.547852, 307.773376, 7801.882813> ... Lifespan:  Set to 120 minutes.
[EOnDrop] Zombie Spawned [15] ZmbM_HikerSkinny_Green @ <5939.061523, 305.123840, 7762.734375> ... Lifespan:  Set to 120 minutes.
[EOnDrop] Zombie Spawned [16] ZmbF_HikerSkinny_Grey @ <5938.751953, 306.138397, 7786.548340> ... Lifespan:  Set to 120 minutes.
[EOnDrop] Zombie Spawned [17] ZmbM_HikerSkinny_Blue @ <5915.235352, 306.931000, 7808.033203> ... Lifespan:  Set to 120 minutes.
[EOnDrop] Zombie Spawned [18] ZmbM_MotobikerFat_Beige @ <5880.503906, 311.623718, 7787.675293> ... Lifespan:  Set to 120 minutes.
[EOnDrop] Zombie Spawned [19] ZmbM_priestPopSkinny @ <5938.466797, 305.998535, 7789.916016> ... Lifespan:  Set to 120 minutes.
[EOnDrop] Zombie Spawned [20] ZmbF_SurvivorNormal_White @ <5880.631836, 311.770691, 7779.768555> ... Lifespan:  Set to 120 minutes.
[EOnDrop] Zombie Spawned [21] ZmbM_HermitSkinny_Beige @ <5886.013184, 310.761749, 7799.712402> ... Lifespan:  Set to 120 minutes.
[EOnDrop] Zombie Spawned [22] ZmbM_HermitSkinny_Red @ <5889.665527, 310.789337, 7781.482910> ... Lifespan:  Set to 120 minutes.
[EOnDrop] Zombie Spawned [23] ZmbM_VillagerOld_Green @ <5933.869629, 304.100647, 7821.291016> ... Lifespan:  Set to 120 minutes.
[EOnDrop] Zombie Spawned [24] ZmbM_HunterOld_Winter @ <5905.011719, 307.619659, 7815.505371> ... Lifespan:  Set to 120 minutes.
[EOnDrop] Zombie Spawned [25] ZmbF_MilkMaidOld_Black @ <5925.510742, 307.012421, 7794.264160> ... Lifespan:  Set to 120 minutes.
[EOnDrop] Zombie Spawned [26] ZmbF_MilkMaidOld_Green @ <5883.854492, 311.416718, 7779.615723> ... Lifespan:  Set to 120 minutes.
[EOnDrop] Zombie Spawned [27] ZmbM_HermitSkinny_Red @ <5914.430176, 306.053833, 7831.480469> ... Lifespan:  Set to 120 minutes.
[EOnDrop] Zombie Spawned [28] ZmbM_VillagerOld_Green @ <5894.696777, 310.497803, 7775.750000> ... Lifespan:  Set to 120 minutes.
[EOnDrop] Zombie Spawned [29] ZmbM_HermitSkinny_Black @ <5873.040527, 312.328796, 7784.799316> ... Lifespan:  Set to 120 minutes.
[EOnDrop] Zombie Spawned [30] ZmbF_VillagerOld_White @ <5952.518555, 303.859039, 7806.859375> ... Lifespan:  Set to 120 minutes.
[EOnDrop] Zombie Spawned [31] ZmbM_VillagerOld_Green @ <5927.729004, 306.246490, 7800.676270> ... Lifespan:  Set to 120 minutes.
[EOnDrop] Zombie Spawned [32] ZmbM_HikerSkinny_Yellow @ <5890.297363, 310.609833, 7789.164063> ... Lifespan:  Set to 120 minutes.
[EOnDrop] Spawn failed for zombie [33] 'ZmbM_SurvivorDean_Blue', it does not exist in DayZ!
[EOnDrop] Zombie Spawned [34] ZmbF_SurvivorNormal_Orange @ <5920.733398, 308.278503, 7785.904785> ... Lifespan:  Set to 120 minutes.
[EOnDrop] Zombie Spawned [35] ZmbF_MilkMaidOld_Beige @ <5926.635742, 306.784729, 7758.449707> ... Lifespan:  Set to 120 minutes.
[EOnDrop] Zombie Spawned [36] ZmbF_VillagerOld_Red @ <5893.897949, 309.278107, 7813.635742> ... Lifespan:  Set to 120 minutes.
[EOnDrop] Zombie Spawned [37] ZmbF_SurvivorNormal_White @ <5931.742676, 305.724976, 7803.171387> ... Lifespan:  Set to 120 minutes.
[EOnDrop] Zombie Spawned [38] ZmbM_HermitSkinny_Beige @ <5920.214844, 307.337189, 7797.466309> ... Lifespan:  Set to 120 minutes.
[EOnDrop] Spawn failed for zombie [39] 'ZmbM_SurvivorDean_Black', it does not exist in DayZ!
[EOnDrop] Zombie Spawned [40] ZmbM_HunterOld_Winter @ <5937.967285, 303.993164, 7828.420898> ... Lifespan:  Set to 120 minutes.
[EOnDrop] Drop spawned with 40 infected at <5906.140625, 448.313293, 7796.360352>.
[EOnDrop] Supplies have been dropped near Stary Sobor.
[EOnBeforeDelete] Aircraft despawned @ <-1000.246826, 310.758270, 5038.755371>
[~AirdropPlane] Aircraft destroyed.
