[InitializeContainer] Container created on 2021-01-22 @ 16-07-58
[InitializeContainer] Winds: Vector <-1.470210, 0.000000, -5.569916>, Speed 5.76068mps, Strength 0.1
[AirdropContainerFall] Drop Type 'Food/Medical', Container: 'AirdropContainer_Medical', Mode/Quantity/Iems: Random/20/11, Flare:  10%
[AirdropContainerFall] Loot Spawned [1] BakedBeansCan @ <13523.426758, 32.727882, 3144.680420> ... Lifespan: Set to 120 minutes.
[AirdropContainerFall] Loot Spawned [2] Marmalade @ <13522.587891, 31.994822, 3142.488525> ... Lifespan: Set to 120 minutes.
[AirdropContainerFall] Loot Spawned [3] TacticalBaconCan @ <13525.083008, 32.528015, 3141.477783> ... Lifespan: Set to 120 minutes.
[AirdropContainerFall] Loot Spawned [4] BakedBeansCan @ <13523.402344, 32.803246, 3145.064697> ... Lifespan: Set to 120 minutes.
[AirdropContainerFall] Loot Spawned [5] TacticalBaconCan @ <13521.981445, 31.937683, 3143.169189> ... Lifespan: Set to 120 minutes.
[AirdropContainerFall] Loot Spawned [6] SpaghettiCan @ <13523.961914, 32.069962, 3140.998047> ... Lifespan: Set to 120 minutes.
[AirdropContainerFall] Loot Spawned [7] TacticalBaconCan @ <13524.952148, 32.861740, 3143.115723> ... Lifespan: Set to 120 minutes.
[AirdropContainerFall] Loot Spawned [8] TunaCan @ <13524.935547, 33.375847, 3145.519531> ... Lifespan: Set to 120 minutes.
[AirdropContainerFall] Loot Spawned [9] PowderedMilk @ <13522.816406, 31.816813, 3141.251221> ... Lifespan: Set to 120 minutes.
[AirdropContainerFall] Loot Spawned [10] Pot @ <13524.427734, 32.531528, 3142.352051> ... Lifespan: Set to 120 minutes.
[AirdropContainerFall] Loot Spawned [11] Pot @ <13524.365234, 33.238121, 3145.698730> ... Lifespan: Set to 120 minutes.
[AirdropContainerFall] Loot Spawned [12] Canteen @ <13525.375977, 33.201542, 3144.081787> ... Lifespan: Set to 120 minutes.
[AirdropContainerFall] Loot Spawned [13] SpaghettiCan @ <13522.176758, 31.698679, 3141.550293> ... Lifespan: Set to 120 minutes.
[AirdropContainerFall] Loot Spawned [14] BakedBeansCan @ <13523.624023, 32.888329, 3145.139893> ... Lifespan: Set to 120 minutes.
[AirdropContainerFall] Loot Spawned [15] Pot @ <13523.556641, 32.022453, 3141.309814> ... Lifespan: Set to 120 minutes.
[AirdropContainerFall] Loot Spawned [16] PowderedMilk @ <13525.681641, 33.303596, 3144.116455> ... Lifespan: Set to 120 minutes.
[AirdropContainerFall] Loot Spawned [17] PowderedMilk @ <13523.805664, 32.975403, 3145.283447> ... Lifespan: Set to 120 minutes.
[AirdropContainerFall] Loot Spawned [18] Canteen @ <13524.660156, 33.168343, 3144.953369> ... Lifespan: Set to 120 minutes.
[AirdropContainerFall] Loot Spawned [19] VitaminBottle @ <13525.033203, 32.956997, 3143.440186> ... Lifespan: Set to 120 minutes.
[AirdropContainerFall] Loot Spawned [20] Marmalade @ <13521.743164, 31.703403, 3142.226074> ... Lifespan: Set to 120 minutes.
[AirdropContainerUnstuck] Container was unstuck.
[~AirdropContainerBase] Container Destroyed on 2021-01-22 @ 17-01-35
