[InitializeContainer] Container created on 2021-02-15 @ 03-19-55
[InitializeContainer] Winds: Vector <10.890453, 0.000000, 6.030877>, Speed 12.4488mps, Strength 0.1
[AirdropContainerFall] Drop Type 'Food/Medical', Container: 'AirdropContainer_Medical', Mode/Quantity/Iems: Random/20/11, Flare:  10%
[AirdropContainerFall] Loot Spawned [1] BakedBeansCan @ <2786.304199, 309.567596, 6233.170410> ... Lifespan: Set to 120 minutes.
[AirdropContainerFall] Loot Spawned [2] VitaminBottle @ <2783.106689, 310.107086, 6237.298828> ... Lifespan: Set to 120 minutes.
[AirdropContainerFall] Loot Spawned [3] TacticalBaconCan @ <2782.636963, 309.739044, 6234.482422> ... Lifespan: Set to 120 minutes.
[AirdropContainerFall] Loot Spawned [4] TacticalBaconCan @ <2785.545410, 309.924286, 6235.899902> ... Lifespan: Set to 120 minutes.
[AirdropContainerFall] Loot Spawned [5] Canteen @ <2781.881104, 310.004120, 6236.523438> ... Lifespan: Set to 120 minutes.
[AirdropContainerFall] Loot Spawned [6] SpaghettiCan @ <2786.364502, 309.974213, 6236.295410> ... Lifespan: Set to 120 minutes.
[AirdropContainerFall] Loot Spawned [7] Marmalade @ <2783.538086, 310.116547, 6237.371094> ... Lifespan: Set to 120 minutes.
[AirdropContainerFall] Loot Spawned [8] BoxCerealCrunchin @ <2785.911621, 309.801544, 6234.960449> ... Lifespan: Set to 120 minutes.
[AirdropContainerFall] Loot Spawned [9] SpaghettiCan @ <2784.721680, 310.040985, 6236.792969> ... Lifespan: Set to 120 minutes.
[AirdropContainerFall] Loot Spawned [10] Canteen @ <2785.421875, 309.799561, 6234.945313> ... Lifespan: Set to 120 minutes.
[AirdropContainerFall] Loot Spawned [11] Marmalade @ <2784.423340, 309.725708, 6234.380371> ... Lifespan: Set to 120 minutes.
[AirdropContainerFall] Loot Spawned [12] Marmalade @ <2783.458008, 310.218353, 6238.150391> ... Lifespan: Set to 120 minutes.
[AirdropContainerFall] Loot Spawned [13] VitaminBottle @ <2786.121094, 309.907532, 6235.771973> ... Lifespan: Set to 120 minutes.
[AirdropContainerFall] Loot Spawned [14] TacticalBaconCan @ <2782.805176, 309.742554, 6234.509277> ... Lifespan: Set to 120 minutes.
[AirdropContainerFall] Loot Spawned [15] ToxicCure @ <2786.786621, 309.801971, 6234.963867> ... Lifespan: Set to 120 minutes.
[AirdropContainerFall] Loot Spawned [16] Canteen @ <2786.149902, 309.737793, 6234.472656> ... Lifespan: Set to 120 minutes.
[AirdropContainerFall] Loot Spawned [17] Marmalade @ <2783.040771, 309.987762, 6236.385742> ... Lifespan: Set to 120 minutes.
[AirdropContainerFall] Loot Spawned [18] SpaghettiCan @ <2785.489258, 309.982666, 6236.346680> ... Lifespan: Set to 120 minutes.
[AirdropContainerFall] Loot Spawned [19] BoxCerealCrunchin @ <2785.336670, 309.706146, 6234.230469> ... Lifespan: Set to 120 minutes.
[AirdropContainerFall] Loot Spawned [20] Marmalade @ <2785.022949, 309.626648, 6233.622070> ... Lifespan: Set to 120 minutes.
[AirdropContainerUnstuck] Container was unstuck.
[~AirdropContainerBase] Container Destroyed on 2021-02-15 @ 04-20-15
