[InitializeContainer] Container created on 2021-02-09 @ 16-11-03
[InitializeContainer] Winds: Vector <9.339639, 0.000000, -3.498265>, Speed 9.9733mps, Strength 0.1
[AirdropContainerFall] Drop Type 'Military Weapons', Container: 'AirdropContainer_Military', Mode/Quantity/Iems: Random/20/18, Flare:  10%
[AirdropContainerFall] Loot Spawned [1] CombatBoots_Grey @ <11485.731445, 123.983452, 8853.330078> ... Lifespan: Set to 120 minutes.
[AirdropContainerFall] Loot Spawned [2] AKM @ <11484.685547, 123.924072, 8854.449219> ... Lifespan: Set to 120 minutes.
[AirdropContainerFall] Loot Spawned [3] Mag_AKM_30Rnd @ <11480.974609, 124.276848, 8855.167969> ... Lifespan: Set to 120 minutes.
[AirdropContainerFall] Loot Spawned [4] CombatBoots_Grey @ <11482.802734, 124.297096, 8853.836914> ... Lifespan: Set to 120 minutes.
[AirdropContainerFall] Loot Spawned [5] MilitaryBoots_Redpunk @ <11482.213867, 124.267319, 8854.415039> ... Lifespan: Set to 120 minutes.
[AirdropContainerFall] Loot Spawned [6] Mosin9130 @ <11484.722656, 123.929359, 8854.392578> ... Lifespan: Set to 120 minutes.
[AirdropContainerFall] Loot Spawned [7] TacticalBaconCan @ <11484.048828, 123.510773, 8857.251953> ... Lifespan: Set to 120 minutes.
[AirdropContainerFall] Loot Spawned [8] Mosin9130 @ <11484.785156, 124.302231, 8852.302734> ... Lifespan: Set to 120 minutes.
[AirdropContainerFall] Loot Spawned [9] TTSKOPants @ <11483.140625, 123.592667, 8857.462891> ... Lifespan: Set to 120 minutes.
[AirdropContainerFall] Loot Spawned [10] Mag_AKM_30Rnd @ <11485.548828, 124.041664, 8853.149414> ... Lifespan: Set to 120 minutes.
[AirdropContainerFall] Loot Spawned [11] Mag_STANAG_30Rnd @ <11484.072266, 124.250114, 8853.129883> ... Lifespan: Set to 120 minutes.
[AirdropContainerFall] Spawn failed for item [12] 'PlateCarrierComplete', does not exist in DayZ!
[AirdropContainerFall] Loot Spawned [13] Mosin9130 @ <11482.791992, 123.975052, 8855.607422> ... Lifespan: Set to 120 minutes.
[AirdropContainerFall] Loot Spawned [14] TTSKOPants @ <11483.232422, 123.774513, 8856.371094> ... Lifespan: Set to 120 minutes.
[AirdropContainerFall] Loot Spawned [15] AmmoBox_762x39_20Rnd @ <11485.351563, 123.628067, 8855.606445> ... Lifespan: Set to 120 minutes.
[AirdropContainerFall] Loot Spawned [16] LandMineTrap @ <11482.180664, 124.213371, 8854.731445> ... Lifespan: Set to 120 minutes.
[AirdropContainerFall] Loot Spawned [17] Mosin_Bayonet @ <11483.122070, 123.953941, 8855.472656> ... Lifespan: Set to 120 minutes.
[AirdropContainerFall] Loot Spawned [18] LargeTent @ <11481.810547, 124.032990, 8855.959961> ... Lifespan: Set to 120 minutes.
[AirdropContainerFall] Loot Spawned [19] Izh18 @ <11485.156250, 124.088600, 8853.191406> ... Lifespan: Set to 120 minutes.
[AirdropContainerFall] Loot Spawned [20] Mosin_Compensator @ <11484.700195, 123.742867, 8855.435547> ... Lifespan: Set to 120 minutes.
[AirdropContainerUnstuck] Container was unstuck.
[~AirdropContainerBase] Container Destroyed on 2021-02-09 @ 17-12-22
