[AirdropPlane] Aircraft created on 2021-03-08 @ 07-25-16
[InitializeAircraft] Aircraft Initialized: Berezino @ 11464/8908 (true)
[EOnBeforeDrop] The Aircraft is 1 Km from Berezino. @ <12205.410156, 315.516357, 7606.183594>
[EOnDrop] Zombie Spawned [1] ZmbF_ParamedicNormal_Green @ <11484.761719, 132.409744, 8810.192383> ... Lifespan:  Set to 120 minutes.
[EOnDrop] Zombie Spawned [2] ZmbF_SkaterYoung_Violet @ <11471.184570, 124.128685, 8863.978516> ... Lifespan:  Set to 120 minutes.
[EOnDrop] Zombie Spawned [3] ZmbF_ParamedicNormal_Blue @ <11509.110352, 128.114624, 8813.995117> ... Lifespan:  Set to 120 minutes.
[EOnDrop] Zombie Spawned [4] ZmbM_JoggerSkinny_Red @ <11535.387695, 113.363022, 8866.359375> ... Lifespan:  Set to 120 minutes.
[EOnDrop] Zombie Spawned [5] ZmbF_ShortSkirt_grey @ <11486.278320, 130.829071, 8817.176758> ... Lifespan:  Set to 120 minutes.
[EOnDrop] Zombie Spawned [6] ZmbM_CommercialPilotOld_Olive @ <11494.411133, 119.700920, 8870.148438> ... Lifespan:  Set to 120 minutes.
[EOnDrop] Zombie Spawned [7] ZmbF_SkaterYoung_Striped @ <11502.078125, 123.333832, 8845.701172> ... Lifespan:  Set to 120 minutes.
[EOnDrop] Zombie Spawned [8] ZmbM_PrisonerSkinny @ <11477.026367, 128.589783, 8837.550781> ... Lifespan:  Set to 120 minutes.
[EOnDrop] Zombie Spawned [9] ZmbM_SkaterYoung_Blue @ <11503.131836, 123.117012, 8845.990234> ... Lifespan:  Set to 120 minutes.
[EOnDrop] Zombie Spawned [10] ZmbF_ShortSkirt_stripes @ <11540.304688, 116.722244, 8841.151367> ... Lifespan:  Set to 120 minutes.
[EOnDrop] Zombie Spawned [11] ZmbM_JoggerSkinny_Green @ <11512.895508, 128.159836, 8811.248047> ... Lifespan:  Set to 120 minutes.
[EOnDrop] Zombie Spawned [12] ZmbF_Clerk_Normal_Green @ <11508.440430, 123.402252, 8838.875000> ... Lifespan:  Set to 120 minutes.
[EOnDrop] Zombie Spawned [13] ZmbM_Jacket_grey @ <11527.906250, 115.616058, 8862.235352> ... Lifespan:  Set to 120 minutes.
[EOnDrop] Zombie Spawned [14] ZmbF_JoggerSkinny_Brown @ <11519.356445, 120.933632, 8841.823242> ... Lifespan:  Set to 120 minutes.
[EOnDrop] Zombie Spawned [15] ZmbF_SkaterYoung_Violet @ <11516.750977, 128.349350, 8807.992188> ... Lifespan:  Set to 120 minutes.
[EOnDrop] Zombie Spawned [16] ZmbM_SkaterYoung_Green @ <11498.116211, 123.545761, 8848.232422> ... Lifespan:  Set to 120 minutes.
[EOnDrop] Zombie Spawned [17] ZmbF_ShortSkirt_stripes @ <11464.128906, 126.382187, 8856.260742> ... Lifespan:  Set to 120 minutes.
[EOnDrop] Zombie Spawned [18] ZmbM_ParamedicNormal_Blue @ <11487.075195, 128.337708, 8830.255859> ... Lifespan:  Set to 120 minutes.
[EOnDrop] Zombie Spawned [19] ZmbM_PatrolNormal_Autumn @ <11507.423828, 122.887924, 8843.050781> ... Lifespan:  Set to 120 minutes.
[EOnDrop] Zombie Spawned [20] ZmbF_ShortSkirt_grey @ <11497.852539, 125.801735, 8834.940430> ... Lifespan:  Set to 120 minutes.
[EOnDrop] Zombie Spawned [21] ZmbF_ShortSkirt_red @ <11469.388672, 131.961761, 8826.427734> ... Lifespan:  Set to 120 minutes.
[EOnDrop] Zombie Spawned [22] ZmbM_CitizenASkinny_Grey @ <11524.573242, 114.176109, 8874.660156> ... Lifespan:  Set to 120 minutes.
[EOnDrop] Zombie Spawned [23] ZmbM_Jacket_beige @ <11485.190430, 130.064697, 8822.452148> ... Lifespan:  Set to 120 minutes.
[EOnDrop] Zombie Spawned [24] ZmbF_ParamedicNormal_Blue @ <11517.149414, 119.697380, 8851.509766> ... Lifespan:  Set to 120 minutes.
[EOnDrop] Zombie Spawned [25] ZmbM_CitizenASkinny_Brown @ <11486.573242, 133.421677, 8803.155273> ... Lifespan:  Set to 120 minutes.
[EOnDrop] Zombie Spawned [26] ZmbM_ParamedicNormal_Blue @ <11476.025391, 117.872833, 8877.244141> ... Lifespan:  Set to 120 minutes.
[EOnDrop] Zombie Spawned [27] ZmbM_PolicemanFat @ <11490.723633, 131.374420, 8809.708984> ... Lifespan:  Set to 120 minutes.
[EOnDrop] Zombie Spawned [28] ZmbM_Jacket_stripes @ <11520.261719, 120.022850, 8846.126953> ... Lifespan:  Set to 120 minutes.
[EOnDrop] Zombie Spawned [29] ZmbF_ShortSkirt_white @ <11486.098633, 125.854477, 8845.097656> ... Lifespan:  Set to 120 minutes.
[EOnDrop] Zombie Spawned [30] ZmbF_CitizenBSkinny @ <11509.321289, 115.138809, 8886.004883> ... Lifespan:  Set to 120 minutes.
[EOnDrop] Zombie Spawned [31] ZmbF_JoggerSkinny_Green @ <11530.187500, 117.444427, 8849.095703> ... Lifespan:  Set to 120 minutes.
[EOnDrop] Zombie Spawned [32] ZmbM_Jacket_brown @ <11511.335938, 123.462486, 8835.467773> ... Lifespan:  Set to 120 minutes.
[EOnDrop] Zombie Spawned [33] ZmbM_CitizenASkinny_Grey @ <11479.604492, 128.870728, 8833.998047> ... Lifespan:  Set to 120 minutes.
[EOnDrop] Zombie Spawned [34] ZmbF_NurseFat @ <11518.756836, 117.740036, 8860.902344> ... Lifespan:  Set to 120 minutes.
[EOnDrop] Spawn failed for zombie [35] 'ZmbM_JacketNormal_greenchecks', it does not exist in DayZ!
[EOnDrop] Zombie Spawned [36] ZmbM_CommercialPilotOld_Olive @ <11519.311523, 119.710655, 8849.018555> ... Lifespan:  Set to 120 minutes.
[EOnDrop] Zombie Spawned [37] ZmbF_JoggerSkinny_Blue @ <11514.049805, 125.604156, 8821.460938> ... Lifespan:  Set to 120 minutes.
[EOnDrop] Zombie Spawned [38] ZmbM_Jacket_blue @ <11486.748047, 125.444801, 8846.861328> ... Lifespan:  Set to 120 minutes.
[EOnDrop] Zombie Spawned [39] ZmbM_PolicemanFat @ <11480.244141, 123.979065, 8859.612305> ... Lifespan:  Set to 120 minutes.
[EOnDrop] Zombie Spawned [40] ZmbM_PatrolNormal_Summer @ <11512.993164, 119.271385, 8858.593750> ... Lifespan:  Set to 120 minutes.
[EOnDrop] Drop spawned with 40 infected at <11503.427734, 279.106201, 8838.053711>.
[EOnDrop] Supplies have been dropped near Berezino.
[EOnBeforeDelete] Aircraft despawned @ <7216.082031, 522.866272, 16360.635742>
[~AirdropPlane] Aircraft destroyed.
