[AirdropPlane] Aircraft created on 2021-03-28 @ 09-13-48
[InitializeAircraft] Aircraft Initialized: Stary Sobor @ 5823/7764 (true)
[EOnBeforeDrop] The Aircraft is 1 Km from Stary Sobor. @ <6437.082031, 488.461670, 6396.856445>
[EOnDrop] Zombie Spawned [1] ZmbM_HunterOld_Autumn @ <5828.014648, 319.144684, 7688.894531> ... Lifespan:  Set to 120 minutes.
[EOnDrop] Zombie Spawned [2] ZmbM_FarmerFat_Brown @ <5852.418945, 317.603485, 7682.347656> ... Lifespan:  Set to 120 minutes.
[EOnDrop] Zombie Spawned [3] ZmbF_SurvivorNormal_White @ <5875.545410, 315.507843, 7712.568359> ... Lifespan:  Set to 120 minutes.
[EOnDrop] Zombie Spawned [4] ZmbF_VillagerOld_Green @ <5878.670898, 317.054260, 7663.617188> ... Lifespan:  Set to 120 minutes.
[EOnDrop] Spawn failed for zombie [5] 'ZmbM_SurvivorDean_Black', it does not exist in DayZ!
[EOnDrop] Zombie Spawned [6] ZmbM_HermitSkinny_Black @ <5886.266113, 316.214355, 7686.572754> ... Lifespan:  Set to 120 minutes.
[EOnDrop] Zombie Spawned [7] ZmbF_MilkMaidOld_Beige @ <5871.709961, 316.559448, 7697.242188> ... Lifespan:  Set to 120 minutes.
[EOnDrop] Zombie Spawned [8] ZmbM_HunterOld_Autumn @ <5823.574219, 319.390076, 7699.599121> ... Lifespan:  Set to 120 minutes.
[EOnDrop] Zombie Spawned [9] ZmbF_HikerSkinny_Red @ <5830.117676, 318.962433, 7683.451172> ... Lifespan:  Set to 120 minutes.
[EOnDrop] Zombie Spawned [10] ZmbM_HermitSkinny_Red @ <5827.357910, 319.197296, 7692.327148> ... Lifespan:  Set to 120 minutes.
[EOnDrop] Zombie Spawned [11] ZmbF_SurvivorNormal_Orange @ <5816.314453, 319.655365, 7680.476563> ... Lifespan:  Set to 120 minutes.
[EOnDrop] Spawn failed for zombie [12] 'ZmbM_SurvivorDean_Black', it does not exist in DayZ!
[EOnDrop] Zombie Spawned [13] ZmbM_HunterOld_Summer @ <5855.109863, 317.536255, 7652.082520> ... Lifespan:  Set to 120 minutes.
[EOnDrop] Zombie Spawned [14] ZmbM_HermitSkinny_Green @ <5867.755859, 316.950958, 7678.654297> ... Lifespan:  Set to 120 minutes.
[EOnDrop] Zombie Spawned [15] ZmbM_MotobikerFat_Black @ <5884.833984, 316.925659, 7670.778320> ... Lifespan:  Set to 120 minutes.
[EOnDrop] Zombie Spawned [16] ZmbM_FarmerFat_Beige @ <5839.316406, 318.145721, 7662.713867> ... Lifespan:  Set to 120 minutes.
[EOnDrop] Zombie Spawned [17] ZmbF_MilkMaidOld_Black @ <5836.961426, 318.275269, 7664.146973> ... Lifespan:  Set to 120 minutes.
[EOnDrop] Zombie Spawned [18] ZmbM_VillagerOld_Green @ <5861.672363, 317.125793, 7692.097656> ... Lifespan:  Set to 120 minutes.
[EOnDrop] Zombie Spawned [19] ZmbM_HunterOld_Spring @ <5881.450684, 313.849457, 7721.085449> ... Lifespan:  Set to 120 minutes.
[EOnDrop] Zombie Spawned [20] ZmbM_MotobikerFat_Black @ <5877.700684, 316.659454, 7683.607910> ... Lifespan:  Set to 120 minutes.
[EOnDrop] Zombie Spawned [21] ZmbM_HunterOld_Winter @ <5866.149414, 317.658173, 7641.003418> ... Lifespan:  Set to 120 minutes.
[EOnDrop] Zombie Spawned [22] ZmbM_HermitSkinny_Beige @ <5848.710449, 317.730408, 7670.003906> ... Lifespan:  Set to 120 minutes.
[EOnDrop] Zombie Spawned [23] ZmbM_HermitSkinny_Green @ <5882.558105, 316.843018, 7673.616211> ... Lifespan:  Set to 120 minutes.
[EOnDrop] Zombie Spawned [24] ZmbM_HunterOld_Autumn @ <5893.624512, 317.569183, 7654.570801> ... Lifespan:  Set to 120 minutes.
[EOnDrop] Zombie Spawned [25] ZmbF_MilkMaidOld_Black @ <5848.265137, 317.829926, 7680.443359> ... Lifespan:  Set to 120 minutes.
[EOnDrop] Zombie Spawned [26] ZmbM_FarmerFat_Beige @ <5870.291016, 317.322754, 7653.228516> ... Lifespan:  Set to 120 minutes.
[EOnDrop] Zombie Spawned [27] ZmbF_SurvivorNormal_Blue @ <5823.416016, 318.925598, 7665.184570> ... Lifespan:  Set to 120 minutes.
[EOnDrop] Zombie Spawned [28] ZmbM_HunterOld_Summer @ <5833.870605, 318.653809, 7677.346680> ... Lifespan:  Set to 120 minutes.
[EOnDrop] Zombie Spawned [29] ZmbF_MilkMaidOld_Beige @ <5854.785156, 317.464813, 7678.696289> ... Lifespan:  Set to 120 minutes.
[EOnDrop] Zombie Spawned [30] ZmbF_HikerSkinny_Green @ <5825.620117, 318.768372, 7662.855469> ... Lifespan:  Set to 120 minutes.
[EOnDrop] Zombie Spawned [31] ZmbF_HikerSkinny_Grey @ <5829.172363, 318.318268, 7649.498535> ... Lifespan:  Set to 120 minutes.
[EOnDrop] Zombie Spawned [32] ZmbF_HikerSkinny_Grey @ <5881.256836, 314.871033, 7709.978516> ... Lifespan:  Set to 120 minutes.
[EOnDrop] Zombie Spawned [33] ZmbF_VillagerOld_Green @ <5868.889648, 317.302490, 7654.133789> ... Lifespan:  Set to 120 minutes.
[EOnDrop] Zombie Spawned [34] ZmbM_FarmerFat_Brown @ <5839.242188, 318.380920, 7680.454590> ... Lifespan:  Set to 120 minutes.
[EOnDrop] Zombie Spawned [35] ZmbM_HunterOld_Spring @ <5830.904297, 318.265228, 7649.887207> ... Lifespan:  Set to 120 minutes.
[EOnDrop] Zombie Spawned [36] ZmbM_VillagerOld_Blue @ <5848.276367, 317.807617, 7676.605957> ... Lifespan:  Set to 120 minutes.
[EOnDrop] Zombie Spawned [37] ZmbM_VillagerOld_Green @ <5860.757324, 317.475769, 7648.905762> ... Lifespan:  Set to 120 minutes.
[EOnDrop] Zombie Spawned [38] ZmbF_MilkMaidOld_Grey @ <5825.312012, 319.096161, 7674.992676> ... Lifespan:  Set to 120 minutes.
[EOnDrop] Zombie Spawned [39] ZmbM_HermitSkinny_Beige @ <5848.385742, 317.755981, 7671.311035> ... Lifespan:  Set to 120 minutes.
[EOnDrop] Zombie Spawned [40] ZmbF_SurvivorNormal_Red @ <5859.936035, 317.251801, 7667.568848> ... Lifespan:  Set to 120 minutes.
[EOnDrop] Drop spawned with 40 infected at <5860.353516, 454.439178, 7681.485352>.
[EOnDrop] Supplies have been dropped near Stary Sobor.
[EOnBeforeDelete] Aircraft despawned @ <1963.867798, 509.432556, 16360.649414>
[~AirdropPlane] Aircraft destroyed.
