[InitializeContainer] Container created on 2021-02-06 @ 16-12-07
[InitializeContainer] Winds: Vector <10.276258, 0.000000, -1.956877>, Speed 10.4609mps, Strength 0.1
[AirdropContainerFall] Drop Type 'Food/Medical', Container: 'AirdropContainer_Medical', Mode/Quantity/Iems: Random/20/11, Flare:  10%
[AirdropContainerFall] Loot Spawned [1] Marmalade @ <5899.733887, 310.328125, 7746.146484> ... Lifespan: Set to 120 minutes.
[AirdropContainerFall] Loot Spawned [2] BakedBeansCan @ <5901.946289, 310.199707, 7747.370605> ... Lifespan: Set to 120 minutes.
[AirdropContainerFall] Loot Spawned [3] VitaminBottle @ <5900.480957, 310.252777, 7749.327148> ... Lifespan: Set to 120 minutes.
[AirdropContainerFall] Loot Spawned [4] Marmalade @ <5897.671875, 310.402588, 7748.625977> ... Lifespan: Set to 120 minutes.
[AirdropContainerFall] Loot Spawned [5] SpaghettiCan @ <5901.548828, 310.209198, 7748.878418> ... Lifespan: Set to 120 minutes.
[AirdropContainerFall] Loot Spawned [6] PowderedMilk @ <5899.334961, 310.308868, 7749.511230> ... Lifespan: Set to 120 minutes.
[AirdropContainerFall] Loot Spawned [7] TunaCan @ <5899.829590, 310.316711, 7746.639648> ... Lifespan: Set to 120 minutes.
[AirdropContainerFall] Loot Spawned [8] BoxCerealCrunchin @ <5897.238770, 310.416290, 7749.400391> ... Lifespan: Set to 120 minutes.
[AirdropContainerFall] Loot Spawned [9] BoxCerealCrunchin @ <5899.798340, 310.278107, 7750.204590> ... Lifespan: Set to 120 minutes.
[AirdropContainerFall] Loot Spawned [10] SpaghettiCan @ <5900.034180, 310.300201, 7747.099121> ... Lifespan: Set to 120 minutes.
[AirdropContainerFall] Loot Spawned [11] VitaminBottle @ <5899.165527, 310.319336, 7749.337891> ... Lifespan: Set to 120 minutes.
[AirdropContainerFall] Loot Spawned [12] PeachesCan @ <5899.593262, 310.304443, 7748.698242> ... Lifespan: Set to 120 minutes.
[AirdropContainerFall] Loot Spawned [13] PeachesCan @ <5897.452637, 310.422577, 7747.791016> ... Lifespan: Set to 120 minutes.
[AirdropContainerFall] Loot Spawned [14] SpaghettiCan @ <5899.741699, 310.280579, 7750.350586> ... Lifespan: Set to 120 minutes.
[AirdropContainerFall] Loot Spawned [15] PeachesCan @ <5898.452148, 310.393494, 7746.114746> ... Lifespan: Set to 120 minutes.
[AirdropContainerFall] Loot Spawned [16] BakedBeansCan @ <5899.263672, 310.357483, 7745.732910> ... Lifespan: Set to 120 minutes.
[AirdropContainerFall] Loot Spawned [17] TacticalBaconCan @ <5898.396484, 310.389435, 7746.631836> ... Lifespan: Set to 120 minutes.
[AirdropContainerFall] Loot Spawned [18] Marmalade @ <5899.638672, 310.350769, 7744.810059> ... Lifespan: Set to 120 minutes.
[AirdropContainerFall] Loot Spawned [19] PowderedMilk @ <5898.175781, 310.366486, 7749.617676> ... Lifespan: Set to 120 minutes.
[AirdropContainerFall] Loot Spawned [20] BakedBeansCan @ <5897.058594, 310.447205, 7747.380371> ... Lifespan: Set to 120 minutes.
[AirdropContainerUnstuck] Container was unstuck.
[~AirdropContainerBase] Container Destroyed on 2021-02-06 @ 17-01-33
