[AirdropPlane] Aircraft created on 2021-02-21 @ 22-34-07
[InitializeAircraft] Aircraft Initialized: Krasnostav @ 12159/12583 (true)
[EOnBeforeDrop] The Aircraft is 1 Km from Krasnostav. @ <10882.458008, 392.719513, 11795.366211>
[EOnDrop] Zombie Spawned [1] ZmbM_PatrolNormal_Summer @ <12100.994141, 140.500000, 12536.308594> ... Lifespan:  Set to 120 minutes.
[EOnDrop] Zombie Spawned [2] ZmbM_PatrolNormal_Summer @ <12100.620117, 140.500000, 12528.798828> ... Lifespan:  Set to 120 minutes.
[EOnDrop] Zombie Spawned [3] ZmbM_PatrolNormal_PautRev @ <12071.550781, 140.500000, 12561.242188> ... Lifespan:  Set to 120 minutes.
[EOnDrop] Zombie Spawned [4] ZmbM_PatrolNormal_Summer @ <12101.755859, 140.500000, 12494.757813> ... Lifespan:  Set to 120 minutes.
[EOnDrop] Zombie Spawned [5] ZmbM_PatrolNormal_Flat @ <12109.468750, 140.500000, 12545.220703> ... Lifespan:  Set to 120 minutes.
[EOnDrop] Zombie Spawned [6] ZmbM_SoldierNormal @ <12048.990234, 140.500000, 12552.223633> ... Lifespan:  Set to 120 minutes.
[EOnDrop] Zombie Spawned [7] ZmbM_PatrolNormal_Autumn @ <12087.641602, 140.500000, 12529.961914> ... Lifespan:  Set to 120 minutes.
[EOnDrop] Zombie Spawned [8] ZmbM_SoldierNormal @ <12090.914063, 140.500000, 12536.910156> ... Lifespan:  Set to 120 minutes.
[EOnDrop] Zombie Spawned [9] ZmbM_PatrolNormal_Autumn @ <12101.874023, 140.500000, 12527.219727> ... Lifespan:  Set to 120 minutes.
[EOnDrop] Zombie Spawned [10] ZmbM_PatrolNormal_Flat @ <12038.166016, 140.500000, 12540.780273> ... Lifespan:  Set to 120 minutes.
[EOnDrop] Zombie Spawned [11] ZmbM_PatrolNormal_Summer @ <12106.608398, 140.500000, 12536.313477> ... Lifespan:  Set to 120 minutes.
[EOnDrop] Zombie Spawned [12] ZmbM_SoldierNormal @ <12102.602539, 140.500000, 12523.258789> ... Lifespan:  Set to 120 minutes.
[EOnDrop] Zombie Spawned [13] ZmbM_PatrolNormal_Flat @ <12114.173828, 140.500000, 12536.289063> ... Lifespan:  Set to 120 minutes.
[EOnDrop] Zombie Spawned [14] ZmbM_SoldierNormal @ <12086.689453, 140.500000, 12529.419922> ... Lifespan:  Set to 120 minutes.
[EOnDrop] Zombie Spawned [15] ZmbM_PatrolNormal_PautRev @ <12094.768555, 140.500000, 12556.777344> ... Lifespan:  Set to 120 minutes.
[EOnDrop] Zombie Spawned [16] ZmbM_PatrolNormal_PautRev @ <12095.400391, 140.500000, 12523.765625> ... Lifespan:  Set to 120 minutes.
[EOnDrop] Zombie Spawned [17] ZmbM_PatrolNormal_Autumn @ <12087.236328, 140.500000, 12551.992188> ... Lifespan:  Set to 120 minutes.
[EOnDrop] Zombie Spawned [18] ZmbM_PatrolNormal_Autumn @ <12076.815430, 140.500000, 12533.586914> ... Lifespan:  Set to 120 minutes.
[EOnDrop] Zombie Spawned [19] ZmbM_PatrolNormal_Flat @ <12062.725586, 140.500000, 12529.764648> ... Lifespan:  Set to 120 minutes.
[EOnDrop] Zombie Spawned [20] ZmbM_SoldierNormal @ <12117.992188, 140.500000, 12544.070313> ... Lifespan:  Set to 120 minutes.
[EOnDrop] Zombie Spawned [21] ZmbM_SoldierNormal @ <12068.007813, 140.500000, 12492.043945> ... Lifespan:  Set to 120 minutes.
[EOnDrop] Zombie Spawned [22] ZmbM_PatrolNormal_Flat @ <12114.782227, 140.500000, 12539.840820> ... Lifespan:  Set to 120 minutes.
[EOnDrop] Zombie Spawned [23] ZmbM_PatrolNormal_PautRev @ <12089.918945, 140.500000, 12522.776367> ... Lifespan:  Set to 120 minutes.
[EOnDrop] Zombie Spawned [24] ZmbM_PatrolNormal_Autumn @ <12104.869141, 140.500000, 12528.133789> ... Lifespan:  Set to 120 minutes.
[EOnDrop] Zombie Spawned [25] ZmbM_PatrolNormal_Flat @ <12060.959961, 140.500000, 12573.058594> ... Lifespan:  Set to 120 minutes.
[EOnDrop] Zombie Spawned [26] ZmbM_PatrolNormal_Autumn @ <12091.490234, 140.500000, 12543.808594> ... Lifespan:  Set to 120 minutes.
[EOnDrop] Zombie Spawned [27] ZmbM_PatrolNormal_Summer @ <12085.323242, 140.500000, 12512.769531> ... Lifespan:  Set to 120 minutes.
[EOnDrop] Zombie Spawned [28] ZmbM_PatrolNormal_PautRev @ <12094.968750, 140.500000, 12547.021484> ... Lifespan:  Set to 120 minutes.
[EOnDrop] Zombie Spawned [29] ZmbM_PatrolNormal_Flat @ <12040.933594, 140.500000, 12539.574219> ... Lifespan:  Set to 120 minutes.
[EOnDrop] Zombie Spawned [30] ZmbM_PatrolNormal_Flat @ <12091.543945, 140.500000, 12550.265625> ... Lifespan:  Set to 120 minutes.
[EOnDrop] Zombie Spawned [31] ZmbM_PatrolNormal_Summer @ <12099.756836, 140.500000, 12527.579102> ... Lifespan:  Set to 120 minutes.
[EOnDrop] Zombie Spawned [32] ZmbM_PatrolNormal_Summer @ <12084.852539, 140.500000, 12531.474609> ... Lifespan:  Set to 120 minutes.
[EOnDrop] Zombie Spawned [33] ZmbM_PatrolNormal_Summer @ <12047.851563, 140.500000, 12530.600586> ... Lifespan:  Set to 120 minutes.
[EOnDrop] Zombie Spawned [34] ZmbM_SoldierNormal @ <12057.832031, 140.500000, 12554.670898> ... Lifespan:  Set to 120 minutes.
[EOnDrop] Zombie Spawned [35] ZmbM_PatrolNormal_Summer @ <12087.396484, 140.500000, 12543.722656> ... Lifespan:  Set to 120 minutes.
[EOnDrop] Drop spawned with 35 infected at <12084.110352, 283.955994, 12536.659180>.
[EOnDrop] Supplies have been dropped near Krasnostav.
[EOnBeforeDelete] Aircraft despawned @ <16360.482422, 188.808517, 15174.730469>
[~AirdropPlane] Aircraft destroyed.
