[AirdropBase] Base class created & settings loaded.
[2021-03-15 @ 23-04-18] ----------------------------------------------------------------------------------------------------
[EOnCallAirdrop] Drop zone asigned: Northwest Airfield <4807.000000, 0.000000, 9812.000000>
[EOnCallAirdrop] Drop zone offset to: <4804.687988, 2438.000000, 9821.312500>
[EOnCallAirdrop] Aircraft spawn point: <-1000.000000, 2438.000000, 12114.171875>
[EOnCallAirdrop] Aircraft bearing ... Angle/Bearing: 2.76415° / 291.626°, Text: 'West (292°)'
[EOnCallAirdrop] Aircraft has been dispatched to 'Northwest Airfield' from the West (292°).
[2021-03-16 @ 00-05-29] ----------------------------------------------------------------------------------------------------
[EOnCallAirdrop] Drop zone asigned: Novy Sobor <7436.000000, 0.000000, 7720.000000>
[EOnCallAirdrop] Drop zone offset to: <7443.096680, 2438.000000, 7715.261719>
[EOnCallAirdrop] Aircraft spawn point: <12619.073242, 2438.000000, 16360.000000>
[EOnCallAirdrop] Aircraft bearing ... Angle/Bearing: 1.03046° / 30.9592°, Text: 'North/East (31°)'
[EOnCallAirdrop] Aircraft has been dispatched to 'Novy Sobor' from the North/East (31°).
[2021-03-16 @ 01-06-40] ----------------------------------------------------------------------------------------------------
[EOnCallAirdrop] Drop zone asigned: Stary Sobor <5823.000000, 0.000000, 7764.000000>
[EOnCallAirdrop] Drop zone offset to: <5890.459961, 2438.000000, 7759.138672>
[EOnCallAirdrop] Aircraft spawn point: <-1000.000000, 2438.000000, 8499.337891>
[EOnCallAirdrop] Aircraft bearing ... Angle/Bearing: 3.03423° / 276.151°, Text: 'West (276°)'
[EOnCallAirdrop] Aircraft has been dispatched to 'Stary Sobor' from the West (276°).
[2021-03-16 @ 02-07-51] ----------------------------------------------------------------------------------------------------
[EOnCallAirdrop] Drop zone asigned: Elektrozavodsk <9371.000000, 0.000000, 2229.000000>
[EOnCallAirdrop] Drop zone offset to: <9393.573242, 2438.000000, 2140.655273>
[EOnCallAirdrop] Aircraft spawn point: <14241.324219, 2438.000000, 16360.000000>
[EOnCallAirdrop] Aircraft bearing ... Angle/Bearing: 1.23889° / 19.0168°, Text: 'North (19°)'
[EOnCallAirdrop] Aircraft has been dispatched to 'Elektrozavodsk' from the North (19°).
[2021-03-16 @ 03-09-02] ----------------------------------------------------------------------------------------------------
[EOnCallAirdrop] Drop zone asigned: Sosnovka <2700.000000, 0.000000, 6193.000000>
[EOnCallAirdrop] Drop zone offset to: <2653.331543, 2438.000000, 6210.099121>
[EOnCallAirdrop] Aircraft spawn point: <16360.000000, 2438.000000, 4203.178711>
[EOnCallAirdrop] Aircraft bearing ... Angle/Bearing: -0.14465° / 98.2879°, Text: 'East (98°)'
[EOnCallAirdrop] Aircraft has been dispatched to 'Sosnovka' from the East (98°).
