[InitializeContainer] Container created on 2021-03-19 @ 05-05-40
[InitializeContainer] Winds: Vector <11.306607, 0.000000, 1.764107>, Speed 11.4434mps, Strength 0.1
[AirdropContainerFall] Drop Type 'Military Weapons', Container: 'AirdropContainer', Mode/Quantity/Iems: Random/30/14, Flare:  10%
[AirdropContainerFall] Loot Spawned [1] TTC_R700 @ <6074.793457, 38.658558, 2577.433838> ... Lifespan: Set to 120 minutes.
[AirdropContainerFall] Loot Spawned [2] TWP_BerettaPX4_mag_17Rnd @ <6073.742676, 39.579247, 2581.766113> ... Lifespan: Set to 120 minutes.
[AirdropContainerFall] Loot Spawned [3] TWP_BerettaPX4_mag_17Rnd @ <6075.798340, 38.598331, 2581.060303> ... Lifespan: Set to 120 minutes.
[AirdropContainerFall] Loot Spawned [4] Vodka @ <6075.961914, 38.158134, 2578.311279> ... Lifespan: Set to 120 minutes.
[AirdropContainerFall] Loot Spawned [5] TWP_BerettaPX4 @ <6073.187988, 39.872505, 2582.148438> ... Lifespan: Set to 120 minutes.
[AirdropContainerFall] Loot Spawned [6] TWP_BerettaPX4 @ <6076.993164, 37.921665, 2579.654297> ... Lifespan: Set to 120 minutes.
[AirdropContainerFall] Loot Spawned [7] TTC_Beowulf @ <6072.491211, 40.144157, 2580.851074> ... Lifespan: Set to 120 minutes.
[AirdropContainerFall] Loot Spawned [8] TTC_Ammo_50Beo @ <6075.367188, 38.808815, 2581.350098> ... Lifespan: Set to 120 minutes.
[AirdropContainerFall] Loot Spawned [9] TTC_Ammo_50Beo @ <6075.284668, 38.781868, 2580.767822> ... Lifespan: Set to 120 minutes.
[AirdropContainerFall] Loot Spawned [10] TTC_Buttstock3 @ <6071.448242, 40.667290, 2580.666016> ... Lifespan: Set to 120 minutes.
[AirdropContainerFall] Loot Spawned [11] TTC_AmmoBox_50Beo_20rnd @ <6075.136719, 38.677757, 2579.297119> ... Lifespan: Set to 120 minutes.
[AirdropContainerFall] Loot Spawned [12] Vodka @ <6075.326172, 38.681370, 2579.987305> ... Lifespan: Set to 120 minutes.
[AirdropContainerFall] Loot Spawned [13] BakedBeansCan @ <6072.707031, 40.034054, 2580.855713> ... Lifespan: Set to 120 minutes.
[AirdropContainerFall] Loot Spawned [14] Mag_AKM_30Rnd @ <6075.669434, 38.574211, 2580.319824> ... Lifespan: Set to 120 minutes.
[AirdropContainerFall] Loot Spawned [15] TTC_AmmoBox_50Beo_20rnd @ <6072.690918, 40.129696, 2582.437988> ... Lifespan: Set to 120 minutes.
[AirdropContainerFall] Loot Spawned [16] TWP_BerettaPX4 @ <6074.589844, 39.126087, 2581.132080> ... Lifespan: Set to 120 minutes.
[AirdropContainerFall] Loot Spawned [17] TTC_AmmoBox_50Beo_20rnd @ <6074.142090, 39.008419, 2577.601563> ... Lifespan: Set to 120 minutes.
[AirdropContainerFall] Loot Spawned [18] Mag_AKM_30Rnd @ <6071.220703, 40.771805, 2580.435547> ... Lifespan: Set to 120 minutes.
[AirdropContainerFall] Loot Spawned [19] TTC_Ammo_50Beo @ <6072.459473, 39.938843, 2578.285400> ... Lifespan: Set to 120 minutes.
[AirdropContainerFall] Loot Spawned [20] TWP_BerettaPX4_mag_17Rnd @ <6075.476563, 38.821983, 2581.908447> ... Lifespan: Set to 120 minutes.
[AirdropContainerFall] Loot Spawned [21] PowderedMilk @ <6074.928223, 39.125305, 2582.589111> ... Lifespan: Set to 120 minutes.
[AirdropContainerFall] Loot Spawned [22] TWP_BerettaPX4 @ <6072.951172, 39.825390, 2579.608398> ... Lifespan: Set to 120 minutes.
[AirdropContainerFall] Loot Spawned [23] TWP_BerettaPX4_mag_17Rnd @ <6071.469238, 40.619953, 2579.972656> ... Lifespan: Set to 120 minutes.
[AirdropContainerFall] Loot Spawned [24] BakedBeansCan @ <6072.230957, 40.236717, 2580.057373> ... Lifespan: Set to 120 minutes.
[AirdropContainerFall] Loot Spawned [25] AKM @ <6076.263672, 38.013737, 2578.388428> ... Lifespan: Set to 120 minutes.
[AirdropContainerFall] Loot Spawned [26] TTC_Ammo_50Beo @ <6075.145996, 38.859497, 2580.955322> ... Lifespan: Set to 120 minutes.
[AirdropContainerFall] Loot Spawned [27] TWP_BerettaPX4_mag_17Rnd @ <6074.771484, 38.812389, 2578.805176> ... Lifespan: Set to 120 minutes.
[AirdropContainerFall] Loot Spawned [28] AKM @ <6075.179199, 38.743355, 2579.990723> ... Lifespan: Set to 120 minutes.
[AirdropContainerFall] Loot Spawned [29] AKM @ <6074.590820, 38.891018, 2578.675537> ... Lifespan: Set to 120 minutes.
[AirdropContainerFall] Loot Spawned [30] TTC_R700 @ <6073.723633, 39.240765, 2577.779053> ... Lifespan: Set to 120 minutes.
[AirdropContainerUnstuck] Container was unstuck.
[~AirdropContainerBase] Container Destroyed on 2021-03-19 @ 06-05-40
