[AirdropPlane] Aircraft created on 2021-03-11 @ 07-44-30
[InitializeAircraft] Aircraft Initialized: Stary Sobor @ 5823/7764 (true)
[EOnBeforeDrop] The Aircraft is 1 Km from Stary Sobor. @ <5095.985840, 500.836334, 9075.062500>
[EOnDrop] Zombie Spawned [1] ZmbM_MotobikerFat_Black @ <5741.502441, 320.094696, 7848.744141> ... Lifespan:  Set to 120 minutes.
[EOnDrop] Zombie Spawned [2] ZmbF_SurvivorNormal_White @ <5759.152344, 320.447388, 7842.495605> ... Lifespan:  Set to 120 minutes.
[EOnDrop] Zombie Spawned [3] ZmbM_VillagerOld_White @ <5804.953613, 318.091034, 7835.012207> ... Lifespan:  Set to 120 minutes.
[EOnDrop] Zombie Spawned [4] ZmbF_VillagerOld_Blue @ <5785.091797, 320.225769, 7844.915039> ... Lifespan:  Set to 120 minutes.
[EOnDrop] Zombie Spawned [5] ZmbM_MotobikerFat_Black @ <5797.758789, 319.474365, 7849.299805> ... Lifespan:  Set to 120 minutes.
[EOnDrop] Zombie Spawned [6] ZmbF_VillagerOld_Blue @ <5755.341797, 320.393524, 7847.274414> ... Lifespan:  Set to 120 minutes.
[EOnDrop] Zombie Spawned [7] ZmbF_MilkMaidOld_Black @ <5749.714355, 320.304871, 7854.285645> ... Lifespan:  Set to 120 minutes.
[EOnDrop] Zombie Spawned [8] ZmbM_HunterOld_Summer @ <5825.376465, 317.533752, 7853.966309> ... Lifespan:  Set to 120 minutes.
[EOnDrop] Zombie Spawned [9] ZmbF_SurvivorNormal_White @ <5764.838867, 320.587433, 7852.517578> ... Lifespan:  Set to 120 minutes.
[EOnDrop] Zombie Spawned [10] ZmbF_MilkMaidOld_Black @ <5800.629395, 318.353088, 7833.390625> ... Lifespan:  Set to 120 minutes.
[EOnDrop] Zombie Spawned [11] ZmbF_SurvivorNormal_Red @ <5808.198730, 317.944336, 7837.525879> ... Lifespan:  Set to 120 minutes.
[EOnDrop] Zombie Spawned [12] ZmbM_priestPopSkinny @ <5768.327148, 320.637726, 7858.888672> ... Lifespan:  Set to 120 minutes.
[EOnDrop] Spawn failed for zombie [13] 'ZmbM_SurvivorDean_Blue', it does not exist in DayZ!
[EOnDrop] Zombie Spawned [14] ZmbF_MilkMaidOld_Grey @ <5802.619141, 319.594116, 7859.585449> ... Lifespan:  Set to 120 minutes.
[EOnDrop] Spawn failed for zombie [15] 'ZmbM_SurvivorDean_Grey', it does not exist in DayZ!
[EOnDrop] Zombie Spawned [16] ZmbF_MilkMaidOld_Grey @ <5759.032227, 320.493256, 7858.765625> ... Lifespan:  Set to 120 minutes.
[EOnDrop] Zombie Spawned [17] ZmbM_HunterOld_Autumn @ <5770.962891, 320.587616, 7845.363281> ... Lifespan:  Set to 120 minutes.
[EOnDrop] Spawn failed for zombie [18] 'ZmbM_SurvivorDean_Blue', it does not exist in DayZ!
[EOnDrop] Zombie Spawned [19] ZmbM_FarmerFat_Blue @ <5740.433594, 320.084442, 7849.957031> ... Lifespan:  Set to 120 minutes.
[EOnDrop] Zombie Spawned [20] ZmbM_HermitSkinny_Beige @ <5799.336914, 318.460663, 7833.404785> ... Lifespan:  Set to 120 minutes.
[EOnDrop] Zombie Spawned [21] ZmbM_HunterOld_Spring @ <5790.233398, 320.523743, 7863.821289> ... Lifespan:  Set to 120 minutes.
[EOnDrop] Zombie Spawned [22] ZmbM_HikerSkinny_Yellow @ <5760.916992, 320.524689, 7856.054688> ... Lifespan:  Set to 120 minutes.
[EOnDrop] Zombie Spawned [23] ZmbM_HermitSkinny_Beige @ <5773.014160, 320.488281, 7842.508789> ... Lifespan:  Set to 120 minutes.
[EOnDrop] Spawn failed for zombie [24] 'ZmbM_SurvivorDean_Grey', it does not exist in DayZ!
[EOnDrop] Zombie Spawned [25] ZmbM_HunterOld_Spring @ <5815.494629, 316.711823, 7827.593262> ... Lifespan:  Set to 120 minutes.
[EOnDrop] Zombie Spawned [26] ZmbF_SurvivorNormal_Blue @ <5777.878418, 320.149139, 7837.230469> ... Lifespan:  Set to 120 minutes.
[EOnDrop] Zombie Spawned [27] ZmbF_SurvivorNormal_Blue @ <5772.380371, 320.432037, 7840.875977> ... Lifespan:  Set to 120 minutes.
[EOnDrop] Zombie Spawned [28] ZmbF_HikerSkinny_Grey @ <5753.769043, 320.392578, 7856.378906> ... Lifespan:  Set to 120 minutes.
[EOnDrop] Zombie Spawned [29] ZmbM_HunterOld_Autumn @ <5778.559570, 320.649780, 7872.032227> ... Lifespan:  Set to 120 minutes.
[EOnDrop] Zombie Spawned [30] ZmbF_MilkMaidOld_Grey @ <5784.660156, 318.540710, 7798.579102> ... Lifespan:  Set to 120 minutes.
[EOnDrop] Zombie Spawned [31] ZmbF_SurvivorNormal_Blue @ <5792.311523, 318.356995, 7818.201172> ... Lifespan:  Set to 120 minutes.
[EOnDrop] Zombie Spawned [32] ZmbM_MotobikerFat_Beige @ <5787.920410, 319.222748, 7832.005859> ... Lifespan:  Set to 120 minutes.
[EOnDrop] Zombie Spawned [33] ZmbF_MilkMaidOld_Beige @ <5791.379395, 320.053131, 7849.662109> ... Lifespan:  Set to 120 minutes.
[EOnDrop] Zombie Spawned [34] ZmbF_SurvivorNormal_Blue @ <5769.480469, 319.758820, 7822.109375> ... Lifespan:  Set to 120 minutes.
[EOnDrop] Zombie Spawned [35] ZmbF_VillagerOld_Green @ <5762.540039, 320.532990, 7847.152832> ... Lifespan:  Set to 120 minutes.
[EOnDrop] Zombie Spawned [36] ZmbM_priestPopSkinny @ <5813.865723, 317.658417, 7840.845215> ... Lifespan:  Set to 120 minutes.
[EOnDrop] Zombie Spawned [37] ZmbM_HikerSkinny_Yellow @ <5769.731934, 319.600800, 7818.328125> ... Lifespan:  Set to 120 minutes.
[EOnDrop] Zombie Spawned [38] ZmbF_MilkMaidOld_Green @ <5777.096191, 320.107025, 7835.948730> ... Lifespan:  Set to 120 minutes.
[EOnDrop] Zombie Spawned [39] ZmbM_HikerSkinny_Blue @ <5747.149414, 320.245331, 7853.681641> ... Lifespan:  Set to 120 minutes.
[EOnDrop] Zombie Spawned [40] ZmbM_FarmerFat_Green @ <5781.153809, 318.835602, 7786.403809> ... Lifespan:  Set to 120 minutes.
[EOnDrop] Drop spawned with 40 infected at <5783.253906, 464.801239, 7834.750000>.
[EOnDrop] Supplies have been dropped near Stary Sobor.
[EOnBeforeDelete] Aircraft despawned @ <10680.519531, 152.000610, -1000.780518>
[~AirdropPlane] Aircraft destroyed.
