[InitializeContainer] Container created on 2021-01-29 @ 06-07-03
[InitializeContainer] Winds: Vector <10.647510, 0.000000, -1.102443>, Speed 10.7044mps, Strength 0.1
[AirdropContainerFall] Drop Type 'Military Weapons', Container: 'AirdropContainer_Military', Mode/Quantity/Iems: Random/20/18, Flare:  10%
[AirdropContainerFall] Loot Spawned [1] M4A1 @ <4815.107910, 340.399261, 9735.342773> ... Lifespan: Set to 120 minutes.
[AirdropContainerFall] Loot Spawned [2] Izh18 @ <4816.826660, 340.651581, 9739.295898> ... Lifespan: Set to 120 minutes.
[AirdropContainerFall] Loot Spawned [3] Izh18 @ <4816.607910, 340.592468, 9738.042969> ... Lifespan: Set to 120 minutes.
[AirdropContainerFall] Loot Spawned [4] LargeTent @ <4813.100586, 340.360870, 9737.421875> ... Lifespan: Set to 120 minutes.
[AirdropContainerFall] Loot Spawned [5] AKM @ <4813.775879, 340.430817, 9738.314453> ... Lifespan: Set to 120 minutes.
[AirdropContainerFall] Loot Spawned [6] CombatBoots_Grey @ <4816.607422, 340.572296, 9737.483398> ... Lifespan: Set to 120 minutes.
[AirdropContainerFall] Loot Spawned [7] MilitaryBoots_Redpunk @ <4817.960449, 340.656311, 9737.412109> ... Lifespan: Set to 120 minutes.
[AirdropContainerFall] Loot Spawned [8] Mosin9130 @ <4814.503418, 340.501343, 9739.142578> ... Lifespan: Set to 120 minutes.
[AirdropContainerFall] Loot Spawned [9] TacticalBaconCan @ <4814.733398, 340.359039, 9734.937500> ... Lifespan: Set to 120 minutes.
[AirdropContainerFall] Loot Spawned [10] M4A1 @ <4815.443848, 340.582123, 9739.825195> ... Lifespan: Set to 120 minutes.
[AirdropContainerFall] Loot Spawned [11] AmmoBox_762x54_20Rnd @ <4817.204590, 340.654022, 9738.691406> ... Lifespan: Set to 120 minutes.
[AirdropContainerFall] Loot Spawned [12] TTSKOPants @ <4816.631348, 340.610382, 9738.499023> ... Lifespan: Set to 120 minutes.
[AirdropContainerFall] Loot Spawned [13] LargeTent @ <4816.990723, 340.636139, 9738.575195> ... Lifespan: Set to 120 minutes.
[AirdropContainerFall] Loot Spawned [14] LargeTent @ <4816.958496, 340.570190, 9736.800781> ... Lifespan: Set to 120 minutes.
[AirdropContainerFall] Loot Spawned [15] Izh18 @ <4814.395996, 340.519592, 9739.816406> ... Lifespan: Set to 120 minutes.
[AirdropContainerFall] Loot Spawned [16] MilitaryBoots_Redpunk @ <4814.702637, 340.424225, 9736.689453> ... Lifespan: Set to 120 minutes.
[AirdropContainerFall] Loot Spawned [17] Mag_AKM_30Rnd @ <4815.313965, 340.407745, 9735.211914> ... Lifespan: Set to 120 minutes.
[AirdropContainerFall] Loot Spawned [18] AmmoBox_762x39_20Rnd @ <4817.802246, 340.657043, 9737.713867> ... Lifespan: Set to 120 minutes.
[AirdropContainerFall] Loot Spawned [19] Mag_AKM_30Rnd @ <4817.176270, 340.622223, 9737.858398> ... Lifespan: Set to 120 minutes.
[AirdropContainerFall] Loot Spawned [20] TacticalBaconCan @ <4814.697266, 340.515137, 9739.223633> ... Lifespan: Set to 120 minutes.
[AirdropContainerUnstuck] Container was unstuck.
[~AirdropContainerBase] Container Destroyed on 2021-01-29 @ 07-07-05
