[AirdropPlane] Aircraft created on 2021-03-13 @ 06-02-38
[InitializeAircraft] Aircraft Initialized: Novodmitrovsk @ 11125/14040 (true)
[EOnBeforeDrop] The Aircraft is 1 Km from Novodmitrovsk. @ <12447.921875, 265.047852, 13337.020508>
[EOnDrop] Zombie Spawned [1] ZmbF_Clerk_Normal_Green @ <11216.375000, 98.787514, 14002.051758> ... Lifespan:  Set to 120 minutes.
[EOnDrop] Zombie Spawned [2] ZmbF_JoggerSkinny_Brown @ <11199.537109, 93.331299, 14031.051758> ... Lifespan:  Set to 120 minutes.
[EOnDrop] Zombie Spawned [3] ZmbM_ClerkFat_White @ <11229.274414, 100.744675, 13985.710938> ... Lifespan:  Set to 120 minutes.
[EOnDrop] Zombie Spawned [4] ZmbF_CitizenANormal_Blue @ <11229.188477, 91.323540, 14039.989258> ... Lifespan:  Set to 120 minutes.
[EOnDrop] Zombie Spawned [5] ZmbF_Clerk_Normal_White @ <11206.229492, 101.692001, 13983.935547> ... Lifespan:  Set to 120 minutes.
[EOnDrop] Zombie Spawned [6] ZmbF_ParamedicNormal_Blue @ <11195.833984, 101.600266, 13980.520508> ... Lifespan:  Set to 120 minutes.
[EOnDrop] Zombie Spawned [7] ZmbF_ShortSkirt_checks @ <11213.291992, 102.491486, 13970.995117> ... Lifespan:  Set to 120 minutes.
[EOnDrop] Zombie Spawned [8] ZmbM_Jacket_magenta @ <11216.746094, 99.212196, 13995.770508> ... Lifespan:  Set to 120 minutes.
[EOnDrop] Zombie Spawned [9] ZmbF_ShortSkirt_beige @ <11206.437500, 101.850281, 13977.760742> ... Lifespan:  Set to 120 minutes.
[EOnDrop] Zombie Spawned [10] ZmbF_CitizenANormal_Brown @ <11185.191406, 100.677536, 14005.101563> ... Lifespan:  Set to 120 minutes.
[EOnDrop] Zombie Spawned [11] ZmbF_ShortSkirt_red @ <11190.047852, 107.141876, 13964.295898> ... Lifespan:  Set to 120 minutes.
[EOnDrop] Zombie Spawned [12] ZmbF_JoggerSkinny_Brown @ <11235.337891, 98.151512, 14002.833984> ... Lifespan:  Set to 120 minutes.
[EOnDrop] Zombie Spawned [13] ZmbM_CitizenASkinny_Brown @ <11243.001953, 99.576134, 13994.490234> ... Lifespan:  Set to 120 minutes.
[EOnDrop] Zombie Spawned [14] ZmbM_PatientSkinny @ <11222.036133, 103.110741, 13968.926758> ... Lifespan:  Set to 120 minutes.
[EOnDrop] Zombie Spawned [15] ZmbF_ShortSkirt_stripes @ <11167.791992, 111.212311, 13968.963867> ... Lifespan:  Set to 120 minutes.
[EOnDrop] Zombie Spawned [16] ZmbF_PatientOld @ <11212.034180, 100.866119, 13989.170898> ... Lifespan:  Set to 120 minutes.
[EOnDrop] Zombie Spawned [17] ZmbF_JoggerSkinny_Green @ <11211.817383, 91.068497, 14042.778320> ... Lifespan:  Set to 120 minutes.
[EOnDrop] Zombie Spawned [18] ZmbM_SkaterYoung_Brown @ <11211.118164, 102.445435, 13968.771484> ... Lifespan:  Set to 120 minutes.
[EOnDrop] Zombie Spawned [19] ZmbM_Jacket_beige @ <11207.092773, 102.432655, 13967.322266> ... Lifespan:  Set to 120 minutes.
[EOnDrop] Zombie Spawned [20] ZmbM_PrisonerSkinny @ <11233.991211, 99.252174, 13997.746094> ... Lifespan:  Set to 120 minutes.
[EOnDrop] Zombie Spawned [21] ZmbF_PatientOld @ <11206.212891, 100.798706, 13991.459961> ... Lifespan:  Set to 120 minutes.
[EOnDrop] Zombie Spawned [22] ZmbF_JoggerSkinny_Blue @ <11189.280273, 101.624573, 13976.468750> ... Lifespan:  Set to 120 minutes.
[EOnDrop] Zombie Spawned [23] ZmbM_Jacket_blue @ <11225.056641, 95.309113, 14016.028320> ... Lifespan:  Set to 120 minutes.
[EOnDrop] Zombie Spawned [24] ZmbF_ShortSkirt_checks @ <11209.864258, 101.954079, 13981.837891> ... Lifespan:  Set to 120 minutes.
[EOnDrop] Zombie Spawned [25] ZmbM_Jacket_stripes @ <11243.519531, 102.121429, 13973.172852> ... Lifespan:  Set to 120 minutes.
[EOnDrop] Zombie Spawned [26] ZmbF_ParamedicNormal_Green @ <11218.935547, 103.295990, 13960.418945> ... Lifespan:  Set to 120 minutes.
[EOnDrop] Zombie Spawned [27] ZmbM_Jacket_greenchecks @ <11220.978516, 96.404480, 14012.123047> ... Lifespan:  Set to 120 minutes.
[EOnDrop] Zombie Spawned [28] ZmbM_CitizenBFat_Red @ <11224.361328, 103.861931, 13955.414063> ... Lifespan:  Set to 120 minutes.
[EOnDrop] Zombie Spawned [29] ZmbF_JoggerSkinny_Red @ <11209.111328, 100.473587, 13992.008789> ... Lifespan:  Set to 120 minutes.
[EOnDrop] Zombie Spawned [30] ZmbF_CitizenANormal_Blue @ <11201.386719, 92.999283, 14034.008789> ... Lifespan:  Set to 120 minutes.
[EOnDrop] Zombie Spawned [31] ZmbM_CitizenASkinny_Red @ <11213.736328, 92.970131, 14033.726563> ... Lifespan:  Set to 120 minutes.
[EOnDrop] Zombie Spawned [32] ZmbF_ParamedicNormal_Blue @ <11199.503906, 101.584717, 13986.817383> ... Lifespan:  Set to 120 minutes.
[EOnDrop] Zombie Spawned [33] ZmbF_PatientOld @ <11253.782227, 99.549706, 13986.418945> ... Lifespan:  Set to 120 minutes.
[EOnDrop] Zombie Spawned [34] ZmbM_CommercialPilotOld_Olive @ <11183.740234, 93.656410, 14035.629883> ... Lifespan:  Set to 120 minutes.
[EOnDrop] Zombie Spawned [35] ZmbM_JoggerSkinny_Red @ <11199.272461, 101.025955, 13995.809570> ... Lifespan:  Set to 120 minutes.
[EOnDrop] Zombie Spawned [36] ZmbF_ShortSkirt_white @ <11157.263672, 104.396477, 14005.040039> ... Lifespan:  Set to 120 minutes.
[EOnDrop] Zombie Spawned [37] ZmbM_JoggerSkinny_Green @ <11209.961914, 101.953247, 13982.201172> ... Lifespan:  Set to 120 minutes.
[EOnDrop] Zombie Spawned [38] ZmbF_JoggerSkinny_Red @ <11211.763672, 98.137833, 14007.560547> ... Lifespan:  Set to 120 minutes.
[EOnDrop] Zombie Spawned [39] ZmbF_JoggerSkinny_Blue @ <11157.969727, 105.405220, 13988.838867> ... Lifespan:  Set to 120 minutes.
[EOnDrop] Zombie Spawned [40] ZmbM_JoggerSkinny_Red @ <11179.640625, 104.643166, 13972.989258> ... Lifespan:  Set to 120 minutes.
[EOnDrop] Zombie Spawned [41] ZmbM_ParamedicNormal_Red @ <11187.446289, 96.503769, 14019.967773> ... Lifespan:  Set to 120 minutes.
[EOnDrop] Zombie Spawned [42] ZmbM_CitizenASkinny_Brown @ <11164.573242, 103.580650, 14005.658203> ... Lifespan:  Set to 120 minutes.
[EOnDrop] Zombie Spawned [43] ZmbF_ParamedicNormal_Green @ <11187.231445, 101.553909, 13992.817383> ... Lifespan:  Set to 120 minutes.
[EOnDrop] Zombie Spawned [44] ZmbM_Jacket_blue @ <11204.599609, 97.924652, 14008.567383> ... Lifespan:  Set to 120 minutes.
[EOnDrop] Zombie Spawned [45] ZmbM_ParamedicNormal_Blue @ <11249.651367, 97.569038, 13996.096680> ... Lifespan:  Set to 120 minutes.
[EOnDrop] Zombie Spawned [46] ZmbM_CommercialPilotOld_Grey @ <11245.283203, 94.050842, 14016.479492> ... Lifespan:  Set to 120 minutes.
[EOnDrop] Zombie Spawned [47] ZmbM_PatrolNormal_Autumn @ <11189.256836, 100.745735, 13999.689453> ... Lifespan:  Set to 120 minutes.
[EOnDrop] Zombie Spawned [48] ZmbF_ShortSkirt_white @ <11240.476563, 94.062706, 14018.845703> ... Lifespan:  Set to 120 minutes.
[EOnDrop] Zombie Spawned [49] ZmbM_Jacket_khaki @ <11224.838867, 103.108826, 13972.116211> ... Lifespan:  Set to 120 minutes.
[EOnDrop] Zombie Spawned [50] ZmbM_CommercialPilotOld_Olive @ <11171.136719, 104.163704, 13978.461914> ... Lifespan:  Set to 120 minutes.
[EOnDrop] Zombie Spawned [51] ZmbF_ShortSkirt_red @ <11182.081055, 100.834885, 14008.119141> ... Lifespan:  Set to 120 minutes.
[EOnDrop] Zombie Spawned [52] ZmbM_SkaterYoung_Green @ <11214.847656, 106.695320, 13953.993164> ... Lifespan:  Set to 120 minutes.
[EOnDrop] Zombie Spawned [53] ZmbF_CitizenANormal_Brown @ <11174.467773, 102.631279, 13979.840820> ... Lifespan:  Set to 120 minutes.
[EOnDrop] Zombie Spawned [54] ZmbF_CitizenANormal_Blue @ <11213.146484, 99.059105, 13997.279297> ... Lifespan:  Set to 120 minutes.
[EOnDrop] Zombie Spawned [55] ZmbF_JoggerSkinny_Green @ <11203.503906, 97.541641, 14011.680664> ... Lifespan:  Set to 120 minutes.
[EOnDrop] Zombie Spawned [56] ZmbM_PatrolNormal_PautRev @ <11211.815430, 102.489967, 13968.587891> ... Lifespan:  Set to 120 minutes.
[EOnDrop] Zombie Spawned [57] ZmbF_JoggerSkinny_Green @ <11245.455078, 100.367775, 13985.720703> ... Lifespan:  Set to 120 minutes.
[EOnDrop] Zombie Spawned [58] ZmbM_CitizenBFat_Green @ <11185.282227, 92.116318, 14042.669922> ... Lifespan:  Set to 120 minutes.
[EOnDrop] Zombie Spawned [59] ZmbM_ClerkFat_Grey @ <11194.736328, 95.957245, 14020.451172> ... Lifespan:  Set to 120 minutes.
[EOnDrop] Zombie Spawned [60] ZmbM_CitizenBFat_Blue @ <11231.986328, 103.119003, 13958.958984> ... Lifespan:  Set to 120 minutes.
[EOnDrop] Zombie Spawned [61] ZmbF_JoggerSkinny_Green @ <11188.890625, 100.492134, 14001.601563> ... Lifespan:  Set to 120 minutes.
[EOnDrop] Zombie Spawned [62] ZmbM_ClerkFat_Khaki @ <11207.706055, 98.296059, 14005.827148> ... Lifespan:  Set to 120 minutes.
[EOnDrop] Zombie Spawned [63] ZmbF_ShortSkirt_beige @ <11213.615234, 99.506142, 13993.549805> ... Lifespan:  Set to 120 minutes.
[EOnDrop] Zombie Spawned [64] ZmbM_Jacket_stripes @ <11199.456055, 101.613342, 13982.051758> ... Lifespan:  Set to 120 minutes.
[EOnDrop] Zombie Spawned [65] ZmbF_ShortSkirt_grey @ <11233.060547, 99.836922, 13994.135742> ... Lifespan:  Set to 120 minutes.
[EOnDrop] Zombie Spawned [66] ZmbF_Clerk_Normal_Blue @ <11174.271484, 112.666969, 13964.674805> ... Lifespan:  Set to 120 minutes.
[EOnDrop] Zombie Spawned [67] ZmbF_JournalistNormal_Red @ <11244.667969, 93.544083, 14020.989258> ... Lifespan:  Set to 120 minutes.
[EOnDrop] Zombie Spawned [68] ZmbM_PatrolNormal_Autumn @ <11197.860352, 101.578560, 13991.918945> ... Lifespan:  Set to 120 minutes.
[EOnDrop] Zombie Spawned [69] ZmbM_PrisonerSkinny @ <11184.521484, 94.174812, 14030.454102> ... Lifespan:  Set to 120 minutes.
[EOnDrop] Zombie Spawned [70] ZmbM_PatrolNormal_Summer @ <11191.416016, 96.826103, 14018.827148> ... Lifespan:  Set to 120 minutes.
[EOnDrop] Zombie Spawned [71] ZmbM_Jacket_khaki @ <11229.208008, 92.728912, 14032.764648> ... Lifespan:  Set to 120 minutes.
[EOnDrop] Zombie Spawned [72] ZmbM_PatrolNormal_Summer @ <11226.034180, 97.276039, 14007.555664> ... Lifespan:  Set to 120 minutes.
[EOnDrop] Spawn failed for zombie [73] 'ZmbM_JacketNormal_greenchecks', it does not exist in DayZ!
[EOnDrop] Zombie Spawned [74] ZmbF_JoggerSkinny_Brown @ <11199.394531, 107.212463, 13960.916992> ... Lifespan:  Set to 120 minutes.
[EOnDrop] Zombie Spawned [75] ZmbF_CitizenANormal_Brown @ <11217.347656, 102.301857, 13978.481445> ... Lifespan:  Set to 120 minutes.
[EOnDrop] Zombie Spawned [76] ZmbM_CitizenASkinny_Red @ <11181.313477, 101.876015, 13994.606445> ... Lifespan:  Set to 120 minutes.
[EOnDrop] Zombie Spawned [77] ZmbM_PrisonerSkinny @ <11241.233398, 96.087547, 14007.932617> ... Lifespan:  Set to 120 minutes.
[EOnDrop] Zombie Spawned [78] ZmbM_PatrolNormal_Flat @ <11200.348633, 101.622734, 13983.942383> ... Lifespan:  Set to 120 minutes.
[EOnDrop] Zombie Spawned [79] ZmbF_CitizenBSkinny @ <11183.114258, 97.874344, 14016.457031> ... Lifespan:  Set to 120 minutes.
[EOnDrop] Zombie Spawned [80] ZmbM_CitizenASkinny_Grey @ <11228.191406, 101.974297, 13980.692383> ... Lifespan:  Set to 120 minutes.
[EOnDrop] Zombie Spawned [81] ZmbM_PatrolNormal_PautRev @ <11159.465820, 104.173836, 14003.564453> ... Lifespan:  Set to 120 minutes.
[EOnDrop] Zombie Spawned [82] ZmbF_SkaterYoung_Brown @ <11205.804688, 98.081383, 14007.064453> ... Lifespan:  Set to 120 minutes.
[EOnDrop] Zombie Spawned [83] ZmbM_ParamedicNormal_Blue @ <11218.123047, 93.842018, 14029.669922> ... Lifespan:  Set to 120 minutes.
[EOnDrop] Zombie Spawned [84] ZmbF_JournalistNormal_Blue @ <11201.392578, 101.564430, 13989.525391> ... Lifespan:  Set to 120 minutes.
[EOnDrop] Zombie Spawned [85] ZmbF_ShortSkirt_black @ <11230.417969, 103.089684, 13965.251953> ... Lifespan:  Set to 120 minutes.
[EOnDrop] Zombie Spawned [86] ZmbF_JournalistNormal_Green @ <11203.899414, 114.686340, 13948.378906> ... Lifespan:  Set to 120 minutes.
[EOnDrop] Zombie Spawned [87] ZmbM_SkaterYoung_Grey @ <11230.796875, 99.509567, 13996.512695> ... Lifespan:  Set to 120 minutes.
[EOnDrop] Zombie Spawned [88] ZmbF_PoliceWomanNormal @ <11165.327148, 103.777946, 14003.204102> ... Lifespan:  Set to 120 minutes.
[EOnDrop] Zombie Spawned [89] ZmbM_ClerkFat_White @ <11211.389648, 102.213905, 13975.500000> ... Lifespan:  Set to 120 minutes.
[EOnDrop] Zombie Spawned [90] ZmbM_Jacket_beige @ <11180.176758, 100.642166, 14010.927734> ... Lifespan:  Set to 120 minutes.
[EOnDrop] Zombie Spawned [91] ZmbM_PatientSkinny @ <11215.305664, 98.856613, 14001.641602> ... Lifespan:  Set to 120 minutes.
[EOnDrop] Zombie Spawned [92] ZmbM_CitizenBFat_Green @ <11179.238281, 102.256332, 13988.413086> ... Lifespan:  Set to 120 minutes.
[EOnDrop] Zombie Spawned [93] ZmbM_PolicemanSpecForce @ <11240.748047, 99.258156, 13996.685547> ... Lifespan:  Set to 120 minutes.
[EOnDrop] Zombie Spawned [94] ZmbF_ShortSkirt_checks @ <11204.905273, 101.104317, 13990.089844> ... Lifespan:  Set to 120 minutes.
[EOnDrop] Zombie Spawned [95] ZmbM_CommercialPilotOld_Grey @ <11180.538086, 93.551651, 14035.769531> ... Lifespan:  Set to 120 minutes.
[EOnDrop] Zombie Spawned [96] ZmbM_Jacket_greenchecks @ <11207.981445, 101.335022, 13988.101563> ... Lifespan:  Set to 120 minutes.
[EOnDrop] Zombie Spawned [97] ZmbM_CommercialPilotOld_Blue @ <11171.454102, 97.995834, 14020.629883> ... Lifespan:  Set to 120 minutes.
[EOnDrop] Zombie Spawned [98] ZmbM_PatrolNormal_Summer @ <11204.370117, 98.068077, 14007.451172> ... Lifespan:  Set to 120 minutes.
[EOnDrop] Zombie Spawned [99] ZmbF_ShortSkirt_red @ <11167.767578, 103.838516, 13989.699219> ... Lifespan:  Set to 120 minutes.
[EOnDrop] Zombie Spawned [100] ZmbM_SkaterYoung_Brown @ <11235.601563, 102.993462, 13958.238281> ... Lifespan:  Set to 120 minutes.
[EOnDrop] Zombie Spawned [101] ZmbM_Jacket_beige @ <11204.004883, 98.052696, 14007.931641> ... Lifespan:  Set to 120 minutes.
[EOnDrop] Zombie Spawned [102] ZmbM_CitizenASkinny_Brown @ <11214.096680, 98.259331, 14006.417969> ... Lifespan:  Set to 120 minutes.
[EOnDrop] Zombie Spawned [103] ZmbF_SkaterYoung_Brown @ <11210.729492, 91.157921, 14042.137695> ... Lifespan:  Set to 120 minutes.
[EOnDrop] Zombie Spawned [104] ZmbM_ParamedicNormal_Black @ <11172.499023, 98.332832, 14020.016602> ... Lifespan:  Set to 120 minutes.
[EOnDrop] Zombie Spawned [105] ZmbM_ClerkFat_Grey @ <11191.385742, 97.588509, 14016.364258> ... Lifespan:  Set to 120 minutes.
[EOnDrop] Zombie Spawned [106] ZmbF_SkaterYoung_Violet @ <11209.778320, 101.502007, 13986.429688> ... Lifespan:  Set to 120 minutes.
[EOnDrop] Zombie Spawned [107] ZmbF_ParamedicNormal_Blue @ <11226.587891, 96.781830, 14008.940430> ... Lifespan:  Set to 120 minutes.
[EOnDrop] Zombie Spawned [108] ZmbF_NurseFat @ <11209.836914, 98.782684, 14001.453125> ... Lifespan:  Set to 120 minutes.
[EOnDrop] Zombie Spawned [109] ZmbM_PatrolNormal_Autumn @ <11244.138672, 100.932121, 13982.037109> ... Lifespan:  Set to 120 minutes.
[EOnDrop] Zombie Spawned [110] ZmbM_PatrolNormal_Autumn @ <11193.387695, 99.302986, 14006.204102> ... Lifespan:  Set to 120 minutes.
[EOnDrop] Zombie Spawned [111] ZmbM_Jacket_black @ <11209.869141, 100.079178, 13992.996094> ... Lifespan:  Set to 120 minutes.
[EOnDrop] Zombie Spawned [112] ZmbM_ParamedicNormal_Black @ <11229.375000, 102.192711, 13979.321289> ... Lifespan:  Set to 120 minutes.
[EOnDrop] Zombie Spawned [113] ZmbM_Jacket_khaki @ <11219.602539, 98.665359, 14002.349609> ... Lifespan:  Set to 120 minutes.
[EOnDrop] Zombie Spawned [114] ZmbM_ClerkFat_White @ <11216.525391, 101.764732, 13983.088867> ... Lifespan:  Set to 120 minutes.
[EOnDrop] Zombie Spawned [115] ZmbF_CitizenANormal_Blue @ <11181.540039, 102.393799, 13978.130859> ... Lifespan:  Set to 120 minutes.
[EOnDrop] Zombie Spawned [116] ZmbF_CitizenANormal_Beige @ <11222.322266, 102.084381, 13980.248047> ... Lifespan:  Set to 120 minutes.
[EOnDrop] Zombie Spawned [117] ZmbM_Jacket_brown @ <11199.212891, 101.410881, 13994.193359> ... Lifespan:  Set to 120 minutes.
[EOnDrop] Zombie Spawned [118] ZmbF_Clerk_Normal_Blue @ <11227.214844, 102.878433, 13974.593750> ... Lifespan:  Set to 120 minutes.
[EOnDrop] Zombie Spawned [119] ZmbF_ParamedicNormal_Blue @ <11218.221680, 103.269753, 13959.383789> ... Lifespan:  Set to 120 minutes.
[EOnDrop] Zombie Spawned [120] ZmbF_Clerk_Normal_Green @ <11196.267578, 101.598808, 13980.839844> ... Lifespan:  Set to 120 minutes.
[EOnDrop] Zombie Spawned [121] ZmbF_Clerk_Normal_Blue @ <11185.936523, 93.123589, 14040.099609> ... Lifespan:  Set to 120 minutes.
[EOnDrop] Zombie Spawned [122] ZmbM_PatientSkinny @ <11211.893555, 95.268944, 14020.830078> ... Lifespan:  Set to 120 minutes.
[EOnDrop] Zombie Spawned [123] ZmbM_PolicemanSpecForce @ <11176.632813, 99.499557, 14016.631836> ... Lifespan:  Set to 120 minutes.
[EOnDrop] Zombie Spawned [124] ZmbF_ShortSkirt_black @ <11188.323242, 100.191002, 14004.130859> ... Lifespan:  Set to 120 minutes.
[EOnDrop] Zombie Spawned [125] ZmbM_PatrolNormal_Autumn @ <11208.193359, 98.229469, 14006.636719> ... Lifespan:  Set to 120 minutes.
[EOnDrop] Zombie Spawned [126] ZmbM_CommercialPilotOld_Brown @ <11205.874023, 105.885651, 13959.593750> ... Lifespan:  Set to 120 minutes.
[EOnDrop] Zombie Spawned [127] ZmbM_Jacket_black @ <11226.971680, 97.050789, 14007.996094> ... Lifespan:  Set to 120 minutes.
[EOnDrop] Zombie Spawned [128] ZmbF_JoggerSkinny_Blue @ <11226.877930, 97.900887, 14005.376953> ... Lifespan:  Set to 120 minutes.
[EOnDrop] Zombie Spawned [129] ZmbF_DoctorSkinny @ <11196.233398, 99.099571, 14005.992188> ... Lifespan:  Set to 120 minutes.
[EOnDrop] Zombie Spawned [130] ZmbF_CitizenANormal_Beige @ <11173.057617, 103.477966, 13978.891602> ... Lifespan:  Set to 120 minutes.
[EOnDrop] Zombie Spawned [131] ZmbM_PatientSkinny @ <11219.083008, 92.565536, 14035.511719> ... Lifespan:  Set to 120 minutes.
[EOnDrop] Zombie Spawned [132] ZmbF_JournalistNormal_White @ <11211.441406, 98.512779, 14004.885742> ... Lifespan:  Set to 120 minutes.
[EOnDrop] Zombie Spawned [133] ZmbM_JoggerSkinny_Red @ <11191.487305, 93.221664, 14037.196289> ... Lifespan:  Set to 120 minutes.
[EOnDrop] Zombie Spawned [134] ZmbF_ParamedicNormal_Green @ <11216.663086, 94.701225, 14024.399414> ... Lifespan:  Set to 120 minutes.
[EOnDrop] Zombie Spawned [135] ZmbF_JoggerSkinny_Brown @ <11244.689453, 93.389221, 14022.394531> ... Lifespan:  Set to 120 minutes.
[EOnDrop] Spawn failed for zombie [136] 'ZmbM_JacketNormal_greenchecks', it does not exist in DayZ!
[EOnDrop] Zombie Spawned [137] ZmbF_PoliceWomanNormal @ <11198.129883, 113.381706, 13953.008789> ... Lifespan:  Set to 120 minutes.
[EOnDrop] Zombie Spawned [138] ZmbM_Jacket_grey @ <11222.791992, 94.851379, 14022.386719> ... Lifespan:  Set to 120 minutes.
[EOnDrop] Zombie Spawned [139] ZmbM_ParamedicNormal_Black @ <11212.601563, 98.651779, 14003.951172> ... Lifespan:  Set to 120 minutes.
[EOnDrop] Zombie Spawned [140] ZmbF_ShortSkirt_yellow @ <11217.991211, 100.133163, 13991.294922> ... Lifespan:  Set to 120 minutes.
[EOnDrop] Zombie Spawned [141] ZmbM_SkaterYoung_Grey @ <11171.425781, 103.348297, 13990.449219> ... Lifespan:  Set to 120 minutes.
[EOnDrop] Zombie Spawned [142] ZmbF_Clerk_Normal_Blue @ <11195.985352, 101.596786, 13985.501953> ... Lifespan:  Set to 120 minutes.
[EOnDrop] Zombie Spawned [143] ZmbF_Clerk_Normal_Red @ <11240.296875, 96.757462, 14006.112305> ... Lifespan:  Set to 120 minutes.
[EOnDrop] Zombie Spawned [144] ZmbM_Jacket_black @ <11237.002930, 100.094414, 13991.473633> ... Lifespan:  Set to 120 minutes.
[EOnDrop] Zombie Spawned [145] ZmbF_ShortSkirt_grey @ <11230.424805, 92.111679, 14035.626953> ... Lifespan:  Set to 120 minutes.
[EOnDrop] Zombie Spawned [146] ZmbF_Clerk_Normal_White @ <11233.417969, 94.924370, 14015.820313> ... Lifespan:  Set to 120 minutes.
[EOnDrop] Zombie Spawned [147] ZmbM_CitizenASkinny_Red @ <11192.782227, 94.237679, 14026.261719> ... Lifespan:  Set to 120 minutes.
[EOnDrop] Zombie Spawned [148] ZmbF_JournalistNormal_Green @ <11201.685547, 93.339676, 14031.290039> ... Lifespan:  Set to 120 minutes.
[EOnDrop] Zombie Spawned [149] ZmbF_JoggerSkinny_Brown @ <11175.676758, 102.047836, 14004.308594> ... Lifespan:  Set to 120 minutes.
[EOnDrop] Zombie Spawned [150] ZmbM_Jacket_khaki @ <11162.729492, 104.984917, 13995.186523> ... Lifespan:  Set to 120 minutes.
[EOnDrop] Zombie Spawned [151] ZmbM_ClerkFat_Brown @ <11208.293945, 100.596230, 13991.995117> ... Lifespan:  Set to 120 minutes.
[EOnDrop] Zombie Spawned [152] ZmbM_JoggerSkinny_Green @ <11175.987305, 94.337502, 14032.864258> ... Lifespan:  Set to 120 minutes.
[EOnDrop] Zombie Spawned [153] ZmbF_ShortSkirt_beige @ <11183.948242, 111.102684, 13962.879883> ... Lifespan:  Set to 120 minutes.
[EOnDrop] Zombie Spawned [154] ZmbM_PatrolNormal_Summer @ <11215.323242, 101.053024, 13988.012695> ... Lifespan:  Set to 120 minutes.
[EOnDrop] Zombie Spawned [155] ZmbF_ParamedicNormal_Blue @ <11172.821289, 102.473007, 14002.870117> ... Lifespan:  Set to 120 minutes.
[EOnDrop] Zombie Spawned [156] ZmbM_Jacket_black @ <11181.588867, 101.888702, 13982.255859> ... Lifespan:  Set to 120 minutes.
[EOnDrop] Zombie Spawned [157] ZmbM_CitizenBFat_Blue @ <11237.039063, 101.752365, 13980.153320> ... Lifespan:  Set to 120 minutes.
[EOnDrop] Zombie Spawned [158] ZmbF_JournalistNormal_White @ <11216.837891, 106.203384, 13953.512695> ... Lifespan:  Set to 120 minutes.
[EOnDrop] Zombie Spawned [159] ZmbM_CommercialPilotOld_Grey @ <11237.081055, 93.821335, 14024.017578> ... Lifespan:  Set to 120 minutes.
[EOnDrop] Zombie Spawned [160] ZmbM_PrisonerSkinny @ <11204.520508, 101.690796, 13979.806641> ... Lifespan:  Set to 120 minutes.
[EOnDrop] Zombie Spawned [161] ZmbM_JoggerSkinny_Blue @ <11234.431641, 98.695709, 14000.513672> ... Lifespan:  Set to 120 minutes.
[EOnDrop] Zombie Spawned [162] ZmbM_CitizenASkinny_Grey @ <11227.564453, 94.868286, 14019.668945> ... Lifespan:  Set to 120 minutes.
[EOnDrop] Zombie Spawned [163] ZmbF_ShortSkirt_green @ <11230.715820, 102.186554, 13979.064453> ... Lifespan:  Set to 120 minutes.
[EOnDrop] Zombie Spawned [164] ZmbF_ShortSkirt_stripes @ <11182.555664, 109.377319, 13965.375977> ... Lifespan:  Set to 120 minutes.
[EOnDrop] Zombie Spawned [165] ZmbF_JournalistNormal_Blue @ <11211.300781, 99.055862, 13996.069336> ... Lifespan:  Set to 120 minutes.
[EOnDrop] Zombie Spawned [166] ZmbF_SkaterYoung_Violet @ <11199.265625, 101.572937, 13989.823242> ... Lifespan:  Set to 120 minutes.
[EOnDrop] Zombie Spawned [167] ZmbF_SkaterYoung_Violet @ <11254.708008, 94.558792, 14010.334961> ... Lifespan:  Set to 120 minutes.
[EOnDrop] Zombie Spawned [168] ZmbM_ParamedicNormal_Black @ <11227.261719, 102.629173, 13976.465820> ... Lifespan:  Set to 120 minutes.
[EOnDrop] Zombie Spawned [169] ZmbF_ShortSkirt_beige @ <11190.293945, 101.522003, 13991.256836> ... Lifespan:  Set to 120 minutes.
[EOnDrop] Zombie Spawned [170] ZmbF_ShortSkirt_stripes @ <11158.944336, 105.109726, 13983.234375> ... Lifespan:  Set to 120 minutes.
[EOnDrop] Zombie Spawned [171] ZmbM_ParamedicNormal_Black @ <11197.499023, 99.441711, 14002.563477> ... Lifespan:  Set to 120 minutes.
[EOnDrop] Zombie Spawned [172] ZmbF_Clerk_Normal_Green @ <11205.252930, 97.524635, 14011.342773> ... Lifespan:  Set to 120 minutes.
[EOnDrop] Zombie Spawned [173] ZmbF_CitizenANormal_Beige @ <11210.077148, 98.649849, 14003.488281> ... Lifespan:  Set to 120 minutes.
[EOnDrop] Zombie Spawned [174] ZmbM_Jacket_black @ <11207.244141, 97.423141, 14012.119141> ... Lifespan:  Set to 120 minutes.
[EOnDrop] Zombie Spawned [175] ZmbM_PrisonerSkinny @ <11209.850586, 98.280823, 14006.421875> ... Lifespan:  Set to 120 minutes.
[EOnDrop] Zombie Spawned [176] ZmbF_ShortSkirt_brown @ <11185.610352, 101.723854, 13980.744141> ... Lifespan:  Set to 120 minutes.
[EOnDrop] Zombie Spawned [177] ZmbF_Clerk_Normal_Blue @ <11228.418945, 93.485718, 14029.356445> ... Lifespan:  Set to 120 minutes.
[EOnDrop] Zombie Spawned [178] ZmbM_CitizenASkinny_Red @ <11222.029297, 103.057671, 13971.170898> ... Lifespan:  Set to 120 minutes.
[EOnDrop] Zombie Spawned [179] ZmbM_CitizenBFat_Blue @ <11185.951172, 99.833862, 14009.855469> ... Lifespan:  Set to 120 minutes.
[EOnDrop] Zombie Spawned [180] ZmbM_ParamedicNormal_Green @ <11202.736328, 94.362770, 14025.098633> ... Lifespan:  Set to 120 minutes.
[EOnDrop] Zombie Spawned [181] ZmbM_Jacket_black @ <11189.794922, 105.052292, 13967.244141> ... Lifespan:  Set to 120 minutes.
[EOnDrop] Zombie Spawned [182] ZmbF_ShortSkirt_white @ <11225.032227, 103.223625, 13964.460938> ... Lifespan:  Set to 120 minutes.
[EOnDrop] Zombie Spawned [183] ZmbM_PatrolNormal_Autumn @ <11189.762695, 115.981529, 13953.778320> ... Lifespan:  Set to 120 minutes.
[EOnDrop] Spawn failed for zombie [184] 'ZmbM_JacketNormal_greenchecks', it does not exist in DayZ!
[EOnDrop] Zombie Spawned [185] ZmbF_CitizenANormal_Blue @ <11194.343750, 99.585892, 14003.532227> ... Lifespan:  Set to 120 minutes.
[EOnDrop] Zombie Spawned [186] ZmbF_ShortSkirt_red @ <11221.009766, 103.292244, 13962.720703> ... Lifespan:  Set to 120 minutes.
[EOnDrop] Zombie Spawned [187] ZmbF_CitizenANormal_Brown @ <11167.320313, 103.805412, 13988.468750> ... Lifespan:  Set to 120 minutes.
[EOnDrop] Zombie Spawned [188] ZmbF_ShortSkirt_grey @ <11197.549805, 103.125359, 13969.456055> ... Lifespan:  Set to 120 minutes.
[EOnDrop] Zombie Spawned [189] ZmbF_JoggerSkinny_Brown @ <11216.227539, 98.627716, 14003.369141> ... Lifespan:  Set to 120 minutes.
[EOnDrop] Zombie Spawned [190] ZmbF_JournalistNormal_Red @ <11228.208008, 94.514702, 14024.782227> ... Lifespan:  Set to 120 minutes.
[EOnDrop] Zombie Spawned [191] ZmbM_Jacket_stripes @ <11203.815430, 101.635117, 13983.193359> ... Lifespan:  Set to 120 minutes.
[EOnDrop] Zombie Spawned [192] ZmbM_SkaterYoung_Green @ <11225.260742, 99.764473, 13992.945313> ... Lifespan:  Set to 120 minutes.
[EOnDrop] Zombie Spawned [193] ZmbM_ClerkFat_Khaki @ <11177.424805, 101.670219, 14009.251953> ... Lifespan:  Set to 120 minutes.
[EOnDrop] Zombie Spawned [194] ZmbF_PatientOld @ <11210.334961, 98.814308, 14001.153320> ... Lifespan:  Set to 120 minutes.
[EOnDrop] Zombie Spawned [195] ZmbM_PatrolNormal_Summer @ <11251.526367, 94.309532, 14012.728516> ... Lifespan:  Set to 120 minutes.
[EOnDrop] Zombie Spawned [196] ZmbF_ParamedicNormal_Red @ <11156.746094, 105.476624, 13997.596680> ... Lifespan:  Set to 120 minutes.
[EOnDrop] Zombie Spawned [197] ZmbF_JoggerSkinny_Green @ <11185.990234, 94.042564, 14031.323242> ... Lifespan:  Set to 120 minutes.
[EOnDrop] Zombie Spawned [198] ZmbM_PrisonerSkinny @ <11201.481445, 99.295525, 14001.023438> ... Lifespan:  Set to 120 minutes.
[EOnDrop] Zombie Spawned [199] ZmbF_ParamedicNormal_Blue @ <11218.231445, 107.164551, 13951.188477> ... Lifespan:  Set to 120 minutes.
[EOnDrop] Spawn failed for zombie [200] 'ZmbM_JacketNormal_greenchecks', it does not exist in DayZ!
[EOnDrop] Zombie Spawned [201] ZmbM_JoggerSkinny_Red @ <11255.189453, 94.804207, 14008.272461> ... Lifespan:  Set to 120 minutes.
[EOnDrop] Zombie Spawned [202] ZmbM_CitizenASkinny_Grey @ <11232.423828, 92.683998, 14032.327148> ... Lifespan:  Set to 120 minutes.
[EOnDrop] Zombie Spawned [203] ZmbM_PatrolNormal_Autumn @ <11239.046875, 96.172958, 14008.245117> ... Lifespan:  Set to 120 minutes.
[EOnDrop] Zombie Spawned [204] ZmbM_ClerkFat_Grey @ <11179.550781, 102.340523, 13978.911133> ... Lifespan:  Set to 120 minutes.
[EOnDrop] Zombie Spawned [205] ZmbF_ParamedicNormal_Red @ <11194.150391, 100.581688, 13999.551758> ... Lifespan:  Set to 120 minutes.
[EOnDrop] Zombie Spawned [206] ZmbF_ParamedicNormal_Blue @ <11174.969727, 103.064484, 13993.834961> ... Lifespan:  Set to 120 minutes.
[EOnDrop] Zombie Spawned [207] ZmbM_Jacket_beige @ <11252.069336, 99.454765, 13988.342773> ... Lifespan:  Set to 120 minutes.
[EOnDrop] Zombie Spawned [208] ZmbF_DoctorSkinny @ <11217.780273, 102.796082, 13973.335938> ... Lifespan:  Set to 120 minutes.
[EOnDrop] Zombie Spawned [209] ZmbM_ParamedicNormal_Black @ <11219.128906, 99.912460, 13992.383789> ... Lifespan:  Set to 120 minutes.
[EOnDrop] Zombie Spawned [210] ZmbM_PolicemanSpecForce @ <11218.003906, 98.715393, 14002.316406> ... Lifespan:  Set to 120 minutes.
[EOnDrop] Zombie Spawned [211] ZmbF_Clerk_Normal_Green @ <11182.891602, 96.973663, 14019.011719> ... Lifespan:  Set to 120 minutes.
[EOnDrop] Zombie Spawned [212] ZmbF_JournalistNormal_Blue @ <11222.146484, 102.570168, 13976.478516> ... Lifespan:  Set to 120 minutes.
[EOnDrop] Zombie Spawned [213] ZmbM_PatientSkinny @ <11214.951172, 101.549965, 13985.031250> ... Lifespan:  Set to 120 minutes.
[EOnDrop] Zombie Spawned [214] ZmbM_DoctorFat @ <11181.336914, 95.696930, 14022.423828> ... Lifespan:  Set to 120 minutes.
[EOnDrop] Zombie Spawned [215] ZmbM_ClerkFat_Brown @ <11180.616211, 101.745361, 13998.720703> ... Lifespan:  Set to 120 minutes.
[EOnDrop] Zombie Spawned [216] ZmbF_ShortSkirt_beige @ <11233.082031, 98.458145, 14002.221680> ... Lifespan:  Set to 120 minutes.
[EOnDrop] Zombie Spawned [217] ZmbF_JoggerSkinny_Red @ <11198.062500, 97.821259, 14012.914063> ... Lifespan:  Set to 120 minutes.
[EOnDrop] Zombie Spawned [218] ZmbF_ShortSkirt_beige @ <11224.039063, 91.936836, 14037.374023> ... Lifespan:  Set to 120 minutes.
[EOnDrop] Zombie Spawned [219] ZmbM_ClerkFat_Grey @ <11188.775391, 101.438309, 13995.600586> ... Lifespan:  Set to 120 minutes.
[EOnDrop] Zombie Spawned [220] ZmbM_ParamedicNormal_Red @ <11216.371094, 98.375198, 14005.125977> ... Lifespan:  Set to 120 minutes.
[EOnDrop] Zombie Spawned [221] ZmbF_ShortSkirt_stripes @ <11218.791016, 102.025009, 13980.714844> ... Lifespan:  Set to 120 minutes.
[EOnDrop] Zombie Spawned [222] ZmbM_CommercialPilotOld_Brown @ <11221.946289, 100.063492, 13991.054688> ... Lifespan:  Set to 120 minutes.
[EOnDrop] Zombie Spawned [223] ZmbF_SkaterYoung_Brown @ <11187.750000, 93.295212, 14038.306641> ... Lifespan:  Set to 120 minutes.
[EOnDrop] Zombie Spawned [224] ZmbM_Jacket_bluechecks @ <11243.005859, 102.585365, 13964.393555> ... Lifespan:  Set to 120 minutes.
[EOnDrop] Zombie Spawned [225] ZmbM_ParamedicNormal_Red @ <11221.682617, 103.146873, 13967.871094> ... Lifespan:  Set to 120 minutes.
[EOnDrop] Zombie Spawned [226] ZmbF_SkaterYoung_Brown @ <11186.005859, 100.623665, 14004.398438> ... Lifespan:  Set to 120 minutes.
[EOnDrop] Zombie Spawned [227] ZmbM_ParamedicNormal_Red @ <11223.941406, 99.021370, 13999.918945> ... Lifespan:  Set to 120 minutes.
[EOnDrop] Zombie Spawned [228] ZmbM_Jacket_beige @ <11220.518555, 102.343323, 13978.079102> ... Lifespan:  Set to 120 minutes.
[EOnDrop] Zombie Spawned [229] ZmbF_DoctorSkinny @ <11206.380859, 94.273552, 14026.284180> ... Lifespan:  Set to 120 minutes.
[EOnDrop] Zombie Spawned [230] ZmbM_ClerkFat_Grey @ <11172.231445, 103.388962, 13992.553711> ... Lifespan:  Set to 120 minutes.
[EOnDrop] Zombie Spawned [231] ZmbM_CommercialPilotOld_Grey @ <11180.295898, 111.042572, 13964.226563> ... Lifespan:  Set to 120 minutes.
[EOnDrop] Zombie Spawned [232] ZmbF_ShortSkirt_checks @ <11207.744141, 100.887672, 13990.653320> ... Lifespan:  Set to 120 minutes.
[EOnDrop] Zombie Spawned [233] ZmbM_CitizenBFat_Green @ <11187.225586, 93.545921, 14035.562500> ... Lifespan:  Set to 120 minutes.
[EOnDrop] Zombie Spawned [234] ZmbF_ParamedicNormal_Green @ <11169.246094, 103.992851, 13979.601563> ... Lifespan:  Set to 120 minutes.
[EOnDrop] Zombie Spawned [235] ZmbF_Clerk_Normal_Red @ <11203.911133, 101.730103, 13978.536133> ... Lifespan:  Set to 120 minutes.
[EOnDrop] Zombie Spawned [236] ZmbM_CommercialPilotOld_Brown @ <11181.249023, 96.206566, 14021.174805> ... Lifespan:  Set to 120 minutes.
[EOnDrop] Zombie Spawned [237] ZmbM_PatrolNormal_Flat @ <11244.897461, 93.743866, 14019.041992> ... Lifespan:  Set to 120 minutes.
[EOnDrop] Zombie Spawned [238] ZmbM_PatrolNormal_Summer @ <11208.010742, 92.234962, 14037.567383> ... Lifespan:  Set to 120 minutes.
[EOnDrop] Zombie Spawned [239] ZmbM_SkaterYoung_Brown @ <11215.820313, 99.212662, 13995.008789> ... Lifespan:  Set to 120 minutes.
[EOnDrop] Zombie Spawned [240] ZmbF_PoliceWomanNormal @ <11224.502930, 101.463615, 13984.088867> ... Lifespan:  Set to 120 minutes.
[EOnDrop] Zombie Spawned [241] ZmbF_NurseFat @ <11237.506836, 98.974991, 13998.555664> ... Lifespan:  Set to 120 minutes.
[EOnDrop] Zombie Spawned [242] ZmbM_Jacket_grey @ <11251.628906, 94.482307, 14011.604492> ... Lifespan:  Set to 120 minutes.
[EOnDrop] Zombie Spawned [243] ZmbM_PatientSkinny @ <11208.674805, 101.896553, 13981.011719> ... Lifespan:  Set to 120 minutes.
[EOnDrop] Zombie Spawned [244] ZmbM_JoggerSkinny_Green @ <11208.945313, 110.116081, 13952.302734> ... Lifespan:  Set to 120 minutes.
[EOnDrop] Zombie Spawned [245] ZmbF_JoggerSkinny_Blue @ <11187.781250, 105.615311, 13967.349609> ... Lifespan:  Set to 120 minutes.
[EOnDrop] Zombie Spawned [246] ZmbF_JournalistNormal_Red @ <11221.121094, 99.298447, 13995.911133> ... Lifespan:  Set to 120 minutes.
[EOnDrop] Zombie Spawned [247] ZmbM_PatrolNormal_Flat @ <11241.144531, 98.046082, 14001.630859> ... Lifespan:  Set to 120 minutes.
[EOnDrop] Zombie Spawned [248] ZmbM_Jacket_blue @ <11215.122070, 95.309990, 14019.173828> ... Lifespan:  Set to 120 minutes.
[EOnDrop] Zombie Spawned [249] ZmbM_DoctorFat @ <11188.450195, 93.875504, 14032.175781> ... Lifespan:  Set to 120 minutes.
[EOnDrop] Zombie Spawned [250] ZmbM_ParamedicNormal_Red @ <11214.247070, 97.873306, 14008.822266> ... Lifespan:  Set to 120 minutes.
[EOnDrop] Zombie Spawned [251] ZmbF_ShortSkirt_green @ <11195.134766, 101.523254, 13993.848633> ... Lifespan:  Set to 120 minutes.
[EOnDrop] Zombie Spawned [252] ZmbF_ShortSkirt_grey @ <11228.472656, 103.241211, 13959.281250> ... Lifespan:  Set to 120 minutes.
[EOnDrop] Zombie Spawned [253] ZmbM_Jacket_bluechecks @ <11187.314453, 101.727768, 13984.440430> ... Lifespan:  Set to 120 minutes.
[EOnDrop] Zombie Spawned [254] ZmbM_PatrolNormal_Autumn @ <11193.544922, 99.249832, 14006.493164> ... Lifespan:  Set to 120 minutes.
[EOnDrop] Zombie Spawned [255] ZmbF_PatientOld @ <11229.793945, 102.813141, 13974.527344> ... Lifespan:  Set to 120 minutes.
[EOnDrop] Zombie Spawned [256] ZmbM_DoctorFat @ <11198.262695, 99.121719, 14004.321289> ... Lifespan:  Set to 120 minutes.
[EOnDrop] Zombie Spawned [257] ZmbM_PatrolNormal_PautRev @ <11227.593750, 98.850349, 14001.839844> ... Lifespan:  Set to 120 minutes.
[EOnDrop] Zombie Spawned [258] ZmbM_Jacket_black @ <11237.777344, 100.875420, 13985.921875> ... Lifespan:  Set to 120 minutes.
[EOnDrop] Zombie Spawned [259] ZmbF_JournalistNormal_Green @ <11206.945313, 101.719536, 13984.809570> ... Lifespan:  Set to 120 minutes.
[EOnDrop] Zombie Spawned [260] ZmbF_SkaterYoung_Violet @ <11212.083984, 90.767960, 14044.751953> ... Lifespan:  Set to 120 minutes.
[EOnDrop] Zombie Spawned [261] ZmbF_CitizenBSkinny @ <11209.568359, 103.092804, 13963.708008> ... Lifespan:  Set to 120 minutes.
[EOnDrop] Zombie Spawned [262] ZmbM_CitizenBFat_Green @ <11242.811523, 100.156380, 13988.496094> ... Lifespan:  Set to 120 minutes.
[EOnDrop] Zombie Spawned [263] ZmbM_ClerkFat_White @ <11216.160156, 101.458504, 13985.453125> ... Lifespan:  Set to 120 minutes.
[EOnDrop] Zombie Spawned [264] ZmbF_ShortSkirt_checks @ <11221.795898, 98.959412, 13999.938477> ... Lifespan:  Set to 120 minutes.
[EOnDrop] Zombie Spawned [265] ZmbM_Jacket_stripes @ <11227.025391, 94.688469, 14023.046875> ... Lifespan:  Set to 120 minutes.
[EOnDrop] Zombie Spawned [266] ZmbF_JournalistNormal_Red @ <11206.021484, 98.561546, 14002.703125> ... Lifespan:  Set to 120 minutes.
[EOnDrop] Zombie Spawned [267] ZmbM_CommercialPilotOld_Grey @ <11184.523438, 94.498825, 14025.688477> ... Lifespan:  Set to 120 minutes.
[EOnDrop] Zombie Spawned [268] ZmbF_ParamedicNormal_Blue @ <11199.439453, 98.772591, 14005.916992> ... Lifespan:  Set to 120 minutes.
[EOnDrop] Zombie Spawned [269] ZmbF_JoggerSkinny_Red @ <11200.221680, 98.352081, 14008.663086> ... Lifespan:  Set to 120 minutes.
[EOnDrop] Spawn failed for zombie [270] 'ZmbM_JacketNormal_greenchecks', it does not exist in DayZ!
[EOnDrop] Zombie Spawned [271] ZmbM_PolicemanSpecForce @ <11235.955078, 97.163651, 14005.871094> ... Lifespan:  Set to 120 minutes.
[EOnDrop] Zombie Spawned [272] ZmbF_DoctorSkinny @ <11207.779297, 102.012215, 13975.338867> ... Lifespan:  Set to 120 minutes.
[EOnDrop] Zombie Spawned [273] ZmbM_ParamedicNormal_Blue @ <11165.787109, 109.621750, 13971.529297> ... Lifespan:  Set to 120 minutes.
[EOnDrop] Zombie Spawned [274] ZmbM_Jacket_bluechecks @ <11231.315430, 94.054077, 14025.745117> ... Lifespan:  Set to 120 minutes.
[EOnDrop] Zombie Spawned [275] ZmbF_JournalistNormal_Blue @ <11211.144531, 102.552422, 13966.251953> ... Lifespan:  Set to 120 minutes.
[EOnDrop] Zombie Spawned [276] ZmbF_DoctorSkinny @ <11185.707031, 101.783569, 13986.087891> ... Lifespan:  Set to 120 minutes.
[EOnDrop] Zombie Spawned [277] ZmbM_PatrolNormal_Flat @ <11207.529297, 105.479347, 13959.445313> ... Lifespan:  Set to 120 minutes.
[EOnDrop] Zombie Spawned [278] ZmbF_CitizenANormal_Brown @ <11216.028320, 100.706039, 13989.149414> ... Lifespan:  Set to 120 minutes.
[EOnDrop] Zombie Spawned [279] ZmbF_ShortSkirt_brown @ <11226.199219, 103.601089, 13956.347656> ... Lifespan:  Set to 120 minutes.
[EOnDrop] Zombie Spawned [280] ZmbM_Jacket_grey @ <11179.469727, 100.582336, 14011.578125> ... Lifespan:  Set to 120 minutes.
[EOnDrop] Zombie Spawned [281] ZmbM_CitizenBFat_Green @ <11214.718750, 99.120285, 13996.783203> ... Lifespan:  Set to 120 minutes.
[EOnDrop] Zombie Spawned [282] ZmbM_Jacket_grey @ <11173.274414, 103.482758, 13978.788086> ... Lifespan:  Set to 120 minutes.
[EOnDrop] Zombie Spawned [283] ZmbF_ShortSkirt_beige @ <11208.150391, 98.650726, 14002.718750> ... Lifespan:  Set to 120 minutes.
[EOnDrop] Zombie Spawned [284] ZmbF_NurseFat @ <11211.095703, 102.156914, 13976.829102> ... Lifespan:  Set to 120 minutes.
[EOnDrop] Zombie Spawned [285] ZmbM_PatientSkinny @ <11216.660156, 93.066048, 14033.382813> ... Lifespan:  Set to 120 minutes.
[EOnDrop] Zombie Spawned [286] ZmbM_PolicemanSpecForce @ <11224.567383, 94.449951, 14025.986328> ... Lifespan:  Set to 120 minutes.
[EOnDrop] Zombie Spawned [287] ZmbF_Clerk_Normal_Red @ <11212.932617, 99.001869, 13998.756836> ... Lifespan:  Set to 120 minutes.
[EOnDrop] Zombie Spawned [288] ZmbM_Jacket_stripes @ <11215.566406, 102.526390, 13976.089844> ... Lifespan:  Set to 120 minutes.
[EOnDrop] Zombie Spawned [289] ZmbF_ShortSkirt_beige @ <11226.752930, 98.824387, 14001.944336> ... Lifespan:  Set to 120 minutes.
[EOnDrop] Zombie Spawned [290] ZmbM_ParamedicNormal_Black @ <11207.889648, 102.174614, 13971.237305> ... Lifespan:  Set to 120 minutes.
[EOnDrop] Zombie Spawned [291] ZmbM_PatrolNormal_Autumn @ <11197.431641, 101.580322, 13976.235352> ... Lifespan:  Set to 120 minutes.
[EOnDrop] Zombie Spawned [292] ZmbM_CitizenASkinny_Blue @ <11162.252930, 99.916519, 14017.359375> ... Lifespan:  Set to 120 minutes.
[EOnDrop] Zombie Spawned [293] ZmbF_ShortSkirt_grey @ <11218.976563, 101.254295, 13986.366211> ... Lifespan:  Set to 120 minutes.
[EOnDrop] Zombie Spawned [294] ZmbM_CitizenBFat_Green @ <11234.906250, 102.921936, 13965.878906> ... Lifespan:  Set to 120 minutes.
[EOnDrop] Zombie Spawned [295] ZmbF_JoggerSkinny_Red @ <11227.177734, 100.597313, 13986.672852> ... Lifespan:  Set to 120 minutes.
[EOnDrop] Zombie Spawned [296] ZmbM_CitizenBFat_Red @ <11176.029297, 102.027298, 14004.207031> ... Lifespan:  Set to 120 minutes.
[EOnDrop] Zombie Spawned [297] ZmbM_SkaterYoung_Grey @ <11243.115234, 92.836945, 14027.247070> ... Lifespan:  Set to 120 minutes.
[EOnDrop] Zombie Spawned [298] ZmbF_ShortSkirt_green @ <11165.041016, 99.091728, 14018.285156> ... Lifespan:  Set to 120 minutes.
[EOnDrop] Zombie Spawned [299] ZmbM_PatrolNormal_Autumn @ <11250.085938, 99.545464, 13989.139648> ... Lifespan:  Set to 120 minutes.
[EOnDrop] Zombie Spawned [300] ZmbF_SkaterYoung_Violet @ <11209.373047, 104.965462, 13959.374023> ... Lifespan:  Set to 120 minutes.
[EOnDrop] Zombie Spawned [301] ZmbM_Jacket_greenchecks @ <11233.608398, 94.371246, 14020.564453> ... Lifespan:  Set to 120 minutes.
[EOnDrop] Zombie Spawned [302] ZmbM_PatrolNormal_Summer @ <11217.266602, 99.226372, 13995.781250> ... Lifespan:  Set to 120 minutes.
[EOnDrop] Zombie Spawned [303] ZmbM_ClerkFat_White @ <11190.360352, 109.825531, 13961.534180> ... Lifespan:  Set to 120 minutes.
[EOnDrop] Zombie Spawned [304] ZmbM_SkaterYoung_Grey @ <11194.597656, 95.396454, 14021.975586> ... Lifespan:  Set to 120 minutes.
[EOnDrop] Zombie Spawned [305] ZmbM_CommercialPilotOld_Brown @ <11189.724609, 100.666367, 13999.592773> ... Lifespan:  Set to 120 minutes.
[EOnDrop] Zombie Spawned [306] ZmbF_PoliceWomanNormal @ <11206.855469, 107.291245, 13957.036133> ... Lifespan:  Set to 120 minutes.
[EOnDrop] Zombie Spawned [307] ZmbF_SkaterYoung_Violet @ <11185.698242, 111.446869, 13961.977539> ... Lifespan:  Set to 120 minutes.
[EOnDrop] Zombie Spawned [308] ZmbM_CitizenBFat_Blue @ <11201.113281, 99.431099, 14000.615234> ... Lifespan:  Set to 120 minutes.
[EOnDrop] Zombie Spawned [309] ZmbM_CitizenBFat_Blue @ <11227.994141, 95.145134, 14016.549805> ... Lifespan:  Set to 120 minutes.
[EOnDrop] Zombie Spawned [310] ZmbM_SkaterYoung_Grey @ <11226.612305, 103.158997, 13969.358398> ... Lifespan:  Set to 120 minutes.
[EOnDrop] Zombie Spawned [311] ZmbM_ClerkFat_Brown @ <11198.576172, 99.085037, 14004.311523> ... Lifespan:  Set to 120 minutes.
[EOnDrop] Zombie Spawned [312] ZmbM_ParamedicNormal_Black @ <11203.548828, 101.776207, 13977.171875> ... Lifespan:  Set to 120 minutes.
[EOnDrop] Zombie Spawned [313] ZmbF_JournalistNormal_Blue @ <11203.082031, 98.678009, 14003.230469> ... Lifespan:  Set to 120 minutes.
[EOnDrop] Zombie Spawned [314] ZmbF_ShortSkirt_checks @ <11193.827148, 93.934921, 14028.901367> ... Lifespan:  Set to 120 minutes.
[EOnDrop] Zombie Spawned [315] ZmbM_ParamedicNormal_Blue @ <11190.497070, 93.305664, 14037.363281> ... Lifespan:  Set to 120 minutes.
[EOnDrop] Zombie Spawned [316] ZmbM_CommercialPilotOld_Blue @ <11162.998047, 102.414482, 14011.122070> ... Lifespan:  Set to 120 minutes.
[EOnDrop] Zombie Spawned [317] ZmbF_ShortSkirt_white @ <11240.504883, 97.649269, 14003.253906> ... Lifespan:  Set to 120 minutes.
[EOnDrop] Zombie Spawned [318] ZmbF_PoliceWomanNormal @ <11203.470703, 96.568802, 14017.700195> ... Lifespan:  Set to 120 minutes.
[EOnDrop] Zombie Spawned [319] ZmbF_SkaterYoung_Brown @ <11245.063477, 97.222534, 14002.204102> ... Lifespan:  Set to 120 minutes.
[EOnDrop] Zombie Spawned [320] ZmbF_PatientOld @ <11195.569336, 99.793785, 14001.886719> ... Lifespan:  Set to 120 minutes.
[EOnDrop] Zombie Spawned [321] ZmbF_CitizenANormal_Brown @ <11206.578125, 101.754288, 13981.741211> ... Lifespan:  Set to 120 minutes.
[EOnDrop] Zombie Spawned [322] ZmbM_JoggerSkinny_Red @ <11240.145508, 94.250687, 14017.126953> ... Lifespan:  Set to 120 minutes.
[EOnDrop] Zombie Spawned [323] ZmbM_CitizenBFat_Green @ <11181.876953, 93.516167, 14036.873047> ... Lifespan:  Set to 120 minutes.
[EOnDrop] Zombie Spawned [324] ZmbF_ShortSkirt_brown @ <11199.436523, 97.831421, 14012.200195> ... Lifespan:  Set to 120 minutes.
[EOnDrop] Zombie Spawned [325] ZmbF_PatientOld @ <11217.032227, 100.922371, 13988.300781> ... Lifespan:  Set to 120 minutes.
[EOnDrop] Zombie Spawned [326] ZmbM_PatrolNormal_Autumn @ <11167.010742, 99.441978, 14016.795898> ... Lifespan:  Set to 120 minutes.
[EOnDrop] Zombie Spawned [327] ZmbM_Jacket_greenchecks @ <11189.886719, 100.380508, 14001.060547> ... Lifespan:  Set to 120 minutes.
[EOnDrop] Zombie Spawned [328] ZmbF_ShortSkirt_beige @ <11181.242188, 103.486572, 13974.443359> ... Lifespan:  Set to 120 minutes.
[EOnDrop] Zombie Spawned [329] ZmbM_CommercialPilotOld_Olive @ <11204.595703, 101.592445, 13985.312500> ... Lifespan:  Set to 120 minutes.
[EOnDrop] Zombie Spawned [330] ZmbM_Jacket_bluechecks @ <11191.202148, 100.161705, 14001.944336> ... Lifespan:  Set to 120 minutes.
[EOnDrop] Zombie Spawned [331] ZmbF_CitizenBSkinny @ <11219.925781, 97.684898, 14006.983398> ... Lifespan:  Set to 120 minutes.
[EOnDrop] Zombie Spawned [332] ZmbM_SkaterYoung_Blue @ <11235.091797, 102.817131, 13973.163086> ... Lifespan:  Set to 120 minutes.
[EOnDrop] Zombie Spawned [333] ZmbF_JoggerSkinny_Blue @ <11186.278320, 102.359009, 13973.871094> ... Lifespan:  Set to 120 minutes.
[EOnDrop] Spawn failed for zombie [334] 'ZmbM_JacketNormal_greenchecks', it does not exist in DayZ!
[EOnDrop] Zombie Spawned [335] ZmbM_CitizenBFat_Green @ <11177.413086, 102.138290, 13998.673828> ... Lifespan:  Set to 120 minutes.
[EOnDrop] Zombie Spawned [336] ZmbF_SkaterYoung_Brown @ <11248.608398, 97.994217, 13995.331055> ... Lifespan:  Set to 120 minutes.
[EOnDrop] Zombie Spawned [337] ZmbF_ShortSkirt_red @ <11212.842773, 98.079132, 14007.953125> ... Lifespan:  Set to 120 minutes.
[EOnDrop] Zombie Spawned [338] ZmbM_SkaterYoung_Blue @ <11196.160156, 101.593704, 13986.593750> ... Lifespan:  Set to 120 minutes.
[EOnDrop] Zombie Spawned [339] ZmbF_ShortSkirt_red @ <11165.208008, 102.927277, 14007.952148> ... Lifespan:  Set to 120 minutes.
[EOnDrop] Zombie Spawned [340] ZmbM_JoggerSkinny_Red @ <11217.789063, 102.532745, 13976.553711> ... Lifespan:  Set to 120 minutes.
[EOnDrop] Zombie Spawned [341] ZmbM_CitizenASkinny_Red @ <11207.883789, 97.935616, 14008.735352> ... Lifespan:  Set to 120 minutes.
[EOnDrop] Zombie Spawned [342] ZmbF_JoggerSkinny_Red @ <11241.643555, 96.393669, 14006.879883> ... Lifespan:  Set to 120 minutes.
[EOnDrop] Zombie Spawned [343] ZmbM_CommercialPilotOld_Grey @ <11246.434570, 101.545128, 13974.739258> ... Lifespan:  Set to 120 minutes.
[EOnDrop] Zombie Spawned [344] ZmbM_Jacket_stripes @ <11210.805664, 100.169296, 13992.210938> ... Lifespan:  Set to 120 minutes.
[EOnDrop] Zombie Spawned [345] ZmbM_Jacket_beige @ <11169.620117, 97.856216, 14020.663086> ... Lifespan:  Set to 120 minutes.
[EOnDrop] Zombie Spawned [346] ZmbM_ClerkFat_White @ <11228.426758, 102.724670, 13975.532227> ... Lifespan:  Set to 120 minutes.
[EOnDrop] Zombie Spawned [347] ZmbM_SkaterYoung_Grey @ <11240.598633, 100.795769, 13984.844727> ... Lifespan:  Set to 120 minutes.
[EOnDrop] Spawn failed for zombie [348] 'ZmbM_JacketNormal_greenchecks', it does not exist in DayZ!
[EOnDrop] Zombie Spawned [349] ZmbF_JoggerSkinny_Green @ <11199.048828, 98.699135, 14006.851563> ... Lifespan:  Set to 120 minutes.
[EOnDrop] Zombie Spawned [350] ZmbF_NurseFat @ <11169.107422, 108.962814, 13970.995117> ... Lifespan:  Set to 120 minutes.
[EOnDrop] Zombie Spawned [351] ZmbF_ParamedicNormal_Blue @ <11218.199219, 97.549095, 14008.442383> ... Lifespan:  Set to 120 minutes.
[EOnDrop] Zombie Spawned [352] ZmbM_Jacket_beige @ <11201.288086, 103.811623, 13965.403320> ... Lifespan:  Set to 120 minutes.
[EOnDrop] Zombie Spawned [353] ZmbM_CitizenBFat_Red @ <11225.000000, 98.529160, 14003.418945> ... Lifespan:  Set to 120 minutes.
[EOnDrop] Zombie Spawned [354] ZmbF_JoggerSkinny_Green @ <11208.674805, 94.456390, 14025.312500> ... Lifespan:  Set to 120 minutes.
[EOnDrop] Zombie Spawned [355] ZmbM_JoggerSkinny_Blue @ <11167.206055, 102.802666, 14006.699219> ... Lifespan:  Set to 120 minutes.
[EOnDrop] Zombie Spawned [356] ZmbM_CitizenBFat_Red @ <11211.714844, 94.727882, 14023.896484> ... Lifespan:  Set to 120 minutes.
[EOnDrop] Zombie Spawned [357] ZmbF_ShortSkirt_brown @ <11247.544922, 100.828079, 13981.207031> ... Lifespan:  Set to 120 minutes.
[EOnDrop] Zombie Spawned [358] ZmbF_PatientOld @ <11222.737305, 98.921967, 14000.566406> ... Lifespan:  Set to 120 minutes.
[EOnDrop] Zombie Spawned [359] ZmbM_SkaterYoung_Green @ <11205.626953, 101.902313, 13975.208008> ... Lifespan:  Set to 120 minutes.
[EOnDrop] Zombie Spawned [360] ZmbF_SkaterYoung_Striped @ <11214.479492, 98.984581, 14000.504883> ... Lifespan:  Set to 120 minutes.
[EOnDrop] Drop spawned with 360 infected at <11206.343750, 242.673477, 13997.676758>.
[EOnDrop] Supplies have been dropped near Novodmitrovsk.
[EOnBeforeDelete] Aircraft despawned @ <6766.296875, 538.272095, 16360.270508>
[~AirdropPlane] Aircraft destroyed.
