[InitializeContainer] Container created on 2021-03-08 @ 22-21-34
[InitializeContainer] Winds: Vector <11.028709, 0.000000, 0.112749>, Speed 11.0293mps, Strength 0.1
[AirdropContainerFall] Drop Type 'Military Weapons', Container: 'AirdropContainer_Military', Mode/Quantity/Iems: Random/20/18, Flare:  10%
[AirdropContainerFall] Loot Spawned [1] Mag_AKM_30Rnd @ <13383.273438, 40.053741, 3163.827637> ... Lifespan: Set to 120 minutes.
[AirdropContainerFall] Loot Spawned [2] TWP_ArexZero @ <13383.160156, 40.178455, 3164.557129> ... Lifespan: Set to 120 minutes.
[AirdropContainerFall] Loot Spawned [3] TWP_P8 @ <13383.219727, 40.507900, 3166.190186> ... Lifespan: Set to 120 minutes.
[AirdropContainerFall] Loot Spawned [4] FNX45 @ <13387.553711, 39.187809, 3163.013916> ... Lifespan: Set to 120 minutes.
[AirdropContainerFall] Loot Spawned [5] M4A1 @ <13384.350586, 40.040836, 3165.021729> ... Lifespan: Set to 120 minutes.
[AirdropContainerFall] Loot Spawned [6] AmmoBox_762x39_20Rnd @ <13386.958008, 39.992199, 3166.350586> ... Lifespan: Set to 120 minutes.
[AirdropContainerFall] Loot Spawned [7] Mag_STANAG_30Rnd @ <13387.744141, 39.165813, 3163.257813> ... Lifespan: Set to 120 minutes.
[AirdropContainerFall] Spawn failed for item [8] 'WP_ArexZero_mag_18Rnd', does not exist in DayZ!
[AirdropContainerFall] Loot Spawned [9] TWP_RemingtonMSR_mag_5Rnd @ <13382.532227, 40.327637, 3164.838135> ... Lifespan: Set to 120 minutes.
[AirdropContainerFall] Loot Spawned [10] AmmoBox_762x39_20Rnd @ <13383.882813, 39.761501, 3162.532227> ... Lifespan: Set to 120 minutes.
[AirdropContainerFall] Loot Spawned [11] M4A1 @ <13386.003906, 39.745785, 3164.976563> ... Lifespan: Set to 120 minutes.
[AirdropContainerFall] Loot Spawned [12] TWP_P8_mag_15Rnd @ <13387.839844, 39.316437, 3164.504150> ... Lifespan: Set to 120 minutes.
[AirdropContainerFall] Loot Spawned [13] TWP_P8_mag_15Rnd @ <13385.272461, 39.306934, 3161.048340> ... Lifespan: Set to 120 minutes.
[AirdropContainerFall] Loot Spawned [14] LandMineTrap @ <13384.659180, 40.019909, 3165.162109> ... Lifespan: Set to 120 minutes.
[AirdropContainerFall] Loot Spawned [15] AKM @ <13386.628906, 39.863297, 3165.928955> ... Lifespan: Set to 120 minutes.
[AirdropContainerFall] Loot Spawned [16] TWP_P8_mag_15Rnd @ <13384.468750, 40.054932, 3165.170898> ... Lifespan: Set to 120 minutes.
[AirdropContainerFall] Loot Spawned [17] M4A1 @ <13386.392578, 39.203728, 3161.679443> ... Lifespan: Set to 120 minutes.
[AirdropContainerFall] Loot Spawned [18] TWP_P8_mag_15Rnd @ <13384.041016, 39.969742, 3164.168945> ... Lifespan: Set to 120 minutes.
[AirdropContainerFall] Spawn failed for item [19] 'TWP_P90Shallow_Grave_mag_50Rn', does not exist in DayZ!
[AirdropContainerFall] Loot Spawned [20] TWP_USPPsychodelic_mag_15Rnd @ <13384.045898, 39.941425, 3163.977783> ... Lifespan: Set to 120 minutes.
[AirdropContainerUnstuck] Container was unstuck.
[~AirdropContainerBase] Container Destroyed on 2021-03-08 @ 23-21-34
