[AirdropPlane] Aircraft created on 2021-03-13 @ 10-07-22
[InitializeAircraft] Aircraft Initialized: Berezino @ 11464/8908 (true)
[EOnBeforeDrop] The Aircraft is 1 Km from Berezino. @ <11158.348633, 285.730652, 10374.798828>
[EOnDrop] Zombie Spawned [1] ZmbM_Jacket_stripes @ <11410.361328, 110.937347, 8971.912109> ... Lifespan:  Set to 120 minutes.
[EOnDrop] Zombie Spawned [2] ZmbF_JournalistNormal_Green @ <11477.854492, 98.853378, 9023.674805> ... Lifespan:  Set to 120 minutes.
[EOnDrop] Zombie Spawned [3] ZmbF_Clerk_Normal_Blue @ <11451.686523, 103.361328, 9013.800781> ... Lifespan:  Set to 120 minutes.
[EOnDrop] Zombie Spawned [4] ZmbM_ClerkFat_White @ <11452.448242, 104.238106, 9003.299805> ... Lifespan:  Set to 120 minutes.
[EOnDrop] Zombie Spawned [5] ZmbM_CitizenBFat_Green @ <11409.485352, 110.812668, 8974.612305> ... Lifespan:  Set to 120 minutes.
[EOnDrop] Zombie Spawned [6] ZmbM_Jacket_black @ <11481.507813, 100.890877, 9006.812500> ... Lifespan:  Set to 120 minutes.
[EOnDrop] Zombie Spawned [7] ZmbM_JoggerSkinny_Red @ <11441.974609, 105.762276, 8998.861328> ... Lifespan:  Set to 120 minutes.
[EOnDrop] Zombie Spawned [8] ZmbF_ShortSkirt_white @ <11442.710938, 105.165787, 9005.572266> ... Lifespan:  Set to 120 minutes.
[EOnDrop] Zombie Spawned [9] ZmbM_CitizenBFat_Red @ <11441.598633, 106.608063, 8989.163086> ... Lifespan:  Set to 120 minutes.
[EOnDrop] Zombie Spawned [10] ZmbF_CitizenANormal_Blue @ <11467.517578, 102.437653, 9005.230469> ... Lifespan:  Set to 120 minutes.
[EOnDrop] Zombie Spawned [11] ZmbF_SkaterYoung_Striped @ <11426.915039, 107.489136, 8996.264648> ... Lifespan:  Set to 120 minutes.
[EOnDrop] Zombie Spawned [12] ZmbM_Jacket_beige @ <11451.485352, 105.619934, 8989.774414> ... Lifespan:  Set to 120 minutes.
[EOnDrop] Zombie Spawned [13] ZmbF_JournalistNormal_Blue @ <11462.132813, 105.953270, 8978.925781> ... Lifespan:  Set to 120 minutes.
[EOnDrop] Zombie Spawned [14] ZmbF_ShortSkirt_grey @ <11451.830078, 105.060081, 8995.259766> ... Lifespan:  Set to 120 minutes.
[EOnDrop] Zombie Spawned [15] ZmbM_ParamedicNormal_Green @ <11408.047852, 111.257301, 8970.646484> ... Lifespan:  Set to 120 minutes.
[EOnDrop] Zombie Spawned [16] ZmbM_PatrolNormal_Autumn @ <11418.280273, 107.442459, 9010.605469> ... Lifespan:  Set to 120 minutes.
[EOnDrop] Zombie Spawned [17] ZmbM_SkaterYoung_Blue @ <11463.830078, 98.906090, 9041.423828> ... Lifespan:  Set to 120 minutes.
[EOnDrop] Zombie Spawned [18] ZmbF_JoggerSkinny_Blue @ <11403.628906, 110.176338, 8990.052734> ... Lifespan:  Set to 120 minutes.
[EOnDrop] Zombie Spawned [19] ZmbF_JournalistNormal_Blue @ <11445.007813, 105.101372, 9002.971680> ... Lifespan:  Set to 120 minutes.
[EOnDrop] Zombie Spawned [20] ZmbF_CitizenANormal_Brown @ <11474.987305, 98.716057, 9027.211914> ... Lifespan:  Set to 120 minutes.
[EOnDrop] Zombie Spawned [21] ZmbM_CommercialPilotOld_Grey @ <11414.435547, 110.851822, 8968.624023> ... Lifespan:  Set to 120 minutes.
[EOnDrop] Zombie Spawned [22] ZmbF_ShortSkirt_brown @ <11439.130859, 106.278526, 8996.122070> ... Lifespan:  Set to 120 minutes.
[EOnDrop] Zombie Spawned [23] ZmbM_JoggerSkinny_Green @ <11444.908203, 107.081711, 8980.650391> ... Lifespan:  Set to 120 minutes.
[EOnDrop] Zombie Spawned [24] ZmbM_Jacket_beige @ <11445.280273, 106.361427, 8987.914063> ... Lifespan:  Set to 120 minutes.
[EOnDrop] Zombie Spawned [25] ZmbF_JournalistNormal_Green @ <11441.810547, 103.596573, 9026.993164> ... Lifespan:  Set to 120 minutes.
[EOnDrop] Zombie Spawned [26] ZmbM_ClerkFat_Khaki @ <11457.279297, 105.462852, 8986.419922> ... Lifespan:  Set to 120 minutes.
[EOnDrop] Zombie Spawned [27] ZmbM_CitizenASkinny_Brown @ <11470.207031, 107.902443, 8960.338867> ... Lifespan:  Set to 120 minutes.
[EOnDrop] Zombie Spawned [28] ZmbM_PrisonerSkinny @ <11440.555664, 108.022682, 8974.875977> ... Lifespan:  Set to 120 minutes.
[EOnDrop] Zombie Spawned [29] ZmbF_ParamedicNormal_Green @ <11440.912109, 106.356361, 8992.725586> ... Lifespan:  Set to 120 minutes.
[EOnDrop] Zombie Spawned [30] ZmbF_ParamedicNormal_Blue @ <11451.820313, 105.098419, 8994.866211> ... Lifespan:  Set to 120 minutes.
[EOnDrop] Zombie Spawned [31] ZmbM_ClerkFat_Khaki @ <11427.747070, 105.407753, 9029.165039> ... Lifespan:  Set to 120 minutes.
[EOnDrop] Zombie Spawned [32] ZmbF_CitizenANormal_Beige @ <11433.979492, 106.380302, 9002.166992> ... Lifespan:  Set to 120 minutes.
[EOnDrop] Zombie Spawned [33] ZmbM_PolicemanFat @ <11419.453125, 106.630669, 9023.956055> ... Lifespan:  Set to 120 minutes.
[EOnDrop] Zombie Spawned [34] ZmbM_CommercialPilotOld_Blue @ <11405.419922, 108.787148, 9007.208008> ... Lifespan:  Set to 120 minutes.
[EOnDrop] Zombie Spawned [35] ZmbF_Clerk_Normal_Green @ <11479.708008, 106.448540, 8967.307617> ... Lifespan:  Set to 120 minutes.
[EOnDrop] Zombie Spawned [36] ZmbM_ParamedicNormal_Black @ <11448.662109, 100.709152, 9045.764648> ... Lifespan:  Set to 120 minutes.
[EOnDrop] Zombie Spawned [37] ZmbF_JoggerSkinny_Green @ <11484.247070, 103.329102, 8988.386719> ... Lifespan:  Set to 120 minutes.
[EOnDrop] Zombie Spawned [38] ZmbM_PatrolNormal_Flat @ <11431.761719, 108.343491, 8979.540039> ... Lifespan:  Set to 120 minutes.
[EOnDrop] Zombie Spawned [39] ZmbM_JoggerSkinny_Red @ <11435.875000, 103.108627, 9042.734375> ... Lifespan:  Set to 120 minutes.
[EOnDrop] Zombie Spawned [40] ZmbM_CitizenASkinny_Grey @ <11415.214844, 111.314964, 8963.875977> ... Lifespan:  Set to 120 minutes.
[EOnDrop] Drop spawned with 40 infected at <11446.356445, 239.178436, 8996.068359>.
[EOnDrop] Supplies have been dropped near Berezino.
[EOnBeforeDelete] Aircraft despawned @ <13534.610352, 152.000610, -1000.017029>
[~AirdropPlane] Aircraft destroyed.
