[AirdropBase] Base class created & settings loaded.
[2021-03-01 @ 16-43-20] ----------------------------------------------------------------------------------------------------
[EOnCallAirdrop] Drop zone asigned: Novy Sobor <7436.000000, 0.000000, 7720.000000>
[EOnCallAirdrop] Drop zone offset to: <7417.766602, 2438.000000, 7784.858398>
[EOnCallAirdrop] Aircraft spawn point: <6757.351074, 2438.000000, 16360.000000>
[EOnCallAirdrop] Aircraft bearing ... Angle/Bearing: 1.64918° / 355.509°, Text: 'North (356°)'
[EOnCallAirdrop] Aircraft has been dispatched to 'Novy Sobor' from the North (356°).
[2021-03-01 @ 17-44-30] ----------------------------------------------------------------------------------------------------
[EOnCallAirdrop] Drop zone asigned: Stary Sobor <5823.000000, 0.000000, 7764.000000>
[EOnCallAirdrop] Drop zone offset to: <5812.511719, 2438.000000, 7782.041504>
[EOnCallAirdrop] Aircraft spawn point: <16360.000000, 2438.000000, 14327.152344>
[EOnCallAirdrop] Aircraft bearing ... Angle/Bearing: 0.557064° / 58.0826°, Text: 'North/East (58°)'
[EOnCallAirdrop] Aircraft has been dispatched to 'Stary Sobor' from the North/East (58°).
[2021-03-01 @ 18-45-19] ----------------------------------------------------------------------------------------------------
[EOnCallAirdrop] Drop zone asigned: Myshkino <2036.000000, 0.000000, 7491.000000>
[EOnCallAirdrop] Drop zone offset to: <1965.452026, 2438.000000, 7484.154785>
[EOnCallAirdrop] Aircraft spawn point: <-1000.000000, 2438.000000, 7685.562988>
[EOnCallAirdrop] Aircraft bearing ... Angle/Bearing: 3.07759° / 273.667°, Text: 'West (274°)'
[EOnCallAirdrop] Aircraft has been dispatched to 'Myshkino' from the West (274°).
[2021-03-01 @ 19-46-05] ----------------------------------------------------------------------------------------------------
[EOnCallAirdrop] Drop zone asigned: Novy Sobor <7436.000000, 0.000000, 7720.000000>
[EOnCallAirdrop] Drop zone offset to: <7371.860840, 2438.000000, 7746.375000>
[EOnCallAirdrop] Aircraft spawn point: <-825.165588, 2438.000000, 16360.000000>
[EOnCallAirdrop] Aircraft bearing ... Angle/Bearing: 2.33378° / 316.284°, Text: 'North/West (316°)'
[EOnCallAirdrop] Aircraft has been dispatched to 'Novy Sobor' from the North/West (316°).
[2021-03-01 @ 20-46-13] ----------------------------------------------------------------------------------------------------
[EOnCallAirdrop] Drop zone asigned: Chernogorks <6128.000000, 0.000000, 2497.000000>
[EOnCallAirdrop] Drop zone offset to: <6070.845703, 2438.000000, 2536.740967>
[EOnCallAirdrop] Aircraft spawn point: <-1000.000000, 2438.000000, 1739.602661>
[EOnCallAirdrop] Aircraft bearing ... Angle/Bearing: -3.03573° / 263.935°, Text: 'West (264°)'
[EOnCallAirdrop] Aircraft has been dispatched to 'Chernogorks' from the West (264°).
[2021-03-01 @ 21-46-23] ----------------------------------------------------------------------------------------------------
[EOnCallAirdrop] Drop zone asigned: Balota <5043.000000, 0.000000, 2505.000000>
[EOnCallAirdrop] Drop zone offset to: <5038.296875, 2438.000000, 2481.269531>
[EOnCallAirdrop] Aircraft spawn point: <3800.529785, 2438.000000, 16360.000000>
[EOnCallAirdrop] Aircraft bearing ... Angle/Bearing: 1.66023° / 354.876°, Text: 'North (355°)'
[EOnCallAirdrop] Aircraft has been dispatched to 'Balota' from the North (355°).
