[AirdropPlane] Aircraft created on 2021-02-12 @ 03-37-00
[InitializeAircraft] Aircraft Initialized: Northwest Airfield @ 4807/9812 (true)
[EOnBeforeDrop] The Aircraft is 1 Km from Northwest Airfield. @ <5670.939453, 469.257111, 8586.843750>
[EOnDrop] Zombie Spawned [1] ZmbM_PatrolNormal_Autumn @ <4864.956055, 341.829346, 9725.144531> ... Lifespan:  Set to 120 minutes.
[EOnDrop] Zombie Spawned [2] ZmbM_PatrolNormal_Autumn @ <4868.310059, 341.608917, 9727.098633> ... Lifespan:  Set to 120 minutes.
[EOnDrop] Zombie Spawned [3] ZmbM_PatrolNormal_Flat @ <4876.337402, 341.184631, 9722.328125> ... Lifespan:  Set to 120 minutes.
[EOnDrop] Zombie Spawned [4] ZmbM_PatrolNormal_Summer @ <4841.472656, 341.846008, 9728.894531> ... Lifespan:  Set to 120 minutes.
[EOnDrop] Zombie Spawned [5] ZmbM_SoldierNormal @ <4857.872070, 341.944122, 9725.138672> ... Lifespan:  Set to 120 minutes.
[EOnDrop] Zombie Spawned [6] ZmbM_PatrolNormal_Flat @ <4861.066406, 341.884796, 9753.787109> ... Lifespan:  Set to 120 minutes.
[EOnDrop] Zombie Spawned [7] ZmbM_PatrolNormal_Autumn @ <4860.769531, 341.898865, 9753.768555> ... Lifespan:  Set to 120 minutes.
[EOnDrop] Zombie Spawned [8] ZmbM_PatrolNormal_Summer @ <4856.221191, 342.435974, 9764.648438> ... Lifespan:  Set to 120 minutes.
[EOnDrop] Zombie Spawned [9] ZmbM_SoldierNormal @ <4878.745117, 341.155548, 9703.641602> ... Lifespan:  Set to 120 minutes.
[EOnDrop] Zombie Spawned [10] ZmbM_PatrolNormal_Autumn @ <4855.782715, 342.142212, 9755.224609> ... Lifespan:  Set to 120 minutes.
[EOnDrop] Zombie Spawned [11] ZmbM_PatrolNormal_Summer @ <4840.256348, 342.054443, 9736.687500> ... Lifespan:  Set to 120 minutes.
[EOnDrop] Zombie Spawned [12] ZmbM_PatrolNormal_Summer @ <4863.738281, 341.825500, 9746.104492> ... Lifespan:  Set to 120 minutes.
[EOnDrop] Zombie Spawned [13] ZmbM_PatrolNormal_PautRev @ <4876.370605, 341.102600, 9744.652344> ... Lifespan:  Set to 120 minutes.
[EOnDrop] Zombie Spawned [14] ZmbM_PatrolNormal_Summer @ <4830.748535, 343.014130, 9774.608398> ... Lifespan:  Set to 120 minutes.
[EOnDrop] Zombie Spawned [15] ZmbM_PatrolNormal_Summer @ <4840.994141, 342.300446, 9783.047852> ... Lifespan:  Set to 120 minutes.
[EOnDrop] Zombie Spawned [16] ZmbM_PatrolNormal_Flat @ <4870.190918, 341.418701, 9750.853516> ... Lifespan:  Set to 120 minutes.
[EOnDrop] Zombie Spawned [17] ZmbM_PatrolNormal_Summer @ <4844.387695, 341.822906, 9725.966797> ... Lifespan:  Set to 120 minutes.
[EOnDrop] Zombie Spawned [18] ZmbM_PatrolNormal_Summer @ <4867.240234, 341.223358, 9766.887695> ... Lifespan:  Set to 120 minutes.
[EOnDrop] Zombie Spawned [19] ZmbM_PatrolNormal_Flat @ <4851.855957, 342.232605, 9754.963867> ... Lifespan:  Set to 120 minutes.
[EOnDrop] Zombie Spawned [20] ZmbM_PatrolNormal_Autumn @ <4861.247559, 341.892670, 9762.125000> ... Lifespan:  Set to 120 minutes.
[EOnDrop] Zombie Spawned [21] ZmbM_PatrolNormal_Autumn @ <4819.397949, 340.521240, 9726.496094> ... Lifespan:  Set to 120 minutes.
[EOnDrop] Zombie Spawned [22] ZmbM_PatrolNormal_PautRev @ <4843.530762, 341.352295, 9719.729492> ... Lifespan:  Set to 120 minutes.
[EOnDrop] Zombie Spawned [23] ZmbM_PatrolNormal_Summer @ <4877.097656, 341.125671, 9725.416016> ... Lifespan:  Set to 120 minutes.
[EOnDrop] Zombie Spawned [24] ZmbM_PatrolNormal_PautRev @ <4838.585938, 342.283417, 9754.974609> ... Lifespan:  Set to 120 minutes.
[EOnDrop] Zombie Spawned [25] ZmbM_SoldierNormal @ <4845.716797, 342.049103, 9743.287109> ... Lifespan:  Set to 120 minutes.
[EOnDrop] Zombie Spawned [26] ZmbM_PatrolNormal_Flat @ <4897.602051, 339.500000, 9761.456055> ... Lifespan:  Set to 120 minutes.
[EOnDrop] Zombie Spawned [27] ZmbM_PatrolNormal_Flat @ <4858.066895, 341.567322, 9720.513672> ... Lifespan:  Set to 120 minutes.
[EOnDrop] Zombie Spawned [28] ZmbM_PatrolNormal_Flat @ <4906.816895, 339.500000, 9735.073242> ... Lifespan:  Set to 120 minutes.
[EOnDrop] Zombie Spawned [29] ZmbM_PatrolNormal_Summer @ <4890.708008, 339.898163, 9738.823242> ... Lifespan:  Set to 120 minutes.
[EOnDrop] Zombie Spawned [30] ZmbM_PatrolNormal_PautRev @ <4853.463379, 342.241119, 9757.291016> ... Lifespan:  Set to 120 minutes.
[EOnDrop] Drop spawned with 30 infected at <4859.669922, 482.052582, 9738.162109>.
[EOnDrop] Supplies have been dropped near Northwest Airfield.
[EOnBeforeDelete] Aircraft despawned @ <193.007309, 592.060364, 16360.608398>
[~AirdropPlane] Aircraft destroyed.
