[InitializeContainer] Container created on 2021-03-21 @ 19-08-12
[InitializeContainer] Winds: Vector <8.228240, 0.000000, -4.749059>, Speed 9.50039mps, Strength 0.1
[AirdropContainerFall] Drop Type 'Military Weapons', Container: 'AirdropContainer', Mode/Quantity/Iems: Random/30/14, Flare:  10%
[AirdropContainerFall] Loot Spawned [1] TTC_Ammo_50Beo @ <2110.187012, 299.766937, 7508.730469> ... Lifespan: Set to 120 minutes.
[AirdropContainerFall] Loot Spawned [2] TTC_R700 @ <2112.024902, 299.837372, 7508.487305> ... Lifespan: Set to 120 minutes.
[AirdropContainerFall] Loot Spawned [3] AKM @ <2111.444824, 299.391174, 7506.852051> ... Lifespan: Set to 120 minutes.
[AirdropContainerFall] Loot Spawned [4] TWP_BerettaPX4 @ <2111.528320, 300.309509, 7510.481934> ... Lifespan: Set to 120 minutes.
[AirdropContainerFall] Loot Spawned [5] BakedBeansCan @ <2108.965820, 299.590546, 7508.383301> ... Lifespan: Set to 120 minutes.
[AirdropContainerFall] Loot Spawned [6] BakedBeansCan @ <2112.767822, 300.291107, 7510.055664> ... Lifespan: Set to 120 minutes.
[AirdropContainerFall] Loot Spawned [7] TWP_BerettaPX4_mag_17Rnd @ <2109.753418, 299.713562, 7508.643555> ... Lifespan: Set to 120 minutes.
[AirdropContainerFall] Loot Spawned [8] TWP_BerettaPX4_mag_17Rnd @ <2113.770264, 300.266785, 7509.670410> ... Lifespan: Set to 120 minutes.
[AirdropContainerFall] Loot Spawned [9] TTC_Beowulf @ <2110.991455, 299.518372, 7507.526855> ... Lifespan: Set to 120 minutes.
[AirdropContainerFall] Loot Spawned [10] TTC_50Beo_mag @ <2113.616943, 300.143280, 7509.234863> ... Lifespan: Set to 120 minutes.
[AirdropContainerFall] Loot Spawned [11] TTC_Beowulf @ <2112.074463, 299.794403, 7508.304688> ... Lifespan: Set to 120 minutes.
[AirdropContainerFall] Loot Spawned [12] TTC_50Beo_mag @ <2111.352783, 300.467834, 7511.152832> ... Lifespan: Set to 120 minutes.
[AirdropContainerFall] Loot Spawned [13] TTC_Beowulf @ <2114.333984, 300.249268, 7509.438477> ... Lifespan: Set to 120 minutes.
[AirdropContainerFall] Loot Spawned [14] BakedBeansCan @ <2109.851074, 299.927856, 7509.457520> ... Lifespan: Set to 120 minutes.
[AirdropContainerFall] Loot Spawned [15] TTC_AmmoBox_50Beo_20rnd @ <2114.301025, 300.277771, 7509.559082> ... Lifespan: Set to 120 minutes.
[AirdropContainerFall] Loot Spawned [16] AKM @ <2113.485107, 299.754913, 7507.750977> ... Lifespan: Set to 120 minutes.
[AirdropContainerFall] Loot Spawned [17] BakedBeansCan @ <2110.464111, 299.770447, 7508.666016> ... Lifespan: Set to 120 minutes.
[AirdropContainerFall] Loot Spawned [18] PowderedMilk @ <2109.428955, 299.575958, 7508.194824> ... Lifespan: Set to 120 minutes.
[AirdropContainerFall] Loot Spawned [19] TTC_AmmoBox_50Beo_20rnd @ <2110.272949, 299.846008, 7509.016602> ... Lifespan: Set to 120 minutes.
[AirdropContainerFall] Loot Spawned [20] TTC_Buttstock3 @ <2112.318115, 299.391907, 7506.588867> ... Lifespan: Set to 120 minutes.
[AirdropContainerFall] Loot Spawned [21] TWP_BerettaPX4_mag_17Rnd @ <2113.275879, 300.002045, 7508.780273> ... Lifespan: Set to 120 minutes.
[AirdropContainerFall] Loot Spawned [22] TTC_R700 @ <2110.634521, 300.499878, 7511.481934> ... Lifespan: Set to 120 minutes.
[AirdropContainerFall] Loot Spawned [23] TTC_AmmoBox_50Beo_20rnd @ <2110.417969, 299.730774, 7508.522949> ... Lifespan: Set to 120 minutes.
[AirdropContainerFall] Loot Spawned [24] Vodka @ <2112.185791, 299.560974, 7507.345215> ... Lifespan: Set to 120 minutes.
[AirdropContainerFall] Loot Spawned [25] TTC_Beowulf @ <2110.230713, 300.154449, 7510.239746> ... Lifespan: Set to 120 minutes.
[AirdropContainerFall] Loot Spawned [26] TTC_50Beo_mag @ <2111.893555, 300.432465, 7510.858887> ... Lifespan: Set to 120 minutes.
[AirdropContainerFall] Loot Spawned [27] Vodka @ <2114.372559, 300.295013, 7509.605469> ... Lifespan: Set to 120 minutes.
[AirdropContainerFall] Loot Spawned [28] TTC_R700 @ <2111.997070, 299.545624, 7507.337891> ... Lifespan: Set to 120 minutes.
[AirdropContainerFall] Loot Spawned [29] PowderedMilk @ <2112.750977, 299.625732, 7507.447266> ... Lifespan: Set to 120 minutes.
[AirdropContainerFall] Loot Spawned [30] TTC_Ammo_50Beo @ <2112.158691, 299.479950, 7507.010254> ... Lifespan: Set to 120 minutes.
[AirdropContainerUnstuck] Container was unstuck.
[~AirdropContainerBase] Container Destroyed on 2021-03-21 @ 20-08-12
