[AirdropBase] Base class created & settings loaded.
[2021-02-14 @ 06-52-56] ----------------------------------------------------------------------------------------------------
[EOnCallAirdrop] Drop zone asigned: Sosnovka <2700.000000, 0.000000, 6193.000000>
[EOnCallAirdrop] Drop zone offset to: <2727.785156, 2438.000000, 6208.341797>
[EOnCallAirdrop] Aircraft spawn point: <2453.245117, 2438.000000, 16360.000000>
[EOnCallAirdrop] Aircraft bearing ... Angle/Bearing: 1.59506° / 358.61°, Text: 'North (359°)'
[EOnCallAirdrop] Aircraft has been dispatched to 'Sosnovka' from the North (359°).
[2021-02-14 @ 07-53-05] ----------------------------------------------------------------------------------------------------
[EOnCallAirdrop] Drop zone asigned: Krasnostav <12159.000000, 0.000000, 12583.000000>
[EOnCallAirdrop] Drop zone offset to: <12183.702148, 2438.000000, 12599.334961>
[EOnCallAirdrop] Aircraft spawn point: <16188.344727, 2438.000000, -1000.000000>
[EOnCallAirdrop] Aircraft bearing ... Angle/Bearing: -1.28242° / 163.477°, Text: 'South (163°)'
[EOnCallAirdrop] Aircraft has been dispatched to 'Krasnostav' from the South (163°).
[2021-02-14 @ 08-53-09] ----------------------------------------------------------------------------------------------------
[EOnCallAirdrop] Drop zone asigned: Elektrozavodsk <9371.000000, 0.000000, 2229.000000>
[EOnCallAirdrop] Drop zone offset to: <9419.316406, 2438.000000, 2209.276855>
[EOnCallAirdrop] Aircraft spawn point: <-1000.000000, 2438.000000, 6971.390625>
[EOnCallAirdrop] Aircraft bearing ... Angle/Bearing: 2.71271° / 294.573°, Text: 'North/West (295°)'
[EOnCallAirdrop] Aircraft has been dispatched to 'Elektrozavodsk' from the North/West (295°).
[2021-02-14 @ 09-53-12] ----------------------------------------------------------------------------------------------------
[EOnCallAirdrop] Drop zone asigned: Novy Sobor <7436.000000, 0.000000, 7720.000000>
[EOnCallAirdrop] Drop zone offset to: <7518.124512, 2438.000000, 7736.860352>
[EOnCallAirdrop] Aircraft spawn point: <13341.192383, 2438.000000, -1000.000000>
[EOnCallAirdrop] Aircraft bearing ... Angle/Bearing: -0.975536° / 145.894°, Text: 'South/East (146°)'
[EOnCallAirdrop] Aircraft has been dispatched to 'Novy Sobor' from the South/East (146°).
[2021-02-14 @ 10-53-32] ----------------------------------------------------------------------------------------------------
[EOnCallAirdrop] Drop zone asigned: Balota <5043.000000, 0.000000, 2505.000000>
[EOnCallAirdrop] Drop zone offset to: <5009.293945, 2438.000000, 2529.635742>
[EOnCallAirdrop] Aircraft spawn point: <4165.033203, 2438.000000, -1000.000000>
[EOnCallAirdrop] Aircraft bearing ... Angle/Bearing: -1.81624° / 194.063°, Text: 'South (194°)'
[EOnCallAirdrop] Aircraft has been dispatched to 'Balota' from the South (194°).
