[InitializeContainer] Container created on 2021-04-18 @ 02-10-46
[InitializeContainer] Winds: Vector <8.714623, 0.000000, -4.256218>, Speed 9.69846mps, Strength 0.1
[AirdropContainerFall] Drop Type 'Food/Medical', Container: 'AirdropContainer_Medical', Mode/Quantity/Iems: Random/20/11, Flare:  10%
[AirdropContainerFall] Loot Spawned [1] SpaghettiCan @ <5812.046875, 319.254150, 7674.688477> ... Lifespan: Set to 120 minutes.
[AirdropContainerFall] Loot Spawned [2] ToxicM18SmokeGrenade_Red @ <5812.392090, 319.298401, 7676.997559> ... Lifespan: Set to 120 minutes.
[AirdropContainerFall] Loot Spawned [3] PeachesCan @ <5812.052246, 319.262024, 7675.007813> ... Lifespan: Set to 120 minutes.
[AirdropContainerFall] Loot Spawned [4] VitaminBottle @ <5812.231445, 319.228821, 7673.990234> ... Lifespan: Set to 120 minutes.
[AirdropContainerFall] Loot Spawned [5] TunaCan @ <5813.953125, 319.269684, 7678.488281> ... Lifespan: Set to 120 minutes.
[AirdropContainerFall] Loot Spawned [6] SpaghettiCan @ <5812.151367, 319.347260, 7678.533691> ... Lifespan: Set to 120 minutes.
[AirdropContainerFall] Loot Spawned [7] ToxicM18SmokeGrenade_Red @ <5815.016602, 319.147919, 7675.472168> ... Lifespan: Set to 120 minutes.
[AirdropContainerFall] Loot Spawned [8] ToxicCure @ <5815.370605, 319.110809, 7674.603516> ... Lifespan: Set to 120 minutes.
[AirdropContainerFall] Loot Spawned [9] TunaCan @ <5812.249023, 319.292694, 7676.538574> ... Lifespan: Set to 120 minutes.
[AirdropContainerFall] Loot Spawned [10] TacticalBaconCan @ <5811.829102, 319.298767, 7676.094238> ... Lifespan: Set to 120 minutes.
[AirdropContainerFall] Loot Spawned [11] ToxicCure @ <5815.427734, 319.188904, 7677.865723> ... Lifespan: Set to 120 minutes.
[AirdropContainerFall] Loot Spawned [12] SpaghettiCan @ <5816.198242, 319.140656, 7677.278809> ... Lifespan: Set to 120 minutes.
[AirdropContainerFall] Loot Spawned [13] ToxicCure @ <5812.923340, 319.312317, 7678.436523> ... Lifespan: Set to 120 minutes.
[AirdropContainerFall] Loot Spawned [14] ToxicM18SmokeGrenade_Green @ <5814.836426, 319.159912, 7675.643066> ... Lifespan: Set to 120 minutes.
[AirdropContainerFall] Loot Spawned [15] ToxicCure @ <5811.455566, 319.331696, 7676.784668> ... Lifespan: Set to 120 minutes.
[AirdropContainerFall] Loot Spawned [16] Canteen @ <5814.521484, 319.215485, 7677.305664> ... Lifespan: Set to 120 minutes.
[AirdropContainerFall] Loot Spawned [17] SpaghettiCan @ <5812.528320, 319.292480, 7676.987305> ... Lifespan: Set to 120 minutes.
[AirdropContainerFall] Loot Spawned [18] Canteen @ <5815.514648, 319.186310, 7677.924805> ... Lifespan: Set to 120 minutes.
[AirdropContainerFall] Loot Spawned [19] VitaminBottle @ <5814.844727, 319.199615, 7677.223633> ... Lifespan: Set to 120 minutes.
[AirdropContainerFall] Loot Spawned [20] Canteen @ <5814.817383, 319.210876, 7677.622070> ... Lifespan: Set to 120 minutes.
[AirdropContainerUnstuck] Container was unstuck.
[~AirdropContainerBase] Container Destroyed on 2021-04-18 @ 04-00-29
