[InitializeContainer] Container created on 2021-02-12 @ 16-46-07
[InitializeContainer] Winds: Vector <10.624577, 0.000000, 6.847693>, Speed 12.6401mps, Strength 0.1
[AirdropContainerFall] Drop Type 'Military Weapons', Container: 'AirdropContainer_Military', Mode/Quantity/Iems: Random/20/18, Flare:  10%
[AirdropContainerFall] Loot Spawned [1] MilitaryBoots_Redpunk @ <5129.364258, 10.545378, 2464.287842> ... Lifespan: Set to 120 minutes.
[AirdropContainerFall] Loot Spawned [2] Izh18 @ <5127.409668, 10.289018, 2467.767578> ... Lifespan: Set to 120 minutes.
[AirdropContainerFall] Loot Spawned [3] Mag_STANAG_30Rnd @ <5128.374023, 10.378784, 2466.823242> ... Lifespan: Set to 120 minutes.
[AirdropContainerFall] Loot Spawned [4] AmmoBox_762x54_20Rnd @ <5130.056641, 10.497655, 2465.934082> ... Lifespan: Set to 120 minutes.
[AirdropContainerFall] Loot Spawned [5] AKM @ <5129.864746, 10.525455, 2465.175293> ... Lifespan: Set to 120 minutes.
[AirdropContainerFall] Loot Spawned [6] TacticalBaconCan @ <5126.488281, 10.264931, 2467.414063> ... Lifespan: Set to 120 minutes.
[AirdropContainerFall] Loot Spawned [7] LargeTent @ <5126.978516, 10.315062, 2466.832764> ... Lifespan: Set to 120 minutes.
[AirdropContainerFall] Loot Spawned [8] Mosin9130 @ <5128.457520, 10.369257, 2467.100586> ... Lifespan: Set to 120 minutes.
[AirdropContainerFall] Loot Spawned [9] CombatBoots_Grey @ <5128.276367, 10.340953, 2467.518066> ... Lifespan: Set to 120 minutes.
[AirdropContainerFall] Loot Spawned [10] Mag_AKM_30Rnd @ <5127.001953, 10.442485, 2464.200195> ... Lifespan: Set to 120 minutes.
[AirdropContainerFall] Loot Spawned [11] Mag_AKM_30Rnd @ <5126.111816, 10.263484, 2467.088867> ... Lifespan: Set to 120 minutes.
[AirdropContainerFall] Loot Spawned [12] LargeTent @ <5128.976563, 10.377617, 2467.416504> ... Lifespan: Set to 120 minutes.
[AirdropContainerFall] Loot Spawned [13] FNX45 @ <5129.886719, 10.423728, 2467.315430> ... Lifespan: Set to 120 minutes.
[AirdropContainerFall] Loot Spawned [14] TTSKOPants @ <5126.619629, 10.379112, 2465.159424> ... Lifespan: Set to 120 minutes.
[AirdropContainerFall] Loot Spawned [15] AKM @ <5128.747559, 10.427238, 2466.166748> ... Lifespan: Set to 120 minutes.
[AirdropContainerFall] Loot Spawned [16] TacticalBaconCan @ <5128.957031, 10.549079, 2463.825928> ... Lifespan: Set to 120 minutes.
[AirdropContainerFall] Loot Spawned [17] LargeTent @ <5127.180664, 10.255158, 2468.231201> ... Lifespan: Set to 120 minutes.
[AirdropContainerFall] Loot Spawned [18] Mag_STANAG_30Rnd @ <5129.865723, 10.423927, 2467.291260> ... Lifespan: Set to 120 minutes.
[AirdropContainerFall] Loot Spawned [19] AmmoBox_762x54_20Rnd @ <5126.731445, 10.319830, 2466.500000> ... Lifespan: Set to 120 minutes.
[AirdropContainerFall] Loot Spawned [20] Mosin_Compensator @ <5127.531250, 10.349391, 2466.639648> ... Lifespan: Set to 120 minutes.
[AirdropContainerUnstuck] Container was unstuck.
[~AirdropContainerBase] Container Destroyed on 2021-02-12 @ 17-46-35
