[InitializeContainer] Container created on 2021-02-04 @ 22-51-12
[InitializeContainer] Winds: Vector <8.264583, 0.000000, 10.844045>, Speed 13.6344mps, Strength 0.1
[AirdropContainerFall] Drop Type 'Military Weapons', Container: 'AirdropContainer', Mode/Quantity/Iems: Random/30/14, Flare:  10%
[AirdropContainerFall] Loot Spawned [1] AmmoBox_762x39_20Rnd @ <2100.694580, 281.890442, 7440.401367> ... Lifespan: Set to 120 minutes.
[AirdropContainerFall] Loot Spawned [2] PowderedMilk @ <2099.997314, 281.710510, 7440.381836> ... Lifespan: Set to 120 minutes.
[AirdropContainerFall] Loot Spawned [3] Mag_AKM_30Rnd @ <2100.725586, 281.905029, 7440.437500> ... Lifespan: Set to 120 minutes.
[AirdropContainerFall] Loot Spawned [4] Mag_STANAG_30Rnd @ <2101.846436, 282.096954, 7439.570313> ... Lifespan: Set to 120 minutes.
[AirdropContainerFall] Loot Spawned [5] AmmoBox_762x39_20Rnd @ <2103.887939, 282.623596, 7439.945801> ... Lifespan: Set to 120 minutes.
[AirdropContainerFall] Loot Spawned [6] Rice @ <2100.962891, 282.105743, 7435.906738> ... Lifespan: Set to 120 minutes.
[AirdropContainerFall] Loot Spawned [7] AmmoBox_762x39_20Rnd @ <2101.077637, 282.047791, 7436.861816> ... Lifespan: Set to 120 minutes.
[AirdropContainerFall] Spawn failed for item [8] 'Mossin9130', does not exist in DayZ!
[AirdropContainerFall] Spawn failed for item [9] 'Mossin9130', does not exist in DayZ!
[AirdropContainerFall] Loot Spawned [10] AmmoBox_762x54_20Rnd @ <2102.316650, 282.248474, 7436.662598> ... Lifespan: Set to 120 minutes.
[AirdropContainerFall] Loot Spawned [11] Vodka @ <2100.562500, 281.946899, 7437.166016> ... Lifespan: Set to 120 minutes.
[AirdropContainerFall] Loot Spawned [12] AmmoBox_762x39_20Rnd @ <2101.072266, 282.095306, 7440.990723> ... Lifespan: Set to 120 minutes.
[AirdropContainerFall] Loot Spawned [13] Mag_STANAG_30Rnd @ <2103.254150, 282.436127, 7438.882813> ... Lifespan: Set to 120 minutes.
[AirdropContainerFall] Loot Spawned [14] BakedBeansCan @ <2103.741455, 282.545013, 7438.308594> ... Lifespan: Set to 120 minutes.
[AirdropContainerFall] Loot Spawned [15] WaterBottle @ <2100.927490, 281.984955, 7440.592773> ... Lifespan: Set to 120 minutes.
[AirdropContainerFall] Loot Spawned [16] Rice @ <2098.925293, 281.655487, 7438.636719> ... Lifespan: Set to 120 minutes.
[AirdropContainerFall] Loot Spawned [17] Vodka @ <2102.631348, 282.283173, 7439.073242> ... Lifespan: Set to 120 minutes.
[AirdropContainerFall] Loot Spawned [18] Mag_STANAG_30Rnd @ <2100.994629, 282.085388, 7436.225586> ... Lifespan: Set to 120 minutes.
[AirdropContainerFall] Loot Spawned [19] FNX45 @ <2101.782227, 282.095978, 7437.586426> ... Lifespan: Set to 120 minutes.
[AirdropContainerFall] Loot Spawned [20] Izh18 @ <2101.066406, 282.078430, 7440.907227> ... Lifespan: Set to 120 minutes.
[AirdropContainerFall] Loot Spawned [21] Mag_AKM_30Rnd @ <2099.202148, 281.690948, 7438.486816> ... Lifespan: Set to 120 minutes.
[AirdropContainerFall] Loot Spawned [22] FNX45 @ <2102.782227, 282.275177, 7437.249512> ... Lifespan: Set to 120 minutes.
[AirdropContainerFall] Loot Spawned [23] Vodka @ <2102.915771, 282.315552, 7437.506836> ... Lifespan: Set to 120 minutes.
[AirdropContainerFall] Loot Spawned [24] WaterBottle @ <2101.024902, 282.065948, 7436.530273> ... Lifespan: Set to 120 minutes.
[AirdropContainerFall] Loot Spawned [25] WaterBottle @ <2101.142334, 281.915680, 7439.457520> ... Lifespan: Set to 120 minutes.
[AirdropContainerFall] Loot Spawned [26] Mag_STANAG_30Rnd @ <2100.595703, 281.779327, 7439.359375> ... Lifespan: Set to 120 minutes.
[AirdropContainerFall] Loot Spawned [27] PowderedMilk @ <2100.208252, 281.817993, 7438.131836> ... Lifespan: Set to 120 minutes.
[AirdropContainerFall] Loot Spawned [28] Izh18 @ <2102.452393, 282.218964, 7438.328125> ... Lifespan: Set to 120 minutes.
[AirdropContainerFall] Loot Spawned [29] AKM @ <2101.716064, 282.159760, 7440.458496> ... Lifespan: Set to 120 minutes.
[AirdropContainerFall] Loot Spawned [30] PowderedMilk @ <2102.210693, 282.223389, 7436.780273> ... Lifespan: Set to 120 minutes.
[AirdropContainerUnstuck] Container was unstuck.
[~AirdropContainerBase] Container Destroyed on 2021-02-04 @ 23-04-01
