[AirdropPlane] Aircraft created on 2021-03-13 @ 23-16-13
[InitializeAircraft] Aircraft Initialized: Chernogorks @ 6128/2497 (true)
[EOnBeforeDrop] The Aircraft is 1 Km from Chernogorks. @ <4629.351074, 159.420990, 2492.247070>
[EOnDrop] Zombie Spawned [1] ZmbF_CitizenANormal_Brown @ <6036.502441, 44.544338, 2456.657715> ... Lifespan:  Set to 120 minutes.
[EOnDrop] Zombie Spawned [2] ZmbF_Clerk_Normal_Red @ <6043.609863, 43.617443, 2492.152344> ... Lifespan:  Set to 120 minutes.
[EOnDrop] Zombie Spawned [3] ZmbM_CommercialPilotOld_Olive @ <6018.408203, 49.563152, 2473.260010> ... Lifespan:  Set to 120 minutes.
[EOnDrop] Zombie Spawned [4] ZmbF_JournalistNormal_Green @ <6041.458008, 43.721401, 2452.522949> ... Lifespan:  Set to 120 minutes.
[EOnDrop] Zombie Spawned [5] ZmbF_CitizenANormal_Blue @ <6028.450684, 55.150593, 2521.800049> ... Lifespan:  Set to 120 minutes.
[EOnDrop] Zombie Spawned [6] ZmbM_JoggerSkinny_Green @ <6066.801758, 35.760403, 2501.261963> ... Lifespan:  Set to 120 minutes.
[EOnDrop] Zombie Spawned [7] ZmbF_PatientOld @ <6030.869141, 49.849510, 2500.959229> ... Lifespan:  Set to 120 minutes.
[EOnDrop] Zombie Spawned [8] ZmbF_PatientOld @ <6057.822266, 39.959759, 2505.075195> ... Lifespan:  Set to 120 minutes.
[EOnDrop] Zombie Spawned [9] ZmbM_CommercialPilotOld_Blue @ <5998.612305, 58.889999, 2529.812500> ... Lifespan:  Set to 120 minutes.
[EOnDrop] Zombie Spawned [10] ZmbF_JoggerSkinny_Red @ <6054.658203, 43.688690, 2519.062256> ... Lifespan:  Set to 120 minutes.
[EOnDrop] Zombie Spawned [11] ZmbM_CitizenBFat_Green @ <6031.556152, 47.794926, 2490.680420> ... Lifespan:  Set to 120 minutes.
[EOnDrop] Zombie Spawned [12] ZmbF_JournalistNormal_Blue @ <6060.293945, 38.738960, 2463.806641> ... Lifespan:  Set to 120 minutes.
[EOnDrop] Zombie Spawned [13] ZmbM_Jacket_grey @ <6043.509766, 48.687469, 2526.235107> ... Lifespan:  Set to 120 minutes.
[EOnDrop] Zombie Spawned [14] ZmbM_Jacket_stripes @ <6047.934082, 46.345592, 2520.859619> ... Lifespan:  Set to 120 minutes.
[EOnDrop] Zombie Spawned [15] ZmbM_CitizenASkinny_Brown @ <6055.715332, 42.060551, 2510.980225> ... Lifespan:  Set to 120 minutes.
[EOnDrop] Zombie Spawned [16] ZmbF_ShortSkirt_green @ <6044.693359, 46.900688, 2512.064453> ... Lifespan:  Set to 120 minutes.
[EOnDrop] Zombie Spawned [17] ZmbM_CitizenASkinny_Red @ <6029.240234, 50.474186, 2501.055176> ... Lifespan:  Set to 120 minutes.
[EOnDrop] Zombie Spawned [18] ZmbF_JoggerSkinny_Red @ <6032.605469, 52.409843, 2514.576660> ... Lifespan:  Set to 120 minutes.
[EOnDrop] Zombie Spawned [19] ZmbM_ParamedicNormal_Green @ <6055.382813, 39.115658, 2477.896729> ... Lifespan:  Set to 120 minutes.
[EOnDrop] Zombie Spawned [20] ZmbM_JoggerSkinny_Green @ <6030.649902, 52.527393, 2511.371826> ... Lifespan:  Set to 120 minutes.
[EOnDrop] Zombie Spawned [21] ZmbF_Clerk_Normal_Blue @ <6049.469727, 46.155766, 2527.391846> ... Lifespan:  Set to 120 minutes.
[EOnDrop] Zombie Spawned [22] ZmbF_JoggerSkinny_Green @ <6071.328125, 33.833145, 2482.651367> ... Lifespan:  Set to 120 minutes.
[EOnDrop] Zombie Spawned [23] ZmbF_DoctorSkinny @ <6042.792480, 43.034565, 2463.888184> ... Lifespan:  Set to 120 minutes.
[EOnDrop] Zombie Spawned [24] ZmbF_ShortSkirt_brown @ <6075.305664, 32.751816, 2492.406982> ... Lifespan:  Set to 120 minutes.
[EOnDrop] Zombie Spawned [25] ZmbM_PatrolNormal_PautRev @ <6016.074219, 55.445354, 2503.649902> ... Lifespan:  Set to 120 minutes.
[EOnDrop] Zombie Spawned [26] ZmbM_JournalistSkinny @ <6044.500000, 46.323170, 2506.978271> ... Lifespan:  Set to 120 minutes.
[EOnDrop] Zombie Spawned [27] ZmbM_CitizenBFat_Red @ <6002.954102, 58.846241, 2533.681641> ... Lifespan:  Set to 120 minutes.
[EOnDrop] Zombie Spawned [28] ZmbM_CommercialPilotOld_Blue @ <6013.196777, 55.979321, 2501.638428> ... Lifespan:  Set to 120 minutes.
[EOnDrop] Zombie Spawned [29] ZmbM_PatrolNormal_Autumn @ <6072.318848, 33.869598, 2477.276367> ... Lifespan:  Set to 120 minutes.
[EOnDrop] Spawn failed for zombie [30] 'ZmbM_JacketNormal_greenchecks', it does not exist in DayZ!
[EOnDrop] Zombie Spawned [31] ZmbF_CitizenANormal_Brown @ <6041.821289, 44.262001, 2492.008057> ... Lifespan:  Set to 120 minutes.
[EOnDrop] Zombie Spawned [32] ZmbM_DoctorFat @ <6063.850586, 36.630043, 2474.987793> ... Lifespan:  Set to 120 minutes.
[EOnDrop] Zombie Spawned [33] ZmbM_JoggerSkinny_Blue @ <6027.864746, 47.704826, 2480.585693> ... Lifespan:  Set to 120 minutes.
[EOnDrop] Zombie Spawned [34] ZmbF_DoctorSkinny @ <6048.476074, 42.766365, 2499.273682> ... Lifespan:  Set to 120 minutes.
[EOnDrop] Zombie Spawned [35] ZmbF_JournalistNormal_Red @ <6036.323242, 44.948338, 2477.681152> ... Lifespan:  Set to 120 minutes.
[EOnDrop] Zombie Spawned [36] ZmbM_ClerkFat_White @ <6043.309082, 48.009098, 2515.434082> ... Lifespan:  Set to 120 minutes.
[EOnDrop] Zombie Spawned [37] ZmbM_Jacket_stripes @ <6041.682617, 48.482716, 2513.661621> ... Lifespan:  Set to 120 minutes.
[EOnDrop] Zombie Spawned [38] ZmbM_Jacket_khaki @ <6032.827148, 45.587002, 2469.956543> ... Lifespan:  Set to 120 minutes.
[EOnDrop] Zombie Spawned [39] ZmbM_ClerkFat_Brown @ <6018.095215, 48.901459, 2464.635010> ... Lifespan:  Set to 120 minutes.
[EOnDrop] Zombie Spawned [40] ZmbM_CommercialPilotOld_Grey @ <6044.139160, 44.055569, 2498.220947> ... Lifespan:  Set to 120 minutes.
[EOnDrop] Drop spawned with 40 infected at <6035.737305, 200.877640, 2496.696533>.
[EOnDrop] Supplies have been dropped near Chernogorks.
[EOnBeforeDelete] Aircraft despawned @ <16360.672852, 152.000610, 2529.368652>
[~AirdropPlane] Aircraft destroyed.
