[InitializeContainer] Container created on 2021-02-24 @ 22-16-16
[InitializeContainer] Winds: Vector <5.080178, 0.000000, -6.650440>, Speed 8.36878mps, Strength 0.1
[AirdropContainerFall] Drop Type 'Military Weapons', Container: 'AirdropContainer', Mode/Quantity/Iems: Random/30/14, Flare:  10%
[AirdropContainerFall] Loot Spawned [1] Vodka @ <4987.050293, 9.565656, 2550.834473> ... Lifespan: Set to 120 minutes.
[AirdropContainerFall] Loot Spawned [2] TWP_BerettaPX4_mag_17Rnd @ <4988.237793, 9.629961, 2550.526611> ... Lifespan: Set to 120 minutes.
[AirdropContainerFall] Loot Spawned [3] TWP_BerettaPX4_mag_17Rnd @ <4984.513672, 9.560740, 2552.684570> ... Lifespan: Set to 120 minutes.
[AirdropContainerFall] Loot Spawned [4] TTC_AmmoBox_50Beo_20rnd @ <4984.258789, 9.558200, 2552.049805> ... Lifespan: Set to 120 minutes.
[AirdropContainerFall] Loot Spawned [5] AKM @ <4988.875000, 9.733163, 2551.929932> ... Lifespan: Set to 120 minutes.
[AirdropContainerFall] Loot Spawned [6] TTC_Ammo_50Beo @ <4986.359375, 9.641885, 2553.565918> ... Lifespan: Set to 120 minutes.
[AirdropContainerFall] Loot Spawned [7] TTC_50Beo_mag @ <4984.516602, 9.552861, 2550.715088> ... Lifespan: Set to 120 minutes.
[AirdropContainerFall] Loot Spawned [8] PowderedMilk @ <4988.250000, 9.593760, 2549.571777> ... Lifespan: Set to 120 minutes.
[AirdropContainerFall] Loot Spawned [9] AKM @ <4984.736328, 9.577293, 2553.214600> ... Lifespan: Set to 120 minutes.
[AirdropContainerFall] Loot Spawned [10] Mag_AKM_30Rnd @ <4985.732910, 9.555459, 2551.364746> ... Lifespan: Set to 120 minutes.
[AirdropContainerFall] Loot Spawned [11] TTC_Beowulf @ <4988.704590, 9.673240, 2550.656494> ... Lifespan: Set to 120 minutes.
[AirdropContainerFall] Loot Spawned [12] Mag_AKM_30Rnd @ <4986.044434, 9.634806, 2553.649170> ... Lifespan: Set to 120 minutes.
[AirdropContainerFall] Loot Spawned [13] TWP_BerettaPX4_mag_17Rnd @ <4985.993652, 9.605124, 2552.869873> ... Lifespan: Set to 120 minutes.
[AirdropContainerFall] Loot Spawned [14] TTC_R700 @ <4985.729004, 9.604946, 2553.100098> ... Lifespan: Set to 120 minutes.
[AirdropContainerFall] Loot Spawned [15] Mag_AKM_30Rnd @ <4985.374512, 9.551573, 2550.393066> ... Lifespan: Set to 120 minutes.
[AirdropContainerFall] Loot Spawned [16] TTC_Buttstock3 @ <4988.261719, 9.686308, 2552.035889> ... Lifespan: Set to 120 minutes.
[AirdropContainerFall] Loot Spawned [17] TTC_Ammo_50Beo @ <4986.774414, 9.550000, 2549.303223> ... Lifespan: Set to 120 minutes.
[AirdropContainerFall] Loot Spawned [18] TWP_BerettaPX4 @ <4989.118652, 9.776964, 2552.586426> ... Lifespan: Set to 120 minutes.
[AirdropContainerFall] Loot Spawned [19] TTC_Buttstock3 @ <4988.726074, 9.792221, 2553.912109> ... Lifespan: Set to 120 minutes.
[AirdropContainerFall] Loot Spawned [20] BakedBeansCan @ <4989.796387, 9.827549, 2552.435791> ... Lifespan: Set to 120 minutes.
[AirdropContainerFall] Loot Spawned [21] TTC_Beowulf @ <4985.323730, 9.554835, 2551.208496> ... Lifespan: Set to 120 minutes.
[AirdropContainerFall] Loot Spawned [22] TTC_R700 @ <4987.990234, 9.569629, 2549.299561> ... Lifespan: Set to 120 minutes.
[AirdropContainerFall] Loot Spawned [23] TTC_50Beo_mag @ <4984.918945, 9.578244, 2553.078613> ... Lifespan: Set to 120 minutes.
[AirdropContainerFall] Loot Spawned [24] PowderedMilk @ <4985.346191, 9.556079, 2551.519531> ... Lifespan: Set to 120 minutes.
[AirdropContainerFall] Loot Spawned [25] TTC_50Beo_mag @ <4989.266113, 9.748569, 2551.459229> ... Lifespan: Set to 120 minutes.
[AirdropContainerFall] Loot Spawned [26] TTC_50Beo_mag @ <4988.075195, 9.662217, 2551.795654> ... Lifespan: Set to 120 minutes.
[AirdropContainerFall] Loot Spawned [27] TWP_BerettaPX4_mag_17Rnd @ <4986.010742, 9.624708, 2553.398682> ... Lifespan: Set to 120 minutes.
[AirdropContainerFall] Loot Spawned [28] TWP_BerettaPX4 @ <4987.177734, 9.550507, 2550.126465> ... Lifespan: Set to 120 minutes.
[AirdropContainerFall] Loot Spawned [29] AKM @ <4986.688477, 9.690971, 2554.636719> ... Lifespan: Set to 120 minutes.
[AirdropContainerFall] Loot Spawned [30] TWP_BerettaPX4_mag_17Rnd @ <4989.456543, 9.772995, 2551.700439> ... Lifespan: Set to 120 minutes.
[AirdropContainerUnstuck] Container was unstuck.
[~AirdropContainerBase] Container Destroyed on 2021-02-24 @ 22-32-57
