[InitializeContainer] Container created on 2021-03-29 @ 07-11-52
[InitializeContainer] Winds: Vector <5.391343, 0.000000, -6.539298>, Speed 8.4752mps, Strength 0.1
[AirdropContainerFall] Drop Type 'Food/Medical', Container: 'AirdropContainer_Medical', Mode/Quantity/Iems: Random/20/11, Flare:  10%
[AirdropContainerFall] Loot Spawned [1] PeachesCan @ <5727.041016, 319.263977, 7760.106934> ... Lifespan: Set to 120 minutes.
[AirdropContainerFall] Loot Spawned [2] TacticalBaconCan @ <5727.420410, 319.274261, 7760.628418> ... Lifespan: Set to 120 minutes.
[AirdropContainerFall] Loot Spawned [3] SpaghettiCan @ <5726.731934, 319.263550, 7758.828613> ... Lifespan: Set to 120 minutes.
[AirdropContainerFall] Loot Spawned [4] TacticalBaconCan @ <5729.585449, 319.385651, 7757.975586> ... Lifespan: Set to 120 minutes.
[AirdropContainerFall] Loot Spawned [5] Marmalade @ <5725.942871, 319.205841, 7761.630859> ... Lifespan: Set to 120 minutes.
[AirdropContainerFall] Loot Spawned [6] ToxicCure @ <5726.848633, 319.270874, 7758.543457> ... Lifespan: Set to 120 minutes.
[AirdropContainerFall] Loot Spawned [7] TunaCan @ <5729.113281, 319.360229, 7758.674316> ... Lifespan: Set to 120 minutes.
[AirdropContainerFall] Loot Spawned [8] BakedBeansCan @ <5726.817383, 319.278198, 7757.747559> ... Lifespan: Set to 120 minutes.
[AirdropContainerFall] Loot Spawned [9] BoxCerealCrunchin @ <5728.484375, 319.312622, 7761.081543> ... Lifespan: Set to 120 minutes.
[AirdropContainerFall] Loot Spawned [10] PeachesCan @ <5727.699219, 319.277618, 7761.464844> ... Lifespan: Set to 120 minutes.
[AirdropContainerFall] Loot Spawned [11] TacticalBaconCan @ <5728.249512, 319.330139, 7758.198730> ... Lifespan: Set to 120 minutes.
[AirdropContainerFall] Loot Spawned [12] BoxCerealCrunchin @ <5726.899902, 319.244110, 7761.629395> ... Lifespan: Set to 120 minutes.
[AirdropContainerFall] Loot Spawned [13] TacticalBaconCan @ <5727.411621, 319.272278, 7760.806641> ... Lifespan: Set to 120 minutes.
[AirdropContainerFall] Loot Spawned [14] VitaminBottle @ <5725.992676, 319.213135, 7761.059082> ... Lifespan: Set to 120 minutes.
[AirdropContainerFall] Loot Spawned [15] VitaminBottle @ <5727.031738, 319.289886, 7757.440430> ... Lifespan: Set to 120 minutes.
[AirdropContainerFall] Loot Spawned [16] ToxicCure @ <5727.313477, 319.260742, 7761.620117> ... Lifespan: Set to 120 minutes.
[AirdropContainerFall] Loot Spawned [17] Canteen @ <5726.973145, 319.272430, 7758.909180> ... Lifespan: Set to 120 minutes.
[AirdropContainerFall] Loot Spawned [18] BakedBeansCan @ <5726.883301, 319.236664, 7762.355957> ... Lifespan: Set to 120 minutes.
[AirdropContainerFall] Loot Spawned [19] BakedBeansCan @ <5726.468750, 319.237335, 7760.508789> ... Lifespan: Set to 120 minutes.
[AirdropContainerFall] Loot Spawned [20] TacticalBaconCan @ <5728.886230, 319.316467, 7762.390625> ... Lifespan: Set to 120 minutes.
[AirdropContainerFall] Airdrop Flare Spawned @ <5729.219727, 319.337952, 7761.518066> ... Lifespan: Set to 120 minutes.
[AirdropContainerUnstuck] Container was unstuck.
[~AirdropContainerBase] Container Destroyed on 2021-03-29 @ 08-11-52
