[InitializeContainer] Container created on 2021-03-03 @ 20-02-29
[InitializeContainer] Winds: Vector <7.658478, 0.000000, -5.241759>, Speed 9.28053mps, Strength 0.1
[AirdropContainerFall] Drop Type 'Military Weapons', Container: 'AirdropContainer_Military', Mode/Quantity/Iems: Random/20/18, Flare:  10%
[AirdropContainerFall] Loot Spawned [1] Mag_AKM_30Rnd @ <6206.465820, 10.351871, 2449.480957> ... Lifespan: Set to 120 minutes.
[AirdropContainerFall] Loot Spawned [2] TWP_P8 @ <6208.240234, 10.079812, 2452.384521> ... Lifespan: Set to 120 minutes.
[AirdropContainerFall] Loot Spawned [3] TWP_P90Shallow_Grave @ <6210.768555, 9.778214, 2448.954834> ... Lifespan: Set to 120 minutes.
[AirdropContainerFall] Loot Spawned [4] AmmoBox_762x54_20Rnd @ <6207.203125, 10.238793, 2451.843506> ... Lifespan: Set to 120 minutes.
[AirdropContainerFall] Loot Spawned [5] TWP_P8 @ <6207.618164, 10.175131, 2449.802246> ... Lifespan: Set to 120 minutes.
[AirdropContainerFall] Loot Spawned [6] AmmoBox_762x54_20Rnd @ <6209.908203, 9.824039, 2449.300537> ... Lifespan: Set to 120 minutes.
[AirdropContainerFall] Loot Spawned [7] TWP_RemingtonMSR @ <6206.432129, 10.356995, 2451.339355> ... Lifespan: Set to 120 minutes.
[AirdropContainerFall] Loot Spawned [8] LandMineTrap @ <6208.039063, 10.110626, 2449.236572> ... Lifespan: Set to 120 minutes.
[AirdropContainerFall] Loot Spawned [9] TWP_RemingtonMSR @ <6208.996094, 9.963858, 2451.992188> ... Lifespan: Set to 120 minutes.
[AirdropContainerFall] Loot Spawned [10] TWP_P8_mag_15Rnd @ <6206.875977, 10.288980, 2450.975342> ... Lifespan: Set to 120 minutes.
[AirdropContainerFall] Loot Spawned [11] TWP_USPPsychodelic @ <6208.463379, 10.045560, 2451.910400> ... Lifespan: Set to 120 minutes.
[AirdropContainerFall] Loot Spawned [12] TWP_RemingtonMSR_mag_5Rnd @ <6209.853516, 9.832391, 2447.963135> ... Lifespan: Set to 120 minutes.
[AirdropContainerFall] Loot Spawned [13] TWP_ArexZero @ <6207.652344, 10.169937, 2450.561279> ... Lifespan: Set to 120 minutes.
[AirdropContainerFall] Loot Spawned [14] TWP_RemingtonMSR @ <6208.768066, 9.998813, 2448.563477> ... Lifespan: Set to 120 minutes.
[AirdropContainerFall] Loot Spawned [15] TWP_P90Shallow_Grave @ <6207.889160, 10.133578, 2450.547363> ... Lifespan: Set to 120 minutes.
[AirdropContainerFall] Loot Spawned [16] AKM @ <6210.221680, 9.800824, 2452.129150> ... Lifespan: Set to 120 minutes.
[AirdropContainerFall] Loot Spawned [17] TWP_RemingtonMSR_mag_5Rnd @ <6209.023438, 9.959717, 2448.178467> ... Lifespan: Set to 120 minutes.
[AirdropContainerFall] Loot Spawned [18] TWP_ArexZero @ <6211.774414, 9.736644, 2449.565918> ... Lifespan: Set to 120 minutes.
[AirdropContainerFall] Loot Spawned [19] TWP_ArexZero @ <6207.486816, 10.195275, 2451.447754> ... Lifespan: Set to 120 minutes.
[AirdropContainerFall] Loot Spawned [20] TWP_P8 @ <6209.562500, 9.877032, 2448.245850> ... Lifespan: Set to 120 minutes.
[AirdropContainerUnstuck] Container was unstuck.
[~AirdropContainerBase] Container Destroyed on 2021-03-03 @ 21-02-57
