[AirdropPlane] Aircraft created on 2021-02-06 @ 07-10-34
[InitializeAircraft] Aircraft Initialized: Krasnostav @ 12159/12583 (true)
[EOnBeforeDrop] The Aircraft is 1 Km from Krasnostav. @ <12044.481445, 289.160583, 11088.689453>
[EOnDrop] Zombie Spawned [1] ZmbM_PatrolNormal_Flat @ <12161.093750, 140.500000, 12552.334961> ... Lifespan:  Set to 120 minutes.
[EOnDrop] Zombie Spawned [2] ZmbM_PatrolNormal_Flat @ <12147.488281, 140.500000, 12520.995117> ... Lifespan:  Set to 120 minutes.
[EOnDrop] Zombie Spawned [3] ZmbM_SoldierNormal @ <12140.714844, 140.500000, 12477.199219> ... Lifespan:  Set to 120 minutes.
[EOnDrop] Zombie Spawned [4] ZmbM_SoldierNormal @ <12134.642578, 140.500000, 12498.166016> ... Lifespan:  Set to 120 minutes.
[EOnDrop] Zombie Spawned [5] ZmbM_PatrolNormal_Summer @ <12131.592773, 140.500000, 12557.625000> ... Lifespan:  Set to 120 minutes.
[EOnDrop] Zombie Spawned [6] ZmbM_PatrolNormal_Flat @ <12184.645508, 140.500000, 12539.787109> ... Lifespan:  Set to 120 minutes.
[EOnDrop] Zombie Spawned [7] ZmbM_PatrolNormal_PautRev @ <12147.232422, 140.500000, 12522.990234> ... Lifespan:  Set to 120 minutes.
[EOnDrop] Zombie Spawned [8] ZmbM_PatrolNormal_Flat @ <12160.388672, 140.500000, 12555.394531> ... Lifespan:  Set to 120 minutes.
[EOnDrop] Zombie Spawned [9] ZmbM_PatrolNormal_Autumn @ <12140.529297, 140.500000, 12525.514648> ... Lifespan:  Set to 120 minutes.
[EOnDrop] Zombie Spawned [10] ZmbM_PatrolNormal_Autumn @ <12127.963867, 140.500000, 12498.854492> ... Lifespan:  Set to 120 minutes.
[EOnDrop] Zombie Spawned [11] ZmbM_SoldierNormal @ <12118.967773, 140.500000, 12522.925781> ... Lifespan:  Set to 120 minutes.
[EOnDrop] Zombie Spawned [12] ZmbM_PatrolNormal_Autumn @ <12160.282227, 140.500000, 12516.666016> ... Lifespan:  Set to 120 minutes.
[EOnDrop] Zombie Spawned [13] ZmbM_PatrolNormal_Flat @ <12121.539063, 140.500000, 12499.554688> ... Lifespan:  Set to 120 minutes.
[EOnDrop] Zombie Spawned [14] ZmbM_PatrolNormal_Summer @ <12133.254883, 140.500000, 12531.593750> ... Lifespan:  Set to 120 minutes.
[EOnDrop] Zombie Spawned [15] ZmbM_PatrolNormal_Summer @ <12136.542969, 140.500000, 12525.266602> ... Lifespan:  Set to 120 minutes.
[EOnDrop] Drop spawned with 15 infected at <12153.465820, 276.213684, 12520.017578>.
[EOnDrop] Supplies have been dropped near Krasnostav.
[EOnBeforeDelete] Aircraft despawned @ <12445.995117, 313.505768, 16361.902344>
[~AirdropPlane] Aircraft destroyed.
