[InitializeContainer] Container created on 2021-02-28 @ 22-30-23
[InitializeContainer] Winds: Vector <-2.907699, 0.000000, -3.398126>, Speed 4.47236mps, Strength 0.1
[AirdropContainerFall] Drop Type 'Military Weapons', Container: 'AirdropContainer_Military', Mode/Quantity/Iems: Random/20/18, Flare:  10%
[AirdropContainerFall] Loot Spawned [1] AKM @ <4969.192871, 9.550000, 2459.926514> ... Lifespan: Set to 120 minutes.
[AirdropContainerFall] Loot Spawned [2] TWP_ArexZero @ <4965.676270, 9.550000, 2459.405273> ... Lifespan: Set to 120 minutes.
[AirdropContainerFall] Loot Spawned [3] TWP_P90Shallow_Grave @ <4966.498535, 9.550000, 2458.708496> ... Lifespan: Set to 120 minutes.
[AirdropContainerFall] Loot Spawned [4] FNX45 @ <4965.092285, 9.550000, 2461.124512> ... Lifespan: Set to 120 minutes.
[AirdropContainerFall] Loot Spawned [5] Mag_AKM_30Rnd @ <4965.525391, 9.550000, 2460.468750> ... Lifespan: Set to 120 minutes.
[AirdropContainerFall] Loot Spawned [6] TWP_ArexZero @ <4968.072266, 9.550000, 2462.472656> ... Lifespan: Set to 120 minutes.
[AirdropContainerFall] Loot Spawned [7] TWP_RemingtonMSR_mag_5Rnd @ <4966.757324, 9.550000, 2458.497803> ... Lifespan: Set to 120 minutes.
[AirdropContainerFall] Loot Spawned [8] AmmoBox_762x54_20Rnd @ <4968.283203, 9.550000, 2462.336914> ... Lifespan: Set to 120 minutes.
[AirdropContainerFall] Spawn failed for item [9] 'WP_ArexZero_mag_18Rnd', does not exist in DayZ!
[AirdropContainerFall] Loot Spawned [10] LandMineTrap @ <4968.274414, 9.550000, 2458.820313> ... Lifespan: Set to 120 minutes.
[AirdropContainerFall] Loot Spawned [11] TWP_P90Shallow_Grave @ <4964.553711, 9.550000, 2461.743652> ... Lifespan: Set to 120 minutes.
[AirdropContainerFall] Loot Spawned [12] Mag_AKM_30Rnd @ <4969.256836, 9.550000, 2461.363770> ... Lifespan: Set to 120 minutes.
[AirdropContainerFall] Loot Spawned [13] AKM @ <4967.049805, 9.550000, 2461.589355> ... Lifespan: Set to 120 minutes.
[AirdropContainerFall] Loot Spawned [14] TWP_P90Shallow_Grave @ <4967.944824, 9.550000, 2457.927734> ... Lifespan: Set to 120 minutes.
[AirdropContainerFall] Loot Spawned [15] Mag_STANAG_30Rnd @ <4967.167969, 9.550000, 2461.779053> ... Lifespan: Set to 120 minutes.
[AirdropContainerFall] Loot Spawned [16] Mag_STANAG_30Rnd @ <4967.500000, 9.550000, 2458.792480> ... Lifespan: Set to 120 minutes.
[AirdropContainerFall] Loot Spawned [17] FNX45 @ <4965.729980, 9.550000, 2459.825439> ... Lifespan: Set to 120 minutes.
[AirdropContainerFall] Loot Spawned [18] Mag_STANAG_30Rnd @ <4966.064941, 9.550000, 2459.103760> ... Lifespan: Set to 120 minutes.
[AirdropContainerFall] Loot Spawned [19] TWP_P8 @ <4969.012695, 9.550000, 2461.160889> ... Lifespan: Set to 120 minutes.
[AirdropContainerFall] Loot Spawned [20] M4A1 @ <4966.579102, 9.550000, 2458.590088> ... Lifespan: Set to 120 minutes.
[AirdropContainerFall] Airdrop Flare Spawned @ <4968.173340, 9.550000, 2460.507080> ... Lifespan: Set to 120 minutes.
[AirdropContainerUnstuck] Container was unstuck.
[~AirdropContainerBase] Container Destroyed on 2021-02-28 @ 23-30-07
