[InitializeContainer] Container created on 2021-02-23 @ 11-16-52
[InitializeContainer] Winds: Vector <-2.985102, 0.000000, -1.521825>, Speed 3.35064mps, Strength 0.1
[AirdropContainerFall] Drop Type 'Food/Medical', Container: 'AirdropContainer_Medical', Mode/Quantity/Iems: Random/20/11, Flare:  10%
[AirdropContainerFall] Loot Spawned [1] PeachesCan @ <1996.637451, 287.896942, 7559.256348> ... Lifespan: Set to 120 minutes.
[AirdropContainerFall] Loot Spawned [2] Marmalade @ <1999.838867, 289.337952, 7561.364746> ... Lifespan: Set to 120 minutes.
[AirdropContainerFall] Loot Spawned [3] BoxCerealCrunchin @ <1997.306152, 289.018890, 7563.181641> ... Lifespan: Set to 120 minutes.
[AirdropContainerFall] Loot Spawned [4] TunaCan @ <1995.157471, 287.874023, 7560.976074> ... Lifespan: Set to 120 minutes.
[AirdropContainerFall] Loot Spawned [5] Canteen @ <1995.408569, 287.574402, 7559.380371> ... Lifespan: Set to 120 minutes.
[AirdropContainerFall] Loot Spawned [6] VitaminBottle @ <1996.364258, 288.719238, 7563.081055> ... Lifespan: Set to 120 minutes.
[AirdropContainerFall] Loot Spawned [7] ToxicCure @ <1998.751465, 288.510590, 7559.229980> ... Lifespan: Set to 120 minutes.
[AirdropContainerFall] Loot Spawned [8] ToxicCure @ <1996.177979, 288.378876, 7561.856934> ... Lifespan: Set to 120 minutes.
[AirdropContainerFall] Loot Spawned [9] BakedBeansCan @ <1998.848267, 288.979950, 7561.075684> ... Lifespan: Set to 120 minutes.
[AirdropContainerFall] Loot Spawned [10] ToxicCure @ <1997.937622, 289.393646, 7563.993652> ... Lifespan: Set to 120 minutes.
[AirdropContainerFall] Loot Spawned [11] Canteen @ <2000.554932, 289.422546, 7560.827148> ... Lifespan: Set to 120 minutes.
[AirdropContainerFall] Loot Spawned [12] TacticalBaconCan @ <1998.990601, 288.972565, 7560.865234> ... Lifespan: Set to 120 minutes.
[AirdropContainerFall] Loot Spawned [13] PeachesCan @ <1995.432129, 288.369110, 7562.752441> ... Lifespan: Set to 120 minutes.
[AirdropContainerFall] Loot Spawned [14] ToxicCure @ <1996.602051, 288.533386, 7561.985840> ... Lifespan: Set to 120 minutes.
[AirdropContainerFall] Loot Spawned [15] TunaCan @ <1998.628540, 289.140564, 7562.040527> ... Lifespan: Set to 120 minutes.
[AirdropContainerFall] Loot Spawned [16] VitaminBottle @ <1995.115234, 287.537537, 7559.564453> ... Lifespan: Set to 120 minutes.
[AirdropContainerFall] Loot Spawned [17] Canteen @ <1996.904663, 288.053223, 7559.572266> ... Lifespan: Set to 120 minutes.
[AirdropContainerFall] Loot Spawned [18] Canteen @ <1997.726929, 288.006836, 7558.406250> ... Lifespan: Set to 120 minutes.
[AirdropContainerFall] Loot Spawned [19] TacticalBaconCan @ <1999.692993, 289.508728, 7562.280273> ... Lifespan: Set to 120 minutes.
[AirdropContainerFall] Loot Spawned [20] TunaCan @ <1996.620117, 287.864288, 7559.144531> ... Lifespan: Set to 120 minutes.
[AirdropContainerUnstuck] Container was unstuck.
[~AirdropContainerBase] Container Destroyed on 2021-02-23 @ 12-17-07
