[AirdropPlane] Aircraft created on 2021-02-04 @ 19-50-55
[InitializeAircraft] Aircraft Initialized: Krasnostav @ 12159/12583 (true)
[EOnBeforeDrop] The Aircraft is 1 Km from Krasnostav. @ <10701.811523, 425.565918, 12936.283203>
[EOnDrop] Zombie Spawned [1] ZmbM_PatrolNormal_Flat @ <12082.135742, 140.500000, 12606.773438> ... Lifespan:  Set to 120 minutes.
[EOnDrop] Zombie Spawned [2] ZmbM_PatrolNormal_Flat @ <12123.102539, 140.500000, 12611.010742> ... Lifespan:  Set to 120 minutes.
[EOnDrop] Zombie Spawned [3] ZmbM_PatrolNormal_PautRev @ <12088.851563, 140.500000, 12595.839844> ... Lifespan:  Set to 120 minutes.
[EOnDrop] Zombie Spawned [4] ZmbM_PatrolNormal_Summer @ <12062.518555, 140.500000, 12585.323242> ... Lifespan:  Set to 120 minutes.
[EOnDrop] Zombie Spawned [5] ZmbM_PatrolNormal_Flat @ <12070.754883, 140.500000, 12626.016602> ... Lifespan:  Set to 120 minutes.
[EOnDrop] Zombie Spawned [6] ZmbM_PatrolNormal_Flat @ <12091.693359, 140.452988, 12582.423828> ... Lifespan:  Set to 120 minutes.
[EOnDrop] Zombie Spawned [7] ZmbM_SoldierNormal @ <12075.464844, 140.500000, 12635.444336> ... Lifespan:  Set to 120 minutes.
[EOnDrop] Zombie Spawned [8] ZmbM_PatrolNormal_Flat @ <12068.986328, 140.500000, 12594.912109> ... Lifespan:  Set to 120 minutes.
[EOnDrop] Zombie Spawned [9] ZmbM_PatrolNormal_PautRev @ <12058.146484, 140.500000, 12578.606445> ... Lifespan:  Set to 120 minutes.
[EOnDrop] Zombie Spawned [10] ZmbM_PatrolNormal_Flat @ <12076.682617, 140.500000, 12623.354492> ... Lifespan:  Set to 120 minutes.
[EOnDrop] Zombie Spawned [11] ZmbM_PatrolNormal_Flat @ <12077.789063, 140.500000, 12579.416016> ... Lifespan:  Set to 120 minutes.
[EOnDrop] Zombie Spawned [12] ZmbM_SoldierNormal @ <12083.629883, 140.500000, 12594.512695> ... Lifespan:  Set to 120 minutes.
[EOnDrop] Zombie Spawned [13] ZmbM_PatrolNormal_Flat @ <12048.285156, 140.500000, 12583.014648> ... Lifespan:  Set to 120 minutes.
[EOnDrop] Zombie Spawned [14] ZmbM_PatrolNormal_Autumn @ <12087.264648, 140.500000, 12645.212891> ... Lifespan:  Set to 120 minutes.
[EOnDrop] Zombie Spawned [15] ZmbM_PatrolNormal_Autumn @ <12077.426758, 140.500000, 12597.796875> ... Lifespan:  Set to 120 minutes.
[EOnDrop] Drop spawned with 15 infected at <12078.061523, 283.656952, 12602.972656>.
[EOnDrop] Supplies have been dropped near Krasnostav.
[EOnBeforeDelete] Aircraft despawned @ <16360.561523, 152.000610, 11565.804688>
[~AirdropPlane] Aircraft destroyed.
