[InitializeContainer] Container created on 2021-04-05 @ 21-19-44
[InitializeContainer] Winds: Vector <11.258978, 0.000000, 4.246956>, Speed 12.0333mps, Strength 0.1
[AirdropContainerFall] Drop Type 'Military Weapons', Container: 'AirdropContainer_Military', Mode/Quantity/Iems: Random/20/15, Flare:  10%
[AirdropContainerFall] Loot Spawned [1] TWP_CZScorpion_mag_30Rnd @ <7480.174805, 327.741608, 7801.347656> ... Lifespan: Set to 120 minutes.
[AirdropContainerFall] Loot Spawned [2] TWP_HKCarabine @ <7483.315918, 327.960236, 7798.850586> ... Lifespan: Set to 120 minutes.
[AirdropContainerFall] Loot Spawned [3] TWP_Stoner63 @ <7479.896973, 327.694885, 7800.020020> ... Lifespan: Set to 120 minutes.
[AirdropContainerFall] Loot Spawned [4] RGD5Grenade @ <7478.589844, 327.562042, 7799.073730> ... Lifespan: Set to 120 minutes.
[AirdropContainerFall] Loot Spawned [5] TWP_M16 @ <7478.777344, 327.611816, 7800.739746> ... Lifespan: Set to 120 minutes.
[AirdropContainerFall] Loot Spawned [6] TWP_Stoner63 @ <7478.149414, 327.548340, 7800.165039> ... Lifespan: Set to 120 minutes.
[AirdropContainerFall] Loot Spawned [7] AmmoBox_762x54_20Rnd @ <7479.977051, 327.626190, 7796.568848> ... Lifespan: Set to 120 minutes.
[AirdropContainerFall] Loot Spawned [8] TWP_STG58 @ <7480.137207, 327.653503, 7797.273438> ... Lifespan: Set to 120 minutes.
[AirdropContainerFall] Loot Spawned [9] TWP_M16 @ <7482.022461, 327.859070, 7799.256836> ... Lifespan: Set to 120 minutes.
[AirdropContainerFall] Loot Spawned [10] TWP_CZScorpion_mag_30Rnd @ <7481.099121, 327.782928, 7799.374023> ... Lifespan: Set to 120 minutes.
[AirdropContainerFall] Loot Spawned [11] TWP_STG58 @ <7481.075684, 327.796631, 7800.086426> ... Lifespan: Set to 120 minutes.
[AirdropContainerFall] Loot Spawned [12] TWP_OTSGrosa @ <7479.555664, 327.649445, 7799.294922> ... Lifespan: Set to 120 minutes.
[AirdropContainerFall] Loot Spawned [13] TWP_HKCarabine @ <7480.288574, 327.728119, 7800.006836> ... Lifespan: Set to 120 minutes.
[AirdropContainerFall] Loot Spawned [14] TWP_Stoner63 @ <7479.431152, 327.604034, 7797.716797> ... Lifespan: Set to 120 minutes.
[AirdropContainerFall] Loot Spawned [15] TWP_M16 @ <7482.526367, 327.845978, 7796.782715> ... Lifespan: Set to 120 minutes.
[AirdropContainerFall] Loot Spawned [16] TWP_HKCarabine_mag_30Rnd @ <7481.428711, 327.840210, 7800.862305> ... Lifespan: Set to 120 minutes.
[AirdropContainerFall] Loot Spawned [17] LandMineTrap @ <7480.235840, 327.734558, 7800.640137> ... Lifespan: Set to 120 minutes.
[AirdropContainerFall] Loot Spawned [18] RGD5Grenade @ <7480.263672, 327.648193, 7796.485352> ... Lifespan: Set to 120 minutes.
[AirdropContainerFall] Loot Spawned [19] AmmoBox_762x54_20Rnd @ <7482.620605, 327.881226, 7797.982910> ... Lifespan: Set to 120 minutes.
[AirdropContainerFall] Loot Spawned [20] TWP_HKCarabine_mag_30Rnd @ <7482.643066, 327.925018, 7799.829590> ... Lifespan: Set to 120 minutes.
[AirdropContainerUnstuck] Container was unstuck.
[~AirdropContainerBase] Container Destroyed on 2021-04-05 @ 22-00-23
