[InitializeContainer] Container created on 2021-02-03 @ 18-06-09
[InitializeContainer] Winds: Vector <6.228194, 0.000000, -6.166262>, Speed 8.76431mps, Strength 0.1
[AirdropContainerFall] Drop Type 'Food/Medical', Container: 'AirdropContainer_Medical', Mode/Quantity/Iems: Random/20/11, Flare:  10%
[AirdropContainerFall] Loot Spawned [1] BoxCerealCrunchin @ <9314.469727, 26.164791, 2182.134521> ... Lifespan: Set to 120 minutes.
[AirdropContainerFall] Loot Spawned [2] BakedBeansCan @ <9311.218750, 26.182207, 2182.514160> ... Lifespan: Set to 120 minutes.
[AirdropContainerFall] Loot Spawned [3] Pot @ <9312.556641, 25.739931, 2179.976318> ... Lifespan: Set to 120 minutes.
[AirdropContainerFall] Loot Spawned [4] VitaminBottle @ <9314.162109, 25.646997, 2179.326904> ... Lifespan: Set to 120 minutes.
[AirdropContainerFall] Loot Spawned [5] TunaCan @ <9312.948242, 26.295238, 2182.961670> ... Lifespan: Set to 120 minutes.
[AirdropContainerFall] Loot Spawned [6] PeachesCan @ <9311.322266, 25.715153, 2179.948730> ... Lifespan: Set to 120 minutes.
[AirdropContainerFall] Loot Spawned [7] PowderedMilk @ <9313.837891, 25.924900, 2180.876709> ... Lifespan: Set to 120 minutes.
[AirdropContainerFall] Loot Spawned [8] PeachesCan @ <9312.640625, 25.662411, 2179.544678> ... Lifespan: Set to 120 minutes.
[AirdropContainerFall] Loot Spawned [9] BakedBeansCan @ <9313.788086, 26.029469, 2181.453369> ... Lifespan: Set to 120 minutes.
[AirdropContainerFall] Loot Spawned [10] SpaghettiCan @ <9313.611328, 26.292156, 2182.889893> ... Lifespan: Set to 120 minutes.
[AirdropContainerFall] Loot Spawned [11] PowderedMilk @ <9311.931641, 26.046713, 2181.710449> ... Lifespan: Set to 120 minutes.
[AirdropContainerFall] Loot Spawned [12] TunaCan @ <9314.154297, 26.201685, 2182.364258> ... Lifespan: Set to 120 minutes.
[AirdropContainerFall] Loot Spawned [13] SpaghettiCan @ <9311.235352, 25.966928, 2181.334717> ... Lifespan: Set to 120 minutes.
[AirdropContainerFall] Loot Spawned [14] SpaghettiCan @ <9314.859375, 26.309971, 2182.867432> ... Lifespan: Set to 120 minutes.
[AirdropContainerFall] Loot Spawned [15] Marmalade @ <9310.755859, 25.775293, 2180.327637> ... Lifespan: Set to 120 minutes.
[AirdropContainerFall] Loot Spawned [16] BakedBeansCan @ <9312.581055, 26.382971, 2183.452637> ... Lifespan: Set to 120 minutes.
[AirdropContainerFall] Loot Spawned [17] PeachesCan @ <9314.384766, 25.875338, 2180.557373> ... Lifespan: Set to 120 minutes.
[AirdropContainerFall] Loot Spawned [18] Pot @ <9312.930664, 25.558100, 2178.947998> ... Lifespan: Set to 120 minutes.
[AirdropContainerFall] Loot Spawned [19] VitaminBottle @ <9314.171875, 25.769657, 2179.997559> ... Lifespan: Set to 120 minutes.
[AirdropContainerFall] Loot Spawned [20] BoxCerealCrunchin @ <9312.964844, 26.376207, 2183.385010> ... Lifespan: Set to 120 minutes.
[AirdropContainerUnstuck] Container was unstuck.
[~AirdropContainerBase] Container Destroyed on 2021-02-03 @ 19-06-29
