[InitializeContainer] Container created on 2021-02-08 @ 01-07-48
[InitializeContainer] Winds: Vector <8.248260, 0.000000, 10.862906>, Speed 13.6395mps, Strength 0.1
[AirdropContainerFall] Drop Type 'Food/Medical', Container: 'AirdropContainer_Medical', Mode/Quantity/Iems: Random/20/11, Flare:  10%
[AirdropContainerFall] Loot Spawned [1] PowderedMilk @ <2399.578613, 203.715714, 5465.571289> ... Lifespan: Set to 120 minutes.
[AirdropContainerFall] Loot Spawned [2] Canteen @ <2400.382813, 203.607712, 5464.887695> ... Lifespan: Set to 120 minutes.
[AirdropContainerFall] Loot Spawned [3] BoxCerealCrunchin @ <2399.816895, 203.675720, 5465.305664> ... Lifespan: Set to 120 minutes.
[AirdropContainerFall] Loot Spawned [4] VitaminBottle @ <2402.068604, 203.654022, 5465.812500> ... Lifespan: Set to 120 minutes.
[AirdropContainerFall] Loot Spawned [5] BoxCerealCrunchin @ <2403.560303, 203.413116, 5464.129883> ... Lifespan: Set to 120 minutes.
[AirdropContainerFall] Loot Spawned [6] BakedBeansCan @ <2403.385986, 203.341232, 5463.436523> ... Lifespan: Set to 120 minutes.
[AirdropContainerFall] Loot Spawned [7] VitaminBottle @ <2403.329590, 203.546555, 5465.302734> ... Lifespan: Set to 120 minutes.
[AirdropContainerFall] Loot Spawned [8] PeachesCan @ <2400.753662, 203.795181, 5466.630371> ... Lifespan: Set to 120 minutes.
[AirdropContainerFall] Loot Spawned [9] TacticalBaconCan @ <2400.735840, 203.695847, 5465.758789> ... Lifespan: Set to 120 minutes.
[AirdropContainerFall] Loot Spawned [10] BoxCerealCrunchin @ <2402.850342, 203.671631, 5466.296387> ... Lifespan: Set to 120 minutes.
[AirdropContainerFall] Loot Spawned [11] VitaminBottle @ <2403.356201, 203.659393, 5466.385254> ... Lifespan: Set to 120 minutes.
[AirdropContainerFall] Loot Spawned [12] Pot @ <2400.959229, 203.307907, 5462.440430> ... Lifespan: Set to 120 minutes.
[AirdropContainerFall] Loot Spawned [13] BakedBeansCan @ <2399.780762, 203.640533, 5464.986328> ... Lifespan: Set to 120 minutes.
[AirdropContainerFall] Loot Spawned [14] BakedBeansCan @ <2401.251709, 203.661423, 5465.608887> ... Lifespan: Set to 120 minutes.
[AirdropContainerFall] Loot Spawned [15] BoxCerealCrunchin @ <2403.313232, 203.544357, 5465.275391> ... Lifespan: Set to 120 minutes.
[AirdropContainerFall] Loot Spawned [16] BakedBeansCan @ <2402.026367, 203.312958, 5462.794922> ... Lifespan: Set to 120 minutes.
[AirdropContainerFall] Loot Spawned [17] TacticalBaconCan @ <2403.693359, 203.352982, 5463.628418> ... Lifespan: Set to 120 minutes.
[AirdropContainerFall] Loot Spawned [18] BoxCerealCrunchin @ <2403.335938, 203.461609, 5464.499023> ... Lifespan: Set to 120 minutes.
[AirdropContainerFall] Loot Spawned [19] Marmalade @ <2399.857422, 203.486237, 5463.667480> ... Lifespan: Set to 120 minutes.
[AirdropContainerFall] Loot Spawned [20] SpaghettiCan @ <2401.389893, 203.624954, 5465.331055> ... Lifespan: Set to 120 minutes.
[AirdropContainerUnstuck] Container was unstuck.
[~AirdropContainerBase] Container Destroyed on 2021-02-08 @ 02-08-06
