[AirdropPlane] Aircraft created on 2021-02-13 @ 22-34-24
[InitializeAircraft] Aircraft Initialized: Novy Sobor @ 7436/7720 (true)
[EOnBeforeDrop] The Aircraft is 1 Km from Novy Sobor. @ <6393.104004, 509.301178, 6644.530762>
[EOnDrop] Zombie Spawned [1] ZmbM_HermitSkinny_Red @ <7362.308594, 306.133057, 7640.465820> ... Lifespan:  Set to 120 minutes.
[EOnDrop] Zombie Spawned [2] ZmbF_HikerSkinny_Blue @ <7372.950195, 307.339081, 7660.564941> ... Lifespan:  Set to 120 minutes.
[EOnDrop] Zombie Spawned [3] ZmbF_SurvivorNormal_White @ <7367.245605, 305.972412, 7651.916016> ... Lifespan:  Set to 120 minutes.
[EOnDrop] Zombie Spawned [4] ZmbM_HunterOld_Summer @ <7355.210938, 305.414612, 7648.949219> ... Lifespan:  Set to 120 minutes.
[EOnDrop] Zombie Spawned [5] ZmbF_SurvivorNormal_White @ <7356.899414, 305.955109, 7637.761719> ... Lifespan:  Set to 120 minutes.
[EOnDrop] Zombie Spawned [6] ZmbF_VillagerOld_Green @ <7373.708008, 306.528229, 7644.110352> ... Lifespan:  Set to 120 minutes.
[EOnDrop] Zombie Spawned [7] ZmbM_HermitSkinny_Red @ <7377.945801, 308.288879, 7680.747559> ... Lifespan:  Set to 120 minutes.
[EOnDrop] Zombie Spawned [8] ZmbM_VillagerOld_Blue @ <7396.330078, 310.668243, 7656.004883> ... Lifespan:  Set to 120 minutes.
[EOnDrop] Zombie Spawned [9] ZmbM_HikerSkinny_Green @ <7333.819336, 302.561798, 7632.750488> ... Lifespan:  Set to 120 minutes.
[EOnDrop] Zombie Spawned [10] ZmbM_MotobikerFat_Black @ <7382.721191, 309.417023, 7663.672363> ... Lifespan:  Set to 120 minutes.
[EOnDrop] Zombie Spawned [11] ZmbM_HikerSkinny_Green @ <7400.246582, 310.750946, 7653.152344> ... Lifespan:  Set to 120 minutes.
[EOnDrop] Zombie Spawned [12] ZmbM_VillagerOld_White @ <7364.020996, 306.118927, 7663.677246> ... Lifespan:  Set to 120 minutes.
[EOnDrop] Zombie Spawned [13] ZmbF_MilkMaidOld_Grey @ <7389.359863, 309.852386, 7685.538086> ... Lifespan:  Set to 120 minutes.
[EOnDrop] Zombie Spawned [14] ZmbM_HunterOld_Autumn @ <7330.278809, 302.335327, 7638.584961> ... Lifespan:  Set to 120 minutes.
[EOnDrop] Spawn failed for zombie [15] 'ZmbM_SurvivorDean_Grey', it does not exist in DayZ!
[EOnDrop] Drop spawned with 15 infected at <7373.685059, 434.513184, 7655.409668>.
[EOnDrop] Supplies have been dropped near Novy Sobor.
[EOnBeforeDelete] Aircraft despawned @ <15814.656250, 265.272888, 16360.045898>
[~AirdropPlane] Aircraft destroyed.
