[AirdropPlane] Aircraft created on 2021-03-09 @ 04-27-24
[InitializeAircraft] Aircraft Initialized: Sosnovka @ 2700/6193 (true)
[EOnBeforeDrop] The Aircraft is 1 Km from Sosnovka. @ <1405.138550, 340.575012, 6949.929199>
[EOnDrop] Zombie Spawned [1] ZmbM_SoldierNormal @ <2655.350342, 302.641846, 6209.253418> ... Lifespan:  Set to 120 minutes.
[EOnDrop] Zombie Spawned [2] ZmbM_PatrolNormal_Flat @ <2672.356689, 307.005432, 6228.378418> ... Lifespan:  Set to 120 minutes.
[EOnDrop] Zombie Spawned [3] ZmbM_PatrolNormal_Summer @ <2667.753906, 304.579926, 6213.593262> ... Lifespan:  Set to 120 minutes.
[EOnDrop] Zombie Spawned [4] ZmbM_PatrolNormal_PautRev @ <2611.895752, 299.834259, 6234.879395> ... Lifespan:  Set to 120 minutes.
[EOnDrop] Zombie Spawned [5] ZmbM_PatrolNormal_Flat @ <2670.446289, 309.439178, 6249.194336> ... Lifespan:  Set to 120 minutes.
[EOnDrop] Zombie Spawned [6] ZmbM_PatrolNormal_Autumn @ <2683.164307, 302.470367, 6190.128906> ... Lifespan:  Set to 120 minutes.
[EOnDrop] Zombie Spawned [7] ZmbM_PatrolNormal_Summer @ <2676.695557, 302.298462, 6192.447266> ... Lifespan:  Set to 120 minutes.
[EOnDrop] Zombie Spawned [8] ZmbM_PatrolNormal_Autumn @ <2632.560303, 305.287628, 6249.759277> ... Lifespan:  Set to 120 minutes.
[EOnDrop] Zombie Spawned [9] ZmbM_PatrolNormal_PautRev @ <2686.562500, 307.193451, 6218.621582> ... Lifespan:  Set to 120 minutes.
[EOnDrop] Zombie Spawned [10] ZmbM_PatrolNormal_Summer @ <2628.243652, 296.788818, 6196.097656> ... Lifespan:  Set to 120 minutes.
[EOnDrop] Zombie Spawned [11] ZmbM_SoldierNormal @ <2618.985107, 304.184387, 6259.464844> ... Lifespan:  Set to 120 minutes.
[EOnDrop] Zombie Spawned [12] ZmbM_SoldierNormal @ <2662.739502, 310.639862, 6264.505859> ... Lifespan:  Set to 120 minutes.
[EOnDrop] Zombie Spawned [13] ZmbM_PatrolNormal_Summer @ <2666.812988, 305.662506, 6222.345703> ... Lifespan:  Set to 120 minutes.
[EOnDrop] Zombie Spawned [14] ZmbM_SoldierNormal @ <2624.126465, 301.326202, 6229.958984> ... Lifespan:  Set to 120 minutes.
[EOnDrop] Zombie Spawned [15] ZmbM_PatrolNormal_Summer @ <2648.360596, 299.539490, 6193.363281> ... Lifespan:  Set to 120 minutes.
[EOnDrop] Zombie Spawned [16] ZmbM_PatrolNormal_PautRev @ <2655.744385, 304.437897, 6221.850098> ... Lifespan:  Set to 120 minutes.
[EOnDrop] Zombie Spawned [17] ZmbM_PatrolNormal_PautRev @ <2645.453857, 299.832672, 6198.061523> ... Lifespan:  Set to 120 minutes.
[EOnDrop] Zombie Spawned [18] ZmbM_SoldierNormal @ <2665.087402, 307.100555, 6234.739746> ... Lifespan:  Set to 120 minutes.
[EOnDrop] Zombie Spawned [19] ZmbM_PatrolNormal_Flat @ <2639.638916, 306.386658, 6250.684570> ... Lifespan:  Set to 120 minutes.
[EOnDrop] Zombie Spawned [20] ZmbM_PatrolNormal_Flat @ <2639.543701, 305.554657, 6243.822266> ... Lifespan:  Set to 120 minutes.
[EOnDrop] Zombie Spawned [21] ZmbM_PatrolNormal_Summer @ <2646.746582, 300.606873, 6202.217285> ... Lifespan:  Set to 120 minutes.
[EOnDrop] Zombie Spawned [22] ZmbM_PatrolNormal_Autumn @ <2671.334961, 310.318634, 6255.727539> ... Lifespan:  Set to 120 minutes.
[EOnDrop] Zombie Spawned [23] ZmbM_SoldierNormal @ <2622.998291, 303.062958, 6243.769043> ... Lifespan:  Set to 120 minutes.
[EOnDrop] Zombie Spawned [24] ZmbM_PatrolNormal_Flat @ <2652.346924, 299.160736, 6187.422363> ... Lifespan:  Set to 120 minutes.
[EOnDrop] Zombie Spawned [25] ZmbM_PatrolNormal_Autumn @ <2637.655762, 297.273438, 6188.252441> ... Lifespan:  Set to 120 minutes.
[EOnDrop] Zombie Spawned [26] ZmbM_PatrolNormal_PautRev @ <2673.511230, 308.976013, 6243.389648> ... Lifespan:  Set to 120 minutes.
[EOnDrop] Zombie Spawned [27] ZmbM_SoldierNormal @ <2606.115479, 293.762756, 6202.988770> ... Lifespan:  Set to 120 minutes.
[EOnDrop] Zombie Spawned [28] ZmbM_PatrolNormal_Autumn @ <2660.232422, 300.318573, 6189.738281> ... Lifespan:  Set to 120 minutes.
[EOnDrop] Zombie Spawned [29] ZmbM_PatrolNormal_Summer @ <2627.942627, 299.286285, 6211.362793> ... Lifespan:  Set to 120 minutes.
[EOnDrop] Zombie Spawned [30] ZmbM_SoldierNormal @ <2622.546143, 299.987061, 6222.463867> ... Lifespan:  Set to 120 minutes.
[EOnDrop] Zombie Spawned [31] ZmbM_PatrolNormal_Summer @ <2640.167969, 298.070831, 6190.837891> ... Lifespan:  Set to 120 minutes.
[EOnDrop] Zombie Spawned [32] ZmbM_PatrolNormal_Summer @ <2690.857178, 309.201538, 6231.481934> ... Lifespan:  Set to 120 minutes.
[EOnDrop] Zombie Spawned [33] ZmbM_PatrolNormal_PautRev @ <2644.263184, 300.628662, 6204.615723> ... Lifespan:  Set to 120 minutes.
[EOnDrop] Zombie Spawned [34] ZmbM_PatrolNormal_Flat @ <2681.812500, 308.060211, 6229.289063> ... Lifespan:  Set to 120 minutes.
[EOnDrop] Zombie Spawned [35] ZmbM_PatrolNormal_Autumn @ <2668.433838, 308.436462, 6242.723145> ... Lifespan:  Set to 120 minutes.
[EOnDrop] Zombie Spawned [36] ZmbM_PatrolNormal_Summer @ <2637.730469, 307.959290, 6270.072266> ... Lifespan:  Set to 120 minutes.
[EOnDrop] Zombie Spawned [37] ZmbM_PatrolNormal_PautRev @ <2677.951904, 304.936829, 6208.659180> ... Lifespan:  Set to 120 minutes.
[EOnDrop] Zombie Spawned [38] ZmbM_PatrolNormal_PautRev @ <2641.611328, 300.359406, 6205.222656> ... Lifespan:  Set to 120 minutes.
[EOnDrop] Zombie Spawned [39] ZmbM_SoldierNormal @ <2645.120117, 298.551666, 6189.319824> ... Lifespan:  Set to 120 minutes.
[EOnDrop] Zombie Spawned [40] ZmbM_PatrolNormal_Autumn @ <2650.074463, 298.031189, 6181.780762> ... Lifespan:  Set to 120 minutes.
[EOnDrop] Drop spawned with 40 infected at <2649.334473, 446.126587, 6222.990234>.
[EOnDrop] Supplies have been dropped near Sosnovka.
[EOnBeforeDelete] Aircraft despawned @ <15012.877930, 152.000610, -1000.935059>
[~AirdropPlane] Aircraft destroyed.
