[AirdropPlane] Aircraft created on 2021-03-13 @ 13-49-05
[InitializeAircraft] Aircraft Initialized: Sosnovka @ 2700/6193 (true)
[EOnBeforeDrop] The Aircraft is 1 Km from Sosnovka. @ <4165.948242, 454.543427, 6510.614258>
[EOnDrop] Zombie Spawned [1] ZmbM_SoldierNormal @ <2745.825439, 305.569550, 6194.539063> ... Lifespan:  Set to 120 minutes.
[EOnDrop] Zombie Spawned [2] ZmbM_PatrolNormal_Flat @ <2807.418945, 308.636597, 6223.182617> ... Lifespan:  Set to 120 minutes.
[EOnDrop] Zombie Spawned [3] ZmbM_PatrolNormal_Autumn @ <2810.907227, 307.678528, 6215.369141> ... Lifespan:  Set to 120 minutes.
[EOnDrop] Zombie Spawned [4] ZmbM_PatrolNormal_Summer @ <2741.528076, 312.720184, 6247.692871> ... Lifespan:  Set to 120 minutes.
[EOnDrop] Zombie Spawned [5] ZmbM_PatrolNormal_Autumn @ <2756.376953, 303.153503, 6179.395508> ... Lifespan:  Set to 120 minutes.
[EOnDrop] Zombie Spawned [6] ZmbM_PatrolNormal_Flat @ <2757.786621, 307.292389, 6206.890625> ... Lifespan:  Set to 120 minutes.
[EOnDrop] Zombie Spawned [7] ZmbM_PatrolNormal_PautRev @ <2803.962402, 309.252563, 6228.318359> ... Lifespan:  Set to 120 minutes.
[EOnDrop] Zombie Spawned [8] ZmbM_PatrolNormal_PautRev @ <2767.513672, 308.551575, 6218.233887> ... Lifespan:  Set to 120 minutes.
[EOnDrop] Zombie Spawned [9] ZmbM_PatrolNormal_PautRev @ <2775.911133, 308.147980, 6217.164551> ... Lifespan:  Set to 120 minutes.
[EOnDrop] Zombie Spawned [10] ZmbM_PatrolNormal_Autumn @ <2779.614746, 305.429932, 6197.804199> ... Lifespan:  Set to 120 minutes.
[EOnDrop] Zombie Spawned [11] ZmbM_PatrolNormal_PautRev @ <2742.154053, 307.160645, 6203.592773> ... Lifespan:  Set to 120 minutes.
[EOnDrop] Zombie Spawned [12] ZmbM_PatrolNormal_Autumn @ <2811.042480, 307.702820, 6215.581543> ... Lifespan:  Set to 120 minutes.
[EOnDrop] Zombie Spawned [13] ZmbM_SoldierNormal @ <2772.630127, 312.396393, 6251.816406> ... Lifespan:  Set to 120 minutes.
[EOnDrop] Zombie Spawned [14] ZmbM_PatrolNormal_PautRev @ <2791.842773, 307.439545, 6213.291016> ... Lifespan:  Set to 120 minutes.
[EOnDrop] Zombie Spawned [15] ZmbM_PatrolNormal_Autumn @ <2751.635254, 303.108063, 6178.550293> ... Lifespan:  Set to 120 minutes.
[EOnDrop] Zombie Spawned [16] ZmbM_PatrolNormal_PautRev @ <2813.716309, 308.450867, 6223.620117> ... Lifespan:  Set to 120 minutes.
[EOnDrop] Zombie Spawned [17] ZmbM_PatrolNormal_Autumn @ <2748.803955, 310.771484, 6229.677734> ... Lifespan:  Set to 120 minutes.
[EOnDrop] Zombie Spawned [18] ZmbM_PatrolNormal_Autumn @ <2780.877686, 304.730591, 6193.153809> ... Lifespan:  Set to 120 minutes.
[EOnDrop] Zombie Spawned [19] ZmbM_SoldierNormal @ <2772.425781, 308.010040, 6215.334961> ... Lifespan:  Set to 120 minutes.
[EOnDrop] Zombie Spawned [20] ZmbM_PatrolNormal_Flat @ <2774.229492, 305.618195, 6198.506836> ... Lifespan:  Set to 120 minutes.
[EOnDrop] Zombie Spawned [21] ZmbM_PatrolNormal_Autumn @ <2761.629639, 304.402527, 6189.088867> ... Lifespan:  Set to 120 minutes.
[EOnDrop] Zombie Spawned [22] ZmbM_PatrolNormal_Autumn @ <2773.049072, 305.016815, 6194.272461> ... Lifespan:  Set to 120 minutes.
[EOnDrop] Zombie Spawned [23] ZmbM_PatrolNormal_Summer @ <2765.574951, 302.598083, 6175.427246> ... Lifespan:  Set to 120 minutes.
[EOnDrop] Zombie Spawned [24] ZmbM_PatrolNormal_Summer @ <2743.636230, 309.860260, 6221.046875> ... Lifespan:  Set to 120 minutes.
[EOnDrop] Zombie Spawned [25] ZmbM_SoldierNormal @ <2782.923584, 304.652527, 6192.806152> ... Lifespan:  Set to 120 minutes.
[EOnDrop] Zombie Spawned [26] ZmbM_PatrolNormal_PautRev @ <2763.910645, 310.349884, 6231.985352> ... Lifespan:  Set to 120 minutes.
[EOnDrop] Zombie Spawned [27] ZmbM_PatrolNormal_Summer @ <2786.590088, 309.885498, 6232.155273> ... Lifespan:  Set to 120 minutes.
[EOnDrop] Zombie Spawned [28] ZmbM_PatrolNormal_Summer @ <2767.664551, 309.338287, 6224.551270> ... Lifespan:  Set to 120 minutes.
[EOnDrop] Zombie Spawned [29] ZmbM_PatrolNormal_PautRev @ <2766.150391, 307.772278, 6212.045898> ... Lifespan:  Set to 120 minutes.
[EOnDrop] Zombie Spawned [30] ZmbM_PatrolNormal_Autumn @ <2779.492920, 307.252319, 6210.879883> ... Lifespan:  Set to 120 minutes.
[EOnDrop] Zombie Spawned [31] ZmbM_PatrolNormal_Flat @ <2730.048584, 304.904358, 6190.544434> ... Lifespan:  Set to 120 minutes.
[EOnDrop] Zombie Spawned [32] ZmbM_PatrolNormal_Autumn @ <2773.171143, 301.927551, 6171.286621> ... Lifespan:  Set to 120 minutes.
[EOnDrop] Zombie Spawned [33] ZmbM_PatrolNormal_PautRev @ <2793.633301, 304.028564, 6189.053711> ... Lifespan:  Set to 120 minutes.
[EOnDrop] Zombie Spawned [34] ZmbM_PatrolNormal_PautRev @ <2766.917969, 302.904266, 6179.125000> ... Lifespan:  Set to 120 minutes.
[EOnDrop] Zombie Spawned [35] ZmbM_SoldierNormal @ <2787.356445, 304.755096, 6193.730957> ... Lifespan:  Set to 120 minutes.
[EOnDrop] Zombie Spawned [36] ZmbM_SoldierNormal @ <2732.162842, 310.192230, 6221.657227> ... Lifespan:  Set to 120 minutes.
[EOnDrop] Zombie Spawned [37] ZmbM_PatrolNormal_Flat @ <2759.218506, 303.213470, 6180.308594> ... Lifespan:  Set to 120 minutes.
[EOnDrop] Zombie Spawned [38] ZmbM_PatrolNormal_PautRev @ <2747.760010, 310.003723, 6223.126953> ... Lifespan:  Set to 120 minutes.
[EOnDrop] Zombie Spawned [39] ZmbM_PatrolNormal_Summer @ <2802.343994, 311.071472, 6245.384766> ... Lifespan:  Set to 120 minutes.
[EOnDrop] Zombie Spawned [40] ZmbM_SoldierNormal @ <2758.392090, 308.509155, 6215.305664> ... Lifespan:  Set to 120 minutes.
[EOnDrop] Drop spawned with 40 infected at <2772.574219, 459.761841, 6208.952148>.
[EOnDrop] Supplies have been dropped near Sosnovka.
[EOnBeforeDelete] Aircraft despawned @ <-1000.294739, 355.131531, 5392.137695>
[~AirdropPlane] Aircraft destroyed.
