[AirdropBase] Base class created & settings loaded.
[2021-04-09 @ 17-07-38] ----------------------------------------------------------------------------------------------------
[EOnCallAirdrop] Drop zone asigned: Chernogorks <6128.000000, 0.000000, 2497.000000>
[EOnCallAirdrop] Drop zone offset to: <6050.404297, 2438.000000, 2509.922363>
[EOnCallAirdrop] Aircraft spawn point: <11013.245117, 2438.000000, 16360.000000>
[EOnCallAirdrop] Aircraft bearing ... Angle/Bearing: 1.23199° / 19.4122°, Text: 'North (19°)'
[EOnCallAirdrop] Aircraft has been dispatched to 'Chernogorks' from the North (19°).
[2021-04-09 @ 18-08-49] ----------------------------------------------------------------------------------------------------
[EOnCallAirdrop] Drop zone asigned: Northwest Airfield <4807.000000, 0.000000, 9812.000000>
[EOnCallAirdrop] Drop zone offset to: <4881.090332, 2438.000000, 9786.125977>
[EOnCallAirdrop] Aircraft spawn point: <7094.834473, 2438.000000, -1000.000000>
[EOnCallAirdrop] Aircraft bearing ... Angle/Bearing: -1.36227° / 168.052°, Text: 'South (168°)'
[EOnCallAirdrop] Aircraft has been dispatched to 'Northwest Airfield' from the South (168°).
[2021-04-09 @ 19-10-00] ----------------------------------------------------------------------------------------------------
[EOnCallAirdrop] Drop zone asigned: Krasnostav <12159.000000, 0.000000, 12583.000000>
[EOnCallAirdrop] Drop zone offset to: <12158.522461, 2438.000000, 12625.067383>
[EOnCallAirdrop] Aircraft spawn point: <16360.000000, 2438.000000, 14099.867188>
[EOnCallAirdrop] Aircraft bearing ... Angle/Bearing: 0.346505° / 70.1467°, Text: 'East (70°)'
[EOnCallAirdrop] Aircraft has been dispatched to 'Krasnostav' from the East (70°).
[2021-04-09 @ 20-11-11] ----------------------------------------------------------------------------------------------------
[EOnCallAirdrop] Drop zone asigned: Northwest Airfield <4807.000000, 0.000000, 9812.000000>
[EOnCallAirdrop] Drop zone offset to: <4821.444336, 2438.000000, 9783.799805>
[EOnCallAirdrop] Aircraft spawn point: <5771.390625, 2438.000000, 16360.000000>
[EOnCallAirdrop] Aircraft bearing ... Angle/Bearing: 1.42457° / 8.3783°, Text: 'North (8°)'
[EOnCallAirdrop] Aircraft has been dispatched to 'Northwest Airfield' from the North (8°).
[ReplaceAirdropFlare] 'Road Flare' activted in player's hand (BnYrB).
[2021-04-09 @ 20-40-46] ----------------------------------------------------------------------------------------------------
[EOnCallAirdrop] Drop zone asigned: Player Called <10728.637695, 213.348343, 7994.544434>
[EOnCallAirdrop] Drop zone offset to: <10771.206055, 2438.000000, 8013.229004>
[EOnCallAirdrop] Aircraft spawn point: <-70.198677, 2438.000000, 16360.000000>
[EOnCallAirdrop] Aircraft bearing ... Angle/Bearing: 2.48249° / 307.764°, Text: 'North/West (308°)'
[EOnCallAirdrop] Aircraft was dispatched to the player's location (-70.1987/16360) from the North/West (308°).
[2021-04-09 @ 21-12-20] ----------------------------------------------------------------------------------------------------
[EOnCallAirdrop] Drop zone asigned: Elektrozavodsk <9371.000000, 0.000000, 2229.000000>
[EOnCallAirdrop] Drop zone offset to: <9386.602539, 2438.000000, 2284.970215>
[EOnCallAirdrop] Aircraft spawn point: <11757.085938, 2438.000000, 16360.000000>
[EOnCallAirdrop] Aircraft bearing ... Angle/Bearing: 1.40352° / 9.58425°, Text: 'North (10°)'
[EOnCallAirdrop] Aircraft has been dispatched to 'Elektrozavodsk' from the North (10°).
