[InitializeContainer] Container created on 2021-03-01 @ 20-47-45
[InitializeContainer] Winds: Vector <5.702397, 0.000000, -6.413579>, Speed 8.58204mps, Strength 0.1
[AirdropContainerFall] Drop Type 'Military Weapons', Container: 'AirdropContainer', Mode/Quantity/Iems: Random/30/14, Flare:  10%
[AirdropContainerFall] Loot Spawned [1] TTC_Beowulf @ <6046.143066, 41.843819, 2486.516846> ... Lifespan: Set to 120 minutes.
[AirdropContainerFall] Loot Spawned [2] TTC_Ammo_50Beo @ <6046.206055, 42.006008, 2489.757080> ... Lifespan: Set to 120 minutes.
[AirdropContainerFall] Loot Spawned [3] Vodka @ <6046.611816, 41.887901, 2490.132080> ... Lifespan: Set to 120 minutes.
[AirdropContainerFall] Loot Spawned [4] BakedBeansCan @ <6044.483398, 42.499962, 2487.912109> ... Lifespan: Set to 120 minutes.
[AirdropContainerFall] Loot Spawned [5] TTC_Beowulf @ <6047.475098, 41.401939, 2486.765381> ... Lifespan: Set to 120 minutes.
[AirdropContainerFall] Loot Spawned [6] TTC_Beowulf @ <6047.089355, 41.477882, 2485.805908> ... Lifespan: Set to 120 minutes.
[AirdropContainerFall] Loot Spawned [7] TWP_BerettaPX4 @ <6048.968262, 40.933708, 2487.691895> ... Lifespan: Set to 120 minutes.
[AirdropContainerFall] Loot Spawned [8] TWP_BerettaPX4_mag_17Rnd @ <6046.341797, 41.929260, 2489.194336> ... Lifespan: Set to 120 minutes.
[AirdropContainerFall] Loot Spawned [9] TWP_BerettaPX4 @ <6044.985840, 42.373230, 2488.779053> ... Lifespan: Set to 120 minutes.
[AirdropContainerFall] Loot Spawned [10] TWP_BerettaPX4_mag_17Rnd @ <6046.076660, 42.054218, 2489.816895> ... Lifespan: Set to 120 minutes.
[AirdropContainerFall] Loot Spawned [11] TWP_BerettaPX4 @ <6045.404785, 42.161598, 2487.620605> ... Lifespan: Set to 120 minutes.
[AirdropContainerFall] Loot Spawned [12] TTC_AmmoBox_50Beo_20rnd @ <6044.363281, 42.605045, 2488.980957> ... Lifespan: Set to 120 minutes.
[AirdropContainerFall] Loot Spawned [13] Mag_AKM_30Rnd @ <6049.474121, 40.814140, 2488.793701> ... Lifespan: Set to 120 minutes.
[AirdropContainerFall] Loot Spawned [14] TWP_BerettaPX4_mag_17Rnd @ <6048.619141, 41.198475, 2490.272461> ... Lifespan: Set to 120 minutes.
[AirdropContainerFall] Loot Spawned [15] PowderedMilk @ <6044.911621, 42.247730, 2486.193115> ... Lifespan: Set to 120 minutes.
[AirdropContainerFall] Loot Spawned [16] TTC_50Beo_mag @ <6046.196777, 41.989960, 2489.386963> ... Lifespan: Set to 120 minutes.
[AirdropContainerFall] Loot Spawned [17] PowderedMilk @ <6045.078125, 42.431957, 2490.229736> ... Lifespan: Set to 120 minutes.
[AirdropContainerFall] Loot Spawned [18] TTC_Buttstock3 @ <6048.821777, 41.012539, 2488.223633> ... Lifespan: Set to 120 minutes.
[AirdropContainerFall] Loot Spawned [19] Mag_AKM_30Rnd @ <6047.012207, 41.488316, 2485.531982> ... Lifespan: Set to 120 minutes.
[AirdropContainerFall] Loot Spawned [20] TWP_BerettaPX4 @ <6045.775879, 42.001335, 2487.057373> ... Lifespan: Set to 120 minutes.
[AirdropContainerFall] Loot Spawned [21] TWP_BerettaPX4_mag_17Rnd @ <6048.454102, 41.201218, 2489.382813> ... Lifespan: Set to 120 minutes.
[AirdropContainerFall] Loot Spawned [22] BakedBeansCan @ <6045.964355, 41.861240, 2485.768311> ... Lifespan: Set to 120 minutes.
[AirdropContainerFall] Loot Spawned [23] AKM @ <6044.589844, 42.382729, 2486.556152> ... Lifespan: Set to 120 minutes.
[AirdropContainerFall] Loot Spawned [24] TWP_BerettaPX4 @ <6048.600586, 40.979073, 2486.129395> ... Lifespan: Set to 120 minutes.
[AirdropContainerFall] Loot Spawned [25] TWP_BerettaPX4_mag_17Rnd @ <6047.975098, 41.240273, 2486.929443> ... Lifespan: Set to 120 minutes.
[AirdropContainerFall] Loot Spawned [26] TTC_R700 @ <6048.645996, 40.967625, 2486.198975> ... Lifespan: Set to 120 minutes.
[AirdropContainerFall] Loot Spawned [27] Mag_AKM_30Rnd @ <6046.195801, 41.825886, 2486.518555> ... Lifespan: Set to 120 minutes.
[AirdropContainerFall] Loot Spawned [28] TTC_AmmoBox_50Beo_20rnd @ <6048.347168, 41.225468, 2489.132568> ... Lifespan: Set to 120 minutes.
[AirdropContainerFall] Loot Spawned [29] TTC_Buttstock3 @ <6045.562500, 42.092705, 2487.366211> ... Lifespan: Set to 120 minutes.
[AirdropContainerFall] Loot Spawned [30] Mag_AKM_30Rnd @ <6047.243652, 41.461475, 2486.427246> ... Lifespan: Set to 120 minutes.
[AirdropContainerUnstuck] Container was unstuck.
[~AirdropContainerBase] Container Destroyed on 2021-03-01 @ 21-46-36
