[InitializeContainer] Container created on 2021-02-12 @ 02-16-32
[InitializeContainer] Winds: Vector <6.671429, 0.000000, -5.921588>, Speed 8.92038mps, Strength 0.1
[AirdropContainerFall] Drop Type 'Military Weapons', Container: 'AirdropContainer_Military', Mode/Quantity/Iems: Random/20/18, Flare:  10%
[AirdropContainerFall] Loot Spawned [1] LargeTent @ <5893.905762, 309.862976, 7787.455566> ... Lifespan: Set to 120 minutes.
[AirdropContainerFall] Loot Spawned [2] AmmoBox_762x54_20Rnd @ <5893.390137, 309.959442, 7784.384277> ... Lifespan: Set to 120 minutes.
[AirdropContainerFall] Loot Spawned [3] Izh18 @ <5889.743164, 310.217133, 7787.937012> ... Lifespan: Set to 120 minutes.
[AirdropContainerFall] Loot Spawned [4] TTSKOPants @ <5891.003906, 310.131531, 7785.942871> ... Lifespan: Set to 120 minutes.
[AirdropContainerFall] Loot Spawned [5] Izh18 @ <5894.779785, 309.782318, 7787.408691> ... Lifespan: Set to 120 minutes.
[AirdropContainerFall] Loot Spawned [6] LargeTent @ <5891.214355, 310.099335, 7787.524902> ... Lifespan: Set to 120 minutes.
[AirdropContainerFall] Loot Spawned [7] Mag_AKM_30Rnd @ <5891.193359, 310.136414, 7784.557617> ... Lifespan: Set to 120 minutes.
[AirdropContainerFall] Loot Spawned [8] Mosin9130 @ <5891.069824, 310.163879, 7783.909668> ... Lifespan: Set to 120 minutes.
[AirdropContainerFall] Spawn failed for item [9] 'PlateCarrierComplete', does not exist in DayZ!
[AirdropContainerFall] Loot Spawned [10] Mosin_Bayonet @ <5894.205078, 309.852203, 7786.596191> ... Lifespan: Set to 120 minutes.
[AirdropContainerFall] Loot Spawned [11] Izh18 @ <5894.056641, 309.851135, 7787.342285> ... Lifespan: Set to 120 minutes.
[AirdropContainerFall] Loot Spawned [12] AmmoBox_762x39_20Rnd @ <5890.847168, 310.133484, 7787.117676> ... Lifespan: Set to 120 minutes.
[AirdropContainerFall] Loot Spawned [13] Mosin_Bayonet @ <5890.743164, 310.145142, 7786.794434> ... Lifespan: Set to 120 minutes.
[AirdropContainerFall] Loot Spawned [14] FNX45 @ <5892.391602, 309.986511, 7788.344238> ... Lifespan: Set to 120 minutes.
[AirdropContainerFall] Loot Spawned [15] AmmoBox_762x39_20Rnd @ <5891.295410, 310.119141, 7784.889160> ... Lifespan: Set to 120 minutes.
[AirdropContainerFall] Loot Spawned [16] AmmoBox_762x39_20Rnd @ <5893.081055, 309.962952, 7785.604980> ... Lifespan: Set to 120 minutes.
[AirdropContainerFall] Loot Spawned [17] Mag_STANAG_30Rnd @ <5892.864258, 310.004150, 7784.337891> ... Lifespan: Set to 120 minutes.
[AirdropContainerFall] Loot Spawned [18] TTSKOPants @ <5890.295410, 310.175507, 7787.504883> ... Lifespan: Set to 120 minutes.
[AirdropContainerFall] Loot Spawned [19] AmmoBox_762x39_20Rnd @ <5892.038086, 310.050537, 7785.460938> ... Lifespan: Set to 120 minutes.
[AirdropContainerFall] Loot Spawned [20] Mosin9130 @ <5893.195801, 309.952637, 7785.696289> ... Lifespan: Set to 120 minutes.
[AirdropContainerUnstuck] Container was unstuck.
[~AirdropContainerBase] Container Destroyed on 2021-02-12 @ 02-33-58
