[InitializeContainer] Container created on 2021-02-27 @ 23-07-52
[InitializeContainer] Winds: Vector <10.405397, 0.000000, 7.406430>, Speed 12.7721mps, Strength 0.1
[AirdropContainerFall] Drop Type 'Military Weapons', Container: 'AirdropContainer_Military', Mode/Quantity/Iems: Random/20/18, Flare:  10%
[AirdropContainerFall] Loot Spawned [1] TWP_ArexZero @ <5759.562988, 320.170471, 7716.968262> ... Lifespan: Set to 120 minutes.
[AirdropContainerFall] Loot Spawned [2] AmmoBox_762x39_20Rnd @ <5757.428711, 320.126465, 7714.667969> ... Lifespan: Set to 120 minutes.
[AirdropContainerFall] Loot Spawned [3] TWP_P8 @ <5758.957520, 320.168640, 7717.787598> ... Lifespan: Set to 120 minutes.
[AirdropContainerFall] Loot Spawned [4] TWP_USPPsychodelic @ <5758.146484, 320.162476, 7718.681152> ... Lifespan: Set to 120 minutes.
[AirdropContainerFall] Loot Spawned [5] Mag_STANAG_30Rnd @ <5760.730957, 320.171417, 7715.332520> ... Lifespan: Set to 120 minutes.
[AirdropContainerFall] Spawn failed for item [6] 'WP_ArexZero_mag_18Rnd', does not exist in DayZ!
[AirdropContainerFall] Loot Spawned [7] LandMineTrap @ <5757.962891, 320.128723, 7714.150879> ... Lifespan: Set to 120 minutes.
[AirdropContainerFall] Loot Spawned [8] AmmoBox_762x39_20Rnd @ <5759.455078, 320.145386, 7713.993164> ... Lifespan: Set to 120 minutes.
[AirdropContainerFall] Loot Spawned [9] LandMineTrap @ <5758.157715, 320.160492, 7718.147949> ... Lifespan: Set to 120 minutes.
[AirdropContainerFall] Loot Spawned [10] AmmoBox_762x39_20Rnd @ <5758.554199, 320.156769, 7716.768066> ... Lifespan: Set to 120 minutes.
[AirdropContainerFall] Loot Spawned [11] Mag_STANAG_30Rnd @ <5760.481934, 320.173676, 7715.985840> ... Lifespan: Set to 120 minutes.
[AirdropContainerFall] Loot Spawned [12] AKM @ <5759.565918, 320.164337, 7716.200684> ... Lifespan: Set to 120 minutes.
[AirdropContainerFall] Spawn failed for item [13] 'TWP_P90Shallow_Grave_mag_50Rn', does not exist in DayZ!
[AirdropContainerFall] Loot Spawned [14] LandMineTrap @ <5760.782715, 320.177124, 7715.967285> ... Lifespan: Set to 120 minutes.
[AirdropContainerFall] Loot Spawned [15] TWP_RemingtonMSR @ <5756.857910, 320.127777, 7715.688965> ... Lifespan: Set to 120 minutes.
[AirdropContainerFall] Loot Spawned [16] TWP_USPPsychodelic @ <5758.743164, 320.137848, 7714.121094> ... Lifespan: Set to 120 minutes.
[AirdropContainerFall] Loot Spawned [17] Mag_AKM_30Rnd @ <5760.257324, 320.153534, 7713.805176> ... Lifespan: Set to 120 minutes.
[AirdropContainerFall] Spawn failed for item [18] 'WP_ArexZero_mag_18Rnd', does not exist in DayZ!
[AirdropContainerFall] Loot Spawned [19] TWP_P8_mag_15Rnd @ <5756.726074, 320.114197, 7714.188477> ... Lifespan: Set to 120 minutes.
[AirdropContainerFall] Loot Spawned [20] TWP_P90Shallow_Grave @ <5756.306152, 320.124115, 7716.059570> ... Lifespan: Set to 120 minutes.
[AirdropContainerUnstuck] Container was unstuck.
[~AirdropContainerBase] Container Destroyed on 2021-02-28 @ 00-08-10
