[InitializeContainer] Container created on 2021-04-05 @ 01-08-11
[InitializeContainer] Winds: Vector <6.933064, 0.000000, -5.760460>, Speed 9.01389mps, Strength 0.1
[AirdropContainerFall] Drop Type 'Military Weapons', Container: 'AirdropContainer', Mode/Quantity/Iems: Random/30/10, Flare:  10%
[AirdropContainerFall] Loot Spawned [1] TWP_Uzi_mag_20Rnd @ <1983.389526, 284.250732, 7554.467773> ... Lifespan: Set to 120 minutes.
[AirdropContainerFall] Loot Spawned [2] TWP_M40A5 @ <1985.742676, 284.559296, 7554.010742> ... Lifespan: Set to 120 minutes.
[AirdropContainerFall] Loot Spawned [3] TWP_ThompsonMK2_mag_50Rnd @ <1985.459839, 284.531982, 7554.142090> ... Lifespan: Set to 120 minutes.
[AirdropContainerFall] Loot Spawned [4] TWP_M40A5_mag_5Rnd @ <1983.364502, 283.881683, 7551.476563> ... Lifespan: Set to 120 minutes.
[AirdropContainerFall] Loot Spawned [5] TWP_XM8_mag_30Rnd @ <1986.109741, 284.589172, 7553.796875> ... Lifespan: Set to 120 minutes.
[AirdropContainerFall] Loot Spawned [6] TWP_Uzi_mag_20Rnd @ <1984.779053, 284.011292, 7550.653809> ... Lifespan: Set to 120 minutes.
[AirdropContainerFall] Loot Spawned [7] AmmoBox_00buck_10rnd @ <1983.503418, 283.808258, 7550.617188> ... Lifespan: Set to 120 minutes.
[AirdropContainerFall] Loot Spawned [8] TWP_ThompsonMK2_mag_50Rnd @ <1983.116089, 283.834015, 7551.395996> ... Lifespan: Set to 120 minutes.
[AirdropContainerFall] Loot Spawned [9] TWP_XM8 @ <1986.232910, 284.566833, 7553.472168> ... Lifespan: Set to 120 minutes.
[AirdropContainerFall] Loot Spawned [10] TWP_XM8_mag_30Rnd @ <1986.378418, 284.552216, 7553.180664> ... Lifespan: Set to 120 minutes.
[AirdropContainerFall] Loot Spawned [11] TWP_M40A5_mag_5Rnd @ <1984.252930, 284.187378, 7552.920898> ... Lifespan: Set to 120 minutes.
[AirdropContainerFall] Loot Spawned [12] TWP_M40A5 @ <1986.416870, 284.662354, 7553.938965> ... Lifespan: Set to 120 minutes.
[AirdropContainerFall] Loot Spawned [13] TWP_XM8 @ <1983.850220, 284.322327, 7554.466309> ... Lifespan: Set to 120 minutes.
[AirdropContainerFall] Loot Spawned [14] TWP_XM8 @ <1985.500122, 284.608185, 7554.663086> ... Lifespan: Set to 120 minutes.
[AirdropContainerFall] Loot Spawned [15] TWP_Uzi_mag_20Rnd @ <1983.840820, 284.382172, 7554.944824> ... Lifespan: Set to 120 minutes.
[AirdropContainerFall] Loot Spawned [16] AmmoBox_00buck_10rnd @ <1983.843262, 283.834839, 7550.378418> ... Lifespan: Set to 120 minutes.
[AirdropContainerFall] Loot Spawned [17] TWP_M40A5_mag_5Rnd @ <1985.251099, 284.196198, 7551.659180> ... Lifespan: Set to 120 minutes.
[AirdropContainerFall] Loot Spawned [18] TWP_ThompsonMK2 @ <1985.657104, 284.554260, 7554.075684> ... Lifespan: Set to 120 minutes.
[AirdropContainerFall] Loot Spawned [19] TWP_Uzi @ <1985.848633, 284.252106, 7551.321777> ... Lifespan: Set to 120 minutes.
[AirdropContainerFall] Loot Spawned [20] TWP_ThompsonMK2_mag_50Rnd @ <1986.800781, 284.485291, 7552.086914> ... Lifespan: Set to 120 minutes.
[AirdropContainerFall] Loot Spawned [21] TWP_Uzi @ <1987.854004, 284.791107, 7553.083496> ... Lifespan: Set to 120 minutes.
[AirdropContainerFall] Loot Spawned [22] TWP_Uzi_mag_20Rnd @ <1983.592407, 283.831879, 7550.705078> ... Lifespan: Set to 120 minutes.
[AirdropContainerFall] Loot Spawned [23] TWP_Remington870Tactical @ <1984.420166, 284.192413, 7552.756348> ... Lifespan: Set to 120 minutes.
[AirdropContainerFall] Loot Spawned [24] TWP_Uzi @ <1986.668091, 284.384125, 7551.359863> ... Lifespan: Set to 120 minutes.
[AirdropContainerFall] Loot Spawned [25] TWP_XM8_mag_30Rnd @ <1985.732544, 284.173615, 7550.776367> ... Lifespan: Set to 120 minutes.
[AirdropContainerFall] Loot Spawned [26] TWP_Uzi @ <1984.454712, 283.930145, 7550.377930> ... Lifespan: Set to 120 minutes.
[AirdropContainerFall] Loot Spawned [27] TWP_Uzi @ <1983.192993, 283.971497, 7552.526367> ... Lifespan: Set to 120 minutes.
[AirdropContainerFall] Loot Spawned [28] TWP_M40A5 @ <1984.283081, 284.259125, 7553.444336> ... Lifespan: Set to 120 minutes.
[AirdropContainerFall] Loot Spawned [29] TWP_M40A5_mag_5Rnd @ <1983.791138, 284.120544, 7552.961426> ... Lifespan: Set to 120 minutes.
[AirdropContainerFall] Loot Spawned [30] TWP_M40A5_mag_5Rnd @ <1983.773804, 284.393799, 7555.117676> ... Lifespan: Set to 120 minutes.
[AirdropContainerUnstuck] Container was unstuck.
[~AirdropContainerBase] Container Destroyed on 2021-04-05 @ 02-08-11
