[InitializeContainer] Container created on 2021-02-15 @ 05-19-21
[InitializeContainer] Winds: Vector <5.050116, 0.000000, -6.660420>, Speed 8.35852mps, Strength 0.1
[AirdropContainerFall] Drop Type 'Military Weapons', Container: 'AirdropContainer_Military', Mode/Quantity/Iems: Random/20/18, Flare:  10%
[AirdropContainerFall] Spawn failed for item [1] 'WP_ArexZero_mag_18Rnd', does not exist in DayZ!
[AirdropContainerFall] Loot Spawned [2] LandMineTrap @ <4795.171875, 339.232849, 9724.705078> ... Lifespan: Set to 120 minutes.
[AirdropContainerFall] Loot Spawned [3] AmmoBox_762x39_20Rnd @ <4792.139648, 339.361664, 9726.691406> ... Lifespan: Set to 120 minutes.
[AirdropContainerFall] Loot Spawned [4] TWP_P8_mag_15Rnd @ <4796.107422, 339.279022, 9727.475586> ... Lifespan: Set to 120 minutes.
[AirdropContainerFall] Spawn failed for item [5] 'TWP_P90Shallow_Grave_mag_50Rn', does not exist in DayZ!
[AirdropContainerFall] Loot Spawned [6] M4A1 @ <4792.957520, 339.400543, 9728.240234> ... Lifespan: Set to 120 minutes.
[AirdropContainerFall] Loot Spawned [7] TWP_USPPsychodelic_mag_15Rnd @ <4793.525391, 339.289246, 9724.679688> ... Lifespan: Set to 120 minutes.
[AirdropContainerFall] Loot Spawned [8] AmmoBox_762x54_20Rnd @ <4794.802734, 339.353455, 9728.917969> ... Lifespan: Set to 120 minutes.
[AirdropContainerFall] Loot Spawned [9] TWP_P8 @ <4793.298340, 339.329651, 9725.899414> ... Lifespan: Set to 120 minutes.
[AirdropContainerFall] Loot Spawned [10] TWP_P8_mag_15Rnd @ <4796.483398, 339.260651, 9727.265625> ... Lifespan: Set to 120 minutes.
[AirdropContainerFall] Loot Spawned [11] LandMineTrap @ <4796.311523, 339.220795, 9725.638672> ... Lifespan: Set to 120 minutes.
[AirdropContainerFall] Loot Spawned [12] LandMineTrap @ <4794.144043, 339.368256, 9728.581055> ... Lifespan: Set to 120 minutes.
[AirdropContainerFall] Loot Spawned [13] AmmoBox_762x54_20Rnd @ <4794.531738, 339.287415, 9725.898438> ... Lifespan: Set to 120 minutes.
[AirdropContainerFall] Loot Spawned [14] AmmoBox_762x54_20Rnd @ <4791.625488, 339.386932, 9728.853516> ... Lifespan: Set to 120 minutes.
[AirdropContainerFall] Loot Spawned [15] M4A1 @ <4792.688477, 339.423920, 9728.916016> ... Lifespan: Set to 120 minutes.
[AirdropContainerFall] Spawn failed for item [16] 'TWP_P90Shallow_Grave_mag_50Rn', does not exist in DayZ!
[AirdropContainerFall] Loot Spawned [17] TWP_RemingtonMSR_mag_5Rnd @ <4795.244629, 339.275818, 9726.333008> ... Lifespan: Set to 120 minutes.
[AirdropContainerFall] Loot Spawned [18] TWP_ArexZero @ <4792.844238, 339.413635, 9728.677734> ... Lifespan: Set to 120 minutes.
[AirdropContainerFall] Spawn failed for item [19] 'TWP_P90Shallow_Grave_mag_50Rn', does not exist in DayZ!
[AirdropContainerFall] Loot Spawned [20] TWP_USPPsychodelic_mag_15Rnd @ <4792.344727, 339.345856, 9725.740234> ... Lifespan: Set to 120 minutes.
[AirdropContainerUnstuck] Container was unstuck.
[~AirdropContainerBase] Container Destroyed on 2021-02-15 @ 06-19-32
