[InitializeContainer] Container created on 2021-02-25 @ 06-58-13
[InitializeContainer] Winds: Vector <10.807454, 0.000000, -0.652857>, Speed 10.8272mps, Strength 0.1
[AirdropContainerFall] Drop Type 'Food/Medical', Container: 'AirdropContainer_Medical', Mode/Quantity/Iems: Random/20/11, Flare:  10%
[AirdropContainerFall] Loot Spawned [1] Marmalade @ <2775.413086, 295.744812, 6128.775879> ... Lifespan: Set to 120 minutes.
[AirdropContainerFall] Loot Spawned [2] ToxicCure @ <2775.266113, 295.779144, 6128.965820> ... Lifespan: Set to 120 minutes.
[AirdropContainerFall] Loot Spawned [3] TunaCan @ <2775.467773, 296.357849, 6133.398926> ... Lifespan: Set to 120 minutes.
[AirdropContainerFall] Loot Spawned [4] PeachesCan @ <2774.762207, 296.158020, 6131.637207> ... Lifespan: Set to 120 minutes.
[AirdropContainerFall] Loot Spawned [5] ToxicCure @ <2776.728027, 295.941925, 6130.859375> ... Lifespan: Set to 120 minutes.
[AirdropContainerFall] Loot Spawned [6] BakedBeansCan @ <2777.177002, 295.850433, 6130.379395> ... Lifespan: Set to 120 minutes.
[AirdropContainerFall] Loot Spawned [7] PeachesCan @ <2773.551758, 296.082489, 6130.829102> ... Lifespan: Set to 120 minutes.
[AirdropContainerFall] Loot Spawned [8] TacticalBaconCan @ <2773.975342, 296.207733, 6131.853027> ... Lifespan: Set to 120 minutes.
[AirdropContainerFall] Loot Spawned [9] SpaghettiCan @ <2774.700439, 295.697205, 6128.168945> ... Lifespan: Set to 120 minutes.
[AirdropContainerFall] Loot Spawned [10] SpaghettiCan @ <2775.458740, 295.659668, 6128.158203> ... Lifespan: Set to 120 minutes.
[AirdropContainerFall] Loot Spawned [11] Canteen @ <2777.815674, 296.040802, 6132.101074> ... Lifespan: Set to 120 minutes.
[AirdropContainerFall] Loot Spawned [12] TunaCan @ <2775.065918, 295.845184, 6129.369141> ... Lifespan: Set to 120 minutes.
[AirdropContainerFall] Loot Spawned [13] Marmalade @ <2774.111572, 296.372498, 6133.116211> ... Lifespan: Set to 120 minutes.
[AirdropContainerFall] Loot Spawned [14] TunaCan @ <2776.538086, 295.593933, 6128.162109> ... Lifespan: Set to 120 minutes.
[AirdropContainerFall] Loot Spawned [15] PeachesCan @ <2776.355469, 295.558990, 6127.815918> ... Lifespan: Set to 120 minutes.
[AirdropContainerFall] Loot Spawned [16] TacticalBaconCan @ <2775.557617, 296.216949, 6132.383789> ... Lifespan: Set to 120 minutes.
[AirdropContainerFall] Loot Spawned [17] Marmalade @ <2775.699219, 295.750916, 6128.953613> ... Lifespan: Set to 120 minutes.
[AirdropContainerFall] Loot Spawned [18] Canteen @ <2774.722168, 296.334381, 6132.952148> ... Lifespan: Set to 120 minutes.
[AirdropContainerFall] Loot Spawned [19] Marmalade @ <2775.178223, 295.798706, 6129.072266> ... Lifespan: Set to 120 minutes.
[AirdropContainerFall] Loot Spawned [20] PeachesCan @ <2774.948975, 296.136292, 6131.512207> ... Lifespan: Set to 120 minutes.
[AirdropContainerUnstuck] Container was unstuck.
[~AirdropContainerBase] Container Destroyed on 2021-02-25 @ 07-56-45
