[InitializeContainer] Container created on 2021-03-09 @ 18-34-01
[InitializeContainer] Winds: Vector <5.326257, 0.000000, -6.563738>, Speed 8.45291mps, Strength 0.1
[AirdropContainerFall] Drop Type 'Military Weapons', Container: 'AirdropContainer', Mode/Quantity/Iems: Random/30/14, Flare:  10%
[AirdropContainerFall] Loot Spawned [1] TTC_Ammo_50Beo @ <9295.020508, 33.804626, 2224.731689> ... Lifespan: Set to 120 minutes.
[AirdropContainerFall] Loot Spawned [2] TTC_Ammo_50Beo @ <9294.659180, 33.931435, 2225.478271> ... Lifespan: Set to 120 minutes.
[AirdropContainerFall] Loot Spawned [3] Mag_AKM_30Rnd @ <9293.686523, 33.031712, 2221.226318> ... Lifespan: Set to 120 minutes.
[AirdropContainerFall] Loot Spawned [4] PowderedMilk @ <9293.124023, 33.223377, 2222.353516> ... Lifespan: Set to 120 minutes.
[AirdropContainerFall] Loot Spawned [5] TTC_R700 @ <9294.100586, 33.374008, 2222.829834> ... Lifespan: Set to 120 minutes.
[AirdropContainerFall] Loot Spawned [6] TTC_Ammo_50Beo @ <9296.555664, 33.031422, 2220.396973> ... Lifespan: Set to 120 minutes.
[AirdropContainerFall] Loot Spawned [7] PowderedMilk @ <9297.661133, 33.834560, 2224.169678> ... Lifespan: Set to 120 minutes.
[AirdropContainerFall] Loot Spawned [8] PowderedMilk @ <9294.785156, 33.849751, 2225.026855> ... Lifespan: Set to 120 minutes.
[AirdropContainerFall] Loot Spawned [9] Mag_AKM_30Rnd @ <9295.161133, 33.755409, 2224.443604> ... Lifespan: Set to 120 minutes.
[AirdropContainerFall] Loot Spawned [10] AKM @ <9294.305664, 33.749218, 2224.659180> ... Lifespan: Set to 120 minutes.
[AirdropContainerFall] Loot Spawned [11] TWP_BerettaPX4_mag_17Rnd @ <9294.821289, 33.010487, 2220.791992> ... Lifespan: Set to 120 minutes.
[AirdropContainerFall] Loot Spawned [12] AKM @ <9295.191406, 33.773739, 2224.527100> ... Lifespan: Set to 120 minutes.
[AirdropContainerFall] Loot Spawned [13] TTC_Beowulf @ <9293.133789, 33.588909, 2224.190430> ... Lifespan: Set to 120 minutes.
[AirdropContainerFall] Loot Spawned [14] TTC_R700 @ <9295.195313, 33.674782, 2224.027832> ... Lifespan: Set to 120 minutes.
[AirdropContainerFall] Loot Spawned [15] TTC_Buttstock3 @ <9296.246094, 33.904419, 2224.911621> ... Lifespan: Set to 120 minutes.
[AirdropContainerFall] Loot Spawned [16] BakedBeansCan @ <9297.325195, 33.897316, 2224.584717> ... Lifespan: Set to 120 minutes.
[AirdropContainerFall] Loot Spawned [17] TTC_Buttstock3 @ <9293.680664, 33.014202, 2221.139893> ... Lifespan: Set to 120 minutes.
[AirdropContainerFall] Loot Spawned [18] TTC_AmmoBox_50Beo_20rnd @ <9296.648438, 33.525043, 2222.854736> ... Lifespan: Set to 120 minutes.
[AirdropContainerFall] Loot Spawned [19] TWP_BerettaPX4_mag_17Rnd @ <9293.049805, 33.200981, 2222.262207> ... Lifespan: Set to 120 minutes.
[AirdropContainerFall] Loot Spawned [20] TTC_Buttstock3 @ <9295.822266, 33.100555, 2220.956543> ... Lifespan: Set to 120 minutes.
[AirdropContainerFall] Loot Spawned [21] PowderedMilk @ <9296.410156, 33.708061, 2223.852051> ... Lifespan: Set to 120 minutes.
[AirdropContainerFall] Loot Spawned [22] TWP_BerettaPX4_mag_17Rnd @ <9293.912109, 33.477013, 2223.402588> ... Lifespan: Set to 120 minutes.
[AirdropContainerFall] Loot Spawned [23] TWP_BerettaPX4 @ <9295.822266, 33.314133, 2222.031738> ... Lifespan: Set to 120 minutes.
[AirdropContainerFall] Loot Spawned [24] TTC_AmmoBox_50Beo_20rnd @ <9296.532227, 34.028042, 2225.474121> ... Lifespan: Set to 120 minutes.
[AirdropContainerFall] Loot Spawned [25] TTC_Beowulf @ <9293.150391, 33.749088, 2224.991943> ... Lifespan: Set to 120 minutes.
[AirdropContainerFall] Loot Spawned [26] TTC_AmmoBox_50Beo_20rnd @ <9294.064453, 33.664425, 2224.302246> ... Lifespan: Set to 120 minutes.
[AirdropContainerFall] Loot Spawned [27] AKM @ <9296.961914, 33.568962, 2222.985352> ... Lifespan: Set to 120 minutes.
[AirdropContainerFall] Loot Spawned [28] TTC_50Beo_mag @ <9296.358398, 33.431377, 2222.467041> ... Lifespan: Set to 120 minutes.
[AirdropContainerFall] Loot Spawned [29] TTC_AmmoBox_50Beo_20rnd @ <9294.872070, 33.108410, 2221.270508> ... Lifespan: Set to 120 minutes.
[AirdropContainerFall] Loot Spawned [30] TTC_Ammo_50Beo @ <9294.231445, 33.616192, 2224.010986> ... Lifespan: Set to 120 minutes.
[AirdropContainerUnstuck] Container was unstuck.
[~AirdropContainerBase] Container Destroyed on 2021-03-09 @ 19-34-01
