[InitializeContainer] Container created on 2021-03-26 @ 23-07-14
[InitializeContainer] Winds: Vector <10.431487, 0.000000, -1.624971>, Speed 10.5573mps, Strength 0.1
[AirdropContainerFall] Drop Type 'Military Weapons', Container: 'AirdropContainer_Military', Mode/Quantity/Iems: Random/20/18, Flare:  10%
[AirdropContainerFall] Spawn failed for item [1] 'TWP_P90Shallow_Grave_mag_50Rn', does not exist in DayZ!
[AirdropContainerFall] Loot Spawned [2] AKM @ <12072.758789, 140.050003, 12618.791992> ... Lifespan: Set to 120 minutes.
[AirdropContainerFall] Loot Spawned [3] M4A1 @ <12074.759766, 140.050003, 12617.697266> ... Lifespan: Set to 120 minutes.
[AirdropContainerFall] Loot Spawned [4] Mag_AKM_30Rnd @ <12074.247070, 140.050003, 12616.527344> ... Lifespan: Set to 120 minutes.
[AirdropContainerFall] Loot Spawned [5] M4A1 @ <12074.771484, 140.050003, 12615.092773> ... Lifespan: Set to 120 minutes.
[AirdropContainerFall] Loot Spawned [6] AmmoBox_762x54_20Rnd @ <12071.600586, 140.050003, 12615.819336> ... Lifespan: Set to 120 minutes.
[AirdropContainerFall] Loot Spawned [7] TWP_RemingtonMSR_mag_5Rnd @ <12072.190430, 140.050003, 12618.770508> ... Lifespan: Set to 120 minutes.
[AirdropContainerFall] Loot Spawned [8] TWP_P8 @ <12073.293945, 140.050003, 12614.898438> ... Lifespan: Set to 120 minutes.
[AirdropContainerFall] Loot Spawned [9] TWP_USPPsychodelic_mag_15Rnd @ <12076.313477, 140.050003, 12616.655273> ... Lifespan: Set to 120 minutes.
[AirdropContainerFall] Spawn failed for item [10] 'WP_ArexZero_mag_18Rnd', does not exist in DayZ!
[AirdropContainerFall] Loot Spawned [11] AmmoBox_762x54_20Rnd @ <12073.081055, 140.050003, 12618.650391> ... Lifespan: Set to 120 minutes.
[AirdropContainerFall] Loot Spawned [12] TWP_RemingtonMSR @ <12075.095703, 140.050003, 12619.618164> ... Lifespan: Set to 120 minutes.
[AirdropContainerFall] Loot Spawned [13] M4A1 @ <12075.055664, 140.050003, 12615.817383> ... Lifespan: Set to 120 minutes.
[AirdropContainerFall] Loot Spawned [14] AmmoBox_762x54_20Rnd @ <12072.431641, 140.050003, 12620.341797> ... Lifespan: Set to 120 minutes.
[AirdropContainerFall] Loot Spawned [15] TWP_P8_mag_15Rnd @ <12072.413086, 140.050003, 12618.685547> ... Lifespan: Set to 120 minutes.
[AirdropContainerFall] Loot Spawned [16] TWP_USPPsychodelic @ <12074.688477, 140.050003, 12615.993164> ... Lifespan: Set to 120 minutes.
[AirdropContainerFall] Loot Spawned [17] TWP_RemingtonMSR @ <12073.154297, 140.050003, 12618.519531> ... Lifespan: Set to 120 minutes.
[AirdropContainerFall] Spawn failed for item [18] 'WP_ArexZero_mag_18Rnd', does not exist in DayZ!
[AirdropContainerFall] Loot Spawned [19] M4A1 @ <12074.708008, 140.050003, 12615.634766> ... Lifespan: Set to 120 minutes.
[AirdropContainerFall] Loot Spawned [20] TWP_USPPsychodelic @ <12075.038086, 140.050003, 12617.040039> ... Lifespan: Set to 120 minutes.
[AirdropContainerUnstuck] Container was unstuck.
[~AirdropContainerBase] Container Destroyed on 2021-03-27 @ 00-07-14
