[InitializeContainer] Container created on 2021-01-19 @ 02-30-27
[InitializeContainer] Winds: Vector <11.341732, 0.000000, 3.279848>, Speed 11.8065mps, Strength 0.1
[AirdropContainerFall] Drop Type 'Military Weapons', Container: 'AirdropContainer_Military', Mode/Quantity/Iems: Random/20/18, Flare:  10%
[AirdropContainerFall] Loot Spawned [1] Mosin_Bayonet @ <6083.974609, 33.212269, 2567.723633> ... Lifespan: Set to 60 minutes.
[AirdropContainerFall] Loot Spawned [2] M4A1 @ <6087.923828, 32.052589, 2568.393066> ... Lifespan: Set to 60 minutes.
[AirdropContainerFall] Loot Spawned [3] MilitaryBoots_Redpunk @ <6087.590332, 32.070210, 2567.584717> ... Lifespan: Set to 60 minutes.
[AirdropContainerFall] Loot Spawned [4] Izh18 @ <6084.594238, 33.080753, 2568.226563> ... Lifespan: Set to 60 minutes.
[AirdropContainerFall] Loot Spawned [5] FNX45 @ <6083.805176, 33.488079, 2569.562988> ... Lifespan: Set to 60 minutes.
[AirdropContainerFall] Loot Spawned [6] AKM @ <6083.886230, 33.141685, 2566.915527> ... Lifespan: Set to 60 minutes.
[AirdropContainerFall] Loot Spawned [7] Mag_AKM_30Rnd @ <6085.128906, 32.756969, 2566.927002> ... Lifespan: Set to 60 minutes.
[AirdropContainerFall] Loot Spawned [8] M4A1 @ <6085.293945, 33.114799, 2570.355225> ... Lifespan: Set to 60 minutes.
[AirdropContainerFall] Loot Spawned [9] MilitaryBoots_Redpunk @ <6087.817871, 32.183403, 2569.268066> ... Lifespan: Set to 60 minutes.
[AirdropContainerFall] Loot Spawned [10] M4A1 @ <6085.018555, 32.785103, 2566.876465> ... Lifespan: Set to 60 minutes.
[AirdropContainerFall] Loot Spawned [11] TacticalBaconCan @ <6087.727539, 31.984455, 2567.212891> ... Lifespan: Set to 60 minutes.
[AirdropContainerFall] Loot Spawned [12] AmmoBox_762x39_20Rnd @ <6083.870605, 33.310783, 2568.269531> ... Lifespan: Set to 60 minutes.
[AirdropContainerFall] Loot Spawned [13] Mag_AKM_30Rnd @ <6084.776367, 33.119076, 2569.007813> ... Lifespan: Set to 60 minutes.
[AirdropContainerFall] Loot Spawned [14] CombatBoots_Grey @ <6087.285645, 32.153736, 2567.477051> ... Lifespan: Set to 60 minutes.
[AirdropContainerFall] Loot Spawned [15] FNX45 @ <6085.763184, 32.881302, 2569.607666> ... Lifespan: Set to 60 minutes.
[AirdropContainerFall] Loot Spawned [16] FNX45 @ <6085.363770, 33.122536, 2570.628418> ... Lifespan: Set to 60 minutes.
[AirdropContainerFall] Loot Spawned [17] AmmoBox_762x54_20Rnd @ <6087.600098, 31.901993, 2566.207520> ... Lifespan: Set to 60 minutes.
[AirdropContainerFall] Loot Spawned [18] TTSKOPants @ <6086.230469, 32.745502, 2569.737793> ... Lifespan: Set to 60 minutes.
[AirdropContainerFall] Loot Spawned [19] AmmoBox_762x54_20Rnd @ <6084.705566, 33.150116, 2569.083008> ... Lifespan: Set to 60 minutes.
[AirdropContainerFall] Loot Spawned [20] FNX45 @ <6088.521484, 31.973934, 2569.418213> ... Lifespan: Set to 60 minutes.
[AirdropContainerUnstuck] Container was unstuck.
[~AirdropContainerBase] Container Destroyed on 2021-01-19 @ 03-33-24
