[AirdropPlane] Aircraft created on 2021-04-04 @ 01-04-41
[InitializeAircraft] Aircraft Initialized: Zelenogorks @ 2351/5393 (true)
[EOnBeforeDrop] The Aircraft is 1 Km from Zelenogorks. @ <1792.237793, 373.059235, 6784.971680>
[EOnDrop] Zombie Spawned [1] ZmbF_ShortSkirt_white @ <2309.195068, 206.409042, 5466.439941> ... Lifespan:  Set to 120 minutes.
[EOnDrop] Zombie Spawned [2] ZmbM_SkaterYoung_Green @ <2286.810547, 210.656113, 5497.961426> ... Lifespan:  Set to 120 minutes.
[EOnDrop] Zombie Spawned [3] ZmbF_Clerk_Normal_Green @ <2307.375977, 209.036133, 5482.175781> ... Lifespan:  Set to 120 minutes.
[EOnDrop] Zombie Spawned [4] ZmbF_SkaterYoung_Brown @ <2309.970947, 211.347061, 5493.319336> ... Lifespan:  Set to 120 minutes.
[EOnDrop] Zombie Spawned [5] ZmbF_JoggerSkinny_Brown @ <2274.728516, 209.854660, 5498.830078> ... Lifespan:  Set to 120 minutes.
[EOnDrop] Zombie Spawned [6] ZmbM_Jacket_greenchecks @ <2326.614502, 203.290497, 5447.649902> ... Lifespan:  Set to 120 minutes.
[EOnDrop] Zombie Spawned [7] ZmbF_SkaterYoung_Brown @ <2323.560303, 208.006607, 5475.118164> ... Lifespan:  Set to 120 minutes.
[EOnDrop] Zombie Spawned [8] ZmbF_ShortSkirt_green @ <2299.274414, 216.841217, 5522.100098> ... Lifespan:  Set to 120 minutes.
[EOnDrop] Zombie Spawned [9] ZmbM_ClerkFat_Khaki @ <2335.661865, 207.690262, 5475.069824> ... Lifespan:  Set to 120 minutes.
[EOnDrop] Zombie Spawned [10] ZmbF_ShortSkirt_brown @ <2329.846924, 202.797806, 5444.763672> ... Lifespan:  Set to 120 minutes.
[EOnDrop] Zombie Spawned [11] ZmbM_PrisonerSkinny @ <2322.768799, 208.486160, 5477.592285> ... Lifespan:  Set to 120 minutes.
[EOnDrop] Zombie Spawned [12] ZmbM_CitizenASkinny_Brown @ <2319.071045, 209.611908, 5483.306152> ... Lifespan:  Set to 120 minutes.
[EOnDrop] Zombie Spawned [13] ZmbF_ShortSkirt_beige @ <2325.388916, 209.143295, 5480.904785> ... Lifespan:  Set to 120 minutes.
[EOnDrop] Zombie Spawned [14] ZmbF_ShortSkirt_green @ <2291.610596, 210.326950, 5494.742188> ... Lifespan:  Set to 120 minutes.
[EOnDrop] Zombie Spawned [15] ZmbM_JoggerSkinny_Green @ <2327.961182, 205.874237, 5463.781738> ... Lifespan:  Set to 120 minutes.
[EOnDrop] Zombie Spawned [16] ZmbM_Jacket_bluechecks @ <2323.961426, 212.315262, 5495.321777> ... Lifespan:  Set to 120 minutes.
[EOnDrop] Zombie Spawned [17] ZmbM_PolicemanSpecForce @ <2330.569580, 215.822556, 5511.803711> ... Lifespan:  Set to 120 minutes.
[EOnDrop] Zombie Spawned [18] ZmbM_CommercialPilotOld_Grey @ <2299.557373, 211.002991, 5495.365234> ... Lifespan:  Set to 120 minutes.
[EOnDrop] Zombie Spawned [19] ZmbF_Clerk_Normal_Blue @ <2324.238525, 210.259613, 5486.243652> ... Lifespan:  Set to 120 minutes.
[EOnDrop] Zombie Spawned [20] ZmbF_ParamedicNormal_Red @ <2341.482666, 205.433853, 5462.972168> ... Lifespan:  Set to 120 minutes.
[EOnDrop] Zombie Spawned [21] ZmbF_ParamedicNormal_Blue @ <2337.294434, 201.834885, 5439.054199> ... Lifespan:  Set to 120 minutes.
[EOnDrop] Zombie Spawned [22] ZmbF_ShortSkirt_beige @ <2284.870117, 210.055893, 5495.438477> ... Lifespan:  Set to 120 minutes.
[EOnDrop] Zombie Spawned [23] ZmbF_Clerk_Normal_Red @ <2333.508301, 205.578995, 5462.719238> ... Lifespan:  Set to 120 minutes.
[EOnDrop] Zombie Spawned [24] ZmbM_ParamedicNormal_Blue @ <2271.659180, 208.610748, 5492.030762> ... Lifespan:  Set to 120 minutes.
[EOnDrop] Zombie Spawned [25] ZmbF_Clerk_Normal_Red @ <2302.245117, 209.556961, 5486.634277> ... Lifespan:  Set to 120 minutes.
[EOnDrop] Zombie Spawned [26] ZmbF_DoctorSkinny @ <2305.384277, 214.286057, 5507.929199> ... Lifespan:  Set to 120 minutes.
[EOnDrop] Zombie Spawned [27] ZmbM_CitizenASkinny_Brown @ <2315.709473, 206.205612, 5465.010254> ... Lifespan:  Set to 120 minutes.
[EOnDrop] Zombie Spawned [28] ZmbM_Jacket_bluechecks @ <2271.310059, 205.356720, 5469.284668> ... Lifespan:  Set to 120 minutes.
[EOnDrop] Zombie Spawned [29] ZmbM_JoggerSkinny_Red @ <2308.893555, 207.693726, 5474.115723> ... Lifespan:  Set to 120 minutes.
[EOnDrop] Zombie Spawned [30] ZmbF_ShortSkirt_white @ <2358.649658, 206.834549, 5474.909180> ... Lifespan:  Set to 120 minutes.
[EOnDrop] Zombie Spawned [31] ZmbF_JournalistNormal_Red @ <2341.814209, 209.742722, 5486.674316> ... Lifespan:  Set to 120 minutes.
[EOnDrop] Zombie Spawned [32] ZmbM_JoggerSkinny_Blue @ <2290.782471, 204.716507, 5458.078125> ... Lifespan:  Set to 120 minutes.
[EOnDrop] Zombie Spawned [33] ZmbF_JoggerSkinny_Brown @ <2333.125488, 215.746155, 5512.128906> ... Lifespan:  Set to 120 minutes.
[EOnDrop] Zombie Spawned [34] ZmbF_ParamedicNormal_Green @ <2314.339111, 206.710327, 5468.010742> ... Lifespan:  Set to 120 minutes.
[EOnDrop] Zombie Spawned [35] ZmbM_ParamedicNormal_Red @ <2352.862549, 208.753510, 5484.802734> ... Lifespan:  Set to 120 minutes.
[EOnDrop] Zombie Spawned [36] ZmbM_ParamedicNormal_Red @ <2348.491943, 207.855759, 5478.701172> ... Lifespan:  Set to 120 minutes.
[EOnDrop] Zombie Spawned [37] ZmbM_CitizenASkinny_Red @ <2297.141357, 207.557373, 5475.986328> ... Lifespan:  Set to 120 minutes.
[EOnDrop] Zombie Spawned [38] ZmbM_Jacket_beige @ <2343.946533, 216.452774, 5520.221191> ... Lifespan:  Set to 120 minutes.
[EOnDrop] Zombie Spawned [39] ZmbM_Jacket_blue @ <2327.441650, 204.632370, 5456.289551> ... Lifespan:  Set to 120 minutes.
[EOnDrop] Zombie Spawned [40] ZmbM_Jacket_black @ <2337.869141, 209.550659, 5484.804688> ... Lifespan:  Set to 120 minutes.
[EOnDrop] Drop spawned with 40 infected at <2317.060059, 380.787170, 5478.243164>.
[EOnDrop] Supplies have been dropped near Zelenogorks.
[EOnBeforeDelete] Aircraft despawned @ <4918.820313, 152.000610, -1000.451294>
[~AirdropPlane] Aircraft destroyed.
