[InitializeContainer] Container created on 2021-02-25 @ 05-57-46
[InitializeContainer] Winds: Vector <-0.332549, 0.000000, -6.341187>, Speed 6.3499mps, Strength 0.1
[AirdropContainerFall] Drop Type 'Military Weapons', Container: 'AirdropContainer_Military', Mode/Quantity/Iems: Random/20/18, Flare:  10%
[AirdropContainerFall] Spawn failed for item [1] 'TWP_P90Shallow_Grave_mag_50Rn', does not exist in DayZ!
[AirdropContainerFall] Loot Spawned [2] TWP_ArexZero @ <11486.856445, 127.869293, 8830.558594> ... Lifespan: Set to 120 minutes.
[AirdropContainerFall] Loot Spawned [3] M4A1 @ <11489.041016, 128.056183, 8827.526367> ... Lifespan: Set to 120 minutes.
[AirdropContainerFall] Loot Spawned [4] TWP_P90Shallow_Grave @ <11488.649414, 127.510277, 8830.984375> ... Lifespan: Set to 120 minutes.
[AirdropContainerFall] Loot Spawned [5] AmmoBox_762x54_20Rnd @ <11489.865234, 127.732513, 8828.588867> ... Lifespan: Set to 120 minutes.
[AirdropContainerFall] Spawn failed for item [6] 'TWP_P90Shallow_Grave_mag_50Rn', does not exist in DayZ!
[AirdropContainerFall] Loot Spawned [7] TWP_P90Shallow_Grave @ <11486.114258, 128.105576, 8829.947266> ... Lifespan: Set to 120 minutes.
[AirdropContainerFall] Loot Spawned [8] TWP_USPPsychodelic_mag_15Rnd @ <11490.507813, 127.873154, 8827.152344> ... Lifespan: Set to 120 minutes.
[AirdropContainerFall] Loot Spawned [9] TWP_P8 @ <11489.332031, 128.051804, 8827.272461> ... Lifespan: Set to 120 minutes.
[AirdropContainerFall] Loot Spawned [10] Mag_AKM_30Rnd @ <11489.275391, 127.371101, 8831.213867> ... Lifespan: Set to 120 minutes.
[AirdropContainerFall] Loot Spawned [11] AKM @ <11490.708008, 127.778564, 8827.518555> ... Lifespan: Set to 120 minutes.
[AirdropContainerFall] Loot Spawned [12] TWP_ArexZero @ <11490.009766, 127.666954, 8828.833984> ... Lifespan: Set to 120 minutes.
[AirdropContainerFall] Spawn failed for item [13] 'WP_ArexZero_mag_18Rnd', does not exist in DayZ!
[AirdropContainerFall] Loot Spawned [14] TWP_P8 @ <11487.092773, 128.363602, 8827.634766> ... Lifespan: Set to 120 minutes.
[AirdropContainerFall] Loot Spawned [15] TWP_ArexZero @ <11489.790039, 127.871216, 8827.857422> ... Lifespan: Set to 120 minutes.
[AirdropContainerFall] Loot Spawned [16] TWP_USPPsychodelic_mag_15Rnd @ <11487.005859, 128.045074, 8829.458984> ... Lifespan: Set to 120 minutes.
[AirdropContainerFall] Loot Spawned [17] TWP_P8_mag_15Rnd @ <11489.708008, 127.322380, 8831.098633> ... Lifespan: Set to 120 minutes.
[AirdropContainerFall] Loot Spawned [18] TWP_RemingtonMSR_mag_5Rnd @ <11487.500000, 128.328217, 8827.452148> ... Lifespan: Set to 120 minutes.
[AirdropContainerFall] Loot Spawned [19] M4A1 @ <11490.939453, 127.817001, 8827.057617> ... Lifespan: Set to 120 minutes.
[AirdropContainerFall] Loot Spawned [20] TWP_ArexZero @ <11490.356445, 127.603409, 8828.867188> ... Lifespan: Set to 120 minutes.
[AirdropContainerUnstuck] Container was unstuck.
[~AirdropContainerBase] Container Destroyed on 2021-02-25 @ 06-57-26
