[InitializeContainer] Container created on 2021-03-15 @ 20-09-06
[InitializeContainer] Winds: Vector <10.656945, 0.000000, -1.077635>, Speed 10.7113mps, Strength 0.1
[AirdropContainerFall] Drop Type 'Military Weapons', Container: 'AirdropContainer', Mode/Quantity/Iems: Random/30/14, Flare:  10%
[AirdropContainerFall] Loot Spawned [1] TTC_50Beo_mag @ <5775.959961, 320.202515, 7701.236328> ... Lifespan: Set to 120 minutes.
[AirdropContainerFall] Loot Spawned [2] TWP_BerettaPX4 @ <5776.182617, 320.212616, 7703.275879> ... Lifespan: Set to 120 minutes.
[AirdropContainerFall] Loot Spawned [3] TTC_50Beo_mag @ <5776.962402, 320.215546, 7704.686523> ... Lifespan: Set to 120 minutes.
[AirdropContainerFall] Loot Spawned [4] TTC_Buttstock3 @ <5779.903809, 320.212708, 7701.777832> ... Lifespan: Set to 120 minutes.
[AirdropContainerFall] Loot Spawned [5] TTC_Beowulf @ <5776.168945, 320.213135, 7703.693848> ... Lifespan: Set to 120 minutes.
[AirdropContainerFall] Loot Spawned [6] Mag_AKM_30Rnd @ <5777.371582, 320.216461, 7704.960938> ... Lifespan: Set to 120 minutes.
[AirdropContainerFall] Loot Spawned [7] TWP_BerettaPX4 @ <5778.708008, 320.217010, 7704.052246> ... Lifespan: Set to 120 minutes.
[AirdropContainerFall] Loot Spawned [8] TTC_Beowulf @ <5779.309082, 320.215027, 7702.365234> ... Lifespan: Set to 120 minutes.
[AirdropContainerFall] Loot Spawned [9] TTC_Buttstock3 @ <5779.193359, 320.216339, 7703.063477> ... Lifespan: Set to 120 minutes.
[AirdropContainerFall] Loot Spawned [10] Mag_AKM_30Rnd @ <5776.462402, 320.212952, 7703.262207> ... Lifespan: Set to 120 minutes.
[AirdropContainerFall] Loot Spawned [11] TTC_AmmoBox_50Beo_20rnd @ <5780.186035, 320.219910, 7704.748535> ... Lifespan: Set to 120 minutes.
[AirdropContainerFall] Loot Spawned [12] PowderedMilk @ <5778.915527, 320.216125, 7703.174316> ... Lifespan: Set to 120 minutes.
[AirdropContainerFall] Loot Spawned [13] PowderedMilk @ <5779.358887, 320.212402, 7701.854492> ... Lifespan: Set to 120 minutes.
[AirdropContainerFall] Loot Spawned [14] TWP_BerettaPX4_mag_17Rnd @ <5777.698730, 320.215942, 7704.255371> ... Lifespan: Set to 120 minutes.
[AirdropContainerFall] Loot Spawned [15] TTC_Ammo_50Beo @ <5779.966797, 320.219360, 7704.565430> ... Lifespan: Set to 120 minutes.
[AirdropContainerFall] Loot Spawned [16] TTC_Buttstock3 @ <5780.404785, 320.217529, 7702.740234> ... Lifespan: Set to 120 minutes.
[AirdropContainerFall] Loot Spawned [17] TWP_BerettaPX4_mag_17Rnd @ <5779.404785, 320.206635, 7700.760742> ... Lifespan: Set to 120 minutes.
[AirdropContainerFall] Loot Spawned [18] Vodka @ <5776.649414, 320.208038, 7701.715820> ... Lifespan: Set to 120 minutes.
[AirdropContainerFall] Loot Spawned [19] PowderedMilk @ <5775.722656, 320.209473, 7702.214844> ... Lifespan: Set to 120 minutes.
[AirdropContainerFall] Loot Spawned [20] TTC_R700 @ <5777.637207, 320.215424, 7703.932129> ... Lifespan: Set to 120 minutes.
[AirdropContainerFall] Loot Spawned [21] BakedBeansCan @ <5775.793945, 320.196808, 7700.870605> ... Lifespan: Set to 120 minutes.
[AirdropContainerFall] Loot Spawned [22] TTC_Ammo_50Beo @ <5779.403320, 320.210236, 7701.437012> ... Lifespan: Set to 120 minutes.
[AirdropContainerFall] Loot Spawned [23] AKM @ <5777.762695, 320.206116, 7701.076172> ... Lifespan: Set to 120 minutes.
[AirdropContainerFall] Loot Spawned [24] AKM @ <5776.150879, 320.209778, 7702.167969> ... Lifespan: Set to 120 minutes.
[AirdropContainerFall] Loot Spawned [25] PowderedMilk @ <5777.289551, 320.214661, 7703.705566> ... Lifespan: Set to 120 minutes.
[AirdropContainerFall] Loot Spawned [26] Vodka @ <5778.873535, 320.201660, 7699.965820> ... Lifespan: Set to 120 minutes.
[AirdropContainerFall] Loot Spawned [27] TWP_BerettaPX4_mag_17Rnd @ <5776.434570, 320.196014, 7700.377441> ... Lifespan: Set to 120 minutes.
[AirdropContainerFall] Loot Spawned [28] Mag_AKM_30Rnd @ <5777.226074, 320.215881, 7704.703613> ... Lifespan: Set to 120 minutes.
[AirdropContainerFall] Loot Spawned [29] Vodka @ <5775.862793, 320.207123, 7701.736328> ... Lifespan: Set to 120 minutes.
[AirdropContainerFall] Loot Spawned [30] TTC_Ammo_50Beo @ <5778.237305, 320.216797, 7704.360840> ... Lifespan: Set to 120 minutes.
[AirdropContainerUnstuck] Container was unstuck.
[~AirdropContainerBase] Container Destroyed on 2021-03-15 @ 22-01-46
