[AirdropBase] Base class created & settings loaded.
[2021-02-12 @ 03-37-00] ----------------------------------------------------------------------------------------------------
[EOnCallAirdrop] Drop zone asigned: Northwest Airfield <4807.000000, 0.000000, 9812.000000>
[EOnCallAirdrop] Drop zone offset to: <4812.222656, 2438.000000, 9738.036133>
[EOnCallAirdrop] Aircraft spawn point: <12427.814453, 2438.000000, -1000.000000>
[EOnCallAirdrop] Aircraft bearing ... Angle/Bearing: -0.956824° / 144.822°, Text: 'South/East (145°)'
[EOnCallAirdrop] Aircraft has been dispatched to 'Northwest Airfield' from the South/East (145°).
[2021-02-12 @ 04-37-07] ----------------------------------------------------------------------------------------------------
[EOnCallAirdrop] Drop zone asigned: Krasnostav <12159.000000, 0.000000, 12583.000000>
[EOnCallAirdrop] Drop zone offset to: <12167.102539, 2438.000000, 12564.933594>
[EOnCallAirdrop] Aircraft spawn point: <4268.874023, 2438.000000, -1000.000000>
[EOnCallAirdrop] Aircraft bearing ... Angle/Bearing: -2.09704° / 210.152°, Text: 'South/West (210°)'
[EOnCallAirdrop] Aircraft has been dispatched to 'Krasnostav' from the South/West (210°).
[2021-02-12 @ 05-37-10] ----------------------------------------------------------------------------------------------------
[EOnCallAirdrop] Drop zone asigned: Novodmitrovsk <11125.000000, 0.000000, 14040.000000>
[EOnCallAirdrop] Drop zone offset to: <11152.543945, 2438.000000, 14047.662109>
[EOnCallAirdrop] Aircraft spawn point: <10086.092773, 2438.000000, -1000.000000>
[EOnCallAirdrop] Aircraft bearing ... Angle/Bearing: -1.63976° / 183.952°, Text: 'South (184°)'
[EOnCallAirdrop] Aircraft has been dispatched to 'Novodmitrovsk' from the South (184°).
[2021-02-12 @ 06-37-21] ----------------------------------------------------------------------------------------------------
[EOnCallAirdrop] Drop zone asigned: Krasnostav <12159.000000, 0.000000, 12583.000000>
[EOnCallAirdrop] Drop zone offset to: <12219.510742, 2438.000000, 12637.740234>
[EOnCallAirdrop] Aircraft spawn point: <10814.569336, 2438.000000, -1000.000000>
[EOnCallAirdrop] Aircraft bearing ... Angle/Bearing: -1.66945° / 185.653°, Text: 'South (186°)'
[EOnCallAirdrop] Aircraft has been dispatched to 'Krasnostav' from the South (186°).
[2021-02-12 @ 07-37-23] ----------------------------------------------------------------------------------------------------
[EOnCallAirdrop] Drop zone asigned: Balota <5043.000000, 0.000000, 2505.000000>
[EOnCallAirdrop] Drop zone offset to: <5058.242188, 2438.000000, 2506.086182>
[EOnCallAirdrop] Aircraft spawn point: <12365.297852, 2438.000000, -1000.000000>
[EOnCallAirdrop] Aircraft bearing ... Angle/Bearing: -0.446442° / 115.579°, Text: 'South/East (116°)'
[EOnCallAirdrop] Aircraft has been dispatched to 'Balota' from the South/East (116°).
[2021-02-12 @ 08-37-36] ----------------------------------------------------------------------------------------------------
[EOnCallAirdrop] Drop zone asigned: Berezino <11464.000000, 0.000000, 8908.000000>
[EOnCallAirdrop] Drop zone offset to: <11432.950195, 2438.000000, 8996.526367>
[EOnCallAirdrop] Aircraft spawn point: <8811.390625, 2438.000000, 16360.000000>
[EOnCallAirdrop] Aircraft bearing ... Angle/Bearing: 1.91277° / 340.406°, Text: 'North (340°)'
[EOnCallAirdrop] Aircraft has been dispatched to 'Berezino' from the North (340°).
