[AirdropPlane] Aircraft created on 2021-02-11 @ 00-21-05
[InitializeAircraft] Aircraft Initialized: Elektrozavodsk @ 9371/2229 (true)
[EOnBeforeDrop] The Aircraft is 1 Km from Elektrozavodsk. @ <8975.094727, 388.657166, 3674.207275>
[EOnDrop] Zombie Spawned [1] ZmbF_CitizenBSkinny @ <9397.560547, 52.683266, 2310.847168> ... Lifespan:  Set to 120 minutes.
[EOnDrop] Zombie Spawned [2] ZmbM_CommercialPilotOld_Grey @ <9344.085938, 53.397522, 2314.481934> ... Lifespan:  Set to 120 minutes.
[EOnDrop] Zombie Spawned [3] ZmbF_CitizenANormal_Beige @ <9320.625977, 54.807369, 2325.878662> ... Lifespan:  Set to 120 minutes.
[EOnDrop] Zombie Spawned [4] ZmbM_PatrolNormal_Autumn @ <9314.238281, 54.051495, 2323.034668> ... Lifespan:  Set to 120 minutes.
[EOnDrop] Zombie Spawned [5] ZmbF_CitizenANormal_Beige @ <9344.145508, 54.242237, 2318.729004> ... Lifespan:  Set to 120 minutes.
[EOnDrop] Zombie Spawned [6] ZmbM_PrisonerSkinny @ <9365.047852, 44.699913, 2273.495117> ... Lifespan:  Set to 120 minutes.
[EOnDrop] Zombie Spawned [7] ZmbM_JoggerSkinny_Green @ <9343.020508, 53.729805, 2316.263916> ... Lifespan:  Set to 120 minutes.
[EOnDrop] Zombie Spawned [8] ZmbM_CitizenASkinny_Brown @ <9332.554688, 50.790707, 2304.169189> ... Lifespan:  Set to 120 minutes.
[EOnDrop] Zombie Spawned [9] ZmbM_CommercialPilotOld_Brown @ <9348.303711, 51.099007, 2303.078125> ... Lifespan:  Set to 120 minutes.
[EOnDrop] Zombie Spawned [10] ZmbM_JoggerSkinny_Blue @ <9361.833008, 45.785988, 2278.422852> ... Lifespan:  Set to 120 minutes.
[EOnDrop] Zombie Spawned [11] ZmbF_ShortSkirt_stripes @ <9354.036133, 46.606724, 2282.066162> ... Lifespan:  Set to 120 minutes.
[EOnDrop] Zombie Spawned [12] ZmbM_SkaterYoung_Brown @ <9371.618164, 48.041805, 2289.422852> ... Lifespan:  Set to 120 minutes.
[EOnDrop] Zombie Spawned [13] ZmbF_ShortSkirt_yellow @ <9353.075195, 59.899467, 2347.405029> ... Lifespan:  Set to 120 minutes.
[EOnDrop] Zombie Spawned [14] ZmbF_ShortSkirt_green @ <9311.828125, 46.945557, 2291.301270> ... Lifespan:  Set to 120 minutes.
[EOnDrop] Zombie Spawned [15] ZmbM_Jacket_blue @ <9362.132813, 51.768860, 2305.331787> ... Lifespan:  Set to 120 minutes.
[EOnDrop] Zombie Spawned [16] ZmbM_CitizenBFat_Red @ <9328.663086, 57.518536, 2340.350586> ... Lifespan:  Set to 120 minutes.
[EOnDrop] Zombie Spawned [17] ZmbM_PatrolNormal_Flat @ <9306.039063, 54.648975, 2327.696045> ... Lifespan:  Set to 120 minutes.
[EOnDrop] Zombie Spawned [18] ZmbF_ShortSkirt_brown @ <9383.865234, 60.187592, 2343.067383> ... Lifespan:  Set to 120 minutes.
[EOnDrop] Zombie Spawned [19] ZmbF_CitizenANormal_Blue @ <9361.324219, 43.880554, 2268.815186> ... Lifespan:  Set to 120 minutes.
[EOnDrop] Zombie Spawned [20] ZmbF_JoggerSkinny_Blue @ <9336.506836, 48.043480, 2290.734863> ... Lifespan:  Set to 120 minutes.
[EOnDrop] Drop spawned with 20 infected at <9349.262695, 223.598145, 2308.530029>.
[EOnDrop] Supplies have been dropped near Elektrozavodsk.
[EOnBeforeDelete] Aircraft despawned @ <10256.135742, 152.000610, -1001.283325>
[~AirdropPlane] Aircraft destroyed.
