[AirdropPlane] Aircraft created on 2021-03-17 @ 23-10-10
[InitializeAircraft] Aircraft Initialized: Stary Sobor @ 5823/7764 (true)
[EOnBeforeDrop] The Aircraft is 1 Km from Stary Sobor. @ <4411.278320, 443.556335, 7258.842773>
[EOnDrop] Zombie Spawned [1] ZmbM_priestPopSkinny @ <5772.738281, 319.933685, 7759.333984> ... Lifespan:  Set to 120 minutes.
[EOnDrop] Zombie Spawned [2] ZmbF_HikerSkinny_Red @ <5732.336426, 319.438660, 7696.213867> ... Lifespan:  Set to 120 minutes.
[EOnDrop] Zombie Spawned [3] ZmbF_SurvivorNormal_Blue @ <5747.475098, 320.123047, 7700.543457> ... Lifespan:  Set to 120 minutes.
[EOnDrop] Zombie Spawned [4] ZmbM_VillagerOld_White @ <5720.765137, 319.748016, 7736.017090> ... Lifespan:  Set to 120 minutes.
[EOnDrop] Zombie Spawned [5] ZmbF_HikerSkinny_Red @ <5759.392578, 320.203674, 7691.015137> ... Lifespan:  Set to 120 minutes.
[EOnDrop] Zombie Spawned [6] ZmbF_MilkMaidOld_Green @ <5718.372559, 319.177826, 7706.930664> ... Lifespan:  Set to 120 minutes.
[EOnDrop] Zombie Spawned [7] ZmbF_VillagerOld_White @ <5759.683105, 320.569397, 7710.404297> ... Lifespan:  Set to 120 minutes.
[EOnDrop] Zombie Spawned [8] ZmbF_SurvivorNormal_Blue @ <5720.721680, 319.654480, 7745.430664> ... Lifespan:  Set to 120 minutes.
[EOnDrop] Zombie Spawned [9] ZmbM_HikerSkinny_Yellow @ <5725.758789, 319.920074, 7729.345703> ... Lifespan:  Set to 120 minutes.
[EOnDrop] Spawn failed for zombie [10] 'ZmbM_SurvivorDean_Black', it does not exist in DayZ!
[EOnDrop] Zombie Spawned [11] ZmbF_HikerSkinny_Blue @ <5731.324219, 320.023682, 7743.806152> ... Lifespan:  Set to 120 minutes.
[EOnDrop] Zombie Spawned [12] ZmbF_SurvivorNormal_Blue @ <5690.455078, 317.455170, 7733.280762> ... Lifespan:  Set to 120 minutes.
[EOnDrop] Zombie Spawned [13] ZmbM_MotobikerFat_Black @ <5731.569824, 320.069550, 7737.082031> ... Lifespan:  Set to 120 minutes.
[EOnDrop] Zombie Spawned [14] ZmbM_HermitSkinny_Black @ <5723.580566, 319.525848, 7774.367188> ... Lifespan:  Set to 120 minutes.
[EOnDrop] Zombie Spawned [15] ZmbM_VillagerOld_Blue @ <5729.060547, 319.772034, 7762.804688> ... Lifespan:  Set to 120 minutes.
[EOnDrop] Spawn failed for zombie [16] 'ZmbM_SurvivorDean_Grey', it does not exist in DayZ!
[EOnDrop] Zombie Spawned [17] ZmbM_HikerSkinny_Green @ <5749.494141, 320.358307, 7755.968750> ... Lifespan:  Set to 120 minutes.
[EOnDrop] Zombie Spawned [18] ZmbM_HermitSkinny_Red @ <5699.082031, 317.797211, 7713.373047> ... Lifespan:  Set to 120 minutes.
[EOnDrop] Zombie Spawned [19] ZmbM_VillagerOld_Blue @ <5759.189453, 320.520630, 7745.290039> ... Lifespan:  Set to 120 minutes.
[EOnDrop] Zombie Spawned [20] ZmbM_MotobikerFat_Beige @ <5746.215820, 320.268188, 7759.834961> ... Lifespan:  Set to 120 minutes.
[EOnDrop] Zombie Spawned [21] ZmbM_VillagerOld_Green @ <5782.915039, 320.509613, 7717.073730> ... Lifespan:  Set to 120 minutes.
[EOnDrop] Zombie Spawned [22] ZmbF_VillagerOld_Green @ <5695.574219, 318.089752, 7744.314941> ... Lifespan:  Set to 120 minutes.
[EOnDrop] Zombie Spawned [23] ZmbF_MilkMaidOld_Grey @ <5731.973633, 320.084412, 7736.408691> ... Lifespan:  Set to 120 minutes.
[EOnDrop] Zombie Spawned [24] ZmbF_VillagerOld_Red @ <5776.108398, 320.038971, 7749.198242> ... Lifespan:  Set to 120 minutes.
[EOnDrop] Zombie Spawned [25] ZmbM_HermitSkinny_Beige @ <5738.264160, 320.096832, 7759.829102> ... Lifespan:  Set to 120 minutes.
[EOnDrop] Zombie Spawned [26] ZmbM_HunterOld_Autumn @ <5753.359375, 320.476349, 7749.470215> ... Lifespan:  Set to 120 minutes.
[EOnDrop] Zombie Spawned [27] ZmbM_HikerSkinny_Blue @ <5736.043457, 319.875763, 7779.237305> ... Lifespan:  Set to 120 minutes.
[EOnDrop] Zombie Spawned [28] ZmbM_FarmerFat_Green @ <5723.916504, 319.171326, 7698.068359> ... Lifespan:  Set to 120 minutes.
[EOnDrop] Zombie Spawned [29] ZmbM_HermitSkinny_Red @ <5720.756348, 319.436859, 7765.054688> ... Lifespan:  Set to 120 minutes.
[EOnDrop] Zombie Spawned [30] ZmbF_VillagerOld_White @ <5740.858398, 319.920227, 7701.642090> ... Lifespan:  Set to 120 minutes.
[EOnDrop] Zombie Spawned [31] ZmbM_HunterOld_Winter @ <5747.212402, 320.292847, 7708.659668> ... Lifespan:  Set to 120 minutes.
[EOnDrop] Zombie Spawned [32] ZmbF_VillagerOld_Blue @ <5760.778320, 320.039093, 7772.686035> ... Lifespan:  Set to 120 minutes.
[EOnDrop] Zombie Spawned [33] ZmbF_VillagerOld_Green @ <5692.329102, 317.635376, 7733.677246> ... Lifespan:  Set to 120 minutes.
[EOnDrop] Zombie Spawned [34] ZmbM_MotobikerFat_Beige @ <5767.725586, 320.660400, 7710.037109> ... Lifespan:  Set to 120 minutes.
[EOnDrop] Zombie Spawned [35] ZmbM_HunterOld_Autumn @ <5699.416504, 318.350555, 7739.257324> ... Lifespan:  Set to 120 minutes.
[EOnDrop] Zombie Spawned [36] ZmbF_HikerSkinny_Grey @ <5758.363281, 320.563171, 7740.731445> ... Lifespan:  Set to 120 minutes.
[EOnDrop] Zombie Spawned [37] ZmbF_HikerSkinny_Green @ <5726.246094, 319.623749, 7772.306152> ... Lifespan:  Set to 120 minutes.
[EOnDrop] Zombie Spawned [38] ZmbM_HunterOld_Summer @ <5723.640625, 319.830902, 7723.590820> ... Lifespan:  Set to 120 minutes.
[EOnDrop] Zombie Spawned [39] ZmbF_MilkMaidOld_Black @ <5788.263184, 319.914032, 7733.988770> ... Lifespan:  Set to 120 minutes.
[EOnDrop] Zombie Spawned [40] ZmbF_HikerSkinny_Green @ <5709.128906, 319.078705, 7740.843262> ... Lifespan:  Set to 120 minutes.
[EOnDrop] Drop spawned with 40 infected at <5739.071289, 457.438934, 7733.564453>.
[EOnDrop] Supplies have been dropped near Stary Sobor.
[EOnBeforeDelete] Aircraft despawned @ <16361.415039, 152.000610, 11531.337891>
[~AirdropPlane] Aircraft destroyed.
