[InitializeContainer] Container created on 2021-04-10 @ 14-46-46
[InitializeContainer] Winds: Vector <6.402539, 0.000000, -6.074124>, Speed 8.82539mps, Strength 0.1
[AirdropContainerFall] Drop Type 'Military Weapons', Container: 'AirdropContainer_Military', Mode/Quantity/Iems: Random/20/15, Flare:  10%
[AirdropContainerFall] Loot Spawned [1] RGD5Grenade @ <5759.956543, 319.407196, 7784.601074> ... Lifespan: Set to 120 minutes.
[AirdropContainerFall] Loot Spawned [2] TWP_HKCarabine_mag_30Rnd @ <5763.377441, 319.289551, 7784.266602> ... Lifespan: Set to 120 minutes.
[AirdropContainerFall] Loot Spawned [3] RGD5Grenade @ <5758.982422, 319.413361, 7787.057617> ... Lifespan: Set to 120 minutes.
[AirdropContainerFall] Loot Spawned [4] TWP_Stoner63 @ <5759.450195, 319.425903, 7784.064453> ... Lifespan: Set to 120 minutes.
[AirdropContainerFall] Loot Spawned [5] M67Grenade @ <5760.202637, 319.411255, 7783.890137> ... Lifespan: Set to 120 minutes.
[AirdropContainerFall] Loot Spawned [6] TWP_M16 @ <5761.371094, 319.387329, 7783.048828> ... Lifespan: Set to 120 minutes.
[AirdropContainerFall] Loot Spawned [7] RGD5Grenade @ <5761.332520, 319.366699, 7784.228027> ... Lifespan: Set to 120 minutes.
[AirdropContainerFall] Loot Spawned [8] TWP_OTSGrosa @ <5759.989258, 319.405548, 7784.664551> ... Lifespan: Set to 120 minutes.
[AirdropContainerFall] Loot Spawned [9] TWP_CZScorpion_mag_30Rnd @ <5761.461914, 319.381958, 7783.202637> ... Lifespan: Set to 120 minutes.
[AirdropContainerFall] Loot Spawned [10] TWP_OTSGrosa @ <5761.278809, 319.338043, 7787.129395> ... Lifespan: Set to 120 minutes.
[AirdropContainerFall] Loot Spawned [11] TWP_STG58 @ <5762.379395, 319.310211, 7785.141113> ... Lifespan: Set to 120 minutes.
[AirdropContainerFall] Loot Spawned [12] TWP_HKCarabine @ <5759.635742, 319.397400, 7786.838867> ... Lifespan: Set to 120 minutes.
[AirdropContainerFall] Loot Spawned [13] TWP_Stoner63_mag_30Rnd @ <5762.722656, 319.290771, 7786.134277> ... Lifespan: Set to 120 minutes.
[AirdropContainerFall] Loot Spawned [14] TWP_STG58 @ <5759.964355, 319.390503, 7786.557617> ... Lifespan: Set to 120 minutes.
[AirdropContainerFall] Loot Spawned [15] TWP_Stoner63 @ <5762.767578, 319.280151, 7787.474121> ... Lifespan: Set to 120 minutes.
[AirdropContainerFall] Loot Spawned [16] TWP_STG58 @ <5761.893066, 319.310089, 7787.881836> ... Lifespan: Set to 120 minutes.
[AirdropContainerFall] Loot Spawned [17] RGD5Grenade @ <5759.657715, 319.402740, 7785.951660> ... Lifespan: Set to 120 minutes.
[AirdropContainerFall] Loot Spawned [18] M67Grenade @ <5760.344727, 319.400116, 7784.302246> ... Lifespan: Set to 120 minutes.
[AirdropContainerFall] Loot Spawned [19] TWP_OTSGrosa @ <5759.816406, 319.383575, 7788.187988> ... Lifespan: Set to 120 minutes.
[AirdropContainerFall] Loot Spawned [20] TWP_HKCarabine @ <5758.780273, 319.424377, 7786.120117> ... Lifespan: Set to 120 minutes.
[AirdropContainerUnstuck] Container was unstuck.
[~AirdropContainerBase] Container Destroyed on 2021-04-10 @ 16-00-26
