[AirdropPlane] Aircraft created on 2021-02-27 @ 20-39-15
[InitializeAircraft] Aircraft Initialized: Novodmitrovsk @ 11125/14040 (true)
[EOnBeforeDrop] The Aircraft is 1 Km from Novodmitrovsk. @ <10000.005859, 339.380341, 13048.250977>
[EOnDrop] Zombie Spawned [1] ZmbF_ParamedicNormal_Blue @ <11023.781250, 123.717117, 14003.621094> ... Lifespan:  Set to 120 minutes.
[EOnDrop] Zombie Spawned [2] ZmbF_SkaterYoung_Violet @ <11080.271484, 123.953423, 13989.751953> ... Lifespan:  Set to 120 minutes.
[EOnDrop] Zombie Spawned [3] ZmbF_Clerk_Normal_Green @ <11097.254883, 129.710373, 13949.153320> ... Lifespan:  Set to 120 minutes.
[EOnDrop] Zombie Spawned [4] ZmbF_JournalistNormal_Red @ <11045.699219, 132.596924, 13984.995117> ... Lifespan:  Set to 120 minutes.
[EOnDrop] Zombie Spawned [5] ZmbM_ClerkFat_Khaki @ <11037.204102, 124.761131, 14000.471680> ... Lifespan:  Set to 120 minutes.
[EOnDrop] Zombie Spawned [6] ZmbM_ClerkFat_White @ <11042.725586, 132.055634, 13985.364258> ... Lifespan:  Set to 120 minutes.
[EOnDrop] Zombie Spawned [7] ZmbF_ShortSkirt_green @ <11031.644531, 140.735611, 13939.527344> ... Lifespan:  Set to 120 minutes.
[EOnDrop] Zombie Spawned [8] ZmbF_JournalistNormal_White @ <11077.284180, 136.524277, 13943.948242> ... Lifespan:  Set to 120 minutes.
[EOnDrop] Zombie Spawned [9] ZmbM_ParamedicNormal_Blue @ <11037.896484, 135.218765, 13969.888672> ... Lifespan:  Set to 120 minutes.
[EOnDrop] Zombie Spawned [10] ZmbF_ShortSkirt_white @ <11038.176758, 128.500610, 13992.861328> ... Lifespan:  Set to 120 minutes.
[EOnDrop] Zombie Spawned [11] ZmbM_ParamedicNormal_Green @ <11049.663086, 136.811859, 13960.268555> ... Lifespan:  Set to 120 minutes.
[EOnDrop] Zombie Spawned [12] ZmbM_PolicemanSpecForce @ <11040.881836, 135.709457, 13967.945313> ... Lifespan:  Set to 120 minutes.
[EOnDrop] Zombie Spawned [13] ZmbM_JournalistSkinny @ <11065.350586, 134.191345, 13970.505859> ... Lifespan:  Set to 120 minutes.
[EOnDrop] Zombie Spawned [14] ZmbM_JournalistSkinny @ <11070.508789, 133.695724, 13964.717773> ... Lifespan:  Set to 120 minutes.
[EOnDrop] Zombie Spawned [15] ZmbM_Jacket_black @ <11037.063477, 121.822433, 14006.180664> ... Lifespan:  Set to 120 minutes.
[EOnDrop] Zombie Spawned [16] ZmbF_PatientOld @ <11046.874023, 135.554443, 13972.118164> ... Lifespan:  Set to 120 minutes.
[EOnDrop] Zombie Spawned [17] ZmbF_ShortSkirt_white @ <11050.610352, 133.691803, 13982.369141> ... Lifespan:  Set to 120 minutes.
[EOnDrop] Zombie Spawned [18] ZmbM_Jacket_bluechecks @ <11010.179688, 135.556412, 13970.842773> ... Lifespan:  Set to 120 minutes.
[EOnDrop] Zombie Spawned [19] ZmbF_Clerk_Normal_White @ <11075.206055, 138.653000, 13936.188477> ... Lifespan:  Set to 120 minutes.
[EOnDrop] Zombie Spawned [20] ZmbF_Clerk_Normal_Green @ <11088.178711, 119.046318, 13990.255859> ... Lifespan:  Set to 120 minutes.
[EOnDrop] Zombie Spawned [21] ZmbM_ParamedicNormal_Blue @ <11052.436523, 136.181305, 13967.539063> ... Lifespan:  Set to 120 minutes.
[EOnDrop] Zombie Spawned [22] ZmbF_CitizenANormal_Blue @ <11087.610352, 126.224129, 13965.234375> ... Lifespan:  Set to 120 minutes.
[EOnDrop] Zombie Spawned [23] ZmbM_PatrolNormal_Autumn @ <11066.362305, 127.762169, 13997.291016> ... Lifespan:  Set to 120 minutes.
[EOnDrop] Zombie Spawned [24] ZmbM_CitizenASkinny_Grey @ <11045.221680, 138.931229, 13946.084961> ... Lifespan:  Set to 120 minutes.
[EOnDrop] Zombie Spawned [25] ZmbM_ParamedicNormal_Green @ <11054.572266, 136.016571, 13974.007813> ... Lifespan:  Set to 120 minutes.
[EOnDrop] Zombie Spawned [26] ZmbM_SkaterYoung_Grey @ <11046.729492, 138.327240, 13949.128906> ... Lifespan:  Set to 120 minutes.
[EOnDrop] Zombie Spawned [27] ZmbF_ParamedicNormal_Blue @ <11052.035156, 135.732590, 13974.892578> ... Lifespan:  Set to 120 minutes.
[EOnDrop] Zombie Spawned [28] ZmbM_JoggerSkinny_Red @ <11062.077148, 137.016205, 13954.112305> ... Lifespan:  Set to 120 minutes.
[EOnDrop] Zombie Spawned [29] ZmbM_Jacket_brown @ <11076.237305, 130.049683, 13974.672852> ... Lifespan:  Set to 120 minutes.
[EOnDrop] Zombie Spawned [30] ZmbF_JournalistNormal_Green @ <11027.335938, 135.479691, 13966.849609> ... Lifespan:  Set to 120 minutes.
[EOnDrop] Zombie Spawned [31] ZmbM_SkaterYoung_Brown @ <11035.053711, 128.029633, 13992.003906> ... Lifespan:  Set to 120 minutes.
[EOnDrop] Zombie Spawned [32] ZmbM_ParamedicNormal_Blue @ <11054.840820, 133.835480, 13983.932617> ... Lifespan:  Set to 120 minutes.
[EOnDrop] Zombie Spawned [33] ZmbF_ShortSkirt_grey @ <11086.041016, 126.561150, 13967.168945> ... Lifespan:  Set to 120 minutes.
[EOnDrop] Zombie Spawned [34] ZmbM_CommercialPilotOld_Grey @ <11025.178711, 135.189117, 13967.922852> ... Lifespan:  Set to 120 minutes.
[EOnDrop] Zombie Spawned [35] ZmbM_Jacket_magenta @ <11055.417969, 131.085983, 13994.871094> ... Lifespan:  Set to 120 minutes.
[EOnDrop] Zombie Spawned [36] ZmbM_PolicemanFat @ <11087.902344, 110.850525, 14013.070313> ... Lifespan:  Set to 120 minutes.
[EOnDrop] Zombie Spawned [37] ZmbM_CommercialPilotOld_Brown @ <11068.375000, 137.756241, 13946.169922> ... Lifespan:  Set to 120 minutes.
[EOnDrop] Zombie Spawned [38] ZmbM_PatrolNormal_Summer @ <11078.045898, 124.548859, 13992.825195> ... Lifespan:  Set to 120 minutes.
[EOnDrop] Zombie Spawned [39] ZmbF_CitizenBSkinny @ <11060.157227, 115.671173, 14014.868164> ... Lifespan:  Set to 120 minutes.
[EOnDrop] Zombie Spawned [40] ZmbF_CitizenANormal_Brown @ <11096.026367, 117.018509, 13986.446289> ... Lifespan:  Set to 120 minutes.
[EOnDrop] Zombie Spawned [41] ZmbF_JournalistNormal_Blue @ <11060.242188, 137.081665, 13954.498047> ... Lifespan:  Set to 120 minutes.
[EOnDrop] Zombie Spawned [42] ZmbM_CitizenASkinny_Grey @ <11066.248047, 130.632751, 13990.002930> ... Lifespan:  Set to 120 minutes.
[EOnDrop] Zombie Spawned [43] ZmbF_ShortSkirt_white @ <11080.689453, 128.017242, 13971.751953> ... Lifespan:  Set to 120 minutes.
[EOnDrop] Zombie Spawned [44] ZmbM_SkaterYoung_Brown @ <11095.085938, 130.157059, 13948.998047> ... Lifespan:  Set to 120 minutes.
[EOnDrop] Zombie Spawned [45] ZmbM_PatrolNormal_Autumn @ <11068.625977, 125.201042, 14000.740234> ... Lifespan:  Set to 120 minutes.
[EOnDrop] Zombie Spawned [46] ZmbM_CitizenBFat_Green @ <11053.765625, 132.519928, 13990.079102> ... Lifespan:  Set to 120 minutes.
[EOnDrop] Zombie Spawned [47] ZmbF_ShortSkirt_white @ <11056.590820, 136.104584, 13971.679688> ... Lifespan:  Set to 120 minutes.
[EOnDrop] Zombie Spawned [48] ZmbF_SkaterYoung_Brown @ <11063.493164, 135.211121, 13965.312500> ... Lifespan:  Set to 120 minutes.
[EOnDrop] Zombie Spawned [49] ZmbM_Jacket_magenta @ <11034.544922, 136.275757, 13963.467773> ... Lifespan:  Set to 120 minutes.
[EOnDrop] Zombie Spawned [50] ZmbF_NurseFat @ <11069.152344, 133.712296, 13973.005859> ... Lifespan:  Set to 120 minutes.
[EOnDrop] Zombie Spawned [51] ZmbM_SkaterYoung_Brown @ <11045.907227, 139.281754, 13943.951172> ... Lifespan:  Set to 120 minutes.
[EOnDrop] Zombie Spawned [52] ZmbF_Clerk_Normal_White @ <11057.710938, 130.541992, 13995.572266> ... Lifespan:  Set to 120 minutes.
[EOnDrop] Zombie Spawned [53] ZmbF_Clerk_Normal_Red @ <11074.357422, 130.999939, 13975.701172> ... Lifespan:  Set to 120 minutes.
[EOnDrop] Zombie Spawned [54] ZmbM_PatrolNormal_PautRev @ <11045.308594, 126.154701, 14002.850586> ... Lifespan:  Set to 120 minutes.
[EOnDrop] Zombie Spawned [55] ZmbF_SkaterYoung_Striped @ <11089.443359, 129.101852, 13955.337891> ... Lifespan:  Set to 120 minutes.
[EOnDrop] Zombie Spawned [56] ZmbM_PatrolNormal_Summer @ <11080.014648, 124.261627, 13989.092773> ... Lifespan:  Set to 120 minutes.
[EOnDrop] Zombie Spawned [57] ZmbM_Jacket_blue @ <11058.783203, 140.832214, 13928.843750> ... Lifespan:  Set to 120 minutes.
[EOnDrop] Zombie Spawned [58] ZmbF_DoctorSkinny @ <11059.465820, 135.955109, 13964.505859> ... Lifespan:  Set to 120 minutes.
[EOnDrop] Zombie Spawned [59] ZmbM_ClerkFat_Brown @ <11032.670898, 130.568405, 13987.001953> ... Lifespan:  Set to 120 minutes.
[EOnDrop] Zombie Spawned [60] ZmbF_Clerk_Normal_White @ <11060.579102, 136.520615, 13959.222656> ... Lifespan:  Set to 120 minutes.
[EOnDrop] Zombie Spawned [61] ZmbM_PatrolNormal_Autumn @ <11062.466797, 134.019287, 13978.486328> ... Lifespan:  Set to 120 minutes.
[EOnDrop] Zombie Spawned [62] ZmbM_Jacket_greenchecks @ <11056.926758, 135.637817, 13973.511719> ... Lifespan:  Set to 120 minutes.
[EOnDrop] Zombie Spawned [63] ZmbM_Jacket_khaki @ <11040.422852, 136.838348, 13960.408203> ... Lifespan:  Set to 120 minutes.
[EOnDrop] Zombie Spawned [64] ZmbF_NurseFat @ <11039.106445, 135.307220, 13969.956055> ... Lifespan:  Set to 120 minutes.
[EOnDrop] Zombie Spawned [65] ZmbM_Jacket_grey @ <11032.983398, 132.920532, 13977.887695> ... Lifespan:  Set to 120 minutes.
[EOnDrop] Zombie Spawned [66] ZmbF_Clerk_Normal_Red @ <11092.822266, 122.481895, 13966.362305> ... Lifespan:  Set to 120 minutes.
[EOnDrop] Zombie Spawned [67] ZmbF_NurseFat @ <11080.340820, 124.903854, 13986.043945> ... Lifespan:  Set to 120 minutes.
[EOnDrop] Zombie Spawned [68] ZmbM_CitizenASkinny_Blue @ <11034.613281, 132.696274, 13980.500977> ... Lifespan:  Set to 120 minutes.
[EOnDrop] Zombie Spawned [69] ZmbF_Clerk_Normal_White @ <11095.045898, 121.391197, 13966.076172> ... Lifespan:  Set to 120 minutes.
[EOnDrop] Zombie Spawned [70] ZmbF_JournalistNormal_Green @ <11051.283203, 135.072723, 13977.684570> ... Lifespan:  Set to 120 minutes.
[EOnDrop] Zombie Spawned [71] ZmbF_Clerk_Normal_Green @ <11052.282227, 140.796478, 13934.285156> ... Lifespan:  Set to 120 minutes.
[EOnDrop] Zombie Spawned [72] ZmbM_CommercialPilotOld_Brown @ <11028.719727, 133.805023, 13974.012695> ... Lifespan:  Set to 120 minutes.
[EOnDrop] Zombie Spawned [73] ZmbM_JoggerSkinny_Green @ <11088.080078, 122.202057, 13978.293945> ... Lifespan:  Set to 120 minutes.
[EOnDrop] Zombie Spawned [74] ZmbM_Jacket_greenchecks @ <11091.768555, 110.400124, 14012.360352> ... Lifespan:  Set to 120 minutes.
[EOnDrop] Zombie Spawned [75] ZmbF_ShortSkirt_stripes @ <11054.385742, 122.033684, 14008.786133> ... Lifespan:  Set to 120 minutes.
[EOnDrop] Zombie Spawned [76] ZmbF_PatientOld @ <11061.688477, 137.499557, 13950.873047> ... Lifespan:  Set to 120 minutes.
[EOnDrop] Zombie Spawned [77] ZmbM_Jacket_greenchecks @ <11052.501953, 134.296295, 13980.488281> ... Lifespan:  Set to 120 minutes.
[EOnDrop] Zombie Spawned [78] ZmbF_ParamedicNormal_Blue @ <11090.393555, 118.291626, 13989.467773> ... Lifespan:  Set to 120 minutes.
[EOnDrop] Zombie Spawned [79] ZmbF_ShortSkirt_green @ <11069.643555, 133.727310, 13971.237305> ... Lifespan:  Set to 120 minutes.
[EOnDrop] Zombie Spawned [80] ZmbM_SkaterYoung_Grey @ <11031.975586, 134.394394, 13972.375000> ... Lifespan:  Set to 120 minutes.
[EOnDrop] Zombie Spawned [81] ZmbM_PolicemanFat @ <11048.784180, 125.334747, 14004.598633> ... Lifespan:  Set to 120 minutes.
[EOnDrop] Zombie Spawned [82] ZmbF_ParamedicNormal_Red @ <11022.386719, 122.460098, 14009.290039> ... Lifespan:  Set to 120 minutes.
[EOnDrop] Zombie Spawned [83] ZmbM_CitizenASkinny_Brown @ <11057.701172, 136.094131, 13967.902344> ... Lifespan:  Set to 120 minutes.
[EOnDrop] Zombie Spawned [84] ZmbF_ShortSkirt_grey @ <11030.622070, 130.372375, 13986.645508> ... Lifespan:  Set to 120 minutes.
[EOnDrop] Zombie Spawned [85] ZmbM_PatientSkinny @ <11079.706055, 128.022614, 13975.969727> ... Lifespan:  Set to 120 minutes.
[EOnDrop] Zombie Spawned [86] ZmbF_SkaterYoung_Brown @ <11090.136719, 114.399086, 14004.689453> ... Lifespan:  Set to 120 minutes.
[EOnDrop] Zombie Spawned [87] ZmbM_CommercialPilotOld_Blue @ <11069.494141, 139.077744, 13938.166992> ... Lifespan:  Set to 120 minutes.
[EOnDrop] Zombie Spawned [88] ZmbF_CitizenANormal_Brown @ <11042.017578, 136.292557, 13963.959961> ... Lifespan:  Set to 120 minutes.
[EOnDrop] Zombie Spawned [89] ZmbF_ShortSkirt_white @ <11036.254883, 125.238380, 13998.880859> ... Lifespan:  Set to 120 minutes.
[EOnDrop] Zombie Spawned [90] ZmbM_CommercialPilotOld_Blue @ <11061.241211, 127.395599, 14000.513672> ... Lifespan:  Set to 120 minutes.
[EOnDrop] Zombie Spawned [91] ZmbF_DoctorSkinny @ <11085.534180, 117.761482, 13998.334961> ... Lifespan:  Set to 120 minutes.
[EOnDrop] Zombie Spawned [92] ZmbF_DoctorSkinny @ <11052.459961, 141.149826, 13929.676758> ... Lifespan:  Set to 120 minutes.
[EOnDrop] Zombie Spawned [93] ZmbM_PatrolNormal_Autumn @ <11103.938477, 116.139778, 13978.644531> ... Lifespan:  Set to 120 minutes.
[EOnDrop] Zombie Spawned [94] ZmbM_SkaterYoung_Brown @ <11066.688477, 134.061295, 13970.124023> ... Lifespan:  Set to 120 minutes.
[EOnDrop] Zombie Spawned [95] ZmbF_CitizenANormal_Blue @ <11076.382813, 131.460129, 13964.928711> ... Lifespan:  Set to 120 minutes.
[EOnDrop] Zombie Spawned [96] ZmbM_SkaterYoung_Green @ <11062.023438, 131.369873, 13991.652344> ... Lifespan:  Set to 120 minutes.
[EOnDrop] Zombie Spawned [97] ZmbM_CitizenBFat_Green @ <11072.456055, 127.897827, 13990.651367> ... Lifespan:  Set to 120 minutes.
[EOnDrop] Zombie Spawned [98] ZmbF_PatientOld @ <11011.502930, 135.454376, 13970.888672> ... Lifespan:  Set to 120 minutes.
[EOnDrop] Zombie Spawned [99] ZmbF_JoggerSkinny_Blue @ <11060.675781, 140.641113, 13929.934570> ... Lifespan:  Set to 120 minutes.
[EOnDrop] Zombie Spawned [100] ZmbM_Jacket_beige @ <11058.311523, 129.317947, 13997.953125> ... Lifespan:  Set to 120 minutes.
[EOnDrop] Zombie Spawned [101] ZmbF_JournalistNormal_White @ <11076.786133, 137.809097, 13938.871094> ... Lifespan:  Set to 120 minutes.
[EOnDrop] Zombie Spawned [102] ZmbM_JoggerSkinny_Blue @ <11069.591797, 133.338364, 13977.028320> ... Lifespan:  Set to 120 minutes.
[EOnDrop] Zombie Spawned [103] ZmbF_CitizenANormal_Brown @ <11032.000977, 140.736115, 13939.485352> ... Lifespan:  Set to 120 minutes.
[EOnDrop] Zombie Spawned [104] ZmbM_Jacket_stripes @ <11091.897461, 115.912956, 13997.442383> ... Lifespan:  Set to 120 minutes.
[EOnDrop] Zombie Spawned [105] ZmbM_ParamedicNormal_Red @ <11052.626953, 114.310669, 14017.160156> ... Lifespan:  Set to 120 minutes.
[EOnDrop] Zombie Spawned [106] ZmbM_CitizenBFat_Red @ <11021.789063, 138.637192, 13952.119141> ... Lifespan:  Set to 120 minutes.
[EOnDrop] Zombie Spawned [107] ZmbM_CitizenASkinny_Blue @ <11065.883789, 131.281296, 13988.162109> ... Lifespan:  Set to 120 minutes.
[EOnDrop] Zombie Spawned [108] ZmbM_Jacket_grey @ <11093.400391, 118.246407, 13978.642578> ... Lifespan:  Set to 120 minutes.
[EOnDrop] Zombie Spawned [109] ZmbF_SkaterYoung_Violet @ <11041.185547, 139.881668, 13942.100586> ... Lifespan:  Set to 120 minutes.
[EOnDrop] Zombie Spawned [110] ZmbF_ShortSkirt_red @ <11051.544922, 133.568146, 13982.727539> ... Lifespan:  Set to 120 minutes.
[EOnDrop] Zombie Spawned [111] ZmbF_JoggerSkinny_Brown @ <11030.698242, 125.599243, 13996.619141> ... Lifespan:  Set to 120 minutes.
[EOnDrop] Zombie Spawned [112] ZmbM_PatrolNormal_Summer @ <11024.446289, 132.902222, 13976.828125> ... Lifespan:  Set to 120 minutes.
[EOnDrop] Zombie Spawned [113] ZmbF_Clerk_Normal_White @ <11051.678711, 135.328369, 13976.701172> ... Lifespan:  Set to 120 minutes.
[EOnDrop] Zombie Spawned [114] ZmbF_JournalistNormal_Red @ <11069.380859, 127.276024, 13996.487305> ... Lifespan:  Set to 120 minutes.
[EOnDrop] Zombie Spawned [115] ZmbF_JournalistNormal_Green @ <11023.020508, 132.629257, 13978.209961> ... Lifespan:  Set to 120 minutes.
[EOnDrop] Zombie Spawned [116] ZmbM_Jacket_khaki @ <11050.521484, 134.162964, 13980.934570> ... Lifespan:  Set to 120 minutes.
[EOnDrop] Zombie Spawned [117] ZmbF_ShortSkirt_green @ <11053.167969, 137.542267, 13953.197266> ... Lifespan:  Set to 120 minutes.
[EOnDrop] Zombie Spawned [118] ZmbM_PolicemanSpecForce @ <11017.224609, 136.155151, 13964.971680> ... Lifespan:  Set to 120 minutes.
[EOnDrop] Zombie Spawned [119] ZmbF_CitizenANormal_Beige @ <11021.200195, 122.452705, 14011.394531> ... Lifespan:  Set to 120 minutes.
[EOnDrop] Zombie Spawned [120] ZmbM_Jacket_greenchecks @ <11064.015625, 132.848557, 13984.823242> ... Lifespan:  Set to 120 minutes.
[EOnDrop] Zombie Spawned [121] ZmbF_Clerk_Normal_White @ <11027.257813, 134.972015, 13968.925781> ... Lifespan:  Set to 120 minutes.
[EOnDrop] Zombie Spawned [122] ZmbM_JournalistSkinny @ <11051.272461, 129.866821, 13997.226563> ... Lifespan:  Set to 120 minutes.
[EOnDrop] Zombie Spawned [123] ZmbM_CommercialPilotOld_Brown @ <11064.107422, 133.461853, 13981.432617> ... Lifespan:  Set to 120 minutes.
[EOnDrop] Zombie Spawned [124] ZmbM_Jacket_grey @ <11048.473633, 133.337585, 13983.493164> ... Lifespan:  Set to 120 minutes.
[EOnDrop] Zombie Spawned [125] ZmbM_ParamedicNormal_Red @ <11063.926758, 133.885849, 13978.240234> ... Lifespan:  Set to 120 minutes.
[EOnDrop] Zombie Spawned [126] ZmbF_ShortSkirt_green @ <11056.625000, 129.625443, 13997.664063> ... Lifespan:  Set to 120 minutes.
[EOnDrop] Zombie Spawned [127] ZmbM_CitizenBFat_Blue @ <11054.498047, 140.399200, 13936.010742> ... Lifespan:  Set to 120 minutes.
[EOnDrop] Zombie Spawned [128] ZmbF_CitizenANormal_Brown @ <11075.493164, 130.599533, 13972.930664> ... Lifespan:  Set to 120 minutes.
[EOnDrop] Zombie Spawned [129] ZmbM_ParamedicNormal_Blue @ <11058.337891, 136.158142, 13964.159180> ... Lifespan:  Set to 120 minutes.
[EOnDrop] Zombie Spawned [130] ZmbM_ClerkFat_Khaki @ <11034.511719, 134.843658, 13970.557617> ... Lifespan:  Set to 120 minutes.
[EOnDrop] Zombie Spawned [131] ZmbF_Clerk_Normal_Red @ <11074.775391, 131.808411, 13968.606445> ... Lifespan:  Set to 120 minutes.
[EOnDrop] Zombie Spawned [132] ZmbF_SkaterYoung_Violet @ <11069.059570, 126.416344, 13998.253906> ... Lifespan:  Set to 120 minutes.
[EOnDrop] Zombie Spawned [133] ZmbF_Clerk_Normal_Blue @ <11015.047852, 129.584686, 13995.473633> ... Lifespan:  Set to 120 minutes.
[EOnDrop] Zombie Spawned [134] ZmbF_Clerk_Normal_Green @ <11056.171875, 136.280319, 13969.884766> ... Lifespan:  Set to 120 minutes.
[EOnDrop] Zombie Spawned [135] ZmbM_CommercialPilotOld_Brown @ <11039.915039, 134.702591, 13975.025391> ... Lifespan:  Set to 120 minutes.
[EOnDrop] Zombie Spawned [136] ZmbF_SkaterYoung_Brown @ <11044.576172, 133.579605, 13981.843750> ... Lifespan:  Set to 120 minutes.
[EOnDrop] Zombie Spawned [137] ZmbM_CitizenBFat_Blue @ <11019.292969, 138.652924, 13952.265625> ... Lifespan:  Set to 120 minutes.
[EOnDrop] Zombie Spawned [138] ZmbF_PatientOld @ <11063.669922, 134.642746, 13969.170898> ... Lifespan:  Set to 120 minutes.
[EOnDrop] Zombie Spawned [139] ZmbF_ParamedicNormal_Green @ <11090.669922, 116.712479, 13995.651367> ... Lifespan:  Set to 120 minutes.
[EOnDrop] Zombie Spawned [140] ZmbF_ParamedicNormal_Blue @ <11050.098633, 131.967972, 13990.671875> ... Lifespan:  Set to 120 minutes.
[EOnDrop] Zombie Spawned [141] ZmbF_JournalistNormal_Green @ <11090.372070, 126.344498, 13961.997070> ... Lifespan:  Set to 120 minutes.
[EOnDrop] Zombie Spawned [142] ZmbF_ShortSkirt_brown @ <11035.896484, 136.677841, 13961.176758> ... Lifespan:  Set to 120 minutes.
[EOnDrop] Zombie Spawned [143] ZmbF_SkaterYoung_Violet @ <11050.749023, 139.079941, 13943.892578> ... Lifespan:  Set to 120 minutes.
[EOnDrop] Zombie Spawned [144] ZmbF_Clerk_Normal_Blue @ <11035.443359, 133.132751, 13979.077148> ... Lifespan:  Set to 120 minutes.
[EOnDrop] Zombie Spawned [145] ZmbF_ShortSkirt_stripes @ <11053.509766, 133.771088, 13982.786133> ... Lifespan:  Set to 120 minutes.
[EOnDrop] Zombie Spawned [146] ZmbF_SkaterYoung_Striped @ <11019.326172, 133.207947, 13977.042969> ... Lifespan:  Set to 120 minutes.
[EOnDrop] Zombie Spawned [147] ZmbM_JoggerSkinny_Red @ <11021.741211, 129.244644, 13990.336914> ... Lifespan:  Set to 120 minutes.
[EOnDrop] Zombie Spawned [148] ZmbF_JoggerSkinny_Brown @ <11088.730469, 122.216011, 13976.593750> ... Lifespan:  Set to 120 minutes.
[EOnDrop] Zombie Spawned [149] ZmbM_DoctorFat @ <11062.029297, 126.054153, 14002.551758> ... Lifespan:  Set to 120 minutes.
[EOnDrop] Zombie Spawned [150] ZmbM_PatientSkinny @ <11090.026367, 126.735382, 13961.726563> ... Lifespan:  Set to 120 minutes.
[EOnDrop] Zombie Spawned [151] ZmbF_ShortSkirt_green @ <11073.410156, 117.831970, 14009.183594> ... Lifespan:  Set to 120 minutes.
[EOnDrop] Zombie Spawned [152] ZmbM_ParamedicNormal_Blue @ <11047.723633, 129.602905, 13997.497070> ... Lifespan:  Set to 120 minutes.
[EOnDrop] Zombie Spawned [153] ZmbM_PrisonerSkinny @ <11055.049805, 133.234314, 13987.833008> ... Lifespan:  Set to 120 minutes.
[EOnDrop] Zombie Spawned [154] ZmbF_JournalistNormal_Blue @ <11054.867188, 131.506393, 13993.594727> ... Lifespan:  Set to 120 minutes.
[EOnDrop] Zombie Spawned [155] ZmbM_CommercialPilotOld_Olive @ <11063.686523, 134.420319, 13970.763672> ... Lifespan:  Set to 120 minutes.
[EOnDrop] Zombie Spawned [156] ZmbM_ParamedicNormal_Green @ <11037.337891, 136.054214, 13965.107422> ... Lifespan:  Set to 120 minutes.
[EOnDrop] Zombie Spawned [157] ZmbM_PolicemanFat @ <11075.302734, 130.355896, 13977.256836> ... Lifespan:  Set to 120 minutes.
[EOnDrop] Zombie Spawned [158] ZmbF_JournalistNormal_White @ <11081.704102, 119.256104, 14001.359375> ... Lifespan:  Set to 120 minutes.
[EOnDrop] Zombie Spawned [159] ZmbM_JoggerSkinny_Blue @ <11050.635742, 136.107666, 13967.931641> ... Lifespan:  Set to 120 minutes.
[EOnDrop] Zombie Spawned [160] ZmbF_ParamedicNormal_Green @ <11040.168945, 136.234177, 13964.253906> ... Lifespan:  Set to 120 minutes.
[EOnDrop] Zombie Spawned [161] ZmbM_ParamedicNormal_Green @ <11050.057617, 134.691803, 13979.166016> ... Lifespan:  Set to 120 minutes.
[EOnDrop] Zombie Spawned [162] ZmbF_ShortSkirt_checks @ <11050.186523, 127.248260, 14002.504883> ... Lifespan:  Set to 120 minutes.
[EOnDrop] Zombie Spawned [163] ZmbM_Jacket_stripes @ <11105.010742, 115.321266, 13989.227539> ... Lifespan:  Set to 120 minutes.
[EOnDrop] Zombie Spawned [164] ZmbM_Jacket_bluechecks @ <11077.056641, 128.752869, 13981.116211> ... Lifespan:  Set to 120 minutes.
[EOnDrop] Zombie Spawned [165] ZmbM_JournalistSkinny @ <11073.435547, 138.030777, 13940.644531> ... Lifespan:  Set to 120 minutes.
[EOnDrop] Zombie Spawned [166] ZmbM_CitizenASkinny_Red @ <11104.596680, 115.324829, 13991.127930> ... Lifespan:  Set to 120 minutes.
[EOnDrop] Zombie Spawned [167] ZmbF_ShortSkirt_red @ <11073.042969, 133.336029, 13961.324219> ... Lifespan:  Set to 120 minutes.
[EOnDrop] Zombie Spawned [168] ZmbM_CitizenASkinny_Grey @ <11033.309570, 129.352905, 13989.446289> ... Lifespan:  Set to 120 minutes.
[EOnDrop] Zombie Spawned [169] ZmbM_ParamedicNormal_Red @ <11062.870117, 133.979691, 13978.467773> ... Lifespan:  Set to 120 minutes.
[EOnDrop] Zombie Spawned [170] ZmbF_ShortSkirt_green @ <11093.012695, 110.341019, 14012.052734> ... Lifespan:  Set to 120 minutes.
[EOnDrop] Zombie Spawned [171] ZmbF_SkaterYoung_Brown @ <11030.089844, 137.594376, 13957.048828> ... Lifespan:  Set to 120 minutes.
[EOnDrop] Zombie Spawned [172] ZmbM_Jacket_blue @ <11020.403320, 135.326584, 13968.060547> ... Lifespan:  Set to 120 minutes.
[EOnDrop] Zombie Spawned [173] ZmbF_DoctorSkinny @ <11073.952148, 112.587242, 14014.516602> ... Lifespan:  Set to 120 minutes.
[EOnDrop] Zombie Spawned [174] ZmbM_CitizenASkinny_Brown @ <11071.798828, 132.606567, 13973.271484> ... Lifespan:  Set to 120 minutes.
[EOnDrop] Zombie Spawned [175] ZmbM_PatientSkinny @ <11025.280273, 121.139999, 14009.427734> ... Lifespan:  Set to 120 minutes.
[EOnDrop] Zombie Spawned [176] ZmbF_ShortSkirt_checks @ <11054.527344, 127.000793, 14002.951172> ... Lifespan:  Set to 120 minutes.
[EOnDrop] Zombie Spawned [177] ZmbM_PatrolNormal_PautRev @ <11057.983398, 137.282715, 13954.043945> ... Lifespan:  Set to 120 minutes.
[EOnDrop] Zombie Spawned [178] ZmbF_ShortSkirt_green @ <11053.163086, 136.484955, 13964.747070> ... Lifespan:  Set to 120 minutes.
[EOnDrop] Zombie Spawned [179] ZmbM_PolicemanFat @ <11087.710938, 114.878479, 14005.387695> ... Lifespan:  Set to 120 minutes.
[EOnDrop] Zombie Spawned [180] ZmbM_CitizenASkinny_Brown @ <11082.501953, 135.411758, 13944.000977> ... Lifespan:  Set to 120 minutes.
[EOnDrop] Zombie Spawned [181] ZmbM_PatientSkinny @ <11040.575195, 133.848389, 13980.830078> ... Lifespan:  Set to 120 minutes.
[EOnDrop] Zombie Spawned [182] ZmbM_CommercialPilotOld_Brown @ <11022.256836, 131.960800, 13980.920898> ... Lifespan:  Set to 120 minutes.
[EOnDrop] Zombie Spawned [183] ZmbF_NurseFat @ <11048.947266, 136.848114, 13960.033203> ... Lifespan:  Set to 120 minutes.
[EOnDrop] Zombie Spawned [184] ZmbF_ShortSkirt_beige @ <11100.758789, 115.859566, 13979.800781> ... Lifespan:  Set to 120 minutes.
[EOnDrop] Zombie Spawned [185] ZmbF_Clerk_Normal_White @ <11052.330078, 135.779068, 13974.800781> ... Lifespan:  Set to 120 minutes.
[EOnDrop] Zombie Spawned [186] ZmbF_Clerk_Normal_Green @ <11041.531250, 130.989471, 13988.038086> ... Lifespan:  Set to 120 minutes.
[EOnDrop] Zombie Spawned [187] ZmbM_ParamedicNormal_Blue @ <11075.177734, 130.277069, 13979.103516> ... Lifespan:  Set to 120 minutes.
[EOnDrop] Zombie Spawned [188] ZmbF_ShortSkirt_green @ <11089.379883, 119.661842, 13984.490234> ... Lifespan:  Set to 120 minutes.
[EOnDrop] Zombie Spawned [189] ZmbF_ParamedicNormal_Green @ <11091.057617, 119.518333, 13979.625000> ... Lifespan:  Set to 120 minutes.
[EOnDrop] Zombie Spawned [190] ZmbM_SkaterYoung_Brown @ <11056.295898, 136.833145, 13958.731445> ... Lifespan:  Set to 120 minutes.
[EOnDrop] Zombie Spawned [191] ZmbM_CitizenBFat_Red @ <11074.999023, 109.411400, 14018.289063> ... Lifespan:  Set to 120 minutes.
[EOnDrop] Zombie Spawned [192] ZmbM_CitizenBFat_Red @ <11066.442383, 133.876892, 13974.664063> ... Lifespan:  Set to 120 minutes.
[EOnDrop] Zombie Spawned [193] ZmbM_Jacket_blue @ <11045.648438, 114.576248, 14017.416016> ... Lifespan:  Set to 120 minutes.
[EOnDrop] Zombie Spawned [194] ZmbM_SkaterYoung_Brown @ <11070.237305, 132.923935, 13979.940430> ... Lifespan:  Set to 120 minutes.
[EOnDrop] Zombie Spawned [195] ZmbM_JoggerSkinny_Blue @ <11043.042969, 136.342789, 13963.801758> ... Lifespan:  Set to 120 minutes.
[EOnDrop] Zombie Spawned [196] ZmbF_ShortSkirt_beige @ <11019.812500, 137.310532, 13959.167969> ... Lifespan:  Set to 120 minutes.
[EOnDrop] Zombie Spawned [197] ZmbM_CommercialPilotOld_Blue @ <11086.035156, 124.923370, 13971.811523> ... Lifespan:  Set to 120 minutes.
[EOnDrop] Zombie Spawned [198] ZmbF_ShortSkirt_stripes @ <11060.489258, 133.172989, 13985.184570> ... Lifespan:  Set to 120 minutes.
[EOnDrop] Zombie Spawned [199] ZmbM_SkaterYoung_Grey @ <11073.381836, 112.956749, 14014.198242> ... Lifespan:  Set to 120 minutes.
[EOnDrop] Zombie Spawned [200] ZmbM_JoggerSkinny_Red @ <11058.786133, 136.725876, 13957.900391> ... Lifespan:  Set to 120 minutes.
[EOnDrop] Zombie Spawned [201] ZmbF_Clerk_Normal_Green @ <11052.027344, 134.714966, 13979.028320> ... Lifespan:  Set to 120 minutes.
[EOnDrop] Zombie Spawned [202] ZmbF_JoggerSkinny_Red @ <11045.704102, 138.287201, 13949.600586> ... Lifespan:  Set to 120 minutes.
[EOnDrop] Zombie Spawned [203] ZmbM_CommercialPilotOld_Brown @ <11058.233398, 126.298088, 14003.104492> ... Lifespan:  Set to 120 minutes.
[EOnDrop] Zombie Spawned [204] ZmbM_PrisonerSkinny @ <11052.833008, 133.799789, 13981.995117> ... Lifespan:  Set to 120 minutes.
[EOnDrop] Zombie Spawned [205] ZmbF_ShortSkirt_grey @ <11012.953125, 131.639404, 13989.002930> ... Lifespan:  Set to 120 minutes.
[EOnDrop] Zombie Spawned [206] ZmbF_JournalistNormal_Red @ <11045.359375, 137.328979, 13956.403320> ... Lifespan:  Set to 120 minutes.
[EOnDrop] Zombie Spawned [207] ZmbF_Clerk_Normal_Green @ <11084.368164, 129.932404, 13956.691406> ... Lifespan:  Set to 120 minutes.
[EOnDrop] Zombie Spawned [208] ZmbM_CommercialPilotOld_Blue @ <11033.639648, 136.165817, 13964.069336> ... Lifespan:  Set to 120 minutes.
[EOnDrop] Zombie Spawned [209] ZmbM_ParamedicNormal_Blue @ <11055.988281, 136.561737, 13963.104492> ... Lifespan:  Set to 120 minutes.
[EOnDrop] Zombie Spawned [210] ZmbF_ShortSkirt_checks @ <11062.442383, 133.979614, 13979.071289> ... Lifespan:  Set to 120 minutes.
[EOnDrop] Zombie Spawned [211] ZmbF_ParamedicNormal_Green @ <11076.400391, 129.403641, 13980.339844> ... Lifespan:  Set to 120 minutes.
[EOnDrop] Zombie Spawned [212] ZmbM_CommercialPilotOld_Blue @ <11064.591797, 137.114822, 13952.055664> ... Lifespan:  Set to 120 minutes.
[EOnDrop] Zombie Spawned [213] ZmbF_JournalistNormal_White @ <11011.978516, 134.986313, 13972.724609> ... Lifespan:  Set to 120 minutes.
[EOnDrop] Zombie Spawned [214] ZmbM_CitizenBFat_Blue @ <11011.467773, 134.625961, 13975.008789> ... Lifespan:  Set to 120 minutes.
[EOnDrop] Zombie Spawned [215] ZmbF_PoliceWomanNormal @ <11033.576172, 129.203751, 13989.744141> ... Lifespan:  Set to 120 minutes.
[EOnDrop] Zombie Spawned [216] ZmbM_SkaterYoung_Brown @ <11073.288086, 132.262543, 13970.431641> ... Lifespan:  Set to 120 minutes.
[EOnDrop] Zombie Spawned [217] ZmbM_Jacket_blue @ <11037.986328, 134.077133, 13976.299805> ... Lifespan:  Set to 120 minutes.
[EOnDrop] Zombie Spawned [218] ZmbM_PatrolNormal_Flat @ <11095.043945, 118.765648, 13974.120117> ... Lifespan:  Set to 120 minutes.
[EOnDrop] Zombie Spawned [219] ZmbM_PatrolNormal_Autumn @ <11063.526367, 133.868317, 13979.063477> ... Lifespan:  Set to 120 minutes.
[EOnDrop] Zombie Spawned [220] ZmbF_DoctorSkinny @ <11034.575195, 132.698822, 13980.452148> ... Lifespan:  Set to 120 minutes.
[EOnDrop] Zombie Spawned [221] ZmbM_PrisonerSkinny @ <11063.561523, 133.611679, 13980.958984> ... Lifespan:  Set to 120 minutes.
[EOnDrop] Zombie Spawned [222] ZmbF_CitizenANormal_Blue @ <11032.136719, 124.064659, 13999.230469> ... Lifespan:  Set to 120 minutes.
[EOnDrop] Zombie Spawned [223] ZmbF_ShortSkirt_grey @ <11066.076172, 135.712631, 13959.500977> ... Lifespan:  Set to 120 minutes.
[EOnDrop] Zombie Spawned [224] ZmbM_Jacket_khaki @ <11052.314453, 136.403336, 13965.463867> ... Lifespan:  Set to 120 minutes.
[EOnDrop] Zombie Spawned [225] ZmbM_CitizenASkinny_Red @ <11063.389648, 127.123238, 14000.073242> ... Lifespan:  Set to 120 minutes.
[EOnDrop] Zombie Spawned [226] ZmbM_PatrolNormal_PautRev @ <11099.632813, 116.643501, 13974.066406> ... Lifespan:  Set to 120 minutes.
[EOnDrop] Zombie Spawned [227] ZmbM_JoggerSkinny_Green @ <11067.496094, 107.979019, 14022.511719> ... Lifespan:  Set to 120 minutes.
[EOnDrop] Zombie Spawned [228] ZmbF_JoggerSkinny_Green @ <11031.769531, 136.825317, 13960.795898> ... Lifespan:  Set to 120 minutes.
[EOnDrop] Zombie Spawned [229] ZmbM_ClerkFat_Brown @ <11064.047852, 134.191010, 13973.744141> ... Lifespan:  Set to 120 minutes.
[EOnDrop] Zombie Spawned [230] ZmbF_JoggerSkinny_Green @ <11034.201172, 126.790840, 13994.495117> ... Lifespan:  Set to 120 minutes.
[EOnDrop] Zombie Spawned [231] ZmbF_JoggerSkinny_Green @ <11097.347656, 117.159157, 13976.091797> ... Lifespan:  Set to 120 minutes.
[EOnDrop] Zombie Spawned [232] ZmbF_ShortSkirt_black @ <11063.330078, 123.136620, 14005.997070> ... Lifespan:  Set to 120 minutes.
[EOnDrop] Zombie Spawned [233] ZmbF_ShortSkirt_beige @ <11094.781250, 115.167084, 13999.002930> ... Lifespan:  Set to 120 minutes.
[EOnDrop] Zombie Spawned [234] ZmbF_Clerk_Normal_Red @ <11062.458984, 135.107407, 13967.716797> ... Lifespan:  Set to 120 minutes.
[EOnDrop] Zombie Spawned [235] ZmbF_SkaterYoung_Brown @ <11029.524414, 132.607529, 13978.412109> ... Lifespan:  Set to 120 minutes.
[EOnDrop] Zombie Spawned [236] ZmbM_PolicemanSpecForce @ <11035.434570, 139.032318, 13948.041992> ... Lifespan:  Set to 120 minutes.
[EOnDrop] Zombie Spawned [237] ZmbF_CitizenBSkinny @ <11059.044922, 135.506897, 13971.337891> ... Lifespan:  Set to 120 minutes.
[EOnDrop] Zombie Spawned [238] ZmbM_PatrolNormal_PautRev @ <11076.503906, 127.333160, 13985.719727> ... Lifespan:  Set to 120 minutes.
[EOnDrop] Zombie Spawned [239] ZmbM_Jacket_bluechecks @ <11062.114258, 137.315170, 13951.980469> ... Lifespan:  Set to 120 minutes.
[EOnDrop] Zombie Spawned [240] ZmbM_Jacket_khaki @ <11060.296875, 129.973297, 13996.212891> ... Lifespan:  Set to 120 minutes.
[EOnDrop] Zombie Spawned [241] ZmbF_ShortSkirt_beige @ <11047.163086, 129.477615, 13997.503906> ... Lifespan:  Set to 120 minutes.
[EOnDrop] Zombie Spawned [242] ZmbM_JoggerSkinny_Blue @ <11051.626953, 136.823013, 13959.823242> ... Lifespan:  Set to 120 minutes.
[EOnDrop] Zombie Spawned [243] ZmbF_ShortSkirt_red @ <11037.314453, 139.452469, 13945.334961> ... Lifespan:  Set to 120 minutes.
[EOnDrop] Zombie Spawned [244] ZmbF_ShortSkirt_white @ <11042.258789, 135.462906, 13969.903320> ... Lifespan:  Set to 120 minutes.
[EOnDrop] Zombie Spawned [245] ZmbM_JoggerSkinny_Red @ <11045.247070, 130.348587, 13993.073242> ... Lifespan:  Set to 120 minutes.
[EOnDrop] Zombie Spawned [246] ZmbM_SkaterYoung_Green @ <11055.291992, 119.001213, 14012.079102> ... Lifespan:  Set to 120 minutes.
[EOnDrop] Zombie Spawned [247] ZmbF_JournalistNormal_Blue @ <11082.008789, 128.911163, 13966.515625> ... Lifespan:  Set to 120 minutes.
[EOnDrop] Zombie Spawned [248] ZmbM_JoggerSkinny_Blue @ <11069.909180, 134.575455, 13961.601563> ... Lifespan:  Set to 120 minutes.
[EOnDrop] Zombie Spawned [249] ZmbM_ParamedicNormal_Black @ <11102.347656, 115.496529, 13991.640625> ... Lifespan:  Set to 120 minutes.
[EOnDrop] Zombie Spawned [250] ZmbF_CitizenANormal_Blue @ <11058.790039, 113.513458, 14017.153320> ... Lifespan:  Set to 120 minutes.
[EOnDrop] Zombie Spawned [251] ZmbF_ShortSkirt_yellow @ <11024.586914, 123.632324, 14002.735352> ... Lifespan:  Set to 120 minutes.
[EOnDrop] Zombie Spawned [252] ZmbF_CitizenBSkinny @ <11054.619141, 137.544937, 13952.962891> ... Lifespan:  Set to 120 minutes.
[EOnDrop] Zombie Spawned [253] ZmbF_JournalistNormal_Green @ <11070.369141, 125.255653, 13999.583984> ... Lifespan:  Set to 120 minutes.
[EOnDrop] Zombie Spawned [254] ZmbM_Jacket_magenta @ <11040.445313, 119.181206, 14009.841797> ... Lifespan:  Set to 120 minutes.
[EOnDrop] Zombie Spawned [255] ZmbM_PolicemanFat @ <11066.191406, 132.735046, 13983.940430> ... Lifespan:  Set to 120 minutes.
[EOnDrop] Zombie Spawned [256] ZmbM_JoggerSkinny_Red @ <11044.665039, 136.588348, 13961.912109> ... Lifespan:  Set to 120 minutes.
[EOnDrop] Zombie Spawned [257] ZmbF_ShortSkirt_white @ <11062.089844, 111.627625, 14018.873047> ... Lifespan:  Set to 120 minutes.
[EOnDrop] Zombie Spawned [258] ZmbM_CitizenBFat_Blue @ <11025.459961, 129.743896, 13986.630859> ... Lifespan:  Set to 120 minutes.
[EOnDrop] Zombie Spawned [259] ZmbF_SkaterYoung_Striped @ <11054.360352, 133.396088, 13986.355469> ... Lifespan:  Set to 120 minutes.
[EOnDrop] Zombie Spawned [260] ZmbF_JoggerSkinny_Green @ <11067.866211, 134.592148, 13963.629883> ... Lifespan:  Set to 120 minutes.
[EOnDrop] Zombie Spawned [261] ZmbM_JoggerSkinny_Green @ <11044.800781, 136.549454, 13962.340820> ... Lifespan:  Set to 120 minutes.
[EOnDrop] Zombie Spawned [262] ZmbF_JournalistNormal_Red @ <11087.118164, 123.368546, 13976.125000> ... Lifespan:  Set to 120 minutes.
[EOnDrop] Zombie Spawned [263] ZmbM_CitizenASkinny_Blue @ <11073.854492, 139.122986, 13934.571289> ... Lifespan:  Set to 120 minutes.
[EOnDrop] Zombie Spawned [264] ZmbM_PatientSkinny @ <11024.450195, 135.608170, 13966.288086> ... Lifespan:  Set to 120 minutes.
[EOnDrop] Zombie Spawned [265] ZmbM_Jacket_beige @ <11064.094727, 136.972519, 13953.338867> ... Lifespan:  Set to 120 minutes.
[EOnDrop] Zombie Spawned [266] ZmbM_CitizenBFat_Red @ <11065.968750, 140.069244, 13933.642578> ... Lifespan:  Set to 120 minutes.
[EOnDrop] Zombie Spawned [267] ZmbM_ClerkFat_Brown @ <11072.587891, 132.831314, 13966.623047> ... Lifespan:  Set to 120 minutes.
[EOnDrop] Zombie Spawned [268] ZmbM_ClerkFat_Grey @ <11084.168945, 119.953590, 13993.404297> ... Lifespan:  Set to 120 minutes.
[EOnDrop] Zombie Spawned [269] ZmbF_ShortSkirt_green @ <11063.373047, 131.366821, 13990.563477> ... Lifespan:  Set to 120 minutes.
[EOnDrop] Zombie Spawned [270] ZmbM_SkaterYoung_Brown @ <11050.050781, 132.579742, 13986.790039> ... Lifespan:  Set to 120 minutes.
[EOnDrop] Zombie Spawned [271] ZmbF_ShortSkirt_stripes @ <11018.283203, 136.158569, 13964.762695> ... Lifespan:  Set to 120 minutes.
[EOnDrop] Zombie Spawned [272] ZmbM_Jacket_blue @ <11082.010742, 128.497116, 13968.321289> ... Lifespan:  Set to 120 minutes.
[EOnDrop] Zombie Spawned [273] ZmbF_SkaterYoung_Striped @ <11018.415039, 135.374115, 13968.118164> ... Lifespan:  Set to 120 minutes.
[EOnDrop] Zombie Spawned [274] ZmbF_Clerk_Normal_Red @ <11078.189453, 127.201492, 13983.425781> ... Lifespan:  Set to 120 minutes.
[EOnDrop] Zombie Spawned [275] ZmbM_PolicemanFat @ <11031.321289, 136.069244, 13964.571289> ... Lifespan:  Set to 120 minutes.
[EOnDrop] Zombie Spawned [276] ZmbM_JoggerSkinny_Green @ <11100.872070, 116.490479, 13975.132813> ... Lifespan:  Set to 120 minutes.
[EOnDrop] Zombie Spawned [277] ZmbM_Jacket_stripes @ <11081.398438, 126.217560, 13980.468750> ... Lifespan:  Set to 120 minutes.
[EOnDrop] Zombie Spawned [278] ZmbF_SkaterYoung_Violet @ <11064.409180, 133.823929, 13978.365234> ... Lifespan:  Set to 120 minutes.
[EOnDrop] Zombie Spawned [279] ZmbM_ClerkFat_Brown @ <11041.573242, 141.060928, 13936.457031> ... Lifespan:  Set to 120 minutes.
[EOnDrop] Zombie Spawned [280] ZmbM_CommercialPilotOld_Blue @ <11019.488281, 135.801987, 13966.143555> ... Lifespan:  Set to 120 minutes.
[EOnDrop] Zombie Spawned [281] ZmbM_Jacket_blue @ <11070.514648, 110.235367, 14018.300781> ... Lifespan:  Set to 120 minutes.
[EOnDrop] Zombie Spawned [282] ZmbM_ParamedicNormal_Red @ <11028.830078, 130.616150, 13984.757813> ... Lifespan:  Set to 120 minutes.
[EOnDrop] Zombie Spawned [283] ZmbF_CitizenANormal_Blue @ <11054.544922, 136.287506, 13972.977539> ... Lifespan:  Set to 120 minutes.
[EOnDrop] Zombie Spawned [284] ZmbF_CitizenANormal_Brown @ <11029.548828, 134.317551, 13972.250000> ... Lifespan:  Set to 120 minutes.
[EOnDrop] Zombie Spawned [285] ZmbF_Clerk_Normal_Green @ <11037.169922, 117.130684, 14014.077148> ... Lifespan:  Set to 120 minutes.
[EOnDrop] Zombie Spawned [286] ZmbM_ClerkFat_Brown @ <11073.862305, 137.210297, 13944.442383> ... Lifespan:  Set to 120 minutes.
[EOnDrop] Zombie Spawned [287] ZmbM_PatientSkinny @ <11025.043945, 132.294144, 13978.848633> ... Lifespan:  Set to 120 minutes.
[EOnDrop] Zombie Spawned [288] ZmbM_CommercialPilotOld_Brown @ <11041.370117, 135.180054, 13971.779297> ... Lifespan:  Set to 120 minutes.
[EOnDrop] Zombie Spawned [289] ZmbM_ClerkFat_Brown @ <11020.609375, 123.136185, 14009.762695> ... Lifespan:  Set to 120 minutes.
[EOnDrop] Zombie Spawned [290] ZmbF_JoggerSkinny_Blue @ <11048.864258, 139.519913, 13941.922852> ... Lifespan:  Set to 120 minutes.
[EOnDrop] Zombie Spawned [291] ZmbF_ShortSkirt_green @ <11039.254883, 130.528244, 13988.175781> ... Lifespan:  Set to 120 minutes.
[EOnDrop] Zombie Spawned [292] ZmbF_JoggerSkinny_Red @ <11086.582031, 117.304543, 13998.858398> ... Lifespan:  Set to 120 minutes.
[EOnDrop] Zombie Spawned [293] ZmbM_CitizenASkinny_Red @ <11061.760742, 129.483902, 13996.736328> ... Lifespan:  Set to 120 minutes.
[EOnDrop] Zombie Spawned [294] ZmbM_PatrolNormal_Flat @ <11065.186523, 126.779861, 13999.652344> ... Lifespan:  Set to 120 minutes.
[EOnDrop] Zombie Spawned [295] ZmbM_CitizenBFat_Red @ <11077.823242, 117.903435, 14006.904297> ... Lifespan:  Set to 120 minutes.
[EOnDrop] Zombie Spawned [296] ZmbF_ShortSkirt_white @ <11030.709961, 134.997559, 13969.313477> ... Lifespan:  Set to 120 minutes.
[EOnDrop] Zombie Spawned [297] ZmbF_ShortSkirt_beige @ <11029.766602, 139.723801, 13945.084961> ... Lifespan:  Set to 120 minutes.
[EOnDrop] Zombie Spawned [298] ZmbM_ParamedicNormal_Green @ <11060.435547, 134.864929, 13972.945313> ... Lifespan:  Set to 120 minutes.
[EOnDrop] Zombie Spawned [299] ZmbM_CommercialPilotOld_Blue @ <11076.073242, 130.575836, 13971.197266> ... Lifespan:  Set to 120 minutes.
[EOnDrop] Zombie Spawned [300] ZmbM_Jacket_beige @ <11041.214844, 132.447357, 13984.165039> ... Lifespan:  Set to 120 minutes.
[EOnDrop] Zombie Spawned [301] ZmbF_ShortSkirt_stripes @ <11046.347656, 136.145966, 13966.277344> ... Lifespan:  Set to 120 minutes.
[EOnDrop] Zombie Spawned [302] ZmbM_ParamedicNormal_Black @ <11060.625977, 134.431793, 13974.488281> ... Lifespan:  Set to 120 minutes.
[EOnDrop] Zombie Spawned [303] ZmbM_Jacket_magenta @ <11056.384766, 136.243454, 13970.526367> ... Lifespan:  Set to 120 minutes.
[EOnDrop] Zombie Spawned [304] ZmbF_PoliceWomanNormal @ <11016.138672, 133.057526, 13978.963867> ... Lifespan:  Set to 120 minutes.
[EOnDrop] Zombie Spawned [305] ZmbF_ShortSkirt_stripes @ <11037.698242, 128.077560, 13993.652344> ... Lifespan:  Set to 120 minutes.
[EOnDrop] Spawn failed for zombie [306] 'ZmbM_JacketNormal_greenchecks', it does not exist in DayZ!
[EOnDrop] Zombie Spawned [307] ZmbF_JoggerSkinny_Red @ <11042.829102, 131.088669, 13988.269531> ... Lifespan:  Set to 120 minutes.
[EOnDrop] Zombie Spawned [308] ZmbM_SkaterYoung_Brown @ <11092.125000, 115.843010, 13997.427734> ... Lifespan:  Set to 120 minutes.
[EOnDrop] Zombie Spawned [309] ZmbF_ParamedicNormal_Blue @ <11084.013672, 123.563148, 13983.391602> ... Lifespan:  Set to 120 minutes.
[EOnDrop] Zombie Spawned [310] ZmbF_ShortSkirt_red @ <11009.943359, 131.806961, 13992.891602> ... Lifespan:  Set to 120 minutes.
[EOnDrop] Zombie Spawned [311] ZmbF_Clerk_Normal_Red @ <11042.234375, 132.643082, 13983.805664> ... Lifespan:  Set to 120 minutes.
[EOnDrop] Zombie Spawned [312] ZmbF_ParamedicNormal_Blue @ <11075.386719, 112.215225, 14014.644531> ... Lifespan:  Set to 120 minutes.
[EOnDrop] Zombie Spawned [313] ZmbM_PolicemanSpecForce @ <11106.852539, 117.098465, 13974.451172> ... Lifespan:  Set to 120 minutes.
[EOnDrop] Zombie Spawned [314] ZmbF_ShortSkirt_brown @ <11032.939453, 115.856804, 14017.791016> ... Lifespan:  Set to 120 minutes.
[EOnDrop] Zombie Spawned [315] ZmbF_JournalistNormal_Red @ <11078.501953, 128.788895, 13974.779297> ... Lifespan:  Set to 120 minutes.
[EOnDrop] Zombie Spawned [316] ZmbF_PoliceWomanNormal @ <11062.451172, 117.464661, 14012.791016> ... Lifespan:  Set to 120 minutes.
[EOnDrop] Zombie Spawned [317] ZmbF_Clerk_Normal_Blue @ <11082.175781, 130.130493, 13959.616211> ... Lifespan:  Set to 120 minutes.
[EOnDrop] Zombie Spawned [318] ZmbM_SkaterYoung_Green @ <11046.714844, 135.207962, 13974.739258> ... Lifespan:  Set to 120 minutes.
[EOnDrop] Zombie Spawned [319] ZmbF_PatientOld @ <11053.064453, 138.277847, 13948.059570> ... Lifespan:  Set to 120 minutes.
[EOnDrop] Zombie Spawned [320] ZmbM_Jacket_black @ <11064.950195, 134.752640, 13966.343750> ... Lifespan:  Set to 120 minutes.
[EOnDrop] Zombie Spawned [321] ZmbM_ParamedicNormal_Green @ <11039.120117, 119.066864, 14009.836914> ... Lifespan:  Set to 120 minutes.
[EOnDrop] Zombie Spawned [322] ZmbF_ShortSkirt_red @ <11061.042969, 134.389664, 13974.667969> ... Lifespan:  Set to 120 minutes.
[EOnDrop] Zombie Spawned [323] ZmbF_JoggerSkinny_Red @ <11065.535156, 133.559189, 13980.013672> ... Lifespan:  Set to 120 minutes.
[EOnDrop] Zombie Spawned [324] ZmbM_CitizenASkinny_Blue @ <11051.568359, 132.882706, 13986.530273> ... Lifespan:  Set to 120 minutes.
[EOnDrop] Zombie Spawned [325] ZmbM_PatrolNormal_Summer @ <11057.140625, 119.742401, 14011.141602> ... Lifespan:  Set to 120 minutes.
[EOnDrop] Zombie Spawned [326] ZmbF_NurseFat @ <11042.251953, 135.623993, 13968.823242> ... Lifespan:  Set to 120 minutes.
[EOnDrop] Zombie Spawned [327] ZmbM_CitizenASkinny_Blue @ <11037.480469, 125.167885, 13999.797852> ... Lifespan:  Set to 120 minutes.
[EOnDrop] Zombie Spawned [328] ZmbM_Jacket_stripes @ <11013.359375, 129.659424, 13999.614258> ... Lifespan:  Set to 120 minutes.
[EOnDrop] Zombie Spawned [329] ZmbM_PolicemanSpecForce @ <11030.125000, 137.323914, 13958.359375> ... Lifespan:  Set to 120 minutes.
[EOnDrop] Zombie Spawned [330] ZmbM_Jacket_magenta @ <11064.840820, 130.324539, 13992.574219> ... Lifespan:  Set to 120 minutes.
[EOnDrop] Zombie Spawned [331] ZmbF_CitizenANormal_Beige @ <11068.045898, 132.285080, 13983.603516> ... Lifespan:  Set to 120 minutes.
[EOnDrop] Zombie Spawned [332] ZmbM_CitizenBFat_Green @ <11053.458984, 137.861099, 13950.595703> ... Lifespan:  Set to 120 minutes.
[EOnDrop] Zombie Spawned [333] ZmbF_JournalistNormal_White @ <11070.329102, 133.188034, 13976.070313> ... Lifespan:  Set to 120 minutes.
[EOnDrop] Zombie Spawned [334] ZmbF_JournalistNormal_Green @ <11082.058594, 135.129379, 13945.323242> ... Lifespan:  Set to 120 minutes.
[EOnDrop] Zombie Spawned [335] ZmbM_Jacket_khaki @ <11088.523438, 131.233749, 13949.893555> ... Lifespan:  Set to 120 minutes.
[EOnDrop] Zombie Spawned [336] ZmbM_PrisonerSkinny @ <11022.086914, 132.080841, 13980.492188> ... Lifespan:  Set to 120 minutes.
[EOnDrop] Zombie Spawned [337] ZmbF_ShortSkirt_beige @ <11074.584961, 107.873825, 14020.812500> ... Lifespan:  Set to 120 minutes.
[EOnDrop] Zombie Spawned [338] ZmbM_CitizenASkinny_Blue @ <11048.971680, 117.477539, 14013.878906> ... Lifespan:  Set to 120 minutes.
[EOnDrop] Zombie Spawned [339] ZmbF_CitizenANormal_Blue @ <11045.294922, 136.079269, 13966.454102> ... Lifespan:  Set to 120 minutes.
[EOnDrop] Zombie Spawned [340] ZmbF_ShortSkirt_black @ <11072.587891, 115.887314, 14011.585938> ... Lifespan:  Set to 120 minutes.
[EOnDrop] Spawn failed for zombie [341] 'ZmbM_JacketNormal_greenchecks', it does not exist in DayZ!
[EOnDrop] Zombie Spawned [342] ZmbM_CitizenBFat_Green @ <11048.326172, 132.279938, 13986.779297> ... Lifespan:  Set to 120 minutes.
[EOnDrop] Zombie Spawned [343] ZmbF_Clerk_Normal_White @ <11069.854492, 138.888550, 13939.060547> ... Lifespan:  Set to 120 minutes.
[EOnDrop] Zombie Spawned [344] ZmbF_ShortSkirt_checks @ <11059.884766, 132.662979, 13987.997070> ... Lifespan:  Set to 120 minutes.
[EOnDrop] Zombie Spawned [345] ZmbM_CitizenASkinny_Brown @ <11058.962891, 137.685272, 13950.299805> ... Lifespan:  Set to 120 minutes.
[EOnDrop] Zombie Spawned [346] ZmbM_ParamedicNormal_Red @ <11093.935547, 115.554604, 13997.613281> ... Lifespan:  Set to 120 minutes.
[EOnDrop] Zombie Spawned [347] ZmbM_SkaterYoung_Green @ <11062.960938, 130.447937, 13994.166992> ... Lifespan:  Set to 120 minutes.
[EOnDrop] Zombie Spawned [348] ZmbM_PatientSkinny @ <11061.191406, 133.204971, 13984.598633> ... Lifespan:  Set to 120 minutes.
[EOnDrop] Zombie Spawned [349] ZmbM_PolicemanSpecForce @ <11057.206055, 136.192871, 13965.342773> ... Lifespan:  Set to 120 minutes.
[EOnDrop] Zombie Spawned [350] ZmbM_ClerkFat_Grey @ <11020.372070, 125.535378, 14002.223633> ... Lifespan:  Set to 120 minutes.
[EOnDrop] Zombie Spawned [351] ZmbM_ParamedicNormal_Blue @ <11080.569336, 134.212112, 13948.725586> ... Lifespan:  Set to 120 minutes.
[EOnDrop] Zombie Spawned [352] ZmbF_ShortSkirt_red @ <11013.546875, 131.540848, 13988.659180> ... Lifespan:  Set to 120 minutes.
[EOnDrop] Zombie Spawned [353] ZmbF_JournalistNormal_Blue @ <11063.424805, 134.189362, 13974.683594> ... Lifespan:  Set to 120 minutes.
[EOnDrop] Zombie Spawned [354] ZmbM_CommercialPilotOld_Olive @ <11086.969727, 113.036980, 14010.168945> ... Lifespan:  Set to 120 minutes.
[EOnDrop] Zombie Spawned [355] ZmbM_JoggerSkinny_Red @ <11081.219727, 120.946609, 13996.607422> ... Lifespan:  Set to 120 minutes.
[EOnDrop] Zombie Spawned [356] ZmbM_Jacket_beige @ <11042.868164, 134.755722, 13976.692383> ... Lifespan:  Set to 120 minutes.
[EOnDrop] Zombie Spawned [357] ZmbM_PatientSkinny @ <11075.392578, 134.766830, 13952.624023> ... Lifespan:  Set to 120 minutes.
[EOnDrop] Zombie Spawned [358] ZmbM_ClerkFat_Grey @ <11073.022461, 138.565567, 13938.388672> ... Lifespan:  Set to 120 minutes.
[EOnDrop] Zombie Spawned [359] ZmbM_CitizenASkinny_Red @ <11067.286133, 134.313080, 13965.848633> ... Lifespan:  Set to 120 minutes.
[EOnDrop] Zombie Spawned [360] ZmbM_CommercialPilotOld_Blue @ <11019.296875, 139.390533, 13948.201172> ... Lifespan:  Set to 120 minutes.
[EOnDrop] Drop spawned with 360 infected at <11057.222656, 295.962128, 13978.573242>.
[EOnDrop] Supplies have been dropped near Novodmitrovsk.
[EOnBeforeDelete] Aircraft despawned @ <13763.987305, 292.315063, 16360.453125>
[~AirdropPlane] Aircraft destroyed.
