[AirdropPlane] Aircraft created on 2021-01-22 @ 08-05-54
[InitializeAircraft] Aircraft Initialized: Krasnostav @ 12159/12583 (true)
[EOnBeforeDrop] The Aircraft is 1 Km from Krasnostav. @ <12267.890625, 263.106995, 11087.554688>
[EOnDrop] Zombie Spawned [1] ZmbM_PatrolNormal_Summer @ <12171.015625, 140.500000, 12513.777344> ... Lifespan:  Set to 120 minutes.
[EOnDrop] Zombie Spawned [2] ZmbM_PatrolNormal_PautRev @ <12170.247070, 140.500000, 12540.662109> ... Lifespan:  Set to 120 minutes.
[EOnDrop] Zombie Spawned [3] ZmbM_PatrolNormal_Flat @ <12199.506836, 140.500000, 12494.911133> ... Lifespan:  Set to 120 minutes.
[EOnDrop] Zombie Spawned [4] ZmbM_PatrolNormal_Flat @ <12155.681641, 140.500000, 12528.642578> ... Lifespan:  Set to 120 minutes.
[EOnDrop] Zombie Spawned [5] ZmbM_PatrolNormal_Flat @ <12158.636719, 140.500000, 12542.067383> ... Lifespan:  Set to 120 minutes.
[EOnDrop] Zombie Spawned [6] ZmbM_PatrolNormal_Flat @ <12135.086914, 140.500000, 12517.619141> ... Lifespan:  Set to 120 minutes.
[EOnDrop] Zombie Spawned [7] ZmbM_PatrolNormal_Summer @ <12176.296875, 140.500000, 12479.886719> ... Lifespan:  Set to 120 minutes.
[EOnDrop] Zombie Spawned [8] ZmbM_PatrolNormal_Autumn @ <12160.886719, 140.500000, 12500.928711> ... Lifespan:  Set to 120 minutes.
[EOnDrop] Zombie Spawned [9] ZmbM_SoldierNormal @ <12131.168945, 140.500000, 12524.880859> ... Lifespan:  Set to 120 minutes.
[EOnDrop] Zombie Spawned [10] ZmbM_PatrolNormal_Flat @ <12187.278320, 140.500000, 12463.874023> ... Lifespan:  Set to 120 minutes.
[EOnDrop] Zombie Spawned [11] ZmbM_PatrolNormal_PautRev @ <12210.543945, 140.500000, 12508.803711> ... Lifespan:  Set to 120 minutes.
[EOnDrop] Zombie Spawned [12] ZmbM_PatrolNormal_PautRev @ <12193.993164, 140.500000, 12479.313477> ... Lifespan:  Set to 120 minutes.
[EOnDrop] Zombie Spawned [13] ZmbM_PatrolNormal_Flat @ <12192.255859, 140.500000, 12476.285156> ... Lifespan:  Set to 120 minutes.
[EOnDrop] Zombie Spawned [14] ZmbM_PatrolNormal_Flat @ <12146.764648, 140.500000, 12448.495117> ... Lifespan:  Set to 120 minutes.
[EOnDrop] Zombie Spawned [15] ZmbM_PatrolNormal_Autumn @ <12210.029297, 140.500000, 12502.083008> ... Lifespan:  Set to 120 minutes.
[EOnDrop] Drop spawned with 15 infected at <12163.666016, 273.989166, 12493.873047>.
[EOnDrop] Supplies have been dropped near Krasnostav.
[EOnBeforeDelete] Aircraft despawned @ <11877.083984, 234.617889, 16360.767578>
[~AirdropPlane] Aircraft destroyed.
