[AirdropPlane] Aircraft created on 2021-02-18 @ 16-56-49
[InitializeAircraft] Aircraft Initialized: Zelenogorks @ 2351/5393 (true)
[EOnBeforeDrop] The Aircraft is 1 Km from Zelenogorks. @ <3094.664795, 362.177765, 4091.145264>
[EOnDrop] Zombie Spawned [1] ZmbM_DoctorFat @ <2370.240234, 190.544281, 5286.337891> ... Lifespan:  Set to 120 minutes.
[EOnDrop] Zombie Spawned [2] ZmbM_SkaterYoung_Green @ <2369.640381, 190.500000, 5315.672852> ... Lifespan:  Set to 120 minutes.
[EOnDrop] Zombie Spawned [3] ZmbF_ParamedicNormal_Red @ <2433.973877, 190.509995, 5334.928711> ... Lifespan:  Set to 120 minutes.
[EOnDrop] Zombie Spawned [4] ZmbM_Jacket_blue @ <2392.035400, 191.275681, 5360.507324> ... Lifespan:  Set to 120 minutes.
[EOnDrop] Zombie Spawned [5] ZmbF_JournalistNormal_Blue @ <2396.752686, 190.509995, 5330.910156> ... Lifespan:  Set to 120 minutes.
[EOnDrop] Zombie Spawned [6] ZmbF_CitizenANormal_Blue @ <2410.383301, 190.509995, 5332.642090> ... Lifespan:  Set to 120 minutes.
[EOnDrop] Zombie Spawned [7] ZmbF_PoliceWomanNormal @ <2360.182129, 190.500259, 5340.190430> ... Lifespan:  Set to 120 minutes.
[EOnDrop] Zombie Spawned [8] ZmbF_JournalistNormal_Blue @ <2382.145752, 190.509995, 5335.156250> ... Lifespan:  Set to 120 minutes.
[EOnDrop] Zombie Spawned [9] ZmbF_ShortSkirt_green @ <2390.862305, 190.549957, 5286.667480> ... Lifespan:  Set to 120 minutes.
[EOnDrop] Zombie Spawned [10] ZmbF_CitizenBSkinny @ <2367.703857, 190.500000, 5333.029785> ... Lifespan:  Set to 120 minutes.
[EOnDrop] Zombie Spawned [11] ZmbF_SkaterYoung_Striped @ <2396.620605, 190.506912, 5322.673340> ... Lifespan:  Set to 120 minutes.
[EOnDrop] Zombie Spawned [12] ZmbM_CommercialPilotOld_Olive @ <2402.264893, 190.500000, 5298.936035> ... Lifespan:  Set to 120 minutes.
[EOnDrop] Zombie Spawned [13] ZmbF_Clerk_Normal_Blue @ <2356.267334, 190.500000, 5325.896973> ... Lifespan:  Set to 120 minutes.
[EOnDrop] Zombie Spawned [14] ZmbM_JournalistSkinny @ <2413.085205, 190.509995, 5331.957520> ... Lifespan:  Set to 120 minutes.
[EOnDrop] Zombie Spawned [15] ZmbM_PatrolNormal_PautRev @ <2410.176514, 190.500000, 5303.996094> ... Lifespan:  Set to 120 minutes.
[EOnDrop] Zombie Spawned [16] ZmbF_CitizenANormal_Blue @ <2386.521729, 191.973618, 5363.968750> ... Lifespan:  Set to 120 minutes.
[EOnDrop] Zombie Spawned [17] ZmbF_Clerk_Normal_White @ <2404.638916, 190.518066, 5348.390625> ... Lifespan:  Set to 120 minutes.
[EOnDrop] Zombie Spawned [18] ZmbF_ShortSkirt_green @ <2368.691406, 190.520447, 5354.031250> ... Lifespan:  Set to 120 minutes.
[EOnDrop] Zombie Spawned [19] ZmbF_PoliceWomanNormal @ <2374.806641, 190.500000, 5314.966309> ... Lifespan:  Set to 120 minutes.
[EOnDrop] Zombie Spawned [20] ZmbF_PoliceWomanNormal @ <2367.573242, 190.500000, 5300.337402> ... Lifespan:  Set to 120 minutes.
[EOnDrop] Zombie Spawned [21] ZmbF_JoggerSkinny_Blue @ <2365.008301, 190.500000, 5290.374023> ... Lifespan:  Set to 120 minutes.
[EOnDrop] Zombie Spawned [22] ZmbF_JournalistNormal_Green @ <2386.224609, 190.509995, 5337.412109> ... Lifespan:  Set to 120 minutes.
[EOnDrop] Zombie Spawned [23] ZmbM_CommercialPilotOld_Olive @ <2361.743652, 190.584015, 5285.699219> ... Lifespan:  Set to 120 minutes.
[EOnDrop] Zombie Spawned [24] ZmbF_ShortSkirt_black @ <2365.884033, 190.497070, 5360.399902> ... Lifespan:  Set to 120 minutes.
[EOnDrop] Zombie Spawned [25] ZmbM_PatrolNormal_Autumn @ <2405.490234, 190.512497, 5348.112793> ... Lifespan:  Set to 120 minutes.
[EOnDrop] Zombie Spawned [26] ZmbF_SkaterYoung_Violet @ <2383.524658, 190.512756, 5348.533203> ... Lifespan:  Set to 120 minutes.
[EOnDrop] Zombie Spawned [27] ZmbM_CommercialPilotOld_Olive @ <2403.043701, 190.505173, 5306.384277> ... Lifespan:  Set to 120 minutes.
[EOnDrop] Zombie Spawned [28] ZmbF_JournalistNormal_Red @ <2381.997314, 190.509995, 5334.693848> ... Lifespan:  Set to 120 minutes.
[EOnDrop] Zombie Spawned [29] ZmbF_PatientOld @ <2396.904541, 190.509995, 5337.357422> ... Lifespan:  Set to 120 minutes.
[EOnDrop] Zombie Spawned [30] ZmbM_PolicemanSpecForce @ <2383.999512, 190.506531, 5329.884766> ... Lifespan:  Set to 120 minutes.
[EOnDrop] Zombie Spawned [31] ZmbM_Jacket_bluechecks @ <2377.543457, 190.509995, 5332.844727> ... Lifespan:  Set to 120 minutes.
[EOnDrop] Zombie Spawned [32] ZmbF_ShortSkirt_black @ <2375.468994, 190.509995, 5343.333008> ... Lifespan:  Set to 120 minutes.
[EOnDrop] Zombie Spawned [33] ZmbM_CitizenBFat_Red @ <2381.705322, 190.500000, 5311.945313> ... Lifespan:  Set to 120 minutes.
[EOnDrop] Zombie Spawned [34] ZmbF_ShortSkirt_grey @ <2369.280029, 190.500000, 5334.581055> ... Lifespan:  Set to 120 minutes.
[EOnDrop] Zombie Spawned [35] ZmbF_JoggerSkinny_Brown @ <2400.756104, 190.509995, 5338.860352> ... Lifespan:  Set to 120 minutes.
[EOnDrop] Zombie Spawned [36] ZmbF_ShortSkirt_stripes @ <2409.193359, 190.500000, 5287.755371> ... Lifespan:  Set to 120 minutes.
[EOnDrop] Zombie Spawned [37] ZmbF_PoliceWomanNormal @ <2387.883057, 190.509995, 5337.398926> ... Lifespan:  Set to 120 minutes.
[EOnDrop] Zombie Spawned [38] ZmbF_ShortSkirt_beige @ <2397.220703, 190.509995, 5331.448242> ... Lifespan:  Set to 120 minutes.
[EOnDrop] Zombie Spawned [39] ZmbF_ParamedicNormal_Red @ <2359.285889, 190.500000, 5335.269043> ... Lifespan:  Set to 120 minutes.
[EOnDrop] Zombie Spawned [40] ZmbM_Jacket_bluechecks @ <2402.339111, 193.498184, 5372.679199> ... Lifespan:  Set to 120 minutes.
[EOnDrop] Drop spawned with 40 infected at <2389.512695, 334.413025, 5325.835938>.
[EOnDrop] Supplies have been dropped near Zelenogorks.
[EOnBeforeDelete] Aircraft despawned @ <-1000.019592, 555.029297, 11260.503906>
[~AirdropPlane] Aircraft destroyed.
