[AirdropPlane] Aircraft created on 2021-01-31 @ 01-04-42
[InitializeAircraft] Aircraft Initialized: Myshkino @ 2036/7491 (true)
[EOnBeforeDrop] The Aircraft is 1 Km from Myshkino. @ <3280.647949, 498.203156, 6654.208008>
[EOnDrop] Zombie Spawned [1] ZmbF_MilkMaidOld_Beige @ <2088.984619, 291.131622, 7479.708008> ... Lifespan:  Set to 120 minutes.
[EOnDrop] Zombie Spawned [2] ZmbF_VillagerOld_Blue @ <2121.139648, 291.238892, 7463.135742> ... Lifespan:  Set to 120 minutes.
[EOnDrop] Zombie Spawned [3] ZmbF_SurvivorNormal_Orange @ <2109.027100, 287.840942, 7458.203125> ... Lifespan:  Set to 120 minutes.
[EOnDrop] Zombie Spawned [4] ZmbM_VillagerOld_Green @ <2106.142334, 283.636780, 7439.631348> ... Lifespan:  Set to 120 minutes.
[EOnDrop] Zombie Spawned [5] ZmbF_MilkMaidOld_Grey @ <2086.370117, 276.831116, 7415.113281> ... Lifespan:  Set to 120 minutes.
[EOnDrop] Zombie Spawned [6] ZmbM_FarmerFat_Beige @ <2107.245850, 284.090546, 7441.214355> ... Lifespan:  Set to 120 minutes.
[EOnDrop] Zombie Spawned [7] ZmbM_HunterOld_Winter @ <2121.971436, 291.873199, 7465.491211> ... Lifespan:  Set to 120 minutes.
[EOnDrop] Zombie Spawned [8] ZmbM_priestPopSkinny @ <2082.147705, 282.785950, 7451.595215> ... Lifespan:  Set to 120 minutes.
[EOnDrop] Zombie Spawned [9] ZmbM_HikerSkinny_Green @ <2116.097900, 288.670013, 7456.810547> ... Lifespan:  Set to 120 minutes.
[EOnDrop] Zombie Spawned [10] ZmbM_FarmerFat_Blue @ <2081.451660, 278.707642, 7430.533203> ... Lifespan:  Set to 120 minutes.
[EOnDrop] Zombie Spawned [11] ZmbF_SurvivorNormal_Orange @ <2059.317383, 272.570404, 7419.842773> ... Lifespan:  Set to 120 minutes.
[EOnDrop] Zombie Spawned [12] ZmbM_HunterOld_Winter @ <2100.083496, 285.072479, 7454.068359> ... Lifespan:  Set to 120 minutes.
[EOnDrop] Zombie Spawned [13] ZmbM_HunterOld_Autumn @ <2096.360107, 280.770935, 7422.552246> ... Lifespan:  Set to 120 minutes.
[EOnDrop] Zombie Spawned [14] ZmbF_VillagerOld_Blue @ <2072.384521, 286.561310, 7473.751953> ... Lifespan:  Set to 120 minutes.
[EOnDrop] Zombie Spawned [15] ZmbM_MotobikerFat_Beige @ <2051.428223, 281.571808, 7462.961914> ... Lifespan:  Set to 120 minutes.
[EOnDrop] Drop spawned with 15 infected at <2099.235352, 436.743439, 7448.783203>.
[EOnDrop] Supplies have been dropped near Myshkino.
[EOnBeforeDelete] Aircraft despawned @ <-1001.358521, 420.594482, 9534.882813>
[~AirdropPlane] Aircraft destroyed.
