[InitializeContainer] Container created on 2021-02-27 @ 20-42-43
[InitializeContainer] Winds: Vector <10.567166, 0.000000, -1.306409>, Speed 10.6476mps, Strength 0.1
[AirdropContainerFall] Drop Type 'Food/Medical', Container: 'AirdropContainer_Medical', Mode/Quantity/Iems: Random/20/11, Flare:  10%
[AirdropContainerFall] Loot Spawned [1] ToxicCure @ <11056.181641, 133.828064, 13980.534180> ... Lifespan: Set to 120 minutes.
[AirdropContainerFall] Loot Spawned [2] Marmalade @ <11057.916992, 133.697876, 13980.584961> ... Lifespan: Set to 120 minutes.
[AirdropContainerFall] Loot Spawned [3] SpaghettiCan @ <11059.851563, 133.773270, 13978.213867> ... Lifespan: Set to 120 minutes.
[AirdropContainerFall] Loot Spawned [4] TunaCan @ <11056.624023, 134.172531, 13977.680664> ... Lifespan: Set to 120 minutes.
[AirdropContainerFall] Loot Spawned [5] SpaghettiCan @ <11059.400391, 133.861572, 13977.416016> ... Lifespan: Set to 120 minutes.
[AirdropContainerFall] Loot Spawned [6] VitaminBottle @ <11059.190430, 133.697113, 13979.952148> ... Lifespan: Set to 120 minutes.
[AirdropContainerFall] Loot Spawned [7] VitaminBottle @ <11056.948242, 133.866562, 13979.796875> ... Lifespan: Set to 120 minutes.
[AirdropContainerFall] Loot Spawned [8] Canteen @ <11057.648438, 133.665604, 13980.934570> ... Lifespan: Set to 120 minutes.
[AirdropContainerFall] Loot Spawned [9] PeachesCan @ <11060.103516, 133.669556, 13979.429688> ... Lifespan: Set to 120 minutes.
[AirdropContainerFall] Loot Spawned [10] Canteen @ <11056.544922, 133.752960, 13980.871094> ... Lifespan: Set to 120 minutes.
[AirdropContainerFall] Loot Spawned [11] PeachesCan @ <11060.033203, 133.635544, 13979.981445> ... Lifespan: Set to 120 minutes.
[AirdropContainerFall] Loot Spawned [12] SpaghettiCan @ <11057.643555, 133.985931, 13977.413086> ... Lifespan: Set to 120 minutes.
[AirdropContainerFall] Loot Spawned [13] PeachesCan @ <11056.889648, 133.814240, 13980.287109> ... Lifespan: Set to 120 minutes.
[AirdropContainerFall] Loot Spawned [14] PeachesCan @ <11057.993164, 133.577972, 13981.366211> ... Lifespan: Set to 120 minutes.
[AirdropContainerFall] Loot Spawned [15] TunaCan @ <11059.403320, 133.794891, 13978.356445> ... Lifespan: Set to 120 minutes.
[AirdropContainerFall] Loot Spawned [16] Canteen @ <11056.796875, 134.451248, 13976.446289> ... Lifespan: Set to 120 minutes.
[AirdropContainerFall] Loot Spawned [17] Marmalade @ <11058.064453, 133.626511, 13981.000977> ... Lifespan: Set to 120 minutes.
[AirdropContainerFall] Loot Spawned [18] BakedBeansCan @ <11055.884766, 134.169159, 13978.431641> ... Lifespan: Set to 120 minutes.
[AirdropContainerFall] Loot Spawned [19] BoxCerealCrunchin @ <11059.427734, 133.905899, 13976.760742> ... Lifespan: Set to 120 minutes.
[AirdropContainerFall] Loot Spawned [20] SpaghettiCan @ <11056.795898, 133.799423, 13980.433594> ... Lifespan: Set to 120 minutes.
[AirdropContainerUnstuck] Container was unstuck.
[~AirdropContainerBase] Container Destroyed on 2021-02-27 @ 21-00-12
