[AirdropPlane] Aircraft created on 2021-03-30 @ 21-36-15
[InitializeAircraft] Aircraft Initialized: Player Called @ 2777.88/5321.17 (false)
[EOnBeforeDrop] The Aircraft is 1 Km from called location. @ <4269.125000, 486.900940, 5481.693359>
[EOnDrop] Zombie Spawned [1] ZmbF_VillagerOld_Blue @ <2828.548584, 206.849319, 5334.116211> ... Lifespan:  Set to 120 minutes.
[EOnDrop] Zombie Spawned [2] ZmbM_HermitSkinny_Red @ <2857.378662, 209.083664, 5352.154785> ... Lifespan:  Set to 120 minutes.
[EOnDrop] Zombie Spawned [3] Animal_CanisLupus_Grey @ <2883.004639, 207.051910, 5317.879395> ... Lifespan:  Set to 120 minutes.
[EOnDrop] Zombie Spawned [4] ZmbF_SurvivorNormal_Orange @ <2837.197510, 204.894318, 5292.689453> ... Lifespan:  Set to 120 minutes.
[EOnDrop] Zombie Spawned [5] ZmbM_Jacket_stripes @ <2822.336182, 206.161377, 5315.611328> ... Lifespan:  Set to 120 minutes.
[EOnDrop] Zombie Spawned [6] ZmbM_HunterOld_Winter @ <2846.786865, 205.509583, 5321.647461> ... Lifespan:  Set to 120 minutes.
[EOnDrop] Zombie Spawned [7] ZmbM_HunterOld_Summer @ <2874.780029, 206.833694, 5323.036621> ... Lifespan:  Set to 120 minutes.
[EOnDrop] Zombie Spawned [8] Animal_CanisLupus_White @ <2849.179688, 207.630157, 5334.116211> ... Lifespan:  Set to 120 minutes.
[EOnDrop] Zombie Spawned [9] Animal_CanisLupus_White @ <2865.524658, 205.500839, 5297.074707> ... Lifespan:  Set to 120 minutes.
[EOnDrop] Zombie Spawned [10] ZmbM_MechanicSkinny_Grey @ <2869.359131, 205.580093, 5299.616211> ... Lifespan:  Set to 120 minutes.
[EOnDrop] Zombie Spawned [11] ZmbF_ParamedicNormal_Green @ <2856.055664, 206.236313, 5321.757813> ... Lifespan:  Set to 120 minutes.
[EOnDrop] Zombie Spawned [12] ZmbM_SoldierNormal @ <2847.197510, 206.871811, 5329.897949> ... Lifespan:  Set to 120 minutes.
[EOnDrop] Zombie Spawned [13] ZmbM_PolicemanFat @ <2866.016846, 207.488663, 5331.355957> ... Lifespan:  Set to 120 minutes.
[EOnDrop] Zombie Spawned [14] Animal_CanisLupus_Grey @ <2859.098389, 209.530426, 5354.690918> ... Lifespan:  Set to 120 minutes.
[EOnDrop] Zombie Spawned [15] ZmbM_HandymanNormal_Green @ <2838.821289, 207.260010, 5334.093750> ... Lifespan:  Set to 120 minutes.
[EOnDrop] Zombie Spawned [16] Animal_CanisLupus_Grey @ <2860.651367, 207.024628, 5325.750488> ... Lifespan:  Set to 120 minutes.
[EOnDrop] Zombie Spawned [17] Animal_CanisLupus_White @ <2831.513916, 207.024094, 5337.444336> ... Lifespan:  Set to 120 minutes.
[EOnDrop] Zombie Spawned [18] ZmbF_MechanicNormal_Green @ <2868.767578, 208.042480, 5334.498535> ... Lifespan:  Set to 120 minutes.
[EOnDrop] Zombie Spawned [19] ZmbM_PatrolNormal_PautRev @ <2826.206299, 206.854736, 5327.719727> ... Lifespan:  Set to 120 minutes.
[EOnDrop] Zombie Spawned [20] Animal_CanisLupus_White @ <2853.068115, 205.824585, 5322.060059> ... Lifespan:  Set to 120 minutes.
[EOnDrop] Zombie Spawned [21] ZmbF_NurseFat @ <2838.567627, 204.910629, 5298.404297> ... Lifespan:  Set to 120 minutes.
[EOnDrop] Zombie Spawned [22] ZmbF_HikerSkinny_Grey @ <2863.510254, 208.832413, 5343.819336> ... Lifespan:  Set to 120 minutes.
[EOnDrop] Zombie Spawned [23] ZmbM_HermitSkinny_Red @ <2843.718262, 208.636047, 5350.041992> ... Lifespan:  Set to 120 minutes.
[EOnDrop] Zombie Spawned [24] ZmbM_HandymanNormal_White @ <2892.824707, 208.431305, 5323.798828> ... Lifespan:  Set to 120 minutes.
[EOnDrop] Zombie Spawned [25] ZmbM_SoldierNormal @ <2861.835449, 206.353775, 5318.347656> ... Lifespan:  Set to 120 minutes.
[EOnDrop] Spawn failed for zombie [26] 'ZmbM_JacketNormal_greenchecks', does not exist in DayZ!
[EOnDrop] Zombie Spawned [27] ZmbF_Clerk_Normal_Blue @ <2862.498047, 208.299072, 5338.844727> ... Lifespan:  Set to 120 minutes.
[EOnDrop] Zombie Spawned [28] ZmbF_HikerSkinny_Blue @ <2861.171631, 206.770538, 5321.272949> ... Lifespan:  Set to 120 minutes.
[EOnDrop] Zombie Spawned [29] Animal_CanisLupus_Grey @ <2852.922363, 205.826630, 5322.207520> ... Lifespan:  Set to 120 minutes.
[EOnDrop] Zombie Spawned [30] Animal_CanisLupus_Grey @ <2858.807861, 206.041733, 5318.413086> ... Lifespan:  Set to 120 minutes.
[EOnDrop] Zombie Spawned [31] ZmbM_HermitSkinny_Red @ <2871.829590, 207.387512, 5328.836914> ... Lifespan:  Set to 120 minutes.
[EOnDrop] Zombie Spawned [32] ZmbM_PatrolNormal_Autumn @ <2873.747314, 208.999283, 5339.384766> ... Lifespan:  Set to 120 minutes.
[EOnDrop] Zombie Spawned [33] ZmbF_HikerSkinny_Red @ <2883.044922, 209.456345, 5338.933594> ... Lifespan:  Set to 120 minutes.
[EOnDrop] Zombie Spawned [34] Animal_CanisLupus_White @ <2853.691895, 204.971542, 5298.948242> ... Lifespan:  Set to 120 minutes.
[EOnDrop] Zombie Spawned [35] ZmbM_PatrolNormal_PautRev @ <2861.681152, 207.516464, 5331.810059> ... Lifespan:  Set to 120 minutes.
[EOnDrop] Zombie Spawned [36] ZmbM_HunterOld_Summer @ <2839.445801, 208.518311, 5353.451172> ... Lifespan:  Set to 120 minutes.
[EOnDrop] Zombie Spawned [37] ZmbM_ConstrWorkerNormal_Green @ <2822.541016, 205.111908, 5310.589844> ... Lifespan:  Set to 120 minutes.
[EOnDrop] Zombie Spawned [38] Animal_CanisLupus_Grey @ <2841.083984, 204.875275, 5306.271484> ... Lifespan:  Set to 120 minutes.
[EOnDrop] Zombie Spawned [39] ZmbM_HandymanNormal_White @ <2845.261963, 205.600220, 5323.843750> ... Lifespan:  Set to 120 minutes.
[EOnDrop] Zombie Spawned [40] ZmbF_BlueCollarFat_Red @ <2897.790771, 211.148773, 5344.765625> ... Lifespan:  Set to 120 minutes.
[EOnDrop] Drop spawned with 40 infected at <2853.505859, 372.976715, 5329.625000>.
[EOnDrop] Supplies have been dropped near the player's location.
[EOnBeforeDelete] Aircraft despawned @ <-1000.037964, 292.628021, 4915.661133>
[~AirdropPlane] Aircraft destroyed.
