[InitializeContainer] Container created on 2021-02-21 @ 04-18-57
[InitializeContainer] Winds: Vector <6.220800, 0.000000, -6.170054>, Speed 8.76173mps, Strength 0.1
[AirdropContainerFall] Drop Type 'Food/Medical', Container: 'AirdropContainer_Medical', Mode/Quantity/Iems: Random/20/11, Flare:  10%
[AirdropContainerFall] Loot Spawned [1] Canteen @ <11046.830078, 131.227966, 13988.248047> ... Lifespan: Set to 120 minutes.
[AirdropContainerFall] Loot Spawned [2] PeachesCan @ <11043.835938, 131.416229, 13986.419922> ... Lifespan: Set to 120 minutes.
[AirdropContainerFall] Loot Spawned [3] BoxCerealCrunchin @ <11043.796875, 130.800522, 13988.200195> ... Lifespan: Set to 120 minutes.
[AirdropContainerFall] Loot Spawned [4] SpaghettiCan @ <11044.454102, 132.408188, 13983.662109> ... Lifespan: Set to 120 minutes.
[AirdropContainerFall] Loot Spawned [5] BoxCerealCrunchin @ <11046.460938, 131.278412, 13987.922852> ... Lifespan: Set to 120 minutes.
[AirdropContainerFall] Loot Spawned [6] SpaghettiCan @ <11046.160156, 130.865036, 13989.062500> ... Lifespan: Set to 120 minutes.
[AirdropContainerFall] Loot Spawned [7] BoxCerealCrunchin @ <11047.871094, 132.500031, 13984.686523> ... Lifespan: Set to 120 minutes.
[AirdropContainerFall] Loot Spawned [8] VitaminBottle @ <11045.034180, 130.810776, 13988.651367> ... Lifespan: Set to 120 minutes.
[AirdropContainerFall] Loot Spawned [9] BoxCerealCrunchin @ <11042.974609, 131.597595, 13985.496094> ... Lifespan: Set to 120 minutes.
[AirdropContainerFall] Loot Spawned [10] BoxCerealCrunchin @ <11047.600586, 132.113556, 13985.870117> ... Lifespan: Set to 120 minutes.
[AirdropContainerFall] Loot Spawned [11] PeachesCan @ <11046.431641, 132.199997, 13985.149414> ... Lifespan: Set to 120 minutes.
[AirdropContainerFall] Loot Spawned [12] BakedBeansCan @ <11046.822266, 132.149124, 13985.472656> ... Lifespan: Set to 120 minutes.
[AirdropContainerFall] Loot Spawned [13] Canteen @ <11047.598633, 132.291946, 13985.327148> ... Lifespan: Set to 120 minutes.
[AirdropContainerFall] Loot Spawned [14] PeachesCan @ <11044.966797, 132.172531, 13984.601563> ... Lifespan: Set to 120 minutes.
[AirdropContainerFall] Loot Spawned [15] TacticalBaconCan @ <11045.347656, 131.424286, 13987.046875> ... Lifespan: Set to 120 minutes.
[AirdropContainerFall] Loot Spawned [16] PeachesCan @ <11044.291016, 131.207397, 13987.252930> ... Lifespan: Set to 120 minutes.
[AirdropContainerFall] Loot Spawned [17] SpaghettiCan @ <11045.622070, 132.197800, 13984.806641> ... Lifespan: Set to 120 minutes.
[AirdropContainerFall] Loot Spawned [18] VitaminBottle @ <11044.969727, 130.944534, 13988.259766> ... Lifespan: Set to 120 minutes.
[AirdropContainerFall] Loot Spawned [19] BoxCerealCrunchin @ <11044.837891, 131.024246, 13987.991211> ... Lifespan: Set to 120 minutes.
[AirdropContainerFall] Loot Spawned [20] Marmalade @ <11046.671875, 132.236893, 13985.139648> ... Lifespan: Set to 120 minutes.
[AirdropContainerUnstuck] Container was unstuck.
[~AirdropContainerBase] Container Destroyed on 2021-02-21 @ 05-18-26
