[AirdropPlane] Aircraft created on 2021-04-08 @ 00-04-13
[InitializeAircraft] Aircraft Initialized: Novy Sobor @ 7436/7720 (true)
[EOnBeforeDrop] The Aircraft is 1 Km from Novy Sobor. @ <8036.557617, 611.043396, 9093.486328>
[EOnDrop] Zombie Spawned [1] ZmbF_MilkMaidOld_Green @ <7503.022461, 331.575043, 7824.239746> ... Lifespan:  Set to 120 minutes.
[EOnDrop] Zombie Spawned [2] ZmbM_FarmerFat_Beige @ <7471.310547, 328.602448, 7846.210449> ... Lifespan:  Set to 120 minutes.
[EOnDrop] Zombie Spawned [3] ZmbM_MotobikerFat_Blue @ <7504.000977, 330.911224, 7804.613770> ... Lifespan:  Set to 120 minutes.
[EOnDrop] Zombie Spawned [4] ZmbM_HermitSkinny_Red @ <7516.968750, 333.218475, 7809.007813> ... Lifespan:  Set to 120 minutes.
[EOnDrop] Zombie Spawned [5] ZmbF_MilkMaidOld_Beige @ <7499.386719, 329.304535, 7777.339355> ... Lifespan:  Set to 120 minutes.
[EOnDrop] Zombie Spawned [6] ZmbM_HunterOld_Autumn @ <7451.700195, 325.131470, 7774.119629> ... Lifespan:  Set to 120 minutes.
[EOnDrop] Zombie Spawned [7] ZmbF_HikerSkinny_Red @ <7482.061523, 329.712341, 7847.789551> ... Lifespan:  Set to 120 minutes.
[EOnDrop] Spawn failed for zombie [8] 'ZmbM_SurvivorDean_Black', it does not exist in DayZ!
[EOnDrop] Zombie Spawned [9] ZmbM_HunterOld_Summer @ <7480.460938, 328.418457, 7812.466797> ... Lifespan:  Set to 120 minutes.
[EOnDrop] Zombie Spawned [10] ZmbM_HunterOld_Autumn @ <7456.433594, 325.855957, 7782.291016> ... Lifespan:  Set to 120 minutes.
[EOnDrop] Spawn failed for zombie [11] 'ZmbM_SurvivorDean_Black', it does not exist in DayZ!
[EOnDrop] Zombie Spawned [12] ZmbF_VillagerOld_Blue @ <7484.428223, 327.355286, 7759.430176> ... Lifespan:  Set to 120 minutes.
[EOnDrop] Zombie Spawned [13] ZmbF_VillagerOld_Green @ <7430.743652, 323.210632, 7782.741211> ... Lifespan:  Set to 120 minutes.
[EOnDrop] Zombie Spawned [14] ZmbM_HunterOld_Winter @ <7482.893066, 328.386566, 7799.396973> ... Lifespan:  Set to 120 minutes.
[EOnDrop] Zombie Spawned [15] ZmbM_HikerSkinny_Yellow @ <7470.927246, 327.868774, 7823.939453> ... Lifespan:  Set to 120 minutes.
[EOnDrop] Zombie Spawned [16] ZmbF_SurvivorNormal_Red @ <7443.107422, 324.127472, 7771.178223> ... Lifespan:  Set to 120 minutes.
[EOnDrop] Zombie Spawned [17] ZmbF_MilkMaidOld_Green @ <7481.652832, 327.122406, 7758.922852> ... Lifespan:  Set to 120 minutes.
[EOnDrop] Zombie Spawned [18] ZmbF_MilkMaidOld_Green @ <7516.615234, 333.016144, 7806.161621> ... Lifespan:  Set to 120 minutes.
[EOnDrop] Zombie Spawned [19] ZmbF_SurvivorNormal_Orange @ <7485.189453, 328.241608, 7784.852051> ... Lifespan:  Set to 120 minutes.
[EOnDrop] Zombie Spawned [20] ZmbF_VillagerOld_Red @ <7434.887207, 324.169708, 7795.437500> ... Lifespan:  Set to 120 minutes.
[EOnDrop] Zombie Spawned [21] ZmbF_VillagerOld_Green @ <7483.446777, 327.612610, 7768.520020> ... Lifespan:  Set to 120 minutes.
[EOnDrop] Zombie Spawned [22] ZmbM_MotobikerFat_Blue @ <7479.200195, 327.921875, 7792.135742> ... Lifespan:  Set to 120 minutes.
[EOnDrop] Spawn failed for zombie [23] 'ZmbM_SurvivorDean_Blue', it does not exist in DayZ!
[EOnDrop] Zombie Spawned [24] ZmbM_HermitSkinny_Green @ <7447.734863, 326.652588, 7836.711914> ... Lifespan:  Set to 120 minutes.
[EOnDrop] Zombie Spawned [25] ZmbM_HikerSkinny_Blue @ <7481.908691, 328.730316, 7820.293457> ... Lifespan:  Set to 120 minutes.
[EOnDrop] Zombie Spawned [26] ZmbF_VillagerOld_Blue @ <7509.078613, 331.682159, 7804.307129> ... Lifespan:  Set to 120 minutes.
[EOnDrop] Zombie Spawned [27] ZmbM_FarmerFat_Blue @ <7437.114746, 323.776794, 7778.500977> ... Lifespan:  Set to 120 minutes.
[EOnDrop] Zombie Spawned [28] ZmbM_MotobikerFat_Beige @ <7494.832520, 329.492981, 7798.417480> ... Lifespan:  Set to 120 minutes.
[EOnDrop] Zombie Spawned [29] ZmbF_SurvivorNormal_Orange @ <7450.038086, 324.652039, 7766.853516> ... Lifespan:  Set to 120 minutes.
[EOnDrop] Zombie Spawned [30] ZmbM_FarmerFat_Blue @ <7462.620117, 327.956451, 7847.619141> ... Lifespan:  Set to 120 minutes.
[EOnDrop] Spawn failed for zombie [31] 'ZmbM_SurvivorDean_Blue', it does not exist in DayZ!
[EOnDrop] Zombie Spawned [32] ZmbM_MotobikerFat_Blue @ <7462.005371, 326.620880, 7793.714355> ... Lifespan:  Set to 120 minutes.
[EOnDrop] Zombie Spawned [33] ZmbF_HikerSkinny_Green @ <7478.949219, 327.453644, 7774.551270> ... Lifespan:  Set to 120 minutes.
[EOnDrop] Zombie Spawned [34] ZmbM_priestPopSkinny @ <7460.940918, 326.154388, 7779.383789> ... Lifespan:  Set to 120 minutes.
[EOnDrop] Zombie Spawned [35] ZmbM_priestPopSkinny @ <7507.538574, 332.917236, 7835.129395> ... Lifespan:  Set to 120 minutes.
[EOnDrop] Drop spawned with 35 infected at <7471.174805, 484.408600, 7801.386719>.
[EOnDrop] Supplies have been dropped near Novy Sobor.
[EOnBeforeDelete] Aircraft despawned @ <3619.606689, 152.000610, -1000.593018>
[~AirdropPlane] Aircraft destroyed.
