[AirdropPlane] Aircraft created on 2021-02-23 @ 18-40-38
[InitializeAircraft] Aircraft Initialized: Skalisty Island @ 13452/3112 (true)
[EOnBeforeDrop] The Aircraft is 1 Km from Skalisty Island. @ <12208.927734, 256.903625, 3949.455078>
[EOnDrop] Spawn failed for zombie [1] 'ZmbM_SurvivorDean_Grey', it does not exist in DayZ!
[EOnDrop] Zombie Spawned [2] ZmbF_MilkMaidOld_Black @ <13376.442383, 51.933884, 3196.524902> ... Lifespan:  Set to 120 minutes.
[EOnDrop] Zombie Spawned [3] ZmbM_HunterOld_Summer @ <13388.079102, 48.364098, 3191.356201> ... Lifespan:  Set to 120 minutes.
[EOnDrop] Zombie Spawned [4] ZmbM_HermitSkinny_Beige @ <13404.139648, 34.663189, 3151.177734> ... Lifespan:  Set to 120 minutes.
[EOnDrop] Zombie Spawned [5] ZmbM_HikerSkinny_Blue @ <13397.708984, 35.711338, 3151.305908> ... Lifespan:  Set to 120 minutes.
[EOnDrop] Zombie Spawned [6] ZmbM_MotobikerFat_Blue @ <13414.877930, 21.395609, 3116.258789> ... Lifespan:  Set to 120 minutes.
[EOnDrop] Zombie Spawned [7] ZmbM_HermitSkinny_Black @ <13407.235352, 34.424690, 3157.604492> ... Lifespan:  Set to 120 minutes.
[EOnDrop] Zombie Spawned [8] ZmbM_HermitSkinny_Green @ <13424.422852, 32.551006, 3152.937256> ... Lifespan:  Set to 120 minutes.
[EOnDrop] Zombie Spawned [9] ZmbM_HunterOld_Summer @ <13393.954102, 36.823116, 3156.128906> ... Lifespan:  Set to 120 minutes.
[EOnDrop] Zombie Spawned [10] ZmbF_HikerSkinny_Red @ <13414.761719, 33.303146, 3150.408203> ... Lifespan:  Set to 120 minutes.
[EOnDrop] Zombie Spawned [11] ZmbM_HermitSkinny_Green @ <13408.526367, 34.497509, 3158.293213> ... Lifespan:  Set to 120 minutes.
[EOnDrop] Zombie Spawned [12] ZmbF_MilkMaidOld_Beige @ <13366.352539, 39.428955, 3149.103760> ... Lifespan:  Set to 120 minutes.
[EOnDrop] Zombie Spawned [13] ZmbF_VillagerOld_Blue @ <13413.332031, 37.382622, 3175.184082> ... Lifespan:  Set to 120 minutes.
[EOnDrop] Zombie Spawned [14] ZmbF_HikerSkinny_Grey @ <13367.231445, 37.292034, 3142.466064> ... Lifespan:  Set to 120 minutes.
[EOnDrop] Zombie Spawned [15] ZmbF_VillagerOld_White @ <13420.122070, 24.026649, 3127.519531> ... Lifespan:  Set to 120 minutes.
[EOnDrop] Zombie Spawned [16] ZmbM_HunterOld_Autumn @ <13355.184570, 36.694714, 3136.235107> ... Lifespan:  Set to 120 minutes.
[EOnDrop] Zombie Spawned [17] ZmbF_VillagerOld_Blue @ <13433.411133, 31.342590, 3151.311768> ... Lifespan:  Set to 120 minutes.
[EOnDrop] Zombie Spawned [18] ZmbM_MotobikerFat_Beige @ <13389.616211, 26.936913, 3118.918457> ... Lifespan:  Set to 120 minutes.
[EOnDrop] Zombie Spawned [19] ZmbF_HikerSkinny_Green @ <13390.378906, 28.123985, 3122.990234> ... Lifespan:  Set to 120 minutes.
[EOnDrop] Zombie Spawned [20] ZmbF_HikerSkinny_Blue @ <13354.320313, 44.764088, 3162.026611> ... Lifespan:  Set to 120 minutes.
[EOnDrop] Zombie Spawned [21] ZmbF_VillagerOld_Red @ <13372.326172, 42.966431, 3162.273682> ... Lifespan:  Set to 120 minutes.
[EOnDrop] Zombie Spawned [22] ZmbM_VillagerOld_Blue @ <13395.968750, 35.072151, 3145.190186> ... Lifespan:  Set to 120 minutes.
[EOnDrop] Zombie Spawned [23] ZmbM_FarmerFat_Blue @ <13401.673828, 35.060661, 3154.075928> ... Lifespan:  Set to 120 minutes.
[EOnDrop] Spawn failed for zombie [24] 'ZmbM_SurvivorDean_Black', it does not exist in DayZ!
[EOnDrop] Zombie Spawned [25] ZmbF_MilkMaidOld_Beige @ <13395.537109, 34.970421, 3144.605469> ... Lifespan:  Set to 120 minutes.
[EOnDrop] Zombie Spawned [26] ZmbF_HikerSkinny_Blue @ <13397.027344, 47.039131, 3192.724609> ... Lifespan:  Set to 120 minutes.
[EOnDrop] Zombie Spawned [27] ZmbF_SurvivorNormal_White @ <13400.956055, 35.246239, 3156.221191> ... Lifespan:  Set to 120 minutes.
[EOnDrop] Zombie Spawned [28] ZmbM_MotobikerFat_Beige @ <13395.204102, 35.324261, 3146.330811> ... Lifespan:  Set to 120 minutes.
[EOnDrop] Zombie Spawned [29] ZmbM_HunterOld_Autumn @ <13381.804688, 35.598320, 3142.783203> ... Lifespan:  Set to 120 minutes.
[EOnDrop] Zombie Spawned [30] ZmbM_MotobikerFat_Black @ <13353.205078, 32.267590, 3121.186768> ... Lifespan:  Set to 120 minutes.
[EOnDrop] Zombie Spawned [31] ZmbM_FarmerFat_Blue @ <13426.887695, 32.352348, 3153.739258> ... Lifespan:  Set to 120 minutes.
[EOnDrop] Zombie Spawned [32] ZmbM_HikerSkinny_Blue @ <13401.224609, 35.823025, 3159.552734> ... Lifespan:  Set to 120 minutes.
[EOnDrop] Zombie Spawned [33] ZmbM_VillagerOld_Blue @ <13375.005859, 33.502003, 3133.004883> ... Lifespan:  Set to 120 minutes.
[EOnDrop] Spawn failed for zombie [34] 'ZmbM_SurvivorDean_Blue', it does not exist in DayZ!
[EOnDrop] Zombie Spawned [35] ZmbM_HermitSkinny_Black @ <13402.576172, 38.151234, 3167.297852> ... Lifespan:  Set to 120 minutes.
[EOnDrop] Drop spawned with 35 infected at <13392.638672, 181.794617, 3151.100586>.
[EOnDrop] Supplies have been dropped near Skalisty Island.
[EOnBeforeDelete] Aircraft despawned @ <16361.513672, 152.000610, 1148.741211>
[~AirdropPlane] Aircraft destroyed.
