[AirdropPlane] Aircraft created on 2021-03-02 @ 19-24-11
[InitializeAircraft] Aircraft Initialized: Northwest Airfield @ 4807/9812 (true)
[EOnBeforeDrop] The Aircraft is 1 Km from Northwest Airfield. @ <4418.554199, 478.352478, 11260.199219>
[EOnDrop] Zombie Spawned [1] ZmbM_PatrolNormal_PautRev @ <4820.406738, 339.645111, 9890.771484> ... Lifespan:  Set to 120 minutes.
[EOnDrop] Zombie Spawned [2] ZmbM_PatrolNormal_Autumn @ <4760.030273, 340.242554, 9914.382813> ... Lifespan:  Set to 120 minutes.
[EOnDrop] Zombie Spawned [3] ZmbM_PatrolNormal_PautRev @ <4748.753906, 340.306549, 9908.459961> ... Lifespan:  Set to 120 minutes.
[EOnDrop] Zombie Spawned [4] ZmbM_PatrolNormal_Flat @ <4790.415039, 339.500000, 9885.544922> ... Lifespan:  Set to 120 minutes.
[EOnDrop] Zombie Spawned [5] ZmbM_PatrolNormal_PautRev @ <4763.072266, 339.525238, 9898.809570> ... Lifespan:  Set to 120 minutes.
[EOnDrop] Zombie Spawned [6] ZmbM_PatrolNormal_Flat @ <4791.357422, 339.500000, 9908.197266> ... Lifespan:  Set to 120 minutes.
[EOnDrop] Zombie Spawned [7] ZmbM_SoldierNormal @ <4761.944336, 339.500000, 9886.535156> ... Lifespan:  Set to 120 minutes.
[EOnDrop] Zombie Spawned [8] ZmbM_PatrolNormal_Flat @ <4773.251953, 339.500000, 9897.257813> ... Lifespan:  Set to 120 minutes.
[EOnDrop] Zombie Spawned [9] ZmbM_PatrolNormal_Autumn @ <4811.555664, 339.500000, 9939.701172> ... Lifespan:  Set to 120 minutes.
[EOnDrop] Zombie Spawned [10] ZmbM_PatrolNormal_Flat @ <4782.110840, 339.500000, 9896.683594> ... Lifespan:  Set to 120 minutes.
[EOnDrop] Zombie Spawned [11] ZmbM_PatrolNormal_PautRev @ <4791.406738, 339.500000, 9904.388672> ... Lifespan:  Set to 120 minutes.
[EOnDrop] Zombie Spawned [12] ZmbM_PatrolNormal_Flat @ <4765.877930, 340.825775, 9927.946289> ... Lifespan:  Set to 120 minutes.
[EOnDrop] Zombie Spawned [13] ZmbM_PatrolNormal_Autumn @ <4819.580078, 339.500000, 9919.923828> ... Lifespan:  Set to 120 minutes.
[EOnDrop] Zombie Spawned [14] ZmbM_PatrolNormal_Summer @ <4797.610352, 339.651794, 9929.526367> ... Lifespan:  Set to 120 minutes.
[EOnDrop] Zombie Spawned [15] ZmbM_PatrolNormal_Summer @ <4811.753418, 339.500000, 9904.133789> ... Lifespan:  Set to 120 minutes.
[EOnDrop] Zombie Spawned [16] ZmbM_PatrolNormal_Flat @ <4789.280273, 339.500000, 9909.040039> ... Lifespan:  Set to 120 minutes.
[EOnDrop] Zombie Spawned [17] ZmbM_SoldierNormal @ <4807.811035, 339.500000, 9899.776367> ... Lifespan:  Set to 120 minutes.
[EOnDrop] Zombie Spawned [18] ZmbM_PatrolNormal_Summer @ <4749.738281, 340.277710, 9908.547852> ... Lifespan:  Set to 120 minutes.
[EOnDrop] Zombie Spawned [19] ZmbM_SoldierNormal @ <4774.399902, 339.500000, 9892.394531> ... Lifespan:  Set to 120 minutes.
[EOnDrop] Zombie Spawned [20] ZmbM_SoldierNormal @ <4800.269531, 340.192902, 9880.197266> ... Lifespan:  Set to 120 minutes.
[EOnDrop] Zombie Spawned [21] ZmbM_SoldierNormal @ <4750.224609, 341.373444, 9930.280273> ... Lifespan:  Set to 120 minutes.
[EOnDrop] Zombie Spawned [22] ZmbM_PatrolNormal_Flat @ <4774.345703, 340.936462, 9936.006836> ... Lifespan:  Set to 120 minutes.
[EOnDrop] Zombie Spawned [23] ZmbM_SoldierNormal @ <4787.457520, 340.655640, 9949.002930> ... Lifespan:  Set to 120 minutes.
[EOnDrop] Zombie Spawned [24] ZmbM_PatrolNormal_Autumn @ <4749.401367, 341.873871, 9938.374023> ... Lifespan:  Set to 120 minutes.
[EOnDrop] Zombie Spawned [25] ZmbM_PatrolNormal_Flat @ <4744.534668, 341.703674, 9933.186523> ... Lifespan:  Set to 120 minutes.
[EOnDrop] Zombie Spawned [26] ZmbM_PatrolNormal_PautRev @ <4829.602539, 339.500000, 9915.380859> ... Lifespan:  Set to 120 minutes.
[EOnDrop] Zombie Spawned [27] ZmbM_PatrolNormal_Summer @ <4773.918945, 339.689758, 9868.220703> ... Lifespan:  Set to 120 minutes.
[EOnDrop] Zombie Spawned [28] ZmbM_PatrolNormal_Flat @ <4768.140625, 339.534424, 9900.962891> ... Lifespan:  Set to 120 minutes.
[EOnDrop] Zombie Spawned [29] ZmbM_PatrolNormal_Autumn @ <4798.900391, 339.866577, 9938.812500> ... Lifespan:  Set to 120 minutes.
[EOnDrop] Zombie Spawned [30] ZmbM_PatrolNormal_Autumn @ <4778.627441, 340.050262, 9872.339844> ... Lifespan:  Set to 120 minutes.
[EOnDrop] Zombie Spawned [31] ZmbM_PatrolNormal_Flat @ <4756.313965, 339.500000, 9876.295898> ... Lifespan:  Set to 120 minutes.
[EOnDrop] Zombie Spawned [32] ZmbM_SoldierNormal @ <4785.607422, 339.500000, 9911.923828> ... Lifespan:  Set to 120 minutes.
[EOnDrop] Zombie Spawned [33] ZmbM_SoldierNormal @ <4767.123047, 339.500000, 9872.095703> ... Lifespan:  Set to 120 minutes.
[EOnDrop] Zombie Spawned [34] ZmbM_PatrolNormal_Flat @ <4743.601563, 339.500000, 9881.992188> ... Lifespan:  Set to 120 minutes.
[EOnDrop] Zombie Spawned [35] ZmbM_PatrolNormal_PautRev @ <4754.143555, 339.509857, 9893.027344> ... Lifespan:  Set to 120 minutes.
[EOnDrop] Zombie Spawned [36] ZmbM_PatrolNormal_PautRev @ <4751.702148, 340.472687, 9912.357422> ... Lifespan:  Set to 120 minutes.
[EOnDrop] Zombie Spawned [37] ZmbM_PatrolNormal_Autumn @ <4778.520020, 339.635315, 9919.058594> ... Lifespan:  Set to 120 minutes.
[EOnDrop] Zombie Spawned [38] ZmbM_PatrolNormal_Flat @ <4750.803711, 339.500000, 9888.454102> ... Lifespan:  Set to 120 minutes.
[EOnDrop] Zombie Spawned [39] ZmbM_PatrolNormal_Flat @ <4793.108398, 341.115723, 9870.116211> ... Lifespan:  Set to 120 minutes.
[EOnDrop] Zombie Spawned [40] ZmbM_PatrolNormal_Flat @ <4796.620117, 340.234009, 9880.000000> ... Lifespan:  Set to 120 minutes.
[EOnDrop] Zombie Spawned [41] ZmbM_SoldierNormal @ <4765.141602, 340.771729, 9927.069336> ... Lifespan:  Set to 120 minutes.
[EOnDrop] Zombie Spawned [42] ZmbM_PatrolNormal_Summer @ <4806.252441, 339.520752, 9930.403320> ... Lifespan:  Set to 120 minutes.
[EOnDrop] Zombie Spawned [43] ZmbM_PatrolNormal_Autumn @ <4819.261719, 339.500000, 9892.798828> ... Lifespan:  Set to 120 minutes.
[EOnDrop] Zombie Spawned [44] ZmbM_SoldierNormal @ <4759.856445, 340.867462, 9926.196289> ... Lifespan:  Set to 120 minutes.
[EOnDrop] Zombie Spawned [45] ZmbM_SoldierNormal @ <4820.784180, 340.430450, 9878.720703> ... Lifespan:  Set to 120 minutes.
[EOnDrop] Zombie Spawned [46] ZmbM_PatrolNormal_Flat @ <4773.152344, 339.500000, 9885.425781> ... Lifespan:  Set to 120 minutes.
[EOnDrop] Zombie Spawned [47] ZmbM_PatrolNormal_PautRev @ <4761.408203, 339.514587, 9893.603516> ... Lifespan:  Set to 120 minutes.
[EOnDrop] Zombie Spawned [48] ZmbM_PatrolNormal_Autumn @ <4773.500977, 339.506256, 9901.560547> ... Lifespan:  Set to 120 minutes.
[EOnDrop] Zombie Spawned [49] ZmbM_PatrolNormal_Flat @ <4783.535156, 339.504089, 9915.122070> ... Lifespan:  Set to 120 minutes.
[EOnDrop] Zombie Spawned [50] ZmbM_PatrolNormal_PautRev @ <4766.690430, 339.992798, 9916.803711> ... Lifespan:  Set to 120 minutes.
[EOnDrop] Zombie Spawned [51] ZmbM_PatrolNormal_Flat @ <4802.387695, 339.997223, 9881.634766> ... Lifespan:  Set to 120 minutes.
[EOnDrop] Zombie Spawned [52] ZmbM_PatrolNormal_Flat @ <4806.461914, 340.342896, 9879.481445> ... Lifespan:  Set to 120 minutes.
[EOnDrop] Zombie Spawned [53] ZmbM_PatrolNormal_Autumn @ <4738.741699, 341.038330, 9911.567383> ... Lifespan:  Set to 120 minutes.
[EOnDrop] Zombie Spawned [54] ZmbM_PatrolNormal_Autumn @ <4779.213867, 339.500000, 9898.569336> ... Lifespan:  Set to 120 minutes.
[EOnDrop] Zombie Spawned [55] ZmbM_PatrolNormal_PautRev @ <4803.312500, 339.582001, 9931.817383> ... Lifespan:  Set to 120 minutes.
[EOnDrop] Zombie Spawned [56] ZmbM_SoldierNormal @ <4777.820313, 339.500000, 9911.505859> ... Lifespan:  Set to 120 minutes.
[EOnDrop] Zombie Spawned [57] ZmbM_PatrolNormal_Flat @ <4762.133301, 340.792755, 9925.604492> ... Lifespan:  Set to 120 minutes.
[EOnDrop] Zombie Spawned [58] ZmbM_SoldierNormal @ <4805.255371, 339.500000, 9896.083008> ... Lifespan:  Set to 120 minutes.
[EOnDrop] Zombie Spawned [59] ZmbM_PatrolNormal_Autumn @ <4762.944824, 339.500000, 9891.377930> ... Lifespan:  Set to 120 minutes.
[EOnDrop] Zombie Spawned [60] ZmbM_PatrolNormal_Flat @ <4778.516113, 339.571838, 9917.154297> ... Lifespan:  Set to 120 minutes.
[EOnDrop] Drop spawned with 60 infected at <4781.699219, 481.793365, 9905.593750>.
[EOnDrop] Supplies have been dropped near Northwest Airfield.
[EOnBeforeDelete] Aircraft despawned @ <7705.341309, 152.000610, -1000.328186>
[~AirdropPlane] Aircraft destroyed.
