[AirdropPlane] Aircraft created on 2021-04-03 @ 06-03-35
[InitializeAircraft] Aircraft Initialized: Myshkino @ 2036/7491 (true)
[EOnBeforeDrop] The Aircraft is 1 Km from Myshkino. @ <1536.438354, 447.941559, 8903.583984>
[EOnDrop] Zombie Spawned [1] ZmbF_HikerSkinny_Blue @ <2030.233032, 299.547699, 7572.850586> ... Lifespan:  Set to 120 minutes.
[EOnDrop] Zombie Spawned [2] ZmbF_HikerSkinny_Grey @ <1993.481323, 291.027374, 7574.861816> ... Lifespan:  Set to 120 minutes.
[EOnDrop] Zombie Spawned [3] ZmbM_HermitSkinny_Black @ <1997.309937, 287.382813, 7554.034180> ... Lifespan:  Set to 120 minutes.
[EOnDrop] Zombie Spawned [4] ZmbM_priestPopSkinny @ <2028.828979, 300.922760, 7587.649902> ... Lifespan:  Set to 120 minutes.
[EOnDrop] Zombie Spawned [5] ZmbM_HunterOld_Spring @ <1961.372070, 282.489685, 7567.325684> ... Lifespan:  Set to 120 minutes.
[EOnDrop] Zombie Spawned [6] ZmbF_VillagerOld_Green @ <2044.780151, 296.498199, 7538.195801> ... Lifespan:  Set to 120 minutes.
[EOnDrop] Zombie Spawned [7] ZmbM_HikerSkinny_Blue @ <2005.634033, 291.264862, 7560.083496> ... Lifespan:  Set to 120 minutes.
[EOnDrop] Zombie Spawned [8] ZmbF_SurvivorNormal_Orange @ <1991.566895, 289.790649, 7571.860840> ... Lifespan:  Set to 120 minutes.
[EOnDrop] Zombie Spawned [9] ZmbM_HermitSkinny_Red @ <1987.113403, 293.806976, 7606.786133> ... Lifespan:  Set to 120 minutes.
[EOnDrop] Zombie Spawned [10] ZmbF_HikerSkinny_Red @ <2005.898804, 297.158386, 7598.579590> ... Lifespan:  Set to 120 minutes.
[EOnDrop] Zombie Spawned [11] ZmbF_HikerSkinny_Green @ <1991.664063, 290.064941, 7572.946289> ... Lifespan:  Set to 120 minutes.
[EOnDrop] Zombie Spawned [12] ZmbM_HunterOld_Spring @ <2003.090088, 296.710815, 7600.885254> ... Lifespan:  Set to 120 minutes.
[EOnDrop] Zombie Spawned [13] ZmbF_SurvivorNormal_Blue @ <2010.134766, 297.626129, 7592.750977> ... Lifespan:  Set to 120 minutes.
[EOnDrop] Zombie Spawned [14] ZmbM_FarmerFat_Green @ <2042.841553, 299.238495, 7556.233887> ... Lifespan:  Set to 120 minutes.
[EOnDrop] Zombie Spawned [15] ZmbM_FarmerFat_Beige @ <2032.669189, 302.008942, 7591.841797> ... Lifespan:  Set to 120 minutes.
[EOnDrop] Zombie Spawned [16] ZmbM_MotobikerFat_Beige @ <2005.185547, 294.429382, 7574.977539> ... Lifespan:  Set to 120 minutes.
[EOnDrop] Zombie Spawned [17] ZmbM_MotobikerFat_Blue @ <2021.075562, 299.419403, 7587.272461> ... Lifespan:  Set to 120 minutes.
[EOnDrop] Zombie Spawned [18] ZmbF_MilkMaidOld_Grey @ <2029.384521, 299.458130, 7573.277344> ... Lifespan:  Set to 120 minutes.
[EOnDrop] Zombie Spawned [19] ZmbF_HikerSkinny_Grey @ <1966.284302, 280.941528, 7544.829590> ... Lifespan:  Set to 120 minutes.
[EOnDrop] Zombie Spawned [20] ZmbF_VillagerOld_Green @ <2006.991455, 290.677307, 7555.953613> ... Lifespan:  Set to 120 minutes.
[EOnDrop] Zombie Spawned [21] ZmbF_VillagerOld_Red @ <1997.087158, 295.399750, 7599.395020> ... Lifespan:  Set to 120 minutes.
[EOnDrop] Zombie Spawned [22] ZmbF_VillagerOld_Green @ <1973.767456, 287.464081, 7585.197266> ... Lifespan:  Set to 120 minutes.
[EOnDrop] Zombie Spawned [23] ZmbF_MilkMaidOld_Black @ <2002.447510, 288.016571, 7550.413574> ... Lifespan:  Set to 120 minutes.
[EOnDrop] Spawn failed for zombie [24] 'ZmbM_SurvivorDean_Blue', it does not exist in DayZ!
[EOnDrop] Zombie Spawned [25] ZmbM_HermitSkinny_Black @ <2014.100708, 291.315735, 7548.861816> ... Lifespan:  Set to 120 minutes.
[EOnDrop] Zombie Spawned [26] ZmbF_HikerSkinny_Red @ <2000.120728, 291.296448, 7567.279297> ... Lifespan:  Set to 120 minutes.
[EOnDrop] Spawn failed for zombie [27] 'ZmbM_SurvivorDean_Blue', it does not exist in DayZ!
[EOnDrop] Zombie Spawned [28] ZmbF_VillagerOld_Green @ <2003.180298, 289.943817, 7557.882813> ... Lifespan:  Set to 120 minutes.
[EOnDrop] Zombie Spawned [29] ZmbM_HikerSkinny_Green @ <1981.431274, 284.652710, 7556.479492> ... Lifespan:  Set to 120 minutes.
[EOnDrop] Spawn failed for zombie [30] 'ZmbM_SurvivorDean_Grey', it does not exist in DayZ!
[EOnDrop] Zombie Spawned [31] ZmbM_MotobikerFat_Blue @ <1996.427490, 289.615662, 7564.915039> ... Lifespan:  Set to 120 minutes.
[EOnDrop] Zombie Spawned [32] ZmbM_HunterOld_Summer @ <1991.895142, 295.297882, 7612.939453> ... Lifespan:  Set to 120 minutes.
[EOnDrop] Zombie Spawned [33] ZmbM_FarmerFat_Green @ <2031.547729, 296.767426, 7553.168457> ... Lifespan:  Set to 120 minutes.
[EOnDrop] Zombie Spawned [34] ZmbF_MilkMaidOld_Black @ <2013.751099, 295.939087, 7570.599121> ... Lifespan:  Set to 120 minutes.
[EOnDrop] Zombie Spawned [35] ZmbF_MilkMaidOld_Black @ <1979.945801, 281.467621, 7529.212891> ... Lifespan:  Set to 120 minutes.
[EOnDrop] Drop spawned with 35 infected at <2007.448120, 439.504974, 7570.177734>.
[EOnDrop] Supplies have been dropped near Myshkino.
[EOnBeforeDelete] Aircraft despawned @ <5035.276367, 152.000610, -1000.716064>
[~AirdropPlane] Aircraft destroyed.
