[AirdropPlane] Aircraft created on 2021-03-18 @ 14-05-45
[InitializeAircraft] Aircraft Initialized: Novodmitrovsk @ 11125/14040 (true)
[EOnBeforeDrop] The Aircraft is 1 Km from Novodmitrovsk. @ <12261.876953, 274.264923, 15017.914063>
[EOnDrop] Zombie Spawned [1] ZmbM_JoggerSkinny_Blue @ <11202.356445, 77.832710, 14119.185547> ... Lifespan:  Set to 120 minutes.
[EOnDrop] Zombie Spawned [2] ZmbM_ClerkFat_Khaki @ <11231.881836, 84.914063, 14079.186523> ... Lifespan:  Set to 120 minutes.
[EOnDrop] Zombie Spawned [3] ZmbF_JournalistNormal_Red @ <11186.855469, 86.957489, 14061.882813> ... Lifespan:  Set to 120 minutes.
[EOnDrop] Zombie Spawned [4] ZmbF_SkaterYoung_Brown @ <11207.141602, 81.335289, 14101.688477> ... Lifespan:  Set to 120 minutes.
[EOnDrop] Zombie Spawned [5] ZmbM_ClerkFat_Brown @ <11150.605469, 82.440887, 14074.212891> ... Lifespan:  Set to 120 minutes.
[EOnDrop] Zombie Spawned [6] ZmbM_DoctorFat @ <11205.035156, 86.741348, 14067.697266> ... Lifespan:  Set to 120 minutes.
[EOnDrop] Zombie Spawned [7] ZmbM_SkaterYoung_Brown @ <11186.320313, 82.623070, 14088.240234> ... Lifespan:  Set to 120 minutes.
[EOnDrop] Zombie Spawned [8] ZmbF_ParamedicNormal_Blue @ <11192.437500, 83.036758, 14087.686523> ... Lifespan:  Set to 120 minutes.
[EOnDrop] Zombie Spawned [9] ZmbF_ShortSkirt_black @ <11184.687500, 82.788994, 14086.632813> ... Lifespan:  Set to 120 minutes.
[EOnDrop] Zombie Spawned [10] ZmbF_PatientOld @ <11170.683594, 76.376366, 14115.238281> ... Lifespan:  Set to 120 minutes.
[EOnDrop] Zombie Spawned [11] ZmbF_JoggerSkinny_Green @ <11191.240234, 82.657143, 14089.935547> ... Lifespan:  Set to 120 minutes.
[EOnDrop] Zombie Spawned [12] ZmbF_JournalistNormal_White @ <11184.016602, 78.717010, 14110.552734> ... Lifespan:  Set to 120 minutes.
[EOnDrop] Zombie Spawned [13] ZmbF_ShortSkirt_green @ <11177.100586, 79.977295, 14100.547852> ... Lifespan:  Set to 120 minutes.
[EOnDrop] Zombie Spawned [14] ZmbF_ShortSkirt_beige @ <11176.454102, 87.909920, 14054.345703> ... Lifespan:  Set to 120 minutes.
[EOnDrop] Zombie Spawned [15] ZmbF_ShortSkirt_stripes @ <11191.263672, 85.131531, 14073.745117> ... Lifespan:  Set to 120 minutes.
[EOnDrop] Zombie Spawned [16] ZmbF_JoggerSkinny_Red @ <11191.953125, 80.426323, 14103.721680> ... Lifespan:  Set to 120 minutes.
[EOnDrop] Zombie Spawned [17] ZmbF_Clerk_Normal_Red @ <11199.443359, 81.147308, 14101.536133> ... Lifespan:  Set to 120 minutes.
[EOnDrop] Zombie Spawned [18] ZmbF_SkaterYoung_Violet @ <11204.824219, 77.062607, 14123.596680> ... Lifespan:  Set to 120 minutes.
[EOnDrop] Zombie Spawned [19] ZmbF_ShortSkirt_green @ <11220.403320, 88.816910, 14056.536133> ... Lifespan:  Set to 120 minutes.
[EOnDrop] Zombie Spawned [20] ZmbM_CommercialPilotOld_Grey @ <11199.061523, 90.537979, 14047.578125> ... Lifespan:  Set to 120 minutes.
[EOnDrop] Zombie Spawned [21] ZmbM_PatrolNormal_Autumn @ <11152.660156, 75.030708, 14112.196289> ... Lifespan:  Set to 120 minutes.
[EOnDrop] Zombie Spawned [22] ZmbM_PatrolNormal_Flat @ <11161.250000, 81.625519, 14082.667969> ... Lifespan:  Set to 120 minutes.
[EOnDrop] Zombie Spawned [23] ZmbF_ShortSkirt_stripes @ <11206.584961, 79.479927, 14111.205078> ... Lifespan:  Set to 120 minutes.
[EOnDrop] Zombie Spawned [24] ZmbF_ShortSkirt_grey @ <11185.349609, 79.769310, 14105.286133> ... Lifespan:  Set to 120 minutes.
[EOnDrop] Zombie Spawned [25] ZmbM_CitizenASkinny_Red @ <11210.076172, 87.545837, 14063.522461> ... Lifespan:  Set to 120 minutes.
[EOnDrop] Zombie Spawned [26] ZmbM_SkaterYoung_Grey @ <11233.227539, 82.849930, 14092.152344> ... Lifespan:  Set to 120 minutes.
[EOnDrop] Zombie Spawned [27] ZmbF_DoctorSkinny @ <11161.286133, 86.552094, 14059.075195> ... Lifespan:  Set to 120 minutes.
[EOnDrop] Zombie Spawned [28] ZmbF_JournalistNormal_Blue @ <11178.658203, 75.508324, 14125.123047> ... Lifespan:  Set to 120 minutes.
[EOnDrop] Zombie Spawned [29] ZmbM_JoggerSkinny_Blue @ <11168.666992, 72.753204, 14130.463867> ... Lifespan:  Set to 120 minutes.
[EOnDrop] Zombie Spawned [30] ZmbM_PatrolNormal_Autumn @ <11182.401367, 81.131004, 14096.225586> ... Lifespan:  Set to 120 minutes.
[EOnDrop] Zombie Spawned [31] ZmbF_Clerk_Normal_Red @ <11161.742188, 72.974525, 14126.831055> ... Lifespan:  Set to 120 minutes.
[EOnDrop] Zombie Spawned [32] ZmbF_ShortSkirt_yellow @ <11180.366211, 86.955910, 14059.921875> ... Lifespan:  Set to 120 minutes.
[EOnDrop] Zombie Spawned [33] ZmbF_ShortSkirt_grey @ <11195.916016, 85.257835, 14074.374023> ... Lifespan:  Set to 120 minutes.
[EOnDrop] Zombie Spawned [34] ZmbM_SkaterYoung_Blue @ <11188.898438, 78.434586, 14113.577148> ... Lifespan:  Set to 120 minutes.
[EOnDrop] Zombie Spawned [35] ZmbF_ShortSkirt_grey @ <11137.308594, 77.162781, 14092.215820> ... Lifespan:  Set to 120 minutes.
[EOnDrop] Zombie Spawned [36] ZmbM_ClerkFat_Brown @ <11188.822266, 79.882416, 14105.815430> ... Lifespan:  Set to 120 minutes.
[EOnDrop] Zombie Spawned [37] ZmbF_JoggerSkinny_Red @ <11219.307617, 80.273758, 14107.539063> ... Lifespan:  Set to 120 minutes.
[EOnDrop] Zombie Spawned [38] ZmbM_Jacket_khaki @ <11200.891602, 82.311394, 14094.893555> ... Lifespan:  Set to 120 minutes.
[EOnDrop] Zombie Spawned [39] ZmbF_JoggerSkinny_Red @ <11150.930664, 73.182220, 14119.280273> ... Lifespan:  Set to 120 minutes.
[EOnDrop] Zombie Spawned [40] ZmbM_PatrolNormal_Summer @ <11217.683594, 87.485718, 14064.458984> ... Lifespan:  Set to 120 minutes.
[EOnDrop] Zombie Spawned [41] ZmbF_DoctorSkinny @ <11192.893555, 81.575195, 14097.362305> ... Lifespan:  Set to 120 minutes.
[EOnDrop] Zombie Spawned [42] ZmbF_ShortSkirt_black @ <11220.459961, 81.285255, 14102.326172> ... Lifespan:  Set to 120 minutes.
[EOnDrop] Zombie Spawned [43] ZmbM_CitizenASkinny_Red @ <11194.085938, 82.437012, 14092.460938> ... Lifespan:  Set to 120 minutes.
[EOnDrop] Zombie Spawned [44] ZmbF_ShortSkirt_checks @ <11192.045898, 83.646332, 14083.444336> ... Lifespan:  Set to 120 minutes.
[EOnDrop] Zombie Spawned [45] ZmbM_Jacket_greenchecks @ <11221.886719, 87.504822, 14064.343750> ... Lifespan:  Set to 120 minutes.
[EOnDrop] Zombie Spawned [46] ZmbM_SkaterYoung_Grey @ <11221.016602, 84.564789, 14082.060547> ... Lifespan:  Set to 120 minutes.
[EOnDrop] Zombie Spawned [47] ZmbM_Jacket_stripes @ <11167.702148, 79.226395, 14099.895508> ... Lifespan:  Set to 120 minutes.
[EOnDrop] Zombie Spawned [48] ZmbM_ClerkFat_White @ <11208.633789, 86.171432, 14071.606445> ... Lifespan:  Set to 120 minutes.
[EOnDrop] Zombie Spawned [49] ZmbM_Jacket_brown @ <11231.405273, 80.498802, 14105.107422> ... Lifespan:  Set to 120 minutes.
[EOnDrop] Zombie Spawned [50] ZmbF_Clerk_Normal_Green @ <11173.741211, 78.554993, 14107.143555> ... Lifespan:  Set to 120 minutes.
[EOnDrop] Zombie Spawned [51] ZmbM_CitizenASkinny_Blue @ <11220.826172, 86.660553, 14069.585938> ... Lifespan:  Set to 120 minutes.
[EOnDrop] Zombie Spawned [52] ZmbF_JournalistNormal_Red @ <11212.876953, 77.692093, 14120.485352> ... Lifespan:  Set to 120 minutes.
[EOnDrop] Spawn failed for zombie [53] 'ZmbM_JacketNormal_greenchecks', it does not exist in DayZ!
[EOnDrop] Zombie Spawned [54] ZmbM_Jacket_brown @ <11169.797852, 84.677414, 14069.200195> ... Lifespan:  Set to 120 minutes.
[EOnDrop] Zombie Spawned [55] ZmbF_Clerk_Normal_Blue @ <11228.184570, 86.723785, 14068.785156> ... Lifespan:  Set to 120 minutes.
[EOnDrop] Zombie Spawned [56] ZmbF_SkaterYoung_Brown @ <11195.809570, 76.623085, 14124.800781> ... Lifespan:  Set to 120 minutes.
[EOnDrop] Zombie Spawned [57] ZmbF_NurseFat @ <11166.682617, 80.794800, 14090.195313> ... Lifespan:  Set to 120 minutes.
[EOnDrop] Zombie Spawned [58] ZmbF_ShortSkirt_green @ <11173.893555, 72.571945, 14139.415039> ... Lifespan:  Set to 120 minutes.
[EOnDrop] Zombie Spawned [59] ZmbF_JournalistNormal_Red @ <11208.889648, 82.712982, 14093.728516> ... Lifespan:  Set to 120 minutes.
[EOnDrop] Zombie Spawned [60] ZmbM_JoggerSkinny_Green @ <11140.888672, 78.818565, 14086.216797> ... Lifespan:  Set to 120 minutes.
[EOnDrop] Zombie Spawned [61] ZmbF_ShortSkirt_beige @ <11192.185547, 83.782349, 14082.582031> ... Lifespan:  Set to 120 minutes.
[EOnDrop] Zombie Spawned [62] ZmbF_Clerk_Normal_White @ <11154.416016, 71.905197, 14126.992188> ... Lifespan:  Set to 120 minutes.
[EOnDrop] Zombie Spawned [63] ZmbF_CitizenBSkinny @ <11222.237305, 81.724792, 14099.906250> ... Lifespan:  Set to 120 minutes.
[EOnDrop] Zombie Spawned [64] ZmbM_CitizenBFat_Blue @ <11175.480469, 87.836197, 14054.433594> ... Lifespan:  Set to 120 minutes.
[EOnDrop] Zombie Spawned [65] ZmbF_ShortSkirt_red @ <11142.145508, 80.498917, 14079.148438> ... Lifespan:  Set to 120 minutes.
[EOnDrop] Zombie Spawned [66] ZmbM_CitizenASkinny_Blue @ <11204.085938, 83.334167, 14088.733398> ... Lifespan:  Set to 120 minutes.
[EOnDrop] Zombie Spawned [67] ZmbF_PatientOld @ <11199.865234, 75.382973, 14132.688477> ... Lifespan:  Set to 120 minutes.
[EOnDrop] Zombie Spawned [68] ZmbM_JoggerSkinny_Red @ <11220.167969, 86.393463, 14071.182617> ... Lifespan:  Set to 120 minutes.
[EOnDrop] Zombie Spawned [69] ZmbF_PoliceWomanNormal @ <11185.136719, 76.915138, 14120.540039> ... Lifespan:  Set to 120 minutes.
[EOnDrop] Zombie Spawned [70] ZmbM_CitizenASkinny_Brown @ <11229.309570, 77.788170, 14118.305664> ... Lifespan:  Set to 120 minutes.
[EOnDrop] Zombie Spawned [71] ZmbM_CitizenASkinny_Blue @ <11177.787109, 86.900673, 14059.399414> ... Lifespan:  Set to 120 minutes.
[EOnDrop] Zombie Spawned [72] ZmbM_Jacket_blue @ <11203.833008, 89.275040, 14052.646484> ... Lifespan:  Set to 120 minutes.
[EOnDrop] Zombie Spawned [73] ZmbM_PatrolNormal_Summer @ <11192.536133, 81.743607, 14096.228516> ... Lifespan:  Set to 120 minutes.
[EOnDrop] Zombie Spawned [74] ZmbF_CitizenANormal_Blue @ <11211.005859, 86.967003, 14067.203125> ... Lifespan:  Set to 120 minutes.
[EOnDrop] Zombie Spawned [75] ZmbF_ParamedicNormal_Red @ <11218.176758, 87.632561, 14063.577148> ... Lifespan:  Set to 120 minutes.
[EOnDrop] Zombie Spawned [76] ZmbM_PrisonerSkinny @ <11187.266602, 83.221680, 14084.701172> ... Lifespan:  Set to 120 minutes.
[EOnDrop] Zombie Spawned [77] ZmbF_PoliceWomanNormal @ <11194.275391, 87.902458, 14058.366211> ... Lifespan:  Set to 120 minutes.
[EOnDrop] Zombie Spawned [78] ZmbM_PrisonerSkinny @ <11172.187500, 83.814690, 14074.564453> ... Lifespan:  Set to 120 minutes.
[EOnDrop] Zombie Spawned [79] ZmbM_CommercialPilotOld_Blue @ <11184.889648, 79.325523, 14107.594727> ... Lifespan:  Set to 120 minutes.
[EOnDrop] Zombie Spawned [80] ZmbF_SkaterYoung_Violet @ <11193.161133, 83.367157, 14085.631836> ... Lifespan:  Set to 120 minutes.
[EOnDrop] Zombie Spawned [81] ZmbM_DoctorFat @ <11199.038086, 82.443748, 14093.740234> ... Lifespan:  Set to 120 minutes.
[EOnDrop] Zombie Spawned [82] ZmbF_Clerk_Normal_White @ <11198.908203, 81.295471, 14100.644531> ... Lifespan:  Set to 120 minutes.
[EOnDrop] Zombie Spawned [83] ZmbM_CommercialPilotOld_Blue @ <11196.412109, 86.162918, 14069.282227> ... Lifespan:  Set to 120 minutes.
[EOnDrop] Zombie Spawned [84] ZmbF_CitizenBSkinny @ <11221.178711, 75.956078, 14127.280273> ... Lifespan:  Set to 120 minutes.
[EOnDrop] Zombie Spawned [85] ZmbM_CommercialPilotOld_Grey @ <11184.103516, 77.747513, 14115.736328> ... Lifespan:  Set to 120 minutes.
[EOnDrop] Zombie Spawned [86] ZmbM_CitizenASkinny_Brown @ <11171.682617, 74.180168, 14125.690430> ... Lifespan:  Set to 120 minutes.
[EOnDrop] Zombie Spawned [87] ZmbM_PatrolNormal_PautRev @ <11227.397461, 85.894600, 14073.784180> ... Lifespan:  Set to 120 minutes.
[EOnDrop] Zombie Spawned [88] ZmbM_PolicemanFat @ <11161.077148, 82.411629, 14078.089844> ... Lifespan:  Set to 120 minutes.
[EOnDrop] Zombie Spawned [89] ZmbF_ShortSkirt_stripes @ <11191.398438, 80.704163, 14102.026367> ... Lifespan:  Set to 120 minutes.
[EOnDrop] Zombie Spawned [90] ZmbF_ShortSkirt_grey @ <11219.970703, 79.945648, 14109.149414> ... Lifespan:  Set to 120 minutes.
[EOnDrop] Zombie Spawned [91] ZmbM_JoggerSkinny_Blue @ <11164.032227, 87.587944, 14054.719727> ... Lifespan:  Set to 120 minutes.
[EOnDrop] Zombie Spawned [92] ZmbM_ClerkFat_White @ <11167.647461, 78.921417, 14101.605469> ... Lifespan:  Set to 120 minutes.
[EOnDrop] Zombie Spawned [93] ZmbM_Jacket_greenchecks @ <11158.067383, 78.798813, 14096.190430> ... Lifespan:  Set to 120 minutes.
[EOnDrop] Zombie Spawned [94] ZmbM_CitizenBFat_Blue @ <11187.459961, 82.777641, 14087.635742> ... Lifespan:  Set to 120 minutes.
[EOnDrop] Zombie Spawned [95] ZmbF_Clerk_Normal_Green @ <11198.774414, 87.236107, 14063.437500> ... Lifespan:  Set to 120 minutes.
[EOnDrop] Zombie Spawned [96] ZmbM_PrisonerSkinny @ <11219.957031, 75.121178, 14130.654297> ... Lifespan:  Set to 120 minutes.
[EOnDrop] Zombie Spawned [97] ZmbF_JournalistNormal_Green @ <11173.639648, 72.735428, 14138.543945> ... Lifespan:  Set to 120 minutes.
[EOnDrop] Zombie Spawned [98] ZmbF_JoggerSkinny_Brown @ <11172.773438, 87.973419, 14053.511719> ... Lifespan:  Set to 120 minutes.
[EOnDrop] Zombie Spawned [99] ZmbM_ClerkFat_Grey @ <11219.294922, 82.105331, 14097.906250> ... Lifespan:  Set to 120 minutes.
[EOnDrop] Zombie Spawned [100] ZmbM_Jacket_beige @ <11140.969727, 80.122169, 14080.292969> ... Lifespan:  Set to 120 minutes.
[EOnDrop] Zombie Spawned [101] ZmbF_NurseFat @ <11201.095703, 80.379631, 14105.934570> ... Lifespan:  Set to 120 minutes.
[EOnDrop] Zombie Spawned [102] ZmbF_JournalistNormal_White @ <11209.305664, 80.604591, 14105.715820> ... Lifespan:  Set to 120 minutes.
[EOnDrop] Zombie Spawned [103] ZmbM_ParamedicNormal_Red @ <11212.866211, 84.085411, 14084.733398> ... Lifespan:  Set to 120 minutes.
[EOnDrop] Zombie Spawned [104] ZmbM_SkaterYoung_Blue @ <11193.625000, 81.841606, 14095.958008> ... Lifespan:  Set to 120 minutes.
[EOnDrop] Zombie Spawned [105] ZmbF_PatientOld @ <11236.092773, 81.840263, 14097.097656> ... Lifespan:  Set to 120 minutes.
[EOnDrop] Zombie Spawned [106] ZmbF_SkaterYoung_Violet @ <11189.123047, 71.414848, 14142.594727> ... Lifespan:  Set to 120 minutes.
[EOnDrop] Zombie Spawned [107] ZmbM_Jacket_stripes @ <11169.485352, 76.553223, 14113.250977> ... Lifespan:  Set to 120 minutes.
[EOnDrop] Zombie Spawned [108] ZmbF_Clerk_Normal_Green @ <11182.278320, 83.890121, 14078.223633> ... Lifespan:  Set to 120 minutes.
[EOnDrop] Zombie Spawned [109] ZmbM_PatrolNormal_Summer @ <11185.791016, 84.161583, 14077.696289> ... Lifespan:  Set to 120 minutes.
[EOnDrop] Zombie Spawned [110] ZmbM_CitizenASkinny_Blue @ <11179.106445, 88.616348, 14052.385742> ... Lifespan:  Set to 120 minutes.
[EOnDrop] Zombie Spawned [111] ZmbF_JournalistNormal_Red @ <11185.582031, 80.870399, 14099.029297> ... Lifespan:  Set to 120 minutes.
[EOnDrop] Zombie Spawned [112] ZmbF_Clerk_Normal_White @ <11183.353516, 80.208084, 14102.046875> ... Lifespan:  Set to 120 minutes.
[EOnDrop] Zombie Spawned [113] ZmbM_SkaterYoung_Green @ <11216.175781, 88.552483, 14057.987305> ... Lifespan:  Set to 120 minutes.
[EOnDrop] Zombie Spawned [114] ZmbM_PatrolNormal_Summer @ <11169.936523, 78.150436, 14107.284180> ... Lifespan:  Set to 120 minutes.
[EOnDrop] Zombie Spawned [115] ZmbF_SkaterYoung_Striped @ <11211.135742, 80.318527, 14107.310547> ... Lifespan:  Set to 120 minutes.
[EOnDrop] Zombie Spawned [116] ZmbF_PoliceWomanNormal @ <11162.283203, 82.106453, 14080.380859> ... Lifespan:  Set to 120 minutes.
[EOnDrop] Zombie Spawned [117] ZmbM_Jacket_greenchecks @ <11192.011719, 83.126335, 14086.941406> ... Lifespan:  Set to 120 minutes.
[EOnDrop] Zombie Spawned [118] ZmbM_Jacket_bluechecks @ <11156.329102, 82.573586, 14075.549805> ... Lifespan:  Set to 120 minutes.
[EOnDrop] Zombie Spawned [119] ZmbF_JournalistNormal_Blue @ <11160.378906, 86.748001, 14058.214844> ... Lifespan:  Set to 120 minutes.
[EOnDrop] Zombie Spawned [120] ZmbF_Clerk_Normal_White @ <11186.065430, 78.759560, 14110.980469> ... Lifespan:  Set to 120 minutes.
[EOnDrop] Zombie Spawned [121] ZmbM_ParamedicNormal_Blue @ <11179.237305, 75.566521, 14125.262695> ... Lifespan:  Set to 120 minutes.
[EOnDrop] Zombie Spawned [122] ZmbM_PatrolNormal_Autumn @ <11192.687500, 71.748917, 14141.835938> ... Lifespan:  Set to 120 minutes.
[EOnDrop] Zombie Spawned [123] ZmbM_Jacket_grey @ <11176.929688, 80.892235, 14094.987305> ... Lifespan:  Set to 120 minutes.
[EOnDrop] Zombie Spawned [124] ZmbF_ShortSkirt_stripes @ <11191.777344, 75.048248, 14133.350586> ... Lifespan:  Set to 120 minutes.
[EOnDrop] Zombie Spawned [125] ZmbM_Jacket_greenchecks @ <11216.806641, 88.106186, 14060.668945> ... Lifespan:  Set to 120 minutes.
[EOnDrop] Zombie Spawned [126] ZmbF_Clerk_Normal_Blue @ <11208.919922, 83.512161, 14088.227539> ... Lifespan:  Set to 120 minutes.
[EOnDrop] Zombie Spawned [127] ZmbF_Clerk_Normal_Blue @ <11189.029297, 83.029533, 14086.579102> ... Lifespan:  Set to 120 minutes.
[EOnDrop] Zombie Spawned [128] ZmbF_SkaterYoung_Brown @ <11171.794922, 85.057404, 14067.639648> ... Lifespan:  Set to 120 minutes.
[EOnDrop] Zombie Spawned [129] ZmbM_CitizenASkinny_Red @ <11175.252930, 83.262268, 14079.430664> ... Lifespan:  Set to 120 minutes.
[EOnDrop] Zombie Spawned [130] ZmbF_ShortSkirt_black @ <11184.847656, 76.437538, 14123.062500> ... Lifespan:  Set to 120 minutes.
[EOnDrop] Zombie Spawned [131] ZmbM_SkaterYoung_Brown @ <11185.022461, 90.124344, 14048.326172> ... Lifespan:  Set to 120 minutes.
[EOnDrop] Zombie Spawned [132] ZmbF_DoctorSkinny @ <11217.625977, 76.042015, 14127.532227> ... Lifespan:  Set to 120 minutes.
[EOnDrop] Zombie Spawned [133] ZmbF_JoggerSkinny_Red @ <11230.930664, 78.705452, 14114.781250> ... Lifespan:  Set to 120 minutes.
[EOnDrop] Zombie Spawned [134] ZmbF_ShortSkirt_stripes @ <11175.831055, 81.727242, 14089.388672> ... Lifespan:  Set to 120 minutes.
[EOnDrop] Zombie Spawned [135] ZmbF_ParamedicNormal_Red @ <11151.284180, 73.434799, 14118.368164> ... Lifespan:  Set to 120 minutes.
[EOnDrop] Zombie Spawned [136] ZmbF_DoctorSkinny @ <11180.131836, 86.786774, 14060.783203> ... Lifespan:  Set to 120 minutes.
[EOnDrop] Zombie Spawned [137] ZmbM_Jacket_stripes @ <11196.300781, 78.490204, 14114.957031> ... Lifespan:  Set to 120 minutes.
[EOnDrop] Zombie Spawned [138] ZmbM_JournalistSkinny @ <11161.891602, 75.025589, 14116.482422> ... Lifespan:  Set to 120 minutes.
[EOnDrop] Zombie Spawned [139] ZmbM_Jacket_bluechecks @ <11227.077148, 82.749977, 14093.615234> ... Lifespan:  Set to 120 minutes.
[EOnDrop] Zombie Spawned [140] ZmbM_PatrolNormal_PautRev @ <11200.527344, 78.144791, 14117.346680> ... Lifespan:  Set to 120 minutes.
[EOnDrop] Zombie Spawned [141] ZmbM_CitizenASkinny_Blue @ <11184.507813, 82.437889, 14088.823242> ... Lifespan:  Set to 120 minutes.
[EOnDrop] Zombie Spawned [142] ZmbF_Clerk_Normal_Blue @ <11144.182617, 76.199249, 14101.468750> ... Lifespan:  Set to 120 minutes.
[EOnDrop] Zombie Spawned [143] ZmbF_ShortSkirt_brown @ <11228.915039, 82.376656, 14095.473633> ... Lifespan:  Set to 120 minutes.
[EOnDrop] Zombie Spawned [144] ZmbM_PrisonerSkinny @ <11192.437500, 82.240524, 14093.168945> ... Lifespan:  Set to 120 minutes.
[EOnDrop] Spawn failed for zombie [145] 'ZmbM_JacketNormal_greenchecks', it does not exist in DayZ!
[EOnDrop] Zombie Spawned [146] ZmbM_CommercialPilotOld_Blue @ <11230.658203, 80.476257, 14105.346680> ... Lifespan:  Set to 120 minutes.
[EOnDrop] Zombie Spawned [147] ZmbM_SkaterYoung_Grey @ <11199.872070, 80.772995, 14103.629883> ... Lifespan:  Set to 120 minutes.
[EOnDrop] Zombie Spawned [148] ZmbM_PrisonerSkinny @ <11154.500000, 80.096962, 14087.318359> ... Lifespan:  Set to 120 minutes.
[EOnDrop] Zombie Spawned [149] ZmbM_ParamedicNormal_Green @ <11196.761719, 75.132759, 14133.752930> ... Lifespan:  Set to 120 minutes.
[EOnDrop] Zombie Spawned [150] ZmbF_ParamedicNormal_Blue @ <11197.425781, 80.729301, 14103.438477> ... Lifespan:  Set to 120 minutes.
[EOnDrop] Zombie Spawned [151] ZmbM_ParamedicNormal_Blue @ <11185.025391, 83.123390, 14084.576172> ... Lifespan:  Set to 120 minutes.
[EOnDrop] Zombie Spawned [152] ZmbF_CitizenANormal_Beige @ <11190.926758, 77.393982, 14119.610352> ... Lifespan:  Set to 120 minutes.
[EOnDrop] Zombie Spawned [153] ZmbF_ShortSkirt_checks @ <11207.589844, 81.302246, 14101.912109> ... Lifespan:  Set to 120 minutes.
[EOnDrop] Zombie Spawned [154] ZmbM_CitizenASkinny_Brown @ <11157.530273, 79.762321, 14090.674805> ... Lifespan:  Set to 120 minutes.
[EOnDrop] Zombie Spawned [155] ZmbF_CitizenANormal_Beige @ <11206.159180, 85.031532, 14077.808594> ... Lifespan:  Set to 120 minutes.
[EOnDrop] Zombie Spawned [156] ZmbF_SkaterYoung_Violet @ <11193.813477, 80.457680, 14104.046875> ... Lifespan:  Set to 120 minutes.
[EOnDrop] Zombie Spawned [157] ZmbM_Jacket_blue @ <11163.665039, 77.340630, 14107.859375> ... Lifespan:  Set to 120 minutes.
[EOnDrop] Zombie Spawned [158] ZmbM_JoggerSkinny_Blue @ <11204.897461, 76.703751, 14125.645508> ... Lifespan:  Set to 120 minutes.
[EOnDrop] Zombie Spawned [159] ZmbM_SkaterYoung_Brown @ <11187.508789, 82.791786, 14087.559570> ... Lifespan:  Set to 120 minutes.
[EOnDrop] Zombie Spawned [160] ZmbM_Jacket_beige @ <11213.490234, 85.069359, 14078.615234> ... Lifespan:  Set to 120 minutes.
[EOnDrop] Zombie Spawned [161] ZmbM_CitizenASkinny_Brown @ <11180.873047, 82.710884, 14085.625000> ... Lifespan:  Set to 120 minutes.
[EOnDrop] Zombie Spawned [162] ZmbF_JoggerSkinny_Red @ <11184.827148, 85.398849, 14069.924805> ... Lifespan:  Set to 120 minutes.
[EOnDrop] Zombie Spawned [163] ZmbM_CommercialPilotOld_Blue @ <11204.043945, 84.681984, 14079.680664> ... Lifespan:  Set to 120 minutes.
[EOnDrop] Zombie Spawned [164] ZmbM_PatrolNormal_Flat @ <11157.930664, 87.247185, 14056.022461> ... Lifespan:  Set to 120 minutes.
[EOnDrop] Zombie Spawned [165] ZmbM_PrisonerSkinny @ <11165.995117, 74.410133, 14120.645508> ... Lifespan:  Set to 120 minutes.
[EOnDrop] Zombie Spawned [166] ZmbM_Jacket_magenta @ <11188.992188, 78.931190, 14110.983398> ... Lifespan:  Set to 120 minutes.
[EOnDrop] Zombie Spawned [167] ZmbM_Jacket_blue @ <11188.674805, 83.272469, 14084.853516> ... Lifespan:  Set to 120 minutes.
[EOnDrop] Zombie Spawned [168] ZmbM_JournalistSkinny @ <11180.795898, 82.345108, 14087.860352> ... Lifespan:  Set to 120 minutes.
[EOnDrop] Zombie Spawned [169] ZmbM_Jacket_stripes @ <11194.926758, 82.995522, 14088.767578> ... Lifespan:  Set to 120 minutes.
[EOnDrop] Zombie Spawned [170] ZmbF_ShortSkirt_red @ <11181.269531, 82.281273, 14088.516602> ... Lifespan:  Set to 120 minutes.
[EOnDrop] Zombie Spawned [171] ZmbM_Jacket_stripes @ <11155.306641, 84.565399, 14066.534180> ... Lifespan:  Set to 120 minutes.
[EOnDrop] Zombie Spawned [172] ZmbF_Clerk_Normal_Red @ <11206.871094, 84.467850, 14081.569336> ... Lifespan:  Set to 120 minutes.
[EOnDrop] Zombie Spawned [173] ZmbF_SkaterYoung_Violet @ <11191.235352, 80.586693, 14102.633789> ... Lifespan:  Set to 120 minutes.
[EOnDrop] Zombie Spawned [174] ZmbF_ParamedicNormal_Blue @ <11152.420898, 77.652245, 14098.812500> ... Lifespan:  Set to 120 minutes.
[EOnDrop] Zombie Spawned [175] ZmbM_CommercialPilotOld_Grey @ <11192.057617, 86.166595, 14067.903320> ... Lifespan:  Set to 120 minutes.
[EOnDrop] Zombie Spawned [176] ZmbF_Clerk_Normal_White @ <11199.777344, 82.402893, 14094.126953> ... Lifespan:  Set to 120 minutes.
[EOnDrop] Zombie Spawned [177] ZmbF_DoctorSkinny @ <11198.981445, 82.177452, 14095.352539> ... Lifespan:  Set to 120 minutes.
[EOnDrop] Zombie Spawned [178] ZmbM_CitizenBFat_Red @ <11168.000977, 82.488121, 14080.982422> ... Lifespan:  Set to 120 minutes.
[EOnDrop] Zombie Spawned [179] ZmbM_PatrolNormal_Autumn @ <11168.506836, 82.289352, 14082.419922> ... Lifespan:  Set to 120 minutes.
[EOnDrop] Zombie Spawned [180] ZmbM_CitizenBFat_Green @ <11163.175781, 77.252960, 14107.985352> ... Lifespan:  Set to 120 minutes.
[EOnDrop] Zombie Spawned [181] ZmbF_JoggerSkinny_Brown @ <11218.925781, 81.004761, 14103.816406> ... Lifespan:  Set to 120 minutes.
[EOnDrop] Zombie Spawned [182] ZmbF_CitizenBSkinny @ <11149.074219, 85.420708, 14061.968750> ... Lifespan:  Set to 120 minutes.
[EOnDrop] Zombie Spawned [183] ZmbM_Jacket_magenta @ <11193.313477, 84.540939, 14077.789063> ... Lifespan:  Set to 120 minutes.
[EOnDrop] Zombie Spawned [184] ZmbM_PolicemanFat @ <11178.724609, 76.215240, 14120.752930> ... Lifespan:  Set to 120 minutes.
[EOnDrop] Zombie Spawned [185] ZmbM_Jacket_black @ <11215.465820, 73.604500, 14134.236328> ... Lifespan:  Set to 120 minutes.
[EOnDrop] Zombie Spawned [186] ZmbM_ParamedicNormal_Green @ <11160.788086, 85.472794, 14063.858398> ... Lifespan:  Set to 120 minutes.
[EOnDrop] Zombie Spawned [187] ZmbM_ClerkFat_Brown @ <11163.261719, 75.562981, 14114.603516> ... Lifespan:  Set to 120 minutes.
[EOnDrop] Zombie Spawned [188] ZmbM_CitizenASkinny_Red @ <11208.784180, 79.320747, 14112.124023> ... Lifespan:  Set to 120 minutes.
[EOnDrop] Zombie Spawned [189] ZmbF_ShortSkirt_grey @ <11207.229492, 74.769814, 14132.550781> ... Lifespan:  Set to 120 minutes.
[EOnDrop] Zombie Spawned [190] ZmbM_ParamedicNormal_Black @ <11214.534180, 87.466660, 14064.447266> ... Lifespan:  Set to 120 minutes.
[EOnDrop] Zombie Spawned [191] ZmbF_ShortSkirt_green @ <11212.472656, 83.721809, 14087.267578> ... Lifespan:  Set to 120 minutes.
[EOnDrop] Zombie Spawned [192] ZmbM_CitizenBFat_Blue @ <11188.300781, 80.323135, 14103.193359> ... Lifespan:  Set to 120 minutes.
[EOnDrop] Zombie Spawned [193] ZmbM_PatrolNormal_Autumn @ <11172.713867, 81.036041, 14091.939453> ... Lifespan:  Set to 120 minutes.
[EOnDrop] Zombie Spawned [194] ZmbF_ShortSkirt_red @ <11188.164063, 73.328003, 14139.851563> ... Lifespan:  Set to 120 minutes.
[EOnDrop] Zombie Spawned [195] ZmbM_DoctorFat @ <11148.088867, 84.502075, 14065.338867> ... Lifespan:  Set to 120 minutes.
[EOnDrop] Zombie Spawned [196] ZmbF_Clerk_Normal_Red @ <11171.823242, 81.095955, 14091.095703> ... Lifespan:  Set to 120 minutes.
[EOnDrop] Zombie Spawned [197] ZmbM_Jacket_blue @ <11190.399414, 85.286736, 14072.581055> ... Lifespan:  Set to 120 minutes.
[EOnDrop] Zombie Spawned [198] ZmbM_PrisonerSkinny @ <11192.580078, 82.052223, 14094.359375> ... Lifespan:  Set to 120 minutes.
[EOnDrop] Zombie Spawned [199] ZmbM_PatrolNormal_Summer @ <11183.584961, 80.908554, 14098.016602> ... Lifespan:  Set to 120 minutes.
[EOnDrop] Zombie Spawned [200] ZmbM_JoggerSkinny_Blue @ <11206.338867, 81.170341, 14102.480469> ... Lifespan:  Set to 120 minutes.
[EOnDrop] Zombie Spawned [201] ZmbM_CitizenASkinny_Grey @ <11174.978516, 78.791649, 14106.481445> ... Lifespan:  Set to 120 minutes.
[EOnDrop] Zombie Spawned [202] ZmbM_ParamedicNormal_Red @ <11181.093750, 81.214638, 14095.085938> ... Lifespan:  Set to 120 minutes.
[EOnDrop] Zombie Spawned [203] ZmbF_ShortSkirt_checks @ <11214.373047, 87.633423, 14063.416016> ... Lifespan:  Set to 120 minutes.
[EOnDrop] Zombie Spawned [204] ZmbF_JournalistNormal_Blue @ <11173.443359, 86.745010, 14059.343750> ... Lifespan:  Set to 120 minutes.
[EOnDrop] Zombie Spawned [205] ZmbM_SkaterYoung_Brown @ <11207.767578, 78.624763, 14115.506836> ... Lifespan:  Set to 120 minutes.
[EOnDrop] Spawn failed for zombie [206] 'ZmbM_JacketNormal_greenchecks', it does not exist in DayZ!
[EOnDrop] Zombie Spawned [207] ZmbM_Jacket_bluechecks @ <11186.885742, 80.265976, 14103.037109> ... Lifespan:  Set to 120 minutes.
[EOnDrop] Zombie Spawned [208] ZmbF_JoggerSkinny_Green @ <11176.003906, 86.408890, 14061.506836> ... Lifespan:  Set to 120 minutes.
[EOnDrop] Zombie Spawned [209] ZmbM_Jacket_beige @ <11207.247070, 90.037750, 14048.926758> ... Lifespan:  Set to 120 minutes.
[EOnDrop] Zombie Spawned [210] ZmbM_CommercialPilotOld_Olive @ <11156.933594, 73.096390, 14123.342773> ... Lifespan:  Set to 120 minutes.
[EOnDrop] Zombie Spawned [211] ZmbF_SkaterYoung_Brown @ <11143.526367, 77.025513, 14096.625000> ... Lifespan:  Set to 120 minutes.
[EOnDrop] Zombie Spawned [212] ZmbM_CitizenBFat_Green @ <11194.454102, 83.855576, 14082.765625> ... Lifespan:  Set to 120 minutes.
[EOnDrop] Zombie Spawned [213] ZmbM_PatientSkinny @ <11164.354492, 76.667183, 14110.862305> ... Lifespan:  Set to 120 minutes.
[EOnDrop] Spawn failed for zombie [214] 'ZmbM_JacketNormal_greenchecks', it does not exist in DayZ!
[EOnDrop] Zombie Spawned [215] ZmbF_SkaterYoung_Striped @ <11188.922852, 82.738663, 14088.535156> ... Lifespan:  Set to 120 minutes.
[EOnDrop] Zombie Spawned [216] ZmbF_PatientOld @ <11145.654297, 80.292992, 14081.733398> ... Lifespan:  Set to 120 minutes.
[EOnDrop] Zombie Spawned [217] ZmbM_Jacket_blue @ <11187.739258, 77.420357, 14118.623047> ... Lifespan:  Set to 120 minutes.
[EOnDrop] Zombie Spawned [218] ZmbM_CitizenASkinny_Brown @ <11208.385742, 79.612892, 14110.660156> ... Lifespan:  Set to 120 minutes.
[EOnDrop] Zombie Spawned [219] ZmbF_ParamedicNormal_Green @ <11200.155273, 85.578972, 14073.509766> ... Lifespan:  Set to 120 minutes.
[EOnDrop] Zombie Spawned [220] ZmbF_DoctorSkinny @ <11177.880859, 82.761276, 14083.904297> ... Lifespan:  Set to 120 minutes.
[EOnDrop] Zombie Spawned [221] ZmbF_PoliceWomanNormal @ <11211.462891, 76.616859, 14125.645508> ... Lifespan:  Set to 120 minutes.
[EOnDrop] Zombie Spawned [222] ZmbM_CitizenASkinny_Red @ <11165.635742, 75.100174, 14117.736328> ... Lifespan:  Set to 120 minutes.
[EOnDrop] Zombie Spawned [223] ZmbM_CitizenBFat_Blue @ <11184.255859, 74.834351, 14132.765625> ... Lifespan:  Set to 120 minutes.
[EOnDrop] Zombie Spawned [224] ZmbM_ParamedicNormal_Blue @ <11194.764648, 81.664520, 14097.380859> ... Lifespan:  Set to 120 minutes.
[EOnDrop] Zombie Spawned [225] ZmbM_JoggerSkinny_Blue @ <11177.725586, 74.746750, 14129.314453> ... Lifespan:  Set to 120 minutes.
[EOnDrop] Zombie Spawned [226] ZmbM_SkaterYoung_Brown @ <11219.525391, 82.547020, 14095.295898> ... Lifespan:  Set to 120 minutes.
[EOnDrop] Zombie Spawned [227] ZmbM_Jacket_stripes @ <11204.200195, 86.932915, 14066.366211> ... Lifespan:  Set to 120 minutes.
[EOnDrop] Zombie Spawned [228] ZmbF_Clerk_Normal_Red @ <11219.262695, 83.219818, 14091.090820> ... Lifespan:  Set to 120 minutes.
[EOnDrop] Zombie Spawned [229] ZmbM_Jacket_stripes @ <11182.615234, 82.919762, 14085.103516> ... Lifespan:  Set to 120 minutes.
[EOnDrop] Zombie Spawned [230] ZmbM_CitizenBFat_Blue @ <11171.208008, 82.439308, 14082.745117> ... Lifespan:  Set to 120 minutes.
[EOnDrop] Zombie Spawned [231] ZmbM_CommercialPilotOld_Blue @ <11173.451172, 80.564743, 14095.131836> ... Lifespan:  Set to 120 minutes.
[EOnDrop] Zombie Spawned [232] ZmbM_Jacket_greenchecks @ <11148.570313, 79.180374, 14088.602539> ... Lifespan:  Set to 120 minutes.
[EOnDrop] Zombie Spawned [233] ZmbM_Jacket_beige @ <11185.233398, 86.645523, 14063.153320> ... Lifespan:  Set to 120 minutes.
[EOnDrop] Zombie Spawned [234] ZmbM_ClerkFat_Brown @ <11210.425781, 82.608742, 14094.571289> ... Lifespan:  Set to 120 minutes.
[EOnDrop] Zombie Spawned [235] ZmbF_JoggerSkinny_Red @ <11195.422852, 86.688286, 14065.821289> ... Lifespan:  Set to 120 minutes.
[EOnDrop] Zombie Spawned [236] ZmbF_ShortSkirt_black @ <11159.341797, 77.810158, 14102.546875> ... Lifespan:  Set to 120 minutes.
[EOnDrop] Zombie Spawned [237] ZmbF_ShortSkirt_green @ <11217.083984, 83.987465, 14085.636719> ... Lifespan:  Set to 120 minutes.
[EOnDrop] Zombie Spawned [238] ZmbF_JournalistNormal_White @ <11224.335938, 78.837746, 14114.503906> ... Lifespan:  Set to 120 minutes.
[EOnDrop] Zombie Spawned [239] ZmbM_PolicemanSpecForce @ <11193.895508, 87.192833, 14062.491211> ... Lifespan:  Set to 120 minutes.
[EOnDrop] Zombie Spawned [240] ZmbM_ParamedicNormal_Red @ <11193.622070, 84.292572, 14079.586914> ... Lifespan:  Set to 120 minutes.
[EOnDrop] Zombie Spawned [241] ZmbM_Jacket_khaki @ <11153.978516, 78.167458, 14097.010742> ... Lifespan:  Set to 120 minutes.
[EOnDrop] Zombie Spawned [242] ZmbM_ParamedicNormal_Black @ <11190.392578, 75.218170, 14132.023438> ... Lifespan:  Set to 120 minutes.
[EOnDrop] Zombie Spawned [243] ZmbF_ParamedicNormal_Blue @ <11168.412109, 78.549217, 14104.130859> ... Lifespan:  Set to 120 minutes.
[EOnDrop] Zombie Spawned [244] ZmbF_SkaterYoung_Striped @ <11165.845703, 82.399338, 14080.393555> ... Lifespan:  Set to 120 minutes.
[EOnDrop] Zombie Spawned [245] ZmbM_CitizenASkinny_Blue @ <11187.618164, 84.098534, 14078.828125> ... Lifespan:  Set to 120 minutes.
[EOnDrop] Zombie Spawned [246] ZmbM_ClerkFat_White @ <11215.910156, 79.319061, 14112.241211> ... Lifespan:  Set to 120 minutes.
[EOnDrop] Zombie Spawned [247] ZmbM_PatientSkinny @ <11180.502930, 72.416161, 14142.037109> ... Lifespan:  Set to 120 minutes.
[EOnDrop] Zombie Spawned [248] ZmbM_Jacket_greenchecks @ <11190.199219, 80.099197, 14105.058594> ... Lifespan:  Set to 120 minutes.
[EOnDrop] Zombie Spawned [249] ZmbF_SkaterYoung_Violet @ <11192.501953, 80.438713, 14103.803711> ... Lifespan:  Set to 120 minutes.
[EOnDrop] Zombie Spawned [250] ZmbF_Clerk_Normal_Blue @ <11213.204102, 79.055336, 14113.551758> ... Lifespan:  Set to 120 minutes.
[EOnDrop] Zombie Spawned [251] ZmbM_JoggerSkinny_Green @ <11208.245117, 74.427475, 14133.250000> ... Lifespan:  Set to 120 minutes.
[EOnDrop] Zombie Spawned [252] ZmbM_Jacket_greenchecks @ <11186.043945, 80.958565, 14098.676758> ... Lifespan:  Set to 120 minutes.
[EOnDrop] Zombie Spawned [253] ZmbM_ClerkFat_Grey @ <11165.411133, 84.121712, 14071.003906> ... Lifespan:  Set to 120 minutes.
[EOnDrop] Zombie Spawned [254] ZmbF_Clerk_Normal_Blue @ <11195.244141, 79.105865, 14111.553711> ... Lifespan:  Set to 120 minutes.
[EOnDrop] Zombie Spawned [255] ZmbM_Jacket_brown @ <11201.787109, 90.522224, 14047.063477> ... Lifespan:  Set to 120 minutes.
[EOnDrop] Zombie Spawned [256] ZmbF_ShortSkirt_beige @ <11196.322266, 79.888329, 14107.709961> ... Lifespan:  Set to 120 minutes.
[EOnDrop] Zombie Spawned [257] ZmbF_NurseFat @ <11187.204102, 80.361961, 14102.606445> ... Lifespan:  Set to 120 minutes.
[EOnDrop] Zombie Spawned [258] ZmbM_SkaterYoung_Grey @ <11181.333008, 79.138260, 14107.335938> ... Lifespan:  Set to 120 minutes.
[EOnDrop] Zombie Spawned [259] ZmbM_Jacket_bluechecks @ <11171.701172, 74.866493, 14122.208008> ... Lifespan:  Set to 120 minutes.
[EOnDrop] Zombie Spawned [260] ZmbM_PatrolNormal_PautRev @ <11180.780273, 82.409538, 14087.439453> ... Lifespan:  Set to 120 minutes.
[EOnDrop] Zombie Spawned [261] ZmbF_Clerk_Normal_White @ <11224.054688, 87.308319, 14065.445313> ... Lifespan:  Set to 120 minutes.
[EOnDrop] Zombie Spawned [262] ZmbM_Jacket_brown @ <11200.097656, 77.051155, 14123.017578> ... Lifespan:  Set to 120 minutes.
[EOnDrop] Zombie Spawned [263] ZmbM_JournalistSkinny @ <11230.275391, 81.244995, 14101.379883> ... Lifespan:  Set to 120 minutes.
[EOnDrop] Zombie Spawned [264] ZmbF_DoctorSkinny @ <11160.771484, 78.474495, 14099.723633> ... Lifespan:  Set to 120 minutes.
[EOnDrop] Zombie Spawned [265] ZmbM_CommercialPilotOld_Grey @ <11191.939453, 82.597969, 14090.554688> ... Lifespan:  Set to 120 minutes.
[EOnDrop] Zombie Spawned [266] ZmbM_PolicemanFat @ <11206.193359, 88.879967, 14055.090820> ... Lifespan:  Set to 120 minutes.
[EOnDrop] Zombie Spawned [267] ZmbM_JoggerSkinny_Red @ <11216.020508, 85.163429, 14078.154297> ... Lifespan:  Set to 120 minutes.
[EOnDrop] Zombie Spawned [268] ZmbF_ShortSkirt_beige @ <11215.291992, 79.725395, 14110.261719> ... Lifespan:  Set to 120 minutes.
[EOnDrop] Zombie Spawned [269] ZmbM_CommercialPilotOld_Olive @ <11180.938477, 83.312897, 14081.574219> ... Lifespan:  Set to 120 minutes.
[EOnDrop] Zombie Spawned [270] ZmbF_CitizenBSkinny @ <11191.566406, 78.193024, 14115.525391> ... Lifespan:  Set to 120 minutes.
[EOnDrop] Zombie Spawned [271] ZmbM_CommercialPilotOld_Brown @ <11161.015625, 75.227119, 14115.057617> ... Lifespan:  Set to 120 minutes.
[EOnDrop] Zombie Spawned [272] ZmbF_ParamedicNormal_Blue @ <11203.911133, 74.927658, 14133.055664> ... Lifespan:  Set to 120 minutes.
[EOnDrop] Zombie Spawned [273] ZmbF_Clerk_Normal_White @ <11189.702148, 79.858086, 14106.244141> ... Lifespan:  Set to 120 minutes.
[EOnDrop] Zombie Spawned [274] ZmbM_Jacket_beige @ <11228.419922, 86.956161, 14067.328125> ... Lifespan:  Set to 120 minutes.
[EOnDrop] Zombie Spawned [275] ZmbF_CitizenANormal_Brown @ <11195.193359, 88.165924, 14057.042969> ... Lifespan:  Set to 120 minutes.
[EOnDrop] Zombie Spawned [276] ZmbM_Jacket_greenchecks @ <11163.458008, 72.930885, 14127.518555> ... Lifespan:  Set to 120 minutes.
[EOnDrop] Zombie Spawned [277] ZmbM_Jacket_black @ <11216.998047, 88.370934, 14059.100586> ... Lifespan:  Set to 120 minutes.
[EOnDrop] Zombie Spawned [278] ZmbF_JournalistNormal_Blue @ <11169.685547, 86.638550, 14059.380859> ... Lifespan:  Set to 120 minutes.
[EOnDrop] Zombie Spawned [279] ZmbM_CitizenASkinny_Grey @ <11223.050781, 78.219170, 14117.642578> ... Lifespan:  Set to 120 minutes.
[EOnDrop] Zombie Spawned [280] ZmbF_NurseFat @ <11170.616211, 85.377708, 14065.766602> ... Lifespan:  Set to 120 minutes.
[EOnDrop] Zombie Spawned [281] ZmbF_PatientOld @ <11207.791016, 85.011826, 14078.203125> ... Lifespan:  Set to 120 minutes.
[EOnDrop] Zombie Spawned [282] ZmbM_CitizenBFat_Red @ <11200.218750, 80.733849, 14103.901367> ... Lifespan:  Set to 120 minutes.
[EOnDrop] Zombie Spawned [283] ZmbF_ShortSkirt_grey @ <11166.955078, 80.692352, 14090.929688> ... Lifespan:  Set to 120 minutes.
[EOnDrop] Zombie Spawned [284] ZmbM_CitizenBFat_Blue @ <11151.008789, 72.590508, 14122.316406> ... Lifespan:  Set to 120 minutes.
[EOnDrop] Zombie Spawned [285] ZmbM_JoggerSkinny_Red @ <11199.924805, 79.932724, 14108.111328> ... Lifespan:  Set to 120 minutes.
[EOnDrop] Zombie Spawned [286] ZmbM_Jacket_bluechecks @ <11188.085938, 74.380791, 14136.671875> ... Lifespan:  Set to 120 minutes.
[EOnDrop] Zombie Spawned [287] ZmbM_PatrolNormal_PautRev @ <11213.434570, 76.605156, 14125.439453> ... Lifespan:  Set to 120 minutes.
[EOnDrop] Zombie Spawned [288] ZmbF_NurseFat @ <11177.012695, 81.470276, 14091.496094> ... Lifespan:  Set to 120 minutes.
[EOnDrop] Zombie Spawned [289] ZmbM_Jacket_greenchecks @ <11163.353516, 81.265533, 14085.836914> ... Lifespan:  Set to 120 minutes.
[EOnDrop] Zombie Spawned [290] ZmbF_SkaterYoung_Brown @ <11190.872070, 77.240288, 14120.411133> ... Lifespan:  Set to 120 minutes.
[EOnDrop] Zombie Spawned [291] ZmbM_Jacket_greenchecks @ <11157.006836, 79.525299, 14091.609375> ... Lifespan:  Set to 120 minutes.
[EOnDrop] Zombie Spawned [292] ZmbM_ClerkFat_Khaki @ <11164.053711, 79.664970, 14094.987305> ... Lifespan:  Set to 120 minutes.
[EOnDrop] Spawn failed for zombie [293] 'ZmbM_JacketNormal_greenchecks', it does not exist in DayZ!
[EOnDrop] Zombie Spawned [294] ZmbF_JoggerSkinny_Blue @ <11143.749023, 75.400482, 14105.672852> ... Lifespan:  Set to 120 minutes.
[EOnDrop] Zombie Spawned [295] ZmbF_SkaterYoung_Violet @ <11205.106445, 83.024040, 14091.141602> ... Lifespan:  Set to 120 minutes.
[EOnDrop] Zombie Spawned [296] ZmbM_PatrolNormal_Summer @ <11155.479492, 75.625145, 14111.094727> ... Lifespan:  Set to 120 minutes.
[EOnDrop] Zombie Spawned [297] ZmbF_ShortSkirt_beige @ <11169.818359, 84.296074, 14071.221680> ... Lifespan:  Set to 120 minutes.
[EOnDrop] Zombie Spawned [298] ZmbM_CommercialPilotOld_Olive @ <11165.432617, 80.998192, 14088.324219> ... Lifespan:  Set to 120 minutes.
[EOnDrop] Zombie Spawned [299] ZmbF_JoggerSkinny_Brown @ <11157.552734, 71.922653, 14129.733398> ... Lifespan:  Set to 120 minutes.
[EOnDrop] Zombie Spawned [300] ZmbM_PatrolNormal_Autumn @ <11199.694336, 82.129173, 14095.780273> ... Lifespan:  Set to 120 minutes.
[EOnDrop] Zombie Spawned [301] ZmbM_CitizenASkinny_Blue @ <11158.532227, 80.008911, 14089.978516> ... Lifespan:  Set to 120 minutes.
[EOnDrop] Zombie Spawned [302] ZmbF_CitizenBSkinny @ <11210.297852, 76.062195, 14128.274414> ... Lifespan:  Set to 120 minutes.
[EOnDrop] Zombie Spawned [303] ZmbF_PatientOld @ <11194.770508, 81.002174, 14101.294922> ... Lifespan:  Set to 120 minutes.
[EOnDrop] Zombie Spawned [304] ZmbM_Jacket_brown @ <11205.046875, 83.457352, 14088.067383> ... Lifespan:  Set to 120 minutes.
[EOnDrop] Zombie Spawned [305] ZmbM_PatrolNormal_PautRev @ <11179.213867, 73.473976, 14138.428711> ... Lifespan:  Set to 120 minutes.
[EOnDrop] Zombie Spawned [306] ZmbM_Jacket_grey @ <11146.378906, 83.496101, 14069.277344> ... Lifespan:  Set to 120 minutes.
[EOnDrop] Zombie Spawned [307] ZmbM_CitizenASkinny_Grey @ <11161.775391, 74.178528, 14120.633789> ... Lifespan:  Set to 120 minutes.
[EOnDrop] Zombie Spawned [308] ZmbF_DoctorSkinny @ <11180.930664, 78.395035, 14111.125000> ... Lifespan:  Set to 120 minutes.
[EOnDrop] Zombie Spawned [309] ZmbM_PatientSkinny @ <11213.186523, 88.717583, 14056.885742> ... Lifespan:  Set to 120 minutes.
[EOnDrop] Zombie Spawned [310] ZmbF_ShortSkirt_checks @ <11217.730469, 81.522942, 14101.181641> ... Lifespan:  Set to 120 minutes.
[EOnDrop] Zombie Spawned [311] ZmbM_ClerkFat_Khaki @ <11157.116211, 87.943962, 14053.492188> ... Lifespan:  Set to 120 minutes.
[EOnDrop] Zombie Spawned [312] ZmbF_ShortSkirt_black @ <11162.516602, 87.397537, 14055.507813> ... Lifespan:  Set to 120 minutes.
[EOnDrop] Zombie Spawned [313] ZmbM_JoggerSkinny_Green @ <11197.232422, 76.512024, 14125.679688> ... Lifespan:  Set to 120 minutes.
[EOnDrop] Zombie Spawned [314] ZmbF_Clerk_Normal_Green @ <11192.321289, 86.935379, 14063.568359> ... Lifespan:  Set to 120 minutes.
[EOnDrop] Zombie Spawned [315] ZmbM_DoctorFat @ <11211.404297, 79.086800, 14113.365234> ... Lifespan:  Set to 120 minutes.
[EOnDrop] Zombie Spawned [316] ZmbF_CitizenANormal_Blue @ <11186.420898, 72.817596, 14141.365234> ... Lifespan:  Set to 120 minutes.
[EOnDrop] Zombie Spawned [317] ZmbM_CitizenASkinny_Blue @ <11146.679688, 74.311630, 14111.082031> ... Lifespan:  Set to 120 minutes.
[EOnDrop] Zombie Spawned [318] ZmbM_JoggerSkinny_Red @ <11186.447266, 80.938187, 14098.960938> ... Lifespan:  Set to 120 minutes.
[EOnDrop] Zombie Spawned [319] ZmbF_JournalistNormal_Red @ <11147.278320, 84.800507, 14064.121094> ... Lifespan:  Set to 120 minutes.
[EOnDrop] Zombie Spawned [320] ZmbM_Jacket_magenta @ <11198.309570, 82.074112, 14095.857422> ... Lifespan:  Set to 120 minutes.
[EOnDrop] Zombie Spawned [321] ZmbF_JoggerSkinny_Brown @ <11208.732422, 84.094887, 14084.185547> ... Lifespan:  Set to 120 minutes.
[EOnDrop] Zombie Spawned [322] ZmbF_Clerk_Normal_White @ <11189.297852, 79.550613, 14107.803711> ... Lifespan:  Set to 120 minutes.
[EOnDrop] Zombie Spawned [323] ZmbF_ShortSkirt_checks @ <11190.819336, 83.336533, 14085.133789> ... Lifespan:  Set to 120 minutes.
[EOnDrop] Zombie Spawned [324] ZmbM_Jacket_greenchecks @ <11201.308594, 86.461533, 14068.611328> ... Lifespan:  Set to 120 minutes.
[EOnDrop] Zombie Spawned [325] ZmbM_Jacket_brown @ <11181.532227, 81.494141, 14093.623047> ... Lifespan:  Set to 120 minutes.
[EOnDrop] Zombie Spawned [326] ZmbM_CitizenASkinny_Blue @ <11194.019531, 83.555473, 14084.614258> ... Lifespan:  Set to 120 minutes.
[EOnDrop] Zombie Spawned [327] ZmbM_Jacket_grey @ <11181.996094, 81.209709, 14095.555664> ... Lifespan:  Set to 120 minutes.
[EOnDrop] Zombie Spawned [328] ZmbF_JournalistNormal_Blue @ <11175.311523, 80.787971, 14094.824219> ... Lifespan:  Set to 120 minutes.
[EOnDrop] Zombie Spawned [329] ZmbM_Jacket_stripes @ <11155.053711, 75.287910, 14112.309570> ... Lifespan:  Set to 120 minutes.
[EOnDrop] Zombie Spawned [330] ZmbF_ShortSkirt_red @ <11195.191406, 83.037926, 14088.557617> ... Lifespan:  Set to 120 minutes.
[EOnDrop] Zombie Spawned [331] ZmbM_PolicemanFat @ <11200.051758, 78.117912, 14117.429688> ... Lifespan:  Set to 120 minutes.
[EOnDrop] Zombie Spawned [332] ZmbF_ShortSkirt_yellow @ <11217.618164, 85.845734, 14074.241211> ... Lifespan:  Set to 120 minutes.
[EOnDrop] Zombie Spawned [333] ZmbM_JoggerSkinny_Blue @ <11167.314453, 85.759087, 14063.363281> ... Lifespan:  Set to 120 minutes.
[EOnDrop] Zombie Spawned [334] ZmbF_SkaterYoung_Violet @ <11195.138672, 85.312836, 14073.838867> ... Lifespan:  Set to 120 minutes.
[EOnDrop] Zombie Spawned [335] ZmbF_ShortSkirt_grey @ <11225.149414, 83.053658, 14091.906250> ... Lifespan:  Set to 120 minutes.
[EOnDrop] Zombie Spawned [336] ZmbM_PatrolNormal_Flat @ <11181.647461, 79.586952, 14104.906250> ... Lifespan:  Set to 120 minutes.
[EOnDrop] Zombie Spawned [337] ZmbF_JoggerSkinny_Red @ <11224.625000, 84.132751, 14084.640625> ... Lifespan:  Set to 120 minutes.
[EOnDrop] Zombie Spawned [338] ZmbM_CommercialPilotOld_Brown @ <11194.834961, 88.418320, 14055.477539> ... Lifespan:  Set to 120 minutes.
[EOnDrop] Zombie Spawned [339] ZmbM_CitizenASkinny_Red @ <11200.123047, 74.536514, 14136.088867> ... Lifespan:  Set to 120 minutes.
[EOnDrop] Zombie Spawned [340] ZmbM_CitizenASkinny_Red @ <11187.077148, 77.679832, 14117.042969> ... Lifespan:  Set to 120 minutes.
[EOnDrop] Zombie Spawned [341] ZmbM_CitizenASkinny_Red @ <11193.505859, 82.488602, 14091.887695> ... Lifespan:  Set to 120 minutes.
[EOnDrop] Zombie Spawned [342] ZmbF_Clerk_Normal_Green @ <11205.844727, 82.956970, 14091.720703> ... Lifespan:  Set to 120 minutes.
[EOnDrop] Zombie Spawned [343] ZmbM_PolicemanSpecForce @ <11153.208984, 80.903442, 14082.526367> ... Lifespan:  Set to 120 minutes.
[EOnDrop] Zombie Spawned [344] ZmbF_ShortSkirt_yellow @ <11188.432617, 89.303101, 14051.563477> ... Lifespan:  Set to 120 minutes.
[EOnDrop] Zombie Spawned [345] ZmbM_CitizenBFat_Blue @ <11172.303711, 75.027245, 14121.992188> ... Lifespan:  Set to 120 minutes.
[EOnDrop] Zombie Spawned [346] ZmbM_Jacket_blue @ <11156.700195, 86.931480, 14057.116211> ... Lifespan:  Set to 120 minutes.
[EOnDrop] Zombie Spawned [347] ZmbM_Jacket_beige @ <11179.487305, 80.325294, 14099.637695> ... Lifespan:  Set to 120 minutes.
[EOnDrop] Zombie Spawned [348] ZmbM_CitizenBFat_Blue @ <11140.877930, 78.105957, 14089.599609> ... Lifespan:  Set to 120 minutes.
[EOnDrop] Zombie Spawned [349] ZmbF_ShortSkirt_brown @ <11190.034180, 82.745529, 14088.962891> ... Lifespan:  Set to 120 minutes.
[EOnDrop] Zombie Spawned [350] ZmbM_JournalistSkinny @ <11215.004883, 75.046005, 14130.985352> ... Lifespan:  Set to 120 minutes.
[EOnDrop] Zombie Spawned [351] ZmbM_SkaterYoung_Brown @ <11187.377930, 82.815506, 14087.359375> ... Lifespan:  Set to 120 minutes.
[EOnDrop] Zombie Spawned [352] ZmbF_ShortSkirt_black @ <11230.840820, 86.043877, 14072.541016> ... Lifespan:  Set to 120 minutes.
[EOnDrop] Zombie Spawned [353] ZmbM_ClerkFat_Khaki @ <11181.865234, 82.465927, 14087.643555> ... Lifespan:  Set to 120 minutes.
[EOnDrop] Zombie Spawned [354] ZmbM_Jacket_beige @ <11195.195313, 75.665161, 14130.150391> ... Lifespan:  Set to 120 minutes.
[EOnDrop] Zombie Spawned [355] ZmbM_JoggerSkinny_Red @ <11153.308594, 83.513710, 14070.709961> ... Lifespan:  Set to 120 minutes.
[EOnDrop] Zombie Spawned [356] ZmbF_JournalistNormal_Blue @ <11177.919922, 74.839279, 14128.880859> ... Lifespan:  Set to 120 minutes.
[EOnDrop] Zombie Spawned [357] ZmbF_SkaterYoung_Brown @ <11195.261719, 79.501419, 14109.506836> ... Lifespan:  Set to 120 minutes.
[EOnDrop] Zombie Spawned [358] ZmbF_PatientOld @ <11210.619141, 83.275185, 14090.175781> ... Lifespan:  Set to 120 minutes.
[EOnDrop] Zombie Spawned [359] ZmbM_Jacket_black @ <11179.942383, 88.940201, 14051.433594> ... Lifespan:  Set to 120 minutes.
[EOnDrop] Zombie Spawned [360] ZmbF_ShortSkirt_white @ <11213.562500, 87.661819, 14063.208008> ... Lifespan:  Set to 120 minutes.
[EOnDrop] Drop spawned with 360 infected at <11186.652344, 202.848053, 14093.421875>.
[EOnDrop] Supplies have been dropped near Novodmitrovsk.
[EOnBeforeDelete] Aircraft despawned @ <-1001.369690, 279.836975, 3613.328125>
[~AirdropPlane] Aircraft destroyed.
