[InitializeContainer] Container created on 2021-04-15 @ 23-07-26
[InitializeContainer] Winds: Vector <9.511109, 0.000000, -3.259546>, Speed 10.0541mps, Strength 0.1
[AirdropContainerFall] Drop Type 'Military Weapons', Container: 'AirdropContainer', Mode/Quantity/Iems: Random/30/10, Flare:  10%
[AirdropContainerFall] Loot Spawned [1] TWP_M40A5 @ <7373.617188, 310.093170, 7750.580566> ... Lifespan: Set to 120 minutes.
[AirdropContainerFall] Loot Spawned [2] TWP_XM8_mag_30Rnd @ <7376.423828, 310.308960, 7748.042969> ... Lifespan: Set to 120 minutes.
[AirdropContainerFall] Loot Spawned [3] TWP_Uzi @ <7374.843262, 310.264679, 7750.996582> ... Lifespan: Set to 120 minutes.
[AirdropContainerFall] Loot Spawned [4] TWP_Uzi_mag_20Rnd @ <7372.764160, 310.007050, 7750.945801> ... Lifespan: Set to 120 minutes.
[AirdropContainerFall] Loot Spawned [5] TWP_XM8_mag_30Rnd @ <7374.156250, 310.169312, 7750.777832> ... Lifespan: Set to 120 minutes.
[AirdropContainerFall] Loot Spawned [6] TWP_ThompsonMK2_mag_50Rnd @ <7376.180664, 310.329407, 7749.037109> ... Lifespan: Set to 120 minutes.
[AirdropContainerFall] Loot Spawned [7] TWP_M40A5 @ <7377.380371, 310.546417, 7750.407227> ... Lifespan: Set to 120 minutes.
[AirdropContainerFall] Loot Spawned [8] TWP_Remington870Tactical @ <7375.765137, 310.223267, 7747.947266> ... Lifespan: Set to 120 minutes.
[AirdropContainerFall] Loot Spawned [9] TWP_XM8 @ <7374.646484, 310.237305, 7750.932617> ... Lifespan: Set to 120 minutes.
[AirdropContainerFall] Loot Spawned [10] TWP_Uzi @ <7374.104980, 310.171478, 7750.944336> ... Lifespan: Set to 120 minutes.
[AirdropContainerFall] Loot Spawned [11] TWP_Uzi @ <7374.145508, 310.176331, 7750.942383> ... Lifespan: Set to 120 minutes.
[AirdropContainerFall] Loot Spawned [12] TWP_Remington870Tactical @ <7377.111328, 310.482269, 7749.801270> ... Lifespan: Set to 120 minutes.
[AirdropContainerFall] Loot Spawned [13] TWP_M40A5 @ <7373.521973, 310.099976, 7750.945313> ... Lifespan: Set to 120 minutes.
[AirdropContainerFall] Loot Spawned [14] TWP_ThompsonMK2 @ <7376.808594, 310.332458, 7747.576660> ... Lifespan: Set to 120 minutes.
[AirdropContainerFall] Loot Spawned [15] AmmoBox_00buck_10rnd @ <7375.658691, 310.381439, 7751.327148> ... Lifespan: Set to 120 minutes.
[AirdropContainerFall] Loot Spawned [16] TWP_XM8 @ <7373.591797, 310.081970, 7750.420898> ... Lifespan: Set to 120 minutes.
[AirdropContainerFall] Loot Spawned [17] TWP_Uzi_mag_20Rnd @ <7377.497070, 310.489624, 7749.011230> ... Lifespan: Set to 120 minutes.
[AirdropContainerFall] Loot Spawned [18] TWP_Uzi @ <7376.495605, 310.294250, 7747.580078> ... Lifespan: Set to 120 minutes.
[AirdropContainerFall] Loot Spawned [19] TWP_M40A5 @ <7375.014160, 310.289001, 7751.063965> ... Lifespan: Set to 120 minutes.
[AirdropContainerFall] Loot Spawned [20] TWP_ThompsonMK2_mag_50Rnd @ <7373.079102, 309.958191, 7749.219238> ... Lifespan: Set to 120 minutes.
[AirdropContainerFall] Loot Spawned [21] TWP_M40A5 @ <7376.065918, 310.419708, 7751.096191> ... Lifespan: Set to 120 minutes.
[AirdropContainerFall] Loot Spawned [22] TWP_M40A5 @ <7373.317383, 310.148773, 7752.404297> ... Lifespan: Set to 120 minutes.
[AirdropContainerFall] Loot Spawned [23] TWP_Remington870Tactical @ <7374.053223, 310.169434, 7751.029785> ... Lifespan: Set to 120 minutes.
[AirdropContainerFall] Loot Spawned [24] TWP_M40A5 @ <7376.582520, 310.379028, 7749.042969> ... Lifespan: Set to 120 minutes.
[AirdropContainerFall] Loot Spawned [25] TWP_M40A5_mag_5Rnd @ <7375.719238, 310.384827, 7751.248047> ... Lifespan: Set to 120 minutes.
[AirdropContainerFall] Loot Spawned [26] TWP_XM8_mag_30Rnd @ <7376.149902, 310.425873, 7751.015625> ... Lifespan: Set to 120 minutes.
[AirdropContainerFall] Loot Spawned [27] TWP_XM8 @ <7376.963379, 310.527527, 7751.038086> ... Lifespan: Set to 120 minutes.
[AirdropContainerFall] Loot Spawned [28] AmmoBox_00buck_10rnd @ <7373.374023, 310.010071, 7749.529297> ... Lifespan: Set to 120 minutes.
[AirdropContainerFall] Loot Spawned [29] TWP_Uzi @ <7372.518066, 309.992523, 7751.255371> ... Lifespan: Set to 120 minutes.
[AirdropContainerFall] Loot Spawned [30] TWP_ThompsonMK2_mag_50Rnd @ <7373.362793, 310.098114, 7751.293945> ... Lifespan: Set to 120 minutes.
[AirdropContainerFall] Airdrop Flare Spawned @ <7376.147949, 310.389984, 7750.311035> ... Lifespan: Set to 120 minutes.
[AirdropContainerUnstuck] Container was unstuck.
[~AirdropContainerBase] Container Destroyed on 2021-04-16 @ 00-07-25
