[InitializeContainer] Container created on 2021-02-18 @ 04-07-14
[InitializeContainer] Winds: Vector <8.348760, 0.000000, 10.745638>, Speed 13.6077mps, Strength 0.1
[AirdropContainerFall] Drop Type 'Military Weapons', Container: 'AirdropContainer', Mode/Quantity/Iems: Random/30/14, Flare:  10%
[AirdropContainerFall] Loot Spawned [1] TTC_Ammo_50Beo @ <5007.346680, 9.905284, 2586.945801> ... Lifespan: Set to 120 minutes.
[AirdropContainerFall] Loot Spawned [2] Vodka @ <5006.836914, 10.068228, 2589.165039> ... Lifespan: Set to 120 minutes.
[AirdropContainerFall] Loot Spawned [3] TTC_AmmoBox_50Beo_20rnd @ <5006.693848, 9.828092, 2586.708984> ... Lifespan: Set to 120 minutes.
[AirdropContainerFall] Loot Spawned [4] Vodka @ <5003.673340, 9.521990, 2586.708252> ... Lifespan: Set to 120 minutes.
[AirdropContainerFall] Loot Spawned [5] Mag_AKM_30Rnd @ <5007.725098, 10.032849, 2588.058838> ... Lifespan: Set to 120 minutes.
[AirdropContainerFall] Loot Spawned [6] Mag_AKM_30Rnd @ <5006.850098, 9.797589, 2585.715576> ... Lifespan: Set to 120 minutes.
[AirdropContainerFall] Loot Spawned [7] AKM @ <5007.772949, 9.960382, 2587.199951> ... Lifespan: Set to 120 minutes.
[AirdropContainerFall] Loot Spawned [8] PowderedMilk @ <5004.062500, 9.732526, 2588.683594> ... Lifespan: Set to 120 minutes.
[AirdropContainerFall] Loot Spawned [9] TTC_50Beo_mag @ <5007.195313, 10.232977, 2590.298096> ... Lifespan: Set to 120 minutes.
[AirdropContainerFall] Loot Spawned [10] TWP_BerettaPX4 @ <5008.545898, 10.306392, 2589.458984> ... Lifespan: Set to 120 minutes.
[AirdropContainerFall] Loot Spawned [11] TWP_BerettaPX4_mag_17Rnd @ <5007.718750, 9.950142, 2587.098877> ... Lifespan: Set to 120 minutes.
[AirdropContainerFall] Loot Spawned [12] TTC_Buttstock3 @ <5008.212402, 9.997747, 2587.046387> ... Lifespan: Set to 120 minutes.
[AirdropContainerFall] Loot Spawned [13] PowderedMilk @ <5008.339844, 9.978566, 2586.359131> ... Lifespan: Set to 120 minutes.
[AirdropContainerFall] Loot Spawned [14] AKM @ <5007.297852, 9.838416, 2585.618164> ... Lifespan: Set to 120 minutes.
[AirdropContainerFall] Loot Spawned [15] BakedBeansCan @ <5004.341309, 9.723604, 2588.355713> ... Lifespan: Set to 120 minutes.
[AirdropContainerFall] Loot Spawned [16] TTC_AmmoBox_50Beo_20rnd @ <5008.244141, 10.005071, 2587.134766> ... Lifespan: Set to 120 minutes.
[AirdropContainerFall] Loot Spawned [17] TTC_AmmoBox_50Beo_20rnd @ <5007.240234, 10.174488, 2589.741943> ... Lifespan: Set to 120 minutes.
[AirdropContainerFall] Loot Spawned [18] TTC_50Beo_mag @ <5007.462402, 9.916048, 2586.924805> ... Lifespan: Set to 120 minutes.
[AirdropContainerFall] Loot Spawned [19] TTC_Beowulf @ <5004.838379, 9.835301, 2588.896729> ... Lifespan: Set to 120 minutes.
[AirdropContainerFall] Loot Spawned [20] TTC_Beowulf @ <5005.548340, 9.891865, 2588.760986> ... Lifespan: Set to 120 minutes.
[AirdropContainerFall] Loot Spawned [21] Vodka @ <5007.722168, 10.088705, 2588.554199> ... Lifespan: Set to 120 minutes.
[AirdropContainerFall] Loot Spawned [22] TTC_AmmoBox_50Beo_20rnd @ <5006.118164, 9.974674, 2588.982178> ... Lifespan: Set to 120 minutes.
[AirdropContainerFall] Loot Spawned [23] TTC_Buttstock3 @ <5004.747070, 9.617074, 2586.414795> ... Lifespan: Set to 120 minutes.
[AirdropContainerFall] Loot Spawned [24] PowderedMilk @ <5005.979492, 9.665056, 2584.766113> ... Lifespan: Set to 120 minutes.
[AirdropContainerFall] Loot Spawned [25] TWP_BerettaPX4 @ <5006.304688, 10.011218, 2589.137939> ... Lifespan: Set to 120 minutes.
[AirdropContainerFall] Loot Spawned [26] TTC_Ammo_50Beo @ <5006.534668, 9.722260, 2584.787109> ... Lifespan: Set to 120 minutes.
[AirdropContainerFall] Loot Spawned [27] TTC_Ammo_50Beo @ <5005.238281, 9.694275, 2587.002441> ... Lifespan: Set to 120 minutes.
[AirdropContainerFall] Loot Spawned [28] TTC_AmmoBox_50Beo_20rnd @ <5005.111328, 9.782067, 2588.183105> ... Lifespan: Set to 120 minutes.
[AirdropContainerFall] Loot Spawned [29] TWP_BerettaPX4_mag_17Rnd @ <5008.044434, 10.036019, 2587.801025> ... Lifespan: Set to 120 minutes.
[AirdropContainerFall] Loot Spawned [30] TTC_AmmoBox_50Beo_20rnd @ <5005.405762, 9.636485, 2585.400391> ... Lifespan: Set to 120 minutes.
[AirdropContainerUnstuck] Container was unstuck.
[~AirdropContainerBase] Container Destroyed on 2021-02-18 @ 05-07-20
