[AirdropPlane] Aircraft created on 2021-03-30 @ 01-32-58
[InitializeAircraft] Aircraft Initialized: Player Called @ 2776.96/5298.72 (false)
[EOnBeforeDrop] The Aircraft is 1 Km from called location. @ <2130.157715, 459.701294, 6652.064453>
[EOnDrop] Zombie Spawned [1] Animal_CanisLupus_Grey @ <2717.929199, 207.029999, 5379.041504> ... Lifespan:  Set to 120 minutes.
[EOnDrop] Zombie Spawned [2] Animal_CanisLupus_White @ <2719.256592, 207.033096, 5404.404785> ... Lifespan:  Set to 120 minutes.
[EOnDrop] Zombie Spawned [3] ZmbM_SoldierNormal @ <2757.260986, 206.867203, 5393.242676> ... Lifespan:  Set to 120 minutes.
[EOnDrop] Zombie Spawned [4] ZmbM_JoggerSkinny_Red @ <2759.906006, 206.881454, 5391.328613> ... Lifespan:  Set to 120 minutes.
[EOnDrop] Zombie Spawned [5] Animal_CanisLupus_Grey @ <2768.184570, 207.035248, 5400.235352> ... Lifespan:  Set to 120 minutes.
[EOnDrop] Zombie Spawned [6] ZmbF_ShortSkirt_black @ <2762.014648, 206.824310, 5413.174805> ... Lifespan:  Set to 120 minutes.
[EOnDrop] Zombie Spawned [7] Animal_CanisLupus_White @ <2708.610352, 207.029999, 5361.292969> ... Lifespan:  Set to 120 minutes.
[EOnDrop] Zombie Spawned [8] ZmbM_Jacket_brown @ <2734.531494, 207.029999, 5392.276855> ... Lifespan:  Set to 120 minutes.
[EOnDrop] Zombie Spawned [9] ZmbF_MilkMaidOld_Green @ <2782.931152, 206.952850, 5369.785156> ... Lifespan:  Set to 120 minutes.
[EOnDrop] Zombie Spawned [10] ZmbM_PatrolNormal_Summer @ <2737.194092, 207.029999, 5354.798340> ... Lifespan:  Set to 120 minutes.
[EOnDrop] Zombie Spawned [11] ZmbM_PatrolNormal_Summer @ <2713.364258, 207.029999, 5391.437012> ... Lifespan:  Set to 120 minutes.
[EOnDrop] Zombie Spawned [12] ZmbM_FishermanOld_Blue @ <2753.829834, 206.885284, 5391.792969> ... Lifespan:  Set to 120 minutes.
[EOnDrop] Zombie Spawned [13] ZmbM_PatrolNormal_Autumn @ <2730.148926, 207.121475, 5403.811035> ... Lifespan:  Set to 120 minutes.
[EOnDrop] Zombie Spawned [14] ZmbM_PatrolNormal_PautRev @ <2742.897705, 206.994171, 5409.381348> ... Lifespan:  Set to 120 minutes.
[EOnDrop] Zombie Spawned [15] ZmbM_PatrolNormal_Flat @ <2729.074707, 207.073059, 5402.614746> ... Lifespan:  Set to 120 minutes.
[EOnDrop] Zombie Spawned [16] Animal_CanisLupus_White @ <2726.706299, 207.029999, 5379.982910> ... Lifespan:  Set to 120 minutes.
[EOnDrop] Zombie Spawned [17] ZmbF_PoliceWomanNormal @ <2744.832764, 207.059128, 5351.358887> ... Lifespan:  Set to 120 minutes.
[EOnDrop] Zombie Spawned [18] ZmbF_ShortSkirt_grey @ <2766.819336, 207.029999, 5372.752441> ... Lifespan:  Set to 120 minutes.
[EOnDrop] Zombie Spawned [19] Animal_CanisLupus_Grey @ <2717.999023, 207.029999, 5390.090820> ... Lifespan:  Set to 120 minutes.
[EOnDrop] Zombie Spawned [20] Animal_CanisLupus_Grey @ <2715.959717, 206.957504, 5419.968750> ... Lifespan:  Set to 120 minutes.
[EOnDrop] Zombie Spawned [21] ZmbM_SoldierNormal @ <2725.620850, 207.029999, 5376.241699> ... Lifespan:  Set to 120 minutes.
[EOnDrop] Zombie Spawned [22] ZmbM_FishermanOld_Red @ <2744.930908, 207.029999, 5365.532227> ... Lifespan:  Set to 120 minutes.
[EOnDrop] Zombie Spawned [23] ZmbM_PatrolNormal_PautRev @ <2722.847656, 207.302887, 5428.974121> ... Lifespan:  Set to 120 minutes.
[EOnDrop] Zombie Spawned [24] ZmbM_PatrolNormal_Flat @ <2715.588867, 207.029999, 5389.982910> ... Lifespan:  Set to 120 minutes.
[EOnDrop] Zombie Spawned [25] ZmbF_SurvivorNormal_Red @ <2721.103516, 207.014435, 5420.626953> ... Lifespan:  Set to 120 minutes.
[EOnDrop] Zombie Spawned [26] Animal_CanisLupus_Grey @ <2741.914551, 206.924072, 5408.216309> ... Lifespan:  Set to 120 minutes.
[EOnDrop] Zombie Spawned [27] ZmbM_MechanicSkinny_Blue @ <2759.283691, 206.825409, 5411.628906> ... Lifespan:  Set to 120 minutes.
[EOnDrop] Zombie Spawned [28] ZmbM_MechanicSkinny_Blue @ <2772.190186, 206.992477, 5370.309570> ... Lifespan:  Set to 120 minutes.
[EOnDrop] Zombie Spawned [29] Animal_CanisLupus_White @ <2728.780762, 207.029999, 5390.844727> ... Lifespan:  Set to 120 minutes.
[EOnDrop] Zombie Spawned [30] ZmbM_FishermanOld_Grey @ <2740.205811, 207.034470, 5399.359863> ... Lifespan:  Set to 120 minutes.
[EOnDrop] Zombie Spawned [31] Animal_CanisLupus_White @ <2727.310059, 207.029999, 5360.976074> ... Lifespan:  Set to 120 minutes.
[EOnDrop] Zombie Spawned [32] ZmbM_FishermanOld_Red @ <2750.475098, 207.048843, 5424.087891> ... Lifespan:  Set to 120 minutes.
[EOnDrop] Zombie Spawned [33] ZmbF_Clerk_Normal_White @ <2716.364014, 207.029999, 5391.042480> ... Lifespan:  Set to 120 minutes.
[EOnDrop] Zombie Spawned [34] ZmbF_HikerSkinny_Grey @ <2756.406494, 207.029999, 5357.148926> ... Lifespan:  Set to 120 minutes.
[EOnDrop] Zombie Spawned [35] ZmbF_ShortSkirt_yellow @ <2728.055420, 207.029999, 5393.401855> ... Lifespan:  Set to 120 minutes.
[EOnDrop] Zombie Spawned [36] ZmbM_OffshoreWorker_Yellow @ <2729.479492, 207.211060, 5414.925781> ... Lifespan:  Set to 120 minutes.
[EOnDrop] Zombie Spawned [37] ZmbM_ConstrWorkerNormal_Green @ <2732.174561, 207.266388, 5422.915527> ... Lifespan:  Set to 120 minutes.
[EOnDrop] Zombie Spawned [38] ZmbM_PatrolNormal_Autumn @ <2702.642090, 206.732788, 5408.065918> ... Lifespan:  Set to 120 minutes.
[EOnDrop] Zombie Spawned [39] ZmbF_VillagerOld_Green @ <2751.290039, 207.039673, 5342.142090> ... Lifespan:  Set to 120 minutes.
[EOnDrop] Zombie Spawned [40] ZmbM_HandymanNormal_Grey @ <2724.834473, 207.029999, 5381.389648> ... Lifespan:  Set to 120 minutes.
[EOnDrop] Drop spawned with 40 infected at <2736.054199, 356.265320, 5385.173828>.
[EOnDrop] Supplies have been dropped near the player's location.
[EOnBeforeDelete] Aircraft despawned @ <5789.175781, 152.000610, -1000.317261>
[~AirdropPlane] Aircraft destroyed.
