[AirdropPlane] Aircraft created on 2021-02-07 @ 22-25-46
[InitializeAircraft] Aircraft Initialized: Northwest Airfield @ 4807/9812 (true)
[EOnBeforeDrop] The Aircraft is 1 Km from Northwest Airfield. @ <5738.667969, 470.484833, 8638.257813>
[EOnDrop] Zombie Spawned [1] ZmbM_PatrolNormal_Summer @ <4892.233887, 339.636597, 9744.918945> ... Lifespan:  Set to 120 minutes.
[EOnDrop] Zombie Spawned [2] ZmbM_PatrolNormal_Autumn @ <4908.960938, 339.500000, 9746.207031> ... Lifespan:  Set to 120 minutes.
[EOnDrop] Zombie Spawned [3] ZmbM_PatrolNormal_Summer @ <4847.708984, 342.074921, 9743.431641> ... Lifespan:  Set to 120 minutes.
[EOnDrop] Zombie Spawned [4] ZmbM_SoldierNormal @ <4903.236328, 339.500000, 9769.967773> ... Lifespan:  Set to 120 minutes.
[EOnDrop] Zombie Spawned [5] ZmbM_PatrolNormal_PautRev @ <4825.540039, 340.710815, 9720.615234> ... Lifespan:  Set to 120 minutes.
[EOnDrop] Zombie Spawned [6] ZmbM_PatrolNormal_Summer @ <4887.228027, 340.165222, 9743.644531> ... Lifespan:  Set to 120 minutes.
[EOnDrop] Zombie Spawned [7] ZmbM_PatrolNormal_Autumn @ <4885.339355, 339.500000, 9776.573242> ... Lifespan:  Set to 120 minutes.
[EOnDrop] Zombie Spawned [8] ZmbM_SoldierNormal @ <4877.511719, 340.787384, 9752.321289> ... Lifespan:  Set to 120 minutes.
[EOnDrop] Zombie Spawned [9] ZmbM_PatrolNormal_Flat @ <4866.900391, 341.800751, 9720.337891> ... Lifespan:  Set to 120 minutes.
[EOnDrop] Zombie Spawned [10] ZmbM_PatrolNormal_Autumn @ <4824.933105, 340.748627, 9717.801758> ... Lifespan:  Set to 120 minutes.
[EOnDrop] Zombie Spawned [11] ZmbM_PatrolNormal_PautRev @ <4858.205566, 342.022278, 9732.293945> ... Lifespan:  Set to 120 minutes.
[EOnDrop] Zombie Spawned [12] ZmbM_PatrolNormal_Autumn @ <4880.863770, 339.800415, 9766.867188> ... Lifespan:  Set to 120 minutes.
[EOnDrop] Zombie Spawned [13] ZmbM_PatrolNormal_Flat @ <4861.279785, 341.427460, 9705.041016> ... Lifespan:  Set to 120 minutes.
[EOnDrop] Zombie Spawned [14] ZmbM_PatrolNormal_PautRev @ <4840.422363, 341.896149, 9787.329102> ... Lifespan:  Set to 120 minutes.
[EOnDrop] Zombie Spawned [15] ZmbM_PatrolNormal_Autumn @ <4835.566406, 341.325439, 9722.972656> ... Lifespan:  Set to 120 minutes.
[EOnDrop] Zombie Spawned [16] ZmbM_PatrolNormal_Autumn @ <4831.778320, 342.939392, 9777.362305> ... Lifespan:  Set to 120 minutes.
[EOnDrop] Zombie Spawned [17] ZmbM_PatrolNormal_Flat @ <4876.791016, 341.094330, 9740.416016> ... Lifespan:  Set to 120 minutes.
[EOnDrop] Zombie Spawned [18] ZmbM_SoldierNormal @ <4900.536621, 339.500000, 9743.939453> ... Lifespan:  Set to 120 minutes.
[EOnDrop] Zombie Spawned [19] ZmbM_PatrolNormal_Autumn @ <4895.790039, 339.500000, 9752.728516> ... Lifespan:  Set to 120 minutes.
[EOnDrop] Zombie Spawned [20] ZmbM_PatrolNormal_Flat @ <4830.018555, 342.342133, 9757.714844> ... Lifespan:  Set to 120 minutes.
[EOnDrop] Zombie Spawned [21] ZmbM_PatrolNormal_Flat @ <4881.102539, 340.778503, 9737.962891> ... Lifespan:  Set to 120 minutes.
[EOnDrop] Zombie Spawned [22] ZmbM_PatrolNormal_PautRev @ <4847.604980, 342.469879, 9761.662109> ... Lifespan:  Set to 120 minutes.
[EOnDrop] Zombie Spawned [23] ZmbM_PatrolNormal_Autumn @ <4821.397461, 341.487579, 9744.150391> ... Lifespan:  Set to 120 minutes.
[EOnDrop] Zombie Spawned [24] ZmbM_PatrolNormal_PautRev @ <4865.838867, 340.562408, 9774.381836> ... Lifespan:  Set to 120 minutes.
[EOnDrop] Zombie Spawned [25] ZmbM_SoldierNormal @ <4873.177246, 341.337921, 9710.507813> ... Lifespan:  Set to 120 minutes.
[EOnDrop] Zombie Spawned [26] ZmbM_PatrolNormal_PautRev @ <4829.437988, 340.983948, 9721.838867> ... Lifespan:  Set to 120 minutes.
[EOnDrop] Zombie Spawned [27] ZmbM_PatrolNormal_Flat @ <4843.133789, 342.717529, 9774.873047> ... Lifespan:  Set to 120 minutes.
[EOnDrop] Zombie Spawned [28] ZmbM_PatrolNormal_PautRev @ <4815.086914, 341.293274, 9746.667969> ... Lifespan:  Set to 120 minutes.
[EOnDrop] Zombie Spawned [29] ZmbM_PatrolNormal_PautRev @ <4866.360840, 341.653137, 9735.452148> ... Lifespan:  Set to 120 minutes.
[EOnDrop] Zombie Spawned [30] ZmbM_PatrolNormal_Autumn @ <4867.526367, 341.650604, 9745.846680> ... Lifespan:  Set to 120 minutes.
[EOnDrop] Drop spawned with 30 infected at <4862.039063, 482.135223, 9742.610352>.
[EOnDrop] Supplies have been dropped near Northwest Airfield.
[EOnBeforeDelete] Aircraft despawned @ <-391.739532, 593.783264, 16361.171875>
[~AirdropPlane] Aircraft destroyed.
