[InitializeContainer] Container created on 2021-04-06 @ 14-12-02
[InitializeContainer] Winds: Vector <1.369731, 0.000000, -6.925241>, Speed 7.0594mps, Strength 0.1
[AirdropContainerFall] Drop Type 'Food/Medical', Container: 'AirdropContainer_Medical', Mode/Quantity/Iems: Random/20/11, Flare:  10%
[AirdropContainerFall] Loot Spawned [1] TacticalBaconCan @ <13461.038086, 3.589151, 3026.369629> ... Lifespan: Set to 120 minutes.
[AirdropContainerFall] Loot Spawned [2] ToxicM18SmokeGrenade_Red @ <13461.388672, 3.744432, 3028.049805> ... Lifespan: Set to 120 minutes.
[AirdropContainerFall] Loot Spawned [3] Canteen @ <13461.497070, 3.601368, 3026.055420> ... Lifespan: Set to 120 minutes.
[AirdropContainerFall] Loot Spawned [4] PeachesCan @ <13457.871094, 3.330550, 3025.450195> ... Lifespan: Set to 120 minutes.
[AirdropContainerFall] Loot Spawned [5] ToxicM18SmokeGrenade_Green @ <13458.668945, 3.463520, 3027.168945> ... Lifespan: Set to 120 minutes.
[AirdropContainerFall] Loot Spawned [6] ToxicM18SmokeGrenade_Red @ <13457.592773, 3.384566, 3027.097412> ... Lifespan: Set to 120 minutes.
[AirdropContainerFall] Loot Spawned [7] VitaminBottle @ <13460.479492, 3.485762, 3025.587158> ... Lifespan: Set to 120 minutes.
[AirdropContainerFall] Loot Spawned [8] PeachesCan @ <13461.332031, 3.617454, 3026.437744> ... Lifespan: Set to 120 minutes.
[AirdropContainerFall] Loot Spawned [9] TunaCan @ <13461.151367, 3.869166, 3029.936523> ... Lifespan: Set to 120 minutes.
[AirdropContainerFall] Loot Spawned [10] VitaminBottle @ <13457.919922, 3.555265, 3029.151367> ... Lifespan: Set to 120 minutes.
[AirdropContainerFall] Loot Spawned [11] ToxicM18SmokeGrenade_Green @ <13461.208008, 3.653323, 3027.037598> ... Lifespan: Set to 120 minutes.
[AirdropContainerFall] Loot Spawned [12] TunaCan @ <13460.152344, 3.700676, 3028.753418> ... Lifespan: Set to 120 minutes.
[AirdropContainerFall] Loot Spawned [13] VitaminBottle @ <13458.457031, 3.532119, 3028.290527> ... Lifespan: Set to 120 minutes.
[AirdropContainerFall] Loot Spawned [14] PeachesCan @ <13461.301758, 3.554942, 3025.646484> ... Lifespan: Set to 120 minutes.
[AirdropContainerFall] Loot Spawned [15] ToxicCure @ <13462.182617, 3.890545, 3029.150635> ... Lifespan: Set to 120 minutes.
[AirdropContainerFall] Loot Spawned [16] ToxicCure @ <13457.267578, 3.475301, 3028.773926> ... Lifespan: Set to 120 minutes.
[AirdropContainerFall] Loot Spawned [17] SpaghettiCan @ <13461.989258, 3.781033, 3027.909668> ... Lifespan: Set to 120 minutes.
[AirdropContainerFall] Loot Spawned [18] ToxicM18SmokeGrenade_Green @ <13458.412109, 3.363085, 3025.686279> ... Lifespan: Set to 120 minutes.
[AirdropContainerFall] Loot Spawned [19] TacticalBaconCan @ <13461.311523, 3.786984, 3028.689209> ... Lifespan: Set to 120 minutes.
[AirdropContainerFall] Loot Spawned [20] ToxicM18SmokeGrenade_Red @ <13458.314453, 3.358255, 3025.670166> ... Lifespan: Set to 120 minutes.
[AirdropContainerUnstuck] Container was unstuck.
[~AirdropContainerBase] Container Destroyed on 2021-04-06 @ 16-00-41
