[AirdropPlane] Aircraft created on 2021-01-25 @ 02-05-27
[InitializeAircraft] Aircraft Initialized: Novodmitrovsk @ 11125/14040 (true)
[EOnBeforeDrop] The Aircraft is 1 Km from Novodmitrovsk. @ <11686.240234, 292.881744, 12650.824219>
[EOnDrop] Zombie Spawned [1] ZmbF_ParamedicNormal_Blue @ <11147.411133, 132.242935, 13913.380859> ... Lifespan:  Set to 120 minutes.
[EOnDrop] Zombie Spawned [2] ZmbF_PoliceWomanNormal @ <11156.158203, 126.832802, 13931.674805> ... Lifespan:  Set to 120 minutes.
[EOnDrop] Zombie Spawned [3] ZmbF_NurseFat @ <11128.093750, 111.908630, 13986.376953> ... Lifespan:  Set to 120 minutes.
[EOnDrop] Zombie Spawned [4] ZmbF_JournalistNormal_White @ <11117.995117, 132.072983, 13936.212891> ... Lifespan:  Set to 120 minutes.
[EOnDrop] Zombie Spawned [5] ZmbM_CommercialPilotOld_Grey @ <11134.370117, 121.521034, 13961.763672> ... Lifespan:  Set to 120 minutes.
[EOnDrop] Zombie Spawned [6] ZmbM_CommercialPilotOld_Brown @ <11194.480469, 101.609276, 13986.668945> ... Lifespan:  Set to 120 minutes.
[EOnDrop] Zombie Spawned [7] ZmbF_ParamedicNormal_Red @ <11183.322266, 103.038689, 13974.722656> ... Lifespan:  Set to 120 minutes.
[EOnDrop] Zombie Spawned [8] ZmbM_JoggerSkinny_Blue @ <11196.543945, 123.144531, 13931.149414> ... Lifespan:  Set to 120 minutes.
[EOnDrop] Zombie Spawned [9] ZmbM_CitizenBFat_Red @ <11161.681641, 104.999207, 13992.791016> ... Lifespan:  Set to 120 minutes.
[EOnDrop] Zombie Spawned [10] ZmbM_PatrolNormal_Summer @ <11193.922852, 103.610237, 13968.574219> ... Lifespan:  Set to 120 minutes.
[EOnDrop] Zombie Spawned [11] ZmbM_ParamedicNormal_Black @ <11145.146484, 131.328384, 13922.958984> ... Lifespan:  Set to 120 minutes.
[EOnDrop] Zombie Spawned [12] ZmbM_SkaterYoung_Grey @ <11176.665039, 128.275330, 13912.488281> ... Lifespan:  Set to 120 minutes.
[EOnDrop] Zombie Spawned [13] ZmbM_SkaterYoung_Blue @ <11126.115234, 119.102005, 13968.914063> ... Lifespan:  Set to 120 minutes.
[EOnDrop] Zombie Spawned [14] ZmbF_ShortSkirt_brown @ <11194.591797, 122.617165, 13933.653320> ... Lifespan:  Set to 120 minutes.
[EOnDrop] Zombie Spawned [15] ZmbM_SkaterYoung_Green @ <11189.935547, 125.907166, 13925.070313> ... Lifespan:  Set to 120 minutes.
[EOnDrop] Zombie Spawned [16] ZmbM_Jacket_blue @ <11122.780273, 113.561241, 13981.868164> ... Lifespan:  Set to 120 minutes.
[EOnDrop] Zombie Spawned [17] ZmbM_Jacket_beige @ <11148.659180, 108.597672, 13978.520508> ... Lifespan:  Set to 120 minutes.
[EOnDrop] Zombie Spawned [18] ZmbF_ShortSkirt_beige @ <11148.871094, 107.239983, 13983.881836> ... Lifespan:  Set to 120 minutes.
[EOnDrop] Zombie Spawned [19] ZmbM_CommercialPilotOld_Grey @ <11140.488281, 126.364830, 13937.904297> ... Lifespan:  Set to 120 minutes.
[EOnDrop] Zombie Spawned [20] ZmbF_DoctorSkinny @ <11137.672852, 131.135574, 13928.038086> ... Lifespan:  Set to 120 minutes.
[EOnDrop] Zombie Spawned [21] ZmbF_Clerk_Normal_White @ <11169.596680, 119.697548, 13955.188477> ... Lifespan:  Set to 120 minutes.
[EOnDrop] Zombie Spawned [22] ZmbM_SkaterYoung_Blue @ <11147.745117, 107.465256, 13986.580078> ... Lifespan:  Set to 120 minutes.
[EOnDrop] Zombie Spawned [23] ZmbF_SkaterYoung_Brown @ <11123.033203, 114.451317, 13978.818359> ... Lifespan:  Set to 120 minutes.
[EOnDrop] Zombie Spawned [24] ZmbF_ParamedicNormal_Red @ <11117.057617, 116.375961, 13975.806641> ... Lifespan:  Set to 120 minutes.
[EOnDrop] Zombie Spawned [25] ZmbM_JoggerSkinny_Red @ <11149.512695, 117.933334, 13967.515625> ... Lifespan:  Set to 120 minutes.
[EOnDrop] Zombie Spawned [26] ZmbF_JournalistNormal_White @ <11137.347656, 121.193085, 13964.036133> ... Lifespan:  Set to 120 minutes.
[EOnDrop] Zombie Spawned [27] ZmbF_JoggerSkinny_Green @ <11163.199219, 105.010117, 13979.222656> ... Lifespan:  Set to 120 minutes.
[EOnDrop] Zombie Spawned [28] ZmbM_PatrolNormal_Flat @ <11161.872070, 126.622673, 13933.721680> ... Lifespan:  Set to 120 minutes.
[EOnDrop] Zombie Spawned [29] ZmbF_ParamedicNormal_Red @ <11172.569336, 126.122688, 13933.723633> ... Lifespan:  Set to 120 minutes.
[EOnDrop] Zombie Spawned [30] ZmbM_Jacket_greenchecks @ <11181.637695, 117.223694, 13954.387695> ... Lifespan:  Set to 120 minutes.
[EOnDrop] Drop spawned with 30 infected at <11159.406250, 288.309814, 13958.628906>.
[EOnDrop] Supplies have been dropped near Novodmitrovsk.
[EOnBeforeDelete] Aircraft despawned @ <10191.501953, 415.243225, 16361.339844>
[~AirdropPlane] Aircraft destroyed.
