[InitializeContainer] Container created on 2021-02-20 @ 05-06-39
[InitializeContainer] Winds: Vector <5.050929, 0.000000, -6.660151>, Speed 8.3588mps, Strength 0.1
[AirdropContainerFall] Drop Type 'Military Weapons', Container: 'AirdropContainer_Military', Mode/Quantity/Iems: Random/20/18, Flare:  10%
[AirdropContainerFall] Loot Spawned [1] AmmoBox_762x54_20Rnd @ <7492.653809, 327.491669, 7756.681641> ... Lifespan: Set to 120 minutes.
[AirdropContainerFall] Loot Spawned [2] AmmoBox_762x39_20Rnd @ <7490.752930, 327.347412, 7757.071289> ... Lifespan: Set to 120 minutes.
[AirdropContainerFall] Loot Spawned [3] FNX45 @ <7488.850098, 327.096100, 7754.593262> ... Lifespan: Set to 120 minutes.
[AirdropContainerFall] Loot Spawned [4] TWP_RemingtonMSR @ <7491.924316, 327.347656, 7754.437500> ... Lifespan: Set to 120 minutes.
[AirdropContainerFall] Loot Spawned [5] TWP_P90Shallow_Grave @ <7491.284180, 327.287445, 7754.285645> ... Lifespan: Set to 120 minutes.
[AirdropContainerFall] Loot Spawned [6] LandMineTrap @ <7493.229492, 327.506195, 7755.662109> ... Lifespan: Set to 120 minutes.
[AirdropContainerFall] Loot Spawned [7] LandMineTrap @ <7489.995117, 327.239075, 7755.818359> ... Lifespan: Set to 120 minutes.
[AirdropContainerFall] Loot Spawned [8] TWP_USPPsychodelic_mag_15Rnd @ <7488.500488, 327.092346, 7755.229492> ... Lifespan: Set to 120 minutes.
[AirdropContainerFall] Loot Spawned [9] TWP_RemingtonMSR_mag_5Rnd @ <7492.704102, 327.548706, 7758.201172> ... Lifespan: Set to 120 minutes.
[AirdropContainerFall] Loot Spawned [10] Mag_AKM_30Rnd @ <7490.155762, 327.249359, 7755.728516> ... Lifespan: Set to 120 minutes.
[AirdropContainerFall] Loot Spawned [11] M4A1 @ <7488.362793, 327.130707, 7756.617188> ... Lifespan: Set to 120 minutes.
[AirdropContainerFall] Loot Spawned [12] AmmoBox_762x54_20Rnd @ <7489.109863, 327.209290, 7757.055664> ... Lifespan: Set to 120 minutes.
[AirdropContainerFall] Loot Spawned [13] M4A1 @ <7492.518066, 327.539795, 7758.409668> ... Lifespan: Set to 120 minutes.
[AirdropContainerFall] Loot Spawned [14] TWP_USPPsychodelic_mag_15Rnd @ <7493.553711, 327.540863, 7755.851074> ... Lifespan: Set to 120 minutes.
[AirdropContainerFall] Loot Spawned [15] TWP_RemingtonMSR_mag_5Rnd @ <7491.293457, 327.407288, 7757.509277> ... Lifespan: Set to 120 minutes.
[AirdropContainerFall] Spawn failed for item [16] 'TWP_P90Shallow_Grave_mag_50Rn', does not exist in DayZ!
[AirdropContainerFall] Loot Spawned [17] LandMineTrap @ <7490.878418, 327.361115, 7757.167480> ... Lifespan: Set to 120 minutes.
[AirdropContainerFall] Loot Spawned [18] Mag_STANAG_30Rnd @ <7491.965820, 327.455048, 7757.284180> ... Lifespan: Set to 120 minutes.
[AirdropContainerFall] Loot Spawned [19] FNX45 @ <7492.280273, 327.488464, 7757.498047> ... Lifespan: Set to 120 minutes.
[AirdropContainerFall] Loot Spawned [20] TWP_RemingtonMSR @ <7490.409180, 327.252106, 7755.213379> ... Lifespan: Set to 120 minutes.
[AirdropContainerUnstuck] Container was unstuck.
[~AirdropContainerBase] Container Destroyed on 2021-02-20 @ 06-06-50
