[AirdropPlane] Aircraft created on 2021-04-18 @ 06-06-07
[InitializeAircraft] Aircraft Initialized: Stary Sobor @ 5823/7764 (true)
[EOnBeforeDrop] The Aircraft is 1 Km from Stary Sobor. @ <7057.182617, 523.003662, 8613.157227>
[EOnDrop] Zombie Spawned [1] ZmbM_FarmerFat_Beige @ <5908.136719, 306.593140, 7839.053223> ... Lifespan:  Set to 120 minutes.
[EOnDrop] Zombie Spawned [2] ZmbF_MilkMaidOld_Beige @ <5917.492188, 307.640930, 7797.801270> ... Lifespan:  Set to 120 minutes.
[EOnDrop] Zombie Spawned [3] ZmbM_FarmerFat_Brown @ <5905.641113, 306.655640, 7834.755859> ... Lifespan:  Set to 120 minutes.
[EOnDrop] Zombie Spawned [4] ZmbF_SurvivorNormal_Blue @ <5917.513184, 306.242065, 7817.318359> ... Lifespan:  Set to 120 minutes.
[EOnDrop] Zombie Spawned [5] ZmbM_HermitSkinny_Green @ <5908.497070, 307.919617, 7807.063477> ... Lifespan:  Set to 120 minutes.
[EOnDrop] Zombie Spawned [6] ZmbM_HunterOld_Autumn @ <5928.900879, 304.256622, 7839.016602> ... Lifespan:  Set to 120 minutes.
[EOnDrop] Zombie Spawned [7] ZmbM_HermitSkinny_Beige @ <5916.704590, 307.903473, 7796.320801> ... Lifespan:  Set to 120 minutes.
[EOnDrop] Zombie Spawned [8] ZmbM_MotobikerFat_Blue @ <5919.213379, 307.013885, 7802.063965> ... Lifespan:  Set to 120 minutes.
[EOnDrop] Zombie Spawned [9] ZmbM_HikerSkinny_Blue @ <5880.520508, 311.915497, 7773.521484> ... Lifespan:  Set to 120 minutes.
[EOnDrop] Zombie Spawned [10] ZmbM_MotobikerFat_Black @ <5897.504395, 307.647858, 7829.739746> ... Lifespan:  Set to 120 minutes.
[EOnDrop] Zombie Spawned [11] ZmbM_HunterOld_Autumn @ <5859.267090, 312.550232, 7809.208008> ... Lifespan:  Set to 120 minutes.
[EOnDrop] Zombie Spawned [12] ZmbF_HikerSkinny_Red @ <5934.304688, 303.996094, 7835.028320> ... Lifespan:  Set to 120 minutes.
[EOnDrop] Zombie Spawned [13] ZmbF_HikerSkinny_Grey @ <5908.391113, 308.314819, 7803.838379> ... Lifespan:  Set to 120 minutes.
[EOnDrop] Zombie Spawned [14] ZmbM_HunterOld_Autumn @ <5882.610352, 309.065979, 7846.619141> ... Lifespan:  Set to 120 minutes.
[EOnDrop] Zombie Spawned [15] ZmbM_VillagerOld_White @ <5866.356445, 311.678406, 7824.598633> ... Lifespan:  Set to 120 minutes.
[EOnDrop] Zombie Spawned [16] ZmbM_HunterOld_Spring @ <5888.260742, 307.668457, 7842.339844> ... Lifespan:  Set to 120 minutes.
[EOnDrop] Zombie Spawned [17] ZmbM_HermitSkinny_Green @ <5865.019043, 312.239838, 7833.169922> ... Lifespan:  Set to 120 minutes.
[EOnDrop] Zombie Spawned [18] ZmbM_VillagerOld_Green @ <5906.048340, 306.978455, 7821.755371> ... Lifespan:  Set to 120 minutes.
[EOnDrop] Zombie Spawned [19] ZmbM_HikerSkinny_Green @ <5868.058105, 312.126404, 7848.939453> ... Lifespan:  Set to 120 minutes.
[EOnDrop] Zombie Spawned [20] ZmbM_HunterOld_Summer @ <5919.829590, 307.597168, 7795.338867> ... Lifespan:  Set to 120 minutes.
[EOnDrop] Zombie Spawned [21] ZmbM_VillagerOld_Green @ <5885.367676, 310.389221, 7809.791992> ... Lifespan:  Set to 120 minutes.
[EOnDrop] Zombie Spawned [22] ZmbM_HunterOld_Autumn @ <5890.553223, 309.761993, 7811.720703> ... Lifespan:  Set to 120 minutes.
[EOnDrop] Zombie Spawned [23] ZmbF_MilkMaidOld_Green @ <5867.890625, 312.110535, 7802.572266> ... Lifespan:  Set to 120 minutes.
[EOnDrop] Spawn failed for zombie [24] 'ZmbM_SurvivorDean_Black', it does not exist in DayZ!
[EOnDrop] Zombie Spawned [25] ZmbM_VillagerOld_Green @ <5872.468262, 311.359222, 7815.426758> ... Lifespan:  Set to 120 minutes.
[EOnDrop] Zombie Spawned [26] ZmbF_MilkMaidOld_Beige @ <5940.098633, 304.048187, 7822.496582> ... Lifespan:  Set to 120 minutes.
[EOnDrop] Zombie Spawned [27] ZmbM_VillagerOld_White @ <5905.684082, 307.067657, 7820.864746> ... Lifespan:  Set to 120 minutes.
[EOnDrop] Zombie Spawned [28] ZmbM_HikerSkinny_Blue @ <5889.958496, 309.512268, 7817.071289> ... Lifespan:  Set to 120 minutes.
[EOnDrop] Zombie Spawned [29] ZmbF_SurvivorNormal_Blue @ <5931.457031, 306.838440, 7788.817383> ... Lifespan:  Set to 120 minutes.
[EOnDrop] Zombie Spawned [30] ZmbF_SurvivorNormal_White @ <5888.229492, 309.669556, 7817.667969> ... Lifespan:  Set to 120 minutes.
[EOnDrop] Zombie Spawned [31] ZmbF_SurvivorNormal_Orange @ <5900.823730, 310.101807, 7781.722656> ... Lifespan:  Set to 120 minutes.
[EOnDrop] Zombie Spawned [32] ZmbM_FarmerFat_Blue @ <5943.721191, 303.457947, 7834.613770> ... Lifespan:  Set to 120 minutes.
[EOnDrop] Zombie Spawned [33] ZmbF_VillagerOld_Blue @ <5922.970215, 305.720490, 7821.299805> ... Lifespan:  Set to 120 minutes.
[EOnDrop] Zombie Spawned [34] ZmbM_HunterOld_Autumn @ <5929.977539, 305.541046, 7809.639648> ... Lifespan:  Set to 120 minutes.
[EOnDrop] Zombie Spawned [35] ZmbF_MilkMaidOld_Beige @ <5895.763184, 307.786194, 7830.867676> ... Lifespan:  Set to 120 minutes.
[EOnDrop] Zombie Spawned [36] ZmbF_SurvivorNormal_Red @ <5873.136719, 311.389587, 7812.780762> ... Lifespan:  Set to 120 minutes.
[EOnDrop] Zombie Spawned [37] ZmbM_MotobikerFat_Blue @ <5877.257324, 310.364258, 7847.358398> ... Lifespan:  Set to 120 minutes.
[EOnDrop] Zombie Spawned [38] ZmbM_HikerSkinny_Blue @ <5896.487793, 309.960266, 7794.960938> ... Lifespan:  Set to 120 minutes.
[EOnDrop] Zombie Spawned [39] ZmbM_VillagerOld_Blue @ <5881.320801, 309.448517, 7844.750000> ... Lifespan:  Set to 120 minutes.
[EOnDrop] Zombie Spawned [40] ZmbM_MotobikerFat_Beige @ <5882.654297, 309.658386, 7833.113770> ... Lifespan:  Set to 120 minutes.
[EOnDrop] Drop spawned with 40 infected at <5900.487305, 451.090393, 7816.364258>.
[EOnDrop] Supplies have been dropped near Stary Sobor.
[EOnBeforeDelete] Aircraft despawned @ <-1000.924927, 236.146851, 3062.762451>
[~AirdropPlane] Aircraft destroyed.
