[InitializeContainer] Container created on 2021-02-05 @ 22-09-12
[InitializeContainer] Winds: Vector <10.911546, 0.000000, 5.956510>, Speed 12.4315mps, Strength 0.1
[AirdropContainerFall] Drop Type 'Military Weapons', Container: 'AirdropContainer_Military', Mode/Quantity/Iems: Random/20/18, Flare:  10%
[AirdropContainerFall] Loot Spawned [1] TacticalBaconCan @ <4857.810059, 341.566101, 9756.721680> ... Lifespan: Set to 120 minutes.
[AirdropContainerFall] Loot Spawned [2] LandMineTrap @ <4861.317871, 341.395355, 9756.095703> ... Lifespan: Set to 120 minutes.
[AirdropContainerFall] Loot Spawned [3] Mag_STANAG_30Rnd @ <4857.535645, 341.597565, 9755.320313> ... Lifespan: Set to 120 minutes.
[AirdropContainerFall] Loot Spawned [4] Izh18 @ <4857.061523, 341.625946, 9755.064453> ... Lifespan: Set to 120 minutes.
[AirdropContainerFall] Loot Spawned [5] FNX45 @ <4860.918457, 341.387726, 9757.127930> ... Lifespan: Set to 120 minutes.
[AirdropContainerFall] Loot Spawned [6] Mosin9130 @ <4859.949219, 341.454773, 9756.493164> ... Lifespan: Set to 120 minutes.
[AirdropContainerFall] Loot Spawned [7] Mosin_Bayonet @ <4856.385742, 341.660492, 9757.877930> ... Lifespan: Set to 120 minutes.
[AirdropContainerFall] Spawn failed for item [8] 'PlateCarrierComplete', does not exist in DayZ!
[AirdropContainerFall] Loot Spawned [9] AmmoBox_762x39_20Rnd @ <4858.866211, 341.531921, 9754.876953> ... Lifespan: Set to 120 minutes.
[AirdropContainerFall] Loot Spawned [10] LargeTent @ <4858.850586, 341.539185, 9754.341797> ... Lifespan: Set to 120 minutes.
[AirdropContainerFall] Loot Spawned [11] FNX45 @ <4860.756836, 341.417572, 9756.422852> ... Lifespan: Set to 120 minutes.
[AirdropContainerFall] Loot Spawned [12] LandMineTrap @ <4859.749512, 341.456757, 9757.217773> ... Lifespan: Set to 120 minutes.
[AirdropContainerFall] Loot Spawned [13] CombatBoots_Grey @ <4859.999512, 341.454224, 9756.315430> ... Lifespan: Set to 120 minutes.
[AirdropContainerFall] Loot Spawned [14] Mag_STANAG_30Rnd @ <4860.740723, 341.428619, 9755.567383> ... Lifespan: Set to 120 minutes.
[AirdropContainerFall] Loot Spawned [15] TacticalBaconCan @ <4859.756348, 341.481201, 9758.261719> ... Lifespan: Set to 120 minutes.
[AirdropContainerFall] Loot Spawned [16] AKM @ <4857.497070, 341.596924, 9755.546875> ... Lifespan: Set to 120 minutes.
[AirdropContainerFall] Loot Spawned [17] TTSKOPants @ <4855.976074, 341.660980, 9756.967773> ... Lifespan: Set to 120 minutes.
[AirdropContainerFall] Loot Spawned [18] Mosin9130 @ <4860.100098, 341.439606, 9757.840820> ... Lifespan: Set to 120 minutes.
[AirdropContainerFall] Loot Spawned [19] LandMineTrap @ <4858.580078, 341.539673, 9755.502930> ... Lifespan: Set to 120 minutes.
[AirdropContainerFall] Loot Spawned [20] Izh18 @ <4860.133301, 341.448669, 9758.414063> ... Lifespan: Set to 120 minutes.
[AirdropContainerUnstuck] Container was unstuck.
[~AirdropContainerBase] Container Destroyed on 2021-02-05 @ 23-02-00
