[InitializeContainer] Container created on 2021-02-22 @ 19-50-16
[InitializeContainer] Winds: Vector <11.057346, 0.000000, 5.382426>, Speed 12.2978mps, Strength 0.1
[AirdropContainerFall] Drop Type 'Military Weapons', Container: 'AirdropContainer_Military', Mode/Quantity/Iems: Random/20/18, Flare:  10%
[AirdropContainerFall] Loot Spawned [1] TWP_P8 @ <2775.650879, 310.093994, 6237.207520> ... Lifespan: Set to 120 minutes.
[AirdropContainerFall] Loot Spawned [2] FNX45 @ <2775.759277, 310.117218, 6237.401367> ... Lifespan: Set to 120 minutes.
[AirdropContainerFall] Loot Spawned [3] Mag_STANAG_30Rnd @ <2775.893555, 309.909149, 6235.710938> ... Lifespan: Set to 120 minutes.
[AirdropContainerFall] Loot Spawned [4] TWP_P8 @ <2780.135254, 309.951660, 6236.157715> ... Lifespan: Set to 120 minutes.
[AirdropContainerFall] Loot Spawned [5] FNX45 @ <2777.340820, 309.810791, 6234.972168> ... Lifespan: Set to 120 minutes.
[AirdropContainerFall] Spawn failed for item [6] 'WP_ArexZero_mag_18Rnd', does not exist in DayZ!
[AirdropContainerFall] Loot Spawned [7] AmmoBox_762x39_20Rnd @ <2775.542725, 310.191376, 6237.996582> ... Lifespan: Set to 120 minutes.
[AirdropContainerFall] Loot Spawned [8] AmmoBox_762x54_20Rnd @ <2779.362549, 309.863770, 6235.492188> ... Lifespan: Set to 120 minutes.
[AirdropContainerFall] Loot Spawned [9] Mag_STANAG_30Rnd @ <2777.906738, 309.898346, 6235.710449> ... Lifespan: Set to 120 minutes.
[AirdropContainerFall] Loot Spawned [10] AmmoBox_762x39_20Rnd @ <2778.435303, 310.369781, 6239.392090> ... Lifespan: Set to 120 minutes.
[AirdropContainerFall] Loot Spawned [11] TWP_P8_mag_15Rnd @ <2775.249023, 309.899200, 6235.602051> ... Lifespan: Set to 120 minutes.
[AirdropContainerFall] Loot Spawned [12] LandMineTrap @ <2776.393799, 310.252472, 6238.531738> ... Lifespan: Set to 120 minutes.
[AirdropContainerFall] Loot Spawned [13] TWP_USPPsychodelic @ <2779.022705, 309.918671, 6235.924805> ... Lifespan: Set to 120 minutes.
[AirdropContainerFall] Loot Spawned [14] TWP_RemingtonMSR @ <2776.212402, 310.161591, 6237.782715> ... Lifespan: Set to 120 minutes.
[AirdropContainerFall] Loot Spawned [15] AKM @ <2778.549805, 309.850647, 6235.349609> ... Lifespan: Set to 120 minutes.
[AirdropContainerFall] Loot Spawned [16] AmmoBox_762x39_20Rnd @ <2776.094482, 310.076538, 6237.083984> ... Lifespan: Set to 120 minutes.
[AirdropContainerFall] Loot Spawned [17] TWP_USPPsychodelic @ <2779.016846, 310.205780, 6238.125000> ... Lifespan: Set to 120 minutes.
[AirdropContainerFall] Loot Spawned [18] Mag_STANAG_30Rnd @ <2775.091797, 310.207825, 6238.110840> ... Lifespan: Set to 120 minutes.
[AirdropContainerFall] Loot Spawned [19] AmmoBox_762x39_20Rnd @ <2775.555176, 309.782745, 6234.666016> ... Lifespan: Set to 120 minutes.
[AirdropContainerFall] Loot Spawned [20] Mag_AKM_30Rnd @ <2776.931152, 310.200562, 6238.127930> ... Lifespan: Set to 120 minutes.
[AirdropContainerFall] Airdrop Flare Spawned @ <2778.787598, 309.908875, 6235.834473> ... Lifespan: Set to 120 minutes.
[AirdropContainerUnstuck] Container was unstuck.
[~AirdropContainerBase] Container Destroyed on 2021-02-22 @ 20-50-04
