[AirdropPlane] Aircraft created on 2021-03-24 @ 03-19-28
[InitializeAircraft] Aircraft Initialized: Balota @ 5043/2505 (true)
[EOnBeforeDrop] The Aircraft is 1 Km from Balota. @ <3544.630371, 173.063217, 2483.759521>
[EOnDrop] Zombie Spawned [1] ZmbM_PatrolNormal_PautRev @ <4944.797852, 10.000000, 2505.216309> ... Lifespan:  Set to 120 minutes.
[EOnDrop] Zombie Spawned [2] ZmbM_PatrolNormal_Autumn @ <4934.509277, 10.000000, 2476.582031> ... Lifespan:  Set to 120 minutes.
[EOnDrop] Zombie Spawned [3] ZmbM_PatrolNormal_PautRev @ <4910.298828, 9.980000, 2490.188721> ... Lifespan:  Set to 120 minutes.
[EOnDrop] Zombie Spawned [4] ZmbM_PatrolNormal_PautRev @ <4952.985352, 10.000000, 2499.895020> ... Lifespan:  Set to 120 minutes.
[EOnDrop] Zombie Spawned [5] ZmbM_PatrolNormal_Autumn @ <4982.261719, 10.000000, 2475.014160> ... Lifespan:  Set to 120 minutes.
[EOnDrop] Zombie Spawned [6] ZmbM_PatrolNormal_PautRev @ <4948.839355, 10.000000, 2538.769531> ... Lifespan:  Set to 120 minutes.
[EOnDrop] Zombie Spawned [7] ZmbM_PatrolNormal_PautRev @ <4926.244629, 10.000000, 2514.164063> ... Lifespan:  Set to 120 minutes.
[EOnDrop] Zombie Spawned [8] ZmbM_PatrolNormal_Summer @ <4965.148438, 10.000000, 2525.627686> ... Lifespan:  Set to 120 minutes.
[EOnDrop] Zombie Spawned [9] ZmbM_PatrolNormal_Flat @ <4916.198730, 10.000000, 2526.448242> ... Lifespan:  Set to 120 minutes.
[EOnDrop] Zombie Spawned [10] ZmbM_PatrolNormal_Autumn @ <4967.043457, 10.000000, 2537.599365> ... Lifespan:  Set to 120 minutes.
[EOnDrop] Zombie Spawned [11] ZmbM_PatrolNormal_Autumn @ <4980.204102, 10.000000, 2503.643799> ... Lifespan:  Set to 120 minutes.
[EOnDrop] Zombie Spawned [12] ZmbM_PatrolNormal_Flat @ <4958.148438, 10.000000, 2527.245117> ... Lifespan:  Set to 120 minutes.
[EOnDrop] Zombie Spawned [13] ZmbM_PatrolNormal_Flat @ <4973.280762, 10.000000, 2515.764404> ... Lifespan:  Set to 120 minutes.
[EOnDrop] Zombie Spawned [14] ZmbM_PatrolNormal_PautRev @ <4944.516602, 10.000000, 2466.967285> ... Lifespan:  Set to 120 minutes.
[EOnDrop] Zombie Spawned [15] ZmbM_PatrolNormal_PautRev @ <4914.313477, 9.980000, 2491.151123> ... Lifespan:  Set to 120 minutes.
[EOnDrop] Zombie Spawned [16] ZmbM_PatrolNormal_PautRev @ <4910.561035, 9.994963, 2508.721924> ... Lifespan:  Set to 120 minutes.
[EOnDrop] Zombie Spawned [17] ZmbM_PatrolNormal_Autumn @ <4980.915039, 10.000000, 2491.292725> ... Lifespan:  Set to 120 minutes.
[EOnDrop] Zombie Spawned [18] ZmbM_PatrolNormal_PautRev @ <4948.234863, 10.000000, 2489.077637> ... Lifespan:  Set to 120 minutes.
[EOnDrop] Zombie Spawned [19] ZmbM_PatrolNormal_Summer @ <4987.911133, 10.000000, 2514.876709> ... Lifespan:  Set to 120 minutes.
[EOnDrop] Zombie Spawned [20] ZmbM_PatrolNormal_Autumn @ <4960.728027, 10.000000, 2481.485596> ... Lifespan:  Set to 120 minutes.
[EOnDrop] Zombie Spawned [21] ZmbM_PatrolNormal_PautRev @ <4972.880371, 10.000000, 2513.891602> ... Lifespan:  Set to 120 minutes.
[EOnDrop] Zombie Spawned [22] ZmbM_PatrolNormal_PautRev @ <4950.873535, 10.000000, 2479.939941> ... Lifespan:  Set to 120 minutes.
[EOnDrop] Zombie Spawned [23] ZmbM_PatrolNormal_PautRev @ <4957.522949, 10.000000, 2511.768555> ... Lifespan:  Set to 120 minutes.
[EOnDrop] Zombie Spawned [24] ZmbM_PatrolNormal_Autumn @ <4955.087402, 10.000000, 2529.132080> ... Lifespan:  Set to 120 minutes.
[EOnDrop] Zombie Spawned [25] ZmbM_PatrolNormal_PautRev @ <4990.791016, 10.000000, 2528.065430> ... Lifespan:  Set to 120 minutes.
[EOnDrop] Zombie Spawned [26] ZmbM_PatrolNormal_Autumn @ <4948.313965, 10.000000, 2550.999023> ... Lifespan:  Set to 120 minutes.
[EOnDrop] Zombie Spawned [27] ZmbM_PatrolNormal_PautRev @ <4931.341797, 10.000000, 2460.935791> ... Lifespan:  Set to 120 minutes.
[EOnDrop] Zombie Spawned [28] ZmbM_PatrolNormal_Summer @ <4928.517090, 10.000000, 2510.262939> ... Lifespan:  Set to 120 minutes.
[EOnDrop] Zombie Spawned [29] ZmbM_PatrolNormal_Summer @ <4985.867188, 10.000000, 2479.144775> ... Lifespan:  Set to 120 minutes.
[EOnDrop] Zombie Spawned [30] ZmbM_SoldierNormal @ <4961.541504, 10.000000, 2470.382324> ... Lifespan:  Set to 120 minutes.
[EOnDrop] Zombie Spawned [31] ZmbM_PatrolNormal_Summer @ <4969.759277, 10.000000, 2496.527100> ... Lifespan:  Set to 120 minutes.
[EOnDrop] Zombie Spawned [32] ZmbM_PatrolNormal_Summer @ <4931.492676, 10.000000, 2512.074219> ... Lifespan:  Set to 120 minutes.
[EOnDrop] Zombie Spawned [33] ZmbM_SoldierNormal @ <4966.691895, 10.000000, 2500.561279> ... Lifespan:  Set to 120 minutes.
[EOnDrop] Zombie Spawned [34] ZmbM_PatrolNormal_Autumn @ <4954.357422, 10.000000, 2497.749268> ... Lifespan:  Set to 120 minutes.
[EOnDrop] Zombie Spawned [35] ZmbM_PatrolNormal_PautRev @ <4951.641602, 10.000000, 2490.965088> ... Lifespan:  Set to 120 minutes.
[EOnDrop] Drop spawned with 35 infected at <4956.734375, 151.743622, 2503.775146>.
[EOnDrop] Supplies have been dropped near Balota.
[EOnBeforeDelete] Aircraft despawned @ <16360.091797, 152.000610, 2665.431396>
[~AirdropPlane] Aircraft destroyed.
