[InitializeContainer] Container created on 2021-02-16 @ 03-35-31
[InitializeContainer] Winds: Vector <5.054002, 0.000000, -6.659137>, Speed 8.35985mps, Strength 0.1
[AirdropContainerFall] Drop Type 'Military Weapons', Container: 'AirdropContainer', Mode/Quantity/Iems: Random/30/14, Flare:  10%
[AirdropContainerFall] Loot Spawned [1] TWP_BerettaPX4_mag_17Rnd @ <6201.360840, 11.111263, 2456.064941> ... Lifespan: Set to 120 minutes.
[AirdropContainerFall] Loot Spawned [2] TWP_BerettaPX4 @ <6203.781250, 10.760494, 2453.243164> ... Lifespan: Set to 120 minutes.
[AirdropContainerFall] Loot Spawned [3] BakedBeansCan @ <6204.234375, 10.683394, 2455.145996> ... Lifespan: Set to 120 minutes.
[AirdropContainerFall] Loot Spawned [4] TWP_BerettaPX4_mag_17Rnd @ <6202.003906, 11.015944, 2456.526611> ... Lifespan: Set to 120 minutes.
[AirdropContainerFall] Loot Spawned [5] TTC_AmmoBox_50Beo_20rnd @ <6202.346191, 10.964347, 2456.985352> ... Lifespan: Set to 120 minutes.
[AirdropContainerFall] Loot Spawned [6] TTC_AmmoBox_50Beo_20rnd @ <6205.592285, 10.479808, 2453.996582> ... Lifespan: Set to 120 minutes.
[AirdropContainerFall] Loot Spawned [7] PowderedMilk @ <6205.421875, 10.501542, 2455.090576> ... Lifespan: Set to 120 minutes.
[AirdropContainerFall] Loot Spawned [8] Vodka @ <6200.421387, 11.248549, 2455.872314> ... Lifespan: Set to 120 minutes.
[AirdropContainerFall] Loot Spawned [9] TWP_BerettaPX4 @ <6200.988281, 11.172724, 2454.238525> ... Lifespan: Set to 120 minutes.
[AirdropContainerFall] Loot Spawned [10] TTC_50Beo_mag @ <6202.337891, 10.962746, 2457.684814> ... Lifespan: Set to 120 minutes.
[AirdropContainerFall] Loot Spawned [11] TTC_Buttstock3 @ <6204.753906, 10.597204, 2456.794678> ... Lifespan: Set to 120 minutes.
[AirdropContainerFall] Loot Spawned [12] Vodka @ <6204.361816, 10.669022, 2453.860840> ... Lifespan: Set to 120 minutes.
[AirdropContainerFall] Loot Spawned [13] TWP_BerettaPX4 @ <6202.108887, 11.013640, 2453.293945> ... Lifespan: Set to 120 minutes.
[AirdropContainerFall] Loot Spawned [14] TTC_50Beo_mag @ <6205.034180, 10.551996, 2457.339844> ... Lifespan: Set to 120 minutes.
[AirdropContainerFall] Loot Spawned [15] TTC_Buttstock3 @ <6203.607910, 10.766706, 2458.340820> ... Lifespan: Set to 120 minutes.
[AirdropContainerFall] Loot Spawned [16] TTC_Ammo_50Beo @ <6201.940918, 11.028181, 2455.762695> ... Lifespan: Set to 120 minutes.
[AirdropContainerFall] Loot Spawned [17] Mag_AKM_30Rnd @ <6201.311523, 11.117817, 2456.222900> ... Lifespan: Set to 120 minutes.
[AirdropContainerFall] Loot Spawned [18] Mag_AKM_30Rnd @ <6202.966309, 10.866541, 2457.983887> ... Lifespan: Set to 120 minutes.
[AirdropContainerFall] Loot Spawned [19] TTC_R700 @ <6204.667969, 10.616040, 2455.366943> ... Lifespan: Set to 120 minutes.
[AirdropContainerFall] Loot Spawned [20] TTC_Buttstock3 @ <6202.284180, 10.983224, 2454.528076> ... Lifespan: Set to 120 minutes.
[AirdropContainerFall] Loot Spawned [21] TTC_50Beo_mag @ <6201.246582, 11.124528, 2456.890137> ... Lifespan: Set to 120 minutes.
[AirdropContainerFall] Loot Spawned [22] TWP_BerettaPX4_mag_17Rnd @ <6201.448242, 11.103217, 2454.899658> ... Lifespan: Set to 120 minutes.
[AirdropContainerFall] Loot Spawned [23] TTC_Ammo_50Beo @ <6201.009766, 11.156429, 2457.530273> ... Lifespan: Set to 120 minutes.
[AirdropContainerFall] Loot Spawned [24] TTC_50Beo_mag @ <6204.120117, 10.694101, 2456.855957> ... Lifespan: Set to 120 minutes.
[AirdropContainerFall] Loot Spawned [25] TTC_R700 @ <6200.747070, 11.200262, 2456.118896> ... Lifespan: Set to 120 minutes.
[AirdropContainerFall] Loot Spawned [26] TWP_BerettaPX4_mag_17Rnd @ <6205.019531, 10.561579, 2455.505615> ... Lifespan: Set to 120 minutes.
[AirdropContainerFall] Loot Spawned [27] Vodka @ <6201.187988, 11.138590, 2455.503418> ... Lifespan: Set to 120 minutes.
[AirdropContainerFall] Loot Spawned [28] TTC_R700 @ <6202.515137, 10.937387, 2457.556641> ... Lifespan: Set to 120 minutes.
[AirdropContainerFall] Loot Spawned [29] AKM @ <6202.090820, 11.010480, 2454.732666> ... Lifespan: Set to 120 minutes.
[AirdropContainerFall] Loot Spawned [30] TTC_Beowulf @ <6203.461914, 10.795572, 2456.721924> ... Lifespan: Set to 120 minutes.
[AirdropContainerUnstuck] Container was unstuck.
[~AirdropContainerBase] Container Destroyed on 2021-02-16 @ 03-54-21
