[AirdropPlane] Aircraft created on 2021-04-14 @ 21-46-50
[InitializeAircraft] Aircraft Initialized: Northwest Airfield @ 4807/9812 (true)
[EOnBeforeDrop] The Aircraft is 1 Km from Northwest Airfield. @ <6295.169922, 496.632690, 9633.841797>
[EOnDrop] Zombie Spawned [1] ZmbM_SoldierNormal @ <4845.382324, 341.255402, 9799.963867> ... Lifespan:  Set to 120 minutes.
[EOnDrop] Zombie Spawned [2] ZmbM_PatrolNormal_PautRev @ <4869.782227, 339.500000, 9836.105469> ... Lifespan:  Set to 120 minutes.
[EOnDrop] Zombie Spawned [3] ZmbM_PatrolNormal_Autumn @ <4871.139648, 339.500000, 9797.373047> ... Lifespan:  Set to 120 minutes.
[EOnDrop] Zombie Spawned [4] ZmbM_PatrolNormal_PautRev @ <4890.813477, 339.500000, 9807.580078> ... Lifespan:  Set to 120 minutes.
[EOnDrop] Zombie Spawned [5] ZmbM_SoldierNormal @ <4896.641602, 339.500000, 9793.224609> ... Lifespan:  Set to 120 minutes.
[EOnDrop] Zombie Spawned [6] ZmbM_PatrolNormal_Autumn @ <4891.975098, 339.500000, 9844.164063> ... Lifespan:  Set to 120 minutes.
[EOnDrop] Zombie Spawned [7] ZmbM_PatrolNormal_Summer @ <4888.370117, 339.500000, 9810.146484> ... Lifespan:  Set to 120 minutes.
[EOnDrop] Zombie Spawned [8] ZmbM_SoldierNormal @ <4906.455566, 339.500000, 9820.494141> ... Lifespan:  Set to 120 minutes.
[EOnDrop] Zombie Spawned [9] ZmbM_PatrolNormal_Flat @ <4921.545898, 339.500000, 9800.910156> ... Lifespan:  Set to 120 minutes.
[EOnDrop] Zombie Spawned [10] ZmbM_SoldierNormal @ <4917.451172, 339.500000, 9779.957031> ... Lifespan:  Set to 120 minutes.
[EOnDrop] Zombie Spawned [11] ZmbM_PatrolNormal_Flat @ <4869.942871, 339.855560, 9788.112305> ... Lifespan:  Set to 120 minutes.
[EOnDrop] Zombie Spawned [12] ZmbM_PatrolNormal_Summer @ <4868.198242, 339.500000, 9823.626953> ... Lifespan:  Set to 120 minutes.
[EOnDrop] Zombie Spawned [13] ZmbM_SoldierNormal @ <4921.057617, 339.500000, 9774.661133> ... Lifespan:  Set to 120 minutes.
[EOnDrop] Zombie Spawned [14] ZmbM_PatrolNormal_Summer @ <4923.391113, 339.500000, 9789.324219> ... Lifespan:  Set to 120 minutes.
[EOnDrop] Zombie Spawned [15] ZmbM_PatrolNormal_PautRev @ <4877.760742, 339.500000, 9798.148438> ... Lifespan:  Set to 120 minutes.
[EOnDrop] Zombie Spawned [16] ZmbM_PatrolNormal_Flat @ <4851.142578, 341.288025, 9822.176758> ... Lifespan:  Set to 120 minutes.
[EOnDrop] Zombie Spawned [17] ZmbM_PatrolNormal_Autumn @ <4900.952637, 339.500000, 9761.102539> ... Lifespan:  Set to 120 minutes.
[EOnDrop] Zombie Spawned [18] ZmbM_PatrolNormal_PautRev @ <4914.887695, 339.500000, 9779.126953> ... Lifespan:  Set to 120 minutes.
[EOnDrop] Zombie Spawned [19] ZmbM_PatrolNormal_Autumn @ <4917.743164, 339.500000, 9831.736328> ... Lifespan:  Set to 120 minutes.
[EOnDrop] Zombie Spawned [20] ZmbM_PatrolNormal_PautRev @ <4889.247070, 339.500000, 9795.498047> ... Lifespan:  Set to 120 minutes.
[EOnDrop] Zombie Spawned [21] ZmbM_PatrolNormal_Summer @ <4899.826172, 339.500000, 9845.304688> ... Lifespan:  Set to 120 minutes.
[EOnDrop] Zombie Spawned [22] ZmbM_PatrolNormal_Summer @ <4883.979004, 339.500000, 9809.005859> ... Lifespan:  Set to 120 minutes.
[EOnDrop] Zombie Spawned [23] ZmbM_PatrolNormal_Autumn @ <4888.989258, 339.500000, 9785.680664> ... Lifespan:  Set to 120 minutes.
[EOnDrop] Zombie Spawned [24] ZmbM_PatrolNormal_Summer @ <4892.673828, 339.500000, 9827.420898> ... Lifespan:  Set to 120 minutes.
[EOnDrop] Zombie Spawned [25] ZmbM_PatrolNormal_PautRev @ <4907.626465, 339.500000, 9795.730469> ... Lifespan:  Set to 120 minutes.
[EOnDrop] Zombie Spawned [26] ZmbM_PatrolNormal_Flat @ <4894.198242, 339.500000, 9795.062500> ... Lifespan:  Set to 120 minutes.
[EOnDrop] Zombie Spawned [27] ZmbM_PatrolNormal_Summer @ <4876.325684, 339.500000, 9819.295898> ... Lifespan:  Set to 120 minutes.
[EOnDrop] Zombie Spawned [28] ZmbM_PatrolNormal_Summer @ <4881.993652, 339.500000, 9801.660156> ... Lifespan:  Set to 120 minutes.
[EOnDrop] Zombie Spawned [29] ZmbM_PatrolNormal_Flat @ <4848.593750, 341.634949, 9810.544922> ... Lifespan:  Set to 120 minutes.
[EOnDrop] Zombie Spawned [30] ZmbM_PatrolNormal_PautRev @ <4876.747070, 340.484222, 9757.042969> ... Lifespan:  Set to 120 minutes.
[EOnDrop] Zombie Spawned [31] ZmbM_SoldierNormal @ <4892.396484, 339.500000, 9842.058594> ... Lifespan:  Set to 120 minutes.
[EOnDrop] Zombie Spawned [32] ZmbM_PatrolNormal_Summer @ <4887.844238, 339.500000, 9789.096680> ... Lifespan:  Set to 120 minutes.
[EOnDrop] Zombie Spawned [33] ZmbM_PatrolNormal_Summer @ <4871.806641, 340.893768, 9757.182617> ... Lifespan:  Set to 120 minutes.
[EOnDrop] Zombie Spawned [34] ZmbM_PatrolNormal_Autumn @ <4897.108398, 339.500000, 9822.115234> ... Lifespan:  Set to 120 minutes.
[EOnDrop] Zombie Spawned [35] ZmbM_PatrolNormal_Autumn @ <4845.421875, 342.741058, 9773.680664> ... Lifespan:  Set to 120 minutes.
[EOnDrop] Zombie Spawned [36] ZmbM_PatrolNormal_PautRev @ <4891.520020, 339.500000, 9790.990234> ... Lifespan:  Set to 120 minutes.
[EOnDrop] Zombie Spawned [37] ZmbM_PatrolNormal_Summer @ <4871.923828, 339.500000, 9805.410156> ... Lifespan:  Set to 120 minutes.
[EOnDrop] Zombie Spawned [38] ZmbM_PatrolNormal_Summer @ <4885.400391, 339.500000, 9808.298828> ... Lifespan:  Set to 120 minutes.
[EOnDrop] Zombie Spawned [39] ZmbM_PatrolNormal_Flat @ <4860.238770, 339.874664, 9831.315430> ... Lifespan:  Set to 120 minutes.
[EOnDrop] Zombie Spawned [40] ZmbM_PatrolNormal_Summer @ <4905.320801, 339.500000, 9792.294922> ... Lifespan:  Set to 120 minutes.
[EOnDrop] Zombie Spawned [41] ZmbM_PatrolNormal_PautRev @ <4865.472656, 339.581085, 9823.586914> ... Lifespan:  Set to 120 minutes.
[EOnDrop] Zombie Spawned [42] ZmbM_PatrolNormal_PautRev @ <4880.199219, 339.500000, 9790.198242> ... Lifespan:  Set to 120 minutes.
[EOnDrop] Zombie Spawned [43] ZmbM_SoldierNormal @ <4867.274902, 339.523987, 9808.207031> ... Lifespan:  Set to 120 minutes.
[EOnDrop] Zombie Spawned [44] ZmbM_PatrolNormal_Flat @ <4922.445313, 339.500000, 9834.878906> ... Lifespan:  Set to 120 minutes.
[EOnDrop] Zombie Spawned [45] ZmbM_PatrolNormal_PautRev @ <4914.740234, 339.500000, 9827.098633> ... Lifespan:  Set to 120 minutes.
[EOnDrop] Zombie Spawned [46] ZmbM_PatrolNormal_Autumn @ <4886.721191, 339.659973, 9765.278320> ... Lifespan:  Set to 120 minutes.
[EOnDrop] Zombie Spawned [47] ZmbM_PatrolNormal_PautRev @ <4893.627441, 339.500000, 9771.228516> ... Lifespan:  Set to 120 minutes.
[EOnDrop] Zombie Spawned [48] ZmbM_PatrolNormal_Autumn @ <4882.926758, 339.500000, 9837.940430> ... Lifespan:  Set to 120 minutes.
[EOnDrop] Zombie Spawned [49] ZmbM_PatrolNormal_Flat @ <4877.822754, 339.500000, 9799.968750> ... Lifespan:  Set to 120 minutes.
[EOnDrop] Zombie Spawned [50] ZmbM_PatrolNormal_Summer @ <4921.961914, 339.500000, 9777.426758> ... Lifespan:  Set to 120 minutes.
[EOnDrop] Zombie Spawned [51] ZmbM_PatrolNormal_Flat @ <4854.650391, 340.901825, 9786.088867> ... Lifespan:  Set to 120 minutes.
[EOnDrop] Zombie Spawned [52] ZmbM_PatrolNormal_PautRev @ <4889.652344, 339.500000, 9816.898438> ... Lifespan:  Set to 120 minutes.
[EOnDrop] Zombie Spawned [53] ZmbM_PatrolNormal_PautRev @ <4873.658691, 339.500000, 9792.765625> ... Lifespan:  Set to 120 minutes.
[EOnDrop] Zombie Spawned [54] ZmbM_PatrolNormal_Autumn @ <4850.237305, 340.105957, 9794.224609> ... Lifespan:  Set to 120 minutes.
[EOnDrop] Zombie Spawned [55] ZmbM_SoldierNormal @ <4886.222168, 339.500000, 9807.147461> ... Lifespan:  Set to 120 minutes.
[EOnDrop] Zombie Spawned [56] ZmbM_PatrolNormal_Autumn @ <4934.318848, 339.500000, 9786.384766> ... Lifespan:  Set to 120 minutes.
[EOnDrop] Zombie Spawned [57] ZmbM_PatrolNormal_PautRev @ <4895.629883, 339.500000, 9769.156250> ... Lifespan:  Set to 120 minutes.
[EOnDrop] Zombie Spawned [58] ZmbM_PatrolNormal_Summer @ <4911.517090, 339.500000, 9841.621094> ... Lifespan:  Set to 120 minutes.
[EOnDrop] Zombie Spawned [59] ZmbM_PatrolNormal_Summer @ <4900.781738, 339.500000, 9769.583008> ... Lifespan:  Set to 120 minutes.
[EOnDrop] Zombie Spawned [60] ZmbM_PatrolNormal_Flat @ <4867.189453, 340.206604, 9773.997070> ... Lifespan:  Set to 120 minutes.
[EOnDrop] Drop spawned with 60 infected at <4886.898438, 480.173462, 9800.365234>.
[EOnDrop] Supplies have been dropped near Northwest Airfield.
[EOnBeforeDelete] Aircraft despawned @ <-1000.368225, 533.530884, 10496.591797>
[~AirdropPlane] Aircraft destroyed.
