[InitializeContainer] Container created on 2021-02-23 @ 19-42-55
[InitializeContainer] Winds: Vector <5.715773, 0.000000, -6.407837>, Speed 8.58664mps, Strength 0.1
[AirdropContainerFall] Drop Type 'Food/Medical', Container: 'AirdropContainer_Medical', Mode/Quantity/Iems: Random/20/11, Flare:  10%
[AirdropContainerFall] Loot Spawned [1] Canteen @ <9295.434570, 33.827946, 2224.734375> ... Lifespan: Set to 120 minutes.
[AirdropContainerFall] Loot Spawned [2] ToxicCure @ <9294.297852, 34.082775, 2226.358154> ... Lifespan: Set to 120 minutes.
[AirdropContainerFall] Loot Spawned [3] BoxCerealCrunchin @ <9293.488281, 33.715622, 2224.726074> ... Lifespan: Set to 120 minutes.
[AirdropContainerFall] Loot Spawned [4] TacticalBaconCan @ <9293.032227, 33.019371, 2221.353027> ... Lifespan: Set to 120 minutes.
[AirdropContainerFall] Loot Spawned [5] Canteen @ <9292.151367, 33.404518, 2223.550537> ... Lifespan: Set to 120 minutes.
[AirdropContainerFall] Loot Spawned [6] TacticalBaconCan @ <9294.932617, 33.239609, 2221.913086> ... Lifespan: Set to 120 minutes.
[AirdropContainerFall] Loot Spawned [7] SpaghettiCan @ <9292.304688, 33.850445, 2225.749023> ... Lifespan: Set to 120 minutes.
[AirdropContainerFall] Loot Spawned [8] SpaghettiCan @ <9295.241211, 33.759121, 2224.438965> ... Lifespan: Set to 120 minutes.
[AirdropContainerFall] Loot Spawned [9] TunaCan @ <9291.757813, 33.373032, 2223.510986> ... Lifespan: Set to 120 minutes.
[AirdropContainerFall] Loot Spawned [10] ToxicCure @ <9295.667969, 33.614792, 2223.589355> ... Lifespan: Set to 120 minutes.
[AirdropContainerFall] Loot Spawned [11] Marmalade @ <9295.319336, 33.513718, 2223.181396> ... Lifespan: Set to 120 minutes.
[AirdropContainerFall] Loot Spawned [12] SpaghettiCan @ <9294.340820, 33.278721, 2222.281006> ... Lifespan: Set to 120 minutes.
[AirdropContainerFall] Loot Spawned [13] BoxCerealCrunchin @ <9292.601563, 33.005878, 2221.409668> ... Lifespan: Set to 120 minutes.
[AirdropContainerFall] Loot Spawned [14] BoxCerealCrunchin @ <9295.270508, 33.304909, 2222.144287> ... Lifespan: Set to 120 minutes.
[AirdropContainerFall] Loot Spawned [15] Canteen @ <9293.759766, 33.091343, 2221.505127> ... Lifespan: Set to 120 minutes.
[AirdropContainerFall] Loot Spawned [16] ToxicCure @ <9294.333984, 33.060684, 2221.185303> ... Lifespan: Set to 120 minutes.
[AirdropContainerFall] Loot Spawned [17] ToxicCure @ <9291.761719, 32.983154, 2221.547363> ... Lifespan: Set to 120 minutes.
[AirdropContainerFall] Loot Spawned [18] BakedBeansCan @ <9295.623047, 33.676197, 2223.911377> ... Lifespan: Set to 120 minutes.
[AirdropContainerFall] Loot Spawned [19] TacticalBaconCan @ <9291.336914, 33.554974, 2224.553955> ... Lifespan: Set to 120 minutes.
[AirdropContainerFall] Loot Spawned [20] TunaCan @ <9294.057617, 33.243996, 2222.187744> ... Lifespan: Set to 120 minutes.
[AirdropContainerUnstuck] Container was unstuck.
[~AirdropContainerBase] Container Destroyed on 2021-02-23 @ 19-59-48
