[AirdropPlane] Aircraft created on 2021-03-26 @ 20-39-05
[InitializeAircraft] Aircraft Initialized: Skalisty Island @ 13452/3112 (true)
[EOnBeforeDrop] The Aircraft is 1 Km from Skalisty Island. @ <13308.610352, 194.183487, 4605.013672>
[EOnDrop] Zombie Spawned [1] ZmbM_HunterOld_Spring @ <13432.661133, 32.577774, 3166.579346> ... Lifespan:  Set to 120 minutes.
[EOnDrop] Zombie Spawned [2] ZmbF_VillagerOld_Red @ <13429.300781, 46.607590, 3205.877441> ... Lifespan:  Set to 120 minutes.
[EOnDrop] Zombie Spawned [3] ZmbF_HikerSkinny_Blue @ <13415.873047, 70.706718, 3234.996338> ... Lifespan:  Set to 120 minutes.
[EOnDrop] Zombie Spawned [4] ZmbF_MilkMaidOld_Black @ <13413.953125, 69.640022, 3233.315430> ... Lifespan:  Set to 120 minutes.
[EOnDrop] Zombie Spawned [5] ZmbM_HikerSkinny_Green @ <13428.767578, 42.850220, 3199.244873> ... Lifespan:  Set to 120 minutes.
[EOnDrop] Zombie Spawned [6] ZmbM_HunterOld_Spring @ <13438.969727, 42.344296, 3202.864502> ... Lifespan:  Set to 120 minutes.
[EOnDrop] Zombie Spawned [7] ZmbM_HermitSkinny_Green @ <13440.442383, 39.914509, 3197.156982> ... Lifespan:  Set to 120 minutes.
[EOnDrop] Zombie Spawned [8] ZmbF_SurvivorNormal_Blue @ <13422.562500, 33.297581, 3165.872070> ... Lifespan:  Set to 120 minutes.
[EOnDrop] Zombie Spawned [9] ZmbF_HikerSkinny_Green @ <13438.001953, 52.819229, 3215.161377> ... Lifespan:  Set to 120 minutes.
[EOnDrop] Zombie Spawned [10] ZmbF_VillagerOld_Green @ <13431.496094, 48.162601, 3208.908691> ... Lifespan:  Set to 120 minutes.
[EOnDrop] Zombie Spawned [11] ZmbM_VillagerOld_Green @ <13408.854492, 65.238174, 3228.789551> ... Lifespan:  Set to 120 minutes.
[EOnDrop] Zombie Spawned [12] ZmbF_HikerSkinny_Grey @ <13438.463867, 33.076504, 3181.958496> ... Lifespan:  Set to 120 minutes.
[EOnDrop] Zombie Spawned [13] ZmbM_HunterOld_Autumn @ <13418.481445, 67.191216, 3228.888916> ... Lifespan:  Set to 120 minutes.
[EOnDrop] Zombie Spawned [14] ZmbM_HikerSkinny_Yellow @ <13419.619141, 37.857651, 3182.102539> ... Lifespan:  Set to 120 minutes.
[EOnDrop] Zombie Spawned [15] ZmbM_HermitSkinny_Green @ <13395.304688, 52.947258, 3206.750244> ... Lifespan:  Set to 120 minutes.
[EOnDrop] Spawn failed for zombie [16] 'ZmbM_SurvivorDean_Black', it does not exist in DayZ!
[EOnDrop] Zombie Spawned [17] ZmbM_MotobikerFat_Blue @ <13445.109375, 49.541744, 3214.006104> ... Lifespan:  Set to 120 minutes.
[EOnDrop] Zombie Spawned [18] ZmbF_VillagerOld_Blue @ <13447.931641, 34.164745, 3190.191406> ... Lifespan:  Set to 120 minutes.
[EOnDrop] Zombie Spawned [19] ZmbM_HunterOld_Autumn @ <13398.384766, 65.766266, 3229.935059> ... Lifespan:  Set to 120 minutes.
[EOnDrop] Zombie Spawned [20] ZmbM_MotobikerFat_Black @ <13463.745117, 39.165913, 3206.701660> ... Lifespan:  Set to 120 minutes.
[EOnDrop] Zombie Spawned [21] ZmbF_MilkMaidOld_Green @ <13440.573242, 33.041859, 3185.883545> ... Lifespan:  Set to 120 minutes.
[EOnDrop] Zombie Spawned [22] ZmbM_HunterOld_Summer @ <13431.781250, 34.616371, 3185.922852> ... Lifespan:  Set to 120 minutes.
[EOnDrop] Zombie Spawned [23] ZmbF_MilkMaidOld_Green @ <13435.237305, 32.639019, 3176.247314> ... Lifespan:  Set to 120 minutes.
[EOnDrop] Zombie Spawned [24] ZmbM_HunterOld_Summer @ <13469.128906, 31.845793, 3179.562500> ... Lifespan:  Set to 120 minutes.
[EOnDrop] Zombie Spawned [25] ZmbM_VillagerOld_Blue @ <13469.244141, 58.809978, 3228.385498> ... Lifespan:  Set to 120 minutes.
[EOnDrop] Zombie Spawned [26] ZmbF_MilkMaidOld_Green @ <13468.135742, 31.854902, 3187.470703> ... Lifespan:  Set to 120 minutes.
[EOnDrop] Zombie Spawned [27] ZmbF_VillagerOld_Blue @ <13429.904297, 69.101723, 3232.869873> ... Lifespan:  Set to 120 minutes.
[EOnDrop] Zombie Spawned [28] ZmbM_HikerSkinny_Blue @ <13418.708008, 36.532021, 3176.725586> ... Lifespan:  Set to 120 minutes.
[EOnDrop] Zombie Spawned [29] ZmbF_HikerSkinny_Grey @ <13441.418945, 53.056049, 3216.025879> ... Lifespan:  Set to 120 minutes.
[EOnDrop] Zombie Spawned [30] ZmbF_MilkMaidOld_Black @ <13460.166016, 31.901608, 3186.293213> ... Lifespan:  Set to 120 minutes.
[EOnDrop] Zombie Spawned [31] ZmbM_FarmerFat_Blue @ <13475.852539, 37.105602, 3204.950195> ... Lifespan:  Set to 120 minutes.
[EOnDrop] Zombie Spawned [32] ZmbM_VillagerOld_White @ <13399.234375, 65.026070, 3227.328857> ... Lifespan:  Set to 120 minutes.
[EOnDrop] Zombie Spawned [33] ZmbM_HunterOld_Spring @ <13446.467773, 38.805229, 3198.187012> ... Lifespan:  Set to 120 minutes.
[EOnDrop] Zombie Spawned [34] ZmbF_HikerSkinny_Grey @ <13479.619141, 40.695972, 3212.894531> ... Lifespan:  Set to 120 minutes.
[EOnDrop] Zombie Spawned [35] ZmbM_VillagerOld_Green @ <13421.789063, 71.377136, 3236.265137> ... Lifespan:  Set to 120 minutes.
[EOnDrop] Drop spawned with 35 infected at <13441.373047, 197.389801, 3208.875488>.
[EOnDrop] Supplies have been dropped near Skalisty Island.
[EOnBeforeDelete] Aircraft despawned @ <13841.669922, 152.000610, -1000.797058>
[~AirdropPlane] Aircraft destroyed.
