[InitializeContainer] Container created on 2021-04-16 @ 17-19-50
[InitializeContainer] Winds: Vector <11.330494, 0.000000, 3.492847>, Speed 11.8566mps, Strength 0.1
[AirdropContainerFall] Drop Type 'Food/Medical', Container: 'AirdropContainer_Medical', Mode/Quantity/Iems: Random/20/11, Flare:  10%
[AirdropContainerFall] Loot Spawned [1] VitaminBottle @ <11382.247070, 125.177689, 8864.874023> ... Lifespan: Set to 120 minutes.
[AirdropContainerFall] Loot Spawned [2] TacticalBaconCan @ <11381.805664, 125.730347, 8862.989258> ... Lifespan: Set to 120 minutes.
[AirdropContainerFall] Loot Spawned [3] Canteen @ <11379.819336, 125.619209, 8865.094727> ... Lifespan: Set to 120 minutes.
[AirdropContainerFall] Loot Spawned [4] TacticalBaconCan @ <11382.501953, 125.273911, 8864.279297> ... Lifespan: Set to 120 minutes.
[AirdropContainerFall] Loot Spawned [5] Canteen @ <11381.179688, 126.097519, 8862.004883> ... Lifespan: Set to 120 minutes.
[AirdropContainerFall] Loot Spawned [6] ToxicM18SmokeGrenade_Purple @ <11378.742188, 125.957458, 8864.536133> ... Lifespan: Set to 120 minutes.
[AirdropContainerFall] Loot Spawned [7] ToxicM18SmokeGrenade_Purple @ <11379.094727, 126.398972, 8861.914063> ... Lifespan: Set to 120 minutes.
[AirdropContainerFall] Loot Spawned [8] Canteen @ <11380.039063, 126.296455, 8861.917969> ... Lifespan: Set to 120 minutes.
[AirdropContainerFall] Loot Spawned [9] TunaCan @ <11380.539063, 125.616898, 8864.469727> ... Lifespan: Set to 120 minutes.
[AirdropContainerFall] Loot Spawned [10] PeachesCan @ <11377.204102, 126.136292, 8865.094727> ... Lifespan: Set to 120 minutes.
[AirdropContainerFall] Loot Spawned [11] SpaghettiCan @ <11379.031250, 125.837425, 8864.790039> ... Lifespan: Set to 120 minutes.
[AirdropContainerFall] Loot Spawned [12] SpaghettiCan @ <11380.653320, 125.535904, 8864.706055> ... Lifespan: Set to 120 minutes.
[AirdropContainerFall] Loot Spawned [13] VitaminBottle @ <11379.556641, 126.408981, 8861.530273> ... Lifespan: Set to 120 minutes.
[AirdropContainerFall] Loot Spawned [14] ToxicM18SmokeGrenade_Red @ <11379.675781, 125.537117, 8866.158203> ... Lifespan: Set to 120 minutes.
[AirdropContainerFall] Loot Spawned [15] TunaCan @ <11379.312500, 126.433380, 8861.542969> ... Lifespan: Set to 120 minutes.
[AirdropContainerFall] Loot Spawned [16] VitaminBottle @ <11377.665039, 126.170082, 8864.371094> ... Lifespan: Set to 120 minutes.
[AirdropContainerFall] Loot Spawned [17] TunaCan @ <11380.994141, 125.691360, 8863.800781> ... Lifespan: Set to 120 minutes.
[AirdropContainerFall] Loot Spawned [18] SpaghettiCan @ <11381.454102, 126.099411, 8861.776367> ... Lifespan: Set to 120 minutes.
[AirdropContainerFall] Loot Spawned [19] SpaghettiCan @ <11378.966797, 125.776932, 8865.206055> ... Lifespan: Set to 120 minutes.
[AirdropContainerFall] Loot Spawned [20] VitaminBottle @ <11380.726563, 126.082993, 8862.428711> ... Lifespan: Set to 120 minutes.
[AirdropContainerFall] Airdrop Flare Spawned @ <11380.818359, 125.787933, 8863.550781> ... Lifespan: Set to 120 minutes.
[AirdropContainerUnstuck] Container was unstuck.
[~AirdropContainerBase] Container Destroyed on 2021-04-16 @ 18-19-49
