[AirdropPlane] Aircraft created on 2021-03-08 @ 09-22-43
[InitializeAircraft] Aircraft Initialized: Myshkino @ 2036/7491 (true)
[EOnBeforeDrop] The Aircraft is 1 Km from Myshkino. @ <1154.357300, 418.568420, 8703.247070>
[EOnDrop] Zombie Spawned [1] ZmbF_HikerSkinny_Red @ <2008.861206, 289.849396, 7549.864258> ... Lifespan:  Set to 120 minutes.
[EOnDrop] Zombie Spawned [2] ZmbF_MilkMaidOld_Black @ <2018.210083, 299.050537, 7589.450195> ... Lifespan:  Set to 120 minutes.
[EOnDrop] Zombie Spawned [3] ZmbM_FarmerFat_Brown @ <1980.525146, 280.819794, 7522.904785> ... Lifespan:  Set to 120 minutes.
[EOnDrop] Zombie Spawned [4] ZmbM_HikerSkinny_Yellow @ <2007.868652, 285.979462, 7525.273926> ... Lifespan:  Set to 120 minutes.
[EOnDrop] Zombie Spawned [5] ZmbF_HikerSkinny_Grey @ <1998.463379, 284.806824, 7530.665527> ... Lifespan:  Set to 120 minutes.
[EOnDrop] Zombie Spawned [6] ZmbM_VillagerOld_Green @ <1985.023926, 284.792725, 7553.194824> ... Lifespan:  Set to 120 minutes.
[EOnDrop] Zombie Spawned [7] ZmbF_MilkMaidOld_Grey @ <1978.246338, 283.600952, 7552.013184> ... Lifespan:  Set to 120 minutes.
[EOnDrop] Zombie Spawned [8] ZmbM_MotobikerFat_Black @ <1994.792969, 285.167328, 7541.436523> ... Lifespan:  Set to 120 minutes.
[EOnDrop] Zombie Spawned [9] ZmbF_HikerSkinny_Grey @ <1949.844849, 281.343048, 7580.255371> ... Lifespan:  Set to 120 minutes.
[EOnDrop] Zombie Spawned [10] ZmbF_VillagerOld_Green @ <1980.794189, 283.797333, 7550.235840> ... Lifespan:  Set to 120 minutes.
[EOnDrop] Zombie Spawned [11] ZmbM_HunterOld_Summer @ <2012.027710, 294.291382, 7564.452148> ... Lifespan:  Set to 120 minutes.
[EOnDrop] Zombie Spawned [12] ZmbM_HermitSkinny_Black @ <2020.610107, 290.847198, 7536.946289> ... Lifespan:  Set to 120 minutes.
[EOnDrop] Zombie Spawned [13] ZmbM_FarmerFat_Beige @ <1970.568970, 281.575409, 7544.215332> ... Lifespan:  Set to 120 minutes.
[EOnDrop] Zombie Spawned [14] ZmbM_HermitSkinny_Green @ <2003.573730, 289.739868, 7556.549805> ... Lifespan:  Set to 120 minutes.
[EOnDrop] Zombie Spawned [15] ZmbM_HermitSkinny_Green @ <1984.846680, 285.615051, 7559.202637> ... Lifespan:  Set to 120 minutes.
[EOnDrop] Zombie Spawned [16] ZmbM_FarmerFat_Green @ <1966.377197, 286.338715, 7590.601074> ... Lifespan:  Set to 120 minutes.
[EOnDrop] Zombie Spawned [17] ZmbM_HermitSkinny_Black @ <1998.258911, 288.334564, 7557.277832> ... Lifespan:  Set to 120 minutes.
[EOnDrop] Zombie Spawned [18] ZmbM_VillagerOld_Blue @ <1951.366699, 278.454315, 7547.402344> ... Lifespan:  Set to 120 minutes.
[EOnDrop] Zombie Spawned [19] ZmbM_MotobikerFat_Blue @ <1957.611816, 279.691010, 7547.325195> ... Lifespan:  Set to 120 minutes.
[EOnDrop] Zombie Spawned [20] ZmbF_HikerSkinny_Blue @ <2000.270996, 289.244659, 7558.574707> ... Lifespan:  Set to 120 minutes.
[EOnDrop] Zombie Spawned [21] ZmbF_HikerSkinny_Green @ <1994.665894, 285.832245, 7547.879395> ... Lifespan:  Set to 120 minutes.
[EOnDrop] Zombie Spawned [22] ZmbF_MilkMaidOld_Beige @ <1951.205933, 279.181946, 7554.438965> ... Lifespan:  Set to 120 minutes.
[EOnDrop] Zombie Spawned [23] ZmbF_VillagerOld_White @ <1993.395996, 285.512878, 7547.166992> ... Lifespan:  Set to 120 minutes.
[EOnDrop] Zombie Spawned [24] ZmbF_SurvivorNormal_Red @ <2021.372803, 298.376953, 7576.392578> ... Lifespan:  Set to 120 minutes.
[EOnDrop] Spawn failed for zombie [25] 'ZmbM_SurvivorDean_Grey', it does not exist in DayZ!
[EOnDrop] Spawn failed for zombie [26] 'ZmbM_SurvivorDean_Grey', it does not exist in DayZ!
[EOnDrop] Spawn failed for zombie [27] 'ZmbM_SurvivorDean_Black', it does not exist in DayZ!
[EOnDrop] Zombie Spawned [28] ZmbF_VillagerOld_Green @ <1992.181030, 287.999207, 7563.051758> ... Lifespan:  Set to 120 minutes.
[EOnDrop] Zombie Spawned [29] ZmbM_MotobikerFat_Black @ <1988.148071, 283.409515, 7534.979980> ... Lifespan:  Set to 120 minutes.
[EOnDrop] Zombie Spawned [30] ZmbM_FarmerFat_Brown @ <1966.856812, 280.083496, 7536.192383> ... Lifespan:  Set to 120 minutes.
[EOnDrop] Spawn failed for zombie [31] 'ZmbM_SurvivorDean_Grey', it does not exist in DayZ!
[EOnDrop] Zombie Spawned [32] ZmbM_MotobikerFat_Black @ <1966.907715, 277.878845, 7520.283691> ... Lifespan:  Set to 120 minutes.
[EOnDrop] Zombie Spawned [33] ZmbF_VillagerOld_Blue @ <1970.581421, 281.073181, 7539.312500> ... Lifespan:  Set to 120 minutes.
[EOnDrop] Zombie Spawned [34] ZmbF_HikerSkinny_Blue @ <1964.761353, 277.621796, 7521.510742> ... Lifespan:  Set to 120 minutes.
[EOnDrop] Zombie Spawned [35] ZmbM_HunterOld_Winter @ <1964.391846, 282.580475, 7562.797852> ... Lifespan:  Set to 120 minutes.
[EOnDrop] Drop spawned with 35 infected at <1990.859497, 428.320282, 7553.643555>.
[EOnDrop] Supplies have been dropped near Myshkino.
[EOnBeforeDelete] Aircraft despawned @ <8216.128906, 152.000610, -1001.098999>
[~AirdropPlane] Aircraft destroyed.
