[InitializeContainer] Container created on 2021-02-26 @ 06-00-55
[InitializeContainer] Winds: Vector <5.300612, 0.000000, -6.573194>, Speed 8.44413mps, Strength 0.1
[AirdropContainerFall] Drop Type 'Food/Medical', Container: 'AirdropContainer_Medical', Mode/Quantity/Iems: Random/20/11, Flare:  10%
[AirdropContainerFall] Loot Spawned [1] VitaminBottle @ <7439.574707, 313.437500, 7642.420898> ... Lifespan: Set to 120 minutes.
[AirdropContainerFall] Loot Spawned [2] Canteen @ <7439.566895, 313.375092, 7641.687988> ... Lifespan: Set to 120 minutes.
[AirdropContainerFall] Loot Spawned [3] SpaghettiCan @ <7438.660645, 313.349030, 7642.539063> ... Lifespan: Set to 120 minutes.
[AirdropContainerFall] Loot Spawned [4] SpaghettiCan @ <7439.032227, 313.259094, 7640.994629> ... Lifespan: Set to 120 minutes.
[AirdropContainerFall] Loot Spawned [5] ToxicCure @ <7440.383301, 313.696777, 7644.461914> ... Lifespan: Set to 120 minutes.
[AirdropContainerFall] Loot Spawned [6] BakedBeansCan @ <7440.009766, 313.461273, 7642.144043> ... Lifespan: Set to 120 minutes.
[AirdropContainerFall] Loot Spawned [7] SpaghettiCan @ <7438.425781, 313.240723, 7641.555664> ... Lifespan: Set to 120 minutes.
[AirdropContainerFall] Loot Spawned [8] VitaminBottle @ <7439.445801, 313.404541, 7642.194336> ... Lifespan: Set to 120 minutes.
[AirdropContainerFall] Loot Spawned [9] ToxicCure @ <7439.655273, 313.330933, 7641.048340> ... Lifespan: Set to 120 minutes.
[AirdropContainerFall] Loot Spawned [10] PeachesCan @ <7436.117188, 313.159912, 7643.469238> ... Lifespan: Set to 120 minutes.
[AirdropContainerFall] Loot Spawned [11] PeachesCan @ <7438.767090, 313.235291, 7641.051758> ... Lifespan: Set to 120 minutes.
[AirdropContainerFall] Loot Spawned [12] SpaghettiCan @ <7438.961914, 313.258575, 7641.079102> ... Lifespan: Set to 120 minutes.
[AirdropContainerFall] Loot Spawned [13] SpaghettiCan @ <7439.723633, 313.444336, 7642.311035> ... Lifespan: Set to 120 minutes.
[AirdropContainerFall] Loot Spawned [14] TunaCan @ <7436.415527, 313.274872, 7644.369141> ... Lifespan: Set to 120 minutes.
[AirdropContainerFall] Loot Spawned [15] ToxicCure @ <7440.451172, 313.621765, 7643.480957> ... Lifespan: Set to 120 minutes.
[AirdropContainerFall] Loot Spawned [16] Marmalade @ <7440.706543, 313.510834, 7641.782715> ... Lifespan: Set to 120 minutes.
[AirdropContainerFall] Loot Spawned [17] Marmalade @ <7438.147949, 313.267426, 7642.230957> ... Lifespan: Set to 120 minutes.
[AirdropContainerFall] Loot Spawned [18] BakedBeansCan @ <7438.628418, 313.308594, 7642.102539> ... Lifespan: Set to 120 minutes.
[AirdropContainerFall] Loot Spawned [19] Marmalade @ <7438.900391, 313.322876, 7641.923340> ... Lifespan: Set to 120 minutes.
[AirdropContainerFall] Loot Spawned [20] VitaminBottle @ <7440.148438, 313.679413, 7644.561035> ... Lifespan: Set to 120 minutes.
[AirdropContainerFall] Airdrop Flare Spawned @ <7436.344727, 313.146240, 7643.053711> ... Lifespan: Set to 120 minutes.
[AirdropContainerUnstuck] Container was unstuck.
[~AirdropContainerBase] Container Destroyed on 2021-02-26 @ 07-01-03
