[AirdropPlane] Aircraft created on 2021-03-21 @ 04-14-38
[InitializeAircraft] Aircraft Initialized: Player Called @ 8176.22/9114.27 (false)
[EOnBeforeDrop] The Aircraft is 1 Km from called location. @ <8920.583984, 460.528137, 7814.585938>
[EOnDrop] Zombie Spawned [1] ZmbF_JoggerSkinny_Green @ <8229.426758, 469.765472, 9071.978516> ... Lifespan:  Set to 120 minutes.
[EOnDrop] Zombie Spawned [2] ZmbM_SoldierNormal @ <8218.397461, 472.000793, 9080.536133> ... Lifespan:  Set to 120 minutes.
[EOnDrop] Zombie Spawned [3] Animal_CanisLupus_Grey @ <8214.242188, 470.040405, 9043.130859> ... Lifespan:  Set to 120 minutes.
[EOnDrop] Zombie Spawned [4] Animal_CanisLupus_White @ <8173.025879, 473.578644, 9065.143555> ... Lifespan:  Set to 120 minutes.
[EOnDrop] Zombie Spawned [5] ZmbM_MechanicSkinny_Grey @ <8210.706055, 470.172607, 9044.075195> ... Lifespan:  Set to 120 minutes.
[EOnDrop] Zombie Spawned [6] ZmbM_PatrolNormal_PautRev @ <8228.005859, 469.679993, 9029.641602> ... Lifespan:  Set to 120 minutes.
[EOnDrop] Zombie Spawned [7] Animal_CanisLupus_White @ <8198.625000, 471.437164, 9055.776367> ... Lifespan:  Set to 120 minutes.
[EOnDrop] Zombie Spawned [8] ZmbM_PatrolNormal_Summer @ <8172.460449, 472.399536, 9049.263672> ... Lifespan:  Set to 120 minutes.
[EOnDrop] Zombie Spawned [9] ZmbM_VillagerOld_Blue @ <8223.173828, 469.679993, 9036.174805> ... Lifespan:  Set to 120 minutes.
[EOnDrop] Zombie Spawned [10] ZmbM_PatrolNormal_Flat @ <8249.824219, 468.621185, 9050.623047> ... Lifespan:  Set to 120 minutes.
[EOnDrop] Zombie Spawned [11] ZmbM_PatrolNormal_Flat @ <8168.542480, 472.260010, 9029.631836> ... Lifespan:  Set to 120 minutes.
[EOnDrop] Zombie Spawned [12] ZmbF_VillagerOld_Red @ <8207.704102, 470.268524, 9043.697266> ... Lifespan:  Set to 120 minutes.
[EOnDrop] Zombie Spawned [13] Animal_CanisLupus_White @ <8234.876953, 469.571198, 9049.528320> ... Lifespan:  Set to 120 minutes.
[EOnDrop] Zombie Spawned [14] ZmbM_MechanicSkinny_Green @ <8216.102539, 469.679993, 9023.517578> ... Lifespan:  Set to 120 minutes.
[EOnDrop] Zombie Spawned [15] ZmbM_MechanicSkinny_Green @ <8217.692383, 469.953369, 9047.745117> ... Lifespan:  Set to 120 minutes.
[EOnDrop] Zombie Spawned [16] Animal_CanisLupus_Grey @ <8247.312500, 469.679993, 9013.978516> ... Lifespan:  Set to 120 minutes.
[EOnDrop] Zombie Spawned [17] Animal_CanisLupus_White @ <8223.223633, 469.679993, 9013.767578> ... Lifespan:  Set to 120 minutes.
[EOnDrop] Zombie Spawned [18] ZmbM_FarmerFat_Beige @ <8203.499023, 471.382660, 9059.672852> ... Lifespan:  Set to 120 minutes.
[EOnDrop] Zombie Spawned [19] ZmbF_SkaterYoung_Violet @ <8214.184570, 470.055695, 9044.645508> ... Lifespan:  Set to 120 minutes.
[EOnDrop] Zombie Spawned [20] ZmbM_HunterOld_Spring @ <8206.494141, 469.679993, 9029.626953> ... Lifespan:  Set to 120 minutes.
[EOnDrop] Zombie Spawned [21] Animal_CanisLupus_Grey @ <8232.559570, 469.679993, 9020.955078> ... Lifespan:  Set to 120 minutes.
[EOnDrop] Zombie Spawned [22] ZmbM_CommercialPilotOld_Brown @ <8216.732422, 471.166718, 9070.123047> ... Lifespan:  Set to 120 minutes.
[EOnDrop] Zombie Spawned [23] ZmbM_PatrolNormal_Summer @ <8220.197266, 469.683441, 9038.787109> ... Lifespan:  Set to 120 minutes.
[EOnDrop] Zombie Spawned [24] ZmbF_JournalistNormal_White @ <8224.478516, 469.679993, 9004.411133> ... Lifespan:  Set to 120 minutes.
[EOnDrop] Zombie Spawned [25] ZmbM_HandymanNormal_Beige @ <8252.880859, 467.613342, 9061.487305> ... Lifespan:  Set to 120 minutes.
[EOnDrop] Zombie Spawned [26] ZmbF_JoggerSkinny_Blue @ <8198.650391, 474.140869, 9073.834961> ... Lifespan:  Set to 120 minutes.
[EOnDrop] Zombie Spawned [27] Animal_CanisLupus_White @ <8222.198242, 469.997375, 9050.118164> ... Lifespan:  Set to 120 minutes.
[EOnDrop] Zombie Spawned [28] ZmbF_SurvivorNormal_Orange @ <8217.288086, 469.679993, 9004.543945> ... Lifespan:  Set to 120 minutes.
[EOnDrop] Zombie Spawned [29] ZmbM_FishermanOld_Green @ <8207.647461, 470.624298, 9051.024414> ... Lifespan:  Set to 120 minutes.
[EOnDrop] Zombie Spawned [30] ZmbM_HunterOld_Spring @ <8248.719727, 469.288940, 9042.211914> ... Lifespan:  Set to 120 minutes.
[EOnDrop] Zombie Spawned [31] ZmbM_PatrolNormal_Summer @ <8227.727539, 469.679993, 9032.532227> ... Lifespan:  Set to 120 minutes.
[EOnDrop] Zombie Spawned [32] ZmbM_SoldierNormal @ <8193.713867, 471.228027, 9018.316406> ... Lifespan:  Set to 120 minutes.
[EOnDrop] Zombie Spawned [33] Animal_CanisLupus_White @ <8211.958984, 469.709564, 9033.981445> ... Lifespan:  Set to 120 minutes.
[EOnDrop] Zombie Spawned [34] Animal_CanisLupus_White @ <8214.479492, 472.980957, 9089.155273> ... Lifespan:  Set to 120 minutes.
[EOnDrop] Zombie Spawned [35] ZmbM_PatrolNormal_Summer @ <8219.708984, 470.239502, 9056.256836> ... Lifespan:  Set to 120 minutes.
[EOnDrop] Zombie Spawned [36] ZmbF_JoggerSkinny_Red @ <8232.195313, 469.670227, 9041.429688> ... Lifespan:  Set to 120 minutes.
[EOnDrop] Zombie Spawned [37] ZmbM_OffshoreWorker_Yellow @ <8230.456055, 469.930817, 9077.540039> ... Lifespan:  Set to 120 minutes.
[EOnDrop] Zombie Spawned [38] ZmbM_PatrolNormal_PautRev @ <8208.687500, 469.690399, 9001.209961> ... Lifespan:  Set to 120 minutes.
[EOnDrop] Zombie Spawned [39] ZmbM_CitizenASkinny_Blue @ <8197.309570, 472.332733, 9063.967773> ... Lifespan:  Set to 120 minutes.
[EOnDrop] Zombie Spawned [40] ZmbF_SkaterYoung_Violet @ <8203.067383, 469.929535, 9003.708008> ... Lifespan:  Set to 120 minutes.
[EOnDrop] Drop spawned with 40 infected at <8212.853516, 593.112183, 9049.871094>.
[EOnDrop] Supplies have been dropped near the player's location.
[EOnBeforeDelete] Aircraft despawned @ <4024.009766, 495.998810, 16361.152344>
[~AirdropPlane] Aircraft destroyed.
