[AirdropPlane] Aircraft created on 2021-02-03 @ 04-05-40
[InitializeAircraft] Aircraft Initialized: Berezino @ 11464/8908 (true)
[EOnBeforeDrop] The Aircraft is 1 Km from Berezino. @ <12422.412109, 261.132568, 7755.852539>
[EOnDrop] Zombie Spawned [1] ZmbM_ClerkFat_White @ <11493.354492, 127.787270, 8827.519531> ... Lifespan:  Set to 120 minutes.
[EOnDrop] Zombie Spawned [2] ZmbM_CitizenASkinny_Red @ <11510.489258, 124.813919, 8828.047852> ... Lifespan:  Set to 120 minutes.
[EOnDrop] Zombie Spawned [3] ZmbF_JournalistNormal_White @ <11495.641602, 131.666580, 8802.974609> ... Lifespan:  Set to 120 minutes.
[EOnDrop] Zombie Spawned [4] ZmbM_DoctorFat @ <11538.807617, 125.091309, 8804.042969> ... Lifespan:  Set to 120 minutes.
[EOnDrop] Spawn failed for zombie [5] 'ZmbM_JacketNormal_greenchecks', it does not exist in DayZ!
[EOnDrop] Zombie Spawned [6] ZmbF_Clerk_Normal_Blue @ <11488.284180, 131.025818, 8814.077148> ... Lifespan:  Set to 120 minutes.
[EOnDrop] Zombie Spawned [7] ZmbM_PatrolNormal_PautRev @ <11487.230469, 123.111496, 8859.605469> ... Lifespan:  Set to 120 minutes.
[EOnDrop] Zombie Spawned [8] ZmbF_Clerk_Normal_White @ <11533.888672, 120.464668, 8827.816406> ... Lifespan:  Set to 120 minutes.
[EOnDrop] Zombie Spawned [9] ZmbF_ShortSkirt_beige @ <11548.556641, 116.841759, 8831.704102> ... Lifespan:  Set to 120 minutes.
[EOnDrop] Zombie Spawned [10] ZmbF_ShortSkirt_yellow @ <11520.644531, 128.735519, 8795.483398> ... Lifespan:  Set to 120 minutes.
[EOnDrop] Zombie Spawned [11] ZmbF_JournalistNormal_Green @ <11483.498047, 128.611038, 8832.049805> ... Lifespan:  Set to 120 minutes.
[EOnDrop] Zombie Spawned [12] ZmbF_JoggerSkinny_Green @ <11521.284180, 122.671967, 8829.257813> ... Lifespan:  Set to 120 minutes.
[EOnDrop] Zombie Spawned [13] ZmbM_CitizenASkinny_Grey @ <11528.313477, 123.545502, 8821.592773> ... Lifespan:  Set to 120 minutes.
[EOnDrop] Zombie Spawned [14] ZmbM_Jacket_greenchecks @ <11530.240234, 118.033791, 8845.709961> ... Lifespan:  Set to 120 minutes.
[EOnDrop] Zombie Spawned [15] ZmbF_Clerk_Normal_Blue @ <11530.551758, 127.728882, 8789.833008> ... Lifespan:  Set to 120 minutes.
[EOnDrop] Zombie Spawned [16] ZmbF_Clerk_Normal_Red @ <11538.135742, 114.562546, 8855.854492> ... Lifespan:  Set to 120 minutes.
[EOnDrop] Zombie Spawned [17] ZmbM_CitizenASkinny_Brown @ <11548.965820, 113.290718, 8850.596680> ... Lifespan:  Set to 120 minutes.
[EOnDrop] Zombie Spawned [18] ZmbM_ParamedicNormal_Blue @ <11561.267578, 111.624573, 8848.229492> ... Lifespan:  Set to 120 minutes.
[EOnDrop] Zombie Spawned [19] ZmbF_JoggerSkinny_Green @ <11547.068359, 115.853989, 8838.471680> ... Lifespan:  Set to 120 minutes.
[EOnDrop] Zombie Spawned [20] ZmbM_Jacket_stripes @ <11502.801758, 120.107475, 8863.870117> ... Lifespan:  Set to 120 minutes.
[EOnDrop] Drop spawned with 20 infected at <11527.673828, 267.592712, 8832.943359>.
[EOnDrop] Supplies have been dropped near Berezino.
[EOnBeforeDelete] Aircraft despawned @ <5271.976074, 604.204529, 16361.190430>
[~AirdropPlane] Aircraft destroyed.
