[InitializeContainer] Container created on 2021-03-31 @ 08-10-05
[InitializeContainer] Winds: Vector <11.288522, 0.000000, 3.993641>, Speed 11.9741mps, Strength 0.1
[AirdropContainerFall] Drop Type 'Military Weapons', Container: 'AirdropContainer_Military', Mode/Quantity/Iems: Random/20/18, Flare:  10%
[AirdropContainerFall] Loot Spawned [1] Mag_AKM_30Rnd @ <2789.394531, 305.657928, 6203.390137> ... Lifespan: Set to 120 minutes.
[AirdropContainerFall] Spawn failed for item [2] 'TWP_P90Shallow_Grave_mag_50Rn', does not exist in DayZ!
[AirdropContainerFall] Loot Spawned [3] AmmoBox_762x39_20Rnd @ <2787.600586, 305.586334, 6202.747070> ... Lifespan: Set to 120 minutes.
[AirdropContainerFall] Loot Spawned [4] TWP_P8_mag_15Rnd @ <2790.369629, 305.736542, 6204.010742> ... Lifespan: Set to 120 minutes.
[AirdropContainerFall] Loot Spawned [5] TWP_RemingtonMSR_mag_5Rnd @ <2786.837402, 305.763336, 6203.983887> ... Lifespan: Set to 120 minutes.
[AirdropContainerFall] Loot Spawned [6] Mag_STANAG_30Rnd @ <2787.406494, 305.760773, 6204.003906> ... Lifespan: Set to 120 minutes.
[AirdropContainerFall] Loot Spawned [7] Mag_AKM_30Rnd @ <2786.444092, 306.015106, 6205.790527> ... Lifespan: Set to 120 minutes.
[AirdropContainerFall] Spawn failed for item [8] 'WP_ArexZero_mag_18Rnd', does not exist in DayZ!
[AirdropContainerFall] Loot Spawned [9] Mag_AKM_30Rnd @ <2788.912842, 305.673035, 6203.467285> ... Lifespan: Set to 120 minutes.
[AirdropContainerFall] Loot Spawned [10] TWP_RemingtonMSR @ <2787.604004, 305.709900, 6203.646973> ... Lifespan: Set to 120 minutes.
[AirdropContainerFall] Loot Spawned [11] TWP_RemingtonMSR_mag_5Rnd @ <2788.919678, 305.394226, 6201.467773> ... Lifespan: Set to 120 minutes.
[AirdropContainerFall] Loot Spawned [12] TWP_P8 @ <2789.064941, 305.609253, 6203.013184> ... Lifespan: Set to 120 minutes.
[AirdropContainerFall] Loot Spawned [13] TWP_P90Shallow_Grave @ <2786.875488, 306.001160, 6205.718262> ... Lifespan: Set to 120 minutes.
[AirdropContainerFall] Spawn failed for item [14] 'TWP_P90Shallow_Grave_mag_50Rn', does not exist in DayZ!
[AirdropContainerFall] Loot Spawned [15] AKM @ <2789.367188, 305.903015, 6205.172852> ... Lifespan: Set to 120 minutes.
[AirdropContainerFall] Spawn failed for item [16] 'WP_ArexZero_mag_18Rnd', does not exist in DayZ!
[AirdropContainerFall] Loot Spawned [17] TWP_P8_mag_15Rnd @ <2790.963135, 305.779541, 6204.335449> ... Lifespan: Set to 120 minutes.
[AirdropContainerFall] Loot Spawned [18] TWP_RemingtonMSR_mag_5Rnd @ <2788.016357, 305.547028, 6202.489746> ... Lifespan: Set to 120 minutes.
[AirdropContainerFall] Loot Spawned [19] TWP_USPPsychodelic_mag_15Rnd @ <2787.649658, 305.566284, 6202.604004> ... Lifespan: Set to 120 minutes.
[AirdropContainerFall] Loot Spawned [20] TWP_P8_mag_15Rnd @ <2790.032959, 305.692932, 6203.686523> ... Lifespan: Set to 120 minutes.
[AirdropContainerUnstuck] Container was unstuck.
[~AirdropContainerBase] Container Destroyed on 2021-03-31 @ 10-00-50
