[InitializeContainer] Container created on 2021-03-24 @ 02-20-31
[InitializeContainer] Winds: Vector <10.195764, 0.000000, -2.117583>, Speed 10.4133mps, Strength 0.1
[AirdropContainerFall] Drop Type 'Military Weapons', Container: 'AirdropContainer', Mode/Quantity/Iems: Random/30/14, Flare:  10%
[AirdropContainerFall] Loot Spawned [1] TTC_Ammo_50Beo @ <9288.660156, 32.760521, 2221.489746> ... Lifespan: Set to 120 minutes.
[AirdropContainerFall] Loot Spawned [2] AKM @ <9288.213867, 32.068867, 2218.270020> ... Lifespan: Set to 120 minutes.
[AirdropContainerFall] Loot Spawned [3] BakedBeansCan @ <9288.916016, 32.607204, 2220.670654> ... Lifespan: Set to 120 minutes.
[AirdropContainerFall] Loot Spawned [4] TTC_AmmoBox_50Beo_20rnd @ <9286.676758, 32.129452, 2219.110352> ... Lifespan: Set to 120 minutes.
[AirdropContainerFall] Loot Spawned [5] TTC_Buttstock3 @ <9288.264648, 32.197395, 2218.890625> ... Lifespan: Set to 120 minutes.
[AirdropContainerFall] Loot Spawned [6] TTC_Ammo_50Beo @ <9286.133789, 32.085693, 2219.083740> ... Lifespan: Set to 120 minutes.
[AirdropContainerFall] Loot Spawned [7] AKM @ <9289.761719, 32.648636, 2220.583008> ... Lifespan: Set to 120 minutes.
[AirdropContainerFall] Loot Spawned [8] TWP_BerettaPX4_mag_17Rnd @ <9289.172852, 32.964298, 2222.290039> ... Lifespan: Set to 120 minutes.
[AirdropContainerFall] Loot Spawned [9] TTC_AmmoBox_50Beo_20rnd @ <9285.454102, 32.216854, 2219.973633> ... Lifespan: Set to 120 minutes.
[AirdropContainerFall] Loot Spawned [10] TWP_BerettaPX4 @ <9289.933594, 32.592171, 2220.255615> ... Lifespan: Set to 120 minutes.
[AirdropContainerFall] Loot Spawned [11] TTC_R700 @ <9287.083008, 31.826767, 2217.470215> ... Lifespan: Set to 120 minutes.
[AirdropContainerFall] Loot Spawned [12] TWP_BerettaPX4_mag_17Rnd @ <9288.340820, 32.318958, 2219.467529> ... Lifespan: Set to 120 minutes.
[AirdropContainerFall] Loot Spawned [13] TWP_BerettaPX4_mag_17Rnd @ <9288.456055, 32.425106, 2219.954590> ... Lifespan: Set to 120 minutes.
[AirdropContainerFall] Loot Spawned [14] TTC_AmmoBox_50Beo_20rnd @ <9286.867188, 32.140465, 2219.098389> ... Lifespan: Set to 120 minutes.
[AirdropContainerFall] Loot Spawned [15] TWP_BerettaPX4_mag_17Rnd @ <9285.841797, 32.130859, 2219.410400> ... Lifespan: Set to 120 minutes.
[AirdropContainerFall] Loot Spawned [16] AKM @ <9286.222656, 32.275005, 2219.992676> ... Lifespan: Set to 120 minutes.
[AirdropContainerFall] Loot Spawned [17] BakedBeansCan @ <9286.908203, 32.683472, 2221.712891> ... Lifespan: Set to 120 minutes.
[AirdropContainerFall] Loot Spawned [18] TTC_Buttstock3 @ <9288.228516, 32.657700, 2221.144043> ... Lifespan: Set to 120 minutes.
[AirdropContainerFall] Loot Spawned [19] Mag_AKM_30Rnd @ <9289.996094, 32.486481, 2219.718506> ... Lifespan: Set to 120 minutes.
[AirdropContainerFall] Loot Spawned [20] TWP_BerettaPX4_mag_17Rnd @ <9286.249023, 32.208542, 2219.653320> ... Lifespan: Set to 120 minutes.
[AirdropContainerFall] Loot Spawned [21] TTC_Beowulf @ <9284.521484, 32.328171, 2220.885254> ... Lifespan: Set to 120 minutes.
[AirdropContainerFall] Loot Spawned [22] AKM @ <9286.130859, 31.954777, 2218.439941> ... Lifespan: Set to 120 minutes.
[AirdropContainerFall] Loot Spawned [23] TTC_AmmoBox_50Beo_20rnd @ <9287.842773, 31.842209, 2217.274414> ... Lifespan: Set to 120 minutes.
[AirdropContainerFall] Loot Spawned [24] BakedBeansCan @ <9285.568359, 32.520908, 2221.388672> ... Lifespan: Set to 120 minutes.
[AirdropContainerFall] Loot Spawned [25] BakedBeansCan @ <9289.541992, 32.445866, 2219.676270> ... Lifespan: Set to 120 minutes.
[AirdropContainerFall] Loot Spawned [26] TTC_50Beo_mag @ <9288.584961, 32.369991, 2219.635498> ... Lifespan: Set to 120 minutes.
[AirdropContainerFall] Loot Spawned [27] TTC_Buttstock3 @ <9290.292969, 32.545322, 2219.906738> ... Lifespan: Set to 120 minutes.
[AirdropContainerFall] Loot Spawned [28] Mag_AKM_30Rnd @ <9286.758789, 31.842268, 2217.662842> ... Lifespan: Set to 120 minutes.
[AirdropContainerFall] Loot Spawned [29] TTC_R700 @ <9287.652344, 31.930086, 2217.777588> ... Lifespan: Set to 120 minutes.
[AirdropContainerFall] Loot Spawned [30] TTC_Buttstock3 @ <9287.192383, 32.835476, 2222.343262> ... Lifespan: Set to 120 minutes.
[AirdropContainerUnstuck] Container was unstuck.
[~AirdropContainerBase] Container Destroyed on 2021-03-24 @ 03-20-31
