[InitializeContainer] Container created on 2021-01-23 @ 22-24-39
[InitializeContainer] Winds: Vector <10.139639, 0.000000, 7.995639>, Speed 12.9129mps, Strength 0.1
[AirdropContainerFall] Drop Type 'Military Weapons', Container: 'AirdropContainer_Military', Mode/Quantity/Iems: Random/20/18, Flare:  10%
[AirdropContainerFall] Loot Spawned [1] AmmoBox_762x54_20Rnd @ <11506.006836, 103.351082, 8974.691406> ... Lifespan: Set to 120 minutes.
[AirdropContainerFall] Loot Spawned [2] Mosin_Bayonet @ <11505.755859, 103.195999, 8976.082031> ... Lifespan: Set to 120 minutes.
[AirdropContainerFall] Loot Spawned [3] CombatBoots_Grey @ <11505.950195, 103.112358, 8976.617188> ... Lifespan: Set to 120 minutes.
[AirdropContainerFall] Loot Spawned [4] TTSKOPants @ <11505.750977, 103.286369, 8975.372070> ... Lifespan: Set to 120 minutes.
[AirdropContainerFall] Loot Spawned [5] Mosin_Compensator @ <11504.875000, 102.976036, 8978.338867> ... Lifespan: Set to 120 minutes.
[AirdropContainerFall] Loot Spawned [6] CombatBoots_Grey @ <11503.712891, 103.056953, 8978.304688> ... Lifespan: Set to 120 minutes.
[AirdropContainerFall] Loot Spawned [7] Mosin9130 @ <11503.073242, 103.369751, 8976.246094> ... Lifespan: Set to 120 minutes.
[AirdropContainerFall] Loot Spawned [8] LargeTent @ <11504.840820, 103.504311, 8974.234375> ... Lifespan: Set to 120 minutes.
[AirdropContainerFall] Loot Spawned [9] LargeTent @ <11504.331055, 103.569839, 8973.991211> ... Lifespan: Set to 120 minutes.
[AirdropContainerFall] Loot Spawned [10] Mosin_Compensator @ <11503.563477, 103.405151, 8975.703125> ... Lifespan: Set to 120 minutes.
[AirdropContainerFall] Loot Spawned [11] FNX45 @ <11502.648438, 103.394348, 8976.280273> ... Lifespan: Set to 120 minutes.
[AirdropContainerFall] Loot Spawned [12] Izh18 @ <11507.045898, 103.121613, 8975.833984> ... Lifespan: Set to 120 minutes.
[AirdropContainerFall] Loot Spawned [13] MilitaryBoots_Redpunk @ <11503.277344, 103.419647, 8975.742188> ... Lifespan: Set to 120 minutes.
[AirdropContainerFall] Loot Spawned [14] AmmoBox_762x39_20Rnd @ <11505.732422, 103.390076, 8974.565430> ... Lifespan: Set to 120 minutes.
[AirdropContainerFall] Loot Spawned [15] CombatBoots_Grey @ <11504.153320, 103.149239, 8977.407227> ... Lifespan: Set to 120 minutes.
[AirdropContainerFall] Spawn failed for item [16] 'PlateCarrierComplete', does not exist in DayZ!
[AirdropContainerFall] Loot Spawned [17] AmmoBox_762x39_20Rnd @ <11505.262695, 103.039223, 8977.652344> ... Lifespan: Set to 120 minutes.
[AirdropContainerFall] Loot Spawned [18] TTSKOPants @ <11502.473633, 103.433144, 8976.067383> ... Lifespan: Set to 120 minutes.
[AirdropContainerFall] Loot Spawned [19] CombatBoots_Grey @ <11507.434570, 103.164467, 8975.226563> ... Lifespan: Set to 120 minutes.
[AirdropContainerFall] Loot Spawned [20] Izh18 @ <11506.066406, 103.033676, 8977.198242> ... Lifespan: Set to 120 minutes.
[AirdropContainerUnstuck] Container was unstuck.
[~AirdropContainerBase] Container Destroyed on 2021-01-23 @ 23-02-14
