[InitializeContainer] Container created on 2021-03-01 @ 13-23-52
[InitializeContainer] Winds: Vector <11.347917, 0.000000, 3.108081>, Speed 11.7659mps, Strength 0.1
[AirdropContainerFall] Drop Type 'Military Weapons', Container: 'AirdropContainer', Mode/Quantity/Iems: Random/30/14, Flare:  10%
[AirdropContainerFall] Loot Spawned [1] TTC_AmmoBox_50Beo_20rnd @ <13380.313477, 41.617729, 3168.802246> ... Lifespan: Set to 120 minutes.
[AirdropContainerFall] Loot Spawned [2] TWP_BerettaPX4_mag_17Rnd @ <13379.574219, 42.076485, 3170.232422> ... Lifespan: Set to 120 minutes.
[AirdropContainerFall] Loot Spawned [3] TWP_BerettaPX4_mag_17Rnd @ <13379.721680, 42.588383, 3172.530518> ... Lifespan: Set to 120 minutes.
[AirdropContainerFall] Loot Spawned [4] TWP_BerettaPX4 @ <13381.662109, 41.339211, 3168.609375> ... Lifespan: Set to 120 minutes.
[AirdropContainerFall] Loot Spawned [5] TWP_BerettaPX4 @ <13383.320313, 41.223858, 3169.293213> ... Lifespan: Set to 120 minutes.
[AirdropContainerFall] Loot Spawned [6] PowderedMilk @ <13380.470703, 42.430195, 3172.289795> ... Lifespan: Set to 120 minutes.
[AirdropContainerFall] Loot Spawned [7] PowderedMilk @ <13379.776367, 41.926243, 3169.733154> ... Lifespan: Set to 120 minutes.
[AirdropContainerFall] Loot Spawned [8] TWP_BerettaPX4 @ <13379.734375, 42.635715, 3172.667969> ... Lifespan: Set to 120 minutes.
[AirdropContainerFall] Loot Spawned [9] TTC_AmmoBox_50Beo_20rnd @ <13379.959961, 41.746582, 3169.093994> ... Lifespan: Set to 120 minutes.
[AirdropContainerFall] Loot Spawned [10] TTC_R700 @ <13381.850586, 41.819302, 3170.762207> ... Lifespan: Set to 120 minutes.
[AirdropContainerFall] Loot Spawned [11] PowderedMilk @ <13380.309570, 42.140556, 3171.052979> ... Lifespan: Set to 120 minutes.
[AirdropContainerFall] Loot Spawned [12] TTC_50Beo_mag @ <13381.019531, 42.424431, 3172.361084> ... Lifespan: Set to 120 minutes.
[AirdropContainerFall] Loot Spawned [13] TTC_AmmoBox_50Beo_20rnd @ <13381.666992, 41.296204, 3168.427979> ... Lifespan: Set to 120 minutes.
[AirdropContainerFall] Loot Spawned [14] TWP_BerettaPX4_mag_17Rnd @ <13379.052734, 42.118553, 3170.030029> ... Lifespan: Set to 120 minutes.
[AirdropContainerFall] Loot Spawned [15] TTC_R700 @ <13380.927734, 41.570721, 3169.058594> ... Lifespan: Set to 120 minutes.
[AirdropContainerFall] Loot Spawned [16] TTC_50Beo_mag @ <13380.084961, 42.596985, 3172.656006> ... Lifespan: Set to 120 minutes.
[AirdropContainerFall] Loot Spawned [17] Mag_AKM_30Rnd @ <13381.511719, 41.181351, 3167.816650> ... Lifespan: Set to 120 minutes.
[AirdropContainerFall] Loot Spawned [18] TWP_BerettaPX4_mag_17Rnd @ <13382.638672, 41.549686, 3170.116699> ... Lifespan: Set to 120 minutes.
[AirdropContainerFall] Loot Spawned [19] TTC_50Beo_mag @ <13378.786133, 42.590313, 3171.867432> ... Lifespan: Set to 120 minutes.
[AirdropContainerFall] Loot Spawned [20] TWP_BerettaPX4_mag_17Rnd @ <13383.396484, 41.083149, 3168.801758> ... Lifespan: Set to 120 minutes.
[AirdropContainerFall] Loot Spawned [21] TWP_BerettaPX4_mag_17Rnd @ <13378.161133, 42.470135, 3170.889404> ... Lifespan: Set to 120 minutes.
[AirdropContainerFall] Loot Spawned [22] TTC_AmmoBox_50Beo_20rnd @ <13382.850586, 41.271397, 3169.204834> ... Lifespan: Set to 120 minutes.
[AirdropContainerFall] Loot Spawned [23] AKM @ <13380.537109, 42.254128, 3171.712158> ... Lifespan: Set to 120 minutes.
[AirdropContainerFall] Loot Spawned [24] TTC_Ammo_50Beo @ <13380.381836, 42.627434, 3172.758301> ... Lifespan: Set to 120 minutes.
[AirdropContainerFall] Loot Spawned [25] TTC_50Beo_mag @ <13379.753906, 42.016228, 3170.104736> ... Lifespan: Set to 120 minutes.
[AirdropContainerFall] Loot Spawned [26] PowderedMilk @ <13379.135742, 42.395908, 3171.286865> ... Lifespan: Set to 120 minutes.
[AirdropContainerFall] Loot Spawned [27] TTC_AmmoBox_50Beo_20rnd @ <13381.818359, 42.554996, 3172.775635> ... Lifespan: Set to 120 minutes.
[AirdropContainerFall] Loot Spawned [28] TTC_Buttstock3 @ <13379.674805, 42.207767, 3170.872559> ... Lifespan: Set to 120 minutes.
[AirdropContainerFall] Loot Spawned [29] Mag_AKM_30Rnd @ <13382.013672, 41.479580, 3169.477051> ... Lifespan: Set to 120 minutes.
[AirdropContainerFall] Loot Spawned [30] Vodka @ <13381.846680, 41.286766, 3168.521484> ... Lifespan: Set to 120 minutes.
[AirdropContainerUnstuck] Container was unstuck.
[~AirdropContainerBase] Container Destroyed on 2021-03-01 @ 13-39-41
