[AirdropBase] Base class created & settings loaded.
[2021-02-21 @ 07-39-30] ----------------------------------------------------------------------------------------------------
[EOnCallAirdrop] Drop zone asigned: Skalisty Island <13452.000000, 0.000000, 3112.000000>
[EOnCallAirdrop] Drop zone offset to: <13390.650391, 2438.000000, 3130.746826>
[EOnCallAirdrop] Aircraft spawn point: <-723.973511, 2438.000000, 16360.000000>
[EOnCallAirdrop] Aircraft bearing ... Angle/Bearing: 2.39002° / 313.062°, Text: 'North/West (313°)'
[EOnCallAirdrop] Aircraft has been dispatched to 'Skalisty Island' from the North/West (313°).
[2021-02-21 @ 08-40-03] ----------------------------------------------------------------------------------------------------
[EOnCallAirdrop] Drop zone asigned: Myshkino <2036.000000, 0.000000, 7491.000000>
[EOnCallAirdrop] Drop zone offset to: <2034.260986, 2438.000000, 7488.061035>
[EOnCallAirdrop] Aircraft spawn point: <14561.324219, 2438.000000, -1000.000000>
[EOnCallAirdrop] Aircraft bearing ... Angle/Bearing: -0.595744° / 124.134°, Text: 'South/East (124°)'
[EOnCallAirdrop] Aircraft has been dispatched to 'Myshkino' from the South/East (124°).
[2021-02-21 @ 09-40-11] ----------------------------------------------------------------------------------------------------
[EOnCallAirdrop] Drop zone asigned: Sosnovka <2700.000000, 0.000000, 6193.000000>
[EOnCallAirdrop] Drop zone offset to: <2793.155518, 2438.000000, 6205.106934>
[EOnCallAirdrop] Aircraft spawn point: <16360.000000, 2438.000000, 323.973511>
[EOnCallAirdrop] Aircraft bearing ... Angle/Bearing: -0.405803° / 113.251°, Text: 'South/East (113°)'
[EOnCallAirdrop] Aircraft has been dispatched to 'Sosnovka' from the South/East (113°).
[2021-02-21 @ 10-40-25] ----------------------------------------------------------------------------------------------------
[EOnCallAirdrop] Drop zone asigned: Balota <5043.000000, 0.000000, 2505.000000>
[EOnCallAirdrop] Drop zone offset to: <5082.728027, 2438.000000, 2566.584961>
[EOnCallAirdrop] Aircraft spawn point: <16360.000000, 2438.000000, 1700.927124>
[EOnCallAirdrop] Aircraft bearing ... Angle/Bearing: -0.0709308° / 94.064°, Text: 'East (94°)'
[EOnCallAirdrop] Aircraft has been dispatched to 'Balota' from the East (94°).
[2021-02-21 @ 11-40-37] ----------------------------------------------------------------------------------------------------
[EOnCallAirdrop] Drop zone asigned: Stary Sobor <5823.000000, 0.000000, 7764.000000>
[EOnCallAirdrop] Drop zone offset to: <5759.295898, 2438.000000, 7811.714844>
[EOnCallAirdrop] Aircraft spawn point: <-1000.000000, 2438.000000, 6537.483398>
[EOnCallAirdrop] Aircraft bearing ... Angle/Bearing: -2.96373° / 259.809°, Text: 'West (260°)'
[EOnCallAirdrop] Aircraft has been dispatched to 'Stary Sobor' from the West (260°).
[2021-02-21 @ 12-41-46] ----------------------------------------------------------------------------------------------------
[EOnCallAirdrop] Drop zone asigned: Chernogorks <6128.000000, 0.000000, 2497.000000>
[EOnCallAirdrop] Drop zone offset to: <6178.267578, 2438.000000, 2520.834717>
[EOnCallAirdrop] Aircraft spawn point: <7806.887207, 2438.000000, -1000.000000>
[EOnCallAirdrop] Aircraft bearing ... Angle/Bearing: -1.1232° / 154.355°, Text: 'South/East (154°)'
[EOnCallAirdrop] Aircraft has been dispatched to 'Chernogorks' from the South/East (154°).
