[InitializeContainer] Container created on 2021-02-22 @ 18-49-49
[InitializeContainer] Winds: Vector <4.818690, 0.000000, -6.732855>, Speed 8.27956mps, Strength 0.1
[AirdropContainerFall] Drop Type 'Military Weapons', Container: 'AirdropContainer_Military', Mode/Quantity/Iems: Random/20/18, Flare:  10%
[AirdropContainerFall] Loot Spawned [1] LandMineTrap @ <12133.345703, 140.050003, 12504.831055> ... Lifespan: Set to 120 minutes.
[AirdropContainerFall] Loot Spawned [2] AmmoBox_762x54_20Rnd @ <12128.544922, 140.050003, 12504.076172> ... Lifespan: Set to 120 minutes.
[AirdropContainerFall] Loot Spawned [3] M4A1 @ <12131.205078, 140.050003, 12500.187500> ... Lifespan: Set to 120 minutes.
[AirdropContainerFall] Loot Spawned [4] M4A1 @ <12130.916016, 140.050003, 12501.520508> ... Lifespan: Set to 120 minutes.
[AirdropContainerFall] Loot Spawned [5] TWP_ArexZero @ <12133.242188, 140.050003, 12503.211914> ... Lifespan: Set to 120 minutes.
[AirdropContainerFall] Loot Spawned [6] AKM @ <12129.833984, 140.050003, 12501.330078> ... Lifespan: Set to 120 minutes.
[AirdropContainerFall] Loot Spawned [7] LandMineTrap @ <12131.451172, 140.050003, 12504.389648> ... Lifespan: Set to 120 minutes.
[AirdropContainerFall] Loot Spawned [8] TWP_P8_mag_15Rnd @ <12128.507813, 140.050003, 12502.112305> ... Lifespan: Set to 120 minutes.
[AirdropContainerFall] Loot Spawned [9] AmmoBox_762x54_20Rnd @ <12130.528320, 140.050003, 12503.734375> ... Lifespan: Set to 120 minutes.
[AirdropContainerFall] Loot Spawned [10] TWP_USPPsychodelic_mag_15Rnd @ <12131.769531, 140.050003, 12500.047852> ... Lifespan: Set to 120 minutes.
[AirdropContainerFall] Loot Spawned [11] AmmoBox_762x54_20Rnd @ <12132.101563, 140.050003, 12503.414063> ... Lifespan: Set to 120 minutes.
[AirdropContainerFall] Loot Spawned [12] TWP_P8_mag_15Rnd @ <12132.695313, 140.050003, 12501.626953> ... Lifespan: Set to 120 minutes.
[AirdropContainerFall] Loot Spawned [13] TWP_RemingtonMSR @ <12129.547852, 140.050003, 12504.111328> ... Lifespan: Set to 120 minutes.
[AirdropContainerFall] Loot Spawned [14] TWP_RemingtonMSR @ <12131.253906, 140.050003, 12499.986328> ... Lifespan: Set to 120 minutes.
[AirdropContainerFall] Loot Spawned [15] M4A1 @ <12131.878906, 140.050003, 12501.821289> ... Lifespan: Set to 120 minutes.
[AirdropContainerFall] Loot Spawned [16] TWP_P8_mag_15Rnd @ <12129.555664, 140.050003, 12501.309570> ... Lifespan: Set to 120 minutes.
[AirdropContainerFall] Loot Spawned [17] TWP_ArexZero @ <12133.999023, 140.050003, 12502.920898> ... Lifespan: Set to 120 minutes.
[AirdropContainerFall] Loot Spawned [18] TWP_P8_mag_15Rnd @ <12130.649414, 140.050003, 12505.325195> ... Lifespan: Set to 120 minutes.
[AirdropContainerFall] Loot Spawned [19] M4A1 @ <12130.701172, 140.050003, 12501.610352> ... Lifespan: Set to 120 minutes.
[AirdropContainerFall] Loot Spawned [20] LandMineTrap @ <12129.821289, 140.050003, 12500.856445> ... Lifespan: Set to 120 minutes.
[AirdropContainerFall] Airdrop Flare Spawned @ <12129.717773, 140.050003, 12503.964844> ... Lifespan: Set to 120 minutes.
[AirdropContainerUnstuck] Container was unstuck.
[~AirdropContainerBase] Container Destroyed on 2021-02-22 @ 19-49-26
