[InitializeContainer] Container created on 2021-04-04 @ 23-38-08
[InitializeContainer] Winds: Vector <7.807570, 0.000000, -5.120726>, Speed 9.33702mps, Strength 0.1
[AirdropContainerFall] Drop Type 'Military Weapons', Container: 'AirdropContainer', Mode/Quantity/Iems: Random/30/10, Flare:  10%
[AirdropContainerFall] Loot Spawned [1] TWP_ThompsonMK2_mag_50Rnd @ <5892.318359, 144.263641, 4610.872559> ... Lifespan: Set to 120 minutes.
[AirdropContainerFall] Loot Spawned [2] TWP_ThompsonMK2 @ <5894.821777, 145.303787, 4608.459473> ... Lifespan: Set to 120 minutes.
[AirdropContainerFall] Loot Spawned [3] TWP_Uzi_mag_20Rnd @ <5894.521484, 145.206238, 4608.196777> ... Lifespan: Set to 120 minutes.
[AirdropContainerFall] Loot Spawned [4] TWP_Uzi_mag_20Rnd @ <5893.887695, 145.011063, 4607.427246> ... Lifespan: Set to 120 minutes.
[AirdropContainerFall] Loot Spawned [5] TWP_Remington870Tactical @ <5894.887207, 145.180359, 4611.449707> ... Lifespan: Set to 120 minutes.
[AirdropContainerFall] Loot Spawned [6] TWP_ThompsonMK2 @ <5893.161133, 144.496063, 4612.447266> ... Lifespan: Set to 120 minutes.
[AirdropContainerFall] Loot Spawned [7] TWP_Remington870Tactical @ <5890.809570, 143.728165, 4610.471680> ... Lifespan: Set to 120 minutes.
[AirdropContainerFall] Loot Spawned [8] TWP_M40A5 @ <5890.622559, 143.700073, 4609.644531> ... Lifespan: Set to 120 minutes.
[AirdropContainerFall] Loot Spawned [9] TWP_Uzi_mag_20Rnd @ <5893.651855, 144.780228, 4610.347656> ... Lifespan: Set to 120 minutes.
[AirdropContainerFall] Loot Spawned [10] TWP_ThompsonMK2_mag_50Rnd @ <5894.171875, 144.980637, 4610.164551> ... Lifespan: Set to 120 minutes.
[AirdropContainerFall] Loot Spawned [11] TWP_M40A5_mag_5Rnd @ <5894.112793, 145.097565, 4607.354004> ... Lifespan: Set to 120 minutes.
[AirdropContainerFall] Loot Spawned [12] TWP_M40A5_mag_5Rnd @ <5893.054199, 144.710175, 4607.308105> ... Lifespan: Set to 120 minutes.
[AirdropContainerFall] Loot Spawned [13] TWP_ThompsonMK2 @ <5895.149414, 145.352386, 4609.818359> ... Lifespan: Set to 120 minutes.
[AirdropContainerFall] Loot Spawned [14] TWP_M40A5 @ <5891.083496, 143.899109, 4608.301758> ... Lifespan: Set to 120 minutes.
[AirdropContainerFall] Loot Spawned [15] TWP_XM8 @ <5893.074707, 144.494064, 4611.842285> ... Lifespan: Set to 120 minutes.
[AirdropContainerFall] Loot Spawned [16] TWP_Remington870Tactical @ <5892.615723, 144.510269, 4608.089355> ... Lifespan: Set to 120 minutes.
[AirdropContainerFall] Loot Spawned [17] TWP_M40A5 @ <5894.752930, 145.245438, 4609.130371> ... Lifespan: Set to 120 minutes.
[AirdropContainerFall] Loot Spawned [18] TWP_Remington870Tactical @ <5891.134766, 143.838699, 4610.655273> ... Lifespan: Set to 120 minutes.
[AirdropContainerFall] Loot Spawned [19] TWP_M40A5 @ <5893.780762, 144.786057, 4611.188965> ... Lifespan: Set to 120 minutes.
[AirdropContainerFall] Loot Spawned [20] AmmoBox_00buck_10rnd @ <5892.154297, 144.221527, 4610.500000> ... Lifespan: Set to 120 minutes.
[AirdropContainerFall] Loot Spawned [21] TWP_M40A5_mag_5Rnd @ <5894.384277, 145.052460, 4610.292969> ... Lifespan: Set to 120 minutes.
[AirdropContainerFall] Loot Spawned [22] TWP_Uzi_mag_20Rnd @ <5892.376465, 144.437057, 4607.787598> ... Lifespan: Set to 120 minutes.
[AirdropContainerFall] Loot Spawned [23] TWP_ThompsonMK2_mag_50Rnd @ <5894.160645, 145.100403, 4607.651367> ... Lifespan: Set to 120 minutes.
[AirdropContainerFall] Loot Spawned [24] TWP_ThompsonMK2 @ <5893.780762, 144.918869, 4608.497070> ... Lifespan: Set to 120 minutes.
[AirdropContainerFall] Loot Spawned [25] TWP_XM8_mag_30Rnd @ <5894.203613, 145.013184, 4609.740234> ... Lifespan: Set to 120 minutes.
[AirdropContainerFall] Loot Spawned [26] TWP_Remington870Tactical @ <5892.386719, 144.448013, 4607.469238> ... Lifespan: Set to 120 minutes.
[AirdropContainerFall] Loot Spawned [27] TWP_M40A5_mag_5Rnd @ <5890.073730, 143.476532, 4610.082031> ... Lifespan: Set to 120 minutes.
[AirdropContainerFall] Loot Spawned [28] TWP_Uzi_mag_20Rnd @ <5893.375000, 144.583282, 4612.273926> ... Lifespan: Set to 120 minutes.
[AirdropContainerFall] Loot Spawned [29] TWP_XM8 @ <5894.861816, 145.180588, 4611.257324> ... Lifespan: Set to 120 minutes.
[AirdropContainerFall] Loot Spawned [30] TWP_ThompsonMK2_mag_50Rnd @ <5894.258789, 145.132584, 4607.729980> ... Lifespan: Set to 120 minutes.
[AirdropContainerFall] Airdrop Flare Spawned @ <5894.536133, 145.241882, 4607.583984> ... Lifespan: Set to 120 minutes.
[AirdropContainerUnstuck] Container was unstuck.
[~AirdropContainerBase] Container Destroyed on 2021-04-05 @ 00-38-08
