[AirdropPlane] Aircraft created on 2021-03-05 @ 06-21-41
[InitializeAircraft] Aircraft Initialized: Sosnovka @ 2700/6193 (true)
[EOnBeforeDrop] The Aircraft is 1 Km from Sosnovka. @ <3759.312012, 457.355499, 7254.943359>
[EOnDrop] Zombie Spawned [1] ZmbM_PatrolNormal_Autumn @ <2749.295654, 312.113800, 6243.821777> ... Lifespan:  Set to 120 minutes.
[EOnDrop] Zombie Spawned [2] ZmbM_PatrolNormal_PautRev @ <2750.630127, 317.750092, 6293.313965> ... Lifespan:  Set to 120 minutes.
[EOnDrop] Zombie Spawned [3] ZmbM_PatrolNormal_Summer @ <2755.135010, 312.923584, 6253.899414> ... Lifespan:  Set to 120 minutes.
[EOnDrop] Zombie Spawned [4] ZmbM_PatrolNormal_PautRev @ <2749.838623, 316.546478, 6287.354492> ... Lifespan:  Set to 120 minutes.
[EOnDrop] Zombie Spawned [5] ZmbM_PatrolNormal_PautRev @ <2777.979492, 316.210205, 6278.337891> ... Lifespan:  Set to 120 minutes.
[EOnDrop] Zombie Spawned [6] ZmbM_PatrolNormal_Summer @ <2736.934082, 314.084717, 6265.205078> ... Lifespan:  Set to 120 minutes.
[EOnDrop] Zombie Spawned [7] ZmbM_PatrolNormal_Summer @ <2789.112549, 311.090363, 6242.196777> ... Lifespan:  Set to 120 minutes.
[EOnDrop] Zombie Spawned [8] ZmbM_PatrolNormal_Autumn @ <2797.123779, 321.380676, 6294.244629> ... Lifespan:  Set to 120 minutes.
[EOnDrop] Zombie Spawned [9] ZmbM_SoldierNormal @ <2762.514160, 315.103210, 6275.118164> ... Lifespan:  Set to 120 minutes.
[EOnDrop] Zombie Spawned [10] ZmbM_SoldierNormal @ <2769.118652, 309.965210, 6230.585938> ... Lifespan:  Set to 120 minutes.
[EOnDrop] Zombie Spawned [11] ZmbM_PatrolNormal_PautRev @ <2754.655273, 310.268097, 6227.581543> ... Lifespan:  Set to 120 minutes.
[EOnDrop] Zombie Spawned [12] ZmbM_PatrolNormal_Flat @ <2792.655029, 309.141052, 6226.399414> ... Lifespan:  Set to 120 minutes.
[EOnDrop] Zombie Spawned [13] ZmbM_SoldierNormal @ <2764.977051, 319.770752, 6298.298828> ... Lifespan:  Set to 120 minutes.
[EOnDrop] Zombie Spawned [14] ZmbM_PatrolNormal_Flat @ <2751.286865, 314.788940, 6274.097656> ... Lifespan:  Set to 120 minutes.
[EOnDrop] Zombie Spawned [15] ZmbM_PatrolNormal_PautRev @ <2807.848877, 316.626434, 6271.232422> ... Lifespan:  Set to 120 minutes.
[EOnDrop] Zombie Spawned [16] ZmbM_PatrolNormal_Autumn @ <2814.850830, 314.108337, 6258.480469> ... Lifespan:  Set to 120 minutes.
[EOnDrop] Zombie Spawned [17] ZmbM_PatrolNormal_Summer @ <2769.380859, 314.467163, 6269.364746> ... Lifespan:  Set to 120 minutes.
[EOnDrop] Zombie Spawned [18] ZmbM_PatrolNormal_Autumn @ <2772.217285, 312.300049, 6251.004395> ... Lifespan:  Set to 120 minutes.
[EOnDrop] Zombie Spawned [19] ZmbM_PatrolNormal_Flat @ <2750.666992, 314.773163, 6274.051270> ... Lifespan:  Set to 120 minutes.
[EOnDrop] Zombie Spawned [20] ZmbM_PatrolNormal_Flat @ <2771.930176, 313.267242, 6259.278809> ... Lifespan:  Set to 120 minutes.
[EOnDrop] Zombie Spawned [21] ZmbM_PatrolNormal_Autumn @ <2780.151611, 318.505096, 6287.312012> ... Lifespan:  Set to 120 minutes.
[EOnDrop] Zombie Spawned [22] ZmbM_SoldierNormal @ <2753.958740, 319.794739, 6299.911621> ... Lifespan:  Set to 120 minutes.
[EOnDrop] Zombie Spawned [23] ZmbM_PatrolNormal_Autumn @ <2764.153320, 310.428040, 6232.806152> ... Lifespan:  Set to 120 minutes.
[EOnDrop] Zombie Spawned [24] ZmbM_PatrolNormal_PautRev @ <2753.552002, 315.859253, 6283.189941> ... Lifespan:  Set to 120 minutes.
[EOnDrop] Zombie Spawned [25] ZmbM_PatrolNormal_PautRev @ <2718.966797, 315.546204, 6277.734375> ... Lifespan:  Set to 120 minutes.
[EOnDrop] Zombie Spawned [26] ZmbM_SoldierNormal @ <2757.118896, 313.846710, 6263.552246> ... Lifespan:  Set to 120 minutes.
[EOnDrop] Zombie Spawned [27] ZmbM_PatrolNormal_Flat @ <2786.894775, 309.062378, 6225.691895> ... Lifespan:  Set to 120 minutes.
[EOnDrop] Zombie Spawned [28] ZmbM_PatrolNormal_Autumn @ <2766.739014, 312.615936, 6253.160156> ... Lifespan:  Set to 120 minutes.
[EOnDrop] Zombie Spawned [29] ZmbM_PatrolNormal_Flat @ <2739.503174, 314.085327, 6265.483398> ... Lifespan:  Set to 120 minutes.
[EOnDrop] Zombie Spawned [30] ZmbM_SoldierNormal @ <2774.615479, 310.429535, 6236.191406> ... Lifespan:  Set to 120 minutes.
[EOnDrop] Zombie Spawned [31] ZmbM_SoldierNormal @ <2771.790771, 315.056793, 6273.594238> ... Lifespan:  Set to 120 minutes.
[EOnDrop] Zombie Spawned [32] ZmbM_PatrolNormal_PautRev @ <2734.690918, 314.921204, 6274.456543> ... Lifespan:  Set to 120 minutes.
[EOnDrop] Zombie Spawned [33] ZmbM_PatrolNormal_Summer @ <2771.338379, 313.814667, 6264.016602> ... Lifespan:  Set to 120 minutes.
[EOnDrop] Zombie Spawned [34] ZmbM_PatrolNormal_Flat @ <2781.163574, 309.091949, 6225.622070> ... Lifespan:  Set to 120 minutes.
[EOnDrop] Zombie Spawned [35] ZmbM_SoldierNormal @ <2780.840088, 322.889862, 6305.860352> ... Lifespan:  Set to 120 minutes.
[EOnDrop] Zombie Spawned [36] ZmbM_PatrolNormal_Summer @ <2775.727783, 309.645813, 6229.742188> ... Lifespan:  Set to 120 minutes.
[EOnDrop] Zombie Spawned [37] ZmbM_PatrolNormal_Summer @ <2752.872314, 312.471252, 6249.011719> ... Lifespan:  Set to 120 minutes.
[EOnDrop] Zombie Spawned [38] ZmbM_SoldierNormal @ <2792.360107, 311.145752, 6243.405762> ... Lifespan:  Set to 120 minutes.
[EOnDrop] Zombie Spawned [39] ZmbM_PatrolNormal_Summer @ <2759.106201, 313.930573, 6264.568359> ... Lifespan:  Set to 120 minutes.
[EOnDrop] Zombie Spawned [40] ZmbM_PatrolNormal_Flat @ <2797.976807, 314.835907, 6266.229980> ... Lifespan:  Set to 120 minutes.
[EOnDrop] Drop spawned with 40 infected at <2765.124023, 479.713562, 6260.399414>.
[EOnDrop] Supplies have been dropped near Sosnovka.
[EOnBeforeDelete] Aircraft despawned @ <-1000.431396, 222.128815, 2493.396729>
[~AirdropPlane] Aircraft destroyed.
