[InitializeContainer] Container created on 2021-01-21 @ 03-49-56
[InitializeContainer] Winds: Vector <9.142972, 0.000000, 9.708350>, Speed 13.3359mps, Strength 0.1
[AirdropContainerFall] Drop Type 'Military Weapons', Container: 'AirdropContainer', Mode/Quantity/Iems: Random/30/14, Flare:  10%
[AirdropContainerFall] Loot Spawned [1] AmmoBox_762x54_20Rnd @ <2420.091309, 190.058243, 5341.319824> ... Lifespan: Set to 120 minutes.
[AirdropContainerFall] Loot Spawned [2] AKM @ <2420.714111, 190.079956, 5344.176758> ... Lifespan: Set to 120 minutes.
[AirdropContainerFall] Loot Spawned [3] PowderedMilk @ <2421.384033, 190.090485, 5344.539063> ... Lifespan: Set to 120 minutes.
[AirdropContainerFall] Loot Spawned [4] Vodka @ <2422.701416, 190.078064, 5341.935059> ... Lifespan: Set to 120 minutes.
[AirdropContainerFall] Loot Spawned [5] Mag_AKM_30Rnd @ <2417.592773, 190.056564, 5342.573242> ... Lifespan: Set to 120 minutes.
[AirdropContainerFall] Loot Spawned [6] PowderedMilk @ <2417.777588, 190.058838, 5340.875000> ... Lifespan: Set to 120 minutes.
[AirdropContainerFall] Loot Spawned [7] Izh18 @ <2418.794678, 190.058487, 5341.138672> ... Lifespan: Set to 120 minutes.
[AirdropContainerFall] Loot Spawned [8] Rice @ <2421.501465, 190.085068, 5343.824707> ... Lifespan: Set to 120 minutes.
[AirdropContainerFall] Loot Spawned [9] Izh18 @ <2421.055420, 190.085358, 5344.366211> ... Lifespan: Set to 120 minutes.
[AirdropContainerFall] Loot Spawned [10] AmmoBox_762x54_20Rnd @ <2421.566162, 190.078094, 5343.004883> ... Lifespan: Set to 120 minutes.
[AirdropContainerFall] Loot Spawned [11] Vodka @ <2419.004883, 190.058441, 5341.164551> ... Lifespan: Set to 120 minutes.
[AirdropContainerFall] Loot Spawned [12] AmmoBox_762x39_20Rnd @ <2421.880615, 190.080093, 5342.858887> ... Lifespan: Set to 120 minutes.
[AirdropContainerFall] Loot Spawned [13] PowderedMilk @ <2419.406250, 190.074768, 5345.115723> ... Lifespan: Set to 120 minutes.
[AirdropContainerFall] Spawn failed for item [14] 'Mossin9130', does not exist in DayZ!
[AirdropContainerFall] Loot Spawned [15] FNX45 @ <2418.883301, 190.071182, 5345.328613> ... Lifespan: Set to 120 minutes.
[AirdropContainerFall] Loot Spawned [16] Rice @ <2421.646484, 190.058914, 5340.814453> ... Lifespan: Set to 120 minutes.
[AirdropContainerFall] Loot Spawned [17] Mag_STANAG_30Rnd @ <2420.234863, 190.058136, 5341.400391> ... Lifespan: Set to 120 minutes.
[AirdropContainerFall] Loot Spawned [18] Izh18 @ <2418.261475, 190.055939, 5343.045898> ... Lifespan: Set to 120 minutes.
[AirdropContainerFall] Loot Spawned [19] PowderedMilk @ <2418.936035, 190.069656, 5345.104980> ... Lifespan: Set to 120 minutes.
[AirdropContainerFall] Loot Spawned [20] BakedBeansCan @ <2419.353027, 190.061539, 5343.759277> ... Lifespan: Set to 120 minutes.
[AirdropContainerFall] Loot Spawned [21] Izh18 @ <2418.895996, 190.059875, 5340.088867> ... Lifespan: Set to 120 minutes.
[AirdropContainerFall] Loot Spawned [22] Mag_AKM_30Rnd @ <2419.895752, 190.059204, 5340.592285> ... Lifespan: Set to 120 minutes.
[AirdropContainerFall] Loot Spawned [23] AmmoBox_762x54_20Rnd @ <2417.114502, 190.056671, 5342.491699> ... Lifespan: Set to 120 minutes.
[AirdropContainerFall] Loot Spawned [24] Rice @ <2418.381836, 190.059830, 5344.686523> ... Lifespan: Set to 120 minutes.
[AirdropContainerFall] Loot Spawned [25] BakedBeansCan @ <2421.823242, 190.097870, 5344.828613> ... Lifespan: Set to 120 minutes.
[AirdropContainerFall] Loot Spawned [26] Mag_AKM_30Rnd @ <2419.837402, 190.069794, 5344.089844> ... Lifespan: Set to 120 minutes.
[AirdropContainerFall] Loot Spawned [27] M4A1 @ <2420.340576, 190.057693, 5341.728027> ... Lifespan: Set to 120 minutes.
[AirdropContainerFall] Loot Spawned [28] AmmoBox_762x54_20Rnd @ <2417.841797, 190.056305, 5342.765137> ... Lifespan: Set to 120 minutes.
[AirdropContainerFall] Loot Spawned [29] AmmoBox_762x54_20Rnd @ <2420.517090, 190.081024, 5344.516602> ... Lifespan: Set to 120 minutes.
[AirdropContainerFall] Loot Spawned [30] Mag_STANAG_30Rnd @ <2418.228760, 190.062973, 5345.198242> ... Lifespan: Set to 120 minutes.
[AirdropContainerUnstuck] Container was unstuck.
[~AirdropContainerBase] Container Destroyed on 2021-01-21 @ 04-50-05
