[AirdropPlane] Aircraft created on 2021-02-03 @ 15-06-32
[InitializeAircraft] Aircraft Initialized: Stary Sobor @ 5823/7764 (true)
[EOnBeforeDrop] The Aircraft is 1 Km from Stary Sobor. @ <4947.724609, 433.679840, 6546.785645>
[EOnDrop] Zombie Spawned [1] ZmbF_MilkMaidOld_Grey @ <5783.974121, 320.633270, 7695.610352> ... Lifespan:  Set to 120 minutes.
[EOnDrop] Zombie Spawned [2] ZmbM_FarmerFat_Blue @ <5786.251465, 320.627136, 7704.427734> ... Lifespan:  Set to 120 minutes.
[EOnDrop] Zombie Spawned [3] ZmbM_HermitSkinny_Red @ <5753.480469, 319.649414, 7679.630371> ... Lifespan:  Set to 120 minutes.
[EOnDrop] Zombie Spawned [4] ZmbM_HunterOld_Summer @ <5777.551758, 319.850464, 7668.240723> ... Lifespan:  Set to 120 minutes.
[EOnDrop] Zombie Spawned [5] ZmbM_HunterOld_Autumn @ <5769.769531, 320.640106, 7721.212891> ... Lifespan:  Set to 120 minutes.
[EOnDrop] Zombie Spawned [6] ZmbF_HikerSkinny_Blue @ <5802.859375, 320.320404, 7701.991211> ... Lifespan:  Set to 120 minutes.
[EOnDrop] Zombie Spawned [7] ZmbF_SurvivorNormal_Blue @ <5795.542480, 319.947418, 7668.659668> ... Lifespan:  Set to 120 minutes.
[EOnDrop] Zombie Spawned [8] ZmbM_HunterOld_Spring @ <5762.281738, 320.644928, 7717.384277> ... Lifespan:  Set to 120 minutes.
[EOnDrop] Zombie Spawned [9] ZmbM_FarmerFat_Blue @ <5799.404297, 320.451599, 7690.932617> ... Lifespan:  Set to 120 minutes.
[EOnDrop] Zombie Spawned [10] ZmbF_SurvivorNormal_White @ <5787.066406, 320.457031, 7683.533203> ... Lifespan:  Set to 120 minutes.
[EOnDrop] Zombie Spawned [11] ZmbF_MilkMaidOld_Grey @ <5770.464355, 320.597717, 7700.330078> ... Lifespan:  Set to 120 minutes.
[EOnDrop] Spawn failed for zombie [12] 'ZmbM_SurvivorDean_Black', it does not exist in DayZ!
[EOnDrop] Zombie Spawned [13] ZmbM_VillagerOld_Blue @ <5763.693848, 320.247894, 7688.653320> ... Lifespan:  Set to 120 minutes.
[EOnDrop] Zombie Spawned [14] ZmbM_VillagerOld_Green @ <5815.797363, 319.648682, 7707.576660> ... Lifespan:  Set to 120 minutes.
[EOnDrop] Zombie Spawned [15] ZmbF_MilkMaidOld_Green @ <5742.681152, 318.378693, 7660.732422> ... Lifespan:  Set to 120 minutes.
[EOnDrop] Zombie Spawned [16] ZmbM_FarmerFat_Blue @ <5757.203613, 320.479370, 7706.171875> ... Lifespan:  Set to 120 minutes.
[EOnDrop] Zombie Spawned [17] ZmbM_HermitSkinny_Green @ <5794.357910, 320.534058, 7689.701172> ... Lifespan:  Set to 120 minutes.
[EOnDrop] Zombie Spawned [18] ZmbF_MilkMaidOld_Green @ <5807.813477, 320.162109, 7689.800781> ... Lifespan:  Set to 120 minutes.
[EOnDrop] Zombie Spawned [19] ZmbF_MilkMaidOld_Black @ <5780.107910, 320.228699, 7734.526855> ... Lifespan:  Set to 120 minutes.
[EOnDrop] Spawn failed for zombie [20] 'ZmbM_SurvivorDean_Black', it does not exist in DayZ!
[EOnDrop] Drop spawned with 20 infected at <5775.317383, 456.012787, 7698.094238>.
[EOnDrop] Supplies have been dropped near Stary Sobor.
[EOnBeforeDelete] Aircraft despawned @ <12001.967773, 226.290100, 16360.320313>
[~AirdropPlane] Aircraft destroyed.
