[AirdropPlane] Aircraft created on 2021-03-08 @ 22-17-38
[InitializeAircraft] Aircraft Initialized: Skalisty Island @ 13452/3112 (true)
[EOnBeforeDrop] The Aircraft is 1 Km from Skalisty Island. @ <12267.634766, 273.688477, 4031.419922>
[EOnDrop] Zombie Spawned [1] ZmbM_VillagerOld_White @ <13397.618164, 35.935574, 3154.158936> ... Lifespan:  Set to 120 minutes.
[EOnDrop] Spawn failed for zombie [2] 'ZmbM_SurvivorDean_Grey', it does not exist in DayZ!
[EOnDrop] Zombie Spawned [3] ZmbF_MilkMaidOld_Beige @ <13394.188477, 32.340492, 3137.524902> ... Lifespan:  Set to 120 minutes.
[EOnDrop] Zombie Spawned [4] ZmbF_HikerSkinny_Blue @ <13390.522461, 37.584373, 3153.328125> ... Lifespan:  Set to 120 minutes.
[EOnDrop] Zombie Spawned [5] ZmbM_FarmerFat_Beige @ <13417.443359, 27.730854, 3136.982910> ... Lifespan:  Set to 120 minutes.
[EOnDrop] Zombie Spawned [6] ZmbM_priestPopSkinny @ <13380.622070, 40.692650, 3159.519043> ... Lifespan:  Set to 120 minutes.
[EOnDrop] Zombie Spawned [7] ZmbF_VillagerOld_Blue @ <13342.037109, 39.972355, 3142.864258> ... Lifespan:  Set to 120 minutes.
[EOnDrop] Zombie Spawned [8] ZmbM_MotobikerFat_Black @ <13424.731445, 33.060528, 3169.137939> ... Lifespan:  Set to 120 minutes.
[EOnDrop] Zombie Spawned [9] ZmbF_MilkMaidOld_Grey @ <13413.271484, 44.125320, 3194.791504> ... Lifespan:  Set to 120 minutes.
[EOnDrop] Zombie Spawned [10] ZmbF_MilkMaidOld_Green @ <13400.760742, 35.418682, 3157.881836> ... Lifespan:  Set to 120 minutes.
[EOnDrop] Zombie Spawned [11] ZmbM_HikerSkinny_Green @ <13411.582031, 37.493656, 3172.691895> ... Lifespan:  Set to 120 minutes.
[EOnDrop] Zombie Spawned [12] ZmbF_SurvivorNormal_White @ <13398.398438, 34.675087, 3143.599121> ... Lifespan:  Set to 120 minutes.
[EOnDrop] Zombie Spawned [13] ZmbM_HunterOld_Winter @ <13398.329102, 36.976955, 3161.238770> ... Lifespan:  Set to 120 minutes.
[EOnDrop] Zombie Spawned [14] ZmbF_SurvivorNormal_Blue @ <13412.421875, 32.052818, 3142.210205> ... Lifespan:  Set to 120 minutes.
[EOnDrop] Zombie Spawned [15] ZmbM_FarmerFat_Brown @ <13384.587891, 49.313499, 3192.469727> ... Lifespan:  Set to 120 minutes.
[EOnDrop] Zombie Spawned [16] ZmbM_MotobikerFat_Beige @ <13393.807617, 36.689194, 3153.703369> ... Lifespan:  Set to 120 minutes.
[EOnDrop] Zombie Spawned [17] ZmbF_HikerSkinny_Green @ <13388.315430, 41.291409, 3169.204590> ... Lifespan:  Set to 120 minutes.
[EOnDrop] Zombie Spawned [18] ZmbM_priestPopSkinny @ <13370.260742, 36.547050, 3141.188721> ... Lifespan:  Set to 120 minutes.
[EOnDrop] Zombie Spawned [19] ZmbM_HermitSkinny_Red @ <13363.436523, 34.385201, 3131.407227> ... Lifespan:  Set to 120 minutes.
[EOnDrop] Zombie Spawned [20] ZmbM_FarmerFat_Blue @ <13346.153320, 53.214676, 3189.266357> ... Lifespan:  Set to 120 minutes.
[EOnDrop] Spawn failed for zombie [21] 'ZmbM_SurvivorDean_Blue', it does not exist in DayZ!
[EOnDrop] Zombie Spawned [22] ZmbM_HermitSkinny_Beige @ <13372.888672, 40.474663, 3153.180664> ... Lifespan:  Set to 120 minutes.
[EOnDrop] Zombie Spawned [23] ZmbF_MilkMaidOld_Grey @ <13391.238281, 45.815510, 3184.593506> ... Lifespan:  Set to 120 minutes.
[EOnDrop] Zombie Spawned [24] ZmbM_HunterOld_Winter @ <13363.170898, 35.938557, 3136.423340> ... Lifespan:  Set to 120 minutes.
[EOnDrop] Spawn failed for zombie [25] 'ZmbM_SurvivorDean_Grey', it does not exist in DayZ!
[EOnDrop] Zombie Spawned [26] ZmbM_HermitSkinny_Green @ <13397.405273, 38.197174, 3164.539063> ... Lifespan:  Set to 120 minutes.
[EOnDrop] Zombie Spawned [27] ZmbF_SurvivorNormal_Blue @ <13366.891602, 55.441349, 3202.802979> ... Lifespan:  Set to 120 minutes.
[EOnDrop] Spawn failed for zombie [28] 'ZmbM_SurvivorDean_Black', it does not exist in DayZ!
[EOnDrop] Zombie Spawned [29] ZmbF_MilkMaidOld_Green @ <13411.847656, 25.940945, 3128.505859> ... Lifespan:  Set to 120 minutes.
[EOnDrop] Spawn failed for zombie [30] 'ZmbM_SurvivorDean_Blue', it does not exist in DayZ!
[EOnDrop] Zombie Spawned [31] ZmbF_HikerSkinny_Grey @ <13360.815430, 35.177635, 3133.124756> ... Lifespan:  Set to 120 minutes.
[EOnDrop] Zombie Spawned [32] ZmbM_VillagerOld_Blue @ <13400.897461, 34.757389, 3145.067871> ... Lifespan:  Set to 120 minutes.
[EOnDrop] Zombie Spawned [33] ZmbF_VillagerOld_Green @ <13372.875000, 57.635002, 3211.758789> ... Lifespan:  Set to 120 minutes.
[EOnDrop] Zombie Spawned [34] ZmbF_MilkMaidOld_Black @ <13344.843750, 47.085617, 3166.754150> ... Lifespan:  Set to 120 minutes.
[EOnDrop] Zombie Spawned [35] ZmbF_SurvivorNormal_Blue @ <13371.643555, 30.173056, 3120.692383> ... Lifespan:  Set to 120 minutes.
[EOnDrop] Drop spawned with 35 infected at <13384.314453, 181.973907, 3163.845703>.
[EOnDrop] Supplies have been dropped near Skalisty Island.
[EOnBeforeDelete] Aircraft despawned @ <16361.111328, 152.000610, 851.218140>
[~AirdropPlane] Aircraft destroyed.
