[InitializeContainer] Container created on 2021-02-13 @ 04-34-15
[InitializeContainer] Winds: Vector <8.920976, 0.000000, -4.023290>, Speed 9.78625mps, Strength 0.1
[AirdropContainerFall] Drop Type 'Military Weapons', Container: 'AirdropContainer_Military', Mode/Quantity/Iems: Random/20/18, Flare:  10%
[AirdropContainerFall] Loot Spawned [1] LargeTent @ <4741.207520, 339.049988, 9881.453125> ... Lifespan: Set to 120 minutes.
[AirdropContainerFall] Loot Spawned [2] CombatBoots_Grey @ <4740.291504, 339.049988, 9881.476563> ... Lifespan: Set to 120 minutes.
[AirdropContainerFall] Loot Spawned [3] Mosin_Compensator @ <4745.688477, 339.049988, 9881.466797> ... Lifespan: Set to 120 minutes.
[AirdropContainerFall] Loot Spawned [4] LandMineTrap @ <4743.984863, 339.049988, 9881.894531> ... Lifespan: Set to 120 minutes.
[AirdropContainerFall] Loot Spawned [5] LandMineTrap @ <4742.188477, 339.049988, 9882.387695> ... Lifespan: Set to 120 minutes.
[AirdropContainerFall] Loot Spawned [6] FNX45 @ <4744.578125, 339.049988, 9882.000977> ... Lifespan: Set to 120 minutes.
[AirdropContainerFall] Loot Spawned [7] Mag_AKM_30Rnd @ <4742.842285, 339.049988, 9878.453125> ... Lifespan: Set to 120 minutes.
[AirdropContainerFall] Loot Spawned [8] TTSKOPants @ <4743.752930, 339.049988, 9879.965820> ... Lifespan: Set to 120 minutes.
[AirdropContainerFall] Loot Spawned [9] TTSKOPants @ <4741.828125, 339.049988, 9880.632813> ... Lifespan: Set to 120 minutes.
[AirdropContainerFall] Loot Spawned [10] TacticalBaconCan @ <4743.160156, 339.049988, 9879.610352> ... Lifespan: Set to 120 minutes.
[AirdropContainerFall] Loot Spawned [11] Mosin_Bayonet @ <4741.109375, 339.049988, 9880.997070> ... Lifespan: Set to 120 minutes.
[AirdropContainerFall] Loot Spawned [12] AmmoBox_762x54_20Rnd @ <4741.913086, 339.049988, 9881.960938> ... Lifespan: Set to 120 minutes.
[AirdropContainerFall] Loot Spawned [13] Mag_STANAG_30Rnd @ <4742.237305, 339.049988, 9880.259766> ... Lifespan: Set to 120 minutes.
[AirdropContainerFall] Loot Spawned [14] M4A1 @ <4745.936035, 339.049988, 9880.790039> ... Lifespan: Set to 120 minutes.
[AirdropContainerFall] Loot Spawned [15] Mag_AKM_30Rnd @ <4743.151855, 339.049988, 9883.432617> ... Lifespan: Set to 120 minutes.
[AirdropContainerFall] Loot Spawned [16] AmmoBox_762x39_20Rnd @ <4744.582520, 339.049988, 9881.477539> ... Lifespan: Set to 120 minutes.
[AirdropContainerFall] Loot Spawned [17] LandMineTrap @ <4741.139160, 339.049988, 9880.824219> ... Lifespan: Set to 120 minutes.
[AirdropContainerFall] Loot Spawned [18] FNX45 @ <4742.828125, 339.049988, 9882.334961> ... Lifespan: Set to 120 minutes.
[AirdropContainerFall] Spawn failed for item [19] 'PlateCarrierComplete', does not exist in DayZ!
[AirdropContainerFall] Loot Spawned [20] M4A1 @ <4744.927246, 339.049988, 9880.572266> ... Lifespan: Set to 120 minutes.
[AirdropContainerUnstuck] Container was unstuck.
[~AirdropContainerBase] Container Destroyed on 2021-02-13 @ 05-34-16
