[AirdropPlane] Aircraft created on 2021-02-07 @ 15-07-36
[InitializeAircraft] Aircraft Initialized: Chernogorks @ 6128/2497 (true)
[EOnBeforeDrop] The Aircraft is 1 Km from Chernogorks. @ <4709.743164, 208.399643, 2981.797607>
[EOnDrop] Zombie Spawned [1] ZmbM_Jacket_greenchecks @ <6037.408203, 51.931507, 2521.890137> ... Lifespan:  Set to 120 minutes.
[EOnDrop] Zombie Spawned [2] ZmbF_JournalistNormal_Green @ <6074.040039, 33.001743, 2489.815674> ... Lifespan:  Set to 120 minutes.
[EOnDrop] Zombie Spawned [3] ZmbF_CitizenANormal_Brown @ <6023.949219, 56.657429, 2527.306641> ... Lifespan:  Set to 120 minutes.
[EOnDrop] Zombie Spawned [4] ZmbF_Clerk_Normal_White @ <6027.269531, 55.388798, 2551.175781> ... Lifespan:  Set to 120 minutes.
[EOnDrop] Zombie Spawned [5] ZmbM_SkaterYoung_Brown @ <6006.788086, 58.647724, 2549.268555> ... Lifespan:  Set to 120 minutes.
[EOnDrop] Zombie Spawned [6] ZmbF_PatientOld @ <6016.159180, 54.369041, 2496.596436> ... Lifespan:  Set to 120 minutes.
[EOnDrop] Zombie Spawned [7] ZmbF_CitizenBSkinny @ <6044.197754, 49.234158, 2549.613037> ... Lifespan:  Set to 120 minutes.
[EOnDrop] Zombie Spawned [8] ZmbF_SkaterYoung_Brown @ <6078.416504, 32.919140, 2519.534424> ... Lifespan:  Set to 120 minutes.
[EOnDrop] Zombie Spawned [9] ZmbM_SkaterYoung_Grey @ <6079.573242, 34.036839, 2541.690918> ... Lifespan:  Set to 120 minutes.
[EOnDrop] Zombie Spawned [10] ZmbF_CitizenANormal_Brown @ <6070.176270, 37.368759, 2536.591309> ... Lifespan:  Set to 120 minutes.
[EOnDrop] Zombie Spawned [11] ZmbM_PatrolNormal_Autumn @ <5998.672852, 58.889999, 2549.632080> ... Lifespan:  Set to 120 minutes.
[EOnDrop] Zombie Spawned [12] ZmbM_JoggerSkinny_Blue @ <6058.569336, 42.672348, 2547.165771> ... Lifespan:  Set to 120 minutes.
[EOnDrop] Zombie Spawned [13] ZmbM_CommercialPilotOld_Brown @ <6068.528320, 39.088676, 2556.408447> ... Lifespan:  Set to 120 minutes.
[EOnDrop] Zombie Spawned [14] ZmbF_ShortSkirt_brown @ <6028.310059, 49.291462, 2492.364502> ... Lifespan:  Set to 120 minutes.
[EOnDrop] Zombie Spawned [15] ZmbF_JournalistNormal_Blue @ <6047.475098, 45.202633, 2509.258057> ... Lifespan:  Set to 120 minutes.
[EOnDrop] Zombie Spawned [16] ZmbM_SkaterYoung_Blue @ <6020.656738, 53.972271, 2503.989014> ... Lifespan:  Set to 120 minutes.
[EOnDrop] Zombie Spawned [17] ZmbM_Jacket_blue @ <6063.840332, 36.969032, 2500.966797> ... Lifespan:  Set to 120 minutes.
[EOnDrop] Zombie Spawned [18] ZmbM_ParamedicNormal_Green @ <6028.390625, 54.535633, 2570.226074> ... Lifespan:  Set to 120 minutes.
[EOnDrop] Zombie Spawned [19] ZmbM_Jacket_brown @ <6013.380859, 58.054649, 2557.127930> ... Lifespan:  Set to 120 minutes.
[EOnDrop] Zombie Spawned [20] ZmbM_Jacket_greenchecks @ <6063.186035, 40.150837, 2521.759766> ... Lifespan:  Set to 120 minutes.
[EOnDrop] Drop spawned with 20 infected at <6042.135742, 205.820892, 2526.082275>.
[EOnDrop] Supplies have been dropped near Chernogorks.
[EOnBeforeDelete] Aircraft despawned @ <16352.664063, 152.000610, -1000.445374>
[~AirdropPlane] Aircraft destroyed.
