[InitializeContainer] Container created on 2021-02-16 @ 04-59-26
[InitializeContainer] Winds: Vector <7.672463, 0.000000, -5.230634>, Speed 9.28581mps, Strength 0.1
[AirdropContainerFall] Drop Type 'Food/Medical', Container: 'AirdropContainer_Medical', Mode/Quantity/Iems: Random/20/11, Flare:  10%
[AirdropContainerFall] Loot Spawned [1] VitaminBottle @ <13483.249023, 33.385616, 3182.703857> ... Lifespan: Set to 120 minutes.
[AirdropContainerFall] Loot Spawned [2] BakedBeansCan @ <13483.979492, 33.049797, 3178.792725> ... Lifespan: Set to 120 minutes.
[AirdropContainerFall] Loot Spawned [3] TunaCan @ <13482.042969, 33.109390, 3182.916748> ... Lifespan: Set to 120 minutes.
[AirdropContainerFall] Loot Spawned [4] TunaCan @ <13483.077148, 33.027363, 3179.296875> ... Lifespan: Set to 120 minutes.
[AirdropContainerFall] Loot Spawned [5] ToxicCure @ <13483.041016, 33.163757, 3179.727783> ... Lifespan: Set to 120 minutes.
[AirdropContainerFall] Loot Spawned [6] Marmalade @ <13482.959961, 32.857746, 3178.864258> ... Lifespan: Set to 120 minutes.
[AirdropContainerFall] Loot Spawned [7] VitaminBottle @ <13484.437500, 33.310841, 3179.282715> ... Lifespan: Set to 120 minutes.
[AirdropContainerFall] Loot Spawned [8] ToxicCure @ <13482.030273, 33.099220, 3182.587891> ... Lifespan: Set to 120 minutes.
[AirdropContainerFall] Loot Spawned [9] Canteen @ <13484.899414, 33.695183, 3180.993164> ... Lifespan: Set to 120 minutes.
[AirdropContainerFall] Loot Spawned [10] TunaCan @ <13484.414063, 33.125137, 3178.742432> ... Lifespan: Set to 120 minutes.
[AirdropContainerFall] Loot Spawned [11] BoxCerealCrunchin @ <13484.167969, 33.582760, 3182.253174> ... Lifespan: Set to 120 minutes.
[AirdropContainerFall] Loot Spawned [12] TunaCan @ <13484.903320, 33.232536, 3178.753662> ... Lifespan: Set to 120 minutes.
[AirdropContainerFall] Loot Spawned [13] Marmalade @ <13482.688477, 33.221111, 3181.808594> ... Lifespan: Set to 120 minutes.
[AirdropContainerFall] Loot Spawned [14] ToxicCure @ <13484.625977, 33.708286, 3182.583008> ... Lifespan: Set to 120 minutes.
[AirdropContainerFall] Loot Spawned [15] Marmalade @ <13484.325195, 33.682278, 3183.508545> ... Lifespan: Set to 120 minutes.
[AirdropContainerFall] Loot Spawned [16] BakedBeansCan @ <13484.677734, 33.602921, 3180.046143> ... Lifespan: Set to 120 minutes.
[AirdropContainerFall] Loot Spawned [17] SpaghettiCan @ <13483.458008, 33.407333, 3182.129883> ... Lifespan: Set to 120 minutes.
[AirdropContainerFall] Loot Spawned [18] ToxicCure @ <13481.001953, 32.810490, 3179.963623> ... Lifespan: Set to 120 minutes.
[AirdropContainerFall] Loot Spawned [19] ToxicCure @ <13482.786133, 33.232918, 3181.413330> ... Lifespan: Set to 120 minutes.
[AirdropContainerFall] Loot Spawned [20] Marmalade @ <13483.122070, 32.872265, 3178.805176> ... Lifespan: Set to 120 minutes.
[AirdropContainerUnstuck] Container was unstuck.
[~AirdropContainerBase] Container Destroyed on 2021-02-16 @ 05-59-36
