[AirdropPlane] Aircraft created on 2021-01-22 @ 06-04-39
[InitializeAircraft] Aircraft Initialized: Zelenogorks @ 2351/5393 (true)
[EOnBeforeDrop] The Aircraft is 1 Km from Zelenogorks. @ <1559.350342, 342.624054, 6666.313477>
[EOnDrop] Zombie Spawned [1] ZmbM_Jacket_stripes @ <2311.469482, 204.084549, 5451.797852> ... Lifespan:  Set to 120 minutes.
[EOnDrop] Zombie Spawned [2] ZmbF_ShortSkirt_black @ <2328.692139, 204.915771, 5458.185547> ... Lifespan:  Set to 120 minutes.
[EOnDrop] Zombie Spawned [3] ZmbF_Clerk_Normal_Blue @ <2321.243164, 216.274078, 5512.756348> ... Lifespan:  Set to 120 minutes.
[EOnDrop] Zombie Spawned [4] ZmbF_PatientOld @ <2302.842529, 201.810684, 5436.141113> ... Lifespan:  Set to 120 minutes.
[EOnDrop] Zombie Spawned [5] ZmbM_CitizenASkinny_Grey @ <2321.155762, 215.742477, 5510.175293> ... Lifespan:  Set to 120 minutes.
[EOnDrop] Zombie Spawned [6] ZmbM_SkaterYoung_Blue @ <2334.411865, 199.938232, 5425.091309> ... Lifespan:  Set to 120 minutes.
[EOnDrop] Zombie Spawned [7] ZmbM_ClerkFat_Grey @ <2314.421875, 206.797012, 5468.516113> ... Lifespan:  Set to 120 minutes.
[EOnDrop] Zombie Spawned [8] ZmbM_CitizenBFat_Green @ <2303.038086, 204.662766, 5455.817383> ... Lifespan:  Set to 120 minutes.
[EOnDrop] Zombie Spawned [9] ZmbM_JournalistSkinny @ <2278.345459, 204.156631, 5457.384766> ... Lifespan:  Set to 120 minutes.
[EOnDrop] Spawn failed for zombie [10] 'ZmbM_JacketNormal_greenchecks', it does not exist in DayZ!
[EOnDrop] Zombie Spawned [11] ZmbF_ParamedicNormal_Green @ <2285.183838, 204.985413, 5461.424316> ... Lifespan:  Set to 120 minutes.
[EOnDrop] Zombie Spawned [12] ZmbM_PrisonerSkinny @ <2324.402344, 206.669373, 5468.017090> ... Lifespan:  Set to 120 minutes.
[EOnDrop] Zombie Spawned [13] ZmbF_Clerk_Normal_Red @ <2303.089355, 207.480011, 5473.921387> ... Lifespan:  Set to 120 minutes.
[EOnDrop] Zombie Spawned [14] ZmbF_ShortSkirt_white @ <2332.266602, 209.231842, 5482.134766> ... Lifespan:  Set to 120 minutes.
[EOnDrop] Zombie Spawned [15] ZmbM_PrisonerSkinny @ <2346.487793, 203.135406, 5448.953613> ... Lifespan:  Set to 120 minutes.
[EOnDrop] Zombie Spawned [16] ZmbF_JoggerSkinny_Red @ <2336.804688, 200.598480, 5430.372070> ... Lifespan:  Set to 120 minutes.
[EOnDrop] Zombie Spawned [17] ZmbM_SkaterYoung_Brown @ <2334.740479, 203.480408, 5449.774902> ... Lifespan:  Set to 120 minutes.
[EOnDrop] Zombie Spawned [18] ZmbF_ShortSkirt_beige @ <2315.829102, 204.251602, 5453.029785> ... Lifespan:  Set to 120 minutes.
[EOnDrop] Zombie Spawned [19] ZmbM_PatrolNormal_Autumn @ <2259.728760, 202.825439, 5452.554688> ... Lifespan:  Set to 120 minutes.
[EOnDrop] Zombie Spawned [20] ZmbM_ClerkFat_Khaki @ <2299.782471, 209.496933, 5487.386719> ... Lifespan:  Set to 120 minutes.
[EOnDrop] Drop spawned with 20 infected at <2305.892334, 373.465027, 5465.524902>.
[EOnDrop] Supplies have been dropped near Zelenogorks.
[EOnBeforeDelete] Aircraft despawned @ <6326.127441, 152.000610, -1001.144043>
[~AirdropPlane] Aircraft destroyed.
