[InitializeContainer] Container created on 2021-02-11 @ 03-54-02
[InitializeContainer] Winds: Vector <9.196893, 0.000000, -3.685898>, Speed 9.90801mps, Strength 0.1
[AirdropContainerFall] Drop Type 'Food/Medical', Container: 'AirdropContainer_Medical', Mode/Quantity/Iems: Random/20/11, Flare:  10%
[AirdropContainerFall] Loot Spawned [1] BoxCerealCrunchin @ <13516.904297, 32.672085, 3152.838867> ... Lifespan: Set to 120 minutes.
[AirdropContainerFall] Loot Spawned [2] TunaCan @ <13518.257813, 33.836182, 3154.870605> ... Lifespan: Set to 120 minutes.
[AirdropContainerFall] Loot Spawned [3] TunaCan @ <13515.633789, 33.044373, 3155.146240> ... Lifespan: Set to 120 minutes.
[AirdropContainerFall] Loot Spawned [4] BoxCerealCrunchin @ <13517.067383, 33.720081, 3155.688477> ... Lifespan: Set to 120 minutes.
[AirdropContainerFall] Loot Spawned [5] Pot @ <13516.399414, 32.312328, 3152.302734> ... Lifespan: Set to 120 minutes.
[AirdropContainerFall] Loot Spawned [6] BoxCerealCrunchin @ <13514.566406, 32.055286, 3153.463623> ... Lifespan: Set to 120 minutes.
[AirdropContainerFall] Loot Spawned [7] TacticalBaconCan @ <13518.474609, 33.832668, 3154.648438> ... Lifespan: Set to 120 minutes.
[AirdropContainerFall] Loot Spawned [8] Canteen @ <13518.716797, 33.711208, 3154.051514> ... Lifespan: Set to 120 minutes.
[AirdropContainerFall] Loot Spawned [9] Canteen @ <13517.782227, 32.716793, 3152.108887> ... Lifespan: Set to 120 minutes.
[AirdropContainerFall] Loot Spawned [10] BoxCerealCrunchin @ <13514.625977, 32.771816, 3155.442139> ... Lifespan: Set to 120 minutes.
[AirdropContainerFall] Loot Spawned [11] TacticalBaconCan @ <13516.948242, 33.738018, 3155.857910> ... Lifespan: Set to 120 minutes.
[AirdropContainerFall] Loot Spawned [12] BakedBeansCan @ <13519.017578, 33.839214, 3154.137695> ... Lifespan: Set to 120 minutes.
[AirdropContainerFall] Loot Spawned [13] Canteen @ <13515.045898, 33.342514, 3156.573975> ... Lifespan: Set to 120 minutes.
[AirdropContainerFall] Loot Spawned [14] Canteen @ <13518.088867, 33.985771, 3155.478516> ... Lifespan: Set to 120 minutes.
[AirdropContainerFall] Loot Spawned [15] BakedBeansCan @ <13515.812500, 33.331905, 3155.794922> ... Lifespan: Set to 120 minutes.
[AirdropContainerFall] Loot Spawned [16] SpaghettiCan @ <13516.374023, 33.393932, 3155.423096> ... Lifespan: Set to 120 minutes.
[AirdropContainerFall] Loot Spawned [17] Pot @ <13518.293945, 33.938267, 3155.137451> ... Lifespan: Set to 120 minutes.
[AirdropContainerFall] Loot Spawned [18] PeachesCan @ <13518.712891, 33.570240, 3153.643066> ... Lifespan: Set to 120 minutes.
[AirdropContainerFall] Loot Spawned [19] BoxCerealCrunchin @ <13515.717773, 33.340496, 3155.911621> ... Lifespan: Set to 120 minutes.
[AirdropContainerFall] Loot Spawned [20] VitaminBottle @ <13515.250977, 32.855778, 3154.980225> ... Lifespan: Set to 120 minutes.
[AirdropContainerUnstuck] Container was unstuck.
[~AirdropContainerBase] Container Destroyed on 2021-02-11 @ 04-54-06
