[AirdropPlane] Aircraft created on 2021-03-11 @ 08-45-41
[InitializeAircraft] Aircraft Initialized: Novodmitrovsk @ 11125/14040 (true)
[EOnBeforeDrop] The Aircraft is 1 Km from Novodmitrovsk. @ <11628.364258, 329.923492, 15451.308594>
[EOnDrop] Zombie Spawned [1] ZmbM_Jacket_grey @ <11111.442383, 65.292221, 14142.963867> ... Lifespan:  Set to 120 minutes.
[EOnDrop] Zombie Spawned [2] ZmbF_Clerk_Normal_Green @ <11148.824219, 72.320953, 14121.494141> ... Lifespan:  Set to 120 minutes.
[EOnDrop] Zombie Spawned [3] ZmbF_SkaterYoung_Violet @ <11161.293945, 78.652969, 14099.025391> ... Lifespan:  Set to 120 minutes.
[EOnDrop] Zombie Spawned [4] ZmbF_Clerk_Normal_Blue @ <11133.703125, 71.433189, 14116.879883> ... Lifespan:  Set to 120 minutes.
[EOnDrop] Zombie Spawned [5] ZmbM_JournalistSkinny @ <11167.124023, 82.125626, 14082.788086> ... Lifespan:  Set to 120 minutes.
[EOnDrop] Zombie Spawned [6] ZmbF_Clerk_Normal_Red @ <11150.529297, 76.835129, 14102.107422> ... Lifespan:  Set to 120 minutes.
[EOnDrop] Zombie Spawned [7] ZmbM_CitizenASkinny_Blue @ <11139.903320, 64.933823, 14157.303711> ... Lifespan:  Set to 120 minutes.
[EOnDrop] Zombie Spawned [8] ZmbM_SkaterYoung_Brown @ <11149.257813, 63.813477, 14172.095703> ... Lifespan:  Set to 120 minutes.
[EOnDrop] Zombie Spawned [9] ZmbM_PolicemanSpecForce @ <11137.062500, 70.832443, 14121.730469> ... Lifespan:  Set to 120 minutes.
[EOnDrop] Zombie Spawned [10] ZmbM_Jacket_grey @ <11129.108398, 66.780685, 14142.610352> ... Lifespan:  Set to 120 minutes.
[EOnDrop] Zombie Spawned [11] ZmbM_Jacket_black @ <11146.703125, 70.329704, 14129.391602> ... Lifespan:  Set to 120 minutes.
[EOnDrop] Spawn failed for zombie [12] 'ZmbM_JacketNormal_greenchecks', it does not exist in DayZ!
[EOnDrop] Zombie Spawned [13] ZmbF_JournalistNormal_Red @ <11204.542969, 77.668625, 14120.313477> ... Lifespan:  Set to 120 minutes.
[EOnDrop] Zombie Spawned [14] ZmbF_ShortSkirt_yellow @ <11163.161133, 63.687412, 14168.436523> ... Lifespan:  Set to 120 minutes.
[EOnDrop] Zombie Spawned [15] ZmbM_PatrolNormal_Autumn @ <11160.067383, 74.112335, 14120.136719> ... Lifespan:  Set to 120 minutes.
[EOnDrop] Zombie Spawned [16] ZmbF_JoggerSkinny_Brown @ <11153.002930, 80.903641, 14082.436523> ... Lifespan:  Set to 120 minutes.
[EOnDrop] Zombie Spawned [17] ZmbM_CommercialPilotOld_Blue @ <11169.496094, 79.424034, 14099.729492> ... Lifespan:  Set to 120 minutes.
[EOnDrop] Zombie Spawned [18] ZmbM_CommercialPilotOld_Olive @ <11144.397461, 75.665031, 14104.629883> ... Lifespan:  Set to 120 minutes.
[EOnDrop] Zombie Spawned [19] ZmbM_CommercialPilotOld_Grey @ <11159.916992, 80.176765, 14089.931641> ... Lifespan:  Set to 120 minutes.
[EOnDrop] Zombie Spawned [20] ZmbM_CitizenBFat_Blue @ <11176.416016, 77.911880, 14111.817383> ... Lifespan:  Set to 120 minutes.
[EOnDrop] Zombie Spawned [21] ZmbF_ParamedicNormal_Green @ <11183.134766, 74.605904, 14133.894531> ... Lifespan:  Set to 120 minutes.
[EOnDrop] Zombie Spawned [22] ZmbM_Jacket_blue @ <11153.511719, 68.680428, 14143.286133> ... Lifespan:  Set to 120 minutes.
[EOnDrop] Zombie Spawned [23] ZmbM_PatrolNormal_Flat @ <11143.198242, 75.786774, 14103.114258> ... Lifespan:  Set to 120 minutes.
[EOnDrop] Zombie Spawned [24] ZmbF_CitizenANormal_Brown @ <11142.618164, 79.668121, 14083.139648> ... Lifespan:  Set to 120 minutes.
[EOnDrop] Zombie Spawned [25] ZmbF_ShortSkirt_checks @ <11133.336914, 75.948860, 14096.495117> ... Lifespan:  Set to 120 minutes.
[EOnDrop] Zombie Spawned [26] ZmbF_PoliceWomanNormal @ <11163.252930, 76.308273, 14111.805664> ... Lifespan:  Set to 120 minutes.
[EOnDrop] Zombie Spawned [27] ZmbF_Clerk_Normal_Red @ <11138.907227, 70.470085, 14125.226563> ... Lifespan:  Set to 120 minutes.
[EOnDrop] Zombie Spawned [28] ZmbM_ParamedicNormal_Red @ <11141.701172, 69.961121, 14129.332031> ... Lifespan:  Set to 120 minutes.
[EOnDrop] Zombie Spawned [29] ZmbM_SkaterYoung_Brown @ <11180.980469, 82.354294, 14087.897461> ... Lifespan:  Set to 120 minutes.
[EOnDrop] Zombie Spawned [30] ZmbF_CitizenBSkinny @ <11162.460938, 71.309174, 14132.918945> ... Lifespan:  Set to 120 minutes.
[EOnDrop] Zombie Spawned [31] ZmbM_Jacket_stripes @ <11171.050781, 63.894016, 14167.868164> ... Lifespan:  Set to 120 minutes.
[EOnDrop] Zombie Spawned [32] ZmbF_JournalistNormal_White @ <11171.014648, 68.524765, 14151.402344> ... Lifespan:  Set to 120 minutes.
[EOnDrop] Zombie Spawned [33] ZmbM_PatrolNormal_PautRev @ <11151.633789, 78.762978, 14092.384766> ... Lifespan:  Set to 120 minutes.
[EOnDrop] Zombie Spawned [34] ZmbF_Clerk_Normal_Green @ <11136.240234, 67.337181, 14145.003906> ... Lifespan:  Set to 120 minutes.
[EOnDrop] Zombie Spawned [35] ZmbM_CitizenASkinny_Brown @ <11142.833984, 68.759636, 14136.630859> ... Lifespan:  Set to 120 minutes.
[EOnDrop] Zombie Spawned [36] ZmbF_NurseFat @ <11158.515625, 70.335022, 14134.920898> ... Lifespan:  Set to 120 minutes.
[EOnDrop] Zombie Spawned [37] ZmbF_DoctorSkinny @ <11180.182617, 82.115685, 14089.010742> ... Lifespan:  Set to 120 minutes.
[EOnDrop] Zombie Spawned [38] ZmbM_DoctorFat @ <11174.481445, 77.935120, 14110.630859> ... Lifespan:  Set to 120 minutes.
[EOnDrop] Zombie Spawned [39] ZmbF_PatientOld @ <11171.687500, 76.101883, 14117.092773> ... Lifespan:  Set to 120 minutes.
[EOnDrop] Zombie Spawned [40] ZmbM_CitizenASkinny_Blue @ <11160.696289, 75.641045, 14113.310547> ... Lifespan:  Set to 120 minutes.
[EOnDrop] Zombie Spawned [41] ZmbF_SkaterYoung_Striped @ <11165.732422, 77.927307, 14106.022461> ... Lifespan:  Set to 120 minutes.
[EOnDrop] Zombie Spawned [42] ZmbM_Jacket_magenta @ <11174.693359, 81.096809, 14092.648438> ... Lifespan:  Set to 120 minutes.
[EOnDrop] Zombie Spawned [43] ZmbF_SkaterYoung_Violet @ <11146.384766, 74.405479, 14110.668945> ... Lifespan:  Set to 120 minutes.
[EOnDrop] Zombie Spawned [44] ZmbM_ClerkFat_Brown @ <11169.976563, 77.022285, 14111.607422> ... Lifespan:  Set to 120 minutes.
[EOnDrop] Zombie Spawned [45] ZmbF_JoggerSkinny_Red @ <11189.672852, 74.504295, 14136.323242> ... Lifespan:  Set to 120 minutes.
[EOnDrop] Zombie Spawned [46] ZmbM_ParamedicNormal_Black @ <11149.784180, 73.621544, 14115.978516> ... Lifespan:  Set to 120 minutes.
[EOnDrop] Zombie Spawned [47] ZmbF_CitizenANormal_Beige @ <11187.677734, 80.894409, 14099.717773> ... Lifespan:  Set to 120 minutes.
[EOnDrop] Zombie Spawned [48] ZmbM_ParamedicNormal_Blue @ <11124.721680, 66.693382, 14142.437500> ... Lifespan:  Set to 120 minutes.
[EOnDrop] Zombie Spawned [49] ZmbM_JoggerSkinny_Blue @ <11160.441406, 68.293396, 14146.869141> ... Lifespan:  Set to 120 minutes.
[EOnDrop] Zombie Spawned [50] ZmbF_ShortSkirt_brown @ <11166.836914, 76.874344, 14110.991211> ... Lifespan:  Set to 120 minutes.
[EOnDrop] Zombie Spawned [51] ZmbM_CitizenASkinny_Grey @ <11162.492188, 71.573654, 14132.225586> ... Lifespan:  Set to 120 minutes.
[EOnDrop] Zombie Spawned [52] ZmbF_CitizenANormal_Blue @ <11152.856445, 63.925903, 14165.898438> ... Lifespan:  Set to 120 minutes.
[EOnDrop] Zombie Spawned [53] ZmbF_SkaterYoung_Striped @ <11163.287109, 73.512810, 14124.211914> ... Lifespan:  Set to 120 minutes.
[EOnDrop] Zombie Spawned [54] ZmbF_ShortSkirt_beige @ <11147.245117, 71.904297, 14122.008789> ... Lifespan:  Set to 120 minutes.
[EOnDrop] Zombie Spawned [55] ZmbF_ShortSkirt_grey @ <11149.512695, 72.933807, 14119.113281> ... Lifespan:  Set to 120 minutes.
[EOnDrop] Zombie Spawned [56] ZmbM_Jacket_khaki @ <11152.906250, 73.779411, 14118.066406> ... Lifespan:  Set to 120 minutes.
[EOnDrop] Zombie Spawned [57] ZmbM_Jacket_beige @ <11140.000000, 76.290146, 14098.384766> ... Lifespan:  Set to 120 minutes.
[EOnDrop] Zombie Spawned [58] ZmbF_Clerk_Normal_White @ <11178.700195, 72.944122, 14140.067383> ... Lifespan:  Set to 120 minutes.
[EOnDrop] Zombie Spawned [59] ZmbM_ParamedicNormal_Blue @ <11168.262695, 72.436592, 14131.372070> ... Lifespan:  Set to 120 minutes.
[EOnDrop] Zombie Spawned [60] ZmbF_JournalistNormal_Red @ <11177.149414, 73.076958, 14139.213867> ... Lifespan:  Set to 120 minutes.
[EOnDrop] Zombie Spawned [61] ZmbM_SkaterYoung_Brown @ <11154.310547, 73.881386, 14118.295898> ... Lifespan:  Set to 120 minutes.
[EOnDrop] Zombie Spawned [62] ZmbM_SkaterYoung_Brown @ <11153.875977, 74.098801, 14116.980469> ... Lifespan:  Set to 120 minutes.
[EOnDrop] Zombie Spawned [63] ZmbF_SkaterYoung_Striped @ <11158.644531, 70.727852, 14133.916016> ... Lifespan:  Set to 120 minutes.
[EOnDrop] Zombie Spawned [64] ZmbM_JoggerSkinny_Red @ <11143.230469, 70.539467, 14126.538086> ... Lifespan:  Set to 120 minutes.
[EOnDrop] Zombie Spawned [65] ZmbM_CitizenBFat_Red @ <11144.961914, 71.307747, 14122.770508> ... Lifespan:  Set to 120 minutes.
[EOnDrop] Zombie Spawned [66] ZmbM_Jacket_bluechecks @ <11165.355469, 66.046570, 14156.075195> ... Lifespan:  Set to 120 minutes.
[EOnDrop] Zombie Spawned [67] ZmbM_ClerkFat_Brown @ <11145.286133, 68.497749, 14138.864258> ... Lifespan:  Set to 120 minutes.
[EOnDrop] Zombie Spawned [68] ZmbM_ParamedicNormal_Black @ <11158.859375, 69.830254, 14136.325195> ... Lifespan:  Set to 120 minutes.
[EOnDrop] Zombie Spawned [69] ZmbM_Jacket_beige @ <11159.552734, 74.154755, 14119.662109> ... Lifespan:  Set to 120 minutes.
[EOnDrop] Zombie Spawned [70] ZmbF_JoggerSkinny_Brown @ <11126.435547, 64.699524, 14151.083984> ... Lifespan:  Set to 120 minutes.
[EOnDrop] Zombie Spawned [71] ZmbF_JoggerSkinny_Green @ <11162.602539, 68.699005, 14145.879883> ... Lifespan:  Set to 120 minutes.
[EOnDrop] Zombie Spawned [72] ZmbM_SkaterYoung_Blue @ <11117.878906, 71.852661, 14109.469727> ... Lifespan:  Set to 120 minutes.
[EOnDrop] Zombie Spawned [73] ZmbM_CommercialPilotOld_Olive @ <11134.164063, 76.739838, 14092.910156> ... Lifespan:  Set to 120 minutes.
[EOnDrop] Zombie Spawned [74] ZmbM_SkaterYoung_Blue @ <11185.073242, 80.485123, 14101.104492> ... Lifespan:  Set to 120 minutes.
[EOnDrop] Zombie Spawned [75] ZmbF_SkaterYoung_Brown @ <11146.702148, 67.521965, 14147.446289> ... Lifespan:  Set to 120 minutes.
[EOnDrop] Zombie Spawned [76] ZmbM_SkaterYoung_Grey @ <11127.524414, 67.487228, 14139.907227> ... Lifespan:  Set to 120 minutes.
[EOnDrop] Zombie Spawned [77] ZmbF_DoctorSkinny @ <11107.001953, 69.498985, 14117.013672> ... Lifespan:  Set to 120 minutes.
[EOnDrop] Zombie Spawned [78] ZmbF_ParamedicNormal_Red @ <11152.368164, 79.980705, 14086.833008> ... Lifespan:  Set to 120 minutes.
[EOnDrop] Zombie Spawned [79] ZmbF_ParamedicNormal_Green @ <11160.711914, 80.932373, 14086.331055> ... Lifespan:  Set to 120 minutes.
[EOnDrop] Zombie Spawned [80] ZmbF_SkaterYoung_Striped @ <11168.539063, 80.028206, 14095.640625> ... Lifespan:  Set to 120 minutes.
[EOnDrop] Zombie Spawned [81] ZmbM_SkaterYoung_Brown @ <11129.843750, 68.554260, 14133.755859> ... Lifespan:  Set to 120 minutes.
[EOnDrop] Zombie Spawned [82] ZmbF_Clerk_Normal_Green @ <11193.819336, 80.809570, 14102.104492> ... Lifespan:  Set to 120 minutes.
[EOnDrop] Zombie Spawned [83] ZmbF_CitizenANormal_Brown @ <11164.725586, 76.359520, 14112.151367> ... Lifespan:  Set to 120 minutes.
[EOnDrop] Zombie Spawned [84] ZmbF_Clerk_Normal_Blue @ <11139.138672, 74.103401, 14108.840820> ... Lifespan:  Set to 120 minutes.
[EOnDrop] Zombie Spawned [85] ZmbM_Jacket_stripes @ <11148.938477, 70.134270, 14131.892578> ... Lifespan:  Set to 120 minutes.
[EOnDrop] Zombie Spawned [86] ZmbF_JoggerSkinny_Green @ <11179.767578, 74.413177, 14133.570313> ... Lifespan:  Set to 120 minutes.
[EOnDrop] Zombie Spawned [87] ZmbF_JournalistNormal_White @ <11134.075195, 72.916496, 14111.272461> ... Lifespan:  Set to 120 minutes.
[EOnDrop] Zombie Spawned [88] ZmbM_Jacket_bluechecks @ <11164.190430, 70.772598, 14135.136719> ... Lifespan:  Set to 120 minutes.
[EOnDrop] Zombie Spawned [89] ZmbF_ShortSkirt_yellow @ <11171.816406, 82.191254, 14084.697266> ... Lifespan:  Set to 120 minutes.
[EOnDrop] Zombie Spawned [90] ZmbM_CitizenASkinny_Brown @ <11160.281250, 73.067299, 14125.834961> ... Lifespan:  Set to 120 minutes.
[EOnDrop] Zombie Spawned [91] ZmbM_ParamedicNormal_Black @ <11123.848633, 67.152504, 14140.298828> ... Lifespan:  Set to 120 minutes.
[EOnDrop] Zombie Spawned [92] ZmbM_Jacket_beige @ <11153.189453, 74.339951, 14115.413086> ... Lifespan:  Set to 120 minutes.
[EOnDrop] Zombie Spawned [93] ZmbM_JournalistSkinny @ <11145.693359, 71.867699, 14120.672852> ... Lifespan:  Set to 120 minutes.
[EOnDrop] Zombie Spawned [94] ZmbM_PatrolNormal_Flat @ <11138.707031, 73.698593, 14109.998047> ... Lifespan:  Set to 120 minutes.
[EOnDrop] Zombie Spawned [95] ZmbF_PoliceWomanNormal @ <11160.833008, 75.073906, 14115.730469> ... Lifespan:  Set to 120 minutes.
[EOnDrop] Zombie Spawned [96] ZmbM_CitizenBFat_Red @ <11147.596680, 70.769409, 14128.127930> ... Lifespan:  Set to 120 minutes.
[EOnDrop] Zombie Spawned [97] ZmbM_CitizenASkinny_Red @ <11162.412109, 64.240372, 14161.384766> ... Lifespan:  Set to 120 minutes.
[EOnDrop] Zombie Spawned [98] ZmbM_ParamedicNormal_Green @ <11199.905273, 71.698730, 14140.958008> ... Lifespan:  Set to 120 minutes.
[EOnDrop] Zombie Spawned [99] ZmbM_PatrolNormal_Flat @ <11162.794922, 73.595703, 14123.579102> ... Lifespan:  Set to 120 minutes.
[EOnDrop] Zombie Spawned [100] ZmbM_Jacket_blue @ <11146.866211, 73.231171, 14115.108398> ... Lifespan:  Set to 120 minutes.
[EOnDrop] Zombie Spawned [101] ZmbF_JournalistNormal_White @ <11160.850586, 74.814217, 14117.029297> ... Lifespan:  Set to 120 minutes.
[EOnDrop] Zombie Spawned [102] ZmbM_ParamedicNormal_Green @ <11152.625000, 80.024887, 14086.752930> ... Lifespan:  Set to 120 minutes.
[EOnDrop] Zombie Spawned [103] ZmbM_ClerkFat_Brown @ <11152.964844, 63.763397, 14168.704102> ... Lifespan:  Set to 120 minutes.
[EOnDrop] Zombie Spawned [104] ZmbM_SkaterYoung_Blue @ <11136.067383, 75.925858, 14098.049805> ... Lifespan:  Set to 120 minutes.
[EOnDrop] Zombie Spawned [105] ZmbM_CommercialPilotOld_Brown @ <11141.202148, 74.883980, 14106.823242> ... Lifespan:  Set to 120 minutes.
[EOnDrop] Zombie Spawned [106] ZmbF_JournalistNormal_White @ <11164.189453, 78.711006, 14100.584961> ... Lifespan:  Set to 120 minutes.
[EOnDrop] Zombie Spawned [107] ZmbF_NurseFat @ <11169.376953, 73.831673, 14125.344727> ... Lifespan:  Set to 120 minutes.
[EOnDrop] Zombie Spawned [108] ZmbF_ShortSkirt_brown @ <11128.083008, 64.482117, 14163.886719> ... Lifespan:  Set to 120 minutes.
[EOnDrop] Zombie Spawned [109] ZmbM_Jacket_magenta @ <11124.954102, 68.909554, 14127.693359> ... Lifespan:  Set to 120 minutes.
[EOnDrop] Spawn failed for zombie [110] 'ZmbM_JacketNormal_greenchecks', it does not exist in DayZ!
[EOnDrop] Zombie Spawned [111] ZmbF_JoggerSkinny_Red @ <11145.789063, 70.978058, 14125.366211> ... Lifespan:  Set to 120 minutes.
[EOnDrop] Zombie Spawned [112] ZmbF_JoggerSkinny_Green @ <11162.927734, 81.353302, 14085.169922> ... Lifespan:  Set to 120 minutes.
[EOnDrop] Zombie Spawned [113] ZmbM_ClerkFat_Khaki @ <11142.318359, 65.666306, 14154.494141> ... Lifespan:  Set to 120 minutes.
[EOnDrop] Zombie Spawned [114] ZmbF_JournalistNormal_White @ <11167.118164, 73.660835, 14124.402344> ... Lifespan:  Set to 120 minutes.
[EOnDrop] Zombie Spawned [115] ZmbF_PoliceWomanNormal @ <11175.991211, 71.248070, 14144.933594> ... Lifespan:  Set to 120 minutes.
[EOnDrop] Zombie Spawned [116] ZmbM_Jacket_brown @ <11192.199219, 80.509010, 14103.330078> ... Lifespan:  Set to 120 minutes.
[EOnDrop] Zombie Spawned [117] ZmbF_ShortSkirt_yellow @ <11157.710938, 69.172577, 14139.923828> ... Lifespan:  Set to 120 minutes.
[EOnDrop] Zombie Spawned [118] ZmbM_ClerkFat_Grey @ <11158.970703, 74.849419, 14115.910156> ... Lifespan:  Set to 120 minutes.
[EOnDrop] Zombie Spawned [119] ZmbM_ParamedicNormal_Green @ <11144.484375, 70.087379, 14129.173828> ... Lifespan:  Set to 120 minutes.
[EOnDrop] Zombie Spawned [120] ZmbM_ParamedicNormal_Green @ <11197.124023, 77.986366, 14117.741211> ... Lifespan:  Set to 120 minutes.
[EOnDrop] Zombie Spawned [121] ZmbF_ShortSkirt_checks @ <11167.128906, 73.998306, 14122.623047> ... Lifespan:  Set to 120 minutes.
[EOnDrop] Zombie Spawned [122] ZmbM_Jacket_grey @ <11158.001953, 73.817062, 14120.538086> ... Lifespan:  Set to 120 minutes.
[EOnDrop] Zombie Spawned [123] ZmbM_ParamedicNormal_Red @ <11165.036133, 74.226105, 14121.184570> ... Lifespan:  Set to 120 minutes.
[EOnDrop] Zombie Spawned [124] ZmbM_CommercialPilotOld_Blue @ <11165.372070, 74.815895, 14118.842773> ... Lifespan:  Set to 120 minutes.
[EOnDrop] Zombie Spawned [125] ZmbM_PatrolNormal_Summer @ <11131.189453, 69.598083, 14126.457031> ... Lifespan:  Set to 120 minutes.
[EOnDrop] Zombie Spawned [126] ZmbF_DoctorSkinny @ <11163.885742, 72.119225, 14130.921875> ... Lifespan:  Set to 120 minutes.
[EOnDrop] Zombie Spawned [127] ZmbF_ParamedicNormal_Blue @ <11117.317383, 69.058563, 14123.437500> ... Lifespan:  Set to 120 minutes.
[EOnDrop] Zombie Spawned [128] ZmbM_ParamedicNormal_Red @ <11174.046875, 82.258240, 14085.369141> ... Lifespan:  Set to 120 minutes.
[EOnDrop] Zombie Spawned [129] ZmbF_JournalistNormal_White @ <11195.770508, 71.137497, 14142.680664> ... Lifespan:  Set to 120 minutes.
[EOnDrop] Zombie Spawned [130] ZmbM_CitizenBFat_Green @ <11152.790039, 76.074066, 14107.839844> ... Lifespan:  Set to 120 minutes.
[EOnDrop] Zombie Spawned [131] ZmbM_PatrolNormal_Summer @ <11119.873047, 64.874588, 14150.224609> ... Lifespan:  Set to 120 minutes.
[EOnDrop] Zombie Spawned [132] ZmbM_Jacket_black @ <11175.152344, 75.465652, 14122.235352> ... Lifespan:  Set to 120 minutes.
[EOnDrop] Zombie Spawned [133] ZmbM_ParamedicNormal_Black @ <11110.635742, 69.256409, 14118.250977> ... Lifespan:  Set to 120 minutes.
[EOnDrop] Zombie Spawned [134] ZmbF_ShortSkirt_stripes @ <11160.459961, 69.017357, 14142.567383> ... Lifespan:  Set to 120 minutes.
[EOnDrop] Zombie Spawned [135] ZmbM_SkaterYoung_Grey @ <11118.669922, 68.602287, 14125.466797> ... Lifespan:  Set to 120 minutes.
[EOnDrop] Zombie Spawned [136] ZmbF_JournalistNormal_Red @ <11199.271484, 73.292534, 14138.783203> ... Lifespan:  Set to 120 minutes.
[EOnDrop] Zombie Spawned [137] ZmbF_DoctorSkinny @ <11140.204102, 64.086357, 14166.407227> ... Lifespan:  Set to 120 minutes.
[EOnDrop] Zombie Spawned [138] ZmbM_PatrolNormal_Summer @ <11118.638672, 64.416260, 14152.494141> ... Lifespan:  Set to 120 minutes.
[EOnDrop] Zombie Spawned [139] ZmbM_PatientSkinny @ <11142.212891, 68.182678, 14140.816406> ... Lifespan:  Set to 120 minutes.
[EOnDrop] Zombie Spawned [140] ZmbM_PolicemanFat @ <11170.060547, 69.415268, 14147.284180> ... Lifespan:  Set to 120 minutes.
[EOnDrop] Zombie Spawned [141] ZmbF_ParamedicNormal_Red @ <11151.113281, 72.865204, 14121.045898> ... Lifespan:  Set to 120 minutes.
[EOnDrop] Zombie Spawned [142] ZmbF_JournalistNormal_Green @ <11153.486328, 74.405434, 14115.242188> ... Lifespan:  Set to 120 minutes.
[EOnDrop] Zombie Spawned [143] ZmbF_PatientOld @ <11138.794922, 67.825378, 14143.206055> ... Lifespan:  Set to 120 minutes.
[EOnDrop] Zombie Spawned [144] ZmbM_JoggerSkinny_Red @ <11165.728516, 73.073433, 14127.201172> ... Lifespan:  Set to 120 minutes.
[EOnDrop] Zombie Spawned [145] ZmbF_ShortSkirt_stripes @ <11117.148438, 71.577026, 14110.494141> ... Lifespan:  Set to 120 minutes.
[EOnDrop] Zombie Spawned [146] ZmbF_ParamedicNormal_Green @ <11148.783203, 63.835415, 14170.477539> ... Lifespan:  Set to 120 minutes.
[EOnDrop] Zombie Spawned [147] ZmbM_CitizenBFat_Green @ <11178.009766, 81.257660, 14093.322266> ... Lifespan:  Set to 120 minutes.
[EOnDrop] Zombie Spawned [148] ZmbF_ParamedicNormal_Red @ <11176.506836, 67.638374, 14156.117188> ... Lifespan:  Set to 120 minutes.
[EOnDrop] Zombie Spawned [149] ZmbM_Jacket_grey @ <11161.353516, 64.434158, 14160.161133> ... Lifespan:  Set to 120 minutes.
[EOnDrop] Zombie Spawned [150] ZmbF_PatientOld @ <11159.953125, 73.824211, 14121.510742> ... Lifespan:  Set to 120 minutes.
[EOnDrop] Zombie Spawned [151] ZmbM_CitizenBFat_Red @ <11163.169922, 63.690655, 14167.700195> ... Lifespan:  Set to 120 minutes.
[EOnDrop] Zombie Spawned [152] ZmbM_CitizenASkinny_Red @ <11170.051758, 80.327202, 14094.692383> ... Lifespan:  Set to 120 minutes.
[EOnDrop] Zombie Spawned [153] ZmbM_Jacket_grey @ <11178.853516, 81.577896, 14091.765625> ... Lifespan:  Set to 120 minutes.
[EOnDrop] Zombie Spawned [154] ZmbM_Jacket_black @ <11137.500000, 69.305443, 14132.574219> ... Lifespan:  Set to 120 minutes.
[EOnDrop] Zombie Spawned [155] ZmbF_CitizenANormal_Brown @ <11189.732422, 71.792068, 14141.742188> ... Lifespan:  Set to 120 minutes.
[EOnDrop] Zombie Spawned [156] ZmbF_SkaterYoung_Violet @ <11146.920898, 68.753166, 14137.232422> ... Lifespan:  Set to 120 minutes.
[EOnDrop] Zombie Spawned [157] ZmbF_JournalistNormal_Blue @ <11175.349609, 76.943230, 14116.177734> ... Lifespan:  Set to 120 minutes.
[EOnDrop] Zombie Spawned [158] ZmbF_ParamedicNormal_Red @ <11139.000977, 76.439064, 14096.994141> ... Lifespan:  Set to 120 minutes.
[EOnDrop] Zombie Spawned [159] ZmbM_Jacket_blue @ <11143.157227, 67.677406, 14145.483398> ... Lifespan:  Set to 120 minutes.
[EOnDrop] Zombie Spawned [160] ZmbF_CitizenANormal_Beige @ <11180.179688, 71.907021, 14143.531250> ... Lifespan:  Set to 120 minutes.
[EOnDrop] Zombie Spawned [161] ZmbF_ShortSkirt_black @ <11134.047852, 66.114548, 14148.271484> ... Lifespan:  Set to 120 minutes.
[EOnDrop] Zombie Spawned [162] ZmbF_ShortSkirt_beige @ <11145.773438, 72.647079, 14116.928711> ... Lifespan:  Set to 120 minutes.
[EOnDrop] Zombie Spawned [163] ZmbF_Clerk_Normal_Red @ <11134.808594, 66.680870, 14146.558594> ... Lifespan:  Set to 120 minutes.
[EOnDrop] Zombie Spawned [164] ZmbF_JoggerSkinny_Red @ <11154.065430, 74.864258, 14113.598633> ... Lifespan:  Set to 120 minutes.
[EOnDrop] Zombie Spawned [165] ZmbM_PrisonerSkinny @ <11148.385742, 71.829865, 14123.579102> ... Lifespan:  Set to 120 minutes.
[EOnDrop] Zombie Spawned [166] ZmbM_Jacket_bluechecks @ <11132.961914, 71.342072, 14117.099609> ... Lifespan:  Set to 120 minutes.
[EOnDrop] Zombie Spawned [167] ZmbF_CitizenBSkinny @ <11161.470703, 71.994362, 14131.021484> ... Lifespan:  Set to 120 minutes.
[EOnDrop] Zombie Spawned [168] ZmbF_CitizenANormal_Blue @ <11157.404297, 69.220772, 14138.435547> ... Lifespan:  Set to 120 minutes.
[EOnDrop] Zombie Spawned [169] ZmbM_Jacket_beige @ <11132.598633, 68.881149, 14133.275391> ... Lifespan:  Set to 120 minutes.
[EOnDrop] Zombie Spawned [170] ZmbF_DoctorSkinny @ <11164.504883, 67.592880, 14151.366211> ... Lifespan:  Set to 120 minutes.
[EOnDrop] Zombie Spawned [171] ZmbM_Jacket_beige @ <11157.991211, 63.630383, 14170.118164> ... Lifespan:  Set to 120 minutes.
[EOnDrop] Zombie Spawned [172] ZmbF_CitizenANormal_Brown @ <11190.819336, 75.709534, 14129.120117> ... Lifespan:  Set to 120 minutes.
[EOnDrop] Zombie Spawned [173] ZmbM_JoggerSkinny_Green @ <11165.280273, 75.213272, 14117.188477> ... Lifespan:  Set to 120 minutes.
[EOnDrop] Zombie Spawned [174] ZmbF_CitizenBSkinny @ <11156.529297, 74.193695, 14117.903320> ... Lifespan:  Set to 120 minutes.
[EOnDrop] Zombie Spawned [175] ZmbF_ShortSkirt_red @ <11164.822266, 69.202370, 14144.388672> ... Lifespan:  Set to 120 minutes.
[EOnDrop] Zombie Spawned [176] ZmbF_Clerk_Normal_Green @ <11168.333008, 64.964134, 14158.628906> ... Lifespan:  Set to 120 minutes.
[EOnDrop] Zombie Spawned [177] ZmbM_Jacket_greenchecks @ <11148.384766, 72.253426, 14121.395508> ... Lifespan:  Set to 120 minutes.
[EOnDrop] Zombie Spawned [178] ZmbF_CitizenANormal_Blue @ <11158.100586, 66.891167, 14152.935547> ... Lifespan:  Set to 120 minutes.
[EOnDrop] Zombie Spawned [179] ZmbF_JournalistNormal_Green @ <11150.283203, 70.367691, 14131.577148> ... Lifespan:  Set to 120 minutes.
[EOnDrop] Zombie Spawned [180] ZmbM_ClerkFat_White @ <11143.929688, 71.222824, 14122.840820> ... Lifespan:  Set to 120 minutes.
[EOnDrop] Zombie Spawned [181] ZmbM_ParamedicNormal_Green @ <11182.100586, 67.453926, 14155.958984> ... Lifespan:  Set to 120 minutes.
[EOnDrop] Zombie Spawned [182] ZmbM_Jacket_blue @ <11155.755859, 69.820389, 14135.665039> ... Lifespan:  Set to 120 minutes.
[EOnDrop] Zombie Spawned [183] ZmbM_Jacket_magenta @ <11157.965820, 68.730080, 14144.123047> ... Lifespan:  Set to 120 minutes.
[EOnDrop] Zombie Spawned [184] ZmbM_DoctorFat @ <11144.809570, 75.393135, 14106.448242> ... Lifespan:  Set to 120 minutes.
[EOnDrop] Zombie Spawned [185] ZmbM_ParamedicNormal_Blue @ <11121.412109, 65.644417, 14146.416016> ... Lifespan:  Set to 120 minutes.
[EOnDrop] Zombie Spawned [186] ZmbM_ParamedicNormal_Red @ <11138.291992, 69.209160, 14133.403320> ... Lifespan:  Set to 120 minutes.
[EOnDrop] Zombie Spawned [187] ZmbM_CitizenBFat_Blue @ <11110.482422, 67.741890, 14124.897461> ... Lifespan:  Set to 120 minutes.
[EOnDrop] Zombie Spawned [188] ZmbF_JournalistNormal_Green @ <11156.675781, 64.159462, 14163.542969> ... Lifespan:  Set to 120 minutes.
[EOnDrop] Zombie Spawned [189] ZmbM_Jacket_blue @ <11127.490234, 68.606461, 14131.285156> ... Lifespan:  Set to 120 minutes.
[EOnDrop] Zombie Spawned [190] ZmbM_ParamedicNormal_Blue @ <11135.706055, 69.333488, 14131.841797> ... Lifespan:  Set to 120 minutes.
[EOnDrop] Zombie Spawned [191] ZmbM_Jacket_khaki @ <11169.126953, 68.888718, 14148.543945> ... Lifespan:  Set to 120 minutes.
[EOnDrop] Zombie Spawned [192] ZmbF_Clerk_Normal_Blue @ <11179.890625, 76.373672, 14120.746094> ... Lifespan:  Set to 120 minutes.
[EOnDrop] Zombie Spawned [193] ZmbM_JournalistSkinny @ <11156.091797, 77.825180, 14100.259766> ... Lifespan:  Set to 120 minutes.
[EOnDrop] Zombie Spawned [194] ZmbF_ShortSkirt_checks @ <11160.358398, 72.358200, 14129.919922> ... Lifespan:  Set to 120 minutes.
[EOnDrop] Zombie Spawned [195] ZmbM_ParamedicNormal_Blue @ <11139.119141, 76.937279, 14094.433594> ... Lifespan:  Set to 120 minutes.
[EOnDrop] Zombie Spawned [196] ZmbF_JournalistNormal_Green @ <11173.478516, 82.190186, 14085.496094> ... Lifespan:  Set to 120 minutes.
[EOnDrop] Zombie Spawned [197] ZmbF_ParamedicNormal_Red @ <11153.276367, 68.180412, 14147.153320> ... Lifespan:  Set to 120 minutes.
[EOnDrop] Zombie Spawned [198] ZmbM_Jacket_brown @ <11136.201172, 72.279961, 14113.869141> ... Lifespan:  Set to 120 minutes.
[EOnDrop] Zombie Spawned [199] ZmbF_PoliceWomanNormal @ <11160.651367, 73.026588, 14126.186523> ... Lifespan:  Set to 120 minutes.
[EOnDrop] Zombie Spawned [200] ZmbM_DoctorFat @ <11171.497070, 72.534340, 14134.491211> ... Lifespan:  Set to 120 minutes.
[EOnDrop] Zombie Spawned [201] ZmbM_JoggerSkinny_Blue @ <11136.154297, 72.219551, 14114.057617> ... Lifespan:  Set to 120 minutes.
[EOnDrop] Zombie Spawned [202] ZmbF_CitizenBSkinny @ <11126.231445, 64.488846, 14164.055664> ... Lifespan:  Set to 120 minutes.
[EOnDrop] Zombie Spawned [203] ZmbM_ParamedicNormal_Green @ <11171.243164, 74.428902, 14123.983398> ... Lifespan:  Set to 120 minutes.
[EOnDrop] Zombie Spawned [204] ZmbM_JoggerSkinny_Red @ <11118.237305, 71.718529, 14110.237305> ... Lifespan:  Set to 120 minutes.
[EOnDrop] Zombie Spawned [205] ZmbM_PolicemanSpecForce @ <11161.606445, 72.741089, 14128.134766> ... Lifespan:  Set to 120 minutes.
[EOnDrop] Zombie Spawned [206] ZmbF_ShortSkirt_grey @ <11108.199219, 67.422508, 14124.543945> ... Lifespan:  Set to 120 minutes.
[EOnDrop] Zombie Spawned [207] ZmbM_Jacket_brown @ <11180.223633, 74.134026, 14135.573242> ... Lifespan:  Set to 120 minutes.
[EOnDrop] Zombie Spawned [208] ZmbM_CitizenBFat_Red @ <11142.090820, 73.900154, 14110.692383> ... Lifespan:  Set to 120 minutes.
[EOnDrop] Zombie Spawned [209] ZmbF_ShortSkirt_brown @ <11181.854492, 75.973251, 14124.680664> ... Lifespan:  Set to 120 minutes.
[EOnDrop] Zombie Spawned [210] ZmbM_ClerkFat_White @ <11157.494141, 76.928841, 14106.280273> ... Lifespan:  Set to 120 minutes.
[EOnDrop] Zombie Spawned [211] ZmbM_ClerkFat_White @ <11154.726563, 74.445099, 14115.697266> ... Lifespan:  Set to 120 minutes.
[EOnDrop] Zombie Spawned [212] ZmbF_JournalistNormal_Blue @ <11116.156250, 65.353310, 14146.036133> ... Lifespan:  Set to 120 minutes.
[EOnDrop] Zombie Spawned [213] ZmbM_ClerkFat_Brown @ <11127.567383, 74.119041, 14102.835938> ... Lifespan:  Set to 120 minutes.
[EOnDrop] Zombie Spawned [214] ZmbM_JoggerSkinny_Green @ <11141.222656, 78.681381, 14087.043945> ... Lifespan:  Set to 120 minutes.
[EOnDrop] Zombie Spawned [215] ZmbM_JoggerSkinny_Green @ <11146.565430, 72.372604, 14119.030273> ... Lifespan:  Set to 120 minutes.
[EOnDrop] Zombie Spawned [216] ZmbM_JournalistSkinny @ <11188.676758, 80.981735, 14099.583984> ... Lifespan:  Set to 120 minutes.
[EOnDrop] Zombie Spawned [217] ZmbF_SkaterYoung_Striped @ <11151.484375, 68.739761, 14138.323242> ... Lifespan:  Set to 120 minutes.
[EOnDrop] Zombie Spawned [218] ZmbF_ShortSkirt_brown @ <11150.798828, 76.128052, 14106.307617> ... Lifespan:  Set to 120 minutes.
[EOnDrop] Zombie Spawned [219] ZmbM_CitizenASkinny_Red @ <11148.971680, 70.236839, 14131.338867> ... Lifespan:  Set to 120 minutes.
[EOnDrop] Zombie Spawned [220] ZmbF_ShortSkirt_checks @ <11185.890625, 75.691544, 14127.960938> ... Lifespan:  Set to 120 minutes.
[EOnDrop] Zombie Spawned [221] ZmbF_JournalistNormal_Green @ <11141.447266, 80.142128, 14080.397461> ... Lifespan:  Set to 120 minutes.
[EOnDrop] Zombie Spawned [222] ZmbM_PatientSkinny @ <11139.674805, 64.780960, 14157.965820> ... Lifespan:  Set to 120 minutes.
[EOnDrop] Zombie Spawned [223] ZmbM_Jacket_blue @ <11173.525391, 69.905754, 14148.333008> ... Lifespan:  Set to 120 minutes.
[EOnDrop] Zombie Spawned [224] ZmbM_CitizenBFat_Green @ <11163.292969, 76.815338, 14109.794922> ... Lifespan:  Set to 120 minutes.
[EOnDrop] Zombie Spawned [225] ZmbM_CitizenASkinny_Grey @ <11174.524414, 78.697174, 14106.768555> ... Lifespan:  Set to 120 minutes.
[EOnDrop] Zombie Spawned [226] ZmbM_DoctorFat @ <11164.711914, 70.003426, 14140.073242> ... Lifespan:  Set to 120 minutes.
[EOnDrop] Zombie Spawned [227] ZmbF_SkaterYoung_Violet @ <11119.203125, 67.018257, 14135.296875> ... Lifespan:  Set to 120 minutes.
[EOnDrop] Zombie Spawned [228] ZmbF_ParamedicNormal_Blue @ <11141.292969, 73.640182, 14111.232422> ... Lifespan:  Set to 120 minutes.
[EOnDrop] Zombie Spawned [229] ZmbM_CitizenBFat_Green @ <11150.723633, 70.991859, 14128.875000> ... Lifespan:  Set to 120 minutes.
[EOnDrop] Zombie Spawned [230] ZmbF_SkaterYoung_Brown @ <11166.431641, 67.856850, 14150.873047> ... Lifespan:  Set to 120 minutes.
[EOnDrop] Zombie Spawned [231] ZmbM_PolicemanSpecForce @ <11149.009766, 70.642059, 14129.360352> ... Lifespan:  Set to 120 minutes.
[EOnDrop] Zombie Spawned [232] ZmbM_CitizenBFat_Green @ <11164.179688, 73.182732, 14126.341797> ... Lifespan:  Set to 120 minutes.
[EOnDrop] Zombie Spawned [233] ZmbF_ParamedicNormal_Red @ <11128.208008, 64.371460, 14155.131836> ... Lifespan:  Set to 120 minutes.
[EOnDrop] Zombie Spawned [234] ZmbM_JoggerSkinny_Blue @ <11155.106445, 79.095749, 14092.730469> ... Lifespan:  Set to 120 minutes.
[EOnDrop] Zombie Spawned [235] ZmbM_Jacket_brown @ <11157.936523, 82.582397, 14076.090820> ... Lifespan:  Set to 120 minutes.
[EOnDrop] Zombie Spawned [236] ZmbM_Jacket_greenchecks @ <11170.000977, 68.715149, 14150.169922> ... Lifespan:  Set to 120 minutes.
[EOnDrop] Zombie Spawned [237] ZmbM_CitizenASkinny_Red @ <11164.849609, 81.046120, 14087.716797> ... Lifespan:  Set to 120 minutes.
[EOnDrop] Zombie Spawned [238] ZmbF_JoggerSkinny_Blue @ <11155.535156, 74.545998, 14115.618164> ... Lifespan:  Set to 120 minutes.
[EOnDrop] Zombie Spawned [239] ZmbM_ClerkFat_Khaki @ <11165.514648, 69.358070, 14143.880859> ... Lifespan:  Set to 120 minutes.
[EOnDrop] Zombie Spawned [240] ZmbM_CommercialPilotOld_Olive @ <11154.900391, 80.797241, 14083.927734> ... Lifespan:  Set to 120 minutes.
[EOnDrop] Zombie Spawned [241] ZmbM_SkaterYoung_Brown @ <11142.702148, 70.623390, 14125.994141> ... Lifespan:  Set to 120 minutes.
[EOnDrop] Zombie Spawned [242] ZmbM_PatrolNormal_Flat @ <11160.532227, 79.481270, 14094.006836> ... Lifespan:  Set to 120 minutes.
[EOnDrop] Zombie Spawned [243] ZmbM_PolicemanSpecForce @ <11162.636719, 68.973793, 14144.623047> ... Lifespan:  Set to 120 minutes.
[EOnDrop] Zombie Spawned [244] ZmbM_ClerkFat_Khaki @ <11160.303711, 63.994537, 14164.098633> ... Lifespan:  Set to 120 minutes.
[EOnDrop] Zombie Spawned [245] ZmbM_ClerkFat_Brown @ <11152.029297, 68.488541, 14144.832031> ... Lifespan:  Set to 120 minutes.
[EOnDrop] Zombie Spawned [246] ZmbM_CommercialPilotOld_Grey @ <11163.810547, 69.891113, 14139.695313> ... Lifespan:  Set to 120 minutes.
[EOnDrop] Zombie Spawned [247] ZmbM_PatrolNormal_PautRev @ <11115.120117, 66.322517, 14134.322266> ... Lifespan:  Set to 120 minutes.
[EOnDrop] Zombie Spawned [248] ZmbM_ClerkFat_Brown @ <11191.294922, 81.145149, 14099.503906> ... Lifespan:  Set to 120 minutes.
[EOnDrop] Zombie Spawned [249] ZmbF_ParamedicNormal_Blue @ <11162.538086, 71.202003, 14133.208008> ... Lifespan:  Set to 120 minutes.
[EOnDrop] Zombie Spawned [250] ZmbF_CitizenBSkinny @ <11166.234375, 65.860527, 14156.409180> ... Lifespan:  Set to 120 minutes.
[EOnDrop] Zombie Spawned [251] ZmbF_PatientOld @ <11174.397461, 83.046562, 14080.428711> ... Lifespan:  Set to 120 minutes.
[EOnDrop] Zombie Spawned [252] ZmbF_ShortSkirt_yellow @ <11181.989258, 74.520279, 14134.000977> ... Lifespan:  Set to 120 minutes.
[EOnDrop] Zombie Spawned [253] ZmbM_CitizenASkinny_Brown @ <11144.486328, 64.788910, 14157.336914> ... Lifespan:  Set to 120 minutes.
[EOnDrop] Zombie Spawned [254] ZmbF_ShortSkirt_stripes @ <11175.184570, 63.973652, 14170.336914> ... Lifespan:  Set to 120 minutes.
[EOnDrop] Zombie Spawned [255] ZmbM_Jacket_stripes @ <11144.898438, 69.779335, 14130.958008> ... Lifespan:  Set to 120 minutes.
[EOnDrop] Zombie Spawned [256] ZmbM_PatrolNormal_Flat @ <11196.029297, 72.295242, 14140.934570> ... Lifespan:  Set to 120 minutes.
[EOnDrop] Zombie Spawned [257] ZmbF_CitizenBSkinny @ <11124.702148, 64.380508, 14152.710938> ... Lifespan:  Set to 120 minutes.
[EOnDrop] Zombie Spawned [258] ZmbF_NurseFat @ <11144.318359, 72.691582, 14115.691406> ... Lifespan:  Set to 120 minutes.
[EOnDrop] Zombie Spawned [259] ZmbF_JoggerSkinny_Green @ <11167.304688, 77.685745, 14108.119141> ... Lifespan:  Set to 120 minutes.
[EOnDrop] Zombie Spawned [260] ZmbM_ParamedicNormal_Blue @ <11134.507813, 70.962906, 14119.935547> ... Lifespan:  Set to 120 minutes.
[EOnDrop] Zombie Spawned [261] ZmbM_CitizenASkinny_Grey @ <11149.481445, 71.886299, 14124.436523> ... Lifespan:  Set to 120 minutes.
[EOnDrop] Zombie Spawned [262] ZmbM_ParamedicNormal_Red @ <11155.092773, 69.019730, 14138.593750> ... Lifespan:  Set to 120 minutes.
[EOnDrop] Zombie Spawned [263] ZmbF_ShortSkirt_checks @ <11138.675781, 64.159790, 14161.643555> ... Lifespan:  Set to 120 minutes.
[EOnDrop] Zombie Spawned [264] ZmbF_JournalistNormal_White @ <11134.681641, 69.211365, 14132.034180> ... Lifespan:  Set to 120 minutes.
[EOnDrop] Zombie Spawned [265] ZmbM_ParamedicNormal_Green @ <11118.996094, 66.653595, 14140.951172> ... Lifespan:  Set to 120 minutes.
[EOnDrop] Zombie Spawned [266] ZmbF_PoliceWomanNormal @ <11146.447266, 64.030197, 14160.988281> ... Lifespan:  Set to 120 minutes.
[EOnDrop] Zombie Spawned [267] ZmbM_CitizenASkinny_Red @ <11140.206055, 77.079521, 14094.333008> ... Lifespan:  Set to 120 minutes.
[EOnDrop] Zombie Spawned [268] ZmbF_ShortSkirt_brown @ <11160.723633, 63.610985, 14168.046875> ... Lifespan:  Set to 120 minutes.
[EOnDrop] Zombie Spawned [269] ZmbF_JournalistNormal_Green @ <11147.378906, 75.374687, 14107.940430> ... Lifespan:  Set to 120 minutes.
[EOnDrop] Zombie Spawned [270] ZmbF_ShortSkirt_stripes @ <11113.556641, 65.667030, 14137.111328> ... Lifespan:  Set to 120 minutes.
[EOnDrop] Zombie Spawned [271] ZmbF_JournalistNormal_Red @ <11133.939453, 75.082047, 14101.291992> ... Lifespan:  Set to 120 minutes.
[EOnDrop] Zombie Spawned [272] ZmbM_PatrolNormal_PautRev @ <11200.106445, 80.384712, 14105.752930> ... Lifespan:  Set to 120 minutes.
[EOnDrop] Zombie Spawned [273] ZmbF_SkaterYoung_Violet @ <11148.220703, 73.714661, 14114.162109> ... Lifespan:  Set to 120 minutes.
[EOnDrop] Zombie Spawned [274] ZmbM_SkaterYoung_Grey @ <11177.254883, 68.446213, 14152.985352> ... Lifespan:  Set to 120 minutes.
[EOnDrop] Zombie Spawned [275] ZmbM_ClerkFat_White @ <11167.407227, 79.042282, 14100.778320> ... Lifespan:  Set to 120 minutes.
[EOnDrop] Zombie Spawned [276] ZmbF_ParamedicNormal_Green @ <11135.786133, 65.141914, 14153.751953> ... Lifespan:  Set to 120 minutes.
[EOnDrop] Spawn failed for zombie [277] 'ZmbM_JacketNormal_greenchecks', it does not exist in DayZ!
[EOnDrop] Zombie Spawned [278] ZmbM_SkaterYoung_Blue @ <11127.763672, 68.213570, 14136.047852> ... Lifespan:  Set to 120 minutes.
[EOnDrop] Zombie Spawned [279] ZmbM_SkaterYoung_Brown @ <11173.834961, 83.128571, 14079.592773> ... Lifespan:  Set to 120 minutes.
[EOnDrop] Zombie Spawned [280] ZmbF_ShortSkirt_checks @ <11159.979492, 71.803322, 14131.380859> ... Lifespan:  Set to 120 minutes.
[EOnDrop] Zombie Spawned [281] ZmbM_Jacket_bluechecks @ <11171.462891, 68.641106, 14151.284180> ... Lifespan:  Set to 120 minutes.
[EOnDrop] Spawn failed for zombie [282] 'ZmbM_JacketNormal_greenchecks', it does not exist in DayZ!
[EOnDrop] Zombie Spawned [283] ZmbM_SkaterYoung_Green @ <11183.228516, 73.707184, 14138.508789> ... Lifespan:  Set to 120 minutes.
[EOnDrop] Zombie Spawned [284] ZmbM_Jacket_magenta @ <11164.564453, 71.369026, 14132.974609> ... Lifespan:  Set to 120 minutes.
[EOnDrop] Zombie Spawned [285] ZmbM_PatrolNormal_PautRev @ <11174.711914, 78.075172, 14110.107422> ... Lifespan:  Set to 120 minutes.
[EOnDrop] Zombie Spawned [286] ZmbM_PolicemanSpecForce @ <11152.599609, 65.369080, 14157.552734> ... Lifespan:  Set to 120 minutes.
[EOnDrop] Zombie Spawned [287] ZmbF_DoctorSkinny @ <11141.173828, 68.020042, 14142.048828> ... Lifespan:  Set to 120 minutes.
[EOnDrop] Zombie Spawned [288] ZmbF_Clerk_Normal_Blue @ <11154.766602, 70.368187, 14133.558594> ... Lifespan:  Set to 120 minutes.
[EOnDrop] Zombie Spawned [289] ZmbM_PatrolNormal_PautRev @ <11144.285156, 78.253540, 14090.747070> ... Lifespan:  Set to 120 minutes.
[EOnDrop] Zombie Spawned [290] ZmbF_ShortSkirt_stripes @ <11148.925781, 69.296074, 14135.504883> ... Lifespan:  Set to 120 minutes.
[EOnDrop] Zombie Spawned [291] ZmbF_CitizenANormal_Beige @ <11174.980469, 72.862045, 14139.351563> ... Lifespan:  Set to 120 minutes.
[EOnDrop] Zombie Spawned [292] ZmbM_PrisonerSkinny @ <11156.846680, 66.344391, 14154.517578> ... Lifespan:  Set to 120 minutes.
[EOnDrop] Zombie Spawned [293] ZmbF_ShortSkirt_black @ <11144.051758, 70.755882, 14125.538086> ... Lifespan:  Set to 120 minutes.
[EOnDrop] Zombie Spawned [294] ZmbM_Jacket_blue @ <11161.458008, 74.296539, 14119.893555> ... Lifespan:  Set to 120 minutes.
[EOnDrop] Zombie Spawned [295] ZmbM_PrisonerSkinny @ <11166.331055, 73.290596, 14126.183594> ... Lifespan:  Set to 120 minutes.
[EOnDrop] Zombie Spawned [296] ZmbM_Jacket_grey @ <11138.254883, 78.073433, 14088.370117> ... Lifespan:  Set to 120 minutes.
[EOnDrop] Zombie Spawned [297] ZmbF_SkaterYoung_Violet @ <11162.898438, 67.711586, 14150.325195> ... Lifespan:  Set to 120 minutes.
[EOnDrop] Zombie Spawned [298] ZmbM_ParamedicNormal_Red @ <11147.096680, 68.373108, 14140.741211> ... Lifespan:  Set to 120 minutes.
[EOnDrop] Zombie Spawned [299] ZmbM_PatrolNormal_Flat @ <11125.188477, 72.706947, 14108.494141> ... Lifespan:  Set to 120 minutes.
[EOnDrop] Zombie Spawned [300] ZmbF_JoggerSkinny_Green @ <11144.428711, 70.447441, 14127.248047> ... Lifespan:  Set to 120 minutes.
[EOnDrop] Zombie Spawned [301] ZmbF_ShortSkirt_yellow @ <11177.230469, 72.431763, 14141.395508> ... Lifespan:  Set to 120 minutes.
[EOnDrop] Zombie Spawned [302] ZmbM_CitizenASkinny_Red @ <11159.861328, 76.939514, 14107.723633> ... Lifespan:  Set to 120 minutes.
[EOnDrop] Zombie Spawned [303] ZmbM_CommercialPilotOld_Grey @ <11176.458008, 72.642502, 14140.486328> ... Lifespan:  Set to 120 minutes.
[EOnDrop] Zombie Spawned [304] ZmbM_CommercialPilotOld_Brown @ <11182.073242, 81.466743, 14094.050781> ... Lifespan:  Set to 120 minutes.
[EOnDrop] Zombie Spawned [305] ZmbF_JournalistNormal_Green @ <11179.630859, 80.368874, 14099.446289> ... Lifespan:  Set to 120 minutes.
[EOnDrop] Zombie Spawned [306] ZmbM_JoggerSkinny_Blue @ <11123.393555, 68.370132, 14130.245117> ... Lifespan:  Set to 120 minutes.
[EOnDrop] Zombie Spawned [307] ZmbM_JoggerSkinny_Red @ <11167.844727, 75.502975, 14116.753906> ... Lifespan:  Set to 120 minutes.
[EOnDrop] Zombie Spawned [308] ZmbF_JoggerSkinny_Red @ <11148.728516, 76.327675, 14103.776367> ... Lifespan:  Set to 120 minutes.
[EOnDrop] Zombie Spawned [309] ZmbM_Jacket_stripes @ <11156.458984, 80.862877, 14084.444336> ... Lifespan:  Set to 120 minutes.
[EOnDrop] Zombie Spawned [310] ZmbM_Jacket_khaki @ <11130.754883, 73.593628, 14107.094727> ... Lifespan:  Set to 120 minutes.
[EOnDrop] Zombie Spawned [311] ZmbF_PoliceWomanNormal @ <11147.134766, 70.953682, 14126.916992> ... Lifespan:  Set to 120 minutes.
[EOnDrop] Zombie Spawned [312] ZmbM_JournalistSkinny @ <11129.274414, 68.357491, 14135.541992> ... Lifespan:  Set to 120 minutes.
[EOnDrop] Zombie Spawned [313] ZmbF_ShortSkirt_beige @ <11140.368164, 76.749123, 14096.174805> ... Lifespan:  Set to 120 minutes.
[EOnDrop] Zombie Spawned [314] ZmbF_ShortSkirt_black @ <11128.103516, 75.957977, 14094.143555> ... Lifespan:  Set to 120 minutes.
[EOnDrop] Zombie Spawned [315] ZmbF_CitizenANormal_Blue @ <11131.502930, 67.999908, 14138.569336> ... Lifespan:  Set to 120 minutes.
[EOnDrop] Zombie Spawned [316] ZmbM_CitizenASkinny_Red @ <11146.208008, 66.515938, 14152.199219> ... Lifespan:  Set to 120 minutes.
[EOnDrop] Zombie Spawned [317] ZmbF_JoggerSkinny_Brown @ <11138.576172, 67.663918, 14144.603516> ... Lifespan:  Set to 120 minutes.
[EOnDrop] Zombie Spawned [318] ZmbM_CitizenASkinny_Brown @ <11121.183594, 64.491409, 14159.130859> ... Lifespan:  Set to 120 minutes.
[EOnDrop] Zombie Spawned [319] ZmbF_ShortSkirt_stripes @ <11180.341797, 82.154785, 14088.843750> ... Lifespan:  Set to 120 minutes.
[EOnDrop] Zombie Spawned [320] ZmbF_JournalistNormal_White @ <11148.000000, 70.860352, 14127.979492> ... Lifespan:  Set to 120 minutes.
[EOnDrop] Zombie Spawned [321] ZmbF_Clerk_Normal_Green @ <11109.290039, 65.955795, 14132.339844> ... Lifespan:  Set to 120 minutes.
[EOnDrop] Zombie Spawned [322] ZmbF_ShortSkirt_checks @ <11172.438477, 73.014969, 14133.277344> ... Lifespan:  Set to 120 minutes.
[EOnDrop] Zombie Spawned [323] ZmbF_Clerk_Normal_Green @ <11152.516602, 70.500076, 14131.589844> ... Lifespan:  Set to 120 minutes.
[EOnDrop] Zombie Spawned [324] ZmbF_ParamedicNormal_Red @ <11188.885742, 76.879318, 14121.811523> ... Lifespan:  Set to 120 minutes.
[EOnDrop] Zombie Spawned [325] ZmbF_ShortSkirt_white @ <11153.056641, 76.735733, 14104.380859> ... Lifespan:  Set to 120 minutes.
[EOnDrop] Zombie Spawned [326] ZmbF_ShortSkirt_green @ <11136.451172, 72.179115, 14114.260742> ... Lifespan:  Set to 120 minutes.
[EOnDrop] Zombie Spawned [327] ZmbM_CitizenASkinny_Blue @ <11163.731445, 73.960213, 14121.982422> ... Lifespan:  Set to 120 minutes.
[EOnDrop] Zombie Spawned [328] ZmbF_ParamedicNormal_Red @ <11150.208008, 68.118996, 14145.997070> ... Lifespan:  Set to 120 minutes.
[EOnDrop] Zombie Spawned [329] ZmbM_SkaterYoung_Green @ <11183.995117, 74.810852, 14132.839844> ... Lifespan:  Set to 120 minutes.
[EOnDrop] Zombie Spawned [330] ZmbF_ShortSkirt_green @ <11131.359375, 68.918068, 14131.400391> ... Lifespan:  Set to 120 minutes.
[EOnDrop] Zombie Spawned [331] ZmbM_ClerkFat_Grey @ <11144.501953, 79.177910, 14086.420898> ... Lifespan:  Set to 120 minutes.
[EOnDrop] Zombie Spawned [332] ZmbF_ShortSkirt_black @ <11179.287109, 78.576279, 14109.481445> ... Lifespan:  Set to 120 minutes.
[EOnDrop] Zombie Spawned [333] ZmbM_ClerkFat_White @ <11134.227539, 73.842476, 14107.822266> ... Lifespan:  Set to 120 minutes.
[EOnDrop] Zombie Spawned [334] ZmbM_Jacket_greenchecks @ <11173.556641, 72.961929, 14137.036133> ... Lifespan:  Set to 120 minutes.
[EOnDrop] Zombie Spawned [335] ZmbF_JournalistNormal_White @ <11144.997070, 68.513199, 14138.610352> ... Lifespan:  Set to 120 minutes.
[EOnDrop] Zombie Spawned [336] ZmbF_Clerk_Normal_Red @ <11162.332031, 75.388550, 14114.918945> ... Lifespan:  Set to 120 minutes.
[EOnDrop] Zombie Spawned [337] ZmbM_Jacket_black @ <11189.560547, 72.988762, 14139.857422> ... Lifespan:  Set to 120 minutes.
[EOnDrop] Zombie Spawned [338] ZmbM_CitizenBFat_Red @ <11162.567383, 75.392654, 14114.989258> ... Lifespan:  Set to 120 minutes.
[EOnDrop] Zombie Spawned [339] ZmbF_ParamedicNormal_Blue @ <11131.837891, 76.965828, 14090.830078> ... Lifespan:  Set to 120 minutes.
[EOnDrop] Zombie Spawned [340] ZmbF_Clerk_Normal_Blue @ <11126.694336, 75.290863, 14096.840820> ... Lifespan:  Set to 120 minutes.
[EOnDrop] Zombie Spawned [341] ZmbM_PatientSkinny @ <11143.014648, 72.877213, 14114.310547> ... Lifespan:  Set to 120 minutes.
[EOnDrop] Zombie Spawned [342] ZmbM_CommercialPilotOld_Brown @ <11164.400391, 68.339973, 14148.129883> ... Lifespan:  Set to 120 minutes.
[EOnDrop] Zombie Spawned [343] ZmbM_CitizenBFat_Blue @ <11141.183594, 70.979546, 14122.931641> ... Lifespan:  Set to 120 minutes.
[EOnDrop] Zombie Spawned [344] ZmbM_CitizenASkinny_Red @ <11120.643555, 64.425064, 14154.371094> ... Lifespan:  Set to 120 minutes.
[EOnDrop] Zombie Spawned [345] ZmbM_PatientSkinny @ <11187.605469, 66.984169, 14157.598633> ... Lifespan:  Set to 120 minutes.
[EOnDrop] Zombie Spawned [346] ZmbM_Jacket_brown @ <11155.625977, 76.779839, 14105.870117> ... Lifespan:  Set to 120 minutes.
[EOnDrop] Zombie Spawned [347] ZmbF_Clerk_Normal_Green @ <11181.936523, 73.089142, 14140.205078> ... Lifespan:  Set to 120 minutes.
[EOnDrop] Zombie Spawned [348] ZmbM_Jacket_beige @ <11189.233398, 70.743286, 14143.647461> ... Lifespan:  Set to 120 minutes.
[EOnDrop] Spawn failed for zombie [349] 'ZmbM_JacketNormal_greenchecks', it does not exist in DayZ!
[EOnDrop] Zombie Spawned [350] ZmbM_JoggerSkinny_Blue @ <11139.765625, 76.151909, 14098.977539> ... Lifespan:  Set to 120 minutes.
[EOnDrop] Zombie Spawned [351] ZmbM_PrisonerSkinny @ <11165.596680, 82.046432, 14082.423828> ... Lifespan:  Set to 120 minutes.
[EOnDrop] Zombie Spawned [352] ZmbM_PatientSkinny @ <11184.562500, 76.294456, 14123.852539> ... Lifespan:  Set to 120 minutes.
[EOnDrop] Zombie Spawned [353] ZmbM_PatrolNormal_Summer @ <11138.678711, 77.529396, 14091.175781> ... Lifespan:  Set to 120 minutes.
[EOnDrop] Zombie Spawned [354] ZmbM_CitizenASkinny_Grey @ <11153.463867, 70.767113, 14131.260742> ... Lifespan:  Set to 120 minutes.
[EOnDrop] Zombie Spawned [355] ZmbM_ParamedicNormal_Blue @ <11171.701172, 65.202637, 14163.966797> ... Lifespan:  Set to 120 minutes.
[EOnDrop] Zombie Spawned [356] ZmbM_Jacket_black @ <11136.970703, 65.209274, 14153.559570> ... Lifespan:  Set to 120 minutes.
[EOnDrop] Zombie Spawned [357] ZmbF_SkaterYoung_Striped @ <11156.451172, 70.808220, 14133.100586> ... Lifespan:  Set to 120 minutes.
[EOnDrop] Zombie Spawned [358] ZmbF_ShortSkirt_beige @ <11168.854492, 76.213768, 14114.453125> ... Lifespan:  Set to 120 minutes.
[EOnDrop] Zombie Spawned [359] ZmbM_PatrolNormal_Flat @ <11129.788086, 74.701164, 14101.117188> ... Lifespan:  Set to 120 minutes.
[EOnDrop] Zombie Spawned [360] ZmbF_DoctorSkinny @ <11173.183594, 77.698647, 14110.665039> ... Lifespan:  Set to 120 minutes.
[EOnDrop] Drop spawned with 360 infected at <11155.004883, 196.474579, 14124.619141>.
[EOnDrop] Supplies have been dropped near Novodmitrovsk.
[EOnBeforeDelete] Aircraft despawned @ <5759.244629, 152.000610, -1001.285645>
[~AirdropPlane] Aircraft destroyed.
