[InitializeContainer] Container created on 2021-02-26 @ 09-01-44
[InitializeContainer] Winds: Vector <5.839455, 0.000000, -6.353410>, Speed 8.62931mps, Strength 0.1
[AirdropContainerFall] Drop Type 'Food/Medical', Container: 'AirdropContainer_Medical', Mode/Quantity/Iems: Random/20/11, Flare:  10%
[AirdropContainerFall] Loot Spawned [1] VitaminBottle @ <7460.098633, 326.298737, 7806.493652> ... Lifespan: Set to 120 minutes.
[AirdropContainerFall] Loot Spawned [2] TunaCan @ <7462.381836, 326.504974, 7808.301270> ... Lifespan: Set to 120 minutes.
[AirdropContainerFall] Loot Spawned [3] Marmalade @ <7460.794434, 326.303040, 7803.891602> ... Lifespan: Set to 120 minutes.
[AirdropContainerFall] Loot Spawned [4] TacticalBaconCan @ <7461.418945, 326.355591, 7804.164063> ... Lifespan: Set to 120 minutes.
[AirdropContainerFall] Loot Spawned [5] VitaminBottle @ <7459.848633, 326.259033, 7805.384277> ... Lifespan: Set to 120 minutes.
[AirdropContainerFall] Loot Spawned [6] SpaghettiCan @ <7461.474609, 326.427948, 7807.729004> ... Lifespan: Set to 120 minutes.
[AirdropContainerFall] Loot Spawned [7] SpaghettiCan @ <7462.446289, 326.435883, 7804.281738> ... Lifespan: Set to 120 minutes.
[AirdropContainerFall] Loot Spawned [8] Canteen @ <7463.089844, 326.525604, 7806.554199> ... Lifespan: Set to 120 minutes.
[AirdropContainerFall] Loot Spawned [9] Canteen @ <7463.296875, 326.512329, 7805.027344> ... Lifespan: Set to 120 minutes.
[AirdropContainerFall] Loot Spawned [10] Canteen @ <7458.884766, 326.223267, 7807.393555> ... Lifespan: Set to 120 minutes.
[AirdropContainerFall] Loot Spawned [11] PeachesCan @ <7461.146973, 326.335938, 7804.218262> ... Lifespan: Set to 120 minutes.
[AirdropContainerFall] Loot Spawned [12] BakedBeansCan @ <7460.570313, 326.265686, 7802.802734> ... Lifespan: Set to 120 minutes.
[AirdropContainerFall] Loot Spawned [13] BoxCerealCrunchin @ <7461.375977, 326.346741, 7803.864746> ... Lifespan: Set to 120 minutes.
[AirdropContainerFall] Loot Spawned [14] VitaminBottle @ <7459.517578, 326.228729, 7805.106934> ... Lifespan: Set to 120 minutes.
[AirdropContainerFall] Loot Spawned [15] SpaghettiCan @ <7459.963379, 326.276581, 7805.857422> ... Lifespan: Set to 120 minutes.
[AirdropContainerFall] Loot Spawned [16] TacticalBaconCan @ <7461.712402, 326.434509, 7807.197754> ... Lifespan: Set to 120 minutes.
[AirdropContainerFall] Loot Spawned [17] VitaminBottle @ <7458.726074, 326.189789, 7806.243652> ... Lifespan: Set to 120 minutes.
[AirdropContainerFall] Loot Spawned [18] ToxicCure @ <7461.587891, 326.444275, 7808.035645> ... Lifespan: Set to 120 minutes.
[AirdropContainerFall] Loot Spawned [19] VitaminBottle @ <7459.758301, 326.270447, 7806.361816> ... Lifespan: Set to 120 minutes.
[AirdropContainerFall] Loot Spawned [20] Marmalade @ <7462.181152, 326.435883, 7805.360840> ... Lifespan: Set to 120 minutes.
[AirdropContainerUnstuck] Container was unstuck.
[~AirdropContainerBase] Container Destroyed on 2021-02-26 @ 09-21-14
