[InitializeContainer] Container created on 2021-04-06 @ 19-36-41
[InitializeContainer] Winds: Vector <6.877129, 0.000000, -5.795997>, Speed 8.9938mps, Strength 0.1
[AirdropContainerFall] Drop Type 'Food/Medical', Container: 'AirdropContainer_Medical', Mode/Quantity/Iems: Random/20/11, Flare:  10%
[AirdropContainerFall] Loot Spawned [1] PeachesCan @ <13464.633789, 4.048634, 3028.310303> ... Lifespan: Set to 120 minutes.
[AirdropContainerFall] Loot Spawned [2] ToxicCure @ <13464.768555, 4.062223, 3028.282471> ... Lifespan: Set to 120 minutes.
[AirdropContainerFall] Loot Spawned [3] ToxicM18SmokeGrenade_Red @ <13467.027344, 4.467289, 3029.360107> ... Lifespan: Set to 120 minutes.
[AirdropContainerFall] Loot Spawned [4] ToxicM18SmokeGrenade_Green @ <13463.239258, 4.026859, 3029.613037> ... Lifespan: Set to 120 minutes.
[AirdropContainerFall] Loot Spawned [5] ToxicM18SmokeGrenade_Purple @ <13464.076172, 4.323633, 3031.371582> ... Lifespan: Set to 120 minutes.
[AirdropContainerFall] Loot Spawned [6] TacticalBaconCan @ <13462.877930, 4.030584, 3030.032959> ... Lifespan: Set to 120 minutes.
[AirdropContainerFall] Loot Spawned [7] SpaghettiCan @ <13464.118164, 3.965778, 3028.023682> ... Lifespan: Set to 120 minutes.
[AirdropContainerFall] Loot Spawned [8] VitaminBottle @ <13466.620117, 4.385865, 3029.093750> ... Lifespan: Set to 120 minutes.
[AirdropContainerFall] Loot Spawned [9] ToxicM18SmokeGrenade_Green @ <13468.251953, 4.570353, 3028.940186> ... Lifespan: Set to 120 minutes.
[AirdropContainerFall] Loot Spawned [10] ToxicM18SmokeGrenade_Green @ <13466.040039, 4.457293, 3030.354492> ... Lifespan: Set to 120 minutes.
[AirdropContainerFall] Loot Spawned [11] TunaCan @ <13464.838867, 4.339766, 3030.645264> ... Lifespan: Set to 120 minutes.
[AirdropContainerFall] Loot Spawned [12] ToxicM18SmokeGrenade_Green @ <13464.863281, 4.093351, 3028.450195> ... Lifespan: Set to 120 minutes.
[AirdropContainerFall] Loot Spawned [13] Canteen @ <13465.491211, 4.022494, 3027.167969> ... Lifespan: Set to 120 minutes.
[AirdropContainerFall] Loot Spawned [14] Canteen @ <13462.825195, 3.845239, 3027.866455> ... Lifespan: Set to 120 minutes.
[AirdropContainerFall] Loot Spawned [15] VitaminBottle @ <13466.369141, 4.493465, 3030.310791> ... Lifespan: Set to 120 minutes.
[AirdropContainerFall] Loot Spawned [16] PeachesCan @ <13462.938477, 4.124372, 3030.832031> ... Lifespan: Set to 120 minutes.
[AirdropContainerFall] Loot Spawned [17] ToxicM18SmokeGrenade_Purple @ <13467.402344, 4.333657, 3027.807861> ... Lifespan: Set to 120 minutes.
[AirdropContainerFall] Loot Spawned [18] TunaCan @ <13463.307617, 3.853013, 3027.435547> ... Lifespan: Set to 120 minutes.
[AirdropContainerFall] Loot Spawned [19] ToxicCure @ <13464.259766, 4.285939, 3030.811279> ... Lifespan: Set to 120 minutes.
[AirdropContainerFall] Loot Spawned [20] Canteen @ <13466.416992, 4.274746, 3028.353027> ... Lifespan: Set to 120 minutes.
[AirdropContainerFall] Airdrop Flare Spawned @ <13467.405273, 4.662343, 3030.684570> ... Lifespan: Set to 120 minutes.
[AirdropContainerUnstuck] Container was unstuck.
[~AirdropContainerBase] Container Destroyed on 2021-04-06 @ 20-36-41
