[InitializeContainer] Container created on 2021-03-29 @ 19-03-12
[InitializeContainer] Winds: Vector <9.736958, 0.000000, -2.919927>, Speed 10.1653mps, Strength 0.1
[AirdropContainerFall] Drop Type 'Military Weapons', Container: 'AirdropContainer', Mode/Quantity/Iems: Random/30/14, Flare:  10%
[AirdropContainerFall] Loot Spawned [1] AKM @ <5765.871582, 320.140411, 7703.873047> ... Lifespan: Set to 120 minutes.
[AirdropContainerFall] Loot Spawned [2] TTC_Beowulf @ <5761.721680, 320.048492, 7701.933594> ... Lifespan: Set to 120 minutes.
[AirdropContainerFall] Loot Spawned [3] Mag_AKM_30Rnd @ <5761.782227, 320.068939, 7703.367676> ... Lifespan: Set to 120 minutes.
[AirdropContainerFall] Loot Spawned [4] TWP_BerettaPX4_mag_17Rnd @ <5765.984375, 320.112000, 7701.639648> ... Lifespan: Set to 120 minutes.
[AirdropContainerFall] Loot Spawned [5] BakedBeansCan @ <5762.959961, 320.094635, 7703.939941> ... Lifespan: Set to 120 minutes.
[AirdropContainerFall] Loot Spawned [6] TTC_AmmoBox_50Beo_20rnd @ <5765.092773, 320.117920, 7703.035156> ... Lifespan: Set to 120 minutes.
[AirdropContainerFall] Loot Spawned [7] TTC_R700 @ <5765.398926, 320.097870, 7701.341309> ... Lifespan: Set to 120 minutes.
[AirdropContainerFall] Loot Spawned [8] AKM @ <5762.364746, 320.052185, 7701.520508> ... Lifespan: Set to 120 minutes.
[AirdropContainerFall] Loot Spawned [9] TTC_Ammo_50Beo @ <5763.742676, 320.069916, 7701.252441> ... Lifespan: Set to 120 minutes.
[AirdropContainerFall] Loot Spawned [10] TTC_50Beo_mag @ <5764.735840, 320.081635, 7700.989746> ... Lifespan: Set to 120 minutes.
[AirdropContainerFall] Loot Spawned [11] TTC_Ammo_50Beo @ <5764.893555, 320.094910, 7701.662598> ... Lifespan: Set to 120 minutes.
[AirdropContainerFall] Loot Spawned [12] TTC_Beowulf @ <5763.716309, 320.076050, 7701.663086> ... Lifespan: Set to 120 minutes.
[AirdropContainerFall] Loot Spawned [13] TWP_BerettaPX4_mag_17Rnd @ <5763.331055, 320.111176, 7704.824219> ... Lifespan: Set to 120 minutes.
[AirdropContainerFall] Loot Spawned [14] TWP_BerettaPX4_mag_17Rnd @ <5765.026855, 320.123596, 7703.595703> ... Lifespan: Set to 120 minutes.
[AirdropContainerFall] Loot Spawned [15] TTC_Beowulf @ <5766.746582, 320.122589, 7701.539551> ... Lifespan: Set to 120 minutes.
[AirdropContainerFall] Loot Spawned [16] TTC_Ammo_50Beo @ <5765.050781, 320.091064, 7701.265625> ... Lifespan: Set to 120 minutes.
[AirdropContainerFall] Loot Spawned [17] TTC_AmmoBox_50Beo_20rnd @ <5763.466797, 320.062897, 7701.088379> ... Lifespan: Set to 120 minutes.
[AirdropContainerFall] Loot Spawned [18] TTC_Ammo_50Beo @ <5765.520020, 320.112823, 7702.156250> ... Lifespan: Set to 120 minutes.
[AirdropContainerFall] Loot Spawned [19] TTC_Ammo_50Beo @ <5762.200684, 320.086426, 7704.266113> ... Lifespan: Set to 120 minutes.
[AirdropContainerFall] Loot Spawned [20] Vodka @ <5761.307129, 320.045502, 7702.161621> ... Lifespan: Set to 120 minutes.
[AirdropContainerFall] Loot Spawned [21] AKM @ <5764.744141, 320.139252, 7705.289063> ... Lifespan: Set to 120 minutes.
[AirdropContainerFall] Loot Spawned [22] TTC_R700 @ <5763.410645, 320.121216, 7705.552734> ... Lifespan: Set to 120 minutes.
[AirdropContainerFall] Loot Spawned [23] TWP_BerettaPX4_mag_17Rnd @ <5762.682129, 320.097412, 7704.541504> ... Lifespan: Set to 120 minutes.
[AirdropContainerFall] Loot Spawned [24] TTC_Beowulf @ <5765.024902, 320.133789, 7704.448242> ... Lifespan: Set to 120 minutes.
[AirdropContainerFall] Loot Spawned [25] TTC_Buttstock3 @ <5765.926758, 320.098450, 7700.852051> ... Lifespan: Set to 120 minutes.
[AirdropContainerFall] Loot Spawned [26] TWP_BerettaPX4_mag_17Rnd @ <5764.182617, 320.079803, 7701.429688> ... Lifespan: Set to 120 minutes.
[AirdropContainerFall] Loot Spawned [27] TWP_BerettaPX4_mag_17Rnd @ <5766.295898, 320.132660, 7702.659180> ... Lifespan: Set to 120 minutes.
[AirdropContainerFall] Loot Spawned [28] BakedBeansCan @ <5762.452637, 320.064697, 7702.215820> ... Lifespan: Set to 120 minutes.
[AirdropContainerFall] Loot Spawned [29] TWP_BerettaPX4_mag_17Rnd @ <5765.503418, 320.133759, 7703.809570> ... Lifespan: Set to 120 minutes.
[AirdropContainerFall] Loot Spawned [30] TTC_Beowulf @ <5762.400879, 320.083527, 7703.759766> ... Lifespan: Set to 120 minutes.
[AirdropContainerUnstuck] Container was unstuck.
[~AirdropContainerBase] Container Destroyed on 2021-03-29 @ 20-03-12
