[AirdropPlane] Aircraft created on 2021-02-25 @ 04-55-31
[InitializeAircraft] Aircraft Initialized: Sosnovka @ 2700/6193 (true)
[EOnBeforeDrop] The Aircraft is 1 Km from Sosnovka. @ <2164.519531, 475.749329, 7593.295898>
[EOnDrop] Zombie Spawned [1] ZmbM_PatrolNormal_Flat @ <2703.440674, 318.347656, 6301.456055> ... Lifespan:  Set to 120 minutes.
[EOnDrop] Zombie Spawned [2] ZmbM_PatrolNormal_Autumn @ <2667.481445, 310.493225, 6259.834473> ... Lifespan:  Set to 120 minutes.
[EOnDrop] Zombie Spawned [3] ZmbM_PatrolNormal_Flat @ <2670.215332, 309.047821, 6246.260254> ... Lifespan:  Set to 120 minutes.
[EOnDrop] Zombie Spawned [4] ZmbM_PatrolNormal_Autumn @ <2692.112549, 309.881073, 6236.408203> ... Lifespan:  Set to 120 minutes.
[EOnDrop] Zombie Spawned [5] ZmbM_PatrolNormal_Summer @ <2675.958984, 308.762482, 6240.032227> ... Lifespan:  Set to 120 minutes.
[EOnDrop] Zombie Spawned [6] ZmbM_PatrolNormal_PautRev @ <2689.011719, 317.993744, 6310.566406> ... Lifespan:  Set to 120 minutes.
[EOnDrop] Zombie Spawned [7] ZmbM_PatrolNormal_Flat @ <2647.972900, 307.871399, 6254.215332> ... Lifespan:  Set to 120 minutes.
[EOnDrop] Zombie Spawned [8] ZmbM_PatrolNormal_PautRev @ <2666.303467, 313.171967, 6285.662598> ... Lifespan:  Set to 120 minutes.
[EOnDrop] Zombie Spawned [9] ZmbM_PatrolNormal_Autumn @ <2683.760986, 309.144104, 6236.923340> ... Lifespan:  Set to 120 minutes.
[EOnDrop] Zombie Spawned [10] ZmbM_PatrolNormal_PautRev @ <2654.936035, 305.618042, 6231.259766> ... Lifespan:  Set to 120 minutes.
[EOnDrop] Zombie Spawned [11] ZmbM_PatrolNormal_Summer @ <2657.489258, 312.408142, 6293.564941> ... Lifespan:  Set to 120 minutes.
[EOnDrop] Zombie Spawned [12] ZmbM_SoldierNormal @ <2675.595459, 314.409546, 6289.237793> ... Lifespan:  Set to 120 minutes.
[EOnDrop] Zombie Spawned [13] ZmbM_PatrolNormal_Autumn @ <2690.500244, 310.832520, 6246.731934> ... Lifespan:  Set to 120 minutes.
[EOnDrop] Zombie Spawned [14] ZmbM_SoldierNormal @ <2659.092041, 311.045990, 6271.881348> ... Lifespan:  Set to 120 minutes.
[EOnDrop] Zombie Spawned [15] ZmbM_SoldierNormal @ <2663.468994, 312.918304, 6286.582520> ... Lifespan:  Set to 120 minutes.
[EOnDrop] Zombie Spawned [16] ZmbM_PatrolNormal_Autumn @ <2648.104004, 310.199890, 6279.047363> ... Lifespan:  Set to 120 minutes.
[EOnDrop] Zombie Spawned [17] ZmbM_SoldierNormal @ <2648.771973, 310.728821, 6291.844727> ... Lifespan:  Set to 120 minutes.
[EOnDrop] Zombie Spawned [18] ZmbM_PatrolNormal_PautRev @ <2655.163330, 313.395050, 6311.610352> ... Lifespan:  Set to 120 minutes.
[EOnDrop] Zombie Spawned [19] ZmbM_PatrolNormal_Flat @ <2662.454590, 312.382904, 6281.764648> ... Lifespan:  Set to 120 minutes.
[EOnDrop] Zombie Spawned [20] ZmbM_PatrolNormal_PautRev @ <2703.675049, 318.270172, 6300.629883> ... Lifespan:  Set to 120 minutes.
[EOnDrop] Zombie Spawned [21] ZmbM_PatrolNormal_Flat @ <2679.219727, 311.328125, 6259.507324> ... Lifespan:  Set to 120 minutes.
[EOnDrop] Zombie Spawned [22] ZmbM_SoldierNormal @ <2703.649414, 312.854614, 6257.686523> ... Lifespan:  Set to 120 minutes.
[EOnDrop] Zombie Spawned [23] ZmbM_PatrolNormal_Flat @ <2684.379150, 309.653625, 6240.901367> ... Lifespan:  Set to 120 minutes.
[EOnDrop] Zombie Spawned [24] ZmbM_PatrolNormal_PautRev @ <2673.709717, 312.677094, 6273.919922> ... Lifespan:  Set to 120 minutes.
[EOnDrop] Zombie Spawned [25] ZmbM_PatrolNormal_Autumn @ <2655.095947, 308.530945, 6252.438965> ... Lifespan:  Set to 120 minutes.
[EOnDrop] Zombie Spawned [26] ZmbM_PatrolNormal_PautRev @ <2695.662842, 314.784882, 6278.829102> ... Lifespan:  Set to 120 minutes.
[EOnDrop] Zombie Spawned [27] ZmbM_PatrolNormal_Summer @ <2622.688232, 304.834442, 6260.121582> ... Lifespan:  Set to 120 minutes.
[EOnDrop] Zombie Spawned [28] ZmbM_PatrolNormal_Flat @ <2702.941650, 316.596832, 6289.630859> ... Lifespan:  Set to 120 minutes.
[EOnDrop] Zombie Spawned [29] ZmbM_SoldierNormal @ <2640.725098, 308.533630, 6271.886230> ... Lifespan:  Set to 120 minutes.
[EOnDrop] Zombie Spawned [30] ZmbM_SoldierNormal @ <2672.359619, 312.440948, 6272.967773> ... Lifespan:  Set to 120 minutes.
[EOnDrop] Zombie Spawned [31] ZmbM_PatrolNormal_Summer @ <2668.255615, 313.949921, 6292.513184> ... Lifespan:  Set to 120 minutes.
[EOnDrop] Zombie Spawned [32] ZmbM_PatrolNormal_Summer @ <2683.789551, 308.479279, 6231.155273> ... Lifespan:  Set to 120 minutes.
[EOnDrop] Zombie Spawned [33] ZmbM_PatrolNormal_Flat @ <2663.780518, 312.483856, 6281.325195> ... Lifespan:  Set to 120 minutes.
[EOnDrop] Zombie Spawned [34] ZmbM_PatrolNormal_Flat @ <2654.764404, 305.941071, 6233.737305> ... Lifespan:  Set to 120 minutes.
[EOnDrop] Zombie Spawned [35] ZmbM_PatrolNormal_Summer @ <2640.807373, 309.134338, 6286.989746> ... Lifespan:  Set to 120 minutes.
[EOnDrop] Zombie Spawned [36] ZmbM_PatrolNormal_Flat @ <2692.459961, 312.283051, 6259.791016> ... Lifespan:  Set to 120 minutes.
[EOnDrop] Zombie Spawned [37] ZmbM_PatrolNormal_Summer @ <2646.186523, 308.703400, 6263.870117> ... Lifespan:  Set to 120 minutes.
[EOnDrop] Zombie Spawned [38] ZmbM_PatrolNormal_Flat @ <2628.223145, 305.943604, 6262.854492> ... Lifespan:  Set to 120 minutes.
[EOnDrop] Zombie Spawned [39] ZmbM_PatrolNormal_Flat @ <2644.191895, 306.054749, 6243.061523> ... Lifespan:  Set to 120 minutes.
[EOnDrop] Zombie Spawned [40] ZmbM_PatrolNormal_Flat @ <2642.378418, 306.545288, 6248.935547> ... Lifespan:  Set to 120 minutes.
[EOnDrop] Drop spawned with 40 infected at <2668.331299, 459.632263, 6276.210938>.
[EOnDrop] Supplies have been dropped near Sosnovka.
[EOnBeforeDelete] Aircraft despawned @ <5452.526855, 152.000610, -1001.230225>
[~AirdropPlane] Aircraft destroyed.
