[InitializeContainer] Container created on 2021-03-25 @ 02-57-51
[InitializeContainer] Winds: Vector <10.714788, 0.000000, 6.591557>, Speed 12.58mps, Strength 0.1
[AirdropContainerFall] Drop Type 'Food/Medical', Container: 'AirdropContainer_Medical', Mode/Quantity/Iems: Random/20/11, Flare:  10%
[AirdropContainerFall] Loot Spawned [1] BoxCerealCrunchin @ <5022.677734, 9.550000, 2430.296143> ... Lifespan: Set to 120 minutes.
[AirdropContainerFall] Loot Spawned [2] Canteen @ <5019.924316, 9.550000, 2429.891602> ... Lifespan: Set to 120 minutes.
[AirdropContainerFall] Loot Spawned [3] BoxCerealCrunchin @ <5020.635254, 9.550000, 2431.291260> ... Lifespan: Set to 120 minutes.
[AirdropContainerFall] Loot Spawned [4] SpaghettiCan @ <5022.886230, 9.550000, 2431.872314> ... Lifespan: Set to 120 minutes.
[AirdropContainerFall] Loot Spawned [5] BakedBeansCan @ <5020.537109, 9.550000, 2430.887939> ... Lifespan: Set to 120 minutes.
[AirdropContainerFall] Loot Spawned [6] VitaminBottle @ <5020.843262, 9.550000, 2428.579102> ... Lifespan: Set to 120 minutes.
[AirdropContainerFall] Loot Spawned [7] TacticalBaconCan @ <5020.943359, 9.550000, 2428.955078> ... Lifespan: Set to 120 minutes.
[AirdropContainerFall] Loot Spawned [8] BakedBeansCan @ <5019.089355, 9.550000, 2429.904785> ... Lifespan: Set to 120 minutes.
[AirdropContainerFall] Loot Spawned [9] TunaCan @ <5021.443359, 9.550000, 2428.848633> ... Lifespan: Set to 120 minutes.
[AirdropContainerFall] Loot Spawned [10] ToxicCure @ <5022.661621, 9.550000, 2428.604980> ... Lifespan: Set to 120 minutes.
[AirdropContainerFall] Loot Spawned [11] ToxicCure @ <5018.939941, 9.550000, 2429.926025> ... Lifespan: Set to 120 minutes.
[AirdropContainerFall] Loot Spawned [12] Marmalade @ <5022.002930, 9.550000, 2431.785400> ... Lifespan: Set to 120 minutes.
[AirdropContainerFall] Loot Spawned [13] ToxicCure @ <5023.338379, 9.550000, 2430.470215> ... Lifespan: Set to 120 minutes.
[AirdropContainerFall] Loot Spawned [14] BoxCerealCrunchin @ <5022.817383, 9.550000, 2432.392822> ... Lifespan: Set to 120 minutes.
[AirdropContainerFall] Loot Spawned [15] BakedBeansCan @ <5021.448242, 9.550000, 2432.730225> ... Lifespan: Set to 120 minutes.
[AirdropContainerFall] Loot Spawned [16] VitaminBottle @ <5023.491699, 9.550000, 2429.530518> ... Lifespan: Set to 120 minutes.
[AirdropContainerFall] Loot Spawned [17] PeachesCan @ <5023.131836, 9.550000, 2430.835205> ... Lifespan: Set to 120 minutes.
[AirdropContainerFall] Loot Spawned [18] SpaghettiCan @ <5019.962402, 9.550000, 2429.608643> ... Lifespan: Set to 120 minutes.
[AirdropContainerFall] Loot Spawned [19] TunaCan @ <5022.884766, 9.550000, 2430.470215> ... Lifespan: Set to 120 minutes.
[AirdropContainerFall] Loot Spawned [20] Canteen @ <5022.557129, 9.550000, 2431.159424> ... Lifespan: Set to 120 minutes.
[AirdropContainerUnstuck] Container was unstuck.
[~AirdropContainerBase] Container Destroyed on 2021-03-25 @ 04-00-25
