[AirdropPlane] Aircraft created on 2021-04-07 @ 21-31-06
[InitializeAircraft] Aircraft Initialized: Player Called @ 8084.38/9307.79 (false)
[EOnBeforeDrop] The Aircraft is 1 Km from called location. @ <9270.070313, 376.678619, 10223.523438>
[EOnDrop] Zombie Spawned [1] ZmbM_SkaterYoung_Brown @ <8126.454102, 458.431152, 9315.858398> ... Lifespan:  Set to 120 minutes.
[EOnDrop] Zombie Spawned [2] ZmbM_PatrolNormal_PautRev @ <8152.472656, 455.241455, 9312.505859> ... Lifespan:  Set to 120 minutes.
[EOnDrop] Zombie Spawned [3] ZmbM_PatrolNormal_PautRev @ <8168.608887, 453.798035, 9333.820313> ... Lifespan:  Set to 120 minutes.
[EOnDrop] Zombie Spawned [4] Animal_CanisLupus_White @ <8133.995605, 450.508118, 9382.333008> ... Lifespan:  Set to 120 minutes.
[EOnDrop] Zombie Spawned [5] ZmbF_MechanicNormal_Grey @ <8147.622559, 454.224579, 9327.203125> ... Lifespan:  Set to 120 minutes.
[EOnDrop] Zombie Spawned [6] Animal_CanisLupus_Grey @ <8115.808105, 453.049042, 9360.264648> ... Lifespan:  Set to 120 minutes.
[EOnDrop] Zombie Spawned [7] ZmbM_PatrolNormal_Flat @ <8158.120605, 451.099182, 9370.223633> ... Lifespan:  Set to 120 minutes.
[EOnDrop] Zombie Spawned [8] Animal_CanisLupus_Grey @ <8195.059570, 447.211121, 9367.775391> ... Lifespan:  Set to 120 minutes.
[EOnDrop] Zombie Spawned [9] ZmbM_PatrolNormal_Autumn @ <8167.963379, 447.708893, 9401.809570> ... Lifespan:  Set to 120 minutes.
[EOnDrop] Zombie Spawned [10] ZmbM_SkaterYoung_Grey @ <8167.932617, 451.348328, 9364.312500> ... Lifespan:  Set to 120 minutes.
[EOnDrop] Zombie Spawned [11] ZmbM_JournalistSkinny @ <8169.087891, 451.327820, 9364.185547> ... Lifespan:  Set to 120 minutes.
[EOnDrop] Zombie Spawned [12] ZmbM_ConstrWorkerNormal_Beige @ <8131.575195, 453.948059, 9343.818359> ... Lifespan:  Set to 120 minutes.
[EOnDrop] Zombie Spawned [13] Animal_CanisLupus_White @ <8145.581055, 452.276642, 9345.856445> ... Lifespan:  Set to 120 minutes.
[EOnDrop] Zombie Spawned [14] ZmbF_VillagerOld_Green @ <8140.728027, 451.735443, 9362.843750> ... Lifespan:  Set to 120 minutes.
[EOnDrop] Zombie Spawned [15] ZmbM_PatrolNormal_Flat @ <8143.791992, 451.772217, 9361.482422> ... Lifespan:  Set to 120 minutes.
[EOnDrop] Zombie Spawned [16] ZmbM_HermitSkinny_Beige @ <8156.269043, 451.065857, 9377.147461> ... Lifespan:  Set to 120 minutes.
[EOnDrop] Zombie Spawned [17] ZmbM_CommercialPilotOld_Grey @ <8148.535156, 451.023529, 9401.189453> ... Lifespan:  Set to 120 minutes.
[EOnDrop] Zombie Spawned [18] ZmbF_VillagerOld_Green @ <8149.824219, 452.115204, 9354.271484> ... Lifespan:  Set to 120 minutes.
[EOnDrop] Zombie Spawned [19] ZmbM_FishermanOld_Green @ <8142.058594, 451.672455, 9365.565430> ... Lifespan:  Set to 120 minutes.
[EOnDrop] Zombie Spawned [20] ZmbM_HikerSkinny_Green @ <8174.405762, 449.329956, 9378.647461> ... Lifespan:  Set to 120 minutes.
[EOnDrop] Zombie Spawned [21] Animal_CanisLupus_Grey @ <8163.741699, 453.034576, 9346.964844> ... Lifespan:  Set to 120 minutes.
[EOnDrop] Zombie Spawned [22] ZmbM_PatrolNormal_Autumn @ <8182.223145, 446.403381, 9390.995117> ... Lifespan:  Set to 120 minutes.
[EOnDrop] Zombie Spawned [23] Animal_CanisLupus_White @ <8164.745605, 452.234497, 9357.961914> ... Lifespan:  Set to 120 minutes.
[EOnDrop] Zombie Spawned [24] Animal_CanisLupus_Grey @ <8145.623535, 453.775909, 9331.472656> ... Lifespan:  Set to 120 minutes.
[EOnDrop] Zombie Spawned [25] ZmbM_FarmerFat_Brown @ <8117.454102, 450.235413, 9392.069336> ... Lifespan:  Set to 120 minutes.
[EOnDrop] Zombie Spawned [26] ZmbF_ShortSkirt_checks @ <8163.266602, 450.850067, 9370.868164> ... Lifespan:  Set to 120 minutes.
[EOnDrop] Zombie Spawned [27] ZmbM_ConstrWorkerNormal_Green @ <8152.507813, 451.724335, 9372.407227> ... Lifespan:  Set to 120 minutes.
[EOnDrop] Zombie Spawned [28] ZmbM_ParamedicNormal_Blue @ <8142.874512, 451.884430, 9354.715820> ... Lifespan:  Set to 120 minutes.
[EOnDrop] Zombie Spawned [29] ZmbF_SkaterYoung_Violet @ <8150.231445, 452.311615, 9348.049805> ... Lifespan:  Set to 120 minutes.
[EOnDrop] Zombie Spawned [30] ZmbM_VillagerOld_Green @ <8123.540039, 450.530640, 9385.737305> ... Lifespan:  Set to 120 minutes.
[EOnDrop] Zombie Spawned [31] ZmbM_PatrolNormal_Summer @ <8126.068359, 456.651550, 9336.423828> ... Lifespan:  Set to 120 minutes.
[EOnDrop] Zombie Spawned [32] Animal_CanisLupus_Grey @ <8174.161133, 449.435638, 9377.261719> ... Lifespan:  Set to 120 minutes.
[EOnDrop] Zombie Spawned [33] ZmbM_ConstrWorkerNormal_Grey @ <8134.423340, 450.604828, 9385.761719> ... Lifespan:  Set to 120 minutes.
[EOnDrop] Zombie Spawned [34] ZmbM_FishermanOld_Grey @ <8151.321289, 452.441956, 9345.585938> ... Lifespan:  Set to 120 minutes.
[EOnDrop] Zombie Spawned [35] Animal_CanisLupus_White @ <8117.040527, 450.354736, 9387.265625> ... Lifespan:  Set to 120 minutes.
[EOnDrop] Zombie Spawned [36] ZmbM_PatrolNormal_Flat @ <8132.056641, 451.758667, 9364.524414> ... Lifespan:  Set to 120 minutes.
[EOnDrop] Spawn failed for zombie [37] 'ZmbM_JacketNormal_greenchecks', does not exist in DayZ!
[EOnDrop] Zombie Spawned [38] ZmbM_OffshoreWorker_Green @ <8159.245605, 452.598724, 9353.746094> ... Lifespan:  Set to 120 minutes.
[EOnDrop] Zombie Spawned [39] ZmbM_HermitSkinny_Beige @ <8190.389648, 448.280243, 9368.095703> ... Lifespan:  Set to 120 minutes.
[EOnDrop] Zombie Spawned [40] ZmbM_SoldierNormal @ <8143.101563, 451.720581, 9363.497070> ... Lifespan:  Set to 120 minutes.
[EOnDrop] Drop spawned with 40 infected at <8150.527344, 566.844299, 9359.528320>.
[EOnDrop] Supplies have been dropped near the player's location.
[EOnBeforeDelete] Aircraft despawned @ <-1000.684509, 243.514526, 2296.692383>
[~AirdropPlane] Aircraft destroyed.
