[InitializeContainer] Container created on 2021-01-22 @ 03-10-56
[InitializeContainer] Winds: Vector <11.348822, 0.000000, 2.490916>, Speed 11.619mps, Strength 0.1
[AirdropContainerFall] Drop Type 'Military Weapons', Container: 'AirdropContainer_Military', Mode/Quantity/Iems: Random/20/18, Flare:  10%
[AirdropContainerFall] Loot Spawned [1] AmmoBox_762x39_20Rnd @ <11377.454102, 124.721199, 8878.844727> ... Lifespan: Set to 120 minutes.
[AirdropContainerFall] Loot Spawned [2] Mag_STANAG_30Rnd @ <11379.079102, 124.339386, 8878.237305> ... Lifespan: Set to 120 minutes.
[AirdropContainerFall] Loot Spawned [3] LandMineTrap @ <11376.632813, 124.607269, 8881.557617> ... Lifespan: Set to 120 minutes.
[AirdropContainerFall] Loot Spawned [4] Mag_AKM_30Rnd @ <11375.617188, 125.145386, 8879.514648> ... Lifespan: Set to 120 minutes.
[AirdropContainerFall] Loot Spawned [5] LandMineTrap @ <11377.835938, 124.665947, 8878.339844> ... Lifespan: Set to 120 minutes.
[AirdropContainerFall] Loot Spawned [6] Mosin_Compensator @ <11379.508789, 124.174385, 8878.771484> ... Lifespan: Set to 120 minutes.
[AirdropContainerFall] Loot Spawned [7] M4A1 @ <11379.881836, 123.873779, 8880.626953> ... Lifespan: Set to 120 minutes.
[AirdropContainerFall] Spawn failed for item [8] 'PlateCarrierComplete', does not exist in DayZ!
[AirdropContainerFall] Loot Spawned [9] AmmoBox_762x54_20Rnd @ <11376.874023, 124.791145, 8879.733398> ... Lifespan: Set to 120 minutes.
[AirdropContainerFall] Loot Spawned [10] Mosin_Compensator @ <11376.961914, 124.742683, 8879.999023> ... Lifespan: Set to 120 minutes.
[AirdropContainerFall] Loot Spawned [11] MilitaryBoots_Redpunk @ <11380.318359, 123.626381, 8881.557617> ... Lifespan: Set to 120 minutes.
[AirdropContainerFall] Loot Spawned [12] Mosin_Compensator @ <11379.346680, 124.081154, 8880.168945> ... Lifespan: Set to 120 minutes.
[AirdropContainerFall] Loot Spawned [13] Mag_AKM_30Rnd @ <11377.595703, 124.859306, 8876.985352> ... Lifespan: Set to 120 minutes.
[AirdropContainerFall] Loot Spawned [14] AmmoBox_762x54_20Rnd @ <11377.166992, 124.745819, 8879.390625> ... Lifespan: Set to 120 minutes.
[AirdropContainerFall] Loot Spawned [15] AmmoBox_762x54_20Rnd @ <11378.235352, 124.576279, 8878.145508> ... Lifespan: Set to 120 minutes.
[AirdropContainerFall] Loot Spawned [16] Mosin_Compensator @ <11377.812500, 124.424187, 8880.656250> ... Lifespan: Set to 120 minutes.
[AirdropContainerFall] Loot Spawned [17] MilitaryBoots_Redpunk @ <11377.475586, 124.888954, 8877.013672> ... Lifespan: Set to 120 minutes.
[AirdropContainerFall] Loot Spawned [18] TacticalBaconCan @ <11375.879883, 125.139801, 8878.836914> ... Lifespan: Set to 120 minutes.
[AirdropContainerFall] Loot Spawned [19] Mosin9130 @ <11377.542969, 124.553619, 8880.247070> ... Lifespan: Set to 120 minutes.
[AirdropContainerFall] Loot Spawned [20] CombatBoots_Grey @ <11378.534180, 124.488823, 8878.215820> ... Lifespan: Set to 120 minutes.
[AirdropContainerUnstuck] Container was unstuck.
[~AirdropContainerBase] Container Destroyed on 2021-01-22 @ 04-10-58
