[AirdropPlane] Aircraft created on 2021-04-17 @ 01-47-47
[InitializeAircraft] Aircraft Initialized: Chernogorks @ 6128/2497 (true)
[EOnBeforeDrop] The Aircraft is 1 Km from Chernogorks. @ <4759.064941, 152.000610, 1884.883789>
[EOnDrop] Zombie Spawned [1] ZmbM_PatientSkinny @ <6027.425781, 41.776222, 2427.421631> ... Lifespan:  Set to 120 minutes.
[EOnDrop] Zombie Spawned [2] ZmbM_SkaterYoung_Green @ <6011.878418, 51.512840, 2476.418457> ... Lifespan:  Set to 120 minutes.
[EOnDrop] Zombie Spawned [3] ZmbM_JoggerSkinny_Green @ <6022.984863, 43.401283, 2435.932861> ... Lifespan:  Set to 120 minutes.
[EOnDrop] Zombie Spawned [4] ZmbF_PatientOld @ <6021.296387, 48.618183, 2470.460693> ... Lifespan:  Set to 120 minutes.
[EOnDrop] Zombie Spawned [5] ZmbF_PatientOld @ <6051.394531, 35.353237, 2425.705322> ... Lifespan:  Set to 120 minutes.
[EOnDrop] Zombie Spawned [6] ZmbM_Jacket_magenta @ <6028.126465, 45.939732, 2452.597900> ... Lifespan:  Set to 120 minutes.
[EOnDrop] Zombie Spawned [7] ZmbM_DoctorFat @ <6068.509766, 37.346874, 2456.531494> ... Lifespan:  Set to 120 minutes.
[EOnDrop] Zombie Spawned [8] ZmbF_ParamedicNormal_Green @ <6059.786621, 38.688988, 2502.127686> ... Lifespan:  Set to 120 minutes.
[EOnDrop] Zombie Spawned [9] ZmbM_JournalistSkinny @ <6036.234375, 42.234081, 2441.741211> ... Lifespan:  Set to 120 minutes.
[EOnDrop] Zombie Spawned [10] ZmbF_CitizenBSkinny @ <6033.032227, 47.700565, 2493.261719> ... Lifespan:  Set to 120 minutes.
[EOnDrop] Zombie Spawned [11] ZmbF_SkaterYoung_Brown @ <6054.599121, 41.115288, 2453.700684> ... Lifespan:  Set to 120 minutes.
[EOnDrop] Zombie Spawned [12] ZmbF_JoggerSkinny_Blue @ <6042.185547, 43.785572, 2448.745361> ... Lifespan:  Set to 120 minutes.
[EOnDrop] Zombie Spawned [13] ZmbF_JournalistNormal_White @ <6047.071289, 41.767670, 2467.333496> ... Lifespan:  Set to 120 minutes.
[EOnDrop] Zombie Spawned [14] ZmbF_CitizenANormal_Blue @ <6046.432129, 43.168373, 2446.282959> ... Lifespan:  Set to 120 minutes.
[EOnDrop] Zombie Spawned [15] ZmbF_ShortSkirt_grey @ <6033.719727, 39.061447, 2423.418457> ... Lifespan:  Set to 120 minutes.
[EOnDrop] Zombie Spawned [16] ZmbF_ShortSkirt_yellow @ <6056.676270, 40.012241, 2460.068115> ... Lifespan:  Set to 120 minutes.
[EOnDrop] Zombie Spawned [17] ZmbF_JournalistNormal_Blue @ <6089.092773, 29.673079, 2488.469727> ... Lifespan:  Set to 120 minutes.
[EOnDrop] Zombie Spawned [18] ZmbF_Clerk_Normal_White @ <6069.731445, 34.838551, 2474.725830> ... Lifespan:  Set to 120 minutes.
[EOnDrop] Zombie Spawned [19] ZmbM_Jacket_beige @ <6041.685547, 37.130859, 2425.373047> ... Lifespan:  Set to 120 minutes.
[EOnDrop] Zombie Spawned [20] ZmbM_PatrolNormal_Summer @ <6096.611816, 28.746387, 2464.604004> ... Lifespan:  Set to 120 minutes.
[EOnDrop] Zombie Spawned [21] ZmbM_CitizenASkinny_Red @ <6051.043945, 40.420818, 2479.874512> ... Lifespan:  Set to 120 minutes.
[EOnDrop] Zombie Spawned [22] ZmbF_CitizenANormal_Blue @ <6059.702148, 37.761528, 2478.583252> ... Lifespan:  Set to 120 minutes.
[EOnDrop] Zombie Spawned [23] ZmbM_Jacket_magenta @ <6071.049316, 34.040848, 2495.958984> ... Lifespan:  Set to 120 minutes.
[EOnDrop] Zombie Spawned [24] ZmbM_PolicemanSpecForce @ <6043.441895, 42.975933, 2482.816162> ... Lifespan:  Set to 120 minutes.
[EOnDrop] Zombie Spawned [25] ZmbF_JournalistNormal_White @ <6067.244629, 37.475311, 2458.288086> ... Lifespan:  Set to 120 minutes.
[EOnDrop] Zombie Spawned [26] ZmbF_JoggerSkinny_Brown @ <6024.465820, 42.798279, 2431.668213> ... Lifespan:  Set to 120 minutes.
[EOnDrop] Zombie Spawned [27] ZmbF_ShortSkirt_black @ <6073.898926, 33.022293, 2482.781738> ... Lifespan:  Set to 120 minutes.
[EOnDrop] Zombie Spawned [28] ZmbF_ShortSkirt_checks @ <6032.166504, 47.845505, 2492.276367> ... Lifespan:  Set to 120 minutes.
[EOnDrop] Zombie Spawned [29] ZmbM_Jacket_brown @ <6074.928223, 34.899380, 2433.286621> ... Lifespan:  Set to 120 minutes.
[EOnDrop] Zombie Spawned [30] ZmbF_ShortSkirt_grey @ <6081.043457, 31.402863, 2486.915039> ... Lifespan:  Set to 120 minutes.
[EOnDrop] Zombie Spawned [31] ZmbM_CitizenASkinny_Brown @ <6058.489746, 38.237083, 2476.366699> ... Lifespan:  Set to 120 minutes.
[EOnDrop] Zombie Spawned [32] ZmbM_DoctorFat @ <6045.641602, 42.245190, 2482.757324> ... Lifespan:  Set to 120 minutes.
[EOnDrop] Zombie Spawned [33] ZmbM_ParamedicNormal_Green @ <6051.103027, 40.427444, 2478.195801> ... Lifespan:  Set to 120 minutes.
[EOnDrop] Zombie Spawned [34] ZmbF_ShortSkirt_grey @ <6063.158203, 38.979534, 2439.853027> ... Lifespan:  Set to 120 minutes.
[EOnDrop] Zombie Spawned [35] ZmbM_ParamedicNormal_Green @ <6070.349609, 35.410843, 2467.249023> ... Lifespan:  Set to 120 minutes.
[EOnDrop] Zombie Spawned [36] ZmbF_JournalistNormal_Red @ <6037.807129, 44.276585, 2471.673096> ... Lifespan:  Set to 120 minutes.
[EOnDrop] Zombie Spawned [37] ZmbF_DoctorSkinny @ <6099.233398, 28.188437, 2464.160889> ... Lifespan:  Set to 120 minutes.
[EOnDrop] Zombie Spawned [38] ZmbM_Jacket_grey @ <6069.744141, 34.265266, 2487.169678> ... Lifespan:  Set to 120 minutes.
[EOnDrop] Zombie Spawned [39] ZmbM_JoggerSkinny_Blue @ <6066.686523, 36.674873, 2465.924316> ... Lifespan:  Set to 120 minutes.
[EOnDrop] Zombie Spawned [40] ZmbF_ShortSkirt_red @ <6079.297852, 34.944187, 2436.482422> ... Lifespan:  Set to 120 minutes.
[EOnDrop] Drop spawned with 40 infected at <6057.091797, 191.314957, 2465.188721>.
[EOnDrop] Supplies have been dropped near Chernogorks.
[EOnBeforeDelete] Aircraft despawned @ <16361.546875, 152.000610, 7073.704590>
[~AirdropPlane] Aircraft destroyed.
