[AirdropPlane] Aircraft created on 2021-02-06 @ 18-04-43
[InitializeAircraft] Aircraft Initialized: Novodmitrovsk @ 11125/14040 (true)
[EOnBeforeDrop] The Aircraft is 1 Km from Novodmitrovsk. @ <10542.516602, 436.292145, 12659.490234>
[EOnDrop] Zombie Spawned [1] ZmbM_SkaterYoung_Blue @ <11104.750977, 136.872986, 13920.075195> ... Lifespan:  Set to 120 minutes.
[EOnDrop] Zombie Spawned [2] ZmbM_PatrolNormal_Autumn @ <11083.500977, 126.221977, 13972.395508> ... Lifespan:  Set to 120 minutes.
[EOnDrop] Zombie Spawned [3] ZmbM_Jacket_bluechecks @ <11086.656250, 123.039986, 13979.134766> ... Lifespan:  Set to 120 minutes.
[EOnDrop] Zombie Spawned [4] ZmbM_ClerkFat_White @ <11077.941406, 141.016846, 13919.942383> ... Lifespan:  Set to 120 minutes.
[EOnDrop] Zombie Spawned [5] ZmbF_DoctorSkinny @ <11086.047852, 121.156517, 13987.542969> ... Lifespan:  Set to 120 minutes.
[EOnDrop] Zombie Spawned [6] ZmbF_CitizenANormal_Beige @ <11102.471680, 123.060585, 13956.478516> ... Lifespan:  Set to 120 minutes.
[EOnDrop] Zombie Spawned [7] ZmbM_Jacket_blue @ <11096.763672, 117.068977, 13978.458984> ... Lifespan:  Set to 120 minutes.
[EOnDrop] Zombie Spawned [8] ZmbF_DoctorSkinny @ <11113.332031, 111.435394, 14001.966797> ... Lifespan:  Set to 120 minutes.
[EOnDrop] Zombie Spawned [9] ZmbM_CommercialPilotOld_Blue @ <11100.894531, 135.263123, 13935.851563> ... Lifespan:  Set to 120 minutes.
[EOnDrop] Zombie Spawned [10] ZmbF_ShortSkirt_green @ <11073.939453, 137.067780, 13945.199219> ... Lifespan:  Set to 120 minutes.
[EOnDrop] Zombie Spawned [11] ZmbM_SkaterYoung_Brown @ <11053.961914, 134.999313, 13977.896484> ... Lifespan:  Set to 120 minutes.
[EOnDrop] Zombie Spawned [12] ZmbM_CommercialPilotOld_Grey @ <11072.837891, 134.092590, 13958.141602> ... Lifespan:  Set to 120 minutes.
[EOnDrop] Zombie Spawned [13] ZmbM_CitizenASkinny_Blue @ <11082.970703, 139.101196, 13926.166016> ... Lifespan:  Set to 120 minutes.
[EOnDrop] Zombie Spawned [14] ZmbF_JournalistNormal_White @ <11106.439453, 118.133125, 13968.994141> ... Lifespan:  Set to 120 minutes.
[EOnDrop] Zombie Spawned [15] ZmbM_CitizenASkinny_Red @ <11104.458984, 130.729980, 13943.811523> ... Lifespan:  Set to 120 minutes.
[EOnDrop] Zombie Spawned [16] ZmbM_PatrolNormal_Summer @ <11072.747070, 137.220306, 13945.594727> ... Lifespan:  Set to 120 minutes.
[EOnDrop] Zombie Spawned [17] ZmbF_JoggerSkinny_Blue @ <11076.309570, 132.035217, 13961.616211> ... Lifespan:  Set to 120 minutes.
[EOnDrop] Zombie Spawned [18] ZmbF_JournalistNormal_Green @ <11101.853516, 116.296638, 13977.653320> ... Lifespan:  Set to 120 minutes.
[EOnDrop] Zombie Spawned [19] ZmbM_Jacket_grey @ <11136.291992, 124.130356, 13946.168945> ... Lifespan:  Set to 120 minutes.
[EOnDrop] Zombie Spawned [20] ZmbM_CitizenASkinny_Blue @ <11069.173828, 138.613815, 13940.833008> ... Lifespan:  Set to 120 minutes.
[EOnDrop] Zombie Spawned [21] ZmbM_PatrolNormal_PautRev @ <11079.401367, 128.369415, 13973.758789> ... Lifespan:  Set to 120 minutes.
[EOnDrop] Spawn failed for zombie [22] 'ZmbM_JacketNormal_greenchecks', it does not exist in DayZ!
[EOnDrop] Zombie Spawned [23] ZmbM_Jacket_magenta @ <11070.026367, 140.189606, 13929.349609> ... Lifespan:  Set to 120 minutes.
[EOnDrop] Zombie Spawned [24] ZmbM_JoggerSkinny_Blue @ <11056.819336, 129.759064, 13997.352539> ... Lifespan:  Set to 120 minutes.
[EOnDrop] Zombie Spawned [25] ZmbF_Clerk_Normal_White @ <11056.970703, 134.072571, 13981.554688> ... Lifespan:  Set to 120 minutes.
[EOnDrop] Zombie Spawned [26] ZmbM_Jacket_black @ <11049.914063, 134.115952, 13981.090820> ... Lifespan:  Set to 120 minutes.
[EOnDrop] Zombie Spawned [27] ZmbM_PrisonerSkinny @ <11083.784180, 117.122726, 14003.272461> ... Lifespan:  Set to 120 minutes.
[EOnDrop] Zombie Spawned [28] ZmbM_CommercialPilotOld_Blue @ <11069.491211, 139.591995, 13935.357422> ... Lifespan:  Set to 120 minutes.
[EOnDrop] Zombie Spawned [29] ZmbM_CitizenBFat_Blue @ <11130.917969, 128.498688, 13939.747070> ... Lifespan:  Set to 120 minutes.
[EOnDrop] Zombie Spawned [30] ZmbM_ParamedicNormal_Blue @ <11122.089844, 128.757156, 13941.228516> ... Lifespan:  Set to 120 minutes.
[EOnDrop] Drop spawned with 30 infected at <11093.048828, 304.092255, 13965.837891>.
[EOnDrop] Supplies have been dropped near Novodmitrovsk.
[EOnBeforeDelete] Aircraft despawned @ <12102.732422, 242.952362, 16361.697266>
[~AirdropPlane] Aircraft destroyed.
