[InitializeContainer] Container created on 2021-03-30 @ 23-09-44
[InitializeContainer] Winds: Vector <10.690141, 0.000000, -0.988786>, Speed 10.7358mps, Strength 0.1
[AirdropContainerFall] Drop Type 'Military Weapons', Container: 'AirdropContainer_Military', Mode/Quantity/Iems: Random/20/18, Flare:  10%
[AirdropContainerFall] Loot Spawned [1] TWP_USPPsychodelic_mag_15Rnd @ <2684.406006, 204.496017, 5316.727539> ... Lifespan: Set to 120 minutes.
[AirdropContainerFall] Loot Spawned [2] Mag_AKM_30Rnd @ <2689.573242, 204.868729, 5317.665527> ... Lifespan: Set to 120 minutes.
[AirdropContainerFall] Loot Spawned [3] TWP_RemingtonMSR_mag_5Rnd @ <2688.125488, 204.721008, 5317.136719> ... Lifespan: Set to 120 minutes.
[AirdropContainerFall] Loot Spawned [4] TWP_RemingtonMSR @ <2685.258545, 204.500000, 5316.854980> ... Lifespan: Set to 120 minutes.
[AirdropContainerFall] Loot Spawned [5] AmmoBox_762x39_20Rnd @ <2687.515137, 204.749939, 5320.310547> ... Lifespan: Set to 120 minutes.
[AirdropContainerFall] Loot Spawned [6] AKM @ <2686.814697, 204.675369, 5319.240723> ... Lifespan: Set to 120 minutes.
[AirdropContainerFall] Loot Spawned [7] TWP_USPPsychodelic @ <2684.998047, 204.543274, 5319.992188> ... Lifespan: Set to 120 minutes.
[AirdropContainerFall] Loot Spawned [8] TWP_USPPsychodelic_mag_15Rnd @ <2686.173584, 204.639313, 5320.119629> ... Lifespan: Set to 120 minutes.
[AirdropContainerFall] Loot Spawned [9] TWP_P90Shallow_Grave @ <2687.709229, 204.757385, 5319.843750> ... Lifespan: Set to 120 minutes.
[AirdropContainerFall] Loot Spawned [10] M4A1 @ <2687.796875, 204.739120, 5318.385742> ... Lifespan: Set to 120 minutes.
[AirdropContainerFall] Loot Spawned [11] TWP_RemingtonMSR @ <2685.731445, 204.547165, 5317.357910> ... Lifespan: Set to 120 minutes.
[AirdropContainerFall] Loot Spawned [12] Mag_STANAG_30Rnd @ <2689.186279, 204.842331, 5317.927246> ... Lifespan: Set to 120 minutes.
[AirdropContainerFall] Loot Spawned [13] Mag_STANAG_30Rnd @ <2687.872803, 204.712997, 5317.289063> ... Lifespan: Set to 120 minutes.
[AirdropContainerFall] Loot Spawned [14] TWP_ArexZero @ <2688.301758, 204.794907, 5319.274414> ... Lifespan: Set to 120 minutes.
[AirdropContainerFall] Loot Spawned [15] TWP_P8_mag_15Rnd @ <2687.399414, 204.722702, 5319.271973> ... Lifespan: Set to 120 minutes.
[AirdropContainerFall] Loot Spawned [16] LandMineTrap @ <2685.641357, 204.585297, 5319.459473> ... Lifespan: Set to 120 minutes.
[AirdropContainerFall] Loot Spawned [17] FNX45 @ <2684.234375, 204.494888, 5317.289063> ... Lifespan: Set to 120 minutes.
[AirdropContainerFall] Spawn failed for item [18] 'WP_ArexZero_mag_18Rnd', does not exist in DayZ!
[AirdropContainerFall] Loot Spawned [19] TWP_USPPsychodelic_mag_15Rnd @ <2685.485352, 204.500000, 5316.563477> ... Lifespan: Set to 120 minutes.
[AirdropContainerFall] Loot Spawned [20] Mag_STANAG_30Rnd @ <2685.885498, 204.527298, 5316.955566> ... Lifespan: Set to 120 minutes.
[AirdropContainerUnstuck] Container was unstuck.
[~AirdropContainerBase] Container Destroyed on 2021-03-31 @ 00-09-44
