[InitializeContainer] Container created on 2021-04-14 @ 01-15-33
[InitializeContainer] Winds: Vector <5.618329, 0.000000, -6.449026>, Speed 8.5531mps, Strength 0.1
[AirdropContainerFall] Drop Type 'Military Weapons', Container: 'AirdropContainer_Military', Mode/Quantity/Iems: Random/20/15, Flare:  10%
[AirdropContainerFall] Loot Spawned [1] TWP_OTSGrosa_mag_30Rnd @ <9317.383789, 22.590349, 2161.512939> ... Lifespan: Set to 120 minutes.
[AirdropContainerFall] Loot Spawned [2] TWP_Stoner63 @ <9318.545898, 22.432730, 2160.467773> ... Lifespan: Set to 120 minutes.
[AirdropContainerFall] Loot Spawned [3] TWP_Stoner63_mag_30Rnd @ <9316.301758, 22.882366, 2163.311523> ... Lifespan: Set to 120 minutes.
[AirdropContainerFall] Loot Spawned [4] TWP_OTSGrosa_mag_30Rnd @ <9318.212891, 23.132299, 2164.493408> ... Lifespan: Set to 120 minutes.
[AirdropContainerFall] Loot Spawned [5] TWP_HKCarabine @ <9319.504883, 23.114405, 2164.265625> ... Lifespan: Set to 120 minutes.
[AirdropContainerFall] Loot Spawned [6] TWP_HKCarabine_mag_30Rnd @ <9319.134766, 22.277166, 2159.496582> ... Lifespan: Set to 120 minutes.
[AirdropContainerFall] Loot Spawned [7] TWP_HKCarabine_mag_30Rnd @ <9317.864258, 22.981115, 2163.671387> ... Lifespan: Set to 120 minutes.
[AirdropContainerFall] Loot Spawned [8] TWP_HKCarabine_mag_30Rnd @ <9316.864258, 22.277943, 2159.800293> ... Lifespan: Set to 120 minutes.
[AirdropContainerFall] Loot Spawned [9] TWP_HKCarabine @ <9319.049805, 23.100420, 2164.226074> ... Lifespan: Set to 120 minutes.
[AirdropContainerFall] Loot Spawned [10] TWP_Stoner63_mag_30Rnd @ <9319.859375, 22.822580, 2162.513672> ... Lifespan: Set to 120 minutes.
[AirdropContainerFall] Loot Spawned [11] TWP_OTSGrosa_mag_30Rnd @ <9320.476563, 22.980925, 2163.385498> ... Lifespan: Set to 120 minutes.
[AirdropContainerFall] Loot Spawned [12] TWP_STG58_mag_20Rnd @ <9318.248047, 23.206999, 2164.931152> ... Lifespan: Set to 120 minutes.
[AirdropContainerFall] Loot Spawned [13] TWP_STG58 @ <9320.210938, 22.518959, 2160.743408> ... Lifespan: Set to 120 minutes.
[AirdropContainerFall] Loot Spawned [14] TWP_OTSGrosa_mag_30Rnd @ <9318.654297, 23.194084, 2164.816406> ... Lifespan: Set to 120 minutes.
[AirdropContainerFall] Loot Spawned [15] TWP_HKCarabine @ <9318.769531, 23.116013, 2164.344482> ... Lifespan: Set to 120 minutes.
[AirdropContainerFall] Loot Spawned [16] TWP_STG58 @ <9316.577148, 22.336449, 2160.174316> ... Lifespan: Set to 120 minutes.
[AirdropContainerFall] Loot Spawned [17] TWP_STG58_mag_20Rnd @ <9318.370117, 23.223265, 2165.015625> ... Lifespan: Set to 120 minutes.
[AirdropContainerFall] Loot Spawned [18] M67Grenade @ <9316.217773, 22.743193, 2162.531494> ... Lifespan: Set to 120 minutes.
[AirdropContainerFall] Loot Spawned [19] TWP_STG58_mag_20Rnd @ <9318.176758, 22.499878, 2160.896973> ... Lifespan: Set to 120 minutes.
[AirdropContainerFall] Loot Spawned [20] M67Grenade @ <9316.791016, 22.511181, 2161.139404> ... Lifespan: Set to 120 minutes.
[AirdropContainerUnstuck] Container was unstuck.
[~AirdropContainerBase] Container Destroyed on 2021-04-14 @ 02-15-32
