[InitializeContainer] Container created on 2021-03-01 @ 05-55-52
[InitializeContainer] Winds: Vector <8.616316, 0.000000, -4.361899>, Speed 9.65749mps, Strength 0.1
[AirdropContainerFall] Drop Type 'Food/Medical', Container: 'AirdropContainer_Medical', Mode/Quantity/Iems: Random/20/11, Flare:  10%
[AirdropContainerFall] Loot Spawned [1] TunaCan @ <7416.088867, 310.865356, 7645.141113> ... Lifespan: Set to 120 minutes.
[AirdropContainerFall] Loot Spawned [2] TacticalBaconCan @ <7418.731445, 311.443451, 7648.046875> ... Lifespan: Set to 120 minutes.
[AirdropContainerFall] Loot Spawned [3] ToxicCure @ <7418.288086, 311.427124, 7648.623047> ... Lifespan: Set to 120 minutes.
[AirdropContainerFall] Loot Spawned [4] PeachesCan @ <7415.492188, 310.929169, 7646.423340> ... Lifespan: Set to 120 minutes.
[AirdropContainerFall] Loot Spawned [5] SpaghettiCan @ <7414.735352, 310.935608, 7647.229492> ... Lifespan: Set to 120 minutes.
[AirdropContainerFall] Loot Spawned [6] BakedBeansCan @ <7419.938477, 311.644897, 7648.181641> ... Lifespan: Set to 120 minutes.
[AirdropContainerFall] Loot Spawned [7] SpaghettiCan @ <7417.217285, 311.322418, 7649.086914> ... Lifespan: Set to 120 minutes.
[AirdropContainerFall] Loot Spawned [8] SpaghettiCan @ <7416.236328, 310.917480, 7645.572754> ... Lifespan: Set to 120 minutes.
[AirdropContainerFall] Loot Spawned [9] BoxCerealCrunchin @ <7418.831055, 311.202148, 7645.214844> ... Lifespan: Set to 120 minutes.
[AirdropContainerFall] Loot Spawned [10] SpaghettiCan @ <7416.178223, 311.308044, 7649.937012> ... Lifespan: Set to 120 minutes.
[AirdropContainerFall] Loot Spawned [11] PeachesCan @ <7418.619629, 311.265869, 7646.278320> ... Lifespan: Set to 120 minutes.
[AirdropContainerFall] Loot Spawned [12] Canteen @ <7415.565430, 311.279114, 7650.124512> ... Lifespan: Set to 120 minutes.
[AirdropContainerFall] Loot Spawned [13] ToxicCure @ <7419.831543, 311.465332, 7646.411621> ... Lifespan: Set to 120 minutes.
[AirdropContainerFall] Loot Spawned [14] Marmalade @ <7418.971191, 311.418427, 7647.361328> ... Lifespan: Set to 120 minutes.
[AirdropContainerFall] Loot Spawned [15] VitaminBottle @ <7418.891113, 311.440796, 7647.744629> ... Lifespan: Set to 120 minutes.
[AirdropContainerFall] Loot Spawned [16] BoxCerealCrunchin @ <7416.757324, 311.035492, 7646.368652> ... Lifespan: Set to 120 minutes.
[AirdropContainerFall] Loot Spawned [17] BoxCerealCrunchin @ <7416.123535, 311.031616, 7646.940918> ... Lifespan: Set to 120 minutes.
[AirdropContainerFall] Loot Spawned [18] Marmalade @ <7417.234863, 310.931702, 7644.760254> ... Lifespan: Set to 120 minutes.
[AirdropContainerFall] Loot Spawned [19] ToxicCure @ <7417.945313, 311.154968, 7646.205566> ... Lifespan: Set to 120 minutes.
[AirdropContainerFall] Loot Spawned [20] ToxicCure @ <7415.254883, 310.950500, 7646.889648> ... Lifespan: Set to 120 minutes.
[AirdropContainerUnstuck] Container was unstuck.
[~AirdropContainerBase] Container Destroyed on 2021-03-01 @ 06-54-28
