[AirdropPlane] Aircraft created on 2021-03-30 @ 11-02-32
[InitializeAircraft] Aircraft Initialized: Skalisty Island @ 13452/3112 (true)
[EOnBeforeDrop] The Aircraft is 1 Km from Skalisty Island. @ <13603.274414, 152.968140, 4602.622070>
[EOnDrop] Zombie Spawned [1] ZmbF_HikerSkinny_Blue @ <13464.105469, 68.357956, 3236.460449> ... Lifespan:  Set to 120 minutes.
[EOnDrop] Zombie Spawned [2] ZmbM_HunterOld_Winter @ <13448.418945, 36.412785, 3193.731445> ... Lifespan:  Set to 120 minutes.
[EOnDrop] Zombie Spawned [3] ZmbF_VillagerOld_White @ <13429.889648, 34.820007, 3182.506592> ... Lifespan:  Set to 120 minutes.
[EOnDrop] Zombie Spawned [4] ZmbF_VillagerOld_Red @ <13466.190430, 50.449402, 3220.519775> ... Lifespan:  Set to 120 minutes.
[EOnDrop] Zombie Spawned [5] ZmbM_HermitSkinny_Red @ <13489.358398, 54.800812, 3232.657471> ... Lifespan:  Set to 120 minutes.
[EOnDrop] Zombie Spawned [6] ZmbM_VillagerOld_White @ <13500.691406, 36.555740, 3182.416748> ... Lifespan:  Set to 120 minutes.
[EOnDrop] Zombie Spawned [7] ZmbF_MilkMaidOld_Beige @ <13436.280273, 42.395966, 3201.693604> ... Lifespan:  Set to 120 minutes.
[EOnDrop] Zombie Spawned [8] ZmbM_MotobikerFat_Beige @ <13479.266602, 38.376568, 3208.775879> ... Lifespan:  Set to 120 minutes.
[EOnDrop] Zombie Spawned [9] ZmbF_HikerSkinny_Grey @ <13446.918945, 38.766903, 3198.317627> ... Lifespan:  Set to 120 minutes.
[EOnDrop] Zombie Spawned [10] ZmbF_HikerSkinny_Green @ <13454.457031, 51.260414, 3219.620850> ... Lifespan:  Set to 120 minutes.
[EOnDrop] Zombie Spawned [11] ZmbM_HermitSkinny_Beige @ <13471.910156, 32.015785, 3180.662109> ... Lifespan:  Set to 120 minutes.
[EOnDrop] Zombie Spawned [12] ZmbM_MotobikerFat_Beige @ <13447.269531, 53.565159, 3217.552734> ... Lifespan:  Set to 120 minutes.
[EOnDrop] Zombie Spawned [13] ZmbF_VillagerOld_Blue @ <13476.480469, 74.726723, 3248.597900> ... Lifespan:  Set to 120 minutes.
[EOnDrop] Spawn failed for zombie [14] 'ZmbM_SurvivorDean_Blue', it does not exist in DayZ!
[EOnDrop] Zombie Spawned [15] ZmbM_HunterOld_Summer @ <13454.468750, 72.891609, 3239.374512> ... Lifespan:  Set to 120 minutes.
[EOnDrop] Zombie Spawned [16] ZmbM_MotobikerFat_Black @ <13478.067383, 38.791199, 3210.063232> ... Lifespan:  Set to 120 minutes.
[EOnDrop] Zombie Spawned [17] ZmbM_FarmerFat_Brown @ <13433.814453, 43.016350, 3201.948486> ... Lifespan:  Set to 120 minutes.
[EOnDrop] Zombie Spawned [18] ZmbM_HunterOld_Summer @ <13484.497070, 45.671532, 3221.270752> ... Lifespan:  Set to 120 minutes.
[EOnDrop] Zombie Spawned [19] ZmbF_MilkMaidOld_Beige @ <13430.458984, 70.300331, 3234.639160> ... Lifespan:  Set to 120 minutes.
[EOnDrop] Zombie Spawned [20] ZmbM_HermitSkinny_Black @ <13453.379883, 62.211212, 3227.525635> ... Lifespan:  Set to 120 minutes.
[EOnDrop] Zombie Spawned [21] ZmbF_MilkMaidOld_Grey @ <13488.263672, 37.455730, 3202.564453> ... Lifespan:  Set to 120 minutes.
[EOnDrop] Zombie Spawned [22] ZmbF_SurvivorNormal_Red @ <13423.047852, 70.204025, 3234.432373> ... Lifespan:  Set to 120 minutes.
[EOnDrop] Zombie Spawned [23] ZmbF_SurvivorNormal_Orange @ <13448.371094, 53.286083, 3217.953369> ... Lifespan:  Set to 120 minutes.
[EOnDrop] Zombie Spawned [24] ZmbF_HikerSkinny_Red @ <13465.306641, 35.964573, 3200.705078> ... Lifespan:  Set to 120 minutes.
[EOnDrop] Zombie Spawned [25] ZmbM_HunterOld_Autumn @ <13441.072266, 32.583176, 3174.832764> ... Lifespan:  Set to 120 minutes.
[EOnDrop] Zombie Spawned [26] ZmbM_MotobikerFat_Beige @ <13464.128906, 29.423243, 3160.303467> ... Lifespan:  Set to 120 minutes.
[EOnDrop] Zombie Spawned [27] ZmbM_HermitSkinny_Green @ <13423.696289, 40.150734, 3190.003906> ... Lifespan:  Set to 120 minutes.
[EOnDrop] Zombie Spawned [28] ZmbM_priestPopSkinny @ <13477.174805, 46.848988, 3220.692139> ... Lifespan:  Set to 120 minutes.
[EOnDrop] Zombie Spawned [29] ZmbM_MotobikerFat_Beige @ <13470.694336, 33.611794, 3197.861816> ... Lifespan:  Set to 120 minutes.
[EOnDrop] Zombie Spawned [30] ZmbM_priestPopSkinny @ <13447.020508, 33.904133, 3189.540771> ... Lifespan:  Set to 120 minutes.
[EOnDrop] Zombie Spawned [31] ZmbF_HikerSkinny_Green @ <13430.898438, 53.954891, 3214.753174> ... Lifespan:  Set to 120 minutes.
[EOnDrop] Zombie Spawned [32] ZmbF_SurvivorNormal_Blue @ <13416.126953, 50.494385, 3206.762207> ... Lifespan:  Set to 120 minutes.
[EOnDrop] Zombie Spawned [33] ZmbF_SurvivorNormal_Orange @ <13483.143555, 33.733986, 3180.326904> ... Lifespan:  Set to 120 minutes.
[EOnDrop] Zombie Spawned [34] ZmbF_SurvivorNormal_White @ <13442.433594, 68.846283, 3233.242920> ... Lifespan:  Set to 120 minutes.
[EOnDrop] Spawn failed for zombie [35] 'ZmbM_SurvivorDean_Black', it does not exist in DayZ!
[EOnDrop] Drop spawned with 35 infected at <13460.059570, 197.667526, 3209.354980>.
[EOnDrop] Supplies have been dropped near Skalisty Island.
[EOnBeforeDelete] Aircraft despawned @ <13027.258789, 152.000610, -1001.156616>
[~AirdropPlane] Aircraft destroyed.
