[AirdropPlane] Aircraft created on 2021-02-18 @ 03-04-03
[InitializeAircraft] Aircraft Initialized: Skalisty Island @ 13452/3112 (true)
[EOnBeforeDrop] The Aircraft is 1 Km from Skalisty Island. @ <12302.646484, 152.000610, 2150.170410>
[EOnDrop] Zombie Spawned [1] ZmbF_SurvivorNormal_Red @ <13401.720703, 7.115339, 3064.377930> ... Lifespan:  Set to 120 minutes.
[EOnDrop] Zombie Spawned [2] ZmbM_MotobikerFat_Blue @ <13368.304688, 3.366943, 3039.011963> ... Lifespan:  Set to 120 minutes.
[EOnDrop] Zombie Spawned [3] ZmbM_VillagerOld_Blue @ <13356.430664, 5.856339, 3054.565674> ... Lifespan:  Set to 120 minutes.
[EOnDrop] Zombie Spawned [4] ZmbF_MilkMaidOld_Beige @ <13368.037109, 14.124766, 3072.120605> ... Lifespan:  Set to 120 minutes.
[EOnDrop] Zombie Spawned [5] ZmbF_HikerSkinny_Green @ <13376.362305, 3.310292, 3044.165771> ... Lifespan:  Set to 120 minutes.
[EOnDrop] Zombie Spawned [6] ZmbF_VillagerOld_Red @ <13397.024414, 4.244646, 3057.760986> ... Lifespan:  Set to 120 minutes.
[EOnDrop] Zombie Spawned [7] ZmbM_HunterOld_Summer @ <13390.990234, 7.583774, 3064.484619> ... Lifespan:  Set to 120 minutes.
[EOnDrop] Zombie Spawned [8] ZmbM_FarmerFat_Brown @ <13396.364258, 4.379600, 3058.432617> ... Lifespan:  Set to 120 minutes.
[EOnDrop] Zombie Spawned [9] ZmbM_HikerSkinny_Yellow @ <13338.839844, 17.375736, 3074.437500> ... Lifespan:  Set to 120 minutes.
[EOnDrop] Zombie Spawned [10] ZmbM_HikerSkinny_Yellow @ <13405.818359, 13.741621, 3086.893066> ... Lifespan:  Set to 120 minutes.
[EOnDrop] Zombie Spawned [11] ZmbM_FarmerFat_Green @ <13373.595703, 16.180656, 3079.390137> ... Lifespan:  Set to 120 minutes.
[EOnDrop] Zombie Spawned [12] ZmbF_MilkMaidOld_Black @ <13376.839844, 3.300017, 3043.203369> ... Lifespan:  Set to 120 minutes.
[EOnDrop] Zombie Spawned [13] ZmbM_HikerSkinny_Blue @ <13411.610352, 3.007214, 3048.312744> ... Lifespan:  Set to 120 minutes.
[EOnDrop] Zombie Spawned [14] ZmbF_MilkMaidOld_Black @ <13386.333008, 16.547575, 3086.069580> ... Lifespan:  Set to 120 minutes.
[EOnDrop] Zombie Spawned [15] ZmbM_MotobikerFat_Black @ <13363.540039, 3.426534, 3041.760254> ... Lifespan:  Set to 120 minutes.
[EOnDrop] Spawn failed for zombie [16] 'ZmbM_SurvivorDean_Grey', it does not exist in DayZ!
[EOnDrop] Spawn failed for zombie [17] 'ZmbM_SurvivorDean_Black', it does not exist in DayZ!
[EOnDrop] Zombie Spawned [18] ZmbF_VillagerOld_Blue @ <13391.495117, 16.116402, 3087.294922> ... Lifespan:  Set to 120 minutes.
[EOnDrop] Zombie Spawned [19] ZmbF_VillagerOld_White @ <13412.624023, -1.273005, 3024.275879> ... Lifespan:  Set to 120 minutes.
[EOnDrop] Zombie Spawned [20] ZmbF_SurvivorNormal_Orange @ <13397.290039, 18.416117, 3097.453369> ... Lifespan:  Set to 120 minutes.
[EOnDrop] Spawn failed for zombie [21] 'ZmbM_SurvivorDean_Grey', it does not exist in DayZ!
[EOnDrop] Zombie Spawned [22] ZmbM_MotobikerFat_Beige @ <13382.292969, 1.046341, 3021.835938> ... Lifespan:  Set to 120 minutes.
[EOnDrop] Zombie Spawned [23] ZmbF_SurvivorNormal_White @ <13409.264648, 7.834485, 3067.579590> ... Lifespan:  Set to 120 minutes.
[EOnDrop] Zombie Spawned [24] ZmbM_HikerSkinny_Green @ <13388.852539, 3.382766, 3048.275635> ... Lifespan:  Set to 120 minutes.
[EOnDrop] Zombie Spawned [25] ZmbM_VillagerOld_Blue @ <13401.615234, 14.564963, 3087.674316> ... Lifespan:  Set to 120 minutes.
[EOnDrop] Zombie Spawned [26] ZmbM_HikerSkinny_Yellow @ <13385.221680, 10.686410, 3069.375732> ... Lifespan:  Set to 120 minutes.
[EOnDrop] Zombie Spawned [27] ZmbM_HunterOld_Spring @ <13369.420898, 3.301072, 3036.354248> ... Lifespan:  Set to 120 minutes.
[EOnDrop] Zombie Spawned [28] ZmbF_VillagerOld_White @ <13339.307617, 18.118189, 3076.270996> ... Lifespan:  Set to 120 minutes.
[EOnDrop] Zombie Spawned [29] ZmbM_VillagerOld_Blue @ <13375.192383, 1.721543, 3023.512451> ... Lifespan:  Set to 120 minutes.
[EOnDrop] Zombie Spawned [30] ZmbF_HikerSkinny_Blue @ <13379.877930, 6.225903, 3060.630615> ... Lifespan:  Set to 120 minutes.
[EOnDrop] Zombie Spawned [31] ZmbF_MilkMaidOld_Grey @ <13371.977539, 3.733294, 3052.507080> ... Lifespan:  Set to 120 minutes.
[EOnDrop] Zombie Spawned [32] ZmbM_MotobikerFat_Blue @ <13358.153320, 3.477170, 3042.494141> ... Lifespan:  Set to 120 minutes.
[EOnDrop] Spawn failed for zombie [33] 'ZmbM_SurvivorDean_Blue', it does not exist in DayZ!
[EOnDrop] Spawn failed for zombie [34] 'ZmbM_SurvivorDean_Black', it does not exist in DayZ!
[EOnDrop] Zombie Spawned [35] ZmbM_VillagerOld_Green @ <13414.816406, -3.838689, 3017.525635> ... Lifespan:  Set to 120 minutes.
[EOnDrop] Drop spawned with 35 infected at <13384.919922, 142.752075, 3056.949707>.
[EOnDrop] Supplies have been dropped near Skalisty Island.
[EOnBeforeDelete] Aircraft despawned @ <16361.171875, 152.000610, 5550.592773>
[~AirdropPlane] Aircraft destroyed.
