[AirdropPlane] Aircraft created on 2021-02-11 @ 23-13-15
[InitializeAircraft] Aircraft Initialized: Novodmitrovsk @ 11125/14040 (true)
[EOnBeforeDrop] The Aircraft is 1 Km from Novodmitrovsk. @ <12440.698242, 259.271729, 14759.489258>
[EOnDrop] Zombie Spawned [1] ZmbF_SkaterYoung_Violet @ <11210.441406, 85.003067, 14078.694336> ... Lifespan:  Set to 120 minutes.
[EOnDrop] Zombie Spawned [2] ZmbF_JoggerSkinny_Green @ <11237.384766, 79.986923, 14106.859375> ... Lifespan:  Set to 120 minutes.
[EOnDrop] Zombie Spawned [3] ZmbM_CommercialPilotOld_Olive @ <11220.468750, 91.593185, 14039.416016> ... Lifespan:  Set to 120 minutes.
[EOnDrop] Zombie Spawned [4] ZmbF_SkaterYoung_Violet @ <11161.362305, 79.515396, 14094.289063> ... Lifespan:  Set to 120 minutes.
[EOnDrop] Zombie Spawned [5] ZmbM_ParamedicNormal_Green @ <11196.867188, 78.690895, 14114.036133> ... Lifespan:  Set to 120 minutes.
[EOnDrop] Zombie Spawned [6] ZmbF_DoctorSkinny @ <11202.636719, 89.441048, 14051.550781> ... Lifespan:  Set to 120 minutes.
[EOnDrop] Zombie Spawned [7] ZmbM_CommercialPilotOld_Grey @ <11237.651367, 80.332153, 14104.807617> ... Lifespan:  Set to 120 minutes.
[EOnDrop] Zombie Spawned [8] ZmbM_PrisonerSkinny @ <11199.752930, 84.159645, 14082.160156> ... Lifespan:  Set to 120 minutes.
[EOnDrop] Zombie Spawned [9] ZmbF_ShortSkirt_green @ <11249.607422, 82.135948, 14092.194336> ... Lifespan:  Set to 120 minutes.
[EOnDrop] Zombie Spawned [10] ZmbF_Clerk_Normal_Blue @ <11181.026367, 88.525635, 14052.956055> ... Lifespan:  Set to 120 minutes.
[EOnDrop] Zombie Spawned [11] ZmbM_ClerkFat_Brown @ <11191.954102, 80.570076, 14102.923828> ... Lifespan:  Set to 120 minutes.
[EOnDrop] Zombie Spawned [12] ZmbM_PrisonerSkinny @ <11214.792969, 83.951965, 14085.758789> ... Lifespan:  Set to 120 minutes.
[EOnDrop] Zombie Spawned [13] ZmbM_Jacket_greenchecks @ <11215.865234, 82.569832, 14095.143555> ... Lifespan:  Set to 120 minutes.
[EOnDrop] Zombie Spawned [14] ZmbM_Jacket_greenchecks @ <11210.154297, 85.711990, 14074.457031> ... Lifespan:  Set to 120 minutes.
[EOnDrop] Zombie Spawned [15] ZmbM_JoggerSkinny_Green @ <11212.251953, 84.550247, 14081.779297> ... Lifespan:  Set to 120 minutes.
[EOnDrop] Zombie Spawned [16] ZmbF_ShortSkirt_brown @ <11165.902344, 76.259521, 14112.956055> ... Lifespan:  Set to 120 minutes.
[EOnDrop] Zombie Spawned [17] ZmbF_ShortSkirt_checks @ <11195.668945, 84.677292, 14077.652344> ... Lifespan:  Set to 120 minutes.
[EOnDrop] Zombie Spawned [18] ZmbF_CitizenANormal_Blue @ <11195.746094, 87.735832, 14059.743164> ... Lifespan:  Set to 120 minutes.
[EOnDrop] Zombie Spawned [19] ZmbF_JoggerSkinny_Blue @ <11183.155273, 93.207314, 14039.838867> ... Lifespan:  Set to 120 minutes.
[EOnDrop] Zombie Spawned [20] ZmbM_SkaterYoung_Brown @ <11187.333984, 86.136574, 14066.600586> ... Lifespan:  Set to 120 minutes.
[EOnDrop] Zombie Spawned [21] ZmbM_Jacket_stripes @ <11220.895508, 85.743515, 14074.899414> ... Lifespan:  Set to 120 minutes.
[EOnDrop] Zombie Spawned [22] ZmbM_ParamedicNormal_Black @ <11177.153320, 84.942406, 14069.679688> ... Lifespan:  Set to 120 minutes.
[EOnDrop] Zombie Spawned [23] ZmbF_ShortSkirt_red @ <11247.171875, 82.495850, 14090.909180> ... Lifespan:  Set to 120 minutes.
[EOnDrop] Zombie Spawned [24] ZmbM_ClerkFat_White @ <11223.291016, 83.517792, 14088.920898> ... Lifespan:  Set to 120 minutes.
[EOnDrop] Zombie Spawned [25] ZmbM_CitizenASkinny_Blue @ <11242.720703, 86.893158, 14065.690430> ... Lifespan:  Set to 120 minutes.
[EOnDrop] Zombie Spawned [26] ZmbM_CitizenASkinny_Brown @ <11179.392578, 81.812843, 14090.541016> ... Lifespan:  Set to 120 minutes.
[EOnDrop] Zombie Spawned [27] ZmbM_SkaterYoung_Blue @ <11230.448242, 78.984238, 14113.293945> ... Lifespan:  Set to 120 minutes.
[EOnDrop] Zombie Spawned [28] ZmbF_CitizenBSkinny @ <11242.765625, 85.612228, 14073.537109> ... Lifespan:  Set to 120 minutes.
[EOnDrop] Zombie Spawned [29] ZmbF_ShortSkirt_brown @ <11212.059570, 81.395905, 14101.839844> ... Lifespan:  Set to 120 minutes.
[EOnDrop] Zombie Spawned [30] ZmbF_ShortSkirt_stripes @ <11181.657227, 84.390091, 14074.859375> ... Lifespan:  Set to 120 minutes.
[EOnDrop] Drop spawned with 30 infected at <11205.258789, 206.288055, 14082.956055>.
[EOnDrop] Supplies have been dropped near Novodmitrovsk.
[EOnBeforeDelete] Aircraft despawned @ <-1001.368042, 429.123962, 7398.670410>
[~AirdropPlane] Aircraft destroyed.
