[AirdropPlane] Aircraft created on 2021-02-12 @ 20-44-58
[InitializeAircraft] Aircraft Initialized: Stary Sobor @ 5823/7764 (true)
[EOnBeforeDrop] The Aircraft is 1 Km from Stary Sobor. @ <6508.980469, 505.028412, 6431.059082>
[EOnDrop] Zombie Spawned [1] ZmbM_HermitSkinny_Black @ <5879.626465, 316.895416, 7670.778320> ... Lifespan:  Set to 120 minutes.
[EOnDrop] Zombie Spawned [2] ZmbF_MilkMaidOld_Green @ <5913.565918, 314.863281, 7685.566406> ... Lifespan:  Set to 120 minutes.
[EOnDrop] Zombie Spawned [3] ZmbM_MotobikerFat_Black @ <5857.255859, 317.196289, 7717.693359> ... Lifespan:  Set to 120 minutes.
[EOnDrop] Spawn failed for zombie [4] 'ZmbM_SurvivorDean_Grey', it does not exist in DayZ!
[EOnDrop] Zombie Spawned [5] ZmbF_HikerSkinny_Green @ <5875.341797, 316.787262, 7679.403320> ... Lifespan:  Set to 120 minutes.
[EOnDrop] Zombie Spawned [6] ZmbM_HermitSkinny_Green @ <5868.222656, 317.866425, 7630.422852> ... Lifespan:  Set to 120 minutes.
[EOnDrop] Zombie Spawned [7] ZmbM_VillagerOld_White @ <5862.625000, 317.108185, 7681.516602> ... Lifespan:  Set to 120 minutes.
[EOnDrop] Zombie Spawned [8] ZmbM_HunterOld_Summer @ <5909.490723, 317.369476, 7651.519531> ... Lifespan:  Set to 120 minutes.
[EOnDrop] Zombie Spawned [9] ZmbF_VillagerOld_White @ <5851.271484, 317.587616, 7659.767578> ... Lifespan:  Set to 120 minutes.
[EOnDrop] Spawn failed for zombie [10] 'ZmbM_SurvivorDean_Blue', it does not exist in DayZ!
[EOnDrop] Zombie Spawned [11] ZmbM_MotobikerFat_Black @ <5891.195313, 316.998260, 7669.860352> ... Lifespan:  Set to 120 minutes.
[EOnDrop] Zombie Spawned [12] ZmbF_VillagerOld_White @ <5857.094727, 317.339752, 7672.554199> ... Lifespan:  Set to 120 minutes.
[EOnDrop] Zombie Spawned [13] ZmbM_HunterOld_Winter @ <5915.667969, 316.572784, 7664.477539> ... Lifespan:  Set to 120 minutes.
[EOnDrop] Spawn failed for zombie [14] 'ZmbM_SurvivorDean_Blue', it does not exist in DayZ!
[EOnDrop] Zombie Spawned [15] ZmbM_HermitSkinny_Black @ <5871.140137, 315.889771, 7716.900391> ... Lifespan:  Set to 120 minutes.
[EOnDrop] Zombie Spawned [16] ZmbF_SurvivorNormal_Red @ <5841.971191, 318.288635, 7692.782715> ... Lifespan:  Set to 120 minutes.
[EOnDrop] Zombie Spawned [17] ZmbM_FarmerFat_Beige @ <5877.836426, 317.074158, 7662.994629> ... Lifespan:  Set to 120 minutes.
[EOnDrop] Zombie Spawned [18] ZmbM_HikerSkinny_Green @ <5885.945801, 316.376404, 7683.329590> ... Lifespan:  Set to 120 minutes.
[EOnDrop] Zombie Spawned [19] ZmbM_MotobikerFat_Beige @ <5901.543945, 316.807587, 7668.992676> ... Lifespan:  Set to 120 minutes.
[EOnDrop] Zombie Spawned [20] ZmbM_MotobikerFat_Blue @ <5868.279297, 316.656586, 7703.500488> ... Lifespan:  Set to 120 minutes.
[EOnDrop] Drop spawned with 20 infected at <5868.767578, 453.686096, 7676.744629>.
[EOnDrop] Supplies have been dropped near Stary Sobor.
[EOnBeforeDelete] Aircraft despawned @ <1405.140015, 545.614624, 16360.510742>
[~AirdropPlane] Aircraft destroyed.
