[InitializeContainer] Container created on 2021-02-15 @ 14-46-27
[InitializeContainer] Winds: Vector <8.818666, 0.000000, -4.140718>, Speed 9.7424mps, Strength 0.1
[AirdropContainerFall] Drop Type 'Military Weapons', Container: 'AirdropContainer', Mode/Quantity/Iems: Random/30/14, Flare:  10%
[AirdropContainerFall] Loot Spawned [1] TTC_50Beo_mag @ <9375.030273, 52.895153, 2312.331787> ... Lifespan: Set to 120 minutes.
[AirdropContainerFall] Loot Spawned [2] TWP_BerettaPX4 @ <9373.473633, 53.376671, 2314.530518> ... Lifespan: Set to 120 minutes.
[AirdropContainerFall] Loot Spawned [3] TTC_Ammo_50Beo @ <9374.632813, 53.367271, 2314.440918> ... Lifespan: Set to 120 minutes.
[AirdropContainerFall] Loot Spawned [4] TTC_50Beo_mag @ <9374.841797, 53.526894, 2315.140625> ... Lifespan: Set to 120 minutes.
[AirdropContainerFall] Loot Spawned [5] AKM @ <9373.137695, 53.558998, 2315.353760> ... Lifespan: Set to 120 minutes.
[AirdropContainerFall] Loot Spawned [6] Vodka @ <9374.203125, 52.929726, 2312.516846> ... Lifespan: Set to 120 minutes.
[AirdropContainerFall] Loot Spawned [7] TWP_BerettaPX4 @ <9373.846680, 53.276905, 2314.072266> ... Lifespan: Set to 120 minutes.
[AirdropContainerFall] Loot Spawned [8] Vodka @ <9375.010742, 53.485764, 2314.951904> ... Lifespan: Set to 120 minutes.
[AirdropContainerFall] Loot Spawned [9] TWP_BerettaPX4_mag_17Rnd @ <9372.154297, 52.611549, 2311.107422> ... Lifespan: Set to 120 minutes.
[AirdropContainerFall] Loot Spawned [10] Vodka @ <9374.555664, 52.586697, 2310.979980> ... Lifespan: Set to 120 minutes.
[AirdropContainerFall] Loot Spawned [11] AKM @ <9371.624023, 53.195404, 2313.802734> ... Lifespan: Set to 120 minutes.
[AirdropContainerFall] Loot Spawned [12] BakedBeansCan @ <9374.406250, 52.782932, 2311.856934> ... Lifespan: Set to 120 minutes.
[AirdropContainerFall] Loot Spawned [13] AKM @ <9371.929688, 52.881001, 2312.361328> ... Lifespan: Set to 120 minutes.
[AirdropContainerFall] Loot Spawned [14] TWP_BerettaPX4_mag_17Rnd @ <9373.822266, 53.364967, 2314.464111> ... Lifespan: Set to 120 minutes.
[AirdropContainerFall] Loot Spawned [15] TTC_Buttstock3 @ <9372.382813, 53.597343, 2315.555176> ... Lifespan: Set to 120 minutes.
[AirdropContainerFall] Loot Spawned [16] TTC_Ammo_50Beo @ <9372.726563, 52.490852, 2310.548828> ... Lifespan: Set to 120 minutes.
[AirdropContainerFall] Loot Spawned [17] TTC_Beowulf @ <9372.643555, 52.598957, 2311.051758> ... Lifespan: Set to 120 minutes.
[AirdropContainerFall] Loot Spawned [18] PowderedMilk @ <9370.064453, 52.999146, 2312.900146> ... Lifespan: Set to 120 minutes.
[AirdropContainerFall] Loot Spawned [19] TTC_R700 @ <9373.929688, 52.710972, 2311.557373> ... Lifespan: Set to 120 minutes.
[AirdropContainerFall] Loot Spawned [20] TWP_BerettaPX4 @ <9374.144531, 52.828197, 2312.068848> ... Lifespan: Set to 120 minutes.
[AirdropContainerFall] Loot Spawned [21] TWP_BerettaPX4_mag_17Rnd @ <9375.643555, 52.993668, 2312.794189> ... Lifespan: Set to 120 minutes.
[AirdropContainerFall] Loot Spawned [22] TTC_50Beo_mag @ <9372.556641, 52.677441, 2311.416992> ... Lifespan: Set to 120 minutes.
[AirdropContainerFall] Loot Spawned [23] Mag_AKM_30Rnd @ <9371.391602, 53.286324, 2314.215820> ... Lifespan: Set to 120 minutes.
[AirdropContainerFall] Loot Spawned [24] TTC_R700 @ <9374.462891, 53.177647, 2313.606445> ... Lifespan: Set to 120 minutes.
[AirdropContainerFall] Loot Spawned [25] TTC_Ammo_50Beo @ <9372.916016, 53.563892, 2315.384521> ... Lifespan: Set to 120 minutes.
[AirdropContainerFall] Loot Spawned [26] TTC_R700 @ <9374.031250, 53.028381, 2312.961914> ... Lifespan: Set to 120 minutes.
[AirdropContainerFall] Loot Spawned [27] TTC_Ammo_50Beo @ <9374.235352, 53.596115, 2315.472900> ... Lifespan: Set to 120 minutes.
[AirdropContainerFall] Loot Spawned [28] TTC_50Beo_mag @ <9371.578125, 53.527943, 2315.280518> ... Lifespan: Set to 120 minutes.
[AirdropContainerFall] Loot Spawned [29] TWP_BerettaPX4 @ <9370.243164, 53.121891, 2313.472900> ... Lifespan: Set to 120 minutes.
[AirdropContainerFall] Loot Spawned [30] Mag_AKM_30Rnd @ <9374.235352, 53.070107, 2313.138428> ... Lifespan: Set to 120 minutes.
[AirdropContainerUnstuck] Container was unstuck.
[~AirdropContainerBase] Container Destroyed on 2021-02-15 @ 15-03-03
