[InitializeContainer] Container created on 2021-02-11 @ 00-24-13
[InitializeContainer] Winds: Vector <6.373641, 0.000000, -6.089758>, Speed 8.81524mps, Strength 0.1
[AirdropContainerFall] Drop Type 'Military Weapons', Container: 'AirdropContainer', Mode/Quantity/Iems: Random/30/14, Flare:  10%
[AirdropContainerFall] Loot Spawned [1] AKM @ <9351.104492, 51.375980, 2306.168945> ... Lifespan: Set to 120 minutes.
[AirdropContainerFall] Loot Spawned [2] Vodka @ <9347.974609, 51.598919, 2307.537842> ... Lifespan: Set to 120 minutes.
[AirdropContainerFall] Loot Spawned [3] M4A1 @ <9350.285156, 52.275612, 2310.469482> ... Lifespan: Set to 120 minutes.
[AirdropContainerFall] Loot Spawned [4] WaterBottle @ <9348.044922, 51.486706, 2307.007813> ... Lifespan: Set to 120 minutes.
[AirdropContainerFall] Loot Spawned [5] FNX45 @ <9348.620117, 52.348869, 2311.013672> ... Lifespan: Set to 120 minutes.
[AirdropContainerFall] Loot Spawned [6] AmmoBox_762x39_20Rnd @ <9349.279297, 51.393143, 2306.441406> ... Lifespan: Set to 120 minutes.
[AirdropContainerFall] Loot Spawned [7] Mag_AKM_30Rnd @ <9350.964844, 52.084621, 2309.484619> ... Lifespan: Set to 120 minutes.
[AirdropContainerFall] Loot Spawned [8] PowderedMilk @ <9347.492188, 52.096706, 2309.907715> ... Lifespan: Set to 120 minutes.
[AirdropContainerFall] Loot Spawned [9] PowderedMilk @ <9349.072266, 51.395676, 2306.475098> ... Lifespan: Set to 120 minutes.
[AirdropContainerFall] Spawn failed for item [10] 'Mossin9130', does not exist in DayZ!
[AirdropContainerFall] Loot Spawned [11] Rice @ <9348.335938, 51.705215, 2307.994873> ... Lifespan: Set to 120 minutes.
[AirdropContainerFall] Loot Spawned [12] Rice @ <9349.510742, 51.540367, 2307.103027> ... Lifespan: Set to 120 minutes.
[AirdropContainerFall] Loot Spawned [13] Mag_STANAG_30Rnd @ <9350.545898, 52.123272, 2309.708984> ... Lifespan: Set to 120 minutes.
[AirdropContainerFall] Loot Spawned [14] AmmoBox_762x39_20Rnd @ <9348.542969, 52.345940, 2311.007813> ... Lifespan: Set to 120 minutes.
[AirdropContainerFall] Loot Spawned [15] Mag_AKM_30Rnd @ <9347.531250, 51.677788, 2307.952148> ... Lifespan: Set to 120 minutes.
[AirdropContainerFall] Loot Spawned [16] AmmoBox_762x39_20Rnd @ <9348.313477, 51.354885, 2306.365234> ... Lifespan: Set to 120 minutes.
[AirdropContainerFall] Loot Spawned [17] BakedBeansCan @ <9350.401367, 51.458508, 2306.627441> ... Lifespan: Set to 120 minutes.
[AirdropContainerFall] Loot Spawned [18] AmmoBox_762x39_20Rnd @ <9350.765625, 51.641293, 2307.440430> ... Lifespan: Set to 120 minutes.
[AirdropContainerFall] Loot Spawned [19] FNX45 @ <9348.695313, 51.263649, 2305.899902> ... Lifespan: Set to 120 minutes.
[AirdropContainerFall] Loot Spawned [20] AmmoBox_762x54_20Rnd @ <9350.825195, 51.434952, 2306.473145> ... Lifespan: Set to 120 minutes.
[AirdropContainerFall] Loot Spawned [21] PowderedMilk @ <9351.957031, 51.533318, 2306.811768> ... Lifespan: Set to 120 minutes.
[AirdropContainerFall] Loot Spawned [22] Vodka @ <9347.358398, 51.774853, 2308.422363> ... Lifespan: Set to 120 minutes.
[AirdropContainerFall] Loot Spawned [23] M4A1 @ <9349.608398, 51.354652, 2306.227539> ... Lifespan: Set to 120 minutes.
[AirdropContainerFall] Loot Spawned [24] AmmoBox_762x54_20Rnd @ <9348.950195, 51.152775, 2305.356445> ... Lifespan: Set to 120 minutes.
[AirdropContainerFall] Loot Spawned [25] Izh18 @ <9351.644531, 51.531845, 2306.837891> ... Lifespan: Set to 120 minutes.
[AirdropContainerFall] Loot Spawned [26] BakedBeansCan @ <9350.014648, 52.348167, 2310.855225> ... Lifespan: Set to 120 minutes.
[AirdropContainerFall] Loot Spawned [27] FNX45 @ <9348.485352, 51.566059, 2307.330811> ... Lifespan: Set to 120 minutes.
[AirdropContainerFall] Loot Spawned [28] Vodka @ <9348.742188, 51.416679, 2306.607910> ... Lifespan: Set to 120 minutes.
[AirdropContainerFall] Loot Spawned [29] AmmoBox_762x39_20Rnd @ <9350.393555, 52.370579, 2310.922852> ... Lifespan: Set to 120 minutes.
[AirdropContainerFall] Loot Spawned [30] FNX45 @ <9348.895508, 51.305759, 2306.074951> ... Lifespan: Set to 120 minutes.
[AirdropContainerUnstuck] Container was unstuck.
[~AirdropContainerBase] Container Destroyed on 2021-02-11 @ 00-50-06
