[AirdropPlane] Aircraft created on 2021-04-05 @ 01-07-10
[InitializeAircraft] Aircraft Initialized: Myshkino @ 2036/7491 (true)
[EOnBeforeDrop] The Aircraft is 1 Km from Myshkino. @ <1081.450317, 412.533539, 8645.765625>
[EOnDrop] Spawn failed for zombie [1] 'ZmbM_SurvivorDean_Blue', it does not exist in DayZ!
[EOnDrop] Zombie Spawned [2] ZmbF_HikerSkinny_Grey @ <2009.065552, 288.423279, 7541.971680> ... Lifespan:  Set to 120 minutes.
[EOnDrop] Zombie Spawned [3] ZmbF_SurvivorNormal_Blue @ <2022.509644, 290.375732, 7532.142578> ... Lifespan:  Set to 120 minutes.
[EOnDrop] Zombie Spawned [4] ZmbM_HikerSkinny_Green @ <2007.665039, 285.473236, 7521.576660> ... Lifespan:  Set to 120 minutes.
[EOnDrop] Spawn failed for zombie [5] 'ZmbM_SurvivorDean_Grey', it does not exist in DayZ!
[EOnDrop] Zombie Spawned [6] ZmbM_MotobikerFat_Beige @ <1942.219971, 278.358887, 7565.793945> ... Lifespan:  Set to 120 minutes.
[EOnDrop] Zombie Spawned [7] ZmbM_HermitSkinny_Black @ <1970.743286, 281.631775, 7544.488770> ... Lifespan:  Set to 120 minutes.
[EOnDrop] Zombie Spawned [8] ZmbF_SurvivorNormal_Red @ <1960.964722, 275.958252, 7517.233398> ... Lifespan:  Set to 120 minutes.
[EOnDrop] Zombie Spawned [9] ZmbF_VillagerOld_White @ <1969.516602, 282.386658, 7553.303711> ... Lifespan:  Set to 120 minutes.
[EOnDrop] Zombie Spawned [10] ZmbF_HikerSkinny_Blue @ <2000.109009, 286.901733, 7547.538086> ... Lifespan:  Set to 120 minutes.
[EOnDrop] Zombie Spawned [11] ZmbF_MilkMaidOld_Beige @ <2006.455444, 291.346588, 7559.356445> ... Lifespan:  Set to 120 minutes.
[EOnDrop] Zombie Spawned [12] ZmbM_HermitSkinny_Green @ <2005.917725, 288.047882, 7545.143066> ... Lifespan:  Set to 120 minutes.
[EOnDrop] Zombie Spawned [13] ZmbM_MotobikerFat_Blue @ <2003.504517, 293.631287, 7573.218262> ... Lifespan:  Set to 120 minutes.
[EOnDrop] Zombie Spawned [14] ZmbF_MilkMaidOld_Black @ <1951.098999, 280.050903, 7563.531250> ... Lifespan:  Set to 120 minutes.
[EOnDrop] Zombie Spawned [15] ZmbM_HunterOld_Autumn @ <1963.089722, 280.848389, 7549.021484> ... Lifespan:  Set to 120 minutes.
[EOnDrop] Zombie Spawned [16] ZmbM_MotobikerFat_Black @ <1991.513184, 285.854828, 7552.714355> ... Lifespan:  Set to 120 minutes.
[EOnDrop] Zombie Spawned [17] ZmbF_HikerSkinny_Green @ <1992.882202, 294.278015, 7596.045898> ... Lifespan:  Set to 120 minutes.
[EOnDrop] Zombie Spawned [18] ZmbM_HermitSkinny_Red @ <2004.203491, 287.682159, 7545.774414> ... Lifespan:  Set to 120 minutes.
[EOnDrop] Zombie Spawned [19] ZmbF_MilkMaidOld_Green @ <1955.875732, 282.643494, 7579.931641> ... Lifespan:  Set to 120 minutes.
[EOnDrop] Zombie Spawned [20] ZmbM_MotobikerFat_Beige @ <1977.527954, 284.933563, 7563.366211> ... Lifespan:  Set to 120 minutes.
[EOnDrop] Zombie Spawned [21] ZmbM_HikerSkinny_Green @ <2001.306763, 287.601501, 7549.736816> ... Lifespan:  Set to 120 minutes.
[EOnDrop] Zombie Spawned [22] ZmbM_FarmerFat_Brown @ <1971.534546, 285.695221, 7576.903809> ... Lifespan:  Set to 120 minutes.
[EOnDrop] Zombie Spawned [23] ZmbF_VillagerOld_White @ <1991.877441, 285.651337, 7550.556641> ... Lifespan:  Set to 120 minutes.
[EOnDrop] Zombie Spawned [24] ZmbM_VillagerOld_Green @ <2011.349731, 295.624695, 7572.405273> ... Lifespan:  Set to 120 minutes.
[EOnDrop] Zombie Spawned [25] ZmbF_SurvivorNormal_Red @ <2018.238403, 298.858704, 7587.183594> ... Lifespan:  Set to 120 minutes.
[EOnDrop] Zombie Spawned [26] ZmbM_HunterOld_Autumn @ <1977.558105, 282.681152, 7544.422852> ... Lifespan:  Set to 120 minutes.
[EOnDrop] Zombie Spawned [27] ZmbF_VillagerOld_Blue @ <1974.393188, 281.085449, 7533.833984> ... Lifespan:  Set to 120 minutes.
[EOnDrop] Zombie Spawned [28] ZmbM_HunterOld_Spring @ <1998.939941, 287.039276, 7550.019043> ... Lifespan:  Set to 120 minutes.
[EOnDrop] Zombie Spawned [29] ZmbM_HunterOld_Autumn @ <1992.200195, 287.727356, 7561.757324> ... Lifespan:  Set to 120 minutes.
[EOnDrop] Zombie Spawned [30] ZmbF_HikerSkinny_Green @ <2015.495850, 296.027222, 7568.500977> ... Lifespan:  Set to 120 minutes.
[EOnDrop] Zombie Spawned [31] ZmbF_HikerSkinny_Grey @ <1983.972534, 286.713898, 7566.386230> ... Lifespan:  Set to 120 minutes.
[EOnDrop] Zombie Spawned [32] ZmbF_VillagerOld_Green @ <1960.424438, 281.744995, 7561.994629> ... Lifespan:  Set to 120 minutes.
[EOnDrop] Zombie Spawned [33] ZmbM_VillagerOld_Blue @ <1984.203003, 290.448883, 7586.283203> ... Lifespan:  Set to 120 minutes.
[EOnDrop] Zombie Spawned [34] ZmbM_FarmerFat_Blue @ <1990.257813, 289.695007, 7573.117188> ... Lifespan:  Set to 120 minutes.
[EOnDrop] Zombie Spawned [35] ZmbF_MilkMaidOld_Beige @ <1997.086182, 282.658691, 7514.604004> ... Lifespan:  Set to 120 minutes.
[EOnDrop] Drop spawned with 35 infected at <1985.127075, 426.554749, 7553.104492>.
[EOnDrop] Supplies have been dropped near Myshkino.
[EOnBeforeDelete] Aircraft despawned @ <9059.625000, 152.000610, -1001.382996>
[~AirdropPlane] Aircraft destroyed.
