[InitializeContainer] Container created on 2021-01-24 @ 20-09-30
[InitializeContainer] Winds: Vector <6.435313, 0.000000, -6.056220>, Speed 8.83691mps, Strength 0.1
[AirdropContainerFall] Drop Type 'Military Weapons', Container: 'AirdropContainer', Mode/Quantity/Iems: Random/30/14, Flare:  10%
[AirdropContainerFall] Loot Spawned [1] AKM @ <2413.756104, 203.000320, 5464.033691> ... Lifespan: Set to 120 minutes.
[AirdropContainerFall] Loot Spawned [2] WaterBottle @ <2412.754639, 203.233994, 5466.022461> ... Lifespan: Set to 120 minutes.
[AirdropContainerFall] Loot Spawned [3] Izh18 @ <2413.229736, 203.008179, 5463.881348> ... Lifespan: Set to 120 minutes.
[AirdropContainerFall] Loot Spawned [4] Izh18 @ <2413.753906, 203.079636, 5464.858887> ... Lifespan: Set to 120 minutes.
[AirdropContainerFall] Loot Spawned [5] WaterBottle @ <2412.496826, 202.945755, 5462.905762> ... Lifespan: Set to 120 minutes.
[AirdropContainerFall] Loot Spawned [6] Mag_STANAG_30Rnd @ <2413.681641, 203.151932, 5465.580078> ... Lifespan: Set to 120 minutes.
[AirdropContainerFall] Loot Spawned [7] Rice @ <2413.594727, 202.946899, 5463.405273> ... Lifespan: Set to 120 minutes.
[AirdropContainerFall] Loot Spawned [8] AmmoBox_762x54_20Rnd @ <2411.401611, 203.303055, 5466.140625> ... Lifespan: Set to 120 minutes.
[AirdropContainerFall] Loot Spawned [9] AmmoBox_762x54_20Rnd @ <2413.550049, 203.300598, 5467.069824> ... Lifespan: Set to 120 minutes.
[AirdropContainerFall] Loot Spawned [10] AmmoBox_762x39_20Rnd @ <2413.093506, 203.389954, 5467.774902> ... Lifespan: Set to 120 minutes.
[AirdropContainerFall] Loot Spawned [11] Mag_STANAG_30Rnd @ <2412.021973, 203.065735, 5463.944336> ... Lifespan: Set to 120 minutes.
[AirdropContainerFall] Loot Spawned [12] AKM @ <2413.173340, 202.896103, 5462.688965> ... Lifespan: Set to 120 minutes.
[AirdropContainerFall] Loot Spawned [13] AmmoBox_762x39_20Rnd @ <2413.141113, 202.883606, 5462.544434> ... Lifespan: Set to 120 minutes.
[AirdropContainerFall] Loot Spawned [14] Mag_AKM_30Rnd @ <2411.181152, 203.137329, 5464.316406> ... Lifespan: Set to 120 minutes.
[AirdropContainerFall] Loot Spawned [15] M4A1 @ <2411.166016, 203.396545, 5467.009766> ... Lifespan: Set to 120 minutes.
[AirdropContainerFall] Loot Spawned [16] Mag_STANAG_30Rnd @ <2411.033936, 203.345551, 5466.419922> ... Lifespan: Set to 120 minutes.
[AirdropContainerFall] Loot Spawned [17] Izh18 @ <2413.575195, 203.145538, 5465.465820> ... Lifespan: Set to 120 minutes.
[AirdropContainerFall] Spawn failed for item [18] 'Mossin9130', does not exist in DayZ!
[AirdropContainerFall] Loot Spawned [19] Vodka @ <2413.260742, 203.005753, 5463.870117> ... Lifespan: Set to 120 minutes.
[AirdropContainerFall] Loot Spawned [20] Mag_STANAG_30Rnd @ <2411.937012, 202.936646, 5462.606445> ... Lifespan: Set to 120 minutes.
[AirdropContainerFall] Loot Spawned [21] AmmoBox_762x54_20Rnd @ <2413.155273, 203.032623, 5464.103027> ... Lifespan: Set to 120 minutes.
[AirdropContainerFall] Loot Spawned [22] AKM @ <2414.248291, 203.255127, 5466.906250> ... Lifespan: Set to 120 minutes.
[AirdropContainerFall] Loot Spawned [23] FNX45 @ <2414.331787, 203.001373, 5464.300293> ... Lifespan: Set to 120 minutes.
[AirdropContainerFall] Loot Spawned [24] Vodka @ <2413.804443, 203.022827, 5464.289551> ... Lifespan: Set to 120 minutes.
[AirdropContainerFall] Loot Spawned [25] Mag_AKM_30Rnd @ <2409.621094, 203.249100, 5464.839844> ... Lifespan: Set to 120 minutes.
[AirdropContainerFall] Loot Spawned [26] Mag_STANAG_30Rnd @ <2411.776611, 203.421906, 5467.541992> ... Lifespan: Set to 120 minutes.
[AirdropContainerFall] Loot Spawned [27] M4A1 @ <2414.599609, 203.120590, 5465.661133> ... Lifespan: Set to 120 minutes.
[AirdropContainerFall] Loot Spawned [28] Mag_STANAG_30Rnd @ <2411.270996, 203.149979, 5464.488281> ... Lifespan: Set to 120 minutes.
[AirdropContainerFall] Loot Spawned [29] FNX45 @ <2413.823242, 202.871887, 5462.725586> ... Lifespan: Set to 120 minutes.
[AirdropContainerFall] Loot Spawned [30] BakedBeansCan @ <2414.454346, 203.067017, 5465.038574> ... Lifespan: Set to 120 minutes.
[AirdropContainerUnstuck] Container was unstuck.
[~AirdropContainerBase] Container Destroyed on 2021-01-24 @ 21-09-39
