[InitializeContainer] Container created on 2021-02-18 @ 22-24-13
[InitializeContainer] Winds: Vector <0.105267, 0.000000, -6.545223>, Speed 6.54607mps, Strength 0.1
[AirdropContainerFall] Drop Type 'Military Weapons', Container: 'AirdropContainer_Military', Mode/Quantity/Iems: Random/20/18, Flare:  10%
[AirdropContainerFall] Loot Spawned [1] TWP_RemingtonMSR_mag_5Rnd @ <13362.437500, 15.695858, 3075.359375> ... Lifespan: Set to 120 minutes.
[AirdropContainerFall] Loot Spawned [2] Mag_STANAG_30Rnd @ <13364.433594, 15.204692, 3074.647461> ... Lifespan: Set to 120 minutes.
[AirdropContainerFall] Spawn failed for item [3] 'TWP_P90Shallow_Grave_mag_50Rn', does not exist in DayZ!
[AirdropContainerFall] Loot Spawned [4] TWP_P90Shallow_Grave @ <13366.280273, 15.625710, 3076.385254> ... Lifespan: Set to 120 minutes.
[AirdropContainerFall] Loot Spawned [5] TWP_USPPsychodelic_mag_15Rnd @ <13362.740234, 14.988656, 3073.750488> ... Lifespan: Set to 120 minutes.
[AirdropContainerFall] Spawn failed for item [6] 'TWP_P90Shallow_Grave_mag_50Rn', does not exist in DayZ!
[AirdropContainerFall] Loot Spawned [7] AmmoBox_762x39_20Rnd @ <13363.732422, 16.151672, 3077.010498> ... Lifespan: Set to 120 minutes.
[AirdropContainerFall] Loot Spawned [8] TWP_USPPsychodelic @ <13363.143555, 14.818242, 3073.457031> ... Lifespan: Set to 120 minutes.
[AirdropContainerFall] Loot Spawned [9] TWP_P90Shallow_Grave @ <13363.893555, 15.994269, 3076.616455> ... Lifespan: Set to 120 minutes.
[AirdropContainerFall] Loot Spawned [10] FNX45 @ <13363.045898, 15.297287, 3074.529053> ... Lifespan: Set to 120 minutes.
[AirdropContainerFall] Loot Spawned [11] FNX45 @ <13366.454102, 14.939438, 3074.596924> ... Lifespan: Set to 120 minutes.
[AirdropContainerFall] Loot Spawned [12] TWP_RemingtonMSR @ <13364.253906, 14.548396, 3073.104004> ... Lifespan: Set to 120 minutes.
[AirdropContainerFall] Loot Spawned [13] AmmoBox_762x54_20Rnd @ <13364.510742, 16.105310, 3077.119629> ... Lifespan: Set to 120 minutes.
[AirdropContainerFall] Loot Spawned [14] TWP_P8 @ <13363.547852, 16.017069, 3076.574219> ... Lifespan: Set to 120 minutes.
[AirdropContainerFall] Loot Spawned [15] TWP_ArexZero @ <13364.872070, 16.014305, 3076.974609> ... Lifespan: Set to 120 minutes.
[AirdropContainerFall] Spawn failed for item [16] 'TWP_P90Shallow_Grave_mag_50Rn', does not exist in DayZ!
[AirdropContainerFall] Loot Spawned [17] LandMineTrap @ <13365.254883, 15.895841, 3076.772949> ... Lifespan: Set to 120 minutes.
[AirdropContainerFall] Loot Spawned [18] FNX45 @ <13362.958984, 15.967399, 3076.264160> ... Lifespan: Set to 120 minutes.
[AirdropContainerFall] Loot Spawned [19] M4A1 @ <13363.035156, 15.493125, 3074.974365> ... Lifespan: Set to 120 minutes.
[AirdropContainerFall] Loot Spawned [20] TWP_P8 @ <13364.479492, 14.771914, 3073.668701> ... Lifespan: Set to 120 minutes.
[AirdropContainerUnstuck] Container was unstuck.
[~AirdropContainerBase] Container Destroyed on 2021-02-18 @ 23-23-45
