[AirdropPlane] Aircraft created on 2021-02-15 @ 22-33-06
[InitializeAircraft] Aircraft Initialized: Elektrozavodsk @ 9371/2229 (true)
[EOnBeforeDrop] The Aircraft is 1 Km from Elektrozavodsk. @ <9405.551758, 374.478088, 3726.943359>
[EOnDrop] Zombie Spawned [1] ZmbM_CitizenASkinny_Blue @ <9381.949219, 58.656235, 2336.135742> ... Lifespan:  Set to 120 minutes.
[EOnDrop] Zombie Spawned [2] ZmbM_PrisonerSkinny @ <9374.357422, 50.154736, 2298.592529> ... Lifespan:  Set to 120 minutes.
[EOnDrop] Zombie Spawned [3] ZmbF_ShortSkirt_beige @ <9373.375000, 52.545525, 2308.814209> ... Lifespan:  Set to 120 minutes.
[EOnDrop] Zombie Spawned [4] ZmbM_Jacket_blue @ <9380.096680, 50.427830, 2300.270020> ... Lifespan:  Set to 120 minutes.
[EOnDrop] Zombie Spawned [5] ZmbF_ShortSkirt_checks @ <9399.487305, 57.760609, 2332.122803> ... Lifespan:  Set to 120 minutes.
[EOnDrop] Zombie Spawned [6] ZmbF_JournalistNormal_White @ <9387.629883, 52.137924, 2307.923828> ... Lifespan:  Set to 120 minutes.
[EOnDrop] Zombie Spawned [7] ZmbF_CitizenANormal_Blue @ <9374.857422, 57.906521, 2333.357422> ... Lifespan:  Set to 120 minutes.
[EOnDrop] Zombie Spawned [8] ZmbM_ParamedicNormal_Black @ <9324.309570, 54.662884, 2324.370605> ... Lifespan:  Set to 120 minutes.
[EOnDrop] Zombie Spawned [9] ZmbF_Clerk_Normal_White @ <9359.039063, 54.268559, 2317.242676> ... Lifespan:  Set to 120 minutes.
[EOnDrop] Zombie Spawned [10] ZmbM_PatrolNormal_Autumn @ <9356.341797, 46.768932, 2282.855469> ... Lifespan:  Set to 120 minutes.
[EOnDrop] Zombie Spawned [11] ZmbM_ClerkFat_Grey @ <9364.394531, 51.761295, 2305.310791> ... Lifespan:  Set to 120 minutes.
[EOnDrop] Zombie Spawned [12] ZmbM_SkaterYoung_Brown @ <9358.292969, 56.196285, 2327.372070> ... Lifespan:  Set to 120 minutes.
[EOnDrop] Zombie Spawned [13] ZmbM_Jacket_magenta @ <9348.571289, 58.786430, 2342.910400> ... Lifespan:  Set to 120 minutes.
[EOnDrop] Zombie Spawned [14] ZmbF_CitizenANormal_Blue @ <9383.684570, 57.311672, 2329.909424> ... Lifespan:  Set to 120 minutes.
[EOnDrop] Zombie Spawned [15] ZmbM_Jacket_brown @ <9367.000977, 48.058117, 2289.031982> ... Lifespan:  Set to 120 minutes.
[EOnDrop] Zombie Spawned [16] ZmbM_DoctorFat @ <9372.280273, 57.142799, 2330.123291> ... Lifespan:  Set to 120 minutes.
[EOnDrop] Zombie Spawned [17] ZmbF_ShortSkirt_white @ <9388.162109, 56.295761, 2325.264404> ... Lifespan:  Set to 120 minutes.
[EOnDrop] Zombie Spawned [18] ZmbM_CitizenASkinny_Blue @ <9377.551758, 56.754601, 2327.754395> ... Lifespan:  Set to 120 minutes.
[EOnDrop] Zombie Spawned [19] ZmbF_ParamedicNormal_Green @ <9371.494141, 47.193745, 2285.733643> ... Lifespan:  Set to 120 minutes.
[EOnDrop] Zombie Spawned [20] ZmbM_ParamedicNormal_Black @ <9377.035156, 52.345730, 2308.123779> ... Lifespan:  Set to 120 minutes.
[EOnDrop] Zombie Spawned [21] ZmbM_ParamedicNormal_Black @ <9379.479492, 55.603024, 2322.408936> ... Lifespan:  Set to 120 minutes.
[EOnDrop] Zombie Spawned [22] ZmbF_ShortSkirt_grey @ <9373.532227, 55.905704, 2324.056885> ... Lifespan:  Set to 120 minutes.
[EOnDrop] Zombie Spawned [23] ZmbM_CitizenASkinny_Brown @ <9341.395508, 54.266541, 2319.292725> ... Lifespan:  Set to 120 minutes.
[EOnDrop] Zombie Spawned [24] ZmbM_JoggerSkinny_Green @ <9376.171875, 52.453106, 2308.521240> ... Lifespan:  Set to 120 minutes.
[EOnDrop] Zombie Spawned [25] ZmbF_JournalistNormal_White @ <9333.880859, 47.561302, 2288.961914> ... Lifespan:  Set to 120 minutes.
[EOnDrop] Zombie Spawned [26] ZmbM_PatrolNormal_PautRev @ <9370.889648, 50.050949, 2297.957031> ... Lifespan:  Set to 120 minutes.
[EOnDrop] Zombie Spawned [27] ZmbM_JoggerSkinny_Green @ <9362.483398, 48.106056, 2289.034668> ... Lifespan:  Set to 120 minutes.
[EOnDrop] Zombie Spawned [28] ZmbM_CommercialPilotOld_Blue @ <9366.511719, 63.690807, 2361.015381> ... Lifespan:  Set to 120 minutes.
[EOnDrop] Zombie Spawned [29] ZmbM_Jacket_bluechecks @ <9397.711914, 59.333706, 2339.205566> ... Lifespan:  Set to 120 minutes.
[EOnDrop] Zombie Spawned [30] ZmbM_PolicemanSpecForce @ <9380.358398, 55.127365, 2320.276367> ... Lifespan:  Set to 120 minutes.
[EOnDrop] Zombie Spawned [31] ZmbM_CitizenASkinny_Blue @ <9382.654297, 45.720718, 2280.970459> ... Lifespan:  Set to 120 minutes.
[EOnDrop] Zombie Spawned [32] ZmbM_Jacket_bluechecks @ <9371.377930, 55.570225, 2322.711426> ... Lifespan:  Set to 120 minutes.
[EOnDrop] Zombie Spawned [33] ZmbM_SkaterYoung_Brown @ <9387.643555, 56.480621, 2326.107910> ... Lifespan:  Set to 120 minutes.
[EOnDrop] Zombie Spawned [34] ZmbM_CitizenBFat_Red @ <9368.770508, 48.258976, 2290.048096> ... Lifespan:  Set to 120 minutes.
[EOnDrop] Zombie Spawned [35] ZmbF_Clerk_Normal_Red @ <9344.885742, 55.405914, 2324.940674> ... Lifespan:  Set to 120 minutes.
[EOnDrop] Zombie Spawned [36] ZmbM_Jacket_black @ <9361.708984, 53.610813, 2313.939453> ... Lifespan:  Set to 120 minutes.
[EOnDrop] Zombie Spawned [37] ZmbF_CitizenANormal_Brown @ <9360.042969, 53.428555, 2313.116455> ... Lifespan:  Set to 120 minutes.
[EOnDrop] Zombie Spawned [38] ZmbM_CommercialPilotOld_Blue @ <9347.234375, 57.724178, 2337.608154> ... Lifespan:  Set to 120 minutes.
[EOnDrop] Zombie Spawned [39] ZmbF_ShortSkirt_red @ <9374.202148, 60.839443, 2347.142822> ... Lifespan:  Set to 120 minutes.
[EOnDrop] Zombie Spawned [40] ZmbM_Jacket_magenta @ <9371.085938, 63.642742, 2360.092285> ... Lifespan:  Set to 120 minutes.
[EOnDrop] Drop spawned with 40 infected at <9371.286133, 233.221848, 2317.055664>.
[EOnDrop] Supplies have been dropped near Elektrozavodsk.
[EOnBeforeDelete] Aircraft despawned @ <9290.661133, 152.000610, -1000.138062>
[~AirdropPlane] Aircraft destroyed.
