[InitializeContainer] Container created on 2021-03-21 @ 23-29-49
[InitializeContainer] Winds: Vector <5.444026, 0.000000, 13.318715>, Speed 14.3884mps, Strength 0.1
[AirdropContainerFall] Drop Type 'Military Weapons', Container: 'AirdropContainer_Military', Mode/Quantity/Iems: Random/20/18, Flare:  10%
[AirdropContainerFall] Loot Spawned [1] TWP_ArexZero @ <12800.042969, 6.039826, 9652.681641> ... Lifespan: Set to 120 minutes.
[AirdropContainerFall] Loot Spawned [2] M4A1 @ <12797.093750, 6.051621, 9654.534180> ... Lifespan: Set to 120 minutes.
[AirdropContainerFall] Loot Spawned [3] Mag_STANAG_30Rnd @ <12799.597656, 6.047139, 9656.784180> ... Lifespan: Set to 120 minutes.
[AirdropContainerFall] Loot Spawned [4] TWP_RemingtonMSR_mag_5Rnd @ <12800.162109, 6.039350, 9652.517578> ... Lifespan: Set to 120 minutes.
[AirdropContainerFall] Spawn failed for item [5] 'TWP_P90Shallow_Grave_mag_50Rn', does not exist in DayZ!
[AirdropContainerFall] Loot Spawned [6] TWP_P8_mag_15Rnd @ <12796.779297, 6.052881, 9655.994141> ... Lifespan: Set to 120 minutes.
[AirdropContainerFall] Loot Spawned [7] TWP_RemingtonMSR_mag_5Rnd @ <12798.656250, 6.045374, 9653.457031> ... Lifespan: Set to 120 minutes.
[AirdropContainerFall] Spawn failed for item [8] 'TWP_P90Shallow_Grave_mag_50Rn', does not exist in DayZ!
[AirdropContainerFall] Loot Spawned [9] AmmoBox_762x39_20Rnd @ <12798.111328, 6.047553, 9653.247070> ... Lifespan: Set to 120 minutes.
[AirdropContainerFall] Loot Spawned [10] TWP_P90Shallow_Grave @ <12798.666992, 6.045330, 9652.117188> ... Lifespan: Set to 120 minutes.
[AirdropContainerFall] Loot Spawned [11] AmmoBox_762x54_20Rnd @ <12799.153320, 6.043386, 9653.629883> ... Lifespan: Set to 120 minutes.
[AirdropContainerFall] Loot Spawned [12] TWP_P90Shallow_Grave @ <12797.500000, 6.049999, 9655.679688> ... Lifespan: Set to 120 minutes.
[AirdropContainerFall] Loot Spawned [13] Mag_STANAG_30Rnd @ <12797.990234, 6.048036, 9652.354492> ... Lifespan: Set to 120 minutes.
[AirdropContainerFall] Loot Spawned [14] AKM @ <12799.191406, 6.043231, 9653.316406> ... Lifespan: Set to 120 minutes.
[AirdropContainerFall] Loot Spawned [15] Mag_STANAG_30Rnd @ <12799.582031, 6.041668, 9653.856445> ... Lifespan: Set to 120 minutes.
[AirdropContainerFall] Spawn failed for item [16] 'TWP_P90Shallow_Grave_mag_50Rn', does not exist in DayZ!
[AirdropContainerFall] Loot Spawned [17] FNX45 @ <12796.673828, 6.053302, 9653.725586> ... Lifespan: Set to 120 minutes.
[AirdropContainerFall] Loot Spawned [18] TWP_P90Shallow_Grave @ <12800.914063, 6.042696, 9655.673828> ... Lifespan: Set to 120 minutes.
[AirdropContainerFall] Loot Spawned [19] TWP_P8 @ <12798.912109, 6.044348, 9652.892578> ... Lifespan: Set to 120 minutes.
[AirdropContainerFall] Loot Spawned [20] M4A1 @ <12798.075195, 6.047696, 9655.488281> ... Lifespan: Set to 120 minutes.
[AirdropContainerUnstuck] Container was unstuck.
