[InitializeContainer] Container created on 2021-02-12 @ 22-09-27
[InitializeContainer] Winds: Vector <7.963084, 0.000000, -4.988693>, Speed 9.39669mps, Strength 0.1
[AirdropContainerFall] Drop Type 'Military Weapons', Container: 'AirdropContainer_Military', Mode/Quantity/Iems: Random/20/18, Flare:  10%
[AirdropContainerFall] Loot Spawned [1] CombatBoots_Grey @ <2005.109863, 291.216827, 7562.425293> ... Lifespan: Set to 120 minutes.
[AirdropContainerFall] Loot Spawned [2] M4A1 @ <2004.977905, 291.620667, 7564.261719> ... Lifespan: Set to 120 minutes.
[AirdropContainerFall] Loot Spawned [3] AmmoBox_762x39_20Rnd @ <2002.452148, 290.432465, 7562.665527> ... Lifespan: Set to 120 minutes.
[AirdropContainerFall] Loot Spawned [4] Mosin_Compensator @ <2002.438354, 290.044281, 7561.083008> ... Lifespan: Set to 120 minutes.
[AirdropContainerFall] Loot Spawned [5] LandMineTrap @ <2004.850220, 291.626038, 7564.450684> ... Lifespan: Set to 120 minutes.
[AirdropContainerFall] Loot Spawned [6] TacticalBaconCan @ <2002.831665, 290.442078, 7562.211426> ... Lifespan: Set to 120 minutes.
[AirdropContainerFall] Loot Spawned [7] Mag_AKM_30Rnd @ <2005.090454, 291.726776, 7564.552246> ... Lifespan: Set to 120 minutes.
[AirdropContainerFall] Loot Spawned [8] TacticalBaconCan @ <2004.201172, 291.629883, 7565.315430> ... Lifespan: Set to 120 minutes.
[AirdropContainerFall] Spawn failed for item [9] 'PlateCarrierComplete', does not exist in DayZ!
[AirdropContainerFall] Loot Spawned [10] CombatBoots_Grey @ <2002.718506, 290.424347, 7562.286621> ... Lifespan: Set to 120 minutes.
[AirdropContainerFall] Loot Spawned [11] MilitaryBoots_Redpunk @ <2003.392212, 290.999084, 7563.773926> ... Lifespan: Set to 120 minutes.
[AirdropContainerFall] Loot Spawned [12] Mosin_Compensator @ <2002.644409, 290.167297, 7561.324219> ... Lifespan: Set to 120 minutes.
[AirdropContainerFall] Loot Spawned [13] Izh18 @ <2001.235229, 290.206482, 7563.251953> ... Lifespan: Set to 120 minutes.
[AirdropContainerFall] Loot Spawned [14] TacticalBaconCan @ <2004.318970, 290.697510, 7561.319336> ... Lifespan: Set to 120 minutes.
[AirdropContainerFall] Loot Spawned [15] LargeTent @ <2004.946777, 291.943054, 7565.650879> ... Lifespan: Set to 120 minutes.
[AirdropContainerFall] Loot Spawned [16] LandMineTrap @ <2005.584839, 291.196838, 7561.721680> ... Lifespan: Set to 120 minutes.
[AirdropContainerFall] Loot Spawned [17] TacticalBaconCan @ <2004.843994, 290.864349, 7561.320313> ... Lifespan: Set to 120 minutes.
[AirdropContainerFall] Loot Spawned [18] M4A1 @ <2001.799805, 290.000854, 7561.700684> ... Lifespan: Set to 120 minutes.
[AirdropContainerFall] Loot Spawned [19] LargeTent @ <2004.140503, 291.613190, 7565.326172> ... Lifespan: Set to 120 minutes.
[AirdropContainerFall] Loot Spawned [20] AmmoBox_762x39_20Rnd @ <2002.854004, 289.994110, 7560.336426> ... Lifespan: Set to 120 minutes.
[AirdropContainerUnstuck] Container was unstuck.
[~AirdropContainerBase] Container Destroyed on 2021-02-12 @ 23-09-37
