[AirdropPlane] Aircraft created on 2021-02-15 @ 13-42-10
[InitializeAircraft] Aircraft Initialized: Chernogorks @ 6128/2497 (true)
[EOnBeforeDrop] The Aircraft is 1 Km from Chernogorks. @ <5809.915527, 238.597076, 3962.818115>
[EOnDrop] Zombie Spawned [1] ZmbF_ShortSkirt_stripes @ <6114.609863, 26.801023, 2569.380127> ... Lifespan:  Set to 120 minutes.
[EOnDrop] Zombie Spawned [2] ZmbM_PolicemanFat @ <6123.511230, 26.788782, 2572.861816> ... Lifespan:  Set to 120 minutes.
[EOnDrop] Zombie Spawned [3] ZmbM_Jacket_brown @ <6130.215332, 23.765757, 2549.366455> ... Lifespan:  Set to 120 minutes.
[EOnDrop] Zombie Spawned [4] ZmbM_Jacket_beige @ <6121.917969, 28.191669, 2601.963867> ... Lifespan:  Set to 120 minutes.
[EOnDrop] Zombie Spawned [5] ZmbF_JoggerSkinny_Green @ <6130.728516, 24.123781, 2552.375977> ... Lifespan:  Set to 120 minutes.
[EOnDrop] Zombie Spawned [6] ZmbF_JournalistNormal_Green @ <6140.561035, 23.778830, 2555.795898> ... Lifespan:  Set to 120 minutes.
[EOnDrop] Zombie Spawned [7] ZmbF_JoggerSkinny_Green @ <6101.158203, 26.993856, 2531.938965> ... Lifespan:  Set to 120 minutes.
[EOnDrop] Zombie Spawned [8] ZmbM_Jacket_black @ <6147.223145, 22.326153, 2581.060791> ... Lifespan:  Set to 120 minutes.
[EOnDrop] Zombie Spawned [9] ZmbF_NurseFat @ <6111.662109, 30.046831, 2594.840576> ... Lifespan:  Set to 120 minutes.
[EOnDrop] Zombie Spawned [10] ZmbF_JoggerSkinny_Green @ <6089.393066, 31.466488, 2549.719971> ... Lifespan:  Set to 120 minutes.
[EOnDrop] Zombie Spawned [11] ZmbM_JoggerSkinny_Blue @ <6098.213867, 27.940016, 2539.533203> ... Lifespan:  Set to 120 minutes.
[EOnDrop] Zombie Spawned [12] ZmbF_PoliceWomanNormal @ <6100.291992, 33.045574, 2605.981445> ... Lifespan:  Set to 120 minutes.
[EOnDrop] Zombie Spawned [13] ZmbM_PatrolNormal_Summer @ <6117.659180, 25.115768, 2553.830078> ... Lifespan:  Set to 120 minutes.
[EOnDrop] Zombie Spawned [14] ZmbF_ShortSkirt_black @ <6130.621582, 24.022615, 2551.647461> ... Lifespan:  Set to 120 minutes.
[EOnDrop] Zombie Spawned [15] ZmbM_CitizenASkinny_Brown @ <6124.861328, 26.785387, 2575.501953> ... Lifespan:  Set to 120 minutes.
[EOnDrop] Zombie Spawned [16] ZmbF_Clerk_Normal_Red @ <6110.541016, 26.251436, 2555.464600> ... Lifespan:  Set to 120 minutes.
[EOnDrop] Zombie Spawned [17] ZmbF_CitizenANormal_Brown @ <6149.346680, 21.318760, 2540.638672> ... Lifespan:  Set to 120 minutes.
[EOnDrop] Zombie Spawned [18] ZmbF_PoliceWomanNormal @ <6114.425293, 26.287418, 2566.465576> ... Lifespan:  Set to 120 minutes.
[EOnDrop] Zombie Spawned [19] ZmbF_ShortSkirt_green @ <6111.377441, 25.350029, 2515.603027> ... Lifespan:  Set to 120 minutes.
[EOnDrop] Zombie Spawned [20] ZmbM_CommercialPilotOld_Olive @ <6075.730469, 39.354023, 2583.692139> ... Lifespan:  Set to 120 minutes.
[EOnDrop] Zombie Spawned [21] ZmbM_CitizenASkinny_Brown @ <6082.171387, 37.129387, 2584.023193> ... Lifespan:  Set to 120 minutes.
[EOnDrop] Zombie Spawned [22] ZmbF_ShortSkirt_yellow @ <6107.826172, 26.211466, 2540.063721> ... Lifespan:  Set to 120 minutes.
[EOnDrop] Zombie Spawned [23] ZmbM_CitizenASkinny_Blue @ <6090.147949, 29.143507, 2524.742432> ... Lifespan:  Set to 120 minutes.
[EOnDrop] Zombie Spawned [24] ZmbM_SkaterYoung_Blue @ <6142.338379, 23.302423, 2599.806641> ... Lifespan:  Set to 120 minutes.
[EOnDrop] Zombie Spawned [25] ZmbM_ParamedicNormal_Black @ <6138.687012, 23.589121, 2595.686279> ... Lifespan:  Set to 120 minutes.
[EOnDrop] Zombie Spawned [26] ZmbF_SkaterYoung_Brown @ <6120.052246, 24.441927, 2533.495361> ... Lifespan:  Set to 120 minutes.
[EOnDrop] Zombie Spawned [27] ZmbF_ShortSkirt_stripes @ <6086.867676, 32.043640, 2545.926025> ... Lifespan:  Set to 120 minutes.
[EOnDrop] Zombie Spawned [28] ZmbF_ShortSkirt_yellow @ <6122.874023, 26.790178, 2571.135498> ... Lifespan:  Set to 120 minutes.
[EOnDrop] Zombie Spawned [29] ZmbF_CitizenBSkinny @ <6120.725098, 24.362164, 2533.169922> ... Lifespan:  Set to 120 minutes.
[EOnDrop] Zombie Spawned [30] ZmbF_Clerk_Normal_Blue @ <6119.826172, 26.960276, 2576.298828> ... Lifespan:  Set to 120 minutes.
[EOnDrop] Zombie Spawned [31] ZmbM_PatrolNormal_Autumn @ <6124.219238, 26.347950, 2583.805176> ... Lifespan:  Set to 120 minutes.
[EOnDrop] Zombie Spawned [32] ZmbF_CitizenANormal_Brown @ <6128.453613, 26.445633, 2574.644531> ... Lifespan:  Set to 120 minutes.
[EOnDrop] Zombie Spawned [33] ZmbF_Clerk_Normal_White @ <6121.149902, 26.875744, 2583.799805> ... Lifespan:  Set to 120 minutes.
[EOnDrop] Zombie Spawned [34] ZmbM_Jacket_brown @ <6100.914063, 29.611532, 2571.816895> ... Lifespan:  Set to 120 minutes.
[EOnDrop] Zombie Spawned [35] ZmbM_CitizenASkinny_Brown @ <6135.244141, 22.585527, 2522.677734> ... Lifespan:  Set to 120 minutes.
[EOnDrop] Zombie Spawned [36] ZmbF_ShortSkirt_yellow @ <6147.553223, 20.952868, 2525.117676> ... Lifespan:  Set to 120 minutes.
[EOnDrop] Zombie Spawned [37] ZmbM_CitizenASkinny_Red @ <6106.084473, 29.005001, 2578.908203> ... Lifespan:  Set to 120 minutes.
[EOnDrop] Zombie Spawned [38] ZmbM_PolicemanSpecForce @ <6123.525391, 26.778887, 2568.995361> ... Lifespan:  Set to 120 minutes.
[EOnDrop] Zombie Spawned [39] ZmbF_Clerk_Normal_Blue @ <6134.251465, 26.473890, 2571.579102> ... Lifespan:  Set to 120 minutes.
[EOnDrop] Zombie Spawned [40] ZmbF_Clerk_Normal_Red @ <6128.185547, 23.469557, 2529.413574> ... Lifespan:  Set to 120 minutes.
[EOnDrop] Drop spawned with 40 infected at <6115.071777, 177.208755, 2560.370850>.
[EOnDrop] Supplies have been dropped near Chernogorks.
[EOnBeforeDelete] Aircraft despawned @ <6889.856934, 152.000610, -1000.545593>
[~AirdropPlane] Aircraft destroyed.
