[AirdropPlane] Aircraft created on 2021-03-04 @ 02-39-57
[InitializeAircraft] Aircraft Initialized: Northwest Airfield @ 4807/9812 (true)
[EOnBeforeDrop] The Aircraft is 1 Km from Northwest Airfield. @ <6200.887695, 496.817352, 9260.508789>
[EOnDrop] Zombie Spawned [1] ZmbM_PatrolNormal_Autumn @ <4878.427246, 339.500000, 9817.506836> ... Lifespan:  Set to 120 minutes.
[EOnDrop] Zombie Spawned [2] ZmbM_SoldierNormal @ <4869.666992, 339.802460, 9776.161133> ... Lifespan:  Set to 120 minutes.
[EOnDrop] Zombie Spawned [3] ZmbM_PatrolNormal_PautRev @ <4896.023926, 339.500000, 9803.447266> ... Lifespan:  Set to 120 minutes.
[EOnDrop] Zombie Spawned [4] ZmbM_SoldierNormal @ <4866.248535, 340.108368, 9783.121094> ... Lifespan:  Set to 120 minutes.
[EOnDrop] Zombie Spawned [5] ZmbM_PatrolNormal_Summer @ <4864.329590, 340.773712, 9778.305664> ... Lifespan:  Set to 120 minutes.
[EOnDrop] Zombie Spawned [6] ZmbM_PatrolNormal_PautRev @ <4889.934570, 339.500000, 9780.354492> ... Lifespan:  Set to 120 minutes.
[EOnDrop] Zombie Spawned [7] ZmbM_PatrolNormal_PautRev @ <4861.053223, 341.936462, 9742.854492> ... Lifespan:  Set to 120 minutes.
[EOnDrop] Zombie Spawned [8] ZmbM_PatrolNormal_PautRev @ <4900.101563, 339.500000, 9806.434570> ... Lifespan:  Set to 120 minutes.
[EOnDrop] Zombie Spawned [9] ZmbM_PatrolNormal_PautRev @ <4866.862305, 340.060669, 9778.444336> ... Lifespan:  Set to 120 minutes.
[EOnDrop] Zombie Spawned [10] ZmbM_PatrolNormal_Flat @ <4883.833496, 339.500000, 9796.090820> ... Lifespan:  Set to 120 minutes.
[EOnDrop] Zombie Spawned [11] ZmbM_PatrolNormal_PautRev @ <4900.845703, 339.500000, 9742.996094> ... Lifespan:  Set to 120 minutes.
[EOnDrop] Zombie Spawned [12] ZmbM_PatrolNormal_PautRev @ <4904.181641, 339.500000, 9808.810547> ... Lifespan:  Set to 120 minutes.
[EOnDrop] Zombie Spawned [13] ZmbM_PatrolNormal_Summer @ <4899.443359, 339.500000, 9803.280273> ... Lifespan:  Set to 120 minutes.
[EOnDrop] Zombie Spawned [14] ZmbM_PatrolNormal_Autumn @ <4859.682617, 341.988464, 9750.703125> ... Lifespan:  Set to 120 minutes.
[EOnDrop] Zombie Spawned [15] ZmbM_SoldierNormal @ <4883.112793, 340.293121, 9755.731445> ... Lifespan:  Set to 120 minutes.
[EOnDrop] Zombie Spawned [16] ZmbM_PatrolNormal_Summer @ <4841.369629, 341.802277, 9800.809570> ... Lifespan:  Set to 120 minutes.
[EOnDrop] Zombie Spawned [17] ZmbM_SoldierNormal @ <4880.984375, 339.500000, 9787.684570> ... Lifespan:  Set to 120 minutes.
[EOnDrop] Zombie Spawned [18] ZmbM_PatrolNormal_Autumn @ <4871.111816, 341.056671, 9762.708984> ... Lifespan:  Set to 120 minutes.
[EOnDrop] Zombie Spawned [19] ZmbM_PatrolNormal_PautRev @ <4865.289063, 340.371094, 9780.487305> ... Lifespan:  Set to 120 minutes.
[EOnDrop] Zombie Spawned [20] ZmbM_PatrolNormal_Summer @ <4874.576660, 339.500000, 9794.290039> ... Lifespan:  Set to 120 minutes.
[EOnDrop] Zombie Spawned [21] ZmbM_PatrolNormal_Summer @ <4878.758789, 339.500000, 9773.583984> ... Lifespan:  Set to 120 minutes.
[EOnDrop] Zombie Spawned [22] ZmbM_SoldierNormal @ <4875.132813, 339.500000, 9801.888672> ... Lifespan:  Set to 120 minutes.
[EOnDrop] Zombie Spawned [23] ZmbM_SoldierNormal @ <4905.045410, 339.500000, 9794.574219> ... Lifespan:  Set to 120 minutes.
[EOnDrop] Zombie Spawned [24] ZmbM_PatrolNormal_Autumn @ <4879.988281, 339.500000, 9795.092773> ... Lifespan:  Set to 120 minutes.
[EOnDrop] Zombie Spawned [25] ZmbM_PatrolNormal_PautRev @ <4892.458984, 339.500000, 9788.863281> ... Lifespan:  Set to 120 minutes.
[EOnDrop] Zombie Spawned [26] ZmbM_PatrolNormal_Autumn @ <4879.831055, 339.500000, 9811.900391> ... Lifespan:  Set to 120 minutes.
[EOnDrop] Zombie Spawned [27] ZmbM_SoldierNormal @ <4910.637695, 339.500000, 9809.700195> ... Lifespan:  Set to 120 minutes.
[EOnDrop] Zombie Spawned [28] ZmbM_PatrolNormal_Flat @ <4867.509766, 339.500000, 9814.062500> ... Lifespan:  Set to 120 minutes.
[EOnDrop] Zombie Spawned [29] ZmbM_PatrolNormal_Summer @ <4882.479492, 339.500000, 9788.104492> ... Lifespan:  Set to 120 minutes.
[EOnDrop] Zombie Spawned [30] ZmbM_PatrolNormal_Summer @ <4853.870605, 342.089478, 9740.072266> ... Lifespan:  Set to 120 minutes.
[EOnDrop] Zombie Spawned [31] ZmbM_PatrolNormal_Autumn @ <4867.409180, 341.399261, 9759.635742> ... Lifespan:  Set to 120 minutes.
[EOnDrop] Zombie Spawned [32] ZmbM_PatrolNormal_Flat @ <4869.002930, 339.549866, 9792.873047> ... Lifespan:  Set to 120 minutes.
[EOnDrop] Zombie Spawned [33] ZmbM_SoldierNormal @ <4881.398438, 339.500000, 9776.620117> ... Lifespan:  Set to 120 minutes.
[EOnDrop] Zombie Spawned [34] ZmbM_PatrolNormal_Autumn @ <4880.150391, 339.500000, 9780.281250> ... Lifespan:  Set to 120 minutes.
[EOnDrop] Zombie Spawned [35] ZmbM_PatrolNormal_Flat @ <4890.683594, 339.500000, 9796.788086> ... Lifespan:  Set to 120 minutes.
[EOnDrop] Zombie Spawned [36] ZmbM_PatrolNormal_Flat @ <4888.154297, 339.500000, 9776.819336> ... Lifespan:  Set to 120 minutes.
[EOnDrop] Zombie Spawned [37] ZmbM_SoldierNormal @ <4890.021484, 339.500000, 9816.574219> ... Lifespan:  Set to 120 minutes.
[EOnDrop] Zombie Spawned [38] ZmbM_PatrolNormal_Autumn @ <4837.973145, 342.362976, 9810.367188> ... Lifespan:  Set to 120 minutes.
[EOnDrop] Zombie Spawned [39] ZmbM_PatrolNormal_Autumn @ <4882.165039, 339.500000, 9779.842773> ... Lifespan:  Set to 120 minutes.
[EOnDrop] Zombie Spawned [40] ZmbM_PatrolNormal_PautRev @ <4850.030273, 341.449554, 9808.902344> ... Lifespan:  Set to 120 minutes.
[EOnDrop] Zombie Spawned [41] ZmbM_SoldierNormal @ <4875.582520, 339.500000, 9776.628906> ... Lifespan:  Set to 120 minutes.
[EOnDrop] Zombie Spawned [42] ZmbM_PatrolNormal_Autumn @ <4865.414063, 339.722443, 9805.594727> ... Lifespan:  Set to 120 minutes.
[EOnDrop] Zombie Spawned [43] ZmbM_SoldierNormal @ <4877.538086, 339.500000, 9790.423828> ... Lifespan:  Set to 120 minutes.
[EOnDrop] Zombie Spawned [44] ZmbM_PatrolNormal_Autumn @ <4876.117676, 339.500000, 9791.832031> ... Lifespan:  Set to 120 minutes.
[EOnDrop] Zombie Spawned [45] ZmbM_PatrolNormal_Summer @ <4855.963867, 340.862000, 9811.460938> ... Lifespan:  Set to 120 minutes.
[EOnDrop] Zombie Spawned [46] ZmbM_PatrolNormal_Summer @ <4871.540039, 339.500000, 9819.688477> ... Lifespan:  Set to 120 minutes.
[EOnDrop] Zombie Spawned [47] ZmbM_SoldierNormal @ <4862.788574, 341.750153, 9760.545898> ... Lifespan:  Set to 120 minutes.
[EOnDrop] Zombie Spawned [48] ZmbM_PatrolNormal_PautRev @ <4904.025879, 339.500000, 9796.867188> ... Lifespan:  Set to 120 minutes.
[EOnDrop] Zombie Spawned [49] ZmbM_PatrolNormal_Flat @ <4914.620605, 339.500000, 9758.240234> ... Lifespan:  Set to 120 minutes.
[EOnDrop] Zombie Spawned [50] ZmbM_PatrolNormal_Autumn @ <4847.073242, 342.670349, 9765.149414> ... Lifespan:  Set to 120 minutes.
[EOnDrop] Zombie Spawned [51] ZmbM_PatrolNormal_Flat @ <4893.847168, 339.500000, 9754.420898> ... Lifespan:  Set to 120 minutes.
[EOnDrop] Zombie Spawned [52] ZmbM_PatrolNormal_Flat @ <4878.606934, 340.871277, 9750.511719> ... Lifespan:  Set to 120 minutes.
[EOnDrop] Zombie Spawned [53] ZmbM_PatrolNormal_Autumn @ <4855.175293, 342.060303, 9746.163086> ... Lifespan:  Set to 120 minutes.
[EOnDrop] Zombie Spawned [54] ZmbM_PatrolNormal_Summer @ <4833.026855, 342.691040, 9782.407227> ... Lifespan:  Set to 120 minutes.
[EOnDrop] Zombie Spawned [55] ZmbM_PatrolNormal_Summer @ <4885.663086, 339.500000, 9784.815430> ... Lifespan:  Set to 120 minutes.
[EOnDrop] Zombie Spawned [56] ZmbM_PatrolNormal_Summer @ <4856.995605, 342.375763, 9766.909180> ... Lifespan:  Set to 120 minutes.
[EOnDrop] Zombie Spawned [57] ZmbM_PatrolNormal_Autumn @ <4851.329102, 341.394409, 9819.846680> ... Lifespan:  Set to 120 minutes.
[EOnDrop] Zombie Spawned [58] ZmbM_PatrolNormal_Summer @ <4895.795410, 339.500000, 9817.250000> ... Lifespan:  Set to 120 minutes.
[EOnDrop] Zombie Spawned [59] ZmbM_SoldierNormal @ <4854.083008, 340.577576, 9788.879883> ... Lifespan:  Set to 120 minutes.
[EOnDrop] Zombie Spawned [60] ZmbM_PatrolNormal_Flat @ <4845.681152, 340.525146, 9794.674805> ... Lifespan:  Set to 120 minutes.
[EOnDrop] Drop spawned with 60 infected at <4875.162109, 481.136383, 9785.169922>.
[EOnDrop] Supplies have been dropped near Northwest Airfield.
[EOnBeforeDelete] Aircraft despawned @ <-1001.303284, 540.023010, 12111.001953>
[~AirdropPlane] Aircraft destroyed.
