[InitializeContainer] Container created on 2021-04-14 @ 21-49-20
[InitializeContainer] Winds: Vector <10.881953, 0.000000, -0.418103>, Speed 10.89mps, Strength 0.1
[AirdropContainerFall] Drop Type 'Food/Medical', Container: 'AirdropContainer_Medical', Mode/Quantity/Iems: Random/20/11, Flare:  10%
[AirdropContainerFall] Loot Spawned [1] SpaghettiCan @ <4888.329590, 339.049988, 9800.777344> ... Lifespan: Set to 120 minutes.
[AirdropContainerFall] Loot Spawned [2] SpaghettiCan @ <4887.213379, 339.049988, 9802.191406> ... Lifespan: Set to 120 minutes.
[AirdropContainerFall] Loot Spawned [3] ToxicM18SmokeGrenade_Purple @ <4888.242188, 339.049988, 9801.983398> ... Lifespan: Set to 120 minutes.
[AirdropContainerFall] Loot Spawned [4] ToxicM18SmokeGrenade_Red @ <4888.345215, 339.049988, 9799.864258> ... Lifespan: Set to 120 minutes.
[AirdropContainerFall] Loot Spawned [5] ToxicCure @ <4885.741211, 339.049988, 9800.291016> ... Lifespan: Set to 120 minutes.
[AirdropContainerFall] Loot Spawned [6] ToxicCure @ <4885.759277, 339.049988, 9800.625977> ... Lifespan: Set to 120 minutes.
[AirdropContainerFall] Loot Spawned [7] ToxicM18SmokeGrenade_Red @ <4888.845703, 339.049988, 9802.116211> ... Lifespan: Set to 120 minutes.
[AirdropContainerFall] Loot Spawned [8] TacticalBaconCan @ <4889.718262, 339.049988, 9799.223633> ... Lifespan: Set to 120 minutes.
[AirdropContainerFall] Loot Spawned [9] ToxicCure @ <4887.104004, 339.049988, 9803.050781> ... Lifespan: Set to 120 minutes.
[AirdropContainerFall] Loot Spawned [10] Canteen @ <4887.541016, 339.049988, 9802.634766> ... Lifespan: Set to 120 minutes.
[AirdropContainerFall] Loot Spawned [11] PeachesCan @ <4888.434570, 339.049988, 9799.035156> ... Lifespan: Set to 120 minutes.
[AirdropContainerFall] Loot Spawned [12] ToxicCure @ <4887.862305, 339.049988, 9798.948242> ... Lifespan: Set to 120 minutes.
[AirdropContainerFall] Loot Spawned [13] VitaminBottle @ <4886.205078, 339.049988, 9797.765625> ... Lifespan: Set to 120 minutes.
[AirdropContainerFall] Loot Spawned [14] PeachesCan @ <4885.734375, 339.049988, 9801.299805> ... Lifespan: Set to 120 minutes.
[AirdropContainerFall] Loot Spawned [15] ToxicCure @ <4885.575195, 339.049988, 9798.286133> ... Lifespan: Set to 120 minutes.
[AirdropContainerFall] Loot Spawned [16] TunaCan @ <4888.014648, 339.049988, 9799.289063> ... Lifespan: Set to 120 minutes.
[AirdropContainerFall] Loot Spawned [17] ToxicM18SmokeGrenade_Green @ <4889.213867, 339.049988, 9801.666992> ... Lifespan: Set to 120 minutes.
[AirdropContainerFall] Loot Spawned [18] TacticalBaconCan @ <4887.147461, 339.049988, 9797.481445> ... Lifespan: Set to 120 minutes.
[AirdropContainerFall] Loot Spawned [19] ToxicCure @ <4886.165527, 339.049988, 9798.096680> ... Lifespan: Set to 120 minutes.
[AirdropContainerFall] Loot Spawned [20] TacticalBaconCan @ <4888.211426, 339.049988, 9801.995117> ... Lifespan: Set to 120 minutes.
[AirdropContainerUnstuck] Container was unstuck.
[~AirdropContainerBase] Container Destroyed on 2021-04-14 @ 22-00-22
