[AirdropPlane] Aircraft created on 2021-03-10 @ 05-17-01
[InitializeAircraft] Aircraft Initialized: Player Called @ 3214.53/6096.21 (false)
[EOnBeforeDrop] The Aircraft is 1 Km from called location. @ <2500.581055, 498.882446, 7413.217773>
[EOnDrop] Zombie Spawned [1] Animal_CanisLupus_Grey @ <3124.437500, 322.540070, 6181.480957> ... Lifespan:  Set to 120 minutes.
[EOnDrop] Zombie Spawned [2] ZmbM_HikerSkinny_Yellow @ <3175.931152, 314.293976, 6178.057617> ... Lifespan:  Set to 120 minutes.
[EOnDrop] Zombie Spawned [3] ZmbM_SoldierNormal @ <3193.937500, 305.622284, 6152.747559> ... Lifespan:  Set to 120 minutes.
[EOnDrop] Zombie Spawned [4] ZmbM_Jacket_bluechecks @ <3163.317139, 306.509338, 6144.655273> ... Lifespan:  Set to 120 minutes.
[EOnDrop] Zombie Spawned [5] Animal_CanisLupus_Grey @ <3142.523193, 313.703705, 6148.953125> ... Lifespan:  Set to 120 minutes.
[EOnDrop] Zombie Spawned [6] ZmbM_OffshoreWorker_Red @ <3162.224609, 312.976501, 6162.308105> ... Lifespan:  Set to 120 minutes.
[EOnDrop] Zombie Spawned [7] Animal_CanisLupus_White @ <3153.019531, 319.737854, 6184.812988> ... Lifespan:  Set to 120 minutes.
[EOnDrop] Zombie Spawned [8] Animal_CanisLupus_Grey @ <3149.603027, 316.544373, 6165.726563> ... Lifespan:  Set to 120 minutes.
[EOnDrop] Spawn failed for zombie [9] 'ZmbM_SurvivorDean_Blue', does not exist in DayZ!
[EOnDrop] Zombie Spawned [10] ZmbF_SurvivorNormal_Red @ <3136.545166, 314.361115, 6146.174805> ... Lifespan:  Set to 120 minutes.
[EOnDrop] Zombie Spawned [11] ZmbM_ConstrWorkerNormal_Green @ <3158.958008, 307.997070, 6145.887695> ... Lifespan:  Set to 120 minutes.
[EOnDrop] Zombie Spawned [12] Animal_CanisLupus_Grey @ <3175.609375, 322.383850, 6220.190430> ... Lifespan:  Set to 120 minutes.
[EOnDrop] Zombie Spawned [13] ZmbM_HikerSkinny_Blue @ <3176.429443, 311.623260, 6166.104004> ... Lifespan:  Set to 120 minutes.
[EOnDrop] Zombie Spawned [14] Animal_CanisLupus_White @ <3153.537598, 320.150330, 6187.520020> ... Lifespan:  Set to 120 minutes.
[EOnDrop] Zombie Spawned [15] Animal_CanisLupus_White @ <3172.361816, 302.704895, 6139.828613> ... Lifespan:  Set to 120 minutes.
[EOnDrop] Zombie Spawned [16] Animal_CanisLupus_White @ <3167.569092, 314.046082, 6169.590820> ... Lifespan:  Set to 120 minutes.
[EOnDrop] Zombie Spawned [17] ZmbM_PatrolNormal_Flat @ <3214.501953, 302.421600, 6156.571289> ... Lifespan:  Set to 120 minutes.
[EOnDrop] Zombie Spawned [18] Animal_CanisLupus_White @ <3204.927734, 306.365601, 6165.599609> ... Lifespan:  Set to 120 minutes.
[EOnDrop] Zombie Spawned [19] ZmbM_VillagerOld_Green @ <3174.932861, 301.233093, 6127.929199> ... Lifespan:  Set to 120 minutes.
[EOnDrop] Zombie Spawned [20] Animal_CanisLupus_White @ <3150.064209, 312.844574, 6152.971191> ... Lifespan:  Set to 120 minutes.
[EOnDrop] Zombie Spawned [21] ZmbM_OffshoreWorker_Yellow @ <3134.129883, 318.976959, 6166.724121> ... Lifespan:  Set to 120 minutes.
[EOnDrop] Zombie Spawned [22] Animal_CanisLupus_White @ <3188.538818, 309.648529, 6167.021973> ... Lifespan:  Set to 120 minutes.
[EOnDrop] Zombie Spawned [23] Animal_CanisLupus_Grey @ <3163.755127, 315.107361, 6171.002441> ... Lifespan:  Set to 120 minutes.
[EOnDrop] Zombie Spawned [24] ZmbM_ParamedicNormal_Black @ <3142.465332, 320.796661, 6182.217773> ... Lifespan:  Set to 120 minutes.
[EOnDrop] Zombie Spawned [25] ZmbM_SkaterYoung_Green @ <3179.612793, 315.620880, 6188.625000> ... Lifespan:  Set to 120 minutes.
[EOnDrop] Zombie Spawned [26] ZmbM_SoldierNormal @ <3145.634521, 320.443573, 6182.727539> ... Lifespan:  Set to 120 minutes.
[EOnDrop] Zombie Spawned [27] ZmbM_PatrolNormal_PautRev @ <3135.767822, 321.390106, 6181.081055> ... Lifespan:  Set to 120 minutes.
[EOnDrop] Zombie Spawned [28] ZmbF_ShortSkirt_stripes @ <3211.364014, 305.071503, 6165.166016> ... Lifespan:  Set to 120 minutes.
[EOnDrop] Zombie Spawned [29] ZmbF_MechanicNormal_Beige @ <3162.610352, 315.980591, 6173.852539> ... Lifespan:  Set to 120 minutes.
[EOnDrop] Zombie Spawned [30] ZmbM_FarmerFat_Beige @ <3203.147217, 312.758789, 6197.947754> ... Lifespan:  Set to 120 minutes.
[EOnDrop] Zombie Spawned [31] ZmbM_FishermanOld_Blue @ <3160.699951, 314.894928, 6167.863281> ... Lifespan:  Set to 120 minutes.
[EOnDrop] Zombie Spawned [32] ZmbF_PoliceWomanNormal @ <3156.985840, 306.807068, 6140.516113> ... Lifespan:  Set to 120 minutes.
[EOnDrop] Zombie Spawned [33] ZmbM_HandymanNormal_Beige @ <3178.895264, 314.218842, 6180.734375> ... Lifespan:  Set to 120 minutes.
[EOnDrop] Zombie Spawned [34] Animal_CanisLupus_Grey @ <3196.059082, 301.573303, 6137.330078> ... Lifespan:  Set to 120 minutes.
[EOnDrop] Zombie Spawned [35] ZmbM_HeavyIndustryWorker @ <3184.837158, 310.640076, 6168.442871> ... Lifespan:  Set to 120 minutes.
[EOnDrop] Zombie Spawned [36] ZmbF_SurvivorNormal_Red @ <3187.177979, 315.079742, 6193.763672> ... Lifespan:  Set to 120 minutes.
[EOnDrop] Zombie Spawned [37] ZmbM_CitizenBFat_Blue @ <3208.125244, 306.151855, 6167.609863> ... Lifespan:  Set to 120 minutes.
[EOnDrop] Zombie Spawned [38] ZmbF_MechanicNormal_Grey @ <3187.241211, 311.552216, 6175.737793> ... Lifespan:  Set to 120 minutes.
[EOnDrop] Zombie Spawned [39] ZmbM_PatrolNormal_Summer @ <3174.813721, 304.748077, 6146.847168> ... Lifespan:  Set to 120 minutes.
[EOnDrop] Zombie Spawned [40] Animal_CanisLupus_Grey @ <3184.974609, 318.782410, 6210.057617> ... Lifespan:  Set to 120 minutes.
[EOnDrop] Drop spawned with 40 infected at <3173.043945, 482.164703, 6173.587402>.
[EOnDrop] Supplies have been dropped near the player's location.
[EOnBeforeDelete] Aircraft despawned @ <7065.233398, 152.000610, -1000.827087>
[~AirdropPlane] Aircraft destroyed.
