[InitializeContainer] Container created on 2021-02-06 @ 02-06-25
[InitializeContainer] Winds: Vector <7.830131, 0.000000, -5.101945>, Speed 9.34563mps, Strength 0.1
[AirdropContainerFall] Drop Type 'Military Weapons', Container: 'AirdropContainer_Military', Mode/Quantity/Iems: Random/20/18, Flare:  10%
[AirdropContainerFall] Loot Spawned [1] Mag_STANAG_30Rnd @ <12246.489258, 140.050003, 12612.678711> ... Lifespan: Set to 120 minutes.
[AirdropContainerFall] Loot Spawned [2] Mosin9130 @ <12247.910156, 140.050003, 12613.546875> ... Lifespan: Set to 120 minutes.
[AirdropContainerFall] Spawn failed for item [3] 'PlateCarrierComplete', does not exist in DayZ!
[AirdropContainerFall] Spawn failed for item [4] 'PlateCarrierComplete', does not exist in DayZ!
[AirdropContainerFall] Loot Spawned [5] M4A1 @ <12251.008789, 140.050003, 12612.210938> ... Lifespan: Set to 120 minutes.
[AirdropContainerFall] Loot Spawned [6] AKM @ <12251.567383, 140.050003, 12611.265625> ... Lifespan: Set to 120 minutes.
[AirdropContainerFall] Loot Spawned [7] FNX45 @ <12249.375000, 140.050003, 12610.893555> ... Lifespan: Set to 120 minutes.
[AirdropContainerFall] Loot Spawned [8] Mosin9130 @ <12249.261719, 140.050003, 12613.685547> ... Lifespan: Set to 120 minutes.
[AirdropContainerFall] Loot Spawned [9] M4A1 @ <12250.155273, 140.050003, 12614.087891> ... Lifespan: Set to 120 minutes.
[AirdropContainerFall] Loot Spawned [10] LandMineTrap @ <12247.159180, 140.050003, 12611.610352> ... Lifespan: Set to 120 minutes.
[AirdropContainerFall] Loot Spawned [11] Mosin_Bayonet @ <12247.873047, 140.050003, 12613.153320> ... Lifespan: Set to 120 minutes.
[AirdropContainerFall] Loot Spawned [12] Izh18 @ <12251.021484, 140.050003, 12612.292969> ... Lifespan: Set to 120 minutes.
[AirdropContainerFall] Loot Spawned [13] AmmoBox_762x39_20Rnd @ <12247.433594, 140.050003, 12610.709961> ... Lifespan: Set to 120 minutes.
[AirdropContainerFall] Loot Spawned [14] MilitaryBoots_Redpunk @ <12248.191406, 140.050003, 12612.376953> ... Lifespan: Set to 120 minutes.
[AirdropContainerFall] Loot Spawned [15] TacticalBaconCan @ <12250.138672, 140.050003, 12610.441406> ... Lifespan: Set to 120 minutes.
[AirdropContainerFall] Loot Spawned [16] Mosin_Compensator @ <12246.738281, 140.050003, 12611.733398> ... Lifespan: Set to 120 minutes.
[AirdropContainerFall] Loot Spawned [17] Izh18 @ <12250.128906, 140.050003, 12614.532227> ... Lifespan: Set to 120 minutes.
[AirdropContainerFall] Loot Spawned [18] LargeTent @ <12249.985352, 140.050003, 12612.976563> ... Lifespan: Set to 120 minutes.
[AirdropContainerFall] Loot Spawned [19] Izh18 @ <12252.271484, 140.050003, 12612.403320> ... Lifespan: Set to 120 minutes.
[AirdropContainerFall] Loot Spawned [20] LandMineTrap @ <12251.732422, 140.050003, 12611.409180> ... Lifespan: Set to 120 minutes.
[AirdropContainerUnstuck] Container was unstuck.
[~AirdropContainerBase] Container Destroyed on 2021-02-06 @ 03-06-41
