[AirdropBase] Base class created & settings loaded.
[2021-04-04 @ 18-03-47] ----------------------------------------------------------------------------------------------------
[EOnCallAirdrop] Drop zone asigned: Krasnostav <12159.000000, 0.000000, 12583.000000>
[EOnCallAirdrop] Drop zone offset to: <12156.960938, 2438.000000, 12583.706055>
[EOnCallAirdrop] Aircraft spawn point: <1316.821167, 2438.000000, 16360.000000>
[EOnCallAirdrop] Aircraft bearing ... Angle/Bearing: 2.80638° / 289.206°, Text: 'West (289°)'
[EOnCallAirdrop] Aircraft has been dispatched to 'Krasnostav' from the West (289°).
[2021-04-04 @ 19-04-58] ----------------------------------------------------------------------------------------------------
[EOnCallAirdrop] Drop zone asigned: Chernogorks <6128.000000, 0.000000, 2497.000000>
[EOnCallAirdrop] Drop zone offset to: <6177.381836, 2438.000000, 2484.919922>
[EOnCallAirdrop] Aircraft spawn point: <1994.966919, 2438.000000, -1000.000000>
[EOnCallAirdrop] Aircraft bearing ... Angle/Bearing: -2.43936° / 229.765°, Text: 'South/West (230°)'
[EOnCallAirdrop] Aircraft has been dispatched to 'Chernogorks' from the South/West (230°).
[ReplaceAirdropFlare] 'Road Flare' activted in player's hand (Mr Wolf).
[2021-04-04 @ 19-08-44] ----------------------------------------------------------------------------------------------------
[EOnCallAirdrop] Drop zone asigned: Player Called <10998.834961, 8.518777, 2962.065918>
[EOnCallAirdrop] Drop zone offset to: <11001.122070, 2438.000000, 2971.908203>
[EOnCallAirdrop] Aircraft spawn point: <-1000.000000, 2438.000000, 5363.443848>
[EOnCallAirdrop] Aircraft bearing ... Angle/Bearing: 2.94407° / 281.317°, Text: 'West (281°)'
[EOnCallAirdrop] Aircraft was dispatched to the player's location (-1000/5363.44) from the West (281°).
[ReplaceAirdropFlare] 'Road Flare' activted in player's hand (Mrs Wolf).
[2021-04-04 @ 19-08-50] ----------------------------------------------------------------------------------------------------
[EOnCallAirdrop] Drop zone asigned: Player Called <11002.819336, 8.303422, 2963.930420>
[EOnCallAirdrop] Drop zone offset to: <10941.943359, 2438.000000, 2985.025146>
[EOnCallAirdrop] Aircraft spawn point: <6034.702148, 2438.000000, -1000.000000>
[EOnCallAirdrop] Aircraft bearing ... Angle/Bearing: -2.46815° / 231.415°, Text: 'South/West (231°)'
[EOnCallAirdrop] Aircraft was dispatched to the player's location (6034.7/-1000) from the South/West (231°).
[2021-04-04 @ 20-06-08] ----------------------------------------------------------------------------------------------------
[EOnCallAirdrop] Drop zone asigned: Balota <5043.000000, 0.000000, 2505.000000>
[EOnCallAirdrop] Drop zone offset to: <5047.297852, 2438.000000, 2581.471680>
[EOnCallAirdrop] Aircraft spawn point: <16360.000000, 2438.000000, 9312.583008>
[EOnCallAirdrop] Aircraft bearing ... Angle/Bearing: 0.541548° / 58.9716°, Text: 'North/East (59°)'
[EOnCallAirdrop] Aircraft has been dispatched to 'Balota' from the North/East (59°).
[2021-04-04 @ 21-07-19] ----------------------------------------------------------------------------------------------------
[EOnCallAirdrop] Drop zone asigned: Northwest Airfield <4807.000000, 0.000000, 9812.000000>
[EOnCallAirdrop] Drop zone offset to: <4805.722656, 2438.000000, 9825.547852>
[EOnCallAirdrop] Aircraft spawn point: <16360.000000, 2438.000000, 5503.840820>
[EOnCallAirdrop] Aircraft bearing ... Angle/Bearing: -0.356932° / 110.451°, Text: 'East (110°)'
[EOnCallAirdrop] Aircraft has been dispatched to 'Northwest Airfield' from the East (110°).
