[AirdropPlane] Aircraft created on 2021-04-07 @ 17-04-13
[InitializeAircraft] Aircraft Initialized: Novodmitrovsk @ 11125/14040 (true)
[EOnBeforeDrop] The Aircraft is 1 Km from Novodmitrovsk. @ <11179.961914, 319.348419, 15538.785156>
[EOnDrop] Spawn failed for zombie [1] 'ZmbM_JacketNormal_greenchecks', it does not exist in DayZ!
[EOnDrop] Zombie Spawned [2] ZmbM_Jacket_khaki @ <11126.809570, 64.482773, 14164.995117> ... Lifespan:  Set to 120 minutes.
[EOnDrop] Zombie Spawned [3] ZmbM_JoggerSkinny_Blue @ <11099.116211, 64.656281, 14145.144531> ... Lifespan:  Set to 120 minutes.
[EOnDrop] Zombie Spawned [4] ZmbF_ShortSkirt_green @ <11078.899414, 66.671188, 14129.710938> ... Lifespan:  Set to 120 minutes.
[EOnDrop] Zombie Spawned [5] ZmbM_JoggerSkinny_Blue @ <11116.438477, 67.096611, 14131.314453> ... Lifespan:  Set to 120 minutes.
[EOnDrop] Zombie Spawned [6] ZmbF_ShortSkirt_stripes @ <11127.249023, 67.422165, 14140.102539> ... Lifespan:  Set to 120 minutes.
[EOnDrop] Zombie Spawned [7] ZmbF_JournalistNormal_White @ <11173.431641, 69.644547, 14149.140625> ... Lifespan:  Set to 120 minutes.
[EOnDrop] Zombie Spawned [8] ZmbF_JoggerSkinny_Red @ <11115.842773, 63.988453, 14174.354492> ... Lifespan:  Set to 120 minutes.
[EOnDrop] Zombie Spawned [9] ZmbM_Jacket_beige @ <11139.874023, 79.661858, 14081.827148> ... Lifespan:  Set to 120 minutes.
[EOnDrop] Zombie Spawned [10] ZmbF_ShortSkirt_stripes @ <11156.082031, 75.010178, 14113.865234> ... Lifespan:  Set to 120 minutes.
[EOnDrop] Zombie Spawned [11] ZmbM_ClerkFat_White @ <11107.365234, 64.340698, 14168.429688> ... Lifespan:  Set to 120 minutes.
[EOnDrop] Zombie Spawned [12] ZmbF_JournalistNormal_Blue @ <11139.763672, 74.764206, 14106.503906> ... Lifespan:  Set to 120 minutes.
[EOnDrop] Zombie Spawned [13] ZmbF_JoggerSkinny_Blue @ <11118.716797, 64.487915, 14164.498047> ... Lifespan:  Set to 120 minutes.
[EOnDrop] Zombie Spawned [14] ZmbM_CommercialPilotOld_Blue @ <11134.239258, 69.478249, 14129.049805> ... Lifespan:  Set to 120 minutes.
[EOnDrop] Zombie Spawned [15] ZmbM_SkaterYoung_Grey @ <11137.311523, 64.064835, 14172.878906> ... Lifespan:  Set to 120 minutes.
[EOnDrop] Zombie Spawned [16] ZmbM_PolicemanFat @ <11117.154297, 77.898827, 14083.453125> ... Lifespan:  Set to 120 minutes.
[EOnDrop] Zombie Spawned [17] ZmbM_CitizenBFat_Green @ <11108.598633, 75.782059, 14091.519531> ... Lifespan:  Set to 120 minutes.
[EOnDrop] Zombie Spawned [18] ZmbM_CitizenASkinny_Blue @ <11140.384766, 74.055855, 14109.500000> ... Lifespan:  Set to 120 minutes.
[EOnDrop] Zombie Spawned [19] ZmbM_Jacket_beige @ <11109.213867, 66.893639, 14127.376953> ... Lifespan:  Set to 120 minutes.
[EOnDrop] Zombie Spawned [20] ZmbM_SkaterYoung_Blue @ <11148.391602, 70.303749, 14130.529297> ... Lifespan:  Set to 120 minutes.
[EOnDrop] Zombie Spawned [21] ZmbM_CitizenASkinny_Brown @ <11129.329102, 66.394981, 14144.016602> ... Lifespan:  Set to 120 minutes.
[EOnDrop] Zombie Spawned [22] ZmbM_Jacket_grey @ <11132.596680, 68.868202, 14133.417969> ... Lifespan:  Set to 120 minutes.
[EOnDrop] Zombie Spawned [23] ZmbF_ShortSkirt_red @ <11113.912109, 65.958458, 14135.702148> ... Lifespan:  Set to 120 minutes.
[EOnDrop] Zombie Spawned [24] ZmbF_ShortSkirt_white @ <11139.586914, 74.944023, 14105.370117> ... Lifespan:  Set to 120 minutes.
[EOnDrop] Zombie Spawned [25] ZmbM_Jacket_black @ <11081.344727, 65.312500, 14136.615234> ... Lifespan:  Set to 120 minutes.
[EOnDrop] Zombie Spawned [26] ZmbF_CitizenBSkinny @ <11119.451172, 64.433258, 14155.377930> ... Lifespan:  Set to 120 minutes.
[EOnDrop] Zombie Spawned [27] ZmbF_PoliceWomanNormal @ <11139.123047, 64.290451, 14159.574219> ... Lifespan:  Set to 120 minutes.
[EOnDrop] Zombie Spawned [28] ZmbM_CitizenBFat_Blue @ <11137.388672, 70.045738, 14127.349609> ... Lifespan:  Set to 120 minutes.
[EOnDrop] Zombie Spawned [29] ZmbF_ShortSkirt_white @ <11129.767578, 75.337929, 14097.958008> ... Lifespan:  Set to 120 minutes.
[EOnDrop] Zombie Spawned [30] ZmbM_ClerkFat_Grey @ <11085.417969, 65.100662, 14150.965820> ... Lifespan:  Set to 120 minutes.
[EOnDrop] Zombie Spawned [31] ZmbM_CitizenASkinny_Blue @ <11118.121094, 72.187279, 14107.982422> ... Lifespan:  Set to 120 minutes.
[EOnDrop] Zombie Spawned [32] ZmbM_CitizenASkinny_Blue @ <11123.066406, 68.714561, 14128.040039> ... Lifespan:  Set to 120 minutes.
[EOnDrop] Zombie Spawned [33] ZmbF_JoggerSkinny_Blue @ <11145.989258, 72.408798, 14118.302734> ... Lifespan:  Set to 120 minutes.
[EOnDrop] Zombie Spawned [34] ZmbM_CitizenBFat_Red @ <11119.943359, 69.570313, 14122.099609> ... Lifespan:  Set to 120 minutes.
[EOnDrop] Zombie Spawned [35] ZmbM_CitizenBFat_Blue @ <11164.777344, 68.206787, 14148.825195> ... Lifespan:  Set to 120 minutes.
[EOnDrop] Zombie Spawned [36] ZmbM_ParamedicNormal_Blue @ <11120.625000, 69.909775, 14120.457031> ... Lifespan:  Set to 120 minutes.
[EOnDrop] Zombie Spawned [37] ZmbF_ParamedicNormal_Red @ <11134.509766, 70.791550, 14120.925781> ... Lifespan:  Set to 120 minutes.
[EOnDrop] Zombie Spawned [38] ZmbF_CitizenANormal_Blue @ <11132.248047, 75.069275, 14100.520508> ... Lifespan:  Set to 120 minutes.
[EOnDrop] Zombie Spawned [39] ZmbF_JournalistNormal_Red @ <11114.008789, 66.333656, 14133.733398> ... Lifespan:  Set to 120 minutes.
[EOnDrop] Zombie Spawned [40] ZmbF_ShortSkirt_brown @ <11156.189453, 78.260880, 14097.915039> ... Lifespan:  Set to 120 minutes.
[EOnDrop] Spawn failed for zombie [41] 'ZmbM_JacketNormal_greenchecks', it does not exist in DayZ!
[EOnDrop] Zombie Spawned [42] ZmbM_ClerkFat_Grey @ <11116.352539, 67.968628, 14127.194336> ... Lifespan:  Set to 120 minutes.
[EOnDrop] Zombie Spawned [43] ZmbF_SkaterYoung_Striped @ <11145.280273, 67.596184, 14146.541992> ... Lifespan:  Set to 120 minutes.
[EOnDrop] Zombie Spawned [44] ZmbM_JoggerSkinny_Green @ <11129.378906, 68.339523, 14135.819336> ... Lifespan:  Set to 120 minutes.
[EOnDrop] Zombie Spawned [45] ZmbM_ClerkFat_Brown @ <11134.228516, 69.255310, 14131.007813> ... Lifespan:  Set to 120 minutes.
[EOnDrop] Zombie Spawned [46] ZmbM_CitizenASkinny_Red @ <11130.560547, 68.542084, 14134.667969> ... Lifespan:  Set to 120 minutes.
[EOnDrop] Zombie Spawned [47] ZmbM_JoggerSkinny_Red @ <11167.301758, 71.410713, 14134.684570> ... Lifespan:  Set to 120 minutes.
[EOnDrop] Zombie Spawned [48] ZmbF_ParamedicNormal_Red @ <11104.472656, 64.566376, 14161.407227> ... Lifespan:  Set to 120 minutes.
[EOnDrop] Zombie Spawned [49] ZmbM_DoctorFat @ <11142.701172, 70.221115, 14128.133789> ... Lifespan:  Set to 120 minutes.
[EOnDrop] Zombie Spawned [50] ZmbM_ParamedicNormal_Blue @ <11140.324219, 68.099632, 14141.205078> ... Lifespan:  Set to 120 minutes.
[EOnDrop] Zombie Spawned [51] ZmbF_ShortSkirt_black @ <11124.141602, 68.033890, 14135.341797> ... Lifespan:  Set to 120 minutes.
[EOnDrop] Zombie Spawned [52] ZmbF_JournalistNormal_White @ <11134.151367, 70.866005, 14120.349609> ... Lifespan:  Set to 120 minutes.
[EOnDrop] Zombie Spawned [53] ZmbM_PatrolNormal_Flat @ <11144.454102, 72.361732, 14117.364258> ... Lifespan:  Set to 120 minutes.
[EOnDrop] Zombie Spawned [54] ZmbF_ShortSkirt_brown @ <11134.000977, 69.020958, 14133.364258> ... Lifespan:  Set to 120 minutes.
[EOnDrop] Zombie Spawned [55] ZmbM_Jacket_grey @ <11119.164063, 66.724640, 14140.314453> ... Lifespan:  Set to 120 minutes.
[EOnDrop] Zombie Spawned [56] ZmbF_ShortSkirt_yellow @ <11113.012695, 65.528053, 14138.937500> ... Lifespan:  Set to 120 minutes.
[EOnDrop] Zombie Spawned [57] ZmbM_Jacket_beige @ <11115.017578, 66.347496, 14134.099609> ... Lifespan:  Set to 120 minutes.
[EOnDrop] Zombie Spawned [58] ZmbF_CitizenANormal_Beige @ <11138.411133, 73.671501, 14109.967773> ... Lifespan:  Set to 120 minutes.
[EOnDrop] Zombie Spawned [59] ZmbM_Jacket_khaki @ <11120.111328, 70.623360, 14116.201172> ... Lifespan:  Set to 120 minutes.
[EOnDrop] Zombie Spawned [60] ZmbM_ClerkFat_Grey @ <11131.477539, 69.759537, 14125.643555> ... Lifespan:  Set to 120 minutes.
[EOnDrop] Zombie Spawned [61] ZmbM_Jacket_greenchecks @ <11118.571289, 71.822830, 14109.871094> ... Lifespan:  Set to 120 minutes.
[EOnDrop] Zombie Spawned [62] ZmbM_CitizenBFat_Green @ <11124.828125, 64.413879, 14170.446289> ... Lifespan:  Set to 120 minutes.
[EOnDrop] Zombie Spawned [63] ZmbF_CitizenANormal_Blue @ <11113.053711, 64.350571, 14168.248047> ... Lifespan:  Set to 120 minutes.
[EOnDrop] Zombie Spawned [64] ZmbF_ShortSkirt_stripes @ <11125.383789, 64.405624, 14155.344727> ... Lifespan:  Set to 120 minutes.
[EOnDrop] Zombie Spawned [65] ZmbM_CitizenASkinny_Blue @ <11153.718750, 63.731991, 14171.777344> ... Lifespan:  Set to 120 minutes.
[EOnDrop] Zombie Spawned [66] ZmbM_SkaterYoung_Grey @ <11088.875977, 73.183022, 14102.491211> ... Lifespan:  Set to 120 minutes.
[EOnDrop] Zombie Spawned [67] ZmbF_SkaterYoung_Striped @ <11162.770508, 78.046066, 14103.427734> ... Lifespan:  Set to 120 minutes.
[EOnDrop] Zombie Spawned [68] ZmbM_ParamedicNormal_Black @ <11165.147461, 72.233528, 14130.741211> ... Lifespan:  Set to 120 minutes.
[EOnDrop] Zombie Spawned [69] ZmbM_PolicemanFat @ <11140.499023, 68.555313, 14137.761719> ... Lifespan:  Set to 120 minutes.
[EOnDrop] Zombie Spawned [70] ZmbM_CitizenASkinny_Blue @ <11113.260742, 66.330215, 14133.431641> ... Lifespan:  Set to 120 minutes.
[EOnDrop] Zombie Spawned [71] ZmbF_Clerk_Normal_Blue @ <11127.527344, 71.526932, 14114.245117> ... Lifespan:  Set to 120 minutes.
[EOnDrop] Zombie Spawned [72] ZmbF_JoggerSkinny_Blue @ <11150.897461, 72.045364, 14124.828125> ... Lifespan:  Set to 120 minutes.
[EOnDrop] Zombie Spawned [73] ZmbF_DoctorSkinny @ <11083.999023, 65.223389, 14152.519531> ... Lifespan:  Set to 120 minutes.
[EOnDrop] Spawn failed for zombie [74] 'ZmbM_JacketNormal_greenchecks', it does not exist in DayZ!
[EOnDrop] Zombie Spawned [75] ZmbF_ShortSkirt_brown @ <11109.051758, 63.230305, 14175.432617> ... Lifespan:  Set to 120 minutes.
[EOnDrop] Zombie Spawned [76] ZmbF_ShortSkirt_white @ <11160.179688, 74.107628, 14120.213867> ... Lifespan:  Set to 120 minutes.
[EOnDrop] Zombie Spawned [77] ZmbM_ClerkFat_Grey @ <11132.626953, 69.461151, 14127.948242> ... Lifespan:  Set to 120 minutes.
[EOnDrop] Zombie Spawned [78] ZmbF_ShortSkirt_checks @ <11118.364258, 67.675568, 14129.874023> ... Lifespan:  Set to 120 minutes.
[EOnDrop] Zombie Spawned [79] ZmbM_CommercialPilotOld_Olive @ <11163.552734, 69.958237, 14138.656250> ... Lifespan:  Set to 120 minutes.
[EOnDrop] Zombie Spawned [80] ZmbF_ParamedicNormal_Red @ <11112.659180, 66.773956, 14129.880859> ... Lifespan:  Set to 120 minutes.
[EOnDrop] Zombie Spawned [81] ZmbF_DoctorSkinny @ <11149.274414, 65.028374, 14157.862305> ... Lifespan:  Set to 120 minutes.
[EOnDrop] Zombie Spawned [82] ZmbF_ShortSkirt_checks @ <11123.156250, 65.116386, 14149.104492> ... Lifespan:  Set to 120 minutes.
[EOnDrop] Zombie Spawned [83] ZmbM_CitizenASkinny_Red @ <11123.813477, 67.969681, 14135.842773> ... Lifespan:  Set to 120 minutes.
[EOnDrop] Zombie Spawned [84] ZmbF_JoggerSkinny_Blue @ <11088.725586, 68.972717, 14117.064453> ... Lifespan:  Set to 120 minutes.
[EOnDrop] Zombie Spawned [85] ZmbM_CitizenBFat_Blue @ <11149.477539, 73.188499, 14117.808594> ... Lifespan:  Set to 120 minutes.
[EOnDrop] Zombie Spawned [86] ZmbF_Clerk_Normal_White @ <11113.709961, 69.224213, 14120.742188> ... Lifespan:  Set to 120 minutes.
[EOnDrop] Spawn failed for zombie [87] 'ZmbM_JacketNormal_greenchecks', it does not exist in DayZ!
[EOnDrop] Zombie Spawned [88] ZmbF_SkaterYoung_Brown @ <11165.206055, 73.840202, 14122.928711> ... Lifespan:  Set to 120 minutes.
[EOnDrop] Zombie Spawned [89] ZmbM_ClerkFat_Brown @ <11096.606445, 64.689850, 14144.137695> ... Lifespan:  Set to 120 minutes.
[EOnDrop] Zombie Spawned [90] ZmbM_CitizenASkinny_Brown @ <11090.875000, 71.189278, 14107.875977> ... Lifespan:  Set to 120 minutes.
[EOnDrop] Zombie Spawned [91] ZmbF_ShortSkirt_red @ <11115.172852, 74.174400, 14098.508789> ... Lifespan:  Set to 120 minutes.
[EOnDrop] Zombie Spawned [92] ZmbF_JournalistNormal_White @ <11174.710938, 76.563454, 14117.421875> ... Lifespan:  Set to 120 minutes.
[EOnDrop] Zombie Spawned [93] ZmbM_CommercialPilotOld_Blue @ <11167.921875, 66.607712, 14154.794922> ... Lifespan:  Set to 120 minutes.
[EOnDrop] Zombie Spawned [94] ZmbM_Jacket_blue @ <11130.634766, 67.935051, 14138.661133> ... Lifespan:  Set to 120 minutes.
[EOnDrop] Zombie Spawned [95] ZmbF_JoggerSkinny_Blue @ <11174.471680, 71.649803, 14142.986328> ... Lifespan:  Set to 120 minutes.
[EOnDrop] Zombie Spawned [96] ZmbM_ClerkFat_Grey @ <11123.929688, 69.964340, 14121.422852> ... Lifespan:  Set to 120 minutes.
[EOnDrop] Zombie Spawned [97] ZmbM_Jacket_khaki @ <11113.983398, 66.710831, 14131.702148> ... Lifespan:  Set to 120 minutes.
[EOnDrop] Zombie Spawned [98] ZmbM_PrisonerSkinny @ <11112.050781, 73.916412, 14099.195313> ... Lifespan:  Set to 120 minutes.
[EOnDrop] Zombie Spawned [99] ZmbF_ShortSkirt_green @ <11117.451172, 64.342331, 14169.363281> ... Lifespan:  Set to 120 minutes.
[EOnDrop] Zombie Spawned [100] ZmbF_JournalistNormal_Blue @ <11115.581055, 72.684563, 14104.925781> ... Lifespan:  Set to 120 minutes.
[EOnDrop] Zombie Spawned [101] ZmbM_JoggerSkinny_Blue @ <11109.064453, 65.908409, 14132.448242> ... Lifespan:  Set to 120 minutes.
[EOnDrop] Zombie Spawned [102] ZmbM_Jacket_khaki @ <11118.982422, 64.491241, 14162.528320> ... Lifespan:  Set to 120 minutes.
[EOnDrop] Zombie Spawned [103] ZmbF_SkaterYoung_Brown @ <11139.872070, 74.885696, 14105.894531> ... Lifespan:  Set to 120 minutes.
[EOnDrop] Zombie Spawned [104] ZmbF_ShortSkirt_beige @ <11133.814453, 77.165558, 14090.720703> ... Lifespan:  Set to 120 minutes.
[EOnDrop] Zombie Spawned [105] ZmbF_NurseFat @ <11124.921875, 66.097336, 14144.642578> ... Lifespan:  Set to 120 minutes.
[EOnDrop] Zombie Spawned [106] ZmbF_CitizenANormal_Blue @ <11142.073242, 64.025467, 14164.404297> ... Lifespan:  Set to 120 minutes.
[EOnDrop] Zombie Spawned [107] ZmbM_ClerkFat_Grey @ <11160.233398, 76.441772, 14109.885742> ... Lifespan:  Set to 120 minutes.
[EOnDrop] Zombie Spawned [108] ZmbM_Jacket_greenchecks @ <11133.299805, 66.844017, 14144.466797> ... Lifespan:  Set to 120 minutes.
[EOnDrop] Zombie Spawned [109] ZmbM_CitizenBFat_Blue @ <11095.189453, 66.756447, 14126.998047> ... Lifespan:  Set to 120 minutes.
[EOnDrop] Zombie Spawned [110] ZmbM_CitizenASkinny_Grey @ <11095.611328, 64.588676, 14138.516602> ... Lifespan:  Set to 120 minutes.
[EOnDrop] Zombie Spawned [111] ZmbM_PatrolNormal_Summer @ <11135.436523, 72.659660, 14112.439453> ... Lifespan:  Set to 120 minutes.
[EOnDrop] Zombie Spawned [112] ZmbM_SkaterYoung_Green @ <11112.669922, 74.860085, 14095.338867> ... Lifespan:  Set to 120 minutes.
[EOnDrop] Zombie Spawned [113] ZmbF_CitizenANormal_Brown @ <11112.292969, 64.710678, 14150.433594> ... Lifespan:  Set to 120 minutes.
[EOnDrop] Zombie Spawned [114] ZmbM_ClerkFat_Grey @ <11119.536133, 64.227280, 14172.291016> ... Lifespan:  Set to 120 minutes.
[EOnDrop] Zombie Spawned [115] ZmbM_Jacket_magenta @ <11155.150391, 75.039932, 14113.352539> ... Lifespan:  Set to 120 minutes.
[EOnDrop] Zombie Spawned [116] ZmbM_CitizenBFat_Green @ <11123.419922, 69.437828, 14124.186523> ... Lifespan:  Set to 120 minutes.
[EOnDrop] Zombie Spawned [117] ZmbF_SkaterYoung_Brown @ <11107.739258, 74.156410, 14097.819336> ... Lifespan:  Set to 120 minutes.
[EOnDrop] Zombie Spawned [118] ZmbM_CommercialPilotOld_Grey @ <11142.722656, 69.075798, 14134.843750> ... Lifespan:  Set to 120 minutes.
[EOnDrop] Zombie Spawned [119] ZmbM_CitizenASkinny_Brown @ <11136.004883, 71.892342, 14115.173828> ... Lifespan:  Set to 120 minutes.
[EOnDrop] Spawn failed for zombie [120] 'ZmbM_JacketNormal_greenchecks', it does not exist in DayZ!
[EOnDrop] Zombie Spawned [121] ZmbM_PolicemanFat @ <11132.197266, 68.103355, 14138.311523> ... Lifespan:  Set to 120 minutes.
[EOnDrop] Zombie Spawned [122] ZmbM_DoctorFat @ <11126.606445, 64.436279, 14157.521484> ... Lifespan:  Set to 120 minutes.
[EOnDrop] Zombie Spawned [123] ZmbM_ParamedicNormal_Red @ <11158.054688, 72.363640, 14127.725586> ... Lifespan:  Set to 120 minutes.
[EOnDrop] Zombie Spawned [124] ZmbM_ClerkFat_White @ <11101.135742, 69.295502, 14116.225586> ... Lifespan:  Set to 120 minutes.
[EOnDrop] Zombie Spawned [125] ZmbM_JoggerSkinny_Green @ <11143.405273, 68.487801, 14138.419922> ... Lifespan:  Set to 120 minutes.
[EOnDrop] Zombie Spawned [126] ZmbF_SkaterYoung_Violet @ <11165.525391, 67.920059, 14150.301758> ... Lifespan:  Set to 120 minutes.
[EOnDrop] Zombie Spawned [127] ZmbF_SkaterYoung_Violet @ <11143.533203, 64.929146, 14157.016602> ... Lifespan:  Set to 120 minutes.
[EOnDrop] Zombie Spawned [128] ZmbF_ShortSkirt_black @ <11107.045898, 64.530403, 14158.517578> ... Lifespan:  Set to 120 minutes.
[EOnDrop] Zombie Spawned [129] ZmbM_PatrolNormal_Autumn @ <11101.031250, 74.947464, 14095.116211> ... Lifespan:  Set to 120 minutes.
[EOnDrop] Zombie Spawned [130] ZmbF_ShortSkirt_stripes @ <11150.147461, 78.464760, 14093.043945> ... Lifespan:  Set to 120 minutes.
[EOnDrop] Zombie Spawned [131] ZmbF_NurseFat @ <11128.741211, 69.928001, 14123.518555> ... Lifespan:  Set to 120 minutes.
[EOnDrop] Zombie Spawned [132] ZmbF_JournalistNormal_White @ <11160.475586, 64.729240, 14159.445313> ... Lifespan:  Set to 120 minutes.
[EOnDrop] Zombie Spawned [133] ZmbF_ParamedicNormal_Blue @ <11162.148438, 73.617172, 14123.250977> ... Lifespan:  Set to 120 minutes.
[EOnDrop] Zombie Spawned [134] ZmbM_SkaterYoung_Blue @ <11128.296875, 63.471142, 14179.430664> ... Lifespan:  Set to 120 minutes.
[EOnDrop] Zombie Spawned [135] ZmbF_JournalistNormal_Red @ <11129.549805, 64.464333, 14166.865234> ... Lifespan:  Set to 120 minutes.
[EOnDrop] Zombie Spawned [136] ZmbM_Jacket_stripes @ <11126.356445, 64.489105, 14163.868164> ... Lifespan:  Set to 120 minutes.
[EOnDrop] Zombie Spawned [137] ZmbM_PatrolNormal_Summer @ <11122.613281, 77.173149, 14086.976563> ... Lifespan:  Set to 120 minutes.
[EOnDrop] Zombie Spawned [138] ZmbF_ParamedicNormal_Green @ <11128.897461, 75.729515, 14095.616211> ... Lifespan:  Set to 120 minutes.
[EOnDrop] Zombie Spawned [139] ZmbM_Jacket_grey @ <11110.761719, 65.211128, 14144.038086> ... Lifespan:  Set to 120 minutes.
[EOnDrop] Zombie Spawned [140] ZmbF_JournalistNormal_Red @ <11106.738281, 77.009232, 14087.071289> ... Lifespan:  Set to 120 minutes.
[EOnDrop] Zombie Spawned [141] ZmbM_Jacket_magenta @ <11138.207031, 79.491089, 14081.891602> ... Lifespan:  Set to 120 minutes.
[EOnDrop] Zombie Spawned [142] ZmbF_ShortSkirt_green @ <11133.350586, 68.536949, 14136.460938> ... Lifespan:  Set to 120 minutes.
[EOnDrop] Zombie Spawned [143] ZmbF_JournalistNormal_White @ <11165.908203, 70.991386, 14135.428711> ... Lifespan:  Set to 120 minutes.
[EOnDrop] Zombie Spawned [144] ZmbF_JournalistNormal_White @ <11114.567383, 66.266228, 14134.333984> ... Lifespan:  Set to 120 minutes.
[EOnDrop] Zombie Spawned [145] ZmbM_PatientSkinny @ <11132.475586, 71.335411, 14116.934570> ... Lifespan:  Set to 120 minutes.
[EOnDrop] Zombie Spawned [146] ZmbF_JoggerSkinny_Green @ <11145.859375, 63.991428, 14161.333984> ... Lifespan:  Set to 120 minutes.
[EOnDrop] Zombie Spawned [147] ZmbM_Jacket_black @ <11099.949219, 70.271385, 14111.638672> ... Lifespan:  Set to 120 minutes.
[EOnDrop] Zombie Spawned [148] ZmbM_CitizenBFat_Green @ <11103.131836, 64.806099, 14144.117188> ... Lifespan:  Set to 120 minutes.
[EOnDrop] Zombie Spawned [149] ZmbF_ShortSkirt_grey @ <11143.517578, 71.827728, 14119.595703> ... Lifespan:  Set to 120 minutes.
[EOnDrop] Zombie Spawned [150] ZmbM_PatrolNormal_Flat @ <11131.471680, 68.196220, 14137.860352> ... Lifespan:  Set to 120 minutes.
[EOnDrop] Zombie Spawned [151] ZmbF_ShortSkirt_yellow @ <11129.839844, 70.633492, 14119.915039> ... Lifespan:  Set to 120 minutes.
[EOnDrop] Zombie Spawned [152] ZmbM_CitizenBFat_Red @ <11150.949219, 77.967361, 14096.200195> ... Lifespan:  Set to 120 minutes.
[EOnDrop] Zombie Spawned [153] ZmbM_PatrolNormal_Autumn @ <11120.840820, 63.887882, 14176.172852> ... Lifespan:  Set to 120 minutes.
[EOnDrop] Zombie Spawned [154] ZmbM_JoggerSkinny_Red @ <11129.094727, 71.226196, 14116.167969> ... Lifespan:  Set to 120 minutes.
[EOnDrop] Zombie Spawned [155] ZmbM_CommercialPilotOld_Grey @ <11144.553711, 64.287354, 14158.902344> ... Lifespan:  Set to 120 minutes.
[EOnDrop] Zombie Spawned [156] ZmbM_PolicemanFat @ <11167.032227, 70.713394, 14137.327148> ... Lifespan:  Set to 120 minutes.
[EOnDrop] Zombie Spawned [157] ZmbF_ShortSkirt_brown @ <11131.344727, 75.878922, 14095.955078> ... Lifespan:  Set to 120 minutes.
[EOnDrop] Zombie Spawned [158] ZmbM_Jacket_bluechecks @ <11117.000000, 64.916771, 14149.786133> ... Lifespan:  Set to 120 minutes.
[EOnDrop] Zombie Spawned [159] ZmbM_SkaterYoung_Grey @ <11132.875000, 71.052048, 14118.749023> ... Lifespan:  Set to 120 minutes.
[EOnDrop] Zombie Spawned [160] ZmbF_ShortSkirt_grey @ <11143.419922, 71.497398, 14121.175781> ... Lifespan:  Set to 120 minutes.
[EOnDrop] Zombie Spawned [161] ZmbF_ShortSkirt_red @ <11122.167969, 68.819374, 14126.950195> ... Lifespan:  Set to 120 minutes.
[EOnDrop] Zombie Spawned [162] ZmbM_Jacket_beige @ <11131.403320, 76.445374, 14093.149414> ... Lifespan:  Set to 120 minutes.
[EOnDrop] Zombie Spawned [163] ZmbF_SkaterYoung_Striped @ <11141.473633, 70.889793, 14123.754883> ... Lifespan:  Set to 120 minutes.
[EOnDrop] Zombie Spawned [164] ZmbM_SkaterYoung_Brown @ <11127.935547, 71.927467, 14112.797852> ... Lifespan:  Set to 120 minutes.
[EOnDrop] Zombie Spawned [165] ZmbF_JournalistNormal_Green @ <11143.184570, 78.844269, 14087.307617> ... Lifespan:  Set to 120 minutes.
[EOnDrop] Zombie Spawned [166] ZmbM_CommercialPilotOld_Olive @ <11166.040039, 69.188286, 14144.995117> ... Lifespan:  Set to 120 minutes.
[EOnDrop] Zombie Spawned [167] ZmbM_CitizenBFat_Blue @ <11117.107422, 67.109077, 14131.826172> ... Lifespan:  Set to 120 minutes.
[EOnDrop] Zombie Spawned [168] ZmbF_JoggerSkinny_Red @ <11103.202148, 76.580467, 14088.994141> ... Lifespan:  Set to 120 minutes.
[EOnDrop] Zombie Spawned [169] ZmbM_SkaterYoung_Grey @ <11138.291992, 67.329094, 14145.957031> ... Lifespan:  Set to 120 minutes.
[EOnDrop] Zombie Spawned [170] ZmbM_SkaterYoung_Grey @ <11141.680664, 71.151253, 14122.156250> ... Lifespan:  Set to 120 minutes.
[EOnDrop] Zombie Spawned [171] ZmbF_ParamedicNormal_Blue @ <11127.515625, 70.208092, 14121.451172> ... Lifespan:  Set to 120 minutes.
[EOnDrop] Zombie Spawned [172] ZmbF_CitizenANormal_Beige @ <11103.622070, 63.663479, 14171.139648> ... Lifespan:  Set to 120 minutes.
[EOnDrop] Zombie Spawned [173] ZmbM_JoggerSkinny_Green @ <11084.606445, 66.873993, 14127.466797> ... Lifespan:  Set to 120 minutes.
[EOnDrop] Zombie Spawned [174] ZmbF_ShortSkirt_brown @ <11105.544922, 64.879517, 14146.170898> ... Lifespan:  Set to 120 minutes.
[EOnDrop] Zombie Spawned [175] ZmbM_Jacket_blue @ <11139.492188, 68.621925, 14137.281250> ... Lifespan:  Set to 120 minutes.
[EOnDrop] Zombie Spawned [176] ZmbF_JoggerSkinny_Brown @ <11107.039063, 70.085106, 14114.975586> ... Lifespan:  Set to 120 minutes.
[EOnDrop] Zombie Spawned [177] ZmbM_JoggerSkinny_Red @ <11098.272461, 67.897629, 14121.916016> ... Lifespan:  Set to 120 minutes.
[EOnDrop] Zombie Spawned [178] ZmbM_ParamedicNormal_Red @ <11114.057617, 67.415993, 14128.329102> ... Lifespan:  Set to 120 minutes.
[EOnDrop] Zombie Spawned [179] ZmbM_CitizenASkinny_Red @ <11087.315430, 65.158295, 14136.817383> ... Lifespan:  Set to 120 minutes.
[EOnDrop] Zombie Spawned [180] ZmbF_JoggerSkinny_Green @ <11142.093750, 68.791061, 14136.425781> ... Lifespan:  Set to 120 minutes.
[EOnDrop] Zombie Spawned [181] ZmbF_ParamedicNormal_Red @ <11115.916992, 65.863411, 14139.871094> ... Lifespan:  Set to 120 minutes.
[EOnDrop] Zombie Spawned [182] ZmbF_ParamedicNormal_Blue @ <11135.497070, 70.469330, 14123.186523> ... Lifespan:  Set to 120 minutes.
[EOnDrop] Zombie Spawned [183] ZmbM_CommercialPilotOld_Grey @ <11147.871094, 68.255409, 14142.317383> ... Lifespan:  Set to 120 minutes.
[EOnDrop] Zombie Spawned [184] ZmbF_ShortSkirt_brown @ <11136.317383, 78.555313, 14085.203125> ... Lifespan:  Set to 120 minutes.
[EOnDrop] Zombie Spawned [185] ZmbM_SkaterYoung_Brown @ <11129.205078, 64.346138, 14154.237305> ... Lifespan:  Set to 120 minutes.
[EOnDrop] Zombie Spawned [186] ZmbF_Clerk_Normal_Blue @ <11113.595703, 65.160980, 14146.957031> ... Lifespan:  Set to 120 minutes.
[EOnDrop] Zombie Spawned [187] ZmbM_ParamedicNormal_Red @ <11173.933594, 72.679054, 14139.090820> ... Lifespan:  Set to 120 minutes.
[EOnDrop] Zombie Spawned [188] ZmbF_ParamedicNormal_Red @ <11137.236328, 78.613068, 14085.300781> ... Lifespan:  Set to 120 minutes.
[EOnDrop] Zombie Spawned [189] ZmbM_SkaterYoung_Brown @ <11162.834961, 73.055977, 14126.705078> ... Lifespan:  Set to 120 minutes.
[EOnDrop] Zombie Spawned [190] ZmbM_ClerkFat_White @ <11102.374023, 71.252930, 14108.112305> ... Lifespan:  Set to 120 minutes.
[EOnDrop] Zombie Spawned [191] ZmbM_CommercialPilotOld_Olive @ <11157.253906, 77.275299, 14104.166016> ... Lifespan:  Set to 120 minutes.
[EOnDrop] Zombie Spawned [192] ZmbM_CitizenASkinny_Brown @ <11139.285156, 77.313774, 14092.544922> ... Lifespan:  Set to 120 minutes.
[EOnDrop] Zombie Spawned [193] ZmbF_Clerk_Normal_White @ <11139.748047, 75.039703, 14104.953125> ... Lifespan:  Set to 120 minutes.
[EOnDrop] Zombie Spawned [194] ZmbF_JournalistNormal_White @ <11129.780273, 69.969307, 14123.732422> ... Lifespan:  Set to 120 minutes.
[EOnDrop] Zombie Spawned [195] ZmbF_ShortSkirt_grey @ <11097.807617, 64.506844, 14162.842773> ... Lifespan:  Set to 120 minutes.
[EOnDrop] Zombie Spawned [196] ZmbF_CitizenANormal_Blue @ <11132.393555, 70.720993, 14120.469727> ... Lifespan:  Set to 120 minutes.
[EOnDrop] Zombie Spawned [197] ZmbM_DoctorFat @ <11153.761719, 76.512230, 14106.131836> ... Lifespan:  Set to 120 minutes.
[EOnDrop] Zombie Spawned [198] ZmbF_ShortSkirt_brown @ <11139.598633, 65.464630, 14153.521484> ... Lifespan:  Set to 120 minutes.
[EOnDrop] Zombie Spawned [199] ZmbF_ShortSkirt_green @ <11136.079102, 70.043289, 14126.373047> ... Lifespan:  Set to 120 minutes.
[EOnDrop] Zombie Spawned [200] ZmbF_JoggerSkinny_Red @ <11133.356445, 78.700241, 14083.483398> ... Lifespan:  Set to 120 minutes.
[EOnDrop] Zombie Spawned [201] ZmbM_SkaterYoung_Blue @ <11138.399414, 71.487801, 14118.722656> ... Lifespan:  Set to 120 minutes.
[EOnDrop] Zombie Spawned [202] ZmbM_Jacket_brown @ <11119.316406, 75.763077, 14092.556641> ... Lifespan:  Set to 120 minutes.
[EOnDrop] Zombie Spawned [203] ZmbF_NurseFat @ <11081.067383, 65.177414, 14144.833984> ... Lifespan:  Set to 120 minutes.
[EOnDrop] Zombie Spawned [204] ZmbM_PatrolNormal_PautRev @ <11152.250977, 68.623642, 14142.177734> ... Lifespan:  Set to 120 minutes.
[EOnDrop] Zombie Spawned [205] ZmbF_JournalistNormal_Green @ <11113.433594, 74.224403, 14098.081055> ... Lifespan:  Set to 120 minutes.
[EOnDrop] Zombie Spawned [206] ZmbF_PatientOld @ <11124.116211, 73.801651, 14102.866211> ... Lifespan:  Set to 120 minutes.
[EOnDrop] Zombie Spawned [207] ZmbM_Jacket_blue @ <11127.086914, 71.148727, 14115.873047> ... Lifespan:  Set to 120 minutes.
[EOnDrop] Zombie Spawned [208] ZmbM_Jacket_khaki @ <11107.484375, 64.539368, 14160.201172> ... Lifespan:  Set to 120 minutes.
[EOnDrop] Zombie Spawned [209] ZmbM_Jacket_brown @ <11133.072266, 69.210144, 14130.150391> ... Lifespan:  Set to 120 minutes.
[EOnDrop] Zombie Spawned [210] ZmbM_Jacket_bluechecks @ <11098.680664, 66.367424, 14128.249023> ... Lifespan:  Set to 120 minutes.
[EOnDrop] Zombie Spawned [211] ZmbF_CitizenANormal_Beige @ <11122.016602, 64.437363, 14154.744141> ... Lifespan:  Set to 120 minutes.
[EOnDrop] Zombie Spawned [212] ZmbF_JoggerSkinny_Green @ <11134.758789, 69.731445, 14127.619141> ... Lifespan:  Set to 120 minutes.
[EOnDrop] Zombie Spawned [213] ZmbM_PatientSkinny @ <11176.741211, 73.754822, 14136.242188> ... Lifespan:  Set to 120 minutes.
[EOnDrop] Zombie Spawned [214] ZmbM_SkaterYoung_Brown @ <11169.133789, 76.784157, 14112.183594> ... Lifespan:  Set to 120 minutes.
[EOnDrop] Zombie Spawned [215] ZmbM_ParamedicNormal_Black @ <11142.345703, 77.615295, 14092.784180> ... Lifespan:  Set to 120 minutes.
[EOnDrop] Zombie Spawned [216] ZmbF_ShortSkirt_checks @ <11115.586914, 76.244591, 14089.966797> ... Lifespan:  Set to 120 minutes.
[EOnDrop] Zombie Spawned [217] ZmbM_Jacket_black @ <11136.735352, 70.480759, 14123.715820> ... Lifespan:  Set to 120 minutes.
[EOnDrop] Zombie Spawned [218] ZmbF_JoggerSkinny_Blue @ <11160.186523, 64.589272, 14159.802734> ... Lifespan:  Set to 120 minutes.
[EOnDrop] Zombie Spawned [219] ZmbM_ClerkFat_White @ <11149.974609, 73.644798, 14116.046875> ... Lifespan:  Set to 120 minutes.
[EOnDrop] Zombie Spawned [220] ZmbM_Jacket_magenta @ <11117.003906, 66.320976, 14136.613281> ... Lifespan:  Set to 120 minutes.
[EOnDrop] Zombie Spawned [221] ZmbF_NurseFat @ <11087.382813, 70.740822, 14110.191406> ... Lifespan:  Set to 120 minutes.
[EOnDrop] Zombie Spawned [222] ZmbM_JoggerSkinny_Blue @ <11146.551758, 70.074112, 14130.455078> ... Lifespan:  Set to 120 minutes.
[EOnDrop] Zombie Spawned [223] ZmbF_ParamedicNormal_Blue @ <11120.440430, 72.409676, 14107.808594> ... Lifespan:  Set to 120 minutes.
[EOnDrop] Zombie Spawned [224] ZmbM_ParamedicNormal_Blue @ <11108.376953, 68.006699, 14122.268555> ... Lifespan:  Set to 120 minutes.
[EOnDrop] Zombie Spawned [225] ZmbM_ClerkFat_Brown @ <11133.282227, 64.268951, 14169.446289> ... Lifespan:  Set to 120 minutes.
[EOnDrop] Zombie Spawned [226] ZmbM_Jacket_magenta @ <11158.541992, 70.854927, 14133.558594> ... Lifespan:  Set to 120 minutes.
[EOnDrop] Zombie Spawned [227] ZmbM_SkaterYoung_Brown @ <11122.476563, 68.025642, 14133.725586> ... Lifespan:  Set to 120 minutes.
[EOnDrop] Zombie Spawned [228] ZmbM_ClerkFat_Brown @ <11159.011719, 76.060425, 14110.890625> ... Lifespan:  Set to 120 minutes.
[EOnDrop] Zombie Spawned [229] ZmbF_CitizenANormal_Brown @ <11155.306641, 69.999374, 14135.094727> ... Lifespan:  Set to 120 minutes.
[EOnDrop] Zombie Spawned [230] ZmbM_JoggerSkinny_Blue @ <11109.570313, 75.353157, 14093.268555> ... Lifespan:  Set to 120 minutes.
[EOnDrop] Zombie Spawned [231] ZmbM_Jacket_blue @ <11159.396484, 72.663795, 14127.428711> ... Lifespan:  Set to 120 minutes.
[EOnDrop] Zombie Spawned [232] ZmbM_SkaterYoung_Blue @ <11152.673828, 64.020874, 14164.818359> ... Lifespan:  Set to 120 minutes.
[EOnDrop] Zombie Spawned [233] ZmbF_ParamedicNormal_Red @ <11125.114258, 70.012779, 14121.618164> ... Lifespan:  Set to 120 minutes.
[EOnDrop] Zombie Spawned [234] ZmbF_CitizenBSkinny @ <11138.863281, 64.012390, 14173.658203> ... Lifespan:  Set to 120 minutes.
[EOnDrop] Zombie Spawned [235] ZmbM_DoctorFat @ <11133.578125, 70.878510, 14120.043945> ... Lifespan:  Set to 120 minutes.
[EOnDrop] Zombie Spawned [236] ZmbF_Clerk_Normal_Blue @ <11085.644531, 65.625008, 14135.027344> ... Lifespan:  Set to 120 minutes.
[EOnDrop] Zombie Spawned [237] ZmbF_ShortSkirt_yellow @ <11158.653320, 64.055450, 14163.982422> ... Lifespan:  Set to 120 minutes.
[EOnDrop] Zombie Spawned [238] ZmbM_PatrolNormal_Flat @ <11138.246094, 64.110626, 14169.183594> ... Lifespan:  Set to 120 minutes.
[EOnDrop] Zombie Spawned [239] ZmbF_JoggerSkinny_Red @ <11116.463867, 64.476440, 14166.549805> ... Lifespan:  Set to 120 minutes.
[EOnDrop] Zombie Spawned [240] ZmbF_JournalistNormal_Green @ <11126.761719, 66.176666, 14144.541992> ... Lifespan:  Set to 120 minutes.
[EOnDrop] Zombie Spawned [241] ZmbF_CitizenANormal_Brown @ <11133.190430, 69.077248, 14131.777344> ... Lifespan:  Set to 120 minutes.
[EOnDrop] Zombie Spawned [242] ZmbF_ShortSkirt_grey @ <11132.236328, 64.707687, 14156.231445> ... Lifespan:  Set to 120 minutes.
[EOnDrop] Zombie Spawned [243] ZmbF_NurseFat @ <11106.619141, 64.497787, 14154.595703> ... Lifespan:  Set to 120 minutes.
[EOnDrop] Zombie Spawned [244] ZmbM_Jacket_greenchecks @ <11118.880859, 70.250763, 14117.821289> ... Lifespan:  Set to 120 minutes.
[EOnDrop] Zombie Spawned [245] ZmbM_Jacket_blue @ <11123.045898, 69.496429, 14123.720703> ... Lifespan:  Set to 120 minutes.
[EOnDrop] Zombie Spawned [246] ZmbM_ParamedicNormal_Black @ <11117.143555, 66.339630, 14136.862305> ... Lifespan:  Set to 120 minutes.
[EOnDrop] Zombie Spawned [247] ZmbF_CitizenANormal_Beige @ <11126.249023, 66.673836, 14142.707031> ... Lifespan:  Set to 120 minutes.
[EOnDrop] Zombie Spawned [248] ZmbM_Jacket_khaki @ <11142.815430, 64.018234, 14168.257813> ... Lifespan:  Set to 120 minutes.
[EOnDrop] Zombie Spawned [249] ZmbF_ShortSkirt_yellow @ <11150.907227, 68.175659, 14146.002930> ... Lifespan:  Set to 120 minutes.
[EOnDrop] Zombie Spawned [250] ZmbM_Jacket_brown @ <11144.537109, 67.649643, 14145.901367> ... Lifespan:  Set to 120 minutes.
[EOnDrop] Zombie Spawned [251] ZmbM_Jacket_blue @ <11138.431641, 68.009789, 14141.790039> ... Lifespan:  Set to 120 minutes.
[EOnDrop] Zombie Spawned [252] ZmbM_DoctorFat @ <11083.291016, 65.810562, 14133.608398> ... Lifespan:  Set to 120 minutes.
[EOnDrop] Zombie Spawned [253] ZmbM_CitizenBFat_Red @ <11103.997070, 64.568130, 14163.420898> ... Lifespan:  Set to 120 minutes.
[EOnDrop] Zombie Spawned [254] ZmbM_SkaterYoung_Grey @ <11116.598633, 69.330734, 14122.117188> ... Lifespan:  Set to 120 minutes.
[EOnDrop] Zombie Spawned [255] ZmbM_ParamedicNormal_Black @ <11119.040039, 68.844330, 14124.672852> ... Lifespan:  Set to 120 minutes.
[EOnDrop] Zombie Spawned [256] ZmbM_Jacket_blue @ <11131.520508, 73.164398, 14109.215820> ... Lifespan:  Set to 120 minutes.
[EOnDrop] Zombie Spawned [257] ZmbF_JoggerSkinny_Brown @ <11110.970703, 70.473053, 14114.054688> ... Lifespan:  Set to 120 minutes.
[EOnDrop] Zombie Spawned [258] ZmbM_PrisonerSkinny @ <11117.496094, 67.620712, 14129.404297> ... Lifespan:  Set to 120 minutes.
[EOnDrop] Zombie Spawned [259] ZmbF_ParamedicNormal_Green @ <11106.313477, 64.541832, 14159.009766> ... Lifespan:  Set to 120 minutes.
[EOnDrop] Zombie Spawned [260] ZmbM_Jacket_grey @ <11113.959961, 69.488342, 14119.476563> ... Lifespan:  Set to 120 minutes.
[EOnDrop] Zombie Spawned [261] ZmbM_ParamedicNormal_Green @ <11169.414063, 68.001564, 14152.178711> ... Lifespan:  Set to 120 minutes.
[EOnDrop] Zombie Spawned [262] ZmbM_Jacket_bluechecks @ <11109.441406, 71.502960, 14108.852539> ... Lifespan:  Set to 120 minutes.
[EOnDrop] Zombie Spawned [263] ZmbM_CitizenASkinny_Brown @ <11160.538086, 74.772133, 14117.086914> ... Lifespan:  Set to 120 minutes.
[EOnDrop] Zombie Spawned [264] ZmbM_JoggerSkinny_Red @ <11089.569336, 64.748711, 14160.729492> ... Lifespan:  Set to 120 minutes.
[EOnDrop] Zombie Spawned [265] ZmbF_ShortSkirt_black @ <11105.996094, 65.341057, 14134.817383> ... Lifespan:  Set to 120 minutes.
[EOnDrop] Zombie Spawned [266] ZmbM_Jacket_stripes @ <11100.598633, 65.714233, 14131.230469> ... Lifespan:  Set to 120 minutes.
[EOnDrop] Zombie Spawned [267] ZmbF_SkaterYoung_Striped @ <11131.692383, 64.564651, 14159.099609> ... Lifespan:  Set to 120 minutes.
[EOnDrop] Zombie Spawned [268] ZmbM_Jacket_greenchecks @ <11138.750000, 68.194885, 14140.404297> ... Lifespan:  Set to 120 minutes.
[EOnDrop] Zombie Spawned [269] ZmbM_PatrolNormal_Autumn @ <11123.942383, 70.325645, 14119.378906> ... Lifespan:  Set to 120 minutes.
[EOnDrop] Zombie Spawned [270] ZmbM_PatrolNormal_PautRev @ <11140.090820, 70.892876, 14122.894531> ... Lifespan:  Set to 120 minutes.
[EOnDrop] Zombie Spawned [271] ZmbF_Clerk_Normal_Red @ <11165.264648, 67.095314, 14153.385742> ... Lifespan:  Set to 120 minutes.
[EOnDrop] Zombie Spawned [272] ZmbM_Jacket_brown @ <11143.287109, 71.248306, 14122.341797> ... Lifespan:  Set to 120 minutes.
[EOnDrop] Zombie Spawned [273] ZmbF_PatientOld @ <11117.547852, 67.632782, 14129.383789> ... Lifespan:  Set to 120 minutes.
[EOnDrop] Zombie Spawned [274] ZmbM_ClerkFat_Brown @ <11125.930664, 77.129066, 14088.017578> ... Lifespan:  Set to 120 minutes.
[EOnDrop] Zombie Spawned [275] ZmbF_CitizenANormal_Brown @ <11145.410156, 69.528885, 14132.679688> ... Lifespan:  Set to 120 minutes.
[EOnDrop] Zombie Spawned [276] ZmbF_Clerk_Normal_Green @ <11126.892578, 69.697746, 14124.081055> ... Lifespan:  Set to 120 minutes.
[EOnDrop] Zombie Spawned [277] ZmbF_DoctorSkinny @ <11171.406250, 68.576576, 14151.463867> ... Lifespan:  Set to 120 minutes.
[EOnDrop] Zombie Spawned [278] ZmbM_CitizenASkinny_Brown @ <11100.690430, 64.570656, 14157.325195> ... Lifespan:  Set to 120 minutes.
[EOnDrop] Zombie Spawned [279] ZmbF_JoggerSkinny_Brown @ <11138.156250, 76.553734, 14095.882813> ... Lifespan:  Set to 120 minutes.
[EOnDrop] Zombie Spawned [280] ZmbM_JoggerSkinny_Blue @ <11133.291992, 71.051804, 14118.924805> ... Lifespan:  Set to 120 minutes.
[EOnDrop] Spawn failed for zombie [281] 'ZmbM_JacketNormal_greenchecks', it does not exist in DayZ!
[EOnDrop] Zombie Spawned [282] ZmbM_Jacket_stripes @ <11128.754883, 73.915146, 14104.458984> ... Lifespan:  Set to 120 minutes.
[EOnDrop] Zombie Spawned [283] ZmbF_ShortSkirt_black @ <11121.507813, 68.408401, 14128.629883> ... Lifespan:  Set to 120 minutes.
[EOnDrop] Zombie Spawned [284] ZmbF_ShortSkirt_beige @ <11117.464844, 64.476700, 14159.514648> ... Lifespan:  Set to 120 minutes.
[EOnDrop] Zombie Spawned [285] ZmbM_PrisonerSkinny @ <11139.358398, 69.805412, 14129.728516> ... Lifespan:  Set to 120 minutes.
[EOnDrop] Zombie Spawned [286] ZmbF_Clerk_Normal_Blue @ <11149.518555, 68.385361, 14142.458984> ... Lifespan:  Set to 120 minutes.
[EOnDrop] Zombie Spawned [287] ZmbM_PatrolNormal_Summer @ <11106.131836, 64.454773, 14167.791016> ... Lifespan:  Set to 120 minutes.
[EOnDrop] Zombie Spawned [288] ZmbF_CitizenANormal_Beige @ <11123.817383, 69.460793, 14124.211914> ... Lifespan:  Set to 120 minutes.
[EOnDrop] Zombie Spawned [289] ZmbM_PatientSkinny @ <11086.970703, 64.975105, 14138.788086> ... Lifespan:  Set to 120 minutes.
[EOnDrop] Zombie Spawned [290] ZmbF_SkaterYoung_Striped @ <11129.675781, 72.768730, 14109.975586> ... Lifespan:  Set to 120 minutes.
[EOnDrop] Zombie Spawned [291] ZmbM_PatrolNormal_Autumn @ <11128.096680, 64.489059, 14159.761719> ... Lifespan:  Set to 120 minutes.
[EOnDrop] Zombie Spawned [292] ZmbF_DoctorSkinny @ <11118.409180, 72.716187, 14105.665039> ... Lifespan:  Set to 120 minutes.
[EOnDrop] Zombie Spawned [293] ZmbM_CitizenASkinny_Grey @ <11171.291992, 73.501335, 14129.778320> ... Lifespan:  Set to 120 minutes.
[EOnDrop] Zombie Spawned [294] ZmbF_ShortSkirt_white @ <11138.448242, 69.387238, 14132.247070> ... Lifespan:  Set to 120 minutes.
[EOnDrop] Zombie Spawned [295] ZmbF_ShortSkirt_green @ <11124.303711, 70.324600, 14119.515625> ... Lifespan:  Set to 120 minutes.
[EOnDrop] Zombie Spawned [296] ZmbM_CommercialPilotOld_Olive @ <11125.943359, 67.985382, 14137.271484> ... Lifespan:  Set to 120 minutes.
[EOnDrop] Zombie Spawned [297] ZmbM_Jacket_bluechecks @ <11139.157227, 79.770973, 14081.072266> ... Lifespan:  Set to 120 minutes.
[EOnDrop] Zombie Spawned [298] ZmbF_ShortSkirt_black @ <11156.206055, 75.489655, 14111.994141> ... Lifespan:  Set to 120 minutes.
[EOnDrop] Zombie Spawned [299] ZmbF_ParamedicNormal_Green @ <11096.839844, 75.819328, 14092.792969> ... Lifespan:  Set to 120 minutes.
[EOnDrop] Zombie Spawned [300] ZmbM_PrisonerSkinny @ <11150.118164, 67.088409, 14151.794922> ... Lifespan:  Set to 120 minutes.
[EOnDrop] Zombie Spawned [301] ZmbM_ParamedicNormal_Blue @ <11117.251953, 69.473625, 14121.572266> ... Lifespan:  Set to 120 minutes.
[EOnDrop] Zombie Spawned [302] ZmbM_CitizenASkinny_Brown @ <11121.379883, 63.861343, 14176.420898> ... Lifespan:  Set to 120 minutes.
[EOnDrop] Zombie Spawned [303] ZmbM_CommercialPilotOld_Brown @ <11120.905273, 72.956406, 14105.481445> ... Lifespan:  Set to 120 minutes.
[EOnDrop] Zombie Spawned [304] ZmbF_JoggerSkinny_Blue @ <11149.315430, 79.361145, 14088.134766> ... Lifespan:  Set to 120 minutes.
[EOnDrop] Zombie Spawned [305] ZmbM_ParamedicNormal_Blue @ <11140.166016, 70.397461, 14126.512695> ... Lifespan:  Set to 120 minutes.
[EOnDrop] Zombie Spawned [306] ZmbF_ShortSkirt_beige @ <11139.136719, 69.607162, 14130.933594> ... Lifespan:  Set to 120 minutes.
[EOnDrop] Zombie Spawned [307] ZmbM_CitizenASkinny_Red @ <11114.508789, 64.469444, 14159.228516> ... Lifespan:  Set to 120 minutes.
[EOnDrop] Zombie Spawned [308] ZmbM_Jacket_greenchecks @ <11160.593750, 67.293465, 14151.336914> ... Lifespan:  Set to 120 minutes.
[EOnDrop] Zombie Spawned [309] ZmbF_ParamedicNormal_Red @ <11129.898438, 67.222488, 14141.104492> ... Lifespan:  Set to 120 minutes.
[EOnDrop] Zombie Spawned [310] ZmbF_ShortSkirt_white @ <11146.250000, 63.878357, 14172.155273> ... Lifespan:  Set to 120 minutes.
[EOnDrop] Zombie Spawned [311] ZmbF_PatientOld @ <11141.903320, 77.166672, 14094.888672> ... Lifespan:  Set to 120 minutes.
[EOnDrop] Zombie Spawned [312] ZmbF_JoggerSkinny_Blue @ <11133.765625, 71.272713, 14117.838867> ... Lifespan:  Set to 120 minutes.
[EOnDrop] Zombie Spawned [313] ZmbM_CitizenASkinny_Red @ <11124.906250, 72.775345, 14108.042969> ... Lifespan:  Set to 120 minutes.
[EOnDrop] Zombie Spawned [314] ZmbM_Jacket_brown @ <11139.594727, 69.066750, 14134.659180> ... Lifespan:  Set to 120 minutes.
[EOnDrop] Zombie Spawned [315] ZmbM_DoctorFat @ <11084.946289, 70.603317, 14111.166992> ... Lifespan:  Set to 120 minutes.
[EOnDrop] Zombie Spawned [316] ZmbM_Jacket_beige @ <11129.188477, 65.327126, 14148.361328> ... Lifespan:  Set to 120 minutes.
[EOnDrop] Zombie Spawned [317] ZmbM_ParamedicNormal_Blue @ <11164.006836, 76.526634, 14111.261719> ... Lifespan:  Set to 120 minutes.
[EOnDrop] Zombie Spawned [318] ZmbM_Jacket_beige @ <11110.356445, 64.507332, 14159.099609> ... Lifespan:  Set to 120 minutes.
[EOnDrop] Zombie Spawned [319] ZmbM_JournalistSkinny @ <11160.008789, 64.471100, 14160.313477> ... Lifespan:  Set to 120 minutes.
[EOnDrop] Zombie Spawned [320] ZmbM_CommercialPilotOld_Grey @ <11174.073242, 73.910370, 14130.798828> ... Lifespan:  Set to 120 minutes.
[EOnDrop] Zombie Spawned [321] ZmbM_Jacket_brown @ <11093.250977, 65.446411, 14132.655273> ... Lifespan:  Set to 120 minutes.
[EOnDrop] Zombie Spawned [322] ZmbF_ParamedicNormal_Red @ <11140.086914, 64.840332, 14157.727539> ... Lifespan:  Set to 120 minutes.
[EOnDrop] Zombie Spawned [323] ZmbM_CommercialPilotOld_Grey @ <11119.498047, 65.212784, 14148.557617> ... Lifespan:  Set to 120 minutes.
[EOnDrop] Zombie Spawned [324] ZmbM_CitizenASkinny_Grey @ <11122.550781, 67.858521, 14136.017578> ... Lifespan:  Set to 120 minutes.
[EOnDrop] Zombie Spawned [325] ZmbM_CommercialPilotOld_Olive @ <11115.531250, 66.324402, 14134.667969> ... Lifespan:  Set to 120 minutes.
[EOnDrop] Zombie Spawned [326] ZmbF_JournalistNormal_White @ <11113.115234, 65.852188, 14135.929688> ... Lifespan:  Set to 120 minutes.
[EOnDrop] Zombie Spawned [327] ZmbM_CommercialPilotOld_Brown @ <11092.112305, 64.749016, 14155.689453> ... Lifespan:  Set to 120 minutes.
[EOnDrop] Zombie Spawned [328] ZmbM_SkaterYoung_Brown @ <11129.517578, 64.441437, 14168.292969> ... Lifespan:  Set to 120 minutes.
[EOnDrop] Zombie Spawned [329] ZmbM_CitizenASkinny_Brown @ <11125.407227, 67.321701, 14140.019531> ... Lifespan:  Set to 120 minutes.
[EOnDrop] Zombie Spawned [330] ZmbF_Clerk_Normal_Blue @ <11110.068359, 74.331879, 14097.237305> ... Lifespan:  Set to 120 minutes.
[EOnDrop] Zombie Spawned [331] ZmbF_NurseFat @ <11138.583008, 66.895073, 14147.458008> ... Lifespan:  Set to 120 minutes.
[EOnDrop] Zombie Spawned [332] ZmbF_PatientOld @ <11106.412109, 64.977127, 14142.722656> ... Lifespan:  Set to 120 minutes.
[EOnDrop] Zombie Spawned [333] ZmbM_CitizenBFat_Red @ <11143.484375, 66.892807, 14148.834961> ... Lifespan:  Set to 120 minutes.
[EOnDrop] Zombie Spawned [334] ZmbF_ShortSkirt_grey @ <11115.265625, 65.327927, 14145.760742> ... Lifespan:  Set to 120 minutes.
[EOnDrop] Zombie Spawned [335] ZmbM_PatrolNormal_Summer @ <11161.057617, 68.898445, 14144.324219> ... Lifespan:  Set to 120 minutes.
[EOnDrop] Zombie Spawned [336] ZmbF_CitizenANormal_Blue @ <11090.084961, 70.551323, 14110.443359> ... Lifespan:  Set to 120 minutes.
[EOnDrop] Zombie Spawned [337] ZmbM_Jacket_black @ <11151.936523, 78.994125, 14091.423828> ... Lifespan:  Set to 120 minutes.
[EOnDrop] Zombie Spawned [338] ZmbM_Jacket_black @ <11154.739258, 72.656090, 14124.175781> ... Lifespan:  Set to 120 minutes.
[EOnDrop] Zombie Spawned [339] ZmbF_ParamedicNormal_Blue @ <11112.513672, 64.886612, 14149.089844> ... Lifespan:  Set to 120 minutes.
[EOnDrop] Zombie Spawned [340] ZmbM_ClerkFat_Khaki @ <11107.449219, 66.287514, 14128.572266> ... Lifespan:  Set to 120 minutes.
[EOnDrop] Zombie Spawned [341] ZmbF_ShortSkirt_yellow @ <11160.302734, 68.585503, 14145.528320> ... Lifespan:  Set to 120 minutes.
[EOnDrop] Zombie Spawned [342] ZmbM_ParamedicNormal_Black @ <11135.417969, 68.588188, 14136.746094> ... Lifespan:  Set to 120 minutes.
[EOnDrop] Zombie Spawned [343] ZmbM_PrisonerSkinny @ <11134.806641, 65.685440, 14150.103516> ... Lifespan:  Set to 120 minutes.
[EOnDrop] Zombie Spawned [344] ZmbM_PrisonerSkinny @ <11143.959961, 63.975311, 14169.236328> ... Lifespan:  Set to 120 minutes.
[EOnDrop] Zombie Spawned [345] ZmbF_Clerk_Normal_Green @ <11117.854492, 67.756638, 14128.973633> ... Lifespan:  Set to 120 minutes.
[EOnDrop] Zombie Spawned [346] ZmbM_SkaterYoung_Brown @ <11118.896484, 71.901108, 14109.625000> ... Lifespan:  Set to 120 minutes.
[EOnDrop] Zombie Spawned [347] ZmbF_PatientOld @ <11131.305664, 71.000000, 14118.394531> ... Lifespan:  Set to 120 minutes.
[EOnDrop] Zombie Spawned [348] ZmbF_ParamedicNormal_Blue @ <11140.125000, 70.996872, 14122.272461> ... Lifespan:  Set to 120 minutes.
[EOnDrop] Zombie Spawned [349] ZmbM_SkaterYoung_Blue @ <11136.796875, 70.298027, 14125.081055> ... Lifespan:  Set to 120 minutes.
[EOnDrop] Zombie Spawned [350] ZmbM_Jacket_stripes @ <11142.767578, 71.591232, 14120.446289> ... Lifespan:  Set to 120 minutes.
[EOnDrop] Zombie Spawned [351] ZmbM_JournalistSkinny @ <11080.991211, 67.934250, 14121.606445> ... Lifespan:  Set to 120 minutes.
[EOnDrop] Zombie Spawned [352] ZmbF_ShortSkirt_yellow @ <11082.957031, 65.206528, 14150.556641> ... Lifespan:  Set to 120 minutes.
[EOnDrop] Zombie Spawned [353] ZmbF_ShortSkirt_yellow @ <11107.114258, 63.433327, 14173.577148> ... Lifespan:  Set to 120 minutes.
[EOnDrop] Zombie Spawned [354] ZmbF_ShortSkirt_red @ <11110.893555, 68.664085, 14121.070313> ... Lifespan:  Set to 120 minutes.
[EOnDrop] Zombie Spawned [355] ZmbM_PatientSkinny @ <11134.720703, 69.237267, 14131.791016> ... Lifespan:  Set to 120 minutes.
[EOnDrop] Zombie Spawned [356] ZmbM_CommercialPilotOld_Olive @ <11133.263672, 69.104027, 14131.563477> ... Lifespan:  Set to 120 minutes.
[EOnDrop] Zombie Spawned [357] ZmbM_PatrolNormal_Flat @ <11171.115234, 70.648117, 14143.537109> ... Lifespan:  Set to 120 minutes.
[EOnDrop] Zombie Spawned [358] ZmbM_Jacket_greenchecks @ <11134.555664, 69.135170, 14132.739258> ... Lifespan:  Set to 120 minutes.
[EOnDrop] Zombie Spawned [359] ZmbM_CitizenASkinny_Grey @ <11101.894531, 64.839317, 14139.450195> ... Lifespan:  Set to 120 minutes.
[EOnDrop] Zombie Spawned [360] ZmbF_ShortSkirt_grey @ <11129.837891, 69.953621, 14123.848633> ... Lifespan:  Set to 120 minutes.
[EOnDrop] Drop spawned with 360 infected at <11127.849609, 198.003983, 14129.611328>.
[EOnDrop] Supplies have been dropped near Novodmitrovsk.
[EOnBeforeDelete] Aircraft despawned @ <10568.301758, 152.000610, -1001.629272>
[~AirdropPlane] Aircraft destroyed.
