[AirdropBase] Base class created & settings loaded.
[2021-01-30 @ 00-04-43] ----------------------------------------------------------------------------------------------------
[EOnCallAirdrop] Drop zone asigned: Chernogorks <6128.000000, 0.000000, 2497.000000>
[EOnCallAirdrop] Drop zone offset to: <6105.954102, 2438.000000, 2491.502686>
[EOnCallAirdrop] Aircraft spawn point: <-1000.000000, 2438.000000, 11899.602539>
[EOnCallAirdrop] Aircraft bearing ... Angle/Bearing: 2.21945° / 322.835°, Text: 'North/West (323°)'
[EOnCallAirdrop] Aircraft has been dispatched to 'Chernogorks' from the North/West (323°).
[2021-01-30 @ 01-05-03] ----------------------------------------------------------------------------------------------------
[EOnCallAirdrop] Drop zone asigned: Elektrozavodsk <9371.000000, 0.000000, 2229.000000>
[EOnCallAirdrop] Drop zone offset to: <9327.368164, 2438.000000, 2280.367188>
[EOnCallAirdrop] Aircraft spawn point: <2261.986816, 2438.000000, -1000.000000>
[EOnCallAirdrop] Aircraft bearing ... Angle/Bearing: -2.71524° / 245.572°, Text: 'South/West (246°)'
[EOnCallAirdrop] Aircraft has been dispatched to 'Elektrozavodsk' from the South/West (246°).
[2021-01-30 @ 02-05-16] ----------------------------------------------------------------------------------------------------
[EOnCallAirdrop] Drop zone asigned: Zelenogorks <2351.000000, 0.000000, 5393.000000>
[EOnCallAirdrop] Drop zone offset to: <2393.829834, 2438.000000, 5385.439941>
[EOnCallAirdrop] Aircraft spawn point: <-1000.000000, 2438.000000, 13537.218750>
[EOnCallAirdrop] Aircraft bearing ... Angle/Bearing: 1.96114° / 337.635°, Text: 'North (338°)'
[EOnCallAirdrop] Aircraft has been dispatched to 'Zelenogorks' from the North (338°).
[2021-01-30 @ 04-05-55] ----------------------------------------------------------------------------------------------------
[EOnCallAirdrop] Drop zone asigned: Northwest Airfield <4807.000000, 0.000000, 9812.000000>
[EOnCallAirdrop] Drop zone offset to: <4750.939453, 2438.000000, 9837.672852>
[EOnCallAirdrop] Aircraft spawn point: <-1000.000000, 2438.000000, 14106.754883>
[EOnCallAirdrop] Aircraft bearing ... Angle/Bearing: 2.50479° / 306.486°, Text: 'North/West (306°)'
[EOnCallAirdrop] Aircraft has been dispatched to 'Northwest Airfield' from the North/West (306°).
