[AirdropBase] Base class created & settings loaded.
[2021-02-12 @ 22-07-52] ----------------------------------------------------------------------------------------------------
[EOnCallAirdrop] Drop zone asigned: Myshkino <2036.000000, 0.000000, 7491.000000>
[EOnCallAirdrop] Drop zone offset to: <2047.496582, 2438.000000, 7489.065918>
[EOnCallAirdrop] Aircraft spawn point: <-1000.000000, 2438.000000, 14250.331055>
[EOnCallAirdrop] Aircraft bearing ... Angle/Bearing: 1.99295° / 335.812°, Text: 'North/West (336°)'
[EOnCallAirdrop] Aircraft has been dispatched to 'Myshkino' from the North/West (336°).
[2021-02-12 @ 23-08-03] ----------------------------------------------------------------------------------------------------
[EOnCallAirdrop] Drop zone asigned: Novodmitrovsk <11125.000000, 0.000000, 14040.000000>
[EOnCallAirdrop] Drop zone offset to: <11154.417969, 2438.000000, 14064.995117>
[EOnCallAirdrop] Aircraft spawn point: <16360.000000, 2438.000000, 2776.423828>
[EOnCallAirdrop] Aircraft bearing ... Angle/Bearing: -1.13573° / 155.072°, Text: 'South/East (155°)'
[EOnCallAirdrop] Aircraft has been dispatched to 'Novodmitrovsk' from the South/East (155°).
[2021-02-13 @ 00-08-06] ----------------------------------------------------------------------------------------------------
[EOnCallAirdrop] Drop zone asigned: Berezino <11464.000000, 0.000000, 8908.000000>
[EOnCallAirdrop] Drop zone offset to: <11500.419922, 2438.000000, 8998.624023>
[EOnCallAirdrop] Aircraft spawn point: <11566.887695, 2438.000000, 16360.000000>
[EOnCallAirdrop] Aircraft bearing ... Angle/Bearing: 1.55699° / 0.791016°, Text: 'North (1°)'
[EOnCallAirdrop] Aircraft has been dispatched to 'Berezino' from the North (1°).
[2021-02-13 @ 01-08-16] ----------------------------------------------------------------------------------------------------
[EOnCallAirdrop] Drop zone asigned: Stary Sobor <5823.000000, 0.000000, 7764.000000>
[EOnCallAirdrop] Drop zone offset to: <5803.227539, 2438.000000, 7761.104004>
[EOnCallAirdrop] Aircraft spawn point: <-1000.000000, 2438.000000, 4341.986816>
[EOnCallAirdrop] Aircraft bearing ... Angle/Bearing: -2.67671° / 243.364°, Text: 'South/West (243°)'
[EOnCallAirdrop] Aircraft has been dispatched to 'Stary Sobor' from the South/West (243°).
[2021-02-13 @ 02-08-34] ----------------------------------------------------------------------------------------------------
[EOnCallAirdrop] Drop zone asigned: Elektrozavodsk <9371.000000, 0.000000, 2229.000000>
[EOnCallAirdrop] Drop zone offset to: <9292.294922, 2438.000000, 2246.873779>
[EOnCallAirdrop] Aircraft spawn point: <2888.211914, 2438.000000, -1000.000000>
[EOnCallAirdrop] Aircraft bearing ... Angle/Bearing: -2.67948° / 243.523°, Text: 'South/West (244°)'
[EOnCallAirdrop] Aircraft has been dispatched to 'Elektrozavodsk' from the South/West (244°).
[2021-02-13 @ 03-09-12] ----------------------------------------------------------------------------------------------------
[EOnCallAirdrop] Drop zone asigned: Berezino <11464.000000, 0.000000, 8908.000000>
[EOnCallAirdrop] Drop zone offset to: <11457.733398, 2438.000000, 8988.094727>
[EOnCallAirdrop] Aircraft spawn point: <12821.457031, 2438.000000, -1000.000000>
[EOnCallAirdrop] Aircraft bearing ... Angle/Bearing: -1.43464° / 172.199°, Text: 'South (172°)'
[EOnCallAirdrop] Aircraft has been dispatched to 'Berezino' from the South (172°).
