[InitializeContainer] Container created on 2021-02-26 @ 04-59-32
[InitializeContainer] Winds: Vector <8.922832, 0.000000, 10.017834>, Speed 13.4154mps, Strength 0.1
[AirdropContainerFall] Drop Type 'Food/Medical', Container: 'AirdropContainer_Medical', Mode/Quantity/Iems: Random/20/11, Flare:  10%
[AirdropContainerFall] Loot Spawned [1] PeachesCan @ <11089.692383, 130.128250, 13950.836914> ... Lifespan: Set to 120 minutes.
[AirdropContainerFall] Loot Spawned [2] SpaghettiCan @ <11086.207031, 130.397018, 13952.607422> ... Lifespan: Set to 120 minutes.
[AirdropContainerFall] Loot Spawned [3] TunaCan @ <11086.686523, 130.377762, 13952.314453> ... Lifespan: Set to 120 minutes.
[AirdropContainerFall] Loot Spawned [4] TunaCan @ <11089.013672, 129.506363, 13953.054688> ... Lifespan: Set to 120 minutes.
[AirdropContainerFall] Loot Spawned [5] BoxCerealCrunchin @ <11086.237305, 129.635406, 13954.701172> ... Lifespan: Set to 120 minutes.
[AirdropContainerFall] Loot Spawned [6] ToxicCure @ <11088.959961, 129.179276, 13954.051758> ... Lifespan: Set to 120 minutes.
[AirdropContainerFall] Loot Spawned [7] BoxCerealCrunchin @ <11089.633789, 129.114700, 13953.783203> ... Lifespan: Set to 120 minutes.
[AirdropContainerFall] Loot Spawned [8] TunaCan @ <11088.038086, 129.151398, 13954.775391> ... Lifespan: Set to 120 minutes.
[AirdropContainerFall] Loot Spawned [9] ToxicCure @ <11086.379883, 129.877762, 13953.924805> ... Lifespan: Set to 120 minutes.
[AirdropContainerFall] Loot Spawned [10] TunaCan @ <11088.085938, 129.168976, 13954.688477> ... Lifespan: Set to 120 minutes.
[AirdropContainerFall] Loot Spawned [11] TunaCan @ <11090.621094, 128.712692, 13954.334961> ... Lifespan: Set to 120 minutes.
[AirdropContainerFall] Loot Spawned [12] ToxicCure @ <11086.496094, 129.842590, 13953.938477> ... Lifespan: Set to 120 minutes.
[AirdropContainerFall] Loot Spawned [13] TunaCan @ <11088.894531, 129.677292, 13952.666016> ... Lifespan: Set to 120 minutes.
[AirdropContainerFall] Loot Spawned [14] VitaminBottle @ <11088.143555, 128.677322, 13956.160156> ... Lifespan: Set to 120 minutes.
[AirdropContainerFall] Loot Spawned [15] VitaminBottle @ <11089.022461, 128.999329, 13954.561523> ... Lifespan: Set to 120 minutes.
[AirdropContainerFall] Loot Spawned [16] SpaghettiCan @ <11088.844727, 130.206955, 13951.230469> ... Lifespan: Set to 120 minutes.
[AirdropContainerFall] Loot Spawned [17] BakedBeansCan @ <11087.925781, 129.252151, 13954.546875> ... Lifespan: Set to 120 minutes.
[AirdropContainerFall] Loot Spawned [18] VitaminBottle @ <11086.379883, 130.475311, 13952.265625> ... Lifespan: Set to 120 minutes.
[AirdropContainerFall] Loot Spawned [19] ToxicCure @ <11087.453125, 129.005341, 13955.629883> ... Lifespan: Set to 120 minutes.
[AirdropContainerFall] Loot Spawned [20] ToxicCure @ <11088.903320, 129.074707, 13954.412109> ... Lifespan: Set to 120 minutes.
[AirdropContainerUnstuck] Container was unstuck.
[~AirdropContainerBase] Container Destroyed on 2021-02-26 @ 06-02-33
