[AirdropPlane] Aircraft created on 2021-03-29 @ 08-11-35
[InitializeAircraft] Aircraft Initialized: Zelenogorks @ 2351/5393 (true)
[EOnBeforeDrop] The Aircraft is 1 Km from Zelenogorks. @ <887.923340, 297.144897, 5071.049805>
[EOnDrop] Zombie Spawned [1] ZmbF_CitizenANormal_Blue @ <2281.680420, 190.414917, 5326.378418> ... Lifespan:  Set to 120 minutes.
[EOnDrop] Zombie Spawned [2] ZmbM_JoggerSkinny_Red @ <2256.225586, 196.249924, 5390.330078> ... Lifespan:  Set to 120 minutes.
[EOnDrop] Zombie Spawned [3] ZmbM_PatientSkinny @ <2289.583252, 195.640793, 5386.695313> ... Lifespan:  Set to 120 minutes.
[EOnDrop] Zombie Spawned [4] ZmbF_SkaterYoung_Violet @ <2278.956543, 195.353592, 5379.476563> ... Lifespan:  Set to 120 minutes.
[EOnDrop] Zombie Spawned [5] ZmbF_ShortSkirt_beige @ <2272.889160, 197.570602, 5405.220703> ... Lifespan:  Set to 120 minutes.
[EOnDrop] Zombie Spawned [6] ZmbF_SkaterYoung_Brown @ <2264.209229, 194.746292, 5369.339355> ... Lifespan:  Set to 120 minutes.
[EOnDrop] Zombie Spawned [7] ZmbF_CitizenANormal_Brown @ <2235.088135, 192.554718, 5343.210938> ... Lifespan:  Set to 120 minutes.
[EOnDrop] Zombie Spawned [8] ZmbM_ParamedicNormal_Green @ <2288.288574, 193.897339, 5360.051270> ... Lifespan:  Set to 120 minutes.
[EOnDrop] Zombie Spawned [9] ZmbF_PatientOld @ <2258.723145, 195.381226, 5378.901855> ... Lifespan:  Set to 120 minutes.
[EOnDrop] Zombie Spawned [10] ZmbF_SkaterYoung_Brown @ <2258.292236, 195.413849, 5379.369629> ... Lifespan:  Set to 120 minutes.
[EOnDrop] Zombie Spawned [11] ZmbM_Jacket_khaki @ <2295.579346, 197.501694, 5403.913086> ... Lifespan:  Set to 120 minutes.
[EOnDrop] Zombie Spawned [12] ZmbM_PatrolNormal_Autumn @ <2278.104980, 191.602676, 5336.284180> ... Lifespan:  Set to 120 minutes.
[EOnDrop] Zombie Spawned [13] ZmbM_Jacket_magenta @ <2224.977295, 193.888428, 5368.549805> ... Lifespan:  Set to 120 minutes.
[EOnDrop] Zombie Spawned [14] ZmbF_ShortSkirt_white @ <2236.950684, 196.443146, 5396.045898> ... Lifespan:  Set to 120 minutes.
[EOnDrop] Spawn failed for zombie [15] 'ZmbM_JacketNormal_greenchecks', it does not exist in DayZ!
[EOnDrop] Zombie Spawned [16] ZmbM_PatrolNormal_Summer @ <2257.827393, 194.682861, 5369.031250> ... Lifespan:  Set to 120 minutes.
[EOnDrop] Zombie Spawned [17] ZmbM_CommercialPilotOld_Blue @ <2255.480713, 196.495392, 5393.374023> ... Lifespan:  Set to 120 minutes.
[EOnDrop] Zombie Spawned [18] ZmbM_PolicemanFat @ <2297.918701, 194.523224, 5371.797363> ... Lifespan:  Set to 120 minutes.
[EOnDrop] Zombie Spawned [19] ZmbF_Clerk_Normal_Red @ <2221.279053, 194.775406, 5383.314941> ... Lifespan:  Set to 120 minutes.
[EOnDrop] Zombie Spawned [20] ZmbM_PolicemanFat @ <2284.851807, 193.959290, 5360.696777> ... Lifespan:  Set to 120 minutes.
[EOnDrop] Zombie Spawned [21] ZmbF_JournalistNormal_White @ <2222.083252, 194.246841, 5376.552246> ... Lifespan:  Set to 120 minutes.
[EOnDrop] Zombie Spawned [22] ZmbF_ShortSkirt_red @ <2257.954590, 196.022186, 5387.340332> ... Lifespan:  Set to 120 minutes.
[EOnDrop] Zombie Spawned [23] ZmbM_Jacket_blue @ <2283.492920, 194.332001, 5365.619629> ... Lifespan:  Set to 120 minutes.
[EOnDrop] Zombie Spawned [24] ZmbM_JournalistSkinny @ <2263.587402, 198.164154, 5411.097656> ... Lifespan:  Set to 120 minutes.
[EOnDrop] Zombie Spawned [25] ZmbM_CommercialPilotOld_Brown @ <2273.689941, 194.887741, 5371.482422> ... Lifespan:  Set to 120 minutes.
[EOnDrop] Zombie Spawned [26] ZmbF_CitizenANormal_Beige @ <2249.072510, 197.123291, 5401.234375> ... Lifespan:  Set to 120 minutes.
[EOnDrop] Zombie Spawned [27] ZmbF_Clerk_Normal_White @ <2230.143799, 194.146378, 5369.679199> ... Lifespan:  Set to 120 minutes.
[EOnDrop] Zombie Spawned [28] ZmbF_Clerk_Normal_Blue @ <2232.902100, 195.360001, 5384.999023> ... Lifespan:  Set to 120 minutes.
[EOnDrop] Zombie Spawned [29] ZmbM_SkaterYoung_Grey @ <2305.129395, 194.469849, 5362.464844> ... Lifespan:  Set to 120 minutes.
[EOnDrop] Spawn failed for zombie [30] 'ZmbM_JacketNormal_greenchecks', it does not exist in DayZ!
[EOnDrop] Zombie Spawned [31] ZmbM_ClerkFat_Khaki @ <2234.137695, 192.263580, 5339.986328> ... Lifespan:  Set to 120 minutes.
[EOnDrop] Zombie Spawned [32] ZmbF_JournalistNormal_Green @ <2269.016113, 194.571747, 5366.942871> ... Lifespan:  Set to 120 minutes.
[EOnDrop] Zombie Spawned [33] ZmbM_CitizenBFat_Blue @ <2244.201416, 196.052292, 5389.872070> ... Lifespan:  Set to 120 minutes.
[EOnDrop] Zombie Spawned [34] ZmbF_Clerk_Normal_White @ <2257.408691, 191.977661, 5337.098633> ... Lifespan:  Set to 120 minutes.
[EOnDrop] Zombie Spawned [35] ZmbM_CommercialPilotOld_Brown @ <2255.112793, 193.925018, 5358.891113> ... Lifespan:  Set to 120 minutes.
[EOnDrop] Zombie Spawned [36] ZmbF_ParamedicNormal_Green @ <2253.113281, 194.942780, 5373.522461> ... Lifespan:  Set to 120 minutes.
[EOnDrop] Zombie Spawned [37] ZmbF_JoggerSkinny_Blue @ <2268.939453, 198.526581, 5414.721680> ... Lifespan:  Set to 120 minutes.
[EOnDrop] Zombie Spawned [38] ZmbF_ShortSkirt_brown @ <2260.264648, 190.934418, 5329.605469> ... Lifespan:  Set to 120 minutes.
[EOnDrop] Zombie Spawned [39] ZmbM_PatientSkinny @ <2236.597656, 193.587234, 5357.101074> ... Lifespan:  Set to 120 minutes.
[EOnDrop] Zombie Spawned [40] ZmbM_CommercialPilotOld_Olive @ <2261.873291, 193.736588, 5356.173340> ... Lifespan:  Set to 120 minutes.
[EOnDrop] Drop spawned with 40 infected at <2268.994873, 330.257660, 5374.557617>.
[EOnDrop] Supplies have been dropped near Zelenogorks.
[EOnBeforeDelete] Aircraft despawned @ <16361.035156, 152.000610, 8471.745117>
[~AirdropPlane] Aircraft destroyed.
