[AirdropPlane] Aircraft created on 2021-02-26 @ 08-59-49
[InitializeAircraft] Aircraft Initialized: Novy Sobor @ 7436/7720 (true)
[EOnBeforeDrop] The Aircraft is 1 Km from Novy Sobor. @ <7845.847656, 594.507446, 9162.636719>
[EOnDrop] Zombie Spawned [1] ZmbM_HunterOld_Autumn @ <7510.001953, 332.291962, 7814.477051> ... Lifespan:  Set to 120 minutes.
[EOnDrop] Zombie Spawned [2] ZmbF_VillagerOld_Blue @ <7498.252930, 329.340759, 7781.733887> ... Lifespan:  Set to 120 minutes.
[EOnDrop] Zombie Spawned [3] ZmbM_HunterOld_Winter @ <7474.403320, 327.602692, 7795.071777> ... Lifespan:  Set to 120 minutes.
[EOnDrop] Spawn failed for zombie [4] 'ZmbM_SurvivorDean_Blue', it does not exist in DayZ!
[EOnDrop] Zombie Spawned [5] ZmbF_HikerSkinny_Red @ <7473.028320, 327.574463, 7799.011230> ... Lifespan:  Set to 120 minutes.
[EOnDrop] Zombie Spawned [6] ZmbF_HikerSkinny_Blue @ <7462.639160, 327.293518, 7824.326172> ... Lifespan:  Set to 120 minutes.
[EOnDrop] Zombie Spawned [7] ZmbM_HunterOld_Autumn @ <7442.222168, 325.663483, 7818.486816> ... Lifespan:  Set to 120 minutes.
[EOnDrop] Zombie Spawned [8] ZmbM_HermitSkinny_Red @ <7416.700195, 322.392395, 7806.335938> ... Lifespan:  Set to 120 minutes.
[EOnDrop] Zombie Spawned [9] ZmbF_VillagerOld_Blue @ <7447.244141, 326.982422, 7849.105957> ... Lifespan:  Set to 120 minutes.
[EOnDrop] Zombie Spawned [10] ZmbF_MilkMaidOld_Beige @ <7412.105469, 322.078217, 7815.794922> ... Lifespan:  Set to 120 minutes.
[EOnDrop] Zombie Spawned [11] ZmbM_VillagerOld_White @ <7429.946289, 322.321350, 7767.854004> ... Lifespan:  Set to 120 minutes.
[EOnDrop] Zombie Spawned [12] ZmbM_HunterOld_Summer @ <7483.777344, 328.495667, 7801.151855> ... Lifespan:  Set to 120 minutes.
[EOnDrop] Zombie Spawned [13] ZmbM_MotobikerFat_Blue @ <7479.400391, 328.776947, 7830.628906> ... Lifespan:  Set to 120 minutes.
[EOnDrop] Zombie Spawned [14] ZmbF_MilkMaidOld_Beige @ <7438.092773, 324.779022, 7803.368652> ... Lifespan:  Set to 120 minutes.
[EOnDrop] Zombie Spawned [15] ZmbF_SurvivorNormal_Orange @ <7467.151367, 327.502197, 7819.483398> ... Lifespan:  Set to 120 minutes.
[EOnDrop] Zombie Spawned [16] ZmbF_VillagerOld_Red @ <7444.775391, 324.287109, 7770.711914> ... Lifespan:  Set to 120 minutes.
[EOnDrop] Zombie Spawned [17] ZmbM_FarmerFat_Beige @ <7448.632324, 326.095825, 7815.333008> ... Lifespan:  Set to 120 minutes.
[EOnDrop] Zombie Spawned [18] ZmbM_HermitSkinny_Red @ <7467.297363, 327.251160, 7804.944824> ... Lifespan:  Set to 120 minutes.
[EOnDrop] Zombie Spawned [19] ZmbM_HunterOld_Spring @ <7506.335938, 331.383545, 7807.281250> ... Lifespan:  Set to 120 minutes.
[EOnDrop] Zombie Spawned [20] ZmbM_MotobikerFat_Black @ <7422.426758, 323.896515, 7824.908691> ... Lifespan:  Set to 120 minutes.
[EOnDrop] Zombie Spawned [21] ZmbM_HermitSkinny_Beige @ <7427.828613, 322.384094, 7774.004395> ... Lifespan:  Set to 120 minutes.
[EOnDrop] Spawn failed for zombie [22] 'ZmbM_SurvivorDean_Black', it does not exist in DayZ!
[EOnDrop] Zombie Spawned [23] ZmbM_MotobikerFat_Beige @ <7447.641602, 324.418854, 7767.049316> ... Lifespan:  Set to 120 minutes.
[EOnDrop] Zombie Spawned [24] ZmbF_MilkMaidOld_Grey @ <7485.195313, 328.574127, 7798.980957> ... Lifespan:  Set to 120 minutes.
[EOnDrop] Zombie Spawned [25] ZmbM_FarmerFat_Beige @ <7472.553711, 327.705811, 7808.641602> ... Lifespan:  Set to 120 minutes.
[EOnDrop] Zombie Spawned [26] ZmbM_HermitSkinny_Black @ <7434.025879, 325.149933, 7825.020508> ... Lifespan:  Set to 120 minutes.
[EOnDrop] Zombie Spawned [27] ZmbF_HikerSkinny_Green @ <7469.913574, 327.454987, 7805.837891> ... Lifespan:  Set to 120 minutes.
[EOnDrop] Zombie Spawned [28] ZmbM_FarmerFat_Green @ <7493.907227, 329.629700, 7807.377930> ... Lifespan:  Set to 120 minutes.
[EOnDrop] Spawn failed for zombie [29] 'ZmbM_SurvivorDean_Blue', it does not exist in DayZ!
[EOnDrop] Zombie Spawned [30] ZmbM_HermitSkinny_Green @ <7437.080566, 324.949371, 7811.359863> ... Lifespan:  Set to 120 minutes.
[EOnDrop] Zombie Spawned [31] ZmbF_VillagerOld_Green @ <7443.581055, 325.213623, 7800.437500> ... Lifespan:  Set to 120 minutes.
[EOnDrop] Zombie Spawned [32] ZmbM_HermitSkinny_Black @ <7458.644531, 326.757965, 7811.560059> ... Lifespan:  Set to 120 minutes.
[EOnDrop] Zombie Spawned [33] ZmbF_HikerSkinny_Green @ <7460.384766, 327.125702, 7823.442871> ... Lifespan:  Set to 120 minutes.
[EOnDrop] Zombie Spawned [34] ZmbM_HikerSkinny_Yellow @ <7500.300293, 329.852753, 7790.038086> ... Lifespan:  Set to 120 minutes.
[EOnDrop] Zombie Spawned [35] ZmbF_HikerSkinny_Blue @ <7446.468262, 325.765778, 7809.567383> ... Lifespan:  Set to 120 minutes.
[EOnDrop] Drop spawned with 35 infected at <7460.716309, 481.942810, 7806.187500>.
[EOnDrop] Supplies have been dropped near Novy Sobor.
[EOnBeforeDelete] Aircraft despawned @ <4960.787109, 152.000610, -1000.181824>
[~AirdropPlane] Aircraft destroyed.
