[AirdropPlane] Aircraft created on 2021-04-01 @ 01-07-20
[InitializeAircraft] Aircraft Initialized: Balota @ 5043/2505 (true)
[EOnBeforeDrop] The Aircraft is 1 Km from Balota. @ <4189.184570, 152.000610, 1273.377686>
[EOnDrop] Zombie Spawned [1] ZmbM_PatrolNormal_Autumn @ <4969.103027, 10.000000, 2440.583740> ... Lifespan:  Set to 120 minutes.
[EOnDrop] Zombie Spawned [2] ZmbM_PatrolNormal_Autumn @ <5024.994141, 10.000000, 2438.190918> ... Lifespan:  Set to 120 minutes.
[EOnDrop] Zombie Spawned [3] ZmbM_PatrolNormal_Summer @ <4996.683594, 10.000000, 2447.746094> ... Lifespan:  Set to 120 minutes.
[EOnDrop] Zombie Spawned [4] ZmbM_SoldierNormal @ <4979.632324, 9.980496, 2435.062012> ... Lifespan:  Set to 120 minutes.
[EOnDrop] Zombie Spawned [5] ZmbM_PatrolNormal_Flat @ <4985.658203, 9.977317, 2416.017334> ... Lifespan:  Set to 120 minutes.
[EOnDrop] Zombie Spawned [6] ZmbM_PatrolNormal_PautRev @ <4992.563965, 10.000000, 2463.451904> ... Lifespan:  Set to 120 minutes.
[EOnDrop] Zombie Spawned [7] ZmbM_PatrolNormal_PautRev @ <4987.270020, 10.000000, 2475.029541> ... Lifespan:  Set to 120 minutes.
[EOnDrop] Zombie Spawned [8] ZmbM_SoldierNormal @ <5010.441895, 10.000000, 2465.801270> ... Lifespan:  Set to 120 minutes.
[EOnDrop] Zombie Spawned [9] ZmbM_SoldierNormal @ <4972.825684, 10.000000, 2485.269531> ... Lifespan:  Set to 120 minutes.
[EOnDrop] Zombie Spawned [10] ZmbM_PatrolNormal_PautRev @ <4993.835449, 10.000000, 2441.672119> ... Lifespan:  Set to 120 minutes.
[EOnDrop] Zombie Spawned [11] ZmbM_PatrolNormal_PautRev @ <4964.187988, 9.898096, 2428.055664> ... Lifespan:  Set to 120 minutes.
[EOnDrop] Zombie Spawned [12] ZmbM_PatrolNormal_PautRev @ <4968.042480, 10.000000, 2446.128174> ... Lifespan:  Set to 120 minutes.
[EOnDrop] Zombie Spawned [13] ZmbM_PatrolNormal_Summer @ <5030.059570, 9.888863, 2473.274414> ... Lifespan:  Set to 120 minutes.
[EOnDrop] Zombie Spawned [14] ZmbM_PatrolNormal_PautRev @ <4970.556641, 10.000000, 2454.901367> ... Lifespan:  Set to 120 minutes.
[EOnDrop] Zombie Spawned [15] ZmbM_PatrolNormal_Autumn @ <4968.807129, 9.763879, 2412.704102> ... Lifespan:  Set to 120 minutes.
[EOnDrop] Zombie Spawned [16] ZmbM_SoldierNormal @ <5009.435059, 10.000000, 2417.819336> ... Lifespan:  Set to 120 minutes.
[EOnDrop] Zombie Spawned [17] ZmbM_SoldierNormal @ <5009.312500, 10.000000, 2438.453857> ... Lifespan:  Set to 120 minutes.
[EOnDrop] Zombie Spawned [18] ZmbM_PatrolNormal_PautRev @ <5020.192383, 10.000000, 2417.109863> ... Lifespan:  Set to 120 minutes.
[EOnDrop] Zombie Spawned [19] ZmbM_PatrolNormal_Flat @ <4994.242188, 10.000000, 2456.497559> ... Lifespan:  Set to 120 minutes.
[EOnDrop] Zombie Spawned [20] ZmbM_PatrolNormal_PautRev @ <4956.977051, 9.943434, 2429.235840> ... Lifespan:  Set to 120 minutes.
[EOnDrop] Zombie Spawned [21] ZmbM_PatrolNormal_Summer @ <5039.951660, 10.000000, 2441.371582> ... Lifespan:  Set to 120 minutes.
[EOnDrop] Zombie Spawned [22] ZmbM_PatrolNormal_PautRev @ <5007.720703, 10.000000, 2435.354492> ... Lifespan:  Set to 120 minutes.
[EOnDrop] Zombie Spawned [23] ZmbM_PatrolNormal_PautRev @ <5020.024902, 10.000000, 2453.919678> ... Lifespan:  Set to 120 minutes.
[EOnDrop] Zombie Spawned [24] ZmbM_PatrolNormal_Flat @ <4956.566406, 9.999451, 2437.397217> ... Lifespan:  Set to 120 minutes.
[EOnDrop] Zombie Spawned [25] ZmbM_SoldierNormal @ <4985.169434, 10.000000, 2479.046143> ... Lifespan:  Set to 120 minutes.
[EOnDrop] Zombie Spawned [26] ZmbM_PatrolNormal_Autumn @ <5007.835449, 10.000000, 2439.870117> ... Lifespan:  Set to 120 minutes.
[EOnDrop] Zombie Spawned [27] ZmbM_PatrolNormal_Autumn @ <5006.687500, 10.000000, 2433.162354> ... Lifespan:  Set to 120 minutes.
[EOnDrop] Zombie Spawned [28] ZmbM_PatrolNormal_Flat @ <5010.981934, 10.000000, 2436.622803> ... Lifespan:  Set to 120 minutes.
[EOnDrop] Zombie Spawned [29] ZmbM_SoldierNormal @ <4995.992676, 10.000000, 2444.764160> ... Lifespan:  Set to 120 minutes.
[EOnDrop] Zombie Spawned [30] ZmbM_SoldierNormal @ <5042.438965, 10.000000, 2423.857910> ... Lifespan:  Set to 120 minutes.
[EOnDrop] Zombie Spawned [31] ZmbM_PatrolNormal_Autumn @ <4994.908691, 10.000000, 2457.112061> ... Lifespan:  Set to 120 minutes.
[EOnDrop] Zombie Spawned [32] ZmbM_PatrolNormal_Flat @ <4976.122559, 10.000000, 2482.175537> ... Lifespan:  Set to 120 minutes.
[EOnDrop] Zombie Spawned [33] ZmbM_PatrolNormal_Flat @ <5010.002441, 10.000000, 2443.390137> ... Lifespan:  Set to 120 minutes.
[EOnDrop] Zombie Spawned [34] ZmbM_SoldierNormal @ <4980.627441, 10.000000, 2449.314453> ... Lifespan:  Set to 120 minutes.
[EOnDrop] Zombie Spawned [35] ZmbM_PatrolNormal_Summer @ <5001.877930, 10.000000, 2462.102295> ... Lifespan:  Set to 120 minutes.
[EOnDrop] Drop spawned with 35 infected at <5001.435059, 150.039429, 2444.965088>.
[EOnDrop] Supplies have been dropped near Balota.
[EOnBeforeDelete] Aircraft despawned @ <14653.488281, 265.570160, 16361.106445>
[~AirdropPlane] Aircraft destroyed.
