[AirdropPlane] Aircraft created on 2021-02-13 @ 06-32-31
[InitializeAircraft] Aircraft Initialized: Stary Sobor @ 5823/7764 (true)
[EOnBeforeDrop] The Aircraft is 1 Km from Stary Sobor. @ <6815.014160, 520.709534, 8888.470703>
[EOnDrop] Spawn failed for zombie [1] 'ZmbM_SurvivorDean_Grey', it does not exist in DayZ!
[EOnDrop] Zombie Spawned [2] ZmbM_HikerSkinny_Blue @ <5895.099609, 309.928711, 7800.258789> ... Lifespan:  Set to 120 minutes.
[EOnDrop] Zombie Spawned [3] ZmbM_HermitSkinny_Black @ <5873.830566, 311.178131, 7861.136719> ... Lifespan:  Set to 120 minutes.
[EOnDrop] Zombie Spawned [4] ZmbM_priestPopSkinny @ <5863.833008, 313.171387, 7847.999023> ... Lifespan:  Set to 120 minutes.
[EOnDrop] Zombie Spawned [5] ZmbM_HikerSkinny_Yellow @ <5868.762695, 311.722778, 7813.833984> ... Lifespan:  Set to 120 minutes.
[EOnDrop] Zombie Spawned [6] ZmbM_HikerSkinny_Blue @ <5870.879883, 311.148163, 7829.033203> ... Lifespan:  Set to 120 minutes.
[EOnDrop] Zombie Spawned [7] ZmbF_SurvivorNormal_Blue @ <5900.140625, 308.032318, 7819.174805> ... Lifespan:  Set to 120 minutes.
[EOnDrop] Zombie Spawned [8] ZmbM_HermitSkinny_Red @ <5847.516113, 314.720428, 7842.730957> ... Lifespan:  Set to 120 minutes.
[EOnDrop] Zombie Spawned [9] ZmbM_MotobikerFat_Blue @ <5859.645508, 312.449677, 7813.312012> ... Lifespan:  Set to 120 minutes.
[EOnDrop] Zombie Spawned [10] ZmbF_HikerSkinny_Blue @ <5901.954102, 307.015869, 7856.428711> ... Lifespan:  Set to 120 minutes.
[EOnDrop] Zombie Spawned [11] ZmbM_MotobikerFat_Beige @ <5862.816406, 312.674835, 7793.832520> ... Lifespan:  Set to 120 minutes.
[EOnDrop] Zombie Spawned [12] ZmbF_HikerSkinny_Red @ <5865.454590, 312.855072, 7841.979492> ... Lifespan:  Set to 120 minutes.
[EOnDrop] Spawn failed for zombie [13] 'ZmbM_SurvivorDean_Black', it does not exist in DayZ!
[EOnDrop] Spawn failed for zombie [14] 'ZmbM_SurvivorDean_Black', it does not exist in DayZ!
[EOnDrop] Zombie Spawned [15] ZmbF_VillagerOld_Red @ <5873.602539, 310.746857, 7839.581055> ... Lifespan:  Set to 120 minutes.
[EOnDrop] Zombie Spawned [16] ZmbM_VillagerOld_White @ <5888.806152, 308.400513, 7833.339355> ... Lifespan:  Set to 120 minutes.
[EOnDrop] Zombie Spawned [17] ZmbM_FarmerFat_Blue @ <5899.711426, 308.397400, 7815.381836> ... Lifespan:  Set to 120 minutes.
[EOnDrop] Zombie Spawned [18] ZmbF_MilkMaidOld_Beige @ <5880.945313, 311.050903, 7803.472656> ... Lifespan:  Set to 120 minutes.
[EOnDrop] Zombie Spawned [19] ZmbF_MilkMaidOld_Grey @ <5862.613770, 312.246002, 7831.695313> ... Lifespan:  Set to 120 minutes.
[EOnDrop] Zombie Spawned [20] ZmbM_HikerSkinny_Blue @ <5832.166992, 315.169678, 7830.089844> ... Lifespan:  Set to 120 minutes.
[EOnDrop] Drop spawned with 20 infected at <5877.802246, 453.995819, 7826.894531>.
[EOnDrop] Supplies have been dropped near Stary Sobor.
[EOnBeforeDelete] Aircraft despawned @ <-1000.708862, 153.314468, 36.379700>
[~AirdropPlane] Aircraft destroyed.
