[InitializeContainer] Container created on 2021-02-15 @ 22-36-10
[InitializeContainer] Winds: Vector <11.275610, 0.000000, 4.110307>, Speed 12.0014mps, Strength 0.1
[AirdropContainerFall] Drop Type 'Military Weapons', Container: 'AirdropContainer', Mode/Quantity/Iems: Random/30/14, Flare:  10%
[AirdropContainerFall] Loot Spawned [1] TTC_Beowulf @ <9373.440430, 53.930325, 2316.989014> ... Lifespan: Set to 120 minutes.
[AirdropContainerFall] Loot Spawned [2] BakedBeansCan @ <9373.349609, 54.305332, 2318.761475> ... Lifespan: Set to 120 minutes.
[AirdropContainerFall] Loot Spawned [3] TTC_50Beo_mag @ <9370.297852, 54.271458, 2318.735352> ... Lifespan: Set to 120 minutes.
[AirdropContainerFall] Loot Spawned [4] Vodka @ <9371.173828, 54.165390, 2318.182617> ... Lifespan: Set to 120 minutes.
[AirdropContainerFall] Loot Spawned [5] TTC_Beowulf @ <9373.505859, 54.562191, 2319.947998> ... Lifespan: Set to 120 minutes.
[AirdropContainerFall] Loot Spawned [6] PowderedMilk @ <9373.788086, 54.253132, 2318.489014> ... Lifespan: Set to 120 minutes.
[AirdropContainerFall] Loot Spawned [7] TTC_Ammo_50Beo @ <9373.966797, 54.422718, 2319.263916> ... Lifespan: Set to 120 minutes.
[AirdropContainerFall] Loot Spawned [8] TTC_Ammo_50Beo @ <9371.714844, 53.419415, 2314.793213> ... Lifespan: Set to 120 minutes.
[AirdropContainerFall] Loot Spawned [9] BakedBeansCan @ <9372.047852, 54.372032, 2319.143066> ... Lifespan: Set to 120 minutes.
[AirdropContainerFall] Loot Spawned [10] PowderedMilk @ <9370.859375, 53.779675, 2316.427246> ... Lifespan: Set to 120 minutes.
[AirdropContainerFall] Loot Spawned [11] TTC_50Beo_mag @ <9373.088867, 53.592274, 2315.503418> ... Lifespan: Set to 120 minutes.
[AirdropContainerFall] Loot Spawned [12] TWP_BerettaPX4_mag_17Rnd @ <9373.110352, 53.706100, 2316.007568> ... Lifespan: Set to 120 minutes.
[AirdropContainerFall] Loot Spawned [13] TWP_BerettaPX4_mag_17Rnd @ <9370.824219, 53.662422, 2315.908447> ... Lifespan: Set to 120 minutes.
[AirdropContainerFall] Loot Spawned [14] Mag_AKM_30Rnd @ <9370.625000, 53.996937, 2317.401123> ... Lifespan: Set to 120 minutes.
[AirdropContainerFall] Loot Spawned [15] Vodka @ <9372.843750, 53.808044, 2316.470947> ... Lifespan: Set to 120 minutes.
[AirdropContainerFall] Loot Spawned [16] TWP_BerettaPX4 @ <9371.391602, 54.176079, 2318.224609> ... Lifespan: Set to 120 minutes.
[AirdropContainerFall] Loot Spawned [17] TTC_Ammo_50Beo @ <9370.454102, 53.740044, 2316.268311> ... Lifespan: Set to 120 minutes.
[AirdropContainerFall] Loot Spawned [18] BakedBeansCan @ <9371.260742, 53.948097, 2317.158203> ... Lifespan: Set to 120 minutes.
[AirdropContainerFall] Loot Spawned [19] BakedBeansCan @ <9375.079102, 54.025524, 2317.350098> ... Lifespan: Set to 120 minutes.
[AirdropContainerFall] Loot Spawned [20] TTC_AmmoBox_50Beo_20rnd @ <9371.159180, 54.390507, 2319.272461> ... Lifespan: Set to 120 minutes.
[AirdropContainerFall] Loot Spawned [21] PowderedMilk @ <9371.351563, 53.433144, 2314.869141> ... Lifespan: Set to 120 minutes.
[AirdropContainerFall] Loot Spawned [22] TTC_Beowulf @ <9374.391602, 54.031628, 2317.399170> ... Lifespan: Set to 120 minutes.
[AirdropContainerFall] Loot Spawned [23] Vodka @ <9370.354492, 54.387348, 2319.293701> ... Lifespan: Set to 120 minutes.
[AirdropContainerFall] Loot Spawned [24] BakedBeansCan @ <9369.639648, 53.903469, 2317.027344> ... Lifespan: Set to 120 minutes.
[AirdropContainerFall] Loot Spawned [25] TTC_Ammo_50Beo @ <9374.719727, 54.199047, 2318.165527> ... Lifespan: Set to 120 minutes.
[AirdropContainerFall] Loot Spawned [26] TTC_AmmoBox_50Beo_20rnd @ <9370.603516, 53.802814, 2316.540527> ... Lifespan: Set to 120 minutes.
[AirdropContainerFall] Loot Spawned [27] TWP_BerettaPX4_mag_17Rnd @ <9371.718750, 53.384228, 2314.636719> ... Lifespan: Set to 120 minutes.
[AirdropContainerFall] Loot Spawned [28] TTC_R700 @ <9370.892578, 53.994686, 2317.380127> ... Lifespan: Set to 120 minutes.
[AirdropContainerFall] Loot Spawned [29] TTC_Buttstock3 @ <9374.203125, 53.781174, 2316.295410> ... Lifespan: Set to 120 minutes.
[AirdropContainerFall] Loot Spawned [30] BakedBeansCan @ <9374.903320, 53.861927, 2316.624756> ... Lifespan: Set to 120 minutes.
[AirdropContainerUnstuck] Container was unstuck.
[~AirdropContainerBase] Container Destroyed on 2021-02-15 @ 23-36-11
