[InitializeContainer] Container created on 2021-03-25 @ 01-16-49
[InitializeContainer] Winds: Vector <7.534708, 0.000000, -5.338295>, Speed 9.23413mps, Strength 0.1
[AirdropContainerFall] Drop Type 'Military Weapons', Container: 'AirdropContainer', Mode/Quantity/Iems: Random/30/14, Flare:  10%
[AirdropContainerFall] Loot Spawned [1] TTC_R700 @ <1951.509399, 262.842133, 7454.290527> ... Lifespan: Set to 120 minutes.
[AirdropContainerFall] Loot Spawned [2] Mag_AKM_30Rnd @ <1954.372559, 263.317657, 7453.657715> ... Lifespan: Set to 120 minutes.
[AirdropContainerFall] Loot Spawned [3] PowderedMilk @ <1951.761230, 262.667572, 7451.464844> ... Lifespan: Set to 120 minutes.
[AirdropContainerFall] Loot Spawned [4] TWP_BerettaPX4_mag_17Rnd @ <1950.761108, 262.811310, 7455.160156> ... Lifespan: Set to 120 minutes.
[AirdropContainerFall] Loot Spawned [5] TWP_BerettaPX4_mag_17Rnd @ <1950.792114, 262.604919, 7452.447754> ... Lifespan: Set to 120 minutes.
[AirdropContainerFall] Loot Spawned [6] AKM @ <1952.490479, 263.201233, 7455.530273> ... Lifespan: Set to 120 minutes.
[AirdropContainerFall] Loot Spawned [7] TWP_BerettaPX4_mag_17Rnd @ <1953.680176, 263.220856, 7453.951660> ... Lifespan: Set to 120 minutes.
[AirdropContainerFall] Loot Spawned [8] TWP_BerettaPX4_mag_17Rnd @ <1954.181763, 263.415955, 7454.704590> ... Lifespan: Set to 120 minutes.
[AirdropContainerFall] Loot Spawned [9] BakedBeansCan @ <1950.524536, 262.506805, 7451.080566> ... Lifespan: Set to 120 minutes.
[AirdropContainerFall] Loot Spawned [10] TWP_BerettaPX4_mag_17Rnd @ <1954.973633, 263.372772, 7453.179199> ... Lifespan: Set to 120 minutes.
[AirdropContainerFall] Loot Spawned [11] AKM @ <1953.848755, 263.135223, 7453.035645> ... Lifespan: Set to 120 minutes.
[AirdropContainerFall] Loot Spawned [12] TTC_50Beo_mag @ <1951.865234, 263.073975, 7455.491699> ... Lifespan: Set to 120 minutes.
[AirdropContainerFall] Loot Spawned [13] TWP_BerettaPX4_mag_17Rnd @ <1950.668701, 262.678162, 7454.218750> ... Lifespan: Set to 120 minutes.
[AirdropContainerFall] Loot Spawned [14] TTC_Ammo_50Beo @ <1951.439941, 262.627136, 7451.392090> ... Lifespan: Set to 120 minutes.
[AirdropContainerFall] Loot Spawned [15] PowderedMilk @ <1952.989624, 263.145477, 7454.408203> ... Lifespan: Set to 120 minutes.
[AirdropContainerFall] Loot Spawned [16] TTC_Buttstock3 @ <1951.633789, 262.685486, 7452.124512> ... Lifespan: Set to 120 minutes.
[AirdropContainerFall] Loot Spawned [17] TWP_BerettaPX4_mag_17Rnd @ <1954.942505, 263.300293, 7452.665527> ... Lifespan: Set to 120 minutes.
[AirdropContainerFall] Loot Spawned [18] TTC_Ammo_50Beo @ <1952.306152, 263.074127, 7454.885254> ... Lifespan: Set to 120 minutes.
[AirdropContainerFall] Loot Spawned [19] TTC_AmmoBox_50Beo_20rnd @ <1950.118774, 262.598022, 7453.873047> ... Lifespan: Set to 120 minutes.
[AirdropContainerFall] Loot Spawned [20] BakedBeansCan @ <1951.126831, 262.875458, 7455.111328> ... Lifespan: Set to 120 minutes.
[AirdropContainerFall] Loot Spawned [21] BakedBeansCan @ <1954.258301, 263.290802, 7453.622070> ... Lifespan: Set to 120 minutes.
[AirdropContainerFall] Loot Spawned [22] BakedBeansCan @ <1953.059448, 262.833191, 7451.805176> ... Lifespan: Set to 120 minutes.
[AirdropContainerFall] Loot Spawned [23] TWP_BerettaPX4_mag_17Rnd @ <1953.651855, 263.128265, 7453.277832> ... Lifespan: Set to 120 minutes.
[AirdropContainerFall] Loot Spawned [24] TTC_R700 @ <1953.574707, 262.848450, 7450.916504> ... Lifespan: Set to 120 minutes.
[AirdropContainerFall] Loot Spawned [25] TTC_R700 @ <1950.952759, 262.686707, 7453.731934> ... Lifespan: Set to 120 minutes.
[AirdropContainerFall] Loot Spawned [26] BakedBeansCan @ <1954.415527, 263.108307, 7451.974609> ... Lifespan: Set to 120 minutes.
[AirdropContainerFall] Loot Spawned [27] TTC_Beowulf @ <1949.720825, 262.580719, 7453.262207> ... Lifespan: Set to 120 minutes.
[AirdropContainerFall] Loot Spawned [28] TTC_50Beo_mag @ <1951.585815, 262.894928, 7454.583984> ... Lifespan: Set to 120 minutes.
[AirdropContainerFall] Loot Spawned [29] BakedBeansCan @ <1953.396118, 263.100037, 7453.444824> ... Lifespan: Set to 120 minutes.
[AirdropContainerFall] Loot Spawned [30] BakedBeansCan @ <1952.615356, 262.727142, 7450.687012> ... Lifespan: Set to 120 minutes.
[AirdropContainerUnstuck] Container was unstuck.
[~AirdropContainerBase] Container Destroyed on 2021-03-25 @ 02-16-48
