[InitializeContainer] Container created on 2021-02-04 @ 00-06-35
[InitializeContainer] Winds: Vector <8.064954, 0.000000, -4.898855>, Speed 9.43622mps, Strength 0.1
[AirdropContainerFall] Drop Type 'Military Weapons', Container: 'AirdropContainer', Mode/Quantity/Iems: Random/30/14, Flare:  10%
[AirdropContainerFall] Loot Spawned [1] AmmoBox_762x54_20Rnd @ <2391.583008, 190.059998, 5331.084961> ... Lifespan: Set to 120 minutes.
[AirdropContainerFall] Loot Spawned [2] Rice @ <2390.082764, 190.059998, 5330.362793> ... Lifespan: Set to 120 minutes.
[AirdropContainerFall] Loot Spawned [3] M4A1 @ <2390.740967, 190.059830, 5326.635254> ... Lifespan: Set to 120 minutes.
[AirdropContainerFall] Loot Spawned [4] WaterBottle @ <2391.484619, 190.059998, 5330.750000> ... Lifespan: Set to 120 minutes.
[AirdropContainerFall] Loot Spawned [5] WaterBottle @ <2392.698730, 190.059998, 5328.644531> ... Lifespan: Set to 120 minutes.
[AirdropContainerFall] Loot Spawned [6] Izh18 @ <2391.879395, 190.059998, 5331.159668> ... Lifespan: Set to 120 minutes.
[AirdropContainerFall] Loot Spawned [7] Izh18 @ <2389.118652, 190.059998, 5329.776855> ... Lifespan: Set to 120 minutes.
[AirdropContainerFall] Loot Spawned [8] BakedBeansCan @ <2389.114990, 190.059998, 5329.937012> ... Lifespan: Set to 120 minutes.
[AirdropContainerFall] Loot Spawned [9] BakedBeansCan @ <2392.875977, 190.059998, 5330.628906> ... Lifespan: Set to 120 minutes.
[AirdropContainerFall] Loot Spawned [10] FNX45 @ <2390.671143, 190.059998, 5330.004395> ... Lifespan: Set to 120 minutes.
[AirdropContainerFall] Loot Spawned [11] Mag_STANAG_30Rnd @ <2391.374023, 190.059998, 5326.333984> ... Lifespan: Set to 120 minutes.
[AirdropContainerFall] Loot Spawned [12] AKM @ <2390.672363, 190.059998, 5327.467773> ... Lifespan: Set to 120 minutes.
[AirdropContainerFall] Loot Spawned [13] Rice @ <2392.824951, 190.059998, 5328.782227> ... Lifespan: Set to 120 minutes.
[AirdropContainerFall] Loot Spawned [14] Mag_STANAG_30Rnd @ <2391.821533, 190.059998, 5330.249512> ... Lifespan: Set to 120 minutes.
[AirdropContainerFall] Loot Spawned [15] Vodka @ <2392.541992, 190.059998, 5326.141602> ... Lifespan: Set to 120 minutes.
[AirdropContainerFall] Loot Spawned [16] AmmoBox_762x54_20Rnd @ <2393.635986, 190.059998, 5327.677246> ... Lifespan: Set to 120 minutes.
[AirdropContainerFall] Loot Spawned [17] Vodka @ <2389.799561, 190.059998, 5328.306641> ... Lifespan: Set to 120 minutes.
[AirdropContainerFall] Loot Spawned [18] Rice @ <2391.269775, 190.059998, 5330.751465> ... Lifespan: Set to 120 minutes.
[AirdropContainerFall] Loot Spawned [19] Rice @ <2389.647461, 190.059998, 5330.511719> ... Lifespan: Set to 120 minutes.
[AirdropContainerFall] Loot Spawned [20] Rice @ <2390.968750, 190.059998, 5329.791992> ... Lifespan: Set to 120 minutes.
[AirdropContainerFall] Loot Spawned [21] Vodka @ <2393.308594, 190.059998, 5327.927246> ... Lifespan: Set to 120 minutes.
[AirdropContainerFall] Loot Spawned [22] AmmoBox_762x39_20Rnd @ <2390.325195, 190.059998, 5330.616699> ... Lifespan: Set to 120 minutes.
[AirdropContainerFall] Loot Spawned [23] Vodka @ <2391.305664, 190.059998, 5327.101563> ... Lifespan: Set to 120 minutes.
[AirdropContainerFall] Spawn failed for item [24] 'Mossin9130', does not exist in DayZ!
[AirdropContainerFall] Loot Spawned [25] Rice @ <2389.100098, 190.059998, 5329.623535> ... Lifespan: Set to 120 minutes.
[AirdropContainerFall] Loot Spawned [26] AmmoBox_762x54_20Rnd @ <2389.114746, 190.057907, 5326.823730> ... Lifespan: Set to 120 minutes.
[AirdropContainerFall] Loot Spawned [27] BakedBeansCan @ <2388.915527, 190.059998, 5330.072754> ... Lifespan: Set to 120 minutes.
[AirdropContainerFall] Loot Spawned [28] Rice @ <2388.839844, 190.058975, 5327.897949> ... Lifespan: Set to 120 minutes.
[AirdropContainerFall] Loot Spawned [29] Vodka @ <2392.860840, 190.059998, 5330.501465> ... Lifespan: Set to 120 minutes.
[AirdropContainerFall] Loot Spawned [30] Vodka @ <2390.796143, 190.059998, 5329.873535> ... Lifespan: Set to 120 minutes.
[AirdropContainerUnstuck] Container was unstuck.
[~AirdropContainerBase] Container Destroyed on 2021-02-04 @ 01-07-04
