[AirdropPlane] Aircraft created on 2021-02-25 @ 02-55-17
[InitializeAircraft] Aircraft Initialized: Stary Sobor @ 5823/7764 (true)
[EOnBeforeDrop] The Aircraft is 1 Km from Stary Sobor. @ <4860.924316, 422.296326, 6614.119141>
[EOnDrop] Zombie Spawned [1] ZmbF_VillagerOld_Blue @ <5748.486816, 320.486847, 7721.605957> ... Lifespan:  Set to 120 minutes.
[EOnDrop] Zombie Spawned [2] ZmbM_FarmerFat_Green @ <5743.544922, 320.304474, 7715.806641> ... Lifespan:  Set to 120 minutes.
[EOnDrop] Zombie Spawned [3] ZmbF_SurvivorNormal_Red @ <5797.024414, 320.531067, 7697.151367> ... Lifespan:  Set to 120 minutes.
[EOnDrop] Zombie Spawned [4] ZmbF_HikerSkinny_Red @ <5816.353516, 319.768036, 7689.162598> ... Lifespan:  Set to 120 minutes.
[EOnDrop] Zombie Spawned [5] ZmbM_VillagerOld_Green @ <5770.235840, 320.383087, 7688.470215> ... Lifespan:  Set to 120 minutes.
[EOnDrop] Zombie Spawned [6] ZmbM_HunterOld_Winter @ <5763.912109, 320.653290, 7716.444824> ... Lifespan:  Set to 120 minutes.
[EOnDrop] Zombie Spawned [7] ZmbF_MilkMaidOld_Grey @ <5767.729004, 320.662201, 7710.705566> ... Lifespan:  Set to 120 minutes.
[EOnDrop] Zombie Spawned [8] ZmbF_HikerSkinny_Red @ <5749.034180, 320.479462, 7719.429199> ... Lifespan:  Set to 120 minutes.
[EOnDrop] Zombie Spawned [9] ZmbM_VillagerOld_Green @ <5738.740234, 319.991913, 7707.457520> ... Lifespan:  Set to 120 minutes.
[EOnDrop] Zombie Spawned [10] ZmbM_HunterOld_Autumn @ <5768.095703, 320.408966, 7691.374023> ... Lifespan:  Set to 120 minutes.
[EOnDrop] Zombie Spawned [11] ZmbM_VillagerOld_Blue @ <5816.897461, 319.743195, 7689.500000> ... Lifespan:  Set to 120 minutes.
[EOnDrop] Zombie Spawned [12] ZmbF_MilkMaidOld_Green @ <5757.788086, 320.616028, 7733.783203> ... Lifespan:  Set to 120 minutes.
[EOnDrop] Zombie Spawned [13] ZmbF_HikerSkinny_Green @ <5785.783691, 319.967957, 7735.906250> ... Lifespan:  Set to 120 minutes.
[EOnDrop] Zombie Spawned [14] ZmbM_VillagerOld_Green @ <5769.286621, 320.672699, 7713.864746> ... Lifespan:  Set to 120 minutes.
[EOnDrop] Zombie Spawned [15] ZmbM_FarmerFat_Beige @ <5743.530273, 320.060181, 7703.093750> ... Lifespan:  Set to 120 minutes.
[EOnDrop] Zombie Spawned [16] ZmbM_FarmerFat_Beige @ <5749.618652, 319.614624, 7682.437012> ... Lifespan:  Set to 120 minutes.
[EOnDrop] Zombie Spawned [17] ZmbM_VillagerOld_Green @ <5801.298340, 320.418732, 7693.765625> ... Lifespan:  Set to 120 minutes.
[EOnDrop] Zombie Spawned [18] ZmbF_HikerSkinny_Green @ <5801.909668, 320.408295, 7695.293457> ... Lifespan:  Set to 120 minutes.
[EOnDrop] Zombie Spawned [19] ZmbM_HunterOld_Autumn @ <5781.809082, 319.373047, 7656.216309> ... Lifespan:  Set to 120 minutes.
[EOnDrop] Zombie Spawned [20] ZmbM_MotobikerFat_Black @ <5795.662109, 320.317322, 7679.477539> ... Lifespan:  Set to 120 minutes.
[EOnDrop] Zombie Spawned [21] ZmbM_HermitSkinny_Green @ <5745.328613, 319.854340, 7693.860352> ... Lifespan:  Set to 120 minutes.
[EOnDrop] Zombie Spawned [22] ZmbM_FarmerFat_Beige @ <5774.956543, 320.321228, 7682.929199> ... Lifespan:  Set to 120 minutes.
[EOnDrop] Zombie Spawned [23] ZmbM_VillagerOld_White @ <5790.525391, 320.202515, 7674.801758> ... Lifespan:  Set to 120 minutes.
[EOnDrop] Zombie Spawned [24] ZmbF_MilkMaidOld_Grey @ <5733.694824, 320.091370, 7722.002441> ... Lifespan:  Set to 120 minutes.
[EOnDrop] Zombie Spawned [25] ZmbM_VillagerOld_Green @ <5757.880859, 320.249023, 7694.316895> ... Lifespan:  Set to 120 minutes.
[EOnDrop] Zombie Spawned [26] ZmbM_FarmerFat_Green @ <5782.427246, 320.531921, 7716.084473> ... Lifespan:  Set to 120 minutes.
[EOnDrop] Zombie Spawned [27] ZmbM_MotobikerFat_Blue @ <5808.552246, 319.204620, 7727.778320> ... Lifespan:  Set to 120 minutes.
[EOnDrop] Zombie Spawned [28] ZmbM_HunterOld_Autumn @ <5746.857910, 320.065979, 7699.228516> ... Lifespan:  Set to 120 minutes.
[EOnDrop] Zombie Spawned [29] ZmbM_HunterOld_Autumn @ <5737.132813, 319.178009, 7684.101074> ... Lifespan:  Set to 120 minutes.
[EOnDrop] Spawn failed for zombie [30] 'ZmbM_SurvivorDean_Grey', it does not exist in DayZ!
[EOnDrop] Zombie Spawned [31] ZmbM_FarmerFat_Blue @ <5790.558594, 320.223877, 7720.267090> ... Lifespan:  Set to 120 minutes.
[EOnDrop] Zombie Spawned [32] ZmbM_HunterOld_Summer @ <5792.520508, 320.244446, 7717.233887> ... Lifespan:  Set to 120 minutes.
[EOnDrop] Spawn failed for zombie [33] 'ZmbM_SurvivorDean_Black', it does not exist in DayZ!
[EOnDrop] Zombie Spawned [34] ZmbM_HikerSkinny_Blue @ <5761.355469, 319.392670, 7666.474121> ... Lifespan:  Set to 120 minutes.
[EOnDrop] Zombie Spawned [35] ZmbM_FarmerFat_Blue @ <5752.682129, 320.147552, 7695.509766> ... Lifespan:  Set to 120 minutes.
[EOnDrop] Zombie Spawned [36] ZmbM_HikerSkinny_Blue @ <5783.628906, 319.512329, 7658.641113> ... Lifespan:  Set to 120 minutes.
[EOnDrop] Zombie Spawned [37] ZmbM_VillagerOld_Blue @ <5783.286621, 320.517944, 7716.099121> ... Lifespan:  Set to 120 minutes.
[EOnDrop] Zombie Spawned [38] ZmbF_SurvivorNormal_White @ <5768.129883, 320.001587, 7677.543457> ... Lifespan:  Set to 120 minutes.
[EOnDrop] Zombie Spawned [39] ZmbF_VillagerOld_Green @ <5786.428711, 319.778046, 7664.214355> ... Lifespan:  Set to 120 minutes.
[EOnDrop] Zombie Spawned [40] ZmbM_HunterOld_Autumn @ <5766.281250, 319.109528, 7657.750000> ... Lifespan:  Set to 120 minutes.
[EOnDrop] Drop spawned with 40 infected at <5771.939941, 456.110382, 7703.384766>.
[EOnDrop] Supplies have been dropped near Stary Sobor.
[EOnBeforeDelete] Aircraft despawned @ <13012.364258, 257.522095, 16360.054688>
[~AirdropPlane] Aircraft destroyed.
