[AirdropPlane] Aircraft created on 2021-03-21 @ 14-38-51
[InitializeAircraft] Aircraft Initialized: Chernogorks @ 6128/2497 (true)
[EOnBeforeDrop] The Aircraft is 1 Km from Chernogorks. @ <5034.281738, 342.187256, 3523.409180>
[EOnDrop] Zombie Spawned [1] ZmbF_CitizenANormal_Blue @ <6078.823242, 34.469135, 2543.157959> ... Lifespan:  Set to 120 minutes.
[EOnDrop] Zombie Spawned [2] ZmbM_JoggerSkinny_Green @ <6076.164551, 36.966381, 2565.924316> ... Lifespan:  Set to 120 minutes.
[EOnDrop] Zombie Spawned [3] ZmbM_Jacket_blue @ <6068.394043, 38.544682, 2546.382813> ... Lifespan:  Set to 120 minutes.
[EOnDrop] Zombie Spawned [4] ZmbM_Jacket_beige @ <6053.865234, 46.133160, 2567.831299> ... Lifespan:  Set to 120 minutes.
[EOnDrop] Zombie Spawned [5] ZmbF_CitizenANormal_Brown @ <6073.500000, 36.753185, 2547.753662> ... Lifespan:  Set to 120 minutes.
[EOnDrop] Zombie Spawned [6] ZmbM_Jacket_brown @ <6072.067871, 37.754181, 2557.134277> ... Lifespan:  Set to 120 minutes.
[EOnDrop] Zombie Spawned [7] ZmbM_SkaterYoung_Green @ <6060.652832, 41.032043, 2517.593994> ... Lifespan:  Set to 120 minutes.
[EOnDrop] Zombie Spawned [8] ZmbF_JoggerSkinny_Brown @ <6069.959473, 37.829918, 2544.528076> ... Lifespan:  Set to 120 minutes.
[EOnDrop] Zombie Spawned [9] ZmbF_ShortSkirt_grey @ <6055.123535, 48.832119, 2594.818115> ... Lifespan:  Set to 120 minutes.
[EOnDrop] Zombie Spawned [10] ZmbM_CommercialPilotOld_Blue @ <6028.563477, 55.523247, 2526.548584> ... Lifespan:  Set to 120 minutes.
[EOnDrop] Zombie Spawned [11] ZmbM_SkaterYoung_Blue @ <6043.203125, 49.111271, 2531.475586> ... Lifespan:  Set to 120 minutes.
[EOnDrop] Zombie Spawned [12] ZmbM_SkaterYoung_Grey @ <6096.137695, 28.894093, 2544.810059> ... Lifespan:  Set to 120 minutes.
[EOnDrop] Zombie Spawned [13] ZmbM_CitizenBFat_Red @ <6080.718750, 36.684921, 2578.966553> ... Lifespan:  Set to 120 minutes.
[EOnDrop] Zombie Spawned [14] ZmbF_ShortSkirt_red @ <6094.941895, 29.815069, 2554.489502> ... Lifespan:  Set to 120 minutes.
[EOnDrop] Zombie Spawned [15] ZmbM_SkaterYoung_Brown @ <6036.673340, 51.196400, 2516.420898> ... Lifespan:  Set to 120 minutes.
[EOnDrop] Zombie Spawned [16] ZmbM_JournalistSkinny @ <6038.930664, 51.089825, 2560.728760> ... Lifespan:  Set to 120 minutes.
[EOnDrop] Zombie Spawned [17] ZmbM_CommercialPilotOld_Brown @ <6028.445313, 55.108536, 2549.822021> ... Lifespan:  Set to 120 minutes.
[EOnDrop] Zombie Spawned [18] ZmbM_ClerkFat_Grey @ <6087.509277, 30.046803, 2518.240723> ... Lifespan:  Set to 120 minutes.
[EOnDrop] Zombie Spawned [19] ZmbM_ClerkFat_Grey @ <6106.570313, 27.212332, 2558.924072> ... Lifespan:  Set to 120 minutes.
[EOnDrop] Zombie Spawned [20] ZmbF_PatientOld @ <6026.602539, 55.762245, 2550.235840> ... Lifespan:  Set to 120 minutes.
[EOnDrop] Zombie Spawned [21] ZmbF_PoliceWomanNormal @ <6063.327148, 43.423576, 2570.658936> ... Lifespan:  Set to 120 minutes.
[EOnDrop] Zombie Spawned [22] ZmbF_ShortSkirt_beige @ <6073.531738, 39.660362, 2576.544922> ... Lifespan:  Set to 120 minutes.
[EOnDrop] Zombie Spawned [23] ZmbF_ShortSkirt_stripes @ <6082.173828, 36.202324, 2579.615967> ... Lifespan:  Set to 120 minutes.
[EOnDrop] Zombie Spawned [24] ZmbF_ShortSkirt_beige @ <6056.610352, 48.287182, 2598.666992> ... Lifespan:  Set to 120 minutes.
[EOnDrop] Zombie Spawned [25] ZmbF_Clerk_Normal_Green @ <6074.733398, 35.443378, 2539.282959> ... Lifespan:  Set to 120 minutes.
[EOnDrop] Zombie Spawned [26] ZmbM_CommercialPilotOld_Brown @ <6053.887207, 45.731758, 2563.937500> ... Lifespan:  Set to 120 minutes.
[EOnDrop] Zombie Spawned [27] ZmbM_CitizenBFat_Blue @ <6066.062988, 39.319817, 2530.543457> ... Lifespan:  Set to 120 minutes.
[EOnDrop] Zombie Spawned [28] ZmbF_JournalistNormal_White @ <6100.617188, 28.572842, 2559.437500> ... Lifespan:  Set to 120 minutes.
[EOnDrop] Zombie Spawned [29] ZmbF_ShortSkirt_red @ <6049.497070, 46.073601, 2536.237793> ... Lifespan:  Set to 120 minutes.
[EOnDrop] Zombie Spawned [30] ZmbF_ShortSkirt_red @ <6040.701172, 50.071156, 2522.735840> ... Lifespan:  Set to 120 minutes.
[EOnDrop] Zombie Spawned [31] ZmbF_SkaterYoung_Violet @ <6050.183105, 44.866604, 2514.216553> ... Lifespan:  Set to 120 minutes.
[EOnDrop] Zombie Spawned [32] ZmbM_JoggerSkinny_Red @ <6098.788086, 31.573120, 2583.109131> ... Lifespan:  Set to 120 minutes.
[EOnDrop] Zombie Spawned [33] ZmbM_ClerkFat_Grey @ <6052.606445, 43.332775, 2510.386963> ... Lifespan:  Set to 120 minutes.
[EOnDrop] Zombie Spawned [34] ZmbM_ClerkFat_White @ <6041.464355, 50.155151, 2564.153320> ... Lifespan:  Set to 120 minutes.
[EOnDrop] Zombie Spawned [35] ZmbF_PatientOld @ <6059.226074, 42.433403, 2547.089111> ... Lifespan:  Set to 120 minutes.
[EOnDrop] Zombie Spawned [36] ZmbM_CitizenBFat_Green @ <6070.479980, 43.356575, 2599.315674> ... Lifespan:  Set to 120 minutes.
[EOnDrop] Zombie Spawned [37] ZmbF_JournalistNormal_Red @ <6052.914063, 44.729687, 2529.661133> ... Lifespan:  Set to 120 minutes.
[EOnDrop] Zombie Spawned [38] ZmbF_ShortSkirt_grey @ <6062.526367, 41.213062, 2533.198730> ... Lifespan:  Set to 120 minutes.
[EOnDrop] Zombie Spawned [39] ZmbM_ParamedicNormal_Black @ <6040.652832, 50.504593, 2538.932373> ... Lifespan:  Set to 120 minutes.
[EOnDrop] Zombie Spawned [40] ZmbM_CitizenASkinny_Grey @ <6023.741211, 55.989437, 2556.817139> ... Lifespan:  Set to 120 minutes.
[EOnDrop] Drop spawned with 40 infected at <6069.641113, 205.292557, 2551.659180>.
[EOnDrop] Supplies have been dropped near Chernogorks.
[EOnBeforeDelete] Aircraft despawned @ <9854.596680, 152.000610, -1001.231750>
[~AirdropPlane] Aircraft destroyed.
