[InitializeContainer] Container created on 2021-01-24 @ 03-15-54
[InitializeContainer] Winds: Vector <-1.971277, 0.000000, -5.067193>, Speed 5.43713mps, Strength 0.1
[AirdropContainerFall] Drop Type 'Military Weapons', Container: 'AirdropContainer_Military', Mode/Quantity/Iems: Random/20/18, Flare:  10%
[AirdropContainerFall] Loot Spawned [1] Mosin9130 @ <7426.340332, 322.163330, 7781.637695> ... Lifespan: Set to 120 minutes.
[AirdropContainerFall] Loot Spawned [2] Mosin9130 @ <7425.777832, 322.005585, 7780.240234> ... Lifespan: Set to 120 minutes.
[AirdropContainerFall] Loot Spawned [3] TacticalBaconCan @ <7427.743164, 322.436401, 7783.414551> ... Lifespan: Set to 120 minutes.
[AirdropContainerFall] Loot Spawned [4] AmmoBox_762x54_20Rnd @ <7425.789063, 322.087067, 7781.602539> ... Lifespan: Set to 120 minutes.
[AirdropContainerFall] Loot Spawned [5] CombatBoots_Grey @ <7426.884766, 322.316376, 7782.997559> ... Lifespan: Set to 120 minutes.
[AirdropContainerFall] Loot Spawned [6] Mosin9130 @ <7424.248535, 321.820740, 7780.805176> ... Lifespan: Set to 120 minutes.
[AirdropContainerFall] Loot Spawned [7] Mosin_Bayonet @ <7422.651367, 321.625122, 7781.572754> ... Lifespan: Set to 120 minutes.
[AirdropContainerFall] Loot Spawned [8] LandMineTrap @ <7424.839844, 321.921936, 7781.011230> ... Lifespan: Set to 120 minutes.
[AirdropContainerFall] Loot Spawned [9] LargeTent @ <7426.684570, 322.279572, 7782.828613> ... Lifespan: Set to 120 minutes.
[AirdropContainerFall] Loot Spawned [10] M4A1 @ <7427.194336, 322.297943, 7781.972656> ... Lifespan: Set to 120 minutes.
[AirdropContainerFall] Loot Spawned [11] MilitaryBoots_Redpunk @ <7423.137207, 321.782166, 7783.000977> ... Lifespan: Set to 120 minutes.
[AirdropContainerFall] Loot Spawned [12] M4A1 @ <7425.914551, 322.255951, 7784.239258> ... Lifespan: Set to 120 minutes.
[AirdropContainerFall] Loot Spawned [13] Mosin_Bayonet @ <7428.187988, 322.468475, 7782.928711> ... Lifespan: Set to 120 minutes.
[AirdropContainerFall] Loot Spawned [14] TTSKOPants @ <7423.926270, 321.913940, 7783.221191> ... Lifespan: Set to 120 minutes.
[AirdropContainerFall] Loot Spawned [15] Mosin_Bayonet @ <7427.206055, 322.437134, 7784.957031> ... Lifespan: Set to 120 minutes.
[AirdropContainerFall] Loot Spawned [16] TTSKOPants @ <7425.565918, 321.944153, 7779.679199> ... Lifespan: Set to 120 minutes.
[AirdropContainerFall] Loot Spawned [17] Mag_AKM_30Rnd @ <7426.103516, 322.319885, 7785.242188> ... Lifespan: Set to 120 minutes.
[AirdropContainerFall] Loot Spawned [18] AKM @ <7423.492676, 321.896271, 7784.033691> ... Lifespan: Set to 120 minutes.
[AirdropContainerFall] Loot Spawned [19] TTSKOPants @ <7426.454590, 322.302246, 7783.827637> ... Lifespan: Set to 120 minutes.
[AirdropContainerFall] Loot Spawned [20] CombatBoots_Grey @ <7426.212891, 322.139404, 7781.523438> ... Lifespan: Set to 120 minutes.
[AirdropContainerUnstuck] Container was unstuck.
[~AirdropContainerBase] Container Destroyed on 2021-01-24 @ 04-15-33
