[AirdropPlane] Aircraft created on 2021-03-20 @ 08-05-54
[InitializeAircraft] Aircraft Initialized: Skalisty Island @ 13452/3112 (true)
[EOnBeforeDrop] The Aircraft is 1 Km from Skalisty Island. @ <12519.071289, 353.916687, 4285.161133>
[EOnDrop] Zombie Spawned [1] ZmbM_FarmerFat_Green @ <13403.119141, 42.528049, 3181.092529> ... Lifespan:  Set to 120 minutes.
[EOnDrop] Zombie Spawned [2] ZmbF_VillagerOld_White @ <13404.348633, 43.124947, 3184.134521> ... Lifespan:  Set to 120 minutes.
[EOnDrop] Zombie Spawned [3] ZmbM_HunterOld_Autumn @ <13410.688477, 37.714413, 3171.486084> ... Lifespan:  Set to 120 minutes.
[EOnDrop] Spawn failed for zombie [4] 'ZmbM_SurvivorDean_Black', it does not exist in DayZ!
[EOnDrop] Zombie Spawned [5] ZmbF_HikerSkinny_Green @ <13416.313477, 30.176796, 3141.782471> ... Lifespan:  Set to 120 minutes.
[EOnDrop] Zombie Spawned [6] ZmbF_MilkMaidOld_Beige @ <13394.261719, 35.902092, 3148.293701> ... Lifespan:  Set to 120 minutes.
[EOnDrop] Zombie Spawned [7] ZmbF_HikerSkinny_Red @ <13416.597656, 28.552805, 3138.094238> ... Lifespan:  Set to 120 minutes.
[EOnDrop] Zombie Spawned [8] ZmbM_HermitSkinny_Green @ <13374.239258, 42.904491, 3164.862549> ... Lifespan:  Set to 120 minutes.
[EOnDrop] Zombie Spawned [9] ZmbM_HermitSkinny_Beige @ <13432.772461, 32.560448, 3164.312012> ... Lifespan:  Set to 120 minutes.
[EOnDrop] Zombie Spawned [10] ZmbM_MotobikerFat_Beige @ <13371.792969, 47.581287, 3181.464111> ... Lifespan:  Set to 120 minutes.
[EOnDrop] Zombie Spawned [11] ZmbM_HermitSkinny_Red @ <13419.966797, 41.585938, 3191.521240> ... Lifespan:  Set to 120 minutes.
[EOnDrop] Zombie Spawned [12] ZmbF_MilkMaidOld_Grey @ <13378.161133, 40.022156, 3153.305420> ... Lifespan:  Set to 120 minutes.
[EOnDrop] Zombie Spawned [13] ZmbM_HikerSkinny_Green @ <13432.676758, 30.953089, 3149.457031> ... Lifespan:  Set to 120 minutes.
[EOnDrop] Zombie Spawned [14] ZmbF_SurvivorNormal_Blue @ <13406.599609, 49.023808, 3202.653076> ... Lifespan:  Set to 120 minutes.
[EOnDrop] Zombie Spawned [15] ZmbF_HikerSkinny_Blue @ <13418.695313, 38.052917, 3180.704346> ... Lifespan:  Set to 120 minutes.
[EOnDrop] Spawn failed for zombie [16] 'ZmbM_SurvivorDean_Grey', it does not exist in DayZ!
[EOnDrop] Zombie Spawned [17] ZmbF_VillagerOld_White @ <13378.986328, 51.293495, 3195.809326> ... Lifespan:  Set to 120 minutes.
[EOnDrop] Zombie Spawned [18] ZmbF_MilkMaidOld_Black @ <13376.858398, 57.309746, 3211.794189> ... Lifespan:  Set to 120 minutes.
[EOnDrop] Zombie Spawned [19] ZmbM_HikerSkinny_Blue @ <13426.867188, 39.639854, 3192.882324> ... Lifespan:  Set to 120 minutes.
[EOnDrop] Zombie Spawned [20] ZmbF_MilkMaidOld_Grey @ <13396.593750, 44.678947, 3184.144531> ... Lifespan:  Set to 120 minutes.
[EOnDrop] Zombie Spawned [21] ZmbF_SurvivorNormal_Orange @ <13416.245117, 61.012829, 3219.850342> ... Lifespan:  Set to 120 minutes.
[EOnDrop] Zombie Spawned [22] ZmbM_FarmerFat_Brown @ <13395.751953, 47.894432, 3194.822021> ... Lifespan:  Set to 120 minutes.
[EOnDrop] Zombie Spawned [23] ZmbM_VillagerOld_Green @ <13395.191406, 39.934528, 3167.926514> ... Lifespan:  Set to 120 minutes.
[EOnDrop] Zombie Spawned [24] ZmbM_FarmerFat_Green @ <13410.160156, 27.981487, 3133.826904> ... Lifespan:  Set to 120 minutes.
[EOnDrop] Zombie Spawned [25] ZmbM_MotobikerFat_Beige @ <13410.555664, 37.056969, 3169.945801> ... Lifespan:  Set to 120 minutes.
[EOnDrop] Zombie Spawned [26] ZmbM_HunterOld_Winter @ <13397.026367, 43.786957, 3181.288330> ... Lifespan:  Set to 120 minutes.
[EOnDrop] Zombie Spawned [27] ZmbM_VillagerOld_White @ <13373.093750, 42.258751, 3158.990967> ... Lifespan:  Set to 120 minutes.
[EOnDrop] Zombie Spawned [28] ZmbF_SurvivorNormal_Blue @ <13383.538086, 55.172630, 3208.243896> ... Lifespan:  Set to 120 minutes.
[EOnDrop] Zombie Spawned [29] ZmbF_SurvivorNormal_Blue @ <13409.873047, 34.078903, 3155.164551> ... Lifespan:  Set to 120 minutes.
[EOnDrop] Zombie Spawned [30] ZmbM_HermitSkinny_Black @ <13367.987305, 41.759251, 3155.464600> ... Lifespan:  Set to 120 minutes.
[EOnDrop] Zombie Spawned [31] ZmbM_HunterOld_Summer @ <13433.423828, 28.591473, 3145.945801> ... Lifespan:  Set to 120 minutes.
[EOnDrop] Zombie Spawned [32] ZmbM_MotobikerFat_Beige @ <13379.508789, 44.346653, 3175.395508> ... Lifespan:  Set to 120 minutes.
[EOnDrop] Zombie Spawned [33] ZmbM_HunterOld_Winter @ <13386.788086, 55.349586, 3208.832764> ... Lifespan:  Set to 120 minutes.
[EOnDrop] Spawn failed for zombie [34] 'ZmbM_SurvivorDean_Blue', it does not exist in DayZ!
[EOnDrop] Zombie Spawned [35] ZmbM_MotobikerFat_Beige @ <13379.710938, 49.801838, 3191.300537> ... Lifespan:  Set to 120 minutes.
[EOnDrop] Drop spawned with 35 infected at <13403.852539, 181.663498, 3174.692383>.
[EOnDrop] Supplies have been dropped near Skalisty Island.
[EOnBeforeDelete] Aircraft despawned @ <16361.137695, 152.000610, -537.136658>
[~AirdropPlane] Aircraft destroyed.
