[InitializeContainer] Container created on 2021-02-13 @ 00-09-42
[InitializeContainer] Winds: Vector <6.155277, 0.000000, -6.203266>, Speed 8.73887mps, Strength 0.1
[AirdropContainerFall] Drop Type 'Food/Medical', Container: 'AirdropContainer_Medical', Mode/Quantity/Iems: Random/20/11, Flare:  10%
[AirdropContainerFall] Loot Spawned [1] Pot @ <11463.962891, 104.878830, 8983.088867> ... Lifespan: Set to 120 minutes.
[AirdropContainerFall] Loot Spawned [2] PeachesCan @ <11466.582031, 104.333183, 8986.033203> ... Lifespan: Set to 120 minutes.
[AirdropContainerFall] Loot Spawned [3] VitaminBottle @ <11465.155273, 104.546478, 8985.048828> ... Lifespan: Set to 120 minutes.
[AirdropContainerFall] Loot Spawned [4] Pot @ <11464.887695, 104.551025, 8985.187500> ... Lifespan: Set to 120 minutes.
[AirdropContainerFall] Loot Spawned [5] BoxCerealCrunchin @ <11465.092773, 104.875847, 8982.451172> ... Lifespan: Set to 120 minutes.
[AirdropContainerFall] Loot Spawned [6] VitaminBottle @ <11467.921875, 104.543541, 8983.497070> ... Lifespan: Set to 120 minutes.
[AirdropContainerFall] Loot Spawned [7] BoxCerealCrunchin @ <11465.425781, 104.785889, 8982.974609> ... Lifespan: Set to 120 minutes.
[AirdropContainerFall] Loot Spawned [8] TunaCan @ <11464.472656, 104.632492, 8984.755859> ... Lifespan: Set to 120 minutes.
[AirdropContainerFall] Loot Spawned [9] PowderedMilk @ <11466.575195, 104.363663, 8985.768555> ... Lifespan: Set to 120 minutes.
[AirdropContainerFall] Loot Spawned [10] SpaghettiCan @ <11468.884766, 104.302238, 8984.916016> ... Lifespan: Set to 120 minutes.
[AirdropContainerFall] Loot Spawned [11] PowderedMilk @ <11467.840820, 104.655212, 8982.643555> ... Lifespan: Set to 120 minutes.
[AirdropContainerFall] Loot Spawned [12] TacticalBaconCan @ <11465.941406, 104.748894, 8982.967773> ... Lifespan: Set to 120 minutes.
[AirdropContainerFall] Loot Spawned [13] Canteen @ <11465.795898, 104.321877, 8986.673828> ... Lifespan: Set to 120 minutes.
[AirdropContainerFall] Loot Spawned [14] Marmalade @ <11465.169922, 104.727631, 8983.588867> ... Lifespan: Set to 120 minutes.
[AirdropContainerFall] Loot Spawned [15] Marmalade @ <11467.101563, 104.165657, 8987.083008> ... Lifespan: Set to 120 minutes.
[AirdropContainerFall] Loot Spawned [16] PowderedMilk @ <11465.019531, 104.464287, 8985.892578> ... Lifespan: Set to 120 minutes.
[AirdropContainerFall] Loot Spawned [17] PeachesCan @ <11466.080078, 104.406395, 8985.709961> ... Lifespan: Set to 120 minutes.
[AirdropContainerFall] Loot Spawned [18] Pot @ <11465.385742, 104.809845, 8982.806641> ... Lifespan: Set to 120 minutes.
[AirdropContainerFall] Loot Spawned [19] PeachesCan @ <11467.593750, 104.487953, 8984.093750> ... Lifespan: Set to 120 minutes.
[AirdropContainerFall] Loot Spawned [20] TunaCan @ <11466.879883, 104.548584, 8984.017578> ... Lifespan: Set to 120 minutes.
[AirdropContainerUnstuck] Container was unstuck.
[~AirdropContainerBase] Container Destroyed on 2021-02-13 @ 01-09-53
