[AirdropPlane] Aircraft created on 2021-02-12 @ 04-37-07
[InitializeAircraft] Aircraft Initialized: Krasnostav @ 12159/12583 (true)
[EOnBeforeDrop] The Aircraft is 1 Km from Krasnostav. @ <11406.663086, 415.423462, 11286.854492>
[EOnDrop] Zombie Spawned [1] ZmbM_PatrolNormal_Autumn @ <12140.251953, 140.500000, 12535.041992> ... Lifespan:  Set to 120 minutes.
[EOnDrop] Zombie Spawned [2] ZmbM_PatrolNormal_Autumn @ <12115.910156, 140.500000, 12494.579102> ... Lifespan:  Set to 120 minutes.
[EOnDrop] Zombie Spawned [3] ZmbM_SoldierNormal @ <12121.372070, 140.500000, 12504.807617> ... Lifespan:  Set to 120 minutes.
[EOnDrop] Zombie Spawned [4] ZmbM_PatrolNormal_PautRev @ <12080.681641, 140.500000, 12492.348633> ... Lifespan:  Set to 120 minutes.
[EOnDrop] Zombie Spawned [5] ZmbM_SoldierNormal @ <12138.270508, 140.500000, 12550.089844> ... Lifespan:  Set to 120 minutes.
[EOnDrop] Zombie Spawned [6] ZmbM_PatrolNormal_Summer @ <12123.007813, 140.500000, 12482.479492> ... Lifespan:  Set to 120 minutes.
[EOnDrop] Zombie Spawned [7] ZmbM_PatrolNormal_PautRev @ <12122.298828, 140.500000, 12505.158203> ... Lifespan:  Set to 120 minutes.
[EOnDrop] Zombie Spawned [8] ZmbM_PatrolNormal_Flat @ <12105.365234, 140.500000, 12529.814453> ... Lifespan:  Set to 120 minutes.
[EOnDrop] Zombie Spawned [9] ZmbM_PatrolNormal_Autumn @ <12134.833008, 140.500000, 12543.330078> ... Lifespan:  Set to 120 minutes.
[EOnDrop] Zombie Spawned [10] ZmbM_PatrolNormal_PautRev @ <12147.798828, 140.500000, 12501.819336> ... Lifespan:  Set to 120 minutes.
[EOnDrop] Zombie Spawned [11] ZmbM_PatrolNormal_Summer @ <12149.291016, 140.500000, 12507.101563> ... Lifespan:  Set to 120 minutes.
[EOnDrop] Zombie Spawned [12] ZmbM_PatrolNormal_Flat @ <12113.385742, 140.500000, 12467.289063> ... Lifespan:  Set to 120 minutes.
[EOnDrop] Zombie Spawned [13] ZmbM_PatrolNormal_Summer @ <12129.644531, 140.500000, 12496.862305> ... Lifespan:  Set to 120 minutes.
[EOnDrop] Zombie Spawned [14] ZmbM_PatrolNormal_PautRev @ <12089.917969, 140.500000, 12472.454102> ... Lifespan:  Set to 120 minutes.
[EOnDrop] Zombie Spawned [15] ZmbM_PatrolNormal_PautRev @ <12153.195313, 140.500000, 12519.023438> ... Lifespan:  Set to 120 minutes.
[EOnDrop] Drop spawned with 15 infected at <12118.694336, 281.559021, 12512.811523>.
[EOnDrop] Supplies have been dropped near Krasnostav.
[EOnBeforeDelete] Aircraft despawned @ <14353.600586, 252.889587, 16360.815430>
[~AirdropPlane] Aircraft destroyed.
