[InitializeContainer] Container created on 2021-04-07 @ 18-06-09
[InitializeContainer] Winds: Vector <10.058500, 0.000000, -2.376296>, Speed 10.3354mps, Strength 0.1
[AirdropContainerFall] Drop Type 'Military Weapons', Container: 'AirdropContainer_Military', Mode/Quantity/Iems: Random/20/15, Flare:  10%
[AirdropContainerFall] Loot Spawned [1] TWP_STG58 @ <6134.829590, 18.856308, 2417.792480> ... Lifespan: Set to 120 minutes.
[AirdropContainerFall] Loot Spawned [2] TWP_STG58_mag_20Rnd @ <6133.311523, 18.958147, 2416.751953> ... Lifespan: Set to 120 minutes.
[AirdropContainerFall] Loot Spawned [3] RGD5Grenade @ <6133.459473, 19.153694, 2418.086182> ... Lifespan: Set to 120 minutes.
[AirdropContainerFall] Loot Spawned [4] AmmoBox_762x54_20Rnd @ <6133.871094, 18.263035, 2413.416260> ... Lifespan: Set to 120 minutes.
[AirdropContainerFall] Loot Spawned [5] TWP_HKCarabine_mag_30Rnd @ <6134.957520, 18.660757, 2416.758545> ... Lifespan: Set to 120 minutes.
[AirdropContainerFall] Loot Spawned [6] TWP_HKCarabine @ <6131.612305, 19.471451, 2418.033936> ... Lifespan: Set to 120 minutes.
[AirdropContainerFall] Loot Spawned [7] TWP_CZScorpion @ <6133.041016, 19.076937, 2417.170410> ... Lifespan: Set to 120 minutes.
[AirdropContainerFall] Loot Spawned [8] TWP_Stoner63 @ <6132.456055, 19.221106, 2417.416992> ... Lifespan: Set to 120 minutes.
[AirdropContainerFall] Loot Spawned [9] TWP_Stoner63_mag_30Rnd @ <6130.296387, 19.177481, 2415.406250> ... Lifespan: Set to 120 minutes.
[AirdropContainerFall] Loot Spawned [10] TWP_HKCarabine_mag_30Rnd @ <6132.865234, 19.366419, 2418.716064> ... Lifespan: Set to 120 minutes.
[AirdropContainerFall] Loot Spawned [11] LandMineTrap @ <6132.332520, 19.179893, 2417.098877> ... Lifespan: Set to 120 minutes.
[AirdropContainerFall] Loot Spawned [12] TWP_STG58_mag_20Rnd @ <6131.832520, 19.517063, 2418.496338> ... Lifespan: Set to 120 minutes.
[AirdropContainerFall] Loot Spawned [13] TWP_HKCarabine @ <6130.587402, 19.380730, 2416.712402> ... Lifespan: Set to 120 minutes.
[AirdropContainerFall] Loot Spawned [14] TWP_CZScorpion_mag_30Rnd @ <6134.674316, 18.651829, 2416.396729> ... Lifespan: Set to 120 minutes.
[AirdropContainerFall] Loot Spawned [15] TWP_Stoner63 @ <6130.782715, 19.156301, 2415.696533> ... Lifespan: Set to 120 minutes.
[AirdropContainerFall] Loot Spawned [16] TWP_CZScorpion_mag_30Rnd @ <6132.273438, 19.306139, 2417.712402> ... Lifespan: Set to 120 minutes.
[AirdropContainerFall] Loot Spawned [17] TWP_M16 @ <6134.160645, 18.422705, 2414.600098> ... Lifespan: Set to 120 minutes.
[AirdropContainerFall] Loot Spawned [18] TWP_OTSGrosa @ <6133.111328, 19.196524, 2417.964600> ... Lifespan: Set to 120 minutes.
[AirdropContainerFall] Loot Spawned [19] TWP_CZScorpion_mag_30Rnd @ <6131.589355, 19.306295, 2417.148926> ... Lifespan: Set to 120 minutes.
[AirdropContainerFall] Loot Spawned [20] TWP_CZScorpion_mag_30Rnd @ <6130.615723, 19.078726, 2415.151855> ... Lifespan: Set to 120 minutes.
[AirdropContainerUnstuck] Container was unstuck.
[~AirdropContainerBase] Container Destroyed on 2021-04-07 @ 19-06-09
