[AirdropBase] Base class created & settings loaded.
[2021-03-19 @ 23-02-31] ----------------------------------------------------------------------------------------------------
[EOnCallAirdrop] Drop zone asigned: Berezino <11464.000000, 0.000000, 8908.000000>
[EOnCallAirdrop] Drop zone offset to: <11448.050781, 2438.000000, 8931.738281>
[EOnCallAirdrop] Aircraft spawn point: <-1000.000000, 2438.000000, 8775.893555>
[EOnCallAirdrop] Aircraft bearing ... Angle/Bearing: -3.13099° / 269.393°, Text: 'West (269°)'
[EOnCallAirdrop] Aircraft has been dispatched to 'Berezino' from the West (269°).
[ReplaceAirdropFlare] 'Road Flare' activted in player's hand (BnYrB).
[2021-03-19 @ 23-32-11] ----------------------------------------------------------------------------------------------------
[EOnCallAirdrop] Drop zone asigned: Player Called <10381.630859, 16.678276, 1663.229736>
[EOnCallAirdrop] Drop zone offset to: <10286.817383, 2438.000000, 1677.305176>
[EOnCallAirdrop] Aircraft spawn point: <1474.172241, 2438.000000, -1000.000000>
[EOnCallAirdrop] Aircraft bearing ... Angle/Bearing: -2.85106° / 253.354°, Text: 'West (253°)'
[EOnCallAirdrop] Aircraft was dispatched to the player's location (1474.17/-1000) from the West (253°).
[2021-03-20 @ 00-03-41] ----------------------------------------------------------------------------------------------------
[EOnCallAirdrop] Drop zone asigned: Balota <5043.000000, 0.000000, 2505.000000>
[EOnCallAirdrop] Drop zone offset to: <5053.370117, 2438.000000, 2526.572754>
[EOnCallAirdrop] Aircraft spawn point: <12224.371094, 2438.000000, -1000.000000>
[EOnCallAirdrop] Aircraft bearing ... Angle/Bearing: -0.454057° / 116.016°, Text: 'South/East (116°)'
[EOnCallAirdrop] Aircraft has been dispatched to 'Balota' from the South/East (116°).
[2021-03-20 @ 01-04-43] ----------------------------------------------------------------------------------------------------
[EOnCallAirdrop] Drop zone asigned: Stary Sobor <5823.000000, 0.000000, 7764.000000>
[EOnCallAirdrop] Drop zone offset to: <5817.390137, 2438.000000, 7768.637695>
[EOnCallAirdrop] Aircraft spawn point: <16360.000000, 2438.000000, 1289.801270>
[EOnCallAirdrop] Aircraft bearing ... Angle/Bearing: -0.550959° / 121.568°, Text: 'South/East (122°)'
[EOnCallAirdrop] Aircraft has been dispatched to 'Stary Sobor' from the South/East (122°).
[2021-03-20 @ 02-05-47] ----------------------------------------------------------------------------------------------------
[EOnCallAirdrop] Drop zone asigned: Krasnostav <12159.000000, 0.000000, 12583.000000>
[EOnCallAirdrop] Drop zone offset to: <12200.790039, 2438.000000, 12531.853516>
[EOnCallAirdrop] Aircraft spawn point: <16360.000000, 2438.000000, 11041.324219>
[EOnCallAirdrop] Aircraft bearing ... Angle/Bearing: -0.351719° / 110.152°, Text: 'East (110°)'
[EOnCallAirdrop] Aircraft has been dispatched to 'Krasnostav' from the East (110°).
[2021-03-20 @ 03-06-57] ----------------------------------------------------------------------------------------------------
[EOnCallAirdrop] Drop zone asigned: Novy Sobor <7436.000000, 0.000000, 7720.000000>
[EOnCallAirdrop] Drop zone offset to: <7428.920410, 2438.000000, 7786.127930>
[EOnCallAirdrop] Aircraft spawn point: <16360.000000, 2438.000000, 5459.867676>
[EOnCallAirdrop] Aircraft bearing ... Angle/Bearing: -0.248049° / 104.212°, Text: 'East (104°)'
[EOnCallAirdrop] Aircraft has been dispatched to 'Novy Sobor' from the East (104°).
[ReplaceAirdropFlare] 'Road Flare' activted in player's hand (BnYrB).
[2021-03-20 @ 03-33-25] ----------------------------------------------------------------------------------------------------
[EOnCallAirdrop] Drop zone asigned: Player Called <10346.777344, 16.020012, 1630.503174>
[EOnCallAirdrop] Drop zone offset to: <10350.511719, 2438.000000, 1639.441040>
[EOnCallAirdrop] Aircraft spawn point: <14650.331055, 2438.000000, 16360.000000>
[EOnCallAirdrop] Aircraft bearing ... Angle/Bearing: 1.28654° / 16.2869°, Text: 'North (16°)'
[EOnCallAirdrop] Aircraft was dispatched to the player's location (14650.3/16360) from the North (16°).
