[InitializeContainer] Container created on 2021-01-30 @ 08-06-44
[InitializeContainer] Winds: Vector <5.353933, 0.000000, -6.553423>, Speed 8.46238mps, Strength 0.1
[AirdropContainerFall] Drop Type 'Military Weapons', Container: 'AirdropContainer', Mode/Quantity/Iems: Random/30/14, Flare:  10%
[AirdropContainerFall] Loot Spawned [1] FNX45 @ <5797.974609, 320.010834, 7687.199219> ... Lifespan: Set to 120 minutes.
[AirdropContainerFall] Loot Spawned [2] WaterBottle @ <5798.315918, 319.932587, 7683.903320> ... Lifespan: Set to 120 minutes.
[AirdropContainerFall] Loot Spawned [3] WaterBottle @ <5801.421875, 319.916992, 7687.755371> ... Lifespan: Set to 120 minutes.
[AirdropContainerFall] Loot Spawned [4] Rice @ <5801.750000, 319.912292, 7688.371582> ... Lifespan: Set to 120 minutes.
[AirdropContainerFall] Loot Spawned [5] Mag_STANAG_30Rnd @ <5801.039551, 319.929169, 7687.878418> ... Lifespan: Set to 120 minutes.
[AirdropContainerFall] Loot Spawned [6] M4A1 @ <5798.648926, 319.957825, 7685.481934> ... Lifespan: Set to 120 minutes.
[AirdropContainerFall] Spawn failed for item [7] 'Mossin9130', does not exist in DayZ!
[AirdropContainerFall] Loot Spawned [8] BakedBeansCan @ <5802.260254, 319.830963, 7684.074707> ... Lifespan: Set to 120 minutes.
[AirdropContainerFall] Loot Spawned [9] Izh18 @ <5799.409180, 319.907867, 7684.041504> ... Lifespan: Set to 120 minutes.
[AirdropContainerFall] Loot Spawned [10] Mag_STANAG_30Rnd @ <5802.230469, 319.880646, 7686.889648> ... Lifespan: Set to 120 minutes.
[AirdropContainerFall] Loot Spawned [11] BakedBeansCan @ <5800.244141, 319.937500, 7686.809082> ... Lifespan: Set to 120 minutes.
[AirdropContainerFall] Loot Spawned [12] WaterBottle @ <5802.130371, 319.897095, 7687.864746> ... Lifespan: Set to 120 minutes.
[AirdropContainerFall] Loot Spawned [13] PowderedMilk @ <5798.526855, 319.975769, 7686.177734> ... Lifespan: Set to 120 minutes.
[AirdropContainerFall] Loot Spawned [14] FNX45 @ <5801.148926, 319.910522, 7686.785156> ... Lifespan: Set to 120 minutes.
[AirdropContainerFall] Loot Spawned [15] WaterBottle @ <5799.175781, 319.974426, 7687.131836> ... Lifespan: Set to 120 minutes.
[AirdropContainerFall] Loot Spawned [16] Mag_AKM_30Rnd @ <5802.693848, 319.855164, 7686.204590> ... Lifespan: Set to 120 minutes.
[AirdropContainerFall] Spawn failed for item [17] 'Mossin9130', does not exist in DayZ!
[AirdropContainerFall] Loot Spawned [18] BakedBeansCan @ <5799.616699, 319.923248, 7685.011230> ... Lifespan: Set to 120 minutes.
[AirdropContainerFall] Loot Spawned [19] PowderedMilk @ <5798.702148, 319.970581, 7686.143066> ... Lifespan: Set to 120 minutes.
[AirdropContainerFall] Loot Spawned [20] Mag_STANAG_30Rnd @ <5798.324219, 319.948883, 7684.675293> ... Lifespan: Set to 120 minutes.
[AirdropContainerFall] Loot Spawned [21] Mag_STANAG_30Rnd @ <5800.202148, 319.870667, 7683.240234> ... Lifespan: Set to 120 minutes.
[AirdropContainerFall] Loot Spawned [22] BakedBeansCan @ <5798.483398, 319.938446, 7684.376953> ... Lifespan: Set to 120 minutes.
[AirdropContainerFall] Loot Spawned [23] M4A1 @ <5801.804199, 319.854126, 7684.639160> ... Lifespan: Set to 120 minutes.
[AirdropContainerFall] Loot Spawned [24] Rice @ <5798.756348, 319.944763, 7684.996582> ... Lifespan: Set to 120 minutes.
[AirdropContainerFall] Loot Spawned [25] Izh18 @ <5799.405762, 319.914032, 7684.326660> ... Lifespan: Set to 120 minutes.
[AirdropContainerFall] Loot Spawned [26] Izh18 @ <5798.801758, 319.953156, 7685.444336> ... Lifespan: Set to 120 minutes.
[AirdropContainerFall] Loot Spawned [27] Mag_AKM_30Rnd @ <5800.565430, 319.945190, 7688.139160> ... Lifespan: Set to 120 minutes.
[AirdropContainerFall] Loot Spawned [28] Izh18 @ <5802.080078, 319.863525, 7685.647949> ... Lifespan: Set to 120 minutes.
[AirdropContainerFall] Loot Spawned [29] AmmoBox_762x39_20Rnd @ <5799.281250, 319.905853, 7683.796387> ... Lifespan: Set to 120 minutes.
[AirdropContainerFall] Loot Spawned [30] Vodka @ <5799.249512, 319.969055, 7686.946289> ... Lifespan: Set to 120 minutes.
[AirdropContainerUnstuck] Container was unstuck.
[~AirdropContainerBase] Container Destroyed on 2021-01-30 @ 09-07-23
