[InitializeContainer] Container created on 2021-03-05 @ 17-11-26
[InitializeContainer] Winds: Vector <9.452353, 0.000000, 9.238367>, Speed 13.2172mps, Strength 0.1
[AirdropContainerFall] Drop Type 'Military Weapons', Container: 'AirdropContainer_Military', Mode/Quantity/Iems: Random/20/18, Flare:  10%
[AirdropContainerFall] Loot Spawned [1] Mag_AKM_30Rnd @ <13370.808594, 15.732499, 3078.337646> ... Lifespan: Set to 120 minutes.
[AirdropContainerFall] Loot Spawned [2] TWP_P90Shallow_Grave @ <13372.919922, 14.311853, 3075.117676> ... Lifespan: Set to 120 minutes.
[AirdropContainerFall] Loot Spawned [3] TWP_P8_mag_15Rnd @ <13369.906250, 15.498610, 3077.349365> ... Lifespan: Set to 120 minutes.
[AirdropContainerFall] Spawn failed for item [4] 'WP_ArexZero_mag_18Rnd', does not exist in DayZ!
[AirdropContainerFall] Loot Spawned [5] AmmoBox_762x54_20Rnd @ <13370.179688, 15.951846, 3078.726807> ... Lifespan: Set to 120 minutes.
[AirdropContainerFall] Loot Spawned [6] Mag_AKM_30Rnd @ <13372.355469, 14.588710, 3075.676758> ... Lifespan: Set to 120 minutes.
[AirdropContainerFall] Loot Spawned [7] TWP_RemingtonMSR_mag_5Rnd @ <13370.546875, 14.867901, 3075.804443> ... Lifespan: Set to 120 minutes.
[AirdropContainerFall] Loot Spawned [8] TWP_P8 @ <13368.969727, 15.632569, 3077.385498> ... Lifespan: Set to 120 minutes.
[AirdropContainerFall] Loot Spawned [9] TWP_P90Shallow_Grave @ <13373.935547, 14.265825, 3075.396729> ... Lifespan: Set to 120 minutes.
[AirdropContainerFall] Loot Spawned [10] TWP_P8_mag_15Rnd @ <13372.888672, 15.558056, 3078.618896> ... Lifespan: Set to 120 minutes.
[AirdropContainerFall] Loot Spawned [11] AKM @ <13370.106445, 14.924611, 3075.803711> ... Lifespan: Set to 120 minutes.
[AirdropContainerFall] Loot Spawned [12] Mag_AKM_30Rnd @ <13372.908203, 14.839609, 3076.601318> ... Lifespan: Set to 120 minutes.
[AirdropContainerFall] Spawn failed for item [13] 'TWP_P90Shallow_Grave_mag_50Rn', does not exist in DayZ!
[AirdropContainerFall] Spawn failed for item [14] 'WP_ArexZero_mag_18Rnd', does not exist in DayZ!
[AirdropContainerFall] Loot Spawned [15] TWP_USPPsychodelic_mag_15Rnd @ <13370.932617, 14.249684, 3074.338867> ... Lifespan: Set to 120 minutes.
[AirdropContainerFall] Loot Spawned [16] TWP_P90Shallow_Grave @ <13370.550781, 15.844027, 3078.558350> ... Lifespan: Set to 120 minutes.
[AirdropContainerFall] Loot Spawned [17] TWP_USPPsychodelic @ <13371.076172, 14.837334, 3075.911377> ... Lifespan: Set to 120 minutes.
[AirdropContainerFall] Loot Spawned [18] M4A1 @ <13373.513672, 15.100871, 3077.581299> ... Lifespan: Set to 120 minutes.
[AirdropContainerFall] Spawn failed for item [19] 'WP_ArexZero_mag_18Rnd', does not exist in DayZ!
[AirdropContainerFall] Loot Spawned [20] M4A1 @ <13372.935547, 15.082518, 3077.296875> ... Lifespan: Set to 120 minutes.
[AirdropContainerUnstuck] Container was unstuck.
[~AirdropContainerBase] Container Destroyed on 2021-03-05 @ 17-46-43
