[InitializeContainer] Container created on 2021-02-27 @ 15-37-20
[InitializeContainer] Winds: Vector <11.268498, 0.000000, 4.170389>, Speed 12.0155mps, Strength 0.1
[AirdropContainerFall] Drop Type 'Military Weapons', Container: 'AirdropContainer_Military', Mode/Quantity/Iems: Random/20/18, Flare:  10%
[AirdropContainerFall] Loot Spawned [1] Mag_STANAG_30Rnd @ <9303.958984, 46.234386, 2291.808350> ... Lifespan: Set to 120 minutes.
[AirdropContainerFall] Loot Spawned [2] TWP_RemingtonMSR_mag_5Rnd @ <9303.241211, 45.877434, 2290.072754> ... Lifespan: Set to 120 minutes.
[AirdropContainerFall] Spawn failed for item [3] 'WP_ArexZero_mag_18Rnd', does not exist in DayZ!
[AirdropContainerFall] Loot Spawned [4] AKM @ <9306.911133, 46.188953, 2291.760498> ... Lifespan: Set to 120 minutes.
[AirdropContainerFall] Loot Spawned [5] TWP_USPPsychodelic @ <9305.200195, 46.142830, 2291.442139> ... Lifespan: Set to 120 minutes.
[AirdropContainerFall] Loot Spawned [6] AmmoBox_762x39_20Rnd @ <9307.198242, 46.100700, 2291.355469> ... Lifespan: Set to 120 minutes.
[AirdropContainerFall] Loot Spawned [7] AmmoBox_762x54_20Rnd @ <9304.943359, 46.367512, 2292.500732> ... Lifespan: Set to 120 minutes.
[AirdropContainerFall] Loot Spawned [8] AmmoBox_762x39_20Rnd @ <9305.646484, 45.408466, 2287.968506> ... Lifespan: Set to 120 minutes.
[AirdropContainerFall] Loot Spawned [9] LandMineTrap @ <9305.936523, 45.405277, 2287.968018> ... Lifespan: Set to 120 minutes.
[AirdropContainerFall] Loot Spawned [10] FNX45 @ <9301.574219, 46.055496, 2290.833496> ... Lifespan: Set to 120 minutes.
[AirdropContainerFall] Loot Spawned [11] AmmoBox_762x39_20Rnd @ <9303.036133, 46.139568, 2291.306641> ... Lifespan: Set to 120 minutes.
[AirdropContainerFall] Loot Spawned [12] M4A1 @ <9305.440430, 45.694523, 2289.315918> ... Lifespan: Set to 120 minutes.
[AirdropContainerFall] Loot Spawned [13] Mag_STANAG_30Rnd @ <9303.439453, 46.277328, 2291.983643> ... Lifespan: Set to 120 minutes.
[AirdropContainerFall] Loot Spawned [14] Mag_AKM_30Rnd @ <9305.071289, 45.598022, 2288.839111> ... Lifespan: Set to 120 minutes.
[AirdropContainerFall] Spawn failed for item [15] 'TWP_P90Shallow_Grave_mag_50Rn', does not exist in DayZ!
[AirdropContainerFall] Loot Spawned [16] FNX45 @ <9305.442383, 45.515038, 2288.463867> ... Lifespan: Set to 120 minutes.
[AirdropContainerFall] Loot Spawned [17] TWP_P8_mag_15Rnd @ <9304.396484, 45.644951, 2289.027588> ... Lifespan: Set to 120 minutes.
[AirdropContainerFall] Loot Spawned [18] TWP_RemingtonMSR @ <9304.233398, 46.272442, 2292.005859> ... Lifespan: Set to 120 minutes.
[AirdropContainerFall] Loot Spawned [19] TWP_RemingtonMSR_mag_5Rnd @ <9305.988281, 45.866653, 2290.167969> ... Lifespan: Set to 120 minutes.
[AirdropContainerFall] Loot Spawned [20] AmmoBox_762x39_20Rnd @ <9303.148438, 45.758850, 2289.505127> ... Lifespan: Set to 120 minutes.
[AirdropContainerUnstuck] Container was unstuck.
[~AirdropContainerBase] Container Destroyed on 2021-02-27 @ 16-38-32
