[AirdropPlane] Aircraft created on 2021-02-05 @ 08-04-46
[InitializeAircraft] Aircraft Initialized: Skalisty Island @ 13452/3112 (true)
[EOnBeforeDrop] The Aircraft is 1 Km from Skalisty Island. @ <12364.426758, 304.602234, 4144.764160>
[EOnDrop] Spawn failed for zombie [1] 'ZmbM_SurvivorDean_Grey', it does not exist in DayZ!
[EOnDrop] Zombie Spawned [2] ZmbF_SurvivorNormal_Red @ <13391.343750, 44.474117, 3179.968506> ... Lifespan:  Set to 120 minutes.
[EOnDrop] Zombie Spawned [3] ZmbM_HikerSkinny_Blue @ <13392.862305, 43.576611, 3177.746826> ... Lifespan:  Set to 120 minutes.
[EOnDrop] Zombie Spawned [4] ZmbM_HunterOld_Spring @ <13407.965820, 44.891556, 3193.313965> ... Lifespan:  Set to 120 minutes.
[EOnDrop] Zombie Spawned [5] ZmbM_FarmerFat_Blue @ <13424.027344, 48.345177, 3206.619385> ... Lifespan:  Set to 120 minutes.
[EOnDrop] Zombie Spawned [6] ZmbM_HikerSkinny_Blue @ <13398.482422, 38.228279, 3165.315918> ... Lifespan:  Set to 120 minutes.
[EOnDrop] Zombie Spawned [7] ZmbF_HikerSkinny_Grey @ <13359.905273, 44.357052, 3162.381836> ... Lifespan:  Set to 120 minutes.
[EOnDrop] Zombie Spawned [8] ZmbM_HikerSkinny_Blue @ <13373.183594, 41.584015, 3156.198486> ... Lifespan:  Set to 120 minutes.
[EOnDrop] Zombie Spawned [9] ZmbF_VillagerOld_White @ <13411.329102, 44.488678, 3194.534424> ... Lifespan:  Set to 120 minutes.
[EOnDrop] Zombie Spawned [10] ZmbF_SurvivorNormal_Orange @ <13423.548828, 42.409939, 3196.252441> ... Lifespan:  Set to 120 minutes.
[EOnDrop] Zombie Spawned [11] ZmbM_VillagerOld_Green @ <13385.419922, 33.551178, 3137.877930> ... Lifespan:  Set to 120 minutes.
[EOnDrop] Zombie Spawned [12] ZmbM_MotobikerFat_Beige @ <13359.416992, 59.520027, 3212.393555> ... Lifespan:  Set to 120 minutes.
[EOnDrop] Zombie Spawned [13] ZmbM_priestPopSkinny @ <13427.278320, 32.902058, 3165.262695> ... Lifespan:  Set to 120 minutes.
[EOnDrop] Zombie Spawned [14] ZmbF_VillagerOld_Blue @ <13366.937500, 34.425144, 3132.810547> ... Lifespan:  Set to 120 minutes.
[EOnDrop] Zombie Spawned [15] ZmbM_FarmerFat_Blue @ <13383.649414, 52.795311, 3203.102539> ... Lifespan:  Set to 120 minutes.
[EOnDrop] Drop spawned with 15 infected at <13384.599609, 182.283539, 3176.916992>.
[EOnDrop] Supplies have been dropped near Skalisty Island.
[EOnBeforeDelete] Aircraft despawned @ <16361.153320, 152.000610, 353.185913>
[~AirdropPlane] Aircraft destroyed.
