[AirdropPlane] Aircraft created on 2021-03-03 @ 02-49-50
[InitializeAircraft] Aircraft Initialized: Berezino @ 11464/8908 (true)
[EOnBeforeDrop] The Aircraft is 1 Km from Berezino. @ <11720.050781, 340.891052, 7430.726563>
[EOnDrop] Zombie Spawned [1] ZmbF_JournalistNormal_White @ <11472.509766, 132.151260, 8822.958008> ... Lifespan:  Set to 120 minutes.
[EOnDrop] Zombie Spawned [2] ZmbF_ParamedicNormal_Green @ <11483.605469, 127.531372, 8837.917969> ... Lifespan:  Set to 120 minutes.
[EOnDrop] Zombie Spawned [3] ZmbM_Jacket_brown @ <11472.251953, 137.608322, 8797.259766> ... Lifespan:  Set to 120 minutes.
[EOnDrop] Zombie Spawned [4] ZmbM_Jacket_magenta @ <11448.221680, 131.883133, 8837.677734> ... Lifespan:  Set to 120 minutes.
[EOnDrop] Zombie Spawned [5] ZmbF_JournalistNormal_Blue @ <11480.567383, 129.188004, 8831.445313> ... Lifespan:  Set to 120 minutes.
[EOnDrop] Zombie Spawned [6] ZmbM_CommercialPilotOld_Grey @ <11474.359375, 129.252960, 8836.188477> ... Lifespan:  Set to 120 minutes.
[EOnDrop] Zombie Spawned [7] ZmbM_CommercialPilotOld_Olive @ <11490.355469, 132.813522, 8802.383789> ... Lifespan:  Set to 120 minutes.
[EOnDrop] Zombie Spawned [8] ZmbF_Clerk_Normal_Green @ <11480.168945, 133.132095, 8811.097656> ... Lifespan:  Set to 120 minutes.
[EOnDrop] Zombie Spawned [9] ZmbF_ShortSkirt_white @ <11483.573242, 122.982140, 8862.881836> ... Lifespan:  Set to 120 minutes.
[EOnDrop] Zombie Spawned [10] ZmbF_DoctorSkinny @ <11477.408203, 129.534454, 8832.246094> ... Lifespan:  Set to 120 minutes.
[EOnDrop] Zombie Spawned [11] ZmbM_CitizenBFat_Green @ <11479.975586, 128.428284, 8836.038086> ... Lifespan:  Set to 120 minutes.
[EOnDrop] Zombie Spawned [12] ZmbM_CitizenBFat_Green @ <11466.395508, 130.650909, 8834.912109> ... Lifespan:  Set to 120 minutes.
[EOnDrop] Zombie Spawned [13] ZmbM_Jacket_black @ <11463.544922, 132.681046, 8827.181641> ... Lifespan:  Set to 120 minutes.
[EOnDrop] Zombie Spawned [14] ZmbM_Jacket_black @ <11500.287109, 124.453590, 8840.657227> ... Lifespan:  Set to 120 minutes.
[EOnDrop] Zombie Spawned [15] ZmbM_JoggerSkinny_Red @ <11462.291016, 136.839157, 8809.179688> ... Lifespan:  Set to 120 minutes.
[EOnDrop] Zombie Spawned [16] ZmbF_CitizenBSkinny @ <11480.812500, 137.991669, 8786.920898> ... Lifespan:  Set to 120 minutes.
[EOnDrop] Zombie Spawned [17] ZmbF_ShortSkirt_brown @ <11480.361328, 131.477982, 8819.488281> ... Lifespan:  Set to 120 minutes.
[EOnDrop] Zombie Spawned [18] ZmbF_JournalistNormal_Blue @ <11453.366211, 126.870171, 8858.070313> ... Lifespan:  Set to 120 minutes.
[EOnDrop] Zombie Spawned [19] ZmbM_PrisonerSkinny @ <11494.657227, 124.673294, 8844.590820> ... Lifespan:  Set to 120 minutes.
[EOnDrop] Zombie Spawned [20] ZmbF_ShortSkirt_black @ <11505.735352, 127.847420, 8817.038086> ... Lifespan:  Set to 120 minutes.
[EOnDrop] Zombie Spawned [21] ZmbF_ParamedicNormal_Green @ <11471.010742, 131.408936, 8827.903320> ... Lifespan:  Set to 120 minutes.
[EOnDrop] Zombie Spawned [22] ZmbM_Jacket_brown @ <11495.593750, 125.415970, 8839.356445> ... Lifespan:  Set to 120 minutes.
[EOnDrop] Zombie Spawned [23] ZmbM_CommercialPilotOld_Olive @ <11504.011719, 124.245354, 8838.274414> ... Lifespan:  Set to 120 minutes.
[EOnDrop] Zombie Spawned [24] ZmbM_CommercialPilotOld_Blue @ <11460.367188, 136.882187, 8810.483398> ... Lifespan:  Set to 120 minutes.
[EOnDrop] Zombie Spawned [25] ZmbF_DoctorSkinny @ <11506.980469, 129.525452, 8808.409180> ... Lifespan:  Set to 120 minutes.
[EOnDrop] Zombie Spawned [26] ZmbM_CommercialPilotOld_Blue @ <11506.039063, 121.155357, 8854.808594> ... Lifespan:  Set to 120 minutes.
[EOnDrop] Zombie Spawned [27] ZmbM_Jacket_magenta @ <11470.379883, 127.750954, 8846.339844> ... Lifespan:  Set to 120 minutes.
[EOnDrop] Zombie Spawned [28] ZmbF_CitizenANormal_Beige @ <11493.378906, 121.963760, 8861.359375> ... Lifespan:  Set to 120 minutes.
[EOnDrop] Zombie Spawned [29] ZmbM_CitizenASkinny_Brown @ <11446.191406, 128.704544, 8851.793945> ... Lifespan:  Set to 120 minutes.
[EOnDrop] Zombie Spawned [30] ZmbM_ClerkFat_White @ <11524.595703, 121.362785, 8833.234375> ... Lifespan:  Set to 120 minutes.
[EOnDrop] Zombie Spawned [31] ZmbM_Jacket_khaki @ <11470.804688, 121.985199, 8868.541016> ... Lifespan:  Set to 120 minutes.
[EOnDrop] Zombie Spawned [32] ZmbM_Jacket_khaki @ <11504.528320, 127.716118, 8818.275391> ... Lifespan:  Set to 120 minutes.
[EOnDrop] Zombie Spawned [33] ZmbM_JournalistSkinny @ <11466.716797, 135.927979, 8809.934570> ... Lifespan:  Set to 120 minutes.
[EOnDrop] Zombie Spawned [34] ZmbM_PatrolNormal_Flat @ <11447.481445, 125.269249, 8865.919922> ... Lifespan:  Set to 120 minutes.
[EOnDrop] Zombie Spawned [35] ZmbM_ClerkFat_Brown @ <11494.913086, 122.185112, 8858.883789> ... Lifespan:  Set to 120 minutes.
[EOnDrop] Zombie Spawned [36] ZmbM_PatrolNormal_Summer @ <11474.088867, 126.125359, 8852.269531> ... Lifespan:  Set to 120 minutes.
[EOnDrop] Zombie Spawned [37] ZmbM_JournalistSkinny @ <11461.895508, 125.908134, 8859.478516> ... Lifespan:  Set to 120 minutes.
[EOnDrop] Zombie Spawned [38] ZmbM_CitizenBFat_Blue @ <11470.177734, 141.006836, 8783.347656> ... Lifespan:  Set to 120 minutes.
[EOnDrop] Zombie Spawned [39] ZmbM_Jacket_stripes @ <11489.674805, 128.307312, 8828.042969> ... Lifespan:  Set to 120 minutes.
[EOnDrop] Zombie Spawned [40] ZmbM_SkaterYoung_Grey @ <11469.583008, 132.767639, 8822.391602> ... Lifespan:  Set to 120 minutes.
[EOnDrop] Drop spawned with 40 infected at <11477.056641, 300.924957, 8825.613281>.
[EOnDrop] Supplies have been dropped near Berezino.
[EOnBeforeDelete] Aircraft despawned @ <10164.424805, 414.967682, 16360.662109>
[~AirdropPlane] Aircraft destroyed.
