[InitializeContainer] Container created on 2021-03-09 @ 11-16-07
[InitializeContainer] Winds: Vector <8.465106, 0.000000, 10.606369>, Speed 13.5703mps, Strength 0.1
[AirdropContainerFall] Drop Type 'Military Weapons', Container: 'AirdropContainer', Mode/Quantity/Iems: Random/30/14, Flare:  10%
[AirdropContainerFall] Loot Spawned [1] AKM @ <6121.021484, 26.538456, 2579.036865> ... Lifespan: Set to 120 minutes.
[AirdropContainerFall] Loot Spawned [2] TTC_Buttstock3 @ <6120.975586, 26.477436, 2576.413086> ... Lifespan: Set to 120 minutes.
[AirdropContainerFall] Loot Spawned [3] TTC_Buttstock3 @ <6121.570313, 26.483431, 2577.024414> ... Lifespan: Set to 120 minutes.
[AirdropContainerFall] Loot Spawned [4] BakedBeansCan @ <6119.276367, 26.577219, 2576.555176> ... Lifespan: Set to 120 minutes.
[AirdropContainerFall] Loot Spawned [5] Mag_AKM_30Rnd @ <6120.297363, 26.544350, 2580.191650> ... Lifespan: Set to 120 minutes.
[AirdropContainerFall] Loot Spawned [6] TTC_R700 @ <6119.702148, 26.621128, 2579.947266> ... Lifespan: Set to 120 minutes.
[AirdropContainerFall] Loot Spawned [7] Vodka @ <6121.321777, 26.527065, 2578.499023> ... Lifespan: Set to 120 minutes.
[AirdropContainerFall] Loot Spawned [8] TTC_50Beo_mag @ <6118.601074, 26.648586, 2576.463135> ... Lifespan: Set to 120 minutes.
[AirdropContainerFall] Loot Spawned [9] TTC_AmmoBox_50Beo_20rnd @ <6120.562012, 26.489771, 2576.606689> ... Lifespan: Set to 120 minutes.
[AirdropContainerFall] Loot Spawned [10] TTC_Ammo_50Beo @ <6117.739746, 26.863966, 2580.143799> ... Lifespan: Set to 120 minutes.
[AirdropContainerFall] Loot Spawned [11] Vodka @ <6121.120117, 26.519575, 2578.087402> ... Lifespan: Set to 120 minutes.
[AirdropContainerFall] Loot Spawned [12] TWP_BerettaPX4_mag_17Rnd @ <6118.206543, 26.745825, 2578.491699> ... Lifespan: Set to 120 minutes.
[AirdropContainerFall] Loot Spawned [13] PowderedMilk @ <6122.601074, 26.397835, 2578.092041> ... Lifespan: Set to 120 minutes.
[AirdropContainerFall] Loot Spawned [14] TTC_Ammo_50Beo @ <6121.147949, 26.527304, 2578.395020> ... Lifespan: Set to 120 minutes.
[AirdropContainerFall] Loot Spawned [15] TTC_Beowulf @ <6119.523438, 26.639147, 2579.890869> ... Lifespan: Set to 120 minutes.
[AirdropContainerFall] Loot Spawned [16] TWP_BerettaPX4_mag_17Rnd @ <6121.502441, 26.501904, 2577.673096> ... Lifespan: Set to 120 minutes.
[AirdropContainerFall] Loot Spawned [17] BakedBeansCan @ <6117.939941, 26.796183, 2579.285889> ... Lifespan: Set to 120 minutes.
[AirdropContainerFall] Loot Spawned [18] TWP_BerettaPX4 @ <6121.506348, 26.514650, 2578.153564> ... Lifespan: Set to 120 minutes.
[AirdropContainerFall] Loot Spawned [19] TTC_Ammo_50Beo @ <6119.407715, 26.767048, 2581.053711> ... Lifespan: Set to 120 minutes.
[AirdropContainerFall] Loot Spawned [20] TTC_R700 @ <6119.434082, 26.546509, 2576.049072> ... Lifespan: Set to 120 minutes.
[AirdropContainerFall] Loot Spawned [21] TTC_Buttstock3 @ <6118.491699, 26.684830, 2577.373779> ... Lifespan: Set to 120 minutes.
[AirdropContainerFall] Loot Spawned [22] TTC_Ammo_50Beo @ <6120.468750, 26.568800, 2579.509766> ... Lifespan: Set to 120 minutes.
[AirdropContainerFall] Loot Spawned [23] TTC_50Beo_mag @ <6122.323242, 26.309139, 2579.270996> ... Lifespan: Set to 120 minutes.
[AirdropContainerFall] Loot Spawned [24] BakedBeansCan @ <6118.747559, 26.620163, 2575.997803> ... Lifespan: Set to 120 minutes.
[AirdropContainerFall] Loot Spawned [25] Vodka @ <6119.141113, 26.623472, 2577.734131> ... Lifespan: Set to 120 minutes.
[AirdropContainerFall] Loot Spawned [26] TTC_R700 @ <6118.924805, 26.848763, 2580.756592> ... Lifespan: Set to 120 minutes.
[AirdropContainerFall] Loot Spawned [27] TTC_Ammo_50Beo @ <6121.189941, 26.532078, 2578.601318> ... Lifespan: Set to 120 minutes.
[AirdropContainerFall] Loot Spawned [28] TWP_BerettaPX4 @ <6119.847168, 26.637032, 2580.629395> ... Lifespan: Set to 120 minutes.
[AirdropContainerFall] Loot Spawned [29] Mag_AKM_30Rnd @ <6121.355469, 26.483904, 2576.902588> ... Lifespan: Set to 120 minutes.
[AirdropContainerFall] Loot Spawned [30] TTC_Buttstock3 @ <6121.716797, 26.475161, 2576.809570> ... Lifespan: Set to 120 minutes.
[AirdropContainerUnstuck] Container was unstuck.
[~AirdropContainerBase] Container Destroyed on 2021-03-09 @ 12-16-07
