[InitializeContainer] Container created on 2021-01-28 @ 01-08-19
[InitializeContainer] Winds: Vector <8.265950, 0.000000, 10.842459>, Speed 13.634mps, Strength 0.1
[AirdropContainerFall] Drop Type 'Military Weapons', Container: 'AirdropContainer_Military', Mode/Quantity/Iems: Random/20/18, Flare:  10%
[AirdropContainerFall] Loot Spawned [1] AmmoBox_762x39_20Rnd @ <5883.729004, 313.812622, 7712.802246> ... Lifespan: Set to 120 minutes.
[AirdropContainerFall] Loot Spawned [2] LandMineTrap @ <5884.172852, 313.797638, 7712.254883> ... Lifespan: Set to 120 minutes.
[AirdropContainerFall] Loot Spawned [3] Mosin_Bayonet @ <5884.266113, 313.811188, 7711.952637> ... Lifespan: Set to 120 minutes.
[AirdropContainerFall] Loot Spawned [4] AKM @ <5885.194336, 313.559937, 7713.111328> ... Lifespan: Set to 120 minutes.
[AirdropContainerFall] Loot Spawned [5] Mag_AKM_30Rnd @ <5888.271973, 313.093719, 7713.107910> ... Lifespan: Set to 120 minutes.
[AirdropContainerFall] Loot Spawned [6] Mosin9130 @ <5884.533203, 313.555054, 7714.157227> ... Lifespan: Set to 120 minutes.
[AirdropContainerFall] Loot Spawned [7] AKM @ <5884.921875, 313.913086, 7709.773926> ... Lifespan: Set to 120 minutes.
[AirdropContainerFall] Loot Spawned [8] TacticalBaconCan @ <5885.616699, 313.322449, 7714.699219> ... Lifespan: Set to 120 minutes.
[AirdropContainerFall] Loot Spawned [9] M4A1 @ <5885.460449, 313.403870, 7714.172852> ... Lifespan: Set to 120 minutes.
[AirdropContainerFall] Loot Spawned [10] FNX45 @ <5886.350098, 313.399170, 7712.871094> ... Lifespan: Set to 120 minutes.
[AirdropContainerFall] Loot Spawned [11] Mosin_Compensator @ <5887.693848, 313.372650, 7711.157715> ... Lifespan: Set to 120 minutes.
[AirdropContainerFall] Loot Spawned [12] TacticalBaconCan @ <5886.298828, 313.590271, 7711.148438> ... Lifespan: Set to 120 minutes.
[AirdropContainerFall] Loot Spawned [13] Izh18 @ <5886.756836, 313.234375, 7713.800781> ... Lifespan: Set to 120 minutes.
[AirdropContainerFall] Loot Spawned [14] TacticalBaconCan @ <5888.223633, 313.289429, 7711.329102> ... Lifespan: Set to 120 minutes.
[AirdropContainerFall] Loot Spawned [15] LandMineTrap @ <5887.310547, 313.335327, 7712.016602> ... Lifespan: Set to 120 minutes.
[AirdropContainerFall] Loot Spawned [16] MilitaryBoots_Redpunk @ <5888.374512, 313.159363, 7712.374023> ... Lifespan: Set to 120 minutes.
[AirdropContainerFall] Loot Spawned [17] M4A1 @ <5884.661621, 314.003632, 7709.229980> ... Lifespan: Set to 120 minutes.
[AirdropContainerFall] Loot Spawned [18] LargeTent @ <5883.644043, 313.844330, 7712.584473> ... Lifespan: Set to 120 minutes.
[AirdropContainerFall] Loot Spawned [19] CombatBoots_Grey @ <5883.405273, 313.819305, 7713.248535> ... Lifespan: Set to 120 minutes.
[AirdropContainerFall] Loot Spawned [20] M4A1 @ <5885.047363, 313.526642, 7713.645996> ... Lifespan: Set to 120 minutes.
[AirdropContainerUnstuck] Container was unstuck.
[~AirdropContainerBase] Container Destroyed on 2021-01-28 @ 02-08-29
