[InitializeContainer] Container created on 2021-02-25 @ 03-57-01
[InitializeContainer] Winds: Vector <10.956511, 0.000000, 5.791562>, Speed 12.393mps, Strength 0.1
[AirdropContainerFall] Drop Type 'Military Weapons', Container: 'AirdropContainer', Mode/Quantity/Iems: Random/30/14, Flare:  10%
[AirdropContainerFall] Loot Spawned [1] TTC_AmmoBox_50Beo_20rnd @ <6042.682129, 48.058239, 2517.551514> ... Lifespan: Set to 120 minutes.
[AirdropContainerFall] Loot Spawned [2] TTC_Ammo_50Beo @ <6047.006348, 46.175396, 2520.399902> ... Lifespan: Set to 120 minutes.
[AirdropContainerFall] Loot Spawned [3] BakedBeansCan @ <6043.981934, 47.420044, 2519.770996> ... Lifespan: Set to 120 minutes.
[AirdropContainerFall] Loot Spawned [4] TTC_50Beo_mag @ <6047.866699, 45.627979, 2518.106689> ... Lifespan: Set to 120 minutes.
[AirdropContainerFall] Loot Spawned [5] TTC_Buttstock3 @ <6046.374512, 46.140160, 2517.636475> ... Lifespan: Set to 120 minutes.
[AirdropContainerFall] Loot Spawned [6] TTC_R700 @ <6044.854004, 46.908180, 2519.863525> ... Lifespan: Set to 120 minutes.
[AirdropContainerFall] Loot Spawned [7] TWP_BerettaPX4 @ <6047.015625, 46.061550, 2519.330566> ... Lifespan: Set to 120 minutes.
[AirdropContainerFall] Loot Spawned [8] TTC_Beowulf @ <6043.395020, 47.667744, 2518.095947> ... Lifespan: Set to 120 minutes.
[AirdropContainerFall] Loot Spawned [9] PowderedMilk @ <6047.416016, 45.868782, 2518.852051> ... Lifespan: Set to 120 minutes.
[AirdropContainerFall] Loot Spawned [10] TTC_Buttstock3 @ <6046.906738, 45.914211, 2517.407959> ... Lifespan: Set to 120 minutes.
[AirdropContainerFall] Loot Spawned [11] TTC_Buttstock3 @ <6046.605957, 46.054325, 2517.744873> ... Lifespan: Set to 120 minutes.
[AirdropContainerFall] Loot Spawned [12] TTC_Buttstock3 @ <6045.270508, 46.851818, 2521.387207> ... Lifespan: Set to 120 minutes.
[AirdropContainerFall] Loot Spawned [13] TTC_AmmoBox_50Beo_20rnd @ <6046.056152, 46.259014, 2517.503418> ... Lifespan: Set to 120 minutes.
[AirdropContainerFall] Loot Spawned [14] AKM @ <6045.725098, 46.304623, 2516.064453> ... Lifespan: Set to 120 minutes.
[AirdropContainerFall] Loot Spawned [15] TTC_50Beo_mag @ <6046.169434, 46.279446, 2518.595215> ... Lifespan: Set to 120 minutes.
[AirdropContainerFall] Loot Spawned [16] TWP_BerettaPX4 @ <6042.270996, 48.367756, 2518.645020> ... Lifespan: Set to 120 minutes.
[AirdropContainerFall] Loot Spawned [17] TTC_AmmoBox_50Beo_20rnd @ <6044.430176, 47.238804, 2520.821045> ... Lifespan: Set to 120 minutes.
[AirdropContainerFall] Loot Spawned [18] AKM @ <6043.766602, 47.456360, 2518.244141> ... Lifespan: Set to 120 minutes.
[AirdropContainerFall] Loot Spawned [19] Vodka @ <6046.868164, 45.950993, 2517.765625> ... Lifespan: Set to 120 minutes.
[AirdropContainerFall] Loot Spawned [20] TTC_AmmoBox_50Beo_20rnd @ <6043.716309, 47.645645, 2520.614258> ... Lifespan: Set to 120 minutes.
[AirdropContainerFall] Loot Spawned [21] TTC_Ammo_50Beo @ <6045.167480, 46.817764, 2520.548340> ... Lifespan: Set to 120 minutes.
[AirdropContainerFall] Loot Spawned [22] TWP_BerettaPX4 @ <6047.077148, 45.809494, 2516.794189> ... Lifespan: Set to 120 minutes.
[AirdropContainerFall] Loot Spawned [23] TWP_BerettaPX4_mag_17Rnd @ <6046.815430, 45.962204, 2517.602539> ... Lifespan: Set to 120 minutes.
[AirdropContainerFall] Loot Spawned [24] TWP_BerettaPX4_mag_17Rnd @ <6043.116699, 47.812820, 2517.761719> ... Lifespan: Set to 120 minutes.
[AirdropContainerFall] Loot Spawned [25] TTC_Ammo_50Beo @ <6044.628418, 47.160839, 2521.313477> ... Lifespan: Set to 120 minutes.
[AirdropContainerFall] Loot Spawned [26] Mag_AKM_30Rnd @ <6047.868164, 45.792759, 2519.531250> ... Lifespan: Set to 120 minutes.
[AirdropContainerFall] Loot Spawned [27] TWP_BerettaPX4_mag_17Rnd @ <6046.977539, 46.200832, 2520.588135> ... Lifespan: Set to 120 minutes.
[AirdropContainerFall] Loot Spawned [28] TTC_Buttstock3 @ <6047.106934, 45.901936, 2518.223633> ... Lifespan: Set to 120 minutes.
[AirdropContainerFall] Loot Spawned [29] TTC_R700 @ <6047.050781, 46.006245, 2518.958008> ... Lifespan: Set to 120 minutes.
[AirdropContainerFall] Loot Spawned [30] TTC_AmmoBox_50Beo_20rnd @ <6045.670898, 46.682289, 2520.994873> ... Lifespan: Set to 120 minutes.
[AirdropContainerFall] Airdrop Flare Spawned @ <6043.299805, 47.881035, 2520.483398> ... Lifespan: Set to 120 minutes.
[AirdropContainerUnstuck] Container was unstuck.
[~AirdropContainerBase] Container Destroyed on 2021-02-25 @ 04-57-04
