[InitializeContainer] Container created on 2021-03-03 @ 02-51-59
[InitializeContainer] Winds: Vector <5.098967, 0.000000, -6.644133>, Speed 8.3752mps, Strength 0.1
[AirdropContainerFall] Drop Type 'Food/Medical', Container: 'AirdropContainer_Medical', Mode/Quantity/Iems: Random/20/11, Flare:  10%
[AirdropContainerFall] Loot Spawned [1] TunaCan @ <11477.782227, 130.043518, 8826.973633> ... Lifespan: Set to 120 minutes.
[AirdropContainerFall] Loot Spawned [2] ToxicCure @ <11475.834961, 130.970306, 8823.903320> ... Lifespan: Set to 120 minutes.
[AirdropContainerFall] Loot Spawned [3] Marmalade @ <11477.454102, 130.107452, 8826.924805> ... Lifespan: Set to 120 minutes.
[AirdropContainerFall] Loot Spawned [4] PeachesCan @ <11476.576172, 130.760284, 8824.296875> ... Lifespan: Set to 120 minutes.
[AirdropContainerFall] Loot Spawned [5] BakedBeansCan @ <11479.941406, 129.921432, 8825.691406> ... Lifespan: Set to 120 minutes.
[AirdropContainerFall] Loot Spawned [6] VitaminBottle @ <11479.271484, 129.846481, 8826.698242> ... Lifespan: Set to 120 minutes.
[AirdropContainerFall] Loot Spawned [7] Canteen @ <11479.223633, 130.170700, 8824.992188> ... Lifespan: Set to 120 minutes.
[AirdropContainerFall] Loot Spawned [8] SpaghettiCan @ <11479.093750, 130.421936, 8823.752930> ... Lifespan: Set to 120 minutes.
[AirdropContainerFall] Loot Spawned [9] TacticalBaconCan @ <11475.027344, 130.895615, 8825.012695> ... Lifespan: Set to 120 minutes.
[AirdropContainerFall] Loot Spawned [10] BoxCerealCrunchin @ <11478.826172, 130.167007, 8825.369141> ... Lifespan: Set to 120 minutes.
[AirdropContainerFall] Loot Spawned [11] Marmalade @ <11476.164063, 130.382523, 8826.600586> ... Lifespan: Set to 120 minutes.
[AirdropContainerFall] Loot Spawned [12] BakedBeansCan @ <11477.214844, 130.139145, 8826.968750> ... Lifespan: Set to 120 minutes.
[AirdropContainerFall] Loot Spawned [13] VitaminBottle @ <11475.192383, 130.772766, 8825.486328> ... Lifespan: Set to 120 minutes.
[AirdropContainerFall] Loot Spawned [14] ToxicCure @ <11479.392578, 129.996887, 8825.777344> ... Lifespan: Set to 120 minutes.
[AirdropContainerFall] Loot Spawned [15] BoxCerealCrunchin @ <11475.280273, 130.514618, 8826.714844> ... Lifespan: Set to 120 minutes.
[AirdropContainerFall] Loot Spawned [16] PeachesCan @ <11479.838867, 130.093948, 8824.852539> ... Lifespan: Set to 120 minutes.
[AirdropContainerFall] Loot Spawned [17] Canteen @ <11475.297852, 130.716202, 8825.677734> ... Lifespan: Set to 120 minutes.
[AirdropContainerFall] Loot Spawned [18] Canteen @ <11475.454102, 131.037994, 8823.905273> ... Lifespan: Set to 120 minutes.
[AirdropContainerFall] Loot Spawned [19] VitaminBottle @ <11477.576172, 129.826126, 8828.291992> ... Lifespan: Set to 120 minutes.
[AirdropContainerFall] Loot Spawned [20] BoxCerealCrunchin @ <11477.499023, 129.786880, 8828.560547> ... Lifespan: Set to 120 minutes.
[AirdropContainerUnstuck] Container was unstuck.
[~AirdropContainerBase] Container Destroyed on 2021-03-03 @ 03-52-10
