[InitializeContainer] Container created on 2021-04-18 @ 11-08-08
[InitializeContainer] Winds: Vector <10.557384, 0.000000, -1.330415>, Speed 10.6409mps, Strength 0.1
[AirdropContainerFall] Drop Type 'Food/Medical', Container: 'AirdropContainer_Medical', Mode/Quantity/Iems: Random/20/11, Flare:  10%
[AirdropContainerFall] Loot Spawned [1] TunaCan @ <9302.107422, 39.186401, 2253.081543> ... Lifespan: Set to 120 minutes.
[AirdropContainerFall] Loot Spawned [2] SpaghettiCan @ <9302.287109, 38.805500, 2250.774170> ... Lifespan: Set to 120 minutes.
[AirdropContainerFall] Loot Spawned [3] ToxicCure @ <9303.194336, 39.237194, 2253.142090> ... Lifespan: Set to 120 minutes.
[AirdropContainerFall] Loot Spawned [4] TunaCan @ <9303.657227, 38.923962, 2251.175049> ... Lifespan: Set to 120 minutes.
[AirdropContainerFall] Loot Spawned [5] Canteen @ <9302.024414, 39.189320, 2253.117188> ... Lifespan: Set to 120 minutes.
[AirdropContainerFall] Loot Spawned [6] ToxicCure @ <9305.708008, 39.154636, 2252.092285> ... Lifespan: Set to 120 minutes.
[AirdropContainerFall] Loot Spawned [7] ToxicM18SmokeGrenade_Purple @ <9303.485352, 39.267990, 2253.260986> ... Lifespan: Set to 120 minutes.
[AirdropContainerFall] Loot Spawned [8] TunaCan @ <9305.403320, 38.830452, 2250.230469> ... Lifespan: Set to 120 minutes.
[AirdropContainerFall] Loot Spawned [9] ToxicCure @ <9305.489258, 39.515953, 2254.291748> ... Lifespan: Set to 120 minutes.
[AirdropContainerFall] Loot Spawned [10] ToxicCure @ <9306.892578, 39.034634, 2251.114746> ... Lifespan: Set to 120 minutes.
[AirdropContainerFall] Loot Spawned [11] ToxicM18SmokeGrenade_Green @ <9302.651367, 39.143253, 2252.703613> ... Lifespan: Set to 120 minutes.
[AirdropContainerFall] Loot Spawned [12] ToxicM18SmokeGrenade_Red @ <9302.725586, 38.890045, 2251.179932> ... Lifespan: Set to 120 minutes.
[AirdropContainerFall] Loot Spawned [13] ToxicCure @ <9303.360352, 39.358971, 2253.830322> ... Lifespan: Set to 120 minutes.
[AirdropContainerFall] Loot Spawned [14] ToxicM18SmokeGrenade_Purple @ <9304.300781, 38.822903, 2250.430420> ... Lifespan: Set to 120 minutes.
[AirdropContainerFall] Loot Spawned [15] SpaghettiCan @ <9303.587891, 39.538902, 2254.850830> ... Lifespan: Set to 120 minutes.
[AirdropContainerFall] Loot Spawned [16] TacticalBaconCan @ <9303.717773, 38.982738, 2251.511475> ... Lifespan: Set to 120 minutes.
[AirdropContainerFall] Loot Spawned [17] VitaminBottle @ <9303.012695, 39.399815, 2254.150635> ... Lifespan: Set to 120 minutes.
[AirdropContainerFall] Loot Spawned [18] ToxicM18SmokeGrenade_Green @ <9303.765625, 39.352806, 2253.703369> ... Lifespan: Set to 120 minutes.
[AirdropContainerFall] Loot Spawned [19] ToxicM18SmokeGrenade_Red @ <9305.416016, 38.786930, 2249.969238> ... Lifespan: Set to 120 minutes.
[AirdropContainerFall] Loot Spawned [20] Canteen @ <9304.517578, 38.990387, 2251.379150> ... Lifespan: Set to 120 minutes.
[AirdropContainerUnstuck] Container was unstuck.
[~AirdropContainerBase] Container Destroyed on 2021-04-18 @ 12-08-08
