[InitializeContainer] Container created on 2021-02-18 @ 23-22-44
[InitializeContainer] Winds: Vector <-0.615478, 0.000000, -6.185325>, Speed 6.21587mps, Strength 0.1
[AirdropContainerFall] Drop Type 'Food/Medical', Container: 'AirdropContainer_Medical', Mode/Quantity/Iems: Random/20/11, Flare:  10%
[AirdropContainerFall] Loot Spawned [1] Canteen @ <6151.435059, 14.503864, 2413.114990> ... Lifespan: Set to 120 minutes.
[AirdropContainerFall] Loot Spawned [2] SpaghettiCan @ <6152.198242, 14.478693, 2414.846924> ... Lifespan: Set to 120 minutes.
[AirdropContainerFall] Loot Spawned [3] TacticalBaconCan @ <6149.403809, 15.046241, 2415.078613> ... Lifespan: Set to 120 minutes.
[AirdropContainerFall] Loot Spawned [4] SpaghettiCan @ <6152.465820, 14.436618, 2414.918457> ... Lifespan: Set to 120 minutes.
[AirdropContainerFall] Loot Spawned [5] VitaminBottle @ <6151.641602, 14.423407, 2412.020020> ... Lifespan: Set to 120 minutes.
[AirdropContainerFall] Loot Spawned [6] Canteen @ <6150.564941, 14.692044, 2413.012939> ... Lifespan: Set to 120 minutes.
[AirdropContainerFall] Loot Spawned [7] BakedBeansCan @ <6152.633789, 14.259614, 2412.946777> ... Lifespan: Set to 120 minutes.
[AirdropContainerFall] Loot Spawned [8] ToxicCure @ <6150.141113, 14.790918, 2413.188477> ... Lifespan: Set to 120 minutes.
[AirdropContainerFall] Loot Spawned [9] BoxCerealCrunchin @ <6152.668457, 14.384575, 2414.703125> ... Lifespan: Set to 120 minutes.
[AirdropContainerFall] Loot Spawned [10] TunaCan @ <6152.080566, 14.425026, 2413.848877> ... Lifespan: Set to 120 minutes.
[AirdropContainerFall] Loot Spawned [11] Marmalade @ <6149.670410, 14.916451, 2413.478516> ... Lifespan: Set to 120 minutes.
[AirdropContainerFall] Loot Spawned [12] PeachesCan @ <6149.125000, 15.046425, 2413.129395> ... Lifespan: Set to 120 minutes.
[AirdropContainerFall] Loot Spawned [13] VitaminBottle @ <6149.953613, 14.785334, 2411.667725> ... Lifespan: Set to 120 minutes.
[AirdropContainerFall] Loot Spawned [14] TunaCan @ <6149.083984, 15.019522, 2411.959473> ... Lifespan: Set to 120 minutes.
[AirdropContainerFall] Loot Spawned [15] Marmalade @ <6150.793945, 14.769471, 2415.177490> ... Lifespan: Set to 120 minutes.
[AirdropContainerFall] Loot Spawned [16] Canteen @ <6150.630859, 14.672145, 2412.844238> ... Lifespan: Set to 120 minutes.
[AirdropContainerFall] Loot Spawned [17] BakedBeansCan @ <6153.207031, 14.336507, 2415.148193> ... Lifespan: Set to 120 minutes.
[AirdropContainerFall] Loot Spawned [18] SpaghettiCan @ <6151.831543, 14.499436, 2414.253906> ... Lifespan: Set to 120 minutes.
[AirdropContainerFall] Loot Spawned [19] BakedBeansCan @ <6151.564941, 14.470113, 2412.950928> ... Lifespan: Set to 120 minutes.
[AirdropContainerFall] Loot Spawned [20] Marmalade @ <6150.705566, 14.756427, 2415.009277> ... Lifespan: Set to 120 minutes.
[AirdropContainerUnstuck] Container was unstuck.
[~AirdropContainerBase] Container Destroyed on 2021-02-19 @ 00-21-27
