[AirdropPlane] Aircraft created on 2021-04-05 @ 00-06-06
[InitializeAircraft] Aircraft Initialized: Novodmitrovsk @ 11125/14040 (true)
[EOnBeforeDrop] The Aircraft is 1 Km from Novodmitrovsk. @ <11541.612305, 302.707062, 12601.012695>
[EOnDrop] Zombie Spawned [1] ZmbM_JoggerSkinny_Red @ <11154.407227, 123.315033, 13952.532227> ... Lifespan:  Set to 120 minutes.
[EOnDrop] Zombie Spawned [2] ZmbM_Jacket_khaki @ <11114.084961, 130.374969, 13940.637695> ... Lifespan:  Set to 120 minutes.
[EOnDrop] Zombie Spawned [3] ZmbM_PolicemanSpecForce @ <11145.664063, 123.420403, 13949.838867> ... Lifespan:  Set to 120 minutes.
[EOnDrop] Zombie Spawned [4] ZmbF_ShortSkirt_brown @ <11177.004883, 122.020416, 13945.265625> ... Lifespan:  Set to 120 minutes.
[EOnDrop] Zombie Spawned [5] ZmbM_PatrolNormal_Autumn @ <11182.458984, 102.101959, 13978.864258> ... Lifespan:  Set to 120 minutes.
[EOnDrop] Zombie Spawned [6] ZmbF_JoggerSkinny_Brown @ <11187.912109, 101.644264, 13975.370117> ... Lifespan:  Set to 120 minutes.
[EOnDrop] Zombie Spawned [7] ZmbF_ShortSkirt_white @ <11172.431641, 126.081253, 13934.136719> ... Lifespan:  Set to 120 minutes.
[EOnDrop] Zombie Spawned [8] ZmbM_CitizenBFat_Blue @ <11159.815430, 123.372627, 13952.812500> ... Lifespan:  Set to 120 minutes.
[EOnDrop] Zombie Spawned [9] ZmbM_ParamedicNormal_Red @ <11161.538086, 127.259285, 13930.198242> ... Lifespan:  Set to 120 minutes.
[EOnDrop] Zombie Spawned [10] ZmbF_CitizenANormal_Blue @ <11163.131836, 113.065514, 13968.537109> ... Lifespan:  Set to 120 minutes.
[EOnDrop] Zombie Spawned [11] ZmbM_PrisonerSkinny @ <11144.767578, 132.478973, 13917.720703> ... Lifespan:  Set to 120 minutes.
[EOnDrop] Zombie Spawned [12] ZmbF_JournalistNormal_Red @ <11174.940430, 108.441391, 13969.945313> ... Lifespan:  Set to 120 minutes.
[EOnDrop] Zombie Spawned [13] ZmbF_Clerk_Normal_Blue @ <11123.525391, 113.268250, 13982.733398> ... Lifespan:  Set to 120 minutes.
[EOnDrop] Zombie Spawned [14] ZmbM_SkaterYoung_Grey @ <11163.583984, 128.273895, 13922.890625> ... Lifespan:  Set to 120 minutes.
[EOnDrop] Zombie Spawned [15] ZmbF_JournalistNormal_Red @ <11104.682617, 130.910065, 13943.312500> ... Lifespan:  Set to 120 minutes.
[EOnDrop] Zombie Spawned [16] ZmbM_JoggerSkinny_Green @ <11130.090820, 120.047279, 13967.228516> ... Lifespan:  Set to 120 minutes.
[EOnDrop] Zombie Spawned [17] ZmbM_Jacket_bluechecks @ <11147.214844, 114.640427, 13972.078125> ... Lifespan:  Set to 120 minutes.
[EOnDrop] Zombie Spawned [18] ZmbF_JoggerSkinny_Green @ <11177.432617, 126.224617, 13929.898438> ... Lifespan:  Set to 120 minutes.
[EOnDrop] Zombie Spawned [19] ZmbF_ShortSkirt_checks @ <11173.437500, 102.846603, 13999.518555> ... Lifespan:  Set to 120 minutes.
[EOnDrop] Zombie Spawned [20] ZmbM_SkaterYoung_Brown @ <11179.963867, 118.891907, 13951.317383> ... Lifespan:  Set to 120 minutes.
[EOnDrop] Zombie Spawned [21] ZmbF_ShortSkirt_stripes @ <11167.562500, 126.221703, 13935.900391> ... Lifespan:  Set to 120 minutes.
[EOnDrop] Zombie Spawned [22] ZmbM_Jacket_blue @ <11144.603516, 108.185287, 13981.440430> ... Lifespan:  Set to 120 minutes.
[EOnDrop] Zombie Spawned [23] ZmbM_ParamedicNormal_Red @ <11132.726563, 126.699753, 13942.933594> ... Lifespan:  Set to 120 minutes.
[EOnDrop] Zombie Spawned [24] ZmbF_SkaterYoung_Brown @ <11142.081055, 116.452293, 13971.668945> ... Lifespan:  Set to 120 minutes.
[EOnDrop] Zombie Spawned [25] ZmbM_PatrolNormal_Flat @ <11172.757813, 122.176773, 13947.879883> ... Lifespan:  Set to 120 minutes.
[EOnDrop] Zombie Spawned [26] ZmbM_ClerkFat_Khaki @ <11160.155273, 125.361015, 13939.488281> ... Lifespan:  Set to 120 minutes.
[EOnDrop] Zombie Spawned [27] ZmbF_JournalistNormal_Red @ <11139.719727, 123.292336, 13948.255859> ... Lifespan:  Set to 120 minutes.
[EOnDrop] Zombie Spawned [28] ZmbF_PoliceWomanNormal @ <11154.834961, 114.749596, 13969.416992> ... Lifespan:  Set to 120 minutes.
[EOnDrop] Zombie Spawned [29] ZmbM_Jacket_bluechecks @ <11115.129883, 114.659096, 13982.715820> ... Lifespan:  Set to 120 minutes.
[EOnDrop] Zombie Spawned [30] ZmbF_JoggerSkinny_Brown @ <11161.306641, 124.726768, 13942.798828> ... Lifespan:  Set to 120 minutes.
[EOnDrop] Zombie Spawned [31] ZmbF_PatientOld @ <11140.248047, 114.313660, 13974.529297> ... Lifespan:  Set to 120 minutes.
[EOnDrop] Zombie Spawned [32] ZmbM_SkaterYoung_Blue @ <11174.550781, 102.506554, 13980.294922> ... Lifespan:  Set to 120 minutes.
[EOnDrop] Zombie Spawned [33] ZmbM_CommercialPilotOld_Grey @ <11156.517578, 126.666862, 13932.698242> ... Lifespan:  Set to 120 minutes.
[EOnDrop] Zombie Spawned [34] ZmbM_Jacket_magenta @ <11157.972656, 131.199112, 13907.458008> ... Lifespan:  Set to 120 minutes.
[EOnDrop] Zombie Spawned [35] ZmbF_JournalistNormal_Green @ <11187.840820, 121.639175, 13939.796875> ... Lifespan:  Set to 120 minutes.
[EOnDrop] Zombie Spawned [36] ZmbM_Jacket_bluechecks @ <11180.531250, 105.049538, 13971.921875> ... Lifespan:  Set to 120 minutes.
[EOnDrop] Zombie Spawned [37] ZmbF_SkaterYoung_Brown @ <11187.459961, 103.153641, 13971.311523> ... Lifespan:  Set to 120 minutes.
[EOnDrop] Zombie Spawned [38] ZmbF_ShortSkirt_stripes @ <11144.696289, 132.783478, 13912.156250> ... Lifespan:  Set to 120 minutes.
[EOnDrop] Zombie Spawned [39] ZmbM_ParamedicNormal_Blue @ <11149.336914, 107.134926, 13983.652344> ... Lifespan:  Set to 120 minutes.
[EOnDrop] Zombie Spawned [40] ZmbF_Clerk_Normal_Red @ <11157.857422, 121.503006, 13959.127930> ... Lifespan:  Set to 120 minutes.
[EOnDrop] Zombie Spawned [41] ZmbM_CitizenBFat_Green @ <11186.067383, 103.798363, 13970.989258> ... Lifespan:  Set to 120 minutes.
[EOnDrop] Zombie Spawned [42] ZmbF_ParamedicNormal_Blue @ <11149.906250, 112.371368, 13973.972656> ... Lifespan:  Set to 120 minutes.
[EOnDrop] Zombie Spawned [43] ZmbM_CitizenBFat_Blue @ <11130.292969, 111.970825, 13981.546875> ... Lifespan:  Set to 120 minutes.
[EOnDrop] Zombie Spawned [44] ZmbM_PatrolNormal_Autumn @ <11151.293945, 131.323227, 13915.498047> ... Lifespan:  Set to 120 minutes.
[EOnDrop] Zombie Spawned [45] ZmbM_CitizenASkinny_Red @ <11150.071289, 108.254066, 13978.561523> ... Lifespan:  Set to 120 minutes.
[EOnDrop] Zombie Spawned [46] ZmbF_SkaterYoung_Violet @ <11165.998047, 127.729286, 13926.302734> ... Lifespan:  Set to 120 minutes.
[EOnDrop] Zombie Spawned [47] ZmbM_CitizenBFat_Green @ <11156.931641, 105.502563, 13986.602539> ... Lifespan:  Set to 120 minutes.
[EOnDrop] Zombie Spawned [48] ZmbM_CitizenASkinny_Brown @ <11172.370117, 102.946701, 13986.526367> ... Lifespan:  Set to 120 minutes.
[EOnDrop] Zombie Spawned [49] ZmbM_JournalistSkinny @ <11148.351563, 119.000153, 13966.394531> ... Lifespan:  Set to 120 minutes.
[EOnDrop] Zombie Spawned [50] ZmbM_CommercialPilotOld_Blue @ <11127.558594, 128.363541, 13941.270508> ... Lifespan:  Set to 120 minutes.
[EOnDrop] Zombie Spawned [51] ZmbM_ParamedicNormal_Green @ <11139.584961, 112.586678, 13976.393555> ... Lifespan:  Set to 120 minutes.
[EOnDrop] Zombie Spawned [52] ZmbM_ClerkFat_Brown @ <11156.053711, 118.877563, 13963.797852> ... Lifespan:  Set to 120 minutes.
[EOnDrop] Zombie Spawned [53] ZmbF_ShortSkirt_white @ <11115.355469, 135.481400, 13925.310547> ... Lifespan:  Set to 120 minutes.
[EOnDrop] Zombie Spawned [54] ZmbF_ShortSkirt_white @ <11176.210938, 125.819672, 13933.812500> ... Lifespan:  Set to 120 minutes.
[EOnDrop] Zombie Spawned [55] ZmbM_Jacket_stripes @ <11137.982422, 109.592819, 13982.252930> ... Lifespan:  Set to 120 minutes.
[EOnDrop] Zombie Spawned [56] ZmbM_JoggerSkinny_Blue @ <11159.150391, 105.073433, 13980.146484> ... Lifespan:  Set to 120 minutes.
[EOnDrop] Zombie Spawned [57] ZmbF_ParamedicNormal_Blue @ <11153.139648, 109.679359, 13976.133789> ... Lifespan:  Set to 120 minutes.
[EOnDrop] Zombie Spawned [58] ZmbF_ShortSkirt_grey @ <11172.196289, 123.506310, 13945.689453> ... Lifespan:  Set to 120 minutes.
[EOnDrop] Zombie Spawned [59] ZmbM_CitizenASkinny_Blue @ <11138.477539, 123.285202, 13948.286133> ... Lifespan:  Set to 120 minutes.
[EOnDrop] Zombie Spawned [60] ZmbF_ShortSkirt_stripes @ <11186.668945, 122.658707, 13936.686523> ... Lifespan:  Set to 120 minutes.
[EOnDrop] Zombie Spawned [61] ZmbF_Clerk_Normal_White @ <11179.985352, 102.018196, 13981.515625> ... Lifespan:  Set to 120 minutes.
[EOnDrop] Zombie Spawned [62] ZmbF_ShortSkirt_checks @ <11120.301758, 117.594635, 13971.919922> ... Lifespan:  Set to 120 minutes.
[EOnDrop] Zombie Spawned [63] ZmbM_CommercialPilotOld_Olive @ <11171.911133, 121.859688, 13949.100586> ... Lifespan:  Set to 120 minutes.
[EOnDrop] Zombie Spawned [64] ZmbM_Jacket_magenta @ <11154.121094, 130.700195, 13915.892578> ... Lifespan:  Set to 120 minutes.
[EOnDrop] Zombie Spawned [65] ZmbF_Clerk_Normal_Blue @ <11173.624023, 117.796776, 13956.818359> ... Lifespan:  Set to 120 minutes.
[EOnDrop] Zombie Spawned [66] ZmbF_JournalistNormal_Blue @ <11168.270508, 103.625481, 13988.010742> ... Lifespan:  Set to 120 minutes.
[EOnDrop] Zombie Spawned [67] ZmbF_DoctorSkinny @ <11153.258789, 117.506363, 13966.898438> ... Lifespan:  Set to 120 minutes.
[EOnDrop] Zombie Spawned [68] ZmbF_JoggerSkinny_Brown @ <11115.936523, 130.837128, 13939.144531> ... Lifespan:  Set to 120 minutes.
[EOnDrop] Zombie Spawned [69] ZmbF_JournalistNormal_Blue @ <11178.093750, 120.187019, 13948.738281> ... Lifespan:  Set to 120 minutes.
[EOnDrop] Zombie Spawned [70] ZmbF_ShortSkirt_stripes @ <11139.802734, 133.820557, 13909.552734> ... Lifespan:  Set to 120 minutes.
[EOnDrop] Zombie Spawned [71] ZmbM_CommercialPilotOld_Brown @ <11156.313477, 126.897087, 13931.367188> ... Lifespan:  Set to 120 minutes.
[EOnDrop] Zombie Spawned [72] ZmbF_JournalistNormal_Blue @ <11152.084961, 106.018112, 13999.119141> ... Lifespan:  Set to 120 minutes.
[EOnDrop] Zombie Spawned [73] ZmbF_Clerk_Normal_Green @ <11177.250977, 118.480728, 13953.351563> ... Lifespan:  Set to 120 minutes.
[EOnDrop] Zombie Spawned [74] ZmbM_Jacket_bluechecks @ <11177.125977, 118.913048, 13952.377930> ... Lifespan:  Set to 120 minutes.
[EOnDrop] Zombie Spawned [75] ZmbF_JoggerSkinny_Blue @ <11120.400391, 119.886154, 13965.553711> ... Lifespan:  Set to 120 minutes.
[EOnDrop] Zombie Spawned [76] ZmbM_CommercialPilotOld_Brown @ <11138.363281, 116.866455, 13972.728516> ... Lifespan:  Set to 120 minutes.
[EOnDrop] Zombie Spawned [77] ZmbM_Jacket_beige @ <11126.568359, 135.258331, 13914.162109> ... Lifespan:  Set to 120 minutes.
[EOnDrop] Zombie Spawned [78] ZmbM_Jacket_greenchecks @ <11168.973633, 127.072960, 13929.477539> ... Lifespan:  Set to 120 minutes.
[EOnDrop] Zombie Spawned [79] ZmbM_JoggerSkinny_Blue @ <11151.569336, 123.714523, 13948.061523> ... Lifespan:  Set to 120 minutes.
[EOnDrop] Zombie Spawned [80] ZmbM_ParamedicNormal_Black @ <11150.666016, 127.715073, 13929.211914> ... Lifespan:  Set to 120 minutes.
[EOnDrop] Zombie Spawned [81] ZmbM_CommercialPilotOld_Olive @ <11166.053711, 129.264084, 13913.478516> ... Lifespan:  Set to 120 minutes.
[EOnDrop] Zombie Spawned [82] ZmbM_ClerkFat_White @ <11167.562500, 127.734001, 13925.733398> ... Lifespan:  Set to 120 minutes.
[EOnDrop] Zombie Spawned [83] ZmbF_ShortSkirt_brown @ <11193.647461, 121.623634, 13937.400391> ... Lifespan:  Set to 120 minutes.
[EOnDrop] Zombie Spawned [84] ZmbM_ClerkFat_White @ <11144.255859, 107.728203, 13996.525391> ... Lifespan:  Set to 120 minutes.
[EOnDrop] Zombie Spawned [85] ZmbF_JoggerSkinny_Green @ <11193.889648, 106.768517, 13963.513672> ... Lifespan:  Set to 120 minutes.
[EOnDrop] Zombie Spawned [86] ZmbM_CitizenBFat_Red @ <11140.670898, 126.362595, 13937.802734> ... Lifespan:  Set to 120 minutes.
[EOnDrop] Zombie Spawned [87] ZmbM_JoggerSkinny_Blue @ <11168.977539, 103.843506, 13992.002930> ... Lifespan:  Set to 120 minutes.
[EOnDrop] Zombie Spawned [88] ZmbM_CitizenBFat_Red @ <11150.753906, 117.282448, 13967.995117> ... Lifespan:  Set to 120 minutes.
[EOnDrop] Zombie Spawned [89] ZmbM_ClerkFat_Grey @ <11142.873047, 121.893700, 13960.567383> ... Lifespan:  Set to 120 minutes.
[EOnDrop] Zombie Spawned [90] ZmbM_ClerkFat_Grey @ <11186.842773, 117.838013, 13950.886719> ... Lifespan:  Set to 120 minutes.
[EOnDrop] Zombie Spawned [91] ZmbF_Clerk_Normal_Green @ <11105.480469, 129.416916, 13945.972656> ... Lifespan:  Set to 120 minutes.
[EOnDrop] Zombie Spawned [92] ZmbM_PatrolNormal_PautRev @ <11171.993164, 103.527451, 13996.076172> ... Lifespan:  Set to 120 minutes.
[EOnDrop] Zombie Spawned [93] ZmbM_JoggerSkinny_Green @ <11167.613281, 110.882339, 13969.406250> ... Lifespan:  Set to 120 minutes.
[EOnDrop] Zombie Spawned [94] ZmbF_CitizenANormal_Beige @ <11162.110352, 126.608795, 13933.793945> ... Lifespan:  Set to 120 minutes.
[EOnDrop] Zombie Spawned [95] ZmbM_Jacket_brown @ <11129.708984, 121.430222, 13960.921875> ... Lifespan:  Set to 120 minutes.
[EOnDrop] Zombie Spawned [96] ZmbF_JoggerSkinny_Green @ <11145.670898, 122.072548, 13959.323242> ... Lifespan:  Set to 120 minutes.
[EOnDrop] Zombie Spawned [97] ZmbF_ParamedicNormal_Green @ <11183.362305, 117.640640, 13952.740234> ... Lifespan:  Set to 120 minutes.
[EOnDrop] Zombie Spawned [98] ZmbF_ShortSkirt_checks @ <11110.530273, 117.578445, 13972.444336> ... Lifespan:  Set to 120 minutes.
[EOnDrop] Zombie Spawned [99] ZmbF_PoliceWomanNormal @ <11138.313477, 121.240753, 13964.054688> ... Lifespan:  Set to 120 minutes.
[EOnDrop] Zombie Spawned [100] ZmbM_CitizenASkinny_Grey @ <11142.583984, 123.665329, 13947.790039> ... Lifespan:  Set to 120 minutes.
[EOnDrop] Zombie Spawned [101] ZmbF_NurseFat @ <11150.310547, 106.885330, 13990.301758> ... Lifespan:  Set to 120 minutes.
[EOnDrop] Zombie Spawned [102] ZmbM_CitizenASkinny_Grey @ <11144.273438, 133.089569, 13908.207031> ... Lifespan:  Set to 120 minutes.
[EOnDrop] Zombie Spawned [103] ZmbF_ParamedicNormal_Blue @ <11120.188477, 119.918846, 13965.353516> ... Lifespan:  Set to 120 minutes.
[EOnDrop] Zombie Spawned [104] ZmbM_ClerkFat_Khaki @ <11137.052734, 133.871002, 13916.261719> ... Lifespan:  Set to 120 minutes.
[EOnDrop] Spawn failed for zombie [105] 'ZmbM_JacketNormal_greenchecks', it does not exist in DayZ!
[EOnDrop] Zombie Spawned [106] ZmbM_ParamedicNormal_Blue @ <11149.124023, 121.261406, 13961.666016> ... Lifespan:  Set to 120 minutes.
[EOnDrop] Zombie Spawned [107] ZmbM_JournalistSkinny @ <11169.005859, 103.616066, 14000.666992> ... Lifespan:  Set to 120 minutes.
[EOnDrop] Zombie Spawned [108] ZmbM_CommercialPilotOld_Blue @ <11155.011719, 120.968124, 13960.764648> ... Lifespan:  Set to 120 minutes.
[EOnDrop] Zombie Spawned [109] ZmbF_CitizenBSkinny @ <11156.236328, 119.893425, 13962.363281> ... Lifespan:  Set to 120 minutes.
[EOnDrop] Zombie Spawned [110] ZmbM_CitizenBFat_Green @ <11170.746094, 104.158333, 13978.642578> ... Lifespan:  Set to 120 minutes.
[EOnDrop] Zombie Spawned [111] ZmbM_CitizenBFat_Red @ <11151.480469, 124.580772, 13941.207031> ... Lifespan:  Set to 120 minutes.
[EOnDrop] Zombie Spawned [112] ZmbF_CitizenANormal_Brown @ <11128.761719, 127.863907, 13942.507813> ... Lifespan:  Set to 120 minutes.
[EOnDrop] Zombie Spawned [113] ZmbF_ParamedicNormal_Blue @ <11130.003906, 121.442230, 13961.170898> ... Lifespan:  Set to 120 minutes.
[EOnDrop] Zombie Spawned [114] ZmbF_JournalistNormal_White @ <11135.938477, 119.198944, 13968.887695> ... Lifespan:  Set to 120 minutes.
[EOnDrop] Zombie Spawned [115] ZmbM_JoggerSkinny_Red @ <11105.666016, 134.385193, 13935.891602> ... Lifespan:  Set to 120 minutes.
[EOnDrop] Zombie Spawned [116] ZmbF_CitizenANormal_Blue @ <11180.067383, 115.150108, 13958.994141> ... Lifespan:  Set to 120 minutes.
[EOnDrop] Zombie Spawned [117] ZmbF_CitizenBSkinny @ <11130.766602, 112.914986, 13979.026367> ... Lifespan:  Set to 120 minutes.
[EOnDrop] Zombie Spawned [118] ZmbF_SkaterYoung_Brown @ <11141.944336, 113.242615, 13974.982422> ... Lifespan:  Set to 120 minutes.
[EOnDrop] Zombie Spawned [119] ZmbF_ShortSkirt_brown @ <11139.613281, 122.023315, 13958.949219> ... Lifespan:  Set to 120 minutes.
[EOnDrop] Zombie Spawned [120] ZmbM_Jacket_magenta @ <11130.791016, 133.159012, 13926.789063> ... Lifespan:  Set to 120 minutes.
[EOnDrop] Zombie Spawned [121] ZmbF_PatientOld @ <11192.615234, 122.303024, 13935.470703> ... Lifespan:  Set to 120 minutes.
[EOnDrop] Zombie Spawned [122] ZmbF_Clerk_Normal_Green @ <11182.783203, 121.553650, 13942.457031> ... Lifespan:  Set to 120 minutes.
[EOnDrop] Zombie Spawned [123] ZmbF_SkaterYoung_Violet @ <11170.908203, 115.746796, 13961.766602> ... Lifespan:  Set to 120 minutes.
[EOnDrop] Zombie Spawned [124] ZmbM_PatrolNormal_Flat @ <11159.923828, 120.288773, 13959.870117> ... Lifespan:  Set to 120 minutes.
[EOnDrop] Zombie Spawned [125] ZmbF_ShortSkirt_red @ <11112.748047, 133.174911, 13936.058594> ... Lifespan:  Set to 120 minutes.
[EOnDrop] Spawn failed for zombie [126] 'ZmbM_JacketNormal_greenchecks', it does not exist in DayZ!
[EOnDrop] Zombie Spawned [127] ZmbM_JournalistSkinny @ <11109.156250, 128.847443, 13945.300781> ... Lifespan:  Set to 120 minutes.
[EOnDrop] Zombie Spawned [128] ZmbF_JournalistNormal_Red @ <11159.592773, 118.152084, 13962.858398> ... Lifespan:  Set to 120 minutes.
[EOnDrop] Zombie Spawned [129] ZmbF_JournalistNormal_Red @ <11161.011719, 123.185555, 13952.908203> ... Lifespan:  Set to 120 minutes.
[EOnDrop] Zombie Spawned [130] ZmbF_ShortSkirt_black @ <11154.479492, 106.115501, 13989.450195> ... Lifespan:  Set to 120 minutes.
[EOnDrop] Zombie Spawned [131] ZmbM_CitizenBFat_Blue @ <11133.250977, 122.410309, 13951.767578> ... Lifespan:  Set to 120 minutes.
[EOnDrop] Zombie Spawned [132] ZmbM_CitizenASkinny_Grey @ <11145.658203, 108.347298, 13979.537109> ... Lifespan:  Set to 120 minutes.
[EOnDrop] Zombie Spawned [133] ZmbF_ShortSkirt_white @ <11142.988281, 122.709641, 13955.007813> ... Lifespan:  Set to 120 minutes.
[EOnDrop] Zombie Spawned [134] ZmbM_CitizenASkinny_Red @ <11135.269531, 128.100281, 13936.260742> ... Lifespan:  Set to 120 minutes.
[EOnDrop] Zombie Spawned [135] ZmbF_JournalistNormal_Red @ <11197.944336, 117.376068, 13947.206055> ... Lifespan:  Set to 120 minutes.
[EOnDrop] Zombie Spawned [136] ZmbM_Jacket_beige @ <11124.837891, 110.587662, 13997.569336> ... Lifespan:  Set to 120 minutes.
[EOnDrop] Zombie Spawned [137] ZmbM_Jacket_bluechecks @ <11166.857422, 114.270531, 13965.875977> ... Lifespan:  Set to 120 minutes.
[EOnDrop] Zombie Spawned [138] ZmbF_Clerk_Normal_Green @ <11143.962891, 108.360359, 13987.135742> ... Lifespan:  Set to 120 minutes.
[EOnDrop] Zombie Spawned [139] ZmbM_PatrolNormal_Autumn @ <11117.776367, 134.278885, 13930.176758> ... Lifespan:  Set to 120 minutes.
[EOnDrop] Zombie Spawned [140] ZmbF_Clerk_Normal_Green @ <11172.788086, 126.807655, 13928.489258> ... Lifespan:  Set to 120 minutes.
[EOnDrop] Zombie Spawned [141] ZmbM_SkaterYoung_Brown @ <11112.605469, 115.016090, 13982.772461> ... Lifespan:  Set to 120 minutes.
[EOnDrop] Zombie Spawned [142] ZmbM_Jacket_grey @ <11118.728516, 123.098770, 13952.422852> ... Lifespan:  Set to 120 minutes.
[EOnDrop] Zombie Spawned [143] ZmbM_CitizenASkinny_Grey @ <11188.585938, 101.683670, 13983.165039> ... Lifespan:  Set to 120 minutes.
[EOnDrop] Zombie Spawned [144] ZmbF_SkaterYoung_Brown @ <11128.243164, 121.402100, 13959.311523> ... Lifespan:  Set to 120 minutes.
[EOnDrop] Zombie Spawned [145] ZmbF_ShortSkirt_checks @ <11177.063477, 123.971687, 13940.408203> ... Lifespan:  Set to 120 minutes.
[EOnDrop] Zombie Spawned [146] ZmbM_Jacket_grey @ <11135.425781, 125.431015, 13943.574219> ... Lifespan:  Set to 120 minutes.
[EOnDrop] Zombie Spawned [147] ZmbF_ShortSkirt_red @ <11141.080078, 122.981857, 13950.528320> ... Lifespan:  Set to 120 minutes.
[EOnDrop] Zombie Spawned [148] ZmbF_ParamedicNormal_Green @ <11108.410156, 118.618256, 13967.466797> ... Lifespan:  Set to 120 minutes.
[EOnDrop] Zombie Spawned [149] ZmbM_Jacket_beige @ <11136.766602, 120.708397, 13965.751953> ... Lifespan:  Set to 120 minutes.
[EOnDrop] Zombie Spawned [150] ZmbM_CommercialPilotOld_Grey @ <11146.027344, 114.090599, 13973.014648> ... Lifespan:  Set to 120 minutes.
[EOnDrop] Zombie Spawned [151] ZmbF_JoggerSkinny_Brown @ <11128.077148, 112.391968, 13981.847656> ... Lifespan:  Set to 120 minutes.
[EOnDrop] Zombie Spawned [152] ZmbM_Jacket_blue @ <11144.361328, 121.512222, 13961.731445> ... Lifespan:  Set to 120 minutes.
[EOnDrop] Zombie Spawned [153] ZmbF_ShortSkirt_black @ <11103.285156, 130.400803, 13945.075195> ... Lifespan:  Set to 120 minutes.
[EOnDrop] Zombie Spawned [154] ZmbM_Jacket_stripes @ <11129.688477, 111.597900, 13986.623047> ... Lifespan:  Set to 120 minutes.
[EOnDrop] Zombie Spawned [155] ZmbF_Clerk_Normal_Red @ <11120.510742, 119.400391, 13967.305664> ... Lifespan:  Set to 120 minutes.
[EOnDrop] Zombie Spawned [156] ZmbF_CitizenANormal_Blue @ <11142.291992, 125.736511, 13939.830078> ... Lifespan:  Set to 120 minutes.
[EOnDrop] Zombie Spawned [157] ZmbM_Jacket_grey @ <11144.011719, 123.140556, 13951.694336> ... Lifespan:  Set to 120 minutes.
[EOnDrop] Zombie Spawned [158] ZmbF_CitizenANormal_Brown @ <11134.803711, 110.465843, 13986.240234> ... Lifespan:  Set to 120 minutes.
[EOnDrop] Zombie Spawned [159] ZmbM_PolicemanSpecForce @ <11153.759766, 105.325554, 14000.882813> ... Lifespan:  Set to 120 minutes.
[EOnDrop] Zombie Spawned [160] ZmbF_ShortSkirt_white @ <11140.512695, 121.492912, 13962.649414> ... Lifespan:  Set to 120 minutes.
[EOnDrop] Zombie Spawned [161] ZmbF_Clerk_Normal_Green @ <11169.134766, 116.280708, 13961.771484> ... Lifespan:  Set to 120 minutes.
[EOnDrop] Zombie Spawned [162] ZmbF_SkaterYoung_Violet @ <11157.247070, 119.863686, 13961.861328> ... Lifespan:  Set to 120 minutes.
[EOnDrop] Zombie Spawned [163] ZmbF_SkaterYoung_Violet @ <11165.252930, 105.374374, 13978.172852> ... Lifespan:  Set to 120 minutes.
[EOnDrop] Zombie Spawned [164] ZmbF_PoliceWomanNormal @ <11133.266602, 134.139725, 13917.848633> ... Lifespan:  Set to 120 minutes.
[EOnDrop] Zombie Spawned [165] ZmbM_JournalistSkinny @ <11158.141602, 116.332542, 13965.931641> ... Lifespan:  Set to 120 minutes.
[EOnDrop] Zombie Spawned [166] ZmbM_Jacket_blue @ <11136.385742, 122.458946, 13952.293945> ... Lifespan:  Set to 120 minutes.
[EOnDrop] Zombie Spawned [167] ZmbM_PolicemanSpecForce @ <11153.202148, 106.299889, 13980.359375> ... Lifespan:  Set to 120 minutes.
[EOnDrop] Zombie Spawned [168] ZmbF_PoliceWomanNormal @ <11139.843750, 122.298531, 13956.942383> ... Lifespan:  Set to 120 minutes.
[EOnDrop] Zombie Spawned [169] ZmbF_ShortSkirt_red @ <11122.224609, 129.564957, 13939.583008> ... Lifespan:  Set to 120 minutes.
[EOnDrop] Zombie Spawned [170] ZmbM_ParamedicNormal_Blue @ <11163.471680, 116.640358, 13963.351563> ... Lifespan:  Set to 120 minutes.
[EOnDrop] Zombie Spawned [171] ZmbF_DoctorSkinny @ <11149.541016, 123.531891, 13949.872070> ... Lifespan:  Set to 120 minutes.
[EOnDrop] Zombie Spawned [172] ZmbM_DoctorFat @ <11169.545898, 103.519699, 13982.867188> ... Lifespan:  Set to 120 minutes.
[EOnDrop] Zombie Spawned [173] ZmbM_Jacket_stripes @ <11162.997070, 106.373856, 13976.791992> ... Lifespan:  Set to 120 minutes.
[EOnDrop] Zombie Spawned [174] ZmbM_SkaterYoung_Blue @ <11116.870117, 113.948814, 13986.110352> ... Lifespan:  Set to 120 minutes.
[EOnDrop] Zombie Spawned [175] ZmbM_CitizenASkinny_Grey @ <11181.777344, 126.956436, 13922.648438> ... Lifespan:  Set to 120 minutes.
[EOnDrop] Zombie Spawned [176] ZmbM_PatientSkinny @ <11190.179688, 101.598801, 13974.240234> ... Lifespan:  Set to 120 minutes.
[EOnDrop] Zombie Spawned [177] ZmbF_NurseFat @ <11138.184570, 109.966835, 13979.362305> ... Lifespan:  Set to 120 minutes.
[EOnDrop] Zombie Spawned [178] ZmbM_JoggerSkinny_Blue @ <11165.242188, 122.654968, 13952.397461> ... Lifespan:  Set to 120 minutes.
[EOnDrop] Zombie Spawned [179] ZmbF_Clerk_Normal_Red @ <11147.339844, 113.723236, 13973.098633> ... Lifespan:  Set to 120 minutes.
[EOnDrop] Zombie Spawned [180] ZmbM_CitizenASkinny_Red @ <11145.078125, 111.015800, 13976.693359> ... Lifespan:  Set to 120 minutes.
[EOnDrop] Zombie Spawned [181] ZmbM_Jacket_stripes @ <11166.438477, 126.679283, 13933.058594> ... Lifespan:  Set to 120 minutes.
[EOnDrop] Zombie Spawned [182] ZmbF_JoggerSkinny_Green @ <11152.083008, 123.601212, 13949.949219> ... Lifespan:  Set to 120 minutes.
[EOnDrop] Zombie Spawned [183] ZmbF_JoggerSkinny_Brown @ <11146.208984, 132.611206, 13911.672852> ... Lifespan:  Set to 120 minutes.
[EOnDrop] Zombie Spawned [184] ZmbM_CitizenASkinny_Grey @ <11176.723633, 102.356979, 13984.318359> ... Lifespan:  Set to 120 minutes.
[EOnDrop] Zombie Spawned [185] ZmbM_PatrolNormal_Summer @ <11118.875000, 119.999405, 13964.118164> ... Lifespan:  Set to 120 minutes.
[EOnDrop] Zombie Spawned [186] ZmbM_PatrolNormal_Autumn @ <11184.626953, 116.094215, 13955.664063> ... Lifespan:  Set to 120 minutes.
[EOnDrop] Zombie Spawned [187] ZmbM_CommercialPilotOld_Brown @ <11155.928711, 124.655731, 13941.257813> ... Lifespan:  Set to 120 minutes.
[EOnDrop] Zombie Spawned [188] ZmbF_CitizenANormal_Blue @ <11152.695313, 123.460045, 13950.960938> ... Lifespan:  Set to 120 minutes.
[EOnDrop] Zombie Spawned [189] ZmbF_PatientOld @ <11144.327148, 122.320358, 13958.582031> ... Lifespan:  Set to 120 minutes.
[EOnDrop] Zombie Spawned [190] ZmbF_ParamedicNormal_Blue @ <11138.695313, 113.249832, 13976.059570> ... Lifespan:  Set to 120 minutes.
[EOnDrop] Zombie Spawned [191] ZmbM_JournalistSkinny @ <11114.713867, 116.957726, 13974.465820> ... Lifespan:  Set to 120 minutes.
[EOnDrop] Zombie Spawned [192] ZmbF_JoggerSkinny_Red @ <11161.580078, 104.814125, 13979.878906> ... Lifespan:  Set to 120 minutes.
[EOnDrop] Zombie Spawned [193] ZmbF_Clerk_Normal_Green @ <11154.263672, 106.020370, 13984.875977> ... Lifespan:  Set to 120 minutes.
[EOnDrop] Zombie Spawned [194] ZmbM_ClerkFat_White @ <11173.728516, 121.813766, 13947.896484> ... Lifespan:  Set to 120 minutes.
[EOnDrop] Zombie Spawned [195] ZmbF_JournalistNormal_Blue @ <11107.146484, 119.878189, 13959.487305> ... Lifespan:  Set to 120 minutes.
[EOnDrop] Zombie Spawned [196] ZmbF_ParamedicNormal_Red @ <11155.201172, 121.700203, 13958.867188> ... Lifespan:  Set to 120 minutes.
[EOnDrop] Zombie Spawned [197] ZmbM_SkaterYoung_Brown @ <11166.393555, 106.817673, 13975.256836> ... Lifespan:  Set to 120 minutes.
[EOnDrop] Zombie Spawned [198] ZmbM_SkaterYoung_Grey @ <11160.479492, 122.955795, 13954.023438> ... Lifespan:  Set to 120 minutes.
[EOnDrop] Zombie Spawned [199] ZmbM_Jacket_blue @ <11104.769531, 132.999207, 13939.060547> ... Lifespan:  Set to 120 minutes.
[EOnDrop] Zombie Spawned [200] ZmbM_JoggerSkinny_Green @ <11149.600586, 116.873108, 13968.788086> ... Lifespan:  Set to 120 minutes.
[EOnDrop] Zombie Spawned [201] ZmbM_ClerkFat_Brown @ <11179.002930, 126.079529, 13930.069336> ... Lifespan:  Set to 120 minutes.
[EOnDrop] Zombie Spawned [202] ZmbM_SkaterYoung_Grey @ <11186.416016, 101.763649, 13987.118164> ... Lifespan:  Set to 120 minutes.
[EOnDrop] Zombie Spawned [203] ZmbM_DoctorFat @ <11109.034180, 117.396416, 13973.195313> ... Lifespan:  Set to 120 minutes.
[EOnDrop] Zombie Spawned [204] ZmbM_PatrolNormal_Flat @ <11155.728516, 124.420334, 13942.180664> ... Lifespan:  Set to 120 minutes.
[EOnDrop] Zombie Spawned [205] ZmbM_PatrolNormal_PautRev @ <11148.946289, 114.704819, 13971.542969> ... Lifespan:  Set to 120 minutes.
[EOnDrop] Zombie Spawned [206] ZmbF_CitizenANormal_Brown @ <11136.823242, 110.043190, 13994.456055> ... Lifespan:  Set to 120 minutes.
[EOnDrop] Zombie Spawned [207] ZmbF_JournalistNormal_Red @ <11161.632813, 128.827744, 13921.367188> ... Lifespan:  Set to 120 minutes.
[EOnDrop] Zombie Spawned [208] ZmbF_CitizenANormal_Beige @ <11168.940430, 123.991364, 13945.986328> ... Lifespan:  Set to 120 minutes.
[EOnDrop] Zombie Spawned [209] ZmbM_CitizenASkinny_Blue @ <11146.046875, 130.976089, 13923.359375> ... Lifespan:  Set to 120 minutes.
[EOnDrop] Zombie Spawned [210] ZmbF_JoggerSkinny_Red @ <11129.806641, 108.781982, 13999.312500> ... Lifespan:  Set to 120 minutes.
[EOnDrop] Zombie Spawned [211] ZmbF_Clerk_Normal_Green @ <11153.791992, 123.743217, 13949.384766> ... Lifespan:  Set to 120 minutes.
[EOnDrop] Zombie Spawned [212] ZmbM_CitizenBFat_Blue @ <11117.221680, 114.187721, 13983.922852> ... Lifespan:  Set to 120 minutes.
[EOnDrop] Zombie Spawned [213] ZmbF_ShortSkirt_grey @ <11178.559570, 102.999870, 13976.928711> ... Lifespan:  Set to 120 minutes.
[EOnDrop] Zombie Spawned [214] ZmbM_Jacket_bluechecks @ <11132.328125, 120.339127, 13966.584961> ... Lifespan:  Set to 120 minutes.
[EOnDrop] Zombie Spawned [215] ZmbF_Clerk_Normal_Red @ <11157.531250, 124.267235, 13945.484375> ... Lifespan:  Set to 120 minutes.
[EOnDrop] Zombie Spawned [216] ZmbF_ParamedicNormal_Red @ <11148.063477, 121.518448, 13961.201172> ... Lifespan:  Set to 120 minutes.
[EOnDrop] Zombie Spawned [217] ZmbF_ParamedicNormal_Red @ <11168.667969, 111.411942, 13968.392578> ... Lifespan:  Set to 120 minutes.
[EOnDrop] Zombie Spawned [218] ZmbM_JoggerSkinny_Green @ <11178.108398, 123.147766, 13942.193359> ... Lifespan:  Set to 120 minutes.
[EOnDrop] Zombie Spawned [219] ZmbM_ParamedicNormal_Red @ <11155.021484, 123.408791, 13952.242188> ... Lifespan:  Set to 120 minutes.
[EOnDrop] Zombie Spawned [220] ZmbF_ShortSkirt_red @ <11134.179688, 130.674240, 13931.635742> ... Lifespan:  Set to 120 minutes.
[EOnDrop] Zombie Spawned [221] ZmbM_PatrolNormal_Autumn @ <11155.622070, 122.602570, 13956.118164> ... Lifespan:  Set to 120 minutes.
[EOnDrop] Zombie Spawned [222] ZmbF_Clerk_Normal_White @ <11160.550781, 123.798859, 13950.958984> ... Lifespan:  Set to 120 minutes.
[EOnDrop] Zombie Spawned [223] ZmbF_ShortSkirt_stripes @ <11126.222656, 119.834755, 13967.089844> ... Lifespan:  Set to 120 minutes.
[EOnDrop] Zombie Spawned [224] ZmbM_Jacket_greenchecks @ <11174.757813, 117.374641, 13957.019531> ... Lifespan:  Set to 120 minutes.
[EOnDrop] Zombie Spawned [225] ZmbM_Jacket_beige @ <11142.250000, 116.804932, 13971.141602> ... Lifespan:  Set to 120 minutes.
[EOnDrop] Zombie Spawned [226] ZmbF_ShortSkirt_white @ <11162.497070, 126.596535, 13933.844727> ... Lifespan:  Set to 120 minutes.
[EOnDrop] Zombie Spawned [227] ZmbM_Jacket_beige @ <11162.882813, 124.983826, 13941.760742> ... Lifespan:  Set to 120 minutes.
[EOnDrop] Zombie Spawned [228] ZmbM_CommercialPilotOld_Grey @ <11169.429688, 117.161499, 13960.157227> ... Lifespan:  Set to 120 minutes.
[EOnDrop] Zombie Spawned [229] ZmbF_ShortSkirt_green @ <11137.198242, 115.488228, 13974.431641> ... Lifespan:  Set to 120 minutes.
[EOnDrop] Zombie Spawned [230] ZmbF_JournalistNormal_Blue @ <11154.958984, 122.528465, 13956.469727> ... Lifespan:  Set to 120 minutes.
[EOnDrop] Zombie Spawned [231] ZmbF_ShortSkirt_grey @ <11142.475586, 108.745926, 13984.717773> ... Lifespan:  Set to 120 minutes.
[EOnDrop] Zombie Spawned [232] ZmbF_ShortSkirt_white @ <11154.811523, 106.219894, 13979.680664> ... Lifespan:  Set to 120 minutes.
[EOnDrop] Zombie Spawned [233] ZmbM_Jacket_beige @ <11156.844727, 125.523308, 13937.921875> ... Lifespan:  Set to 120 minutes.
[EOnDrop] Zombie Spawned [234] ZmbF_ShortSkirt_black @ <11121.965820, 120.347466, 13963.565430> ... Lifespan:  Set to 120 minutes.
[EOnDrop] Zombie Spawned [235] ZmbF_ShortSkirt_white @ <11170.735352, 118.637436, 13956.861328> ... Lifespan:  Set to 120 minutes.
[EOnDrop] Zombie Spawned [236] ZmbF_Clerk_Normal_White @ <11114.849609, 118.305939, 13969.765625> ... Lifespan:  Set to 120 minutes.
[EOnDrop] Zombie Spawned [237] ZmbM_PatientSkinny @ <11108.453125, 126.372047, 13950.069336> ... Lifespan:  Set to 120 minutes.
[EOnDrop] Zombie Spawned [238] ZmbM_CommercialPilotOld_Olive @ <11144.362305, 121.237007, 13962.806641> ... Lifespan:  Set to 120 minutes.
[EOnDrop] Zombie Spawned [239] ZmbM_CommercialPilotOld_Brown @ <11153.541992, 110.783203, 13974.747070> ... Lifespan:  Set to 120 minutes.
[EOnDrop] Zombie Spawned [240] ZmbF_CitizenANormal_Brown @ <11142.256836, 123.424934, 13948.715820> ... Lifespan:  Set to 120 minutes.
[EOnDrop] Zombie Spawned [241] ZmbM_CitizenBFat_Blue @ <11178.997070, 119.101280, 13951.200195> ... Lifespan:  Set to 120 minutes.
[EOnDrop] Zombie Spawned [242] ZmbM_CommercialPilotOld_Brown @ <11150.026367, 124.502304, 13942.253906> ... Lifespan:  Set to 120 minutes.
[EOnDrop] Zombie Spawned [243] ZmbF_ShortSkirt_beige @ <11129.831055, 129.680191, 13937.557617> ... Lifespan:  Set to 120 minutes.
[EOnDrop] Zombie Spawned [244] ZmbM_CitizenASkinny_Red @ <11133.725586, 110.798805, 13980.899414> ... Lifespan:  Set to 120 minutes.
[EOnDrop] Zombie Spawned [245] ZmbM_PatientSkinny @ <11165.947266, 122.003502, 13953.202148> ... Lifespan:  Set to 120 minutes.
[EOnDrop] Zombie Spawned [246] ZmbM_PatrolNormal_Summer @ <11173.671875, 102.959068, 13998.366211> ... Lifespan:  Set to 120 minutes.
[EOnDrop] Zombie Spawned [247] ZmbM_PrisonerSkinny @ <11179.471680, 112.869858, 13962.277344> ... Lifespan:  Set to 120 minutes.
[EOnDrop] Zombie Spawned [248] ZmbF_NurseFat @ <11141.268555, 122.193054, 13958.468750> ... Lifespan:  Set to 120 minutes.
[EOnDrop] Zombie Spawned [249] ZmbM_Jacket_stripes @ <11145.314453, 106.929222, 13998.989258> ... Lifespan:  Set to 120 minutes.
[EOnDrop] Zombie Spawned [250] ZmbF_JoggerSkinny_Green @ <11153.799805, 113.542770, 13971.373047> ... Lifespan:  Set to 120 minutes.
[EOnDrop] Zombie Spawned [251] ZmbM_ParamedicNormal_Green @ <11196.969727, 104.229912, 13967.360352> ... Lifespan:  Set to 120 minutes.
[EOnDrop] Zombie Spawned [252] ZmbF_ParamedicNormal_Blue @ <11148.552734, 123.680817, 13947.255859> ... Lifespan:  Set to 120 minutes.
[EOnDrop] Zombie Spawned [253] ZmbF_CitizenANormal_Brown @ <11165.235352, 104.408920, 13981.719727> ... Lifespan:  Set to 120 minutes.
[EOnDrop] Zombie Spawned [254] ZmbF_ShortSkirt_checks @ <11159.176758, 105.239525, 13989.855469> ... Lifespan:  Set to 120 minutes.
[EOnDrop] Zombie Spawned [255] ZmbM_CommercialPilotOld_Blue @ <11145.353516, 123.026222, 13953.379883> ... Lifespan:  Set to 120 minutes.
[EOnDrop] Zombie Spawned [256] ZmbF_PatientOld @ <11131.678711, 121.655739, 13959.580078> ... Lifespan:  Set to 120 minutes.
[EOnDrop] Zombie Spawned [257] ZmbF_PoliceWomanNormal @ <11152.896484, 120.766945, 13961.477539> ... Lifespan:  Set to 120 minutes.
[EOnDrop] Zombie Spawned [258] ZmbM_CommercialPilotOld_Grey @ <11173.344727, 127.937332, 13918.091797> ... Lifespan:  Set to 120 minutes.
[EOnDrop] Zombie Spawned [259] ZmbM_ParamedicNormal_Blue @ <11116.645508, 135.578308, 13921.393555> ... Lifespan:  Set to 120 minutes.
[EOnDrop] Zombie Spawned [260] ZmbM_ClerkFat_Grey @ <11153.292969, 121.419945, 13959.763672> ... Lifespan:  Set to 120 minutes.
[EOnDrop] Zombie Spawned [261] ZmbF_ShortSkirt_red @ <11127.224609, 128.254852, 13941.588867> ... Lifespan:  Set to 120 minutes.
[EOnDrop] Zombie Spawned [262] ZmbM_PatrolNormal_Flat @ <11150.296875, 129.508301, 13924.662109> ... Lifespan:  Set to 120 minutes.
[EOnDrop] Zombie Spawned [263] ZmbM_PatrolNormal_PautRev @ <11149.831055, 124.974594, 13940.499023> ... Lifespan:  Set to 120 minutes.
[EOnDrop] Zombie Spawned [264] ZmbF_PoliceWomanNormal @ <11160.463867, 123.257423, 13952.949219> ... Lifespan:  Set to 120 minutes.
[EOnDrop] Zombie Spawned [265] ZmbF_JoggerSkinny_Red @ <11165.000000, 104.600754, 13994.026367> ... Lifespan:  Set to 120 minutes.
[EOnDrop] Zombie Spawned [266] ZmbF_SkaterYoung_Brown @ <11162.756836, 104.665833, 13990.415039> ... Lifespan:  Set to 120 minutes.
[EOnDrop] Zombie Spawned [267] ZmbF_ShortSkirt_green @ <11155.969727, 127.466377, 13929.248047> ... Lifespan:  Set to 120 minutes.
[EOnDrop] Zombie Spawned [268] ZmbF_SkaterYoung_Striped @ <11131.168945, 127.428909, 13942.568359> ... Lifespan:  Set to 120 minutes.
[EOnDrop] Zombie Spawned [269] ZmbF_Clerk_Normal_Red @ <11156.937500, 129.577576, 13920.629883> ... Lifespan:  Set to 120 minutes.
[EOnDrop] Zombie Spawned [270] ZmbF_SkaterYoung_Striped @ <11129.194336, 130.120789, 13936.429688> ... Lifespan:  Set to 120 minutes.
[EOnDrop] Zombie Spawned [271] ZmbM_CommercialPilotOld_Grey @ <11112.196289, 118.386307, 13969.373047> ... Lifespan:  Set to 120 minutes.
[EOnDrop] Zombie Spawned [272] ZmbF_JournalistNormal_Blue @ <11148.459961, 126.656105, 13933.461914> ... Lifespan:  Set to 120 minutes.
[EOnDrop] Zombie Spawned [273] ZmbM_JoggerSkinny_Red @ <11178.473633, 126.366547, 13928.131836> ... Lifespan:  Set to 120 minutes.
[EOnDrop] Zombie Spawned [274] ZmbM_JoggerSkinny_Blue @ <11127.480469, 111.942619, 13987.094727> ... Lifespan:  Set to 120 minutes.
[EOnDrop] Zombie Spawned [275] ZmbM_Jacket_blue @ <11178.529297, 121.947815, 13944.401367> ... Lifespan:  Set to 120 minutes.
[EOnDrop] Zombie Spawned [276] ZmbM_Jacket_black @ <11143.512695, 132.687927, 13917.917969> ... Lifespan:  Set to 120 minutes.
[EOnDrop] Zombie Spawned [277] ZmbM_Jacket_stripes @ <11137.954102, 109.864777, 13993.025391> ... Lifespan:  Set to 120 minutes.
[EOnDrop] Zombie Spawned [278] ZmbM_ClerkFat_Grey @ <11169.806641, 103.317497, 13985.753906> ... Lifespan:  Set to 120 minutes.
[EOnDrop] Zombie Spawned [279] ZmbM_Jacket_blue @ <11144.083008, 123.182510, 13951.355469> ... Lifespan:  Set to 120 minutes.
[EOnDrop] Zombie Spawned [280] ZmbM_CommercialPilotOld_Brown @ <11157.072266, 113.425758, 13970.145508> ... Lifespan:  Set to 120 minutes.
[EOnDrop] Zombie Spawned [281] ZmbM_PatrolNormal_Flat @ <11159.228516, 127.152565, 13930.836914> ... Lifespan:  Set to 120 minutes.
[EOnDrop] Zombie Spawned [282] ZmbM_Jacket_bluechecks @ <11169.406250, 124.277710, 13944.792969> ... Lifespan:  Set to 120 minutes.
[EOnDrop] Zombie Spawned [283] ZmbM_CitizenBFat_Blue @ <11141.910156, 122.789627, 13953.674805> ... Lifespan:  Set to 120 minutes.
[EOnDrop] Zombie Spawned [284] ZmbM_ParamedicNormal_Black @ <11115.707031, 135.582977, 13922.719727> ... Lifespan:  Set to 120 minutes.
[EOnDrop] Zombie Spawned [285] ZmbF_JournalistNormal_Red @ <11148.332031, 124.254539, 13944.283203> ... Lifespan:  Set to 120 minutes.
[EOnDrop] Zombie Spawned [286] ZmbM_DoctorFat @ <11153.681641, 106.525192, 13992.960938> ... Lifespan:  Set to 120 minutes.
[EOnDrop] Zombie Spawned [287] ZmbF_ShortSkirt_yellow @ <11154.454102, 107.730484, 13977.858398> ... Lifespan:  Set to 120 minutes.
[EOnDrop] Zombie Spawned [288] ZmbF_CitizenANormal_Beige @ <11161.660156, 112.139580, 13970.169922> ... Lifespan:  Set to 120 minutes.
[EOnDrop] Zombie Spawned [289] ZmbF_ShortSkirt_white @ <11131.774414, 125.388718, 13945.181641> ... Lifespan:  Set to 120 minutes.
[EOnDrop] Zombie Spawned [290] ZmbM_PolicemanFat @ <11175.800781, 113.281952, 13963.107422> ... Lifespan:  Set to 120 minutes.
[EOnDrop] Zombie Spawned [291] ZmbM_Jacket_blue @ <11182.081055, 102.607300, 13977.230469> ... Lifespan:  Set to 120 minutes.
[EOnDrop] Zombie Spawned [292] ZmbF_ParamedicNormal_Red @ <11167.050781, 123.149551, 13949.760742> ... Lifespan:  Set to 120 minutes.
[EOnDrop] Zombie Spawned [293] ZmbM_CitizenBFat_Blue @ <11144.749023, 125.559929, 13939.939453> ... Lifespan:  Set to 120 minutes.
[EOnDrop] Zombie Spawned [294] ZmbM_ParamedicNormal_Red @ <11147.479492, 107.500809, 13989.223633> ... Lifespan:  Set to 120 minutes.
[EOnDrop] Zombie Spawned [295] ZmbF_ShortSkirt_beige @ <11148.879883, 121.232910, 13961.841797> ... Lifespan:  Set to 120 minutes.
[EOnDrop] Zombie Spawned [296] ZmbM_Jacket_blue @ <11178.567383, 110.548622, 13965.598633> ... Lifespan:  Set to 120 minutes.
[EOnDrop] Zombie Spawned [297] ZmbM_CitizenBFat_Red @ <11171.692383, 127.276886, 13925.794922> ... Lifespan:  Set to 120 minutes.
[EOnDrop] Zombie Spawned [298] ZmbF_CitizenBSkinny @ <11136.269531, 120.463486, 13966.275391> ... Lifespan:  Set to 120 minutes.
[EOnDrop] Zombie Spawned [299] ZmbF_SkaterYoung_Striped @ <11164.788086, 113.594780, 13967.381836> ... Lifespan:  Set to 120 minutes.
[EOnDrop] Zombie Spawned [300] ZmbF_Clerk_Normal_Red @ <11169.208984, 126.105072, 13935.813477> ... Lifespan:  Set to 120 minutes.
[EOnDrop] Zombie Spawned [301] ZmbF_CitizenANormal_Brown @ <11164.210938, 125.433876, 13939.449219> ... Lifespan:  Set to 120 minutes.
[EOnDrop] Zombie Spawned [302] ZmbF_JoggerSkinny_Red @ <11169.063477, 104.044914, 13995.285156> ... Lifespan:  Set to 120 minutes.
[EOnDrop] Zombie Spawned [303] ZmbF_JournalistNormal_Red @ <11153.233398, 123.832985, 13947.468750> ... Lifespan:  Set to 120 minutes.
[EOnDrop] Zombie Spawned [304] ZmbM_CommercialPilotOld_Brown @ <11165.436523, 126.028023, 13936.474609> ... Lifespan:  Set to 120 minutes.
[EOnDrop] Zombie Spawned [305] ZmbM_ParamedicNormal_Black @ <11144.439453, 107.425102, 13997.579102> ... Lifespan:  Set to 120 minutes.
[EOnDrop] Zombie Spawned [306] ZmbF_SkaterYoung_Brown @ <11158.500977, 109.144547, 13974.937500> ... Lifespan:  Set to 120 minutes.
[EOnDrop] Zombie Spawned [307] ZmbF_JournalistNormal_White @ <11163.750000, 111.043312, 13970.708008> ... Lifespan:  Set to 120 minutes.
[EOnDrop] Zombie Spawned [308] ZmbF_NurseFat @ <11176.874023, 102.262169, 13980.232422> ... Lifespan:  Set to 120 minutes.
[EOnDrop] Zombie Spawned [309] ZmbM_CitizenASkinny_Red @ <11179.527344, 124.338409, 13935.441406> ... Lifespan:  Set to 120 minutes.
[EOnDrop] Zombie Spawned [310] ZmbF_PoliceWomanNormal @ <11133.893555, 121.645210, 13960.755859> ... Lifespan:  Set to 120 minutes.
[EOnDrop] Zombie Spawned [311] ZmbF_NurseFat @ <11178.167969, 124.391983, 13937.018555> ... Lifespan:  Set to 120 minutes.
[EOnDrop] Zombie Spawned [312] ZmbM_ClerkFat_Khaki @ <11187.737305, 107.486961, 13964.935547> ... Lifespan:  Set to 120 minutes.
[EOnDrop] Zombie Spawned [313] ZmbF_Clerk_Normal_White @ <11109.785156, 129.294235, 13944.220703> ... Lifespan:  Set to 120 minutes.
[EOnDrop] Zombie Spawned [314] ZmbF_Clerk_Normal_White @ <11176.889648, 102.384407, 13986.613281> ... Lifespan:  Set to 120 minutes.
[EOnDrop] Zombie Spawned [315] ZmbM_Jacket_stripes @ <11150.084961, 126.098389, 13935.321289> ... Lifespan:  Set to 120 minutes.
[EOnDrop] Zombie Spawned [316] ZmbF_ShortSkirt_grey @ <11169.052734, 124.188492, 13945.269531> ... Lifespan:  Set to 120 minutes.
[EOnDrop] Zombie Spawned [317] ZmbM_JoggerSkinny_Red @ <11131.184570, 122.369370, 13951.650391> ... Lifespan:  Set to 120 minutes.
[EOnDrop] Zombie Spawned [318] ZmbM_Jacket_greenchecks @ <11156.026367, 121.279495, 13959.871094> ... Lifespan:  Set to 120 minutes.
[EOnDrop] Zombie Spawned [319] ZmbM_Jacket_stripes @ <11130.126953, 132.844070, 13928.271484> ... Lifespan:  Set to 120 minutes.
[EOnDrop] Zombie Spawned [320] ZmbF_JournalistNormal_Blue @ <11118.787109, 132.791473, 13934.414063> ... Lifespan:  Set to 120 minutes.
[EOnDrop] Zombie Spawned [321] ZmbF_SkaterYoung_Striped @ <11117.297852, 115.962593, 13976.982422> ... Lifespan:  Set to 120 minutes.
[EOnDrop] Zombie Spawned [322] ZmbF_CitizenBSkinny @ <11142.449219, 122.691307, 13954.869141> ... Lifespan:  Set to 120 minutes.
[EOnDrop] Zombie Spawned [323] ZmbF_JoggerSkinny_Brown @ <11117.653320, 132.446533, 13935.678711> ... Lifespan:  Set to 120 minutes.
[EOnDrop] Zombie Spawned [324] ZmbM_SkaterYoung_Blue @ <11174.558594, 111.950699, 13965.457031> ... Lifespan:  Set to 120 minutes.
[EOnDrop] Zombie Spawned [325] ZmbF_JournalistNormal_Green @ <11133.949219, 122.128792, 13955.121094> ... Lifespan:  Set to 120 minutes.
[EOnDrop] Zombie Spawned [326] ZmbM_JoggerSkinny_Blue @ <11115.588867, 135.476395, 13925.058594> ... Lifespan:  Set to 120 minutes.
[EOnDrop] Zombie Spawned [327] ZmbM_CitizenASkinny_Grey @ <11169.961914, 103.659538, 13998.313477> ... Lifespan:  Set to 120 minutes.
[EOnDrop] Zombie Spawned [328] ZmbM_JoggerSkinny_Blue @ <11193.014648, 101.611198, 13978.979492> ... Lifespan:  Set to 120 minutes.
[EOnDrop] Zombie Spawned [329] ZmbF_JournalistNormal_Green @ <11127.058594, 131.353516, 13934.240234> ... Lifespan:  Set to 120 minutes.
[EOnDrop] Zombie Spawned [330] ZmbM_PatrolNormal_Summer @ <11179.419922, 102.277107, 13994.199219> ... Lifespan:  Set to 120 minutes.
[EOnDrop] Zombie Spawned [331] ZmbM_CommercialPilotOld_Olive @ <11140.700195, 108.639282, 13996.289063> ... Lifespan:  Set to 120 minutes.
[EOnDrop] Zombie Spawned [332] ZmbF_ShortSkirt_beige @ <11160.122070, 125.506172, 13938.884766> ... Lifespan:  Set to 120 minutes.
[EOnDrop] Zombie Spawned [333] ZmbF_JoggerSkinny_Red @ <11131.285156, 127.250725, 13942.769531> ... Lifespan:  Set to 120 minutes.
[EOnDrop] Zombie Spawned [334] ZmbM_CitizenBFat_Red @ <11185.654297, 101.754585, 13982.716797> ... Lifespan:  Set to 120 minutes.
[EOnDrop] Zombie Spawned [335] ZmbF_ShortSkirt_brown @ <11139.096680, 125.645844, 13941.495117> ... Lifespan:  Set to 120 minutes.
[EOnDrop] Zombie Spawned [336] ZmbM_CitizenBFat_Red @ <11121.380859, 126.199013, 13946.393555> ... Lifespan:  Set to 120 minutes.
[EOnDrop] Zombie Spawned [337] ZmbF_CitizenANormal_Beige @ <11163.367188, 122.473175, 13954.158203> ... Lifespan:  Set to 120 minutes.
[EOnDrop] Zombie Spawned [338] ZmbF_JournalistNormal_Red @ <11130.083008, 111.041092, 13992.109375> ... Lifespan:  Set to 120 minutes.
[EOnDrop] Zombie Spawned [339] ZmbM_ParamedicNormal_Black @ <11109.113281, 124.592079, 13951.923828> ... Lifespan:  Set to 120 minutes.
[EOnDrop] Zombie Spawned [340] ZmbF_ShortSkirt_stripes @ <11179.090820, 103.369148, 13975.686523> ... Lifespan:  Set to 120 minutes.
[EOnDrop] Zombie Spawned [341] ZmbM_CitizenBFat_Blue @ <11126.420898, 131.308212, 13934.682617> ... Lifespan:  Set to 120 minutes.
[EOnDrop] Zombie Spawned [342] ZmbM_JournalistSkinny @ <11165.780273, 107.067642, 13974.896484> ... Lifespan:  Set to 120 minutes.
[EOnDrop] Zombie Spawned [343] ZmbM_ClerkFat_Brown @ <11149.000000, 109.107185, 13977.863281> ... Lifespan:  Set to 120 minutes.
[EOnDrop] Zombie Spawned [344] ZmbF_ShortSkirt_checks @ <11117.128906, 135.369537, 13924.893555> ... Lifespan:  Set to 120 minutes.
[EOnDrop] Zombie Spawned [345] ZmbM_ParamedicNormal_Blue @ <11142.394531, 112.744896, 13975.340820> ... Lifespan:  Set to 120 minutes.
[EOnDrop] Zombie Spawned [346] ZmbF_Clerk_Normal_White @ <11163.977539, 123.576241, 13949.895508> ... Lifespan:  Set to 120 minutes.
[EOnDrop] Zombie Spawned [347] ZmbM_CommercialPilotOld_Olive @ <11191.471680, 115.863945, 13953.348633> ... Lifespan:  Set to 120 minutes.
[EOnDrop] Zombie Spawned [348] ZmbF_CitizenANormal_Blue @ <11160.903320, 104.838684, 13988.484375> ... Lifespan:  Set to 120 minutes.
[EOnDrop] Zombie Spawned [349] ZmbF_ShortSkirt_beige @ <11124.656250, 117.270302, 13972.684570> ... Lifespan:  Set to 120 minutes.
[EOnDrop] Zombie Spawned [350] ZmbF_PoliceWomanNormal @ <11164.808594, 126.237091, 13935.630859> ... Lifespan:  Set to 120 minutes.
[EOnDrop] Zombie Spawned [351] ZmbM_DoctorFat @ <11157.073242, 105.920860, 13995.338867> ... Lifespan:  Set to 120 minutes.
[EOnDrop] Zombie Spawned [352] ZmbM_PatrolNormal_Summer @ <11112.380859, 116.564293, 13976.367188> ... Lifespan:  Set to 120 minutes.
[EOnDrop] Zombie Spawned [353] ZmbM_PatientSkinny @ <11112.964844, 119.418320, 13964.907227> ... Lifespan:  Set to 120 minutes.
[EOnDrop] Zombie Spawned [354] ZmbM_Jacket_blue @ <11137.197266, 117.975220, 13971.350586> ... Lifespan:  Set to 120 minutes.
[EOnDrop] Zombie Spawned [355] ZmbF_JoggerSkinny_Green @ <11106.167969, 117.755417, 13970.708984> ... Lifespan:  Set to 120 minutes.
[EOnDrop] Zombie Spawned [356] ZmbM_ParamedicNormal_Red @ <11189.771484, 104.637619, 13967.896484> ... Lifespan:  Set to 120 minutes.
[EOnDrop] Zombie Spawned [357] ZmbM_PatrolNormal_Autumn @ <11173.952148, 128.121872, 13915.725586> ... Lifespan:  Set to 120 minutes.
[EOnDrop] Zombie Spawned [358] ZmbF_ShortSkirt_grey @ <11160.777344, 124.347160, 13947.950195> ... Lifespan:  Set to 120 minutes.
[EOnDrop] Zombie Spawned [359] ZmbF_ShortSkirt_yellow @ <11165.119141, 130.065033, 13909.247070> ... Lifespan:  Set to 120 minutes.
[EOnDrop] Zombie Spawned [360] ZmbM_Jacket_stripes @ <11124.103516, 132.048538, 13933.574219> ... Lifespan:  Set to 120 minutes.
[EOnDrop] Drop spawned with 360 infected at <11149.699219, 292.309082, 13955.932617>.
[EOnDrop] Supplies have been dropped near Novodmitrovsk.
[EOnBeforeDelete] Aircraft despawned @ <10453.798828, 381.600891, 16361.795898>
[~AirdropPlane] Aircraft destroyed.
