[InitializeContainer] Container created on 2021-03-30 @ 20-11-07
[InitializeContainer] Winds: Vector <11.336050, 0.000000, 2.170768>, Speed 11.542mps, Strength 0.1
[AirdropContainerFall] Drop Type 'Food/Medical', Container: 'AirdropContainer_Medical', Mode/Quantity/Iems: Random/20/11, Flare:  10%
[AirdropContainerFall] Loot Spawned [1] ToxicCure @ <13474.050781, 31.801775, 3185.172119> ... Lifespan: Set to 120 minutes.
[AirdropContainerFall] Loot Spawned [2] ToxicCure @ <13474.211914, 31.849144, 3186.446777> ... Lifespan: Set to 120 minutes.
[AirdropContainerFall] Loot Spawned [3] ToxicCure @ <13471.573242, 31.534788, 3185.510742> ... Lifespan: Set to 120 minutes.
[AirdropContainerFall] Loot Spawned [4] BoxCerealCrunchin @ <13474.959961, 31.962099, 3189.986084> ... Lifespan: Set to 120 minutes.
[AirdropContainerFall] Loot Spawned [5] BoxCerealCrunchin @ <13475.397461, 32.007713, 3187.444580> ... Lifespan: Set to 120 minutes.
[AirdropContainerFall] Loot Spawned [6] Marmalade @ <13474.450195, 31.901178, 3188.072266> ... Lifespan: Set to 120 minutes.
[AirdropContainerFall] Loot Spawned [7] Marmalade @ <13474.082031, 31.800245, 3184.947021> ... Lifespan: Set to 120 minutes.
[AirdropContainerFall] Loot Spawned [8] Marmalade @ <13473.002930, 31.672676, 3184.774902> ... Lifespan: Set to 120 minutes.
[AirdropContainerFall] Loot Spawned [9] ToxicCure @ <13471.762695, 31.590904, 3187.443115> ... Lifespan: Set to 120 minutes.
[AirdropContainerFall] Loot Spawned [10] Canteen @ <13474.977539, 31.940516, 3186.601318> ... Lifespan: Set to 120 minutes.
[AirdropContainerFall] Loot Spawned [11] SpaghettiCan @ <13473.756836, 31.785555, 3185.943115> ... Lifespan: Set to 120 minutes.
[AirdropContainerFall] Loot Spawned [12] Canteen @ <13472.423828, 31.669689, 3188.775391> ... Lifespan: Set to 120 minutes.
[AirdropContainerFall] Loot Spawned [13] BoxCerealCrunchin @ <13473.837891, 31.831697, 3188.635010> ... Lifespan: Set to 120 minutes.
[AirdropContainerFall] Loot Spawned [14] TunaCan @ <13475.239258, 31.938927, 3185.211182> ... Lifespan: Set to 120 minutes.
[AirdropContainerFall] Loot Spawned [15] SpaghettiCan @ <13474.744141, 31.936115, 3189.000732> ... Lifespan: Set to 120 minutes.
[AirdropContainerFall] Loot Spawned [16] Marmalade @ <13474.825195, 31.943525, 3187.629883> ... Lifespan: Set to 120 minutes.
[AirdropContainerFall] Loot Spawned [17] SpaghettiCan @ <13471.721680, 31.588575, 3188.331543> ... Lifespan: Set to 120 minutes.
[AirdropContainerFall] Loot Spawned [18] ToxicCure @ <13471.563477, 31.536835, 3186.062744> ... Lifespan: Set to 120 minutes.
[AirdropContainerFall] Loot Spawned [19] BakedBeansCan @ <13470.841797, 31.471972, 3186.855225> ... Lifespan: Set to 120 minutes.
[AirdropContainerFall] Loot Spawned [20] TacticalBaconCan @ <13474.064453, 31.801239, 3185.078857> ... Lifespan: Set to 120 minutes.
[AirdropContainerUnstuck] Container was unstuck.
[~AirdropContainerBase] Container Destroyed on 2021-03-30 @ 22-00-46
