[AirdropBase] Base class created & settings loaded.
[2021-04-02 @ 23-42-35] ----------------------------------------------------------------------------------------------------
[EOnCallAirdrop] Drop zone asigned: Chernogorks <6128.000000, 0.000000, 2497.000000>
[EOnCallAirdrop] Drop zone offset to: <6135.618164, 2438.000000, 2497.741455>
[EOnCallAirdrop] Aircraft spawn point: <447.417206, 2438.000000, -1000.000000>
[EOnCallAirdrop] Aircraft bearing ... Angle/Bearing: -2.58978° / 238.383°, Text: 'South/West (238°)'
[EOnCallAirdrop] Aircraft has been dispatched to 'Chernogorks' from the South/West (238°).
[2021-04-03 @ 00-43-46] ----------------------------------------------------------------------------------------------------
[EOnCallAirdrop] Drop zone asigned: Elektrozavodsk <9371.000000, 0.000000, 2229.000000>
[EOnCallAirdrop] Drop zone offset to: <9370.651367, 2438.000000, 2139.789063>
[EOnCallAirdrop] Aircraft spawn point: <16360.000000, 2438.000000, 21.986755>
[EOnCallAirdrop] Aircraft bearing ... Angle/Bearing: -0.305874° / 107.525°, Text: 'East (108°)'
[EOnCallAirdrop] Aircraft has been dispatched to 'Elektrozavodsk' from the East (108°).
[2021-04-03 @ 01-44-57] ----------------------------------------------------------------------------------------------------
[EOnCallAirdrop] Drop zone asigned: Zelenogorks <2351.000000, 0.000000, 5393.000000>
[EOnCallAirdrop] Drop zone offset to: <2446.452148, 2438.000000, 5413.208008>
[EOnCallAirdrop] Aircraft spawn point: <14579.867188, 2438.000000, 16360.000000>
[EOnCallAirdrop] Aircraft bearing ... Angle/Bearing: 0.731051° / 48.1138°, Text: 'North/East (48°)'
[EOnCallAirdrop] Aircraft has been dispatched to 'Zelenogorks' from the North/East (48°).
[2021-04-03 @ 02-46-08] ----------------------------------------------------------------------------------------------------
[EOnCallAirdrop] Drop zone asigned: Chernogorks <6128.000000, 0.000000, 2497.000000>
[EOnCallAirdrop] Drop zone offset to: <6107.124512, 2438.000000, 2537.136230>
[EOnCallAirdrop] Aircraft spawn point: <5180.662109, 2438.000000, -1000.000000>
[EOnCallAirdrop] Aircraft bearing ... Angle/Bearing: -1.83535° / 195.158°, Text: 'South (195°)'
[EOnCallAirdrop] Aircraft has been dispatched to 'Chernogorks' from the South (195°).
[2021-04-03 @ 03-47-19] ----------------------------------------------------------------------------------------------------
[EOnCallAirdrop] Drop zone asigned: Novodmitrovsk <11125.000000, 0.000000, 14040.000000>
[EOnCallAirdrop] Drop zone offset to: <11111.144531, 2438.000000, 14032.876953>
[EOnCallAirdrop] Aircraft spawn point: <7617.748535, 2438.000000, 16360.000000>
[EOnCallAirdrop] Aircraft bearing ... Angle/Bearing: 2.55718° / 303.484°, Text: 'North/West (303°)'
[EOnCallAirdrop] Aircraft has been dispatched to 'Novodmitrovsk' from the North/West (303°).
