[AirdropPlane] Aircraft created on 2021-04-12 @ 00-06-30
[InitializeAircraft] Aircraft Initialized: Balota @ 5043/2505 (true)
[EOnBeforeDrop] The Aircraft is 1 Km from Balota. @ <6498.408203, 152.496719, 2145.841553>
[EOnDrop] Zombie Spawned [1] ZmbM_SoldierNormal @ <5116.877441, 9.869466, 2473.878906> ... Lifespan:  Set to 120 minutes.
[EOnDrop] Zombie Spawned [2] ZmbM_PatrolNormal_PautRev @ <5153.129395, 10.799623, 2476.315674> ... Lifespan:  Set to 120 minutes.
[EOnDrop] Zombie Spawned [3] ZmbM_PatrolNormal_Summer @ <5118.641113, 9.861691, 2476.290771> ... Lifespan:  Set to 120 minutes.
[EOnDrop] Zombie Spawned [4] ZmbM_PatrolNormal_PautRev @ <5135.942383, 11.188957, 2501.811768> ... Lifespan:  Set to 120 minutes.
[EOnDrop] Zombie Spawned [5] ZmbM_PatrolNormal_PautRev @ <5143.728516, 12.320681, 2452.635010> ... Lifespan:  Set to 120 minutes.
[EOnDrop] Zombie Spawned [6] ZmbM_PatrolNormal_PautRev @ <5118.500488, 8.776342, 2493.986816> ... Lifespan:  Set to 120 minutes.
[EOnDrop] Zombie Spawned [7] ZmbM_PatrolNormal_Autumn @ <5120.548828, 8.981453, 2494.876221> ... Lifespan:  Set to 120 minutes.
[EOnDrop] Zombie Spawned [8] ZmbM_PatrolNormal_PautRev @ <5110.579102, 9.542901, 2475.708252> ... Lifespan:  Set to 120 minutes.
[EOnDrop] Zombie Spawned [9] ZmbM_PatrolNormal_Summer @ <5100.196777, 7.960753, 2503.342041> ... Lifespan:  Set to 120 minutes.
[EOnDrop] Zombie Spawned [10] ZmbM_PatrolNormal_Autumn @ <5119.816406, 11.660545, 2440.964111> ... Lifespan:  Set to 120 minutes.
[EOnDrop] Zombie Spawned [11] ZmbM_PatrolNormal_Flat @ <5080.010254, 9.821712, 2475.633789> ... Lifespan:  Set to 120 minutes.
[EOnDrop] Zombie Spawned [12] ZmbM_PatrolNormal_Flat @ <5115.115234, 9.913049, 2518.472412> ... Lifespan:  Set to 120 minutes.
[EOnDrop] Zombie Spawned [13] ZmbM_PatrolNormal_Flat @ <5121.459961, 9.956227, 2477.645508> ... Lifespan:  Set to 120 minutes.
[EOnDrop] Zombie Spawned [14] ZmbM_PatrolNormal_Autumn @ <5116.430664, 8.679541, 2493.414551> ... Lifespan:  Set to 120 minutes.
[EOnDrop] Zombie Spawned [15] ZmbM_PatrolNormal_PautRev @ <5113.166504, 10.166840, 2465.918945> ... Lifespan:  Set to 120 minutes.
[EOnDrop] Zombie Spawned [16] ZmbM_SoldierNormal @ <5108.740723, 8.636692, 2487.684326> ... Lifespan:  Set to 120 minutes.
[EOnDrop] Zombie Spawned [17] ZmbM_PatrolNormal_Flat @ <5113.132324, 10.939078, 2444.031738> ... Lifespan:  Set to 120 minutes.
[EOnDrop] Zombie Spawned [18] ZmbM_PatrolNormal_Autumn @ <5113.858887, 8.869106, 2488.527344> ... Lifespan:  Set to 120 minutes.
[EOnDrop] Zombie Spawned [19] ZmbM_SoldierNormal @ <5165.302246, 13.712641, 2504.952148> ... Lifespan:  Set to 120 minutes.
[EOnDrop] Zombie Spawned [20] ZmbM_PatrolNormal_PautRev @ <5120.386230, 9.886086, 2514.514160> ... Lifespan:  Set to 120 minutes.
[EOnDrop] Zombie Spawned [21] ZmbM_PatrolNormal_Summer @ <5116.838379, 11.082517, 2530.963379> ... Lifespan:  Set to 120 minutes.
[EOnDrop] Zombie Spawned [22] ZmbM_SoldierNormal @ <5126.494141, 9.913891, 2503.003418> ... Lifespan:  Set to 120 minutes.
[EOnDrop] Zombie Spawned [23] ZmbM_PatrolNormal_Summer @ <5091.941895, 8.308018, 2506.533203> ... Lifespan:  Set to 120 minutes.
[EOnDrop] Zombie Spawned [24] ZmbM_PatrolNormal_Autumn @ <5113.811523, 8.806872, 2510.291748> ... Lifespan:  Set to 120 minutes.
[EOnDrop] Zombie Spawned [25] ZmbM_PatrolNormal_Summer @ <5160.714355, 10.937379, 2459.821045> ... Lifespan:  Set to 120 minutes.
[EOnDrop] Zombie Spawned [26] ZmbM_PatrolNormal_Summer @ <5111.562988, 8.637301, 2489.875732> ... Lifespan:  Set to 120 minutes.
[EOnDrop] Zombie Spawned [27] ZmbM_PatrolNormal_Autumn @ <5158.187988, 11.755381, 2489.514160> ... Lifespan:  Set to 120 minutes.
[EOnDrop] Zombie Spawned [28] ZmbM_PatrolNormal_Summer @ <5126.941406, 9.635902, 2493.162842> ... Lifespan:  Set to 120 minutes.
[EOnDrop] Zombie Spawned [29] ZmbM_PatrolNormal_Flat @ <5133.630371, 12.776814, 2439.315186> ... Lifespan:  Set to 120 minutes.
[EOnDrop] Zombie Spawned [30] ZmbM_PatrolNormal_Flat @ <5123.942383, 9.818583, 2482.479004> ... Lifespan:  Set to 120 minutes.
[EOnDrop] Zombie Spawned [31] ZmbM_SoldierNormal @ <5143.634766, 11.290250, 2464.501465> ... Lifespan:  Set to 120 minutes.
[EOnDrop] Zombie Spawned [32] ZmbM_PatrolNormal_PautRev @ <5125.427246, 11.398496, 2530.763916> ... Lifespan:  Set to 120 minutes.
[EOnDrop] Zombie Spawned [33] ZmbM_PatrolNormal_Summer @ <5124.584473, 11.581944, 2453.382568> ... Lifespan:  Set to 120 minutes.
[EOnDrop] Zombie Spawned [34] ZmbM_SoldierNormal @ <5109.157227, 9.196022, 2516.075928> ... Lifespan:  Set to 120 minutes.
[EOnDrop] Zombie Spawned [35] ZmbM_PatrolNormal_Summer @ <5121.593262, 10.281733, 2471.326660> ... Lifespan:  Set to 120 minutes.
[EOnDrop] Drop spawned with 35 infected at <5119.845703, 160.494141, 2485.989990>.
[EOnDrop] Supplies have been dropped near Balota.
[EOnBeforeDelete] Aircraft despawned @ <-1001.206238, 289.021820, 3996.322998>
[~AirdropPlane] Aircraft destroyed.
