[AirdropPlane] Aircraft created on 2021-02-09 @ 01-04-20
[InitializeAircraft] Aircraft Initialized: Novy Sobor @ 7436/7720 (true)
[EOnBeforeDrop] The Aircraft is 1 Km from Novy Sobor. @ <8575.028320, 493.537720, 6746.180664>
[EOnDrop] Zombie Spawned [1] ZmbF_SurvivorNormal_Red @ <7473.636230, 318.726501, 7650.987305> ... Lifespan:  Set to 120 minutes.
[EOnDrop] Zombie Spawned [2] ZmbF_VillagerOld_White @ <7480.671387, 320.652954, 7663.546875> ... Lifespan:  Set to 120 minutes.
[EOnDrop] Spawn failed for zombie [3] 'ZmbM_SurvivorDean_Black', it does not exist in DayZ!
[EOnDrop] Zombie Spawned [4] ZmbM_HikerSkinny_Blue @ <7480.370605, 320.167053, 7657.597656> ... Lifespan:  Set to 120 minutes.
[EOnDrop] Zombie Spawned [5] ZmbM_FarmerFat_Brown @ <7490.503906, 319.614532, 7625.622070> ... Lifespan:  Set to 120 minutes.
[EOnDrop] Zombie Spawned [6] ZmbF_SurvivorNormal_Blue @ <7513.973145, 325.108612, 7668.449707> ... Lifespan:  Set to 120 minutes.
[EOnDrop] Zombie Spawned [7] ZmbM_FarmerFat_Green @ <7511.992188, 323.857788, 7643.267578> ... Lifespan:  Set to 120 minutes.
[EOnDrop] Zombie Spawned [8] ZmbM_VillagerOld_Blue @ <7480.280762, 319.266449, 7645.050781> ... Lifespan:  Set to 120 minutes.
[EOnDrop] Zombie Spawned [9] ZmbF_MilkMaidOld_Beige @ <7483.842285, 320.913544, 7661.072266> ... Lifespan:  Set to 120 minutes.
[EOnDrop] Zombie Spawned [10] ZmbF_MilkMaidOld_Green @ <7509.386719, 325.050964, 7677.109863> ... Lifespan:  Set to 120 minutes.
[EOnDrop] Zombie Spawned [11] ZmbM_HunterOld_Summer @ <7543.825195, 327.060791, 7645.625000> ... Lifespan:  Set to 120 minutes.
[EOnDrop] Zombie Spawned [12] ZmbM_FarmerFat_Blue @ <7476.707520, 318.385803, 7640.289551> ... Lifespan:  Set to 120 minutes.
[EOnDrop] Spawn failed for zombie [13] 'ZmbM_SurvivorDean_Grey', it does not exist in DayZ!
[EOnDrop] Zombie Spawned [14] ZmbM_HikerSkinny_Green @ <7481.063477, 320.499908, 7660.676758> ... Lifespan:  Set to 120 minutes.
[EOnDrop] Zombie Spawned [15] ZmbM_HunterOld_Winter @ <7477.559570, 317.700134, 7628.805664> ... Lifespan:  Set to 120 minutes.
[EOnDrop] Drop spawned with 15 infected at <7500.582031, 472.741028, 7665.293945>.
[EOnDrop] Supplies have been dropped near Novy Sobor.
[EOnBeforeDelete] Aircraft despawned @ <-1000.325012, 622.101624, 14936.696289>
[~AirdropPlane] Aircraft destroyed.
