[InitializeContainer] Container created on 2021-04-06 @ 03-09-34
[InitializeContainer] Winds: Vector <11.042703, 0.000000, 5.445865>, Speed 12.3125mps, Strength 0.1
[AirdropContainerFall] Drop Type 'Military Weapons', Container: 'AirdropContainer_Military', Mode/Quantity/Iems: Random/20/15, Flare:  10%
[AirdropContainerFall] Loot Spawned [1] TWP_HKCarabine_mag_30Rnd @ <4678.500977, 339.042786, 10523.099609> ... Lifespan: Set to 120 minutes.
[AirdropContainerFall] Loot Spawned [2] TWP_Stoner63_mag_30Rnd @ <4679.006348, 339.077728, 10525.885742> ... Lifespan: Set to 120 minutes.
[AirdropContainerFall] Loot Spawned [3] TWP_CZScorpion_mag_30Rnd @ <4677.394531, 339.048584, 10525.216797> ... Lifespan: Set to 120 minutes.
[AirdropContainerFall] Loot Spawned [4] TWP_HKCarabine @ <4681.580566, 339.097321, 10525.834961> ... Lifespan: Set to 120 minutes.
[AirdropContainerFall] Loot Spawned [5] RGD5Grenade @ <4680.724121, 339.057861, 10523.454102> ... Lifespan: Set to 120 minutes.
[AirdropContainerFall] Loot Spawned [6] AmmoBox_762x54_20Rnd @ <4678.593750, 339.099091, 10527.680664> ... Lifespan: Set to 120 minutes.
[AirdropContainerFall] Loot Spawned [7] TWP_CZScorpion_mag_30Rnd @ <4679.441895, 339.086487, 10526.125000> ... Lifespan: Set to 120 minutes.
[AirdropContainerFall] Loot Spawned [8] TWP_STG58 @ <4679.389648, 339.040802, 10522.487305> ... Lifespan: Set to 120 minutes.
[AirdropContainerFall] Loot Spawned [9] TWP_STG58 @ <4680.658691, 339.109100, 10526.972656> ... Lifespan: Set to 120 minutes.
[AirdropContainerFall] Loot Spawned [10] TWP_Stoner63_mag_30Rnd @ <4677.537109, 339.044525, 10523.448242> ... Lifespan: Set to 120 minutes.
[AirdropContainerFall] Loot Spawned [11] TWP_STG58_mag_20Rnd @ <4680.648926, 339.113770, 10527.293945> ... Lifespan: Set to 120 minutes.
[AirdropContainerFall] Loot Spawned [12] TWP_Stoner63 @ <4681.800781, 339.108276, 10526.500000> ... Lifespan: Set to 120 minutes.
[AirdropContainerFall] Loot Spawned [13] TWP_OTSGrosa_mag_30Rnd @ <4677.622559, 339.045502, 10524.255859> ... Lifespan: Set to 120 minutes.
[AirdropContainerFall] Loot Spawned [14] RGD5Grenade @ <4680.851563, 339.113647, 10527.210938> ... Lifespan: Set to 120 minutes.
[AirdropContainerFall] Loot Spawned [15] TWP_CZScorpion @ <4677.761719, 339.078461, 10526.953125> ... Lifespan: Set to 120 minutes.
[AirdropContainerFall] Loot Spawned [16] TWP_OTSGrosa @ <4677.255859, 339.046234, 10524.438477> ... Lifespan: Set to 120 minutes.
[AirdropContainerFall] Loot Spawned [17] M67Grenade @ <4681.982422, 339.101410, 10525.965820> ... Lifespan: Set to 120 minutes.
[AirdropContainerFall] Loot Spawned [18] TWP_Stoner63_mag_30Rnd @ <4680.875977, 339.077148, 10524.714844> ... Lifespan: Set to 120 minutes.
[AirdropContainerFall] Loot Spawned [19] TWP_M16 @ <4678.149414, 339.043701, 10523.425781> ... Lifespan: Set to 120 minutes.
[AirdropContainerFall] Loot Spawned [20] TWP_STG58 @ <4677.756836, 339.045776, 10524.607422> ... Lifespan: Set to 120 minutes.
[AirdropContainerUnstuck] Container was unstuck.
[~AirdropContainerBase] Container Destroyed on 2021-04-06 @ 04-00-26
