[InitializeContainer] Container created on 2021-02-08 @ 08-07-15
[InitializeContainer] Winds: Vector <5.054021, 0.000000, -6.659128>, Speed 8.35985mps, Strength 0.1
[AirdropContainerFall] Drop Type 'Military Weapons', Container: 'AirdropContainer', Mode/Quantity/Iems: Random/30/14, Flare:  10%
[AirdropContainerFall] Loot Spawned [1] PowderedMilk @ <2675.424072, 312.419891, 6274.246582> ... Lifespan: Set to 120 minutes.
[AirdropContainerFall] Loot Spawned [2] M4A1 @ <2676.479980, 312.325500, 6272.691895> ... Lifespan: Set to 120 minutes.
[AirdropContainerFall] Loot Spawned [3] Rice @ <2672.770752, 311.923615, 6272.110352> ... Lifespan: Set to 120 minutes.
[AirdropContainerFall] Loot Spawned [4] WaterBottle @ <2673.199463, 312.276733, 6274.705078> ... Lifespan: Set to 120 minutes.
[AirdropContainerFall] Loot Spawned [5] BakedBeansCan @ <2675.330566, 312.356781, 6273.795410> ... Lifespan: Set to 120 minutes.
[AirdropContainerFall] Loot Spawned [6] Mag_STANAG_30Rnd @ <2672.243408, 311.864044, 6272.007813> ... Lifespan: Set to 120 minutes.
[AirdropContainerFall] Loot Spawned [7] AKM @ <2676.667969, 312.321106, 6272.517090> ... Lifespan: Set to 120 minutes.
[AirdropContainerFall] Loot Spawned [8] Izh18 @ <2673.709961, 311.999817, 6272.046875> ... Lifespan: Set to 120 minutes.
[AirdropContainerFall] Loot Spawned [9] Vodka @ <2675.024902, 312.481354, 6275.047363> ... Lifespan: Set to 120 minutes.
[AirdropContainerFall] Loot Spawned [10] Mag_AKM_30Rnd @ <2673.760986, 312.058563, 6272.493652> ... Lifespan: Set to 120 minutes.
[AirdropContainerFall] Loot Spawned [11] WaterBottle @ <2675.415283, 312.126160, 6271.832520> ... Lifespan: Set to 120 minutes.
[AirdropContainerFall] Loot Spawned [12] BakedBeansCan @ <2672.257813, 312.082886, 6273.800293> ... Lifespan: Set to 120 minutes.
[AirdropContainerFall] Loot Spawned [13] M4A1 @ <2674.222656, 312.445984, 6275.346191> ... Lifespan: Set to 120 minutes.
[AirdropContainerFall] Loot Spawned [14] Mag_STANAG_30Rnd @ <2675.140381, 312.457184, 6274.763184> ... Lifespan: Set to 120 minutes.
[AirdropContainerFall] Loot Spawned [15] M4A1 @ <2675.795166, 312.158051, 6271.815430> ... Lifespan: Set to 120 minutes.
[AirdropContainerFall] Loot Spawned [16] Mag_STANAG_30Rnd @ <2671.361328, 312.130890, 6274.856445> ... Lifespan: Set to 120 minutes.
[AirdropContainerFall] Spawn failed for item [17] 'Mossin9130', does not exist in DayZ!
[AirdropContainerFall] Loot Spawned [18] Rice @ <2674.255371, 311.975189, 6271.441895> ... Lifespan: Set to 120 minutes.
[AirdropContainerFall] Loot Spawned [19] PowderedMilk @ <2675.696045, 312.454895, 6274.334961> ... Lifespan: Set to 120 minutes.
[AirdropContainerFall] Loot Spawned [20] M4A1 @ <2676.188477, 312.294159, 6272.647949> ... Lifespan: Set to 120 minutes.
[AirdropContainerFall] Loot Spawned [21] Mag_AKM_30Rnd @ <2675.029053, 312.491455, 6275.127441> ... Lifespan: Set to 120 minutes.
[AirdropContainerFall] Loot Spawned [22] AmmoBox_762x54_20Rnd @ <2672.806396, 312.237091, 6274.667480> ... Lifespan: Set to 120 minutes.
[AirdropContainerFall] Loot Spawned [23] Rice @ <2674.586670, 312.469696, 6275.273926> ... Lifespan: Set to 120 minutes.
[AirdropContainerFall] Loot Spawned [24] AmmoBox_762x54_20Rnd @ <2674.647949, 311.998932, 6271.348633> ... Lifespan: Set to 120 minutes.
[AirdropContainerFall] Loot Spawned [25] Rice @ <2676.699463, 312.521637, 6274.146484> ... Lifespan: Set to 120 minutes.
[AirdropContainerFall] Loot Spawned [26] M4A1 @ <2675.557617, 312.202118, 6272.354004> ... Lifespan: Set to 120 minutes.
[AirdropContainerFall] Loot Spawned [27] Mag_STANAG_30Rnd @ <2675.996826, 312.670227, 6275.888184> ... Lifespan: Set to 120 minutes.
[AirdropContainerFall] Loot Spawned [28] AmmoBox_762x54_20Rnd @ <2673.312012, 311.843018, 6271.047363> ... Lifespan: Set to 120 minutes.
[AirdropContainerFall] Loot Spawned [29] M4A1 @ <2676.496338, 312.422028, 6273.475098> ... Lifespan: Set to 120 minutes.
[AirdropContainerFall] Loot Spawned [30] FNX45 @ <2675.965332, 312.400299, 6273.687012> ... Lifespan: Set to 120 minutes.
[AirdropContainerUnstuck] Container was unstuck.
[~AirdropContainerBase] Container Destroyed on 2021-02-08 @ 09-07-25
