[AirdropPlane] Aircraft created on 2021-04-04 @ 03-07-02
[InitializeAircraft] Aircraft Initialized: Chernogorks @ 6128/2497 (true)
[EOnBeforeDrop] The Aircraft is 1 Km from Chernogorks. @ <5419.634766, 336.815826, 3817.255615>
[EOnDrop] Zombie Spawned [1] ZmbM_CitizenASkinny_Grey @ <6084.520996, 37.051701, 2587.903076> ... Lifespan:  Set to 120 minutes.
[EOnDrop] Zombie Spawned [2] ZmbF_JournalistNormal_White @ <6131.633789, 25.259886, 2582.263428> ... Lifespan:  Set to 120 minutes.
[EOnDrop] Zombie Spawned [3] ZmbF_ShortSkirt_red @ <6073.275391, 37.657936, 2560.252930> ... Lifespan:  Set to 120 minutes.
[EOnDrop] Zombie Spawned [4] ZmbM_CommercialPilotOld_Olive @ <6076.083496, 38.036083, 2573.402344> ... Lifespan:  Set to 120 minutes.
[EOnDrop] Zombie Spawned [5] ZmbM_Jacket_brown @ <6075.503906, 39.830467, 2587.148926> ... Lifespan:  Set to 120 minutes.
[EOnDrop] Zombie Spawned [6] ZmbM_JournalistSkinny @ <6126.285156, 24.945086, 2558.358887> ... Lifespan:  Set to 120 minutes.
[EOnDrop] Zombie Spawned [7] ZmbF_ParamedicNormal_Blue @ <6120.886230, 26.908371, 2581.673096> ... Lifespan:  Set to 120 minutes.
[EOnDrop] Zombie Spawned [8] ZmbM_CitizenBFat_Blue @ <6092.170898, 31.948235, 2573.927246> ... Lifespan:  Set to 120 minutes.
[EOnDrop] Zombie Spawned [9] ZmbF_ParamedicNormal_Green @ <6104.375000, 30.822720, 2595.764160> ... Lifespan:  Set to 120 minutes.
[EOnDrop] Zombie Spawned [10] ZmbF_NurseFat @ <6064.138672, 45.427559, 2597.047363> ... Lifespan:  Set to 120 minutes.
[EOnDrop] Zombie Spawned [11] ZmbM_ClerkFat_White @ <6106.415039, 31.881535, 2606.824951> ... Lifespan:  Set to 120 minutes.
[EOnDrop] Zombie Spawned [12] ZmbM_Jacket_magenta @ <6086.094727, 31.076086, 2535.891602> ... Lifespan:  Set to 120 minutes.
[EOnDrop] Zombie Spawned [13] ZmbF_ShortSkirt_green @ <6090.077637, 31.235983, 2549.537109> ... Lifespan:  Set to 120 minutes.
[EOnDrop] Zombie Spawned [14] ZmbF_Clerk_Normal_Blue @ <6100.218750, 30.378220, 2576.833252> ... Lifespan:  Set to 120 minutes.
[EOnDrop] Zombie Spawned [15] ZmbF_ParamedicNormal_Red @ <6111.949219, 27.784622, 2576.805176> ... Lifespan:  Set to 120 minutes.
[EOnDrop] Zombie Spawned [16] ZmbF_CitizenANormal_Beige @ <6063.695801, 45.104336, 2586.223877> ... Lifespan:  Set to 120 minutes.
[EOnDrop] Zombie Spawned [17] ZmbM_ClerkFat_Brown @ <6061.392578, 44.846169, 2574.490479> ... Lifespan:  Set to 120 minutes.
[EOnDrop] Zombie Spawned [18] ZmbM_ClerkFat_Grey @ <6084.920410, 32.923702, 2551.256836> ... Lifespan:  Set to 120 minutes.
[EOnDrop] Zombie Spawned [19] ZmbM_CitizenBFat_Green @ <6067.673340, 42.353374, 2574.551758> ... Lifespan:  Set to 120 minutes.
[EOnDrop] Zombie Spawned [20] ZmbM_CommercialPilotOld_Blue @ <6052.288086, 50.648842, 2609.380859> ... Lifespan:  Set to 120 minutes.
[EOnDrop] Zombie Spawned [21] ZmbM_JoggerSkinny_Blue @ <6092.494141, 35.173550, 2605.565430> ... Lifespan:  Set to 120 minutes.
[EOnDrop] Zombie Spawned [22] ZmbM_ClerkFat_Grey @ <6079.882324, 35.814674, 2570.785400> ... Lifespan:  Set to 120 minutes.
[EOnDrop] Zombie Spawned [23] ZmbF_CitizenBSkinny @ <6086.395508, 40.870071, 2628.860596> ... Lifespan:  Set to 120 minutes.
[EOnDrop] Zombie Spawned [24] ZmbM_CitizenASkinny_Grey @ <6093.413086, 37.181450, 2621.180176> ... Lifespan:  Set to 120 minutes.
[EOnDrop] Zombie Spawned [25] ZmbM_ClerkFat_White @ <6059.199219, 50.367737, 2620.642578> ... Lifespan:  Set to 120 minutes.
[EOnDrop] Zombie Spawned [26] ZmbM_JoggerSkinny_Blue @ <6068.272461, 42.357246, 2577.020020> ... Lifespan:  Set to 120 minutes.
[EOnDrop] Zombie Spawned [27] ZmbF_JournalistNormal_Green @ <6077.978027, 35.748928, 2559.985840> ... Lifespan:  Set to 120 minutes.
[EOnDrop] Zombie Spawned [28] ZmbM_CommercialPilotOld_Grey @ <6105.987793, 30.341455, 2591.649658> ... Lifespan:  Set to 120 minutes.
[EOnDrop] Zombie Spawned [29] ZmbF_Clerk_Normal_Blue @ <6078.730957, 37.518066, 2578.985352> ... Lifespan:  Set to 120 minutes.
[EOnDrop] Zombie Spawned [30] ZmbM_PatrolNormal_Flat @ <6092.521973, 33.792713, 2585.523193> ... Lifespan:  Set to 120 minutes.
[EOnDrop] Zombie Spawned [31] ZmbM_PrisonerSkinny @ <6089.831543, 39.176327, 2627.315674> ... Lifespan:  Set to 120 minutes.
[EOnDrop] Zombie Spawned [32] ZmbM_PatrolNormal_Summer @ <6072.750977, 39.283562, 2570.347168> ... Lifespan:  Set to 120 minutes.
[EOnDrop] Zombie Spawned [33] ZmbF_JournalistNormal_White @ <6053.799316, 45.277523, 2556.890625> ... Lifespan:  Set to 120 minutes.
[EOnDrop] Spawn failed for zombie [34] 'ZmbM_JacketNormal_greenchecks', it does not exist in DayZ!
[EOnDrop] Zombie Spawned [35] ZmbM_ParamedicNormal_Red @ <6079.791504, 34.351734, 2545.915527> ... Lifespan:  Set to 120 minutes.
[EOnDrop] Zombie Spawned [36] ZmbM_Jacket_beige @ <6099.962891, 31.706121, 2585.334961> ... Lifespan:  Set to 120 minutes.
[EOnDrop] Zombie Spawned [37] ZmbM_CitizenASkinny_Grey @ <6098.850586, 32.640385, 2593.096680> ... Lifespan:  Set to 120 minutes.
[EOnDrop] Zombie Spawned [38] ZmbM_SkaterYoung_Brown @ <6095.751465, 28.693012, 2539.999268> ... Lifespan:  Set to 120 minutes.
[EOnDrop] Zombie Spawned [39] ZmbF_NurseFat @ <6122.434082, 26.570156, 2588.557129> ... Lifespan:  Set to 120 minutes.
[EOnDrop] Zombie Spawned [40] ZmbM_Jacket_bluechecks @ <6089.927246, 32.338959, 2572.649902> ... Lifespan:  Set to 120 minutes.
[EOnDrop] Drop spawned with 40 infected at <6083.448242, 198.327866, 2581.746094>.
[EOnDrop] Supplies have been dropped near Chernogorks.
[EOnBeforeDelete] Aircraft despawned @ <8008.233398, 152.000610, -1000.667297>
[~AirdropPlane] Aircraft destroyed.
