[InitializeContainer] Container created on 2021-03-19 @ 00-05-40
[InitializeContainer] Winds: Vector <10.693841, 0.000000, -0.978735>, Speed 10.7385mps, Strength 0.1
[AirdropContainerFall] Drop Type 'Military Weapons', Container: 'AirdropContainer', Mode/Quantity/Iems: Random/30/14, Flare:  10%
[AirdropContainerFall] Loot Spawned [1] TWP_BerettaPX4_mag_17Rnd @ <12208.374023, 140.050003, 12657.535156> ... Lifespan: Set to 120 minutes.
[AirdropContainerFall] Loot Spawned [2] TTC_Buttstock3 @ <12211.472656, 140.050003, 12659.006836> ... Lifespan: Set to 120 minutes.
[AirdropContainerFall] Loot Spawned [3] TWP_BerettaPX4 @ <12210.711914, 140.050003, 12660.843750> ... Lifespan: Set to 120 minutes.
[AirdropContainerFall] Loot Spawned [4] Mag_AKM_30Rnd @ <12210.038086, 140.050003, 12656.783203> ... Lifespan: Set to 120 minutes.
[AirdropContainerFall] Loot Spawned [5] TWP_BerettaPX4_mag_17Rnd @ <12212.333984, 140.050003, 12660.813477> ... Lifespan: Set to 120 minutes.
[AirdropContainerFall] Loot Spawned [6] TTC_Buttstock3 @ <12212.712891, 140.050003, 12659.063477> ... Lifespan: Set to 120 minutes.
[AirdropContainerFall] Loot Spawned [7] TWP_BerettaPX4 @ <12209.889648, 140.050003, 12661.342773> ... Lifespan: Set to 120 minutes.
[AirdropContainerFall] Loot Spawned [8] TTC_Beowulf @ <12209.577148, 140.050003, 12658.379883> ... Lifespan: Set to 120 minutes.
[AirdropContainerFall] Loot Spawned [9] TTC_Ammo_50Beo @ <12208.125977, 140.050003, 12658.544922> ... Lifespan: Set to 120 minutes.
[AirdropContainerFall] Loot Spawned [10] TTC_AmmoBox_50Beo_20rnd @ <12210.684570, 140.050003, 12657.550781> ... Lifespan: Set to 120 minutes.
[AirdropContainerFall] Loot Spawned [11] TWP_BerettaPX4_mag_17Rnd @ <12208.925781, 140.050003, 12657.256836> ... Lifespan: Set to 120 minutes.
[AirdropContainerFall] Loot Spawned [12] Vodka @ <12209.543945, 140.050003, 12657.855469> ... Lifespan: Set to 120 minutes.
[AirdropContainerFall] Loot Spawned [13] Mag_AKM_30Rnd @ <12209.364258, 140.050003, 12658.541016> ... Lifespan: Set to 120 minutes.
[AirdropContainerFall] Loot Spawned [14] Vodka @ <12208.443359, 140.050003, 12659.155273> ... Lifespan: Set to 120 minutes.
[AirdropContainerFall] Loot Spawned [15] TTC_R700 @ <12212.491211, 140.050003, 12658.801758> ... Lifespan: Set to 120 minutes.
[AirdropContainerFall] Loot Spawned [16] AKM @ <12208.391602, 140.050003, 12660.874023> ... Lifespan: Set to 120 minutes.
[AirdropContainerFall] Loot Spawned [17] TTC_Beowulf @ <12209.221680, 140.050003, 12656.934570> ... Lifespan: Set to 120 minutes.
[AirdropContainerFall] Loot Spawned [18] TWP_BerettaPX4_mag_17Rnd @ <12207.957031, 140.050003, 12657.636719> ... Lifespan: Set to 120 minutes.
[AirdropContainerFall] Loot Spawned [19] TTC_Ammo_50Beo @ <12209.812500, 140.050003, 12657.221680> ... Lifespan: Set to 120 minutes.
[AirdropContainerFall] Loot Spawned [20] TTC_Buttstock3 @ <12211.022461, 140.050003, 12661.747070> ... Lifespan: Set to 120 minutes.
[AirdropContainerFall] Loot Spawned [21] TTC_Buttstock3 @ <12208.038086, 140.050003, 12658.798828> ... Lifespan: Set to 120 minutes.
[AirdropContainerFall] Loot Spawned [22] AKM @ <12211.629883, 140.050003, 12658.157227> ... Lifespan: Set to 120 minutes.
[AirdropContainerFall] Loot Spawned [23] TWP_BerettaPX4_mag_17Rnd @ <12208.133789, 140.050003, 12659.708008> ... Lifespan: Set to 120 minutes.
[AirdropContainerFall] Loot Spawned [24] TWP_BerettaPX4 @ <12208.358398, 140.050003, 12659.555664> ... Lifespan: Set to 120 minutes.
[AirdropContainerFall] Loot Spawned [25] TWP_BerettaPX4_mag_17Rnd @ <12208.974609, 140.050003, 12660.596680> ... Lifespan: Set to 120 minutes.
[AirdropContainerFall] Loot Spawned [26] TTC_Beowulf @ <12209.078125, 140.050003, 12659.416992> ... Lifespan: Set to 120 minutes.
[AirdropContainerFall] Loot Spawned [27] AKM @ <12208.437500, 140.050003, 12658.569336> ... Lifespan: Set to 120 minutes.
[AirdropContainerFall] Loot Spawned [28] Mag_AKM_30Rnd @ <12207.377930, 140.050003, 12660.031250> ... Lifespan: Set to 120 minutes.
[AirdropContainerFall] Loot Spawned [29] Vodka @ <12211.438477, 140.050003, 12659.416992> ... Lifespan: Set to 120 minutes.
[AirdropContainerFall] Loot Spawned [30] TTC_R700 @ <12212.944336, 140.050003, 12660.119141> ... Lifespan: Set to 120 minutes.
[AirdropContainerUnstuck] Container was unstuck.
[~AirdropContainerBase] Container Destroyed on 2021-03-19 @ 01-05-40
