[AirdropPlane] Aircraft created on 2021-03-17 @ 01-50-17
[InitializeAircraft] Aircraft Initialized: Stary Sobor @ 5823/7764 (true)
[EOnBeforeDrop] The Aircraft is 1 Km from Stary Sobor. @ <5774.895508, 368.703247, 6265.530762>
[EOnDrop] Zombie Spawned [1] ZmbM_HikerSkinny_Green @ <5783.703125, 318.832642, 7645.093262> ... Lifespan:  Set to 120 minutes.
[EOnDrop] Zombie Spawned [2] ZmbF_VillagerOld_Red @ <5857.468262, 317.321716, 7679.796875> ... Lifespan:  Set to 120 minutes.
[EOnDrop] Zombie Spawned [3] ZmbF_HikerSkinny_Grey @ <5814.032715, 319.825287, 7704.042480> ... Lifespan:  Set to 120 minutes.
[EOnDrop] Zombie Spawned [4] ZmbM_FarmerFat_Beige @ <5820.540527, 319.483704, 7682.769531> ... Lifespan:  Set to 120 minutes.
[EOnDrop] Zombie Spawned [5] ZmbM_HunterOld_Winter @ <5820.643066, 319.255768, 7671.689453> ... Lifespan:  Set to 120 minutes.
[EOnDrop] Zombie Spawned [6] ZmbF_SurvivorNormal_White @ <5814.090820, 319.604828, 7674.186035> ... Lifespan:  Set to 120 minutes.
[EOnDrop] Zombie Spawned [7] ZmbM_VillagerOld_Blue @ <5827.324707, 318.689880, 7662.718750> ... Lifespan:  Set to 120 minutes.
[EOnDrop] Spawn failed for zombie [8] 'ZmbM_SurvivorDean_Grey', it does not exist in DayZ!
[EOnDrop] Zombie Spawned [9] ZmbM_HikerSkinny_Green @ <5795.346680, 320.258179, 7677.628906> ... Lifespan:  Set to 120 minutes.
[EOnDrop] Zombie Spawned [10] ZmbF_SurvivorNormal_Red @ <5793.928223, 320.493561, 7686.348633> ... Lifespan:  Set to 120 minutes.
[EOnDrop] Zombie Spawned [11] ZmbM_HikerSkinny_Green @ <5812.938965, 319.589386, 7671.825195> ... Lifespan:  Set to 120 minutes.
[EOnDrop] Zombie Spawned [12] ZmbF_VillagerOld_Red @ <5796.393555, 319.864838, 7666.555176> ... Lifespan:  Set to 120 minutes.
[EOnDrop] Zombie Spawned [13] ZmbM_HermitSkinny_Green @ <5834.159668, 318.755920, 7704.315918> ... Lifespan:  Set to 120 minutes.
[EOnDrop] Zombie Spawned [14] ZmbF_SurvivorNormal_Red @ <5834.075195, 317.907410, 7630.691895> ... Lifespan:  Set to 120 minutes.
[EOnDrop] Zombie Spawned [15] ZmbF_SurvivorNormal_Red @ <5803.943848, 319.327118, 7657.127441> ... Lifespan:  Set to 120 minutes.
[EOnDrop] Zombie Spawned [16] ZmbM_HikerSkinny_Blue @ <5788.677734, 320.632599, 7698.007324> ... Lifespan:  Set to 120 minutes.
[EOnDrop] Zombie Spawned [17] ZmbF_HikerSkinny_Green @ <5804.826172, 319.722778, 7719.364258> ... Lifespan:  Set to 120 minutes.
[EOnDrop] Zombie Spawned [18] ZmbF_SurvivorNormal_Blue @ <5846.547363, 317.798706, 7645.667480> ... Lifespan:  Set to 120 minutes.
[EOnDrop] Zombie Spawned [19] ZmbM_HikerSkinny_Blue @ <5807.711426, 320.141846, 7702.077148> ... Lifespan:  Set to 120 minutes.
[EOnDrop] Zombie Spawned [20] ZmbM_HunterOld_Winter @ <5839.197754, 318.421936, 7683.821289> ... Lifespan:  Set to 120 minutes.
[EOnDrop] Zombie Spawned [21] ZmbF_VillagerOld_Blue @ <5850.136719, 317.721680, 7681.679688> ... Lifespan:  Set to 120 minutes.
[EOnDrop] Zombie Spawned [22] ZmbF_SurvivorNormal_Orange @ <5792.809082, 320.068787, 7671.423340> ... Lifespan:  Set to 120 minutes.
[EOnDrop] Zombie Spawned [23] ZmbF_VillagerOld_White @ <5815.537598, 318.911255, 7726.564941> ... Lifespan:  Set to 120 minutes.
[EOnDrop] Zombie Spawned [24] ZmbF_MilkMaidOld_Black @ <5829.421387, 318.891357, 7676.193359> ... Lifespan:  Set to 120 minutes.
[EOnDrop] Zombie Spawned [25] ZmbF_VillagerOld_Blue @ <5845.852051, 317.794434, 7651.036621> ... Lifespan:  Set to 120 minutes.
[EOnDrop] Zombie Spawned [26] ZmbF_HikerSkinny_Green @ <5820.922852, 318.878082, 7659.715332> ... Lifespan:  Set to 120 minutes.
[EOnDrop] Zombie Spawned [27] ZmbF_VillagerOld_White @ <5816.534668, 319.669006, 7681.840332> ... Lifespan:  Set to 120 minutes.
[EOnDrop] Zombie Spawned [28] ZmbM_VillagerOld_White @ <5810.822266, 319.725403, 7673.617188> ... Lifespan:  Set to 120 minutes.
[EOnDrop] Zombie Spawned [29] ZmbF_SurvivorNormal_White @ <5805.891602, 320.139557, 7682.676270> ... Lifespan:  Set to 120 minutes.
[EOnDrop] Zombie Spawned [30] ZmbM_HermitSkinny_Beige @ <5824.562012, 319.342346, 7698.422852> ... Lifespan:  Set to 120 minutes.
[EOnDrop] Zombie Spawned [31] ZmbM_VillagerOld_White @ <5820.824219, 319.518585, 7686.940430> ... Lifespan:  Set to 120 minutes.
[EOnDrop] Zombie Spawned [32] ZmbF_HikerSkinny_Green @ <5787.861816, 318.893738, 7645.557129> ... Lifespan:  Set to 120 minutes.
[EOnDrop] Zombie Spawned [33] ZmbF_VillagerOld_White @ <5824.963867, 319.101685, 7674.405762> ... Lifespan:  Set to 120 minutes.
[EOnDrop] Zombie Spawned [34] ZmbF_VillagerOld_Red @ <5823.261719, 319.079742, 7669.935059> ... Lifespan:  Set to 120 minutes.
[EOnDrop] Zombie Spawned [35] ZmbM_HunterOld_Spring @ <5837.759766, 318.565430, 7693.399902> ... Lifespan:  Set to 120 minutes.
[EOnDrop] Zombie Spawned [36] ZmbF_MilkMaidOld_Grey @ <5838.329102, 318.461334, 7707.497070> ... Lifespan:  Set to 120 minutes.
[EOnDrop] Zombie Spawned [37] ZmbF_VillagerOld_Blue @ <5832.272461, 318.518188, 7665.286133> ... Lifespan:  Set to 120 minutes.
[EOnDrop] Zombie Spawned [38] ZmbM_MotobikerFat_Blue @ <5779.517578, 319.887970, 7668.391113> ... Lifespan:  Set to 120 minutes.
[EOnDrop] Zombie Spawned [39] ZmbF_MilkMaidOld_Beige @ <5813.953125, 319.298889, 7719.777344> ... Lifespan:  Set to 120 minutes.
[EOnDrop] Zombie Spawned [40] ZmbF_HikerSkinny_Red @ <5841.116211, 318.041870, 7661.101074> ... Lifespan:  Set to 120 minutes.
[EOnDrop] Drop spawned with 40 infected at <5819.215820, 455.472626, 7676.989746>.
[EOnDrop] Supplies have been dropped near Stary Sobor.
[EOnBeforeDelete] Aircraft despawned @ <6091.979492, 581.509644, 16361.563477>
[~AirdropPlane] Aircraft destroyed.
