[AirdropPlane] Aircraft created on 2021-04-11 @ 00-08-20
[InitializeAircraft] Aircraft Initialized: Elektrozavodsk @ 9371/2229 (true)
[EOnBeforeDrop] The Aircraft is 1 Km from Elektrozavodsk. @ <8265.631836, 163.351578, 3240.832031>
[EOnDrop] Zombie Spawned [1] ZmbM_ParamedicNormal_Black @ <9314.984375, 40.166061, 2253.333496> ... Lifespan:  Set to 120 minutes.
[EOnDrop] Zombie Spawned [2] ZmbF_PatientOld @ <9329.713867, 50.523148, 2303.510254> ... Lifespan:  Set to 120 minutes.
[EOnDrop] Zombie Spawned [3] ZmbF_CitizenANormal_Brown @ <9305.591797, 44.044788, 2277.119629> ... Lifespan:  Set to 120 minutes.
[EOnDrop] Zombie Spawned [4] ZmbF_JournalistNormal_Green @ <9327.445313, 41.384476, 2259.411377> ... Lifespan:  Set to 120 minutes.
[EOnDrop] Zombie Spawned [5] ZmbM_PatrolNormal_PautRev @ <9294.849609, 41.356392, 2265.336670> ... Lifespan:  Set to 120 minutes.
[EOnDrop] Zombie Spawned [6] ZmbF_ShortSkirt_black @ <9285.960938, 38.718388, 2252.457764> ... Lifespan:  Set to 120 minutes.
[EOnDrop] Zombie Spawned [7] ZmbM_ClerkFat_Brown @ <9313.982422, 38.317490, 2242.864746> ... Lifespan:  Set to 120 minutes.
[EOnDrop] Zombie Spawned [8] ZmbM_ClerkFat_Grey @ <9281.521484, 40.094837, 2262.779297> ... Lifespan:  Set to 120 minutes.
[EOnDrop] Zombie Spawned [9] ZmbF_DoctorSkinny @ <9268.866211, 39.215305, 2263.016846> ... Lifespan:  Set to 120 minutes.
[EOnDrop] Zombie Spawned [10] ZmbF_ParamedicNormal_Green @ <9296.234375, 50.909939, 2313.174072> ... Lifespan:  Set to 120 minutes.
[EOnDrop] Zombie Spawned [11] ZmbM_Jacket_blue @ <9316.786133, 43.766479, 2273.981201> ... Lifespan:  Set to 120 minutes.
[EOnDrop] Zombie Spawned [12] ZmbM_ClerkFat_White @ <9301.848633, 42.460567, 2269.435059> ... Lifespan:  Set to 120 minutes.
[EOnDrop] Zombie Spawned [13] ZmbF_Clerk_Normal_White @ <9334.881836, 43.413006, 2267.351318> ... Lifespan:  Set to 120 minutes.
[EOnDrop] Zombie Spawned [14] ZmbF_CitizenANormal_Brown @ <9314.940430, 37.656342, 2238.938232> ... Lifespan:  Set to 120 minutes.
[EOnDrop] Zombie Spawned [15] ZmbF_JoggerSkinny_Brown @ <9332.924805, 39.875389, 2248.901855> ... Lifespan:  Set to 120 minutes.
[EOnDrop] Zombie Spawned [16] ZmbF_JournalistNormal_Green @ <9282.264648, 40.348331, 2263.973145> ... Lifespan:  Set to 120 minutes.
[EOnDrop] Zombie Spawned [17] ZmbM_Jacket_brown @ <9288.017578, 37.535526, 2244.700195> ... Lifespan:  Set to 120 minutes.
[EOnDrop] Zombie Spawned [18] ZmbF_PoliceWomanNormal @ <9339.564453, 51.734463, 2307.182373> ... Lifespan:  Set to 120 minutes.
[EOnDrop] Zombie Spawned [19] ZmbF_JoggerSkinny_Blue @ <9279.901367, 39.729038, 2261.254395> ... Lifespan:  Set to 120 minutes.
[EOnDrop] Zombie Spawned [20] ZmbF_ParamedicNormal_Red @ <9325.919922, 38.239616, 2240.884033> ... Lifespan:  Set to 120 minutes.
[EOnDrop] Spawn failed for zombie [21] 'ZmbM_JacketNormal_greenchecks', it does not exist in DayZ!
[EOnDrop] Zombie Spawned [22] ZmbM_PatrolNormal_Summer @ <9332.049805, 45.631783, 2279.781006> ... Lifespan:  Set to 120 minutes.
[EOnDrop] Zombie Spawned [23] ZmbF_Clerk_Normal_Red @ <9280.799805, 48.069405, 2302.486572> ... Lifespan:  Set to 120 minutes.
[EOnDrop] Zombie Spawned [24] ZmbF_ShortSkirt_grey @ <9300.436523, 53.079723, 2320.387207> ... Lifespan:  Set to 120 minutes.
[EOnDrop] Zombie Spawned [25] ZmbF_ShortSkirt_yellow @ <9327.498047, 48.749981, 2295.868896> ... Lifespan:  Set to 120 minutes.
[EOnDrop] Zombie Spawned [26] ZmbM_ClerkFat_Brown @ <9305.491211, 54.256386, 2325.511475> ... Lifespan:  Set to 120 minutes.
[EOnDrop] Zombie Spawned [27] ZmbF_Clerk_Normal_Blue @ <9326.087891, 44.988132, 2277.577637> ... Lifespan:  Set to 120 minutes.
[EOnDrop] Zombie Spawned [28] ZmbM_CommercialPilotOld_Blue @ <9313.091797, 41.639160, 2262.072754> ... Lifespan:  Set to 120 minutes.
[EOnDrop] Zombie Spawned [29] ZmbM_Jacket_blue @ <9296.108398, 44.621891, 2282.437256> ... Lifespan:  Set to 120 minutes.
[EOnDrop] Zombie Spawned [30] ZmbM_CitizenBFat_Green @ <9284.103516, 39.207523, 2256.240234> ... Lifespan:  Set to 120 minutes.
[EOnDrop] Zombie Spawned [31] ZmbF_CitizenANormal_Brown @ <9299.058594, 47.745613, 2296.980957> ... Lifespan:  Set to 120 minutes.
[EOnDrop] Zombie Spawned [32] ZmbM_SkaterYoung_Grey @ <9318.952148, 43.350243, 2271.410156> ... Lifespan:  Set to 120 minutes.
[EOnDrop] Zombie Spawned [33] ZmbM_Jacket_khaki @ <9267.125977, 39.894203, 2267.864990> ... Lifespan:  Set to 120 minutes.
[EOnDrop] Zombie Spawned [34] ZmbM_JoggerSkinny_Green @ <9286.057617, 40.667629, 2264.299072> ... Lifespan:  Set to 120 minutes.
[EOnDrop] Zombie Spawned [35] ZmbF_ShortSkirt_red @ <9308.427734, 38.519440, 2245.158447> ... Lifespan:  Set to 120 minutes.
[EOnDrop] Zombie Spawned [36] ZmbM_Jacket_greenchecks @ <9292.756836, 46.221588, 2291.102539> ... Lifespan:  Set to 120 minutes.
[EOnDrop] Zombie Spawned [37] ZmbF_ShortSkirt_grey @ <9321.220703, 42.941097, 2269.287354> ... Lifespan:  Set to 120 minutes.
[EOnDrop] Zombie Spawned [38] ZmbF_ShortSkirt_red @ <9328.743164, 41.356087, 2259.067627> ... Lifespan:  Set to 120 minutes.
[EOnDrop] Zombie Spawned [39] ZmbM_CitizenBFat_Blue @ <9335.941406, 43.471447, 2267.488770> ... Lifespan:  Set to 120 minutes.
[EOnDrop] Zombie Spawned [40] ZmbF_SkaterYoung_Striped @ <9292.899414, 43.816200, 2279.180420> ... Lifespan:  Set to 120 minutes.
[EOnDrop] Drop spawned with 40 infected at <9315.696289, 197.070633, 2279.414063>.
[EOnDrop] Supplies have been dropped near Elektrozavodsk.
[EOnBeforeDelete] Aircraft despawned @ <12898.436523, 152.000610, -1000.866577>
[~AirdropPlane] Aircraft destroyed.
