[InitializeContainer] Container created on 2021-04-02 @ 02-12-27
[InitializeContainer] Winds: Vector <11.342120, 0.000000, 2.295736>, Speed 11.5721mps, Strength 0.1
[AirdropContainerFall] Drop Type 'Food/Medical', Container: 'AirdropContainer_Medical', Mode/Quantity/Iems: Random/20/11, Flare:  10%
[AirdropContainerFall] Loot Spawned [1] SpaghettiCan @ <13463.387695, 36.249210, 3201.471680> ... Lifespan: Set to 120 minutes.
[AirdropContainerFall] Loot Spawned [2] ToxicM18SmokeGrenade_Purple @ <13462.479492, 38.758984, 3206.353516> ... Lifespan: Set to 120 minutes.
[AirdropContainerFall] Loot Spawned [3] TacticalBaconCan @ <13465.705078, 37.727833, 3205.199219> ... Lifespan: Set to 120 minutes.
[AirdropContainerFall] Loot Spawned [4] ToxicM18SmokeGrenade_Purple @ <13463.706055, 38.184437, 3205.508545> ... Lifespan: Set to 120 minutes.
[AirdropContainerFall] Loot Spawned [5] ToxicCure @ <13464.750000, 37.191891, 3203.673584> ... Lifespan: Set to 120 minutes.
[AirdropContainerFall] Loot Spawned [6] TunaCan @ <13462.269531, 38.923061, 3206.665527> ... Lifespan: Set to 120 minutes.
[AirdropContainerFall] Loot Spawned [7] Canteen @ <13461.803711, 38.496433, 3205.603027> ... Lifespan: Set to 120 minutes.
[AirdropContainerFall] Loot Spawned [8] SpaghettiCan @ <13464.457031, 36.493523, 3202.134277> ... Lifespan: Set to 120 minutes.
[AirdropContainerFall] Loot Spawned [9] ToxicCure @ <13461.657227, 38.397518, 3205.347168> ... Lifespan: Set to 120 minutes.
[AirdropContainerFall] Loot Spawned [10] SpaghettiCan @ <13463.392578, 36.370979, 3201.641113> ... Lifespan: Set to 120 minutes.
[AirdropContainerFall] Loot Spawned [11] ToxicCure @ <13465.328125, 37.611088, 3204.807373> ... Lifespan: Set to 120 minutes.
[AirdropContainerFall] Loot Spawned [12] Canteen @ <13463.446289, 38.110271, 3205.252441> ... Lifespan: Set to 120 minutes.
[AirdropContainerFall] Loot Spawned [13] TacticalBaconCan @ <13461.444336, 37.618702, 3203.566162> ... Lifespan: Set to 120 minutes.
[AirdropContainerFall] Loot Spawned [14] VitaminBottle @ <13461.514648, 36.594051, 3201.683838> ... Lifespan: Set to 120 minutes.
[AirdropContainerFall] Loot Spawned [15] PeachesCan @ <13460.989258, 37.552299, 3203.156982> ... Lifespan: Set to 120 minutes.
[AirdropContainerFall] Loot Spawned [16] ToxicM18SmokeGrenade_Red @ <13464.675781, 36.767029, 3202.704590> ... Lifespan: Set to 120 minutes.
[AirdropContainerFall] Loot Spawned [17] ToxicM18SmokeGrenade_Green @ <13465.196289, 37.190937, 3203.828613> ... Lifespan: Set to 120 minutes.
[AirdropContainerFall] Loot Spawned [18] SpaghettiCan @ <13462.830078, 38.560806, 3206.035156> ... Lifespan: Set to 120 minutes.
[AirdropContainerFall] Loot Spawned [19] Canteen @ <13461.288086, 37.628986, 3203.516113> ... Lifespan: Set to 120 minutes.
[AirdropContainerFall] Loot Spawned [20] VitaminBottle @ <13460.736328, 38.587833, 3205.540527> ... Lifespan: Set to 120 minutes.
[AirdropContainerUnstuck] Container was unstuck.
[~AirdropContainerBase] Container Destroyed on 2021-04-02 @ 03-12-27
