[AirdropPlane] Aircraft created on 2021-02-06 @ 01-05-18
[InitializeAircraft] Aircraft Initialized: Skalisty Island @ 13452/3112 (true)
[EOnBeforeDrop] The Aircraft is 1 Km from Skalisty Island. @ <14067.527344, 152.000610, 4479.049805>
[EOnDrop] Spawn failed for zombie [1] 'ZmbM_SurvivorDean_Blue', it does not exist in DayZ!
[EOnDrop] Zombie Spawned [2] ZmbF_VillagerOld_Green @ <13445.044922, 44.167511, 3209.024902> ... Lifespan:  Set to 120 minutes.
[EOnDrop] Zombie Spawned [3] ZmbF_MilkMaidOld_Black @ <13470.489258, 31.885063, 3184.969727> ... Lifespan:  Set to 120 minutes.
[EOnDrop] Zombie Spawned [4] ZmbM_priestPopSkinny @ <13467.570313, 42.756996, 3213.270264> ... Lifespan:  Set to 120 minutes.
[EOnDrop] Zombie Spawned [5] ZmbF_MilkMaidOld_Grey @ <13487.422852, 34.929970, 3194.738037> ... Lifespan:  Set to 120 minutes.
[EOnDrop] Spawn failed for zombie [6] 'ZmbM_SurvivorDean_Blue', it does not exist in DayZ!
[EOnDrop] Zombie Spawned [7] ZmbF_VillagerOld_Blue @ <13516.541016, 40.032711, 3179.604492> ... Lifespan:  Set to 120 minutes.
[EOnDrop] Zombie Spawned [8] ZmbF_MilkMaidOld_Beige @ <13494.261719, 31.725206, 3171.112549> ... Lifespan:  Set to 120 minutes.
[EOnDrop] Zombie Spawned [9] ZmbM_HermitSkinny_Green @ <13472.922852, 32.181152, 3191.960205> ... Lifespan:  Set to 120 minutes.
[EOnDrop] Zombie Spawned [10] ZmbM_VillagerOld_White @ <13489.349609, 28.985970, 3162.049805> ... Lifespan:  Set to 120 minutes.
[EOnDrop] Zombie Spawned [11] ZmbF_MilkMaidOld_Grey @ <13489.120117, 48.705109, 3225.990479> ... Lifespan:  Set to 120 minutes.
[EOnDrop] Zombie Spawned [12] ZmbF_HikerSkinny_Red @ <13433.137695, 32.656918, 3177.137695> ... Lifespan:  Set to 120 minutes.
[EOnDrop] Zombie Spawned [13] ZmbM_HermitSkinny_Green @ <13475.565430, 31.789137, 3174.444092> ... Lifespan:  Set to 120 minutes.
[EOnDrop] Zombie Spawned [14] ZmbF_MilkMaidOld_Green @ <13492.572266, 34.289364, 3178.662842> ... Lifespan:  Set to 120 minutes.
[EOnDrop] Zombie Spawned [15] ZmbM_HikerSkinny_Green @ <13481.643555, 28.179115, 3159.449707> ... Lifespan:  Set to 120 minutes.
[EOnDrop] Drop spawned with 15 infected at <13482.316406, 180.186920, 3181.063477>.
[EOnDrop] Supplies have been dropped near Skalisty Island.
[EOnBeforeDelete] Aircraft despawned @ <11596.636719, 152.000610, -1001.320068>
[~AirdropPlane] Aircraft destroyed.
