[AirdropPlane] Aircraft created on 2021-02-18 @ 05-04-11
[InitializeAircraft] Aircraft Initialized: Stary Sobor @ 5823/7764 (true)
[EOnBeforeDrop] The Aircraft is 1 Km from Stary Sobor. @ <4324.838867, 450.844604, 7695.821777>
[EOnDrop] Zombie Spawned [1] ZmbM_HunterOld_Winter @ <5711.327637, 319.048798, 7767.942383> ... Lifespan:  Set to 120 minutes.
[EOnDrop] Zombie Spawned [2] ZmbF_VillagerOld_White @ <5722.036133, 319.787750, 7724.531250> ... Lifespan:  Set to 120 minutes.
[EOnDrop] Zombie Spawned [3] ZmbM_MotobikerFat_Blue @ <5744.180664, 320.256989, 7757.870117> ... Lifespan:  Set to 120 minutes.
[EOnDrop] Zombie Spawned [4] ZmbM_FarmerFat_Beige @ <5763.659668, 320.296814, 7755.928223> ... Lifespan:  Set to 120 minutes.
[EOnDrop] Zombie Spawned [5] ZmbM_HunterOld_Summer @ <5758.768066, 320.523376, 7744.994141> ... Lifespan:  Set to 120 minutes.
[EOnDrop] Spawn failed for zombie [6] 'ZmbM_SurvivorDean_Black', it does not exist in DayZ!
[EOnDrop] Zombie Spawned [7] ZmbM_HunterOld_Spring @ <5759.094238, 320.385498, 7754.884766> ... Lifespan:  Set to 120 minutes.
[EOnDrop] Zombie Spawned [8] ZmbF_SurvivorNormal_Orange @ <5740.268066, 319.924286, 7802.871094> ... Lifespan:  Set to 120 minutes.
[EOnDrop] Zombie Spawned [9] ZmbF_HikerSkinny_Red @ <5743.348145, 320.323029, 7749.355469> ... Lifespan:  Set to 120 minutes.
[EOnDrop] Zombie Spawned [10] ZmbF_VillagerOld_Blue @ <5745.629883, 320.221069, 7762.969727> ... Lifespan:  Set to 120 minutes.
[EOnDrop] Zombie Spawned [11] ZmbF_HikerSkinny_Blue @ <5762.071289, 320.672119, 7723.021973> ... Lifespan:  Set to 120 minutes.
[EOnDrop] Zombie Spawned [12] ZmbM_FarmerFat_Blue @ <5775.741699, 319.974091, 7752.595703> ... Lifespan:  Set to 120 minutes.
[EOnDrop] Zombie Spawned [13] ZmbF_SurvivorNormal_White @ <5770.908691, 320.001740, 7759.632324> ... Lifespan:  Set to 120 minutes.
[EOnDrop] Zombie Spawned [14] ZmbF_HikerSkinny_Red @ <5732.746094, 319.984802, 7753.581543> ... Lifespan:  Set to 120 minutes.
[EOnDrop] Zombie Spawned [15] ZmbF_MilkMaidOld_Black @ <5739.884277, 320.062592, 7766.942871> ... Lifespan:  Set to 120 minutes.
[EOnDrop] Zombie Spawned [16] ZmbF_SurvivorNormal_Red @ <5734.433594, 319.832916, 7779.508301> ... Lifespan:  Set to 120 minutes.
[EOnDrop] Zombie Spawned [17] ZmbM_HunterOld_Spring @ <5753.556152, 320.604523, 7730.103027> ... Lifespan:  Set to 120 minutes.
[EOnDrop] Zombie Spawned [18] ZmbF_SurvivorNormal_Red @ <5747.663086, 320.367676, 7753.154297> ... Lifespan:  Set to 120 minutes.
[EOnDrop] Zombie Spawned [19] ZmbF_SurvivorNormal_Orange @ <5752.063477, 319.957703, 7799.282227> ... Lifespan:  Set to 120 minutes.
[EOnDrop] Zombie Spawned [20] ZmbF_MilkMaidOld_Grey @ <5735.871094, 320.192444, 7725.451660> ... Lifespan:  Set to 120 minutes.
[EOnDrop] Zombie Spawned [21] ZmbM_VillagerOld_White @ <5721.268555, 319.622009, 7749.164551> ... Lifespan:  Set to 120 minutes.
[EOnDrop] Zombie Spawned [22] ZmbF_MilkMaidOld_Green @ <5761.533691, 320.510040, 7744.890137> ... Lifespan:  Set to 120 minutes.
[EOnDrop] Zombie Spawned [23] ZmbM_FarmerFat_Green @ <5745.755859, 320.203979, 7764.506836> ... Lifespan:  Set to 120 minutes.
[EOnDrop] Zombie Spawned [24] ZmbM_VillagerOld_White @ <5753.282227, 319.984344, 7789.680664> ... Lifespan:  Set to 120 minutes.
[EOnDrop] Zombie Spawned [25] ZmbM_MotobikerFat_Blue @ <5726.663574, 319.708313, 7759.096680> ... Lifespan:  Set to 120 minutes.
[EOnDrop] Zombie Spawned [26] ZmbM_HermitSkinny_Black @ <5720.654297, 319.736450, 7727.477539> ... Lifespan:  Set to 120 minutes.
[EOnDrop] Zombie Spawned [27] ZmbF_MilkMaidOld_Grey @ <5739.945801, 320.315948, 7740.345703> ... Lifespan:  Set to 120 minutes.
[EOnDrop] Zombie Spawned [28] ZmbM_MotobikerFat_Blue @ <5769.266602, 320.019653, 7761.604004> ... Lifespan:  Set to 120 minutes.
[EOnDrop] Zombie Spawned [29] ZmbF_SurvivorNormal_Orange @ <5751.445313, 320.534485, 7741.997070> ... Lifespan:  Set to 120 minutes.
[EOnDrop] Zombie Spawned [30] ZmbM_HermitSkinny_Red @ <5741.868652, 320.008514, 7776.303711> ... Lifespan:  Set to 120 minutes.
[EOnDrop] Zombie Spawned [31] ZmbF_HikerSkinny_Blue @ <5722.046387, 319.697815, 7746.329590> ... Lifespan:  Set to 120 minutes.
[EOnDrop] Zombie Spawned [32] ZmbM_HermitSkinny_Black @ <5741.006348, 320.089447, 7766.723145> ... Lifespan:  Set to 120 minutes.
[EOnDrop] Zombie Spawned [33] ZmbM_HermitSkinny_Black @ <5780.327637, 319.841797, 7749.445313> ... Lifespan:  Set to 120 minutes.
[EOnDrop] Zombie Spawned [34] ZmbF_SurvivorNormal_Blue @ <5755.294434, 320.576691, 7718.284668> ... Lifespan:  Set to 120 minutes.
[EOnDrop] Zombie Spawned [35] ZmbM_priestPopSkinny @ <5750.444336, 320.510468, 7719.328613> ... Lifespan:  Set to 120 minutes.
[EOnDrop] Zombie Spawned [36] ZmbM_HermitSkinny_Green @ <5718.517578, 319.416595, 7755.545410> ... Lifespan:  Set to 120 minutes.
[EOnDrop] Zombie Spawned [37] ZmbM_HermitSkinny_Black @ <5709.394531, 319.004364, 7754.629883> ... Lifespan:  Set to 120 minutes.
[EOnDrop] Zombie Spawned [38] ZmbF_HikerSkinny_Blue @ <5768.580566, 320.293579, 7750.200195> ... Lifespan:  Set to 120 minutes.
[EOnDrop] Zombie Spawned [39] ZmbM_HunterOld_Summer @ <5731.763672, 319.766357, 7799.731445> ... Lifespan:  Set to 120 minutes.
[EOnDrop] Zombie Spawned [40] ZmbF_SurvivorNormal_Red @ <5725.899902, 319.756866, 7751.799316> ... Lifespan:  Set to 120 minutes.
[EOnDrop] Drop spawned with 40 infected at <5739.437500, 459.042267, 7760.333496>.
[EOnDrop] Supplies have been dropped near Stary Sobor.
[EOnBeforeDelete] Aircraft despawned @ <16360.347656, 152.000610, 8244.786133>
[~AirdropPlane] Aircraft destroyed.
