[InitializeContainer] Container created on 2021-03-27 @ 01-09-10
[InitializeContainer] Winds: Vector <5.050961, 0.000000, -6.660141>, Speed 8.35881mps, Strength 0.1
[AirdropContainerFall] Drop Type 'Military Weapons', Container: 'AirdropContainer', Mode/Quantity/Iems: Random/30/14, Flare:  10%
[AirdropContainerFall] Loot Spawned [1] Vodka @ <7428.817383, 312.825775, 7648.086426> ... Lifespan: Set to 120 minutes.
[AirdropContainerFall] Loot Spawned [2] Mag_AKM_30Rnd @ <7426.590820, 312.550201, 7647.536621> ... Lifespan: Set to 120 minutes.
[AirdropContainerFall] Loot Spawned [3] TTC_Ammo_50Beo @ <7426.494629, 312.586517, 7648.024414> ... Lifespan: Set to 120 minutes.
[AirdropContainerFall] Loot Spawned [4] TWP_BerettaPX4 @ <7423.711426, 312.252899, 7648.280762> ... Lifespan: Set to 120 minutes.
[AirdropContainerFall] Loot Spawned [5] TWP_BerettaPX4 @ <7424.652344, 312.479736, 7649.100098> ... Lifespan: Set to 120 minutes.
[AirdropContainerFall] Loot Spawned [6] TWP_BerettaPX4_mag_17Rnd @ <7423.938477, 312.366302, 7649.098145> ... Lifespan: Set to 120 minutes.
[AirdropContainerFall] Loot Spawned [7] TTC_Ammo_50Beo @ <7425.772949, 312.861023, 7651.636719> ... Lifespan: Set to 120 minutes.
[AirdropContainerFall] Loot Spawned [8] Vodka @ <7425.035645, 312.332367, 7646.921875> ... Lifespan: Set to 120 minutes.
[AirdropContainerFall] Loot Spawned [9] TWP_BerettaPX4_mag_17Rnd @ <7424.143066, 312.234406, 7647.361816> ... Lifespan: Set to 120 minutes.
[AirdropContainerFall] Loot Spawned [10] Vodka @ <7426.208008, 312.967102, 7652.262207> ... Lifespan: Set to 120 minutes.
[AirdropContainerFall] Loot Spawned [11] BakedBeansCan @ <7425.229492, 312.847412, 7652.043945> ... Lifespan: Set to 120 minutes.
[AirdropContainerFall] Loot Spawned [12] TTC_R700 @ <7426.114746, 312.770782, 7650.392578> ... Lifespan: Set to 120 minutes.
[AirdropContainerFall] Loot Spawned [13] TWP_BerettaPX4_mag_17Rnd @ <7423.942871, 312.488983, 7650.224609> ... Lifespan: Set to 120 minutes.
[AirdropContainerFall] Loot Spawned [14] TTC_Ammo_50Beo @ <7425.455078, 312.443726, 7647.644043> ... Lifespan: Set to 120 minutes.
[AirdropContainerFall] Loot Spawned [15] TTC_50Beo_mag @ <7426.130371, 312.396027, 7646.407715> ... Lifespan: Set to 120 minutes.
[AirdropContainerFall] Loot Spawned [16] TWP_BerettaPX4_mag_17Rnd @ <7424.166504, 312.366486, 7648.718262> ... Lifespan: Set to 120 minutes.
[AirdropContainerFall] Loot Spawned [17] PowderedMilk @ <7425.218750, 312.771484, 7651.294922> ... Lifespan: Set to 120 minutes.
[AirdropContainerFall] Loot Spawned [18] TTC_Buttstock3 @ <7424.702637, 312.550751, 7649.766113> ... Lifespan: Set to 120 minutes.
[AirdropContainerFall] Loot Spawned [19] TTC_Buttstock3 @ <7426.595215, 312.488373, 7646.878418> ... Lifespan: Set to 120 minutes.
[AirdropContainerFall] Loot Spawned [20] TWP_BerettaPX4 @ <7426.472656, 312.888397, 7651.210449> ... Lifespan: Set to 120 minutes.
[AirdropContainerFall] Loot Spawned [21] BakedBeansCan @ <7428.038086, 312.678680, 7647.334473> ... Lifespan: Set to 120 minutes.
[AirdropContainerFall] Loot Spawned [22] TTC_Beowulf @ <7427.695801, 313.002228, 7651.125488> ... Lifespan: Set to 120 minutes.
[AirdropContainerFall] Loot Spawned [23] TWP_BerettaPX4 @ <7427.652344, 312.962463, 7650.771973> ... Lifespan: Set to 120 minutes.
[AirdropContainerFall] Loot Spawned [24] AKM @ <7424.924805, 312.561737, 7649.509277> ... Lifespan: Set to 120 minutes.
[AirdropContainerFall] Loot Spawned [25] AKM @ <7424.903320, 312.604706, 7649.999023> ... Lifespan: Set to 120 minutes.
[AirdropContainerFall] Loot Spawned [26] BakedBeansCan @ <7429.230469, 313.027100, 7649.826172> ... Lifespan: Set to 120 minutes.
[AirdropContainerFall] Loot Spawned [27] TTC_50Beo_mag @ <7427.241699, 312.744995, 7648.920898> ... Lifespan: Set to 120 minutes.
[AirdropContainerFall] Loot Spawned [28] TTC_50Beo_mag @ <7427.409180, 312.746124, 7648.751465> ... Lifespan: Set to 120 minutes.
[AirdropContainerFall] Loot Spawned [29] TTC_Ammo_50Beo @ <7425.434082, 312.526733, 7648.543457> ... Lifespan: Set to 120 minutes.
[AirdropContainerFall] Loot Spawned [30] TTC_R700 @ <7425.606934, 312.772095, 7650.913086> ... Lifespan: Set to 120 minutes.
[AirdropContainerUnstuck] Container was unstuck.
[~AirdropContainerBase] Container Destroyed on 2021-03-27 @ 02-09-10
