[AirdropPlane] Aircraft created on 2021-04-05 @ 01-15-36
[InitializeAircraft] Aircraft Initialized: Player Called @ 5916.76/4700.72 (false)
[EOnBeforeDrop] The Aircraft is 1 Km from called location. @ <4532.576660, 340.879150, 4127.434082>
[EOnDrop] Zombie Spawned [1] Animal_CanisLupus_Grey @ <5848.701172, 137.228394, 4673.261719> ... Lifespan:  Set to 120 minutes.
[EOnDrop] Zombie Spawned [2] ZmbM_MotobikerFat_Beige @ <5868.438477, 139.570313, 4643.982910> ... Lifespan:  Set to 120 minutes.
[EOnDrop] Zombie Spawned [3] ZmbM_FishermanOld_Green @ <5843.365234, 137.013031, 4676.313477> ... Lifespan:  Set to 120 minutes.
[EOnDrop] Zombie Spawned [4] ZmbM_PatrolNormal_Summer @ <5854.900391, 137.890442, 4669.614258> ... Lifespan:  Set to 120 minutes.
[EOnDrop] Zombie Spawned [5] Animal_CanisLupus_Grey @ <5831.637207, 136.290970, 4678.554199> ... Lifespan:  Set to 120 minutes.
[EOnDrop] Zombie Spawned [6] ZmbM_PatrolNormal_Flat @ <5846.235352, 137.613800, 4661.158203> ... Lifespan:  Set to 120 minutes.
[EOnDrop] Zombie Spawned [7] Animal_CanisLupus_White @ <5845.767090, 137.935074, 4657.872070> ... Lifespan:  Set to 120 minutes.
[EOnDrop] Zombie Spawned [8] ZmbM_SoldierNormal @ <5833.477539, 136.276703, 4639.470215> ... Lifespan:  Set to 120 minutes.
[EOnDrop] Zombie Spawned [9] ZmbF_NurseFat @ <5825.011230, 134.754593, 4676.827148> ... Lifespan:  Set to 120 minutes.
[EOnDrop] Zombie Spawned [10] ZmbM_FishermanOld_Blue @ <5876.084473, 139.787643, 4693.280273> ... Lifespan:  Set to 120 minutes.
[EOnDrop] Zombie Spawned [11] ZmbF_ShortSkirt_black @ <5837.381836, 137.012405, 4701.895508> ... Lifespan:  Set to 120 minutes.
[EOnDrop] Zombie Spawned [12] ZmbM_SoldierNormal @ <5854.712891, 138.138580, 4663.810059> ... Lifespan:  Set to 120 minutes.
[EOnDrop] Zombie Spawned [13] ZmbF_MechanicNormal_Beige @ <5811.701660, 130.625732, 4682.257813> ... Lifespan:  Set to 120 minutes.
[EOnDrop] Zombie Spawned [14] ZmbM_SoldierNormal @ <5810.935059, 129.733078, 4676.200684> ... Lifespan:  Set to 120 minutes.
[EOnDrop] Zombie Spawned [15] ZmbM_SoldierNormal @ <5858.467773, 138.612457, 4658.705566> ... Lifespan:  Set to 120 minutes.
[EOnDrop] Zombie Spawned [16] Animal_CanisLupus_Grey @ <5848.495605, 137.240448, 4701.176758> ... Lifespan:  Set to 120 minutes.
[EOnDrop] Zombie Spawned [17] ZmbM_PatrolNormal_Autumn @ <5880.564453, 140.537277, 4636.499512> ... Lifespan:  Set to 120 minutes.
[EOnDrop] Zombie Spawned [18] ZmbF_ShortSkirt_grey @ <5817.137207, 131.732666, 4674.947266> ... Lifespan:  Set to 120 minutes.
[EOnDrop] Zombie Spawned [19] ZmbM_HandymanNormal_Beige @ <5892.639648, 143.325333, 4680.060059> ... Lifespan:  Set to 120 minutes.
[EOnDrop] Zombie Spawned [20] Animal_CanisLupus_White @ <5799.642578, 124.814789, 4662.818848> ... Lifespan:  Set to 120 minutes.
[EOnDrop] Zombie Spawned [21] ZmbM_ParamedicNormal_Blue @ <5817.199219, 131.732574, 4659.123535> ... Lifespan:  Set to 120 minutes.
[EOnDrop] Zombie Spawned [22] ZmbM_ConstrWorkerNormal_Beige @ <5816.083984, 130.533463, 4648.901367> ... Lifespan:  Set to 120 minutes.
[EOnDrop] Zombie Spawned [23] ZmbM_PatrolNormal_Flat @ <5812.032715, 129.625977, 4662.090820> ... Lifespan:  Set to 120 minutes.
[EOnDrop] Zombie Spawned [24] ZmbM_FirefighterNormal @ <5816.240723, 133.589447, 4689.692383> ... Lifespan:  Set to 120 minutes.
[EOnDrop] Zombie Spawned [25] ZmbF_ParamedicNormal_Red @ <5879.717773, 138.485886, 4678.208984> ... Lifespan:  Set to 120 minutes.
[EOnDrop] Zombie Spawned [26] ZmbM_SoldierNormal @ <5849.876465, 138.636765, 4635.057617> ... Lifespan:  Set to 120 minutes.
[EOnDrop] Zombie Spawned [27] ZmbM_CitizenBFat_Blue @ <5819.658691, 131.645477, 4647.049316> ... Lifespan:  Set to 120 minutes.
[EOnDrop] Zombie Spawned [28] ZmbM_HunterOld_Summer @ <5820.432617, 132.032028, 4647.998047> ... Lifespan:  Set to 120 minutes.
[EOnDrop] Zombie Spawned [29] Animal_CanisLupus_White @ <5836.004395, 136.550766, 4709.452637> ... Lifespan:  Set to 120 minutes.
[EOnDrop] Zombie Spawned [30] ZmbM_MotobikerFat_Blue @ <5877.869141, 140.083008, 4645.078613> ... Lifespan:  Set to 120 minutes.
[EOnDrop] Zombie Spawned [31] ZmbM_MotobikerFat_Black @ <5842.162109, 137.104370, 4681.269531> ... Lifespan:  Set to 120 minutes.
[EOnDrop] Zombie Spawned [32] ZmbM_FarmerFat_Blue @ <5830.540527, 136.213104, 4675.566406> ... Lifespan:  Set to 120 minutes.
[EOnDrop] Zombie Spawned [33] ZmbM_HikerSkinny_Blue @ <5864.424805, 138.331497, 4686.082031> ... Lifespan:  Set to 120 minutes.
[EOnDrop] Zombie Spawned [34] ZmbM_MotobikerFat_Blue @ <5837.677246, 136.475800, 4660.328613> ... Lifespan:  Set to 120 minutes.
[EOnDrop] Zombie Spawned [35] ZmbF_JournalistNormal_Green @ <5841.333496, 137.085068, 4682.321289> ... Lifespan:  Set to 120 minutes.
[EOnDrop] Zombie Spawned [36] Animal_CanisLupus_Grey @ <5822.727539, 134.084900, 4678.315430> ... Lifespan:  Set to 120 minutes.
[EOnDrop] Zombie Spawned [37] ZmbF_JournalistNormal_White @ <5886.685059, 141.044754, 4665.711426> ... Lifespan:  Set to 120 minutes.
[EOnDrop] Zombie Spawned [38] ZmbF_CitizenBSkinny @ <5829.961426, 136.684906, 4700.932129> ... Lifespan:  Set to 120 minutes.
[EOnDrop] Zombie Spawned [39] ZmbM_ConstrWorkerNormal_Black @ <5836.745117, 136.243362, 4659.801270> ... Lifespan:  Set to 120 minutes.
[EOnDrop] Zombie Spawned [40] ZmbF_ParamedicNormal_Blue @ <5836.751465, 136.195770, 4656.606934> ... Lifespan:  Set to 120 minutes.
[EOnDrop] Drop spawned with 40 infected at <5844.295410, 280.963867, 4670.809082>.
[EOnDrop] Supplies have been dropped near the player's location.
[EOnBeforeDelete] Aircraft despawned @ <16361.214844, 152.000610, 9027.406250>
[~AirdropPlane] Aircraft destroyed.
