[InitializeContainer] Container created on 2021-03-02 @ 22-26-56
[InitializeContainer] Winds: Vector <7.006393, 0.000000, -5.712959>, Speed 9.04032mps, Strength 0.1
[AirdropContainerFall] Drop Type 'Food/Medical', Container: 'AirdropContainer_Medical', Mode/Quantity/Iems: Random/20/11, Flare:  10%
[AirdropContainerFall] Loot Spawned [1] TunaCan @ <9461.351563, 41.532398, 2266.713379> ... Lifespan: Set to 120 minutes.
[AirdropContainerFall] Loot Spawned [2] ToxicCure @ <9462.458008, 41.185390, 2264.653809> ... Lifespan: Set to 120 minutes.
[AirdropContainerFall] Loot Spawned [3] BoxCerealCrunchin @ <9459.657227, 40.888725, 2262.839355> ... Lifespan: Set to 120 minutes.
[AirdropContainerFall] Loot Spawned [4] PeachesCan @ <9458.712891, 41.470901, 2266.419434> ... Lifespan: Set to 120 minutes.
[AirdropContainerFall] Loot Spawned [5] ToxicCure @ <9460.638672, 41.444210, 2266.220947> ... Lifespan: Set to 120 minutes.
[AirdropContainerFall] Loot Spawned [6] VitaminBottle @ <9462.098633, 41.534313, 2266.707031> ... Lifespan: Set to 120 minutes.
[AirdropContainerFall] Loot Spawned [7] Canteen @ <9459.636719, 41.365379, 2265.789307> ... Lifespan: Set to 120 minutes.
[AirdropContainerFall] Loot Spawned [8] ToxicCure @ <9461.518555, 41.589283, 2267.037598> ... Lifespan: Set to 120 minutes.
[AirdropContainerFall] Loot Spawned [9] TunaCan @ <9460.484375, 41.072628, 2263.987305> ... Lifespan: Set to 120 minutes.
[AirdropContainerFall] Loot Spawned [10] TacticalBaconCan @ <9462.233398, 41.477531, 2266.376465> ... Lifespan: Set to 120 minutes.
[AirdropContainerFall] Loot Spawned [11] SpaghettiCan @ <9459.226563, 40.949081, 2263.234131> ... Lifespan: Set to 120 minutes.
[AirdropContainerFall] Loot Spawned [12] ToxicCure @ <9462.551758, 41.077660, 2263.966797> ... Lifespan: Set to 120 minutes.
[AirdropContainerFall] Loot Spawned [13] SpaghettiCan @ <9459.303711, 41.678574, 2267.603760> ... Lifespan: Set to 120 minutes.
[AirdropContainerFall] Loot Spawned [14] Canteen @ <9462.747070, 40.951935, 2263.162598> ... Lifespan: Set to 120 minutes.
[AirdropContainerFall] Loot Spawned [15] VitaminBottle @ <9460.110352, 41.107254, 2264.216797> ... Lifespan: Set to 120 minutes.
[AirdropContainerFall] Loot Spawned [16] BoxCerealCrunchin @ <9463.686523, 41.215008, 2264.810791> ... Lifespan: Set to 120 minutes.
[AirdropContainerFall] Loot Spawned [17] TacticalBaconCan @ <9459.360352, 41.529552, 2266.742920> ... Lifespan: Set to 120 minutes.
[AirdropContainerFall] Loot Spawned [18] ToxicCure @ <9462.036133, 41.567547, 2266.900391> ... Lifespan: Set to 120 minutes.
[AirdropContainerFall] Loot Spawned [19] Canteen @ <9459.574219, 41.090813, 2264.125977> ... Lifespan: Set to 120 minutes.
[AirdropContainerFall] Loot Spawned [20] SpaghettiCan @ <9459.657227, 41.328644, 2265.576904> ... Lifespan: Set to 120 minutes.
[AirdropContainerUnstuck] Container was unstuck.
[~AirdropContainerBase] Container Destroyed on 2021-03-02 @ 23-25-27
