[AirdropPlane] Aircraft created on 2021-04-18 @ 02-08-53
[InitializeAircraft] Aircraft Initialized: Stary Sobor @ 5823/7764 (true)
[EOnBeforeDrop] The Aircraft is 1 Km from Stary Sobor. @ <5657.773438, 372.146240, 6274.742676>
[EOnDrop] Zombie Spawned [1] ZmbM_FarmerFat_Brown @ <5793.422852, 319.498535, 7657.553223> ... Lifespan:  Set to 120 minutes.
[EOnDrop] Zombie Spawned [2] ZmbM_HikerSkinny_Yellow @ <5806.017578, 318.121399, 7628.290527> ... Lifespan:  Set to 120 minutes.
[EOnDrop] Zombie Spawned [3] ZmbM_HunterOld_Winter @ <5764.875977, 320.131836, 7683.899902> ... Lifespan:  Set to 120 minutes.
[EOnDrop] Zombie Spawned [4] ZmbM_VillagerOld_Green @ <5787.248047, 320.288208, 7677.577637> ... Lifespan:  Set to 120 minutes.
[EOnDrop] Zombie Spawned [5] ZmbM_HermitSkinny_Beige @ <5795.023438, 320.457977, 7685.229980> ... Lifespan:  Set to 120 minutes.
[EOnDrop] Zombie Spawned [6] ZmbF_SurvivorNormal_White @ <5838.679688, 318.363190, 7676.862305> ... Lifespan:  Set to 120 minutes.
[EOnDrop] Spawn failed for zombie [7] 'ZmbM_SurvivorDean_Black', it does not exist in DayZ!
[EOnDrop] Zombie Spawned [8] ZmbM_HermitSkinny_Red @ <5813.564941, 318.702972, 7646.783691> ... Lifespan:  Set to 120 minutes.
[EOnDrop] Zombie Spawned [9] ZmbF_MilkMaidOld_Black @ <5798.886230, 319.683594, 7662.964844> ... Lifespan:  Set to 120 minutes.
[EOnDrop] Zombie Spawned [10] ZmbM_HunterOld_Summer @ <5803.996582, 320.293579, 7688.017578> ... Lifespan:  Set to 120 minutes.
[EOnDrop] Zombie Spawned [11] ZmbM_FarmerFat_Beige @ <5833.340820, 318.831848, 7690.564941> ... Lifespan:  Set to 120 minutes.
[EOnDrop] Zombie Spawned [12] ZmbM_HermitSkinny_Red @ <5819.322266, 319.340302, 7672.555664> ... Lifespan:  Set to 120 minutes.
[EOnDrop] Zombie Spawned [13] ZmbM_FarmerFat_Green @ <5826.770508, 318.942047, 7671.516113> ... Lifespan:  Set to 120 minutes.
[EOnDrop] Zombie Spawned [14] ZmbM_FarmerFat_Green @ <5821.622559, 318.272980, 7639.378418> ... Lifespan:  Set to 120 minutes.
[EOnDrop] Zombie Spawned [15] ZmbM_FarmerFat_Beige @ <5841.494629, 318.324341, 7700.267090> ... Lifespan:  Set to 120 minutes.
[EOnDrop] Zombie Spawned [16] ZmbF_HikerSkinny_Red @ <5807.694824, 320.033844, 7680.880371> ... Lifespan:  Set to 120 minutes.
[EOnDrop] Zombie Spawned [17] ZmbF_HikerSkinny_Green @ <5809.028320, 318.701721, 7644.229980> ... Lifespan:  Set to 120 minutes.
[EOnDrop] Zombie Spawned [18] ZmbM_HikerSkinny_Blue @ <5770.737305, 320.064362, 7677.718262> ... Lifespan:  Set to 120 minutes.
[EOnDrop] Zombie Spawned [19] ZmbF_HikerSkinny_Blue @ <5841.415039, 318.155273, 7673.876953> ... Lifespan:  Set to 120 minutes.
[EOnDrop] Zombie Spawned [20] ZmbM_HunterOld_Spring @ <5794.713379, 319.073578, 7648.855469> ... Lifespan:  Set to 120 minutes.
[EOnDrop] Zombie Spawned [21] ZmbF_HikerSkinny_Blue @ <5837.401367, 318.369720, 7714.395508> ... Lifespan:  Set to 120 minutes.
[EOnDrop] Zombie Spawned [22] ZmbM_MotobikerFat_Black @ <5836.560059, 317.953003, 7636.811035> ... Lifespan:  Set to 120 minutes.
[EOnDrop] Zombie Spawned [23] ZmbF_HikerSkinny_Red @ <5815.365234, 318.511017, 7642.863770> ... Lifespan:  Set to 120 minutes.
[EOnDrop] Zombie Spawned [24] ZmbM_HermitSkinny_Black @ <5855.066895, 317.474670, 7703.146484> ... Lifespan:  Set to 120 minutes.
[EOnDrop] Zombie Spawned [25] ZmbM_VillagerOld_White @ <5817.762695, 318.975372, 7658.754883> ... Lifespan:  Set to 120 minutes.
[EOnDrop] Zombie Spawned [26] ZmbF_HikerSkinny_Red @ <5789.204590, 320.591797, 7690.906250> ... Lifespan:  Set to 120 minutes.
[EOnDrop] Zombie Spawned [27] ZmbM_HunterOld_Spring @ <5838.999512, 318.395721, 7710.532715> ... Lifespan:  Set to 120 minutes.
[EOnDrop] Zombie Spawned [28] ZmbM_priestPopSkinny @ <5800.133789, 318.986420, 7647.544922> ... Lifespan:  Set to 120 minutes.
[EOnDrop] Zombie Spawned [29] ZmbF_SurvivorNormal_Red @ <5819.795410, 319.551636, 7685.104980> ... Lifespan:  Set to 120 minutes.
[EOnDrop] Zombie Spawned [30] ZmbM_HikerSkinny_Green @ <5811.479004, 318.749939, 7646.735352> ... Lifespan:  Set to 120 minutes.
[EOnDrop] Zombie Spawned [31] ZmbM_FarmerFat_Brown @ <5838.937012, 318.152893, 7718.539063> ... Lifespan:  Set to 120 minutes.
[EOnDrop] Zombie Spawned [32] ZmbF_VillagerOld_Blue @ <5799.453125, 319.733826, 7664.470215> ... Lifespan:  Set to 120 minutes.
[EOnDrop] Zombie Spawned [33] ZmbM_MotobikerFat_Beige @ <5780.074219, 320.669586, 7704.608887> ... Lifespan:  Set to 120 minutes.
[EOnDrop] Zombie Spawned [34] ZmbF_MilkMaidOld_Black @ <5823.803711, 318.724579, 7658.411621> ... Lifespan:  Set to 120 minutes.
[EOnDrop] Zombie Spawned [35] ZmbF_VillagerOld_White @ <5812.873535, 319.322845, 7663.704102> ... Lifespan:  Set to 120 minutes.
[EOnDrop] Zombie Spawned [36] ZmbF_MilkMaidOld_Grey @ <5834.010254, 318.366669, 7661.489746> ... Lifespan:  Set to 120 minutes.
[EOnDrop] Zombie Spawned [37] ZmbM_HermitSkinny_Beige @ <5825.571289, 318.867065, 7666.318359> ... Lifespan:  Set to 120 minutes.
[EOnDrop] Zombie Spawned [38] ZmbM_HunterOld_Spring @ <5840.404785, 317.932800, 7643.776855> ... Lifespan:  Set to 120 minutes.
[EOnDrop] Zombie Spawned [39] ZmbM_FarmerFat_Blue @ <5783.019531, 320.634247, 7707.240234> ... Lifespan:  Set to 120 minutes.
[EOnDrop] Zombie Spawned [40] ZmbM_FarmerFat_Blue @ <5821.153809, 319.356354, 7677.123535> ... Lifespan:  Set to 120 minutes.
[EOnDrop] Drop spawned with 40 infected at <5813.396484, 455.504028, 7676.420898>.
[EOnDrop] Supplies have been dropped near Stary Sobor.
[EOnBeforeDelete] Aircraft despawned @ <6777.791016, 546.640381, 16360.526367>
[~AirdropPlane] Aircraft destroyed.
