[InitializeContainer] Container created on 2021-03-13 @ 23-22-24
[InitializeContainer] Winds: Vector <7.403490, 0.000000, -5.436876>, Speed 9.18538mps, Strength 0.1
[AirdropContainerFall] Drop Type 'Military Weapons', Container: 'AirdropContainer', Mode/Quantity/Iems: Random/30/14, Flare:  10%
[AirdropContainerFall] Loot Spawned [1] Mag_AKM_30Rnd @ <540.325745, 421.697388, 11087.582031> ... Lifespan: Set to 120 minutes.
[AirdropContainerFall] Loot Spawned [2] BakedBeansCan @ <543.160278, 421.674713, 11089.308594> ... Lifespan: Set to 120 minutes.
[AirdropContainerFall] Loot Spawned [3] BakedBeansCan @ <540.114624, 421.699066, 11089.146484> ... Lifespan: Set to 120 minutes.
[AirdropContainerFall] Loot Spawned [4] PowderedMilk @ <539.614685, 421.700500, 11089.427734> ... Lifespan: Set to 120 minutes.
[AirdropContainerFall] Loot Spawned [5] PowderedMilk @ <539.997803, 421.699982, 11089.550781> ... Lifespan: Set to 120 minutes.
[AirdropContainerFall] Loot Spawned [6] TWP_BerettaPX4_mag_17Rnd @ <543.708130, 421.670319, 11088.056641> ... Lifespan: Set to 120 minutes.
[AirdropContainerFall] Loot Spawned [7] TTC_R700 @ <541.766785, 421.685852, 11087.607422> ... Lifespan: Set to 120 minutes.
[AirdropContainerFall] Loot Spawned [8] TTC_R700 @ <540.570862, 421.695404, 11090.199219> ... Lifespan: Set to 120 minutes.
[AirdropContainerFall] Loot Spawned [9] TTC_Buttstock3 @ <539.414795, 421.700775, 11090.242188> ... Lifespan: Set to 120 minutes.
[AirdropContainerFall] Loot Spawned [10] PowderedMilk @ <544.524109, 421.674103, 11089.522461> ... Lifespan: Set to 120 minutes.
[AirdropContainerFall] Loot Spawned [11] TTC_Beowulf @ <541.525269, 421.689728, 11091.266602> ... Lifespan: Set to 120 minutes.
[AirdropContainerFall] Loot Spawned [12] TTC_Beowulf @ <539.420898, 421.700745, 11088.743164> ... Lifespan: Set to 120 minutes.
[AirdropContainerFall] Loot Spawned [13] TWP_BerettaPX4_mag_17Rnd @ <542.577209, 421.689423, 11091.427734> ... Lifespan: Set to 120 minutes.
[AirdropContainerFall] Loot Spawned [14] TTC_50Beo_mag @ <540.260132, 421.697906, 11089.521484> ... Lifespan: Set to 120 minutes.
[AirdropContainerFall] Loot Spawned [15] Vodka @ <543.116394, 421.675049, 11088.333984> ... Lifespan: Set to 120 minutes.
[AirdropContainerFall] Loot Spawned [16] TTC_R700 @ <541.642395, 421.686829, 11086.833008> ... Lifespan: Set to 120 minutes.
[AirdropContainerFall] Loot Spawned [17] TTC_50Beo_mag @ <541.714050, 421.686829, 11090.872070> ... Lifespan: Set to 120 minutes.
[AirdropContainerFall] Loot Spawned [18] TTC_50Beo_mag @ <543.335938, 421.673309, 11088.158203> ... Lifespan: Set to 120 minutes.
[AirdropContainerFall] Loot Spawned [19] TTC_Ammo_50Beo @ <541.134827, 421.690918, 11086.920898> ... Lifespan: Set to 120 minutes.
[AirdropContainerFall] Loot Spawned [20] TWP_BerettaPX4 @ <542.343262, 421.681244, 11087.427734> ... Lifespan: Set to 120 minutes.
[AirdropContainerFall] Loot Spawned [21] Vodka @ <542.272705, 421.681793, 11086.166016> ... Lifespan: Set to 120 minutes.
[AirdropContainerFall] Loot Spawned [22] TTC_50Beo_mag @ <541.437317, 421.688477, 11090.261719> ... Lifespan: Set to 120 minutes.
[AirdropContainerFall] Loot Spawned [23] PowderedMilk @ <543.606750, 421.671143, 11087.108398> ... Lifespan: Set to 120 minutes.
[AirdropContainerFall] Loot Spawned [24] BakedBeansCan @ <544.410034, 421.664703, 11087.926758> ... Lifespan: Set to 120 minutes.
[AirdropContainerFall] Loot Spawned [25] TTC_Ammo_50Beo @ <539.749939, 421.700317, 11087.786133> ... Lifespan: Set to 120 minutes.
[AirdropContainerFall] Loot Spawned [26] TTC_Beowulf @ <540.643677, 421.694824, 11087.027344> ... Lifespan: Set to 120 minutes.
[AirdropContainerFall] Loot Spawned [27] PowderedMilk @ <540.812012, 421.693481, 11086.952148> ... Lifespan: Set to 120 minutes.
[AirdropContainerFall] Loot Spawned [28] Vodka @ <543.421936, 421.674866, 11089.413086> ... Lifespan: Set to 120 minutes.
[AirdropContainerFall] Loot Spawned [29] TTC_Beowulf @ <542.401489, 421.686188, 11090.913086> ... Lifespan: Set to 120 minutes.
[AirdropContainerFall] Loot Spawned [30] TWP_BerettaPX4_mag_17Rnd @ <542.863220, 421.687775, 11091.241211> ... Lifespan: Set to 120 minutes.
[AirdropContainerUnstuck] Container was unstuck.
[~AirdropContainerBase] Container Destroyed on 2021-03-14 @ 00-22-24
