[AirdropPlane] Aircraft created on 2021-03-04 @ 08-29-41
[InitializeAircraft] Aircraft Initialized: Skalisty Island @ 13452/3112 (true)
[EOnBeforeDrop] The Aircraft is 1 Km from Skalisty Island. @ <14675.585938, 152.003265, 3977.784424>
[EOnDrop] Zombie Spawned [1] ZmbM_HikerSkinny_Yellow @ <13554.013672, 40.316216, 3142.275391> ... Lifespan:  Set to 120 minutes.
[EOnDrop] Zombie Spawned [2] ZmbF_HikerSkinny_Green @ <13568.146484, 37.421143, 3180.140869> ... Lifespan:  Set to 120 minutes.
[EOnDrop] Zombie Spawned [3] ZmbF_MilkMaidOld_Black @ <13535.869141, 34.950985, 3135.833252> ... Lifespan:  Set to 120 minutes.
[EOnDrop] Zombie Spawned [4] ZmbF_HikerSkinny_Grey @ <13509.364258, 30.891266, 3154.994141> ... Lifespan:  Set to 120 minutes.
[EOnDrop] Zombie Spawned [5] ZmbM_HunterOld_Autumn @ <13514.241211, 30.499138, 3145.327637> ... Lifespan:  Set to 120 minutes.
[EOnDrop] Zombie Spawned [6] ZmbM_MotobikerFat_Blue @ <13514.172852, 40.499641, 3182.828125> ... Lifespan:  Set to 120 minutes.
[EOnDrop] Zombie Spawned [7] ZmbM_FarmerFat_Blue @ <13509.349609, 31.966467, 3158.444092> ... Lifespan:  Set to 120 minutes.
[EOnDrop] Zombie Spawned [8] ZmbF_SurvivorNormal_Orange @ <13568.501953, 40.768986, 3142.253174> ... Lifespan:  Set to 120 minutes.
[EOnDrop] Spawn failed for zombie [9] 'ZmbM_SurvivorDean_Black', it does not exist in DayZ!
[EOnDrop] Zombie Spawned [10] ZmbM_HermitSkinny_Green @ <13500.665039, 24.234179, 3128.134277> ... Lifespan:  Set to 120 minutes.
[EOnDrop] Zombie Spawned [11] ZmbM_MotobikerFat_Blue @ <13554.271484, 40.370205, 3125.192627> ... Lifespan:  Set to 120 minutes.
[EOnDrop] Zombie Spawned [12] ZmbM_HunterOld_Spring @ <13567.995117, 37.613903, 3174.460693> ... Lifespan:  Set to 120 minutes.
[EOnDrop] Zombie Spawned [13] ZmbM_HunterOld_Summer @ <13535.193359, 41.644447, 3174.705078> ... Lifespan:  Set to 120 minutes.
[EOnDrop] Zombie Spawned [14] ZmbM_priestPopSkinny @ <13518.130859, 38.166096, 3169.983154> ... Lifespan:  Set to 120 minutes.
[EOnDrop] Zombie Spawned [15] ZmbM_HermitSkinny_Red @ <13505.575195, 33.827328, 3169.563477> ... Lifespan:  Set to 120 minutes.
[EOnDrop] Zombie Spawned [16] ZmbF_MilkMaidOld_Green @ <13517.896484, 34.481167, 3155.800781> ... Lifespan:  Set to 120 minutes.
[EOnDrop] Zombie Spawned [17] ZmbM_VillagerOld_Blue @ <13506.750977, 32.292446, 3163.039063> ... Lifespan:  Set to 120 minutes.
[EOnDrop] Zombie Spawned [18] ZmbF_SurvivorNormal_Red @ <13480.673828, 31.602936, 3172.061523> ... Lifespan:  Set to 120 minutes.
[EOnDrop] Zombie Spawned [19] ZmbF_VillagerOld_White @ <13506.439453, 30.461952, 3156.967529> ... Lifespan:  Set to 120 minutes.
[EOnDrop] Zombie Spawned [20] ZmbF_MilkMaidOld_Grey @ <13513.440430, 30.831406, 3149.017334> ... Lifespan:  Set to 120 minutes.
[EOnDrop] Zombie Spawned [21] ZmbM_HikerSkinny_Yellow @ <13552.655273, 40.918213, 3173.218506> ... Lifespan:  Set to 120 minutes.
[EOnDrop] Zombie Spawned [22] ZmbM_priestPopSkinny @ <13526.882813, 33.628189, 3141.873535> ... Lifespan:  Set to 120 minutes.
[EOnDrop] Zombie Spawned [23] ZmbF_HikerSkinny_Blue @ <13552.645508, 40.254704, 3155.616943> ... Lifespan:  Set to 120 minutes.
[EOnDrop] Zombie Spawned [24] ZmbM_HunterOld_Spring @ <13516.578125, 39.732952, 3178.340088> ... Lifespan:  Set to 120 minutes.
[EOnDrop] Zombie Spawned [25] ZmbM_HikerSkinny_Blue @ <13484.110352, 21.895012, 3131.339355> ... Lifespan:  Set to 120 minutes.
[EOnDrop] Zombie Spawned [26] ZmbM_VillagerOld_Green @ <13521.352539, 38.908001, 3170.274414> ... Lifespan:  Set to 120 minutes.
[EOnDrop] Zombie Spawned [27] ZmbF_MilkMaidOld_Grey @ <13524.335938, 43.616405, 3191.129395> ... Lifespan:  Set to 120 minutes.
[EOnDrop] Zombie Spawned [28] ZmbM_VillagerOld_Blue @ <13509.173828, 27.501436, 3134.842529> ... Lifespan:  Set to 120 minutes.
[EOnDrop] Zombie Spawned [29] ZmbM_HikerSkinny_Blue @ <13524.071289, 40.385139, 3175.006592> ... Lifespan:  Set to 120 minutes.
[EOnDrop] Zombie Spawned [30] ZmbF_SurvivorNormal_White @ <13506.720703, 38.358231, 3183.649414> ... Lifespan:  Set to 120 minutes.
[EOnDrop] Zombie Spawned [31] ZmbM_MotobikerFat_Black @ <13544.989258, 38.792389, 3121.752441> ... Lifespan:  Set to 120 minutes.
[EOnDrop] Zombie Spawned [32] ZmbM_FarmerFat_Blue @ <13513.490234, 26.957832, 3126.042236> ... Lifespan:  Set to 120 minutes.
[EOnDrop] Zombie Spawned [33] ZmbM_HermitSkinny_Red @ <13497.893555, 28.252657, 3156.744385> ... Lifespan:  Set to 120 minutes.
[EOnDrop] Zombie Spawned [34] ZmbM_HermitSkinny_Green @ <13539.509766, 36.823616, 3137.774658> ... Lifespan:  Set to 120 minutes.
[EOnDrop] Spawn failed for zombie [35] 'ZmbM_SurvivorDean_Grey', it does not exist in DayZ!
[EOnDrop] Drop spawned with 35 infected at <13523.257813, 166.680450, 3161.968994>.
[EOnDrop] Supplies have been dropped near Skalisty Island.
[EOnBeforeDelete] Aircraft despawned @ <7643.380371, 152.000610, -1000.591614>
[~AirdropPlane] Aircraft destroyed.
