[InitializeContainer] Container created on 2021-02-12 @ 15-44-27
[InitializeContainer] Winds: Vector <6.791557, 0.000000, -5.849205>, Speed 8.96317mps, Strength 0.1
[AirdropContainerFall] Drop Type 'Food/Medical', Container: 'AirdropContainer_Medical', Mode/Quantity/Iems: Random/20/11, Flare:  10%
[AirdropContainerFall] Loot Spawned [1] TacticalBaconCan @ <12086.932617, 140.050003, 12640.345703> ... Lifespan: Set to 120 minutes.
[AirdropContainerFall] Loot Spawned [2] PowderedMilk @ <12090.875000, 140.050003, 12639.689453> ... Lifespan: Set to 120 minutes.
[AirdropContainerFall] Loot Spawned [3] Pot @ <12091.156250, 140.050003, 12638.778320> ... Lifespan: Set to 120 minutes.
[AirdropContainerFall] Loot Spawned [4] Marmalade @ <12089.299805, 140.050003, 12640.748047> ... Lifespan: Set to 120 minutes.
[AirdropContainerFall] Loot Spawned [5] Canteen @ <12090.320313, 140.050003, 12641.528320> ... Lifespan: Set to 120 minutes.
[AirdropContainerFall] Loot Spawned [6] PeachesCan @ <12087.843750, 140.050003, 12640.280273> ... Lifespan: Set to 120 minutes.
[AirdropContainerFall] Loot Spawned [7] PowderedMilk @ <12091.163086, 140.050003, 12639.942383> ... Lifespan: Set to 120 minutes.
[AirdropContainerFall] Loot Spawned [8] Marmalade @ <12087.868164, 140.050003, 12637.044922> ... Lifespan: Set to 120 minutes.
[AirdropContainerFall] Loot Spawned [9] TunaCan @ <12090.799805, 140.050003, 12640.095703> ... Lifespan: Set to 120 minutes.
[AirdropContainerFall] Loot Spawned [10] SpaghettiCan @ <12088.168945, 140.050003, 12638.160156> ... Lifespan: Set to 120 minutes.
[AirdropContainerFall] Loot Spawned [11] PeachesCan @ <12090.352539, 140.050003, 12638.888672> ... Lifespan: Set to 120 minutes.
[AirdropContainerFall] Loot Spawned [12] TacticalBaconCan @ <12089.985352, 140.050003, 12639.177734> ... Lifespan: Set to 120 minutes.
[AirdropContainerFall] Loot Spawned [13] SpaghettiCan @ <12088.266602, 140.050003, 12638.045898> ... Lifespan: Set to 120 minutes.
[AirdropContainerFall] Loot Spawned [14] Canteen @ <12087.482422, 140.050003, 12640.225586> ... Lifespan: Set to 120 minutes.
[AirdropContainerFall] Loot Spawned [15] Marmalade @ <12087.314453, 140.050003, 12640.667969> ... Lifespan: Set to 120 minutes.
[AirdropContainerFall] Loot Spawned [16] PowderedMilk @ <12086.685547, 140.050003, 12641.650391> ... Lifespan: Set to 120 minutes.
[AirdropContainerFall] Loot Spawned [17] SpaghettiCan @ <12086.916016, 140.050003, 12641.855469> ... Lifespan: Set to 120 minutes.
[AirdropContainerFall] Loot Spawned [18] PowderedMilk @ <12088.812500, 140.050003, 12638.634766> ... Lifespan: Set to 120 minutes.
[AirdropContainerFall] Loot Spawned [19] Marmalade @ <12090.577148, 140.050003, 12639.814453> ... Lifespan: Set to 120 minutes.
[AirdropContainerFall] Loot Spawned [20] BoxCerealCrunchin @ <12090.759766, 140.050003, 12641.471680> ... Lifespan: Set to 120 minutes.
[AirdropContainerUnstuck] Container was unstuck.
[~AirdropContainerBase] Container Destroyed on 2021-02-12 @ 16-45-38
