[InitializeContainer] Container created on 2021-02-08 @ 19-08-57
[InitializeContainer] Winds: Vector <8.898692, 0.000000, 10.050642>, Speed 13.4239mps, Strength 0.1
[AirdropContainerFall] Drop Type 'Food/Medical', Container: 'AirdropContainer_Medical', Mode/Quantity/Iems: Random/20/11, Flare:  10%
[AirdropContainerFall] Loot Spawned [1] SpaghettiCan @ <11037.808594, 99.556030, 14060.212891> ... Lifespan: Set to 120 minutes.
[AirdropContainerFall] Loot Spawned [2] BoxCerealCrunchin @ <11035.875977, 98.892265, 14063.487305> ... Lifespan: Set to 120 minutes.
[AirdropContainerFall] Loot Spawned [3] Canteen @ <11038.300781, 99.887115, 14058.838867> ... Lifespan: Set to 120 minutes.
[AirdropContainerFall] Loot Spawned [4] Canteen @ <11035.500000, 99.741287, 14061.756836> ... Lifespan: Set to 120 minutes.
[AirdropContainerFall] Loot Spawned [5] Marmalade @ <11037.978516, 98.189056, 14063.563477> ... Lifespan: Set to 120 minutes.
[AirdropContainerFall] Loot Spawned [6] PeachesCan @ <11035.540039, 99.789223, 14061.585938> ... Lifespan: Set to 120 minutes.
[AirdropContainerFall] Loot Spawned [7] TacticalBaconCan @ <11038.917969, 99.520180, 14059.321289> ... Lifespan: Set to 120 minutes.
[AirdropContainerFall] Loot Spawned [8] VitaminBottle @ <11040.749023, 98.299957, 14061.179688> ... Lifespan: Set to 120 minutes.
[AirdropContainerFall] Loot Spawned [9] VitaminBottle @ <11039.529297, 98.081795, 14062.748047> ... Lifespan: Set to 120 minutes.
[AirdropContainerFall] Loot Spawned [10] TacticalBaconCan @ <11036.934570, 100.258209, 14059.015625> ... Lifespan: Set to 120 minutes.
[AirdropContainerFall] Loot Spawned [11] BoxCerealCrunchin @ <11037.005859, 99.200378, 14061.934570> ... Lifespan: Set to 120 minutes.
[AirdropContainerFall] Loot Spawned [12] BoxCerealCrunchin @ <11035.549805, 100.267250, 14060.228516> ... Lifespan: Set to 120 minutes.
[AirdropContainerFall] Loot Spawned [13] BakedBeansCan @ <11036.561523, 99.783211, 14060.688477> ... Lifespan: Set to 120 minutes.
[AirdropContainerFall] Loot Spawned [14] TunaCan @ <11037.110352, 99.928696, 14059.787109> ... Lifespan: Set to 120 minutes.
[AirdropContainerFall] Loot Spawned [15] VitaminBottle @ <11035.291016, 99.885780, 14061.536133> ... Lifespan: Set to 120 minutes.
[AirdropContainerFall] Loot Spawned [16] TacticalBaconCan @ <11038.156250, 100.026215, 14058.576172> ... Lifespan: Set to 120 minutes.
[AirdropContainerFall] Loot Spawned [17] PowderedMilk @ <11038.565430, 99.885628, 14058.606445> ... Lifespan: Set to 120 minutes.
[AirdropContainerFall] Loot Spawned [18] TacticalBaconCan @ <11039.190430, 98.694862, 14061.405273> ... Lifespan: Set to 120 minutes.
[AirdropContainerFall] Loot Spawned [19] BoxCerealCrunchin @ <11038.282227, 99.273682, 14060.585938> ... Lifespan: Set to 120 minutes.
[AirdropContainerFall] Loot Spawned [20] PeachesCan @ <11040.382813, 98.560310, 14060.746094> ... Lifespan: Set to 120 minutes.
[AirdropContainerFall] Airdrop Flare Spawned @ <11035.870117, 99.650253, 14061.681641> ... Lifespan: Set to 120 minutes.
[AirdropContainerUnstuck] Container was unstuck.
[~AirdropContainerBase] Container Destroyed on 2021-02-08 @ 20-08-59
