[InitializeContainer] Container created on 2021-04-11 @ 07-42-53
[InitializeContainer] Winds: Vector <-19.726591, 0.000000, 1.495636>, Speed 19.7832mps, Strength 0.1
[AirdropContainerFall] Drop Type 'Military Weapons', Container: 'AirdropContainer', Mode/Quantity/Iems: Random/30/10, Flare:  10%
[AirdropContainerFall] Loot Spawned [1] AmmoBox_00buck_10rnd @ <4709.752930, 339.043915, 10397.946289> ... Lifespan: Set to 120 minutes.
[AirdropContainerFall] Loot Spawned [2] TWP_XM8 @ <4707.707031, 339.043030, 10396.901367> ... Lifespan: Set to 120 minutes.
[AirdropContainerFall] Loot Spawned [3] TWP_XM8_mag_30Rnd @ <4707.080078, 339.043884, 10397.622070> ... Lifespan: Set to 120 minutes.
[AirdropContainerFall] Loot Spawned [4] TWP_Uzi_mag_20Rnd @ <4709.401855, 339.042053, 10396.553711> ... Lifespan: Set to 120 minutes.
[AirdropContainerFall] Loot Spawned [5] TWP_XM8_mag_30Rnd @ <4709.844727, 339.042816, 10397.119141> ... Lifespan: Set to 120 minutes.
[AirdropContainerFall] Loot Spawned [6] TWP_ThompsonMK2_mag_50Rnd @ <4705.485840, 339.045990, 10399.022461> ... Lifespan: Set to 120 minutes.
[AirdropContainerFall] Loot Spawned [7] TWP_XM8_mag_30Rnd @ <4707.075684, 339.043884, 10396.999023> ... Lifespan: Set to 120 minutes.
[AirdropContainerFall] Loot Spawned [8] TWP_M40A5_mag_5Rnd @ <4708.938965, 339.041443, 10396.105469> ... Lifespan: Set to 120 minutes.
[AirdropContainerFall] Loot Spawned [9] TWP_M40A5 @ <4710.189941, 339.042145, 10396.621094> ... Lifespan: Set to 120 minutes.
[AirdropContainerFall] Loot Spawned [10] TWP_XM8_mag_30Rnd @ <4708.847168, 339.045410, 10399.080078> ... Lifespan: Set to 120 minutes.
[AirdropContainerFall] Loot Spawned [11] TWP_Remington870Tactical @ <4708.408203, 339.042114, 10395.636719> ... Lifespan: Set to 120 minutes.
[AirdropContainerFall] Loot Spawned [12] TWP_XM8 @ <4707.761230, 339.047028, 10400.272461> ... Lifespan: Set to 120 minutes.
[AirdropContainerFall] Loot Spawned [13] TWP_XM8 @ <4709.510254, 339.045502, 10399.144531> ... Lifespan: Set to 120 minutes.
[AirdropContainerFall] Loot Spawned [14] TWP_M40A5_mag_5Rnd @ <4707.272461, 339.043610, 10396.467773> ... Lifespan: Set to 120 minutes.
[AirdropContainerFall] Loot Spawned [15] TWP_Uzi_mag_20Rnd @ <4710.650391, 339.046234, 10399.681641> ... Lifespan: Set to 120 minutes.
[AirdropContainerFall] Loot Spawned [16] TWP_XM8 @ <4710.238770, 339.041443, 10396.097656> ... Lifespan: Set to 120 minutes.
[AirdropContainerFall] Loot Spawned [17] AmmoBox_00buck_10rnd @ <4709.153320, 339.047089, 10400.328125> ... Lifespan: Set to 120 minutes.
[AirdropContainerFall] Loot Spawned [18] TWP_ThompsonMK2 @ <4706.166504, 339.045105, 10398.061523> ... Lifespan: Set to 120 minutes.
[AirdropContainerFall] Loot Spawned [19] TWP_XM8_mag_30Rnd @ <4709.448242, 339.046204, 10399.662109> ... Lifespan: Set to 120 minutes.
[AirdropContainerFall] Loot Spawned [20] TWP_XM8_mag_30Rnd @ <4709.236328, 339.045471, 10399.105469> ... Lifespan: Set to 120 minutes.
[AirdropContainerFall] Loot Spawned [21] TWP_XM8 @ <4708.757324, 339.047974, 10400.999023> ... Lifespan: Set to 120 minutes.
[AirdropContainerFall] Loot Spawned [22] TWP_XM8 @ <4707.048340, 339.045746, 10399.316406> ... Lifespan: Set to 120 minutes.
[AirdropContainerFall] Loot Spawned [23] TWP_ThompsonMK2_mag_50Rnd @ <4709.265625, 339.043610, 10397.713867> ... Lifespan: Set to 120 minutes.
[AirdropContainerFall] Loot Spawned [24] TWP_ThompsonMK2_mag_50Rnd @ <4707.109375, 339.043823, 10397.041016> ... Lifespan: Set to 120 minutes.
[AirdropContainerFall] Loot Spawned [25] AmmoBox_00buck_10rnd @ <4706.656738, 339.045105, 10398.850586> ... Lifespan: Set to 120 minutes.
[AirdropContainerFall] Loot Spawned [26] AmmoBox_00buck_10rnd @ <4709.132813, 339.042542, 10396.924805> ... Lifespan: Set to 120 minutes.
[AirdropContainerFall] Loot Spawned [27] TWP_Uzi_mag_20Rnd @ <4708.240234, 339.042847, 10397.137695> ... Lifespan: Set to 120 minutes.
[AirdropContainerFall] Loot Spawned [28] TWP_M40A5 @ <4706.475098, 339.046631, 10399.993164> ... Lifespan: Set to 120 minutes.
[AirdropContainerFall] Loot Spawned [29] TWP_ThompsonMK2_mag_50Rnd @ <4708.163086, 339.042419, 10395.984375> ... Lifespan: Set to 120 minutes.
[AirdropContainerFall] Loot Spawned [30] TWP_ThompsonMK2 @ <4709.109375, 339.042969, 10397.246094> ... Lifespan: Set to 120 minutes.
[AirdropContainerUnstuck] Container was unstuck.
[~AirdropContainerBase] Container Destroyed on 2021-04-11 @ 08-42-53
