[InitializeContainer] Container created on 2021-04-17 @ 06-10-19
[InitializeContainer] Winds: Vector <8.885051, 0.000000, 10.069091>, Speed 13.4287mps, Strength 0.1
[AirdropContainerFall] Drop Type 'Food/Medical', Container: 'AirdropContainer_Medical', Mode/Quantity/Iems: Random/20/11, Flare:  10%
[AirdropContainerFall] Loot Spawned [1] ToxicCure @ <2784.113281, 307.561676, 6217.231445> ... Lifespan: Set to 120 minutes.
[AirdropContainerFall] Loot Spawned [2] TunaCan @ <2783.481689, 307.307556, 6215.255371> ... Lifespan: Set to 120 minutes.
[AirdropContainerFall] Loot Spawned [3] TunaCan @ <2787.253662, 307.424042, 6216.378906> ... Lifespan: Set to 120 minutes.
[AirdropContainerFall] Loot Spawned [4] ToxicM18SmokeGrenade_Green @ <2786.654541, 307.173370, 6214.443848> ... Lifespan: Set to 120 minutes.
[AirdropContainerFall] Loot Spawned [5] ToxicM18SmokeGrenade_Purple @ <2782.707520, 307.153229, 6214.019043> ... Lifespan: Set to 120 minutes.
[AirdropContainerFall] Loot Spawned [6] Canteen @ <2783.872070, 307.079529, 6213.538086> ... Lifespan: Set to 120 minutes.
[AirdropContainerFall] Loot Spawned [7] Canteen @ <2786.309326, 307.384705, 6216.023926> ... Lifespan: Set to 120 minutes.
[AirdropContainerFall] Loot Spawned [8] ToxicM18SmokeGrenade_Purple @ <2787.040527, 307.349365, 6215.800293> ... Lifespan: Set to 120 minutes.
[AirdropContainerFall] Loot Spawned [9] ToxicM18SmokeGrenade_Green @ <2784.447510, 306.874634, 6212.011230> ... Lifespan: Set to 120 minutes.
[AirdropContainerFall] Loot Spawned [10] VitaminBottle @ <2787.095947, 307.108246, 6213.977051> ... Lifespan: Set to 120 minutes.
[AirdropContainerFall] Loot Spawned [11] TacticalBaconCan @ <2785.803955, 307.424957, 6216.297852> ... Lifespan: Set to 120 minutes.
[AirdropContainerFall] Loot Spawned [12] TacticalBaconCan @ <2785.631104, 306.881531, 6212.148438> ... Lifespan: Set to 120 minutes.
[AirdropContainerFall] Loot Spawned [13] ToxicM18SmokeGrenade_Red @ <2784.619629, 307.427643, 6216.246582> ... Lifespan: Set to 120 minutes.
[AirdropContainerFall] Loot Spawned [14] VitaminBottle @ <2786.578857, 307.288422, 6215.310547> ... Lifespan: Set to 120 minutes.
[AirdropContainerFall] Loot Spawned [15] Canteen @ <2784.879395, 307.462891, 6216.529785> ... Lifespan: Set to 120 minutes.
[AirdropContainerFall] Loot Spawned [16] Canteen @ <2786.956787, 307.088409, 6213.818359> ... Lifespan: Set to 120 minutes.
[AirdropContainerFall] Loot Spawned [17] TunaCan @ <2783.977783, 307.037994, 6213.228027> ... Lifespan: Set to 120 minutes.
[AirdropContainerFall] Loot Spawned [18] TunaCan @ <2784.086914, 307.394135, 6215.960449> ... Lifespan: Set to 120 minutes.
[AirdropContainerFall] Loot Spawned [19] ToxicCure @ <2787.238525, 307.197937, 6214.665039> ... Lifespan: Set to 120 minutes.
[AirdropContainerFall] Loot Spawned [20] ToxicM18SmokeGrenade_Green @ <2785.593994, 307.380768, 6215.950684> ... Lifespan: Set to 120 minutes.
[AirdropContainerUnstuck] Container was unstuck.
[~AirdropContainerBase] Container Destroyed on 2021-04-17 @ 07-10-19
