[InitializeContainer] Container created on 2021-03-17 @ 01-29-47
[InitializeContainer] Winds: Vector <-3.005053, 0.000000, -3.005979>, Speed 4.25044mps, Strength 0.1
[AirdropContainerFall] Drop Type 'Military Weapons', Container: 'AirdropContainer_Military', Mode/Quantity/Iems: Random/20/18, Flare:  10%
[AirdropContainerFall] Loot Spawned [1] TWP_P8 @ <6159.624023, 275.774963, 10338.786133> ... Lifespan: Set to 120 minutes.
[AirdropContainerFall] Loot Spawned [2] Mag_STANAG_30Rnd @ <6160.909668, 276.096008, 10337.832031> ... Lifespan: Set to 120 minutes.
[AirdropContainerFall] Loot Spawned [3] AKM @ <6158.292969, 275.429993, 10338.732422> ... Lifespan: Set to 120 minutes.
[AirdropContainerFall] Loot Spawned [4] TWP_RemingtonMSR_mag_5Rnd @ <6157.735840, 275.282745, 10338.471680> ... Lifespan: Set to 120 minutes.
[AirdropContainerFall] Loot Spawned [5] TWP_RemingtonMSR_mag_5Rnd @ <6155.534668, 274.966675, 10336.564453> ... Lifespan: Set to 120 minutes.
[AirdropContainerFall] Loot Spawned [6] TWP_P90Shallow_Grave @ <6158.401367, 275.447998, 10337.894531> ... Lifespan: Set to 120 minutes.
[AirdropContainerFall] Loot Spawned [7] TWP_ArexZero @ <6159.816895, 275.790649, 10335.938477> ... Lifespan: Set to 120 minutes.
[AirdropContainerFall] Loot Spawned [8] AmmoBox_762x54_20Rnd @ <6157.987305, 275.357513, 10339.284180> ... Lifespan: Set to 120 minutes.
[AirdropContainerFall] Loot Spawned [9] TWP_RemingtonMSR_mag_5Rnd @ <6158.701660, 275.534485, 10338.629883> ... Lifespan: Set to 120 minutes.
[AirdropContainerFall] Loot Spawned [10] TWP_P90Shallow_Grave @ <6157.958496, 275.338715, 10338.337891> ... Lifespan: Set to 120 minutes.
[AirdropContainerFall] Loot Spawned [11] TWP_RemingtonMSR @ <6155.865723, 275.003204, 10336.510742> ... Lifespan: Set to 120 minutes.
[AirdropContainerFall] Loot Spawned [12] TWP_P8 @ <6160.465332, 275.979950, 10337.730469> ... Lifespan: Set to 120 minutes.
[AirdropContainerFall] Loot Spawned [13] M4A1 @ <6156.499023, 275.094940, 10337.917969> ... Lifespan: Set to 120 minutes.
[AirdropContainerFall] Loot Spawned [14] AmmoBox_762x54_20Rnd @ <6159.898926, 275.827393, 10337.235352> ... Lifespan: Set to 120 minutes.
[AirdropContainerFall] Loot Spawned [15] AKM @ <6159.288086, 275.671112, 10337.375000> ... Lifespan: Set to 120 minutes.
[AirdropContainerFall] Loot Spawned [16] TWP_P8_mag_15Rnd @ <6155.950684, 275.008545, 10334.996094> ... Lifespan: Set to 120 minutes.
[AirdropContainerFall] Loot Spawned [17] TWP_USPPsychodelic @ <6158.549316, 275.461792, 10335.856445> ... Lifespan: Set to 120 minutes.
[AirdropContainerFall] Loot Spawned [18] LandMineTrap @ <6159.645020, 275.780914, 10338.827148> ... Lifespan: Set to 120 minutes.
[AirdropContainerFall] Loot Spawned [19] AKM @ <6159.114746, 275.642029, 10338.690430> ... Lifespan: Set to 120 minutes.
[AirdropContainerFall] Loot Spawned [20] LandMineTrap @ <6158.512695, 275.483582, 10338.462891> ... Lifespan: Set to 120 minutes.
[AirdropContainerUnstuck] Container was unstuck.
[~AirdropContainerBase] Container Destroyed on 2021-03-17 @ 04-00-54
