[AirdropPlane] Aircraft created on 2021-03-12 @ 03-04-37
[InitializeAircraft] Aircraft Initialized: Krasnostav @ 12159/12583 (true)
[EOnBeforeDrop] The Aircraft is 1 Km from Krasnostav. @ <13579.421875, 188.849243, 12104.144531>
[EOnDrop] Zombie Spawned [1] ZmbM_PatrolNormal_Autumn @ <12238.748047, 140.500000, 12576.973633> ... Lifespan:  Set to 120 minutes.
[EOnDrop] Zombie Spawned [2] ZmbM_PatrolNormal_Summer @ <12271.918945, 140.500000, 12556.050781> ... Lifespan:  Set to 120 minutes.
[EOnDrop] Zombie Spawned [3] ZmbM_PatrolNormal_Summer @ <12221.644531, 140.500000, 12586.110352> ... Lifespan:  Set to 120 minutes.
[EOnDrop] Zombie Spawned [4] ZmbM_PatrolNormal_PautRev @ <12232.827148, 140.500000, 12551.095703> ... Lifespan:  Set to 120 minutes.
[EOnDrop] Zombie Spawned [5] ZmbM_SoldierNormal @ <12206.254883, 140.500000, 12523.618164> ... Lifespan:  Set to 120 minutes.
[EOnDrop] Zombie Spawned [6] ZmbM_PatrolNormal_Autumn @ <12262.892578, 140.500000, 12550.199219> ... Lifespan:  Set to 120 minutes.
[EOnDrop] Zombie Spawned [7] ZmbM_PatrolNormal_Autumn @ <12272.241211, 140.500000, 12589.785156> ... Lifespan:  Set to 120 minutes.
[EOnDrop] Zombie Spawned [8] ZmbM_PatrolNormal_PautRev @ <12234.556641, 140.500000, 12523.239258> ... Lifespan:  Set to 120 minutes.
[EOnDrop] Zombie Spawned [9] ZmbM_PatrolNormal_Summer @ <12261.899414, 140.500000, 12525.609375> ... Lifespan:  Set to 120 minutes.
[EOnDrop] Zombie Spawned [10] ZmbM_PatrolNormal_Autumn @ <12252.494141, 140.500000, 12531.000977> ... Lifespan:  Set to 120 minutes.
[EOnDrop] Zombie Spawned [11] ZmbM_SoldierNormal @ <12239.054688, 140.500000, 12553.529297> ... Lifespan:  Set to 120 minutes.
[EOnDrop] Zombie Spawned [12] ZmbM_PatrolNormal_Autumn @ <12232.277344, 140.500000, 12552.347656> ... Lifespan:  Set to 120 minutes.
[EOnDrop] Zombie Spawned [13] ZmbM_SoldierNormal @ <12248.824219, 140.500000, 12541.771484> ... Lifespan:  Set to 120 minutes.
[EOnDrop] Zombie Spawned [14] ZmbM_PatrolNormal_Autumn @ <12203.875977, 140.500000, 12580.590820> ... Lifespan:  Set to 120 minutes.
[EOnDrop] Zombie Spawned [15] ZmbM_PatrolNormal_Flat @ <12234.825195, 140.500000, 12550.571289> ... Lifespan:  Set to 120 minutes.
[EOnDrop] Zombie Spawned [16] ZmbM_PatrolNormal_Summer @ <12266.058594, 140.500000, 12564.787109> ... Lifespan:  Set to 120 minutes.
[EOnDrop] Zombie Spawned [17] ZmbM_PatrolNormal_PautRev @ <12274.641602, 140.500000, 12537.281250> ... Lifespan:  Set to 120 minutes.
[EOnDrop] Zombie Spawned [18] ZmbM_PatrolNormal_PautRev @ <12224.599609, 140.500000, 12544.550781> ... Lifespan:  Set to 120 minutes.
[EOnDrop] Zombie Spawned [19] ZmbM_PatrolNormal_PautRev @ <12257.604492, 140.500000, 12556.884766> ... Lifespan:  Set to 120 minutes.
[EOnDrop] Zombie Spawned [20] ZmbM_PatrolNormal_PautRev @ <12238.877930, 140.500000, 12559.538086> ... Lifespan:  Set to 120 minutes.
[EOnDrop] Zombie Spawned [21] ZmbM_PatrolNormal_PautRev @ <12220.408203, 140.500000, 12590.935547> ... Lifespan:  Set to 120 minutes.
[EOnDrop] Zombie Spawned [22] ZmbM_PatrolNormal_PautRev @ <12252.290039, 140.500000, 12557.613281> ... Lifespan:  Set to 120 minutes.
[EOnDrop] Zombie Spawned [23] ZmbM_SoldierNormal @ <12205.397461, 140.500000, 12547.737305> ... Lifespan:  Set to 120 minutes.
[EOnDrop] Zombie Spawned [24] ZmbM_SoldierNormal @ <12211.642578, 140.500000, 12547.660156> ... Lifespan:  Set to 120 minutes.
[EOnDrop] Zombie Spawned [25] ZmbM_PatrolNormal_Autumn @ <12254.301758, 140.500000, 12558.910156> ... Lifespan:  Set to 120 minutes.
[EOnDrop] Zombie Spawned [26] ZmbM_PatrolNormal_Autumn @ <12248.697266, 140.500000, 12548.213867> ... Lifespan:  Set to 120 minutes.
[EOnDrop] Zombie Spawned [27] ZmbM_PatrolNormal_Autumn @ <12205.237305, 140.500000, 12554.773438> ... Lifespan:  Set to 120 minutes.
[EOnDrop] Zombie Spawned [28] ZmbM_PatrolNormal_Flat @ <12247.426758, 140.500000, 12547.501953> ... Lifespan:  Set to 120 minutes.
[EOnDrop] Zombie Spawned [29] ZmbM_PatrolNormal_Flat @ <12275.404297, 140.500000, 12576.727539> ... Lifespan:  Set to 120 minutes.
[EOnDrop] Zombie Spawned [30] ZmbM_SoldierNormal @ <12271.320313, 140.500000, 12565.158203> ... Lifespan:  Set to 120 minutes.
[EOnDrop] Zombie Spawned [31] ZmbM_PatrolNormal_Autumn @ <12200.936523, 140.500000, 12562.446289> ... Lifespan:  Set to 120 minutes.
[EOnDrop] Zombie Spawned [32] ZmbM_PatrolNormal_Autumn @ <12252.276367, 140.500000, 12540.635742> ... Lifespan:  Set to 120 minutes.
[EOnDrop] Zombie Spawned [33] ZmbM_PatrolNormal_Flat @ <12207.187500, 140.500000, 12552.970703> ... Lifespan:  Set to 120 minutes.
[EOnDrop] Zombie Spawned [34] ZmbM_PatrolNormal_PautRev @ <12234.287109, 140.500000, 12584.172852> ... Lifespan:  Set to 120 minutes.
[EOnDrop] Zombie Spawned [35] ZmbM_PatrolNormal_Flat @ <12259.147461, 140.500000, 12568.776367> ... Lifespan:  Set to 120 minutes.
[EOnDrop] Drop spawned with 35 infected at <12244.890625, 282.348267, 12553.978516>.
[EOnDrop] Supplies have been dropped near Krasnostav.
[EOnBeforeDelete] Aircraft despawned @ <952.562500, 591.279846, 16360.313477>
[~AirdropPlane] Aircraft destroyed.
