[AirdropPlane] Aircraft created on 2021-02-08 @ 03-05-21
[InitializeAircraft] Aircraft Initialized: Berezino @ 11464/8908 (true)
[EOnBeforeDrop] The Aircraft is 1 Km from Berezino. @ <10664.469727, 250.292908, 10176.539063>
[EOnDrop] Zombie Spawned [1] ZmbF_JoggerSkinny_Red @ <11396.380859, 110.464874, 8995.891602> ... Lifespan:  Set to 120 minutes.
[EOnDrop] Zombie Spawned [2] ZmbM_JoggerSkinny_Blue @ <11443.499023, 106.616936, 8986.997070> ... Lifespan:  Set to 120 minutes.
[EOnDrop] Zombie Spawned [3] ZmbF_ParamedicNormal_Red @ <11371.376953, 113.232864, 8995.842773> ... Lifespan:  Set to 120 minutes.
[EOnDrop] Zombie Spawned [4] ZmbF_CitizenANormal_Beige @ <11390.709961, 111.294998, 8993.266602> ... Lifespan:  Set to 120 minutes.
[EOnDrop] Zombie Spawned [5] ZmbM_Jacket_stripes @ <11423.212891, 110.535118, 8962.008789> ... Lifespan:  Set to 120 minutes.
[EOnDrop] Zombie Spawned [6] ZmbF_ShortSkirt_yellow @ <11425.894531, 108.213745, 8987.778320> ... Lifespan:  Set to 120 minutes.
[EOnDrop] Zombie Spawned [7] ZmbF_PoliceWomanNormal @ <11421.076172, 110.345543, 8966.739258> ... Lifespan:  Set to 120 minutes.
[EOnDrop] Zombie Spawned [8] ZmbF_ParamedicNormal_Red @ <11411.518555, 112.395538, 8959.613281> ... Lifespan:  Set to 120 minutes.
[EOnDrop] Zombie Spawned [9] ZmbM_CitizenASkinny_Red @ <11443.633789, 106.046120, 8993.285156> ... Lifespan:  Set to 120 minutes.
[EOnDrop] Zombie Spawned [10] ZmbF_PatientOld @ <11394.764648, 114.624428, 8951.767578> ... Lifespan:  Set to 120 minutes.
[EOnDrop] Zombie Spawned [11] ZmbM_SkaterYoung_Green @ <11436.264648, 111.621704, 8941.017578> ... Lifespan:  Set to 120 minutes.
[EOnDrop] Zombie Spawned [12] ZmbF_SkaterYoung_Brown @ <11452.940430, 104.675606, 8998.138672> ... Lifespan:  Set to 120 minutes.
[EOnDrop] Zombie Spawned [13] ZmbF_ShortSkirt_checks @ <11427.787109, 108.396133, 8983.252930> ... Lifespan:  Set to 120 minutes.
[EOnDrop] Zombie Spawned [14] ZmbM_SkaterYoung_Green @ <11410.321289, 114.401474, 8945.308594> ... Lifespan:  Set to 120 minutes.
[EOnDrop] Zombie Spawned [15] ZmbF_Clerk_Normal_Red @ <11444.375000, 105.390739, 9000.240234> ... Lifespan:  Set to 120 minutes.
[EOnDrop] Zombie Spawned [16] ZmbM_ParamedicNormal_Green @ <11442.604492, 110.628281, 8947.810547> ... Lifespan:  Set to 120 minutes.
[EOnDrop] Zombie Spawned [17] ZmbF_Clerk_Normal_White @ <11419.921875, 108.836090, 8987.041016> ... Lifespan:  Set to 120 minutes.
[EOnDrop] Zombie Spawned [18] ZmbM_CommercialPilotOld_Olive @ <11390.217773, 112.672424, 8977.001953> ... Lifespan:  Set to 120 minutes.
[EOnDrop] Zombie Spawned [19] ZmbM_ParamedicNormal_Red @ <11429.478516, 106.999939, 8999.721680> ... Lifespan:  Set to 120 minutes.
[EOnDrop] Zombie Spawned [20] ZmbF_JournalistNormal_White @ <11413.906250, 111.622017, 8962.477539> ... Lifespan:  Set to 120 minutes.
[EOnDrop] Drop spawned with 20 infected at <11417.512695, 250.141876, 8979.687500>.
[EOnDrop] Supplies have been dropped near Berezino.
[EOnBeforeDelete] Aircraft despawned @ <16360.063477, 152.000610, 1124.602051>
[~AirdropPlane] Aircraft destroyed.
