[InitializeContainer] Container created on 2021-04-03 @ 01-48-28
[InitializeContainer] Winds: Vector <9.780395, 0.000000, -2.850940>, Speed 10.1874mps, Strength 0.1
[AirdropContainerFall] Drop Type 'Food/Medical', Container: 'AirdropContainer_Medical', Mode/Quantity/Iems: Random/20/11, Flare:  10%
[AirdropContainerFall] Loot Spawned [1] PeachesCan @ <2423.908203, 202.039780, 5457.824219> ... Lifespan: Set to 120 minutes.
[AirdropContainerFall] Loot Spawned [2] VitaminBottle @ <2424.690430, 202.255325, 5460.611328> ... Lifespan: Set to 120 minutes.
[AirdropContainerFall] Loot Spawned [3] VitaminBottle @ <2427.116943, 202.098877, 5460.091309> ... Lifespan: Set to 120 minutes.
[AirdropContainerFall] Loot Spawned [4] ToxicCure @ <2426.318604, 202.063858, 5459.294434> ... Lifespan: Set to 120 minutes.
[AirdropContainerFall] Loot Spawned [5] SpaghettiCan @ <2424.354980, 202.293121, 5460.863770> ... Lifespan: Set to 120 minutes.
[AirdropContainerFall] Loot Spawned [6] ToxicCure @ <2426.072266, 202.113953, 5459.729980> ... Lifespan: Set to 120 minutes.
[AirdropContainerFall] Loot Spawned [7] ToxicCure @ <2425.258301, 201.940704, 5457.377441> ... Lifespan: Set to 120 minutes.
[AirdropContainerFall] Loot Spawned [8] VitaminBottle @ <2423.170898, 202.116104, 5458.312012> ... Lifespan: Set to 120 minutes.
[AirdropContainerFall] Loot Spawned [9] TunaCan @ <2426.995605, 202.041641, 5459.389160> ... Lifespan: Set to 120 minutes.
[AirdropContainerFall] Loot Spawned [10] VitaminBottle @ <2425.372314, 202.302032, 5461.479980> ... Lifespan: Set to 120 minutes.
[AirdropContainerFall] Loot Spawned [11] ToxicM18SmokeGrenade_Purple @ <2423.325928, 202.089859, 5458.098633> ... Lifespan: Set to 120 minutes.
[AirdropContainerFall] Loot Spawned [12] TacticalBaconCan @ <2426.504395, 202.106110, 5459.861328> ... Lifespan: Set to 120 minutes.
[AirdropContainerFall] Loot Spawned [13] SpaghettiCan @ <2422.762451, 202.183472, 5458.854980> ... Lifespan: Set to 120 minutes.
[AirdropContainerFall] Loot Spawned [14] SpaghettiCan @ <2424.385498, 202.018372, 5457.812988> ... Lifespan: Set to 120 minutes.
[AirdropContainerFall] Loot Spawned [15] ToxicCure @ <2426.159668, 202.070404, 5459.287109> ... Lifespan: Set to 120 minutes.
[AirdropContainerFall] Loot Spawned [16] Canteen @ <2424.255859, 202.326889, 5461.191895> ... Lifespan: Set to 120 minutes.
[AirdropContainerFall] Loot Spawned [17] TacticalBaconCan @ <2426.380615, 202.125519, 5460.015625> ... Lifespan: Set to 120 minutes.
[AirdropContainerFall] Loot Spawned [18] Canteen @ <2423.810791, 201.964737, 5456.963379> ... Lifespan: Set to 120 minutes.
[AirdropContainerFall] Loot Spawned [19] SpaghettiCan @ <2423.053223, 202.210495, 5459.283203> ... Lifespan: Set to 120 minutes.
[AirdropContainerFall] Loot Spawned [20] TacticalBaconCan @ <2425.761475, 201.998413, 5458.278809> ... Lifespan: Set to 120 minutes.
[AirdropContainerUnstuck] Container was unstuck.
[~AirdropContainerBase] Container Destroyed on 2021-04-03 @ 02-48-28
