[AirdropBase] Base class created & settings loaded.
[2021-03-08 @ 09-22-43] ----------------------------------------------------------------------------------------------------
[EOnCallAirdrop] Drop zone asigned: Myshkino <2036.000000, 0.000000, 7491.000000>
[EOnCallAirdrop] Drop zone offset to: <2053.941162, 2438.000000, 7432.005371>
[EOnCallAirdrop] Aircraft spawn point: <-1000.000000, 2438.000000, 11663.311523>
[EOnCallAirdrop] Aircraft bearing ... Angle/Bearing: 2.19984° / 323.958°, Text: 'North/West (324°)'
[EOnCallAirdrop] Aircraft has been dispatched to 'Myshkino' from the North/West (324°).
[2021-03-08 @ 10-23-54] ----------------------------------------------------------------------------------------------------
[EOnCallAirdrop] Drop zone asigned: Stary Sobor <5823.000000, 0.000000, 7764.000000>
[EOnCallAirdrop] Drop zone offset to: <5814.859863, 2438.000000, 7816.700195>
[EOnCallAirdrop] Aircraft spawn point: <3098.013184, 2438.000000, -1000.000000>
[EOnCallAirdrop] Aircraft bearing ... Angle/Bearing: -1.87225° / 197.272°, Text: 'South (197°)'
[EOnCallAirdrop] Aircraft has been dispatched to 'Stary Sobor' from the South (197°).
[2021-03-08 @ 11-25-05] ----------------------------------------------------------------------------------------------------
[EOnCallAirdrop] Drop zone asigned: Skalisty Island <13452.000000, 0.000000, 3112.000000>
[EOnCallAirdrop] Drop zone offset to: <13405.112305, 2438.000000, 3173.717041>
[EOnCallAirdrop] Aircraft spawn point: <16360.000000, 2438.000000, 1279.205322>
[EOnCallAirdrop] Aircraft bearing ... Angle/Bearing: -0.562373° / 122.222°, Text: 'South/East (122°)'
[EOnCallAirdrop] Aircraft has been dispatched to 'Skalisty Island' from the South/East (122°).
[2021-03-08 @ 12-26-16] ----------------------------------------------------------------------------------------------------
[EOnCallAirdrop] Drop zone asigned: Northwest Airfield <4807.000000, 0.000000, 9812.000000>
[EOnCallAirdrop] Drop zone offset to: <4856.454102, 2438.000000, 9791.657227>
[EOnCallAirdrop] Aircraft spawn point: <16360.000000, 2438.000000, 2074.437012>
[EOnCallAirdrop] Aircraft bearing ... Angle/Bearing: -0.590131° / 123.812°, Text: 'South/East (124°)'
[EOnCallAirdrop] Aircraft has been dispatched to 'Northwest Airfield' from the South/East (124°).
[2021-03-08 @ 13-27-27] ----------------------------------------------------------------------------------------------------
[EOnCallAirdrop] Drop zone asigned: Novodmitrovsk <11125.000000, 0.000000, 14040.000000>
[EOnCallAirdrop] Drop zone offset to: <11113.429688, 2438.000000, 13991.748047>
[EOnCallAirdrop] Aircraft spawn point: <-134.304642, 2438.000000, 16360.000000>
[EOnCallAirdrop] Aircraft bearing ... Angle/Bearing: 2.93838° / 281.643°, Text: 'West (282°)'
[EOnCallAirdrop] Aircraft has been dispatched to 'Novodmitrovsk' from the West (282°).
