[InitializeContainer] Container created on 2021-02-14 @ 18-24-00
[InitializeContainer] Winds: Vector <7.962692, 0.000000, -4.989033>, Speed 9.39654mps, Strength 0.1
[AirdropContainerFall] Drop Type 'Food/Medical', Container: 'AirdropContainer_Medical', Mode/Quantity/Iems: Random/20/11, Flare:  10%
[AirdropContainerFall] Loot Spawned [1] PeachesCan @ <11117.675781, 119.661407, 13962.317383> ... Lifespan: Set to 120 minutes.
[AirdropContainerFall] Loot Spawned [2] TacticalBaconCan @ <11115.522461, 119.353897, 13962.820313> ... Lifespan: Set to 120 minutes.
[AirdropContainerFall] Loot Spawned [3] PeachesCan @ <11115.010742, 119.389000, 13961.763672> ... Lifespan: Set to 120 minutes.
[AirdropContainerFall] Loot Spawned [4] ToxicCure @ <11115.220703, 119.352814, 13962.434570> ... Lifespan: Set to 120 minutes.
[AirdropContainerFall] Loot Spawned [5] ToxicCure @ <11116.993164, 119.747704, 13960.480469> ... Lifespan: Set to 120 minutes.
[AirdropContainerFall] Loot Spawned [6] ToxicCure @ <11116.889648, 119.311493, 13964.590820> ... Lifespan: Set to 120 minutes.
[AirdropContainerFall] Loot Spawned [7] TunaCan @ <11117.250977, 119.845032, 13959.761719> ... Lifespan: Set to 120 minutes.
[AirdropContainerFall] Loot Spawned [8] BakedBeansCan @ <11114.689453, 119.447151, 13960.901367> ... Lifespan: Set to 120 minutes.
[AirdropContainerFall] Loot Spawned [9] TunaCan @ <11114.525391, 119.261307, 13962.807617> ... Lifespan: Set to 120 minutes.
[AirdropContainerFall] Loot Spawned [10] Marmalade @ <11113.844727, 119.305870, 13961.849609> ... Lifespan: Set to 120 minutes.
[AirdropContainerFall] Loot Spawned [11] Canteen @ <11114.299805, 119.468826, 13960.395508> ... Lifespan: Set to 120 minutes.
[AirdropContainerFall] Loot Spawned [12] PeachesCan @ <11115.465820, 119.332100, 13962.982422> ... Lifespan: Set to 120 minutes.
[AirdropContainerFall] Loot Spawned [13] Marmalade @ <11116.343750, 119.709846, 13960.034180> ... Lifespan: Set to 120 minutes.
[AirdropContainerFall] Loot Spawned [14] PeachesCan @ <11116.014648, 119.611763, 13960.666992> ... Lifespan: Set to 120 minutes.
[AirdropContainerFall] Loot Spawned [15] VitaminBottle @ <11116.069336, 119.421677, 13962.805664> ... Lifespan: Set to 120 minutes.
[AirdropContainerFall] Loot Spawned [16] SpaghettiCan @ <11117.113281, 119.843864, 13959.592773> ... Lifespan: Set to 120 minutes.
[AirdropContainerFall] Loot Spawned [17] PeachesCan @ <11118.741211, 119.900711, 13961.122070> ... Lifespan: Set to 120 minutes.
[AirdropContainerFall] Loot Spawned [18] TunaCan @ <11118.236328, 119.766136, 13961.879883> ... Lifespan: Set to 120 minutes.
[AirdropContainerFall] Loot Spawned [19] Canteen @ <11116.658203, 119.450989, 13963.263672> ... Lifespan: Set to 120 minutes.
[AirdropContainerFall] Loot Spawned [20] PeachesCan @ <11114.665039, 119.396866, 13961.431641> ... Lifespan: Set to 120 minutes.
[AirdropContainerFall] Airdrop Flare Spawned @ <11118.250000, 119.520088, 13963.896484> ... Lifespan: Set to 120 minutes.
[AirdropContainerUnstuck] Container was unstuck.
[~AirdropContainerBase] Container Destroyed on 2021-02-14 @ 18-39-12
