[AirdropBase] Base class created & settings loaded.
[2021-02-26 @ 22-23-42] ----------------------------------------------------------------------------------------------------
[EOnCallAirdrop] Drop zone asigned: Berezino <11464.000000, 0.000000, 8908.000000>
[EOnCallAirdrop] Drop zone offset to: <11463.599609, 2438.000000, 8907.819336>
[EOnCallAirdrop] Aircraft spawn point: <16360.000000, 2438.000000, 10229.138672>
[EOnCallAirdrop] Aircraft bearing ... Angle/Bearing: 0.263563° / 74.8989°, Text: 'East (75°)'
[EOnCallAirdrop] Aircraft has been dispatched to 'Berezino' from the East (75°).
[2021-02-26 @ 23-23-47] ----------------------------------------------------------------------------------------------------
[EOnCallAirdrop] Drop zone asigned: Chernogorks <6128.000000, 0.000000, 2497.000000>
[EOnCallAirdrop] Drop zone offset to: <6152.914063, 2438.000000, 2476.107910>
[EOnCallAirdrop] Aircraft spawn point: <14686.887695, 2438.000000, 16360.000000>
[EOnCallAirdrop] Aircraft bearing ... Angle/Bearing: 1.01769° / 31.6908°, Text: 'North/East (32°)'
[EOnCallAirdrop] Aircraft has been dispatched to 'Chernogorks' from the North/East (32°).
[2021-02-27 @ 00-23-57] ----------------------------------------------------------------------------------------------------
[EOnCallAirdrop] Drop zone asigned: Elektrozavodsk <9371.000000, 0.000000, 2229.000000>
[EOnCallAirdrop] Drop zone offset to: <9407.700195, 2438.000000, 2265.420898>
[EOnCallAirdrop] Aircraft spawn point: <6081.324707, 2438.000000, 16360.000000>
[EOnCallAirdrop] Aircraft bearing ... Angle/Bearing: 1.79952° / 346.895°, Text: 'North (347°)'
[EOnCallAirdrop] Aircraft has been dispatched to 'Elektrozavodsk' from the North (347°).
[2021-02-27 @ 01-24-12] ----------------------------------------------------------------------------------------------------
[EOnCallAirdrop] Drop zone asigned: Northwest Airfield <4807.000000, 0.000000, 9812.000000>
[EOnCallAirdrop] Drop zone offset to: <4799.973633, 2438.000000, 9818.367188>
[EOnCallAirdrop] Aircraft spawn point: <16360.000000, 2438.000000, 9064.635742>
[EOnCallAirdrop] Aircraft bearing ... Angle/Bearing: -0.0646001° / 93.7013°, Text: 'East (94°)'
[EOnCallAirdrop] Aircraft has been dispatched to 'Northwest Airfield' from the East (94°).
[2021-02-27 @ 02-24-15] ----------------------------------------------------------------------------------------------------
[EOnCallAirdrop] Drop zone asigned: Berezino <11464.000000, 0.000000, 8908.000000>
[EOnCallAirdrop] Drop zone offset to: <11508.447266, 2438.000000, 8897.379883>
[EOnCallAirdrop] Aircraft spawn point: <-1000.000000, 2438.000000, 9249.006836>
[EOnCallAirdrop] Aircraft bearing ... Angle/Bearing: 3.11424° / 271.567°, Text: 'West (272°)'
[EOnCallAirdrop] Aircraft has been dispatched to 'Berezino' from the West (272°).
[2021-02-27 @ 03-24-23] ----------------------------------------------------------------------------------------------------
[EOnCallAirdrop] Drop zone asigned: Northwest Airfield <4807.000000, 0.000000, 9812.000000>
[EOnCallAirdrop] Drop zone offset to: <4787.438477, 2438.000000, 9861.180664>
[EOnCallAirdrop] Aircraft spawn point: <11288.742188, 2438.000000, 16360.000000>
[EOnCallAirdrop] Aircraft bearing ... Angle/Bearing: 0.790483° / 44.7086°, Text: 'North/East (45°)'
[EOnCallAirdrop] Aircraft has been dispatched to 'Northwest Airfield' from the North/East (45°).
