[InitializeContainer] Container created on 2021-02-04 @ 14-06-48
[InitializeContainer] Winds: Vector <6.067980, 0.000000, -6.246401>, Speed 8.7085mps, Strength 0.1
[AirdropContainerFall] Drop Type 'Military Weapons', Container: 'AirdropContainer_Military', Mode/Quantity/Iems: Random/20/18, Flare:  10%
[AirdropContainerFall] Loot Spawned [1] Mag_STANAG_30Rnd @ <2308.572510, 207.355652, 5474.831543> ... Lifespan: Set to 120 minutes.
[AirdropContainerFall] Loot Spawned [2] MilitaryBoots_Redpunk @ <2309.254395, 206.874741, 5471.886230> ... Lifespan: Set to 120 minutes.
[AirdropContainerFall] Spawn failed for item [3] 'PlateCarrierComplete', does not exist in DayZ!
[AirdropContainerFall] Loot Spawned [4] TacticalBaconCan @ <2310.347900, 207.455612, 5475.111816> ... Lifespan: Set to 120 minutes.
[AirdropContainerFall] Loot Spawned [5] AmmoBox_762x39_20Rnd @ <2307.770996, 207.259064, 5474.416016> ... Lifespan: Set to 120 minutes.
[AirdropContainerFall] Loot Spawned [6] LargeTent @ <2312.297363, 207.362946, 5474.427246> ... Lifespan: Set to 120 minutes.
[AirdropContainerFall] Loot Spawned [7] Mag_STANAG_30Rnd @ <2311.797363, 207.067642, 5472.820313> ... Lifespan: Set to 120 minutes.
[AirdropContainerFall] Loot Spawned [8] Mag_AKM_30Rnd @ <2313.153320, 207.386276, 5474.479980> ... Lifespan: Set to 120 minutes.
[AirdropContainerFall] Loot Spawned [9] MilitaryBoots_Redpunk @ <2308.530762, 207.405853, 5475.140137> ... Lifespan: Set to 120 minutes.
[AirdropContainerFall] Loot Spawned [10] M4A1 @ <2312.046143, 207.442352, 5474.887207> ... Lifespan: Set to 120 minutes.
[AirdropContainerFall] Loot Spawned [11] AmmoBox_762x39_20Rnd @ <2312.335205, 207.089706, 5472.916992> ... Lifespan: Set to 120 minutes.
[AirdropContainerFall] Loot Spawned [12] TTSKOPants @ <2309.408936, 207.521362, 5475.669922> ... Lifespan: Set to 120 minutes.
[AirdropContainerFall] Loot Spawned [13] AKM @ <2312.246338, 207.377487, 5474.511719> ... Lifespan: Set to 120 minutes.
[AirdropContainerFall] Loot Spawned [14] AKM @ <2309.600098, 207.329071, 5474.483398> ... Lifespan: Set to 120 minutes.
[AirdropContainerFall] Loot Spawned [15] Mosin_Bayonet @ <2308.781738, 207.120453, 5473.414551> ... Lifespan: Set to 120 minutes.
[AirdropContainerFall] Loot Spawned [16] AKM @ <2312.217041, 206.993240, 5472.371094> ... Lifespan: Set to 120 minutes.
[AirdropContainerFall] Loot Spawned [17] M4A1 @ <2308.283447, 207.316071, 5474.654297> ... Lifespan: Set to 120 minutes.
[AirdropContainerFall] Loot Spawned [18] Mosin_Compensator @ <2307.889404, 207.199799, 5474.046875> ... Lifespan: Set to 120 minutes.
[AirdropContainerFall] Spawn failed for item [19] 'PlateCarrierComplete', does not exist in DayZ!
[AirdropContainerFall] Loot Spawned [20] LargeTent @ <2312.028564, 207.269073, 5473.933105> ... Lifespan: Set to 120 minutes.
[AirdropContainerUnstuck] Container was unstuck.
[~AirdropContainerBase] Container Destroyed on 2021-02-04 @ 15-07-09
