[InitializeContainer] Container created on 2021-02-06 @ 13-07-54
[InitializeContainer] Winds: Vector <11.284028, 0.000000, 4.035484>, Speed 11.9839mps, Strength 0.1
[AirdropContainerFall] Drop Type 'Military Weapons', Container: 'AirdropContainer_Military', Mode/Quantity/Iems: Random/20/18, Flare:  10%
[AirdropContainerFall] Loot Spawned [1] Mag_AKM_30Rnd @ <4954.380371, 9.550000, 2477.668945> ... Lifespan: Set to 120 minutes.
[AirdropContainerFall] Loot Spawned [2] AKM @ <4953.214844, 9.550000, 2480.713867> ... Lifespan: Set to 120 minutes.
[AirdropContainerFall] Loot Spawned [3] LargeTent @ <4953.646973, 9.550000, 2478.502686> ... Lifespan: Set to 120 minutes.
[AirdropContainerFall] Loot Spawned [4] AmmoBox_762x39_20Rnd @ <4952.272461, 9.550000, 2481.253174> ... Lifespan: Set to 120 minutes.
[AirdropContainerFall] Loot Spawned [5] AmmoBox_762x39_20Rnd @ <4950.770508, 9.550000, 2477.803223> ... Lifespan: Set to 120 minutes.
[AirdropContainerFall] Loot Spawned [6] Izh18 @ <4954.304688, 9.550000, 2478.182861> ... Lifespan: Set to 120 minutes.
[AirdropContainerFall] Loot Spawned [7] AmmoBox_762x39_20Rnd @ <4950.620605, 9.550000, 2481.119141> ... Lifespan: Set to 120 minutes.
[AirdropContainerFall] Loot Spawned [8] AKM @ <4952.628418, 9.550000, 2480.597168> ... Lifespan: Set to 120 minutes.
[AirdropContainerFall] Loot Spawned [9] LargeTent @ <4951.696777, 9.550000, 2480.637695> ... Lifespan: Set to 120 minutes.
[AirdropContainerFall] Loot Spawned [10] Mag_STANAG_30Rnd @ <4950.194824, 9.550000, 2477.323486> ... Lifespan: Set to 120 minutes.
[AirdropContainerFall] Loot Spawned [11] MilitaryBoots_Redpunk @ <4949.362305, 9.550000, 2478.457275> ... Lifespan: Set to 120 minutes.
[AirdropContainerFall] Loot Spawned [12] AKM @ <4952.626465, 9.550000, 2481.489258> ... Lifespan: Set to 120 minutes.
[AirdropContainerFall] Loot Spawned [13] Izh18 @ <4950.913086, 9.550000, 2480.447021> ... Lifespan: Set to 120 minutes.
[AirdropContainerFall] Loot Spawned [14] TacticalBaconCan @ <4951.050781, 9.550000, 2480.243652> ... Lifespan: Set to 120 minutes.
[AirdropContainerFall] Loot Spawned [15] AmmoBox_762x39_20Rnd @ <4953.682129, 9.550000, 2479.145264> ... Lifespan: Set to 120 minutes.
[AirdropContainerFall] Loot Spawned [16] TacticalBaconCan @ <4950.693359, 9.550000, 2477.711670> ... Lifespan: Set to 120 minutes.
[AirdropContainerFall] Loot Spawned [17] LandMineTrap @ <4953.331543, 9.550000, 2479.607666> ... Lifespan: Set to 120 minutes.
[AirdropContainerFall] Loot Spawned [18] Mag_AKM_30Rnd @ <4951.275391, 9.550000, 2480.745850> ... Lifespan: Set to 120 minutes.
[AirdropContainerFall] Loot Spawned [19] AmmoBox_762x39_20Rnd @ <4953.291504, 9.550000, 2478.408447> ... Lifespan: Set to 120 minutes.
[AirdropContainerFall] Loot Spawned [20] AKM @ <4951.948242, 9.550000, 2480.421631> ... Lifespan: Set to 120 minutes.
[AirdropContainerUnstuck] Container was unstuck.
[~AirdropContainerBase] Container Destroyed on 2021-02-06 @ 14-08-37
