[AirdropPlane] Aircraft created on 2021-02-24 @ 23-37-19
[InitializeAircraft] Aircraft Initialized: Sosnovka @ 2700/6193 (true)
[EOnBeforeDrop] The Aircraft is 1 Km from Sosnovka. @ <3921.008789, 425.216125, 5323.770508>
[EOnDrop] Zombie Spawned [1] ZmbM_PatrolNormal_PautRev @ <2765.252197, 302.953918, 6179.206055> ... Lifespan:  Set to 120 minutes.
[EOnDrop] Zombie Spawned [2] ZmbM_SoldierNormal @ <2776.935547, 296.414124, 6131.121094> ... Lifespan:  Set to 120 minutes.
[EOnDrop] Zombie Spawned [3] ZmbM_PatrolNormal_Flat @ <2759.038330, 291.868286, 6102.425293> ... Lifespan:  Set to 120 minutes.
[EOnDrop] Zombie Spawned [4] ZmbM_SoldierNormal @ <2751.209473, 302.913727, 6176.825684> ... Lifespan:  Set to 120 minutes.
[EOnDrop] Zombie Spawned [5] ZmbM_SoldierNormal @ <2751.875488, 295.290253, 6120.812500> ... Lifespan:  Set to 120 minutes.
[EOnDrop] Zombie Spawned [6] ZmbM_PatrolNormal_Autumn @ <2767.630127, 297.303406, 6135.409668> ... Lifespan:  Set to 120 minutes.
[EOnDrop] Zombie Spawned [7] ZmbM_SoldierNormal @ <2823.894043, 295.061523, 6136.612305> ... Lifespan:  Set to 120 minutes.
[EOnDrop] Zombie Spawned [8] ZmbM_SoldierNormal @ <2783.733887, 295.392731, 6127.052246> ... Lifespan:  Set to 120 minutes.
[EOnDrop] Zombie Spawned [9] ZmbM_SoldierNormal @ <2778.949463, 295.573883, 6125.890625> ... Lifespan:  Set to 120 minutes.
[EOnDrop] Zombie Spawned [10] ZmbM_PatrolNormal_PautRev @ <2765.144043, 296.712311, 6130.755371> ... Lifespan:  Set to 120 minutes.
[EOnDrop] Zombie Spawned [11] ZmbM_PatrolNormal_PautRev @ <2820.232910, 299.474243, 6161.878906> ... Lifespan:  Set to 120 minutes.
[EOnDrop] Zombie Spawned [12] ZmbM_PatrolNormal_PautRev @ <2798.589111, 297.155396, 6146.255859> ... Lifespan:  Set to 120 minutes.
[EOnDrop] Zombie Spawned [13] ZmbM_PatrolNormal_Flat @ <2786.291260, 298.745667, 6150.554688> ... Lifespan:  Set to 120 minutes.
[EOnDrop] Zombie Spawned [14] ZmbM_SoldierNormal @ <2800.198975, 293.660980, 6126.323730> ... Lifespan:  Set to 120 minutes.
[EOnDrop] Zombie Spawned [15] ZmbM_SoldierNormal @ <2790.261230, 293.580963, 6119.012695> ... Lifespan:  Set to 120 minutes.
[EOnDrop] Zombie Spawned [16] ZmbM_PatrolNormal_Summer @ <2768.760010, 297.022308, 6133.543945> ... Lifespan:  Set to 120 minutes.
[EOnDrop] Zombie Spawned [17] ZmbM_PatrolNormal_Autumn @ <2798.865234, 298.260101, 6152.892578> ... Lifespan:  Set to 120 minutes.
[EOnDrop] Zombie Spawned [18] ZmbM_PatrolNormal_PautRev @ <2761.191650, 296.266113, 6127.263672> ... Lifespan:  Set to 120 minutes.
[EOnDrop] Zombie Spawned [19] ZmbM_PatrolNormal_Autumn @ <2762.512939, 297.580139, 6136.948730> ... Lifespan:  Set to 120 minutes.
[EOnDrop] Zombie Spawned [20] ZmbM_PatrolNormal_Autumn @ <2812.892334, 293.441010, 6121.019531> ... Lifespan:  Set to 120 minutes.
[EOnDrop] Zombie Spawned [21] ZmbM_PatrolNormal_Flat @ <2759.544922, 294.684937, 6116.913574> ... Lifespan:  Set to 120 minutes.
[EOnDrop] Zombie Spawned [22] ZmbM_PatrolNormal_Autumn @ <2776.186523, 297.989075, 6142.080078> ... Lifespan:  Set to 120 minutes.
[EOnDrop] Zombie Spawned [23] ZmbM_PatrolNormal_PautRev @ <2782.503662, 289.112793, 6099.901367> ... Lifespan:  Set to 120 minutes.
[EOnDrop] Zombie Spawned [24] ZmbM_PatrolNormal_Autumn @ <2740.107422, 296.254395, 6128.088867> ... Lifespan:  Set to 120 minutes.
[EOnDrop] Zombie Spawned [25] ZmbM_PatrolNormal_Summer @ <2783.186279, 295.510925, 6127.483398> ... Lifespan:  Set to 120 minutes.
[EOnDrop] Zombie Spawned [26] ZmbM_PatrolNormal_Summer @ <2789.386230, 298.396790, 6149.617676> ... Lifespan:  Set to 120 minutes.
[EOnDrop] Zombie Spawned [27] ZmbM_PatrolNormal_PautRev @ <2814.963867, 293.615417, 6124.475586> ... Lifespan:  Set to 120 minutes.
[EOnDrop] Zombie Spawned [28] ZmbM_PatrolNormal_Flat @ <2786.196777, 299.448242, 6155.546875> ... Lifespan:  Set to 120 minutes.
[EOnDrop] Zombie Spawned [29] ZmbM_PatrolNormal_PautRev @ <2803.388184, 293.703461, 6128.340332> ... Lifespan:  Set to 120 minutes.
[EOnDrop] Zombie Spawned [30] ZmbM_SoldierNormal @ <2789.784180, 297.720947, 6145.752930> ... Lifespan:  Set to 120 minutes.
[EOnDrop] Zombie Spawned [31] ZmbM_PatrolNormal_Autumn @ <2797.668701, 296.800476, 6143.957031> ... Lifespan:  Set to 120 minutes.
[EOnDrop] Zombie Spawned [32] ZmbM_PatrolNormal_Summer @ <2773.248047, 296.880707, 6133.379883> ... Lifespan:  Set to 120 minutes.
[EOnDrop] Zombie Spawned [33] ZmbM_PatrolNormal_Autumn @ <2738.225586, 293.258423, 6111.747559> ... Lifespan:  Set to 120 minutes.
[EOnDrop] Zombie Spawned [34] ZmbM_PatrolNormal_PautRev @ <2773.128662, 295.783447, 6125.322754> ... Lifespan:  Set to 120 minutes.
[EOnDrop] Zombie Spawned [35] ZmbM_PatrolNormal_Summer @ <2785.377930, 296.206604, 6134.696777> ... Lifespan:  Set to 120 minutes.
[EOnDrop] Zombie Spawned [36] ZmbM_SoldierNormal @ <2821.084473, 299.385406, 6161.378418> ... Lifespan:  Set to 120 minutes.
[EOnDrop] Zombie Spawned [37] ZmbM_PatrolNormal_Flat @ <2754.076660, 291.325348, 6100.409668> ... Lifespan:  Set to 120 minutes.
[EOnDrop] Zombie Spawned [38] ZmbM_PatrolNormal_Summer @ <2769.551758, 296.315155, 6128.398926> ... Lifespan:  Set to 120 minutes.
[EOnDrop] Zombie Spawned [39] ZmbM_PatrolNormal_Flat @ <2758.894287, 298.308319, 6141.940430> ... Lifespan:  Set to 120 minutes.
[EOnDrop] Zombie Spawned [40] ZmbM_SoldierNormal @ <2778.108154, 299.018341, 6149.500000> ... Lifespan:  Set to 120 minutes.
[EOnDrop] Drop spawned with 40 infected at <2779.898438, 431.094849, 6135.912109>.
[EOnDrop] Supplies have been dropped near Sosnovka.
[EOnBeforeDelete] Aircraft despawned @ <-1000.444214, 361.428101, 8825.994141>
[~AirdropPlane] Aircraft destroyed.
