[AirdropPlane] Aircraft created on 2021-02-25 @ 16-42-25
[InitializeAircraft] Aircraft Initialized: Stary Sobor @ 5823/7764 (true)
[EOnBeforeDrop] The Aircraft is 1 Km from Stary Sobor. @ <6135.181152, 486.820587, 9230.089844>
[EOnDrop] Zombie Spawned [1] ZmbF_VillagerOld_Red @ <5825.530762, 316.732666, 7842.596680> ... Lifespan:  Set to 120 minutes.
[EOnDrop] Zombie Spawned [2] ZmbM_HermitSkinny_Black @ <5822.848633, 316.177063, 7831.229492> ... Lifespan:  Set to 120 minutes.
[EOnDrop] Zombie Spawned [3] ZmbM_MotobikerFat_Black @ <5838.622559, 316.434113, 7857.547852> ... Lifespan:  Set to 120 minutes.
[EOnDrop] Zombie Spawned [4] ZmbF_SurvivorNormal_Blue @ <5835.050293, 315.838257, 7843.280762> ... Lifespan:  Set to 120 minutes.
[EOnDrop] Zombie Spawned [5] ZmbF_HikerSkinny_Blue @ <5808.174316, 316.821503, 7801.579590> ... Lifespan:  Set to 120 minutes.
[EOnDrop] Zombie Spawned [6] ZmbF_VillagerOld_White @ <5829.609375, 315.646301, 7833.215820> ... Lifespan:  Set to 120 minutes.
[EOnDrop] Zombie Spawned [7] ZmbM_HikerSkinny_Yellow @ <5840.718262, 315.449585, 7845.154297> ... Lifespan:  Set to 120 minutes.
[EOnDrop] Zombie Spawned [8] ZmbF_HikerSkinny_Red @ <5834.202637, 314.572296, 7822.261230> ... Lifespan:  Set to 120 minutes.
[EOnDrop] Zombie Spawned [9] ZmbF_VillagerOld_Green @ <5860.522949, 313.613190, 7847.434082> ... Lifespan:  Set to 120 minutes.
[EOnDrop] Zombie Spawned [10] ZmbM_HikerSkinny_Blue @ <5816.974609, 318.656067, 7861.503418> ... Lifespan:  Set to 120 minutes.
[EOnDrop] Zombie Spawned [11] ZmbF_SurvivorNormal_Orange @ <5868.895996, 311.723328, 7813.480469> ... Lifespan:  Set to 120 minutes.
[EOnDrop] Zombie Spawned [12] ZmbM_VillagerOld_Green @ <5818.020020, 317.597351, 7845.180176> ... Lifespan:  Set to 120 minutes.
[EOnDrop] Spawn failed for zombie [13] 'ZmbM_SurvivorDean_Grey', it does not exist in DayZ!
[EOnDrop] Spawn failed for zombie [14] 'ZmbM_SurvivorDean_Blue', it does not exist in DayZ!
[EOnDrop] Zombie Spawned [15] ZmbM_VillagerOld_Blue @ <5842.832031, 313.648285, 7809.796387> ... Lifespan:  Set to 120 minutes.
[EOnDrop] Zombie Spawned [16] ZmbF_SurvivorNormal_White @ <5881.673340, 309.337372, 7845.469238> ... Lifespan:  Set to 120 minutes.
[EOnDrop] Zombie Spawned [17] ZmbF_MilkMaidOld_Black @ <5831.606934, 316.125763, 7842.524414> ... Lifespan:  Set to 120 minutes.
[EOnDrop] Zombie Spawned [18] ZmbF_HikerSkinny_Blue @ <5801.747070, 317.721191, 7820.337402> ... Lifespan:  Set to 120 minutes.
[EOnDrop] Zombie Spawned [19] ZmbF_MilkMaidOld_Beige @ <5812.560547, 318.649780, 7855.079102> ... Lifespan:  Set to 120 minutes.
[EOnDrop] Zombie Spawned [20] ZmbM_VillagerOld_Green @ <5815.137695, 316.271545, 7813.494141> ... Lifespan:  Set to 120 minutes.
[EOnDrop] Zombie Spawned [21] ZmbM_HikerSkinny_Yellow @ <5789.273438, 319.594391, 7839.040039> ... Lifespan:  Set to 120 minutes.
[EOnDrop] Zombie Spawned [22] ZmbM_HunterOld_Winter @ <5863.688477, 311.999573, 7820.042480> ... Lifespan:  Set to 120 minutes.
[EOnDrop] Zombie Spawned [23] ZmbF_VillagerOld_Green @ <5836.956543, 315.764038, 7844.557617> ... Lifespan:  Set to 120 minutes.
[EOnDrop] Zombie Spawned [24] ZmbF_VillagerOld_White @ <5856.738281, 313.847107, 7841.711914> ... Lifespan:  Set to 120 minutes.
[EOnDrop] Zombie Spawned [25] ZmbM_FarmerFat_Brown @ <5850.615723, 313.299805, 7798.855469> ... Lifespan:  Set to 120 minutes.
[EOnDrop] Zombie Spawned [26] ZmbM_FarmerFat_Beige @ <5868.398438, 311.854248, 7833.034180> ... Lifespan:  Set to 120 minutes.
[EOnDrop] Zombie Spawned [27] ZmbM_priestPopSkinny @ <5829.110352, 317.166687, 7853.604980> ... Lifespan:  Set to 120 minutes.
[EOnDrop] Zombie Spawned [28] ZmbM_HermitSkinny_Red @ <5834.973633, 314.828552, 7828.932129> ... Lifespan:  Set to 120 minutes.
[EOnDrop] Zombie Spawned [29] ZmbM_HermitSkinny_Black @ <5815.879883, 316.126556, 7809.253418> ... Lifespan:  Set to 120 minutes.
[EOnDrop] Zombie Spawned [30] ZmbM_FarmerFat_Blue @ <5845.547852, 313.446381, 7815.212402> ... Lifespan:  Set to 120 minutes.
[EOnDrop] Zombie Spawned [31] ZmbM_HunterOld_Spring @ <5850.591309, 315.277588, 7863.830078> ... Lifespan:  Set to 120 minutes.
[EOnDrop] Zombie Spawned [32] ZmbF_HikerSkinny_Red @ <5819.851074, 315.666962, 7804.024414> ... Lifespan:  Set to 120 minutes.
[EOnDrop] Zombie Spawned [33] ZmbF_VillagerOld_Blue @ <5841.815430, 313.741516, 7815.524902> ... Lifespan:  Set to 120 minutes.
[EOnDrop] Zombie Spawned [34] ZmbF_MilkMaidOld_Grey @ <5855.979004, 314.112640, 7846.086426> ... Lifespan:  Set to 120 minutes.
[EOnDrop] Zombie Spawned [35] ZmbM_VillagerOld_Green @ <5842.000488, 313.774170, 7818.116211> ... Lifespan:  Set to 120 minutes.
[EOnDrop] Zombie Spawned [36] ZmbM_MotobikerFat_Beige @ <5832.944336, 315.025665, 7828.817383> ... Lifespan:  Set to 120 minutes.
[EOnDrop] Zombie Spawned [37] ZmbM_FarmerFat_Beige @ <5839.349609, 315.539459, 7844.585449> ... Lifespan:  Set to 120 minutes.
[EOnDrop] Zombie Spawned [38] ZmbM_HikerSkinny_Blue @ <5844.501953, 313.539185, 7811.332520> ... Lifespan:  Set to 120 minutes.
[EOnDrop] Zombie Spawned [39] ZmbM_HermitSkinny_Red @ <5878.151855, 310.120789, 7841.588379> ... Lifespan:  Set to 120 minutes.
[EOnDrop] Zombie Spawned [40] ZmbF_SurvivorNormal_White @ <5819.041992, 318.439850, 7860.160645> ... Lifespan:  Set to 120 minutes.
[EOnDrop] Drop spawned with 40 infected at <5837.085449, 455.540924, 7833.917969>.
[EOnDrop] Supplies have been dropped near Stary Sobor.
[EOnBeforeDelete] Aircraft despawned @ <3950.711182, 152.000610, -1001.533813>
[~AirdropPlane] Aircraft destroyed.
