[AirdropPlane] Aircraft created on 2021-03-13 @ 01-55-43
[InitializeAircraft] Aircraft Initialized: Krasnostav @ 12159/12583 (true)
[EOnBeforeDrop] The Aircraft is 1 Km from Krasnostav. @ <10660.750977, 426.932800, 12604.243164>
[EOnDrop] Zombie Spawned [1] ZmbM_PatrolNormal_Summer @ <12088.537109, 140.486130, 12571.721680> ... Lifespan:  Set to 120 minutes.
[EOnDrop] Zombie Spawned [2] ZmbM_PatrolNormal_Summer @ <12058.426758, 140.500000, 12609.251953> ... Lifespan:  Set to 120 minutes.
[EOnDrop] Zombie Spawned [3] ZmbM_PatrolNormal_PautRev @ <12023.556641, 140.500000, 12584.165039> ... Lifespan:  Set to 120 minutes.
[EOnDrop] Zombie Spawned [4] ZmbM_PatrolNormal_Summer @ <12055.637695, 140.500000, 12591.521484> ... Lifespan:  Set to 120 minutes.
[EOnDrop] Zombie Spawned [5] ZmbM_SoldierNormal @ <12070.145508, 140.500000, 12616.384766> ... Lifespan:  Set to 120 minutes.
[EOnDrop] Zombie Spawned [6] ZmbM_PatrolNormal_Flat @ <12066.288086, 140.500000, 12576.532227> ... Lifespan:  Set to 120 minutes.
[EOnDrop] Zombie Spawned [7] ZmbM_PatrolNormal_Autumn @ <12096.043945, 140.500000, 12556.590820> ... Lifespan:  Set to 120 minutes.
[EOnDrop] Zombie Spawned [8] ZmbM_SoldierNormal @ <12076.828125, 140.500000, 12582.978516> ... Lifespan:  Set to 120 minutes.
[EOnDrop] Zombie Spawned [9] ZmbM_PatrolNormal_Autumn @ <12034.393555, 140.500000, 12599.045898> ... Lifespan:  Set to 120 minutes.
[EOnDrop] Zombie Spawned [10] ZmbM_PatrolNormal_PautRev @ <12046.254883, 140.500000, 12624.666016> ... Lifespan:  Set to 120 minutes.
[EOnDrop] Zombie Spawned [11] ZmbM_PatrolNormal_Summer @ <12081.580078, 140.500000, 12601.675781> ... Lifespan:  Set to 120 minutes.
[EOnDrop] Zombie Spawned [12] ZmbM_PatrolNormal_Flat @ <12069.027344, 140.500000, 12579.379883> ... Lifespan:  Set to 120 minutes.
[EOnDrop] Zombie Spawned [13] ZmbM_SoldierNormal @ <12038.369141, 140.500000, 12564.184570> ... Lifespan:  Set to 120 minutes.
[EOnDrop] Zombie Spawned [14] ZmbM_PatrolNormal_Summer @ <12058.444336, 140.500000, 12548.298828> ... Lifespan:  Set to 120 minutes.
[EOnDrop] Zombie Spawned [15] ZmbM_PatrolNormal_Flat @ <12053.223633, 140.500000, 12588.412109> ... Lifespan:  Set to 120 minutes.
[EOnDrop] Zombie Spawned [16] ZmbM_PatrolNormal_Autumn @ <12034.484375, 140.500000, 12550.767578> ... Lifespan:  Set to 120 minutes.
[EOnDrop] Zombie Spawned [17] ZmbM_SoldierNormal @ <12064.643555, 140.500000, 12610.494141> ... Lifespan:  Set to 120 minutes.
[EOnDrop] Zombie Spawned [18] ZmbM_PatrolNormal_Autumn @ <12059.098633, 140.500000, 12561.308594> ... Lifespan:  Set to 120 minutes.
[EOnDrop] Zombie Spawned [19] ZmbM_PatrolNormal_Flat @ <12018.917969, 140.500000, 12564.529297> ... Lifespan:  Set to 120 minutes.
[EOnDrop] Zombie Spawned [20] ZmbM_PatrolNormal_Autumn @ <12036.405273, 140.500000, 12579.865234> ... Lifespan:  Set to 120 minutes.
[EOnDrop] Zombie Spawned [21] ZmbM_PatrolNormal_Flat @ <12050.857422, 140.500000, 12607.994141> ... Lifespan:  Set to 120 minutes.
[EOnDrop] Zombie Spawned [22] ZmbM_PatrolNormal_Autumn @ <12065.568359, 140.500000, 12564.184570> ... Lifespan:  Set to 120 minutes.
[EOnDrop] Zombie Spawned [23] ZmbM_PatrolNormal_Summer @ <12071.901367, 140.500000, 12569.798828> ... Lifespan:  Set to 120 minutes.
[EOnDrop] Zombie Spawned [24] ZmbM_PatrolNormal_PautRev @ <12062.382813, 140.500000, 12572.785156> ... Lifespan:  Set to 120 minutes.
[EOnDrop] Zombie Spawned [25] ZmbM_SoldierNormal @ <12020.361328, 140.500000, 12572.652344> ... Lifespan:  Set to 120 minutes.
[EOnDrop] Zombie Spawned [26] ZmbM_SoldierNormal @ <12061.479492, 140.500000, 12589.207031> ... Lifespan:  Set to 120 minutes.
[EOnDrop] Zombie Spawned [27] ZmbM_PatrolNormal_Flat @ <12058.829102, 140.500000, 12595.722656> ... Lifespan:  Set to 120 minutes.
[EOnDrop] Zombie Spawned [28] ZmbM_PatrolNormal_Autumn @ <12056.120117, 140.500000, 12585.173828> ... Lifespan:  Set to 120 minutes.
[EOnDrop] Zombie Spawned [29] ZmbM_PatrolNormal_Autumn @ <12044.726563, 140.500000, 12606.371094> ... Lifespan:  Set to 120 minutes.
[EOnDrop] Zombie Spawned [30] ZmbM_PatrolNormal_Flat @ <12073.322266, 140.500000, 12550.428711> ... Lifespan:  Set to 120 minutes.
[EOnDrop] Zombie Spawned [31] ZmbM_PatrolNormal_PautRev @ <12072.315430, 140.500000, 12575.408203> ... Lifespan:  Set to 120 minutes.
[EOnDrop] Zombie Spawned [32] ZmbM_PatrolNormal_PautRev @ <12106.181641, 140.500000, 12605.704102> ... Lifespan:  Set to 120 minutes.
[EOnDrop] Zombie Spawned [33] ZmbM_PatrolNormal_PautRev @ <12079.286133, 140.500000, 12610.269531> ... Lifespan:  Set to 120 minutes.
[EOnDrop] Zombie Spawned [34] ZmbM_SoldierNormal @ <12070.823242, 140.500000, 12582.805664> ... Lifespan:  Set to 120 minutes.
[EOnDrop] Zombie Spawned [35] ZmbM_PatrolNormal_Autumn @ <12017.952148, 140.500000, 12599.754883> ... Lifespan:  Set to 120 minutes.
[EOnDrop] Drop spawned with 35 infected at <12062.923828, 283.159302, 12584.364258>.
[EOnDrop] Supplies have been dropped near Krasnostav.
[EOnBeforeDelete] Aircraft despawned @ <16360.091797, 152.000610, 12523.442383>
[~AirdropPlane] Aircraft destroyed.
