[AirdropPlane] Aircraft created on 2021-03-06 @ 05-34-30
[InitializeAircraft] Aircraft Initialized: Novodmitrovsk @ 11125/14040 (true)
[EOnBeforeDrop] The Aircraft is 1 Km from Novodmitrovsk. @ <9627.744141, 304.348480, 14094.580078>
[EOnDrop] Zombie Spawned [1] ZmbM_SkaterYoung_Brown @ <11052.450195, 104.281975, 14035.154297> ... Lifespan:  Set to 120 minutes.
[EOnDrop] Zombie Spawned [2] ZmbF_NurseFat @ <11031.205078, 92.429390, 14080.391602> ... Lifespan:  Set to 120 minutes.
[EOnDrop] Zombie Spawned [3] ZmbM_Jacket_brown @ <11029.302734, 114.056892, 14029.632813> ... Lifespan:  Set to 120 minutes.
[EOnDrop] Zombie Spawned [4] ZmbM_ClerkFat_White @ <11046.828125, 97.077263, 14061.682617> ... Lifespan:  Set to 120 minutes.
[EOnDrop] Zombie Spawned [5] ZmbF_JournalistNormal_Blue @ <11046.309570, 106.169907, 14033.768555> ... Lifespan:  Set to 120 minutes.
[EOnDrop] Zombie Spawned [6] ZmbF_ShortSkirt_stripes @ <11060.331055, 102.714417, 14035.379883> ... Lifespan:  Set to 120 minutes.
[EOnDrop] Zombie Spawned [7] ZmbM_PolicemanFat @ <11010.551758, 106.878021, 14065.454102> ... Lifespan:  Set to 120 minutes.
[EOnDrop] Zombie Spawned [8] ZmbM_Jacket_grey @ <11051.590820, 99.273224, 14050.967773> ... Lifespan:  Set to 120 minutes.
[EOnDrop] Zombie Spawned [9] ZmbM_PatrolNormal_Summer @ <11035.216797, 107.010277, 14043.022461> ... Lifespan:  Set to 120 minutes.
[EOnDrop] Zombie Spawned [10] ZmbM_ParamedicNormal_Blue @ <11073.738281, 94.692574, 14055.587891> ... Lifespan:  Set to 120 minutes.
[EOnDrop] Zombie Spawned [11] ZmbM_CitizenASkinny_Grey @ <11007.849609, 120.168411, 14042.208984> ... Lifespan:  Set to 120 minutes.
[EOnDrop] Zombie Spawned [12] ZmbM_CommercialPilotOld_Grey @ <11047.654297, 104.535797, 14037.386719> ... Lifespan:  Set to 120 minutes.
[EOnDrop] Zombie Spawned [13] ZmbF_SkaterYoung_Striped @ <11007.054688, 124.448082, 14033.234375> ... Lifespan:  Set to 120 minutes.
[EOnDrop] Zombie Spawned [14] ZmbF_ShortSkirt_stripes @ <11056.254883, 109.414185, 14023.193359> ... Lifespan:  Set to 120 minutes.
[EOnDrop] Zombie Spawned [15] ZmbM_CitizenBFat_Blue @ <11017.704102, 121.041817, 14025.114258> ... Lifespan:  Set to 120 minutes.
[EOnDrop] Zombie Spawned [16] ZmbM_Jacket_grey @ <11044.449219, 110.299690, 14025.132813> ... Lifespan:  Set to 120 minutes.
[EOnDrop] Zombie Spawned [17] ZmbM_ClerkFat_Grey @ <11060.512695, 96.133194, 14056.275391> ... Lifespan:  Set to 120 minutes.
[EOnDrop] Zombie Spawned [18] ZmbF_ShortSkirt_yellow @ <10998.087891, 131.368576, 14025.839844> ... Lifespan:  Set to 120 minutes.
[EOnDrop] Zombie Spawned [19] ZmbF_JournalistNormal_Green @ <11022.976563, 117.080917, 14029.609375> ... Lifespan:  Set to 120 minutes.
[EOnDrop] Zombie Spawned [20] ZmbM_CitizenASkinny_Brown @ <11068.266602, 105.930931, 14025.646484> ... Lifespan:  Set to 120 minutes.
[EOnDrop] Zombie Spawned [21] ZmbF_SkaterYoung_Brown @ <11033.237305, 99.439766, 14065.054688> ... Lifespan:  Set to 120 minutes.
[EOnDrop] Zombie Spawned [22] ZmbM_CitizenASkinny_Blue @ <11065.743164, 93.652481, 14063.535156> ... Lifespan:  Set to 120 minutes.
[EOnDrop] Zombie Spawned [23] ZmbF_ShortSkirt_green @ <11047.601563, 92.656929, 14074.109375> ... Lifespan:  Set to 120 minutes.
[EOnDrop] Zombie Spawned [24] ZmbM_Jacket_grey @ <11054.082031, 102.306656, 14039.573242> ... Lifespan:  Set to 120 minutes.
[EOnDrop] Zombie Spawned [25] ZmbF_JoggerSkinny_Blue @ <11053.682617, 103.920990, 14035.362305> ... Lifespan:  Set to 120 minutes.
[EOnDrop] Zombie Spawned [26] ZmbM_PolicemanSpecForce @ <11057.742188, 123.729439, 14006.237305> ... Lifespan:  Set to 120 minutes.
[EOnDrop] Zombie Spawned [27] ZmbM_SkaterYoung_Blue @ <11040.816406, 110.444778, 14026.975586> ... Lifespan:  Set to 120 minutes.
[EOnDrop] Zombie Spawned [28] ZmbM_CommercialPilotOld_Brown @ <11036.750977, 125.343079, 13998.974609> ... Lifespan:  Set to 120 minutes.
[EOnDrop] Zombie Spawned [29] ZmbF_ShortSkirt_beige @ <11048.637695, 102.987411, 14041.367188> ... Lifespan:  Set to 120 minutes.
[EOnDrop] Zombie Spawned [30] ZmbM_Jacket_magenta @ <11065.825195, 125.999443, 14000.749023> ... Lifespan:  Set to 120 minutes.
[EOnDrop] Zombie Spawned [31] ZmbM_SkaterYoung_Blue @ <11004.310547, 107.942009, 14065.916992> ... Lifespan:  Set to 120 minutes.
[EOnDrop] Zombie Spawned [32] ZmbM_PatrolNormal_Autumn @ <11038.577148, 111.176445, 14027.113281> ... Lifespan:  Set to 120 minutes.
[EOnDrop] Zombie Spawned [33] ZmbM_Jacket_grey @ <11003.983398, 123.742905, 14038.468750> ... Lifespan:  Set to 120 minutes.
[EOnDrop] Zombie Spawned [34] ZmbM_JoggerSkinny_Red @ <11048.507813, 103.728325, 14039.218750> ... Lifespan:  Set to 120 minutes.
[EOnDrop] Zombie Spawned [35] ZmbM_Jacket_brown @ <11037.822266, 101.571449, 14055.948242> ... Lifespan:  Set to 120 minutes.
[EOnDrop] Zombie Spawned [36] ZmbM_JoggerSkinny_Green @ <11056.911133, 123.252769, 14006.982422> ... Lifespan:  Set to 120 minutes.
[EOnDrop] Zombie Spawned [37] ZmbF_CitizenANormal_Blue @ <11070.109375, 100.606995, 14037.029297> ... Lifespan:  Set to 120 minutes.
[EOnDrop] Zombie Spawned [38] ZmbM_Jacket_magenta @ <11059.354492, 97.428566, 14052.141602> ... Lifespan:  Set to 120 minutes.
[EOnDrop] Zombie Spawned [39] ZmbM_Jacket_beige @ <11050.922852, 124.754105, 14005.333984> ... Lifespan:  Set to 120 minutes.
[EOnDrop] Zombie Spawned [40] ZmbM_ClerkFat_White @ <11080.655273, 102.007813, 14030.513672> ... Lifespan:  Set to 120 minutes.
[EOnDrop] Zombie Spawned [41] ZmbF_JournalistNormal_White @ <11088.922852, 93.037109, 14054.033203> ... Lifespan:  Set to 120 minutes.
[EOnDrop] Zombie Spawned [42] ZmbM_ClerkFat_White @ <11076.462891, 95.010590, 14053.080078> ... Lifespan:  Set to 120 minutes.
[EOnDrop] Zombie Spawned [43] ZmbF_CitizenANormal_Brown @ <11054.322266, 84.023994, 14088.509766> ... Lifespan:  Set to 120 minutes.
[EOnDrop] Zombie Spawned [44] ZmbF_Clerk_Normal_Red @ <11020.193359, 126.210426, 14001.055664> ... Lifespan:  Set to 120 minutes.
[EOnDrop] Zombie Spawned [45] ZmbF_ShortSkirt_grey @ <11055.063477, 95.577148, 14061.576172> ... Lifespan:  Set to 120 minutes.
[EOnDrop] Zombie Spawned [46] ZmbF_JournalistNormal_Green @ <11075.017578, 96.313583, 14048.495117> ... Lifespan:  Set to 120 minutes.
[EOnDrop] Zombie Spawned [47] ZmbM_CitizenASkinny_Brown @ <11002.480469, 126.208084, 14034.895508> ... Lifespan:  Set to 120 minutes.
[EOnDrop] Zombie Spawned [48] ZmbM_CitizenASkinny_Red @ <11040.128906, 128.962357, 13993.044922> ... Lifespan:  Set to 120 minutes.
[EOnDrop] Zombie Spawned [49] ZmbF_JournalistNormal_Red @ <11061.420898, 83.586952, 14086.881836> ... Lifespan:  Set to 120 minutes.
[EOnDrop] Zombie Spawned [50] ZmbF_JoggerSkinny_Blue @ <11033.277344, 98.499199, 14067.020508> ... Lifespan:  Set to 120 minutes.
[EOnDrop] Zombie Spawned [51] ZmbM_CitizenASkinny_Blue @ <11059.601563, 105.769890, 14028.697266> ... Lifespan:  Set to 120 minutes.
[EOnDrop] Zombie Spawned [52] ZmbM_JournalistSkinny @ <11047.153320, 105.798836, 14034.084961> ... Lifespan:  Set to 120 minutes.
[EOnDrop] Zombie Spawned [53] ZmbM_JoggerSkinny_Green @ <11076.892578, 97.783638, 14042.802734> ... Lifespan:  Set to 120 minutes.
[EOnDrop] Zombie Spawned [54] ZmbF_Clerk_Normal_Red @ <11057.573242, 115.727646, 14015.210938> ... Lifespan:  Set to 120 minutes.
[EOnDrop] Zombie Spawned [55] ZmbF_NurseFat @ <11033.680664, 102.816368, 14056.603516> ... Lifespan:  Set to 120 minutes.
[EOnDrop] Zombie Spawned [56] ZmbM_CommercialPilotOld_Grey @ <11077.010742, 87.896812, 14072.694336> ... Lifespan:  Set to 120 minutes.
[EOnDrop] Zombie Spawned [57] ZmbF_Clerk_Normal_White @ <11055.848633, 95.154381, 14062.765625> ... Lifespan:  Set to 120 minutes.
[EOnDrop] Zombie Spawned [58] ZmbM_CommercialPilotOld_Olive @ <11051.777344, 104.936813, 14033.652344> ... Lifespan:  Set to 120 minutes.
[EOnDrop] Zombie Spawned [59] ZmbF_JoggerSkinny_Red @ <11024.453125, 96.245979, 14076.037109> ... Lifespan:  Set to 120 minutes.
[EOnDrop] Zombie Spawned [60] ZmbM_ClerkFat_White @ <11071.036133, 113.375816, 14014.629883> ... Lifespan:  Set to 120 minutes.
[EOnDrop] Zombie Spawned [61] ZmbM_DoctorFat @ <11013.823242, 116.478256, 14044.546875> ... Lifespan:  Set to 120 minutes.
[EOnDrop] Zombie Spawned [62] ZmbM_Jacket_khaki @ <11026.595703, 122.637192, 14004.406250> ... Lifespan:  Set to 120 minutes.
[EOnDrop] Zombie Spawned [63] ZmbM_ClerkFat_Grey @ <11007.513672, 115.103271, 14052.837891> ... Lifespan:  Set to 120 minutes.
[EOnDrop] Zombie Spawned [64] ZmbF_JournalistNormal_Blue @ <11059.335938, 92.654480, 14069.905273> ... Lifespan:  Set to 120 minutes.
[EOnDrop] Zombie Spawned [65] ZmbF_Clerk_Normal_White @ <11037.037109, 114.211327, 14020.782227> ... Lifespan:  Set to 120 minutes.
[EOnDrop] Zombie Spawned [66] ZmbM_CitizenBFat_Red @ <11060.001953, 100.257500, 14042.390625> ... Lifespan:  Set to 120 minutes.
[EOnDrop] Zombie Spawned [67] ZmbF_JoggerSkinny_Red @ <11088.061523, 96.614052, 14043.007813> ... Lifespan:  Set to 120 minutes.
[EOnDrop] Zombie Spawned [68] ZmbF_ParamedicNormal_Red @ <11024.318359, 107.428535, 14055.190430> ... Lifespan:  Set to 120 minutes.
[EOnDrop] Zombie Spawned [69] ZmbM_SkaterYoung_Blue @ <11074.921875, 91.337914, 14066.131836> ... Lifespan:  Set to 120 minutes.
[EOnDrop] Zombie Spawned [70] ZmbM_Jacket_magenta @ <11062.453125, 126.006340, 14002.513672> ... Lifespan:  Set to 120 minutes.
[EOnDrop] Zombie Spawned [71] ZmbM_ParamedicNormal_Red @ <11038.348633, 107.920517, 14036.474609> ... Lifespan:  Set to 120 minutes.
[EOnDrop] Zombie Spawned [72] ZmbM_Jacket_brown @ <11091.677734, 96.659798, 14041.781250> ... Lifespan:  Set to 120 minutes.
[EOnDrop] Zombie Spawned [73] ZmbF_JournalistNormal_Blue @ <11053.110352, 99.500549, 14049.087891> ... Lifespan:  Set to 120 minutes.
[EOnDrop] Zombie Spawned [74] ZmbM_ClerkFat_Grey @ <11060.964844, 104.247459, 14031.319336> ... Lifespan:  Set to 120 minutes.
[EOnDrop] Zombie Spawned [75] ZmbF_PatientOld @ <11088.544922, 101.154564, 14030.471680> ... Lifespan:  Set to 120 minutes.
[EOnDrop] Zombie Spawned [76] ZmbF_CitizenANormal_Brown @ <11063.806641, 98.888885, 14044.671875> ... Lifespan:  Set to 120 minutes.
[EOnDrop] Zombie Spawned [77] ZmbM_Jacket_black @ <11067.334961, 106.262329, 14025.259766> ... Lifespan:  Set to 120 minutes.
[EOnDrop] Zombie Spawned [78] ZmbM_SkaterYoung_Brown @ <11026.979492, 111.831116, 14040.164063> ... Lifespan:  Set to 120 minutes.
[EOnDrop] Zombie Spawned [79] ZmbF_ShortSkirt_green @ <11054.127930, 92.475426, 14072.208984> ... Lifespan:  Set to 120 minutes.
[EOnDrop] Zombie Spawned [80] ZmbF_CitizenANormal_Brown @ <11047.544922, 128.070190, 14000.632813> ... Lifespan:  Set to 120 minutes.
[EOnDrop] Zombie Spawned [81] ZmbF_Clerk_Normal_Green @ <11065.130859, 91.579338, 14070.280273> ... Lifespan:  Set to 120 minutes.
[EOnDrop] Zombie Spawned [82] ZmbM_Jacket_brown @ <11075.881836, 110.472382, 14016.638672> ... Lifespan:  Set to 120 minutes.
[EOnDrop] Zombie Spawned [83] ZmbF_CitizenANormal_Brown @ <11044.628906, 114.848862, 14017.110352> ... Lifespan:  Set to 120 minutes.
[EOnDrop] Zombie Spawned [84] ZmbF_ShortSkirt_stripes @ <11002.660156, 109.068680, 14064.890625> ... Lifespan:  Set to 120 minutes.
[EOnDrop] Zombie Spawned [85] ZmbF_ShortSkirt_grey @ <11023.085938, 111.678833, 14045.936523> ... Lifespan:  Set to 120 minutes.
[EOnDrop] Zombie Spawned [86] ZmbM_ClerkFat_White @ <11060.059570, 98.843292, 14046.813477> ... Lifespan:  Set to 120 minutes.
[EOnDrop] Zombie Spawned [87] ZmbM_PolicemanFat @ <11056.366211, 102.807671, 14036.972656> ... Lifespan:  Set to 120 minutes.
[EOnDrop] Zombie Spawned [88] ZmbF_ParamedicNormal_Green @ <11017.332031, 125.095047, 14008.212891> ... Lifespan:  Set to 120 minutes.
[EOnDrop] Zombie Spawned [89] ZmbF_ShortSkirt_green @ <11048.350586, 99.312073, 14053.294922> ... Lifespan:  Set to 120 minutes.
[EOnDrop] Zombie Spawned [90] ZmbF_PatientOld @ <11041.520508, 85.528633, 14089.939453> ... Lifespan:  Set to 120 minutes.
[EOnDrop] Zombie Spawned [91] ZmbM_ParamedicNormal_Blue @ <11021.861328, 113.874985, 14041.427734> ... Lifespan:  Set to 120 minutes.
[EOnDrop] Zombie Spawned [92] ZmbM_SkaterYoung_Green @ <11040.890625, 100.147430, 14057.124023> ... Lifespan:  Set to 120 minutes.
[EOnDrop] Zombie Spawned [93] ZmbM_CitizenASkinny_Brown @ <11049.728516, 104.930801, 14034.939453> ... Lifespan:  Set to 120 minutes.
[EOnDrop] Zombie Spawned [94] ZmbM_PrisonerSkinny @ <11042.626953, 111.792007, 14023.401367> ... Lifespan:  Set to 120 minutes.
[EOnDrop] Zombie Spawned [95] ZmbF_ShortSkirt_yellow @ <11038.415039, 85.687584, 14090.624023> ... Lifespan:  Set to 120 minutes.
[EOnDrop] Zombie Spawned [96] ZmbM_Jacket_greenchecks @ <11061.397461, 117.502815, 14012.916016> ... Lifespan:  Set to 120 minutes.
[EOnDrop] Zombie Spawned [97] ZmbF_ShortSkirt_beige @ <11057.713867, 98.702339, 14048.698242> ... Lifespan:  Set to 120 minutes.
[EOnDrop] Zombie Spawned [98] ZmbM_ParamedicNormal_Blue @ <11039.404297, 103.827461, 14047.633789> ... Lifespan:  Set to 120 minutes.
[EOnDrop] Zombie Spawned [99] ZmbM_JoggerSkinny_Green @ <11045.296875, 106.375320, 14034.092773> ... Lifespan:  Set to 120 minutes.
[EOnDrop] Zombie Spawned [100] ZmbM_PatrolNormal_Summer @ <11034.996094, 99.813759, 14063.080078> ... Lifespan:  Set to 120 minutes.
[EOnDrop] Zombie Spawned [101] ZmbF_JournalistNormal_White @ <11045.837891, 108.751099, 14028.107422> ... Lifespan:  Set to 120 minutes.
[EOnDrop] Zombie Spawned [102] ZmbM_ParamedicNormal_Blue @ <11066.323242, 100.702255, 14038.194336> ... Lifespan:  Set to 120 minutes.
[EOnDrop] Zombie Spawned [103] ZmbF_PatientOld @ <11070.360352, 97.272476, 14046.934570> ... Lifespan:  Set to 120 minutes.
[EOnDrop] Zombie Spawned [104] ZmbF_Clerk_Normal_White @ <11007.979492, 128.190918, 14017.867188> ... Lifespan:  Set to 120 minutes.
[EOnDrop] Zombie Spawned [105] ZmbF_CitizenANormal_Beige @ <11051.819336, 83.504883, 14090.210938> ... Lifespan:  Set to 120 minutes.
[EOnDrop] Zombie Spawned [106] ZmbF_ParamedicNormal_Blue @ <11029.693359, 109.886780, 14041.953125> ... Lifespan:  Set to 120 minutes.
[EOnDrop] Zombie Spawned [107] ZmbM_ParamedicNormal_Black @ <11052.380859, 109.991020, 14023.324219> ... Lifespan:  Set to 120 minutes.
[EOnDrop] Zombie Spawned [108] ZmbF_SkaterYoung_Striped @ <11038.556641, 98.545616, 14063.373047> ... Lifespan:  Set to 120 minutes.
[EOnDrop] Zombie Spawned [109] ZmbM_ClerkFat_Khaki @ <11030.108398, 103.210297, 14058.957031> ... Lifespan:  Set to 120 minutes.
[EOnDrop] Zombie Spawned [110] ZmbF_NurseFat @ <11071.307617, 91.208443, 14068.317383> ... Lifespan:  Set to 120 minutes.
[EOnDrop] Zombie Spawned [111] ZmbM_ParamedicNormal_Blue @ <11023.799805, 122.913467, 14005.986328> ... Lifespan:  Set to 120 minutes.
[EOnDrop] Zombie Spawned [112] ZmbF_ShortSkirt_checks @ <11060.545898, 89.181061, 14077.435547> ... Lifespan:  Set to 120 minutes.
[EOnDrop] Zombie Spawned [113] ZmbF_ShortSkirt_white @ <11003.261719, 128.861130, 14026.292969> ... Lifespan:  Set to 120 minutes.
[EOnDrop] Zombie Spawned [114] ZmbM_CommercialPilotOld_Brown @ <11055.815430, 95.622284, 14060.962891> ... Lifespan:  Set to 120 minutes.
[EOnDrop] Spawn failed for zombie [115] 'ZmbM_JacketNormal_greenchecks', it does not exist in DayZ!
[EOnDrop] Zombie Spawned [116] ZmbF_Clerk_Normal_White @ <11067.644531, 83.973511, 14083.851563> ... Lifespan:  Set to 120 minutes.
[EOnDrop] Zombie Spawned [117] ZmbM_JoggerSkinny_Green @ <11029.283203, 113.625771, 14031.154297> ... Lifespan:  Set to 120 minutes.
[EOnDrop] Zombie Spawned [118] ZmbF_ShortSkirt_brown @ <11011.587891, 116.120148, 14047.978516> ... Lifespan:  Set to 120 minutes.
[EOnDrop] Zombie Spawned [119] ZmbF_JournalistNormal_Green @ <11042.494141, 108.879570, 14030.113281> ... Lifespan:  Set to 120 minutes.
[EOnDrop] Zombie Spawned [120] ZmbM_PatientSkinny @ <11087.442383, 95.688713, 14046.065430> ... Lifespan:  Set to 120 minutes.
[EOnDrop] Zombie Spawned [121] ZmbM_Jacket_beige @ <11013.135742, 117.169296, 14043.629883> ... Lifespan:  Set to 120 minutes.
[EOnDrop] Zombie Spawned [122] ZmbM_Jacket_bluechecks @ <11024.848633, 121.949409, 14007.375977> ... Lifespan:  Set to 120 minutes.
[EOnDrop] Zombie Spawned [123] ZmbM_JoggerSkinny_Blue @ <11030.322266, 114.566643, 14026.145508> ... Lifespan:  Set to 120 minutes.
[EOnDrop] Zombie Spawned [124] ZmbF_ShortSkirt_black @ <11028.282227, 109.184433, 14045.934570> ... Lifespan:  Set to 120 minutes.
[EOnDrop] Zombie Spawned [125] ZmbM_SkaterYoung_Grey @ <11042.955078, 125.774414, 14002.196289> ... Lifespan:  Set to 120 minutes.
[EOnDrop] Zombie Spawned [126] ZmbM_SkaterYoung_Blue @ <11079.994141, 91.221527, 14063.764648> ... Lifespan:  Set to 120 minutes.
[EOnDrop] Zombie Spawned [127] ZmbM_CitizenBFat_Blue @ <11088.563477, 100.338844, 14032.403320> ... Lifespan:  Set to 120 minutes.
[EOnDrop] Zombie Spawned [128] ZmbF_ShortSkirt_checks @ <11044.607422, 101.674957, 14049.150391> ... Lifespan:  Set to 120 minutes.
[EOnDrop] Zombie Spawned [129] ZmbM_Jacket_brown @ <11030.587891, 111.304459, 14036.499023> ... Lifespan:  Set to 120 minutes.
[EOnDrop] Zombie Spawned [130] ZmbM_ParamedicNormal_Red @ <11055.750977, 90.218224, 14077.106445> ... Lifespan:  Set to 120 minutes.
[EOnDrop] Zombie Spawned [131] ZmbM_CitizenBFat_Blue @ <11081.101563, 94.693298, 14052.243164> ... Lifespan:  Set to 120 minutes.
[EOnDrop] Zombie Spawned [132] ZmbM_Jacket_khaki @ <11002.773438, 129.793610, 14023.861328> ... Lifespan:  Set to 120 minutes.
[EOnDrop] Zombie Spawned [133] ZmbM_SkaterYoung_Grey @ <11070.497070, 105.609421, 14025.648438> ... Lifespan:  Set to 120 minutes.
[EOnDrop] Zombie Spawned [134] ZmbM_CitizenBFat_Red @ <11061.087891, 96.762260, 14053.594727> ... Lifespan:  Set to 120 minutes.
[EOnDrop] Zombie Spawned [135] ZmbM_PatrolNormal_Summer @ <11049.097656, 101.923874, 14044.419922> ... Lifespan:  Set to 120 minutes.
[EOnDrop] Zombie Spawned [136] ZmbF_ShortSkirt_checks @ <11034.950195, 106.971207, 14043.463867> ... Lifespan:  Set to 120 minutes.
[EOnDrop] Zombie Spawned [137] ZmbM_Jacket_black @ <11044.423828, 130.178940, 13992.375000> ... Lifespan:  Set to 120 minutes.
[EOnDrop] Zombie Spawned [138] ZmbM_Jacket_blue @ <11016.811523, 122.195847, 14022.053711> ... Lifespan:  Set to 120 minutes.
[EOnDrop] Zombie Spawned [139] ZmbM_SkaterYoung_Blue @ <11042.062500, 87.514442, 14086.394531> ... Lifespan:  Set to 120 minutes.
[EOnDrop] Zombie Spawned [140] ZmbM_SkaterYoung_Grey @ <11015.456055, 125.030975, 14012.947266> ... Lifespan:  Set to 120 minutes.
[EOnDrop] Zombie Spawned [141] ZmbF_JoggerSkinny_Green @ <11049.490234, 101.377815, 14045.867188> ... Lifespan:  Set to 120 minutes.
[EOnDrop] Zombie Spawned [142] ZmbM_Jacket_greenchecks @ <11013.861328, 107.830643, 14062.372070> ... Lifespan:  Set to 120 minutes.
[EOnDrop] Zombie Spawned [143] ZmbF_Clerk_Normal_Green @ <11049.130859, 103.600883, 14039.170898> ... Lifespan:  Set to 120 minutes.
[EOnDrop] Zombie Spawned [144] ZmbM_PatrolNormal_Summer @ <11039.102539, 112.239769, 14023.701172> ... Lifespan:  Set to 120 minutes.
[EOnDrop] Spawn failed for zombie [145] 'ZmbM_JacketNormal_greenchecks', it does not exist in DayZ!
[EOnDrop] Zombie Spawned [146] ZmbM_PatrolNormal_Summer @ <11038.118164, 102.885025, 14051.853516> ... Lifespan:  Set to 120 minutes.
[EOnDrop] Zombie Spawned [147] ZmbM_CitizenASkinny_Red @ <11041.794922, 90.853172, 14080.184570> ... Lifespan:  Set to 120 minutes.
[EOnDrop] Zombie Spawned [148] ZmbM_PatientSkinny @ <11065.433594, 102.363937, 14034.170898> ... Lifespan:  Set to 120 minutes.
[EOnDrop] Zombie Spawned [149] ZmbM_SkaterYoung_Green @ <11065.680664, 101.540642, 14036.246094> ... Lifespan:  Set to 120 minutes.
[EOnDrop] Zombie Spawned [150] ZmbF_ShortSkirt_brown @ <11060.253906, 114.519882, 14015.959961> ... Lifespan:  Set to 120 minutes.
[EOnDrop] Zombie Spawned [151] ZmbM_SkaterYoung_Grey @ <11072.361328, 106.291100, 14023.965820> ... Lifespan:  Set to 120 minutes.
[EOnDrop] Zombie Spawned [152] ZmbF_JournalistNormal_Green @ <11032.054688, 118.366020, 14011.843750> ... Lifespan:  Set to 120 minutes.
[EOnDrop] Zombie Spawned [153] ZmbM_ParamedicNormal_Red @ <11019.120117, 126.183784, 14001.944336> ... Lifespan:  Set to 120 minutes.
[EOnDrop] Zombie Spawned [154] ZmbF_JournalistNormal_Red @ <11006.570313, 118.371895, 14047.312500> ... Lifespan:  Set to 120 minutes.
[EOnDrop] Zombie Spawned [155] ZmbM_PatrolNormal_Flat @ <11038.891602, 102.099686, 14053.376953> ... Lifespan:  Set to 120 minutes.
[EOnDrop] Zombie Spawned [156] ZmbF_Clerk_Normal_Red @ <11021.353516, 112.344429, 14046.389648> ... Lifespan:  Set to 120 minutes.
[EOnDrop] Zombie Spawned [157] ZmbM_Jacket_grey @ <11055.909180, 100.831375, 14042.953125> ... Lifespan:  Set to 120 minutes.
[EOnDrop] Zombie Spawned [158] ZmbM_ParamedicNormal_Blue @ <11008.914063, 105.190437, 14068.585938> ... Lifespan:  Set to 120 minutes.
[EOnDrop] Zombie Spawned [159] ZmbM_ClerkFat_Brown @ <11054.277344, 111.383301, 14020.942383> ... Lifespan:  Set to 120 minutes.
[EOnDrop] Zombie Spawned [160] ZmbF_JournalistNormal_Blue @ <11037.093750, 113.641327, 14022.038086> ... Lifespan:  Set to 120 minutes.
[EOnDrop] Zombie Spawned [161] ZmbM_DoctorFat @ <11020.664063, 108.563622, 14056.083008> ... Lifespan:  Set to 120 minutes.
[EOnDrop] Zombie Spawned [162] ZmbF_CitizenBSkinny @ <11084.377930, 101.244247, 14031.333008> ... Lifespan:  Set to 120 minutes.
[EOnDrop] Zombie Spawned [163] ZmbM_SkaterYoung_Grey @ <11060.926758, 99.827850, 14043.211914> ... Lifespan:  Set to 120 minutes.
[EOnDrop] Zombie Spawned [164] ZmbF_ShortSkirt_yellow @ <11023.875977, 101.812057, 14066.704102> ... Lifespan:  Set to 120 minutes.
[EOnDrop] Zombie Spawned [165] ZmbF_JoggerSkinny_Brown @ <11009.614258, 128.240082, 14013.045898> ... Lifespan:  Set to 120 minutes.
[EOnDrop] Zombie Spawned [166] ZmbM_ParamedicNormal_Red @ <11037.443359, 103.968811, 14049.385742> ... Lifespan:  Set to 120 minutes.
[EOnDrop] Zombie Spawned [167] ZmbM_Jacket_stripes @ <11072.203125, 95.572479, 14052.716797> ... Lifespan:  Set to 120 minutes.
[EOnDrop] Zombie Spawned [168] ZmbM_Jacket_magenta @ <10999.919922, 115.696411, 14055.403320> ... Lifespan:  Set to 120 minutes.
[EOnDrop] Zombie Spawned [169] ZmbM_SkaterYoung_Blue @ <11023.738281, 109.639023, 14050.344727> ... Lifespan:  Set to 120 minutes.
[EOnDrop] Zombie Spawned [170] ZmbF_Clerk_Normal_White @ <11070.838867, 90.858582, 14069.482422> ... Lifespan:  Set to 120 minutes.
[EOnDrop] Zombie Spawned [171] ZmbF_NurseFat @ <11033.816406, 108.113823, 14041.551758> ... Lifespan:  Set to 120 minutes.
[EOnDrop] Zombie Spawned [172] ZmbM_ParamedicNormal_Black @ <11050.615234, 127.939552, 14001.126953> ... Lifespan:  Set to 120 minutes.
[EOnDrop] Zombie Spawned [173] ZmbM_Jacket_beige @ <11040.530273, 103.164024, 14048.444336> ... Lifespan:  Set to 120 minutes.
[EOnDrop] Zombie Spawned [174] ZmbF_CitizenANormal_Blue @ <11083.078125, 104.412315, 14024.810547> ... Lifespan:  Set to 120 minutes.
[EOnDrop] Zombie Spawned [175] ZmbF_ShortSkirt_white @ <11061.444336, 120.641861, 14009.753906> ... Lifespan:  Set to 120 minutes.
[EOnDrop] Zombie Spawned [176] ZmbM_CitizenASkinny_Brown @ <11001.310547, 121.504623, 14044.890625> ... Lifespan:  Set to 120 minutes.
[EOnDrop] Zombie Spawned [177] ZmbF_Clerk_Normal_Green @ <11056.502930, 103.788139, 14034.196289> ... Lifespan:  Set to 120 minutes.
[EOnDrop] Zombie Spawned [178] ZmbM_SkaterYoung_Green @ <11060.180664, 97.123940, 14052.786133> ... Lifespan:  Set to 120 minutes.
[EOnDrop] Zombie Spawned [179] ZmbM_CitizenASkinny_Red @ <11064.768555, 92.703583, 14067.219727> ... Lifespan:  Set to 120 minutes.
[EOnDrop] Zombie Spawned [180] ZmbF_ShortSkirt_white @ <11034.965820, 115.300026, 14018.455078> ... Lifespan:  Set to 120 minutes.
[EOnDrop] Zombie Spawned [181] ZmbF_NurseFat @ <11065.862305, 106.732597, 14024.815430> ... Lifespan:  Set to 120 minutes.
[EOnDrop] Zombie Spawned [182] ZmbF_CitizenANormal_Beige @ <11049.755859, 96.944092, 14059.995117> ... Lifespan:  Set to 120 minutes.
[EOnDrop] Zombie Spawned [183] ZmbM_CommercialPilotOld_Brown @ <11032.720703, 115.773186, 14018.223633> ... Lifespan:  Set to 120 minutes.
[EOnDrop] Zombie Spawned [184] ZmbM_ParamedicNormal_Blue @ <11054.119141, 96.574364, 14058.471680> ... Lifespan:  Set to 120 minutes.
[EOnDrop] Zombie Spawned [185] ZmbM_Jacket_black @ <11014.255859, 95.442795, 14080.998047> ... Lifespan:  Set to 120 minutes.
[EOnDrop] Zombie Spawned [186] ZmbF_SkaterYoung_Striped @ <11043.978516, 107.625000, 14031.849609> ... Lifespan:  Set to 120 minutes.
[EOnDrop] Zombie Spawned [187] ZmbF_PatientOld @ <11030.091797, 112.512611, 14033.553711> ... Lifespan:  Set to 120 minutes.
[EOnDrop] Zombie Spawned [188] ZmbF_JoggerSkinny_Red @ <11057.334961, 114.016640, 14016.893555> ... Lifespan:  Set to 120 minutes.
[EOnDrop] Zombie Spawned [189] ZmbF_ShortSkirt_brown @ <11028.691406, 111.367134, 14039.072266> ... Lifespan:  Set to 120 minutes.
[EOnDrop] Zombie Spawned [190] ZmbM_CitizenBFat_Green @ <11060.127930, 105.005806, 14030.065430> ... Lifespan:  Set to 120 minutes.
[EOnDrop] Zombie Spawned [191] ZmbF_JoggerSkinny_Brown @ <11012.985352, 109.702728, 14059.353516> ... Lifespan:  Set to 120 minutes.
[EOnDrop] Zombie Spawned [192] ZmbM_CitizenASkinny_Brown @ <11023.451172, 116.296898, 14031.593750> ... Lifespan:  Set to 120 minutes.
[EOnDrop] Zombie Spawned [193] ZmbM_PrisonerSkinny @ <11013.526367, 114.916519, 14048.700195> ... Lifespan:  Set to 120 minutes.
[EOnDrop] Zombie Spawned [194] ZmbF_Clerk_Normal_White @ <11051.637695, 106.591072, 14029.965820> ... Lifespan:  Set to 120 minutes.
[EOnDrop] Zombie Spawned [195] ZmbM_ClerkFat_Khaki @ <11047.840820, 108.865036, 14026.585938> ... Lifespan:  Set to 120 minutes.
[EOnDrop] Zombie Spawned [196] ZmbF_ParamedicNormal_Blue @ <11030.399414, 122.941315, 14002.007813> ... Lifespan:  Set to 120 minutes.
[EOnDrop] Zombie Spawned [197] ZmbM_PolicemanSpecForce @ <11031.097656, 111.201920, 14036.064453> ... Lifespan:  Set to 120 minutes.
[EOnDrop] Zombie Spawned [198] ZmbF_ParamedicNormal_Green @ <11030.088867, 116.357727, 14020.202148> ... Lifespan:  Set to 120 minutes.
[EOnDrop] Zombie Spawned [199] ZmbF_ParamedicNormal_Red @ <11058.093750, 97.256989, 14053.521484> ... Lifespan:  Set to 120 minutes.
[EOnDrop] Zombie Spawned [200] ZmbM_PrisonerSkinny @ <11028.075195, 116.879044, 14021.525391> ... Lifespan:  Set to 120 minutes.
[EOnDrop] Zombie Spawned [201] ZmbM_Jacket_magenta @ <11039.762695, 101.866615, 14053.123047> ... Lifespan:  Set to 120 minutes.
[EOnDrop] Zombie Spawned [202] ZmbM_JoggerSkinny_Blue @ <11053.672852, 115.428680, 14015.910156> ... Lifespan:  Set to 120 minutes.
[EOnDrop] Zombie Spawned [203] ZmbM_PatrolNormal_PautRev @ <11059.980469, 100.483978, 14041.692383> ... Lifespan:  Set to 120 minutes.
[EOnDrop] Zombie Spawned [204] ZmbM_Jacket_magenta @ <11013.795898, 123.718330, 14022.971680> ... Lifespan:  Set to 120 minutes.
[EOnDrop] Zombie Spawned [205] ZmbM_Jacket_beige @ <11031.640625, 119.925484, 14008.299805> ... Lifespan:  Set to 120 minutes.
[EOnDrop] Zombie Spawned [206] ZmbM_SkaterYoung_Brown @ <11060.878906, 122.600243, 14007.223633> ... Lifespan:  Set to 120 minutes.
[EOnDrop] Zombie Spawned [207] ZmbM_JoggerSkinny_Blue @ <11065.016602, 93.583656, 14064.084961> ... Lifespan:  Set to 120 minutes.
[EOnDrop] Zombie Spawned [208] ZmbM_SkaterYoung_Brown @ <11078.867188, 94.024643, 14055.719727> ... Lifespan:  Set to 120 minutes.
[EOnDrop] Zombie Spawned [209] ZmbF_ShortSkirt_green @ <11047.950195, 100.978691, 14048.279297> ... Lifespan:  Set to 120 minutes.
[EOnDrop] Zombie Spawned [210] ZmbF_NurseFat @ <11064.532227, 106.158905, 14026.323242> ... Lifespan:  Set to 120 minutes.
[EOnDrop] Zombie Spawned [211] ZmbF_ShortSkirt_grey @ <11040.211914, 107.701874, 14034.857422> ... Lifespan:  Set to 120 minutes.
[EOnDrop] Zombie Spawned [212] ZmbM_PatientSkinny @ <11034.822266, 109.071915, 14037.496094> ... Lifespan:  Set to 120 minutes.
[EOnDrop] Zombie Spawned [213] ZmbM_CitizenBFat_Green @ <11048.372070, 105.124496, 14035.209961> ... Lifespan:  Set to 120 minutes.
[EOnDrop] Zombie Spawned [214] ZmbM_CitizenBFat_Red @ <11033.151367, 109.212967, 14039.171875> ... Lifespan:  Set to 120 minutes.
[EOnDrop] Zombie Spawned [215] ZmbM_SkaterYoung_Grey @ <11071.343750, 90.698891, 14069.604492> ... Lifespan:  Set to 120 minutes.
[EOnDrop] Zombie Spawned [216] ZmbF_JournalistNormal_Green @ <11041.154297, 101.174118, 14053.882813> ... Lifespan:  Set to 120 minutes.
[EOnDrop] Zombie Spawned [217] ZmbM_ClerkFat_Khaki @ <11012.859375, 126.396431, 14013.413086> ... Lifespan:  Set to 120 minutes.
[EOnDrop] Zombie Spawned [218] ZmbF_ParamedicNormal_Red @ <11052.463867, 97.601250, 14055.968750> ... Lifespan:  Set to 120 minutes.
[EOnDrop] Zombie Spawned [219] ZmbM_CitizenBFat_Red @ <11030.055664, 116.487000, 14019.757813> ... Lifespan:  Set to 120 minutes.
[EOnDrop] Zombie Spawned [220] ZmbM_JoggerSkinny_Blue @ <11002.021484, 124.545212, 14038.885742> ... Lifespan:  Set to 120 minutes.
[EOnDrop] Zombie Spawned [221] ZmbF_JoggerSkinny_Blue @ <11026.166992, 89.995888, 14086.540039> ... Lifespan:  Set to 120 minutes.
[EOnDrop] Zombie Spawned [222] ZmbM_Jacket_brown @ <11034.522461, 127.410622, 13993.044922> ... Lifespan:  Set to 120 minutes.
[EOnDrop] Zombie Spawned [223] ZmbM_JournalistSkinny @ <11062.893555, 98.923424, 14044.977539> ... Lifespan:  Set to 120 minutes.
[EOnDrop] Zombie Spawned [224] ZmbF_PoliceWomanNormal @ <11029.182617, 111.047791, 14039.315430> ... Lifespan:  Set to 120 minutes.
[EOnDrop] Zombie Spawned [225] ZmbM_JoggerSkinny_Blue @ <11002.619141, 131.487045, 14015.934570> ... Lifespan:  Set to 120 minutes.
[EOnDrop] Zombie Spawned [226] ZmbM_Jacket_greenchecks @ <11015.094727, 105.514549, 14065.338867> ... Lifespan:  Set to 120 minutes.
[EOnDrop] Zombie Spawned [227] ZmbM_CitizenBFat_Red @ <11070.946289, 99.441177, 14039.800781> ... Lifespan:  Set to 120 minutes.
[EOnDrop] Zombie Spawned [228] ZmbM_Jacket_brown @ <11052.966797, 101.272018, 14043.609375> ... Lifespan:  Set to 120 minutes.
[EOnDrop] Zombie Spawned [229] ZmbM_CommercialPilotOld_Olive @ <11037.704102, 106.828979, 14040.483398> ... Lifespan:  Set to 120 minutes.
[EOnDrop] Zombie Spawned [230] ZmbF_ShortSkirt_grey @ <11066.300781, 95.427643, 14056.128906> ... Lifespan:  Set to 120 minutes.
[EOnDrop] Zombie Spawned [231] ZmbM_CommercialPilotOld_Grey @ <11086.505859, 93.228165, 14054.706055> ... Lifespan:  Set to 120 minutes.
[EOnDrop] Zombie Spawned [232] ZmbF_CitizenANormal_Blue @ <11045.919922, 105.072021, 14037.354492> ... Lifespan:  Set to 120 minutes.
[EOnDrop] Zombie Spawned [233] ZmbM_PatrolNormal_PautRev @ <11047.201172, 97.678276, 14059.444336> ... Lifespan:  Set to 120 minutes.
[EOnDrop] Zombie Spawned [234] ZmbM_CitizenASkinny_Grey @ <11047.629883, 98.945518, 14055.019531> ... Lifespan:  Set to 120 minutes.
[EOnDrop] Zombie Spawned [235] ZmbM_SkaterYoung_Grey @ <11067.937500, 98.497063, 14044.066406> ... Lifespan:  Set to 120 minutes.
[EOnDrop] Zombie Spawned [236] ZmbM_PatrolNormal_Flat @ <11035.293945, 108.436783, 14038.778320> ... Lifespan:  Set to 120 minutes.
[EOnDrop] Zombie Spawned [237] ZmbM_Jacket_black @ <11037.849609, 104.009254, 14048.831055> ... Lifespan:  Set to 120 minutes.
[EOnDrop] Zombie Spawned [238] ZmbF_ShortSkirt_stripes @ <11061.589844, 95.229942, 14059.370117> ... Lifespan:  Set to 120 minutes.
[EOnDrop] Zombie Spawned [239] ZmbF_PoliceWomanNormal @ <11035.428711, 112.165779, 14027.535156> ... Lifespan:  Set to 120 minutes.
[EOnDrop] Zombie Spawned [240] ZmbF_JournalistNormal_Green @ <11065.179688, 96.883110, 14050.934570> ... Lifespan:  Set to 120 minutes.
[EOnDrop] Zombie Spawned [241] ZmbF_ShortSkirt_red @ <11078.392578, 107.094238, 14021.352539> ... Lifespan:  Set to 120 minutes.
[EOnDrop] Zombie Spawned [242] ZmbF_SkaterYoung_Striped @ <11087.279297, 101.990288, 14028.885742> ... Lifespan:  Set to 120 minutes.
[EOnDrop] Zombie Spawned [243] ZmbF_JournalistNormal_Blue @ <11019.811523, 104.616425, 14064.319336> ... Lifespan:  Set to 120 minutes.
[EOnDrop] Zombie Spawned [244] ZmbM_Jacket_beige @ <11039.004883, 100.178970, 14058.655273> ... Lifespan:  Set to 120 minutes.
[EOnDrop] Zombie Spawned [245] ZmbM_CitizenASkinny_Brown @ <11048.502930, 108.087944, 14028.028320> ... Lifespan:  Set to 120 minutes.
[EOnDrop] Zombie Spawned [246] ZmbM_Jacket_bluechecks @ <11058.663086, 97.704185, 14051.525391> ... Lifespan:  Set to 120 minutes.
[EOnDrop] Zombie Spawned [247] ZmbF_ShortSkirt_black @ <11035.369141, 112.742012, 14025.613281> ... Lifespan:  Set to 120 minutes.
[EOnDrop] Zombie Spawned [248] ZmbM_ClerkFat_Khaki @ <11040.020508, 128.621964, 13993.934570> ... Lifespan:  Set to 120 minutes.
[EOnDrop] Zombie Spawned [249] ZmbF_DoctorSkinny @ <11015.993164, 111.490173, 14054.054688> ... Lifespan:  Set to 120 minutes.
[EOnDrop] Zombie Spawned [250] ZmbM_CitizenBFat_Red @ <11058.426758, 117.308563, 14013.524414> ... Lifespan:  Set to 120 minutes.
[EOnDrop] Zombie Spawned [251] ZmbM_Jacket_khaki @ <11069.573242, 100.121513, 14038.488281> ... Lifespan:  Set to 120 minutes.
[EOnDrop] Zombie Spawned [252] ZmbF_PoliceWomanNormal @ <11045.613281, 101.318741, 14049.290039> ... Lifespan:  Set to 120 minutes.
[EOnDrop] Zombie Spawned [253] ZmbM_Jacket_khaki @ <11032.255859, 97.155968, 14070.480469> ... Lifespan:  Set to 120 minutes.
[EOnDrop] Zombie Spawned [254] ZmbF_ParamedicNormal_Green @ <11053.091797, 100.965004, 14044.479492> ... Lifespan:  Set to 120 minutes.
[EOnDrop] Zombie Spawned [255] ZmbM_Jacket_black @ <11049.828125, 100.464546, 14048.497070> ... Lifespan:  Set to 120 minutes.
[EOnDrop] Zombie Spawned [256] ZmbM_SkaterYoung_Blue @ <11040.700195, 92.114517, 14077.953125> ... Lifespan:  Set to 120 minutes.
[EOnDrop] Zombie Spawned [257] ZmbM_Jacket_beige @ <11041.856445, 125.861397, 14001.255859> ... Lifespan:  Set to 120 minutes.
[EOnDrop] Zombie Spawned [258] ZmbM_Jacket_greenchecks @ <11045.220703, 123.886795, 14005.652344> ... Lifespan:  Set to 120 minutes.
[EOnDrop] Zombie Spawned [259] ZmbM_SkaterYoung_Blue @ <11081.581055, 95.462753, 14049.039063> ... Lifespan:  Set to 120 minutes.
[EOnDrop] Zombie Spawned [260] ZmbF_JoggerSkinny_Brown @ <11065.506836, 97.600220, 14048.103516> ... Lifespan:  Set to 120 minutes.
[EOnDrop] Zombie Spawned [261] ZmbM_Jacket_khaki @ <11016.942383, 113.330505, 14049.026367> ... Lifespan:  Set to 120 minutes.
[EOnDrop] Zombie Spawned [262] ZmbF_CitizenANormal_Beige @ <11057.277344, 121.807388, 14008.715820> ... Lifespan:  Set to 120 minutes.
[EOnDrop] Zombie Spawned [263] ZmbM_PatrolNormal_Autumn @ <11017.874023, 92.950272, 14083.868164> ... Lifespan:  Set to 120 minutes.
[EOnDrop] Zombie Spawned [264] ZmbF_ShortSkirt_beige @ <11045.648438, 116.374458, 14015.175781> ... Lifespan:  Set to 120 minutes.
[EOnDrop] Zombie Spawned [265] ZmbM_SkaterYoung_Grey @ <11070.724609, 86.063728, 14078.978516> ... Lifespan:  Set to 120 minutes.
[EOnDrop] Zombie Spawned [266] ZmbF_CitizenANormal_Beige @ <11026.380859, 110.443932, 14044.948242> ... Lifespan:  Set to 120 minutes.
[EOnDrop] Zombie Spawned [267] ZmbM_CommercialPilotOld_Olive @ <11059.657227, 100.720543, 14041.136719> ... Lifespan:  Set to 120 minutes.
[EOnDrop] Zombie Spawned [268] ZmbM_CommercialPilotOld_Blue @ <11008.203125, 102.003510, 14073.322266> ... Lifespan:  Set to 120 minutes.
[EOnDrop] Zombie Spawned [269] ZmbF_PatientOld @ <11052.500977, 95.210197, 14064.279297> ... Lifespan:  Set to 120 minutes.
[EOnDrop] Zombie Spawned [270] ZmbF_CitizenANormal_Blue @ <11065.253906, 98.802185, 14044.288086> ... Lifespan:  Set to 120 minutes.
[EOnDrop] Zombie Spawned [271] ZmbM_SkaterYoung_Green @ <11058.967773, 103.419365, 14034.089844> ... Lifespan:  Set to 120 minutes.
[EOnDrop] Zombie Spawned [272] ZmbF_SkaterYoung_Striped @ <11054.292969, 90.080070, 14077.889648> ... Lifespan:  Set to 120 minutes.
[EOnDrop] Zombie Spawned [273] ZmbM_Jacket_khaki @ <11052.578125, 93.803902, 14069.161133> ... Lifespan:  Set to 120 minutes.
[EOnDrop] Zombie Spawned [274] ZmbF_SkaterYoung_Violet @ <11035.483398, 106.646568, 14043.747070> ... Lifespan:  Set to 120 minutes.
[EOnDrop] Zombie Spawned [275] ZmbF_CitizenANormal_Beige @ <11011.225586, 129.287979, 14005.055664> ... Lifespan:  Set to 120 minutes.
[EOnDrop] Zombie Spawned [276] ZmbF_Clerk_Normal_Blue @ <10997.960938, 128.532959, 14033.875977> ... Lifespan:  Set to 120 minutes.
[EOnDrop] Spawn failed for zombie [277] 'ZmbM_JacketNormal_greenchecks', it does not exist in DayZ!
[EOnDrop] Zombie Spawned [278] ZmbF_ShortSkirt_checks @ <11037.157227, 108.200523, 14037.140625> ... Lifespan:  Set to 120 minutes.
[EOnDrop] Zombie Spawned [279] ZmbM_CommercialPilotOld_Brown @ <11021.920898, 123.946571, 14005.541016> ... Lifespan:  Set to 120 minutes.
[EOnDrop] Zombie Spawned [280] ZmbM_CommercialPilotOld_Brown @ <11031.054688, 104.799637, 14054.267578> ... Lifespan:  Set to 120 minutes.
[EOnDrop] Zombie Spawned [281] ZmbF_ShortSkirt_grey @ <11049.568359, 125.714211, 14004.203125> ... Lifespan:  Set to 120 minutes.
[EOnDrop] Zombie Spawned [282] ZmbM_CitizenASkinny_Red @ <11046.275391, 102.438232, 14045.166016> ... Lifespan:  Set to 120 minutes.
[EOnDrop] Zombie Spawned [283] ZmbM_SkaterYoung_Green @ <11091.396484, 100.088669, 14032.333984> ... Lifespan:  Set to 120 minutes.
[EOnDrop] Zombie Spawned [284] ZmbF_ParamedicNormal_Red @ <11072.738281, 102.011681, 14032.531250> ... Lifespan:  Set to 120 minutes.
[EOnDrop] Zombie Spawned [285] ZmbF_JournalistNormal_White @ <11064.416992, 106.174026, 14026.328125> ... Lifespan:  Set to 120 minutes.
[EOnDrop] Zombie Spawned [286] ZmbF_JournalistNormal_Red @ <11035.126953, 108.671074, 14038.296875> ... Lifespan:  Set to 120 minutes.
[EOnDrop] Zombie Spawned [287] ZmbM_CommercialPilotOld_Grey @ <11043.290039, 108.895195, 14029.535156> ... Lifespan:  Set to 120 minutes.
[EOnDrop] Zombie Spawned [288] ZmbM_JoggerSkinny_Green @ <11046.846680, 95.110268, 14067.693359> ... Lifespan:  Set to 120 minutes.
[EOnDrop] Zombie Spawned [289] ZmbF_NurseFat @ <11085.942383, 101.653206, 14030.014648> ... Lifespan:  Set to 120 minutes.
[EOnDrop] Zombie Spawned [290] ZmbM_CommercialPilotOld_Blue @ <11039.455078, 101.597755, 14054.275391> ... Lifespan:  Set to 120 minutes.
[EOnDrop] Spawn failed for zombie [291] 'ZmbM_JacketNormal_greenchecks', it does not exist in DayZ!
[EOnDrop] Zombie Spawned [292] ZmbM_CitizenASkinny_Blue @ <11063.337891, 101.725647, 14036.623047> ... Lifespan:  Set to 120 minutes.
[EOnDrop] Zombie Spawned [293] ZmbF_ShortSkirt_beige @ <11045.607422, 105.310410, 14036.940430> ... Lifespan:  Set to 120 minutes.
[EOnDrop] Zombie Spawned [294] ZmbF_Clerk_Normal_Blue @ <11048.363281, 104.997368, 14035.588867> ... Lifespan:  Set to 120 minutes.
[EOnDrop] Zombie Spawned [295] ZmbF_SkaterYoung_Violet @ <11054.315430, 100.029739, 14046.502930> ... Lifespan:  Set to 120 minutes.
[EOnDrop] Zombie Spawned [296] ZmbF_Clerk_Normal_White @ <11058.091797, 94.414223, 14064.362305> ... Lifespan:  Set to 120 minutes.
[EOnDrop] Zombie Spawned [297] ZmbF_Clerk_Normal_Blue @ <11052.177734, 100.975883, 14045.125977> ... Lifespan:  Set to 120 minutes.
[EOnDrop] Zombie Spawned [298] ZmbM_ParamedicNormal_Green @ <11033.501953, 111.879379, 14030.753906> ... Lifespan:  Set to 120 minutes.
[EOnDrop] Zombie Spawned [299] ZmbF_ShortSkirt_yellow @ <11044.286133, 99.909843, 14055.010742> ... Lifespan:  Set to 120 minutes.
[EOnDrop] Zombie Spawned [300] ZmbM_JoggerSkinny_Blue @ <11056.554688, 128.795547, 13999.375000> ... Lifespan:  Set to 120 minutes.
[EOnDrop] Zombie Spawned [301] ZmbF_JournalistNormal_Green @ <11059.008789, 95.243958, 14060.716797> ... Lifespan:  Set to 120 minutes.
[EOnDrop] Zombie Spawned [302] ZmbM_Jacket_khaki @ <11075.611328, 96.507645, 14047.462891> ... Lifespan:  Set to 120 minutes.
[EOnDrop] Zombie Spawned [303] ZmbF_ShortSkirt_red @ <11047.748047, 126.143639, 14003.650391> ... Lifespan:  Set to 120 minutes.
[EOnDrop] Zombie Spawned [304] ZmbF_JournalistNormal_Green @ <11088.467773, 100.313225, 14032.486328> ... Lifespan:  Set to 120 minutes.
[EOnDrop] Zombie Spawned [305] ZmbM_PolicemanSpecForce @ <11067.174805, 99.778931, 14040.338867> ... Lifespan:  Set to 120 minutes.
[EOnDrop] Zombie Spawned [306] ZmbM_CommercialPilotOld_Grey @ <11051.039063, 102.012604, 14042.700195> ... Lifespan:  Set to 120 minutes.
[EOnDrop] Zombie Spawned [307] ZmbM_PolicemanSpecForce @ <11077.692383, 92.683563, 14060.936523> ... Lifespan:  Set to 120 minutes.
[EOnDrop] Zombie Spawned [308] ZmbF_CitizenANormal_Beige @ <11066.081055, 102.175560, 14034.428711> ... Lifespan:  Set to 120 minutes.
[EOnDrop] Zombie Spawned [309] ZmbM_CitizenASkinny_Red @ <11005.919922, 108.149559, 14065.083008> ... Lifespan:  Set to 120 minutes.
[EOnDrop] Zombie Spawned [310] ZmbM_CommercialPilotOld_Olive @ <11034.491211, 110.799644, 14032.728516> ... Lifespan:  Set to 120 minutes.
[EOnDrop] Zombie Spawned [311] ZmbM_SkaterYoung_Brown @ <11043.020508, 99.994789, 14055.808594> ... Lifespan:  Set to 120 minutes.
[EOnDrop] Zombie Spawned [312] ZmbM_CommercialPilotOld_Blue @ <11068.717773, 109.303673, 14020.183594> ... Lifespan:  Set to 120 minutes.
[EOnDrop] Zombie Spawned [313] ZmbM_CitizenASkinny_Red @ <11040.374023, 107.062683, 14036.588867> ... Lifespan:  Set to 120 minutes.
[EOnDrop] Zombie Spawned [314] ZmbM_PatrolNormal_Autumn @ <11014.644531, 118.913208, 14037.268555> ... Lifespan:  Set to 120 minutes.
[EOnDrop] Zombie Spawned [315] ZmbF_JoggerSkinny_Green @ <11019.053711, 127.379311, 13998.717773> ... Lifespan:  Set to 120 minutes.
[EOnDrop] Zombie Spawned [316] ZmbF_ShortSkirt_yellow @ <11025.967773, 106.642693, 14055.333008> ... Lifespan:  Set to 120 minutes.
[EOnDrop] Zombie Spawned [317] ZmbM_JoggerSkinny_Green @ <11049.831055, 88.852112, 14081.454102> ... Lifespan:  Set to 120 minutes.
[EOnDrop] Zombie Spawned [318] ZmbF_CitizenANormal_Beige @ <11015.717773, 127.813995, 14001.510742> ... Lifespan:  Set to 120 minutes.
[EOnDrop] Zombie Spawned [319] ZmbM_CommercialPilotOld_Brown @ <11037.257813, 111.543312, 14027.572266> ... Lifespan:  Set to 120 minutes.
[EOnDrop] Zombie Spawned [320] ZmbM_PatrolNormal_Flat @ <11049.916016, 99.240860, 14052.335938> ... Lifespan:  Set to 120 minutes.
[EOnDrop] Zombie Spawned [321] ZmbM_SkaterYoung_Blue @ <11054.863281, 87.136002, 14082.829102> ... Lifespan:  Set to 120 minutes.
[EOnDrop] Zombie Spawned [322] ZmbM_ParamedicNormal_Red @ <11065.391602, 108.642036, 14021.992188> ... Lifespan:  Set to 120 minutes.
[EOnDrop] Zombie Spawned [323] ZmbM_CitizenASkinny_Red @ <11047.609375, 96.366158, 14063.357422> ... Lifespan:  Set to 120 minutes.
[EOnDrop] Zombie Spawned [324] ZmbM_PolicemanSpecForce @ <11024.007813, 117.734489, 14025.365234> ... Lifespan:  Set to 120 minutes.
[EOnDrop] Zombie Spawned [325] ZmbM_SkaterYoung_Grey @ <11059.289063, 91.092476, 14073.721680> ... Lifespan:  Set to 120 minutes.
[EOnDrop] Zombie Spawned [326] ZmbF_CitizenANormal_Beige @ <11012.525391, 126.083755, 14015.803711> ... Lifespan:  Set to 120 minutes.
[EOnDrop] Zombie Spawned [327] ZmbM_JoggerSkinny_Blue @ <11032.244141, 102.392029, 14058.973633> ... Lifespan:  Set to 120 minutes.
[EOnDrop] Zombie Spawned [328] ZmbM_ClerkFat_Grey @ <11015.905273, 118.707497, 14035.953125> ... Lifespan:  Set to 120 minutes.
[EOnDrop] Zombie Spawned [329] ZmbM_PatrolNormal_Flat @ <11024.348633, 123.757919, 14002.625977> ... Lifespan:  Set to 120 minutes.
[EOnDrop] Zombie Spawned [330] ZmbM_CitizenBFat_Green @ <11018.458008, 106.000893, 14062.872070> ... Lifespan:  Set to 120 minutes.
[EOnDrop] Zombie Spawned [331] ZmbM_Jacket_blue @ <11070.176758, 101.350319, 14035.072266> ... Lifespan:  Set to 120 minutes.
[EOnDrop] Zombie Spawned [332] ZmbF_SkaterYoung_Striped @ <11020.031250, 123.970657, 14008.103516> ... Lifespan:  Set to 120 minutes.
[EOnDrop] Zombie Spawned [333] ZmbF_PoliceWomanNormal @ <11080.003906, 112.367828, 14013.220703> ... Lifespan:  Set to 120 minutes.
[EOnDrop] Zombie Spawned [334] ZmbM_CitizenASkinny_Brown @ <11006.921875, 124.993240, 14032.059570> ... Lifespan:  Set to 120 minutes.
[EOnDrop] Zombie Spawned [335] ZmbF_ShortSkirt_yellow @ <11037.003906, 106.069061, 14043.595703> ... Lifespan:  Set to 120 minutes.
[EOnDrop] Zombie Spawned [336] ZmbM_Jacket_brown @ <11022.887695, 91.375389, 14085.053711> ... Lifespan:  Set to 120 minutes.
[EOnDrop] Zombie Spawned [337] ZmbF_Clerk_Normal_Red @ <11042.160156, 89.125870, 14083.506836> ... Lifespan:  Set to 120 minutes.
[EOnDrop] Zombie Spawned [338] ZmbM_CommercialPilotOld_Brown @ <11055.334961, 114.509605, 14016.696289> ... Lifespan:  Set to 120 minutes.
[EOnDrop] Zombie Spawned [339] ZmbM_Jacket_greenchecks @ <11056.664063, 88.909126, 14079.169922> ... Lifespan:  Set to 120 minutes.
[EOnDrop] Zombie Spawned [340] ZmbF_SkaterYoung_Violet @ <11085.670898, 89.477661, 14064.802734> ... Lifespan:  Set to 120 minutes.
[EOnDrop] Zombie Spawned [341] ZmbF_Clerk_Normal_White @ <11080.127930, 94.391441, 14053.806641> ... Lifespan:  Set to 120 minutes.
[EOnDrop] Zombie Spawned [342] ZmbM_SkaterYoung_Grey @ <11062.059570, 99.625755, 14043.196289> ... Lifespan:  Set to 120 minutes.
[EOnDrop] Zombie Spawned [343] ZmbM_CommercialPilotOld_Olive @ <11030.005859, 96.516808, 14072.755859> ... Lifespan:  Set to 120 minutes.
[EOnDrop] Zombie Spawned [344] ZmbF_ShortSkirt_green @ <11032.579102, 102.999382, 14057.146484> ... Lifespan:  Set to 120 minutes.
[EOnDrop] Zombie Spawned [345] ZmbM_DoctorFat @ <11064.942383, 95.314972, 14057.285156> ... Lifespan:  Set to 120 minutes.
[EOnDrop] Zombie Spawned [346] ZmbM_Jacket_beige @ <11016.295898, 119.092751, 14034.189453> ... Lifespan:  Set to 120 minutes.
[EOnDrop] Zombie Spawned [347] ZmbM_PatrolNormal_PautRev @ <11048.639648, 94.565048, 14068.418945> ... Lifespan:  Set to 120 minutes.
[EOnDrop] Zombie Spawned [348] ZmbF_ShortSkirt_checks @ <11090.873047, 98.976433, 14035.434570> ... Lifespan:  Set to 120 minutes.
[EOnDrop] Zombie Spawned [349] ZmbF_JournalistNormal_Blue @ <11032.503906, 101.642593, 14060.594727> ... Lifespan:  Set to 120 minutes.
[EOnDrop] Zombie Spawned [350] ZmbF_Clerk_Normal_Green @ <11062.416016, 94.171127, 14063.189453> ... Lifespan:  Set to 120 minutes.
[EOnDrop] Zombie Spawned [351] ZmbM_ParamedicNormal_Red @ <11040.867188, 96.497696, 14067.048828> ... Lifespan:  Set to 120 minutes.
[EOnDrop] Zombie Spawned [352] ZmbF_JournalistNormal_Red @ <11079.062500, 101.020683, 14033.165039> ... Lifespan:  Set to 120 minutes.
[EOnDrop] Zombie Spawned [353] ZmbM_PatrolNormal_Summer @ <11018.561523, 110.612434, 14053.627930> ... Lifespan:  Set to 120 minutes.
[EOnDrop] Zombie Spawned [354] ZmbM_SkaterYoung_Brown @ <11030.172852, 106.878197, 14049.652344> ... Lifespan:  Set to 120 minutes.
[EOnDrop] Zombie Spawned [355] ZmbM_JournalistSkinny @ <11011.462891, 100.340218, 14074.761719> ... Lifespan:  Set to 120 minutes.
[EOnDrop] Zombie Spawned [356] ZmbF_NurseFat @ <11053.825195, 102.076828, 14040.432617> ... Lifespan:  Set to 120 minutes.
[EOnDrop] Zombie Spawned [357] ZmbM_CitizenBFat_Red @ <11002.411133, 116.321487, 14053.553711> ... Lifespan:  Set to 120 minutes.
[EOnDrop] Zombie Spawned [358] ZmbM_PatientSkinny @ <11006.207031, 124.482697, 14034.179688> ... Lifespan:  Set to 120 minutes.
[EOnDrop] Zombie Spawned [359] ZmbM_ParamedicNormal_Black @ <11022.500977, 121.387703, 14013.218750> ... Lifespan:  Set to 120 minutes.
[EOnDrop] Zombie Spawned [360] ZmbM_JoggerSkinny_Red @ <11077.920898, 92.906960, 14060.051758> ... Lifespan:  Set to 120 minutes.
[EOnDrop] Drop spawned with 360 infected at <11042.701172, 256.954895, 14041.537109>.
[EOnDrop] Supplies have been dropped near Novodmitrovsk.
[EOnBeforeDelete] Aircraft despawned @ <16361.320313, 152.036163, 13842.156250>
[~AirdropPlane] Aircraft destroyed.
