[AirdropPlane] Aircraft created on 2021-03-25 @ 02-03-27
[InitializeAircraft] Aircraft Initialized: Player Called @ 1394.14/9287.7 (false)
[EOnBeforeDrop] The Aircraft is 1 Km from called location. @ <1979.197021, 467.735687, 7908.324219>
[EOnDrop] Zombie Spawned [1] Animal_CanisLupus_Grey @ <1409.186157, 293.470367, 9220.468750> ... Lifespan:  Set to 120 minutes.
[EOnDrop] Zombie Spawned [2] Animal_CanisLupus_White @ <1442.483276, 290.849548, 9212.259766> ... Lifespan:  Set to 120 minutes.
[EOnDrop] Zombie Spawned [3] ZmbM_PatrolNormal_Flat @ <1415.711548, 291.986816, 9211.720703> ... Lifespan:  Set to 120 minutes.
[EOnDrop] Zombie Spawned [4] ZmbM_PatrolNormal_Flat @ <1459.201904, 295.731232, 9235.410156> ... Lifespan:  Set to 120 minutes.
[EOnDrop] Zombie Spawned [5] ZmbM_PatrolNormal_Summer @ <1414.092163, 309.858154, 9251.659180> ... Lifespan:  Set to 120 minutes.
[EOnDrop] Zombie Spawned [6] Animal_CanisLupus_White @ <1423.960083, 290.323914, 9216.281250> ... Lifespan:  Set to 120 minutes.
[EOnDrop] Zombie Spawned [7] ZmbM_FishermanOld_Grey @ <1470.889526, 297.080353, 9218.074219> ... Lifespan:  Set to 120 minutes.
[EOnDrop] Zombie Spawned [8] ZmbF_CitizenANormal_Brown @ <1465.186279, 300.201172, 9184.308594> ... Lifespan:  Set to 120 minutes.
[EOnDrop] Zombie Spawned [9] ZmbM_PatrolNormal_PautRev @ <1447.217773, 297.359222, 9175.252930> ... Lifespan:  Set to 120 minutes.
[EOnDrop] Zombie Spawned [10] ZmbM_FarmerFat_Blue @ <1452.694458, 301.238373, 9191.331055> ... Lifespan:  Set to 120 minutes.
[EOnDrop] Zombie Spawned [11] ZmbM_FarmerFat_Blue @ <1444.242676, 301.425842, 9199.019531> ... Lifespan:  Set to 120 minutes.
[EOnDrop] Zombie Spawned [12] ZmbM_PatrolNormal_Flat @ <1448.420898, 295.632568, 9168.955078> ... Lifespan:  Set to 120 minutes.
[EOnDrop] Zombie Spawned [13] ZmbM_VillagerOld_Green @ <1433.673950, 307.946167, 9247.931641> ... Lifespan:  Set to 120 minutes.
[EOnDrop] Zombie Spawned [14] ZmbM_FirefighterNormal @ <1426.169434, 293.772308, 9185.774414> ... Lifespan:  Set to 120 minutes.
[EOnDrop] Zombie Spawned [15] Animal_CanisLupus_Grey @ <1414.398071, 308.797943, 9245.944336> ... Lifespan:  Set to 120 minutes.
[EOnDrop] Zombie Spawned [16] ZmbM_CitizenASkinny_Blue @ <1422.701172, 290.725220, 9211.494141> ... Lifespan:  Set to 120 minutes.
[EOnDrop] Zombie Spawned [17] ZmbM_PatrolNormal_Summer @ <1434.124756, 293.489258, 9176.269531> ... Lifespan:  Set to 120 minutes.
[EOnDrop] Zombie Spawned [18] ZmbM_PatrolNormal_PautRev @ <1456.330078, 303.487885, 9202.032227> ... Lifespan:  Set to 120 minutes.
[EOnDrop] Zombie Spawned [19] ZmbF_ShortSkirt_checks @ <1460.966309, 299.934448, 9178.291016> ... Lifespan:  Set to 120 minutes.
[EOnDrop] Zombie Spawned [20] ZmbM_FishermanOld_Grey @ <1453.743774, 293.796204, 9219.901367> ... Lifespan:  Set to 120 minutes.
[EOnDrop] Zombie Spawned [21] ZmbM_SoldierNormal @ <1432.844238, 305.973724, 9239.549805> ... Lifespan:  Set to 120 minutes.
[EOnDrop] Zombie Spawned [22] Animal_CanisLupus_Grey @ <1423.385742, 291.266205, 9209.240234> ... Lifespan:  Set to 120 minutes.
[EOnDrop] Zombie Spawned [23] ZmbM_PatrolNormal_PautRev @ <1468.589600, 303.002411, 9200.240234> ... Lifespan:  Set to 120 minutes.
[EOnDrop] Zombie Spawned [24] ZmbF_PoliceWomanNormal @ <1431.217041, 296.259064, 9202.291992> ... Lifespan:  Set to 120 minutes.
[EOnDrop] Zombie Spawned [25] ZmbM_Jacket_beige @ <1433.721191, 297.386566, 9199.442383> ... Lifespan:  Set to 120 minutes.
[EOnDrop] Zombie Spawned [26] ZmbM_PatrolNormal_PautRev @ <1413.253052, 292.107056, 9177.733398> ... Lifespan:  Set to 120 minutes.
[EOnDrop] Zombie Spawned [27] ZmbF_PatientOld @ <1398.486206, 291.196686, 9183.024414> ... Lifespan:  Set to 120 minutes.
[EOnDrop] Zombie Spawned [28] ZmbM_PatrolNormal_PautRev @ <1426.565552, 292.872375, 9227.803711> ... Lifespan:  Set to 120 minutes.
[EOnDrop] Zombie Spawned [29] ZmbF_CitizenANormal_Beige @ <1438.837524, 297.676910, 9186.498047> ... Lifespan:  Set to 120 minutes.
[EOnDrop] Zombie Spawned [30] ZmbM_PatrolNormal_PautRev @ <1417.633789, 292.133636, 9207.558594> ... Lifespan:  Set to 120 minutes.
[EOnDrop] Zombie Spawned [31] Animal_CanisLupus_White @ <1468.659668, 300.060974, 9181.001953> ... Lifespan:  Set to 120 minutes.
[EOnDrop] Zombie Spawned [32] Animal_CanisLupus_White @ <1395.949097, 290.924896, 9208.831055> ... Lifespan:  Set to 120 minutes.
[EOnDrop] Zombie Spawned [33] ZmbM_PatrolNormal_Summer @ <1419.008301, 291.452850, 9210.652344> ... Lifespan:  Set to 120 minutes.
[EOnDrop] Zombie Spawned [34] ZmbF_SurvivorNormal_Blue @ <1423.342896, 293.473785, 9201.364258> ... Lifespan:  Set to 120 minutes.
[EOnDrop] Zombie Spawned [35] ZmbM_PatrolNormal_PautRev @ <1453.388672, 300.682678, 9204.614258> ... Lifespan:  Set to 120 minutes.
[EOnDrop] Zombie Spawned [36] Animal_CanisLupus_Grey @ <1450.275391, 300.480927, 9242.575195> ... Lifespan:  Set to 120 minutes.
[EOnDrop] Zombie Spawned [37] ZmbF_Clerk_Normal_Blue @ <1454.246826, 300.085510, 9184.850586> ... Lifespan:  Set to 120 minutes.
[EOnDrop] Zombie Spawned [38] Animal_CanisLupus_White @ <1420.084473, 290.256500, 9216.116211> ... Lifespan:  Set to 120 minutes.
[EOnDrop] Zombie Spawned [39] ZmbM_PolicemanSpecForce @ <1448.588867, 297.749908, 9175.272461> ... Lifespan:  Set to 120 minutes.
[EOnDrop] Zombie Spawned [40] ZmbM_OffshoreWorker_Green @ <1402.851318, 296.491180, 9227.523438> ... Lifespan:  Set to 120 minutes.
[EOnDrop] Drop spawned with 40 infected at <1428.983887, 439.238251, 9206.848633>.
[EOnDrop] Supplies have been dropped near the player's location.
[EOnBeforeDelete] Aircraft despawned @ <-1000.653809, 625.259460, 14940.961914>
[~AirdropPlane] Aircraft destroyed.
