[InitializeContainer] Container created on 2021-04-05 @ 07-08-33
[InitializeContainer] Winds: Vector <8.669717, 0.000000, -4.304900>, Speed 9.67968mps, Strength 0.1
[AirdropContainerFall] Drop Type 'Military Weapons', Container: 'AirdropContainer_Military', Mode/Quantity/Iems: Random/20/15, Flare:  10%
[AirdropContainerFall] Loot Spawned [1] TWP_Stoner63 @ <6176.035645, 17.237820, 2550.377197> ... Lifespan: Set to 120 minutes.
[AirdropContainerFall] Loot Spawned [2] TWP_HKCarabine @ <6173.163574, 17.358839, 2548.449951> ... Lifespan: Set to 120 minutes.
[AirdropContainerFall] Loot Spawned [3] TWP_Stoner63_mag_30Rnd @ <6177.969238, 16.586662, 2548.017334> ... Lifespan: Set to 120 minutes.
[AirdropContainerFall] Loot Spawned [4] TWP_CZScorpion_mag_30Rnd @ <6173.694336, 17.520872, 2549.963135> ... Lifespan: Set to 120 minutes.
[AirdropContainerFall] Loot Spawned [5] TWP_M16 @ <6174.276367, 17.081779, 2547.896484> ... Lifespan: Set to 120 minutes.
[AirdropContainerFall] Loot Spawned [6] TWP_OTSGrosa @ <6176.431641, 17.300749, 2551.914795> ... Lifespan: Set to 120 minutes.
[AirdropContainerFall] Loot Spawned [7] AmmoBox_762x54_20Rnd @ <6176.334961, 16.776501, 2547.838623> ... Lifespan: Set to 120 minutes.
[AirdropContainerFall] Loot Spawned [8] M67Grenade @ <6173.721680, 17.118336, 2547.426025> ... Lifespan: Set to 120 minutes.
[AirdropContainerFall] Loot Spawned [9] LandMineTrap @ <6174.226563, 16.995110, 2547.192627> ... Lifespan: Set to 120 minutes.
[AirdropContainerFall] Loot Spawned [10] TWP_OTSGrosa_mag_30Rnd @ <6176.518555, 16.870153, 2548.492676> ... Lifespan: Set to 120 minutes.
[AirdropContainerFall] Loot Spawned [11] TWP_CZScorpion_mag_30Rnd @ <6174.405273, 17.587105, 2552.056152> ... Lifespan: Set to 120 minutes.
[AirdropContainerFall] Loot Spawned [12] AmmoBox_762x54_20Rnd @ <6176.659180, 16.931622, 2548.937500> ... Lifespan: Set to 120 minutes.
[AirdropContainerFall] Loot Spawned [13] TWP_Stoner63_mag_30Rnd @ <6177.736816, 16.978807, 2550.014160> ... Lifespan: Set to 120 minutes.
[AirdropContainerFall] Loot Spawned [14] TWP_STG58_mag_20Rnd @ <6173.698730, 17.251562, 2548.374512> ... Lifespan: Set to 120 minutes.
[AirdropContainerFall] Loot Spawned [15] TWP_HKCarabine_mag_30Rnd @ <6174.116699, 17.440231, 2549.834961> ... Lifespan: Set to 120 minutes.
[AirdropContainerFall] Loot Spawned [16] TWP_Stoner63_mag_30Rnd @ <6174.735840, 17.493658, 2551.417969> ... Lifespan: Set to 120 minutes.
[AirdropContainerFall] Loot Spawned [17] TWP_CZScorpion @ <6175.623535, 16.784801, 2547.350830> ... Lifespan: Set to 120 minutes.
[AirdropContainerFall] Loot Spawned [18] M67Grenade @ <6174.888672, 17.403946, 2550.511230> ... Lifespan: Set to 120 minutes.
[AirdropContainerFall] Loot Spawned [19] TWP_HKCarabine_mag_30Rnd @ <6173.493652, 17.644688, 2551.182129> ... Lifespan: Set to 120 minutes.
[AirdropContainerFall] Loot Spawned [20] TWP_Stoner63_mag_30Rnd @ <6175.071289, 16.853458, 2547.277832> ... Lifespan: Set to 120 minutes.
[AirdropContainerUnstuck] Container was unstuck.
[~AirdropContainerBase] Container Destroyed on 2021-04-05 @ 08-08-33
