[InitializeContainer] Container created on 2021-03-01 @ 16-45-12
[InitializeContainer] Winds: Vector <9.049280, 0.000000, -3.870315>, Speed 9.84219mps, Strength 0.1
[AirdropContainerFall] Drop Type 'Military Weapons', Container: 'AirdropContainer', Mode/Quantity/Iems: Random/30/14, Flare:  10%
[AirdropContainerFall] Loot Spawned [1] TTC_50Beo_mag @ <7431.824707, 323.099152, 7787.913086> ... Lifespan: Set to 120 minutes.
[AirdropContainerFall] Loot Spawned [2] TWP_BerettaPX4 @ <7431.192383, 322.967651, 7786.438477> ... Lifespan: Set to 120 minutes.
[AirdropContainerFall] Loot Spawned [3] Mag_AKM_30Rnd @ <7431.646973, 322.993317, 7785.782227> ... Lifespan: Set to 120 minutes.
[AirdropContainerFall] Loot Spawned [4] TTC_R700 @ <7431.464844, 323.132324, 7789.772949> ... Lifespan: Set to 120 minutes.
[AirdropContainerFall] Loot Spawned [5] BakedBeansCan @ <7430.486328, 322.828918, 7785.120117> ... Lifespan: Set to 120 minutes.
[AirdropContainerFall] Loot Spawned [6] TWP_BerettaPX4_mag_17Rnd @ <7428.790039, 322.639771, 7785.352051> ... Lifespan: Set to 120 minutes.
[AirdropContainerFall] Loot Spawned [7] BakedBeansCan @ <7432.626953, 323.239380, 7789.123047> ... Lifespan: Set to 120 minutes.
[AirdropContainerFall] Loot Spawned [8] TTC_50Beo_mag @ <7428.912598, 322.681152, 7785.984863> ... Lifespan: Set to 120 minutes.
[AirdropContainerFall] Loot Spawned [9] AKM @ <7431.506348, 323.114166, 7789.201172> ... Lifespan: Set to 120 minutes.
[AirdropContainerFall] Loot Spawned [10] TTC_AmmoBox_50Beo_20rnd @ <7430.266113, 322.960266, 7788.909180> ... Lifespan: Set to 120 minutes.
[AirdropContainerFall] Loot Spawned [11] TTC_AmmoBox_50Beo_20rnd @ <7429.210449, 322.891846, 7790.224609> ... Lifespan: Set to 120 minutes.
[AirdropContainerFall] Loot Spawned [12] AKM @ <7431.698242, 323.074310, 7787.655273> ... Lifespan: Set to 120 minutes.
[AirdropContainerFall] Loot Spawned [13] TTC_AmmoBox_50Beo_20rnd @ <7428.308105, 322.614258, 7786.078613> ... Lifespan: Set to 120 minutes.
[AirdropContainerFall] Loot Spawned [14] BakedBeansCan @ <7429.314941, 322.841095, 7788.656250> ... Lifespan: Set to 120 minutes.
[AirdropContainerFall] Loot Spawned [15] TTC_50Beo_mag @ <7432.975586, 323.238861, 7788.122559> ... Lifespan: Set to 120 minutes.
[AirdropContainerFall] Loot Spawned [16] PowderedMilk @ <7432.123535, 323.195587, 7789.468262> ... Lifespan: Set to 120 minutes.
[AirdropContainerFall] Loot Spawned [17] Mag_AKM_30Rnd @ <7429.452148, 322.879089, 7789.212891> ... Lifespan: Set to 120 minutes.
[AirdropContainerFall] Loot Spawned [18] TTC_Beowulf @ <7431.727051, 323.079620, 7787.705078> ... Lifespan: Set to 120 minutes.
[AirdropContainerFall] Loot Spawned [19] PowderedMilk @ <7429.206543, 322.705627, 7785.750488> ... Lifespan: Set to 120 minutes.
[AirdropContainerFall] Loot Spawned [20] Mag_AKM_30Rnd @ <7428.854980, 322.820038, 7789.448242> ... Lifespan: Set to 120 minutes.
[AirdropContainerFall] Loot Spawned [21] TWP_BerettaPX4_mag_17Rnd @ <7428.312012, 322.630585, 7786.451172> ... Lifespan: Set to 120 minutes.
[AirdropContainerFall] Loot Spawned [22] TTC_Buttstock3 @ <7431.405762, 323.095184, 7789.016113> ... Lifespan: Set to 120 minutes.
[AirdropContainerFall] Loot Spawned [23] TTC_AmmoBox_50Beo_20rnd @ <7427.784180, 322.628632, 7787.856934> ... Lifespan: Set to 120 minutes.
[AirdropContainerFall] Loot Spawned [24] TTC_R700 @ <7431.061035, 323.040283, 7788.631348> ... Lifespan: Set to 120 minutes.
[AirdropContainerFall] Loot Spawned [25] Mag_AKM_30Rnd @ <7428.888184, 322.761902, 7787.944336> ... Lifespan: Set to 120 minutes.
[AirdropContainerFall] Loot Spawned [26] TTC_Buttstock3 @ <7429.728027, 322.794617, 7786.401855> ... Lifespan: Set to 120 minutes.
[AirdropContainerFall] Loot Spawned [27] BakedBeansCan @ <7428.549316, 322.635010, 7785.903320> ... Lifespan: Set to 120 minutes.
[AirdropContainerFall] Loot Spawned [28] TTC_R700 @ <7431.338867, 322.994324, 7786.686035> ... Lifespan: Set to 120 minutes.
[AirdropContainerFall] Loot Spawned [29] BakedBeansCan @ <7429.367676, 322.866486, 7789.140137> ... Lifespan: Set to 120 minutes.
[AirdropContainerFall] Loot Spawned [30] TTC_AmmoBox_50Beo_20rnd @ <7431.762207, 323.051392, 7786.897949> ... Lifespan: Set to 120 minutes.
[AirdropContainerUnstuck] Container was unstuck.
[~AirdropContainerBase] Container Destroyed on 2021-03-01 @ 17-46-47
