[AirdropPlane] Aircraft created on 2021-03-23 @ 01-09-30
[InitializeAircraft] Aircraft Initialized: Krasnostav @ 12159/12583 (true)
[EOnBeforeDrop] The Aircraft is 1 Km from Krasnostav. @ <10823.440430, 410.742889, 11902.664063>
[EOnDrop] Zombie Spawned [1] ZmbM_SoldierNormal @ <12075.792969, 140.500000, 12538.827148> ... Lifespan:  Set to 120 minutes.
[EOnDrop] Zombie Spawned [2] ZmbM_SoldierNormal @ <12108.738281, 140.500000, 12579.105469> ... Lifespan:  Set to 120 minutes.
[EOnDrop] Zombie Spawned [3] ZmbM_PatrolNormal_Summer @ <12081.304688, 140.500000, 12579.677734> ... Lifespan:  Set to 120 minutes.
[EOnDrop] Zombie Spawned [4] ZmbM_PatrolNormal_PautRev @ <12067.715820, 140.500000, 12543.177734> ... Lifespan:  Set to 120 minutes.
[EOnDrop] Zombie Spawned [5] ZmbM_PatrolNormal_Autumn @ <12092.805664, 140.500000, 12552.642578> ... Lifespan:  Set to 120 minutes.
[EOnDrop] Zombie Spawned [6] ZmbM_PatrolNormal_Summer @ <12040.405273, 140.500000, 12551.558594> ... Lifespan:  Set to 120 minutes.
[EOnDrop] Zombie Spawned [7] ZmbM_SoldierNormal @ <12061.692383, 140.500000, 12554.434570> ... Lifespan:  Set to 120 minutes.
[EOnDrop] Zombie Spawned [8] ZmbM_PatrolNormal_Flat @ <12069.582031, 140.500000, 12557.252930> ... Lifespan:  Set to 120 minutes.
[EOnDrop] Zombie Spawned [9] ZmbM_PatrolNormal_Autumn @ <12117.618164, 140.500000, 12508.305664> ... Lifespan:  Set to 120 minutes.
[EOnDrop] Zombie Spawned [10] ZmbM_PatrolNormal_Autumn @ <12069.015625, 140.500000, 12520.704102> ... Lifespan:  Set to 120 minutes.
[EOnDrop] Zombie Spawned [11] ZmbM_PatrolNormal_PautRev @ <12043.940430, 140.389206, 12520.635742> ... Lifespan:  Set to 120 minutes.
[EOnDrop] Zombie Spawned [12] ZmbM_SoldierNormal @ <12072.707031, 140.500000, 12556.416016> ... Lifespan:  Set to 120 minutes.
[EOnDrop] Zombie Spawned [13] ZmbM_PatrolNormal_Summer @ <12125.783203, 140.500000, 12538.275391> ... Lifespan:  Set to 120 minutes.
[EOnDrop] Zombie Spawned [14] ZmbM_PatrolNormal_PautRev @ <12079.461914, 140.500000, 12518.535156> ... Lifespan:  Set to 120 minutes.
[EOnDrop] Zombie Spawned [15] ZmbM_PatrolNormal_PautRev @ <12121.465820, 140.500000, 12547.166016> ... Lifespan:  Set to 120 minutes.
[EOnDrop] Zombie Spawned [16] ZmbM_PatrolNormal_Summer @ <12066.995117, 140.500000, 12521.679688> ... Lifespan:  Set to 120 minutes.
[EOnDrop] Zombie Spawned [17] ZmbM_PatrolNormal_Flat @ <12130.446289, 140.500000, 12570.051758> ... Lifespan:  Set to 120 minutes.
[EOnDrop] Zombie Spawned [18] ZmbM_PatrolNormal_Flat @ <12040.462891, 140.455368, 12531.662109> ... Lifespan:  Set to 120 minutes.
[EOnDrop] Zombie Spawned [19] ZmbM_PatrolNormal_Autumn @ <12094.527344, 140.500000, 12515.662109> ... Lifespan:  Set to 120 minutes.
[EOnDrop] Zombie Spawned [20] ZmbM_PatrolNormal_Summer @ <12070.542969, 140.500000, 12551.764648> ... Lifespan:  Set to 120 minutes.
[EOnDrop] Zombie Spawned [21] ZmbM_SoldierNormal @ <12124.144531, 140.500000, 12519.421875> ... Lifespan:  Set to 120 minutes.
[EOnDrop] Zombie Spawned [22] ZmbM_PatrolNormal_Summer @ <12055.308594, 140.500000, 12533.857422> ... Lifespan:  Set to 120 minutes.
[EOnDrop] Zombie Spawned [23] ZmbM_SoldierNormal @ <12051.301758, 140.500000, 12563.976563> ... Lifespan:  Set to 120 minutes.
[EOnDrop] Zombie Spawned [24] ZmbM_PatrolNormal_PautRev @ <12126.766602, 140.500000, 12529.845703> ... Lifespan:  Set to 120 minutes.
[EOnDrop] Zombie Spawned [25] ZmbM_PatrolNormal_PautRev @ <12107.409180, 140.500000, 12515.605469> ... Lifespan:  Set to 120 minutes.
[EOnDrop] Zombie Spawned [26] ZmbM_PatrolNormal_Summer @ <12088.994141, 140.500000, 12594.691406> ... Lifespan:  Set to 120 minutes.
[EOnDrop] Zombie Spawned [27] ZmbM_PatrolNormal_Flat @ <12079.230469, 140.500000, 12550.941406> ... Lifespan:  Set to 120 minutes.
[EOnDrop] Zombie Spawned [28] ZmbM_PatrolNormal_Summer @ <12065.682617, 140.500000, 12519.953125> ... Lifespan:  Set to 120 minutes.
[EOnDrop] Zombie Spawned [29] ZmbM_PatrolNormal_PautRev @ <12068.903320, 140.500000, 12521.467773> ... Lifespan:  Set to 120 minutes.
[EOnDrop] Zombie Spawned [30] ZmbM_SoldierNormal @ <12091.858398, 140.500000, 12537.022461> ... Lifespan:  Set to 120 minutes.
[EOnDrop] Zombie Spawned [31] ZmbM_SoldierNormal @ <12109.284180, 140.500000, 12528.882813> ... Lifespan:  Set to 120 minutes.
[EOnDrop] Zombie Spawned [32] ZmbM_PatrolNormal_Autumn @ <12109.077148, 140.500000, 12579.704102> ... Lifespan:  Set to 120 minutes.
[EOnDrop] Zombie Spawned [33] ZmbM_PatrolNormal_Summer @ <12127.376953, 140.500000, 12551.766602> ... Lifespan:  Set to 120 minutes.
[EOnDrop] Zombie Spawned [34] ZmbM_PatrolNormal_PautRev @ <12101.277344, 140.500000, 12538.075195> ... Lifespan:  Set to 120 minutes.
[EOnDrop] Zombie Spawned [35] ZmbM_PatrolNormal_Flat @ <12084.035156, 140.440277, 12563.619141> ... Lifespan:  Set to 120 minutes.
[EOnDrop] Drop spawned with 35 infected at <12086.721680, 283.768829, 12546.506836>.
[EOnDrop] Supplies have been dropped near Krasnostav.
[EOnBeforeDelete] Aircraft despawned @ <16361.252930, 152.325928, 14725.060547>
[~AirdropPlane] Aircraft destroyed.
