[InitializeContainer] Container created on 2021-03-14 @ 07-07-33
[InitializeContainer] Winds: Vector <8.681356, 0.000000, 10.336835>, Speed 13.4987mps, Strength 0.1
[AirdropContainerFall] Drop Type 'Military Weapons', Container: 'AirdropContainer_Military', Mode/Quantity/Iems: Random/20/18, Flare:  10%
[AirdropContainerFall] Loot Spawned [1] TWP_RemingtonMSR_mag_5Rnd @ <5085.701172, 9.018948, 2556.300293> ... Lifespan: Set to 120 minutes.
[AirdropContainerFall] Loot Spawned [2] TWP_USPPsychodelic_mag_15Rnd @ <5086.999023, 8.993725, 2555.289551> ... Lifespan: Set to 120 minutes.
[AirdropContainerFall] Loot Spawned [3] TWP_P8_mag_15Rnd @ <5084.128906, 9.049411, 2556.694092> ... Lifespan: Set to 120 minutes.
[AirdropContainerFall] Loot Spawned [4] TWP_P90Shallow_Grave @ <5084.414063, 8.997535, 2555.005615> ... Lifespan: Set to 120 minutes.
[AirdropContainerFall] Loot Spawned [5] Mag_STANAG_30Rnd @ <5086.796875, 8.993358, 2555.285889> ... Lifespan: Set to 120 minutes.
[AirdropContainerFall] Loot Spawned [6] TWP_USPPsychodelic @ <5084.503906, 8.956276, 2553.539063> ... Lifespan: Set to 120 minutes.
[AirdropContainerFall] Loot Spawned [7] TWP_P8 @ <5087.117188, 9.003644, 2555.989746> ... Lifespan: Set to 120 minutes.
[AirdropContainerFall] Loot Spawned [8] Mag_STANAG_30Rnd @ <5087.492676, 8.972703, 2554.476563> ... Lifespan: Set to 120 minutes.
[AirdropContainerFall] Loot Spawned [9] LandMineTrap @ <5086.379883, 9.016361, 2556.229980> ... Lifespan: Set to 120 minutes.
[AirdropContainerFall] Loot Spawned [10] FNX45 @ <5086.025391, 8.912739, 2552.301270> ... Lifespan: Set to 120 minutes.
[AirdropContainerFall] Loot Spawned [11] LandMineTrap @ <5086.696777, 8.944299, 2553.451172> ... Lifespan: Set to 120 minutes.
[AirdropContainerFall] Loot Spawned [12] TWP_P8_mag_15Rnd @ <5086.153320, 8.998023, 2555.492920> ... Lifespan: Set to 120 minutes.
[AirdropContainerFall] Loot Spawned [13] FNX45 @ <5087.779297, 8.921522, 2552.542969> ... Lifespan: Set to 120 minutes.
[AirdropContainerFall] Loot Spawned [14] LandMineTrap @ <5085.185059, 8.909171, 2552.209473> ... Lifespan: Set to 120 minutes.
[AirdropContainerFall] Loot Spawned [15] TWP_USPPsychodelic @ <5085.511230, 8.934069, 2553.126953> ... Lifespan: Set to 120 minutes.
[AirdropContainerFall] Loot Spawned [16] TWP_P90Shallow_Grave @ <5084.379883, 8.984290, 2554.478027> ... Lifespan: Set to 120 minutes.
[AirdropContainerFall] Loot Spawned [17] TWP_P90Shallow_Grave @ <5087.000977, 8.986421, 2555.015625> ... Lifespan: Set to 120 minutes.
[AirdropContainerFall] Loot Spawned [18] Mag_STANAG_30Rnd @ <5085.448730, 8.904908, 2552.036377> ... Lifespan: Set to 120 minutes.
[AirdropContainerFall] Loot Spawned [19] M4A1 @ <5087.958496, 8.941745, 2553.292236> ... Lifespan: Set to 120 minutes.
[AirdropContainerFall] Loot Spawned [20] TWP_P90Shallow_Grave @ <5088.221680, 8.979494, 2555.203857> ... Lifespan: Set to 120 minutes.
[AirdropContainerUnstuck] Container was unstuck.
[~AirdropContainerBase] Container Destroyed on 2021-03-14 @ 08-07-33
