[AirdropPlane] Aircraft created on 2021-02-03 @ 09-05-29
[InitializeAircraft] Aircraft Initialized: Balota @ 5043/2505 (true)
[EOnBeforeDrop] The Aircraft is 1 Km from Balota. @ <5847.544922, 247.927612, 3769.291016>
[EOnDrop] Zombie Spawned [1] ZmbM_PatrolNormal_Autumn @ <5063.214844, 10.579332, 2590.646240> ... Lifespan:  Set to 120 minutes.
[EOnDrop] Zombie Spawned [2] ZmbM_PatrolNormal_Flat @ <5101.396484, 9.196804, 2580.003418> ... Lifespan:  Set to 120 minutes.
[EOnDrop] Zombie Spawned [3] ZmbM_SoldierNormal @ <5050.343262, 11.338279, 2590.804688> ... Lifespan:  Set to 120 minutes.
[EOnDrop] Zombie Spawned [4] ZmbM_SoldierNormal @ <5051.084961, 10.885060, 2586.910889> ... Lifespan:  Set to 120 minutes.
[EOnDrop] Zombie Spawned [5] ZmbM_PatrolNormal_Summer @ <5069.987305, 10.263666, 2574.808838> ... Lifespan:  Set to 120 minutes.
[EOnDrop] Zombie Spawned [6] ZmbM_PatrolNormal_Autumn @ <5078.551270, 9.820767, 2575.287842> ... Lifespan:  Set to 120 minutes.
[EOnDrop] Zombie Spawned [7] ZmbM_PatrolNormal_PautRev @ <5078.196777, 9.654140, 2587.625977> ... Lifespan:  Set to 120 minutes.
[EOnDrop] Zombie Spawned [8] ZmbM_PatrolNormal_Autumn @ <5119.127441, 10.002493, 2560.385742> ... Lifespan:  Set to 120 minutes.
[EOnDrop] Zombie Spawned [9] ZmbM_PatrolNormal_Summer @ <5060.989746, 10.520791, 2579.055420> ... Lifespan:  Set to 120 minutes.
[EOnDrop] Zombie Spawned [10] ZmbM_SoldierNormal @ <5092.987305, 9.382452, 2573.328369> ... Lifespan:  Set to 120 minutes.
[EOnDrop] Zombie Spawned [11] ZmbM_PatrolNormal_Autumn @ <5081.481934, 10.242975, 2600.183838> ... Lifespan:  Set to 120 minutes.
[EOnDrop] Zombie Spawned [12] ZmbM_PatrolNormal_PautRev @ <5127.224121, 11.687246, 2589.256592> ... Lifespan:  Set to 120 minutes.
[EOnDrop] Zombie Spawned [13] ZmbM_PatrolNormal_PautRev @ <5086.938965, 9.538223, 2573.254883> ... Lifespan:  Set to 120 minutes.
[EOnDrop] Zombie Spawned [14] ZmbM_PatrolNormal_Summer @ <5069.315918, 10.230406, 2567.865234> ... Lifespan:  Set to 120 minutes.
[EOnDrop] Zombie Spawned [15] ZmbM_PatrolNormal_Summer @ <5062.434082, 12.119656, 2609.554688> ... Lifespan:  Set to 120 minutes.
[EOnDrop] Drop spawned with 15 infected at <5089.453125, 166.620392, 2578.003906>.
[EOnDrop] Supplies have been dropped near Balota.
[EOnBeforeDelete] Aircraft despawned @ <2811.768066, 152.000610, -1000.892578>
[~AirdropPlane] Aircraft destroyed.
