[AirdropPlane] Aircraft created on 2021-03-28 @ 18-10-49
[InitializeAircraft] Aircraft Initialized: Chernogorks @ 6128/2497 (true)
[EOnBeforeDrop] The Aircraft is 1 Km from Chernogorks. @ <5267.131348, 346.934845, 3724.836670>
[EOnDrop] Zombie Spawned [1] ZmbM_ParamedicNormal_Black @ <6107.998047, 26.130724, 2538.584473> ... Lifespan:  Set to 120 minutes.
[EOnDrop] Zombie Spawned [2] ZmbM_CitizenASkinny_Brown @ <6128.469727, 25.441225, 2559.933105> ... Lifespan:  Set to 120 minutes.
[EOnDrop] Zombie Spawned [3] ZmbM_ParamedicNormal_Green @ <6113.721191, 25.939318, 2564.074951> ... Lifespan:  Set to 120 minutes.
[EOnDrop] Zombie Spawned [4] ZmbF_DoctorSkinny @ <6101.132813, 32.024277, 2598.714111> ... Lifespan:  Set to 120 minutes.
[EOnDrop] Zombie Spawned [5] ZmbM_Jacket_blue @ <6092.075195, 35.028645, 2600.502930> ... Lifespan:  Set to 120 minutes.
[EOnDrop] Zombie Spawned [6] ZmbF_SkaterYoung_Violet @ <6092.329590, 30.820671, 2560.757080> ... Lifespan:  Set to 120 minutes.
[EOnDrop] Zombie Spawned [7] ZmbM_CitizenASkinny_Brown @ <6093.018066, 30.605751, 2564.617432> ... Lifespan:  Set to 120 minutes.
[EOnDrop] Zombie Spawned [8] ZmbM_ClerkFat_Grey @ <6078.958984, 35.479313, 2561.145752> ... Lifespan:  Set to 120 minutes.
[EOnDrop] Zombie Spawned [9] ZmbF_NurseFat @ <6092.635742, 28.640457, 2523.356934> ... Lifespan:  Set to 120 minutes.
[EOnDrop] Zombie Spawned [10] ZmbF_PatientOld @ <6059.153320, 42.487022, 2550.000244> ... Lifespan:  Set to 120 minutes.
[EOnDrop] Zombie Spawned [11] ZmbM_CommercialPilotOld_Brown @ <6082.761719, 37.714684, 2587.692627> ... Lifespan:  Set to 120 minutes.
[EOnDrop] Zombie Spawned [12] ZmbF_SkaterYoung_Violet @ <6094.763184, 32.505112, 2582.280518> ... Lifespan:  Set to 120 minutes.
[EOnDrop] Zombie Spawned [13] ZmbM_Jacket_black @ <6073.275391, 34.533245, 2512.015869> ... Lifespan:  Set to 120 minutes.
[EOnDrop] Zombie Spawned [14] ZmbF_ShortSkirt_beige @ <6083.457031, 37.993969, 2594.310547> ... Lifespan:  Set to 120 minutes.
[EOnDrop] Zombie Spawned [15] ZmbM_PatrolNormal_Autumn @ <6090.155762, 31.528973, 2566.021729> ... Lifespan:  Set to 120 minutes.
[EOnDrop] Zombie Spawned [16] ZmbM_SkaterYoung_Blue @ <6047.644043, 48.945732, 2575.229736> ... Lifespan:  Set to 120 minutes.
[EOnDrop] Zombie Spawned [17] ZmbF_JoggerSkinny_Red @ <6122.773926, 25.296642, 2560.995850> ... Lifespan:  Set to 120 minutes.
[EOnDrop] Zombie Spawned [18] ZmbF_JoggerSkinny_Green @ <6091.075195, 30.969507, 2551.611084> ... Lifespan:  Set to 120 minutes.
[EOnDrop] Zombie Spawned [19] ZmbF_DoctorSkinny @ <6091.197754, 31.156219, 2560.948975> ... Lifespan:  Set to 120 minutes.
[EOnDrop] Zombie Spawned [20] ZmbM_PatrolNormal_Autumn @ <6092.843750, 30.659185, 2561.353271> ... Lifespan:  Set to 120 minutes.
[EOnDrop] Zombie Spawned [21] ZmbF_ShortSkirt_grey @ <6098.934570, 32.530033, 2591.206299> ... Lifespan:  Set to 120 minutes.
[EOnDrop] Zombie Spawned [22] ZmbF_ShortSkirt_yellow @ <6087.975098, 31.379196, 2542.002441> ... Lifespan:  Set to 120 minutes.
[EOnDrop] Zombie Spawned [23] ZmbM_PolicemanSpecForce @ <6054.285645, 44.108074, 2539.153076> ... Lifespan:  Set to 120 minutes.
[EOnDrop] Zombie Spawned [24] ZmbF_JournalistNormal_White @ <6080.729980, 34.637802, 2564.374023> ... Lifespan:  Set to 120 minutes.
[EOnDrop] Zombie Spawned [25] ZmbF_CitizenANormal_Beige @ <6088.057617, 32.046379, 2555.112305> ... Lifespan:  Set to 120 minutes.
[EOnDrop] Zombie Spawned [26] ZmbF_JoggerSkinny_Red @ <6065.022949, 39.163280, 2522.338135> ... Lifespan:  Set to 120 minutes.
[EOnDrop] Zombie Spawned [27] ZmbM_CitizenASkinny_Brown @ <6069.749023, 42.061993, 2582.185059> ... Lifespan:  Set to 120 minutes.
[EOnDrop] Zombie Spawned [28] ZmbM_JoggerSkinny_Red @ <6084.623535, 33.037712, 2552.880615> ... Lifespan:  Set to 120 minutes.
[EOnDrop] Zombie Spawned [29] ZmbM_Jacket_grey @ <6047.745117, 48.113567, 2567.430420> ... Lifespan:  Set to 120 minutes.
[EOnDrop] Zombie Spawned [30] ZmbM_Jacket_brown @ <6109.338867, 28.634628, 2581.186523> ... Lifespan:  Set to 120 minutes.
[EOnDrop] Zombie Spawned [31] ZmbM_ParamedicNormal_Blue @ <6070.130371, 40.080173, 2567.833496> ... Lifespan:  Set to 120 minutes.
[EOnDrop] Zombie Spawned [32] ZmbF_CitizenANormal_Blue @ <6069.136230, 40.344604, 2567.051025> ... Lifespan:  Set to 120 minutes.
[EOnDrop] Zombie Spawned [33] ZmbF_SkaterYoung_Striped @ <6078.557129, 32.771297, 2523.181885> ... Lifespan:  Set to 120 minutes.
[EOnDrop] Zombie Spawned [34] ZmbF_JoggerSkinny_Blue @ <6085.485352, 33.035843, 2566.428467> ... Lifespan:  Set to 120 minutes.
[EOnDrop] Zombie Spawned [35] ZmbM_PrisonerSkinny @ <6094.420410, 30.593929, 2568.393311> ... Lifespan:  Set to 120 minutes.
[EOnDrop] Zombie Spawned [36] ZmbF_ShortSkirt_grey @ <6108.801758, 25.738737, 2516.632813> ... Lifespan:  Set to 120 minutes.
[EOnDrop] Zombie Spawned [37] ZmbF_Clerk_Normal_Green @ <6049.801758, 48.837132, 2577.860107> ... Lifespan:  Set to 120 minutes.
[EOnDrop] Zombie Spawned [38] ZmbM_PolicemanFat @ <6076.248047, 42.010590, 2604.940918> ... Lifespan:  Set to 120 minutes.
[EOnDrop] Zombie Spawned [39] ZmbF_CitizenANormal_Brown @ <6077.670898, 35.569427, 2554.316406> ... Lifespan:  Set to 120 minutes.
[EOnDrop] Zombie Spawned [40] ZmbM_SkaterYoung_Brown @ <6062.568848, 42.803513, 2566.146240> ... Lifespan:  Set to 120 minutes.
[EOnDrop] Drop spawned with 40 infected at <6084.408691, 200.723526, 2558.919189>.
[EOnDrop] Supplies have been dropped near Chernogorks.
[EOnBeforeDelete] Aircraft despawned @ <8579.429688, 152.000610, -1000.285645>
[~AirdropPlane] Aircraft destroyed.
