[InitializeContainer] Container created on 2021-03-15 @ 14-32-09
[InitializeContainer] Winds: Vector <7.683147, 0.000000, -5.222099>, Speed 9.28984mps, Strength 0.1
[AirdropContainerFall] Drop Type 'Military Weapons', Container: 'AirdropContainer', Mode/Quantity/Iems: Random/30/14, Flare:  10%
[AirdropContainerFall] Loot Spawned [1] TTC_AmmoBox_50Beo_20rnd @ <6042.270508, 49.143936, 2538.042480> ... Lifespan: Set to 120 minutes.
[AirdropContainerFall] Loot Spawned [2] Vodka @ <6041.166992, 49.860760, 2541.558105> ... Lifespan: Set to 120 minutes.
[AirdropContainerFall] Loot Spawned [3] Vodka @ <6040.978027, 49.936493, 2537.729492> ... Lifespan: Set to 120 minutes.
[AirdropContainerFall] Loot Spawned [4] TTC_Ammo_50Beo @ <6043.684570, 48.535683, 2540.586914> ... Lifespan: Set to 120 minutes.
[AirdropContainerFall] Loot Spawned [5] TWP_BerettaPX4 @ <6044.330078, 48.232506, 2541.167969> ... Lifespan: Set to 120 minutes.
[AirdropContainerFall] Loot Spawned [6] TTC_Beowulf @ <6042.385254, 49.110672, 2538.616455> ... Lifespan: Set to 120 minutes.
[AirdropContainerFall] Loot Spawned [7] Mag_AKM_30Rnd @ <6039.479492, 50.734215, 2541.877197> ... Lifespan: Set to 120 minutes.
[AirdropContainerFall] Loot Spawned [8] TWP_BerettaPX4_mag_17Rnd @ <6039.309082, 50.897758, 2538.864258> ... Lifespan: Set to 120 minutes.
[AirdropContainerFall] Loot Spawned [9] TWP_BerettaPX4 @ <6041.871582, 49.384911, 2538.903564> ... Lifespan: Set to 120 minutes.
[AirdropContainerFall] Loot Spawned [10] BakedBeansCan @ <6042.715332, 48.971191, 2539.266846> ... Lifespan: Set to 120 minutes.
[AirdropContainerFall] Loot Spawned [11] TTC_AmmoBox_50Beo_20rnd @ <6038.727539, 51.183083, 2539.964355> ... Lifespan: Set to 120 minutes.
[AirdropContainerFall] Loot Spawned [12] TTC_AmmoBox_50Beo_20rnd @ <6040.368164, 50.240875, 2540.950439> ... Lifespan: Set to 120 minutes.
[AirdropContainerFall] Loot Spawned [13] TTC_Beowulf @ <6042.368652, 49.129642, 2538.851563> ... Lifespan: Set to 120 minutes.
[AirdropContainerFall] Loot Spawned [14] TTC_AmmoBox_50Beo_20rnd @ <6040.331543, 50.213768, 2539.910400> ... Lifespan: Set to 120 minutes.
[AirdropContainerFall] Loot Spawned [15] TWP_BerettaPX4_mag_17Rnd @ <6043.976563, 48.433182, 2541.638184> ... Lifespan: Set to 120 minutes.
[AirdropContainerFall] Loot Spawned [16] TTC_AmmoBox_50Beo_20rnd @ <6043.268555, 48.830784, 2542.477051> ... Lifespan: Set to 120 minutes.
[AirdropContainerFall] Loot Spawned [17] Vodka @ <6042.118164, 49.414047, 2542.644287> ... Lifespan: Set to 120 minutes.
[AirdropContainerFall] Loot Spawned [18] AKM @ <6040.683105, 50.110157, 2541.625000> ... Lifespan: Set to 120 minutes.
[AirdropContainerFall] Loot Spawned [19] Mag_AKM_30Rnd @ <6039.441406, 50.812572, 2538.901611> ... Lifespan: Set to 120 minutes.
[AirdropContainerFall] Loot Spawned [20] TTC_Buttstock3 @ <6040.539063, 50.166195, 2541.234863> ... Lifespan: Set to 120 minutes.
[AirdropContainerFall] Loot Spawned [21] BakedBeansCan @ <6041.244629, 49.818474, 2541.497803> ... Lifespan: Set to 120 minutes.
[AirdropContainerFall] Loot Spawned [22] Vodka @ <6039.684570, 50.683250, 2538.585205> ... Lifespan: Set to 120 minutes.
[AirdropContainerFall] Loot Spawned [23] BakedBeansCan @ <6042.973145, 48.873650, 2540.033447> ... Lifespan: Set to 120 minutes.
[AirdropContainerFall] Loot Spawned [24] TTC_AmmoBox_50Beo_20rnd @ <6042.205566, 49.178623, 2538.078369> ... Lifespan: Set to 120 minutes.
[AirdropContainerFall] Loot Spawned [25] TWP_BerettaPX4 @ <6042.769043, 49.043320, 2541.526123> ... Lifespan: Set to 120 minutes.
[AirdropContainerFall] Loot Spawned [26] TWP_BerettaPX4 @ <6043.324707, 48.705021, 2540.270508> ... Lifespan: Set to 120 minutes.
[AirdropContainerFall] Loot Spawned [27] TWP_BerettaPX4_mag_17Rnd @ <6042.979980, 48.825790, 2539.025146> ... Lifespan: Set to 120 minutes.
[AirdropContainerFall] Loot Spawned [28] TTC_50Beo_mag @ <6043.917480, 48.347298, 2539.002441> ... Lifespan: Set to 120 minutes.
[AirdropContainerFall] Loot Spawned [29] BakedBeansCan @ <6039.692383, 50.597389, 2541.231689> ... Lifespan: Set to 120 minutes.
[AirdropContainerFall] Loot Spawned [30] TTC_R700 @ <6040.377441, 50.229305, 2540.798584> ... Lifespan: Set to 120 minutes.
[AirdropContainerUnstuck] Container was unstuck.
[~AirdropContainerBase] Container Destroyed on 2021-03-15 @ 16-00-58
