[AirdropPlane] Aircraft created on 2021-02-08 @ 20-06-35
[InitializeAircraft] Aircraft Initialized: Skalisty Island @ 13452/3112 (true)
[EOnBeforeDrop] The Aircraft is 1 Km from Skalisty Island. @ <14691.916016, 152.004410, 2268.908936>
[EOnDrop] Zombie Spawned [1] ZmbM_VillagerOld_White @ <13522.933594, 28.689699, 3067.265625> ... Lifespan:  Set to 120 minutes.
[EOnDrop] Zombie Spawned [2] ZmbM_HunterOld_Winter @ <13528.867188, 28.530867, 3048.000977> ... Lifespan:  Set to 120 minutes.
[EOnDrop] Zombie Spawned [3] ZmbF_VillagerOld_White @ <13526.780273, 28.700750, 3055.125244> ... Lifespan:  Set to 120 minutes.
[EOnDrop] Zombie Spawned [4] ZmbM_priestPopSkinny @ <13517.630859, 22.589169, 3030.412842> ... Lifespan:  Set to 120 minutes.
[EOnDrop] Zombie Spawned [5] ZmbM_FarmerFat_Brown @ <13504.699219, 19.301697, 3040.794922> ... Lifespan:  Set to 120 minutes.
[EOnDrop] Zombie Spawned [6] ZmbM_FarmerFat_Beige @ <13529.661133, 28.973513, 3079.479248> ... Lifespan:  Set to 120 minutes.
[EOnDrop] Zombie Spawned [7] ZmbM_HunterOld_Spring @ <13536.280273, 29.038950, 3061.196045> ... Lifespan:  Set to 120 minutes.
[EOnDrop] Zombie Spawned [8] ZmbM_MotobikerFat_Blue @ <13494.225586, 14.901455, 3041.685303> ... Lifespan:  Set to 120 minutes.
[EOnDrop] Zombie Spawned [9] ZmbM_FarmerFat_Beige @ <13524.058594, 28.184145, 3086.042969> ... Lifespan:  Set to 120 minutes.
[EOnDrop] Zombie Spawned [10] ZmbM_VillagerOld_Green @ <13537.155273, 29.043207, 3058.955566> ... Lifespan:  Set to 120 minutes.
[EOnDrop] Zombie Spawned [11] ZmbM_HikerSkinny_Green @ <13532.916016, 29.979313, 3097.945801> ... Lifespan:  Set to 120 minutes.
[EOnDrop] Zombie Spawned [12] ZmbM_HikerSkinny_Blue @ <13521.244141, 27.470602, 3100.825928> ... Lifespan:  Set to 120 minutes.
[EOnDrop] Spawn failed for zombie [13] 'ZmbM_SurvivorDean_Grey', it does not exist in DayZ!
[EOnDrop] Zombie Spawned [14] ZmbM_HunterOld_Summer @ <13521.569336, 28.389683, 3055.012451> ... Lifespan:  Set to 120 minutes.
[EOnDrop] Zombie Spawned [15] ZmbF_VillagerOld_Green @ <13498.926758, 18.678459, 3051.893555> ... Lifespan:  Set to 120 minutes.
[EOnDrop] Drop spawned with 15 infected at <13530.955078, 177.754288, 3058.760498>.
[EOnDrop] Supplies have been dropped near Skalisty Island.
[EOnBeforeDelete] Aircraft despawned @ <-1001.253418, 522.371399, 12943.839844>
[~AirdropPlane] Aircraft destroyed.
