[AirdropPlane] Aircraft created on 2021-03-11 @ 06-43-19
[InitializeAircraft] Aircraft Initialized: Novodmitrovsk @ 11125/14040 (true)
[EOnBeforeDrop] The Aircraft is 1 Km from Novodmitrovsk. @ <11669.979492, 293.314819, 12643.079102>
[EOnDrop] Zombie Spawned [1] ZmbM_Jacket_stripes @ <11187.891602, 126.420837, 13922.933594> ... Lifespan:  Set to 120 minutes.
[EOnDrop] Zombie Spawned [2] ZmbF_DoctorSkinny @ <11120.301758, 114.297691, 13979.850586> ... Lifespan:  Set to 120 minutes.
[EOnDrop] Zombie Spawned [3] ZmbM_SkaterYoung_Brown @ <11140.311523, 117.775726, 13970.768555> ... Lifespan:  Set to 120 minutes.
[EOnDrop] Zombie Spawned [4] ZmbF_ShortSkirt_white @ <11137.146484, 127.539436, 13935.938477> ... Lifespan:  Set to 120 minutes.
[EOnDrop] Zombie Spawned [5] ZmbF_ShortSkirt_checks @ <11163.983398, 125.104576, 13941.549805> ... Lifespan:  Set to 120 minutes.
[EOnDrop] Zombie Spawned [6] ZmbM_JoggerSkinny_Green @ <11161.590820, 130.641876, 13907.927734> ... Lifespan:  Set to 120 minutes.
[EOnDrop] Zombie Spawned [7] ZmbF_JournalistNormal_White @ <11177.985352, 102.334229, 13979.401367> ... Lifespan:  Set to 120 minutes.
[EOnDrop] Zombie Spawned [8] ZmbM_DoctorFat @ <11173.647461, 102.680092, 13980.903320> ... Lifespan:  Set to 120 minutes.
[EOnDrop] Zombie Spawned [9] ZmbF_SkaterYoung_Brown @ <11141.938477, 127.952934, 13932.821289> ... Lifespan:  Set to 120 minutes.
[EOnDrop] Zombie Spawned [10] ZmbM_SkaterYoung_Brown @ <11193.374023, 109.995857, 13959.616211> ... Lifespan:  Set to 120 minutes.
[EOnDrop] Zombie Spawned [11] ZmbM_CommercialPilotOld_Blue @ <11141.793945, 123.409798, 13948.591797> ... Lifespan:  Set to 120 minutes.
[EOnDrop] Zombie Spawned [12] ZmbF_JoggerSkinny_Green @ <11135.081055, 114.721695, 13975.889648> ... Lifespan:  Set to 120 minutes.
[EOnDrop] Zombie Spawned [13] ZmbM_Jacket_grey @ <11156.445313, 108.037811, 13976.907227> ... Lifespan:  Set to 120 minutes.
[EOnDrop] Zombie Spawned [14] ZmbF_NurseFat @ <11192.455078, 127.258194, 13915.522461> ... Lifespan:  Set to 120 minutes.
[EOnDrop] Zombie Spawned [15] ZmbM_PrisonerSkinny @ <11174.589844, 117.560280, 13956.698242> ... Lifespan:  Set to 120 minutes.
[EOnDrop] Zombie Spawned [16] ZmbM_PatrolNormal_Summer @ <11161.228516, 122.916580, 13953.754883> ... Lifespan:  Set to 120 minutes.
[EOnDrop] Zombie Spawned [17] ZmbF_JournalistNormal_Red @ <11117.714844, 128.362122, 13943.149414> ... Lifespan:  Set to 120 minutes.
[EOnDrop] Zombie Spawned [18] ZmbF_ShortSkirt_grey @ <11125.653320, 135.482391, 13913.214844> ... Lifespan:  Set to 120 minutes.
[EOnDrop] Zombie Spawned [19] ZmbF_JournalistNormal_White @ <11124.182617, 121.108253, 13958.911133> ... Lifespan:  Set to 120 minutes.
[EOnDrop] Zombie Spawned [20] ZmbF_Clerk_Normal_Green @ <11145.428711, 120.924721, 13963.835938> ... Lifespan:  Set to 120 minutes.
[EOnDrop] Zombie Spawned [21] ZmbM_ClerkFat_White @ <11148.181641, 130.361542, 13923.623047> ... Lifespan:  Set to 120 minutes.
[EOnDrop] Zombie Spawned [22] ZmbF_JournalistNormal_Green @ <11206.768555, 106.996872, 13957.479492> ... Lifespan:  Set to 120 minutes.
[EOnDrop] Zombie Spawned [23] ZmbM_ParamedicNormal_Red @ <11178.394531, 102.506119, 13990.653320> ... Lifespan:  Set to 120 minutes.
[EOnDrop] Zombie Spawned [24] ZmbM_ClerkFat_Brown @ <11155.550781, 124.887466, 13940.182617> ... Lifespan:  Set to 120 minutes.
[EOnDrop] Zombie Spawned [25] ZmbM_SkaterYoung_Grey @ <11192.661133, 107.728233, 13962.211914> ... Lifespan:  Set to 120 minutes.
[EOnDrop] Zombie Spawned [26] ZmbF_JoggerSkinny_Brown @ <11145.501953, 130.438843, 13925.443359> ... Lifespan:  Set to 120 minutes.
[EOnDrop] Zombie Spawned [27] ZmbM_Jacket_beige @ <11186.703125, 118.582428, 13949.170898> ... Lifespan:  Set to 120 minutes.
[EOnDrop] Zombie Spawned [28] ZmbM_CommercialPilotOld_Olive @ <11176.326172, 117.742432, 13955.459961> ... Lifespan:  Set to 120 minutes.
[EOnDrop] Zombie Spawned [29] ZmbM_Jacket_stripes @ <11136.448242, 125.495026, 13943.050781> ... Lifespan:  Set to 120 minutes.
[EOnDrop] Zombie Spawned [30] ZmbM_ParamedicNormal_Green @ <11165.234375, 125.727959, 13938.025391> ... Lifespan:  Set to 120 minutes.
[EOnDrop] Zombie Spawned [31] ZmbF_NurseFat @ <11154.281250, 124.883057, 13939.885742> ... Lifespan:  Set to 120 minutes.
[EOnDrop] Zombie Spawned [32] ZmbM_Jacket_black @ <11163.216797, 122.655540, 13953.607422> ... Lifespan:  Set to 120 minutes.
[EOnDrop] Zombie Spawned [33] ZmbM_Jacket_magenta @ <11124.113281, 121.345001, 13956.786133> ... Lifespan:  Set to 120 minutes.
[EOnDrop] Zombie Spawned [34] ZmbM_JoggerSkinny_Green @ <11171.583008, 124.003967, 13944.611328> ... Lifespan:  Set to 120 minutes.
[EOnDrop] Zombie Spawned [35] ZmbM_Jacket_greenchecks @ <11151.128906, 127.835495, 13928.708008> ... Lifespan:  Set to 120 minutes.
[EOnDrop] Zombie Spawned [36] ZmbM_Jacket_greenchecks @ <11191.236328, 101.611488, 13977.146484> ... Lifespan:  Set to 120 minutes.
[EOnDrop] Zombie Spawned [37] ZmbF_ParamedicNormal_Blue @ <11199.855469, 117.258682, 13946.704102> ... Lifespan:  Set to 120 minutes.
[EOnDrop] Zombie Spawned [38] ZmbM_PolicemanFat @ <11158.202148, 118.972298, 13962.523438> ... Lifespan:  Set to 120 minutes.
[EOnDrop] Zombie Spawned [39] ZmbF_ShortSkirt_red @ <11143.937500, 126.237610, 13936.411133> ... Lifespan:  Set to 120 minutes.
[EOnDrop] Zombie Spawned [40] ZmbF_CitizenBSkinny @ <11112.579102, 131.596634, 13939.035156> ... Lifespan:  Set to 120 minutes.
[EOnDrop] Zombie Spawned [41] ZmbF_ShortSkirt_white @ <11175.523438, 127.476692, 13920.593750> ... Lifespan:  Set to 120 minutes.
[EOnDrop] Zombie Spawned [42] ZmbF_ShortSkirt_black @ <11141.940430, 122.768425, 13953.883789> ... Lifespan:  Set to 120 minutes.
[EOnDrop] Zombie Spawned [43] ZmbF_JournalistNormal_White @ <11177.499023, 121.227287, 13946.485352> ... Lifespan:  Set to 120 minutes.
[EOnDrop] Zombie Spawned [44] ZmbM_PatrolNormal_Autumn @ <11148.338867, 123.705811, 13946.795898> ... Lifespan:  Set to 120 minutes.
[EOnDrop] Zombie Spawned [45] ZmbM_PrisonerSkinny @ <11174.595703, 124.107826, 13942.744141> ... Lifespan:  Set to 120 minutes.
[EOnDrop] Zombie Spawned [46] ZmbM_Jacket_bluechecks @ <11134.123047, 121.234169, 13963.862305> ... Lifespan:  Set to 120 minutes.
[EOnDrop] Zombie Spawned [47] ZmbM_DoctorFat @ <11150.878906, 128.524918, 13927.289063> ... Lifespan:  Set to 120 minutes.
[EOnDrop] Zombie Spawned [48] ZmbM_PrisonerSkinny @ <11157.206055, 124.757683, 13941.202148> ... Lifespan:  Set to 120 minutes.
[EOnDrop] Zombie Spawned [49] ZmbM_PatrolNormal_Autumn @ <11186.680664, 119.371078, 13947.141602> ... Lifespan:  Set to 120 minutes.
[EOnDrop] Zombie Spawned [50] ZmbF_JournalistNormal_Green @ <11124.830078, 134.018005, 13927.075195> ... Lifespan:  Set to 120 minutes.
[EOnDrop] Zombie Spawned [51] ZmbF_CitizenANormal_Beige @ <11169.861328, 124.141891, 13945.017578> ... Lifespan:  Set to 120 minutes.
[EOnDrop] Zombie Spawned [52] ZmbF_JoggerSkinny_Green @ <11146.706055, 130.430664, 13924.542969> ... Lifespan:  Set to 120 minutes.
[EOnDrop] Zombie Spawned [53] ZmbM_PolicemanFat @ <11190.639648, 101.627701, 13980.417969> ... Lifespan:  Set to 120 minutes.
[EOnDrop] Zombie Spawned [54] ZmbM_PatrolNormal_Flat @ <11160.908203, 124.515541, 13945.536133> ... Lifespan:  Set to 120 minutes.
[EOnDrop] Zombie Spawned [55] ZmbF_ShortSkirt_white @ <11149.477539, 123.357513, 13951.479492> ... Lifespan:  Set to 120 minutes.
[EOnDrop] Zombie Spawned [56] ZmbF_JoggerSkinny_Green @ <11151.845703, 123.911766, 13945.279297> ... Lifespan:  Set to 120 minutes.
[EOnDrop] Zombie Spawned [57] ZmbF_PoliceWomanNormal @ <11121.663086, 126.173798, 13946.416992> ... Lifespan:  Set to 120 minutes.
[EOnDrop] Zombie Spawned [58] ZmbM_CitizenBFat_Blue @ <11172.990234, 123.092720, 13945.930664> ... Lifespan:  Set to 120 minutes.
[EOnDrop] Zombie Spawned [59] ZmbF_CitizenANormal_Blue @ <11135.588867, 124.307655, 13945.660156> ... Lifespan:  Set to 120 minutes.
[EOnDrop] Zombie Spawned [60] ZmbF_CitizenANormal_Brown @ <11189.329102, 111.852005, 13960.074219> ... Lifespan:  Set to 120 minutes.
[EOnDrop] Zombie Spawned [61] ZmbF_JournalistNormal_Green @ <11175.321289, 118.009094, 13955.222656> ... Lifespan:  Set to 120 minutes.
[EOnDrop] Zombie Spawned [62] ZmbM_PatrolNormal_Autumn @ <11147.770508, 107.442207, 13988.105469> ... Lifespan:  Set to 120 minutes.
[EOnDrop] Zombie Spawned [63] ZmbF_Clerk_Normal_Blue @ <11153.151367, 107.254501, 13978.860352> ... Lifespan:  Set to 120 minutes.
[EOnDrop] Zombie Spawned [64] ZmbM_PrisonerSkinny @ <11141.104492, 118.373985, 13969.647461> ... Lifespan:  Set to 120 minutes.
[EOnDrop] Zombie Spawned [65] ZmbM_CommercialPilotOld_Brown @ <11164.042969, 125.352501, 13939.907227> ... Lifespan:  Set to 120 minutes.
[EOnDrop] Zombie Spawned [66] ZmbM_JournalistSkinny @ <11144.458984, 122.624931, 13956.606445> ... Lifespan:  Set to 120 minutes.
[EOnDrop] Zombie Spawned [67] ZmbF_JournalistNormal_Blue @ <11150.929688, 123.439423, 13951.124023> ... Lifespan:  Set to 120 minutes.
[EOnDrop] Zombie Spawned [68] ZmbM_Jacket_black @ <11144.442383, 123.122993, 13952.096680> ... Lifespan:  Set to 120 minutes.
[EOnDrop] Zombie Spawned [69] ZmbM_Jacket_stripes @ <11205.458008, 114.579872, 13947.557617> ... Lifespan:  Set to 120 minutes.
[EOnDrop] Zombie Spawned [70] ZmbM_CitizenASkinny_Red @ <11165.217773, 129.902954, 13910.091797> ... Lifespan:  Set to 120 minutes.
[EOnDrop] Zombie Spawned [71] ZmbF_Clerk_Normal_White @ <11171.235352, 103.111816, 13986.236328> ... Lifespan:  Set to 120 minutes.
[EOnDrop] Zombie Spawned [72] ZmbF_ParamedicNormal_Green @ <11149.840820, 123.243965, 13952.602539> ... Lifespan:  Set to 120 minutes.
[EOnDrop] Zombie Spawned [73] ZmbM_PatrolNormal_PautRev @ <11184.092773, 102.514793, 13975.700195> ... Lifespan:  Set to 120 minutes.
[EOnDrop] Zombie Spawned [74] ZmbF_ParamedicNormal_Blue @ <11163.577148, 110.887833, 13970.949219> ... Lifespan:  Set to 120 minutes.
[EOnDrop] Zombie Spawned [75] ZmbF_ShortSkirt_yellow @ <11149.187500, 107.340195, 13995.221680> ... Lifespan:  Set to 120 minutes.
[EOnDrop] Spawn failed for zombie [76] 'ZmbM_JacketNormal_greenchecks', it does not exist in DayZ!
[EOnDrop] Zombie Spawned [77] ZmbM_PatrolNormal_Summer @ <11151.092773, 123.588181, 13949.713867> ... Lifespan:  Set to 120 minutes.
[EOnDrop] Zombie Spawned [78] ZmbM_CitizenASkinny_Red @ <11190.624023, 119.715187, 13944.436523> ... Lifespan:  Set to 120 minutes.
[EOnDrop] Zombie Spawned [79] ZmbF_ShortSkirt_brown @ <11152.049805, 124.401497, 13941.622070> ... Lifespan:  Set to 120 minutes.
[EOnDrop] Zombie Spawned [80] ZmbM_PatientSkinny @ <11135.534180, 112.412247, 13977.931641> ... Lifespan:  Set to 120 minutes.
[EOnDrop] Zombie Spawned [81] ZmbM_Jacket_bluechecks @ <11150.732422, 126.832329, 13932.374023> ... Lifespan:  Set to 120 minutes.
[EOnDrop] Zombie Spawned [82] ZmbM_CommercialPilotOld_Brown @ <11144.589844, 108.195450, 13986.378906> ... Lifespan:  Set to 120 minutes.
[EOnDrop] Zombie Spawned [83] ZmbF_SkaterYoung_Brown @ <11166.146484, 125.526115, 13939.889648> ... Lifespan:  Set to 120 minutes.
[EOnDrop] Zombie Spawned [84] ZmbF_ParamedicNormal_Green @ <11169.948242, 126.319374, 13933.798828> ... Lifespan:  Set to 120 minutes.
[EOnDrop] Zombie Spawned [85] ZmbM_PatientSkinny @ <11153.317383, 123.001526, 13953.909180> ... Lifespan:  Set to 120 minutes.
[EOnDrop] Zombie Spawned [86] ZmbF_JournalistNormal_White @ <11160.705078, 128.284210, 13924.650391> ... Lifespan:  Set to 120 minutes.
[EOnDrop] Zombie Spawned [87] ZmbM_CitizenASkinny_Brown @ <11179.977539, 101.999542, 13980.546875> ... Lifespan:  Set to 120 minutes.
[EOnDrop] Zombie Spawned [88] ZmbM_PrisonerSkinny @ <11164.244141, 123.012970, 13951.764648> ... Lifespan:  Set to 120 minutes.
[EOnDrop] Zombie Spawned [89] ZmbF_JoggerSkinny_Green @ <11168.618164, 124.412338, 13944.739258> ... Lifespan:  Set to 120 minutes.
[EOnDrop] Zombie Spawned [90] ZmbM_PatrolNormal_Summer @ <11189.646484, 125.511215, 13927.581055> ... Lifespan:  Set to 120 minutes.
[EOnDrop] Zombie Spawned [91] ZmbM_DoctorFat @ <11147.409180, 119.870697, 13965.478516> ... Lifespan:  Set to 120 minutes.
[EOnDrop] Zombie Spawned [92] ZmbM_SkaterYoung_Brown @ <11139.055664, 133.970627, 13909.640625> ... Lifespan:  Set to 120 minutes.
[EOnDrop] Zombie Spawned [93] ZmbF_JournalistNormal_Red @ <11133.775391, 119.395424, 13968.568359> ... Lifespan:  Set to 120 minutes.
[EOnDrop] Zombie Spawned [94] ZmbM_CommercialPilotOld_Grey @ <11168.694336, 120.956779, 13953.293945> ... Lifespan:  Set to 120 minutes.
[EOnDrop] Zombie Spawned [95] ZmbF_JoggerSkinny_Blue @ <11137.040039, 127.829300, 13935.133789> ... Lifespan:  Set to 120 minutes.
[EOnDrop] Zombie Spawned [96] ZmbM_CommercialPilotOld_Grey @ <11202.920898, 117.728302, 13944.317383> ... Lifespan:  Set to 120 minutes.
[EOnDrop] Zombie Spawned [97] ZmbM_JoggerSkinny_Blue @ <11161.538086, 125.836914, 13937.443359> ... Lifespan:  Set to 120 minutes.
[EOnDrop] Zombie Spawned [98] ZmbM_CitizenBFat_Red @ <11138.695313, 122.304642, 13956.210938> ... Lifespan:  Set to 120 minutes.
[EOnDrop] Zombie Spawned [99] ZmbF_ShortSkirt_black @ <11135.158203, 124.994972, 13944.300781> ... Lifespan:  Set to 120 minutes.
[EOnDrop] Zombie Spawned [100] ZmbM_CommercialPilotOld_Brown @ <11125.925781, 131.501755, 13934.338867> ... Lifespan:  Set to 120 minutes.
[EOnDrop] Zombie Spawned [101] ZmbM_PatrolNormal_PautRev @ <11161.941406, 121.539604, 13957.119141> ... Lifespan:  Set to 120 minutes.
[EOnDrop] Zombie Spawned [102] ZmbF_SkaterYoung_Striped @ <11115.154297, 120.205482, 13957.969727> ... Lifespan:  Set to 120 minutes.
[EOnDrop] Zombie Spawned [103] ZmbM_ParamedicNormal_Blue @ <11137.248047, 117.697075, 13971.919922> ... Lifespan:  Set to 120 minutes.
[EOnDrop] Zombie Spawned [104] ZmbF_ParamedicNormal_Green @ <11157.977539, 131.386337, 13906.100586> ... Lifespan:  Set to 120 minutes.
[EOnDrop] Zombie Spawned [105] ZmbM_PolicemanFat @ <11133.305664, 133.431839, 13923.684570> ... Lifespan:  Set to 120 minutes.
[EOnDrop] Zombie Spawned [106] ZmbM_Jacket_khaki @ <11128.565430, 133.292130, 13927.696289> ... Lifespan:  Set to 120 minutes.
[EOnDrop] Zombie Spawned [107] ZmbM_JoggerSkinny_Red @ <11169.282227, 122.041634, 13950.645508> ... Lifespan:  Set to 120 minutes.
[EOnDrop] Zombie Spawned [108] ZmbM_CommercialPilotOld_Blue @ <11109.422852, 131.088348, 13941.089844> ... Lifespan:  Set to 120 minutes.
[EOnDrop] Zombie Spawned [109] ZmbM_Jacket_blue @ <11141.637695, 133.165741, 13915.047852> ... Lifespan:  Set to 120 minutes.
[EOnDrop] Zombie Spawned [110] ZmbM_CommercialPilotOld_Brown @ <11134.050781, 135.202164, 13906.486328> ... Lifespan:  Set to 120 minutes.
[EOnDrop] Zombie Spawned [111] ZmbM_ParamedicNormal_Black @ <11174.139648, 102.993210, 13997.414063> ... Lifespan:  Set to 120 minutes.
[EOnDrop] Zombie Spawned [112] ZmbM_CitizenASkinny_Blue @ <11171.313477, 129.281494, 13910.473633> ... Lifespan:  Set to 120 minutes.
[EOnDrop] Zombie Spawned [113] ZmbM_CommercialPilotOld_Grey @ <11179.672852, 102.048340, 13981.668945> ... Lifespan:  Set to 120 minutes.
[EOnDrop] Zombie Spawned [114] ZmbF_CitizenBSkinny @ <11181.301758, 123.458946, 13936.917969> ... Lifespan:  Set to 120 minutes.
[EOnDrop] Zombie Spawned [115] ZmbF_JournalistNormal_Green @ <11134.388672, 134.753601, 13908.930664> ... Lifespan:  Set to 120 minutes.
[EOnDrop] Zombie Spawned [116] ZmbM_CommercialPilotOld_Olive @ <11138.961914, 122.361298, 13955.813477> ... Lifespan:  Set to 120 minutes.
[EOnDrop] Zombie Spawned [117] ZmbM_ParamedicNormal_Red @ <11131.490234, 120.131859, 13967.033203> ... Lifespan:  Set to 120 minutes.
[EOnDrop] Zombie Spawned [118] ZmbF_JournalistNormal_Blue @ <11169.440430, 112.785614, 13966.537109> ... Lifespan:  Set to 120 minutes.
[EOnDrop] Zombie Spawned [119] ZmbM_SkaterYoung_Blue @ <11161.152344, 104.797966, 13982.655273> ... Lifespan:  Set to 120 minutes.
[EOnDrop] Zombie Spawned [120] ZmbM_PolicemanSpecForce @ <11109.889648, 123.475784, 13952.978516> ... Lifespan:  Set to 120 minutes.
[EOnDrop] Zombie Spawned [121] ZmbM_CitizenASkinny_Grey @ <11143.152344, 123.033951, 13952.170898> ... Lifespan:  Set to 120 minutes.
[EOnDrop] Zombie Spawned [122] ZmbF_JoggerSkinny_Brown @ <11175.142578, 126.954964, 13925.360352> ... Lifespan:  Set to 120 minutes.
[EOnDrop] Zombie Spawned [123] ZmbF_JoggerSkinny_Red @ <11196.590820, 125.716888, 13922.523438> ... Lifespan:  Set to 120 minutes.
[EOnDrop] Zombie Spawned [124] ZmbM_CitizenBFat_Blue @ <11172.051758, 106.285629, 13974.121094> ... Lifespan:  Set to 120 minutes.
[EOnDrop] Zombie Spawned [125] ZmbF_SkaterYoung_Violet @ <11166.440430, 114.459862, 13965.780273> ... Lifespan:  Set to 120 minutes.
[EOnDrop] Zombie Spawned [126] ZmbF_ShortSkirt_yellow @ <11140.739258, 109.159126, 13991.177734> ... Lifespan:  Set to 120 minutes.
[EOnDrop] Zombie Spawned [127] ZmbM_JoggerSkinny_Green @ <11204.002930, 105.253265, 13961.543945> ... Lifespan:  Set to 120 minutes.
[EOnDrop] Spawn failed for zombie [128] 'ZmbM_JacketNormal_greenchecks', it does not exist in DayZ!
[EOnDrop] Zombie Spawned [129] ZmbM_Jacket_magenta @ <11150.245117, 124.881561, 13940.653320> ... Lifespan:  Set to 120 minutes.
[EOnDrop] Zombie Spawned [130] ZmbF_Clerk_Normal_Green @ <11186.083984, 101.689629, 13977.476563> ... Lifespan:  Set to 120 minutes.
[EOnDrop] Zombie Spawned [131] ZmbF_JournalistNormal_Blue @ <11165.353516, 107.104134, 13974.903320> ... Lifespan:  Set to 120 minutes.
[EOnDrop] Zombie Spawned [132] ZmbM_Jacket_beige @ <11137.781250, 125.821404, 13941.444336> ... Lifespan:  Set to 120 minutes.
[EOnDrop] Zombie Spawned [133] ZmbF_SkaterYoung_Striped @ <11154.752930, 125.570053, 13937.289063> ... Lifespan:  Set to 120 minutes.
[EOnDrop] Zombie Spawned [134] ZmbM_PatrolNormal_Autumn @ <11182.333008, 113.340736, 13960.483398> ... Lifespan:  Set to 120 minutes.
[EOnDrop] Zombie Spawned [135] ZmbF_ShortSkirt_white @ <11171.102539, 104.274292, 13978.272461> ... Lifespan:  Set to 120 minutes.
[EOnDrop] Zombie Spawned [136] ZmbM_Jacket_stripes @ <11129.101563, 133.830338, 13924.012695> ... Lifespan:  Set to 120 minutes.
[EOnDrop] Zombie Spawned [137] ZmbM_Jacket_stripes @ <11162.820313, 119.361938, 13959.698242> ... Lifespan:  Set to 120 minutes.
[EOnDrop] Zombie Spawned [138] ZmbF_SkaterYoung_Violet @ <11200.249023, 122.961685, 13930.453125> ... Lifespan:  Set to 120 minutes.
[EOnDrop] Zombie Spawned [139] ZmbF_ShortSkirt_black @ <11156.381836, 106.797623, 13978.519531> ... Lifespan:  Set to 120 minutes.
[EOnDrop] Zombie Spawned [140] ZmbF_DoctorSkinny @ <11160.377930, 129.917252, 13914.011719> ... Lifespan:  Set to 120 minutes.
[EOnDrop] Zombie Spawned [141] ZmbF_ShortSkirt_black @ <11146.834961, 123.330673, 13951.021484> ... Lifespan:  Set to 120 minutes.
[EOnDrop] Zombie Spawned [142] ZmbM_PolicemanSpecForce @ <11112.600586, 129.125732, 13943.440430> ... Lifespan:  Set to 120 minutes.
[EOnDrop] Zombie Spawned [143] ZmbF_CitizenBSkinny @ <11172.447266, 120.886253, 13950.643555> ... Lifespan:  Set to 120 minutes.
[EOnDrop] Zombie Spawned [144] ZmbF_JournalistNormal_Red @ <11185.599609, 122.309624, 13938.452148> ... Lifespan:  Set to 120 minutes.
[EOnDrop] Zombie Spawned [145] ZmbM_CitizenASkinny_Brown @ <11153.669922, 131.165329, 13912.789063> ... Lifespan:  Set to 120 minutes.
[EOnDrop] Zombie Spawned [146] ZmbF_ShortSkirt_grey @ <11171.703125, 127.465675, 13924.097656> ... Lifespan:  Set to 120 minutes.
[EOnDrop] Zombie Spawned [147] ZmbM_PatrolNormal_Flat @ <11142.030273, 108.673630, 13980.282227> ... Lifespan:  Set to 120 minutes.
[EOnDrop] Zombie Spawned [148] ZmbM_ClerkFat_Brown @ <11189.422852, 105.093262, 13967.361328> ... Lifespan:  Set to 120 minutes.
[EOnDrop] Zombie Spawned [149] ZmbF_CitizenANormal_Blue @ <11162.580078, 122.758118, 13953.585938> ... Lifespan:  Set to 120 minutes.
[EOnDrop] Zombie Spawned [150] ZmbM_PatrolNormal_PautRev @ <11135.226563, 133.318054, 13922.822266> ... Lifespan:  Set to 120 minutes.
[EOnDrop] Zombie Spawned [151] ZmbM_ParamedicNormal_Green @ <11187.301758, 101.655594, 13975.357422> ... Lifespan:  Set to 120 minutes.
[EOnDrop] Zombie Spawned [152] ZmbF_ShortSkirt_beige @ <11157.982422, 129.077560, 13921.692383> ... Lifespan:  Set to 120 minutes.
[EOnDrop] Zombie Spawned [153] ZmbM_ParamedicNormal_Green @ <11120.069336, 126.864571, 13945.172852> ... Lifespan:  Set to 120 minutes.
[EOnDrop] Zombie Spawned [154] ZmbM_ParamedicNormal_Blue @ <11167.748047, 103.778381, 13985.400391> ... Lifespan:  Set to 120 minutes.
[EOnDrop] Zombie Spawned [155] ZmbF_ParamedicNormal_Red @ <11177.945313, 127.974892, 13914.754883> ... Lifespan:  Set to 120 minutes.
[EOnDrop] Zombie Spawned [156] ZmbM_PatrolNormal_Autumn @ <11165.422852, 129.677551, 13911.217773> ... Lifespan:  Set to 120 minutes.
[EOnDrop] Zombie Spawned [157] ZmbM_CitizenASkinny_Blue @ <11138.889648, 121.945419, 13959.186523> ... Lifespan:  Set to 120 minutes.
[EOnDrop] Zombie Spawned [158] ZmbM_PatrolNormal_PautRev @ <11175.423828, 128.877747, 13910.393555> ... Lifespan:  Set to 120 minutes.
[EOnDrop] Zombie Spawned [159] ZmbM_CitizenASkinny_Red @ <11164.772461, 111.411903, 13969.900391> ... Lifespan:  Set to 120 minutes.
[EOnDrop] Zombie Spawned [160] ZmbM_CommercialPilotOld_Olive @ <11175.210938, 126.568146, 13928.566406> ... Lifespan:  Set to 120 minutes.
[EOnDrop] Zombie Spawned [161] ZmbM_Jacket_blue @ <11159.955078, 114.382278, 13967.652344> ... Lifespan:  Set to 120 minutes.
[EOnDrop] Zombie Spawned [162] ZmbF_JoggerSkinny_Brown @ <11136.537109, 122.342056, 13953.834961> ... Lifespan:  Set to 120 minutes.
[EOnDrop] Zombie Spawned [163] ZmbM_CitizenASkinny_Grey @ <11154.715820, 128.071259, 13927.061523> ... Lifespan:  Set to 120 minutes.
[EOnDrop] Zombie Spawned [164] ZmbF_ShortSkirt_grey @ <11165.405273, 113.375282, 13967.442383> ... Lifespan:  Set to 120 minutes.
[EOnDrop] Zombie Spawned [165] ZmbF_ParamedicNormal_Red @ <11204.900391, 115.282608, 13946.849609> ... Lifespan:  Set to 120 minutes.
[EOnDrop] Zombie Spawned [166] ZmbF_ShortSkirt_grey @ <11134.085938, 122.324265, 13952.868164> ... Lifespan:  Set to 120 minutes.
[EOnDrop] Zombie Spawned [167] ZmbF_SkaterYoung_Violet @ <11125.866211, 121.457794, 13957.139648> ... Lifespan:  Set to 120 minutes.
[EOnDrop] Zombie Spawned [168] ZmbF_CitizenANormal_Brown @ <11175.415039, 116.116997, 13958.881836> ... Lifespan:  Set to 120 minutes.
[EOnDrop] Zombie Spawned [169] ZmbM_CitizenBFat_Green @ <11199.733398, 101.763329, 13971.643555> ... Lifespan:  Set to 120 minutes.
[EOnDrop] Zombie Spawned [170] ZmbM_ParamedicNormal_Black @ <11178.059570, 112.091766, 13963.848633> ... Lifespan:  Set to 120 minutes.
[EOnDrop] Zombie Spawned [171] ZmbF_SkaterYoung_Brown @ <11141.126953, 123.098068, 13949.692383> ... Lifespan:  Set to 120 minutes.
[EOnDrop] Zombie Spawned [172] ZmbM_CitizenASkinny_Blue @ <11134.742188, 129.626907, 13933.295898> ... Lifespan:  Set to 120 minutes.
[EOnDrop] Zombie Spawned [173] ZmbM_PatrolNormal_Autumn @ <11157.518555, 124.897537, 13940.708984> ... Lifespan:  Set to 120 minutes.
[EOnDrop] Zombie Spawned [174] ZmbM_PolicemanFat @ <11166.852539, 119.067085, 13958.157227> ... Lifespan:  Set to 120 minutes.
[EOnDrop] Zombie Spawned [175] ZmbM_SkaterYoung_Blue @ <11146.370117, 130.480606, 13924.646484> ... Lifespan:  Set to 120 minutes.
[EOnDrop] Zombie Spawned [176] ZmbM_Jacket_brown @ <11160.835938, 104.835884, 13985.662109> ... Lifespan:  Set to 120 minutes.
[EOnDrop] Zombie Spawned [177] ZmbM_Jacket_black @ <11173.635742, 127.927101, 13917.894531> ... Lifespan:  Set to 120 minutes.
[EOnDrop] Zombie Spawned [178] ZmbM_Jacket_khaki @ <11120.262695, 128.610123, 13942.040039> ... Lifespan:  Set to 120 minutes.
[EOnDrop] Zombie Spawned [179] ZmbM_Jacket_khaki @ <11169.799805, 105.828621, 13975.938477> ... Lifespan:  Set to 120 minutes.
[EOnDrop] Zombie Spawned [180] ZmbM_PrisonerSkinny @ <11130.288086, 120.643425, 13965.962891> ... Lifespan:  Set to 120 minutes.
[EOnDrop] Zombie Spawned [181] ZmbM_ClerkFat_Grey @ <11157.821289, 107.082329, 13977.770508> ... Lifespan:  Set to 120 minutes.
[EOnDrop] Zombie Spawned [182] ZmbM_DoctorFat @ <11174.186523, 103.005432, 13991.503906> ... Lifespan:  Set to 120 minutes.
[EOnDrop] Zombie Spawned [183] ZmbF_JoggerSkinny_Blue @ <11175.379883, 108.277588, 13969.975586> ... Lifespan:  Set to 120 minutes.
[EOnDrop] Zombie Spawned [184] ZmbM_SkaterYoung_Grey @ <11158.602539, 118.835342, 13962.490234> ... Lifespan:  Set to 120 minutes.
[EOnDrop] Zombie Spawned [185] ZmbF_PatientOld @ <11162.126953, 131.210663, 13904.048828> ... Lifespan:  Set to 120 minutes.
[EOnDrop] Zombie Spawned [186] ZmbM_SkaterYoung_Brown @ <11136.575195, 110.072456, 13994.351563> ... Lifespan:  Set to 120 minutes.
[EOnDrop] Zombie Spawned [187] ZmbM_PatientSkinny @ <11147.005859, 107.595657, 13991.093750> ... Lifespan:  Set to 120 minutes.
[EOnDrop] Zombie Spawned [188] ZmbM_PolicemanFat @ <11187.080078, 116.465210, 13953.832031> ... Lifespan:  Set to 120 minutes.
[EOnDrop] Zombie Spawned [189] ZmbF_ParamedicNormal_Green @ <11143.802734, 123.755615, 13947.893555> ... Lifespan:  Set to 120 minutes.
[EOnDrop] Zombie Spawned [190] ZmbM_Jacket_brown @ <11157.231445, 117.286331, 13965.236328> ... Lifespan:  Set to 120 minutes.
[EOnDrop] Zombie Spawned [191] ZmbM_Jacket_greenchecks @ <11143.420898, 126.022255, 13937.811523> ... Lifespan:  Set to 120 minutes.
[EOnDrop] Zombie Spawned [192] ZmbM_Jacket_blue @ <11175.498047, 121.053642, 13948.143555> ... Lifespan:  Set to 120 minutes.
[EOnDrop] Zombie Spawned [193] ZmbF_JournalistNormal_White @ <11153.437500, 128.054932, 13927.363281> ... Lifespan:  Set to 120 minutes.
[EOnDrop] Zombie Spawned [194] ZmbM_PrisonerSkinny @ <11196.116211, 117.324600, 13948.120117> ... Lifespan:  Set to 120 minutes.
[EOnDrop] Zombie Spawned [195] ZmbF_CitizenANormal_Blue @ <11168.580078, 124.445747, 13944.647461> ... Lifespan:  Set to 120 minutes.
[EOnDrop] Zombie Spawned [196] ZmbM_Jacket_grey @ <11168.676758, 126.959076, 13930.402344> ... Lifespan:  Set to 120 minutes.
[EOnDrop] Zombie Spawned [197] ZmbM_JoggerSkinny_Blue @ <11171.453125, 103.036453, 13984.110352> ... Lifespan:  Set to 120 minutes.
[EOnDrop] Zombie Spawned [198] ZmbM_Jacket_bluechecks @ <11182.145508, 127.311546, 13920.175781> ... Lifespan:  Set to 120 minutes.
[EOnDrop] Zombie Spawned [199] ZmbF_ShortSkirt_red @ <11142.594727, 123.040649, 13951.560547> ... Lifespan:  Set to 120 minutes.
[EOnDrop] Zombie Spawned [200] ZmbM_Jacket_bluechecks @ <11133.504883, 121.085960, 13964.965820> ... Lifespan:  Set to 120 minutes.
[EOnDrop] Zombie Spawned [201] ZmbF_JoggerSkinny_Green @ <11176.900391, 117.216805, 13956.426758> ... Lifespan:  Set to 120 minutes.
[EOnDrop] Zombie Spawned [202] ZmbF_ShortSkirt_green @ <11180.971680, 104.351929, 13972.694336> ... Lifespan:  Set to 120 minutes.
[EOnDrop] Zombie Spawned [203] ZmbF_JournalistNormal_Red @ <11138.936523, 134.487579, 13904.808594> ... Lifespan:  Set to 120 minutes.
[EOnDrop] Zombie Spawned [204] ZmbM_PrisonerSkinny @ <11155.323242, 122.881744, 13955.154297> ... Lifespan:  Set to 120 minutes.
[EOnDrop] Zombie Spawned [205] ZmbM_Jacket_bluechecks @ <11133.936523, 110.561150, 13989.303711> ... Lifespan:  Set to 120 minutes.
[EOnDrop] Zombie Spawned [206] ZmbF_SkaterYoung_Brown @ <11117.949219, 135.475647, 13921.501953> ... Lifespan:  Set to 120 minutes.
[EOnDrop] Zombie Spawned [207] ZmbM_CitizenASkinny_Blue @ <11126.741211, 134.566833, 13921.225586> ... Lifespan:  Set to 120 minutes.
[EOnDrop] Zombie Spawned [208] ZmbF_ShortSkirt_black @ <11146.559570, 123.446228, 13949.845703> ... Lifespan:  Set to 120 minutes.
[EOnDrop] Zombie Spawned [209] ZmbM_ClerkFat_White @ <11143.457031, 126.153748, 13937.057617> ... Lifespan:  Set to 120 minutes.
[EOnDrop] Zombie Spawned [210] ZmbF_Clerk_Normal_White @ <11137.463867, 109.965294, 13994.894531> ... Lifespan:  Set to 120 minutes.
[EOnDrop] Zombie Spawned [211] ZmbF_JournalistNormal_Blue @ <11156.177734, 124.585762, 13941.621094> ... Lifespan:  Set to 120 minutes.
[EOnDrop] Zombie Spawned [212] ZmbM_CitizenBFat_Red @ <11168.301758, 123.520805, 13947.884766> ... Lifespan:  Set to 120 minutes.
[EOnDrop] Zombie Spawned [213] ZmbF_ShortSkirt_grey @ <11151.090820, 123.982559, 13943.913086> ... Lifespan:  Set to 120 minutes.
[EOnDrop] Zombie Spawned [214] ZmbM_PrisonerSkinny @ <11170.693359, 116.804245, 13960.125977> ... Lifespan:  Set to 120 minutes.
[EOnDrop] Zombie Spawned [215] ZmbF_JoggerSkinny_Green @ <11146.110352, 122.712036, 13956.409180> ... Lifespan:  Set to 120 minutes.
[EOnDrop] Zombie Spawned [216] ZmbF_Clerk_Normal_Blue @ <11154.117188, 112.295021, 13972.838867> ... Lifespan:  Set to 120 minutes.
[EOnDrop] Zombie Spawned [217] ZmbM_Jacket_bluechecks @ <11170.852539, 126.102562, 13934.949219> ... Lifespan:  Set to 120 minutes.
[EOnDrop] Zombie Spawned [218] ZmbM_CitizenASkinny_Grey @ <11159.870117, 117.915428, 13963.021484> ... Lifespan:  Set to 120 minutes.
[EOnDrop] Zombie Spawned [219] ZmbM_CitizenBFat_Blue @ <11149.243164, 131.872971, 13914.341797> ... Lifespan:  Set to 120 minutes.
[EOnDrop] Zombie Spawned [220] ZmbM_DoctorFat @ <11150.516602, 109.588226, 13976.950195> ... Lifespan:  Set to 120 minutes.
[EOnDrop] Zombie Spawned [221] ZmbM_PatientSkinny @ <11159.376953, 104.676613, 14000.012695> ... Lifespan:  Set to 120 minutes.
[EOnDrop] Zombie Spawned [222] ZmbM_Jacket_grey @ <11201.887695, 111.745087, 13953.081055> ... Lifespan:  Set to 120 minutes.
[EOnDrop] Zombie Spawned [223] ZmbF_ShortSkirt_white @ <11174.990234, 127.589317, 13919.730469> ... Lifespan:  Set to 120 minutes.
[EOnDrop] Zombie Spawned [224] ZmbM_JournalistSkinny @ <11155.966797, 128.226990, 13926.073242> ... Lifespan:  Set to 120 minutes.
[EOnDrop] Zombie Spawned [225] ZmbM_ClerkFat_Brown @ <11148.906250, 132.519470, 13908.882813> ... Lifespan:  Set to 120 minutes.
[EOnDrop] Zombie Spawned [226] ZmbM_SkaterYoung_Brown @ <11131.805664, 122.416725, 13951.325195> ... Lifespan:  Set to 120 minutes.
[EOnDrop] Zombie Spawned [227] ZmbM_CitizenBFat_Red @ <11173.742188, 126.668373, 13928.701172> ... Lifespan:  Set to 120 minutes.
[EOnDrop] Zombie Spawned [228] ZmbM_Jacket_grey @ <11178.446289, 127.192429, 13922.295898> ... Lifespan:  Set to 120 minutes.
[EOnDrop] Zombie Spawned [229] ZmbF_JournalistNormal_Blue @ <11186.356445, 125.708557, 13927.798828> ... Lifespan:  Set to 120 minutes.
[EOnDrop] Zombie Spawned [230] ZmbF_ShortSkirt_red @ <11164.558594, 123.141647, 13951.130859> ... Lifespan:  Set to 120 minutes.
[EOnDrop] Zombie Spawned [231] ZmbM_PatrolNormal_PautRev @ <11151.742188, 120.502632, 13962.511719> ... Lifespan:  Set to 120 minutes.
[EOnDrop] Spawn failed for zombie [232] 'ZmbM_JacketNormal_greenchecks', it does not exist in DayZ!
[EOnDrop] Zombie Spawned [233] ZmbM_CommercialPilotOld_Grey @ <11192.115234, 118.254227, 13947.623047> ... Lifespan:  Set to 120 minutes.
[EOnDrop] Zombie Spawned [234] ZmbM_SkaterYoung_Brown @ <11137.770508, 109.963654, 13988.792969> ... Lifespan:  Set to 120 minutes.
[EOnDrop] Zombie Spawned [235] ZmbM_CitizenASkinny_Red @ <11131.039063, 111.199371, 13986.310547> ... Lifespan:  Set to 120 minutes.
[EOnDrop] Zombie Spawned [236] ZmbF_JournalistNormal_Blue @ <11143.723633, 124.808449, 13943.445313> ... Lifespan:  Set to 120 minutes.
[EOnDrop] Zombie Spawned [237] ZmbM_JoggerSkinny_Blue @ <11121.146484, 134.052231, 13929.148438> ... Lifespan:  Set to 120 minutes.
[EOnDrop] Zombie Spawned [238] ZmbM_PatientSkinny @ <11184.398438, 101.784851, 13983.143555> ... Lifespan:  Set to 120 minutes.
[EOnDrop] Zombie Spawned [239] ZmbM_PrisonerSkinny @ <11182.561523, 101.882568, 13987.650391> ... Lifespan:  Set to 120 minutes.
[EOnDrop] Zombie Spawned [240] ZmbM_SkaterYoung_Blue @ <11165.561523, 121.612259, 13954.286133> ... Lifespan:  Set to 120 minutes.
[EOnDrop] Zombie Spawned [241] ZmbM_PatientSkinny @ <11136.045898, 133.694504, 13920.444336> ... Lifespan:  Set to 120 minutes.
[EOnDrop] Zombie Spawned [242] ZmbM_JoggerSkinny_Green @ <11158.105469, 124.309937, 13945.463867> ... Lifespan:  Set to 120 minutes.
[EOnDrop] Zombie Spawned [243] ZmbF_JoggerSkinny_Blue @ <11161.270508, 121.887642, 13956.908203> ... Lifespan:  Set to 120 minutes.
[EOnDrop] Zombie Spawned [244] ZmbF_ShortSkirt_white @ <11155.614258, 124.241127, 13943.893555> ... Lifespan:  Set to 120 minutes.
[EOnDrop] Zombie Spawned [245] ZmbF_Clerk_Normal_Red @ <11148.436523, 107.266205, 13990.804688> ... Lifespan:  Set to 120 minutes.
[EOnDrop] Zombie Spawned [246] ZmbF_ShortSkirt_green @ <11153.052734, 125.570839, 13936.920898> ... Lifespan:  Set to 120 minutes.
[EOnDrop] Zombie Spawned [247] ZmbM_CommercialPilotOld_Grey @ <11157.053711, 124.426895, 13942.629883> ... Lifespan:  Set to 120 minutes.
[EOnDrop] Zombie Spawned [248] ZmbF_ParamedicNormal_Red @ <11167.672852, 125.448311, 13941.067383> ... Lifespan:  Set to 120 minutes.
[EOnDrop] Zombie Spawned [249] ZmbF_ParamedicNormal_Red @ <11144.443359, 127.965111, 13931.874023> ... Lifespan:  Set to 120 minutes.
[EOnDrop] Zombie Spawned [250] ZmbM_ParamedicNormal_Blue @ <11155.764648, 105.778503, 13988.197266> ... Lifespan:  Set to 120 minutes.
[EOnDrop] Zombie Spawned [251] ZmbF_ParamedicNormal_Red @ <11146.768555, 122.226845, 13958.588867> ... Lifespan:  Set to 120 minutes.
[EOnDrop] Zombie Spawned [252] ZmbM_DoctorFat @ <11194.535156, 126.113319, 13922.073242> ... Lifespan:  Set to 120 minutes.
[EOnDrop] Zombie Spawned [253] ZmbM_SkaterYoung_Grey @ <11165.739258, 119.065613, 13958.690430> ... Lifespan:  Set to 120 minutes.
[EOnDrop] Zombie Spawned [254] ZmbF_ShortSkirt_stripes @ <11157.736328, 131.817123, 13904.185547> ... Lifespan:  Set to 120 minutes.
[EOnDrop] Zombie Spawned [255] ZmbF_ParamedicNormal_Blue @ <11192.129883, 126.598457, 13919.963867> ... Lifespan:  Set to 120 minutes.
[EOnDrop] Zombie Spawned [256] ZmbM_PrisonerSkinny @ <11178.855469, 110.547768, 13965.473633> ... Lifespan:  Set to 120 minutes.
[EOnDrop] Zombie Spawned [257] ZmbM_JournalistSkinny @ <11127.081055, 114.739418, 13977.386719> ... Lifespan:  Set to 120 minutes.
[EOnDrop] Zombie Spawned [258] ZmbM_SkaterYoung_Grey @ <11123.232422, 134.352814, 13926.498047> ... Lifespan:  Set to 120 minutes.
[EOnDrop] Zombie Spawned [259] ZmbF_JoggerSkinny_Red @ <11137.627930, 114.211906, 13975.500000> ... Lifespan:  Set to 120 minutes.
[EOnDrop] Zombie Spawned [260] ZmbF_JoggerSkinny_Brown @ <11188.029297, 118.031227, 13949.969727> ... Lifespan:  Set to 120 minutes.
[EOnDrop] Zombie Spawned [261] ZmbF_ParamedicNormal_Green @ <11125.063477, 131.492950, 13934.779297> ... Lifespan:  Set to 120 minutes.
[EOnDrop] Zombie Spawned [262] ZmbM_JournalistSkinny @ <11120.389648, 119.860130, 13965.651367> ... Lifespan:  Set to 120 minutes.
[EOnDrop] Zombie Spawned [263] ZmbF_PoliceWomanNormal @ <11150.770508, 123.337852, 13951.904297> ... Lifespan:  Set to 120 minutes.
[EOnDrop] Zombie Spawned [264] ZmbM_Jacket_khaki @ <11149.818359, 122.672676, 13955.972656> ... Lifespan:  Set to 120 minutes.
[EOnDrop] Zombie Spawned [265] ZmbM_SkaterYoung_Brown @ <11135.721680, 119.909485, 13967.436523> ... Lifespan:  Set to 120 minutes.
[EOnDrop] Zombie Spawned [266] ZmbF_Clerk_Normal_Blue @ <11156.291016, 121.346962, 13959.673828> ... Lifespan:  Set to 120 minutes.
[EOnDrop] Zombie Spawned [267] ZmbM_CitizenBFat_Green @ <11145.632813, 123.409966, 13949.979492> ... Lifespan:  Set to 120 minutes.
[EOnDrop] Zombie Spawned [268] ZmbF_CitizenANormal_Blue @ <11122.527344, 126.921318, 13944.811523> ... Lifespan:  Set to 120 minutes.
[EOnDrop] Zombie Spawned [269] ZmbM_SkaterYoung_Blue @ <11155.554688, 106.029259, 13991.069336> ... Lifespan:  Set to 120 minutes.
[EOnDrop] Zombie Spawned [270] ZmbF_ShortSkirt_green @ <11126.945313, 129.903275, 13937.416992> ... Lifespan:  Set to 120 minutes.
[EOnDrop] Zombie Spawned [271] ZmbM_CommercialPilotOld_Olive @ <11127.740234, 126.525414, 13945.127930> ... Lifespan:  Set to 120 minutes.
[EOnDrop] Zombie Spawned [272] ZmbF_JournalistNormal_Blue @ <11169.756836, 114.478531, 13964.325195> ... Lifespan:  Set to 120 minutes.
[EOnDrop] Zombie Spawned [273] ZmbM_CommercialPilotOld_Brown @ <11130.916992, 117.270195, 13972.881836> ... Lifespan:  Set to 120 minutes.
[EOnDrop] Zombie Spawned [274] ZmbM_Jacket_blue @ <11137.913086, 121.201859, 13964.155273> ... Lifespan:  Set to 120 minutes.
[EOnDrop] Zombie Spawned [275] ZmbF_ShortSkirt_grey @ <11142.042969, 122.794304, 13953.708008> ... Lifespan:  Set to 120 minutes.
[EOnDrop] Zombie Spawned [276] ZmbF_ShortSkirt_brown @ <11128.916016, 135.478195, 13910.491211> ... Lifespan:  Set to 120 minutes.
[EOnDrop] Zombie Spawned [277] ZmbM_Jacket_grey @ <11178.008789, 121.525963, 13945.567383> ... Lifespan:  Set to 120 minutes.
[EOnDrop] Zombie Spawned [278] ZmbM_DoctorFat @ <11140.479492, 125.857399, 13939.802734> ... Lifespan:  Set to 120 minutes.
[EOnDrop] Zombie Spawned [279] ZmbM_ClerkFat_Brown @ <11156.133789, 120.704575, 13961.337891> ... Lifespan:  Set to 120 minutes.
[EOnDrop] Zombie Spawned [280] ZmbM_Jacket_magenta @ <11151.611328, 115.481827, 13969.911133> ... Lifespan:  Set to 120 minutes.
[EOnDrop] Zombie Spawned [281] ZmbM_PatrolNormal_Summer @ <11163.942383, 104.507942, 13996.986328> ... Lifespan:  Set to 120 minutes.
[EOnDrop] Zombie Spawned [282] ZmbM_CitizenASkinny_Brown @ <11165.254883, 129.083267, 13916.033203> ... Lifespan:  Set to 120 minutes.
[EOnDrop] Zombie Spawned [283] ZmbF_JournalistNormal_Red @ <11197.413086, 113.090530, 13953.700195> ... Lifespan:  Set to 120 minutes.
[EOnDrop] Zombie Spawned [284] ZmbM_SkaterYoung_Blue @ <11162.425781, 114.838310, 13966.367188> ... Lifespan:  Set to 120 minutes.
[EOnDrop] Zombie Spawned [285] ZmbM_CitizenASkinny_Grey @ <11128.227539, 134.517761, 13920.168945> ... Lifespan:  Set to 120 minutes.
[EOnDrop] Zombie Spawned [286] ZmbF_JournalistNormal_White @ <11128.963867, 134.382507, 13920.581055> ... Lifespan:  Set to 120 minutes.
[EOnDrop] Zombie Spawned [287] ZmbM_Jacket_greenchecks @ <11203.501953, 104.901855, 13962.372070> ... Lifespan:  Set to 120 minutes.
[EOnDrop] Zombie Spawned [288] ZmbM_ParamedicNormal_Red @ <11130.946289, 126.853775, 13943.471680> ... Lifespan:  Set to 120 minutes.
[EOnDrop] Zombie Spawned [289] ZmbM_CommercialPilotOld_Grey @ <11182.948242, 122.562767, 13938.590820> ... Lifespan:  Set to 120 minutes.
[EOnDrop] Zombie Spawned [290] ZmbM_PatrolNormal_Autumn @ <11183.396484, 127.278870, 13919.754883> ... Lifespan:  Set to 120 minutes.
[EOnDrop] Zombie Spawned [291] ZmbM_PatrolNormal_Summer @ <11171.278320, 118.127739, 13957.629883> ... Lifespan:  Set to 120 minutes.
[EOnDrop] Zombie Spawned [292] ZmbM_JournalistSkinny @ <11146.895508, 126.436386, 13934.574219> ... Lifespan:  Set to 120 minutes.
[EOnDrop] Zombie Spawned [293] ZmbM_ClerkFat_White @ <11150.639648, 121.716393, 13959.858398> ... Lifespan:  Set to 120 minutes.
[EOnDrop] Zombie Spawned [294] ZmbM_CitizenBFat_Red @ <11110.427734, 119.305000, 13964.373047> ... Lifespan:  Set to 120 minutes.
[EOnDrop] Zombie Spawned [295] ZmbF_ParamedicNormal_Green @ <11134.583008, 110.540337, 13980.410156> ... Lifespan:  Set to 120 minutes.
[EOnDrop] Zombie Spawned [296] ZmbM_JoggerSkinny_Red @ <11161.268555, 120.620514, 13958.785156> ... Lifespan:  Set to 120 minutes.
[EOnDrop] Zombie Spawned [297] ZmbM_Jacket_khaki @ <11152.086914, 124.630852, 13940.703125> ... Lifespan:  Set to 120 minutes.
[EOnDrop] Zombie Spawned [298] ZmbF_ShortSkirt_grey @ <11152.994141, 131.072220, 13914.446289> ... Lifespan:  Set to 120 minutes.
[EOnDrop] Zombie Spawned [299] ZmbM_JournalistSkinny @ <11156.180664, 129.994949, 13919.089844> ... Lifespan:  Set to 120 minutes.
[EOnDrop] Zombie Spawned [300] ZmbM_CommercialPilotOld_Brown @ <11183.918945, 101.700264, 13991.507813> ... Lifespan:  Set to 120 minutes.
[EOnDrop] Zombie Spawned [301] ZmbM_JoggerSkinny_Blue @ <11127.114258, 113.346077, 13979.339844> ... Lifespan:  Set to 120 minutes.
[EOnDrop] Zombie Spawned [302] ZmbM_PatrolNormal_Summer @ <11115.825195, 123.368057, 13952.212891> ... Lifespan:  Set to 120 minutes.
[EOnDrop] Zombie Spawned [303] ZmbM_CommercialPilotOld_Olive @ <11183.774414, 126.551353, 13924.200195> ... Lifespan:  Set to 120 minutes.
[EOnDrop] Zombie Spawned [304] ZmbM_JoggerSkinny_Blue @ <11168.531250, 106.961296, 13974.350586> ... Lifespan:  Set to 120 minutes.
[EOnDrop] Zombie Spawned [305] ZmbM_Jacket_stripes @ <11158.747070, 124.507713, 13943.167969> ... Lifespan:  Set to 120 minutes.
[EOnDrop] Zombie Spawned [306] ZmbF_JournalistNormal_Green @ <11170.893555, 110.342484, 13968.717773> ... Lifespan:  Set to 120 minutes.
[EOnDrop] Zombie Spawned [307] ZmbM_CommercialPilotOld_Blue @ <11155.838867, 112.961456, 13971.285156> ... Lifespan:  Set to 120 minutes.
[EOnDrop] Zombie Spawned [308] ZmbM_SkaterYoung_Blue @ <11147.509766, 123.413483, 13950.452148> ... Lifespan:  Set to 120 minutes.
[EOnDrop] Zombie Spawned [309] ZmbF_ShortSkirt_beige @ <11188.541992, 101.680824, 13981.571289> ... Lifespan:  Set to 120 minutes.
[EOnDrop] Zombie Spawned [310] ZmbM_Jacket_beige @ <11166.634766, 126.551376, 13933.851563> ... Lifespan:  Set to 120 minutes.
[EOnDrop] Zombie Spawned [311] ZmbM_Jacket_khaki @ <11124.445313, 119.799355, 13966.649414> ... Lifespan:  Set to 120 minutes.
[EOnDrop] Zombie Spawned [312] ZmbM_PatrolNormal_Flat @ <11160.454102, 122.505936, 13955.650391> ... Lifespan:  Set to 120 minutes.
[EOnDrop] Zombie Spawned [313] ZmbM_CommercialPilotOld_Brown @ <11156.986328, 124.409744, 13942.813477> ... Lifespan:  Set to 120 minutes.
[EOnDrop] Zombie Spawned [314] ZmbM_ClerkFat_White @ <11113.135742, 129.416885, 13942.687500> ... Lifespan:  Set to 120 minutes.
[EOnDrop] Zombie Spawned [315] ZmbF_ShortSkirt_brown @ <11187.877930, 115.154289, 13956.375000> ... Lifespan:  Set to 120 minutes.
[EOnDrop] Zombie Spawned [316] ZmbM_CitizenBFat_Red @ <11178.947266, 103.890137, 13974.813477> ... Lifespan:  Set to 120 minutes.
[EOnDrop] Zombie Spawned [317] ZmbM_Jacket_blue @ <11182.281250, 101.880791, 13985.689453> ... Lifespan:  Set to 120 minutes.
[EOnDrop] Zombie Spawned [318] ZmbM_PatrolNormal_PautRev @ <11164.829102, 106.023331, 13977.028320> ... Lifespan:  Set to 120 minutes.
[EOnDrop] Zombie Spawned [319] ZmbM_PatrolNormal_PautRev @ <11162.473633, 123.734818, 13950.139648> ... Lifespan:  Set to 120 minutes.
[EOnDrop] Zombie Spawned [320] ZmbF_JournalistNormal_Blue @ <11147.431641, 122.643677, 13956.572266> ... Lifespan:  Set to 120 minutes.
[EOnDrop] Zombie Spawned [321] ZmbM_CitizenASkinny_Red @ <11165.334961, 106.737160, 13975.596680> ... Lifespan:  Set to 120 minutes.
[EOnDrop] Zombie Spawned [322] ZmbM_DoctorFat @ <11171.306641, 124.027168, 13944.672852> ... Lifespan:  Set to 120 minutes.
[EOnDrop] Zombie Spawned [323] ZmbM_ClerkFat_Grey @ <11123.535156, 134.632324, 13923.843750> ... Lifespan:  Set to 120 minutes.
[EOnDrop] Zombie Spawned [324] ZmbM_Jacket_bluechecks @ <11168.905273, 109.139130, 13970.861328> ... Lifespan:  Set to 120 minutes.
[EOnDrop] Zombie Spawned [325] ZmbM_PolicemanSpecForce @ <11175.375977, 102.699646, 13989.617188> ... Lifespan:  Set to 120 minutes.
[EOnDrop] Zombie Spawned [326] ZmbM_Jacket_grey @ <11182.098633, 117.647842, 13953.247070> ... Lifespan:  Set to 120 minutes.
[EOnDrop] Zombie Spawned [327] ZmbM_ParamedicNormal_Red @ <11148.736328, 129.286346, 13926.551758> ... Lifespan:  Set to 120 minutes.
[EOnDrop] Zombie Spawned [328] ZmbM_ClerkFat_Brown @ <11169.069336, 126.022125, 13936.447266> ... Lifespan:  Set to 120 minutes.
[EOnDrop] Zombie Spawned [329] ZmbF_JoggerSkinny_Brown @ <11168.711914, 123.611313, 13947.374023> ... Lifespan:  Set to 120 minutes.
[EOnDrop] Zombie Spawned [330] ZmbF_ShortSkirt_yellow @ <11178.750000, 110.039078, 13966.186523> ... Lifespan:  Set to 120 minutes.
[EOnDrop] Zombie Spawned [331] ZmbF_JournalistNormal_Green @ <11152.394531, 126.225044, 13934.298828> ... Lifespan:  Set to 120 minutes.
[EOnDrop] Zombie Spawned [332] ZmbM_PatrolNormal_Autumn @ <11140.365234, 118.554703, 13969.748047> ... Lifespan:  Set to 120 minutes.
[EOnDrop] Zombie Spawned [333] ZmbM_CitizenASkinny_Brown @ <11179.903320, 110.695953, 13964.827148> ... Lifespan:  Set to 120 minutes.
[EOnDrop] Zombie Spawned [334] ZmbF_DoctorSkinny @ <11151.234375, 119.925117, 13964.208984> ... Lifespan:  Set to 120 minutes.
[EOnDrop] Zombie Spawned [335] ZmbM_Jacket_brown @ <11170.139648, 126.970901, 13929.307617> ... Lifespan:  Set to 120 minutes.
[EOnDrop] Zombie Spawned [336] ZmbM_JoggerSkinny_Red @ <11195.586914, 101.595047, 13978.066406> ... Lifespan:  Set to 120 minutes.
[EOnDrop] Zombie Spawned [337] ZmbM_Jacket_beige @ <11182.958008, 120.759033, 13944.730469> ... Lifespan:  Set to 120 minutes.
[EOnDrop] Zombie Spawned [338] ZmbM_JoggerSkinny_Red @ <11125.738281, 117.045158, 13973.278320> ... Lifespan:  Set to 120 minutes.
[EOnDrop] Zombie Spawned [339] ZmbM_ClerkFat_Grey @ <11167.402344, 106.836136, 13975.042969> ... Lifespan:  Set to 120 minutes.
[EOnDrop] Zombie Spawned [340] ZmbF_ShortSkirt_grey @ <11181.065430, 101.922722, 13981.422852> ... Lifespan:  Set to 120 minutes.
[EOnDrop] Zombie Spawned [341] ZmbF_CitizenANormal_Brown @ <11196.288086, 124.651718, 13926.452148> ... Lifespan:  Set to 120 minutes.
[EOnDrop] Zombie Spawned [342] ZmbM_PolicemanFat @ <11176.468750, 130.026672, 13905.796875> ... Lifespan:  Set to 120 minutes.
[EOnDrop] Zombie Spawned [343] ZmbM_PrisonerSkinny @ <11185.426758, 127.464813, 13916.938477> ... Lifespan:  Set to 120 minutes.
[EOnDrop] Zombie Spawned [344] ZmbM_Jacket_greenchecks @ <11135.040039, 117.769287, 13971.862305> ... Lifespan:  Set to 120 minutes.
[EOnDrop] Zombie Spawned [345] ZmbM_ClerkFat_Grey @ <11146.707031, 117.648872, 13968.468750> ... Lifespan:  Set to 120 minutes.
[EOnDrop] Zombie Spawned [346] ZmbM_Jacket_black @ <11167.068359, 125.485382, 13940.671875> ... Lifespan:  Set to 120 minutes.
[EOnDrop] Zombie Spawned [347] ZmbF_ShortSkirt_stripes @ <11186.596680, 104.923210, 13968.994141> ... Lifespan:  Set to 120 minutes.
[EOnDrop] Zombie Spawned [348] ZmbF_ShortSkirt_beige @ <11141.107422, 125.678558, 13940.584961> ... Lifespan:  Set to 120 minutes.
[EOnDrop] Zombie Spawned [349] ZmbM_PatrolNormal_Flat @ <11178.400391, 127.874969, 13915.501953> ... Lifespan:  Set to 120 minutes.
[EOnDrop] Zombie Spawned [350] ZmbM_SkaterYoung_Brown @ <11187.262695, 126.885895, 13920.333008> ... Lifespan:  Set to 120 minutes.
[EOnDrop] Zombie Spawned [351] ZmbM_ClerkFat_White @ <11148.921875, 121.985970, 13959.271484> ... Lifespan:  Set to 120 minutes.
[EOnDrop] Zombie Spawned [352] ZmbM_PatrolNormal_PautRev @ <11126.255859, 133.764282, 13927.247070> ... Lifespan:  Set to 120 minutes.
[EOnDrop] Zombie Spawned [353] ZmbM_Jacket_brown @ <11149.098633, 120.309273, 13964.122070> ... Lifespan:  Set to 120 minutes.
[EOnDrop] Zombie Spawned [354] ZmbM_Jacket_magenta @ <11168.347656, 103.958099, 13997.711914> ... Lifespan:  Set to 120 minutes.
[EOnDrop] Zombie Spawned [355] ZmbM_JoggerSkinny_Red @ <11133.790039, 128.858734, 13935.777344> ... Lifespan:  Set to 120 minutes.
[EOnDrop] Zombie Spawned [356] ZmbM_ParamedicNormal_Black @ <11145.632813, 122.644318, 13956.891602> ... Lifespan:  Set to 120 minutes.
[EOnDrop] Zombie Spawned [357] ZmbM_DoctorFat @ <11162.912109, 110.829208, 13971.270508> ... Lifespan:  Set to 120 minutes.
[EOnDrop] Zombie Spawned [358] ZmbM_PolicemanSpecForce @ <11107.840820, 129.522003, 13944.550781> ... Lifespan:  Set to 120 minutes.
[EOnDrop] Zombie Spawned [359] ZmbM_PatrolNormal_Autumn @ <11170.224609, 114.371902, 13964.237305> ... Lifespan:  Set to 120 minutes.
[EOnDrop] Zombie Spawned [360] ZmbM_PolicemanFat @ <11154.261719, 122.648491, 13956.128906> ... Lifespan:  Set to 120 minutes.
[EOnDrop] Drop spawned with 360 infected at <11157.393555, 290.466522, 13950.493164>.
[EOnDrop] Supplies have been dropped near Novodmitrovsk.
[EOnBeforeDelete] Aircraft despawned @ <10212.489258, 415.149994, 16360.588867>
[~AirdropPlane] Aircraft destroyed.
