[AirdropPlane] Aircraft created on 2021-02-01 @ 19-05-28
[InitializeAircraft] Aircraft Initialized: Chernogorks @ 6128/2497 (true)
[EOnBeforeDrop] The Aircraft is 1 Km from Chernogorks. @ <7436.953125, 158.734131, 3228.331055>
[EOnDrop] Zombie Spawned [1] ZmbF_CitizenBSkinny @ <6188.441895, 14.105375, 2541.350586> ... Lifespan:  Set to 120 minutes.
[EOnDrop] Zombie Spawned [2] ZmbM_CitizenASkinny_Blue @ <6204.022461, 12.055212, 2562.006836> ... Lifespan:  Set to 120 minutes.
[EOnDrop] Zombie Spawned [3] ZmbM_Jacket_stripes @ <6175.248535, 16.562273, 2515.255615> ... Lifespan:  Set to 120 minutes.
[EOnDrop] Zombie Spawned [4] ZmbM_ClerkFat_Brown @ <6174.817871, 16.728817, 2531.484131> ... Lifespan:  Set to 120 minutes.
[EOnDrop] Zombie Spawned [5] ZmbF_ShortSkirt_red @ <6204.068848, 14.042866, 2582.098145> ... Lifespan:  Set to 120 minutes.
[EOnDrop] Zombie Spawned [6] ZmbM_CitizenBFat_Red @ <6202.270996, 11.247918, 2551.711182> ... Lifespan:  Set to 120 minutes.
[EOnDrop] Zombie Spawned [7] ZmbF_ShortSkirt_stripes @ <6228.005371, 8.420979, 2544.679199> ... Lifespan:  Set to 120 minutes.
[EOnDrop] Zombie Spawned [8] ZmbM_SkaterYoung_Green @ <6232.509277, 10.635165, 2561.104004> ... Lifespan:  Set to 120 minutes.
[EOnDrop] Zombie Spawned [9] ZmbF_JoggerSkinny_Blue @ <6234.867188, 9.201148, 2520.115479> ... Lifespan:  Set to 120 minutes.
[EOnDrop] Zombie Spawned [10] ZmbM_JoggerSkinny_Red @ <6186.148438, 14.415828, 2499.608643> ... Lifespan:  Set to 120 minutes.
[EOnDrop] Zombie Spawned [11] ZmbF_CitizenANormal_Brown @ <6204.443848, 10.745683, 2544.487061> ... Lifespan:  Set to 120 minutes.
[EOnDrop] Zombie Spawned [12] ZmbM_Jacket_beige @ <6217.474609, 8.849662, 2555.059326> ... Lifespan:  Set to 120 minutes.
[EOnDrop] Spawn failed for zombie [13] 'ZmbM_JacketNormal_greenchecks', it does not exist in DayZ!
[EOnDrop] Zombie Spawned [14] ZmbM_ClerkFat_Brown @ <6197.606445, 13.860651, 2566.609131> ... Lifespan:  Set to 120 minutes.
[EOnDrop] Zombie Spawned [15] ZmbF_NurseFat @ <6202.552246, 11.315634, 2536.847168> ... Lifespan:  Set to 120 minutes.
[EOnDrop] Zombie Spawned [16] ZmbF_CitizenBSkinny @ <6188.798340, 14.184136, 2528.198242> ... Lifespan:  Set to 120 minutes.
[EOnDrop] Zombie Spawned [17] ZmbF_ShortSkirt_green @ <6212.300781, 9.309712, 2550.966064> ... Lifespan:  Set to 120 minutes.
[EOnDrop] Zombie Spawned [18] ZmbM_PatrolNormal_Autumn @ <6223.672852, 8.544881, 2527.031006> ... Lifespan:  Set to 120 minutes.
[EOnDrop] Zombie Spawned [19] ZmbM_JoggerSkinny_Green @ <6212.844238, 9.142574, 2547.887695> ... Lifespan:  Set to 120 minutes.
[EOnDrop] Zombie Spawned [20] ZmbM_PatrolNormal_Summer @ <6185.821777, 15.702853, 2554.512451> ... Lifespan:  Set to 120 minutes.
[EOnDrop] Drop spawned with 20 infected at <6209.613281, 151.002686, 2541.867920>.
[EOnDrop] Supplies have been dropped near Chernogorks.
[EOnBeforeDelete] Aircraft despawned @ <-122.510162, 152.000610, -1000.042725>
[~AirdropPlane] Aircraft destroyed.
