[AirdropPlane] Aircraft created on 2021-03-17 @ 00-49-06
[InitializeAircraft] Aircraft Initialized: Elektrozavodsk @ 9371/2229 (true)
[EOnBeforeDrop] The Aircraft is 1 Km from Elektrozavodsk. @ <10850.869141, 152.000610, 1989.892334>
[EOnDrop] Zombie Spawned [1] ZmbM_JoggerSkinny_Red @ <9452.724609, 34.196102, 2218.242676> ... Lifespan:  Set to 120 minutes.
[EOnDrop] Zombie Spawned [2] ZmbM_CitizenBFat_Blue @ <9455.582031, 38.982807, 2247.561035> ... Lifespan:  Set to 120 minutes.
[EOnDrop] Zombie Spawned [3] ZmbF_ShortSkirt_grey @ <9482.021484, 34.220467, 2212.015137> ... Lifespan:  Set to 120 minutes.
[EOnDrop] Zombie Spawned [4] ZmbF_ShortSkirt_beige @ <9473.893555, 36.066616, 2226.662354> ... Lifespan:  Set to 120 minutes.
[EOnDrop] Zombie Spawned [5] ZmbF_DoctorSkinny @ <9451.096680, 32.052055, 2205.456543> ... Lifespan:  Set to 120 minutes.
[EOnDrop] Zombie Spawned [6] ZmbM_Jacket_magenta @ <9455.376953, 29.093576, 2186.582520> ... Lifespan:  Set to 120 minutes.
[EOnDrop] Zombie Spawned [7] ZmbM_PolicemanFat @ <9471.471680, 39.143250, 2247.543213> ... Lifespan:  Set to 120 minutes.
[EOnDrop] Zombie Spawned [8] ZmbM_ParamedicNormal_Blue @ <9446.195313, 35.580448, 2226.829834> ... Lifespan:  Set to 120 minutes.
[EOnDrop] Zombie Spawned [9] ZmbF_JournalistNormal_White @ <9473.804688, 31.155754, 2192.919922> ... Lifespan:  Set to 120 minutes.
[EOnDrop] Zombie Spawned [10] ZmbM_Jacket_black @ <9442.485352, 33.944538, 2217.562988> ... Lifespan:  Set to 120 minutes.
[EOnDrop] Zombie Spawned [11] ZmbF_ShortSkirt_checks @ <9497.516602, 34.062725, 2205.729980> ... Lifespan:  Set to 120 minutes.
[EOnDrop] Zombie Spawned [12] ZmbM_ParamedicNormal_Black @ <9422.472656, 29.903654, 2197.787354> ... Lifespan:  Set to 120 minutes.
[EOnDrop] Zombie Spawned [13] ZmbM_Jacket_blue @ <9460.967773, 29.910152, 2189.483643> ... Lifespan:  Set to 120 minutes.
[EOnDrop] Zombie Spawned [14] ZmbF_DoctorSkinny @ <9418.049805, 32.362240, 2210.327637> ... Lifespan:  Set to 120 minutes.
[EOnDrop] Zombie Spawned [15] ZmbF_ShortSkirt_brown @ <9464.164063, 35.549767, 2225.245850> ... Lifespan:  Set to 120 minutes.
[EOnDrop] Zombie Spawned [16] ZmbF_Clerk_Normal_White @ <9412.040039, 36.808102, 2233.902588> ... Lifespan:  Set to 120 minutes.
[EOnDrop] Zombie Spawned [17] ZmbF_ParamedicNormal_Red @ <9469.540039, 29.428209, 2183.154053> ... Lifespan:  Set to 120 minutes.
[EOnDrop] Zombie Spawned [18] ZmbF_JournalistNormal_Blue @ <9453.075195, 35.866913, 2228.269043> ... Lifespan:  Set to 120 minutes.
[EOnDrop] Zombie Spawned [19] ZmbF_ShortSkirt_red @ <9459.630859, 35.416431, 2224.950439> ... Lifespan:  Set to 120 minutes.
[EOnDrop] Zombie Spawned [20] ZmbF_PatientOld @ <9489.053711, 38.396744, 2238.000732> ... Lifespan:  Set to 120 minutes.
[EOnDrop] Zombie Spawned [21] ZmbM_PolicemanSpecForce @ <9489.021484, 36.081532, 2222.418701> ... Lifespan:  Set to 120 minutes.
[EOnDrop] Zombie Spawned [22] ZmbF_ParamedicNormal_Blue @ <9453.854492, 32.263546, 2206.179443> ... Lifespan:  Set to 120 minutes.
[EOnDrop] Zombie Spawned [23] ZmbM_JournalistSkinny @ <9432.333008, 38.905590, 2246.705322> ... Lifespan:  Set to 120 minutes.
[EOnDrop] Zombie Spawned [24] ZmbM_JoggerSkinny_Blue @ <9458.307617, 37.272488, 2236.628906> ... Lifespan:  Set to 120 minutes.
[EOnDrop] Zombie Spawned [25] ZmbF_JoggerSkinny_Green @ <9442.097656, 37.029564, 2235.414063> ... Lifespan:  Set to 120 minutes.
[EOnDrop] Zombie Spawned [26] ZmbF_Clerk_Normal_Red @ <9459.465820, 36.589371, 2232.249756> ... Lifespan:  Set to 120 minutes.
[EOnDrop] Zombie Spawned [27] ZmbM_PatrolNormal_Summer @ <9447.704102, 28.211044, 2184.023682> ... Lifespan:  Set to 120 minutes.
[EOnDrop] Zombie Spawned [28] ZmbF_CitizenBSkinny @ <9458.263672, 34.657841, 2220.488525> ... Lifespan:  Set to 120 minutes.
[EOnDrop] Zombie Spawned [29] ZmbM_ParamedicNormal_Black @ <9439.634766, 31.124695, 2202.030518> ... Lifespan:  Set to 120 minutes.
[EOnDrop] Zombie Spawned [30] ZmbF_Clerk_Normal_White @ <9471.155273, 36.012733, 2226.927002> ... Lifespan:  Set to 120 minutes.
[EOnDrop] Zombie Spawned [31] ZmbF_Clerk_Normal_Blue @ <9452.010742, 34.537132, 2220.423340> ... Lifespan:  Set to 120 minutes.
[EOnDrop] Zombie Spawned [32] ZmbM_Jacket_bluechecks @ <9474.739258, 38.058590, 2239.566162> ... Lifespan:  Set to 120 minutes.
[EOnDrop] Zombie Spawned [33] ZmbM_ClerkFat_Brown @ <9451.406250, 29.777666, 2191.817383> ... Lifespan:  Set to 120 minutes.
[EOnDrop] Zombie Spawned [34] ZmbF_ShortSkirt_green @ <9443.572266, 34.665100, 2221.603516> ... Lifespan:  Set to 120 minutes.
[EOnDrop] Zombie Spawned [35] ZmbM_ParamedicNormal_Black @ <9449.147461, 32.598167, 2209.076904> ... Lifespan:  Set to 120 minutes.
[EOnDrop] Zombie Spawned [36] ZmbM_CitizenASkinny_Red @ <9465.149414, 35.098846, 2222.248779> ... Lifespan:  Set to 120 minutes.
[EOnDrop] Zombie Spawned [37] ZmbM_Jacket_black @ <9458.722656, 32.876854, 2209.099609> ... Lifespan:  Set to 120 minutes.
[EOnDrop] Zombie Spawned [38] ZmbM_Jacket_black @ <9457.241211, 35.543369, 2226.060059> ... Lifespan:  Set to 120 minutes.
[EOnDrop] Zombie Spawned [39] ZmbF_JoggerSkinny_Brown @ <9463.008789, 33.473789, 2212.081299> ... Lifespan:  Set to 120 minutes.
[EOnDrop] Zombie Spawned [40] ZmbM_CommercialPilotOld_Olive @ <9469.248047, 39.488285, 2250.135742> ... Lifespan:  Set to 120 minutes.
[EOnDrop] Drop spawned with 40 infected at <9456.923828, 173.811050, 2215.223877>.
[EOnDrop] Supplies have been dropped near Elektrozavodsk.
[EOnBeforeDelete] Aircraft despawned @ <-1000.079956, 288.679413, 3905.690430>
[~AirdropPlane] Aircraft destroyed.
