[InitializeContainer] Container created on 2021-01-31 @ 09-08-59
[InitializeContainer] Winds: Vector <6.604806, 0.000000, -5.960588>, Speed 8.89675mps, Strength 0.1
[AirdropContainerFall] Drop Type 'Military Weapons', Container: 'AirdropContainer_Military', Mode/Quantity/Iems: Random/20/18, Flare:  10%
[AirdropContainerFall] Spawn failed for item [1] 'PlateCarrierComplete', does not exist in DayZ!
[AirdropContainerFall] Loot Spawned [2] TacticalBaconCan @ <5012.044434, 10.850039, 2590.790527> ... Lifespan: Set to 120 minutes.
[AirdropContainerFall] Loot Spawned [3] Mosin9130 @ <5012.293945, 11.348717, 2593.588135> ... Lifespan: Set to 120 minutes.
[AirdropContainerFall] Loot Spawned [4] Mag_AKM_30Rnd @ <5010.012207, 10.611720, 2589.836670> ... Lifespan: Set to 120 minutes.
[AirdropContainerFall] Loot Spawned [5] LandMineTrap @ <5010.247559, 11.298649, 2593.693359> ... Lifespan: Set to 120 minutes.
[AirdropContainerFall] Loot Spawned [6] AmmoBox_762x54_20Rnd @ <5012.353027, 11.291931, 2593.249512> ... Lifespan: Set to 120 minutes.
[AirdropContainerFall] Loot Spawned [7] Mag_AKM_30Rnd @ <5012.992676, 11.273912, 2593.027588> ... Lifespan: Set to 120 minutes.
[AirdropContainerFall] Loot Spawned [8] AKM @ <5011.921875, 10.525212, 2588.968994> ... Lifespan: Set to 120 minutes.
[AirdropContainerFall] Loot Spawned [9] LandMineTrap @ <5012.780762, 10.716801, 2589.888428> ... Lifespan: Set to 120 minutes.
[AirdropContainerFall] Loot Spawned [10] FNX45 @ <5011.852051, 10.767222, 2590.357910> ... Lifespan: Set to 120 minutes.
[AirdropContainerFall] Loot Spawned [11] TacticalBaconCan @ <5012.922852, 10.943576, 2591.148926> ... Lifespan: Set to 120 minutes.
[AirdropContainerFall] Loot Spawned [12] MilitaryBoots_Redpunk @ <5013.496582, 11.073664, 2591.779297> ... Lifespan: Set to 120 minutes.
[AirdropContainerFall] Loot Spawned [13] AmmoBox_762x54_20Rnd @ <5010.676758, 10.855112, 2591.088623> ... Lifespan: Set to 120 minutes.
[AirdropContainerFall] Loot Spawned [14] CombatBoots_Grey @ <5012.779297, 11.212099, 2592.710449> ... Lifespan: Set to 120 minutes.
[AirdropContainerFall] Loot Spawned [15] MilitaryBoots_Redpunk @ <5011.883301, 11.268133, 2593.198975> ... Lifespan: Set to 120 minutes.
[AirdropContainerFall] Loot Spawned [16] Mag_AKM_30Rnd @ <5009.218262, 10.938987, 2592.426758> ... Lifespan: Set to 120 minutes.
[AirdropContainerFall] Loot Spawned [17] MilitaryBoots_Redpunk @ <5010.176758, 10.544440, 2589.422119> ... Lifespan: Set to 120 minutes.
[AirdropContainerFall] Loot Spawned [18] LargeTent @ <5013.679688, 11.135660, 2592.103027> ... Lifespan: Set to 120 minutes.
[AirdropContainerFall] Loot Spawned [19] AKM @ <5012.635254, 11.366096, 2593.625488> ... Lifespan: Set to 120 minutes.
[AirdropContainerFall] Loot Spawned [20] TacticalBaconCan @ <5012.150879, 11.233882, 2592.952148> ... Lifespan: Set to 120 minutes.
[AirdropContainerUnstuck] Container was unstuck.
[~AirdropContainerBase] Container Destroyed on 2021-01-31 @ 10-09-06
