[AirdropPlane] Aircraft created on 2021-02-07 @ 14-06-30
[InitializeAircraft] Aircraft Initialized: Krasnostav @ 12159/12583 (true)
[EOnBeforeDrop] The Aircraft is 1 Km from Krasnostav. @ <12923.022461, 201.739868, 11292.577148>
[EOnDrop] Zombie Spawned [1] ZmbM_PatrolNormal_Autumn @ <12174.532227, 140.500000, 12498.322266> ... Lifespan:  Set to 120 minutes.
[EOnDrop] Zombie Spawned [2] ZmbM_SoldierNormal @ <12234.222656, 140.500000, 12500.317383> ... Lifespan:  Set to 120 minutes.
[EOnDrop] Zombie Spawned [3] ZmbM_PatrolNormal_Flat @ <12199.219727, 140.500000, 12503.814453> ... Lifespan:  Set to 120 minutes.
[EOnDrop] Zombie Spawned [4] ZmbM_PatrolNormal_PautRev @ <12218.891602, 140.500000, 12519.908203> ... Lifespan:  Set to 120 minutes.
[EOnDrop] Zombie Spawned [5] ZmbM_PatrolNormal_Autumn @ <12215.194336, 140.500000, 12504.045898> ... Lifespan:  Set to 120 minutes.
[EOnDrop] Zombie Spawned [6] ZmbM_SoldierNormal @ <12171.737305, 140.500000, 12540.587891> ... Lifespan:  Set to 120 minutes.
[EOnDrop] Zombie Spawned [7] ZmbM_PatrolNormal_PautRev @ <12215.830078, 140.500000, 12528.315430> ... Lifespan:  Set to 120 minutes.
[EOnDrop] Zombie Spawned [8] ZmbM_PatrolNormal_Summer @ <12192.690430, 140.500000, 12500.590820> ... Lifespan:  Set to 120 minutes.
[EOnDrop] Zombie Spawned [9] ZmbM_PatrolNormal_Flat @ <12170.811523, 140.500000, 12530.956055> ... Lifespan:  Set to 120 minutes.
[EOnDrop] Zombie Spawned [10] ZmbM_PatrolNormal_Autumn @ <12175.581055, 140.500000, 12509.690430> ... Lifespan:  Set to 120 minutes.
[EOnDrop] Zombie Spawned [11] ZmbM_PatrolNormal_Flat @ <12161.972656, 140.500000, 12480.171875> ... Lifespan:  Set to 120 minutes.
[EOnDrop] Zombie Spawned [12] ZmbM_PatrolNormal_PautRev @ <12187.798828, 140.500000, 12510.239258> ... Lifespan:  Set to 120 minutes.
[EOnDrop] Zombie Spawned [13] ZmbM_PatrolNormal_PautRev @ <12216.883789, 140.500000, 12486.288086> ... Lifespan:  Set to 120 minutes.
[EOnDrop] Zombie Spawned [14] ZmbM_PatrolNormal_Autumn @ <12177.696289, 140.500000, 12474.250977> ... Lifespan:  Set to 120 minutes.
[EOnDrop] Zombie Spawned [15] ZmbM_PatrolNormal_Flat @ <12231.852539, 140.500000, 12495.203125> ... Lifespan:  Set to 120 minutes.
[EOnDrop] Drop spawned with 15 infected at <12203.174805, 275.891998, 12507.811523>.
[EOnDrop] Supplies have been dropped near Krasnostav.
[EOnBeforeDelete] Aircraft despawned @ <9920.707031, 427.790039, 16361.034180>
[~AirdropPlane] Aircraft destroyed.
