[AirdropPlane] Aircraft created on 2021-04-16 @ 02-23-28
[InitializeAircraft] Aircraft Initialized: Novy Sobor @ 7436/7720 (true)
[EOnBeforeDrop] The Aircraft is 1 Km from Novy Sobor. @ <6545.672363, 511.590607, 8925.528320>
[EOnDrop] Zombie Spawned [1] ZmbM_FarmerFat_Blue @ <7411.067383, 321.191589, 7797.311035> ... Lifespan:  Set to 120 minutes.
[EOnDrop] Zombie Spawned [2] ZmbM_HermitSkinny_Red @ <7397.060547, 318.720551, 7801.539063> ... Lifespan:  Set to 120 minutes.
[EOnDrop] Zombie Spawned [3] ZmbM_HikerSkinny_Yellow @ <7337.183594, 308.650391, 7798.119141> ... Lifespan:  Set to 120 minutes.
[EOnDrop] Zombie Spawned [4] ZmbM_priestPopSkinny @ <7403.766113, 322.035004, 7839.484863> ... Lifespan:  Set to 120 minutes.
[EOnDrop] Zombie Spawned [5] ZmbF_HikerSkinny_Red @ <7373.021484, 311.621979, 7788.738770> ... Lifespan:  Set to 120 minutes.
[EOnDrop] Zombie Spawned [6] ZmbF_HikerSkinny_Blue @ <7389.105469, 313.134460, 7760.499512> ... Lifespan:  Set to 120 minutes.
[EOnDrop] Zombie Spawned [7] ZmbF_VillagerOld_Red @ <7370.900879, 311.305908, 7788.098145> ... Lifespan:  Set to 120 minutes.
[EOnDrop] Zombie Spawned [8] ZmbF_HikerSkinny_Green @ <7383.726074, 313.109100, 7783.499023> ... Lifespan:  Set to 120 minutes.
[EOnDrop] Zombie Spawned [9] ZmbM_VillagerOld_White @ <7371.493164, 317.316223, 7843.960449> ... Lifespan:  Set to 120 minutes.
[EOnDrop] Zombie Spawned [10] ZmbM_HermitSkinny_Red @ <7350.837891, 308.870880, 7772.381836> ... Lifespan:  Set to 120 minutes.
[EOnDrop] Spawn failed for zombie [11] 'ZmbM_SurvivorDean_Blue', it does not exist in DayZ!
[EOnDrop] Zombie Spawned [12] ZmbM_priestPopSkinny @ <7349.866211, 309.630127, 7791.453125> ... Lifespan:  Set to 120 minutes.
[EOnDrop] Zombie Spawned [13] ZmbM_MotobikerFat_Beige @ <7380.356445, 315.786346, 7811.161133> ... Lifespan:  Set to 120 minutes.
[EOnDrop] Zombie Spawned [14] ZmbM_FarmerFat_Beige @ <7397.312500, 319.708313, 7814.416992> ... Lifespan:  Set to 120 minutes.
[EOnDrop] Zombie Spawned [15] ZmbM_HikerSkinny_Blue @ <7370.475586, 310.772186, 7773.073242> ... Lifespan:  Set to 120 minutes.
[EOnDrop] Zombie Spawned [16] ZmbF_SurvivorNormal_White @ <7374.377930, 313.758575, 7806.204590> ... Lifespan:  Set to 120 minutes.
[EOnDrop] Zombie Spawned [17] ZmbM_priestPopSkinny @ <7404.805176, 320.307281, 7801.694336> ... Lifespan:  Set to 120 minutes.
[EOnDrop] Zombie Spawned [18] ZmbM_FarmerFat_Green @ <7402.240234, 319.028229, 7792.869141> ... Lifespan:  Set to 120 minutes.
[EOnDrop] Zombie Spawned [19] ZmbF_SurvivorNormal_Blue @ <7389.481445, 314.292877, 7782.917969> ... Lifespan:  Set to 120 minutes.
[EOnDrop] Zombie Spawned [20] ZmbM_HunterOld_Spring @ <7383.775879, 318.168488, 7830.113770> ... Lifespan:  Set to 120 minutes.
[EOnDrop] Zombie Spawned [21] ZmbF_MilkMaidOld_Beige @ <7377.746094, 311.800110, 7779.167480> ... Lifespan:  Set to 120 minutes.
[EOnDrop] Zombie Spawned [22] ZmbM_FarmerFat_Brown @ <7385.143066, 316.795563, 7809.315430> ... Lifespan:  Set to 120 minutes.
[EOnDrop] Zombie Spawned [23] ZmbM_FarmerFat_Brown @ <7381.474609, 313.147919, 7789.073242> ... Lifespan:  Set to 120 minutes.
[EOnDrop] Zombie Spawned [24] ZmbM_HunterOld_Autumn @ <7385.171387, 316.904755, 7810.221191> ... Lifespan:  Set to 120 minutes.
[EOnDrop] Zombie Spawned [25] ZmbM_MotobikerFat_Beige @ <7378.906738, 311.161987, 7749.950684> ... Lifespan:  Set to 120 minutes.
[EOnDrop] Zombie Spawned [26] ZmbM_MotobikerFat_Beige @ <7378.695801, 312.459595, 7787.543457> ... Lifespan:  Set to 120 minutes.
[EOnDrop] Spawn failed for zombie [27] 'ZmbM_SurvivorDean_Black', it does not exist in DayZ!
[EOnDrop] Zombie Spawned [28] ZmbM_HunterOld_Spring @ <7358.680176, 314.522400, 7838.664063> ... Lifespan:  Set to 120 minutes.
[EOnDrop] Zombie Spawned [29] ZmbF_SurvivorNormal_Orange @ <7373.141113, 311.107056, 7777.717285> ... Lifespan:  Set to 120 minutes.
[EOnDrop] Zombie Spawned [30] ZmbF_MilkMaidOld_Black @ <7416.993164, 322.996399, 7820.513672> ... Lifespan:  Set to 120 minutes.
[EOnDrop] Zombie Spawned [31] ZmbF_VillagerOld_White @ <7371.405273, 312.013245, 7795.748047> ... Lifespan:  Set to 120 minutes.
[EOnDrop] Zombie Spawned [32] ZmbF_MilkMaidOld_Grey @ <7384.035156, 313.325104, 7785.371094> ... Lifespan:  Set to 120 minutes.
[EOnDrop] Zombie Spawned [33] ZmbF_SurvivorNormal_White @ <7395.348633, 319.887115, 7824.421387> ... Lifespan:  Set to 120 minutes.
[EOnDrop] Zombie Spawned [34] ZmbF_MilkMaidOld_Black @ <7396.694824, 315.808258, 7779.751953> ... Lifespan:  Set to 120 minutes.
[EOnDrop] Zombie Spawned [35] ZmbF_MilkMaidOld_Grey @ <7384.313477, 315.486267, 7801.323730> ... Lifespan:  Set to 120 minutes.
[EOnDrop] Drop spawned with 35 infected at <7379.957520, 458.147186, 7795.848633>.
[EOnDrop] Supplies have been dropped near Novy Sobor.
[EOnBeforeDelete] Aircraft despawned @ <13879.031250, 152.000610, -1001.231628>
[~AirdropPlane] Aircraft destroyed.
