[InitializeContainer] Container created on 2021-03-01 @ 14-46-47
[InitializeContainer] Winds: Vector <11.080745, 0.000000, 0.331607>, Speed 11.0857mps, Strength 0.1
[AirdropContainerFall] Drop Type 'Food/Medical', Container: 'AirdropContainer_Medical', Mode/Quantity/Iems: Random/20/11, Flare:  10%
[AirdropContainerFall] Loot Spawned [1] TunaCan @ <7495.768555, 328.799347, 7786.764160> ... Lifespan: Set to 120 minutes.
[AirdropContainerFall] Loot Spawned [2] BoxCerealCrunchin @ <7498.603516, 328.968903, 7782.891113> ... Lifespan: Set to 120 minutes.
[AirdropContainerFall] Loot Spawned [3] Canteen @ <7500.203125, 329.286713, 7787.045410> ... Lifespan: Set to 120 minutes.
[AirdropContainerFall] Loot Spawned [4] BoxCerealCrunchin @ <7498.317383, 329.073395, 7787.006348> ... Lifespan: Set to 120 minutes.
[AirdropContainerFall] Loot Spawned [5] PeachesCan @ <7498.388672, 328.931335, 7782.468262> ... Lifespan: Set to 120 minutes.
[AirdropContainerFall] Loot Spawned [6] Canteen @ <7498.271484, 328.935089, 7782.911133> ... Lifespan: Set to 120 minutes.
[AirdropContainerFall] Loot Spawned [7] ToxicCure @ <7497.282227, 328.895142, 7784.659668> ... Lifespan: Set to 120 minutes.
[AirdropContainerFall] Loot Spawned [8] TunaCan @ <7496.781738, 328.806091, 7783.632813> ... Lifespan: Set to 120 minutes.
[AirdropContainerFall] Loot Spawned [9] VitaminBottle @ <7496.545410, 328.785370, 7783.738770> ... Lifespan: Set to 120 minutes.
[AirdropContainerFall] Loot Spawned [10] Marmalade @ <7498.746094, 329.114868, 7786.833496> ... Lifespan: Set to 120 minutes.
[AirdropContainerFall] Loot Spawned [11] BakedBeansCan @ <7498.622070, 328.990356, 7783.433105> ... Lifespan: Set to 120 minutes.
[AirdropContainerFall] Loot Spawned [12] Marmalade @ <7497.153809, 328.876343, 7784.509277> ... Lifespan: Set to 120 minutes.
[AirdropContainerFall] Loot Spawned [13] TunaCan @ <7501.062500, 329.353302, 7785.826172> ... Lifespan: Set to 120 minutes.
[AirdropContainerFall] Loot Spawned [14] Marmalade @ <7496.751465, 328.910522, 7787.083496> ... Lifespan: Set to 120 minutes.
[AirdropContainerFall] Loot Spawned [15] Marmalade @ <7497.828125, 329.014709, 7786.805664> ... Lifespan: Set to 120 minutes.
[AirdropContainerFall] Loot Spawned [16] BoxCerealCrunchin @ <7497.985840, 329.017670, 7786.325195> ... Lifespan: Set to 120 minutes.
[AirdropContainerFall] Loot Spawned [17] SpaghettiCan @ <7497.873535, 329.015656, 7786.669922> ... Lifespan: Set to 120 minutes.
[AirdropContainerFall] Loot Spawned [18] TunaCan @ <7496.597656, 328.814911, 7784.408691> ... Lifespan: Set to 120 minutes.
[AirdropContainerFall] Loot Spawned [19] VitaminBottle @ <7500.117676, 329.239105, 7785.984863> ... Lifespan: Set to 120 minutes.
[AirdropContainerFall] Loot Spawned [20] ToxicCure @ <7499.588379, 329.223877, 7787.289063> ... Lifespan: Set to 120 minutes.
[AirdropContainerUnstuck] Container was unstuck.
[~AirdropContainerBase] Container Destroyed on 2021-03-01 @ 15-38-37
