[AirdropPlane] Aircraft created on 2021-04-04 @ 23-09-48
[InitializeAircraft] Aircraft Initialized: Player Called @ 5847.35/4902.5 (false)
[EOnBeforeDrop] The Aircraft is 1 Km from called location. @ <4978.267090, 322.308685, 3680.128662>
[EOnDrop] Zombie Spawned [1] ZmbM_SkaterYoung_Green @ <5822.790039, 131.021896, 4866.573242> ... Lifespan:  Set to 120 minutes.
[EOnDrop] Zombie Spawned [2] ZmbM_MotobikerFat_Blue @ <5783.446777, 125.642601, 4835.229004> ... Lifespan:  Set to 120 minutes.
[EOnDrop] Zombie Spawned [3] Animal_CanisLupus_White @ <5819.587402, 129.704773, 4849.987793> ... Lifespan:  Set to 120 minutes.
[EOnDrop] Zombie Spawned [4] ZmbM_MechanicSkinny_Blue @ <5821.803223, 131.079330, 4836.591797> ... Lifespan:  Set to 120 minutes.
[EOnDrop] Zombie Spawned [5] ZmbM_JoggerSkinny_Red @ <5809.775391, 128.114349, 4837.375977> ... Lifespan:  Set to 120 minutes.
[EOnDrop] Zombie Spawned [6] ZmbF_ParamedicNormal_Green @ <5778.573730, 128.048706, 4841.459961> ... Lifespan:  Set to 120 minutes.
[EOnDrop] Zombie Spawned [7] ZmbM_OffshoreWorker_Orange @ <5818.831543, 130.480515, 4830.598633> ... Lifespan:  Set to 120 minutes.
[EOnDrop] Zombie Spawned [8] ZmbM_MechanicSkinny_Green @ <5797.065430, 126.293777, 4830.065430> ... Lifespan:  Set to 120 minutes.
[EOnDrop] Zombie Spawned [9] Animal_CanisLupus_White @ <5815.686523, 127.970299, 4859.794434> ... Lifespan:  Set to 120 minutes.
[EOnDrop] Zombie Spawned [10] ZmbM_HermitSkinny_Green @ <5787.909180, 125.006729, 4835.886230> ... Lifespan:  Set to 120 minutes.
[EOnDrop] Zombie Spawned [11] ZmbM_PatrolNormal_Autumn @ <5777.289551, 125.448257, 4811.881348> ... Lifespan:  Set to 120 minutes.
[EOnDrop] Zombie Spawned [12] ZmbF_BlueCollarFat_White @ <5827.712891, 131.700363, 4822.055664> ... Lifespan:  Set to 120 minutes.
[EOnDrop] Zombie Spawned [13] ZmbM_PatrolNormal_Autumn @ <5795.647461, 125.099480, 4835.742676> ... Lifespan:  Set to 120 minutes.
[EOnDrop] Zombie Spawned [14] ZmbM_SoldierNormal @ <5804.900879, 125.671227, 4841.617676> ... Lifespan:  Set to 120 minutes.
[EOnDrop] Zombie Spawned [15] ZmbM_ConstrWorkerNormal_Black @ <5754.069336, 131.486923, 4848.315430> ... Lifespan:  Set to 120 minutes.
[EOnDrop] Zombie Spawned [16] ZmbM_PatrolNormal_Flat @ <5818.818359, 132.731140, 4882.654297> ... Lifespan:  Set to 120 minutes.
[EOnDrop] Zombie Spawned [17] ZmbM_JoggerSkinny_Red @ <5798.335449, 137.782959, 4874.597656> ... Lifespan:  Set to 120 minutes.
[EOnDrop] Zombie Spawned [18] Animal_CanisLupus_Grey @ <5848.161621, 133.914230, 4827.165039> ... Lifespan:  Set to 120 minutes.
[EOnDrop] Zombie Spawned [19] ZmbM_PatrolNormal_Summer @ <5816.168457, 127.756172, 4852.632324> ... Lifespan:  Set to 120 minutes.
[EOnDrop] Zombie Spawned [20] ZmbM_Jacket_bluechecks @ <5816.070801, 129.709610, 4835.663574> ... Lifespan:  Set to 120 minutes.
[EOnDrop] Zombie Spawned [21] Animal_CanisLupus_White @ <5797.165039, 129.486313, 4856.864746> ... Lifespan:  Set to 120 minutes.
[EOnDrop] Zombie Spawned [22] Animal_CanisLupus_White @ <5797.063965, 127.747894, 4813.435547> ... Lifespan:  Set to 120 minutes.
[EOnDrop] Zombie Spawned [23] Animal_CanisLupus_White @ <5811.609375, 127.562332, 4845.538086> ... Lifespan:  Set to 120 minutes.
[EOnDrop] Zombie Spawned [24] ZmbM_CitizenASkinny_Blue @ <5808.873047, 126.340149, 4847.198730> ... Lifespan:  Set to 120 minutes.
[EOnDrop] Zombie Spawned [25] ZmbM_PatrolNormal_PautRev @ <5845.577148, 132.163055, 4845.489746> ... Lifespan:  Set to 120 minutes.
[EOnDrop] Zombie Spawned [26] ZmbM_Jacket_khaki @ <5830.858398, 132.673996, 4803.915039> ... Lifespan:  Set to 120 minutes.
[EOnDrop] Zombie Spawned [27] ZmbM_PatrolNormal_Summer @ <5835.151855, 133.376129, 4802.820801> ... Lifespan:  Set to 120 minutes.
[EOnDrop] Zombie Spawned [28] Animal_CanisLupus_Grey @ <5763.986816, 124.399986, 4810.235352> ... Lifespan:  Set to 120 minutes.
[EOnDrop] Zombie Spawned [29] ZmbM_HeavyIndustryWorker @ <5805.926270, 136.904495, 4879.266602> ... Lifespan:  Set to 120 minutes.
[EOnDrop] Zombie Spawned [30] Animal_CanisLupus_White @ <5789.161621, 132.408615, 4858.774414> ... Lifespan:  Set to 120 minutes.
[EOnDrop] Zombie Spawned [31] ZmbM_Jacket_stripes @ <5788.397461, 127.187584, 4800.242676> ... Lifespan:  Set to 120 minutes.
[EOnDrop] Zombie Spawned [32] ZmbM_OffshoreWorker_Green @ <5806.506348, 127.987534, 4815.128418> ... Lifespan:  Set to 120 minutes.
[EOnDrop] Zombie Spawned [33] Animal_CanisLupus_White @ <5804.411621, 127.967300, 4829.532715> ... Lifespan:  Set to 120 minutes.
[EOnDrop] Zombie Spawned [34] ZmbM_HermitSkinny_Beige @ <5830.018066, 132.681870, 4832.732422> ... Lifespan:  Set to 120 minutes.
[EOnDrop] Zombie Spawned [35] ZmbM_priestPopSkinny @ <5804.362305, 124.854248, 4848.159668> ... Lifespan:  Set to 120 minutes.
[EOnDrop] Zombie Spawned [36] ZmbM_ConstrWorkerNormal_Black @ <5802.881348, 128.349030, 4808.257813> ... Lifespan:  Set to 120 minutes.
[EOnDrop] Zombie Spawned [37] ZmbM_PatrolNormal_Summer @ <5815.830078, 133.169266, 4876.982910> ... Lifespan:  Set to 120 minutes.
[EOnDrop] Zombie Spawned [38] Animal_CanisLupus_Grey @ <5775.108887, 137.801132, 4861.980469> ... Lifespan:  Set to 120 minutes.
[EOnDrop] Zombie Spawned [39] ZmbM_FarmerFat_Beige @ <5808.010742, 133.213943, 4869.079102> ... Lifespan:  Set to 120 minutes.
[EOnDrop] Zombie Spawned [40] ZmbF_JoggerSkinny_Brown @ <5774.182129, 128.228973, 4840.902344> ... Lifespan:  Set to 120 minutes.
[EOnDrop] Drop spawned with 40 infected at <5801.235840, 274.673065, 4837.251465>.
[EOnDrop] Supplies have been dropped near the player's location.
[EOnBeforeDelete] Aircraft despawned @ <13996.259766, 277.369537, 16360.385742>
[~AirdropPlane] Aircraft destroyed.
