[InitializeContainer] Container created on 2021-02-02 @ 20-08-15
[InitializeContainer] Winds: Vector <7.653733, 0.000000, -5.245527>, Speed 9.27875mps, Strength 0.1
[AirdropContainerFall] Drop Type 'Military Weapons', Container: 'AirdropContainer_Military', Mode/Quantity/Iems: Random/20/18, Flare:  10%
[AirdropContainerFall] Loot Spawned [1] Izh18 @ <11544.747070, 109.857735, 8875.155273> ... Lifespan: Set to 120 minutes.
[AirdropContainerFall] Loot Spawned [2] AmmoBox_762x54_20Rnd @ <11544.785156, 110.155487, 8872.896484> ... Lifespan: Set to 120 minutes.
[AirdropContainerFall] Loot Spawned [3] Izh18 @ <11543.342773, 110.132736, 8874.851563> ... Lifespan: Set to 120 minutes.
[AirdropContainerFall] Loot Spawned [4] CombatBoots_Grey @ <11543.164063, 110.509491, 8872.277344> ... Lifespan: Set to 120 minutes.
[AirdropContainerFall] Spawn failed for item [5] 'PlateCarrierComplete', does not exist in DayZ!
[AirdropContainerFall] Loot Spawned [6] Izh18 @ <11545.141602, 109.990715, 8873.679688> ... Lifespan: Set to 120 minutes.
[AirdropContainerFall] Loot Spawned [7] Izh18 @ <11544.772461, 110.180183, 8872.729492> ... Lifespan: Set to 120 minutes.
[AirdropContainerFall] Loot Spawned [8] Izh18 @ <11545.985352, 109.997360, 8872.585938> ... Lifespan: Set to 120 minutes.
[AirdropContainerFall] Loot Spawned [9] AmmoBox_762x39_20Rnd @ <11542.119141, 110.600029, 8872.917969> ... Lifespan: Set to 120 minutes.
[AirdropContainerFall] Spawn failed for item [10] 'PlateCarrierComplete', does not exist in DayZ!
[AirdropContainerFall] Loot Spawned [11] Mosin_Compensator @ <11544.238281, 110.360634, 8872.055664> ... Lifespan: Set to 120 minutes.
[AirdropContainerFall] Loot Spawned [12] Mag_AKM_30Rnd @ <11541.447266, 110.921890, 8871.601563> ... Lifespan: Set to 120 minutes.
[AirdropContainerFall] Loot Spawned [13] LandMineTrap @ <11544.297852, 110.021919, 8874.492188> ... Lifespan: Set to 120 minutes.
[AirdropContainerFall] Loot Spawned [14] CombatBoots_Grey @ <11545.098633, 110.303238, 8871.422852> ... Lifespan: Set to 120 minutes.
[AirdropContainerFall] Spawn failed for item [15] 'PlateCarrierComplete', does not exist in DayZ!
[AirdropContainerFall] Loot Spawned [16] M4A1 @ <11544.571289, 109.877907, 8875.223633> ... Lifespan: Set to 120 minutes.
[AirdropContainerFall] Loot Spawned [17] Mag_STANAG_30Rnd @ <11544.338867, 110.063751, 8874.130859> ... Lifespan: Set to 120 minutes.
[AirdropContainerFall] Loot Spawned [18] LandMineTrap @ <11545.973633, 109.767929, 8874.303711> ... Lifespan: Set to 120 minutes.
[AirdropContainerFall] Loot Spawned [19] MilitaryBoots_Redpunk @ <11544.658203, 110.101364, 8873.456055> ... Lifespan: Set to 120 minutes.
[AirdropContainerFall] Loot Spawned [20] FNX45 @ <11543.855469, 109.971710, 8875.413086> ... Lifespan: Set to 120 minutes.
[AirdropContainerUnstuck] Container was unstuck.
[~AirdropContainerBase] Container Destroyed on 2021-02-02 @ 21-08-36
