[AirdropPlane] Aircraft created on 2021-02-01 @ 22-06-06
[InitializeAircraft] Aircraft Initialized: Balota @ 5043/2505 (true)
[EOnBeforeDrop] The Aircraft is 1 Km from Balota. @ <6386.652344, 152.000610, 1839.603882>
[EOnDrop] Zombie Spawned [1] ZmbM_PatrolNormal_PautRev @ <5134.076172, 11.816579, 2514.358887> ... Lifespan:  Set to 120 minutes.
[EOnDrop] Zombie Spawned [2] ZmbM_PatrolNormal_Summer @ <5077.271973, 8.885383, 2502.190430> ... Lifespan:  Set to 120 minutes.
[EOnDrop] Zombie Spawned [3] ZmbM_SoldierNormal @ <5065.982910, 9.260114, 2475.062988> ... Lifespan:  Set to 120 minutes.
[EOnDrop] Zombie Spawned [4] ZmbM_PatrolNormal_Summer @ <5133.931641, 12.528383, 2447.051025> ... Lifespan:  Set to 120 minutes.
[EOnDrop] Zombie Spawned [5] ZmbM_PatrolNormal_Summer @ <5118.688477, 8.711094, 2497.201172> ... Lifespan:  Set to 120 minutes.
[EOnDrop] Zombie Spawned [6] ZmbM_PatrolNormal_Summer @ <5108.903809, 10.050266, 2466.019043> ... Lifespan:  Set to 120 minutes.
[EOnDrop] Zombie Spawned [7] ZmbM_PatrolNormal_Autumn @ <5121.050293, 9.125840, 2491.568848> ... Lifespan:  Set to 120 minutes.
[EOnDrop] Zombie Spawned [8] ZmbM_PatrolNormal_PautRev @ <5105.996094, 8.138865, 2494.135254> ... Lifespan:  Set to 120 minutes.
[EOnDrop] Zombie Spawned [9] ZmbM_SoldierNormal @ <5097.667480, 9.576136, 2473.303223> ... Lifespan:  Set to 120 minutes.
[EOnDrop] Zombie Spawned [10] ZmbM_PatrolNormal_Flat @ <5138.699707, 11.762637, 2504.422119> ... Lifespan:  Set to 120 minutes.
[EOnDrop] Zombie Spawned [11] ZmbM_PatrolNormal_Summer @ <5116.792480, 10.888125, 2456.702148> ... Lifespan:  Set to 120 minutes.
[EOnDrop] Zombie Spawned [12] ZmbM_PatrolNormal_Summer @ <5074.602539, 8.829483, 2489.500488> ... Lifespan:  Set to 120 minutes.
[EOnDrop] Zombie Spawned [13] ZmbM_SoldierNormal @ <5110.610840, 9.342560, 2478.501221> ... Lifespan:  Set to 120 minutes.
[EOnDrop] Zombie Spawned [14] ZmbM_PatrolNormal_PautRev @ <5107.143555, 9.982431, 2465.664307> ... Lifespan:  Set to 120 minutes.
[EOnDrop] Zombie Spawned [15] ZmbM_PatrolNormal_PautRev @ <5063.293457, 9.778470, 2465.538086> ... Lifespan:  Set to 120 minutes.
[EOnDrop] Drop spawned with 15 infected at <5107.550781, 157.723328, 2473.343750>.
[EOnDrop] Supplies have been dropped near Balota.
[EOnBeforeDelete] Aircraft despawned @ <-1001.585876, 359.982788, 5500.021484>
[~AirdropPlane] Aircraft destroyed.
