[InitializeContainer] Container created on 2021-03-17 @ 03-54-10
[InitializeContainer] Winds: Vector <-2.148755, 0.000000, -0.113945>, Speed 2.15177mps, Strength 0.1
[AirdropContainerFall] Drop Type 'Military Weapons', Container: 'AirdropContainer_Military', Mode/Quantity/Iems: Random/20/18, Flare:  10%
[AirdropContainerFall] Loot Spawned [1] TWP_USPPsychodelic @ <5744.579590, 319.980286, 7739.734863> ... Lifespan: Set to 120 minutes.
[AirdropContainerFall] Loot Spawned [2] TWP_USPPsychodelic @ <5742.970215, 319.925018, 7742.035156> ... Lifespan: Set to 120 minutes.
[AirdropContainerFall] Loot Spawned [3] TWP_P8 @ <5745.155762, 319.974457, 7742.278809> ... Lifespan: Set to 120 minutes.
[AirdropContainerFall] Loot Spawned [4] Mag_AKM_30Rnd @ <5743.923340, 319.965240, 7739.190918> ... Lifespan: Set to 120 minutes.
[AirdropContainerFall] Loot Spawned [5] TWP_RemingtonMSR @ <5745.895020, 319.989105, 7742.052246> ... Lifespan: Set to 120 minutes.
[AirdropContainerFall] Loot Spawned [6] TWP_ArexZero @ <5746.628906, 320.019501, 7739.684082> ... Lifespan: Set to 120 minutes.
[AirdropContainerFall] Loot Spawned [7] FNX45 @ <5746.154297, 320.011230, 7739.705566> ... Lifespan: Set to 120 minutes.
[AirdropContainerFall] Spawn failed for item [8] 'WP_ArexZero_mag_18Rnd', does not exist in DayZ!
[AirdropContainerFall] Loot Spawned [9] Mag_STANAG_30Rnd @ <5744.694824, 319.956787, 7743.232910> ... Lifespan: Set to 120 minutes.
[AirdropContainerFall] Loot Spawned [10] TWP_ArexZero @ <5745.999512, 320.011536, 7738.827637> ... Lifespan: Set to 120 minutes.
[AirdropContainerFall] Loot Spawned [11] TWP_ArexZero @ <5743.872559, 319.959778, 7740.395020> ... Lifespan: Set to 120 minutes.
[AirdropContainerFall] Loot Spawned [12] TWP_USPPsychodelic @ <5746.059082, 320.013550, 7738.211426> ... Lifespan: Set to 120 minutes.
[AirdropContainerFall] Loot Spawned [13] Mag_STANAG_30Rnd @ <5742.521484, 319.910950, 7742.446289> ... Lifespan: Set to 120 minutes.
[AirdropContainerFall] Loot Spawned [14] TWP_RemingtonMSR @ <5742.405762, 319.924927, 7740.349121> ... Lifespan: Set to 120 minutes.
[AirdropContainerFall] Loot Spawned [15] TWP_RemingtonMSR @ <5745.042480, 319.967010, 7742.963867> ... Lifespan: Set to 120 minutes.
[AirdropContainerFall] Loot Spawned [16] TWP_P8 @ <5743.385254, 319.925507, 7743.215332> ... Lifespan: Set to 120 minutes.
[AirdropContainerFall] Loot Spawned [17] AKM @ <5745.676758, 320.002014, 7739.939941> ... Lifespan: Set to 120 minutes.
[AirdropContainerFall] Spawn failed for item [18] 'TWP_P90Shallow_Grave_mag_50Rn', does not exist in DayZ!
[AirdropContainerFall] Loot Spawned [19] M4A1 @ <5746.047852, 319.998383, 7741.221680> ... Lifespan: Set to 120 minutes.
[AirdropContainerFall] Loot Spawned [20] AmmoBox_762x39_20Rnd @ <5746.407227, 320.014221, 7740.022949> ... Lifespan: Set to 120 minutes.
[AirdropContainerUnstuck] Container was unstuck.
[~AirdropContainerBase] Container Destroyed on 2021-03-17 @ 04-00-54
