[AirdropPlane] Aircraft created on 2021-03-25 @ 03-49-02
[InitializeAircraft] Aircraft Initialized: Player Called @ 1382.73/9260.79 (false)
[EOnBeforeDrop] The Aircraft is 1 Km from called location. @ <897.970764, 526.247925, 10678.425781>
[EOnDrop] Spawn failed for zombie [1] 'ZmbM_SurvivorDean_Grey', does not exist in DayZ!
[EOnDrop] Zombie Spawned [2] ZmbM_Jacket_greenchecks @ <1365.010132, 284.763519, 9329.884766> ... Lifespan:  Set to 120 minutes.
[EOnDrop] Zombie Spawned [3] ZmbM_SoldierNormal @ <1330.918823, 280.380768, 9300.267578> ... Lifespan:  Set to 120 minutes.
[EOnDrop] Zombie Spawned [4] ZmbM_PatrolNormal_Autumn @ <1348.977051, 282.678925, 9332.700195> ... Lifespan:  Set to 120 minutes.
[EOnDrop] Zombie Spawned [5] ZmbM_SoldierNormal @ <1342.692383, 270.070557, 9352.790039> ... Lifespan:  Set to 120 minutes.
[EOnDrop] Zombie Spawned [6] ZmbM_PatrolNormal_Summer @ <1312.339111, 264.566010, 9328.942383> ... Lifespan:  Set to 120 minutes.
[EOnDrop] Zombie Spawned [7] ZmbM_OffshoreWorker_Red @ <1352.592651, 289.415619, 9325.262695> ... Lifespan:  Set to 120 minutes.
[EOnDrop] Zombie Spawned [8] Animal_CanisLupus_Grey @ <1360.542236, 253.277802, 9374.725586> ... Lifespan:  Set to 120 minutes.
[EOnDrop] Zombie Spawned [9] ZmbM_PatrolNormal_Flat @ <1369.868408, 292.083435, 9321.835938> ... Lifespan:  Set to 120 minutes.
[EOnDrop] Zombie Spawned [10] ZmbM_ConstrWorkerNormal_Black @ <1347.328857, 272.585632, 9347.958984> ... Lifespan:  Set to 120 minutes.
[EOnDrop] Zombie Spawned [11] ZmbF_PatientOld @ <1347.825684, 272.469299, 9348.219727> ... Lifespan:  Set to 120 minutes.
[EOnDrop] Zombie Spawned [12] ZmbM_PatrolNormal_Autumn @ <1342.063965, 274.666321, 9344.298828> ... Lifespan:  Set to 120 minutes.
[EOnDrop] Zombie Spawned [13] Animal_CanisLupus_Grey @ <1376.497803, 261.010529, 9371.228516> ... Lifespan:  Set to 120 minutes.
[EOnDrop] Zombie Spawned [14] ZmbM_JournalistSkinny @ <1367.136597, 290.717255, 9323.860352> ... Lifespan:  Set to 120 minutes.
[EOnDrop] Zombie Spawned [15] ZmbF_SkaterYoung_Striped @ <1336.746704, 285.005524, 9324.812500> ... Lifespan:  Set to 120 minutes.
[EOnDrop] Zombie Spawned [16] ZmbM_PatrolNormal_Autumn @ <1371.766724, 292.449432, 9317.071289> ... Lifespan:  Set to 120 minutes.
[EOnDrop] Zombie Spawned [17] ZmbM_PatientSkinny @ <1365.645142, 277.315552, 9339.471680> ... Lifespan:  Set to 120 minutes.
[EOnDrop] Zombie Spawned [18] ZmbM_HunterOld_Winter @ <1377.096436, 292.402893, 9320.705078> ... Lifespan:  Set to 120 minutes.
[EOnDrop] Zombie Spawned [19] ZmbF_MechanicNormal_Orange @ <1350.877930, 292.038910, 9299.594727> ... Lifespan:  Set to 120 minutes.
[EOnDrop] Zombie Spawned [20] ZmbM_PatrolNormal_Flat @ <1377.239502, 292.357483, 9308.491211> ... Lifespan:  Set to 120 minutes.
[EOnDrop] Zombie Spawned [21] ZmbM_PatrolNormal_PautRev @ <1360.297363, 262.063171, 9363.038086> ... Lifespan:  Set to 120 minutes.
[EOnDrop] Zombie Spawned [22] ZmbM_PatrolNormal_Flat @ <1364.192871, 292.486938, 9301.530273> ... Lifespan:  Set to 120 minutes.
[EOnDrop] Zombie Spawned [23] Animal_CanisLupus_White @ <1377.572876, 292.357300, 9304.250977> ... Lifespan:  Set to 120 minutes.
[EOnDrop] Zombie Spawned [24] Animal_CanisLupus_White @ <1367.902344, 253.533020, 9374.921875> ... Lifespan:  Set to 120 minutes.
[EOnDrop] Zombie Spawned [25] Animal_CanisLupus_Grey @ <1345.146118, 282.947510, 9330.583984> ... Lifespan:  Set to 120 minutes.
[EOnDrop] Zombie Spawned [26] Animal_CanisLupus_Grey @ <1333.399170, 283.170776, 9300.476563> ... Lifespan:  Set to 120 minutes.
[EOnDrop] Zombie Spawned [27] ZmbM_FishermanOld_Red @ <1351.187988, 288.220398, 9326.509766> ... Lifespan:  Set to 120 minutes.
[EOnDrop] Zombie Spawned [28] Animal_CanisLupus_White @ <1382.703735, 299.531158, 9292.864258> ... Lifespan:  Set to 120 minutes.
[EOnDrop] Zombie Spawned [29] ZmbM_MechanicSkinny_Green @ <1355.012695, 281.682495, 9335.209961> ... Lifespan:  Set to 120 minutes.
[EOnDrop] Zombie Spawned [30] ZmbF_HikerSkinny_Blue @ <1401.081177, 274.160675, 9346.310547> ... Lifespan:  Set to 120 minutes.
[EOnDrop] Zombie Spawned [31] ZmbM_SoldierNormal @ <1371.115845, 292.083221, 9321.617188> ... Lifespan:  Set to 120 minutes.
[EOnDrop] Zombie Spawned [32] Animal_CanisLupus_Grey @ <1368.464966, 292.300537, 9319.458008> ... Lifespan:  Set to 120 minutes.
[EOnDrop] Zombie Spawned [33] ZmbM_MechanicSkinny_Red @ <1319.748901, 257.740814, 9357.688477> ... Lifespan:  Set to 120 minutes.
[EOnDrop] Zombie Spawned [34] ZmbM_MechanicSkinny_Grey @ <1326.412598, 281.449829, 9314.866211> ... Lifespan:  Set to 120 minutes.
[EOnDrop] Zombie Spawned [35] ZmbM_PatrolNormal_PautRev @ <1385.791504, 278.585327, 9346.109375> ... Lifespan:  Set to 120 minutes.
[EOnDrop] Zombie Spawned [36] ZmbF_MechanicNormal_Beige @ <1348.208008, 291.668579, 9321.040039> ... Lifespan:  Set to 120 minutes.
[EOnDrop] Zombie Spawned [37] Animal_CanisLupus_White @ <1372.885498, 265.164429, 9358.346680> ... Lifespan:  Set to 120 minutes.
[EOnDrop] Zombie Spawned [38] ZmbM_PatrolNormal_Summer @ <1346.964844, 291.393677, 9316.039063> ... Lifespan:  Set to 120 minutes.
[EOnDrop] Zombie Spawned [39] ZmbM_Jacket_stripes @ <1310.970947, 256.130524, 9337.219727> ... Lifespan:  Set to 120 minutes.
[EOnDrop] Zombie Spawned [40] ZmbM_FishermanOld_Green @ <1395.373169, 278.279755, 9346.821289> ... Lifespan:  Set to 120 minutes.
[EOnDrop] Drop spawned with 40 infected at <1358.758057, 393.665558, 9331.431641>.
[EOnDrop] Supplies have been dropped near the player's location.
[EOnBeforeDelete] Aircraft despawned @ <4893.183105, 152.000610, -1001.493225>
[~AirdropPlane] Aircraft destroyed.
