[AirdropPlane] Aircraft created on 2021-01-26 @ 00-03-48
[InitializeAircraft] Aircraft Initialized: Elektrozavodsk @ 9371/2229 (true)
[EOnBeforeDrop] The Aircraft is 1 Km from Elektrozavodsk. @ <8019.093750, 156.237549, 2878.808105>
[EOnDrop] Zombie Spawned [1] ZmbF_SkaterYoung_Striped @ <9300.778320, 39.028183, 2249.761963> ... Lifespan:  Set to 120 minutes.
[EOnDrop] Zombie Spawned [2] ZmbF_SkaterYoung_Striped @ <9331.267578, 41.751175, 2259.795898> ... Lifespan:  Set to 120 minutes.
[EOnDrop] Zombie Spawned [3] ZmbM_Jacket_magenta @ <9293.401367, 38.667206, 2249.554199> ... Lifespan:  Set to 120 minutes.
[EOnDrop] Zombie Spawned [4] ZmbM_ParamedicNormal_Black @ <9310.897461, 41.624912, 2262.530029> ... Lifespan:  Set to 120 minutes.
[EOnDrop] Zombie Spawned [5] ZmbM_JoggerSkinny_Blue @ <9275.549805, 42.186142, 2276.643066> ... Lifespan:  Set to 120 minutes.
[EOnDrop] Zombie Spawned [6] ZmbM_Jacket_black @ <9282.375000, 34.960606, 2232.702148> ... Lifespan:  Set to 120 minutes.
[EOnDrop] Zombie Spawned [7] ZmbF_Clerk_Normal_White @ <9283.398438, 42.265781, 2274.190918> ... Lifespan:  Set to 120 minutes.
[EOnDrop] Zombie Spawned [8] ZmbM_CitizenASkinny_Grey @ <9264.399414, 45.165611, 2294.583496> ... Lifespan:  Set to 120 minutes.
[EOnDrop] Zombie Spawned [9] ZmbF_Clerk_Normal_Red @ <9285.048828, 47.957298, 2300.853027> ... Lifespan:  Set to 120 minutes.
[EOnDrop] Zombie Spawned [10] ZmbM_CommercialPilotOld_Brown @ <9312.708008, 44.871117, 2281.851807> ... Lifespan:  Set to 120 minutes.
[EOnDrop] Zombie Spawned [11] ZmbM_PatientSkinny @ <9266.935547, 42.155968, 2279.639648> ... Lifespan:  Set to 120 minutes.
[EOnDrop] Spawn failed for zombie [12] 'ZmbM_JacketNormal_greenchecks', it does not exist in DayZ!
[EOnDrop] Zombie Spawned [13] ZmbM_ParamedicNormal_Red @ <9277.591797, 44.673531, 2288.224609> ... Lifespan:  Set to 120 minutes.
[EOnDrop] Zombie Spawned [14] ZmbM_CitizenBFat_Red @ <9276.256836, 37.417545, 2248.226807> ... Lifespan:  Set to 120 minutes.
[EOnDrop] Zombie Spawned [15] ZmbM_PatrolNormal_Summer @ <9306.459961, 40.656044, 2258.177979> ... Lifespan:  Set to 120 minutes.
[EOnDrop] Zombie Spawned [16] ZmbF_ParamedicNormal_Red @ <9303.035156, 49.234356, 2303.681641> ... Lifespan:  Set to 120 minutes.
[EOnDrop] Zombie Spawned [17] ZmbF_CitizenBSkinny @ <9289.249023, 40.713051, 2263.415527> ... Lifespan:  Set to 120 minutes.
[EOnDrop] Zombie Spawned [18] ZmbM_ParamedicNormal_Red @ <9268.583008, 45.007366, 2292.584229> ... Lifespan:  Set to 120 minutes.
[EOnDrop] Zombie Spawned [19] ZmbF_ParamedicNormal_Green @ <9317.404297, 36.400784, 2231.499512> ... Lifespan:  Set to 120 minutes.
[EOnDrop] Zombie Spawned [20] ZmbM_PatrolNormal_Summer @ <9270.975586, 43.966244, 2287.051758> ... Lifespan:  Set to 120 minutes.
[EOnDrop] Drop spawned with 20 infected at <9300.926758, 182.999039, 2263.261963>.
[EOnDrop] Supplies have been dropped near Elektrozavodsk.
[EOnBeforeDelete] Aircraft despawned @ <16097.946289, 152.000610, -1000.309326>
[~AirdropPlane] Aircraft destroyed.
