[InitializeContainer] Container created on 2021-04-01 @ 00-08-40
[InitializeContainer] Winds: Vector <9.503953, 0.000000, 9.155466>, Speed 13.1965mps, Strength 0.1
[AirdropContainerFall] Drop Type 'Military Weapons', Container: 'AirdropContainer', Mode/Quantity/Iems: Random/30/14, Flare:  10%
[AirdropContainerFall] Loot Spawned [1] TWP_BerettaPX4_mag_17Rnd @ <7495.409180, 322.674011, 7670.944336> ... Lifespan: Set to 120 minutes.
[AirdropContainerFall] Loot Spawned [2] TWP_BerettaPX4_mag_17Rnd @ <7493.581543, 322.336395, 7669.233398> ... Lifespan: Set to 120 minutes.
[AirdropContainerFall] Loot Spawned [3] TWP_BerettaPX4_mag_17Rnd @ <7493.000977, 322.220886, 7668.628418> ... Lifespan: Set to 120 minutes.
[AirdropContainerFall] Loot Spawned [4] TTC_Buttstock3 @ <7494.923340, 322.585846, 7670.424316> ... Lifespan: Set to 120 minutes.
[AirdropContainerFall] Loot Spawned [5] TTC_Buttstock3 @ <7492.514648, 322.158966, 7668.632813> ... Lifespan: Set to 120 minutes.
[AirdropContainerFall] Loot Spawned [6] TWP_BerettaPX4_mag_17Rnd @ <7497.004395, 322.692810, 7668.037598> ... Lifespan: Set to 120 minutes.
[AirdropContainerFall] Loot Spawned [7] TTC_R700 @ <7497.304688, 322.699860, 7667.570313> ... Lifespan: Set to 120 minutes.
[AirdropContainerFall] Loot Spawned [8] TWP_BerettaPX4 @ <7496.363281, 322.688232, 7669.257324> ... Lifespan: Set to 120 minutes.
[AirdropContainerFall] Loot Spawned [9] TWP_BerettaPX4 @ <7492.964355, 322.344513, 7670.515137> ... Lifespan: Set to 120 minutes.
[AirdropContainerFall] Loot Spawned [10] BakedBeansCan @ <7494.305176, 322.376678, 7668.463867> ... Lifespan: Set to 120 minutes.
[AirdropContainerFall] Loot Spawned [11] AKM @ <7494.915527, 322.579895, 7670.337891> ... Lifespan: Set to 120 minutes.
[AirdropContainerFall] Loot Spawned [12] TTC_Ammo_50Beo @ <7495.573242, 322.449829, 7667.153320> ... Lifespan: Set to 120 minutes.
[AirdropContainerFall] Loot Spawned [13] Vodka @ <7496.395020, 322.662628, 7668.755859> ... Lifespan: Set to 120 minutes.
[AirdropContainerFall] Loot Spawned [14] TTC_Ammo_50Beo @ <7493.800293, 322.205841, 7666.902344> ... Lifespan: Set to 120 minutes.
[AirdropContainerFall] Loot Spawned [15] AKM @ <7497.566406, 322.859741, 7669.746094> ... Lifespan: Set to 120 minutes.
[AirdropContainerFall] Loot Spawned [16] TTC_50Beo_mag @ <7497.213379, 322.633942, 7666.772949> ... Lifespan: Set to 120 minutes.
[AirdropContainerFall] Loot Spawned [17] BakedBeansCan @ <7497.676758, 322.831451, 7669.040527> ... Lifespan: Set to 120 minutes.
[AirdropContainerFall] Loot Spawned [18] TTC_Buttstock3 @ <7494.311523, 322.305237, 7667.401367> ... Lifespan: Set to 120 minutes.
[AirdropContainerFall] Loot Spawned [19] TWP_BerettaPX4_mag_17Rnd @ <7495.340332, 322.446259, 7667.538574> ... Lifespan: Set to 120 minutes.
[AirdropContainerFall] Loot Spawned [20] PowderedMilk @ <7492.519043, 322.101929, 7667.786133> ... Lifespan: Set to 120 minutes.
[AirdropContainerFall] Loot Spawned [21] TWP_BerettaPX4_mag_17Rnd @ <7494.709961, 322.510864, 7669.675293> ... Lifespan: Set to 120 minutes.
[AirdropContainerFall] Loot Spawned [22] TTC_R700 @ <7493.185547, 322.348267, 7670.154297> ... Lifespan: Set to 120 minutes.
[AirdropContainerFall] Loot Spawned [23] TWP_BerettaPX4_mag_17Rnd @ <7494.667969, 322.316895, 7666.901855> ... Lifespan: Set to 120 minutes.
[AirdropContainerFall] Loot Spawned [24] Mag_AKM_30Rnd @ <7494.765137, 322.396179, 7667.885254> ... Lifespan: Set to 120 minutes.
[AirdropContainerFall] Loot Spawned [25] TTC_AmmoBox_50Beo_20rnd @ <7494.633301, 322.286987, 7666.527832> ... Lifespan: Set to 120 minutes.
[AirdropContainerFall] Loot Spawned [26] TTC_Buttstock3 @ <7493.715332, 322.213318, 7667.171875> ... Lifespan: Set to 120 minutes.
[AirdropContainerFall] Loot Spawned [27] TWP_BerettaPX4_mag_17Rnd @ <7495.181641, 322.377747, 7666.829590> ... Lifespan: Set to 120 minutes.
[AirdropContainerFall] Loot Spawned [28] AKM @ <7495.750488, 322.671906, 7670.217773> ... Lifespan: Set to 120 minutes.
[AirdropContainerFall] Loot Spawned [29] TTC_AmmoBox_50Beo_20rnd @ <7496.401367, 322.809875, 7671.252441> ... Lifespan: Set to 120 minutes.
[AirdropContainerFall] Loot Spawned [30] Vodka @ <7496.708496, 322.740448, 7669.448730> ... Lifespan: Set to 120 minutes.
[AirdropContainerUnstuck] Container was unstuck.
[~AirdropContainerBase] Container Destroyed on 2021-04-01 @ 01-08-40
