[AirdropPlane] Aircraft created on 2021-03-31 @ 08-07-08
[InitializeAircraft] Aircraft Initialized: Sosnovka @ 2700/6193 (true)
[EOnBeforeDrop] The Aircraft is 1 Km from Sosnovka. @ <4189.016602, 460.238190, 6361.333984>
[EOnDrop] Zombie Spawned [1] ZmbM_PatrolNormal_Autumn @ <2790.359131, 306.926758, 6209.400391> ... Lifespan:  Set to 120 minutes.
[EOnDrop] Zombie Spawned [2] ZmbM_SoldierNormal @ <2799.302002, 306.451782, 6206.080566> ... Lifespan:  Set to 120 minutes.
[EOnDrop] Zombie Spawned [3] ZmbM_PatrolNormal_PautRev @ <2792.683594, 303.311310, 6184.247070> ... Lifespan:  Set to 120 minutes.
[EOnDrop] Zombie Spawned [4] ZmbM_PatrolNormal_Flat @ <2793.863281, 307.740936, 6215.595215> ... Lifespan:  Set to 120 minutes.
[EOnDrop] Zombie Spawned [5] ZmbM_PatrolNormal_Summer @ <2791.779297, 305.269775, 6197.541504> ... Lifespan:  Set to 120 minutes.
[EOnDrop] Zombie Spawned [6] ZmbM_PatrolNormal_Flat @ <2800.327393, 305.159454, 6196.966797> ... Lifespan:  Set to 120 minutes.
[EOnDrop] Zombie Spawned [7] ZmbM_PatrolNormal_Autumn @ <2777.867676, 309.191650, 6226.037109> ... Lifespan:  Set to 120 minutes.
[EOnDrop] Zombie Spawned [8] ZmbM_PatrolNormal_Summer @ <2784.956055, 301.460724, 6171.783691> ... Lifespan:  Set to 120 minutes.
[EOnDrop] Zombie Spawned [9] ZmbM_PatrolNormal_Flat @ <2807.656738, 299.178375, 6158.910156> ... Lifespan:  Set to 120 minutes.
[EOnDrop] Zombie Spawned [10] ZmbM_PatrolNormal_Summer @ <2784.877686, 308.701416, 6222.766113> ... Lifespan:  Set to 120 minutes.
[EOnDrop] Zombie Spawned [11] ZmbM_SoldierNormal @ <2748.421143, 307.950073, 6209.326172> ... Lifespan:  Set to 120 minutes.
[EOnDrop] Zombie Spawned [12] ZmbM_SoldierNormal @ <2760.219727, 311.218964, 6238.645996> ... Lifespan:  Set to 120 minutes.
[EOnDrop] Zombie Spawned [13] ZmbM_SoldierNormal @ <2800.761963, 306.498871, 6206.423828> ... Lifespan:  Set to 120 minutes.
[EOnDrop] Zombie Spawned [14] ZmbM_PatrolNormal_PautRev @ <2795.278076, 306.894043, 6209.258301> ... Lifespan:  Set to 120 minutes.
[EOnDrop] Zombie Spawned [15] ZmbM_PatrolNormal_Flat @ <2812.485840, 305.361725, 6198.493164> ... Lifespan:  Set to 120 minutes.
[EOnDrop] Zombie Spawned [16] ZmbM_PatrolNormal_Autumn @ <2800.992188, 308.179626, 6218.929688> ... Lifespan:  Set to 120 minutes.
[EOnDrop] Zombie Spawned [17] ZmbM_PatrolNormal_Flat @ <2808.937744, 301.413116, 6172.819824> ... Lifespan:  Set to 120 minutes.
[EOnDrop] Zombie Spawned [18] ZmbM_PatrolNormal_Summer @ <2810.936279, 306.044128, 6203.100586> ... Lifespan:  Set to 120 minutes.
[EOnDrop] Zombie Spawned [19] ZmbM_PatrolNormal_Summer @ <2780.443359, 300.776276, 6163.442383> ... Lifespan:  Set to 120 minutes.
[EOnDrop] Zombie Spawned [20] ZmbM_SoldierNormal @ <2778.714844, 305.609314, 6198.950684> ... Lifespan:  Set to 120 minutes.
[EOnDrop] Zombie Spawned [21] ZmbM_SoldierNormal @ <2778.035889, 302.653687, 6179.216309> ... Lifespan:  Set to 120 minutes.
[EOnDrop] Zombie Spawned [22] ZmbM_PatrolNormal_Autumn @ <2793.362793, 302.694977, 6180.216309> ... Lifespan:  Set to 120 minutes.
[EOnDrop] Zombie Spawned [23] ZmbM_PatrolNormal_Summer @ <2761.908691, 304.940918, 6192.451660> ... Lifespan:  Set to 120 minutes.
[EOnDrop] Zombie Spawned [24] ZmbM_PatrolNormal_Flat @ <2788.965576, 308.328094, 6220.019531> ... Lifespan:  Set to 120 minutes.
[EOnDrop] Zombie Spawned [25] ZmbM_PatrolNormal_PautRev @ <2781.229248, 304.150116, 6189.266602> ... Lifespan:  Set to 120 minutes.
[EOnDrop] Zombie Spawned [26] ZmbM_SoldierNormal @ <2813.207275, 309.786163, 6237.087891> ... Lifespan:  Set to 120 minutes.
[EOnDrop] Zombie Spawned [27] ZmbM_PatrolNormal_Autumn @ <2805.313965, 300.646576, 6167.751953> ... Lifespan:  Set to 120 minutes.
[EOnDrop] Zombie Spawned [28] ZmbM_SoldierNormal @ <2773.723877, 311.090118, 6241.441406> ... Lifespan:  Set to 120 minutes.
[EOnDrop] Zombie Spawned [29] ZmbM_PatrolNormal_Autumn @ <2785.657715, 311.878906, 6248.692871> ... Lifespan:  Set to 120 minutes.
[EOnDrop] Zombie Spawned [30] ZmbM_PatrolNormal_Autumn @ <2798.196289, 311.017700, 6243.866211> ... Lifespan:  Set to 120 minutes.
[EOnDrop] Zombie Spawned [31] ZmbM_PatrolNormal_Flat @ <2809.478516, 304.828705, 6194.848633> ... Lifespan:  Set to 120 minutes.
[EOnDrop] Zombie Spawned [32] ZmbM_PatrolNormal_Flat @ <2781.111328, 312.062958, 6249.501953> ... Lifespan:  Set to 120 minutes.
[EOnDrop] Zombie Spawned [33] ZmbM_PatrolNormal_Autumn @ <2792.712646, 302.617554, 6179.691895> ... Lifespan:  Set to 120 minutes.
[EOnDrop] Zombie Spawned [34] ZmbM_SoldierNormal @ <2792.394775, 308.814026, 6223.871094> ... Lifespan:  Set to 120 minutes.
[EOnDrop] Zombie Spawned [35] ZmbM_PatrolNormal_Summer @ <2824.365234, 309.598755, 6235.253906> ... Lifespan:  Set to 120 minutes.
[EOnDrop] Zombie Spawned [36] ZmbM_PatrolNormal_Flat @ <2777.158203, 306.073578, 6202.015625> ... Lifespan:  Set to 120 minutes.
[EOnDrop] Zombie Spawned [37] ZmbM_PatrolNormal_Autumn @ <2793.197754, 308.246155, 6219.456055> ... Lifespan:  Set to 120 minutes.
[EOnDrop] Zombie Spawned [38] ZmbM_PatrolNormal_Flat @ <2798.903320, 307.486115, 6213.692383> ... Lifespan:  Set to 120 minutes.
[EOnDrop] Zombie Spawned [39] ZmbM_SoldierNormal @ <2826.277832, 302.882477, 6184.586914> ... Lifespan:  Set to 120 minutes.
[EOnDrop] Zombie Spawned [40] ZmbM_SoldierNormal @ <2806.237793, 306.156158, 6203.900879> ... Lifespan:  Set to 120 minutes.
[EOnDrop] Drop spawned with 40 infected at <2787.695313, 457.013672, 6203.926270>.
[EOnDrop] Supplies have been dropped near Sosnovka.
[EOnBeforeDelete] Aircraft despawned @ <-1000.460205, 401.559998, 5778.430176>
[~AirdropPlane] Aircraft destroyed.
