[AirdropPlane] Aircraft created on 2021-04-09 @ 06-05-58
[InitializeAircraft] Aircraft Initialized: Berezino @ 11464/8908 (true)
[EOnBeforeDrop] The Aircraft is 1 Km from Berezino. @ <10878.495117, 405.679138, 7529.055176>
[EOnDrop] Zombie Spawned [1] ZmbM_CommercialPilotOld_Olive @ <11436.903320, 139.775970, 8808.025391> ... Lifespan:  Set to 120 minutes.
[EOnDrop] Zombie Spawned [2] ZmbF_JoggerSkinny_Blue @ <11421.879883, 126.868507, 8859.367188> ... Lifespan:  Set to 120 minutes.
[EOnDrop] Zombie Spawned [3] ZmbM_ParamedicNormal_Green @ <11433.791992, 135.527130, 8824.833008> ... Lifespan:  Set to 120 minutes.
[EOnDrop] Zombie Spawned [4] ZmbF_ShortSkirt_yellow @ <11398.512695, 135.808868, 8818.316406> ... Lifespan:  Set to 120 minutes.
[EOnDrop] Zombie Spawned [5] ZmbM_Jacket_bluechecks @ <11459.625000, 133.959396, 8823.898438> ... Lifespan:  Set to 120 minutes.
[EOnDrop] Zombie Spawned [6] ZmbM_Jacket_beige @ <11435.126953, 137.977020, 8815.218750> ... Lifespan:  Set to 120 minutes.
[EOnDrop] Zombie Spawned [7] ZmbM_Jacket_brown @ <11407.330078, 132.015182, 8833.633789> ... Lifespan:  Set to 120 minutes.
[EOnDrop] Zombie Spawned [8] ZmbF_JoggerSkinny_Brown @ <11445.643555, 131.719437, 8839.126953> ... Lifespan:  Set to 120 minutes.
[EOnDrop] Zombie Spawned [9] ZmbM_CommercialPilotOld_Brown @ <11422.050781, 131.390823, 8840.090820> ... Lifespan:  Set to 120 minutes.
[EOnDrop] Zombie Spawned [10] ZmbM_JoggerSkinny_Green @ <11453.503906, 124.194382, 8867.894531> ... Lifespan:  Set to 120 minutes.
[EOnDrop] Zombie Spawned [11] ZmbM_ClerkFat_White @ <11462.865234, 125.384285, 8861.498047> ... Lifespan:  Set to 120 minutes.
[EOnDrop] Spawn failed for zombie [12] 'ZmbM_JacketNormal_greenchecks', it does not exist in DayZ!
[EOnDrop] Zombie Spawned [13] ZmbM_Jacket_stripes @ <11432.692383, 139.909668, 8807.734375> ... Lifespan:  Set to 120 minutes.
[EOnDrop] Zombie Spawned [14] ZmbF_ParamedicNormal_Red @ <11412.186523, 135.428223, 8821.507813> ... Lifespan:  Set to 120 minutes.
[EOnDrop] Zombie Spawned [15] ZmbM_CommercialPilotOld_Blue @ <11439.032227, 128.639603, 8852.972656> ... Lifespan:  Set to 120 minutes.
[EOnDrop] Zombie Spawned [16] ZmbF_CitizenANormal_Blue @ <11429.487305, 132.001892, 8838.765625> ... Lifespan:  Set to 120 minutes.
[EOnDrop] Zombie Spawned [17] ZmbF_CitizenANormal_Brown @ <11425.330078, 129.168564, 8849.914063> ... Lifespan:  Set to 120 minutes.
[EOnDrop] Zombie Spawned [18] ZmbM_JoggerSkinny_Green @ <11458.718750, 137.580551, 8808.449219> ... Lifespan:  Set to 120 minutes.
[EOnDrop] Zombie Spawned [19] ZmbF_ShortSkirt_green @ <11433.980469, 136.632629, 8820.510742> ... Lifespan:  Set to 120 minutes.
[EOnDrop] Zombie Spawned [20] ZmbM_Jacket_grey @ <11464.652344, 131.868164, 8830.156250> ... Lifespan:  Set to 120 minutes.
[EOnDrop] Zombie Spawned [21] ZmbF_JournalistNormal_Green @ <11439.729492, 124.495041, 8869.824219> ... Lifespan:  Set to 120 minutes.
[EOnDrop] Zombie Spawned [22] ZmbM_PatientSkinny @ <11437.094727, 137.127701, 8818.522461> ... Lifespan:  Set to 120 minutes.
[EOnDrop] Zombie Spawned [23] ZmbF_ShortSkirt_green @ <11446.002930, 133.494095, 8831.588867> ... Lifespan:  Set to 120 minutes.
[EOnDrop] Zombie Spawned [24] ZmbF_CitizenANormal_Beige @ <11414.911133, 145.624710, 8786.049805> ... Lifespan:  Set to 120 minutes.
[EOnDrop] Zombie Spawned [25] ZmbM_PrisonerSkinny @ <11422.059570, 141.709137, 8800.789063> ... Lifespan:  Set to 120 minutes.
[EOnDrop] Zombie Spawned [26] ZmbF_ShortSkirt_beige @ <11397.331055, 129.742996, 8841.430664> ... Lifespan:  Set to 120 minutes.
[EOnDrop] Zombie Spawned [27] ZmbF_ShortSkirt_yellow @ <11424.286133, 125.002617, 8868.252930> ... Lifespan:  Set to 120 minutes.
[EOnDrop] Zombie Spawned [28] ZmbF_ShortSkirt_white @ <11426.374023, 125.989189, 8863.959961> ... Lifespan:  Set to 120 minutes.
[EOnDrop] Zombie Spawned [29] ZmbM_JournalistSkinny @ <11426.167969, 141.744308, 8800.442383> ... Lifespan:  Set to 120 minutes.
[EOnDrop] Zombie Spawned [30] ZmbF_ShortSkirt_brown @ <11439.822266, 121.037956, 8879.879883> ... Lifespan:  Set to 120 minutes.
[EOnDrop] Zombie Spawned [31] ZmbF_JoggerSkinny_Brown @ <11392.762695, 126.331978, 8857.903320> ... Lifespan:  Set to 120 minutes.
[EOnDrop] Zombie Spawned [32] ZmbM_PatrolNormal_PautRev @ <11410.165039, 130.160980, 8842.125000> ... Lifespan:  Set to 120 minutes.
[EOnDrop] Zombie Spawned [33] ZmbF_CitizenANormal_Beige @ <11462.073242, 126.634666, 8855.969727> ... Lifespan:  Set to 120 minutes.
[EOnDrop] Zombie Spawned [34] ZmbM_ParamedicNormal_Blue @ <11460.188477, 137.585968, 8807.517578> ... Lifespan:  Set to 120 minutes.
[EOnDrop] Zombie Spawned [35] ZmbF_CitizenANormal_Blue @ <11390.978516, 136.102097, 8818.750977> ... Lifespan:  Set to 120 minutes.
[EOnDrop] Zombie Spawned [36] ZmbF_ShortSkirt_black @ <11443.026367, 139.561752, 8807.507813> ... Lifespan:  Set to 120 minutes.
[EOnDrop] Zombie Spawned [37] ZmbM_JoggerSkinny_Red @ <11428.054688, 135.484665, 8824.741211> ... Lifespan:  Set to 120 minutes.
[EOnDrop] Zombie Spawned [38] ZmbF_SkaterYoung_Striped @ <11432.118164, 135.848938, 8823.584961> ... Lifespan:  Set to 120 minutes.
[EOnDrop] Zombie Spawned [39] ZmbM_ClerkFat_Khaki @ <11393.857422, 129.273010, 8843.392578> ... Lifespan:  Set to 120 minutes.
[EOnDrop] Zombie Spawned [40] ZmbF_Clerk_Normal_White @ <11446.986328, 126.297798, 8862.094727> ... Lifespan:  Set to 120 minutes.
[EOnDrop] Drop spawned with 40 infected at <11431.862305, 310.315094, 8832.374023>.
[EOnDrop] Supplies have been dropped near Berezino.
[EOnBeforeDelete] Aircraft despawned @ <14628.424805, 266.847107, 16360.030273>
[~AirdropPlane] Aircraft destroyed.
