[InitializeContainer] Container created on 2021-01-21 @ 22-07-59
[InitializeContainer] Winds: Vector <10.037112, 0.000000, -2.415027>, Speed 10.3236mps, Strength 0.1
[AirdropContainerFall] Drop Type 'Military Weapons', Container: 'AirdropContainer', Mode/Quantity/Iems: Random/30/14, Flare:  10%
[AirdropContainerFall] Loot Spawned [1] Rice @ <5878.243652, 316.000183, 7688.184570> ... Lifespan: Set to 120 minutes.
[AirdropContainerFall] Loot Spawned [2] Mag_STANAG_30Rnd @ <5878.905762, 315.917297, 7689.199707> ... Lifespan: Set to 120 minutes.
[AirdropContainerFall] Spawn failed for item [3] 'Mossin9130', does not exist in DayZ!
[AirdropContainerFall] Loot Spawned [4] Vodka @ <5873.741699, 316.174530, 7690.173828> ... Lifespan: Set to 120 minutes.
[AirdropContainerFall] Loot Spawned [5] Rice @ <5874.479492, 316.176544, 7688.574219> ... Lifespan: Set to 120 minutes.
[AirdropContainerFall] Loot Spawned [6] AmmoBox_762x54_20Rnd @ <5878.428711, 315.958252, 7689.243652> ... Lifespan: Set to 120 minutes.
[AirdropContainerFall] Loot Spawned [7] M4A1 @ <5878.095215, 316.001465, 7688.435547> ... Lifespan: Set to 120 minutes.
[AirdropContainerFall] Loot Spawned [8] AKM @ <5875.099121, 316.133881, 7689.077148> ... Lifespan: Set to 120 minutes.
[AirdropContainerFall] Loot Spawned [9] BakedBeansCan @ <5874.310059, 316.140717, 7690.413574> ... Lifespan: Set to 120 minutes.
[AirdropContainerFall] Loot Spawned [10] FNX45 @ <5874.391113, 316.200256, 7687.766113> ... Lifespan: Set to 120 minutes.
[AirdropContainerFall] Loot Spawned [11] FNX45 @ <5875.633789, 316.138702, 7687.777344> ... Lifespan: Set to 120 minutes.
[AirdropContainerFall] Loot Spawned [12] AmmoBox_762x54_20Rnd @ <5875.798828, 316.048309, 7691.205566> ... Lifespan: Set to 120 minutes.
[AirdropContainerFall] Loot Spawned [13] M4A1 @ <5878.322754, 315.909637, 7690.118652> ... Lifespan: Set to 120 minutes.
[AirdropContainerFall] Loot Spawned [14] AmmoBox_762x54_20Rnd @ <5875.523438, 316.145355, 7687.727051> ... Lifespan: Set to 120 minutes.
[AirdropContainerFall] Loot Spawned [15] AmmoBox_762x54_20Rnd @ <5878.232422, 316.003632, 7688.063477> ... Lifespan: Set to 120 minutes.
[AirdropContainerFall] Loot Spawned [16] Vodka @ <5874.375488, 316.168579, 7689.120117> ... Lifespan: Set to 120 minutes.
[AirdropContainerFall] Loot Spawned [17] Mag_STANAG_30Rnd @ <5875.281250, 316.106171, 7689.858398> ... Lifespan: Set to 120 minutes.
[AirdropContainerFall] Loot Spawned [18] M4A1 @ <5877.790527, 316.019104, 7688.327637> ... Lifespan: Set to 120 minutes.
[AirdropContainerFall] Loot Spawned [19] BakedBeansCan @ <5876.268066, 316.043060, 7690.458496> ... Lifespan: Set to 120 minutes.
[AirdropContainerFall] Loot Spawned [20] BakedBeansCan @ <5875.868652, 316.038269, 7691.479004> ... Lifespan: Set to 120 minutes.
[AirdropContainerFall] Loot Spawned [21] Vodka @ <5878.104980, 316.042297, 7687.058105> ... Lifespan: Set to 120 minutes.
[AirdropContainerFall] Spawn failed for item [22] 'Mossin9130', does not exist in DayZ!
[AirdropContainerFall] Loot Spawned [23] PowderedMilk @ <5875.210449, 316.107849, 7689.933594> ... Lifespan: Set to 120 minutes.
[AirdropContainerFall] Loot Spawned [24] BakedBeansCan @ <5879.026367, 315.834900, 7690.269043> ... Lifespan: Set to 120 minutes.
[AirdropContainerFall] Loot Spawned [25] FNX45 @ <5876.671875, 316.078918, 7688.136230> ... Lifespan: Set to 120 minutes.
[AirdropContainerFall] Loot Spawned [26] Vodka @ <5877.536133, 315.995880, 7689.818359> ... Lifespan: Set to 120 minutes.
[AirdropContainerFall] Loot Spawned [27] Mag_AKM_30Rnd @ <5875.621094, 316.177521, 7686.760742> ... Lifespan: Set to 120 minutes.
[AirdropContainerFall] Loot Spawned [28] WaterBottle @ <5875.312012, 316.156128, 7687.711914> ... Lifespan: Set to 120 minutes.
[AirdropContainerFall] Loot Spawned [29] Rice @ <5875.682617, 316.169342, 7686.881348> ... Lifespan: Set to 120 minutes.
[AirdropContainerFall] Loot Spawned [30] Mag_STANAG_30Rnd @ <5877.965820, 315.939545, 7690.163086> ... Lifespan: Set to 120 minutes.
[AirdropContainerUnstuck] Container was unstuck.
[~AirdropContainerBase] Container Destroyed on 2021-01-21 @ 23-01-35
