[05-20-2021][00.00.29] New Synch Log File Created!
[05-20-2021][06.00.26] Log file reloaded ( Server Restart )
[05-20-2021][11.04.33] Log file reloaded ( Server Restart )
[05-20-2021][12.00.34] Log file reloaded ( Server Restart )
[12:37:38] Player (Mr Wolf, 76561198016874355)(<4259.874512, 21.779762, 7282.296875>) requested data for lock!
[12:37:43] Player (Mrs Wolf, 76561198030377081)(<4238.794922, 20.635612, 7286.210449>) requested data for lock!
[12:38:32] Player (Mr Wolf, 76561198016874355)(<4238.794922, 20.635612, 7286.210449>) requested data for lock!
[12:38:37] Player (Mr Wolf, 76561198016874355)(<4238.794922, 20.635612, 7286.210449>) requested data for lock!
[12:39:26] Player (Mr Wolf, 76561198016874355)(<4238.794922, 20.635612, 7286.210449>) requested data for lock!
[12:40:36] Player (Mrs Wolf, 76561198030377081)(<4259.874512, 21.779762, 7282.296875>) requested data for lock!
[12:41:00] Player (Mrs Wolf, 76561198030377081)(<4259.874512, 21.779762, 7282.296875>) requested data for lock!
[12:42:05] Player (Mr Wolf, 76561198016874355)(<4259.874512, 21.779762, 7282.296875>) requested data for lock!
[12:42:58] Player (Mr Wolf, 76561198016874355)(<4259.874512, 21.779762, 7282.296875>) requested data for lock!
[13:32:12] Player (Mrs Wolf, 76561198030377081)(<7333.357422, 7.997129, 8401.653320>) requested data for lock!
[13:32:18] Player (Mrs Wolf, 76561198030377081)(<7333.357422, 7.997129, 8401.653320>) requested data for lock!
[13:32:23] Player (Mrs Wolf, 76561198030377081)(<7333.357422, 7.997129, 8401.653320>) requested data for lock!
[13:32:28] Player (Mrs Wolf, 76561198030377081)(<7333.357422, 7.997129, 8401.653320>) requested data for lock!
[13:32:33] Player (Mrs Wolf, 76561198030377081)(<7333.357422, 7.997129, 8401.653320>) requested data for lock!
[13:33:33] Player (Mrs Wolf, 76561198030377081)(<7333.357422, 7.997129, 8401.653320>) requested data for lock!
[13:33:38] Player (Mrs Wolf, 76561198030377081)(<7333.357422, 7.997129, 8401.653320>) requested data for lock!
[13:43:40] Player (BnYrB, 76561198036774377)(<5297.833496, 4.856843, 12440.565430>) requested data for lock!
[13:43:45] Player (BnYrB, 76561198036774377)(<5297.833496, 4.856843, 12440.565430>) requested data for lock!
[13:43:50] Player (BnYrB, 76561198036774377)(<5297.833496, 4.856843, 12440.565430>) requested data for lock!
[13:43:56] Player (BnYrB, 76561198036774377)(<5297.833496, 4.856843, 12440.565430>) requested data for lock!
[13:44:15] Player (BnYrB, 76561198036774377)(<5305.678711, 4.858129, 12435.633789>) requested data for lock!
[13:44:36] Player (BnYrB, 76561198036774377)(<5305.678711, 4.858129, 12435.633789>) requested data for lock!
[13:44:41] Player (BnYrB, 76561198036774377)(<5305.678711, 4.858129, 12435.633789>) requested data for lock!
[13:45:13] Player (BnYrB, 76561198036774377)(<5306.705566, 4.856579, 12444.971680>) requested data for lock!
[13:45:18] Player (BnYrB, 76561198036774377)(<5306.705566, 4.856579, 12444.971680>) requested data for lock!
[13:47:28] Player (BnYrB, 76561198036774377)(<5306.705566, 4.856579, 12444.971680>) requested data for lock!
[13:47:36] Player (BnYrB, 76561198036774377)(<5305.678711, 4.858129, 12435.633789>) requested data for lock!
[13:50:31] Player (BnYrB, 76561198036774377)(<5297.833496, 4.856843, 12440.565430>) requested data for lock!
[13:50:39] Player (BnYrB, 76561198036774377)(<5297.833496, 4.856843, 12440.565430>) requested data for lock!
[13:52:18] Player (BnYrB, 76561198036774377)(<5297.833496, 4.856843, 12440.565430>) requested data for lock!
[13:52:47] Player (BnYrB, 76561198036774377)(<5297.833496, 4.856843, 12440.565430>) requested data for lock!
[14:05:06] Player (Mrs Wolf, 76561198030377081)(<5306.705566, 4.856579, 12444.971680>) requested data for lock!
[14:05:11] Player (Mrs Wolf, 76561198030377081)(<5306.705566, 4.856579, 12444.971680>) requested data for lock!
[14:14:39] Player ([H]unter, 76561199074754026)(<5069.117188, 5.142138, 11022.483398>) requested data for lock!
[14:14:44] Player (Mrs Wolf, 76561198030377081)(<5297.833496, 4.856843, 12440.565430>) requested data for lock!
[14:16:26] Player (Mr Wolf, 76561198016874355)(<4259.874512, 21.779762, 7282.296875>) requested data for lock!
[14:19:09] Player (Mr Wolf, 76561198016874355)(<4238.794922, 20.635612, 7286.210449>) requested data for lock!
[14:19:55] Player (Mr Wolf, 76561198016874355)(<4238.794922, 20.635612, 7286.210449>) requested data for lock!
[14:21:53] Player ([H]unter, 76561199074754026)(<5305.678711, 4.858129, 12435.633789>) requested data for lock!
[14:21:58] Player ([H]unter, 76561199074754026)(<5305.678711, 4.858129, 12435.633789>) requested data for lock!
[14:23:13] Player ([H]unter, 76561199074754026)(<5305.678711, 4.858129, 12435.633789>) requested data for lock!
[14:23:18] Player ([H]unter, 76561199074754026)(<5305.678711, 4.858129, 12435.633789>) requested data for lock!
[14:23:36] Player (Mrs Wolf, 76561198030377081)(<5306.705566, 4.856579, 12444.971680>) requested data for lock!
[14:23:41] Player (Mrs Wolf, 76561198030377081)(<5306.705566, 4.856579, 12444.971680>) requested data for lock!
[14:26:53] Player (Mr Wolf, 76561198016874355)(<5297.833496, 4.856843, 12440.565430>) requested data for lock!
[14:35:59] Player ([H]unter, 76561199074754026)(<5305.678711, 4.858129, 12435.633789>) requested data for lock!
[14:36:23] Player ([H]unter, 76561199074754026)(<5305.678711, 4.858129, 12435.633789>) requested data for lock!
[14:36:35] Player ([H]unter, 76561199074754026)(<5305.678711, 4.858129, 12435.633789>) requested data for lock!
[14:36:40] Player ([H]unter, 76561199074754026)(<5305.678711, 4.858129, 12435.633789>) requested data for lock!
[14:38:58] Player (Mrs Wolf, 76561198030377081)(<5306.705566, 4.856579, 12444.971680>) requested data for lock!
[14:39:04] Player (Mrs Wolf, 76561198030377081)(<5306.705566, 4.856579, 12444.971680>) requested data for lock!
[14:39:09] Player (Mrs Wolf, 76561198030377081)(<5306.705566, 4.856579, 12444.971680>) requested data for lock!
[14:39:15] Player (Mrs Wolf, 76561198030377081)(<5306.705566, 4.856579, 12444.971680>) requested data for lock!
[14:39:20] Player (Mrs Wolf, 76561198030377081)(<5306.705566, 4.856579, 12444.971680>) requested data for lock!
[14:39:25] Player (Mrs Wolf, 76561198030377081)(<5306.705566, 4.856579, 12444.971680>) requested data for lock!
[14:39:30] Player (Mrs Wolf, 76561198030377081)(<5306.705566, 4.856579, 12444.971680>) requested data for lock!
[14:39:35] Player (Mrs Wolf, 76561198030377081)(<5306.705566, 4.856579, 12444.971680>) requested data for lock!
[14:39:40] Player (Mrs Wolf, 76561198030377081)(<5306.705566, 4.856579, 12444.971680>) requested data for lock!
[14:39:45] Player (Mrs Wolf, 76561198030377081)(<5306.705566, 4.856579, 12444.971680>) requested data for lock!
[14:39:50] Player (Mrs Wolf, 76561198030377081)(<5306.705566, 4.856579, 12444.971680>) requested data for lock!
[14:39:58] Player (Mrs Wolf, 76561198030377081)(<5306.705566, 4.856579, 12444.971680>) requested data for lock!
[14:43:33] Player (Mrs Wolf, 76561198030377081)(<5306.705566, 4.856579, 12444.971680>) requested data for lock!
[14:43:45] Player (Mrs Wolf, 76561198030377081)(<5306.705566, 4.856579, 12444.971680>) requested data for lock!
[14:47:28] Player ([H]unter, 76561199074754026)(<5305.678711, 4.858129, 12435.633789>) requested data for lock!
[14:47:33] Player ([H]unter, 76561199074754026)(<5305.678711, 4.858129, 12435.633789>) requested data for lock!
[14:53:19] Player (Mr Wolf, 76561198016874355)(<5306.705566, 4.856579, 12444.971680>) requested data for lock!
[14:54:58] Player (Mr Wolf, 76561198016874355)(<5306.705566, 4.856579, 12444.971680>) requested data for lock!
[14:55:04] Player (Mr Wolf, 76561198016874355)(<5306.705566, 4.856579, 12444.971680>) requested data for lock!
[14:55:51] Player (Mr Wolf, 76561198016874355)(<5306.705566, 4.856579, 12444.971680>) requested data for lock!
[14:55:56] Player (Mr Wolf, 76561198016874355)(<5306.705566, 4.856579, 12444.971680>) requested data for lock!
[15:04:43] Player ([H]unter, 76561199074754026)(<5305.678711, 4.858129, 12435.633789>) requested data for lock!
[15:07:18] Player ([H]unter, 76561199074754026)(<5305.678711, 4.858129, 12435.633789>) requested data for lock!
[15:10:25] Player (Mr Wolf, 76561198016874355)(<5306.705566, 4.856579, 12444.971680>) requested data for lock!
[15:15:14] Player (Mr Wolf, 76561198016874355)(<5306.705566, 4.856579, 12444.971680>) requested data for lock!
[15:17:13] Player (Mr Wolf, 76561198016874355)(<5306.705566, 4.856579, 12444.971680>) requested data for lock!
[15:17:32] Player (Mr Wolf, 76561198016874355)(<5306.705566, 4.856579, 12444.971680>) requested data for lock!
[15:17:37] Player (Mr Wolf, 76561198016874355)(<5306.705566, 4.856579, 12444.971680>) requested data for lock!
[15:17:42] Player (Mr Wolf, 76561198016874355)(<5306.705566, 4.856579, 12444.971680>) requested data for lock!
[15:17:47] Player (Mr Wolf, 76561198016874355)(<5306.705566, 4.856579, 12444.971680>) requested data for lock!
[15:29:14] Player ([H]unter, 76561199074754026)(<5306.705566, 4.856579, 12444.971680>) requested data for lock!
[15:48:07] Player (Mr Wolf, 76561198016874355)(<4259.874512, 21.779762, 7282.296875>) requested data for lock!
[15:56:46] Player (Mr Wolf, 76561198016874355)(<4238.794922, 20.635612, 7286.210449>) requested data for lock!
[15:58:02] Player (Mr Wolf, 76561198016874355)(<4238.794922, 20.635612, 7286.210449>) requested data for lock!
[16:00:56] Player (Mr Wolf, 76561198016874355)(<4238.794922, 20.635612, 7286.210449>) requested data for lock!
[16:03:26] Player (Mr Wolf, 76561198016874355)(<4259.874512, 21.779762, 7282.296875>) requested data for lock!
[16:05:01] Player (Mr Wolf, 76561198016874355)(<4238.794922, 20.635612, 7286.210449>) requested data for lock!
[16:05:19] Player (Mr Wolf, 76561198016874355)(<4238.794922, 20.635612, 7286.210449>) requested data for lock!
[16:05:53] Player (Mr Wolf, 76561198016874355)(<4238.794922, 20.635612, 7286.210449>) requested data for lock!
[16:06:02] Player (Mr Wolf, 76561198016874355)(<4238.794922, 20.635612, 7286.210449>) requested data for lock!
[16:07:38] Player (Mr Wolf, 76561198016874355)(<4238.794922, 20.635612, 7286.210449>) requested data for lock!
[16:08:14] Player (Mr Wolf, 76561198016874355)(<4238.794922, 20.635612, 7286.210449>) requested data for lock!
[16:09:03] Player (Mr Wolf, 76561198016874355)(<4238.794922, 20.635612, 7286.210449>) requested data for lock!
[16:09:26] Player (Mr Wolf, 76561198016874355)(<4238.794922, 20.635612, 7286.210449>) requested data for lock!
[16:20:45] Player (Mrs Wolf, 76561198030377081)(<4259.874512, 21.779762, 7282.296875>) requested data for lock!
[16:21:28] Player (Mrs Wolf, 76561198030377081)(<4238.794922, 20.635612, 7286.210449>) requested data for lock!
[16:21:55] Player (Mrs Wolf, 76561198030377081)(<4259.874512, 21.779762, 7282.296875>) requested data for lock!
[17:28:06] Player ([H]unter, 76561199074754026)(<5069.117188, 5.142138, 11022.483398>) requested data for lock!
[17:43:59] Player ([H]unter, 76561199074754026)(<5069.117188, 5.142138, 11022.483398>) requested data for lock!
[17:44:14] Player ([H]unter, 76561199074754026)(<5069.117188, 5.142138, 11022.483398>) requested data for lock!
[05-20-2021][18.00.27] Log file reloaded ( Server Restart )
[18:45:56] Player (Gutsy, 76561198116867858)(<6780.027832, 27.201880, 1851.805420>) requested data for lock!
[18:47:21] Player (Gutsy, 76561198116867858)(<6801.987305, 35.003658, 1839.270996>) requested data for lock!
[18:47:36] Player (Gutsy, 76561198116867858)(<6798.135742, 35.003658, 1814.350464>) requested data for lock!
[18:47:46] Player (Gutsy, 76561198116867858)(<6798.135742, 35.003658, 1814.350464>) requested data for lock!
[18:47:59] Player (Gutsy, 76561198116867858)(<6798.135742, 35.003658, 1814.350464>) requested data for lock!
[18:50:06] Player (Gutsy, 76561198116867858)(<6798.135742, 35.003658, 1814.350464>) requested data for lock!
[18:50:16] Player (Gutsy, 76561198116867858)(<6798.135742, 35.003658, 1814.350464>) requested data for lock!
[18:50:24] Player (Gutsy, 76561198116867858)(<6798.135742, 35.003658, 1814.350464>) requested data for lock!
[18:50:32] Player (Gutsy, 76561198116867858)(<6801.987305, 35.003658, 1839.270996>) requested data for lock!
[18:52:02] Player (Gutsy, 76561198116867858)(<6780.027832, 27.201880, 1851.805420>) requested data for lock!
[18:52:10] Player (Gutsy, 76561198116867858)(<6780.027832, 27.201880, 1851.805420>) requested data for lock!
[19:04:34] Player (Gutsy, 76561198116867858)(<6801.987305, 35.003658, 1839.270996>) requested data for lock!
[19:04:44] Player (Gutsy, 76561198116867858)(<6798.135742, 35.003658, 1814.350464>) requested data for lock!
[19:04:50] Player (Gutsy, 76561198116867858)(<6798.135742, 35.003658, 1814.350464>) requested data for lock!
[19:04:59] Player (Gutsy, 76561198116867858)(<6798.135742, 35.003658, 1814.350464>) requested data for lock!
[21:09:09] Player (Cygnus, 76561199063202968)(<7333.357422, 7.997129, 8401.653320>) requested data for lock!
[21:25:23] Player (Cygnus, 76561199063202968)(<7333.357422, 7.997129, 8401.653320>) requested data for lock!
[23:35:17] Player (Cygnus, 76561199063202968)(<7333.357422, 7.997129, 8401.653320>) requested data for lock!
[23:35:22] Player (Cygnus, 76561199063202968)(<7333.357422, 7.997129, 8401.653320>) requested data for lock!
[23:36:29] Player (Cygnus, 76561199063202968)(<7333.357422, 7.997129, 8401.653320>) requested data for lock!
[23:50:08] Player (Cygnus, 76561199063202968)(<7333.357422, 7.997129, 8401.653320>) requested data for lock!
[23:50:20] Player (Cygnus, 76561199063202968)(<7333.357422, 7.997129, 8401.653320>) requested data for lock!
[23:50:27] Player (Cygnus, 76561199063202968)(<7333.357422, 7.997129, 8401.653320>) requested data for lock!
[23:50:32] Player (Cygnus, 76561199063202968)(<7333.357422, 7.997129, 8401.653320>) requested data for lock!
[23:50:37] Player (Cygnus, 76561199063202968)(<7333.357422, 7.997129, 8401.653320>) requested data for lock!
[23:50:42] Player (Cygnus, 76561199063202968)(<7333.357422, 7.997129, 8401.653320>) requested data for lock!
[23:50:47] Player (Cygnus, 76561199063202968)(<7333.357422, 7.997129, 8401.653320>) requested data for lock!
[23:50:52] Player (Cygnus, 76561199063202968)(<7333.357422, 7.997129, 8401.653320>) requested data for lock!
[23:50:57] Player (Cygnus, 76561199063202968)(<7333.357422, 7.997129, 8401.653320>) requested data for lock!
[23:51:02] Player (Cygnus, 76561199063202968)(<7333.357422, 7.997129, 8401.653320>) requested data for lock!
