[COT 2021-04-16 19:19:59] 76561198036774377: Set GodMode To true [guid=mBNlxASsPlOcry0dpDl8K-WgHNR5WMCMmoJ9NhpU4FY=]
[COT 2021-04-16 19:19:59] 76561198036774377: Set UnlimitedAmmo To true [guid=mBNlxASsPlOcry0dpDl8K-WgHNR5WMCMmoJ9NhpU4FY=]
[COT 2021-04-16 19:19:59] 76561198036774377: Set UnlimitedStamina To true [guid=mBNlxASsPlOcry0dpDl8K-WgHNR5WMCMmoJ9NhpU4FY=]
[COT 2021-04-16 19:20:10] 76561198036774377: Teleported to position <10277.895508, 14.285194, 2327.477539>
[COT 2021-04-16 19:20:18] 76561198036774377: Entered the Free Camera
[COT 2021-04-16 19:20:28] 76561198036774377: Left the Free Camera
[COT 2021-04-16 19:20:38] 76561198036774377: Healed [guid=mBNlxASsPlOcry0dpDl8K-WgHNR5WMCMmoJ9NhpU4FY=]
[COT 2021-04-16 19:20:46] 76561198036774377: Spawned Entity ADMIN HATCHET (admin_Hatchet<597b0160>, -1, 150) at <10289.228516, 23.449314, 2280.101074>
[COT 2021-04-16 19:20:53] 76561198036774377: Spawned Entity Flag Pole Kit (TerritoryFlagKit<72b9e5c0>, -1, 200) at <10289.228516, 23.449314, 2280.101074>
[COT 2021-04-16 19:23:10] 76561198036774377: Spawned Entity Concrete Bricks (BBP_Concrete_Brick_Pile<56abda50>, 1, 400) at <10290.492188, 23.448896, 2278.770752>
[COT 2021-04-16 19:23:10] 76561198036774377: Spawned Entity Concrete Bricks (BBP_Concrete_Brick_Pile<56abe160>, 1, 400) at <10290.492188, 23.448896, 2278.770752>
[COT 2021-04-16 19:23:10] 76561198036774377: Spawned Entity Concrete Bricks (BBP_Concrete_Brick_Pile<56ac4440>, 1, 400) at <10290.492188, 23.448896, 2278.770752>
[COT 2021-04-16 19:23:10] 76561198036774377: Spawned Entity Concrete Bricks (BBP_Concrete_Brick_Pile<56ac6080>, 1, 400) at <10290.492188, 23.448896, 2278.770752>
[COT 2021-04-16 19:23:11] 76561198036774377: Spawned Entity Concrete Bricks (BBP_Concrete_Brick_Pile<56ac04b0>, 1, 400) at <10290.492188, 23.448896, 2278.770752>
[COT 2021-04-16 19:23:11] 76561198036774377: Spawned Entity Concrete Bricks (BBP_Concrete_Brick_Pile<56abfda0>, 1, 400) at <10290.492188, 23.448896, 2278.770752>
[COT 2021-04-16 19:23:11] 76561198036774377: Spawned Entity Concrete Bricks (BBP_Concrete_Brick_Pile<56ac5260>, 1, 400) at <10290.492188, 23.448896, 2278.770752>
[COT 2021-04-16 19:23:11] 76561198036774377: Spawned Entity Concrete Bricks (BBP_Concrete_Brick_Pile<56ac3620>, 1, 400) at <10290.492188, 23.448896, 2278.770752>
[COT 2021-04-16 19:23:11] 76561198036774377: Spawned Entity Concrete Bricks (BBP_Concrete_Brick_Pile<56ac4b50>, 1, 400) at <10290.492188, 23.448896, 2278.770752>
[COT 2021-04-16 19:23:12] 76561198036774377: Spawned Entity Concrete Bricks (BBP_Concrete_Brick_Pile<56ac2800>, 1, 400) at <10290.492188, 23.448896, 2278.770752>
[COT 2021-04-16 19:23:12] 76561198036774377: Spawned Entity Concrete Bricks (BBP_Concrete_Brick_Pile<56abf690>, 1, 400) at <10290.492188, 23.448896, 2278.770752>
[COT 2021-04-16 19:23:12] 76561198036774377: Spawned Entity Concrete Bricks (BBP_Concrete_Brick_Pile<56ac5970>, 1, 400) at <10290.492188, 23.448896, 2278.770752>
[COT 2021-04-16 19:23:13] 76561198036774377: Spawned Entity Concrete Bricks (BBP_Concrete_Brick_Pile<56ac0bc0>, 1, 400) at <10290.492188, 23.448896, 2278.770752>
[COT 2021-04-16 19:23:13] 76561198036774377: Spawned Entity Concrete Bricks (BBP_Concrete_Brick_Pile<56ac19e0>, 1, 400) at <10290.492188, 23.448896, 2278.770752>
[COT 2021-04-16 19:23:13] 76561198036774377: Spawned Entity Concrete Bricks (BBP_Concrete_Brick_Pile<56abe870>, 1, 400) at <10290.492188, 23.448896, 2278.770752>
[COT 2021-04-16 19:23:20] 76561198036774377: Spawned Entity Mortar Mix (BBP_Mortar_Mix<f3ee0610>, 1, 100) at <10290.492188, 23.448896, 2278.770752>
[COT 2021-04-16 19:23:20] 76561198036774377: Spawned Entity Mortar Mix (BBP_Mortar_Mix<c74f2c30>, 1, 100) at <10290.492188, 23.448896, 2278.770752>
[COT 2021-04-16 19:23:21] 76561198036774377: Spawned Entity Mortar Mix (BBP_Mortar_Mix<25926f0>, 1, 100) at <10290.492188, 23.448896, 2278.770752>
[COT 2021-04-16 19:23:21] 76561198036774377: Spawned Entity Mortar Mix (BBP_Mortar_Mix<2594330>, 1, 100) at <10290.492188, 23.448896, 2278.770752>
[COT 2021-04-16 19:23:21] 76561198036774377: Spawned Entity Mortar Mix (BBP_Mortar_Mix<2595150>, 1, 100) at <10290.492188, 23.448896, 2278.770752>
[COT 2021-04-16 19:23:21] 76561198036774377: Spawned Entity Mortar Mix (BBP_Mortar_Mix<cd673640>, 1, 100) at <10290.492188, 23.448896, 2278.770752>
[COT 2021-04-16 19:23:22] 76561198036774377: Spawned Entity Mortar Mix (BBP_Mortar_Mix<c26fc5e0>, 1, 100) at <10290.492188, 23.448896, 2278.770752>
[COT 2021-04-16 19:23:22] 76561198036774377: Spawned Entity Mortar Mix (BBP_Mortar_Mix<dc982e20>, 1, 100) at <10290.492188, 23.448896, 2278.770752>
[COT 2021-04-16 19:23:22] 76561198036774377: Spawned Entity Mortar Mix (BBP_Mortar_Mix<dc35e4c0>, 1, 100) at <10290.492188, 23.448896, 2278.770752>
[COT 2021-04-16 19:23:22] 76561198036774377: Spawned Entity Mortar Mix (BBP_Mortar_Mix<d1b8c3e0>, 1, 100) at <10290.492188, 23.448896, 2278.770752>
[COT 2021-04-16 19:23:22] 76561198036774377: Spawned Entity Mortar Mix (BBP_Mortar_Mix<d7d30040>, 1, 100) at <10290.492188, 23.448896, 2278.770752>
[COT 2021-04-16 19:23:23] 76561198036774377: Spawned Entity Mortar Mix (BBP_Mortar_Mix<fa9df490>, 1, 100) at <10290.492188, 23.448896, 2278.770752>
[COT 2021-04-16 19:23:23] 76561198036774377: Spawned Entity Mortar Mix (BBP_Mortar_Mix<def6dda0>, 1, 100) at <10290.492188, 23.448896, 2278.770752>
[COT 2021-04-16 19:24:23] 76561198036774377: Spawned Entity Tier 3 Gate Kit (BBP_T3_GateKit<fdf2d2a0>, -1, 100) at <10290.518555, 23.448889, 2278.695557>
[COT 2021-04-16 19:24:23] 76561198036774377: Spawned Entity Tier 3 Gate Kit (BBP_T3_GateKit<fdf20ce0>, -1, 100) at <10290.518555, 23.448889, 2278.695557>
[COT 2021-04-16 19:24:29] 76561198036774377: Spawned Entity CodeLock (CodeLock<5269cca0>, -1, 1500) at <10290.518555, 23.448889, 2278.695557>
[COT 2021-04-16 19:24:29] 76561198036774377: Spawned Entity CodeLock (CodeLock<5269d3f0>, -1, 1500) at <10290.518555, 23.448889, 2278.695557>
[COT 2021-04-16 19:24:45] 76561198036774377: Entered the Free Camera
[COT 2021-04-16 19:25:25] 76561198036774377: Spawned Entity Flag (Flag_TEC<cd67dfc0>, -1, 100) at <10291.054688, 23.276104, 2278.065430>
[COT 2021-04-16 19:25:29] 76561198036774377: Spawned Entity Flag (Flag_Base<f35e86b0>, -1, 100) at <10291.054688, 23.276104, 2278.065430>
[COT 2021-04-16 19:25:37] 76561198036774377: Left the Free Camera
[COT 2021-04-16 19:25:51] 76561198036774377: Spawned Entity Flag (Flag_Base<6b9d59f0>, -1, 100) at <10291.243164, 23.448742, 2278.016846>
[COT 2021-04-16 19:26:08] 76561198036774377: Spawned Entity Land Claim Kit (BBP_Land_Claim_FlagKit<4de73930>, -1, 100) at <10291.243164, 23.448742, 2278.016846>
[COT 2021-04-16 19:26:25] 76561198036774377: Entered the Free Camera
[COT 2021-04-16 19:26:30] 76561198036774377: Left the Free Camera
[COT 2021-04-16 19:26:33] 76561198036774377: Entered the Free Camera
[COT 2021-04-16 19:47:20] 76561198036774377: Left the Free Camera
[COT 2021-04-16 19:47:32] 76561198036774377: Spawned Entity Flare (AirdropFlare<48731bc0>, 20, 100) at <10286.968750, 23.450048, 2281.660400>
[COT 2021-04-16 19:48:08] 76561198036774377: Entered the Free Camera
[COT 2021-04-16 19:48:15] 76561198036774377: Left the Free Camera
[COT 2021-04-16 19:48:19] 76561198036774377: Entered the Free Camera
[COT 2021-04-16 19:48:44] 76561198036774377: Healed [guid=mBNlxASsPlOcry0dpDl8K-WgHNR5WMCMmoJ9NhpU4FY=]
[COT 2021-04-16 19:48:44] 76561198036774377: Healed [guid=mBNlxASsPlOcry0dpDl8K-WgHNR5WMCMmoJ9NhpU4FY=]
[COT 2021-04-16 19:52:43] 76561198036774377: Spawned Entity Bandage (BandageDressing<24d5780>, 4, 50) at <10316.167969, 10.107523, 2365.044922>
[COT 2021-04-16 19:52:45] 76561198036774377: Spawned Entity Bandage (BandageDressing<fca21090>, 4, 50) at <10317.663086, 9.879699, 2364.310303>
[COT 2021-04-16 19:52:46] 76561198036774377: Spawned Entity Bandage (BandageDressing<fc9fc660>, 4, 50) at <10319.370117, 9.605591, 2364.111328>
[COT 2021-04-16 19:52:46] 76561198036774377: Spawned Entity Bandage (BandageDressing<e6c8e8d0>, 4, 50) at <10319.378906, 9.654354, 2364.105713>
[COT 2021-04-16 19:52:47] 76561198036774377: Spawned Entity Bandage (BandageDressing<e6c79ce0>, 4, 50) at <10318.569336, 9.719778, 2364.614746>
[COT 2021-04-16 19:52:48] 76561198036774377: Spawned Entity Bandage (BandageDressing<e69724b0>, 4, 50) at <10318.584961, 9.769223, 2364.604492>
[COT 2021-04-16 19:52:49] 76561198036774377: Spawned Entity Bandage (BandageDressing<e6972bc0>, 4, 50) at <10319.907227, 9.474276, 2365.737549>
[COT 2021-04-16 19:52:49] 76561198036774377: Spawned Entity Bandage (BandageDressing<17c4f8f0>, 4, 50) at <10319.911133, 9.523721, 2365.718506>
[COT 2021-04-16 19:52:50] 76561198036774377: Spawned Entity Bandage (BandageDressing<17c5f020>, 4, 50) at <10319.930664, 9.455470, 2366.275391>
[COT 2021-04-16 19:52:50] 76561198036774377: Spawned Entity Bandage (BandageDressing<fe330160>, 4, 50) at <10319.934570, 9.504915, 2366.251953>
[COT 2021-04-16 19:52:52] 76561198036774377: Spawned Entity Bandage (BandageDressing<fe3022e0>, 4, 50) at <10320.073242, 9.397810, 2367.531006>
[COT 2021-04-16 19:52:52] 76561198036774377: Spawned Entity Bandage (BandageDressing<c2701390>, 4, 50) at <10320.076172, 9.443998, 2367.499512>
[COT 2021-04-16 19:52:53] 76561198036774377: Spawned Entity Bandage (BandageDressing<c27092b0>, 4, 50) at <10319.044922, 9.511187, 2369.343994>
[COT 2021-04-16 19:52:53] 76561198036774377: Spawned Entity Bandage (BandageDressing<e3c41f90>, 4, 50) at <10319.051758, 9.539133, 2369.316162>
[COT 2021-04-16 19:52:54] 76561198036774377: Spawned Entity Bandage (BandageDressing<d1b90370>, 4, 50) at <10320.830078, 9.291164, 2367.156250>
[COT 2021-04-16 19:52:55] 76561198036774377: Spawned Entity Bandage (BandageDressing<e0d6f670>, 4, 50) at <10320.827148, 9.339928, 2367.126709>
[COT 2021-04-16 19:52:56] 76561198036774377: Spawned Entity Bandage (BandageDressing<fc6704c0>, 4, 50) at <10320.112305, 9.364392, 2368.509033>
[COT 2021-04-16 19:52:56] 76561198036774377: Spawned Entity Bandage (BandageDressing<be665bf0>, 4, 50) at <10320.115234, 9.413157, 2368.468262>
[COT 2021-04-16 19:52:58] 76561198036774377: Spawned Entity Bandage (BandageDressing<eab138f0>, 4, 50) at <10317.607422, 9.781992, 2367.889404>
[COT 2021-04-16 19:52:58] 76561198036774377: Spawned Entity Bandage (BandageDressing<f4a8e530>, 4, 50) at <10317.621094, 9.810292, 2367.867188>
[COT 2021-04-16 19:52:59] 76561198036774377: Spawned Entity Bandage (BandageDressing<dc36f120>, 4, 50) at <10317.263672, 9.863518, 2366.940186>
[COT 2021-04-16 19:52:59] 76561198036774377: Spawned Entity Bandage (BandageDressing<eb3c4180>, 4, 50) at <10317.291016, 9.912281, 2366.909424>
[COT 2021-04-16 19:53:06] 76561198036774377: Spawned Entity Blood Collection Kit (BloodBagEmpty<eb3ccec0>, -1, 20) at <10317.311523, 9.948289, 2366.886475>
[COT 2021-04-16 19:53:06] 76561198036774377: Spawned Entity Blood Collection Kit (BloodBagEmpty<eb3e28d0>, -1, 20) at <10317.328125, 9.977564, 2366.868896>
[COT 2021-04-16 19:53:07] 76561198036774377: Spawned Entity Blood Collection Kit (BloodBagEmpty<eb3e36f0>, -1, 20) at <10316.270508, 10.029111, 2366.706543>
[COT 2021-04-16 19:53:07] 76561198036774377: Spawned Entity Blood Collection Kit (BloodBagEmpty<e11553b0>, -1, 20) at <10316.292969, 10.058386, 2366.688721>
[COT 2021-04-16 19:53:09] 76561198036774377: Spawned Entity Blood Collection Kit (BloodBagEmpty<e1158520>, -1, 20) at <10316.570313, 9.941679, 2368.112305>
[COT 2021-04-16 19:53:09] 76561198036774377: Spawned Entity Blood Collection Kit (BloodBagEmpty<fe7e3fe0>, -1, 20) at <10316.590820, 9.970954, 2368.087402>
[COT 2021-04-16 19:53:10] 76561198036774377: Spawned Entity Blood Collection Kit (BloodBagEmpty<ed0ca910>, -1, 20) at <10319.661133, 9.441702, 2368.304199>
[COT 2021-04-16 19:53:10] 76561198036774377: Spawned Entity Blood Collection Kit (BloodBagEmpty<fc9e1ea0>, -1, 20) at <10319.665039, 9.470977, 2368.280273>
[COT 2021-04-16 19:53:12] 76561198036774377: Spawned Entity Blood Collection Kit (BloodBagEmpty<fe7d0210>, -1, 20) at <10320.402344, 9.386122, 2366.125488>
[COT 2021-04-16 19:53:12] 76561198036774377: Spawned Entity Blood Collection Kit (BloodBagEmpty<f1864110>, -1, 20) at <10320.402344, 9.415397, 2366.112549>
[COT 2021-04-16 19:53:13] 76561198036774377: Spawned Entity Blood Collection Kit (BloodBagEmpty<f1866b70>, -1, 20) at <10320.426758, 9.432337, 2364.344971>
[COT 2021-04-16 19:53:13] 76561198036774377: Spawned Entity Blood Collection Kit (BloodBagEmpty<f187e8d0>, -1, 20) at <10320.426758, 9.461612, 2364.340576>
[COT 2021-04-16 19:53:15] 76561198036774377: Spawned Entity Blood Collection Kit (BloodBagEmpty<f18934c0>, -1, 20) at <10320.036133, 9.476357, 2364.929932>
[COT 2021-04-16 19:53:15] 76561198036774377: Spawned Entity Blood Collection Kit (BloodBagEmpty<f87de8c0>, -1, 20) at <10320.038086, 9.505631, 2364.922607>
[COT 2021-04-16 19:53:17] 76561198036774377: Spawned Entity Blood Collection Kit (BloodBagEmpty<f87e3d80>, -1, 20) at <10318.289063, 9.776687, 2364.196533>
[COT 2021-04-16 19:53:17] 76561198036774377: Spawned Entity Blood Collection Kit (BloodBagEmpty<f87f0340>, -1, 20) at <10318.299805, 9.805962, 2364.192627>
[COT 2021-04-16 19:53:18] 76561198036774377: Spawned Entity Blood Collection Kit (BloodBagEmpty<f554ab10>, -1, 20) at <10317.317383, 9.905894, 2365.137939>
[COT 2021-04-16 19:53:18] 76561198036774377: Spawned Entity Blood Collection Kit (BloodBagEmpty<f554b930>, -1, 20) at <10317.333984, 9.935169, 2365.128906>
[COT 2021-04-16 19:53:20] 76561198036774377: Spawned Entity Blood Collection Kit (BloodBagEmpty<f55570d0>, -1, 20) at <10317.812500, 9.809900, 2365.724121>
[COT 2021-04-16 19:53:20] 76561198036774377: Spawned Entity Blood Collection Kit (BloodBagEmpty<fa1a6790>, -1, 20) at <10317.826172, 9.839175, 2365.712158>
[COT 2021-04-16 19:53:22] 76561198036774377: Spawned Entity Blood Collection Kit (BloodBagEmpty<c9d818c0>, -1, 20) at <10315.920898, 10.134529, 2365.429688>
[COT 2021-04-16 19:53:22] 76561198036774377: Spawned Entity Blood Collection Kit (BloodBagEmpty<d9fa2340>, -1, 20) at <10315.945313, 10.163804, 2365.418701>
[COT 2021-04-16 19:53:23] 76561198036774377: Spawned Entity Blood Collection Kit (BloodBagEmpty<d9fa4da0>, -1, 20) at <10316.548828, 10.071382, 2364.308838>
[COT 2021-04-16 19:53:23] 76561198036774377: Spawned Entity Blood Collection Kit (BloodBagEmpty<d9f980d0>, -1, 20) at <10316.570313, 10.100657, 2364.303955>
[COT 2021-04-16 19:53:25] 76561198036774377: Spawned Entity Blood Collection Kit (BloodBagEmpty<e969b570>, -1, 20) at <10317.706055, 9.898688, 2363.649414>
[COT 2021-04-16 19:53:25] 76561198036774377: Spawned Entity Blood Collection Kit (BloodBagEmpty<e969d1b0>, -1, 20) at <10317.720703, 9.927963, 2363.648193>
[COT 2021-04-16 19:53:27] 76561198036774377: Spawned Entity Blood Collection Kit (BloodBagEmpty<e967b8f0>, -1, 20) at <10319.555664, 9.602915, 2363.148682>
[COT 2021-04-16 19:53:27] 76561198036774377: Spawned Entity Blood Collection Kit (BloodBagEmpty<ec955c90>, -1, 20) at <10319.559570, 9.632190, 2363.150146>
[COT 2021-04-16 19:53:36] 76561198036774377: Spawned Entity IV Start Kit (StartKitIV<f3eb35b0>, -1, 20) at <10318.994141, 9.710665, 2362.810059>
[COT 2021-04-16 19:53:37] 76561198036774377: Spawned Entity IV Start Kit (StartKitIV<f3ebbbe0>, -1, 20) at <10319.002930, 9.745903, 2362.813965>
[COT 2021-04-16 19:53:38] 76561198036774377: Spawned Entity IV Start Kit (StartKitIV<f1055b20>, -1, 20) at <10319.277344, 9.647449, 2363.174072>
[COT 2021-04-16 19:53:38] 76561198036774377: Spawned Entity IV Start Kit (StartKitIV<f10691e0>, -1, 20) at <10319.284180, 9.682688, 2363.175537>
[COT 2021-04-16 19:53:39] 76561198036774377: Spawned Entity IV Start Kit (StartKitIV<f3ae4240>, -1, 20) at <10318.798828, 9.708252, 2363.710205>
[COT 2021-04-16 19:53:39] 76561198036774377: Spawned Entity IV Start Kit (StartKitIV<17c40fe0>, -1, 20) at <10318.808594, 9.743490, 2363.708496>
[COT 2021-04-16 19:53:41] 76561198036774377: Spawned Entity IV Start Kit (StartKitIV<fa9b63c0>, -1, 20) at <10319.496094, 9.538219, 2365.800781>
[COT 2021-04-16 19:53:41] 76561198036774377: Spawned Entity IV Start Kit (StartKitIV<febce790>, -1, 20) at <10319.501953, 9.573458, 2365.786621>
[COT 2021-04-16 19:53:42] 76561198036774377: Spawned Entity IV Start Kit (StartKitIV<fe7d2c70>, -1, 20) at <10320.990234, 9.278008, 2366.739258>
[COT 2021-04-16 19:53:42] 76561198036774377: Spawned Entity IV Start Kit (StartKitIV<bf2019c0>, -1, 20) at <10320.987305, 9.313246, 2366.720215>
[COT 2021-04-16 19:53:43] 76561198036774377: Spawned Entity IV Start Kit (StartKitIV<dc9889f0>, -1, 20) at <10321.312500, 9.187629, 2368.190430>
[COT 2021-04-16 19:53:43] 76561198036774377: Spawned Entity IV Start Kit (StartKitIV<e935ec00>, -1, 20) at <10321.307617, 9.222867, 2368.163574>
[COT 2021-04-16 19:53:45] 76561198036774377: Spawned Entity IV Start Kit (StartKitIV<e8bc4600>, -1, 20) at <10321.382813, 9.243887, 2365.790283>
[COT 2021-04-16 19:53:45] 76561198036774377: Spawned Entity IV Start Kit (StartKitIV<eb8075c0>, -1, 20) at <10321.376953, 9.279125, 2365.776855>
[COT 2021-04-16 19:53:47] 76561198036774377: Spawned Entity IV Start Kit (StartKitIV<eb812d60>, -1, 20) at <10320.988281, 9.343980, 2364.395996>
[COT 2021-04-16 19:53:47] 76561198036774377: Spawned Entity IV Start Kit (StartKitIV<ee0755e0>, -1, 20) at <10320.985352, 9.379218, 2364.390381>
[COT 2021-04-16 19:53:49] 76561198036774377: Spawned Entity IV Start Kit (StartKitIV<ee087e80>, -1, 20) at <10319.402344, 9.565437, 2365.367920>
[COT 2021-04-16 19:53:49] 76561198036774377: Spawned Entity IV Start Kit (StartKitIV<ee061810>, -1, 20) at <10319.408203, 9.600676, 2365.356201>
[COT 2021-04-16 19:53:51] 76561198036774377: Spawned Entity IV Start Kit (StartKitIV<ee068910>, -1, 20) at <10317.051758, 9.920417, 2366.116943>
[COT 2021-04-16 19:53:51] 76561198036774377: Spawned Entity IV Start Kit (StartKitIV<ee062630>, -1, 20) at <10317.073242, 9.955655, 2366.099854>
[COT 2021-04-16 19:53:57] 76561198036774377: Spawned Entity Blood Test Kit (BloodTestKit<ec71e6e0>, -1, 15) at <10316.867188, 9.912818, 2367.447266>
[COT 2021-04-16 19:53:57] 76561198036774377: Spawned Entity Blood Test Kit (BloodTestKit<eb027830>, -1, 15) at <10316.877930, 9.929144, 2367.435303>
[COT 2021-04-16 19:53:59] 76561198036774377: Spawned Entity Blood Test Kit (BloodTestKit<1588b950>, -1, 15) at <10315.668945, 10.142056, 2366.321289>
[COT 2021-04-16 19:53:59] 76561198036774377: Spawned Entity Blood Test Kit (BloodTestKit<cdb59170>, -1, 15) at <10315.683594, 10.158381, 2366.312256>
[COT 2021-04-16 19:54:00] 76561198036774377: Spawned Entity Blood Test Kit (BloodTestKit<febfc610>, -1, 15) at <10315.985352, 10.108372, 2365.803711>
[COT 2021-04-16 19:54:00] 76561198036774377: Spawned Entity Blood Test Kit (BloodTestKit<fc9ffee0>, -1, 15) at <10315.999023, 10.124698, 2365.796387>
[COT 2021-04-16 19:54:02] 76561198036774377: Spawned Entity Blood Test Kit (BloodTestKit<6b9df550>, -1, 15) at <10316.645508, 10.069149, 2363.948486>
[COT 2021-04-16 19:54:02] 76561198036774377: Spawned Entity Blood Test Kit (BloodTestKit<ecc03730>, -1, 15) at <10316.657227, 10.085474, 2363.947021>
[COT 2021-04-16 19:54:03] 76561198036774377: Spawned Entity Blood Test Kit (BloodTestKit<d3e38290>, -1, 15) at <10317.904297, 9.851608, 2363.974365>
[COT 2021-04-16 19:54:03] 76561198036774377: Spawned Entity Blood Test Kit (BloodTestKit<d11389f0>, -1, 15) at <10317.912109, 9.867934, 2363.972656>
[COT 2021-04-16 19:54:05] 76561198036774377: Spawned Entity Blood Test Kit (BloodTestKit<ccdfab10>, -1, 15) at <10319.332031, 9.602442, 2364.447266>
[COT 2021-04-16 19:54:05] 76561198036774377: Spawned Entity Blood Test Kit (BloodTestKit<fe7beea0>, -1, 15) at <10319.334961, 9.618768, 2364.444336>
[COT 2021-04-16 19:54:06] 76561198036774377: Spawned Entity Blood Test Kit (BloodTestKit<ed0ccc60>, -1, 15) at <10319.912109, 9.477907, 2365.577637>
[COT 2021-04-16 19:54:06] 76561198036774377: Spawned Entity Blood Test Kit (BloodTestKit<3d0fb040>, -1, 15) at <10319.913086, 9.494233, 2365.571777>
[COT 2021-04-16 19:54:07] 76561198036774377: Spawned Entity Blood Test Kit (BloodTestKit<3d0f5b80>, -1, 15) at <10320.602539, 9.368868, 2365.637939>
[COT 2021-04-16 19:54:08] 76561198036774377: Spawned Entity Blood Test Kit (BloodTestKit<3d0f69a0>, -1, 15) at <10320.602539, 9.385193, 2365.632080>
[COT 2021-04-16 19:54:09] 76561198036774377: Spawned Entity Blood Test Kit (BloodTestKit<3d0f8cf0>, -1, 15) at <10321.873047, 9.144018, 2366.649170>
[COT 2021-04-16 19:54:09] 76561198036774377: Spawned Entity Blood Test Kit (BloodTestKit<3d0f7ed0>, -1, 15) at <10321.869141, 9.160344, 2366.640869>
[COT 2021-04-16 19:54:10] 76561198036774377: Spawned Entity Blood Test Kit (BloodTestKit<3d0fa220>, -1, 15) at <10321.322266, 9.258105, 2368.087646>
[COT 2021-04-16 19:54:11] 76561198036774377: Spawned Entity Blood Test Kit (BloodTestKit<3d0fb750>, -1, 15) at <10321.320313, 9.274431, 2368.075439>
[COT 2021-04-16 19:54:18] 76561198036774377: Spawned Entity Splint (Splint<3d10bca0>, -1, 70) at <10321.317383, 9.290757, 2368.063477>
[COT 2021-04-16 19:54:20] 76561198036774377: Spawned Entity Splint (Splint<3d10ee10>, -1, 70) at <10321.219727, 9.231411, 2367.141846>
[COT 2021-04-16 19:54:21] 76561198036774377: Spawned Entity Splint (Splint<3d10fc30>, -1, 70) at <10320.668945, 9.368622, 2365.276855>
[COT 2021-04-16 19:54:23] 76561198036774377: Spawned Entity Splint (Splint<3d110340>, -1, 70) at <10320.008789, 9.493847, 2364.456055>
[COT 2021-04-16 19:54:24] 76561198036774377: Spawned Entity Splint (Splint<3d10d1d0>, -1, 70) at <10319.124023, 9.625591, 2364.803955>
[COT 2021-04-16 19:54:25] 76561198036774377: Spawned Entity Splint (Splint<3d110a50>, -1, 70) at <10317.750977, 9.836027, 2365.135742>
[COT 2021-04-16 19:54:27] 76561198036774377: Spawned Entity Splint (Splint<3d10c3b0>, -1, 70) at <10316.412109, 10.012178, 2366.498779>
[COT 2021-04-16 19:54:28] 76561198036774377: Spawned Entity Splint (Splint<3d111160>, -1, 70) at <10316.458984, 9.942686, 2368.711670>
[COT 2021-04-16 19:54:41] 76561198036774377: Spawned Entity Advanced Medkit (MassMedical_Bag<3d10cac0>, -1, 100) at <10315.731445, 10.094364, 2367.450928>
[COT 2021-04-16 19:54:43] 76561198036774377: Spawned Entity Advanced Medkit (MassMedical_Bag<3d10d8e0>, -1, 100) at <10318.372070, 9.740711, 2364.995361>
[COT 2021-04-16 19:54:46] 76561198036774377: Spawned Entity Advanced Medkit (MassMedical_Bag<3ef48400>, -1, 100) at <10320.304688, 9.407444, 2365.904785>
[COT 2021-04-16 19:54:48] 76561198036774377: Spawned Entity Advanced Medkit (MassMedical_Bag<3ef4c390>, -1, 100) at <10320.767578, 9.319757, 2366.482178>
[COT 2021-04-16 19:54:50] 76561198036774377: Spawned Entity Advanced Medkit (MassMedical_Bag<3ef50320>, -1, 100) at <10320.413086, 9.346319, 2367.489502>
[COT 2021-04-16 19:54:52] 76561198036774377: Spawned Entity Advanced Medkit (MassMedical_Bag<3ef4a040>, -1, 100) at <10320.367188, 9.399434, 2365.847900>
[COT 2021-04-16 19:55:06] 76561198036774377: Spawned Entity Saline Bag (SalineBag<3ef4e6e0>, -1, 20) at <10320.740234, 9.457853, 2366.463867>
[COT 2021-04-16 19:55:06] 76561198036774377: Spawned Entity Saline Bag (SalineBag<3ef4edf0>, -1, 20) at <10320.738281, 9.487971, 2366.449219>
[COT 2021-04-16 19:55:07] 76561198036774377: Spawned Entity Saline Bag (SalineBag<3ef4caa0>, -1, 20) at <10320.548828, 9.389266, 2365.203613>
[COT 2021-04-16 19:55:08] 76561198036774377: Spawned Entity Saline Bag (SalineBag<3ef49930>, -1, 20) at <10320.547852, 9.419384, 2365.194824>
[COT 2021-04-16 19:55:09] 76561198036774377: Spawned Entity Saline Bag (SalineBag<3ef48b10>, -1, 20) at <10320.075195, 9.474392, 2364.781250>
[COT 2021-04-16 19:55:09] 76561198036774377: Spawned Entity Saline Bag (SalineBag<3ef4dfd0>, -1, 20) at <10320.077148, 9.504510, 2364.774414>
[COT 2021-04-16 19:55:10] 76561198036774377: Spawned Entity Saline Bag (SalineBag<3ef50a30>, -1, 20) at <10319.447266, 9.575026, 2364.764648>
[COT 2021-04-16 19:55:10] 76561198036774377: Spawned Entity Saline Bag (SalineBag<3ef4d1b0>, -1, 20) at <10319.452148, 9.605143, 2364.757813>
[COT 2021-04-16 19:55:12] 76561198036774377: Spawned Entity Saline Bag (SalineBag<3ef49220>, -1, 20) at <10317.248047, 9.929367, 2364.846924>
[COT 2021-04-16 19:55:12] 76561198036774377: Spawned Entity Saline Bag (SalineBag<3ef4f500>, -1, 20) at <10317.265625, 9.959484, 2364.839111>
[COT 2021-04-16 19:55:13] 76561198036774377: Spawned Entity Saline Bag (SalineBag<3ef51f60>, -1, 20) at <10316.061523, 10.108612, 2365.474609>
[COT 2021-04-16 19:55:13] 76561198036774377: Spawned Entity Saline Bag (SalineBag<3ef4fc10>, -1, 20) at <10316.085938, 10.138729, 2365.463135>
[COT 2021-04-16 19:55:15] 76561198036774377: Spawned Entity Saline Bag (SalineBag<3ef550d0>, -1, 20) at <10315.369141, 10.183626, 2366.574707>
[COT 2021-04-16 19:55:15] 76561198036774377: Spawned Entity Saline Bag (SalineBag<3ef51140>, -1, 20) at <10315.398438, 10.213743, 2366.556641>
[COT 2021-04-16 19:55:17] 76561198036774377: Spawned Entity Saline Bag (SalineBag<3ef51850>, -1, 20) at <10319.202148, 9.482805, 2369.457031>
[COT 2021-04-16 19:55:17] 76561198036774377: Spawned Entity Saline Bag (SalineBag<3ef52d80>, -1, 20) at <10319.208008, 9.512922, 2369.426514>
[COT 2021-04-16 19:55:18] 76561198036774377: Spawned Entity Saline Bag (SalineBag<3ef53ba0>, -1, 20) at <10319.760742, 9.430790, 2368.122070>
[COT 2021-04-16 19:55:18] 76561198036774377: Spawned Entity Saline Bag (SalineBag<3ef542b0>, -1, 20) at <10319.763672, 9.460908, 2368.098633>
[COT 2021-04-16 19:55:20] 76561198036774377: Spawned Entity Saline Bag (SalineBag<3ef549c0>, -1, 20) at <10320.279297, 9.398132, 2366.380615>
[COT 2021-04-16 19:55:20] 76561198036774377: Spawned Entity Saline Bag (SalineBag<3ef4d8c0>, -1, 20) at <10320.280273, 9.428250, 2366.365967>
[COT 2021-04-16 19:55:21] 76561198036774377: Spawned Entity Saline Bag (SalineBag<3ef5c8e0>, -1, 20) at <10319.954102, 9.484739, 2365.094482>
[COT 2021-04-16 19:55:21] 76561198036774377: Spawned Entity Saline Bag (SalineBag<3ef56600>, -1, 20) at <10319.956055, 9.514856, 2365.085938>
[COT 2021-04-16 19:55:23] 76561198036774377: Spawned Entity Saline Bag (SalineBag<3ef5c1d0>, -1, 20) at <10319.140625, 9.613726, 2365.136719>
[COT 2021-04-16 19:55:23] 76561198036774377: Spawned Entity Saline Bag (SalineBag<3ef57b30>, -1, 20) at <10319.147461, 9.643843, 2365.127930>
[COT 2021-04-16 19:55:24] 76561198036774377: Spawned Entity Saline Bag (SalineBag<3ef5aca0>, -1, 20) at <10318.832031, 9.678701, 2364.580322>
[COT 2021-04-16 19:55:25] 76561198036774377: Spawned Entity Saline Bag (SalineBag<3ef5bac0>, -1, 20) at <10318.840820, 9.708819, 2364.574219>
[COT 2021-04-16 19:55:26] 76561198036774377: Spawned Entity Saline Bag (SalineBag<3ef5cff0>, -1, 20) at <10317.686523, 9.872530, 2364.385254>
[COT 2021-04-16 19:55:26] 76561198036774377: Spawned Entity Saline Bag (SalineBag<3ef557e0>, -1, 20) at <10317.701172, 9.902648, 2364.380127>
[COT 2021-04-16 19:55:28] 76561198036774377: Spawned Entity Saline Bag (SalineBag<3ef59060>, -1, 20) at <10318.527344, 9.768135, 2363.379395>
[COT 2021-04-16 19:55:28] 76561198036774377: Spawned Entity Saline Bag (SalineBag<3ef58950>, -1, 20) at <10318.537109, 9.798253, 2363.379639>
[COT 2021-04-16 19:55:53] 76561198036774377: Spawned Entity Medical Backpack (MountainBag_ColorBase<3cb57320>, -1, 100) at <10318.075195, 9.834446, 2363.670410>
[COT 2021-04-16 19:55:55] 76561198036774377: Spawned Entity Medical Backpack (MountainBag_ColorBase<3cb538a0>, -1, 100) at <10319.447266, 9.606907, 2363.627441>
[COT 2021-04-16 19:55:56] 76561198036774377: Spawned Entity Medical Backpack (MountainBag_ColorBase<3cb54740>, -1, 100) at <10319.727539, 9.538176, 2364.482666>
[COT 2021-04-16 19:55:58] 76561198036774377: Spawned Entity Medical Backpack (MountainBag_ColorBase<3cb581c0>, -1, 100) at <10320.325195, 9.549530, 2365.803955>
[COT 2021-04-16 19:56:01] 76561198036774377: Spawned Entity Medical Backpack (MountainBag_ColorBase<3cb56480>, -1, 100) at <10319.958008, 9.419908, 2367.387451>
[COT 2021-04-16 19:56:03] 76561198036774377: Spawned Entity Medical Backpack (MountainBag_ColorBase<3cb59060>, -1, 100) at <10317.446289, 9.995844, 2365.037842>
[COT 2021-04-16 19:56:11] 76561198036774377: Spawned Entity NBC Bag (MassNBC_Bag<3ef5b3b0>, -1, 100) at <10317.045898, 9.925066, 2365.986084>
[COT 2021-04-16 19:56:12] 76561198036774377: Spawned Entity NBC Bag (MassNBC_Bag<3ef5fa50>, -1, 100) at <10316.220703, 10.179782, 2363.006348>
[COT 2021-04-16 19:56:15] 76561198036774377: Spawned Entity NBC Bag (MassNBC_Bag<3ef60160>, -1, 100) at <10316.829102, 10.041483, 2363.851074>
[COT 2021-04-16 19:56:18] 76561198036774377: Spawned Entity WaterProof Clothing Bag (MassClothing_Bag<3ef62bc0>, -1, 100) at <10316.245117, 10.124315, 2364.292725>
[COT 2021-04-16 19:56:20] 76561198036774377: Spawned Entity WaterProof Clothing Bag (MassClothing_Bag<3ef65620>, -1, 100) at <10316.986328, 10.027198, 2363.531006>
[COT 2021-04-16 19:56:21] 76561198036774377: Spawned Entity WaterProof Clothing Bag (MassClothing_Bag<3ef64800>, -1, 100) at <10318.818359, 11.415965, 2364.228271>
[COT 2021-04-16 19:56:23] 76561198036774377: Spawned Entity WaterProof Clothing Bag (MassClothing_Bag<3ef67970>, -1, 100) at <10318.634766, 9.694877, 2365.128906>
[COT 2021-04-16 19:56:38] 76561198036774377: Spawned Entity Assault Vest (MassSmershvestcomplete<3cb6f6b0>, -1, 100) at <10320.190430, 9.398342, 2366.863037>
[COT 2021-04-16 19:56:40] 76561198036774377: Spawned Entity Assault Vest (MassSmershvestcomplete<3cb73130>, -1, 100) at <10320.015625, 9.375256, 2368.655029>
[COT 2021-04-16 19:56:42] 76561198036774377: Spawned Entity Assault Vest (MassSmershvestcomplete<3cb6fe00>, -1, 100) at <10318.233398, 9.655610, 2368.819336>
[COT 2021-04-16 19:56:44] 76561198036774377: Spawned Entity Assault Vest (MassSmershvestcomplete<3cb74e70>, -1, 100) at <10316.972656, 9.965168, 2365.141602>
[COT 2021-04-16 19:56:50] 76561198036774377: Spawned Entity WW2 USMedic Bag (SmershBag<3cb70550>, -1, 300) at <10318.822266, 9.656584, 2365.426758>
[COT 2021-04-16 19:56:52] 76561198036774377: Spawned Entity WW2 USMedic Bag (SmershBag<3cb6e0c0>, -1, 300) at <10319.752930, 9.500360, 2365.686035>
[COT 2021-04-16 19:56:53] 76561198036774377: Spawned Entity WW2 USMedic Bag (SmershBag<3cb755c0>, -1, 300) at <10320.263672, 9.535506, 2366.767578>
[COT 2021-04-16 19:56:55] 76561198036774377: Spawned Entity WW2 USMedic Bag (SmershBag<3cb70ca0>, -1, 300) at <10321.108398, 9.314330, 2364.792969>
[COT 2021-04-16 19:57:12] 76561198036774377: Spawned Entity Paramedic Pants (ParamedicPants_Blue<3cb7ad80>, -1, 100) at <10319.804688, 9.463062, 2366.725586>
[COT 2021-04-16 19:57:14] 76561198036774377: Spawned Entity Paramedic Pants (ParamedicPants_Blue<3cb79ee0>, -1, 100) at <10320.269531, 9.422323, 2365.569092>
[COT 2021-04-16 19:57:16] 76561198036774377: Spawned Entity Paramedic Pants (ParamedicPants_Crimson<3cb77a50>, -1, 100) at <10320.279297, 9.457489, 2364.257080>
[COT 2021-04-16 19:57:18] 76561198036774377: Spawned Entity Paramedic Pants (ParamedicPants_Crimson<3cb7b4d0>, -1, 100) at <10319.092773, 9.785408, 2364.677979>
[COT 2021-04-16 19:57:20] 76561198036774377: Spawned Entity Paramedic Pants (ParamedicPants_Green<3cb7c370>, -1, 100) at <10316.561523, 10.089969, 2363.789795>
[COT 2021-04-16 19:57:22] 76561198036774377: Spawned Entity Paramedic Pants (ParamedicPants_Green<3cb7d210>, -1, 100) at <10316.022461, 10.150339, 2364.598633>
[COT 2021-04-16 19:57:24] 76561198036774377: Spawned Entity Paramedic Jacket (ParamedicJacket_Blue<3cb7d960>, -1, 100) at <10316.231445, 10.073740, 2365.613281>
[COT 2021-04-16 19:57:26] 76561198036774377: Spawned Entity Paramedic Jacket (ParamedicJacket_Blue<3cb76bb0>, -1, 100) at <10317.487305, 9.899937, 2364.560303>
[COT 2021-04-16 19:57:28] 76561198036774377: Spawned Entity Paramedic Jacket (ParamedicJacket_Crimson<3cb81b30>, -1, 100) at <10318.937500, 9.669787, 2364.296875>
[COT 2021-04-16 19:57:29] 76561198036774377: Spawned Entity Paramedic Jacket (ParamedicJacket_Crimson<3cb82280>, -1, 100) at <10320.035156, 9.502070, 2364.017090>
[COT 2021-04-16 19:57:32] 76561198036774377: Spawned Entity Paramedic Jacket (ParamedicJacket_Green<3cb829d0>, -1, 100) at <10320.274414, 9.721251, 2365.968750>
[COT 2021-04-16 19:57:33] 76561198036774377: Spawned Entity Paramedic Jacket (ParamedicJacket_Green<3cb87a40>, -1, 100) at <10320.887695, 9.320494, 2365.790039>
[COT 2021-04-16 19:57:50] 76561198036774377: Spawned Entity Hardigg (hardigg_Mung<3ef28070>, -1, 1.21575e+09) at <10323.936523, 8.837133, 2366.261719>
[COT 2021-04-16 19:57:52] 76561198036774377: Spawned Entity Hardigg (hardigg_Mung<3ef295a0>, -1, 1.21575e+09) at <10323.040039, 9.021923, 2364.565430>
[COT 2021-04-16 19:57:54] 76561198036774377: Spawned Entity Hardigg (hardigg_Mung<3ef2dc40>, -1, 1.21575e+09) at <10322.158203, 9.218525, 2362.445313>
[COT 2021-04-16 19:58:02] 76561198036774377: Spawned Entity Gunwall display kit (gunwall_metal_kit_mung<3a2f39e0>, -1, 100) at <10318.639648, 9.974960, 2360.794434>
[COT 2021-04-16 19:58:07] 76561198036774377: Spawned Entity Gunwall display kit (gunwall_kit_mung<3a2f06b0>, -1, 100) at <10318.145508, 10.008154, 2361.257813>
[COT 2021-04-16 19:59:15] 76561198036774377: Spawned Entity Dust Mask (NioshFaceMask<3a2ee970>, -1, 100) at <10318.861328, 9.594515, 2367.421143>
[COT 2021-04-16 19:59:16] 76561198036774377: Spawned Entity Dust Mask (NioshFaceMask<3a2cf830>, -1, 100) at <10318.036133, 9.731612, 2367.239014>
[COT 2021-04-16 19:59:17] 76561198036774377: Spawned Entity Dust Mask (NioshFaceMask<3a2d8a70>, -1, 100) at <10318.080078, 9.716253, 2367.538086>
[COT 2021-04-16 19:59:19] 76561198036774377: Spawned Entity Dust Mask (NioshFaceMask<3a2da060>, -1, 100) at <10318.364258, 9.650974, 2368.244385>
[COT 2021-04-16 19:59:23] 76561198036774377: Spawned Entity Surgical Mask (SurgicalMask<3a2da7b0>, -1, 100) at <10318.369141, 9.725174, 2368.278564>
[COT 2021-04-16 19:59:24] 76561198036774377: Spawned Entity Surgical Mask (SurgicalMask<3a2d91c0>, -1, 100) at <10318.034180, 9.708654, 2368.070068>
[COT 2021-04-16 19:59:26] 76561198036774377: Spawned Entity Surgical Mask (SurgicalMask<3a2d8320>, -1, 100) at <10317.992188, 9.735491, 2367.351563>
[COT 2021-04-16 19:59:27] 76561198036774377: Spawned Entity Surgical Mask (SurgicalMask<3a2daf00>, -1, 100) at <10318.666992, 9.618730, 2367.662354>
[COT 2021-04-16 20:10:31] 76561198036774377: Spawned Entity Lab Coat (LabCoat<37c851b0>, -1, 100) at <10318.756836, 9.666139, 2367.774414>
[COT 2021-04-16 20:10:32] 76561198036774377: Spawned Entity Lab Coat (LabCoat<37c77650>, -1, 100) at <10317.847656, 9.756630, 2367.423584>
[COT 2021-04-16 20:10:34] 76561198036774377: Spawned Entity Lab Coat (LabCoat<37c708a0>, -1, 100) at <10317.080078, 9.870903, 2367.729248>
[COT 2021-04-16 20:10:35] 76561198036774377: Spawned Entity Lab Coat (LabCoat<37c79ae0>, -1, 100) at <10317.842773, 9.716922, 2368.872070>
[COT 2021-04-16 20:10:37] 76561198036774377: Spawned Entity Lab Coat (LabCoat<37c77da0>, -1, 100) at <10318.837891, 9.560652, 2368.769043>
[COT 2021-04-16 20:10:46] 76561198036774377: Spawned Entity NBC longcoat (nbc_longcoat_mung<37c76f00>, -1, 100) at <10320.406250, 9.322380, 2368.385010>
[COT 2021-04-16 20:10:48] 76561198036774377: Spawned Entity NBC longcoat (nbc_longcoat_mung<37c7a230>, -1, 100) at <10318.589844, 9.570822, 2369.816895>
[COT 2021-04-16 20:10:50] 76561198036774377: Spawned Entity NBC longcoat (nbc_longcoat_mung<37c784f0>, -1, 100) at <10317.432617, 9.773729, 2369.191406>
[COT 2021-04-16 20:10:51] 76561198036774377: Spawned Entity NBC longcoat (nbc_longcoat_mung<37c73480>, -1, 100) at <10274.022461, 26.327179, 2304.058105>
[COT 2021-04-16 20:10:53] 76561198036774377: Spawned Entity NBC longcoat (nbc_longcoat_mung<37c7a980>, -1, 100) at <10316.338867, 9.968881, 2368.461914>
[COT 2021-04-16 20:11:20] 76561198036774377: Spawned Entity Scrub Hat (MedicalScrubsHat_Blue<37c78c40>, -1, 100) at <10320.876953, 9.386331, 2363.505371>
[COT 2021-04-16 20:11:21] 76561198036774377: Spawned Entity Scrub Hat (MedicalScrubsHat_Blue<37c79390>, -1, 100) at <10321.172852, 9.334808, 2363.705322>
[COT 2021-04-16 20:11:24] 76561198036774377: Spawned Entity Scrub Hat (MedicalScrubsHat_White<37c73bd0>, -1, 100) at <10320.850586, 9.418215, 2362.510254>
[COT 2021-04-16 20:11:25] 76561198036774377: Spawned Entity Scrub Hat (MedicalScrubsHat_White<37c7b0d0>, -1, 100) at <10320.661133, 9.445325, 2362.588135>
[COT 2021-04-16 20:11:28] 76561198036774377: Spawned Entity Scrub Hat (MedicalScrubsHat_Green<37c81e80>, -1, 100) at <10320.247070, 9.506198, 2362.697998>
[COT 2021-04-16 20:11:29] 76561198036774377: Spawned Entity Scrub Hat (MedicalScrubsHat_Green<3770b830>, -1, 100) at <10319.946289, 9.532888, 2363.423584>
[COT 2021-04-16 20:11:31] 76561198036774377: Spawned Entity Scrub Pants (MedicalScrubsPants_Blue<3770c6d0>, -1, 100) at <10319.623047, 9.600614, 2362.859375>
[COT 2021-04-16 20:11:33] 76561198036774377: Spawned Entity Scrub Pants (MedicalScrubsPants_Blue<3770a990>, -1, 100) at <10319.834961, 9.585505, 2362.437500>
[COT 2021-04-16 20:11:35] 76561198036774377: Spawned Entity Scrub Pants (MedicalScrubsPants_Green<3770ce20>, -1, 100) at <10320.250000, 9.556736, 2361.940674>
[COT 2021-04-16 20:11:37] 76561198036774377: Spawned Entity Scrub Pants (MedicalScrubsPants_Green<37706070>, -1, 100) at <10319.369141, 9.758922, 2361.603760>
[COT 2021-04-16 20:11:38] 76561198036774377: Spawned Entity Scrub Pants (MedicalScrubsPants_White<377093a0>, -1, 100) at <10318.707031, 9.808451, 2362.178711>
[COT 2021-04-16 20:11:40] 76561198036774377: Spawned Entity Scrub Pants (MedicalScrubsPants_White<37707db0>, -1, 100) at <10318.752930, 9.747850, 2362.913086>
[COT 2021-04-16 20:11:42] 76561198036774377: Spawned Entity Scrub T-Shirt (MedicalScrubsShirt_Blue<37709af0>, -1, 100) at <10318.667969, 9.957815, 2362.319336>
[COT 2021-04-16 20:11:44] 76561198036774377: Spawned Entity Scrub T-Shirt (MedicalScrubsShirt_Blue<3770d570>, -1, 100) at <10319.361328, 9.678027, 2362.338135>
[COT 2021-04-16 20:11:46] 76561198036774377: Spawned Entity Scrub T-Shirt (MedicalScrubsShirt_Green<377067c0>, -1, 100) at <10319.590820, 9.687833, 2361.899170>
[COT 2021-04-16 20:11:48] 76561198036774377: Spawned Entity Scrub T-Shirt (MedicalScrubsShirt_Green<3770a240>, -1, 100) at <10320.218750, 9.734869, 2362.428467>
[COT 2021-04-16 20:11:50] 76561198036774377: Spawned Entity Scrub T-Shirt (MedicalScrubsShirt_White<3770dcc0>, -1, 100) at <10320.208008, 9.503377, 2363.019043>
[COT 2021-04-16 20:11:51] 76561198036774377: Spawned Entity Scrub T-Shirt (MedicalScrubsShirt_White<37706f10>, -1, 100) at <10320.673828, 9.509391, 2362.996094>
[COT 2021-04-16 20:12:01] 76561198036774377: Spawned Entity Syringe (ClearSyringe<d3e2b5c0>, 20, 20) at <10320.706055, 9.606853, 2364.178711>
[COT 2021-04-16 20:12:03] 76561198036774377: Spawned Entity Syringe (ClearSyringe<d3e2caf0>, 20, 20) at <10320.580078, 9.449502, 2365.156006>
[COT 2021-04-16 20:12:04] 76561198036774377: Spawned Entity Syringe (ClearSyringe<4116ef10>, 20, 20) at <10319.374023, 9.535762, 2366.585449>
[COT 2021-04-16 20:12:06] 76561198036774377: Spawned Entity Syringe (ClearSyringe<41156390>, 20, 20) at <10319.791992, 9.503631, 2365.344482>
[COT 2021-04-16 20:12:07] 76561198036774377: Spawned Entity Syringe (ClearSyringe<d3e318a0>, 20, 20) at <10319.365234, 9.605144, 2364.844727>
[COT 2021-04-16 20:12:08] 76561198036774377: Spawned Entity Syringe (ClearSyringe<ee064270>, 20, 20) at <10319.482422, 9.578135, 2364.449951>
[COT 2021-04-16 20:12:10] 76561198036774377: Spawned Entity Syringe (ClearSyringe<f5552320>, 20, 20) at <10318.434570, 9.737531, 2364.754395>
[COT 2021-04-16 20:12:13] 76561198036774377: Spawned Entity Syringe (BloodSyringe<e6f77040>, 20, 20) at <10318.222656, 9.776203, 2364.578613>
[COT 2021-04-16 20:12:15] 76561198036774377: Spawned Entity Syringe (BloodSyringe<ecc0e7c0>, 20, 20) at <10319.814453, 9.513535, 2364.863037>
[COT 2021-04-16 20:12:16] 76561198036774377: Spawned Entity Syringe (BloodSyringe<fdf25a90>, 20, 20) at <10320.616211, 9.381383, 2365.117920>
[COT 2021-04-16 20:12:17] 76561198036774377: Spawned Entity Syringe (BloodSyringe<ed0d75e0>, 20, 20) at <10320.840820, 9.316381, 2366.198486>
[COT 2021-04-16 20:12:19] 76561198036774377: Spawned Entity Syringe (BloodSyringe<49e9b290>, 20, 20) at <10320.890625, 9.278389, 2367.282471>
[COT 2021-04-16 20:12:35] 76561198036774377: Spawned Entity Defibrillator (Defibrillator<37716f00>, -1, 100) at <10321.423828, 9.241695, 2365.642822>
[COT 2021-04-16 20:12:36] 76561198036774377: Spawned Entity Defibrillator (Defibrillator<377108a0>, -1, 100) at <10320.722656, 9.386582, 2364.343262>
[COT 2021-04-16 20:12:38] 76561198036774377: Spawned Entity Defibrillator (Defibrillator<37711e90>, -1, 100) at <10321.566406, 9.280234, 2363.481445>
[COT 2021-04-16 20:12:53] 76561198036774377: Spawned Entity NBC Black Hood (Clothing<3771a980>, -1, 100) at <10317.876953, 9.895744, 2362.989990>
[COT 2021-04-16 20:12:56] 76561198036774377: Spawned Entity NBC Black Hood (Clothing<37721e80>, -1, 100) at <10317.334961, 10.003256, 2362.628662>
[COT 2021-04-16 20:12:58] 76561198036774377: Spawned Entity NBC Green Hood (Clothing<3771e400>, -1, 100) at <10317.726563, 9.939040, 2362.548340>
[COT 2021-04-16 20:13:00] 76561198036774377: Spawned Entity NBC Yellow Hood (Clothing<3771eb50>, -1, 100) at <10318.354492, 9.824606, 2362.710693>
[COT 2021-04-16 20:13:03] 76561198036774377: Spawned Entity NBC Black Jacket (NBCJacketBase<3771b0d0>, -1, 100) at <10317.840820, 9.985742, 2363.029541>
[COT 2021-04-16 20:13:05] 76561198036774377: Spawned Entity NBC Black Jacket (NBCJacketBase<3771f9f0>, -1, 100) at <10316.220703, 10.287953, 2361.715576>
[COT 2021-04-16 20:13:07] 76561198036774377: Spawned Entity NBC Green Jacket (NBCJacketBase<37722d20>, -1, 100) at <10316.476563, 10.212828, 2361.993896>
[COT 2021-04-16 20:13:09] 76561198036774377: Spawned Entity NBC Yellow Jacket (NBCJacketBase<37721730>, -1, 100) at <10317.372070, 10.053753, 2362.038818>
[COT 2021-04-16 20:13:11] 76561198036774377: Spawned Entity NBC Black Pant (NBCPantsBase<377225d0>, -1, 100) at <10317.655273, 10.015621, 2361.946289>
[COT 2021-04-16 20:13:11] 76561198036774377: Spawned Entity NBC Black Pant (NBCPantsBase<377284e0>, -1, 100) at <10317.655273, 10.015621, 2361.946289>
[COT 2021-04-16 20:13:13] 76561198036774377: Spawned Entity NBC Green Pant (NBCPantsBase<37726ef0>, -1, 100) at <10317.954102, 10.020519, 2361.440186>
[COT 2021-04-16 20:13:15] 76561198036774377: Spawned Entity NBC Yellow Pant (NBCPantsBase<3772b0c0>, -1, 100) at <10317.453125, 10.171728, 2360.861816>
[COT 2021-04-16 20:13:17] 76561198036774377: Spawned Entity NBC Black Shoes (NBCBootsBase<37726050>, -1, 70) at <10317.028320, 10.078668, 2362.345215>
[COT 2021-04-16 20:13:17] 76561198036774377: Spawned Entity NBC Black Shoes (NBCBootsBase<37724310>, -1, 70) at <10317.200195, 10.182937, 2362.345947>
[COT 2021-04-16 20:13:20] 76561198036774377: Spawned Entity NBC Green Shoes (NBCBootsBase<3772eb40>, -1, 70) at <10318.350586, 9.939434, 2361.555664>
[COT 2021-04-16 20:13:21] 76561198036774377: Spawned Entity NBC Yellow Shoes (NBCBootsBase<3772bf60>, -1, 70) at <10318.728516, 9.883448, 2361.475586>
[COT 2021-04-16 20:13:23] 76561198036774377: Spawned Entity NBC Yellow Gloves (NBCGloves_ColorBase<37730130>, -1, 30) at <10319.570313, 9.810281, 2361.242676>
[COT 2021-04-16 20:13:24] 76561198036774377: Spawned Entity NBC Yellow Gloves (NBCGloves_ColorBase<3772f290>, -1, 30) at <10319.596680, 9.862600, 2361.265137>
[COT 2021-04-16 20:13:26] 76561198036774377: Spawned Entity NBC Black Gloves (NBCGloves_ColorBase<3772ce00>, -1, 30) at <10319.836914, 9.753945, 2360.931396>
[COT 2021-04-16 20:13:26] 76561198036774377: Spawned Entity NBC Black Gloves (NBCGloves_ColorBase<3772d550>, -1, 30) at <10319.836914, 9.753942, 2360.931396>
[COT 2021-04-16 20:13:28] 76561198036774377: Spawned Entity NBC Green Gloves (NBCGloves_ColorBase<3772c6b0>, -1, 30) at <10320.060547, 9.673144, 2361.279053>
[COT 2021-04-16 20:13:28] 76561198036774377: Spawned Entity NBC Green Gloves (NBCGloves_ColorBase<3772dca0>, -1, 30) at <10320.060547, 9.673144, 2361.279053>
[COT 2021-04-16 20:18:18] 76561198036774377: Spawned Entity Large Tent (LargeTent<f0c73960>, -1, 2000) at <10321.104492, 9.172837, 2370.467041>
[COT 2021-04-16 20:18:19] 76561198036774377: Spawned Entity Large Tent (LargeTent<f0c6dea0>, -1, 2000) at <10321.104492, 9.185936, 2370.467041>
[COT 2021-04-16 20:18:21] 76561198036774377: Spawned Entity Large Tent (LargeTent<f0c6e630>, -1, 2000) at <10321.104492, 9.199035, 2370.467041>
[COT 2021-04-16 20:23:31] 76561198036774377: Set GodMode To true [guid=mBNlxASsPlOcry0dpDl8K-WgHNR5WMCMmoJ9NhpU4FY=]
[COT 2021-04-16 20:23:31] 76561198036774377: Set UnlimitedAmmo To true [guid=mBNlxASsPlOcry0dpDl8K-WgHNR5WMCMmoJ9NhpU4FY=]
[COT 2021-04-16 20:23:31] 76561198036774377: Set UnlimitedStamina To true [guid=mBNlxASsPlOcry0dpDl8K-WgHNR5WMCMmoJ9NhpU4FY=]
[COT 2021-04-16 20:23:37] 76561198036774377: Entered the Free Camera
[COT 2021-04-16 20:25:41] 76561198036774377: Left the Free Camera
[COT 2021-04-16 20:25:43] 76561198036774377: Entered the Free Camera
