[COT 2021-04-04 18:37:57] 76561198036774377: Set GodMode To false [guid=mBNlxASsPlOcry0dpDl8K-WgHNR5WMCMmoJ9NhpU4FY=]
[COT 2021-04-04 18:37:57] 76561198036774377: Set UnlimitedAmmo To true [guid=mBNlxASsPlOcry0dpDl8K-WgHNR5WMCMmoJ9NhpU4FY=]
[COT 2021-04-04 18:37:57] 76561198036774377: Set UnlimitedStamina To false [guid=mBNlxASsPlOcry0dpDl8K-WgHNR5WMCMmoJ9NhpU4FY=]
[COT 2021-04-04 18:37:59] 76561198036774377: Set UnlimitedStamina To true [guid=mBNlxASsPlOcry0dpDl8K-WgHNR5WMCMmoJ9NhpU4FY=]
[COT 2021-04-04 18:38:02] 76561198036774377: Healed [guid=mBNlxASsPlOcry0dpDl8K-WgHNR5WMCMmoJ9NhpU4FY=]
[COT 2021-04-04 18:38:28] 76561198036774377: Teleported to position <5752.454590, 117.330002, 4598.725098>
[COT 2021-04-04 18:39:01] 76561198036774377: Spawned Entity ADMIN HATCHET (admin_Hatchet<de754dd0>, -1, 150) at <5755.549805, 117.376892, 4600.581055>
[COT 2021-04-04 18:39:19] 76561198036774377: Spawned Entity Tier 2 Gate Kit (BBP_T2_GateKit<de753fb0>, -1, 100) at <5755.549805, 117.376892, 4600.581055>
[COT 2021-04-04 18:39:19] 76561198036774377: Spawned Entity Tier 2 Gate Kit (BBP_T2_GateKit<de751550>, -1, 100) at <5755.549805, 117.376892, 4600.581055>
[COT 2021-04-04 18:40:51] 76561198036774377: Entered the Free Camera
[COT 2021-04-04 18:42:54] 76561198036774377: Spawned Entity Tier 3 Door Kit (BBP_T3_DoorKit<de76c420>, -1, 100) at <5864.052246, 138.950424, 4679.431641>
[COT 2021-04-04 18:43:01] 76561198036774377: Left the Free Camera
[COT 2021-04-04 18:44:04] 76561198036774377: Spawned Entity CodeLock (CodeLock<f7b10c60>, -1, 1500) at <5864.911133, 138.990250, 4679.883789>
[COT 2021-04-04 18:44:05] 76561198036774377: Spawned Entity CodeLock (CodeLock<f7b20c50>, -1, 1500) at <5864.911133, 138.990250, 4679.883789>
[COT 2021-04-04 18:44:48] 76561198036774377: Spawned Entity Tier 3 Wall Kit (BBP_T3_WallKit<de757120>, -1, 100) at <5872.787598, 139.049179, 4677.169922>
[COT 2021-04-04 18:44:48] 76561198036774377: Spawned Entity Tier 3 Wall Kit (BBP_T3_WallKit<de757830>, -1, 100) at <5872.787598, 139.049179, 4677.169922>
[COT 2021-04-04 18:45:54] 76561198036774377: Entered the Free Camera
[COT 2021-04-04 18:46:42] 76561198036774377: Left the Free Camera
[COT 2021-04-04 18:46:58] 76561198036774377: Spawned Entity Tier 2 Wall Kit (BBP_T2_WallKit<ec84d8a0>, -1, 100) at <5855.327637, 138.165909, 4658.343262>
[COT 2021-04-04 18:46:58] 76561198036774377: Spawned Entity Tier 2 Wall Kit (BBP_T2_WallKit<ec859040>, -1, 100) at <5855.327637, 138.165909, 4658.343262>
[COT 2021-04-04 18:47:59] 76561198036774377: Entered the Free Camera
[COT 2021-04-04 18:48:07] 76561198036774377: Left the Free Camera
[COT 2021-04-04 18:49:17] 76561198036774377: Entered the Free Camera
[COT 2021-04-04 18:49:47] 76561198036774377: Left the Free Camera
[COT 2021-04-04 18:49:59] 76561198036774377: Spawned Entity Tier 3 Gate Kit (BBP_T3_GateKit<e5743eb0>, -1, 100) at <5923.421875, 147.221085, 4701.800293>
[COT 2021-04-04 18:50:46] 76561198036774377: Entered the Free Camera
[COT 2021-04-04 18:51:17] 76561198036774377: Left the Free Camera
[COT 2021-04-04 18:51:24] 76561198036774377: Spawned Entity CodeLock (CodeLock<e395b5c0>, -1, 1500) at <5755.033691, 117.376892, 4600.042480>
[COT 2021-04-04 18:51:24] 76561198036774377: Spawned Entity CodeLock (CodeLock<d5df16d0>, -1, 1500) at <5755.033691, 117.376892, 4600.042480>
[COT 2021-04-04 18:52:31] 76561198036774377: Spawned Entity Hardigg 2.5 (hardigg3_mung<f7321100>, -1, 1.21575e+09) at <5754.817871, 125.377205, 4591.159180>
[COT 2021-04-04 18:52:56] 76561198036774377: Spawned Entity Sleepingbag red (sleepingbag_red_mung<c9c14ff0>, -1, 100) at <5755.435059, 125.056313, 4591.346191>
[COT 2021-04-04 18:52:57] 76561198036774377: Spawned Entity Sleepingbag red (sleepingbag_red_mung<c90c70e0>, -1, 100) at <5755.435059, 125.056313, 4591.346191>
[COT 2021-04-04 18:53:33] 76561198036774377: Spawned Entity AmericanRifle (CZ527_Base<ed3a1610>, -1, 300) at <5755.104492, 125.461876, 4589.866211>
[COT 2021-04-04 18:53:37] 76561198036774377: Spawned Entity AmericanRifle_mag_5Rnd (Mag_CZ527_5rnd<e124bcd0>, 1, 100) at <5755.104492, 125.461876, 4589.866211>
[COT 2021-04-04 18:53:37] 76561198036774377: Spawned Entity AmericanRifle_mag_5Rnd (Mag_CZ527_5rnd<e12505f0>, 1, 100) at <5755.104492, 125.461876, 4589.866211>
[COT 2021-04-04 18:53:38] 76561198036774377: Spawned Entity AmericanRifle_mag_5Rnd (Mag_CZ527_5rnd<de36b400>, 1, 100) at <5755.104492, 125.461876, 4589.866211>
[COT 2021-04-04 18:53:38] 76561198036774377: Spawned Entity AmericanRifle_mag_5Rnd (Mag_CZ527_5rnd<d3a5adb0>, 1, 100) at <5755.104492, 125.461876, 4589.866211>
[COT 2021-04-04 18:53:38] 76561198036774377: Spawned Entity AmericanRifle_mag_5Rnd (Mag_CZ527_5rnd<d30711a0>, 1, 100) at <5755.104492, 125.461876, 4589.866211>
[COT 2021-04-04 18:53:39] 76561198036774377: Spawned Entity AmericanRifle_mag_5Rnd (Mag_CZ527_5rnd<dc593450>, 1, 100) at <5755.104492, 125.461876, 4589.866211>
[COT 2021-04-04 18:53:39] 76561198036774377: Spawned Entity AmericanRifle_mag_5Rnd (Mag_CZ527_5rnd<dee709f0>, 1, 100) at <5755.104492, 125.461876, 4589.866211>
[COT 2021-04-04 18:53:39] 76561198036774377: Spawned Entity AmericanRifle_mag_5Rnd (Mag_CZ527_5rnd<e3953220>, 1, 100) at <5755.104492, 125.461876, 4589.866211>
[COT 2021-04-04 18:53:40] 76561198036774377: Spawned Entity AmericanRifle_mag_5Rnd (Mag_CZ527_5rnd<c9c206c0>, 1, 100) at <5755.104492, 125.461876, 4589.866211>
[COT 2021-04-04 18:53:40] 76561198036774377: Spawned Entity AmericanRifle_mag_5Rnd (Mag_CZ527_5rnd<e5c14320>, 1, 100) at <5755.104492, 125.461876, 4589.866211>
[COT 2021-04-04 18:53:51] 76561198036774377: Spawned Entity TWP_LongRangeOptic_Black (HuntingOptic<468b31d0>, -1, 100) at <5755.104492, 125.461876, 4589.866211>
[COT 2021-04-04 18:54:56] 76561198036774377: Spawned Entity BerettaPX4 (CZ75_Base<ed3d29d0>, -1, 170) at <5755.104492, 125.461876, 4589.866211>
[COT 2021-04-04 18:55:00] 76561198036774377: Spawned Entity BerettaPX4_mag_17Rnd (Mag_CZ75_15Rnd<c57e5dc0>, 1, 100) at <5755.104492, 125.461876, 4589.866211>
[COT 2021-04-04 18:55:01] 76561198036774377: Spawned Entity BerettaPX4_mag_17Rnd (Mag_CZ75_15Rnd<c5804060>, 1, 100) at <5755.104492, 125.461876, 4589.866211>
[COT 2021-04-04 18:55:01] 76561198036774377: Spawned Entity BerettaPX4_mag_17Rnd (Mag_CZ75_15Rnd<ebe21c40>, 1, 100) at <5755.104492, 125.461876, 4589.866211>
[COT 2021-04-04 18:55:25] 76561198036774377: Spawned Entity Boxed .308 WIN Tracer Rounds (Box_Base<f7a72d50>, -1, 100) at <5755.104492, 125.461876, 4589.866211>
[COT 2021-04-04 18:55:26] 76561198036774377: Spawned Entity Boxed .308 WIN Tracer Rounds (Box_Base<d32688d0>, -1, 100) at <5755.104492, 125.461876, 4589.866211>
[COT 2021-04-04 18:55:26] 76561198036774377: Spawned Entity Boxed .308 WIN Tracer Rounds (Box_Base<d32696f0>, -1, 100) at <5755.104492, 125.461876, 4589.866211>
[COT 2021-04-04 18:55:26] 76561198036774377: Spawned Entity Boxed .308 WIN Tracer Rounds (Box_Base<d3243790>, -1, 100) at <5755.104492, 125.461876, 4589.866211>
[COT 2021-04-04 18:55:26] 76561198036774377: Spawned Entity Boxed .308 WIN Tracer Rounds (Box_Base<de73de90>, -1, 100) at <5755.104492, 125.461876, 4589.866211>
[COT 2021-04-04 18:55:26] 76561198036774377: Spawned Entity Boxed .308 WIN Tracer Rounds (Box_Base<f49b35a0>, -1, 100) at <5755.104492, 125.461876, 4589.866211>
[COT 2021-04-04 18:55:27] 76561198036774377: Spawned Entity Boxed .308 WIN Tracer Rounds (Box_Base<e7eacfc0>, -1, 100) at <5755.104492, 125.461876, 4589.866211>
[COT 2021-04-04 18:55:27] 76561198036774377: Spawned Entity Boxed .308 WIN Tracer Rounds (Box_Base<f419e530>, -1, 100) at <5755.104492, 125.461876, 4589.866211>
[COT 2021-04-04 18:55:27] 76561198036774377: Spawned Entity Boxed .308 WIN Tracer Rounds (Box_Base<e34a0510>, -1, 100) at <5755.104492, 125.461876, 4589.866211>
[COT 2021-04-04 18:55:27] 76561198036774377: Spawned Entity Boxed .308 WIN Tracer Rounds (Box_Base<f452c670>, -1, 100) at <5755.104492, 125.461876, 4589.866211>
[COT 2021-04-04 18:56:09] 76561198036774377: Spawned Entity MP5Silenced (UMP45_Base<ed3a5200>, -1, 200) at <5755.104492, 125.461876, 4589.866211>
[COT 2021-04-04 18:56:11] 76561198036774377: Spawned Entity MP5Silenced_mag_30Rnd (Mag_MP5_30Rnd<e7dd2230>, 1, 100) at <5755.104492, 125.461876, 4589.866211>
[COT 2021-04-04 18:56:12] 76561198036774377: Spawned Entity MP5Silenced_mag_30Rnd (Mag_MP5_30Rnd<e7de4e00>, 1, 100) at <5755.104492, 125.461876, 4589.866211>
[COT 2021-04-04 18:56:12] 76561198036774377: Spawned Entity MP5Silenced_mag_30Rnd (Mag_MP5_30Rnd<e5e47740>, 1, 100) at <5755.104492, 125.461876, 4589.866211>
[COT 2021-04-04 18:56:12] 76561198036774377: Spawned Entity MP5Silenced_mag_30Rnd (Mag_MP5_30Rnd<c5821460>, 1, 100) at <5755.104492, 125.461876, 4589.866211>
[COT 2021-04-04 18:56:12] 76561198036774377: Spawned Entity MP5Silenced_mag_30Rnd (Mag_MP5_30Rnd<f0af45e0>, 1, 100) at <5755.104492, 125.461876, 4589.866211>
[COT 2021-04-04 18:56:13] 76561198036774377: Spawned Entity MP5Silenced_mag_30Rnd (Mag_MP5_30Rnd<cbc0b570>, 1, 100) at <5755.104492, 125.461876, 4589.866211>
[COT 2021-04-04 18:56:13] 76561198036774377: Spawned Entity MP5Silenced_mag_30Rnd (Mag_MP5_30Rnd<e62dc790>, 1, 100) at <5755.104492, 125.461876, 4589.866211>
[COT 2021-04-04 18:56:13] 76561198036774377: Spawned Entity MP5Silenced_mag_30Rnd (Mag_MP5_30Rnd<e62b0240>, 1, 100) at <5755.104492, 125.461876, 4589.866211>
[COT 2021-04-04 18:56:13] 76561198036774377: Spawned Entity MP5Silenced_mag_30Rnd (Mag_MP5_30Rnd<e7b7cb30>, 1, 100) at <5755.104492, 125.461876, 4589.866211>
[COT 2021-04-04 18:56:14] 76561198036774377: Spawned Entity MP5Silenced_mag_30Rnd (Mag_MP5_30Rnd<e5c31e70>, 1, 100) at <5755.104492, 125.461876, 4589.866211>
[COT 2021-04-04 18:56:52] 76561198036774377: Spawned Entity Ghillie Rifle Wrap (GhillieAtt_ColorBase<f73209f0>, -1, 300) at <5754.755371, 125.461792, 4590.144043>
[COT 2021-04-04 18:56:55] 76561198036774377: Spawned Entity Ghillie Hood (GhillieHood_Woodland<ec75abc0>, -1, 100) at <5754.755371, 125.461792, 4590.144043>
[COT 2021-04-04 18:56:58] 76561198036774377: Spawned Entity Ghillie Shrug (GhillieBushrag_Woodland<ec7303b0>, -1, 300) at <5754.755371, 125.461792, 4590.144043>
[COT 2021-04-04 18:57:01] 76561198036774377: Spawned Entity Ghillie Cloak (GhillieTop_Woodland<ec74d060>, -1, 300) at <5754.755371, 125.461792, 4590.144043>
[COT 2021-04-04 18:57:04] 76561198036774377: Spawned Entity Ghillie Suit (GhillieSuit_Woodland<ec730b00>, -1, 300) at <5754.755371, 125.461792, 4590.144043>
[COT 2021-04-04 18:57:18] 76561198036774377: Spawned Entity Mossy Ghillie suit Box (Container_Base<ed5c91c0>, -1, 100) at <5754.755371, 125.461792, 4590.144043>
[COT 2021-04-04 19:00:04] 76561198036774377: Spawned Entity Boxed 9x19mm Rounds (AmmoBox_9x19_25rnd<f3580720>, -1, 100) at <5754.755371, 125.461792, 4590.144043>
[COT 2021-04-04 19:00:35] 76561198036774377: Spawned Entity Large Gas Canister (LargeGasCanister<ed5ad4d0>, 20, 20) at <5754.856445, 125.461876, 4590.167969>
[COT 2021-04-04 19:00:45] 76561198036774377: Spawned Entity Gas Lamp (PortableGasLamp<e9403040>, -1, 100) at <5754.856445, 125.461876, 4590.167969>
[COT 2021-04-04 19:01:22] 76561198036774377: Spawned Entity The Raven (ItemBook<ddfb7530>, -1, 100) at <5751.288086, 125.421875, 4590.792969>
[COT 2021-04-04 19:01:25] 76561198036774377: Spawned Entity The Art Of War (ItemBook<d3b6b190>, -1, 100) at <5751.567871, 125.421875, 4590.708984>
[COT 2021-04-04 19:01:27] 76561198036774377: Spawned Entity Robinson Crusoe (ItemBook<f6429eb0>, -1, 100) at <5752.110840, 125.421875, 4590.722168>
[COT 2021-04-04 19:01:30] 76561198036774377: Spawned Entity Russian learning book (ItemBook<f64395e0>, -1, 100) at <5752.675293, 125.421875, 4590.721191>
[COT 2021-04-04 19:01:32] 76561198036774377: Spawned Entity Russian cheat sheet (ItemBook<e78bc1a0>, -1, 100) at <5751.503418, 125.421875, 4590.166992>
[COT 2021-04-04 19:01:34] 76561198036774377: Spawned Entity The Picture Of Dorian Gray (ItemBook<e78b65d0>, -1, 100) at <5751.245117, 125.421875, 4589.777832>
[COT 2021-04-04 19:01:36] 76561198036774377: Spawned Entity The Pit and the Pendulum (ItemBook<c9a95110>, -1, 100) at <5751.783203, 125.421875, 4589.636230>
[COT 2021-04-04 19:01:49] 76561198036774377: Entered the Free Camera
[COT 2021-04-04 19:02:30] 76561198036774377: Left the Free Camera
[COT 2021-04-04 19:02:32] 76561198036774377: Entered the Free Camera
[COT 2021-04-04 19:02:37] 76561198036774377: Left the Free Camera
[COT 2021-04-04 19:08:04] 76561198036774377: Spawned Entity Barrel (Barrel_Red<3a94a210>, 0, 1300) at <5753.935059, 117.376801, 4608.419922>
[COT 2021-04-04 19:08:28] 76561198036774377: Spawned Entity Car Battery (CarBattery<3fd04a60>, 50, 200) at <5758.323730, 117.376785, 4610.584473>
[COT 2021-04-04 19:08:29] 76561198036774377: Spawned Entity Car Battery (CarBattery<3fd03c40>, 50, 200) at <5758.323730, 117.376785, 4610.584473>
[COT 2021-04-04 19:08:29] 76561198036774377: Spawned Entity Car Battery (CarBattery<3fd05f90>, 50, 200) at <5758.323730, 117.376785, 4610.584473>
[COT 2021-04-04 19:08:36] 76561198036774377: Spawned Entity Car Radiator (CarRadiator<3fd1ab80>, -1, 250) at <5758.323730, 117.376785, 4610.584473>
[COT 2021-04-04 19:08:36] 76561198036774377: Spawned Entity Car Radiator (CarRadiator<3fd21c80>, -1, 250) at <5758.323730, 117.376785, 4610.584473>
[COT 2021-04-04 19:08:41] 76561198036774377: Spawned Entity Spark Plug (SparkPlug<3fd21570>, -1, 20) at <5758.323730, 117.376785, 4610.584473>
[COT 2021-04-04 19:08:41] 76561198036774377: Spawned Entity Spark Plug (SparkPlug<3fd1eb10>, -1, 20) at <5758.323730, 117.376785, 4610.584473>
[COT 2021-04-04 19:08:42] 76561198036774377: Spawned Entity Spark Plug (SparkPlug<3fd20750>, -1, 20) at <5758.323730, 117.376785, 4610.584473>
[COT 2021-04-04 19:08:42] 76561198036774377: Spawned Entity Spark Plug (SparkPlug<3fd1e400>, -1, 20) at <5758.323730, 117.376785, 4610.584473>
[COT 2021-04-04 19:08:46] 76561198036774377: Spawned Entity Boxed Headlight Bulb (HeadlightH7_Box<3fd1f930>, -1, 20) at <5758.323730, 117.376785, 4610.584473>
[COT 2021-04-04 19:08:47] 76561198036774377: Spawned Entity Boxed Headlight Bulb (HeadlightH7_Box<3fd20040>, -1, 20) at <5758.323730, 117.376785, 4610.584473>
[COT 2021-04-04 19:08:47] 76561198036774377: Spawned Entity Boxed Headlight Bulb (HeadlightH7_Box<3fd1a470>, -1, 20) at <5758.323730, 117.376785, 4610.584473>
[COT 2021-04-04 19:08:47] 76561198036774377: Spawned Entity Boxed Headlight Bulb (HeadlightH7_Box<3fd22390>, -1, 20) at <5758.323730, 117.376785, 4610.584473>
[COT 2021-04-04 19:08:53] 76561198036774377: Spawned Entity Jerrycan (CanisterGasoline<e9281480>, 20000, 300) at <5758.323730, 117.376785, 4610.584473>
[COT 2021-04-04 19:09:25] 76561198036774377: Spawned Entity Pipe Wrench (PipeWrench<f6441c10>, -1, 400) at <5758.323730, 117.376785, 4610.584473>
[COT 2021-04-04 19:09:27] 76561198036774377: Spawned Entity Wrench (Wrench<f77ad860>, -1, 100) at <5758.323730, 117.376785, 4610.584473>
[COT 2021-04-04 19:09:27] 76561198036774377: Spawned Entity Wrench (Wrench<ec09d000>, -1, 100) at <5758.323730, 117.376785, 4610.584473>
[COT 2021-04-04 19:09:28] 76561198036774377: Spawned Entity Tire Iron (LugWrench<e5b28640>, -1, 400) at <5758.323730, 117.376785, 4610.584473>
[COT 2021-04-04 19:09:33] 76561198036774377: Spawned Entity Tire Repair Kit (TireRepairKit<f2a49c10>, 100, 100) at <5758.323730, 117.376785, 4610.584473>
[COT 2021-04-04 19:09:57] 76561198036774377: Entered the Free Camera
[COT 2021-04-04 19:10:10] 76561198036774377: Left the Free Camera
[COT 2021-04-04 19:10:47] 76561198036774377: Spawned Entity Hardigg 2.5 (hardigg3_mung<37f5a780>, -1, 1.21575e+09) at <5871.220703, 142.563782, 4685.669434>
[COT 2021-04-04 19:11:06] 76561198036774377: Spawned Entity Gunwall display kit (gunwall_metal_kit_mung<37f20130>, -1, 100) at <5872.219238, 142.561203, 4684.873535>
[COT 2021-04-04 19:12:51] 76561198036774377: Spawned Entity Benelli Supernova (Mp133Shotgun_Base<36d7fb80>, -1, 250) at <5871.944824, 142.562378, 4684.265625>
[COT 2021-04-04 19:12:51] 76561198036774377: Spawned Entity Benelli Supernova (Mp133Shotgun_Base<36d7db40>, -1, 250) at <5871.944824, 142.562378, 4684.265625>
[COT 2021-04-04 19:12:51] 76561198036774377: Spawned Entity Benelli Supernova (Mp133Shotgun_Base<36d80390>, -1, 250) at <5871.944824, 142.562378, 4684.265625>
[COT 2021-04-04 19:12:52] 76561198036774377: Spawned Entity Benelli Supernova (Mp133Shotgun_Base<36d7eb60>, -1, 250) at <5871.944824, 142.562378, 4684.265625>
[COT 2021-04-04 19:12:54] 76561198036774377: Spawned Entity BenelliM4 (TWP_BenelliM4_Base<36d833f0>, -1, 250) at <5871.944824, 142.562378, 4684.265625>
[COT 2021-04-04 19:12:54] 76561198036774377: Spawned Entity BenelliM4 (TWP_BenelliM4_Base<36d80ba0>, -1, 250) at <5871.944824, 142.562378, 4684.265625>
[COT 2021-04-04 19:12:55] 76561198036774377: Spawned Entity BenelliM3 (TWP_BenelliM4_Base<36d7f370>, -1, 250) at <5871.944824, 142.562378, 4684.265625>
[COT 2021-04-04 19:12:56] 76561198036774377: Spawned Entity BenelliM3 (TWP_BenelliM4_Base<36d7bb00>, -1, 250) at <5871.944824, 142.562378, 4684.265625>
[COT 2021-04-04 19:13:42] 76561198036774377: Spawned Entity HK417_mag_30Rnd (Mag_STANAG_30Rnd<367d4470>, 1, 100) at <5868.146973, 142.563339, 4685.522949>
[COT 2021-04-04 19:13:42] 76561198036774377: Spawned Entity HK417_mag_30Rnd (Mag_STANAG_30Rnd<367ec800>, 1, 100) at <5868.146973, 142.563339, 4685.522949>
[COT 2021-04-04 19:13:43] 76561198036774377: Spawned Entity HK417_mag_30Rnd (Mag_STANAG_30Rnd<367e5a50>, 1, 100) at <5868.146973, 142.563339, 4685.522949>
[COT 2021-04-04 19:13:43] 76561198036774377: Spawned Entity HK417_mag_30Rnd (Mag_STANAG_30Rnd<367e7790>, 1, 100) at <5868.146973, 142.563339, 4685.522949>
[COT 2021-04-04 19:13:43] 76561198036774377: Spawned Entity HK417_mag_30Rnd (Mag_STANAG_30Rnd<367ecf50>, 1, 100) at <5868.146973, 142.563339, 4685.522949>
[COT 2021-04-04 19:13:43] 76561198036774377: Spawned Entity HK417_mag_30Rnd (Mag_STANAG_30Rnd<367e61a0>, 1, 100) at <5868.146973, 142.563339, 4685.522949>
[COT 2021-04-04 19:13:44] 76561198036774377: Spawned Entity HK417_mag_30Rnd (Mag_STANAG_30Rnd<367e7040>, 1, 100) at <5868.146973, 142.563339, 4685.522949>
[COT 2021-04-04 19:13:44] 76561198036774377: Spawned Entity HK417_mag_30Rnd (Mag_STANAG_30Rnd<367ed6a0>, 1, 100) at <5868.146973, 142.563339, 4685.522949>
[COT 2021-04-04 19:13:44] 76561198036774377: Spawned Entity HK417_mag_30Rnd (Mag_STANAG_30Rnd<367e68f0>, 1, 100) at <5868.146973, 142.563339, 4685.522949>
[COT 2021-04-04 19:13:44] 76561198036774377: Spawned Entity HK417_mag_30Rnd (Mag_STANAG_30Rnd<367eddf0>, 1, 100) at <5868.146973, 142.563339, 4685.522949>
[COT 2021-04-04 19:13:45] 76561198036774377: Spawned Entity HK417_mag_30Rnd (Mag_STANAG_30Rnd<367ee540>, 1, 100) at <5868.146973, 142.563339, 4685.522949>
[COT 2021-04-04 19:13:45] 76561198036774377: Spawned Entity HK417_mag_30Rnd (Mag_STANAG_30Rnd<367eec90>, 1, 100) at <5868.146973, 142.563339, 4685.522949>
[COT 2021-04-04 19:13:45] 76561198036774377: Spawned Entity HK417_mag_30Rnd (Mag_STANAG_30Rnd<367e7ee0>, 1, 100) at <5868.146973, 142.563339, 4685.522949>
[COT 2021-04-04 19:13:45] 76561198036774377: Spawned Entity HK417_mag_30Rnd (Mag_STANAG_30Rnd<367ef3e0>, 1, 100) at <5868.146973, 142.563339, 4685.522949>
[COT 2021-04-04 19:13:46] 76561198036774377: Spawned Entity HK417_mag_30Rnd (Mag_STANAG_30Rnd<367efb30>, 1, 100) at <5868.146973, 142.563339, 4685.522949>
[COT 2021-04-04 19:13:46] 76561198036774377: Spawned Entity HK417_mag_30Rnd (Mag_STANAG_30Rnd<367f0280>, 1, 100) at <5868.146973, 142.563339, 4685.522949>
[COT 2021-04-04 19:13:46] 76561198036774377: Spawned Entity HK417_mag_30Rnd (Mag_STANAG_30Rnd<367f09d0>, 1, 100) at <5868.146973, 142.563339, 4685.522949>
[COT 2021-04-04 19:13:46] 76561198036774377: Spawned Entity HK417_mag_30Rnd (Mag_STANAG_30Rnd<367f1120>, 1, 100) at <5868.146973, 142.563339, 4685.522949>
[COT 2021-04-04 19:13:46] 76561198036774377: Spawned Entity HK417_mag_30Rnd (Mag_STANAG_30Rnd<367f2710>, 1, 100) at <5868.146973, 142.563339, 4685.522949>
[COT 2021-04-04 19:13:47] 76561198036774377: Spawned Entity HK417_mag_30Rnd (Mag_STANAG_30Rnd<367f5a40>, 1, 100) at <5868.146973, 142.563339, 4685.522949>
[COT 2021-04-04 19:13:47] 76561198036774377: Spawned Entity HK417_mag_30Rnd (Mag_STANAG_30Rnd<367f7030>, 1, 100) at <5868.146973, 142.563339, 4685.522949>
[COT 2021-04-04 19:13:47] 76561198036774377: Spawned Entity HK417_mag_30Rnd (Mag_STANAG_30Rnd<367f1870>, 1, 100) at <5868.146973, 142.563339, 4685.522949>
[COT 2021-04-04 19:13:47] 76561198036774377: Spawned Entity HK417_mag_30Rnd (Mag_STANAG_30Rnd<367f7780>, 1, 100) at <5868.146973, 142.563339, 4685.522949>
[COT 2021-04-04 19:13:48] 76561198036774377: Spawned Entity HK417_mag_30Rnd (Mag_STANAG_30Rnd<367f1fc0>, 1, 100) at <5868.146973, 142.563339, 4685.522949>
[COT 2021-04-04 19:13:48] 76561198036774377: Spawned Entity HK417_mag_30Rnd (Mag_STANAG_30Rnd<367f2e60>, 1, 100) at <5868.146973, 142.563339, 4685.522949>
[COT 2021-04-04 19:13:48] 76561198036774377: Spawned Entity HK417_mag_30Rnd (Mag_STANAG_30Rnd<367f35b0>, 1, 100) at <5868.146973, 142.563339, 4685.522949>
[COT 2021-04-04 19:13:48] 76561198036774377: Spawned Entity HK417_mag_30Rnd (Mag_STANAG_30Rnd<367f3d00>, 1, 100) at <5868.146973, 142.563339, 4685.522949>
[COT 2021-04-04 19:13:48] 76561198036774377: Spawned Entity HK417_mag_30Rnd (Mag_STANAG_30Rnd<367f4450>, 1, 100) at <5868.146973, 142.563339, 4685.522949>
[COT 2021-04-04 19:13:49] 76561198036774377: Spawned Entity HK417_mag_30Rnd (Mag_STANAG_30Rnd<367f4ba0>, 1, 100) at <5868.146973, 142.563339, 4685.522949>
[COT 2021-04-04 19:13:55] 76561198036774377: Spawned Entity HK417 (M4A1_Base<37dded80>, -1, 250) at <5868.146973, 142.563339, 4685.522949>
[COT 2021-04-04 19:13:55] 76561198036774377: Spawned Entity HK417 (M4A1_Base<37de1850>, -1, 250) at <5868.146973, 142.563339, 4685.522949>
[COT 2021-04-04 19:13:55] 76561198036774377: Spawned Entity HK417 (M4A1_Base<37dda900>, -1, 250) at <5868.146973, 142.563339, 4685.522949>
[COT 2021-04-04 19:13:56] 76561198036774377: Spawned Entity HK417 (M4A1_Base<37de3200>, -1, 250) at <5868.146973, 142.563339, 4685.522949>
[COT 2021-04-04 19:15:32] 76561198036774377: Spawned Entity Tier 1 Wall Kit (BBP_T1_WallKit<e3066e60>, -1, 100) at <5868.102051, 142.563477, 4685.602539>
[COT 2021-04-04 19:17:06] 76561198036774377: Entered the Free Camera
[COT 2021-04-04 19:17:40] 76561198036774377: Spawned Entity Barrel (Barrel_Green<36581c50>, 0, 1300) at <5854.566895, 138.110016, 4656.860840>
[COT 2021-04-04 19:17:43] 76561198036774377: Spawned Entity Barrel (Barrel_Blue<36586cc0>, 0, 1300) at <5854.341309, 138.105927, 4657.919434>
[COT 2021-04-04 19:17:47] 76561198036774377: Spawned Entity Barrel (Barrel_Red<36583240>, 0, 1300) at <5853.778809, 138.105927, 4658.804688>
[COT 2021-04-04 19:17:50] 76561198036774377: Spawned Entity Barrel (Barrel_Yellow<36586570>, 0, 1300) at <5854.992188, 138.206284, 4658.531738>
[COT 2021-04-04 19:17:56] 76561198036774377: Left the Free Camera
[COT 2021-04-04 19:18:19] 76561198036774377: Spawned Entity Boxed Nails (NailBox<e61c6920>, -1, 80) at <5854.274902, 138.946899, 4658.159180>
[COT 2021-04-04 19:18:20] 76561198036774377: Spawned Entity Boxed Nails (NailBox<ec3ea300>, -1, 80) at <5854.274902, 138.946899, 4658.159180>
[COT 2021-04-04 19:18:20] 76561198036774377: Spawned Entity Boxed Nails (NailBox<ec40f440>, -1, 80) at <5854.274902, 138.946899, 4658.159180>
[COT 2021-04-04 19:18:20] 76561198036774377: Spawned Entity Boxed Nails (NailBox<37f649f0>, -1, 80) at <5854.274902, 138.946899, 4658.159180>
[COT 2021-04-04 19:18:20] 76561198036774377: Spawned Entity Boxed Nails (NailBox<37f5fc40>, -1, 80) at <5854.274902, 138.946899, 4658.159180>
[COT 2021-04-04 19:18:21] 76561198036774377: Spawned Entity Boxed Nails (NailBox<37f642e0>, -1, 80) at <5854.274902, 138.946899, 4658.159180>
[COT 2021-04-04 19:18:21] 76561198036774377: Spawned Entity Boxed Nails (NailBox<37f5d1e0>, -1, 80) at <5854.274902, 138.946899, 4658.159180>
[COT 2021-04-04 19:18:21] 76561198036774377: Spawned Entity Boxed Nails (NailBox<37f65100>, -1, 80) at <5854.274902, 138.946899, 4658.159180>
[COT 2021-04-04 19:18:21] 76561198036774377: Spawned Entity Boxed Nails (NailBox<e1dbcc00>, -1, 80) at <5854.274902, 138.946899, 4658.159180>
[COT 2021-04-04 19:18:22] 76561198036774377: Spawned Entity Boxed Nails (NailBox<dc2f3690>, -1, 80) at <5854.274902, 138.946899, 4658.159180>
[COT 2021-04-04 19:18:22] 76561198036774377: Spawned Entity Boxed Nails (NailBox<e5ee5710>, -1, 80) at <5854.274902, 138.946899, 4658.159180>
[COT 2021-04-04 19:18:22] 76561198036774377: Spawned Entity Boxed Nails (NailBox<f2f2e7d0>, -1, 80) at <5854.274902, 138.946899, 4658.159180>
[COT 2021-04-04 19:18:22] 76561198036774377: Spawned Entity Boxed Nails (NailBox<dbc09b10>, -1, 80) at <5854.274902, 138.946899, 4658.159180>
[COT 2021-04-04 19:18:23] 76561198036774377: Spawned Entity Boxed Nails (NailBox<15758010>, -1, 80) at <5854.274902, 138.946899, 4658.159180>
[COT 2021-04-04 19:18:23] 76561198036774377: Spawned Entity Boxed Nails (NailBox<15754080>, -1, 80) at <5854.274902, 138.946899, 4658.159180>
[COT 2021-04-04 19:18:23] 76561198036774377: Spawned Entity Boxed Nails (NailBox<157645d0>, -1, 80) at <5854.274902, 138.946899, 4658.159180>
[COT 2021-04-04 19:18:23] 76561198036774377: Spawned Entity Boxed Nails (NailBox<e97e1d80>, -1, 80) at <5854.274902, 138.946899, 4658.159180>
[COT 2021-04-04 19:18:24] 76561198036774377: Spawned Entity Boxed Nails (NailBox<ed5da530>, -1, 80) at <5854.274902, 138.946899, 4658.159180>
[COT 2021-04-04 19:18:52] 76561198036774377: Spawned Entity Clawhammer (Clawhammer_mung<e89f1450>, -1, 100) at <5854.274902, 138.946915, 4658.159180>
[COT 2021-04-04 19:18:52] 76561198036774377: Spawned Entity Clawhammer (Clawhammer_mung<c6150380>, -1, 100) at <5854.274902, 138.946915, 4658.159180>
[COT 2021-04-04 19:18:52] 76561198036774377: Spawned Entity Clawhammer (Clawhammer_mung<c616d5a0>, -1, 100) at <5854.274902, 138.946915, 4658.159180>
[COT 2021-04-04 19:18:52] 76561198036774377: Spawned Entity Clawhammer (Clawhammer_mung<f41a87a0>, -1, 100) at <5854.274902, 138.946915, 4658.159180>
[COT 2021-04-04 19:18:53] 76561198036774377: Spawned Entity Clawhammer (Clawhammer_mung<ec8475c0>, -1, 100) at <5854.274902, 138.946915, 4658.159180>
[COT 2021-04-04 19:18:58] 76561198036774377: Spawned Entity Screwdriver (Screwdriver<f732ebf0>, -1, 100) at <5854.274902, 138.946915, 4658.159180>
[COT 2021-04-04 19:18:58] 76561198036774377: Spawned Entity Screwdriver (Screwdriver<f732f300>, -1, 100) at <5854.274902, 138.946915, 4658.159180>
[COT 2021-04-04 19:18:58] 76561198036774377: Spawned Entity Screwdriver (Screwdriver<f7339570>, -1, 100) at <5854.274902, 138.946915, 4658.159180>
[COT 2021-04-04 19:18:58] 76561198036774377: Spawned Entity Screwdriver (Screwdriver<f2a44750>, -1, 100) at <5854.274902, 138.946915, 4658.159180>
[COT 2021-04-04 19:18:59] 76561198036774377: Spawned Entity Screwdriver (Screwdriver<e65522b0>, -1, 100) at <5854.274902, 138.946915, 4658.159180>
[COT 2021-04-04 19:18:59] 76561198036774377: Spawned Entity Screwdriver (Screwdriver<c91fa3d0>, -1, 100) at <5854.274902, 138.946915, 4658.159180>
[COT 2021-04-04 19:18:59] 76561198036774377: Spawned Entity Screwdriver (Screwdriver<c920fde0>, -1, 100) at <5854.274902, 138.946915, 4658.159180>
[COT 2021-04-04 19:19:08] 76561198036774377: Spawned Entity Pliers (Pliers<c92085d0>, -1, 100) at <5854.274902, 138.946915, 4658.159180>
[COT 2021-04-04 19:19:09] 76561198036774377: Spawned Entity Pliers (Pliers<c9210c00>, -1, 100) at <5854.274902, 138.946915, 4658.159180>
[COT 2021-04-04 19:19:09] 76561198036774377: Spawned Entity Pliers (Pliers<c9230880>, -1, 100) at <5854.274902, 138.946915, 4658.159180>
[COT 2021-04-04 19:19:09] 76561198036774377: Spawned Entity Pliers (Pliers<c138d090>, -1, 100) at <5854.274902, 138.946915, 4658.159180>
[COT 2021-04-04 19:19:09] 76561198036774377: Spawned Entity Pliers (Pliers<cc637170>, -1, 100) at <5854.274902, 138.946915, 4658.159180>
[COT 2021-04-04 19:19:09] 76561198036774377: Spawned Entity Pliers (Pliers<d908e2e0>, -1, 100) at <5854.274902, 138.946915, 4658.159180>
[COT 2021-04-04 19:19:59] 76561198036774377: Spawned Entity CodeLock (CodeLock<34323150>, -1, 1500) at <5854.274902, 138.947098, 4658.159180>
[COT 2021-04-04 19:19:59] 76561198036774377: Spawned Entity CodeLock (CodeLock<343255e0>, -1, 1500) at <5854.274902, 138.947098, 4658.159180>
[COT 2021-04-04 19:20:00] 76561198036774377: Spawned Entity CodeLock (CodeLock<343238a0>, -1, 1500) at <5854.274902, 138.947098, 4658.159180>
[COT 2021-04-04 19:20:00] 76561198036774377: Spawned Entity CodeLock (CodeLock<34322a00>, -1, 1500) at <5854.274902, 138.947098, 4658.159180>
[COT 2021-04-04 19:20:00] 76561198036774377: Spawned Entity CodeLock (CodeLock<34323ff0>, -1, 1500) at <5854.274902, 138.947098, 4658.159180>
[COT 2021-04-04 19:20:00] 76561198036774377: Spawned Entity CodeLock (CodeLock<34327320>, -1, 1500) at <5854.274902, 138.947098, 4658.159180>
[COT 2021-04-04 19:20:00] 76561198036774377: Spawned Entity CodeLock (CodeLock<34328910>, -1, 1500) at <5854.274902, 138.947098, 4658.159180>
[COT 2021-04-04 19:20:01] 76561198036774377: Spawned Entity CodeLock (CodeLock<34327a70>, -1, 1500) at <5854.274902, 138.947098, 4658.159180>
[COT 2021-04-04 19:20:01] 76561198036774377: Spawned Entity CodeLock (CodeLock<34326bd0>, -1, 1500) at <5854.274902, 138.947098, 4658.159180>
[COT 2021-04-04 19:20:01] 76561198036774377: Spawned Entity CodeLock (CodeLock<343281c0>, -1, 1500) at <5854.274902, 138.947098, 4658.159180>
[COT 2021-04-04 19:20:12] 76561198036774377: Spawned Entity Tier 3 Wall Kit (BBP_T3_WallKit<edc095a0>, -1, 100) at <5854.274902, 138.947098, 4658.159180>
[COT 2021-04-04 19:20:12] 76561198036774377: Spawned Entity Tier 3 Wall Kit (BBP_T3_WallKit<f07d67c0>, -1, 100) at <5854.274902, 138.947098, 4658.159180>
[COT 2021-04-04 19:20:12] 76561198036774377: Spawned Entity Tier 3 Wall Kit (BBP_T3_WallKit<37f7ce60>, -1, 100) at <5854.274902, 138.947098, 4658.159180>
[COT 2021-04-04 19:20:12] 76561198036774377: Spawned Entity Tier 3 Wall Kit (BBP_T3_WallKit<37f8f700>, -1, 100) at <5854.274902, 138.947098, 4658.159180>
[COT 2021-04-04 19:20:13] 76561198036774377: Spawned Entity Tier 3 Wall Kit (BBP_T3_WallKit<e7b0a6b0>, -1, 100) at <5854.274902, 138.947098, 4658.159180>
[COT 2021-04-04 19:20:13] 76561198036774377: Spawned Entity Tier 3 Wall Kit (BBP_T3_WallKit<e7b24050>, -1, 100) at <5854.274902, 138.947098, 4658.159180>
[COT 2021-04-04 19:21:37] 76561198036774377: Spawned Entity Scottex Soft (TWP_Scottex_colorbase<f6425810>, -1, 15) at <5854.274902, 138.917953, 4658.159180>
[COT 2021-04-04 19:21:37] 76561198036774377: Spawned Entity Scottex Soft (TWP_Scottex_colorbase<efbbbf60>, -1, 15) at <5854.274902, 138.917953, 4658.159180>
[COT 2021-04-04 19:21:37] 76561198036774377: Spawned Entity Scottex Soft (TWP_Scottex_colorbase<efbc53b0>, -1, 15) at <5854.279297, 139.242462, 4658.157715>
[COT 2021-04-04 19:21:38] 76561198036774377: Spawned Entity Scottex Soft (TWP_Scottex_colorbase<f453a870>, -1, 15) at <5854.279297, 139.242462, 4658.157715>
[COT 2021-04-04 19:21:40] 76561198036774377: Spawned Entity Scottex SuperSoft (TWP_Scottex_colorbase<f4529c10>, -1, 15) at <5854.279297, 139.242462, 4658.157715>
[COT 2021-04-04 19:21:40] 76561198036774377: Spawned Entity Scottex SuperSoft (TWP_Scottex_colorbase<f4537e10>, -1, 15) at <5854.279297, 139.242462, 4658.157715>
[COT 2021-04-04 19:21:40] 76561198036774377: Spawned Entity Scottex SuperSoft (TWP_Scottex_colorbase<e7ec5b40>, -1, 15) at <5854.279297, 139.242462, 4658.157715>
[COT 2021-04-04 19:21:40] 76561198036774377: Spawned Entity Scottex SuperSoft (TWP_Scottex_colorbase<e652df90>, -1, 15) at <5854.279297, 139.242462, 4658.157715>
[COT 2021-04-04 19:22:04] 76561198036774377: Spawned Entity Charmin Box (TWP_CharminBox<d3b85950>, -1, 15) at <5854.310547, 138.959381, 4658.174316>
[COT 2021-04-04 19:22:04] 76561198036774377: Spawned Entity Charmin Box (TWP_CharminBox<c5ddd6f0>, -1, 15) at <5854.310547, 138.959396, 4658.174316>
[COT 2021-04-04 19:22:32] 76561198036774377: Spawned Entity Tier 3 Door Kit (BBP_T3_DoorKit<37f5cad0>, -1, 100) at <5854.244629, 138.860168, 4658.157715>
[COT 2021-04-04 19:22:32] 76561198036774377: Spawned Entity Tier 3 Door Kit (BBP_T3_DoorKit<37f6a5c0>, -1, 100) at <5854.244629, 138.860168, 4658.157715>
[COT 2021-04-04 19:22:33] 76561198036774377: Spawned Entity Tier 3 Door Kit (BBP_T3_DoorKit<37f6c910>, -1, 100) at <5854.244629, 138.860168, 4658.157715>
[COT 2021-04-04 19:22:41] 76561198036774377: Spawned Entity Tier 3 Gate Kit (BBP_T3_GateKit<37f6d020>, -1, 100) at <5854.244629, 138.860168, 4658.157715>
[COT 2021-04-04 19:22:41] 76561198036774377: Spawned Entity Tier 3 Gate Kit (BBP_T3_GateKit<37f6d730>, -1, 100) at <5854.244629, 138.860168, 4658.157715>
[COT 2021-04-04 19:22:41] 76561198036774377: Spawned Entity Tier 3 Gate Kit (BBP_T3_GateKit<37f66630>, -1, 100) at <5854.244629, 138.860168, 4658.157715>
[COT 2021-04-04 19:23:12] 76561198036774377: Spawned Entity Tier 3 Wall Kit (BBP_T3_WallKit<34169390>, -1, 100) at <5854.244629, 138.867432, 4658.157715>
[COT 2021-04-04 19:23:12] 76561198036774377: Spawned Entity Tier 3 Wall Kit (BBP_T3_WallKit<34169aa0>, -1, 100) at <5854.244629, 138.867432, 4658.157715>
[COT 2021-04-04 19:23:12] 76561198036774377: Spawned Entity Tier 3 Wall Kit (BBP_T3_WallKit<34165400>, -1, 100) at <5854.244629, 138.867432, 4658.157715>
[COT 2021-04-04 19:23:18] 76561198036774377: Spawned Entity Mortar Mix (BBP_Mortar_Mix<34170490>, 1, 100) at <5854.244629, 138.867432, 4658.157715>
[COT 2021-04-04 19:23:19] 76561198036774377: Spawned Entity Mortar Mix (BBP_Mortar_Mix<341719c0>, 1, 100) at <5854.244629, 138.867432, 4658.157715>
[COT 2021-04-04 19:23:19] 76561198036774377: Spawned Entity Mortar Mix (BBP_Mortar_Mix<3416f670>, 1, 100) at <5854.244629, 138.867432, 4658.157715>
[COT 2021-04-04 19:23:19] 76561198036774377: Spawned Entity Mortar Mix (BBP_Mortar_Mix<341783b0>, 1, 100) at <5854.244629, 138.867432, 4658.157715>
[COT 2021-04-04 19:23:19] 76561198036774377: Spawned Entity Mortar Mix (BBP_Mortar_Mix<34178ac0>, 1, 100) at <5854.244629, 138.867432, 4658.157715>
[COT 2021-04-04 19:24:00] 76561198036774377: Spawned Entity Mortar Mix (BBP_Mortar_Mix<3414ac40>, 1, 100) at <5854.244629, 138.974854, 4658.157715>
[COT 2021-04-04 19:24:00] 76561198036774377: Spawned Entity Mortar Mix (BBP_Mortar_Mix<3414b350>, 1, 100) at <5854.244629, 138.974854, 4658.157715>
[COT 2021-04-04 19:24:00] 76561198036774377: Spawned Entity Mortar Mix (BBP_Mortar_Mix<3414ba60>, 1, 100) at <5854.244629, 138.974854, 4658.157715>
[COT 2021-04-04 19:24:01] 76561198036774377: Spawned Entity Mortar Mix (BBP_Mortar_Mix<3414c880>, 1, 100) at <5854.244629, 138.974854, 4658.157715>
[COT 2021-04-04 19:24:01] 76561198036774377: Spawned Entity Mortar Mix (BBP_Mortar_Mix<3414cf90>, 1, 100) at <5854.244629, 138.974854, 4658.157715>
[COT 2021-04-04 19:24:01] 76561198036774377: Spawned Entity Mortar Mix (BBP_Mortar_Mix<3416e140>, 1, 100) at <5854.244629, 138.974854, 4658.157715>
[COT 2021-04-04 19:24:02] 76561198036774377: Spawned Entity Mortar Mix (BBP_Mortar_Mix<34176060>, 1, 100) at <5854.244629, 138.974854, 4658.157715>
[COT 2021-04-04 19:24:02] 76561198036774377: Spawned Entity Mortar Mix (BBP_Mortar_Mix<34176770>, 1, 100) at <5854.244629, 138.974854, 4658.157715>
[COT 2021-04-04 19:24:03] 76561198036774377: Spawned Entity Mortar Mix (BBP_Mortar_Mix<34176e80>, 1, 100) at <5854.244629, 138.974854, 4658.157715>
[COT 2021-04-04 19:24:03] 76561198036774377: Spawned Entity Mortar Mix (BBP_Mortar_Mix<34177590>, 1, 100) at <5854.244629, 138.974854, 4658.157715>
[COT 2021-04-04 19:24:03] 76561198036774377: Spawned Entity Mortar Mix (BBP_Mortar_Mix<3416fd80>, 1, 100) at <5854.244629, 138.974854, 4658.157715>
[COT 2021-04-04 19:24:36] 76561198036774377: Spawned Entity Concrete Bricks (BBP_Concrete_Brick_Pile<34182620>, 1, 400) at <5854.274902, 138.913223, 4658.089844>
[COT 2021-04-04 19:24:36] 76561198036774377: Spawned Entity Concrete Bricks (BBP_Concrete_Brick_Pile<34184970>, 1, 400) at <5854.274902, 138.913223, 4658.089844>
[COT 2021-04-04 19:24:37] 76561198036774377: Spawned Entity Concrete Bricks (BBP_Concrete_Brick_Pile<34182d30>, 1, 400) at <5854.274902, 138.913223, 4658.089844>
[COT 2021-04-04 19:24:37] 76561198036774377: Spawned Entity Concrete Bricks (BBP_Concrete_Brick_Pile<34181f10>, 1, 400) at <5854.274902, 138.913223, 4658.089844>
[COT 2021-04-04 19:24:37] 76561198036774377: Spawned Entity Concrete Bricks (BBP_Concrete_Brick_Pile<3417e690>, 1, 400) at <5854.274902, 138.913223, 4658.089844>
[COT 2021-04-04 19:24:49] 76561198036774377: Entered the Free Camera
[COT 2021-04-04 19:26:01] 76561198036774377: Spawned Entity Tier 3 Wall Kit (BBP_T3_WallKit<34166220>, -1, 100) at <5865.304199, 146.313690, 4680.068359>
[COT 2021-04-04 19:26:08] 76561198036774377: Left the Free Camera
[COT 2021-04-04 19:27:14] 76561198036774377: Spawned Entity Tier 1 Wall Kit (BBP_T1_WallKit<34157910>, -1, 100) at <5871.931641, 146.304031, 4675.243164>
[COT 2021-04-04 19:27:15] 76561198036774377: Spawned Entity Tier 1 Wall Kit (BBP_T1_WallKit<341555c0>, -1, 100) at <5871.931641, 146.304031, 4675.243164>
[COT 2021-04-04 19:28:50] 76561198036774377: Spawned Entity Medium Tent (MediumTent_Orange<e3a54840>, -1, 600) at <5873.214844, 146.306717, 4677.417969>
[COT 2021-04-04 19:29:29] 76561198036774377: Spawned Entity Brick of Skunk Weed (CP_CannabisBrickSkunk<341629a0>, -1, 30) at <5869.886719, 146.310455, 4676.360840>
[COT 2021-04-04 19:29:30] 76561198036774377: Spawned Entity Brick of Skunk Weed (CP_CannabisBrickSkunk<34161b80>, -1, 30) at <5869.886719, 146.310455, 4676.360840>
[COT 2021-04-04 19:29:30] 76561198036774377: Spawned Entity Brick of Skunk Weed (CP_CannabisBrickSkunk<34166220>, -1, 30) at <5869.886719, 146.310455, 4676.360840>
[COT 2021-04-04 19:29:31] 76561198036774377: Spawned Entity Brick of Blue God Weed (CP_CannabisBrickBlue<34162290>, -1, 30) at <5869.886719, 146.310455, 4676.360840>
[COT 2021-04-04 19:29:31] 76561198036774377: Spawned Entity Brick of Blue God Weed (CP_CannabisBrickBlue<341630b0>, -1, 30) at <5869.886719, 146.310455, 4676.360840>
[COT 2021-04-04 19:29:31] 76561198036774377: Spawned Entity Brick of Blue God Weed (CP_CannabisBrickBlue<34170ba0>, -1, 30) at <5869.886719, 146.310455, 4676.360840>
[COT 2021-04-04 19:29:32] 76561198036774377: Spawned Entity Brick of Blue God Weed (CP_CannabisBrickBlue<341727e0>, -1, 30) at <5869.886719, 146.310455, 4676.360840>
[COT 2021-04-04 19:29:33] 76561198036774377: Spawned Entity Brick of Purple Kush Weed (CP_CannabisBrickKush<341712b0>, -1, 30) at <5869.886719, 146.310455, 4676.360840>
[COT 2021-04-04 19:29:33] 76561198036774377: Spawned Entity Brick of Purple Kush Weed (CP_CannabisBrickKush<341720d0>, -1, 30) at <5869.886719, 146.310455, 4676.360840>
[COT 2021-04-04 19:29:33] 76561198036774377: Spawned Entity Brick of Purple Kush Weed (CP_CannabisBrickKush<3416e140>, -1, 30) at <5869.886719, 146.310455, 4676.360840>
[COT 2021-04-04 19:29:35] 76561198036774377: Spawned Entity Brick of Stardawg Weed (CP_CannabisBrickStardawg<34176060>, -1, 30) at <5869.886719, 146.310455, 4676.360840>
[COT 2021-04-04 19:29:35] 76561198036774377: Spawned Entity Brick of Stardawg Weed (CP_CannabisBrickStardawg<34176e80>, -1, 30) at <5869.886719, 146.310455, 4676.360840>
[COT 2021-04-04 19:29:35] 76561198036774377: Spawned Entity Brick of Stardawg Weed (CP_CannabisBrickStardawg<3417d160>, -1, 30) at <5869.886719, 146.310455, 4676.360840>
[COT 2021-04-04 19:29:35] 76561198036774377: Spawned Entity Brick of Stardawg Weed (CP_CannabisBrickStardawg<3417df80>, -1, 30) at <5869.886719, 146.310455, 4676.360840>
[COT 2021-04-04 19:29:36] 76561198036774377: Spawned Entity Brick of Future Weed (CP_CannabisBrickFuture<3417f4b0>, -1, 30) at <5869.886719, 146.310455, 4676.360840>
[COT 2021-04-04 19:29:36] 76561198036774377: Spawned Entity Brick of Future Weed (CP_CannabisBrickFuture<34182620>, -1, 30) at <5869.886719, 146.310455, 4676.360840>
[COT 2021-04-04 19:29:37] 76561198036774377: Spawned Entity Brick of Future Weed (CP_CannabisBrickFuture<341802d0>, -1, 30) at <5869.886719, 146.310455, 4676.360840>
[COT 2021-04-04 19:29:37] 76561198036774377: Spawned Entity Brick of Future Weed (CP_CannabisBrickFuture<34183440>, -1, 30) at <5869.886719, 146.310455, 4676.360840>
[COT 2021-04-04 19:29:38] 76561198036774377: Spawned Entity Brick of S1 Hemp (CP_CannabisBrickS1<34183b50>, -1, 30) at <5869.886719, 146.310455, 4676.360840>
[COT 2021-04-04 19:29:38] 76561198036774377: Spawned Entity Brick of S1 Hemp (CP_CannabisBrickS1<341809e0>, -1, 30) at <5869.886719, 146.310455, 4676.360840>
[COT 2021-04-04 19:29:38] 76561198036774377: Spawned Entity Brick of S1 Hemp (CP_CannabisBrickS1<3417e690>, -1, 30) at <5869.886719, 146.310455, 4676.360840>
[COT 2021-04-04 19:29:39] 76561198036774377: Spawned Entity Brick of S1 Hemp (CP_CannabisBrickS1<34184260>, -1, 30) at <5869.886719, 146.310455, 4676.360840>
[COT 2021-04-04 19:29:40] 76561198036774377: Spawned Entity Brick of Nomad Weed (CP_CannabisBrickNomad<341810f0>, -1, 30) at <5869.886719, 146.310455, 4676.360840>
[COT 2021-04-04 19:29:40] 76561198036774377: Spawned Entity Brick of Nomad Weed (CP_CannabisBrickNomad<34181800>, -1, 30) at <5869.886719, 146.310455, 4676.360840>
[COT 2021-04-04 19:29:41] 76561198036774377: Spawned Entity Brick of Nomad Weed (CP_CannabisBrickNomad<34181f10>, -1, 30) at <5869.886719, 146.310455, 4676.360840>
[COT 2021-04-04 19:31:01] 76561198036774377: Entered the Free Camera
[COT 2021-04-04 19:31:49] 76561198036774377: Left the Free Camera
[COT 2021-04-04 19:32:03] 76561198036774377: Spawned Entity Tier 1 Wall Kit (BBP_T1_WallKit<34161470>, -1, 100) at <5846.364258, 133.239166, 4875.342773>
[COT 2021-04-04 19:32:24] 76561198036774377: Healed [guid=mBNlxASsPlOcry0dpDl8K-WgHNR5WMCMmoJ9NhpU4FY=]
[COT 2021-04-04 19:34:08] 76561198036774377: Spawned Entity 100 Ruble Note (ItemBase<e38c95d0>, 100, 100) at <5848.461426, 133.271423, 4872.739258>
[COT 2021-04-04 19:34:08] 76561198036774377: Spawned Entity 100 Ruble Note (ItemBase<ec3d96a0>, 100, 100) at <5848.461426, 133.271423, 4872.739258>
[COT 2021-04-04 19:34:08] 76561198036774377: Spawned Entity 100 Ruble Note (ItemBase<ec3e1cd0>, 100, 100) at <5848.461426, 133.271423, 4872.739258>
[COT 2021-04-04 19:34:09] 76561198036774377: Spawned Entity 100 Ruble Note (ItemBase<ec3e4020>, 100, 100) at <5848.461426, 133.271423, 4872.739258>
[COT 2021-04-04 19:34:09] 76561198036774377: Spawned Entity 100 Ruble Note (ItemBase<ec411790>, 100, 100) at <5848.461426, 133.271423, 4872.739258>
[COT 2021-04-04 19:34:10] 76561198036774377: Spawned Entity 100 Ruble Note (ItemBase<f73209f0>, 100, 100) at <5848.461426, 133.271423, 4872.739258>
[COT 2021-04-04 19:34:10] 76561198036774377: Spawned Entity 100 Ruble Note (ItemBase<f7321100>, 100, 100) at <5848.461426, 133.271423, 4872.739258>
[COT 2021-04-04 19:34:10] 76561198036774377: Spawned Entity 100 Ruble Note (ItemBase<f732a550>, 100, 100) at <5848.461426, 133.271423, 4872.739258>
[COT 2021-04-04 19:34:11] 76561198036774377: Spawned Entity 100 Ruble Note (ItemBase<f73504b0>, 100, 100) at <5848.461426, 133.271423, 4872.739258>
[COT 2021-04-04 19:35:01] 76561198036774377: Spawned Entity Tier 2 Wall Kit (BBP_T2_WallKit<f10372e0>, -1, 100) at <5846.766113, 133.238968, 4875.592285>
[COT 2021-04-04 19:36:19] 76561198036774377: Spawned Entity Hardigg 2.5 (hardigg3_mung<3fd1dcf0>, -1, 1.21575e+09) at <5844.055664, 133.239990, 4874.110840>
[COT 2021-04-04 19:36:48] 76561198036774377: Spawned Entity Holy mackerel (CombatKnife<3fcfe780>, -1, 150) at <5844.169922, 133.239960, 4873.365234>
[COT 2021-04-04 19:36:49] 76561198036774377: Spawned Entity Holy mackerel (CombatKnife<3fcff5a0>, -1, 150) at <5844.169922, 133.239960, 4873.365234>
[COT 2021-04-04 19:36:50] 76561198036774377: Spawned Entity Holy mackerel (CombatKnife<3fd0a630>, -1, 150) at <5844.169922, 133.239960, 4873.365234>
[COT 2021-04-04 19:36:50] 76561198036774377: Spawned Entity Holy mackerel (CombatKnife<3fd10200>, -1, 150) at <5844.169922, 133.239960, 4873.365234>
[COT 2021-04-04 19:36:51] 76561198036774377: Spawned Entity Holy mackerel (CombatKnife<3fd0b450>, -1, 150) at <5844.169922, 133.239960, 4873.365234>
[COT 2021-04-04 19:36:53] 76561198036774377: Spawned Entity Kukri (CombatKnife<3fd10910>, -1, 150) at <5844.169922, 133.239960, 4873.365234>
[COT 2021-04-04 19:36:54] 76561198036774377: Spawned Entity Kukri (CombatKnife<3fd09100>, -1, 150) at <5844.169922, 133.239960, 4873.365234>
[COT 2021-04-04 19:36:54] 76561198036774377: Spawned Entity Kukri Gradient (CombatKnife<3fd11020>, -1, 150) at <5844.169922, 133.239960, 4873.365234>
[COT 2021-04-04 19:36:55] 76561198036774377: Spawned Entity Kukri Gradient (CombatKnife<3fd09810>, -1, 150) at <5844.169922, 133.239960, 4873.365234>
[COT 2021-04-04 19:36:56] 76561198036774377: Spawned Entity Kukri Sakura (CombatKnife<3fd11730>, -1, 150) at <5844.169922, 133.239960, 4873.365234>
[COT 2021-04-04 19:36:56] 76561198036774377: Spawned Entity Kukri Sakura (CombatKnife<34160d60>, -1, 150) at <5844.169922, 133.239960, 4873.365234>
[COT 2021-04-04 19:36:57] 76561198036774377: Spawned Entity Kukri Engraved (CombatKnife<34168570>, -1, 150) at <5844.169922, 133.239960, 4873.365234>
[COT 2021-04-04 19:36:57] 76561198036774377: Spawned Entity Kukri Engraved (CombatKnife<34161470>, -1, 150) at <5844.169922, 133.239960, 4873.365234>
[COT 2021-04-04 19:37:41] 76561198036774377: Spawned Entity BoarBayonet (M9A1_Bayonet<37f67b60>, -1, 150) at <5844.169922, 133.239929, 4873.365234>
[COT 2021-04-04 19:37:41] 76561198036774377: Spawned Entity BoarBayonet (M9A1_Bayonet<37f626a0>, -1, 150) at <5844.169922, 133.239929, 4873.365234>
[COT 2021-04-04 19:37:46] 76561198036774377: Spawned Entity AK47Boar_mag_30Rnd (Mag_AKM_30Rnd<c56dcbc0>, 1, 100) at <5844.169922, 133.239929, 4873.365234>
[COT 2021-04-04 19:37:46] 76561198036774377: Spawned Entity AK47Boar_mag_30Rnd (Mag_AKM_30Rnd<c56e3220>, 1, 100) at <5844.169922, 133.239929, 4873.365234>
[COT 2021-04-04 19:37:47] 76561198036774377: Spawned Entity AK47Boar_mag_30Rnd (Mag_AKM_30Rnd<c56e0640>, 1, 100) at <5844.169922, 133.239929, 4873.365234>
[COT 2021-04-04 19:37:47] 76561198036774377: Spawned Entity AK47Boar_mag_30Rnd (Mag_AKM_30Rnd<c56e2380>, 1, 100) at <5844.169922, 133.239929, 4873.365234>
[COT 2021-04-04 19:37:47] 76561198036774377: Spawned Entity AK47Boar_mag_30Rnd (Mag_AKM_30Rnd<c56e14e0>, 1, 100) at <5844.169922, 133.239929, 4873.365234>
[COT 2021-04-04 19:37:47] 76561198036774377: Spawned Entity AK47Boar_mag_30Rnd (Mag_AKM_30Rnd<c56dfef0>, 1, 100) at <5844.169922, 133.239929, 4873.365234>
[COT 2021-04-04 19:37:48] 76561198036774377: Spawned Entity AK47Boar_mag_30Rnd (Mag_AKM_30Rnd<c56e1c30>, 1, 100) at <5844.169922, 133.239929, 4873.365234>
[COT 2021-04-04 19:37:48] 76561198036774377: Spawned Entity AK47Boar_mag_30Rnd (Mag_AKM_30Rnd<c56dda60>, 1, 100) at <5844.169922, 133.239929, 4873.365234>
[COT 2021-04-04 19:38:07] 76561198036774377: Spawned Entity AK47Boar (AKM_Base<37de6560>, -1, 300) at <5844.240234, 133.239899, 4873.092773>
[COT 2021-04-04 19:38:07] 76561198036774377: Spawned Entity AK47Boar (AKM_Base<37dedd40>, -1, 300) at <5844.240234, 133.239899, 4873.092773>
[COT 2021-04-04 19:38:44] 76561198036774377: Spawned Entity Glock18Weasel (Glock19_Base<37df5520>, -1, 150) at <5844.240234, 133.239899, 4873.092773>
[COT 2021-04-04 19:38:44] 76561198036774377: Spawned Entity Glock18Weasel (Glock19_Base<37deff80>, -1, 150) at <5844.240234, 133.239899, 4873.092773>
[COT 2021-04-04 19:38:45] 76561198036774377: Spawned Entity Glock18Weasel (Glock19_Base<37df5db0>, -1, 150) at <5844.240234, 133.239899, 4873.092773>
[COT 2021-04-04 19:38:45] 76561198036774377: Spawned Entity Glock18Weasel (Glock19_Base<37deee60>, -1, 150) at <5844.240234, 133.239899, 4873.092773>
[COT 2021-04-04 19:38:47] 76561198036774377: Spawned Entity Glock18Weasel_mag_17Rnd (Mag_Glock_15Rnd<c56ebd10>, 1, 150) at <5844.240234, 133.239899, 4873.092773>
[COT 2021-04-04 19:38:47] 76561198036774377: Spawned Entity Glock18Weasel_mag_17Rnd (Mag_Glock_15Rnd<c56f3210>, 1, 150) at <5844.240234, 133.239899, 4873.092773>
[COT 2021-04-04 19:38:47] 76561198036774377: Spawned Entity Glock18Weasel_mag_17Rnd (Mag_Glock_15Rnd<c56ec460>, 1, 150) at <5844.240234, 133.239899, 4873.092773>
[COT 2021-04-04 19:38:47] 76561198036774377: Spawned Entity Glock18Weasel_mag_17Rnd (Mag_Glock_15Rnd<c56f3960>, 1, 150) at <5844.240234, 133.239899, 4873.092773>
[COT 2021-04-04 19:38:47] 76561198036774377: Spawned Entity Glock18Weasel_mag_17Rnd (Mag_Glock_15Rnd<c56f40b0>, 1, 150) at <5844.240234, 133.239899, 4873.092773>
[COT 2021-04-04 19:38:48] 76561198036774377: Spawned Entity Glock18Weasel_mag_17Rnd (Mag_Glock_15Rnd<c56ed300>, 1, 150) at <5844.240234, 133.239899, 4873.092773>
[COT 2021-04-04 19:38:48] 76561198036774377: Spawned Entity Glock18Weasel_mag_17Rnd (Mag_Glock_15Rnd<c56f4f50>, 1, 150) at <5844.240234, 133.239899, 4873.092773>
[COT 2021-04-04 19:38:48] 76561198036774377: Spawned Entity Glock18Weasel_mag_17Rnd (Mag_Glock_15Rnd<c56f56a0>, 1, 150) at <5844.240234, 133.239899, 4873.092773>
[COT 2021-04-04 19:38:48] 76561198036774377: Spawned Entity Glock18Weasel_mag_17Rnd (Mag_Glock_15Rnd<c56f5df0>, 1, 150) at <5844.240234, 133.239899, 4873.092773>
[COT 2021-04-04 19:38:49] 76561198036774377: Spawned Entity Glock18Weasel_mag_17Rnd (Mag_Glock_15Rnd<c56f4800>, 1, 150) at <5844.240234, 133.239899, 4873.092773>
[COT 2021-04-04 19:38:49] 76561198036774377: Spawned Entity Glock18Weasel_mag_17Rnd (Mag_Glock_15Rnd<c56f9120>, 1, 150) at <5844.240234, 133.239899, 4873.092773>
[COT 2021-04-04 19:38:49] 76561198036774377: Spawned Entity Glock18Weasel_mag_17Rnd (Mag_Glock_15Rnd<c56f6540>, 1, 150) at <5844.240234, 133.239899, 4873.092773>
[COT 2021-04-04 19:40:14] 76561198036774377: Spawned Entity Fishing Rod (FishingRod<c6155f50>, -1, 150) at <5844.240234, 133.239929, 4873.092773>
[COT 2021-04-04 19:40:19] 76561198036774377: Spawned Entity Fishing Rod (FishingRod_camo<e3075060>, -1, 150) at <5844.240234, 133.239929, 4873.092773>
[COT 2021-04-04 19:40:25] 76561198036774377: Spawned Entity Fishing Bait (Bait<e61e5070>, -1, 30) at <5844.240234, 133.239929, 4873.092773>
[COT 2021-04-04 19:40:25] 76561198036774377: Spawned Entity Fishing Bait (Bait<e7b3b6a0>, -1, 30) at <5844.240234, 133.239929, 4873.092773>
[COT 2021-04-04 19:40:26] 76561198036774377: Spawned Entity Fishing Bait (Bait<e7b02ea0>, -1, 30) at <5844.240234, 133.239929, 4873.092773>
[COT 2021-04-04 19:40:26] 76561198036774377: Spawned Entity Fishing Bait (Bait<e7b110a0>, -1, 30) at <5844.240234, 133.239929, 4873.092773>
[COT 2021-04-04 19:40:26] 76561198036774377: Spawned Entity Fishing Bait (Bait<e7b1c840>, -1, 30) at <5844.240234, 133.239929, 4873.092773>
[COT 2021-04-04 19:40:26] 76561198036774377: Spawned Entity Fishing Bait (Bait<ec401240>, -1, 30) at <5844.240234, 133.239929, 4873.092773>
[COT 2021-04-04 19:40:55] 76561198036774377: Entered the Free Camera
[COT 2021-04-04 19:41:43] 76561198036774377: Left the Free Camera
[COT 2021-04-04 19:42:01] 76561198036774377: Spawned Entity Land Rover Defender 110 (CrSk_Land_Rover_Defender_110<63efde00>, -1, 3500) at <5923.243164, 147.211624, 4701.139160>
[COT 2021-04-04 19:42:16] 76561198036774377: Deleted Entity CrSk_Land_Rover_Defender_110:037744 at <5923.243164, 147.211624, 4701.139160>
[COT 2021-04-04 19:42:30] 76561198036774377: Spawned Entity Land Rover Defender 110 (CrSk_Land_Rover_Defender_110<63efde00>, -1, 3500) at <5923.719727, 147.211624, 4701.903320>
[COT 2021-04-04 19:42:45] 76561198036774377: Deleted Entity CrSk_Land_Rover_Defender_110:016913 at <5923.719727, 147.211624, 4701.903320>
[COT 2021-04-04 19:43:23] 76561198036774377: Spawned Entity Ada 4x4 (OffroadHatchback_Blue<63f00640>, -1, 1000) at <5924.622070, 147.211624, 4702.389160>
[COT 2021-04-04 19:43:39] 76561198036774377: Spawned Entity Ada 4x4 Wheel (HatchbackWheel<eff05900>, -1, 200) at <5925.973633, 147.221085, 4702.180664>
[COT 2021-04-04 19:43:39] 76561198036774377: Spawned Entity Ada 4x4 Wheel (HatchbackWheel<f4ed87c0>, -1, 200) at <5925.973633, 147.221085, 4702.180664>
[COT 2021-04-04 19:43:39] 76561198036774377: Spawned Entity Ada 4x4 Wheel (HatchbackWheel<f4ed95e0>, -1, 200) at <5925.973633, 147.221085, 4702.180664>
[COT 2021-04-04 19:43:39] 76561198036774377: Spawned Entity Ada 4x4 Wheel (HatchbackWheel<f07cda80>, -1, 200) at <5925.973633, 147.221085, 4702.180664>
[COT 2021-04-04 19:43:45] 76561198036774377: Spawned Entity Ada 4x4 Left Door (HatchbackDoors_Driver_White<f07ca910>, -1, 500) at <5925.973633, 147.221085, 4702.180664>
[COT 2021-04-04 19:43:46] 76561198036774377: Spawned Entity Ada 4x4 Right Door (HatchbackDoors_CoDriver_White<f07ddfd0>, -1, 500) at <5925.973633, 147.221085, 4702.180664>
[COT 2021-04-04 19:43:48] 76561198036774377: Spawned Entity Ada 4x4 Hood (HatchbackHood_White<e38cb210>, -1, 500) at <5925.973633, 147.221085, 4702.180664>
[COT 2021-04-04 19:43:49] 76561198036774377: Spawned Entity Ada 4x4 Trunk Door (HatchbackTrunk_White<e38c4110>, -1, 500) at <5925.973633, 147.221085, 4702.180664>
[COT 2021-04-04 19:44:58] 76561198036774377: Spawned Entity Barrel (Barrel_Blue<2b448130>, 0, 1300) at <5921.268555, 147.211624, 4703.078125>
[COT 2021-04-04 19:45:00] 76561198036774377: Spawned Entity Barrel (Barrel_Blue<2b449e70>, 0, 1300) at <5922.525391, 147.211624, 4703.422363>
[COT 2021-04-04 19:45:02] 76561198036774377: Spawned Entity Barrel (Barrel_Blue<2b447290>, 0, 1300) at <5919.890625, 147.211624, 4703.288574>
[COT 2021-04-04 19:45:18] 76561198036774377: Spawned Entity Car Radiator (CarRadiator<f15b9e00>, -1, 250) at <5922.033203, 147.221039, 4701.889160>
[COT 2021-04-04 19:45:18] 76561198036774377: Spawned Entity Car Radiator (CarRadiator<be54abb0>, -1, 250) at <5922.033203, 147.221039, 4701.889160>
[COT 2021-04-04 19:45:19] 76561198036774377: Spawned Entity Car Radiator (CarRadiator<d5a661c0>, -1, 250) at <5922.033203, 147.221039, 4701.889160>
[COT 2021-04-04 19:45:19] 76561198036774377: Spawned Entity Car Radiator (CarRadiator<d5a7fb60>, -1, 250) at <5922.033203, 147.221039, 4701.889160>
[COT 2021-04-04 19:45:19] 76561198036774377: Spawned Entity Car Radiator (CarRadiator<d5a7c9f0>, -1, 250) at <5922.033203, 147.221039, 4701.889160>
[COT 2021-04-04 19:45:19] 76561198036774377: Spawned Entity Car Radiator (CarRadiator<d5a57fc0>, -1, 250) at <5922.033203, 147.221039, 4701.889160>
[COT 2021-04-04 19:45:19] 76561198036774377: Spawned Entity Car Radiator (CarRadiator<f4542080>, -1, 250) at <5922.033203, 147.221039, 4701.889160>
[COT 2021-04-04 19:45:20] 76561198036774377: Spawned Entity Car Radiator (CarRadiator<f4517a80>, -1, 250) at <5922.033203, 147.221039, 4701.889160>
[COT 2021-04-04 19:45:20] 76561198036774377: Spawned Entity Car Radiator (CarRadiator<f452c670>, -1, 250) at <5922.033203, 147.221039, 4701.889160>
[COT 2021-04-04 19:45:20] 76561198036774377: Spawned Entity Car Radiator (CarRadiator<f4533060>, -1, 250) at <5922.033203, 147.221039, 4701.889160>
[COT 2021-04-04 19:45:26] 76561198036774377: Spawned Entity Car Battery (CarBattery<f4534ca0>, 50, 200) at <5922.033203, 147.221039, 4701.889160>
[COT 2021-04-04 19:45:26] 76561198036774377: Spawned Entity Car Battery (CarBattery<e1dd5070>, 50, 200) at <5922.033203, 147.221039, 4701.889160>
[COT 2021-04-04 19:45:26] 76561198036774377: Spawned Entity Car Battery (CarBattery<e1dbd310>, 50, 200) at <5922.033203, 147.221039, 4701.889160>
[COT 2021-04-04 19:45:26] 76561198036774377: Spawned Entity Car Battery (CarBattery<e7e99900>, 50, 200) at <5922.033203, 147.221039, 4701.889160>
[COT 2021-04-04 19:45:27] 76561198036774377: Spawned Entity Car Battery (CarBattery<d8c392e0>, 50, 200) at <5922.033203, 147.221039, 4701.889160>
[COT 2021-04-04 19:45:27] 76561198036774377: Spawned Entity Car Battery (CarBattery<c5df0db0>, 50, 200) at <5922.033203, 147.221039, 4701.889160>
[COT 2021-04-04 19:45:27] 76561198036774377: Spawned Entity Car Battery (CarBattery<ec3dcf20>, 50, 200) at <5922.033203, 147.221039, 4701.889160>
[COT 2021-04-04 19:45:27] 76561198036774377: Spawned Entity Car Battery (CarBattery<df8d5420>, 50, 200) at <5922.033203, 147.221039, 4701.889160>
[COT 2021-04-04 19:45:27] 76561198036774377: Spawned Entity Car Battery (CarBattery<df8a6070>, 50, 200) at <5922.033203, 147.221039, 4701.889160>
[COT 2021-04-04 19:45:32] 76561198036774377: Spawned Entity Battery Charger (BatteryCharger<2b453800>, -1, 90) at <5922.033203, 147.221039, 4701.889160>
[COT 2021-04-04 19:45:32] 76561198036774377: Spawned Entity Battery Charger (BatteryCharger<2b453f50>, -1, 90) at <5922.033203, 147.221039, 4701.889160>
[COT 2021-04-04 19:45:39] 76561198036774377: Spawned Entity Jerrycan (CanisterGasoline<de3a9e50>, 20000, 300) at <5922.033203, 147.221039, 4701.889160>
[COT 2021-04-04 19:45:39] 76561198036774377: Spawned Entity Jerrycan (CanisterGasoline<de3b3d20>, 20000, 300) at <5922.033203, 147.221039, 4701.889160>
[COT 2021-04-04 19:45:39] 76561198036774377: Spawned Entity Jerrycan (CanisterGasoline<de3beb10>, 20000, 300) at <5922.033203, 147.221039, 4701.889160>
[COT 2021-04-04 19:45:40] 76561198036774377: Spawned Entity Jerrycan (CanisterGasoline<f41cee50>, 20000, 300) at <5922.033203, 147.221039, 4701.889160>
[COT 2021-04-04 19:45:40] 76561198036774377: Spawned Entity Jerrycan (CanisterGasoline<f41cf5e0>, 20000, 300) at <5922.033203, 147.221039, 4701.889160>
[COT 2021-04-04 19:45:40] 76561198036774377: Spawned Entity Jerrycan (CanisterGasoline<f41cc0f0>, 20000, 300) at <5922.033203, 147.221039, 4701.889160>
[COT 2021-04-04 19:47:05] 76561198036774377: Spawned Entity Sleepingbag blue (sleepingbag_blue_mung<2b396780>, -1, 100) at <5921.610352, 147.221039, 4701.637207>
[COT 2021-04-04 19:47:36] 76561198036774377: Spawned Entity 50 Ruble Note (ItemBase<ec0a16a0>, 100, 100) at <5921.104492, 147.221069, 4700.591797>
[COT 2021-04-04 19:47:36] 76561198036774377: Spawned Entity 50 Ruble Note (ItemBase<cb9b2c60>, 100, 100) at <5921.104492, 147.221069, 4700.591797>
[COT 2021-04-04 19:47:36] 76561198036774377: Spawned Entity 50 Ruble Note (ItemBase<cb9c6a30>, 100, 100) at <5921.104492, 147.221069, 4700.591797>
[COT 2021-04-04 19:47:37] 76561198036774377: Spawned Entity 50 Ruble Note (ItemBase<e1675500>, 100, 100) at <5921.104492, 147.221069, 4700.591797>
[COT 2021-04-04 19:47:37] 76561198036774377: Spawned Entity 50 Ruble Note (ItemBase<e65439a0>, 100, 100) at <5921.104492, 147.221069, 4700.591797>
[COT 2021-04-04 19:47:37] 76561198036774377: Spawned Entity 50 Ruble Note (ItemBase<e6551490>, 100, 100) at <5921.104492, 147.221069, 4700.591797>
[COT 2021-04-04 19:47:37] 76561198036774377: Spawned Entity 50 Ruble Note (ItemBase<ec40d0f0>, 100, 100) at <5921.104492, 147.221069, 4700.591797>
[COT 2021-04-04 19:47:37] 76561198036774377: Spawned Entity 50 Ruble Note (ItemBase<f1c21d10>, 100, 100) at <5921.104492, 147.221069, 4700.591797>
[COT 2021-04-04 19:47:38] 76561198036774377: Spawned Entity 50 Ruble Note (ItemBase<e38be540>, 100, 100) at <5921.104492, 147.221069, 4700.591797>
[COT 2021-04-04 19:47:54] 76561198036774377: Entered the Free Camera
[COT 2021-04-04 19:48:29] 76561198036774377: Left the Free Camera
[COT 2021-04-04 19:48:46] 76561198036774377: Entered the Free Camera
[COT 2021-04-04 19:49:09] 76561198036774377: Set GodMode To true [guid=mBNlxASsPlOcry0dpDl8K-WgHNR5WMCMmoJ9NhpU4FY=]
[COT 2021-04-04 19:49:09] 76561198036774377: Set UnlimitedAmmo To true [guid=mBNlxASsPlOcry0dpDl8K-WgHNR5WMCMmoJ9NhpU4FY=]
[COT 2021-04-04 19:49:09] 76561198036774377: Set UnlimitedStamina To true [guid=mBNlxASsPlOcry0dpDl8K-WgHNR5WMCMmoJ9NhpU4FY=]
[COT 2021-04-04 19:49:51] 76561198036774377: Spawned Entity Brick of Nomad Weed (CP_CannabisBrickNomad<e89ee2e0>, -1, 30) at <5850.172363, 136.547409, 4919.976074>
[COT 2021-04-04 19:49:51] 76561198036774377: Spawned Entity Brick of Nomad Weed (CP_CannabisBrickNomad<e89fa190>, -1, 30) at <5850.236816, 136.649307, 4920.009766>
[COT 2021-04-04 19:49:53] 76561198036774377: Spawned Entity Brick of S1 Hemp (CP_CannabisBrickS1<e8d114e0>, -1, 30) at <5850.267578, 136.580627, 4920.372559>
[COT 2021-04-04 19:49:53] 76561198036774377: Spawned Entity Brick of S1 Hemp (CP_CannabisBrickS1<e8d0ce40>, -1, 30) at <5850.330566, 136.686295, 4920.388672>
[COT 2021-04-04 19:49:55] 76561198036774377: Spawned Entity Brick of Future Weed (CP_CannabisBrickFuture<e8d27600>, -1, 30) at <5850.638184, 136.586960, 4920.443848>
[COT 2021-04-04 19:49:55] 76561198036774377: Spawned Entity Brick of Future Weed (CP_CannabisBrickFuture<e6550d80>, -1, 30) at <5850.682129, 136.688858, 4920.456055>
[COT 2021-04-04 19:49:57] 76561198036774377: Spawned Entity Brick of Stardawg Weed (CP_CannabisBrickStardawg<e653e4e0>, -1, 30) at <5850.647949, 136.566391, 4920.191406>
[COT 2021-04-04 19:49:57] 76561198036774377: Spawned Entity Brick of Stardawg Weed (CP_CannabisBrickStardawg<d3b83600>, -1, 30) at <5850.692383, 136.672058, 4920.216309>
[COT 2021-04-04 19:49:59] 76561198036774377: Spawned Entity Brick of Purple Kush Weed (CP_CannabisBrickKush<d3b6b190>, -1, 30) at <5850.464844, 136.529938, 4919.827637>
[COT 2021-04-04 19:49:59] 76561198036774377: Spawned Entity Brick of Purple Kush Weed (CP_CannabisBrickKush<37f5a780>, -1, 30) at <5850.517578, 136.635605, 4919.869141>
[COT 2021-04-04 19:50:01] 76561198036774377: Spawned Entity Brick of Blue God Weed (CP_CannabisBrickBlue<e573a350>, -1, 30) at <5849.863770, 136.542465, 4920.032715>
[COT 2021-04-04 19:50:01] 76561198036774377: Spawned Entity Brick of Blue God Weed (CP_CannabisBrickBlue<e573f100>, -1, 30) at <5849.943359, 136.646378, 4920.063965>
[COT 2021-04-04 19:50:03] 76561198036774377: Spawned Entity Brick of Skunk Weed (CP_CannabisBrickSkunk<e38cdc70>, -1, 30) at <5849.844727, 136.568771, 4920.415039>
[COT 2021-04-04 19:50:03] 76561198036774377: Spawned Entity Brick of Skunk Weed (CP_CannabisBrickSkunk<f5aa7ec0>, -1, 30) at <5849.924805, 136.670670, 4920.428711>
[COT 2021-04-04 19:50:22] 76561198036774377: Spawned Entity Boxed 5.56x45mm Tracer Rounds (AmmoBox_556x45Tracer_20Rnd<f7a95430>, -1, 100) at <5885.453125, 136.431519, 4919.000000>
[COT 2021-04-04 19:50:22] 76561198036774377: Spawned Entity Boxed 5.56x45mm Tracer Rounds (AmmoBox_556x45Tracer_20Rnd<f7a985a0>, -1, 100) at <5885.460449, 136.451065, 4919.004395>
[COT 2021-04-04 19:50:22] 76561198036774377: Spawned Entity Boxed 5.56x45mm Tracer Rounds (AmmoBox_556x45Tracer_20Rnd<ddfc96c0>, -1, 100) at <5885.467285, 136.470612, 4919.008789>
[COT 2021-04-04 19:50:22] 76561198036774377: Spawned Entity Boxed 5.56x45mm Tracer Rounds (AmmoBox_556x45Tracer_20Rnd<ddfcc830>, -1, 100) at <5885.474609, 136.490250, 4919.014160>
[COT 2021-04-04 19:50:22] 76561198036774377: Spawned Entity Boxed 5.56x45mm Tracer Rounds (AmmoBox_556x45Tracer_20Rnd<c92152a0>, -1, 100) at <5885.481445, 136.509796, 4919.018066>
[COT 2021-04-04 19:50:22] 76561198036774377: Spawned Entity Boxed 5.56x45mm Tracer Rounds (AmmoBox_556x45Tracer_20Rnd<d32535d0>, -1, 100) at <5885.488770, 136.529434, 4919.022461>
[COT 2021-04-04 19:50:23] 76561198036774377: Spawned Entity Boxed 5.56x45mm Tracer Rounds (AmmoBox_556x45Tracer_20Rnd<e3c6dad0>, -1, 100) at <5885.495605, 136.548981, 4919.026855>
[COT 2021-04-04 19:50:23] 76561198036774377: Spawned Entity Boxed 5.56x45mm Tracer Rounds (AmmoBox_556x45Tracer_20Rnd<c9205460>, -1, 100) at <5885.502930, 136.568527, 4919.032227>
[COT 2021-04-04 19:50:23] 76561198036774377: Spawned Entity Boxed 5.56x45mm Tracer Rounds (AmmoBox_556x45Tracer_20Rnd<e89fafb0>, -1, 100) at <5885.510742, 136.588165, 4919.036133>
[COT 2021-04-04 19:50:23] 76561198036774377: Spawned Entity Boxed 5.56x45mm Tracer Rounds (AmmoBox_556x45Tracer_20Rnd<f07e42b0>, -1, 100) at <5885.517090, 136.607712, 4919.040527>
[COT 2021-04-04 19:50:23] 76561198036774377: Spawned Entity Boxed 5.56x45mm Tracer Rounds (AmmoBox_556x45Tracer_20Rnd<e91c56a0>, -1, 100) at <5885.524414, 136.627258, 4919.045410>
[COT 2021-04-04 19:50:23] 76561198036774377: Spawned Entity Boxed 5.56x45mm Tracer Rounds (AmmoBox_556x45Tracer_20Rnd<c5dd1130>, -1, 100) at <5885.531738, 136.646896, 4919.049805>
[COT 2021-04-04 19:50:25] 76561198036774377: Spawned Entity Boxed 5.56x45mm Tracer Rounds (AmmoBox_556x45Tracer_20Rnd<c5df77a0>, -1, 100) at <5885.199219, 136.431519, 4918.536621>
[COT 2021-04-04 19:50:26] 76561198036774377: Spawned Entity Boxed 5.56x45mm Tracer Rounds (AmmoBox_556x45Tracer_20Rnd<ebb33bc0>, -1, 100) at <5885.209473, 136.451157, 4918.546387>
[COT 2021-04-04 19:50:26] 76561198036774377: Spawned Entity Boxed 5.56x45mm Tracer Rounds (AmmoBox_556x45Tracer_20Rnd<ec3f9a30>, -1, 100) at <5885.220215, 136.470703, 4918.556152>
[COT 2021-04-04 19:50:26] 76561198036774377: Spawned Entity Boxed 5.56x45mm Tracer Rounds (AmmoBox_556x45Tracer_20Rnd<f45051e0>, -1, 100) at <5885.229980, 136.490341, 4918.566406>
[COT 2021-04-04 19:50:26] 76561198036774377: Spawned Entity Boxed 5.56x45mm Tracer Rounds (AmmoBox_556x45Tracer_20Rnd<f731ae20>, -1, 100) at <5885.239746, 136.509888, 4918.575684>
[COT 2021-04-04 19:50:26] 76561198036774377: Spawned Entity Boxed 5.56x45mm Tracer Rounds (AmmoBox_556x45Tracer_20Rnd<f04799f0>, -1, 100) at <5885.249512, 136.529434, 4918.585449>
[COT 2021-04-04 19:50:26] 76561198036774377: Spawned Entity Boxed 5.56x45mm Tracer Rounds (AmmoBox_556x45Tracer_20Rnd<f047a810>, -1, 100) at <5885.260254, 136.548981, 4918.595215>
[COT 2021-04-04 19:50:26] 76561198036774377: Spawned Entity Boxed 5.56x45mm Tracer Rounds (AmmoBox_556x45Tracer_20Rnd<f045f940>, -1, 100) at <5885.270020, 136.568619, 4918.605469>
[COT 2021-04-04 19:50:27] 76561198036774377: Spawned Entity Boxed 5.56x45mm Tracer Rounds (AmmoBox_556x45Tracer_20Rnd<f0474c40>, -1, 100) at <5885.279785, 136.588165, 4918.615234>
[COT 2021-04-04 19:50:27] 76561198036774377: Spawned Entity Boxed 5.56x45mm Tracer Rounds (AmmoBox_556x45Tracer_20Rnd<dc656530>, -1, 100) at <5885.290039, 136.607712, 4918.625000>
[COT 2021-04-04 19:50:27] 76561198036774377: Spawned Entity Boxed 5.56x45mm Tracer Rounds (AmmoBox_556x45Tracer_20Rnd<dc65c810>, -1, 100) at <5885.299316, 136.627258, 4918.634277>
[COT 2021-04-04 19:50:27] 76561198036774377: Spawned Entity Boxed 5.56x45mm Tracer Rounds (AmmoBox_556x45Tracer_20Rnd<67e5e630>, -1, 100) at <5885.310059, 136.646896, 4918.644043>
[COT 2021-04-04 19:50:27] 76561198036774377: Spawned Entity Boxed 5.56x45mm Tracer Rounds (AmmoBox_556x45Tracer_20Rnd<67e5f450>, -1, 100) at <5885.319824, 136.666443, 4918.654785>
[COT 2021-04-04 19:50:27] 76561198036774377: Spawned Entity Boxed 5.56x45mm Tracer Rounds (AmmoBox_556x45Tracer_20Rnd<67e62cd0>, -1, 100) at <5885.329590, 136.685989, 4918.663574>
[COT 2021-04-04 19:50:29] 76561198036774377: Spawned Entity Boxed 5.56x45mm Tracer Rounds (AmmoBox_556x45Tracer_20Rnd<67e60270>, -1, 100) at <5884.969238, 136.431519, 4918.803711>
[COT 2021-04-04 19:50:29] 76561198036774377: Spawned Entity Boxed 5.56x45mm Tracer Rounds (AmmoBox_556x45Tracer_20Rnd<67e61090>, -1, 100) at <5884.982422, 136.451157, 4918.810059>
[COT 2021-04-04 19:50:29] 76561198036774377: Spawned Entity Boxed 5.56x45mm Tracer Rounds (AmmoBox_556x45Tracer_20Rnd<f49eaf80>, -1, 100) at <5884.995117, 136.470703, 4918.817871>
[COT 2021-04-04 19:50:29] 76561198036774377: Spawned Entity Boxed 5.56x45mm Tracer Rounds (AmmoBox_556x45Tracer_20Rnd<f49ba6a0>, -1, 100) at <5885.007324, 136.490250, 4918.823730>
[COT 2021-04-04 19:50:30] 76561198036774377: Spawned Entity Boxed 5.56x45mm Tracer Rounds (AmmoBox_556x45Tracer_20Rnd<f49b35a0>, -1, 100) at <5885.020508, 136.509888, 4918.830566>
[COT 2021-04-04 19:50:30] 76561198036774377: Spawned Entity Boxed 5.56x45mm Tracer Rounds (AmmoBox_556x45Tracer_20Rnd<f49daa30>, -1, 100) at <5885.032715, 136.529434, 4918.837402>
[COT 2021-04-04 19:50:30] 76561198036774377: Spawned Entity Boxed 5.56x45mm Tracer Rounds (AmmoBox_556x45Tracer_20Rnd<15764ce0>, -1, 100) at <5885.045898, 136.549072, 4918.844238>
[COT 2021-04-04 19:50:30] 76561198036774377: Spawned Entity Boxed 5.56x45mm Tracer Rounds (AmmoBox_556x45Tracer_20Rnd<15761460>, -1, 100) at <5885.058105, 136.568710, 4918.850586>
[COT 2021-04-04 19:50:30] 76561198036774377: Spawned Entity Boxed 5.56x45mm Tracer Rounds (AmmoBox_556x45Tracer_20Rnd<157653f0>, -1, 100) at <5885.071289, 136.588348, 4918.857910>
[COT 2021-04-04 19:50:30] 76561198036774377: Spawned Entity Boxed 5.56x45mm Tracer Rounds (AmmoBox_556x45Tracer_20Rnd<157320b0>, -1, 100) at <5885.083008, 136.607895, 4918.864258>
[COT 2021-04-04 19:50:30] 76561198036774377: Spawned Entity Boxed 5.56x45mm Tracer Rounds (AmmoBox_556x45Tracer_20Rnd<15752b50>, -1, 100) at <5885.096680, 136.627533, 4918.871582>
[COT 2021-04-04 19:50:31] 76561198036774377: Spawned Entity Boxed 5.56x45mm Tracer Rounds (AmmoBox_556x45Tracer_20Rnd<15758720>, -1, 100) at <5885.108887, 136.647171, 4918.877930>
[COT 2021-04-04 19:50:32] 76561198036774377: Spawned Entity Boxed 5.56x45mm Tracer Rounds (AmmoBox_556x45Tracer_20Rnd<15753260>, -1, 100) at <5885.127930, 136.431519, 4919.232422>
[COT 2021-04-04 19:50:32] 76561198036774377: Spawned Entity Boxed 5.56x45mm Tracer Rounds (AmmoBox_556x45Tracer_20Rnd<1575b890>, -1, 100) at <5885.139648, 136.451065, 4919.234375>
[COT 2021-04-04 19:50:32] 76561198036774377: Spawned Entity Boxed 5.56x45mm Tracer Rounds (AmmoBox_556x45Tracer_20Rnd<15754790>, -1, 100) at <5885.150391, 136.470612, 4919.236328>
[COT 2021-04-04 19:50:33] 76561198036774377: Spawned Entity Boxed 5.56x45mm Tracer Rounds (AmmoBox_556x45Tracer_20Rnd<f61a8e90>, -1, 100) at <5885.161133, 136.490250, 4919.238281>
[COT 2021-04-04 19:50:33] 76561198036774377: Spawned Entity Boxed 5.56x45mm Tracer Rounds (AmmoBox_556x45Tracer_20Rnd<f61b14c0>, -1, 100) at <5885.171387, 136.509796, 4919.240234>
[COT 2021-04-04 19:50:33] 76561198036774377: Spawned Entity Boxed 5.56x45mm Tracer Rounds (AmmoBox_556x45Tracer_20Rnd<f61a9cb0>, -1, 100) at <5885.182129, 136.529434, 4919.241699>
[COT 2021-04-04 19:50:33] 76561198036774377: Spawned Entity Boxed 5.56x45mm Tracer Rounds (AmmoBox_556x45Tracer_20Rnd<f61ab8f0>, -1, 100) at <5885.193359, 136.549072, 4919.243652>
[COT 2021-04-04 19:50:33] 76561198036774377: Spawned Entity Boxed 5.56x45mm Tracer Rounds (AmmoBox_556x45Tracer_20Rnd<f61ac000>, -1, 100) at <5885.204102, 136.568710, 4919.245605>
[COT 2021-04-04 19:50:33] 76561198036774377: Spawned Entity Boxed 5.56x45mm Tracer Rounds (AmmoBox_556x45Tracer_20Rnd<f61c0bf0>, -1, 100) at <5885.214844, 136.588257, 4919.247070>
[COT 2021-04-04 19:50:34] 76561198036774377: Spawned Entity Boxed 5.56x45mm Tracer Rounds (AmmoBox_556x45Tracer_20Rnd<f61c3650>, -1, 100) at <5885.225098, 136.607803, 4919.249023>
[COT 2021-04-04 19:50:34] 76561198036774377: Spawned Entity Boxed 5.56x45mm Tracer Rounds (AmmoBox_556x45Tracer_20Rnd<f61ca750>, -1, 100) at <5885.236328, 136.627350, 4919.250977>
[COT 2021-04-04 19:50:35] 76561198036774377: Spawned Entity Boxed 5.56x45mm Tracer Rounds (AmmoBox_556x45Tracer_20Rnd<f61c4b80>, -1, 100) at <5885.615723, 136.431519, 4919.413574>
[COT 2021-04-04 19:50:35] 76561198036774377: Spawned Entity Boxed 5.56x45mm Tracer Rounds (AmmoBox_556x45Tracer_20Rnd<f61cd1b0>, -1, 100) at <5885.620605, 136.451157, 4919.413574>
[COT 2021-04-04 19:50:36] 76561198036774377: Spawned Entity Boxed 5.56x45mm Tracer Rounds (AmmoBox_556x45Tracer_20Rnd<f61dc8e0>, -1, 100) at <5885.626465, 136.470703, 4919.413086>
[COT 2021-04-04 19:50:36] 76561198036774377: Spawned Entity Boxed 5.56x45mm Tracer Rounds (AmmoBox_556x45Tracer_20Rnd<f61e6b50>, -1, 100) at <5885.632324, 136.490341, 4919.413086>
[COT 2021-04-04 19:50:36] 76561198036774377: Spawned Entity Boxed 5.56x45mm Tracer Rounds (AmmoBox_556x45Tracer_20Rnd<f61e32d0>, -1, 100) at <5885.637207, 136.509979, 4919.412598>
[COT 2021-04-04 19:50:36] 76561198036774377: Spawned Entity Boxed 5.56x45mm Tracer Rounds (AmmoBox_556x45Tracer_20Rnd<e97f29e0>, -1, 100) at <5885.642090, 136.529526, 4919.412109>
[COT 2021-04-04 19:50:36] 76561198036774377: Spawned Entity Boxed 5.56x45mm Tracer Rounds (AmmoBox_556x45Tracer_20Rnd<e97b7780>, -1, 100) at <5885.647461, 136.549072, 4919.412109>
[COT 2021-04-04 19:50:36] 76561198036774377: Spawned Entity Boxed 5.56x45mm Tracer Rounds (AmmoBox_556x45Tracer_20Rnd<e97c2f20>, -1, 100) at <5885.652832, 136.568710, 4919.412109>
[COT 2021-04-04 19:50:37] 76561198036774377: Spawned Entity Boxed 5.56x45mm Tracer Rounds (AmmoBox_556x45Tracer_20Rnd<e97cbc60>, -1, 100) at <5885.658203, 136.588348, 4919.412109>
[COT 2021-04-04 19:50:37] 76561198036774377: Spawned Entity Boxed 5.56x45mm Tracer Rounds (AmmoBox_556x45Tracer_20Rnd<e97cca80>, -1, 100) at <5885.663086, 136.607895, 4919.411621>
[COT 2021-04-04 19:50:37] 76561198036774377: Spawned Entity Boxed 5.56x45mm Tracer Rounds (AmmoBox_556x45Tracer_20Rnd<e97cedd0>, -1, 100) at <5885.668457, 136.627533, 4919.411133>
[COT 2021-04-04 19:50:37] 76561198036774377: Spawned Entity Boxed 5.56x45mm Tracer Rounds (AmmoBox_556x45Tracer_20Rnd<e97d3b80>, -1, 100) at <5885.673828, 136.647079, 4919.411133>
[COT 2021-04-04 19:50:37] 76561198036774377: Spawned Entity Boxed 5.56x45mm Tracer Rounds (AmmoBox_556x45Tracer_20Rnd<e97e5600>, -1, 100) at <5885.679199, 136.666626, 4919.411133>
[COT 2021-04-04 19:50:37] 76561198036774377: Spawned Entity Boxed 5.56x45mm Tracer Rounds (AmmoBox_556x45Tracer_20Rnd<e97e2ba0>, -1, 100) at <5885.684570, 136.686264, 4919.410645>
[COT 2021-04-04 19:50:40] 76561198036774377: Spawned Entity Boxed 5.56x45mm Tracer Rounds (AmmoBox_556x45Tracer_20Rnd<d37b84d0>, -1, 100) at <5886.008789, 136.431519, 4919.306152>
[COT 2021-04-04 19:50:40] 76561198036774377: Spawned Entity Boxed 5.56x45mm Tracer Rounds (AmmoBox_556x45Tracer_20Rnd<d37b9a00>, -1, 100) at <5886.009277, 136.451065, 4919.307129>
[COT 2021-04-04 19:50:40] 76561198036774377: Spawned Entity Boxed 5.56x45mm Tracer Rounds (AmmoBox_556x45Tracer_20Rnd<d37be0a0>, -1, 100) at <5886.010254, 136.470703, 4919.308105>
[COT 2021-04-04 19:50:40] 76561198036774377: Spawned Entity Boxed 5.56x45mm Tracer Rounds (AmmoBox_556x45Tracer_20Rnd<efb935a0>, -1, 100) at <5886.011230, 136.490341, 4919.309082>
[COT 2021-04-04 19:50:40] 76561198036774377: Spawned Entity Boxed 5.56x45mm Tracer Rounds (AmmoBox_556x45Tracer_20Rnd<efb96000>, -1, 100) at <5886.011719, 136.509979, 4919.310547>
[COT 2021-04-04 19:50:41] 76561198036774377: Spawned Entity Boxed 5.56x45mm Tracer Rounds (AmmoBox_556x45Tracer_20Rnd<efba0270>, -1, 100) at <5886.012695, 136.529526, 4919.311035>
[COT 2021-04-04 19:50:41] 76561198036774377: Spawned Entity Boxed 5.56x45mm Tracer Rounds (AmmoBox_556x45Tracer_20Rnd<efba5020>, -1, 100) at <5886.013184, 136.549072, 4919.312500>
[COT 2021-04-04 19:50:41] 76561198036774377: Spawned Entity Boxed 5.56x45mm Tracer Rounds (AmmoBox_556x45Tracer_20Rnd<efba0980>, -1, 100) at <5886.014160, 136.568619, 4919.313965>
[COT 2021-04-04 19:50:41] 76561198036774377: Spawned Entity Boxed 5.56x45mm Tracer Rounds (AmmoBox_556x45Tracer_20Rnd<efbbf7e0>, -1, 100) at <5886.014648, 136.588165, 4919.313965>
[COT 2021-04-04 19:50:41] 76561198036774377: Spawned Entity Boxed 5.56x45mm Tracer Rounds (AmmoBox_556x45Tracer_20Rnd<efbc3e80>, -1, 100) at <5886.015137, 136.607712, 4919.315430>
[COT 2021-04-04 19:50:41] 76561198036774377: Spawned Entity Boxed 5.56x45mm Tracer Rounds (AmmoBox_556x45Tracer_20Rnd<efbc0600>, -1, 100) at <5886.016602, 136.627350, 4919.316406>
[COT 2021-04-04 19:50:42] 76561198036774377: Spawned Entity Boxed 5.56x45mm Tracer Rounds (AmmoBox_556x45Tracer_20Rnd<efbd2790>, -1, 100) at <5886.017578, 136.646896, 4919.317383>
[COT 2021-04-04 19:50:43] 76561198036774377: Spawned Entity Boxed 5.56x45mm Tracer Rounds (AmmoBox_556x45Tracer_20Rnd<f5c7d1e0>, -1, 100) at <5886.257813, 136.431519, 4918.806152>
[COT 2021-04-04 19:50:44] 76561198036774377: Spawned Entity Boxed 5.56x45mm Tracer Rounds (AmmoBox_556x45Tracer_20Rnd<f5c826a0>, -1, 100) at <5886.256348, 136.451065, 4918.812988>
[COT 2021-04-04 19:50:44] 76561198036774377: Spawned Entity Boxed 5.56x45mm Tracer Rounds (AmmoBox_556x45Tracer_20Rnd<f5c87450>, -1, 100) at <5886.254395, 136.470612, 4918.819824>
[COT 2021-04-04 19:50:44] 76561198036774377: Spawned Entity Boxed 5.56x45mm Tracer Rounds (AmmoBox_556x45Tracer_20Rnd<f5c80a60>, -1, 100) at <5886.251953, 136.490158, 4918.826660>
[COT 2021-04-04 19:50:44] 76561198036774377: Spawned Entity Boxed 5.56x45mm Tracer Rounds (AmmoBox_556x45Tracer_20Rnd<f5caa240>, -1, 100) at <5886.249512, 136.509796, 4918.833984>
[COT 2021-04-04 19:50:44] 76561198036774377: Spawned Entity Boxed 5.56x45mm Tracer Rounds (AmmoBox_556x45Tracer_20Rnd<f5cacca0>, -1, 100) at <5886.247559, 136.529434, 4918.840332>
[COT 2021-04-04 19:50:44] 76561198036774377: Spawned Entity Boxed 5.56x45mm Tracer Rounds (AmmoBox_556x45Tracer_20Rnd<2b3c8560>, -1, 100) at <5886.245605, 136.548981, 4918.846680>
[COT 2021-04-04 19:50:45] 76561198036774377: Spawned Entity Boxed 5.56x45mm Tracer Rounds (AmmoBox_556x45Tracer_20Rnd<2b3cb6d0>, -1, 100) at <5886.244629, 136.568527, 4918.853516>
[COT 2021-04-04 19:50:45] 76561198036774377: Spawned Entity Boxed 5.56x45mm Tracer Rounds (AmmoBox_556x45Tracer_20Rnd<e0798f10>, -1, 100) at <5886.241699, 136.588074, 4918.860352>
[COT 2021-04-04 19:50:45] 76561198036774377: Spawned Entity Boxed 5.56x45mm Tracer Rounds (AmmoBox_556x45Tracer_20Rnd<e0795da0>, -1, 100) at <5886.239746, 136.607712, 4918.867188>
[COT 2021-04-04 19:50:45] 76561198036774377: Spawned Entity Boxed 5.56x45mm Tracer Rounds (AmmoBox_556x45Tracer_20Rnd<f7e9f750>, -1, 100) at <5886.237793, 136.627258, 4918.873535>
[COT 2021-04-04 19:50:45] 76561198036774377: Spawned Entity Boxed 5.56x45mm Tracer Rounds (AmmoBox_556x45Tracer_20Rnd<838fbb80>, -1, 100) at <5886.235352, 136.646896, 4918.880859>
[COT 2021-04-04 19:50:47] 76561198036774377: Spawned Entity Boxed 5.56x45mm Tracer Rounds (AmmoBox_556x45Tracer_20Rnd<838f9f40>, -1, 100) at <5886.175293, 136.431519, 4918.414063>
[COT 2021-04-04 19:50:47] 76561198036774377: Spawned Entity Boxed 5.56x45mm Tracer Rounds (AmmoBox_556x45Tracer_20Rnd<c13afe80>, -1, 100) at <5886.174805, 136.451065, 4918.425293>
[COT 2021-04-04 19:50:47] 76561198036774377: Spawned Entity Boxed 5.56x45mm Tracer Rounds (AmmoBox_556x45Tracer_20Rnd<c13ca640>, -1, 100) at <5886.173340, 136.470703, 4918.437012>
[COT 2021-04-04 19:50:48] 76561198036774377: Spawned Entity Boxed 5.56x45mm Tracer Rounds (AmmoBox_556x45Tracer_20Rnd<f327b1b0>, -1, 100) at <5886.172363, 136.490341, 4918.447754>
[COT 2021-04-04 19:50:48] 76561198036774377: Spawned Entity Boxed 5.56x45mm Tracer Rounds (AmmoBox_556x45Tracer_20Rnd<f326fa10>, -1, 100) at <5886.170898, 136.509888, 4918.459473>
[COT 2021-04-04 19:50:48] 76561198036774377: Spawned Entity Boxed 5.56x45mm Tracer Rounds (AmmoBox_556x45Tracer_20Rnd<e573e9f0>, -1, 100) at <5886.169434, 136.529434, 4918.470215>
[COT 2021-04-04 19:50:48] 76561198036774377: Spawned Entity Boxed 5.56x45mm Tracer Rounds (AmmoBox_556x45Tracer_20Rnd<e97b9ad0>, -1, 100) at <5886.168945, 136.548981, 4918.481445>
[COT 2021-04-04 19:50:48] 76561198036774377: Spawned Entity Boxed 5.56x45mm Tracer Rounds (AmmoBox_556x45Tracer_20Rnd<ed5df2e0>, -1, 100) at <5886.167480, 136.568527, 4918.492676>
[COT 2021-04-04 19:50:48] 76561198036774377: Spawned Entity Boxed 5.56x45mm Tracer Rounds (AmmoBox_556x45Tracer_20Rnd<e756d890>, -1, 100) at <5886.166504, 136.588165, 4918.503906>
[COT 2021-04-04 19:50:49] 76561198036774377: Spawned Entity Boxed 5.56x45mm Tracer Rounds (AmmoBox_556x45Tracer_20Rnd<e756edc0>, -1, 100) at <5886.165527, 136.607803, 4918.515625>
[COT 2021-04-04 19:50:49] 76561198036774377: Spawned Entity Boxed 5.56x45mm Tracer Rounds (AmmoBox_556x45Tracer_20Rnd<e757c8b0>, -1, 100) at <5886.164551, 136.627441, 4918.526855>
[COT 2021-04-04 19:50:50] 76561198036774377: Spawned Entity Boxed 5.56x45mm Tracer Rounds (AmmoBox_556x45Tracer_20Rnd<e7578210>, -1, 100) at <5885.879883, 136.622116, 4918.485840>
[COT 2021-04-04 19:50:51] 76561198036774377: Spawned Entity Boxed 5.56x45mm Tracer Rounds (AmmoBox_556x45Tracer_20Rnd<e7580f50>, -1, 100) at <5885.881836, 136.641754, 4918.497070>
[COT 2021-04-04 19:50:51] 76561198036774377: Spawned Entity Boxed 5.56x45mm Tracer Rounds (AmmoBox_556x45Tracer_20Rnd<e7579e50>, -1, 100) at <5885.884277, 136.661392, 4918.509277>
[COT 2021-04-04 19:50:51] 76561198036774377: Spawned Entity Boxed 5.56x45mm Tracer Rounds (AmmoBox_556x45Tracer_20Rnd<e75840c0>, -1, 100) at <5885.887207, 136.680939, 4918.520508>
[COT 2021-04-04 19:50:51] 76561198036774377: Spawned Entity Boxed 5.56x45mm Tracer Rounds (AmmoBox_556x45Tracer_20Rnd<e7586b20>, -1, 100) at <5885.889648, 136.700485, 4918.532227>
[COT 2021-04-04 19:50:51] 76561198036774377: Spawned Entity Boxed 5.56x45mm Tracer Rounds (AmmoBox_556x45Tracer_20Rnd<e758c6f0>, -1, 100) at <5885.892578, 136.720123, 4918.543457>
[COT 2021-04-04 19:50:51] 76561198036774377: Spawned Entity Boxed 5.56x45mm Tracer Rounds (AmmoBox_556x45Tracer_20Rnd<e758ea40>, -1, 100) at <5885.894531, 136.739670, 4918.555664>
[COT 2021-04-04 19:50:52] 76561198036774377: Spawned Entity Boxed 5.56x45mm Tracer Rounds (AmmoBox_556x45Tracer_20Rnd<e75929d0>, -1, 100) at <5885.897461, 136.759216, 4918.567383>
[COT 2021-04-04 19:51:57] 76561198036774377: Spawned Entity Ada 4x4 (OffroadHatchback_White<63effc30>, -1, 1000) at <5855.372559, 137.045441, 4706.141113>
[COT 2021-04-04 19:52:16] 76561198036774377: Spawned Entity Sledgehammer (SledgeHammer<e5eb2ae0>, -1, 300) at <5867.228027, 146.275269, 4679.634277>
[COT 2021-04-04 19:52:17] 76561198036774377: Spawned Entity Sledgehammer (SledgeHammer<e5eb31f0>, -1, 300) at <5866.893066, 146.275131, 4679.812012>
[COT 2021-04-04 19:52:19] 76561198036774377: Spawned Entity Sledgehammer (SledgeHammer<e5ebcd50>, -1, 300) at <5867.474121, 146.275330, 4679.438965>
[COT 2021-04-04 19:52:20] 76561198036774377: Spawned Entity Sledgehammer (SledgeHammer<e5eb5c50>, -1, 300) at <5867.107422, 146.275589, 4680.354980>
[COT 2021-04-04 19:53:03] 76561198036774377: Spawned Entity Boxed 5.56x45mm Tracer Rounds (AmmoBox_556x45Tracer_20Rnd<e78ab540>, -1, 100) at <5764.312012, 117.329994, 4571.678223>
[COT 2021-04-04 19:53:04] 76561198036774377: Spawned Entity Boxed 5.56x45mm Tracer Rounds (AmmoBox_556x45Tracer_20Rnd<e78ad890>, -1, 100) at <5764.315430, 117.349548, 4571.696777>
[COT 2021-04-04 19:53:04] 76561198036774377: Spawned Entity Boxed 5.56x45mm Tracer Rounds (AmmoBox_556x45Tracer_20Rnd<e78bc1a0>, -1, 100) at <5764.319336, 117.369102, 4571.715332>
[COT 2021-04-04 19:53:04] 76561198036774377: Spawned Entity Boxed 5.56x45mm Tracer Rounds (AmmoBox_556x45Tracer_20Rnd<e78b65d0>, -1, 100) at <5764.323242, 117.388657, 4571.733398>
[COT 2021-04-04 19:53:04] 76561198036774377: Spawned Entity Boxed 5.56x45mm Tracer Rounds (AmmoBox_556x45Tracer_20Rnd<f643f1b0>, -1, 100) at <5764.326660, 117.408279, 4571.752441>
[COT 2021-04-04 19:53:04] 76561198036774377: Spawned Entity Boxed 5.56x45mm Tracer Rounds (AmmoBox_556x45Tracer_20Rnd<f64395e0>, -1, 100) at <5764.330078, 117.427834, 4571.770996>
[COT 2021-04-04 19:53:04] 76561198036774377: Spawned Entity Boxed 5.56x45mm Tracer Rounds (AmmoBox_556x45Tracer_20Rnd<f6425100>, -1, 100) at <5764.333984, 117.447456, 4571.789063>
[COT 2021-04-04 19:53:06] 76561198036774377: Spawned Entity Boxed 5.56x45mm Tracer Rounds (AmmoBox_556x45Tracer_20Rnd<d90ad140>, -1, 100) at <5764.798340, 117.330002, 4572.191895>
[COT 2021-04-04 19:53:06] 76561198036774377: Spawned Entity Boxed 5.56x45mm Tracer Rounds (AmmoBox_556x45Tracer_20Rnd<d909c4e0>, -1, 100) at <5764.797363, 117.349625, 4572.205566>
[COT 2021-04-04 19:53:06] 76561198036774377: Spawned Entity Boxed 5.56x45mm Tracer Rounds (AmmoBox_556x45Tracer_20Rnd<ebb41dc0>, -1, 100) at <5764.795898, 117.369179, 4572.218750>
[COT 2021-04-04 19:53:07] 76561198036774377: Spawned Entity Boxed 5.56x45mm Tracer Rounds (AmmoBox_556x45Tracer_20Rnd<ebb27d10>, -1, 100) at <5764.794434, 117.388802, 4572.231934>
[COT 2021-04-04 19:53:07] 76561198036774377: Spawned Entity Boxed 5.56x45mm Tracer Rounds (AmmoBox_556x45Tracer_20Rnd<c92234a0>, -1, 100) at <5764.793457, 117.408356, 4572.245605>
[COT 2021-04-04 19:53:07] 76561198036774377: Spawned Entity Boxed 5.56x45mm Tracer Rounds (AmmoBox_556x45Tracer_20Rnd<e5ec2210>, -1, 100) at <5764.792480, 117.427910, 4572.258789>
[COT 2021-04-04 19:53:07] 76561198036774377: Spawned Entity Boxed 5.56x45mm Tracer Rounds (AmmoBox_556x45Tracer_20Rnd<c9aa72a0>, -1, 100) at <5764.791016, 117.447533, 4572.271973>
[COT 2021-04-04 19:53:07] 76561198036774377: Spawned Entity Boxed 5.56x45mm Tracer Rounds (AmmoBox_556x45Tracer_20Rnd<c9aa8ee0>, -1, 100) at <5764.790039, 117.467087, 4572.286133>
[COT 2021-04-04 19:53:07] 76561198036774377: Spawned Entity Boxed 5.56x45mm Tracer Rounds (AmmoBox_556x45Tracer_20Rnd<df8cf850>, -1, 100) at <5764.789063, 117.486641, 4572.299805>
[COT 2021-04-04 19:53:08] 76561198036774377: Spawned Entity Boxed 5.56x45mm Tracer Rounds (AmmoBox_556x45Tracer_20Rnd<f779e130>, -1, 100) at <5764.787598, 117.506264, 4572.312500>
[COT 2021-04-04 19:53:08] 76561198036774377: Spawned Entity Boxed 5.56x45mm Tracer Rounds (AmmoBox_556x45Tracer_20Rnd<efb98a60>, -1, 100) at <5764.786133, 117.525818, 4572.326172>
[COT 2021-04-04 19:53:08] 76561198036774377: Spawned Entity Boxed 5.56x45mm Tracer Rounds (AmmoBox_556x45Tracer_20Rnd<efba4200>, -1, 100) at <5764.785156, 117.545372, 4572.339844>
[COT 2021-04-04 19:53:08] 76561198036774377: Spawned Entity Boxed 5.56x45mm Tracer Rounds (AmmoBox_556x45Tracer_20Rnd<e8cfd000>, -1, 100) at <5764.783691, 117.564995, 4572.353027>
[COT 2021-04-04 19:53:08] 76561198036774377: Spawned Entity Boxed 5.56x45mm Tracer Rounds (AmmoBox_556x45Tracer_20Rnd<ed5c6e70>, -1, 100) at <5764.783203, 117.584618, 4572.366211>
[COT 2021-04-04 19:53:10] 76561198036774377: Spawned Entity Boxed 5.56x45mm Tracer Rounds (AmmoBox_556x45Tracer_20Rnd<ed5c7580>, -1, 100) at <5764.386230, 117.330002, 4572.216797>
[COT 2021-04-04 19:53:10] 76561198036774377: Spawned Entity Boxed 5.56x45mm Tracer Rounds (AmmoBox_556x45Tracer_20Rnd<ed5c19b0>, -1, 100) at <5764.389160, 117.349556, 4572.229980>
[COT 2021-04-04 19:53:10] 76561198036774377: Spawned Entity Boxed 5.56x45mm Tracer Rounds (AmmoBox_556x45Tracer_20Rnd<ed5d7ad0>, -1, 100) at <5764.391602, 117.369179, 4572.243164>
[COT 2021-04-04 19:53:10] 76561198036774377: Spawned Entity Boxed 5.56x45mm Tracer Rounds (AmmoBox_556x45Tracer_20Rnd<cf2aea00>, -1, 100) at <5764.395508, 117.388802, 4572.256348>
[COT 2021-04-04 19:53:11] 76561198036774377: Spawned Entity Boxed 5.56x45mm Tracer Rounds (AmmoBox_556x45Tracer_20Rnd<cf2bef50>, -1, 100) at <5764.397461, 117.408356, 4572.269043>
[COT 2021-04-04 19:53:11] 76561198036774377: Spawned Entity Boxed 5.56x45mm Tracer Rounds (AmmoBox_556x45Tracer_20Rnd<bee49a30>, -1, 100) at <5764.401367, 117.427979, 4572.283203>
[COT 2021-04-04 19:53:11] 76561198036774377: Spawned Entity Boxed 5.56x45mm Tracer Rounds (AmmoBox_556x45Tracer_20Rnd<bee4f600>, -1, 100) at <5764.404297, 117.447533, 4572.296387>
[COT 2021-04-04 19:53:11] 76561198036774377: Spawned Entity Boxed 5.56x45mm Tracer Rounds (AmmoBox_556x45Tracer_20Rnd<bee5ed30>, -1, 100) at <5764.406250, 117.467155, 4572.309082>
[COT 2021-04-04 19:53:11] 76561198036774377: Spawned Entity Boxed 5.56x45mm Tracer Rounds (AmmoBox_556x45Tracer_20Rnd<bee27350>, -1, 100) at <5764.409668, 117.486778, 4572.322266>
[COT 2021-04-04 19:53:11] 76561198036774377: Spawned Entity Boxed 5.56x45mm Tracer Rounds (AmmoBox_556x45Tracer_20Rnd<bee26c40>, -1, 100) at <5764.412109, 117.506332, 4572.335449>
[COT 2021-04-04 19:53:12] 76561198036774377: Spawned Entity Boxed 5.56x45mm Tracer Rounds (AmmoBox_556x45Tracer_20Rnd<c0bc5a90>, -1, 100) at <5764.415527, 117.525887, 4572.348145>
[COT 2021-04-04 19:53:12] 76561198036774377: Spawned Entity Boxed 5.56x45mm Tracer Rounds (AmmoBox_556x45Tracer_20Rnd<de5330b0>, -1, 100) at <5764.418457, 117.545509, 4572.361816>
[COT 2021-04-04 19:53:13] 76561198036774377: Spawned Entity Boxed 5.56x45mm Tracer Rounds (AmmoBox_556x45Tracer_20Rnd<de528e40>, -1, 100) at <5764.630859, 117.330002, 4571.494629>
[COT 2021-04-04 19:53:13] 76561198036774377: Spawned Entity Boxed 5.56x45mm Tracer Rounds (AmmoBox_556x45Tracer_20Rnd<e3c79980>, -1, 100) at <5764.631348, 117.349556, 4571.515137>
[COT 2021-04-04 19:53:14] 76561198036774377: Spawned Entity Boxed 5.56x45mm Tracer Rounds (AmmoBox_556x45Tracer_20Rnd<d611bee0>, -1, 100) at <5764.631836, 117.369110, 4571.535156>
[COT 2021-04-04 19:53:14] 76561198036774377: Spawned Entity Boxed 5.56x45mm Tracer Rounds (AmmoBox_556x45Tracer_20Rnd<d6124510>, -1, 100) at <5764.631836, 117.388664, 4571.555664>
[COT 2021-04-04 19:53:14] 76561198036774377: Spawned Entity Boxed 5.56x45mm Tracer Rounds (AmmoBox_556x45Tracer_20Rnd<d6124c20>, -1, 100) at <5764.632813, 117.408218, 4571.575684>
[COT 2021-04-04 19:53:14] 76561198036774377: Spawned Entity Boxed 5.56x45mm Tracer Rounds (AmmoBox_556x45Tracer_20Rnd<d6135170>, -1, 100) at <5764.632813, 117.427841, 4571.596191>
[COT 2021-04-04 19:53:14] 76561198036774377: Spawned Entity Boxed 5.56x45mm Tracer Rounds (AmmoBox_556x45Tracer_20Rnd<d612e780>, -1, 100) at <5764.633301, 117.447464, 4571.616699>
[COT 2021-04-04 19:53:14] 76561198036774377: Spawned Entity Boxed 5.56x45mm Tracer Rounds (AmmoBox_556x45Tracer_20Rnd<d613d090>, -1, 100) at <5764.633789, 117.467087, 4571.636719>
[COT 2021-04-04 19:53:15] 76561198036774377: Spawned Entity Boxed 5.56x45mm Tracer Rounds (AmmoBox_556x45Tracer_20Rnd<d613d7a0>, -1, 100) at <5764.634766, 117.486710, 4571.658203>
[COT 2021-04-04 19:53:15] 76561198036774377: Spawned Entity Boxed 5.56x45mm Tracer Rounds (AmmoBox_556x45Tracer_20Rnd<d6139f20>, -1, 100) at <5764.635254, 117.506264, 4571.678223>
[COT 2021-04-04 19:53:15] 76561198036774377: Spawned Entity Boxed 5.56x45mm Tracer Rounds (AmmoBox_556x45Tracer_20Rnd<cc643730>, -1, 100) at <5764.635254, 117.525887, 4571.697754>
[COT 2021-04-04 19:53:15] 76561198036774377: Spawned Entity Boxed 5.56x45mm Tracer Rounds (AmmoBox_556x45Tracer_20Rnd<cc65e600>, -1, 100) at <5764.636230, 117.545441, 4571.718750>
[COT 2021-04-04 19:53:17] 76561198036774377: Spawned Entity Boxed 5.56x45mm Tracer Rounds (AmmoBox_556x45Tracer_20Rnd<e3495b90>, -1, 100) at <5764.939453, 117.330002, 4571.776367>
[COT 2021-04-04 19:53:17] 76561198036774377: Spawned Entity Boxed 5.56x45mm Tracer Rounds (AmmoBox_556x45Tracer_20Rnd<e34a0510>, -1, 100) at <5764.937012, 117.349556, 4571.793945>
[COT 2021-04-04 19:53:17] 76561198036774377: Spawned Entity Boxed 5.56x45mm Tracer Rounds (AmmoBox_556x45Tracer_20Rnd<e34a1330>, -1, 100) at <5764.934570, 117.369179, 4571.812012>
[COT 2021-04-04 19:53:17] 76561198036774377: Spawned Entity Boxed 5.56x45mm Tracer Rounds (AmmoBox_556x45Tracer_20Rnd<e3487990>, -1, 100) at <5764.932129, 117.388802, 4571.829102>
[COT 2021-04-04 19:53:17] 76561198036774377: Spawned Entity Boxed 5.56x45mm Tracer Rounds (AmmoBox_556x45Tracer_20Rnd<e3482be0>, -1, 100) at <5764.929199, 117.408356, 4571.846680>
[COT 2021-04-04 19:53:17] 76561198036774377: Spawned Entity Boxed 5.56x45mm Tracer Rounds (AmmoBox_556x45Tracer_20Rnd<edbf9760>, -1, 100) at <5764.926758, 117.427979, 4571.864258>
[COT 2021-04-04 19:53:18] 76561198036774377: Spawned Entity Boxed 5.56x45mm Tracer Rounds (AmmoBox_556x45Tracer_20Rnd<edc0a3c0>, -1, 100) at <5764.923828, 117.447533, 4571.881836>
[COT 2021-04-04 19:53:18] 76561198036774377: Spawned Entity Boxed 5.56x45mm Tracer Rounds (AmmoBox_556x45Tracer_20Rnd<edc177a0>, -1, 100) at <5764.920898, 117.467087, 4571.898926>
[COT 2021-04-04 19:53:18] 76561198036774377: Spawned Entity Boxed 5.56x45mm Tracer Rounds (AmmoBox_556x45Tracer_20Rnd<edbde890>, -1, 100) at <5764.918457, 117.486641, 4571.916992>
[COT 2021-04-04 19:53:18] 76561198036774377: Spawned Entity Boxed 5.56x45mm Tracer Rounds (AmmoBox_556x45Tracer_20Rnd<edbd9ae0>, -1, 100) at <5764.916016, 117.506195, 4571.934570>
[COT 2021-04-04 19:53:18] 76561198036774377: Spawned Entity Boxed 5.56x45mm Tracer Rounds (AmmoBox_556x45Tracer_20Rnd<edbe2110>, -1, 100) at <5764.913574, 117.525749, 4571.951660>
[COT 2021-04-04 19:53:44] 76561198036774377: Left the Free Camera
[COT 2021-04-04 19:55:56] 76561198036774377: Entered the Free Camera
[COT 2021-04-04 20:00:33] 76561198036774377: Set GodMode To true [guid=mBNlxASsPlOcry0dpDl8K-WgHNR5WMCMmoJ9NhpU4FY=]
[COT 2021-04-04 20:00:33] 76561198036774377: Set UnlimitedAmmo To true [guid=mBNlxASsPlOcry0dpDl8K-WgHNR5WMCMmoJ9NhpU4FY=]
[COT 2021-04-04 20:00:33] 76561198036774377: Set UnlimitedStamina To true [guid=mBNlxASsPlOcry0dpDl8K-WgHNR5WMCMmoJ9NhpU4FY=]
[COT 2021-04-04 20:00:37] 76561198036774377: Healed [guid=mBNlxASsPlOcry0dpDl8K-WgHNR5WMCMmoJ9NhpU4FY=]
[COT 2021-04-04 20:00:40] 76561198036774377: Entered the Free Camera
[COT 2021-04-04 20:03:39] 76561198036774377: Left the Free Camera
