[COT 2021-01-22 11:08:13] 76561198036774377: Set GodMode To true [guid=mBNlxASsPlOcry0dpDl8K-WgHNR5WMCMmoJ9NhpU4FY=]
[COT 2021-01-22 11:08:13] 76561198036774377: Set UnlimitedAmmo To true [guid=mBNlxASsPlOcry0dpDl8K-WgHNR5WMCMmoJ9NhpU4FY=]
[COT 2021-01-22 11:11:24] 76561198036774377: Spawned Entity 6-M7 Frag Grenade (M67Grenade<ed3020>, -1, 50) at <1263.205444, 148.135910, 6416.721680>
[COT 2021-01-22 11:11:24] 76561198036774377: Spawned Entity 6-M7 Frag Grenade (M67Grenade<ed2890>, -1, 50) at <1263.205444, 148.135910, 6416.721680>
[COT 2021-01-22 11:11:26] 76561198036774377: Spawned Entity EGD-5 Frag Grenade (RGD5Grenade<ed37b0>, -1, 50) at <1263.205444, 148.135910, 6416.721680>
[COT 2021-01-22 11:11:27] 76561198036774377: Spawned Entity EGD-5 Frag Grenade (RGD5Grenade<ed46d0>, -1, 50) at <1263.205444, 148.135910, 6416.721680>
[COT 2021-01-22 11:11:35] 76561198036774377: Spawned Entity ToxicM18SmokeGrenade_Purple (ToxicM18SmokeGrenade_Purple<13a0b3f0>, -1, 100) at <1263.205444, 148.135910, 6416.721680>
[COT 2021-01-22 11:11:36] 76561198036774377: Spawned Entity ToxicM18SmokeGrenade_Purple (ToxicM18SmokeGrenade_Purple<13a0bc00>, -1, 100) at <1263.205444, 148.135910, 6416.721680>
[COT 2021-01-22 11:11:37] 76561198036774377: Spawned Entity ToxicM18SmokeGrenade_Purple (ToxicM18SmokeGrenade_Purple<13a0c410>, -1, 100) at <1263.205444, 148.135910, 6416.721680>
[COT 2021-01-22 11:11:39] 76561198036774377: Spawned Entity $UNT$M4 Grenade (Ammo_GrenadeM4<452a960>, 1, 100) at <1263.205444, 148.135910, 6416.721680>
[COT 2021-01-22 11:11:40] 76561198036774377: Spawned Entity $UNT$M4 Grenade (Ammo_GrenadeM4<c226bf80>, 1, 100) at <1263.205444, 148.135910, 6416.721680>
[COT 2021-01-22 11:11:41] 76561198036774377: Spawned Entity $UNT$M4 Grenade (Ammo_GrenadeM4<baff9d20>, 1, 100) at <1263.205444, 148.135910, 6416.721680>
[COT 2021-01-22 11:15:55] 76561198036774377: Spawned Entity Hardigg 2 (hardigg2_Mung_snow<bb15b7a0>, -1, 1.21575e+09) at <1219.224487, 149.936752, 6278.851074>
[COT 2021-01-22 11:17:39] 76561198036774377: Spawned Entity Shawl hood (Clothing<b2be5b60>, -1, 100) at <1216.519165, 149.936722, 6281.148438>
[COT 2021-01-22 11:17:42] 76561198036774377: Spawned Entity Shawl hood (Clothing<b2be7eb0>, -1, 100) at <1216.519165, 149.936722, 6281.148438>
[COT 2021-01-22 11:17:57] 76561198036774377: Spawned Entity Brick of Black Frost Weed (CP_CannabisBrickBlackFrost<bcdbb7e0>, -1, 30) at <1216.519165, 149.936722, 6281.148438>
[COT 2021-01-22 11:18:10] 76561198036774377: Spawned Entity Working Gloves (WorkingGloves_Black<ac3b85e0>, -1, 50) at <1216.519165, 149.936722, 6281.148438>
[COT 2021-01-22 11:18:18] 76561198036774377: Spawned Entity Bandana (Bandana_BlackPattern<ac3a4810>, -1, 100) at <1216.519165, 149.936722, 6281.148438>
[COT 2021-01-22 11:18:24] 76561198036774377: Spawned Entity Bandana (BandanaMask_BlackPattern<b62cad30>, -1, 100) at <1216.519165, 149.936722, 6281.148438>
[COT 2021-01-22 11:18:26] 76561198036774377: Spawned Entity Balaclava (Balaclava3Holes_Black<b30cd3e0>, -1, 100) at <1216.519165, 149.936722, 6281.148438>
[COT 2021-01-22 11:18:30] 76561198036774377: Spawned Entity Cargo Pants (CargoPants_Black<b1514c20>, -1, 100) at <1216.519165, 149.936722, 6281.148438>
[COT 2021-01-22 11:18:36] 76561198036774377: Spawned Entity Suit Pants (SlacksPants_Black<bcbcc330>, -1, 100) at <1216.519165, 149.936722, 6281.148438>
[COT 2021-01-22 11:18:45] 76561198036774377: Spawned Entity Assault Boots (MilitaryBoots_Black<bb2e1c40>, -1, 100) at <1216.519165, 149.936722, 6281.148438>
[COT 2021-01-22 11:18:50] 76561198036774377: Spawned Entity Hunter Boots (CombatBoots_Black<baf9aaf0>, -1, 120) at <1216.519165, 149.936722, 6281.148438>
[COT 2021-01-22 11:18:57] 76561198036774377: Spawned Entity Sneakers (Sneakers_Black<b6686290>, -1, 30) at <1216.519165, 149.936722, 6281.148438>
[COT 2021-01-22 11:18:57] 76561198036774377: Spawned Entity Shirt (Shirt_PlaneBlack<b5c6a1f0>, -1, 100) at <1216.519165, 149.936722, 6281.148438>
[COT 2021-01-22 11:18:57] 76561198036774377: Spawned Entity T-Shirt (TShirt_Black<b2c05ef0>, -1, 100) at <1216.519165, 149.936722, 6281.148438>
[COT 2021-01-22 11:19:02] 76561198036774377: Spawned Entity Raincoat (Raincoat_Black<a9d3f7c0>, -1, 100) at <1216.519165, 149.936722, 6281.148438>
[COT 2021-01-22 11:19:04] 76561198036774377: Spawned Entity Field Jacket (M65Jacket_Black<c2a0a070>, -1, 100) at <1216.519165, 149.936722, 6281.148438>
[COT 2021-01-22 11:19:06] 76561198036774377: Spawned Entity Rider Jacket (RidersJacket_Black<39211210>, -1, 100) at <1216.519165, 149.936722, 6281.148438>
[COT 2021-01-22 11:19:14] 76561198036774377: Spawned Entity Quilted Jacket (QuiltedJacket_Black<39211920>, -1, 100) at <1216.519165, 149.936722, 6281.148438>
[COT 2021-01-22 11:19:16] 76561198036774377: Spawned Entity Bomber Jacket (BomberJacket_Black<3920a110>, -1, 100) at <1216.519165, 149.936722, 6281.148438>
[COT 2021-01-22 11:19:19] 76561198036774377: Spawned Entity Mens Suit Jacket (ManSuit_Black<3920d990>, -1, 100) at <1216.519165, 149.936722, 6281.148438>
[COT 2021-01-22 11:19:32] 76561198036774377: Spawned Entity Firefighter Axe (FirefighterAxe<392103f0>, -1, 100) at <1216.519165, 149.936722, 6281.148438>
[COT 2021-01-22 11:20:31] 76561198036774377: Spawned Entity M50 Respirator - Black (GP5GasMask<3920d280>, -1, 100) at <1216.519165, 149.936722, 6281.148438>
[COT 2021-01-22 11:20:34] 76561198036774377: Spawned Entity MVS Wraith Mask (BalaclavaMask_ColorBase<39213560>, -1, 100) at <1216.519165, 149.936722, 6281.148438>
[COT 2021-01-22 11:24:42] 76561198036774377: Spawned Entity ToxicM18SmokeGrenade_Purple (ToxicM18SmokeGrenade_Purple<4273fe10>, -1, 100) at <1219.560303, 149.936737, 6277.826660>
[COT 2021-01-22 11:24:42] 76561198036774377: Spawned Entity ToxicM18SmokeGrenade_Purple (ToxicM18SmokeGrenade_Purple<42740620>, -1, 100) at <1219.560303, 149.936737, 6277.826660>
[COT 2021-01-22 11:24:42] 76561198036774377: Spawned Entity ToxicM18SmokeGrenade_Purple (ToxicM18SmokeGrenade_Purple<42739d50>, -1, 100) at <1219.560303, 149.936737, 6277.826660>
[COT 2021-01-22 11:24:42] 76561198036774377: Spawned Entity ToxicM18SmokeGrenade_Purple (ToxicM18SmokeGrenade_Purple<42742660>, -1, 100) at <1219.560303, 149.936737, 6277.826660>
[COT 2021-01-22 11:24:43] 76561198036774377: Spawned Entity ToxicM18SmokeGrenade_Purple (ToxicM18SmokeGrenade_Purple<4273cdb0>, -1, 100) at <1219.560303, 149.936737, 6277.826660>
[COT 2021-01-22 11:24:43] 76561198036774377: Spawned Entity ToxicM18SmokeGrenade_Purple (ToxicM18SmokeGrenade_Purple<4273edf0>, -1, 100) at <1219.560303, 149.936737, 6277.826660>
[COT 2021-01-22 11:24:43] 76561198036774377: Spawned Entity ToxicM18SmokeGrenade_Purple (ToxicM18SmokeGrenade_Purple<42742e70>, -1, 100) at <1219.560303, 149.936737, 6277.826660>
[COT 2021-01-22 11:24:44] 76561198036774377: Spawned Entity ToxicM18SmokeGrenade_Purple (ToxicM18SmokeGrenade_Purple<42743680>, -1, 100) at <1219.560303, 149.936737, 6277.826660>
[COT 2021-01-22 11:24:44] 76561198036774377: Spawned Entity ToxicM18SmokeGrenade_Purple (ToxicM18SmokeGrenade_Purple<42743e90>, -1, 100) at <1219.560303, 149.936737, 6277.826660>
[COT 2021-01-22 11:24:44] 76561198036774377: Spawned Entity ToxicM18SmokeGrenade_Purple (ToxicM18SmokeGrenade_Purple<4273c5a0>, -1, 100) at <1219.560303, 149.936737, 6277.826660>
[COT 2021-01-22 11:24:44] 76561198036774377: Spawned Entity ToxicM18SmokeGrenade_Purple (ToxicM18SmokeGrenade_Purple<4273d5c0>, -1, 100) at <1219.560303, 149.936737, 6277.826660>
[COT 2021-01-22 11:24:45] 76561198036774377: Spawned Entity ToxicM18SmokeGrenade_Purple (ToxicM18SmokeGrenade_Purple<4273ddd0>, -1, 100) at <1219.560303, 149.936737, 6277.826660>
[COT 2021-01-22 11:24:45] 76561198036774377: Spawned Entity ToxicM18SmokeGrenade_Purple (ToxicM18SmokeGrenade_Purple<427456c0>, -1, 100) at <1219.560303, 149.936737, 6277.826660>
[COT 2021-01-22 11:24:45] 76561198036774377: Spawned Entity ToxicM18SmokeGrenade_Purple (ToxicM18SmokeGrenade_Purple<427446a0>, -1, 100) at <1219.560303, 149.936737, 6277.826660>
[COT 2021-01-22 11:24:45] 76561198036774377: Spawned Entity ToxicM18SmokeGrenade_Purple (ToxicM18SmokeGrenade_Purple<427466e0>, -1, 100) at <1219.560303, 149.936737, 6277.826660>
[COT 2021-01-22 11:24:46] 76561198036774377: Spawned Entity ToxicM18SmokeGrenade_Purple (ToxicM18SmokeGrenade_Purple<42748720>, -1, 100) at <1219.560303, 149.936737, 6277.826660>
[COT 2021-01-22 11:24:46] 76561198036774377: Spawned Entity ToxicM18SmokeGrenade_Purple (ToxicM18SmokeGrenade_Purple<42744eb0>, -1, 100) at <1219.560303, 149.936737, 6277.826660>
[COT 2021-01-22 11:24:46] 76561198036774377: Spawned Entity ToxicM18SmokeGrenade_Purple (ToxicM18SmokeGrenade_Purple<42747700>, -1, 100) at <1219.560303, 149.936737, 6277.826660>
[COT 2021-01-22 11:24:46] 76561198036774377: Spawned Entity ToxicM18SmokeGrenade_Purple (ToxicM18SmokeGrenade_Purple<42745ed0>, -1, 100) at <1219.560303, 149.936737, 6277.826660>
[COT 2021-01-22 11:24:47] 76561198036774377: Spawned Entity ToxicM18SmokeGrenade_Purple (ToxicM18SmokeGrenade_Purple<42748f30>, -1, 100) at <1219.560303, 149.936737, 6277.826660>
[COT 2021-01-22 11:24:47] 76561198036774377: Spawned Entity ToxicM18SmokeGrenade_Purple (ToxicM18SmokeGrenade_Purple<42749740>, -1, 100) at <1219.560303, 149.936737, 6277.826660>
[COT 2021-01-22 11:24:47] 76561198036774377: Spawned Entity ToxicM18SmokeGrenade_Purple (ToxicM18SmokeGrenade_Purple<42741e50>, -1, 100) at <1219.560303, 149.936737, 6277.826660>
[COT 2021-01-22 11:24:49] 76561198036774377: Spawned Entity Toxic cure (ToxicCure<bf099780>, 1, 100) at <1219.560303, 149.936737, 6277.826660>
[COT 2021-01-22 11:24:49] 76561198036774377: Spawned Entity Toxic cure (ToxicCure<bf0a5d40>, 1, 100) at <1219.560303, 149.936737, 6277.826660>
[COT 2021-01-22 11:24:56] 76561198036774377: Spawned Entity NBC Black Jacket (NBCJacketBase<bf06aae0>, -1, 100) at <1219.560303, 149.936737, 6277.826660>
[COT 2021-01-22 11:24:58] 76561198036774377: Spawned Entity NBC Black Hood (Clothing<bf06c720>, -1, 100) at <1219.560303, 149.936737, 6277.826660>
[COT 2021-01-22 11:25:03] 76561198036774377: Spawned Entity NBC Black Shoes (NBCBootsBase<ac4c02a0>, -1, 70) at <1219.560303, 149.936737, 6277.826660>
[COT 2021-01-22 11:25:08] 76561198036774377: Spawned Entity NBC Black Shoes (NBCBootsBase<ac4ca510>, -1, 70) at <1219.560303, 149.936737, 6277.826660>
[COT 2021-01-22 11:25:09] 76561198036774377: Spawned Entity NBC Black Pant (NBCPantsBase<c0e12880>, -1, 100) at <1219.560303, 149.936737, 6277.826660>
[COT 2021-01-22 11:26:23] 76561198036774377: Spawned Entity Assault Vest (MassSmershvestcomplete<b2fccf10>, -1, 100) at <1219.560303, 149.936737, 6277.826660>
[COT 2021-01-22 11:27:21] 76561198036774377: Spawned Entity MVS Combat Belt - Black (Modular_Belt_Base<bd3c2390>, -1, 100) at <1219.560303, 149.936737, 6277.826660>
[COT 2021-01-22 11:27:36] 76561198036774377: Spawned Entity MVS Molle Panel - Black (MVS_Pouch_Base<c2c4f790>, -1, 100) at <1219.560303, 149.936737, 6277.826660>
[COT 2021-01-22 11:27:55] 76561198036774377: Spawned Entity MVS Medical Pouch - Black (MVS_Pouch_Base<c2c4fea0>, -1, 100) at <1219.560303, 149.936737, 6277.826660>
[COT 2021-01-22 11:29:46] 76561198036774377: Spawned Entity Tactical Backpack (CoyoteBag_ColorBase<c2a28ed0>, -1, 300) at <1218.878662, 149.936752, 6277.743652>
[COT 2021-01-22 11:30:12] 76561198036774377: Spawned Entity Field Backpack (AliceBag_Black<bf07c560>, -1, 300) at <1218.878662, 149.936752, 6277.743652>
[COT 2021-01-22 11:30:25] 76561198036774377: Spawned Entity black Smersh Bag (SmershBag<c4551e20>, -1, 300) at <1218.878662, 149.936752, 6277.743652>
[COT 2021-01-22 11:30:37] 76561198036774377: Spawned Entity MVS Balaclava - Black (BalaclavaMask_ColorBase<bb825ae0>, -1, 100) at <1218.878662, 149.936752, 6277.743652>
[COT 2021-01-22 11:30:49] 76561198036774377: Spawned Entity Meleesling black (meleesling_colorbase_mung<bb829360>, -1, 100) at <1218.878662, 149.936752, 6277.743652>
[COT 2021-01-22 11:30:56] 76561198036774377: Spawned Entity BlackFrost Joint (CP_JointBlackFrost<b9812c60>, -1, 100) at <1218.878662, 149.936752, 6277.743652>
[COT 2021-01-22 11:30:56] 76561198036774377: Spawned Entity BlackFrost Joint (CP_JointBlackFrost<b9821660>, -1, 100) at <1218.878662, 149.936752, 6277.743652>
[COT 2021-01-22 11:30:56] 76561198036774377: Spawned Entity BlackFrost Joint (CP_JointBlackFrost<b982aff0>, -1, 100) at <1218.878662, 149.936752, 6277.743652>
[COT 2021-01-22 11:32:24] 76561198036774377: Teleported mBNlxASsPlOcry0dpDl8K-WgHNR5WMCMmoJ9NhpU4FY= to (Green Mtn, <3742.302002, 402.145996, 6012.638184>)
