[COT 2021-03-20 16:09:26] 76561198036774377: Set GodMode To true [guid=mBNlxASsPlOcry0dpDl8K-WgHNR5WMCMmoJ9NhpU4FY=]
[COT 2021-03-20 16:09:26] 76561198036774377: Set UnlimitedAmmo To true [guid=mBNlxASsPlOcry0dpDl8K-WgHNR5WMCMmoJ9NhpU4FY=]
[COT 2021-03-20 16:09:26] 76561198036774377: Set UnlimitedStamina To true [guid=mBNlxASsPlOcry0dpDl8K-WgHNR5WMCMmoJ9NhpU4FY=]
[COT 2021-03-20 16:09:36] 76561198036774377: Entered the Free Camera
[COT 2021-03-20 16:13:00] 76561198036774377: Spawned Entity Flare (AirdropFlare<fe1f8290>, 20, 100) at <10673.149414, 82.837311, 14464.793945>
[COT 2021-03-20 16:13:00] 76561198036774377: Spawned Entity Flare (AirdropFlare<fe1f9940>, 20, 100) at <10673.149414, 82.837311, 14464.793945>
[COT 2021-03-20 16:13:00] 76561198036774377: Spawned Entity Flare (AirdropFlare<fe1fa860>, 20, 100) at <10673.149414, 82.837311, 14464.793945>
[COT 2021-03-20 16:36:35] 76561198036774377: Spawned Entity Brown Bear (Animal_UrsusArctos<1fa0ec50>, -1, 800) at <10670.304688, 68.047997, 14488.937500>
[COT 2021-03-20 16:36:40] 76561198036774377: Spawned Entity Brown Bear (Animal_UrsusArctos<1fa16950>, -1, 800) at <10659.669922, 67.990005, 14486.329102>
[COT 2021-03-20 16:36:43] 76561198036774377: Spawned Entity Brown Bear (Animal_UrsusArctos<1fa0fbf0>, -1, 800) at <10660.256836, 67.992065, 14482.326172>
[COT 2021-03-20 18:41:48] 76561198036774377: Spawned Entity Infected (ZmbM_SoldierNormal_Base<36f36440>, -1, 100) at <10667.668945, 68.096939, 14478.928711>
[COT 2021-03-20 18:41:48] 76561198036774377: Spawned Entity Infected (ZmbM_SoldierNormal_Base<36eae7f0>, -1, 100) at <10667.668945, 68.096939, 14478.928711>
[COT 2021-03-20 18:41:48] 76561198036774377: Spawned Entity Infected (ZmbM_SoldierNormal_Base<36f50780>, -1, 100) at <10667.668945, 68.096939, 14478.928711>
[COT 2021-03-20 18:41:48] 76561198036774377: Spawned Entity Infected (ZmbM_SoldierNormal_Base<29aab790>, -1, 100) at <10667.668945, 68.096939, 14478.928711>
[COT 2021-03-20 18:41:48] 76561198036774377: Spawned Entity Infected (ZmbM_SoldierNormal_Base<36eaaf80>, -1, 100) at <10667.668945, 68.096939, 14478.928711>
[COT 2021-03-20 18:41:49] 76561198036774377: Spawned Entity Infected (ZmbM_SoldierNormal_Base<29aa3ea0>, -1, 100) at <10667.668945, 68.096939, 14478.928711>
[COT 2021-03-20 18:41:49] 76561198036774377: Spawned Entity Infected (ZmbM_SoldierNormal_Base<326a4130>, -1, 100) at <10667.668945, 68.096939, 14478.928711>
[COT 2021-03-20 18:41:50] 76561198036774377: Spawned Entity Infected (ZmbM_SoldierNormal_Base<33b57650>, -1, 100) at <10670.636719, 68.299644, 14480.314453>
[COT 2021-03-20 18:41:50] 76561198036774377: Spawned Entity Infected (ZmbM_SoldierNormal_Base<34003250>, -1, 100) at <10670.910156, 68.931282, 14480.469727>
[COT 2021-03-20 18:41:50] 76561198036774377: Spawned Entity Infected (ZmbM_SoldierNormal_Base<32627bf0>, -1, 100) at <10671.183594, 69.562248, 14480.625977>
[COT 2021-03-20 18:41:50] 76561198036774377: Spawned Entity Infected (ZmbM_SoldierNormal_Base<36eab790>, -1, 100) at <10671.457031, 70.194298, 14480.781250>
[COT 2021-03-20 18:41:50] 76561198036774377: Spawned Entity Infected (ZmbM_SoldierNormal_Base<343c25b0>, -1, 100) at <10671.730469, 70.825264, 14480.936523>
[COT 2021-03-20 18:41:51] 76561198036774377: Spawned Entity Infected (ZmbM_SoldierNormal_Base<343a9aa0>, -1, 100) at <10672.003906, 71.456230, 14481.092773>
[COT 2021-03-20 18:41:51] 76561198036774377: Spawned Entity Infected (ZmbM_SoldierNormal_Base<36dd6220>, -1, 100) at <10672.277344, 72.088280, 14481.248047>
[COT 2021-03-20 18:41:52] 76561198036774377: Spawned Entity Infected (ZmbM_SoldierNormal_Base<36dfa6a0>, -1, 100) at <10672.084961, 68.239845, 14482.416016>
[COT 2021-03-20 18:41:52] 76561198036774377: Spawned Entity Infected (ZmbM_SoldierNormal_Base<343a7a60>, -1, 100) at <10672.367188, 69.702751, 14482.273438>
[COT 2021-03-20 18:41:52] 76561198036774377: Spawned Entity Infected (ZmbM_SoldierNormal_Base<36f50f90>, -1, 100) at <10672.649414, 71.161957, 14482.129883>
[COT 2021-03-20 18:41:53] 76561198036774377: Spawned Entity Infected (ZmbM_SoldierNormal_Base<36f35420>, -1, 100) at <10672.931641, 72.623688, 14481.987305>
[COT 2021-03-20 18:41:53] 76561198036774377: Spawned Entity Infected (ZmbM_SoldierNormal_Base<343c3de0>, -1, 100) at <10673.212891, 74.082893, 14481.843750>
[COT 2021-03-20 18:41:53] 76561198036774377: Spawned Entity Infected (ZmbM_SoldierNormal_Base<36df2db0>, -1, 100) at <10673.271484, 74.383919, 14481.814453>
[COT 2021-03-20 18:41:55] 76561198036774377: Spawned Entity Infected (ZmbM_SoldierNormal_Base<36dfb6c0>, -1, 100) at <10680.641602, 68.298775, 14488.366211>
[COT 2021-03-20 18:41:55] 76561198036774377: Spawned Entity Infected (ZmbM_SoldierNormal_Base<257be810>, -1, 100) at <10680.641602, 68.298775, 14488.366211>
[COT 2021-03-20 18:41:56] 76561198036774377: Spawned Entity Infected (ZmbM_SoldierNormal_Base<36f37c70>, -1, 100) at <10680.641602, 68.298775, 14488.366211>
[COT 2021-03-20 18:41:56] 76561198036774377: Spawned Entity Infected (ZmbM_SoldierNormal_Base<323e4160>, -1, 100) at <10680.641602, 68.298775, 14488.366211>
[COT 2021-03-20 18:41:56] 76561198036774377: Spawned Entity Infected (ZmbM_SoldierNormal_Base<323e1100>, -1, 100) at <10680.641602, 68.298775, 14488.366211>
[COT 2021-03-20 18:41:56] 76561198036774377: Spawned Entity Infected (ZmbM_SoldierNormal_Base<323e4970>, -1, 100) at <10680.641602, 68.298775, 14488.366211>
[COT 2021-03-20 18:41:56] 76561198036774377: Spawned Entity Infected (ZmbM_SoldierNormal_Base<323e2930>, -1, 100) at <10680.641602, 68.298775, 14488.366211>
[COT 2021-03-20 18:41:58] 76561198036774377: Spawned Entity Infected (ZmbM_SoldierNormal_Base<323e69b0>, -1, 100) at <10675.620117, 68.168694, 14487.747070>
[COT 2021-03-20 18:41:58] 76561198036774377: Spawned Entity Infected (ZmbM_SoldierNormal_Base<323e5180>, -1, 100) at <10675.620117, 68.168694, 14487.747070>
[COT 2021-03-20 18:41:58] 76561198036774377: Spawned Entity Infected (ZmbM_SoldierNormal_Base<323e1910>, -1, 100) at <10675.620117, 68.168694, 14487.747070>
[COT 2021-03-20 18:41:58] 76561198036774377: Spawned Entity Infected (ZmbM_SoldierNormal_Base<323e61a0>, -1, 100) at <10675.620117, 68.168694, 14487.747070>
[COT 2021-03-20 18:41:58] 76561198036774377: Spawned Entity Infected (ZmbM_SoldierNormal_Base<323e71c0>, -1, 100) at <10675.620117, 68.168694, 14487.747070>
[COT 2021-03-20 18:41:58] 76561198036774377: Spawned Entity Infected (ZmbM_SoldierNormal_Base<323e79d0>, -1, 100) at <10675.620117, 68.168694, 14487.747070>
[COT 2021-03-20 18:41:58] 76561198036774377: Spawned Entity Infected (ZmbM_SoldierNormal_Base<323e2120>, -1, 100) at <10675.620117, 68.168694, 14487.747070>
[COT 2021-03-20 18:41:59] 76561198036774377: Spawned Entity Infected (ZmbM_SoldierNormal_Base<323e5990>, -1, 100) at <10675.620117, 68.168694, 14487.747070>
[COT 2021-03-20 18:43:23] 76561198036774377: Spawned Entity Flare (AirdropFlare<6c560b60>, 20, 100) at <10673.149414, 82.837311, 14464.793945>
[COT 2021-03-20 18:43:23] 76561198036774377: Spawned Entity Flare (AirdropFlare<6c55a910>, 20, 100) at <10673.149414, 82.837311, 14464.793945>
[COT 2021-03-20 18:43:23] 76561198036774377: Spawned Entity Flare (AirdropFlare<6c5599f0>, 20, 100) at <10673.149414, 82.837311, 14464.793945>
[COT 2021-03-20 18:43:24] 76561198036774377: Spawned Entity Flare (AirdropFlare<6c534480>, 20, 100) at <10673.149414, 82.837311, 14464.793945>
[COT 2021-03-20 18:43:24] 76561198036774377: Spawned Entity Flare (AirdropFlare<6c538890>, 20, 100) at <10673.149414, 82.837311, 14464.793945>
[COT 2021-03-20 18:43:24] 76561198036774377: Spawned Entity Flare (AirdropFlare<6c534c10>, 20, 100) at <10673.149414, 82.837311, 14464.793945>
[COT 2021-03-20 18:45:02] 76561198036774377: Spawned Entity TWP_M60_mag_200Rnd (Mag_AKM_Drum75Rnd<5838bbd0>, 1, 100) at <10688.614258, 82.796104, 14468.258789>
[COT 2021-03-20 18:45:03] 76561198036774377: Spawned Entity TWP_M60_mag_200Rnd (Mag_AKM_Drum75Rnd<583904f0>, 1, 100) at <10688.940430, 82.796104, 14468.540039>
[COT 2021-03-20 18:45:17] 76561198036774377: Spawned Entity M60 (AKM_Base<2c2202e0>, -1, 300) at <10688.932617, 82.807716, 14468.536133>
[COT 2021-03-20 18:45:51] 76561198036774377: Spawned Entity FG42 (AKM_Base<677a1150>, -1, 300) at <10687.776367, 82.796104, 14469.074219>
[COT 2021-03-20 18:45:54] 76561198036774377: Spawned Entity FG42 (AKM_Base<677a91c0>, -1, 300) at <10687.790039, 82.796104, 14469.353516>
[COT 2021-03-20 18:46:07] 76561198036774377: Spawned Entity FG42_mag_25Rnd (Mag_FAL_20Rnd<68d9d1b0>, 1, 100) at <10687.850586, 82.796104, 14469.137695>
[COT 2021-03-20 18:46:07] 76561198036774377: Spawned Entity FG42_mag_25Rnd (Mag_FAL_20Rnd<68d9e050>, 1, 100) at <10687.846680, 82.811630, 14469.128906>
[COT 2021-03-20 18:46:08] 76561198036774377: Spawned Entity FG42_mag_25Rnd (Mag_FAL_20Rnd<68d9b470>, 1, 100) at <10687.724609, 82.796104, 14469.476563>
[COT 2021-03-20 18:46:08] 76561198036774377: Spawned Entity FG42_mag_25Rnd (Mag_FAL_20Rnd<68d9e7a0>, 1, 100) at <10687.721680, 82.808800, 14469.466797>
[COT 2021-03-20 18:46:10] 76561198036774377: Spawned Entity FG42_mag_25Rnd (Mag_FAL_20Rnd<68da3810>, 1, 100) at <10687.570313, 82.796104, 14469.117188>
[COT 2021-03-20 18:46:10] 76561198036774377: Spawned Entity FG42_mag_25Rnd (Mag_FAL_20Rnd<68da2970>, 1, 100) at <10687.567383, 82.811630, 14469.107422>
[COT 2021-03-20 18:46:12] 76561198036774377: Spawned Entity FG42_mag_25Rnd (Mag_FAL_20Rnd<68da79e0>, 1, 100) at <10687.717773, 82.796104, 14468.783203>
[COT 2021-03-20 18:46:12] 76561198036774377: Spawned Entity FG42_mag_25Rnd (Mag_FAL_20Rnd<68da5ca0>, 1, 100) at <10687.714844, 82.811630, 14468.776367>
[COT 2021-03-20 18:48:01] 76561198036774377: Spawned Entity Brown Bear (Animal_UrsusArctos<1f9f3ea0>, -1, 800) at <10763.353516, 69.233017, 14528.782227>
[COT 2021-03-20 18:48:02] 76561198036774377: Spawned Entity Brown Bear (Animal_UrsusArctos<1f9f5de0>, -1, 800) at <10765.383789, 69.369766, 14530.004883>
[COT 2021-03-20 18:48:04] 76561198036774377: Spawned Entity Brown Bear (Animal_UrsusArctos<1f9f4670>, -1, 800) at <10766.855469, 69.642281, 14531.411133>
[COT 2021-03-20 18:48:05] 76561198036774377: Spawned Entity Brown Bear (Animal_UrsusArctos<1f9f0020>, -1, 800) at <10765.558594, 69.823349, 14533.066406>
[COT 2021-03-20 18:48:07] 76561198036774377: Spawned Entity Brown Bear (Animal_UrsusArctos<1f9f6d80>, -1, 800) at <10767.894531, 70.608055, 14534.469727>
[COT 2021-03-20 18:49:22] 76561198036774377: Spawned Entity Wolf (Animal_CanisLupus<1f9f65b0>, -1, 200) at <10693.647461, 77.578690, 14550.708008>
[COT 2021-03-20 18:49:22] 76561198036774377: Spawned Entity Wolf (Animal_CanisLupus<1f9ef850>, -1, 200) at <10693.790039, 77.639091, 14550.642578>
[COT 2021-03-20 18:49:22] 76561198036774377: Spawned Entity Wolf (Animal_CanisLupus<1f9f7550>, -1, 200) at <10693.932617, 77.699341, 14550.577148>
[COT 2021-03-20 18:49:22] 76561198036774377: Spawned Entity Wolf (Animal_CanisLupus<1f9f7d20>, -1, 200) at <10694.075195, 77.759583, 14550.511719>
[COT 2021-03-20 18:49:24] 76561198036774377: Spawned Entity Wolf (Animal_CanisLupus<1f9f36d0>, -1, 200) at <10697.135742, 77.160538, 14549.701172>
[COT 2021-03-20 18:49:24] 76561198036774377: Spawned Entity Wolf (Animal_CanisLupus<1f9f84f0>, -1, 200) at <10697.278320, 77.251869, 14549.625977>
[COT 2021-03-20 18:49:25] 76561198036774377: Spawned Entity Wolf (Animal_CanisLupus<1f9f8cc0>, -1, 200) at <10697.420898, 77.343269, 14549.550781>
[COT 2021-03-20 18:49:25] 76561198036774377: Spawned Entity Wolf (Animal_CanisLupus<1f9f9490>, -1, 200) at <10697.563477, 77.434662, 14549.475586>
[COT 2021-03-20 18:49:25] 76561198036774377: Spawned Entity Wolf (Animal_CanisLupus<1f9f9c60>, -1, 200) at <10697.706055, 77.526062, 14549.400391>
[COT 2021-03-20 18:49:25] 76561198036774377: Spawned Entity Wolf (Animal_CanisLupus<1f9f2f00>, -1, 200) at <10697.848633, 77.617455, 14549.325195>
[COT 2021-03-20 18:49:25] 76561198036774377: Spawned Entity Wolf (Animal_CanisLupus<1f9f2730>, -1, 200) at <10697.991211, 77.708855, 14549.250000>
[COT 2021-03-20 18:49:25] 76561198036774377: Spawned Entity Wolf (Animal_CanisLupus<1fa009c0>, -1, 200) at <10698.133789, 77.800255, 14549.174805>
[COT 2021-03-20 18:49:26] 76561198036774377: Spawned Entity Wolf (Animal_CanisLupus<1f9ffa20>, -1, 200) at <10698.276367, 77.891647, 14549.099609>
[COT 2021-03-20 18:49:26] 76561198036774377: Spawned Entity Wolf (Animal_CanisLupus<1f9ff250>, -1, 200) at <10698.418945, 77.983047, 14549.024414>
[COT 2021-03-20 18:49:26] 76561198036774377: Spawned Entity Wolf (Animal_CanisLupus<1f9fa430>, -1, 200) at <10698.561523, 78.074448, 14548.949219>
[COT 2021-03-20 18:49:38] 76561198036774377: Spawned Entity Infected (ZmbM_SoldierNormal_Base<37150580>, -1, 100) at <10698.599609, 78.099022, 14548.928711>
[COT 2021-03-20 18:49:38] 76561198036774377: Spawned Entity Infected (ZmbM_SoldierNormal_Base<37150d90>, -1, 100) at <10698.599609, 78.098663, 14548.928711>
[COT 2021-03-20 18:49:38] 76561198036774377: Spawned Entity Infected (ZmbM_SoldierNormal_Base<371494a0>, -1, 100) at <10698.599609, 78.098663, 14548.928711>
[COT 2021-03-20 18:49:38] 76561198036774377: Spawned Entity Infected (ZmbM_SoldierNormal_Base<37153df0>, -1, 100) at <10698.599609, 78.098663, 14548.928711>
[COT 2021-03-20 18:49:41] 76561198036774377: Spawned Entity Infected (ZmbM_usSoldier_normal_Base<371525c0>, -1, 100) at <10706.390625, 78.078506, 14558.826172>
[COT 2021-03-20 18:49:41] 76561198036774377: Spawned Entity Infected (ZmbM_usSoldier_normal_Base<37155620>, -1, 100) at <10706.390625, 78.078506, 14558.826172>
[COT 2021-03-20 18:49:41] 76561198036774377: Spawned Entity Infected (ZmbM_usSoldier_normal_Base<37152dd0>, -1, 100) at <10706.390625, 78.078506, 14558.826172>
[COT 2021-03-20 18:49:41] 76561198036774377: Spawned Entity Infected (ZmbM_usSoldier_normal_Base<37155e30>, -1, 100) at <10706.390625, 78.078506, 14558.826172>
[COT 2021-03-20 18:49:41] 76561198036774377: Spawned Entity Infected (ZmbM_usSoldier_normal_Base<37156640>, -1, 100) at <10706.390625, 78.078506, 14558.826172>
[COT 2021-03-20 18:49:41] 76561198036774377: Spawned Entity Infected (ZmbM_usSoldier_normal_Base<37158680>, -1, 100) at <10706.390625, 78.078506, 14558.826172>
[COT 2021-03-20 18:49:41] 76561198036774377: Spawned Entity Infected (ZmbM_usSoldier_normal_Base<37156e50>, -1, 100) at <10706.390625, 78.078506, 14558.826172>
[COT 2021-03-20 18:49:42] 76561198036774377: Spawned Entity Infected (ZmbM_usSoldier_normal_Base<37157660>, -1, 100) at <10706.390625, 78.078506, 14558.826172>
[COT 2021-03-20 18:49:42] 76561198036774377: Spawned Entity Infected (ZmbM_usSoldier_normal_Base<37154600>, -1, 100) at <10706.390625, 78.078506, 14558.826172>
[COT 2021-03-20 18:49:42] 76561198036774377: Spawned Entity Infected (ZmbM_usSoldier_normal_Base<37151db0>, -1, 100) at <10706.390625, 78.078506, 14558.826172>
[COT 2021-03-20 18:49:42] 76561198036774377: Spawned Entity Infected (ZmbM_usSoldier_normal_Base<37157e70>, -1, 100) at <10706.390625, 78.078506, 14558.826172>
[COT 2021-03-20 18:49:44] 76561198036774377: Spawned Entity Infected (ZmbM_usSoldier_normal_Base<3715c700>, -1, 100) at <10711.275391, 76.591492, 14552.381836>
[COT 2021-03-20 18:49:44] 76561198036774377: Spawned Entity Infected (ZmbM_usSoldier_normal_Base<371596a0>, -1, 100) at <10711.275391, 76.591492, 14552.381836>
[COT 2021-03-20 18:49:44] 76561198036774377: Spawned Entity Infected (ZmbM_usSoldier_normal_Base<37160780>, -1, 100) at <10711.275391, 76.591492, 14552.381836>
[COT 2021-03-20 18:49:44] 76561198036774377: Spawned Entity Infected (ZmbM_usSoldier_normal_Base<3715a6c0>, -1, 100) at <10711.275391, 76.591492, 14552.381836>
[COT 2021-03-20 18:49:45] 76561198036774377: Spawned Entity Infected (ZmbM_usSoldier_normal_Base<3715ff70>, -1, 100) at <10711.275391, 76.591492, 14552.381836>
[COT 2021-03-20 18:49:45] 76561198036774377: Spawned Entity Infected (ZmbM_usSoldier_normal_Base<3715e740>, -1, 100) at <10711.275391, 76.591492, 14552.381836>
[COT 2021-03-20 18:49:45] 76561198036774377: Spawned Entity Infected (ZmbM_usSoldier_normal_Base<3715aed0>, -1, 100) at <10711.275391, 76.591492, 14552.381836>
[COT 2021-03-20 18:49:45] 76561198036774377: Spawned Entity Infected (ZmbM_usSoldier_normal_Base<3715ef50>, -1, 100) at <10711.275391, 76.591492, 14552.381836>
[COT 2021-03-20 18:49:45] 76561198036774377: Spawned Entity Infected (ZmbM_usSoldier_normal_Base<3715cf10>, -1, 100) at <10711.275391, 76.591492, 14552.381836>
[COT 2021-03-20 18:49:45] 76561198036774377: Spawned Entity Infected (ZmbM_usSoldier_normal_Base<37160f90>, -1, 100) at <10711.275391, 76.591492, 14552.381836>
[COT 2021-03-20 18:49:46] 76561198036774377: Spawned Entity Infected (ZmbM_usSoldier_normal_Base<3715f760>, -1, 100) at <10711.275391, 76.591492, 14552.381836>
[COT 2021-03-20 18:50:20] 76561198036774377: Spawned Entity Infected (ZmbM_SoldierNormal_Base<37128080>, -1, 100) at <10703.615234, 57.592159, 14373.452148>
[COT 2021-03-20 18:50:21] 76561198036774377: Spawned Entity Infected (ZmbM_SoldierNormal_Base<3712d930>, -1, 100) at <10703.615234, 57.592159, 14373.452148>
[COT 2021-03-20 18:50:21] 76561198036774377: Spawned Entity Infected (ZmbM_SoldierNormal_Base<3712e140>, -1, 100) at <10703.615234, 57.592159, 14373.452148>
[COT 2021-03-20 18:50:21] 76561198036774377: Spawned Entity Infected (ZmbM_SoldierNormal_Base<3712d120>, -1, 100) at <10703.615234, 57.592159, 14373.452148>
[COT 2021-03-20 18:50:21] 76561198036774377: Spawned Entity Infected (ZmbM_SoldierNormal_Base<3712b0e0>, -1, 100) at <10703.615234, 57.592159, 14373.452148>
[COT 2021-03-20 18:50:23] 76561198036774377: Spawned Entity Infected (ZmbM_SoldierNormal_Base<3712e950>, -1, 100) at <10701.902344, 57.595768, 14371.578125>
[COT 2021-03-20 18:50:23] 76561198036774377: Spawned Entity Infected (ZmbM_SoldierNormal_Base<3712f160>, -1, 100) at <10701.902344, 57.595768, 14371.578125>
[COT 2021-03-20 18:50:23] 76561198036774377: Spawned Entity Infected (ZmbM_SoldierNormal_Base<37130180>, -1, 100) at <10701.902344, 57.595768, 14371.578125>
[COT 2021-03-20 18:50:23] 76561198036774377: Spawned Entity Infected (ZmbM_SoldierNormal_Base<37128890>, -1, 100) at <10701.902344, 57.595768, 14371.578125>
[COT 2021-03-20 18:50:24] 76561198036774377: Spawned Entity Infected (ZmbM_SoldierNormal_Base<3712b8f0>, -1, 100) at <10703.849609, 57.529549, 14371.114258>
[COT 2021-03-20 18:50:24] 76561198036774377: Spawned Entity Infected (ZmbM_SoldierNormal_Base<371290a0>, -1, 100) at <10703.849609, 57.529549, 14371.114258>
[COT 2021-03-20 18:50:24] 76561198036774377: Spawned Entity Infected (ZmbM_SoldierNormal_Base<371311a0>, -1, 100) at <10703.849609, 57.529549, 14371.114258>
[COT 2021-03-20 18:50:25] 76561198036774377: Spawned Entity Infected (ZmbM_SoldierNormal_Base<3712a8d0>, -1, 100) at <10703.849609, 57.529549, 14371.114258>
[COT 2021-03-20 18:50:26] 76561198036774377: Spawned Entity Infected (ZmbM_SoldierNormal_Base<3712c100>, -1, 100) at <10702.539063, 57.560005, 14370.073242>
[COT 2021-03-20 18:50:26] 76561198036774377: Spawned Entity Infected (ZmbM_SoldierNormal_Base<371319b0>, -1, 100) at <10702.539063, 57.560005, 14370.073242>
[COT 2021-03-20 18:50:26] 76561198036774377: Spawned Entity Infected (ZmbM_SoldierNormal_Base<3712a0c0>, -1, 100) at <10702.539063, 57.560005, 14370.073242>
[COT 2021-03-20 18:50:26] 76561198036774377: Spawned Entity Infected (ZmbM_SoldierNormal_Base<37134200>, -1, 100) at <10702.539063, 57.560005, 14370.073242>
[COT 2021-03-20 18:50:26] 76561198036774377: Spawned Entity Infected (ZmbM_SoldierNormal_Base<37136a50>, -1, 100) at <10702.539063, 57.560005, 14370.073242>
[COT 2021-03-20 18:50:28] 76561198036774377: Spawned Entity Infected (ZmbM_SoldierNormal_Base<37139ab0>, -1, 100) at <10705.919922, 57.410076, 14369.811523>
[COT 2021-03-20 18:50:28] 76561198036774377: Spawned Entity Infected (ZmbM_SoldierNormal_Base<37137260>, -1, 100) at <10705.919922, 57.410076, 14369.811523>
[COT 2021-03-20 18:50:28] 76561198036774377: Spawned Entity Infected (ZmbM_SoldierNormal_Base<371329d0>, -1, 100) at <10705.919922, 57.410076, 14369.811523>
[COT 2021-03-20 18:50:29] 76561198036774377: Spawned Entity Infected (ZmbM_SoldierNormal_Base<37134a10>, -1, 100) at <10705.915039, 57.783009, 14369.491211>
[COT 2021-03-20 18:50:30] 76561198036774377: Spawned Entity Infected (ZmbM_SoldierNormal_Base<37135220>, -1, 100) at <10704.654297, 57.451572, 14369.574219>
[COT 2021-03-20 18:50:30] 76561198036774377: Spawned Entity Infected (ZmbM_SoldierNormal_Base<37138280>, -1, 100) at <10704.654297, 57.451572, 14369.574219>
[COT 2021-03-20 18:50:30] 76561198036774377: Spawned Entity Infected (ZmbM_SoldierNormal_Base<371331e0>, -1, 100) at <10704.654297, 57.451572, 14369.574219>
[COT 2021-03-20 18:50:30] 76561198036774377: Spawned Entity Infected (ZmbM_SoldierNormal_Base<371392a0>, -1, 100) at <10704.654297, 57.451572, 14369.574219>
[COT 2021-03-20 18:51:56] 76561198036774377: Spawned Entity Infected (ZmbM_SoldierNormal_Base<371321c0>, -1, 100) at <10762.493164, 68.763176, 14496.016602>
[COT 2021-03-20 18:51:56] 76561198036774377: Spawned Entity Infected (ZmbM_SoldierNormal_Base<3713aad0>, -1, 100) at <10762.493164, 68.763176, 14496.016602>
[COT 2021-03-20 18:51:56] 76561198036774377: Spawned Entity Infected (ZmbM_SoldierNormal_Base<3713a2c0>, -1, 100) at <10762.493164, 68.763176, 14496.016602>
[COT 2021-03-20 18:51:57] 76561198036774377: Spawned Entity Infected (ZmbM_SoldierNormal_Base<37136240>, -1, 100) at <10762.493164, 68.763176, 14496.016602>
[COT 2021-03-20 18:51:57] 76561198036774377: Spawned Entity Infected (ZmbM_SoldierNormal_Base<3713cb10>, -1, 100) at <10762.493164, 68.763176, 14496.016602>
[COT 2021-03-20 18:51:57] 76561198036774377: Spawned Entity Infected (ZmbM_SoldierNormal_Base<37140380>, -1, 100) at <10762.493164, 68.763176, 14496.016602>
[COT 2021-03-20 18:51:57] 76561198036774377: Spawned Entity Infected (ZmbM_SoldierNormal_Base<3713fb70>, -1, 100) at <10762.493164, 68.763176, 14496.016602>
[COT 2021-03-20 18:51:59] 76561198036774377: Spawned Entity Infected (ZmbM_SoldierNormal_Base<3713d320>, -1, 100) at <10762.843750, 68.425491, 14494.558594>
[COT 2021-03-20 18:52:00] 76561198036774377: Spawned Entity Infected (ZmbM_SoldierNormal_Base<3713f360>, -1, 100) at <10762.843750, 68.425491, 14494.558594>
[COT 2021-03-20 18:52:00] 76561198036774377: Spawned Entity Infected (ZmbM_SoldierNormal_Base<37141bb0>, -1, 100) at <10762.843750, 68.425491, 14494.558594>
[COT 2021-03-20 18:52:00] 76561198036774377: Spawned Entity Infected (ZmbM_SoldierNormal_Base<37140b90>, -1, 100) at <10762.843750, 68.425491, 14494.558594>
[COT 2021-03-20 18:52:00] 76561198036774377: Spawned Entity Infected (ZmbM_SoldierNormal_Base<3713db30>, -1, 100) at <10762.843750, 68.425491, 14494.558594>
[COT 2021-03-20 18:54:20] 76561198036774377: Spawned Entity Infected (ZmbM_SoldierNormal_Base<37191d60>, -1, 100) at <10673.149414, 82.837311, 14464.793945>
[COT 2021-03-20 18:54:21] 76561198036774377: Spawned Entity Infected (ZmbM_SoldierNormal_Base<3718a470>, -1, 100) at <10703.314453, 57.585190, 14372.597656>
[COT 2021-03-20 18:54:21] 76561198036774377: Spawned Entity Infected (ZmbM_SoldierNormal_Base<3718ccc0>, -1, 100) at <10703.314453, 57.585190, 14372.597656>
[COT 2021-03-20 18:54:21] 76561198036774377: Spawned Entity Infected (ZmbM_SoldierNormal_Base<3718f510>, -1, 100) at <10703.314453, 57.585190, 14372.597656>
[COT 2021-03-20 18:54:21] 76561198036774377: Spawned Entity Infected (ZmbM_SoldierNormal_Base<3718bca0>, -1, 100) at <10703.314453, 57.585190, 14372.597656>
[COT 2021-03-20 18:54:21] 76561198036774377: Spawned Entity Infected (ZmbM_SoldierNormal_Base<3718d4d0>, -1, 100) at <10703.314453, 57.585190, 14372.597656>
[COT 2021-03-20 18:54:21] 76561198036774377: Spawned Entity Infected (ZmbM_SoldierNormal_Base<37190530>, -1, 100) at <10703.314453, 57.585190, 14372.597656>
[COT 2021-03-20 18:54:22] 76561198036774377: Spawned Entity Infected (ZmbM_SoldierNormal_Base<3718fd20>, -1, 100) at <10703.314453, 57.585190, 14372.597656>
[COT 2021-03-20 18:54:22] 76561198036774377: Spawned Entity Infected (ZmbM_SoldierNormal_Base<37192570>, -1, 100) at <10703.314453, 57.585190, 14372.597656>
[COT 2021-03-20 18:54:22] 76561198036774377: Spawned Entity Infected (ZmbM_SoldierNormal_Base<3718dce0>, -1, 100) at <10703.314453, 57.585190, 14372.597656>
[COT 2021-03-20 18:54:22] 76561198036774377: Spawned Entity Infected (ZmbM_SoldierNormal_Base<3718ac80>, -1, 100) at <10703.314453, 57.585190, 14372.597656>
[COT 2021-03-20 18:54:22] 76561198036774377: Spawned Entity Infected (ZmbM_SoldierNormal_Base<37197e20>, -1, 100) at <10703.314453, 57.585190, 14372.597656>
[COT 2021-03-20 18:54:41] 76561198036774377: Spawned Entity Flare (AirdropFlare<61cbcf40>, 20, 100) at <10681.953125, 64.433868, 14379.437500>
[COT 2021-03-20 18:54:41] 76561198036774377: Spawned Entity Flare (AirdropFlare<61cbde60>, 20, 100) at <10681.953125, 64.433868, 14379.437500>
[COT 2021-03-20 18:54:41] 76561198036774377: Spawned Entity Flare (AirdropFlare<61cc93e0>, 20, 100) at <10681.953125, 64.433868, 14379.437500>
[COT 2021-03-20 18:54:41] 76561198036774377: Spawned Entity Flare (AirdropFlare<61cd6f30>, 20, 100) at <10681.953125, 64.433868, 14379.437500>
[COT 2021-03-20 18:54:41] 76561198036774377: Spawned Entity Flare (AirdropFlare<fe1e0870>, 20, 100) at <10681.953125, 64.433868, 14379.437500>
[COT 2021-03-20 18:56:20] 76561198036774377: Spawned Entity Infected (ZmbM_usSoldier_normal_Base<3b133cd0>, -1, 100) at <10606.552734, 89.299911, 14586.419922>
[COT 2021-03-20 18:56:20] 76561198036774377: Spawned Entity Infected (ZmbM_usSoldier_normal_Base<3b1344e0>, -1, 100) at <10606.552734, 89.299911, 14586.419922>
[COT 2021-03-20 18:56:21] 76561198036774377: Spawned Entity Infected (ZmbM_usSoldier_normal_Base<3b13c5e0>, -1, 100) at <10606.552734, 89.299911, 14586.419922>
[COT 2021-03-20 18:56:21] 76561198036774377: Spawned Entity Infected (ZmbM_usSoldier_normal_Base<3b134cf0>, -1, 100) at <10606.552734, 89.299911, 14586.419922>
[COT 2021-03-20 18:56:21] 76561198036774377: Spawned Entity Infected (ZmbM_usSoldier_normal_Base<3b13d600>, -1, 100) at <10606.552734, 89.299911, 14586.419922>
[COT 2021-03-20 18:56:22] 76561198036774377: Spawned Entity Infected (ZmbM_usSoldier_normal_Base<3b13ee30>, -1, 100) at <10601.841797, 89.965569, 14585.466797>
[COT 2021-03-20 18:56:22] 76561198036774377: Spawned Entity Infected (ZmbM_usSoldier_normal_Base<3b13cdf0>, -1, 100) at <10601.840820, 89.965462, 14585.466797>
[COT 2021-03-20 18:56:22] 76561198036774377: Spawned Entity Infected (ZmbM_usSoldier_normal_Base<3b140660>, -1, 100) at <10601.840820, 89.965462, 14585.466797>
[COT 2021-03-20 18:56:23] 76561198036774377: Spawned Entity Infected (ZmbM_usSoldier_normal_Base<3b13fe50>, -1, 100) at <10601.840820, 89.965462, 14585.466797>
[COT 2021-03-20 18:56:23] 76561198036774377: Spawned Entity Infected (ZmbM_usSoldier_normal_Base<3b141680>, -1, 100) at <10601.840820, 89.965462, 14585.466797>
[COT 2021-03-20 18:56:24] 76561198036774377: Spawned Entity Infected (ZmbM_usSoldier_normal_Base<3b141e90>, -1, 100) at <10615.730469, 88.034126, 14586.186523>
[COT 2021-03-20 18:56:24] 76561198036774377: Spawned Entity Infected (ZmbM_usSoldier_normal_Base<3b13de10>, -1, 100) at <10615.730469, 88.034081, 14586.186523>
[COT 2021-03-20 18:56:24] 76561198036774377: Spawned Entity Infected (ZmbM_usSoldier_normal_Base<3b1426a0>, -1, 100) at <10615.730469, 88.034065, 14586.186523>
[COT 2021-03-20 18:56:24] 76561198036774377: Spawned Entity Infected (ZmbM_usSoldier_normal_Base<3b142eb0>, -1, 100) at <10615.730469, 88.034065, 14586.186523>
[COT 2021-03-20 18:56:24] 76561198036774377: Spawned Entity Infected (ZmbM_usSoldier_normal_Base<3b13f640>, -1, 100) at <10615.730469, 88.034065, 14586.186523>
[COT 2021-03-20 18:56:25] 76561198036774377: Spawned Entity Infected (ZmbM_usSoldier_normal_Base<3b13a5a0>, -1, 100) at <10615.730469, 88.034065, 14586.186523>
[COT 2021-03-20 18:56:27] 76561198036774377: Spawned Entity Infected (ZmbM_usSoldier_normal_Base<3b1436c0>, -1, 100) at <10645.711914, 82.782539, 14565.876953>
[COT 2021-03-20 18:56:27] 76561198036774377: Spawned Entity Infected (ZmbM_usSoldier_normal_Base<3b1446e0>, -1, 100) at <10645.711914, 82.782806, 14565.877930>
[COT 2021-03-20 18:56:27] 76561198036774377: Spawned Entity Infected (ZmbM_usSoldier_normal_Base<3b14afb0>, -1, 100) at <10645.711914, 82.782806, 14565.877930>
[COT 2021-03-20 18:56:27] 76561198036774377: Spawned Entity Infected (ZmbM_usSoldier_normal_Base<3b14b7c0>, -1, 100) at <10645.711914, 82.782806, 14565.877930>
[COT 2021-03-20 18:56:28] 76561198036774377: Spawned Entity Infected (ZmbM_usSoldier_normal_Base<3b147740>, -1, 100) at <10645.711914, 82.782806, 14565.877930>
[COT 2021-03-20 18:56:28] 76561198036774377: Spawned Entity Infected (ZmbM_usSoldier_normal_Base<3b14a7a0>, -1, 100) at <10645.711914, 82.782806, 14565.877930>
[COT 2021-03-20 18:56:30] 76561198036774377: Spawned Entity Infected (ZmbM_usSoldier_normal_Base<3b147f50>, -1, 100) at <10599.633789, 84.252625, 14550.016602>
[COT 2021-03-20 18:56:30] 76561198036774377: Spawned Entity Infected (ZmbM_usSoldier_normal_Base<3b14bfd0>, -1, 100) at <10599.633789, 84.252625, 14550.016602>
[COT 2021-03-20 18:56:30] 76561198036774377: Spawned Entity Infected (ZmbM_usSoldier_normal_Base<3b14c7e0>, -1, 100) at <10599.633789, 84.252625, 14550.016602>
[COT 2021-03-20 18:56:30] 76561198036774377: Spawned Entity Infected (ZmbM_usSoldier_normal_Base<3b126320>, -1, 100) at <10599.633789, 84.252625, 14550.016602>
[COT 2021-03-20 18:56:31] 76561198036774377: Spawned Entity Infected (ZmbM_usSoldier_normal_Base<3b127340>, -1, 100) at <10599.633789, 84.252625, 14550.016602>
[COT 2021-03-20 18:56:31] 76561198036774377: Spawned Entity Infected (ZmbM_usSoldier_normal_Base<3b120260>, -1, 100) at <10599.633789, 84.252625, 14550.016602>
[COT 2021-03-20 18:56:32] 76561198036774377: Spawned Entity Infected (ZmbM_usSoldier_normal_Base<3b12e420>, -1, 100) at <10609.015625, 84.949852, 14560.274414>
[COT 2021-03-20 18:56:32] 76561198036774377: Spawned Entity Infected (ZmbM_usSoldier_normal_Base<3b12f440>, -1, 100) at <10609.015625, 84.949844, 14560.274414>
[COT 2021-03-20 18:56:33] 76561198036774377: Spawned Entity Infected (ZmbM_usSoldier_normal_Base<3b128b70>, -1, 100) at <10609.015625, 84.949844, 14560.274414>
[COT 2021-03-20 18:56:33] 76561198036774377: Spawned Entity Infected (ZmbM_usSoldier_normal_Base<3b12d400>, -1, 100) at <10609.015625, 84.949844, 14560.274414>
[COT 2021-03-20 18:56:33] 76561198036774377: Spawned Entity Infected (ZmbM_usSoldier_normal_Base<3b12dc10>, -1, 100) at <10609.015625, 84.949844, 14560.274414>
[COT 2021-03-20 18:56:50] 76561198036774377: Spawned Entity Infected (ZmbM_SoldierNormal_Base<3b14e010>, -1, 100) at <10762.366211, 69.340851, 14530.344727>
[COT 2021-03-20 18:56:50] 76561198036774377: Spawned Entity Infected (ZmbM_SoldierNormal_Base<3b12ec30>, -1, 100) at <10762.366211, 69.340851, 14530.344727>
[COT 2021-03-20 18:56:50] 76561198036774377: Spawned Entity Infected (ZmbM_SoldierNormal_Base<3b14d800>, -1, 100) at <10762.366211, 69.340851, 14530.344727>
[COT 2021-03-20 18:56:50] 76561198036774377: Spawned Entity Infected (ZmbM_SoldierNormal_Base<3b12fc50>, -1, 100) at <10762.366211, 69.340851, 14530.344727>
[COT 2021-03-20 18:56:50] 76561198036774377: Spawned Entity Infected (ZmbM_SoldierNormal_Base<3b146720>, -1, 100) at <10762.366211, 69.340851, 14530.344727>
[COT 2021-03-20 18:56:52] 76561198036774377: Spawned Entity Infected (ZmbM_usSoldier_normal_Base<3b14f030>, -1, 100) at <10763.125000, 70.043922, 14536.023438>
[COT 2021-03-20 18:56:52] 76561198036774377: Spawned Entity Infected (ZmbM_usSoldier_normal_Base<3b128360>, -1, 100) at <10763.125000, 70.043922, 14536.023438>
[COT 2021-03-20 18:56:53] 76561198036774377: Spawned Entity Infected (ZmbM_usSoldier_normal_Base<3b14f840>, -1, 100) at <10763.125000, 70.043922, 14536.023438>
[COT 2021-03-20 18:56:53] 76561198036774377: Spawned Entity Infected (ZmbM_usSoldier_normal_Base<2d7f0970>, -1, 100) at <10763.125000, 70.043922, 14536.023438>
[COT 2021-03-20 18:56:53] 76561198036774377: Spawned Entity Infected (ZmbM_usSoldier_normal_Base<3b12abb0>, -1, 100) at <10763.125000, 70.043922, 14536.023438>
[COT 2021-03-20 18:56:53] 76561198036774377: Spawned Entity Infected (ZmbM_usSoldier_normal_Base<2d7ff340>, -1, 100) at <10763.125000, 70.043922, 14536.023438>
[COT 2021-03-20 18:56:55] 76561198036774377: Spawned Entity Infected (ZmbM_usSoldier_normal_Base<3b130460>, -1, 100) at <10766.468750, 70.158958, 14533.732422>
[COT 2021-03-20 18:56:55] 76561198036774377: Spawned Entity Infected (ZmbM_usSoldier_normal_Base<2d7fd300>, -1, 100) at <10766.468750, 70.158958, 14533.732422>
[COT 2021-03-20 18:56:55] 76561198036774377: Spawned Entity Infected (ZmbM_usSoldier_normal_Base<3b12bbd0>, -1, 100) at <10766.468750, 70.158958, 14533.732422>
[COT 2021-03-20 18:56:55] 76561198036774377: Spawned Entity Infected (ZmbM_usSoldier_normal_Base<3b151070>, -1, 100) at <10766.468750, 70.158958, 14533.732422>
[COT 2021-03-20 18:56:55] 76561198036774377: Spawned Entity Infected (ZmbM_usSoldier_normal_Base<3b12c3e0>, -1, 100) at <10766.468750, 70.158958, 14533.732422>
[COT 2021-03-20 18:56:55] 76561198036774377: Spawned Entity Infected (ZmbM_usSoldier_normal_Base<3b150050>, -1, 100) at <10766.468750, 70.158958, 14533.732422>
[COT 2021-03-20 18:56:56] 76561198036774377: Spawned Entity Infected (ZmbM_usSoldier_normal_Base<3b130c70>, -1, 100) at <10766.468750, 70.158958, 14533.732422>
[COT 2021-03-20 18:56:56] 76561198036774377: Spawned Entity Infected (ZmbM_usSoldier_normal_Base<3b150860>, -1, 100) at <10766.468750, 70.158958, 14533.732422>
[COT 2021-03-20 19:00:49] 76561198036774377: Teleported to position <3725.824707, 402.013000, 5994.747559>
[COT 2021-03-20 19:00:53] 76561198036774377: Left the Free Camera
[COT 2021-03-20 19:00:54] 76561198036774377: Left the Free Camera
[COT 2021-03-20 19:05:20] 76561198036774377: Spawned Entity SR-3_mag_30Rnd (Mag_AKM_30Rnd<76d090d0>, 1, 100) at <3698.757568, 402.381317, 5995.038574>
[COT 2021-03-20 19:05:20] 76561198036774377: Spawned Entity SR-3_mag_30Rnd (Mag_AKM_30Rnd<76d22300>, 1, 100) at <3698.757568, 402.381317, 5995.038574>
[COT 2021-03-20 19:05:21] 76561198036774377: Spawned Entity SR-3_mag_30Rnd (Mag_AKM_30Rnd<2a285d00>, 1, 100) at <3698.757568, 402.381317, 5995.038574>
[COT 2021-03-20 19:05:21] 76561198036774377: Spawned Entity SR-3_mag_30Rnd (Mag_AKM_30Rnd<2a286ba0>, 1, 100) at <3698.757568, 402.381317, 5995.038574>
[COT 2021-03-20 19:05:21] 76561198036774377: Spawned Entity SR-3_mag_30Rnd (Mag_AKM_30Rnd<7553fc40>, 1, 100) at <3698.757568, 402.381317, 5995.038574>
[COT 2021-03-20 19:05:21] 76561198036774377: Spawned Entity SR-3_mag_30Rnd (Mag_AKM_30Rnd<75547140>, 1, 100) at <3698.757568, 402.381317, 5995.038574>
[COT 2021-03-20 19:05:22] 76561198036774377: Spawned Entity SR-3_mag_30Rnd (Mag_AKM_30Rnd<68ee63f0>, 1, 100) at <3698.757568, 402.381317, 5995.038574>
[COT 2021-03-20 19:05:22] 76561198036774377: Spawned Entity SR-3_mag_30Rnd (Mag_AKM_30Rnd<68ec3f80>, 1, 100) at <3698.757568, 402.381317, 5995.038574>
[COT 2021-03-20 19:05:28] 76561198036774377: Spawned Entity SR-3 (AKM_Base<3a9c3320>, -1, 300) at <3698.757568, 402.381317, 5995.038574>
[COT 2021-03-20 19:05:28] 76561198036774377: Spawned Entity SR-3 (AKM_Base<3a9c9150>, -1, 300) at <3698.757568, 402.381317, 5995.038574>
[COT 2021-03-20 19:05:28] 76561198036774377: Spawned Entity SR-3 (AKM_Base<3a9cab00>, -1, 300) at <3698.757568, 402.381317, 5995.038574>
[COT 2021-03-20 19:05:28] 76561198036774377: Spawned Entity SR-3 (AKM_Base<3a9ccd40>, -1, 300) at <3698.757568, 402.381317, 5995.038574>
[COT 2021-03-20 19:05:29] 76561198036774377: Spawned Entity SR-3 (AKM_Base<3a9c8030>, -1, 300) at <3698.757568, 402.381317, 5995.038574>
[COT 2021-03-20 19:05:29] 76561198036774377: Spawned Entity SR-3 (AKM_Base<3a9cd5d0>, -1, 300) at <3698.757568, 402.381317, 5995.038574>
[COT 2021-03-20 19:05:29] 76561198036774377: Spawned Entity SR-3 (AKM_Base<3a9cb390>, -1, 300) at <3698.757568, 402.381317, 5995.038574>
[COT 2021-03-20 19:05:29] 76561198036774377: Spawned Entity SR-3 (AKM_Base<3a9cbc20>, -1, 300) at <3698.757568, 402.381317, 5995.038574>
[COT 2021-03-20 19:07:05] 76561198036774377: Spawned Entity Pickup Lada Police (Nehr_PickupLada_Police<c31289c0>, -1, 3200) at <3711.718750, 402.000031, 6003.615723>
[COT 2021-03-20 19:07:09] 76561198036774377: Spawned Entity Pickup Lada Wheel (Nehr_PickupLadaWheel<60191870>, -1, 200) at <3712.542236, 402.693512, 6002.015137>
[COT 2021-03-20 19:07:09] 76561198036774377: Spawned Entity Pickup Lada Wheel (Nehr_PickupLadaWheel<601949e0>, -1, 200) at <3712.715576, 402.839172, 6001.679199>
[COT 2021-03-20 19:07:10] 76561198036774377: Spawned Entity Pickup Lada Wheel (Nehr_PickupLadaWheel<f5c160d0>, -1, 200) at <3712.887207, 402.984009, 6001.344238>
[COT 2021-03-20 19:07:10] 76561198036774377: Spawned Entity Pickup Lada Wheel (Nehr_PickupLadaWheel<717deb10>, -1, 200) at <3713.059326, 403.128937, 6001.009766>
[COT 2021-03-20 19:07:10] 76561198036774377: Spawned Entity Pickup Lada Wheel (Nehr_PickupLadaWheel<67130ec0>, -1, 200) at <3713.230957, 403.273682, 6000.675293>
[COT 2021-03-20 19:07:17] 76561198036774377: Spawned Entity Pickup Lada Left Door (Nehr_PickupLadadoors_driver_Police<76625b70>, -1, 500) at <3713.510986, 402.012451, 5999.476074>
[COT 2021-03-20 19:07:20] 76561198036774377: Spawned Entity Pickup Lada Right Door (Nehr_PickupLadadoors_codriver_Police<6a39d1e0>, -1, 500) at <3713.347900, 403.524323, 6000.436523>
[COT 2021-03-20 19:07:22] 76561198036774377: Spawned Entity Pickup Lada Hood (Nehr_PickupLadahood_Police<6a3a0350>, -1, 500) at <3713.347900, 403.524323, 6000.436523>
[COT 2021-03-20 19:07:25] 76561198036774377: Spawned Entity Pickup Lada Trunk Door (Nehr_PickupLadatrunk_Police<66a79fe0>, -1, 500) at <3713.718018, 403.708405, 6000.068848>
[COT 2021-03-20 19:08:15] 76561198036774377: Spawned Entity Headlight Bulb (HeadlightH7<17f35180>, -1, 10) at <3709.813965, 402.012421, 6003.833496>
[COT 2021-03-20 19:08:15] 76561198036774377: Spawned Entity Headlight Bulb (HeadlightH7<561ea9a0>, -1, 10) at <3709.813965, 402.012421, 6003.833496>
[COT 2021-03-20 19:08:20] 76561198036774377: Spawned Entity Car Battery (CarBattery<4bcaf110>, 50, 200) at <3709.813965, 402.012421, 6003.833496>
[COT 2021-03-20 19:08:25] 76561198036774377: Spawned Entity Jerrycan (CanisterGasoline<6917b570>, 20000, 300) at <3709.813965, 402.012421, 6003.833496>
[COT 2021-03-20 19:08:25] 76561198036774377: Spawned Entity Jerrycan (CanisterGasoline<69183d90>, 20000, 300) at <3709.813965, 402.012421, 6003.833496>
[COT 2021-03-20 19:08:25] 76561198036774377: Spawned Entity Jerrycan (CanisterGasoline<691b8500>, 20000, 300) at <3709.813965, 402.012421, 6003.833496>
[COT 2021-03-20 19:08:25] 76561198036774377: Spawned Entity Jerrycan (CanisterGasoline<fe1ff400>, 20000, 300) at <3709.813965, 402.012421, 6003.833496>
[COT 2021-03-20 19:16:59] 76561198036774377: Spawned Entity AK5CGrey_mag_30Rnd (Mag_AKM_30Rnd<563a1c40>, 1, 100) at <3696.744141, 402.379028, 5987.764648>
[COT 2021-03-20 19:16:59] 76561198036774377: Spawned Entity AK5CGrey_mag_30Rnd (Mag_AKM_30Rnd<563b14e0>, 1, 100) at <3696.744141, 402.379028, 5987.764648>
[COT 2021-03-20 19:17:00] 76561198036774377: Spawned Entity AK5CGrey_mag_30Rnd (Mag_AKM_30Rnd<563aa730>, 1, 100) at <3696.744141, 402.379028, 5987.764648>
[COT 2021-03-20 19:17:00] 76561198036774377: Spawned Entity AK5CGrey_mag_30Rnd (Mag_AKM_30Rnd<563b6ca0>, 1, 100) at <3696.744141, 402.379028, 5987.764648>
[COT 2021-03-20 19:17:02] 76561198036774377: Spawned Entity AK5CGrey (AKM_Base<f01d16d0>, -1, 300) at <3696.744141, 402.379028, 5987.764648>
[COT 2021-03-20 19:17:33] 76561198036774377: Spawned Entity Riflesling black (riflesling_colorbase_mung<768fc130>, -1, 100) at <3696.744141, 402.379028, 5987.764648>
[COT 2021-03-20 19:18:53] 76561198036774377: Spawned Entity Car Battery (CarBattery<65a3e2b0>, 50, 200) at <3710.142822, 402.012451, 6005.305176>
[COT 2021-03-20 19:18:58] 76561198036774377: Spawned Entity Spark Plug (SparkPlug<65a26c60>, -1, 20) at <3710.142822, 402.012451, 6005.305176>
[COT 2021-03-20 19:19:02] 76561198036774377: Spawned Entity Car Radiator (CarRadiator<65a22cd0>, -1, 250) at <3710.142822, 402.012451, 6005.305176>
[COT 2021-03-20 19:19:44] 76561198036774377: Spawned Entity Jerrycan (CanisterGasoline<74add8e0>, 20000, 300) at <3709.375244, 402.012421, 6010.509277>
[COT 2021-03-20 19:20:21] 76561198036774377: Spawned Entity Jerrycan (CanisterGasoline<74af69b0>, 20000, 300) at <3694.487549, 402.000000, 5997.391602>
[COT 2021-03-20 19:24:22] 76561198036774377: Spawned Entity MVS Raider Pack - Multicam Black (MountainBag_ColorBase<68d84e20>, -1, 300) at <3695.040283, 402.012451, 5998.905273>
[COT 2021-03-20 19:34:11] 76561198036774377: Spawned Entity G36x (AKM_Base<172bd750>, -1, 200) at <3700.382324, 402.616974, 5992.402344>
[COT 2021-03-20 19:34:17] 76561198036774377: Spawned Entity G36x_mag_40Rnd (Mag_AKM_30Rnd<66ba4e20>, 1, 100) at <3700.382324, 402.616974, 5992.402344>
[COT 2021-03-20 19:34:17] 76561198036774377: Spawned Entity G36x_mag_40Rnd (Mag_AKM_30Rnd<66bb5560>, 1, 100) at <3700.388428, 402.636261, 5992.393066>
[COT 2021-03-20 19:34:17] 76561198036774377: Spawned Entity G36x_mag_40Rnd (Mag_AKM_30Rnd<66b9c330>, 1, 100) at <3700.394775, 402.655548, 5992.383789>
[COT 2021-03-20 19:34:18] 76561198036774377: Spawned Entity G36x_mag_40Rnd (Mag_AKM_30Rnd<66b96420>, 1, 100) at <3700.400391, 402.675446, 5992.373535>
[COT 2021-03-20 19:34:52] 76561198036774377: Spawned Entity WolfBayonet (M9A1_Bayonet<805a6470>, -1, 150) at <3703.431396, 402.342194, 5991.584473>
[COT 2021-03-20 19:35:01] 76561198036774377: Spawned Entity AK47Wolf_mag_30Rnd (Mag_AKM_30Rnd<de382ab0>, 1, 100) at <3703.428955, 402.345947, 5991.583008>
[COT 2021-03-20 19:35:01] 76561198036774377: Spawned Entity AK47Wolf_mag_30Rnd (Mag_AKM_30Rnd<768e0a70>, 1, 100) at <3703.420410, 402.357239, 5991.579102>
[COT 2021-03-20 19:35:24] 76561198036774377: Spawned Entity G36 (AKM_Base<172b3d30>, -1, 200) at <3699.108643, 402.341034, 5992.883301>
[COT 2021-03-20 19:35:29] 76561198036774377: Spawned Entity G36_mag_30Rnd (Mag_STANAG_30Rnd<715d3e80>, 1, 100) at <3699.108643, 402.341034, 5992.883301>
[COT 2021-03-20 19:35:30] 76561198036774377: Spawned Entity G36_mag_30Rnd (Mag_STANAG_30Rnd<715d8050>, 1, 100) at <3699.116211, 402.370209, 5992.857910>
[COT 2021-03-20 19:35:30] 76561198036774377: Spawned Entity G36_mag_30Rnd (Mag_STANAG_30Rnd<676ba950>, 1, 100) at <3699.123535, 402.399384, 5992.833984>
[COT 2021-03-20 19:35:31] 76561198036774377: Spawned Entity G36_mag_30Rnd (Mag_STANAG_30Rnd<3c075c20>, 1, 100) at <3699.131592, 402.428558, 5992.809082>
[COT 2021-03-20 19:41:06] 76561198036774377: Entered the Free Camera
