[COT 2021-02-24 23:27:23] 76561198036774377: Set GodMode To true [guid=mBNlxASsPlOcry0dpDl8K-WgHNR5WMCMmoJ9NhpU4FY=]
[COT 2021-02-24 23:27:23] 76561198036774377: Set UnlimitedAmmo To true [guid=mBNlxASsPlOcry0dpDl8K-WgHNR5WMCMmoJ9NhpU4FY=]
[COT 2021-02-24 23:27:23] 76561198036774377: Set UnlimitedStamina To true [guid=mBNlxASsPlOcry0dpDl8K-WgHNR5WMCMmoJ9NhpU4FY=]
[COT 2021-02-24 23:27:30] 76561198036774377: Teleported to <6334.789063, 301.085724, 7689.989746> [guid=A-q6v3YppWrw_1JqupoisQYxKbNoh1NNdThC-W0Brlc=]
[COT 2021-02-24 23:27:54] 76561198036774377: Spawned Entity Defender 110 Wheel (Defender110_koleso<45054450>, -1, 600) at <6326.813477, 301.085724, 7676.035645>
[COT 2021-02-24 23:27:54] 76561198036774377: Spawned Entity Defender 110 Wheel (Defender110_koleso<4504cc40>, -1, 600) at <6326.813477, 301.085724, 7676.035645>
[COT 2021-02-24 23:27:54] 76561198036774377: Spawned Entity Defender 110 Wheel (Defender110_koleso<45055270>, -1, 600) at <6326.813477, 301.085724, 7676.035645>
[COT 2021-02-24 23:27:55] 76561198036774377: Spawned Entity Defender 110 Wheel (Defender110_koleso<45056090>, -1, 600) at <6326.813477, 301.085724, 7676.035645>
[COT 2021-02-24 23:27:55] 76561198036774377: Spawned Entity Defender 110 Wheel (Defender110_koleso<e4991a80>, -1, 600) at <6326.813477, 301.085724, 7676.035645>
[COT 2021-02-24 23:27:59] 76561198036774377: Spawned Entity Defender 110 Front left door Red (Defender110_dver_1_1<f7a22980>, -1, 500) at <6326.813477, 301.085724, 7676.035645>
[COT 2021-02-24 23:28:00] 76561198036774377: Spawned Entity Defender 110 Front right door Red (Defender110_dver_2_1<f7a2bdd0>, -1, 500) at <6326.813477, 301.085724, 7676.035645>
[COT 2021-02-24 23:28:01] 76561198036774377: Spawned Entity Defender 110 Rear left door Red (Defender110_dver_1_2<e43bccb0>, -1, 500) at <6326.813477, 301.085724, 7676.035645>
[COT 2021-02-24 23:28:02] 76561198036774377: Spawned Entity Defender 110 Rear right door Red (Defender110_dver_2_2<e43a3310>, -1, 500) at <6326.813477, 301.085724, 7676.035645>
[COT 2021-02-24 23:28:05] 76561198036774377: Spawned Entity Defender 110 Hood Red (Defender110_kapot<f18e65f0>, -1, 600) at <6326.813477, 301.085724, 7676.035645>
[COT 2021-02-24 23:28:06] 76561198036774377: Spawned Entity Defender 110 Trunk Red (Defender110_bagazhnik<f18e8940>, -1, 500) at <6326.813477, 301.085724, 7676.035645>
[COT 2021-02-24 23:28:09] 76561198036774377: Spawned Entity Land Rover Defender 110 Red (CrSk_Land_Rover_Defender_110<6bff9370>, -1, 3500) at <6325.025391, 301.045776, 7672.114258>
[COT 2021-02-24 23:28:16] 76561198036774377: Spawned Entity Car Battery (CarBattery<4ee91470>, 50, 200) at <6326.813477, 301.391602, 7675.738770>
[COT 2021-02-24 23:28:23] 76561198036774377: Spawned Entity Barrel (Barrel_Red<e7159980>, 0, 1300) at <6326.813477, 301.391602, 7675.738770>
[COT 2021-02-24 23:28:23] 76561198036774377: Spawned Entity Barrel (Barrel_Red<e7162bc0>, 0, 1300) at <6326.813477, 301.391602, 7675.737793>
[COT 2021-02-24 23:28:28] 76561198036774377: Spawned Entity Sea Chest (SeaChest<e716f880>, -1, 600) at <6326.813477, 301.391602, 7675.729004>
[COT 2021-02-24 23:28:33] 76561198036774377: Spawned Entity Headlight Bulb (HeadlightH7<4ee99390>, -1, 10) at <6326.813477, 301.391602, 7675.729004>
[COT 2021-02-24 23:28:33] 76561198036774377: Spawned Entity Headlight Bulb (HeadlightH7<4ee92290>, -1, 10) at <6326.813477, 301.391602, 7675.729004>
[COT 2021-02-24 23:28:38] 76561198036774377: Spawned Entity Spark Plug (SparkPlug<4ee95b10>, -1, 20) at <6326.813477, 301.391602, 7675.729004>
[COT 2021-02-24 23:28:46] 76561198036774377: Spawned Entity Car Radiator (CarRadiator<4ee95400>, -1, 250) at <6326.813477, 301.391602, 7675.729004>
[COT 2021-02-24 23:29:47] 76561198036774377: Spawned Entity Jerrycan (CanisterGasoline<f14e0390>, 20000, 300) at <6326.182129, 301.085724, 7674.724609>
[COT 2021-02-24 23:29:47] 76561198036774377: Spawned Entity Jerrycan (CanisterGasoline<f14d9220>, 20000, 300) at <6326.182129, 301.085724, 7674.724609>
[COT 2021-02-24 23:29:47] 76561198036774377: Spawned Entity Jerrycan (CanisterGasoline<f14c08e0>, 20000, 300) at <6326.182129, 301.085724, 7674.724609>
[COT 2021-02-24 23:29:48] 76561198036774377: Spawned Entity Jerrycan (CanisterGasoline<f14c1070>, 20000, 300) at <6326.182129, 301.085724, 7674.724609>
[COT 2021-02-24 23:29:57] 76561198036774377: Spawned Entity MVS Canteen - ERDL (Canteen<f14ba690>, 1000, 100) at <6326.182129, 301.085724, 7674.724609>
[COT 2021-02-24 23:29:57] 76561198036774377: Spawned Entity MVS Canteen - ERDL (Canteen<f14c2eb0>, 1000, 100) at <6326.182129, 301.085724, 7674.724609>
[COT 2021-02-24 23:30:00] 76561198036774377: Spawned Entity MVS Canteen - Multicam (Canteen<fbb3ffd0>, 1000, 100) at <6326.182129, 301.085724, 7674.724609>
[COT 2021-02-24 23:30:00] 76561198036774377: Spawned Entity MVS Canteen - Multicam (Canteen<fbb48f80>, 1000, 100) at <6326.182129, 301.085724, 7674.724609>
[COT 2021-02-24 23:30:01] 76561198036774377: Spawned Entity MVS Canteen - Multicam Tropic (Canteen<fbb434c0>, 1000, 100) at <6326.182129, 301.085724, 7674.724609>
[COT 2021-02-24 23:31:04] 76561198036774377: Teleported to position <2103.466797, 245.905884, 12358.933594>
[COT 2021-02-24 23:49:57] 76561198036774377: Set GodMode To true [guid=mBNlxASsPlOcry0dpDl8K-WgHNR5WMCMmoJ9NhpU4FY=]
[COT 2021-02-24 23:49:57] 76561198036774377: Set UnlimitedAmmo To true [guid=mBNlxASsPlOcry0dpDl8K-WgHNR5WMCMmoJ9NhpU4FY=]
[COT 2021-02-24 23:49:57] 76561198036774377: Set UnlimitedStamina To true [guid=mBNlxASsPlOcry0dpDl8K-WgHNR5WMCMmoJ9NhpU4FY=]
[COT 2021-02-24 23:49:59] 76561198036774377: Healed [guid=mBNlxASsPlOcry0dpDl8K-WgHNR5WMCMmoJ9NhpU4FY=]
[COT 2021-02-24 23:52:10] 76561198036774377: Teleported to position <1073.224121, 6.392760, 2580.356201>
[COT 2021-02-24 23:52:35] 76561198036774377: Spawned Entity Medium Tent (MediumTent_Orange<f5994d80>, -1, 600) at <1098.404541, 2.477666, 2541.562988>
[COT 2021-02-24 23:53:18] 76561198036774377: Spawned Entity Guitar (BaseballBat<4e3e79f0>, -1, 250) at <1100.335449, 2.984681, 2539.990479>
[COT 2021-02-24 23:53:20] 76561198036774377: Spawned Entity Dynamitestick (dynamitestick_Mung<58cfb830>, -1, 100) at <1100.335449, 2.984681, 2539.990479>
[COT 2021-02-24 23:53:21] 76561198036774377: Spawned Entity Dynamitestick (dynamitestick_Mung<58d03530>, -1, 100) at <1100.335449, 2.984681, 2539.990479>
[COT 2021-02-24 23:53:21] 76561198036774377: Spawned Entity Dynamitestick (dynamitestick_Mung<58cfc7d0>, -1, 100) at <1100.335449, 2.984681, 2539.990479>
[COT 2021-02-24 23:53:29] 76561198036774377: Spawned Entity Poncho (Clothing<f75e1900>, -1, 100) at <1100.335449, 2.984681, 2539.990479>
[COT 2021-02-24 23:53:30] 76561198036774377: Spawned Entity Ghillie poncho (Clothing<ff436500>, -1, 100) at <1100.335449, 2.984681, 2539.990479>
[COT 2021-02-24 23:53:35] 76561198036774377: Spawned Entity Shawl hood (Clothing<ff4390e0>, -1, 100) at <1100.335449, 2.984681, 2539.990479>
[COT 2021-02-24 23:53:45] 76561198036774377: Spawned Entity Baseballbat Saw (BaseballBat<4e3dfad0>, -1, 250) at <1100.335449, 2.984681, 2539.990479>
[COT 2021-02-24 23:53:52] 76561198036774377: Spawned Entity Munghards hiking backpack (Hikingbagmung_ColorBase<ff43e150>, -1, 100) at <1100.335449, 2.984681, 2539.990479>
[COT 2021-02-24 23:54:55] 76561198036774377: Teleported to position <10130.430664, 53.111900, 13928.444336>
[COT 2021-02-24 23:54:57] 76561198036774377: Teleported to position <9828.629883, 69.199814, 13777.543945>
[COT 2021-02-24 23:55:22] 76561198036774377: Spawned Entity Medium Tent (MediumTent_Green<ebccd980>, -1, 600) at <9875.664063, 59.822498, 13799.025391>
[COT 2021-02-24 23:56:02] 76561198036774377: Spawned Entity HK M417 (M4A1_Base<4be7e4f0>, -1, 100) at <9875.692383, 59.775494, 13795.777344>
[COT 2021-02-24 23:56:02] 76561198036774377: Spawned Entity HK M417 (M4A1_Base<4be99110>, -1, 100) at <9875.692383, 59.775494, 13795.777344>
[COT 2021-02-24 23:56:49] 76561198036774377: Spawned Entity RO 991 Magazine (Mag_STANAG_30Rnd<eef9d1a0>, 1, 100) at <9875.692383, 59.775494, 13795.777344>
[COT 2021-02-24 23:56:50] 76561198036774377: Spawned Entity 762x51 Polymer Mag (Mag_AKM_30Rnd<eef9e040>, 1, 100) at <9875.692383, 59.775494, 13795.777344>
[COT 2021-02-25 00:08:26] 76561198036774377: Spawned Entity 762x51 Polymer Mag (Mag_AKM_30Rnd<e98e6960>, 1, 100) at <9875.682617, 59.771713, 13795.525391>
[COT 2021-02-25 00:08:26] 76561198036774377: Spawned Entity 762x51 Polymer Mag (Mag_AKM_30Rnd<e98e18f0>, 1, 100) at <9875.682617, 59.771713, 13795.525391>
[COT 2021-02-25 00:08:26] 76561198036774377: Spawned Entity 762x51 Polymer Mag (Mag_AKM_30Rnd<e98bd740>, 1, 100) at <9875.682617, 59.771713, 13795.525391>
[COT 2021-02-25 00:08:27] 76561198036774377: Spawned Entity 762x51 Polymer Mag (Mag_AKM_30Rnd<fc495d80>, 1, 100) at <9875.682617, 59.771713, 13795.525391>
[COT 2021-02-25 00:08:27] 76561198036774377: Spawned Entity 762x51 Polymer Mag (Mag_AKM_30Rnd<fc474f00>, 1, 100) at <9875.682617, 59.771713, 13795.525391>
[COT 2021-02-25 00:08:29] 76561198036774377: Spawned Entity 762x51 Polymer Mag (Mag_AKM_30Rnd<acf800>, 1, 100) at <9875.682617, 59.771713, 13795.525391>
[COT 2021-02-25 00:08:29] 76561198036774377: Spawned Entity 762x51 Polymer Mag (Mag_AKM_30Rnd<589ef480>, 1, 100) at <9875.682617, 59.771713, 13795.525391>
[COT 2021-02-25 00:09:11] 76561198036774377: Spawned Entity Sig Sauer P226 (CZ75_Base<d36220e0>, -1, 175) at <9875.682617, 59.771740, 13795.525391>
[COT 2021-02-25 00:09:11] 76561198036774377: Spawned Entity Sig Sauer P226 (CZ75_Base<d361b190>, -1, 175) at <9875.682617, 59.771740, 13795.525391>
[COT 2021-02-25 00:09:21] 76561198036774377: Spawned Entity P226 Magazine (Mag_Glock_15Rnd<e92db560>, 1, 100) at <9875.682617, 59.771740, 13795.525391>
[COT 2021-02-25 00:09:21] 76561198036774377: Spawned Entity P226 Magazine (Mag_Glock_15Rnd<eb965400>, 1, 100) at <9875.682617, 59.771740, 13795.525391>
[COT 2021-02-25 00:09:21] 76561198036774377: Spawned Entity P226 Magazine (Mag_Glock_15Rnd<eb97c8f0>, 1, 100) at <9875.682617, 59.771740, 13795.525391>
[COT 2021-02-25 00:09:21] 76561198036774377: Spawned Entity P226 Magazine (Mag_Glock_15Rnd<f5cf8e60>, 1, 100) at <9875.682617, 59.771740, 13795.525391>
[COT 2021-02-25 00:09:22] 76561198036774377: Spawned Entity P226 Magazine (Mag_Glock_15Rnd<f5ce7fd0>, 1, 100) at <9875.682617, 59.771740, 13795.525391>
[COT 2021-02-25 00:09:22] 76561198036774377: Spawned Entity P226 Magazine (Mag_Glock_15Rnd<e3f1b2b0>, 1, 100) at <9875.682617, 59.771740, 13795.525391>
[COT 2021-02-25 00:10:57] 76561198036774377: Teleported to position <3765.415527, 397.794128, 15271.778320>
[COT 2021-02-25 00:11:21] 76561198036774377: Spawned Entity Medium Tent (MediumTent_Orange<f74d8b60>, -1, 600) at <3760.696289, 395.482574, 15257.523438>
[COT 2021-02-25 00:12:34] 76561198036774377: Spawned Entity M4 Buttstock (TTC_Buttstock_Morty<e98656c0>, -1, 100) at <3758.945313, 395.347870, 15254.946289>
[COT 2021-02-25 00:12:39] 76561198036774377: Spawned Entity DMR AFG (TTC_DMR_AFG<9140b0>, -1, 100) at <3758.945313, 395.347870, 15254.946289>
[COT 2021-02-25 00:12:44] 76561198036774377: Spawned Entity DMR Atlas Bipod (TTC_DMR_Bipod<8fdf90>, -1, 100) at <3758.945313, 395.347870, 15254.946289>
[COT 2021-02-25 00:12:45] 76561198036774377: Spawned Entity DMR Suppressor (TTC_DMR_Suppressor<916400>, -1, 200) at <3758.945313, 395.347870, 15254.946289>
[COT 2021-02-25 00:12:59] 76561198036774377: Spawned Entity Universal Suppressor Black (TTC_Universal_Suppressor_BLACK<eee68df0>, -1, 250) at <3758.945313, 395.347870, 15254.946289>
[COT 2021-02-25 00:13:09] 76561198036774377: Spawned Entity VultAR DMR Mod-15 7.62x54 (TTC_ModDMR762_Base<d6dc05c0>, -1, 300) at <3758.945313, 395.347870, 15254.946289>
[COT 2021-02-25 00:14:20] 76561198036774377: Spawned Entity 7.62x54 DMR 20 round Stanag (TTC_DMR_762Stanag_20rnd<f448e330>, 1, 100) at <3758.945313, 395.347839, 15254.946289>
[COT 2021-02-25 00:14:20] 76561198036774377: Spawned Entity 7.62x54 DMR 20 round Stanag (TTC_DMR_762Stanag_20rnd<f1ac3fd0>, 1, 100) at <3758.945313, 395.347839, 15254.946289>
[COT 2021-02-25 00:14:20] 76561198036774377: Spawned Entity 7.62x54 DMR 20 round Stanag (TTC_DMR_762Stanag_20rnd<f1aa22b0>, 1, 100) at <3758.945313, 395.347839, 15254.946289>
[COT 2021-02-25 00:15:09] 76561198036774377: Spawned Entity SCAR-H Magazine (TTC_SCARHMag<ef1fee00>, 1, 100) at <3758.945313, 395.347839, 15254.946289>
[COT 2021-02-25 00:15:10] 76561198036774377: Spawned Entity SCAR-H Magazine (TTC_SCARHMag<ef202880>, 1, 100) at <3758.945313, 395.347839, 15254.946289>
[COT 2021-02-25 00:15:10] 76561198036774377: Spawned Entity SCAR-H Magazine (TTC_SCARHMag<ef203e70>, 1, 100) at <3758.945313, 395.347839, 15254.946289>
[COT 2021-02-25 00:15:11] 76561198036774377: Spawned Entity SCAR-H Magazine (TTC_SCARHMag<ef202fd0>, 1, 100) at <3758.945313, 395.347839, 15254.946289>
[COT 2021-02-25 00:15:26] 76561198036774377: Spawned Entity SCAR-L (TTC_SCARL_base<4be9bbe0>, -1, 300) at <3758.945313, 395.347839, 15254.946289>
[COT 2021-02-25 00:15:47] 76561198036774377: Spawned Entity SCAR-H (TTC_SCARH_base<4be95520>, -1, 300) at <3758.945313, 395.347839, 15254.946289>
[COT 2021-02-25 01:15:27] 76561198036774377: Set GodMode To true [guid=mBNlxASsPlOcry0dpDl8K-WgHNR5WMCMmoJ9NhpU4FY=]
[COT 2021-02-25 01:15:27] 76561198036774377: Set UnlimitedAmmo To true [guid=mBNlxASsPlOcry0dpDl8K-WgHNR5WMCMmoJ9NhpU4FY=]
[COT 2021-02-25 01:15:27] 76561198036774377: Set UnlimitedStamina To true [guid=mBNlxASsPlOcry0dpDl8K-WgHNR5WMCMmoJ9NhpU4FY=]
[COT 2021-02-25 01:18:04] 76561198036774377: Teleported to position <2971.075684, 369.555847, 6747.104004>
[COT 2021-02-25 01:18:22] 76561198036774377: Spawned Entity Defender 110 Wheel (Defender110_koleso<e6c97900>, -1, 600) at <2973.299072, 370.066223, 6749.342773>
[COT 2021-02-25 01:18:22] 76561198036774377: Spawned Entity Defender 110 Wheel (Defender110_koleso<e6c98720>, -1, 600) at <2973.299072, 370.066223, 6749.342773>
[COT 2021-02-25 01:18:22] 76561198036774377: Spawned Entity Defender 110 Wheel (Defender110_koleso<e6c99540>, -1, 600) at <2973.299072, 370.066223, 6749.342773>
[COT 2021-02-25 01:18:22] 76561198036774377: Spawned Entity Defender 110 Wheel (Defender110_koleso<e6c93260>, -1, 600) at <2973.299072, 370.066223, 6749.342773>
[COT 2021-02-25 01:18:23] 76561198036774377: Spawned Entity Defender 110 Wheel (Defender110_koleso<e6ca0d50>, -1, 600) at <2973.299072, 370.066223, 6749.342773>
[COT 2021-02-25 01:18:28] 76561198036774377: Spawned Entity Defender 110 Front left door Red (Defender110_dver_1_1<e6caafc0>, -1, 500) at <2973.299072, 370.066223, 6749.342773>
[COT 2021-02-25 01:18:29] 76561198036774377: Spawned Entity Defender 110 Front right door Red (Defender110_dver_2_1<e6caf660>, -1, 500) at <2973.299072, 370.066223, 6749.342773>
[COT 2021-02-25 01:18:30] 76561198036774377: Spawned Entity Defender 110 Rear left door Red (Defender110_dver_1_2<e6cb98d0>, -1, 500) at <2973.299072, 370.066223, 6749.342773>
[COT 2021-02-25 01:18:32] 76561198036774377: Spawned Entity Defender 110 Rear right door Red (Defender110_dver_2_2<e71c1bf0>, -1, 500) at <2973.299072, 370.066223, 6749.342773>
[COT 2021-02-25 01:18:38] 76561198036774377: Spawned Entity Defender 110 Hood Red (Defender110_kapot<fbbad000>, -1, 600) at <2973.299072, 370.066223, 6749.342773>
[COT 2021-02-25 01:18:40] 76561198036774377: Spawned Entity Defender 110 Trunk Red (Defender110_bagazhnik<fbbae530>, -1, 500) at <2973.299072, 370.066223, 6749.342773>
[COT 2021-02-25 01:18:42] 76561198036774377: Spawned Entity Land Rover Defender 110 Red (CrSk_Land_Rover_Defender_110<6c009910>, -1, 3500) at <2978.712891, 370.027252, 6747.395996>
[COT 2021-02-25 01:18:48] 76561198036774377: Spawned Entity Car Radiator (CarRadiator<e71cb750>, -1, 250) at <2973.299072, 370.372101, 6749.026855>
[COT 2021-02-25 01:18:57] 76561198036774377: Spawned Entity Spark Plug (SparkPlug<d6b9b880>, -1, 20) at <2973.299072, 370.372101, 6749.026855>
[COT 2021-02-25 01:19:05] 76561198036774377: Spawned Entity Headlight Bulb (HeadlightH7<f3e67dd0>, -1, 10) at <2973.299072, 370.372101, 6749.026855>
[COT 2021-02-25 01:19:05] 76561198036774377: Spawned Entity Headlight Bulb (HeadlightH7<ebb08db0>, -1, 10) at <2973.299072, 370.372101, 6749.026855>
[COT 2021-02-25 01:19:14] 76561198036774377: Spawned Entity Car Battery (CarBattery<45064290>, 50, 200) at <2973.299072, 370.372101, 6749.026855>
[COT 2021-02-25 01:19:24] 76561198036774377: Spawned Entity Jerrycan (CanisterGasoline<3b551b70>, 20000, 300) at <2973.299072, 370.372101, 6749.026855>
[COT 2021-02-25 01:19:24] 76561198036774377: Spawned Entity Jerrycan (CanisterGasoline<3b552a90>, 20000, 300) at <2973.299072, 370.372101, 6749.026855>
[COT 2021-02-25 01:19:24] 76561198036774377: Spawned Entity Jerrycan (CanisterGasoline<3b5539b0>, 20000, 300) at <2973.299072, 370.372101, 6749.026855>
[COT 2021-02-25 01:19:29] 76561198036774377: Spawned Entity Barrel (Barrel_Red<eb967890>, 0, 1300) at <2973.299072, 370.372101, 6749.026855>
[COT 2021-02-25 01:19:29] 76561198036774377: Spawned Entity Barrel (Barrel_Red<f5a3ff10>, 0, 1300) at <2973.299072, 370.372070, 6749.026855>
[COT 2021-02-25 01:19:34] 76561198036774377: Spawned Entity Sea Chest (SeaChest<f5a4a740>, -1, 600) at <2973.299072, 371.213196, 6749.026855>
[COT 2021-02-25 01:19:50] 76561198036774377: Deleted Entity CrSk_Land_Rover_Defender_110_Red:018949 at <2978.714111, 369.912415, 6747.029297>
[COT 2021-02-25 01:20:06] 76561198036774377: Spawned Entity Land Rover Defender 110 Red (CrSk_Land_Rover_Defender_110<6c003470>, -1, 3500) at <2976.185791, 370.026764, 6748.845215>
[COT 2021-02-25 01:24:35] 76561198036774377: Teleported to position <3723.768799, 401.422913, 6012.096680>
[COT 2021-02-25 01:29:14] 76561198036774377: Spawned Entity Beowulf .50 (TTC_Beowulf_Base<fd8378d0>, -1, 200) at <3693.505127, 402.012421, 5996.961914>
[COT 2021-02-25 01:29:17] 76561198036774377: Spawned Entity .50 Beowulf Mag (TTC_50Beo_mag<f7207450>, 1, 100) at <3693.505127, 402.012421, 5996.961914>
[COT 2021-02-25 01:32:35] 76561198036774377: Spawned Entity McMillanCS5 (CZ527_Base<4be80730>, -1, 300) at <3699.211914, 403.247742, 5996.644531>
[COT 2021-02-25 01:32:37] 76561198036774377: Spawned Entity McMillanCS5 (CZ527_Base<4be7a070>, -1, 300) at <3699.743652, 402.381287, 5993.428223>
[COT 2021-02-25 01:32:38] 76561198036774377: Spawned Entity TWP_McMillanCS5_10Rnd (Mag_CZ527_5rnd<e0961ae0>, 1, 100) at <3699.743652, 402.381287, 5993.428223>
