[COT 2021-02-18 03:41:43] 76561198036774377: Set GodMode To true [guid=mBNlxASsPlOcry0dpDl8K-WgHNR5WMCMmoJ9NhpU4FY=]
[COT 2021-02-18 03:41:43] 76561198036774377: Set UnlimitedAmmo To true [guid=mBNlxASsPlOcry0dpDl8K-WgHNR5WMCMmoJ9NhpU4FY=]
[COT 2021-02-18 03:42:27] 76561198036774377: Teleported to position <4773.274414, 354.448761, 5046.851074>
[COT 2021-02-18 03:43:06] 76561198036774377: Entered the Free Camera
[COT 2021-02-18 03:44:24] 76561198036774377: Spawned Entity Wolf (Animal_CanisLupus<5f81d3d0>, -1, 200) at <4507.601563, 246.846298, 4678.161133>
[COT 2021-02-18 03:44:27] 76561198036774377: Spawned Entity Wolf (Animal_CanisLupus<5f81dba0>, -1, 200) at <4507.229492, 247.242493, 4680.294922>
[COT 2021-02-18 03:44:29] 76561198036774377: Spawned Entity Wolf (Animal_CanisLupus<5f81e370>, -1, 200) at <4508.243652, 247.348557, 4680.335938>
[COT 2021-02-18 03:47:45] 76561198036774377: Teleported to position <6153.332520, 211.649170, 5051.737305>
[COT 2021-02-18 03:47:49] 76561198036774377: Left the Free Camera
[COT 2021-02-18 03:47:51] 76561198036774377: Entered the Free Camera
[COT 2021-02-18 03:48:33] 76561198036774377: Spawned Entity Wolf (Animal_CanisLupus<5f817de0>, -1, 200) at <5841.467773, 134.005798, 4907.518555>
[COT 2021-02-18 03:48:35] 76561198036774377: Spawned Entity Wolf (Animal_CanisLupus<5f81fae0>, -1, 200) at <5841.159180, 134.329819, 4909.062500>
[COT 2021-02-18 03:50:07] 76561198036774377: Spawned Entity Infected (ZmbF_SurvivorNormal_Base<ba990b40>, -1, 100) at <5880.433594, 134.411743, 4855.222656>
[COT 2021-02-18 03:50:08] 76561198036774377: Spawned Entity Infected (ZmbF_SurvivorNormal_Base<ba980940>, -1, 100) at <5878.752930, 134.254898, 4856.428711>
[COT 2021-02-18 03:50:10] 76561198036774377: Spawned Entity Infected (ZmbM_PolicemanFat_Base<b7d52ca0>, -1, 100) at <5876.971191, 133.969238, 4855.474609>
[COT 2021-02-18 03:50:12] 76561198036774377: Spawned Entity Infected (ZmbM_SoldierNormal_Base<b7d5d5f0>, -1, 100) at <5879.861328, 134.271698, 4851.774414>
[COT 2021-02-18 03:50:13] 76561198036774377: Spawned Entity Infected (ZmbM_usSoldier_normal_Base<b7d61e80>, -1, 100) at <5879.915527, 134.401154, 4855.772949>
[COT 2021-02-18 03:50:15] 76561198036774377: Spawned Entity Infected (ZmbM_CommercialPilotOld_Base<b7d656f0>, -1, 100) at <5876.315430, 133.895920, 4856.139648>
[COT 2021-02-18 03:50:17] 76561198036774377: Spawned Entity Infected (ZmbM_PatrolNormal_Base<b7d554f0>, -1, 100) at <5874.867676, 133.799759, 4856.799805>
[COT 2021-02-18 03:50:18] 76561198036774377: Spawned Entity Infected (ZmbM_PatrolNormal_Base<b7d67730>, -1, 100) at <5877.363770, 134.048691, 4856.302246>
[COT 2021-02-18 03:50:21] 76561198036774377: Spawned Entity Infected (ZmbM_JoggerSkinny_Base<b7d6e000>, -1, 100) at <5878.599609, 134.239624, 4856.631348>
[COT 2021-02-18 03:54:11] 76561198036774377: Spawned Entity Brick of S1 Hemp (CP_CannabisBrickS1<b5b8f530>, -1, 30) at <5850.006836, 136.525070, 4919.876953>
[COT 2021-02-18 03:54:13] 76561198036774377: Spawned Entity Brick of Black Frost Weed (CP_CannabisBrickBlackFrost<b5b95100>, -1, 30) at <5850.477539, 136.568130, 4920.215332>
[COT 2021-02-18 03:54:16] 76561198036774377: Spawned Entity Brick of Future Weed (CP_CannabisBrickFuture<b5b95810>, -1, 30) at <5850.616699, 136.552582, 4920.022461>
[COT 2021-02-18 03:54:19] 76561198036774377: Spawned Entity Brick of Purple Kush Weed (CP_CannabisBrickKush<b5b8e000>, -1, 30) at <5850.085938, 136.547440, 4919.977051>
[COT 2021-02-18 03:54:23] 76561198036774377: Spawned Entity Brick of Black Frost Weed (CP_CannabisBrickBlackFrost<b5b9de40>, -1, 30) at <5850.129395, 136.548691, 4919.987305>
[COT 2021-02-18 03:55:44] 76561198036774377: Spawned Entity Wolf (Animal_CanisLupus<5f8202b0>, -1, 200) at <5841.742676, 132.718979, 4871.368164>
[COT 2021-02-18 03:55:46] 76561198036774377: Spawned Entity Wolf (Animal_CanisLupus<5f823190>, -1, 200) at <5841.096191, 132.729584, 4871.187012>
[COT 2021-02-18 03:59:07] 76561198036774377: Teleported to position <12568.677734, 109.095100, 5131.499512>
[COT 2021-02-18 03:59:13] 76561198036774377: Left the Free Camera
[COT 2021-02-18 03:59:15] 76561198036774377: Entered the Free Camera
[COT 2021-02-18 04:00:04] 76561198036774377: Spawned Entity Wolf (Animal_CanisLupus<5f8250d0>, -1, 200) at <12761.549805, 83.659119, 4791.234375>
[COT 2021-02-18 04:00:06] 76561198036774377: Spawned Entity Wolf (Animal_CanisLupus<5f81bc60>, -1, 200) at <12757.480469, 83.628380, 4794.133789>
[COT 2021-02-18 04:00:07] 76561198036774377: Spawned Entity Wolf (Animal_CanisLupus<5f8202b0>, -1, 200) at <12758.348633, 83.562996, 4798.344727>
[COT 2021-02-18 04:01:36] 76561198036774377: Spawned Entity Infected (ZmbF_ParamedicNormal_Base<b28a3a20>, -1, 100) at <13480.167969, 5.676250, 4915.384766>
[COT 2021-02-18 04:01:38] 76561198036774377: Spawned Entity Infected (ZmbF_ParamedicNormal_Base<b28a8ac0>, -1, 100) at <13476.416016, 5.695624, 4916.009766>
[COT 2021-02-18 04:01:40] 76561198036774377: Spawned Entity Infected (ZmbM_HikerSkinny_Base<b28a82b0>, -1, 100) at <13473.529297, 5.689194, 4914.486328>
[COT 2021-02-18 04:01:42] 76561198036774377: Spawned Entity Infected (ZmbM_HikerSkinny_Base<b289b920>, -1, 100) at <13472.641602, 5.673132, 4912.531738>
[COT 2021-02-18 04:01:45] 76561198036774377: Spawned Entity Infected (ZmbM_HikerSkinny_Base<b28aeb80>, -1, 100) at <13472.524414, 5.682372, 4913.485840>
[COT 2021-02-18 04:01:47] 76561198036774377: Spawned Entity Infected (ZmbF_HikerSkinny_Base<b28aab00>, -1, 100) at <13473.073242, 5.649607, 4910.119629>
[COT 2021-02-18 04:01:48] 76561198036774377: Spawned Entity Infected (ZmbF_HikerSkinny_Base<b28ad350>, -1, 100) at <13470.181641, 5.666592, 4911.115234>
[COT 2021-02-18 04:01:50] 76561198036774377: Spawned Entity Infected (ZmbM_HunterOld_Base<b28abb20>, -1, 100) at <13470.722656, 5.690130, 4913.789551>
[COT 2021-02-18 04:01:52] 76561198036774377: Spawned Entity Infected (ZmbF_SurvivorNormal_Base<b28af390>, -1, 100) at <13468.548828, 5.677318, 4911.590332>
[COT 2021-02-18 04:01:54] 76561198036774377: Spawned Entity Infected (ZmbF_SurvivorNormal_Base<b28a4230>, -1, 100) at <13477.451172, 5.602767, 4906.357910>
[COT 2021-02-18 04:01:56] 76561198036774377: Spawned Entity Infected (ZmbF_PoliceWomanNormal_Base<b28b84b0>, -1, 100) at <13470.127930, 5.698611, 4914.530762>
[COT 2021-02-18 04:01:58] 76561198036774377: Spawned Entity Infected (ZmbM_usSoldier_normal_Base<b2896880>, -1, 100) at <13467.607422, 5.729708, 4916.805664>
[COT 2021-02-18 04:02:00] 76561198036774377: Spawned Entity Infected (ZmbM_CommercialPilotOld_Base<b28b3c20>, -1, 100) at <13468.648438, 5.746130, 4919.006348>
[COT 2021-02-18 04:02:03] 76561198036774377: Spawned Entity Infected (ZmbM_PatrolNormal_Base<b28bbd20>, -1, 100) at <13471.193359, 5.742953, 4919.585449>
[COT 2021-02-18 04:02:05] 76561198036774377: Spawned Entity Infected (ZmbM_JoggerSkinny_Base<b28b4430>, -1, 100) at <13471.291992, 7.466818, 4919.332520>
[COT 2021-02-18 04:02:07] 76561198036774377: Spawned Entity Infected (ZmbF_JoggerSkinny_Base<b28bcd40>, -1, 100) at <13473.768555, 5.705650, 4916.325195>
[COT 2021-02-18 04:02:30] 76561198036774377: Spawned Entity Wolf (Animal_CanisLupus<5f8221f0>, -1, 200) at <13335.731445, 6.000002, 5450.651367>
[COT 2021-02-18 04:03:35] 76561198036774377: Left the Free Camera
[COT 2021-02-18 04:03:48] 76561198036774377: Bleeding stopped [guid=mBNlxASsPlOcry0dpDl8K-WgHNR5WMCMmoJ9NhpU4FY=]
[COT 2021-02-18 04:03:50] 76561198036774377: Bleeding stopped [guid=mBNlxASsPlOcry0dpDl8K-WgHNR5WMCMmoJ9NhpU4FY=]
[COT 2021-02-18 04:03:57] 76561198036774377: Healed [guid=mBNlxASsPlOcry0dpDl8K-WgHNR5WMCMmoJ9NhpU4FY=]
[COT 2021-02-18 04:08:18] 76561198036774377: Set UnlimitedStamina To true [guid=mBNlxASsPlOcry0dpDl8K-WgHNR5WMCMmoJ9NhpU4FY=]
[COT 2021-02-18 04:08:41] 76561198036774377: Teleported to position <6919.738281, 312.727600, 4909.687500>
[COT 2021-02-18 04:08:45] 76561198036774377: Entered the Free Camera
[COT 2021-02-18 04:09:14] 76561198036774377: Spawned Entity Buck (Animal_CapraHircus<5f823960>, -1, 120) at <6620.370605, 375.167725, 5586.264648>
[COT 2021-02-18 04:09:15] 76561198036774377: Spawned Entity Buck (Animal_CapraHircus<5f827010>, -1, 120) at <6621.536133, 374.867676, 5586.876953>
[COT 2021-02-18 04:09:16] 76561198036774377: Spawned Entity Buck (Animal_CapraHircus<5f8277e0>, -1, 120) at <6624.445313, 374.116638, 5584.538086>
[COT 2021-02-18 04:09:18] 76561198036774377: Spawned Entity Buck (Animal_CapraHircus<5f826840>, -1, 120) at <6622.892578, 374.515259, 5587.910156>
[COT 2021-02-18 04:10:11] 76561198036774377: Spawned Entity Infected (ZmbM_usSoldier_normal_Base<b0521610>, -1, 100) at <6653.013184, 360.079651, 5642.949219>
[COT 2021-02-18 04:10:12] 76561198036774377: Spawned Entity Infected (ZmbM_usSoldier_normal_Base<b04fa130>, -1, 100) at <6653.697266, 359.957703, 5642.791992>
[COT 2021-02-18 04:10:14] 76561198036774377: Spawned Entity Infected (ZmbM_usSoldier_normal_Base<b0531000>, -1, 100) at <6653.403320, 359.563934, 5644.875000>
[COT 2021-02-18 04:10:15] 76561198036774377: Spawned Entity Infected (ZmbM_usSoldier_normal_Base<b04fb960>, -1, 100) at <6654.478516, 359.595428, 5643.618652>
[COT 2021-02-18 04:10:17] 76561198036774377: Spawned Entity Infected (ZmbM_usSoldier_normal_Base<b04fc980>, -1, 100) at <6654.070313, 361.444122, 5641.530762>
[COT 2021-02-18 04:11:12] 76561198036774377: Spawned Entity Infected (ZmbM_HikerSkinny_Base<aa873070>, -1, 100) at <6534.629883, 390.014648, 5618.931152>
[COT 2021-02-18 04:11:14] 76561198036774377: Spawned Entity Infected (ZmbM_HikerSkinny_Base<aa8758c0>, -1, 100) at <6534.150391, 389.914032, 5618.913086>
[COT 2021-02-18 04:11:16] 76561198036774377: Spawned Entity Infected (ZmbF_HikerSkinny_Base<aa881230>, -1, 100) at <6534.363281, 390.157104, 5619.426270>
[COT 2021-02-18 04:11:18] 76561198036774377: Spawned Entity Infected (ZmbM_HunterOld_Base<aa883a80>, -1, 100) at <6532.776367, 389.609833, 5618.903320>
[COT 2021-02-18 04:11:20] 76561198036774377: Spawned Entity Infected (ZmbM_HunterOld_Base<aa888310>, -1, 100) at <6532.243164, 389.395691, 5619.253418>
[COT 2021-02-18 04:11:21] 76561198036774377: Spawned Entity Infected (ZmbF_SurvivorNormal_Base<aa8964d0>, -1, 100) at <6532.982422, 388.956940, 5620.782227>
[COT 2021-02-18 04:11:24] 76561198036774377: Spawned Entity Infected (ZmbM_PolicemanFat_Base<aa887b00>, -1, 100) at <6533.640625, 388.669098, 5621.952148>
[COT 2021-02-18 04:12:42] 76561198036774377: Bleeding stopped [guid=OAdpPkJP2Ps_W7h2ttR1bK23ekHCzrxw0mDT3zqLMdU=]
[COT 2021-02-18 04:17:37] 76561198036774377: Set GodMode To true [guid=mBNlxASsPlOcry0dpDl8K-WgHNR5WMCMmoJ9NhpU4FY=]
[COT 2021-02-18 04:17:37] 76561198036774377: Set UnlimitedAmmo To true [guid=mBNlxASsPlOcry0dpDl8K-WgHNR5WMCMmoJ9NhpU4FY=]
[COT 2021-02-18 04:17:37] 76561198036774377: Set UnlimitedStamina To true [guid=mBNlxASsPlOcry0dpDl8K-WgHNR5WMCMmoJ9NhpU4FY=]
[COT 2021-02-18 04:17:51] 76561198036774377: Spawned Entity Rooster (Animal_GallusGallusDomesticus<5f81eb40>, -1, 15) at <6552.720215, 412.439240, 5601.333984>
[COT 2021-02-18 04:18:12] 76561198036774377: Teleported to position <5104.477539, 94.346886, 3246.538574>
[COT 2021-02-18 04:19:01] 76561198036774377: Teleported to position <3726.546387, 401.628326, 6010.454590>
[COT 2021-02-18 04:21:01] 76561198036774377: Spawned Entity Jeans (Jeans_Blue<6afe59d0>, -1, 100) at <3698.148193, 402.379822, 5989.175293>
[COT 2021-02-18 04:21:10] 76561198036774377: Spawned Entity T-Shirt (TShirt_ColorBase<5e21a720>, -1, 100) at <3698.148193, 402.379822, 5989.175293>
[COT 2021-02-18 04:21:23] 76561198036774377: Spawned Entity MVS Canteen - Black (Canteen<6e5d3140>, 1000, 100) at <3698.148193, 402.379822, 5989.175293>
[COT 2021-02-18 04:21:39] 76561198036774377: Spawned Entity MVS Medical Pouch - Multicam Black (MVS_Pouch_Base<747b5890>, -1, 100) at <3698.148193, 402.379822, 5989.175293>
[COT 2021-02-18 04:21:55] 76561198036774377: Spawned Entity MVS Radio Pack - Multicam Black (MountainBag_ColorBase<71b3a080>, -1, 300) at <3698.148193, 402.379822, 5989.175293>
[COT 2021-02-18 04:21:56] 76561198036774377: Spawned Entity MVS Military Radio (BaseRadio<62f49ae0>, -1, 100) at <3698.148193, 402.379822, 5989.175293>
[COT 2021-02-18 04:22:13] 76561198036774377: Spawned Entity MVS Holster - Multicam Black (PlateCarrierHolster<6557a6d0>, -1, 100) at <3698.148193, 402.379822, 5989.175293>
[COT 2021-02-18 04:22:18] 76561198036774377: Spawned Entity MVS Combat Belt - Multicam Black (Modular_Belt_Base<72ddab70>, -1, 100) at <3698.148193, 402.379822, 5989.175293>
[COT 2021-02-18 04:22:22] 76561198036774377: Spawned Entity MVS Sheath - Black (Clothing<72dfb2a0>, -1, 100) at <3698.148193, 402.379822, 5989.175293>
[COT 2021-02-18 04:22:34] 76561198036774377: Spawned Entity MVS Beard 02 - Black (BalaclavaMask_ColorBase<6a34d0f0>, -1, 100) at <3698.148193, 402.379822, 5989.175293>
[COT 2021-02-18 04:22:39] 76561198036774377: Spawned Entity MVS Patrol Cap - Multicam Black (Clothing<6a359db0>, -1, 100) at <3698.148193, 402.379822, 5989.175293>
[COT 2021-02-18 04:22:45] 76561198036774377: Spawned Entity MVS Comtacs - Black (BalaclavaMask_ColorBase<71658210>, -1, 100) at <3698.148193, 402.379822, 5989.175293>
[COT 2021-02-18 04:23:56] 76561198036774377: Spawned Entity joint (joint_mung<63211480>, 100, 100) at <3698.148193, 402.379822, 5989.175293>
[COT 2021-02-18 04:24:03] 76561198036774377: Spawned Entity Canned Bacon (TacticalBaconCan<6ad55390>, -1, 100) at <3698.148193, 402.379822, 5989.175293>
[COT 2021-02-18 04:24:08] 76561198036774377: Spawned Entity SAK (SAK_Mung<758f8b90>, -1, 200) at <3698.148193, 402.379822, 5989.175293>
[COT 2021-02-18 04:24:14] 76561198036774377: Spawned Entity Zippo lighter (Zippo_new<6295bd80>, 80, 100) at <3698.148193, 402.379822, 5989.175293>
[COT 2021-02-18 04:24:37] 76561198036774377: Spawned Entity MVS Molle Panel - Multicam Black (MVS_Pouch_Base<5f1fd0f0>, -1, 100) at <3698.148193, 402.379822, 5989.175293>
[COT 2021-02-18 04:24:42] 76561198036774377: Spawned Entity MVS Raid Pouch - Black (Modular_Pouch_Base_Taco<75bc4d80>, -1, 100) at <3698.148193, 402.379822, 5989.175293>
[COT 2021-02-18 04:24:49] 76561198036774377: Spawned Entity MVS Admin Pouch - Multicam Black (MVS_Pouch_Base<75b9d8f0>, -1, 100) at <3698.148193, 402.379822, 5989.175293>
[COT 2021-02-18 04:25:23] 76561198036774377: Spawned Entity Classic Glasses (ThickFramesGlasses<6df33e70>, -1, 50) at <3698.148193, 402.379822, 5989.175293>
[COT 2021-02-18 04:25:34] 76561198036774377: Spawned Entity Sneakers (Sneakers_Black<64f1cef0>, -1, 30) at <3698.148193, 402.379822, 5989.175293>
[COT 2021-02-18 04:25:42] 76561198036774377: Spawned Entity Working Gloves (WorkingGloves_Black<75838250>, -1, 50) at <3698.148193, 402.379822, 5989.175293>
[COT 2021-02-18 04:26:23] 76561198036774377: Spawned Entity GlockZapper (Glock19_Base<701ae560>, -1, 150) at <3698.148193, 402.379822, 5989.175293>
[COT 2021-02-18 04:26:29] 76561198036774377: Spawned Entity Glock18Weasel (Glock19_Base<701d9260>, -1, 150) at <3698.148193, 402.379822, 5989.175293>
[COT 2021-02-18 04:26:35] 76561198036774377: Spawned Entity Glock18Weasel_mag_17Rnd (Mag_Glock_15Rnd<711539e0>, 1, 150) at <3698.148193, 402.379822, 5989.175293>
[COT 2021-02-18 04:26:35] 76561198036774377: Spawned Entity Glock18Weasel_mag_17Rnd (Mag_Glock_15Rnd<71154fd0>, 1, 150) at <3698.148193, 402.379822, 5989.175293>
[COT 2021-02-18 04:26:42] 76561198036774377: Spawned Entity GlockZapper_mag_15Rnd (Mag_Glock_15Rnd<6bfb84f0>, 1, 150) at <3698.148193, 402.379822, 5989.175293>
[COT 2021-02-18 04:26:42] 76561198036774377: Spawned Entity GlockZapper_mag_15Rnd (Mag_Glock_15Rnd<6bfb3480>, 1, 150) at <3698.148193, 402.379822, 5989.175293>
[COT 2021-02-18 04:27:39] 76561198036774377: Spawned Entity Toxic cure (ToxicCure<763ccdf0>, 1, 100) at <3698.148193, 402.379822, 5989.175293>
[COT 2021-02-18 04:27:40] 76561198036774377: Spawned Entity Toxic cure (ToxicCure<763da8e0>, 1, 100) at <3698.148193, 402.379822, 5989.175293>
[COT 2021-02-18 04:27:46] 76561198036774377: Spawned Entity Bandage (BandageDressing<763daff0>, 4, 50) at <3698.148193, 402.379822, 5989.175293>
[COT 2021-02-18 04:27:57] 76561198036774377: Spawned Entity Chlorine Tablets (PurificationTablets<64d0c6a0>, 10, 30) at <3698.148193, 402.379822, 5989.175293>
[COT 2021-02-18 04:28:04] 76561198036774377: Spawned Entity Tetracycline Pills (TetracyclineAntibiotics<71654ee0>, 12, 30) at <3698.148193, 402.379822, 5989.175293>
[COT 2021-02-18 04:28:12] 76561198036774377: Spawned Entity Multivitamin Pills (VitaminBottle<71652300>, 50, 50) at <3698.148193, 402.379822, 5989.175293>
[COT 2021-02-18 04:28:41] 76561198036774377: Spawned Entity Mossberg500 (Mp133Shotgun_Base<a69ba190>, -1, 200) at <3698.148193, 402.379822, 5989.175293>
[COT 2021-02-18 04:28:51] 76561198036774377: Spawned Entity TODO (Box_Base<6deac4f0>, -1, 100) at <3698.148193, 402.379822, 5989.175293>
[COT 2021-02-18 04:29:13] 76561198036774377: Spawned Entity 12ga Rubber Slugs (Ammunition_Base<67608660>, 1, 100) at <3698.148193, 402.379822, 5989.175293>
[COT 2021-02-18 04:29:15] 76561198036774377: Spawned Entity TODO (Ammunition_Base<67626900>, 1, 100) at <3698.148193, 402.379822, 5989.175293>
[COT 2021-02-18 04:29:16] 76561198036774377: Spawned Entity 12ga Rifled Slugs (Ammo_12gaSlug<6ad6e5c0>, 1, 100) at <3698.148193, 402.379822, 5989.175293>
[COT 2021-02-18 04:29:17] 76561198036774377: Spawned Entity 12ga 00 Buckshots (Ammo_12gaPellets<64a9b820>, 1, 100) at <3698.148193, 402.379822, 5989.175293>
[COT 2021-02-18 04:29:42] 76561198036774377: Spawned Entity Remington700 (Mosin9130_Base<ac605e40>, -1, 250) at <3698.148193, 402.379822, 5989.175293>
[COT 2021-02-18 04:29:51] 76561198036774377: Spawned Entity Boxed .308 WIN Tracer Rounds (Box_Base<6a8a0ee0>, -1, 100) at <3698.148193, 402.379822, 5989.175293>
[COT 2021-02-18 04:29:52] 76561198036774377: Spawned Entity Boxed .308 WIN Tracer Rounds (Box_Base<73790960>, -1, 100) at <3698.148193, 402.379822, 5989.175293>
[COT 2021-02-18 04:30:43] 76561198036774377: Healed [guid=mBNlxASsPlOcry0dpDl8K-WgHNR5WMCMmoJ9NhpU4FY=]
[COT 2021-02-18 04:30:43] 76561198036774377: Healed [guid=mBNlxASsPlOcry0dpDl8K-WgHNR5WMCMmoJ9NhpU4FY=]
[COT 2021-02-18 04:32:31] 76561198036774377: Spawned Entity Identifier Patch - ADMIN (Clothing<6e4d9da0>, -1, 100) at <3697.307373, 402.379486, 5989.013672>
[COT 2021-02-18 04:32:31] 76561198036774377: Spawned Entity Identifier Patch - ADMIN (Clothing<6e4dee10>, -1, 100) at <3697.307373, 402.379486, 5989.013672>
[COT 2021-02-18 04:32:40] 76561198036774377: Spawned Entity Identifier Patch - Weyland-Yutani Corp (Clothing<6c4e8c60>, -1, 100) at <3697.307373, 402.379486, 5989.013672>
[COT 2021-02-18 04:32:40] 76561198036774377: Spawned Entity Identifier Patch - Weyland-Yutani Corp (Clothing<6c4fe410>, -1, 100) at <3697.307373, 402.379486, 5989.013672>
[COT 2021-02-18 04:33:26] 76561198036774377: Spawned Entity Leupold Mark5 (ItemOptics<5f82d220>, -1, 100) at <3701.051025, 402.381287, 5991.457031>
[COT 2021-02-18 04:34:15] 76561198036774377: Spawned Entity M16_Bayonet (M9A1_Bayonet<6fc207a0>, -1, 150) at <3701.051025, 402.381287, 5991.457031>
[COT 2021-02-18 04:34:36] 76561198036774377: Spawned Entity 8-M4 Flashbang
 (FlashGrenade<76002b80>, -1, 20) at <3701.051025, 402.381287, 5991.457031>
[COT 2021-02-18 04:34:41] 76561198036774377: Spawned Entity Glow Stick (Chemlight_White<6e76f510>, 100, 20) at <3701.051025, 402.381287, 5991.457031>
[COT 2021-02-18 04:34:41] 76561198036774377: Spawned Entity Glow Stick (Chemlight_White<6e78c910>, 100, 20) at <3701.051025, 402.381287, 5991.457031>
[COT 2021-02-18 04:34:50] 76561198036774377: Spawned Entity Maglite (Flashlight<7330bbd0>, -1, 70) at <3701.051025, 402.381287, 5991.457031>
[COT 2021-02-18 04:34:55] 76561198036774377: Spawned Entity 9V Battery (Battery9V<73324e60>, 50, 20) at <3701.051025, 402.381287, 5991.457031>
[COT 2021-02-18 04:36:05] 76561198036774377: Spawned Entity Screwdriver (Screwdriver<b434db00>, -1, 100) at <3701.051025, 402.381287, 5991.457031>
[COT 2021-02-18 04:36:14] 76561198036774377: Spawned Entity Lock Pick (Lockpick<6fbe9be0>, -1, 125) at <3701.051025, 402.381287, 5991.457031>
[COT 2021-02-18 04:36:21] 76561198036774377: Spawned Entity Pliers (Pliers<6fbf5380>, -1, 100) at <3701.051025, 402.381287, 5991.457031>
[COT 2021-02-18 04:36:54] 76561198036774377: Spawned Entity Hunting Knife (HuntingKnife<763a6070>, -1, 130) at <3701.051025, 402.381287, 5991.457031>
[COT 2021-02-18 04:38:56] 76561198036774377: Spawned Entity GP5GasMask Filter (GP5GasMask_Filter<71abc320>, 45, 100) at <3700.724609, 402.380829, 5989.824707>
[COT 2021-02-18 04:39:16] 76561198036774377: Spawned Entity MAG3 gasmask (GasMask<6e131d90>, -1, 100) at <3700.724609, 402.380829, 5989.824707>
[COT 2021-02-18 04:42:24] 76561198036774377: Entered the Free Camera
[COT 2021-02-18 04:45:00] 76561198036774377: Left the Free Camera
[COT 2021-02-18 04:46:04] 76561198036774377: Spawned Entity 100 Ruble Note (ItemBase<b5b9d020>, 200, 100) at <3697.351074, 402.379181, 5987.431641>
[COT 2021-02-18 04:53:58] 76561198036774377: Spawned Entity shovel (Shovel<763c8750>, -1, 200) at <3680.924561, 402.012451, 5986.208984>
