[COT 2021-03-13 18:18:18] 76561198036774377: Set GodMode To true [guid=mBNlxASsPlOcry0dpDl8K-WgHNR5WMCMmoJ9NhpU4FY=]
[COT 2021-03-13 18:18:18] 76561198036774377: Set UnlimitedAmmo To true [guid=mBNlxASsPlOcry0dpDl8K-WgHNR5WMCMmoJ9NhpU4FY=]
[COT 2021-03-13 18:18:18] 76561198036774377: Set UnlimitedStamina To true [guid=mBNlxASsPlOcry0dpDl8K-WgHNR5WMCMmoJ9NhpU4FY=]
[COT 2021-03-13 18:18:31] 76561198036774377: Teleported to position <3051.418213, 362.221649, 6546.364746>
[COT 2021-03-13 18:18:55] 76561198036774377: Entered the Free Camera
[COT 2021-03-13 18:19:20] 76561198036774377: Spawned Entity Brown Bear (Animal_UrsusArctos<ff235720>, -1, 800) at <3032.801514, 369.531830, 6771.112793>
[COT 2021-03-13 18:19:22] 76561198036774377: Spawned Entity Brown Bear (Animal_UrsusArctos<ff2366c0>, -1, 800) at <3035.835938, 369.745239, 6771.142578>
[COT 2021-03-13 18:19:23] 76561198036774377: Spawned Entity Brown Bear (Animal_UrsusArctos<ff237e30>, -1, 800) at <3038.084473, 369.923981, 6771.341797>
[COT 2021-03-13 18:20:43] 76561198036774377: Spawned Entity Infected (ZmbM_usSoldier_normal_Base<ddd95960>, -1, 100) at <2994.475830, 369.369659, 6774.193359>
[COT 2021-03-13 18:20:44] 76561198036774377: Spawned Entity Infected (ZmbM_usSoldier_normal_Base<ddd93920>, -1, 100) at <2994.475830, 369.369659, 6774.193359>
[COT 2021-03-13 18:20:44] 76561198036774377: Spawned Entity Infected (ZmbM_usSoldier_normal_Base<ddd8e880>, -1, 100) at <2994.475830, 369.369659, 6774.193359>
[COT 2021-03-13 18:20:45] 76561198036774377: Spawned Entity Infected (ZmbM_usSoldier_normal_Base<ddd94130>, -1, 100) at <2996.778076, 369.326630, 6774.063477>
[COT 2021-03-13 18:20:45] 76561198036774377: Spawned Entity Infected (ZmbM_usSoldier_normal_Base<ddd94940>, -1, 100) at <2996.778076, 369.326630, 6774.063477>
[COT 2021-03-13 18:20:45] 76561198036774377: Spawned Entity Infected (ZmbM_usSoldier_normal_Base<ddd900b0>, -1, 100) at <2996.778076, 369.326630, 6774.063477>
[COT 2021-03-13 18:20:47] 76561198036774377: Spawned Entity Infected (ZmbM_usSoldier_normal_Base<ddd95150>, -1, 100) at <2995.360596, 369.307373, 6769.189453>
[COT 2021-03-13 18:20:47] 76561198036774377: Spawned Entity Infected (ZmbM_usSoldier_normal_Base<ddd92900>, -1, 100) at <2995.360596, 369.307373, 6769.189453>
[COT 2021-03-13 18:20:47] 76561198036774377: Spawned Entity Infected (ZmbM_usSoldier_normal_Base<ddd8e070>, -1, 100) at <2995.360596, 369.307373, 6769.189453>
[COT 2021-03-13 18:20:49] 76561198036774377: Spawned Entity Infected (ZmbM_usSoldier_normal_Base<ddd96980>, -1, 100) at <2992.615479, 369.318665, 6772.050781>
[COT 2021-03-13 18:20:49] 76561198036774377: Spawned Entity Infected (ZmbM_usSoldier_normal_Base<ddd908c0>, -1, 100) at <2992.615479, 369.318665, 6772.050781>
[COT 2021-03-13 18:20:49] 76561198036774377: Spawned Entity Infected (ZmbM_usSoldier_normal_Base<ddd8f090>, -1, 100) at <2992.615479, 369.318665, 6772.050781>
[COT 2021-03-13 18:20:51] 76561198036774377: Spawned Entity Infected (ZmbM_usSoldier_normal_Base<ddd97190>, -1, 100) at <2995.302979, 371.062286, 6775.116699>
[COT 2021-03-13 18:20:51] 76561198036774377: Spawned Entity Infected (ZmbM_usSoldier_normal_Base<ddd8f8a0>, -1, 100) at <2995.306396, 371.052826, 6775.104980>
[COT 2021-03-13 18:20:51] 76561198036774377: Spawned Entity Infected (ZmbM_usSoldier_normal_Base<ddd979a0>, -1, 100) at <2995.306152, 371.054108, 6775.106445>
[COT 2021-03-13 18:20:53] 76561198036774377: Spawned Entity Infected (ZmbM_usSoldier_normal_Base<ddd981b0>, -1, 100) at <2993.258789, 369.509766, 6776.707031>
[COT 2021-03-13 18:20:53] 76561198036774377: Spawned Entity Infected (ZmbM_usSoldier_normal_Base<ddd989c0>, -1, 100) at <2993.318604, 370.046875, 6777.015137>
[COT 2021-03-13 18:20:53] 76561198036774377: Spawned Entity Infected (ZmbM_usSoldier_normal_Base<ddd910d0>, -1, 100) at <2993.378418, 370.583954, 6777.323242>
[COT 2021-03-13 18:20:53] 76561198036774377: Spawned Entity Infected (ZmbM_usSoldier_normal_Base<ddd9e270>, -1, 100) at <2993.438232, 371.121063, 6777.631348>
[COT 2021-03-13 18:20:55] 76561198036774377: Spawned Entity Infected (ZmbM_usSoldier_normal_Base<ddd9ca40>, -1, 100) at <3003.874512, 369.173584, 6778.834473>
[COT 2021-03-13 18:20:55] 76561198036774377: Spawned Entity Infected (ZmbM_usSoldier_normal_Base<ddd9ea80>, -1, 100) at <3003.874512, 369.173584, 6778.834473>
[COT 2021-03-13 18:20:55] 76561198036774377: Spawned Entity Infected (ZmbM_usSoldier_normal_Base<ddda0ac0>, -1, 100) at <3003.874512, 369.173584, 6778.834473>
[COT 2021-03-13 18:20:55] 76561198036774377: Spawned Entity Infected (ZmbM_usSoldier_normal_Base<ddd991d0>, -1, 100) at <3003.874512, 369.173584, 6778.834473>
[COT 2021-03-13 18:22:14] 76561198036774377: Spawned Entity Infected (ZmbM_SoldierNormal_Base<dddabc20>, -1, 100) at <2991.301270, 369.097565, 6708.168945>
[COT 2021-03-13 18:22:15] 76561198036774377: Spawned Entity Infected (ZmbM_SoldierNormal_Base<ddda4330>, -1, 100) at <2991.301270, 369.097565, 6708.168945>
[COT 2021-03-13 18:22:16] 76561198036774377: Spawned Entity Infected (ZmbM_SoldierNormal_Base<dddac430>, -1, 100) at <2992.528320, 369.144684, 6709.444336>
[COT 2021-03-13 18:22:16] 76561198036774377: Spawned Entity Infected (ZmbM_SoldierNormal_Base<ddda4b40>, -1, 100) at <2992.528320, 369.144684, 6709.444336>
[COT 2021-03-13 18:22:17] 76561198036774377: Spawned Entity Infected (ZmbM_SoldierNormal_Base<dddacc40>, -1, 100) at <2988.416748, 369.185394, 6712.267090>
[COT 2021-03-13 18:22:17] 76561198036774377: Spawned Entity Infected (ZmbM_SoldierNormal_Base<dddb5550>, -1, 100) at <2988.416748, 369.185394, 6712.267090>
[COT 2021-03-13 18:22:19] 76561198036774377: Spawned Entity Infected (ZmbM_SoldierNormal_Base<dddb5d60>, -1, 100) at <2996.521729, 369.199127, 6709.874023>
[COT 2021-03-13 18:22:19] 76561198036774377: Spawned Entity Infected (ZmbM_SoldierNormal_Base<dddae470>, -1, 100) at <2996.521729, 369.199127, 6709.874023>
[COT 2021-03-13 18:22:21] 76561198036774377: Spawned Entity Infected (ZmbM_SoldierNormal_Base<dddb7590>, -1, 100) at <2993.914307, 369.244080, 6712.622559>
[COT 2021-03-13 18:22:21] 76561198036774377: Spawned Entity Infected (ZmbM_SoldierNormal_Base<dddb7da0>, -1, 100) at <2993.914307, 369.244080, 6712.622559>
[COT 2021-03-13 18:22:22] 76561198036774377: Spawned Entity Infected (ZmbM_SoldierNormal_Base<dddb85b0>, -1, 100) at <3000.231689, 369.119965, 6705.313477>
[COT 2021-03-13 18:22:22] 76561198036774377: Spawned Entity Infected (ZmbM_SoldierNormal_Base<dddbd650>, -1, 100) at <3000.231689, 369.119965, 6705.313477>
[COT 2021-03-13 18:22:24] 76561198036774377: Spawned Entity Infected (ZmbM_SoldierNormal_Base<dddb8dc0>, -1, 100) at <2996.265381, 369.089172, 6705.856934>
[COT 2021-03-13 18:22:24] 76561198036774377: Spawned Entity Infected (ZmbM_SoldierNormal_Base<dddc0ec0>, -1, 100) at <2996.063232, 370.132538, 6705.614258>
[COT 2021-03-13 18:22:28] 76561198036774377: Spawned Entity Infected (ZmbM_SoldierNormal_Base<dddbc630>, -1, 100) at <2992.909180, 369.033234, 6705.296875>
[COT 2021-03-13 18:22:29] 76561198036774377: Spawned Entity Infected (ZmbM_SoldierNormal_Base<dddb95d0>, -1, 100) at <2993.206787, 369.854492, 6705.183594>
[COT 2021-03-13 18:22:30] 76561198036774377: Spawned Entity Infected (ZmbM_SoldierNormal_Base<dddbb610>, -1, 100) at <2990.786377, 369.019806, 6705.749512>
[COT 2021-03-13 18:22:30] 76561198036774377: Spawned Entity Infected (ZmbM_SoldierNormal_Base<dddb9de0>, -1, 100) at <2991.088379, 369.444580, 6705.659668>
[COT 2021-03-13 18:22:32] 76561198036774377: Spawned Entity Infected (ZmbM_usSoldier_normal_Base<dddc16d0>, -1, 100) at <2990.120850, 369.073120, 6707.690430>
[COT 2021-03-13 18:22:32] 76561198036774377: Spawned Entity Infected (ZmbM_usSoldier_normal_Base<dddbce40>, -1, 100) at <2990.120850, 369.073120, 6707.690430>
[COT 2021-03-13 18:22:33] 76561198036774377: Spawned Entity Infected (ZmbM_usSoldier_normal_Base<dddc1ee0>, -1, 100) at <2993.030029, 369.097260, 6707.531738>
[COT 2021-03-13 18:22:33] 76561198036774377: Spawned Entity Infected (ZmbM_usSoldier_normal_Base<dddba5f0>, -1, 100) at <2993.205811, 369.605072, 6707.271484>
[COT 2021-03-13 18:22:35] 76561198036774377: Spawned Entity Infected (ZmbM_usSoldier_normal_Base<dddc2f00>, -1, 100) at <2989.985840, 369.160156, 6710.843262>
[COT 2021-03-13 18:22:35] 76561198036774377: Spawned Entity Infected (ZmbM_usSoldier_normal_Base<dddbe670>, -1, 100) at <2989.985840, 369.160156, 6710.843262>
[COT 2021-03-13 18:22:37] 76561198036774377: Spawned Entity Infected (ZmbM_usSoldier_normal_Base<dddc26f0>, -1, 100) at <2994.688721, 369.198029, 6710.439453>
[COT 2021-03-13 18:22:37] 76561198036774377: Spawned Entity Infected (ZmbM_usSoldier_normal_Base<dddbee80>, -1, 100) at <2994.688721, 369.198029, 6710.439453>
[COT 2021-03-13 18:22:39] 76561198036774377: Spawned Entity Infected (ZmbM_usSoldier_normal_Base<dddbbe20>, -1, 100) at <2995.137939, 369.031738, 6704.446289>
[COT 2021-03-13 18:22:39] 76561198036774377: Spawned Entity Infected (ZmbM_usSoldier_normal_Base<dddc3f20>, -1, 100) at <2995.127686, 370.841187, 6704.451172>
[COT 2021-03-13 18:23:09] 76561198036774377: Spawned Entity Rooster (Animal_GallusGallusDomesticus<ff232840>, -1, 15) at <2999.239502, 369.464935, 6720.844727>
[COT 2021-03-13 18:23:42] 76561198036774377: Teleported to position <3722.912842, 401.276031, 6014.251953>
[COT 2021-03-13 18:23:47] 76561198036774377: Left the Free Camera
