[COT 2021-01-30 16:06:11] 76561198036774377: Set GodMode To true [guid=mBNlxASsPlOcry0dpDl8K-WgHNR5WMCMmoJ9NhpU4FY=]
[COT 2021-01-30 16:06:11] 76561198036774377: Set UnlimitedAmmo To true [guid=mBNlxASsPlOcry0dpDl8K-WgHNR5WMCMmoJ9NhpU4FY=]
[COT 2021-01-30 16:12:33] 76561198036774377: Teleported [guid=P8mkPyurjmIdooQCUKzGFfIvP4ct8cIqE5iwxoEFulw=] to <3713.231934, 402.012390, 5997.653320>
[COT 2021-01-30 16:14:29] 76561198036774377: Spawned Entity 100 Ruble Note (ItemBase<460982b0>, 500, 100) at <3700.171143, 402.012390, 5989.321289>
[COT 2021-01-30 16:17:16] 76561198036774377: Spawned Entity Night Vision Goggles (NVGoggles<37910d70>, -1, 100) at <3696.824707, 402.012390, 5986.701172>
[COT 2021-01-30 16:17:23] 76561198036774377: Spawned Entity 9V Battery (Battery9V<bd7b2a30>, 50, 20) at <3696.824707, 402.012390, 5986.701172>
[COT 2021-01-30 16:18:01] 76561198036774377: Spawned Entity MVS High Cut Helmet - Multicam Black (Mich2001Helmet<aabfde20>, -1, 50) at <3696.824707, 402.012390, 5986.701172>
[COT 2021-01-30 16:18:14] 76561198036774377: Spawned Entity MVS Country Flag - United Kingdom (Clothing<aac09cd0>, -1, 100) at <3696.824707, 402.012390, 5986.701172>
[COT 2021-01-30 16:43:41] 76561198036774377: Spawned Entity AAC Honey Badger .300BLK Black (TTC_AACHoney300blk_Base<45f61050>, -1, 200) at <3697.735107, 402.012451, 5985.355957>
[COT 2021-01-30 16:43:43] 76561198036774377: Spawned Entity Honey Badger Suppressor (TTC_Honey_Suppressor<b9b43280>, -1, 100) at <3697.735107, 402.012451, 5985.355957>
[COT 2021-01-30 16:43:44] 76561198036774377: Spawned Entity AAC Honey Badger Buttstock (TTC_Buttstock_Honey<b9b530c0>, -1, 200) at <3697.735107, 402.012451, 5985.355957>
[COT 2021-01-30 16:43:50] 76561198036774377: Spawned Entity ATOG Scope (ACOGOptic<3792a5d0>, -1, 50) at <3697.735107, 402.012451, 5985.355957>
[COT 2021-01-30 16:44:02] 76561198036774377: Spawned Entity .300BLK CMag (TTC_300Cmag<37ab3620>, 1, 100) at <3697.735107, 402.012451, 5985.355957>
[COT 2021-01-30 16:44:03] 76561198036774377: Spawned Entity .300BLK CMag (TTC_300Cmag<37ab70a0>, 1, 100) at <3697.735107, 402.012451, 5985.355957>
[COT 2021-01-30 16:54:45] 76561198036774377: Healed [guid=P8mkPyurjmIdooQCUKzGFfIvP4ct8cIqE5iwxoEFulw=]
[COT 2021-01-30 16:54:46] 76561198036774377: Healed [guid=P8mkPyurjmIdooQCUKzGFfIvP4ct8cIqE5iwxoEFulw=]
[COT 2021-01-30 16:55:20] 76561198036774377: Set GodMode To true [guid=mBNlxASsPlOcry0dpDl8K-WgHNR5WMCMmoJ9NhpU4FY=]
[COT 2021-01-30 16:55:20] 76561198036774377: Set UnlimitedAmmo To true [guid=mBNlxASsPlOcry0dpDl8K-WgHNR5WMCMmoJ9NhpU4FY=]
[COT 2021-01-30 16:55:21] 76561198036774377: Healed [guid=mBNlxASsPlOcry0dpDl8K-WgHNR5WMCMmoJ9NhpU4FY=]
[COT 2021-01-30 16:56:45] 76561198036774377: Spawned Entity MVS Patrol Cap - Black (Clothing<b99a17a0>, -1, 100) at <3699.202881, 402.012421, 5989.505859>
[COT 2021-01-30 16:56:55] 76561198036774377: Spawned Entity Identifier Patch - Weyland-Yutani Corp (Clothing<bb5ba9d0>, -1, 100) at <3699.202881, 402.012421, 5989.505859>
[COT 2021-01-30 16:56:57] 76561198036774377: Spawned Entity Identifier Patch - ADMIN (Clothing<bb5a6c00>, -1, 100) at <3699.202881, 402.012421, 5989.505859>
[COT 2021-01-30 16:59:03] 76561198036774377: Spawned Entity MVS Combat Pack - Black (MountainBag_ColorBase<baeb5c50>, -1, 300) at <3696.422363, 402.012329, 5986.265137>
[COT 2021-01-30 16:59:44] 76561198036774377: Spawned Entity Glock 18 (Glock19_Base<45f35ac0>, -1, 175) at <3696.422363, 402.012329, 5986.265137>
[COT 2021-01-30 16:59:46] 76561198036774377: Spawned Entity 15rd Mlock-91 Mag (Mag_Glock_15Rnd<485b1d50>, 1, 100) at <3696.422363, 402.012329, 5986.265137>
[COT 2021-01-30 17:00:20] 76561198036774377: Teleported to position <10019.875977, 51.512089, 2469.205566>
[COT 2021-01-30 17:00:25] 76561198036774377: Teleported [guid=P8mkPyurjmIdooQCUKzGFfIvP4ct8cIqE5iwxoEFulw=] to <10019.875977, 51.512085, 2469.205566>
[COT 2021-01-30 17:00:28] 76561198036774377: Teleported [guid=P8mkPyurjmIdooQCUKzGFfIvP4ct8cIqE5iwxoEFulw=] to <10020.061523, 51.511330, 2469.492188>
[COT 2021-01-30 17:00:28] 76561198036774377: Teleported [guid=2F0CAgGW9HH-E5ETC8sPTGOwnqfe36WUw8O65-VXWnE=] to <10020.061523, 51.511330, 2469.492188>
