[COT 2021-01-27 05:05:44] 76561198036774377: Spawned Entity M3S Covered (Truck_01_Covered<1b4bb250>, -1, 1500) at <10112.494141, 62.998444, 13895.982422>
[COT 2021-01-27 05:07:31] 76561198036774377: Spawned Entity Headlight Bulb (HeadlightH7<b37e3370>, -1, 10) at <10115.929688, 62.998421, 13893.322266>
[COT 2021-01-27 05:07:32] 76561198036774377: Spawned Entity Headlight Bulb (HeadlightH7<b9b141e0>, -1, 10) at <10115.929688, 62.998421, 13893.322266>
[COT 2021-01-27 05:07:46] 76561198036774377: Spawned Entity Jerrycan (CanisterGasoline<1199f7e0>, 20000, 300) at <10115.929688, 62.998421, 13893.322266>
[COT 2021-01-27 05:07:47] 76561198036774377: Spawned Entity Jerrycan (CanisterGasoline<119a3460>, 20000, 300) at <10115.929688, 62.998421, 13893.322266>
[COT 2021-01-27 05:07:54] 76561198036774377: Spawned Entity Barrel (Barrel_Blue<1065ed00>, 0, 1300) at <10115.929688, 62.998421, 13893.322266>
[COT 2021-01-27 05:08:41] 76561198036774377: Spawned Entity M3S Wheel (Truck_01_Wheel<27f7c570>, -1, 200) at <10114.998047, 62.998428, 13892.916016>
[COT 2021-01-27 05:08:43] 76561198036774377: Spawned Entity M3S Dual Wheel (Truck_01_WheelDouble<27f78cf0>, -1, 400) at <10114.998047, 62.998428, 13892.916016>
[COT 2021-01-27 05:08:53] 76561198036774377: Spawned Entity Barrel (Barrel_Blue<af8e2650>, 0, 1300) at <10114.998047, 63.574451, 13892.916016>
[COT 2021-01-27 05:08:54] 76561198036774377: Spawned Entity Barrel (Barrel_Blue<af8eb140>, 0, 1300) at <10115.034180, 63.480679, 13893.496094>
[COT 2021-01-27 05:08:55] 76561198036774377: Spawned Entity Barrel (Barrel_Blue<af0af1a0>, 0, 1300) at <10115.034180, 64.321838, 13893.496094>
[COT 2021-01-27 05:08:56] 76561198036774377: Spawned Entity Barrel (Barrel_Blue<bfc793b0>, 0, 1300) at <10115.342773, 62.998398, 13895.072266>
[COT 2021-01-27 05:10:53] 76561198036774377: Spawned Entity Wooden Crate (WoodenCrate<27f5bad0>, -1, 400) at <10115.021484, 62.998428, 13893.862305>
[COT 2021-01-27 05:10:53] 76561198036774377: Spawned Entity Wooden Crate (WoodenCrate<27f64100>, -1, 400) at <10115.021484, 62.998428, 13893.862305>
[COT 2021-01-27 05:10:54] 76561198036774377: Spawned Entity Wooden Crate (WoodenCrate<27f65d40>, -1, 400) at <10115.021484, 62.998428, 13893.862305>
[COT 2021-01-27 05:10:54] 76561198036774377: Spawned Entity Wooden Crate (WoodenCrate<27f6aaf0>, -1, 400) at <10115.021484, 62.998428, 13893.862305>
[COT 2021-01-27 05:11:34] 76561198036774377: Spawned Entity Sheet Metal (MetalPlate<b9e3df20>, 10, 100) at <10115.569336, 62.998421, 13893.418945>
[COT 2021-01-27 05:11:35] 76561198036774377: Spawned Entity Sheet Metal (MetalPlate<c11f80c0>, 10, 100) at <10115.569336, 62.998421, 13893.418945>
[COT 2021-01-27 05:11:36] 76561198036774377: Spawned Entity Sheet Metal (MetalPlate<c11e34d0>, 10, 100) at <10115.569336, 62.998421, 13893.418945>
[COT 2021-01-27 05:11:36] 76561198036774377: Spawned Entity Sheet Metal (MetalPlate<c40d9e20>, 10, 100) at <10115.569336, 62.998421, 13893.418945>
[COT 2021-01-27 05:12:03] 76561198036774377: Spawned Entity Plank (WoodenPlank<a9dc8790>, 10, 100) at <10115.569336, 62.998421, 13893.418945>
[COT 2021-01-27 05:12:04] 76561198036774377: Spawned Entity Plank (WoodenPlank<a9db0a30>, 10, 100) at <10115.569336, 62.998421, 13893.418945>
[COT 2021-01-27 05:12:04] 76561198036774377: Spawned Entity Plank (WoodenPlank<b332cad0>, 10, 100) at <10115.569336, 62.998421, 13893.418945>
[COT 2021-01-27 05:12:05] 76561198036774377: Spawned Entity Plank (WoodenPlank<b5754f50>, 10, 100) at <10115.569336, 62.998421, 13893.418945>
[COT 2021-01-27 05:12:05] 76561198036774377: Spawned Entity Plank (WoodenPlank<c295ba60>, 10, 100) at <10115.569336, 62.998421, 13893.418945>
[COT 2021-01-27 05:12:08] 76561198036774377: Spawned Entity Wooden log (WoodenLog<17ae63a0>, 1, 500) at <10115.569336, 62.998421, 13893.418945>
[COT 2021-01-27 05:12:08] 76561198036774377: Spawned Entity Wooden log (WoodenLog<c243d3b0>, 1, 500) at <10115.569336, 62.998421, 13893.418945>
[COT 2021-01-27 05:12:09] 76561198036774377: Spawned Entity Wooden log (WoodenLog<b1679ba0>, 1, 500) at <10115.569336, 62.998421, 13893.418945>
[COT 2021-01-27 05:12:09] 76561198036774377: Spawned Entity Wooden log (WoodenLog<53dd3950>, 1, 500) at <10115.569336, 62.998421, 13893.418945>
[COT 2021-01-27 05:12:10] 76561198036774377: Spawned Entity Wooden log (WoodenLog<bf0ff3e0>, 1, 500) at <10115.569336, 62.998421, 13893.418945>
[COT 2021-01-27 05:12:11] 76561198036774377: Spawned Entity Wooden log (WoodenLog<bf128bc0>, 1, 500) at <10115.569336, 62.998421, 13893.418945>
[COT 2021-01-27 05:12:11] 76561198036774377: Spawned Entity Wooden log (WoodenLog<c2417b60>, 1, 500) at <10115.569336, 62.998421, 13893.418945>
[COT 2021-01-27 05:12:11] 76561198036774377: Spawned Entity Wooden log (WoodenLog<b14d80b0>, 1, 500) at <10115.569336, 62.998421, 13893.418945>
[COT 2021-01-27 05:12:12] 76561198036774377: Spawned Entity Wooden log (WoodenLog<bfbb8d40>, 1, 500) at <10115.569336, 62.998421, 13893.418945>
[COT 2021-01-27 05:12:12] 76561198036774377: Spawned Entity Wooden log (WoodenLog<af881710>, 1, 500) at <10115.569336, 62.998421, 13893.418945>
[COT 2021-01-27 05:13:11] 76561198036774377: Entered the Free Camera
[COT 2021-01-27 05:13:30] 76561198036774377: Spawned Entity Infected (ZmbM_HikerSkinny_Base<391beb70>, -1, 100) at <10082.782227, 62.947220, 13960.022461>
[COT 2021-01-27 05:13:32] 76561198036774377: Spawned Entity Infected (ZmbM_HunterOld_Base<391bcb30>, -1, 100) at <10083.665039, 62.950207, 13959.158203>
[COT 2021-01-27 05:13:34] 76561198036774377: Spawned Entity Infected (ZmbF_SurvivorNormal_Base<391c23e0>, -1, 100) at <10085.057617, 62.950207, 13958.666016>
[COT 2021-01-27 05:13:37] 76561198036774377: Spawned Entity Infected (ZmbF_SurvivorNormal_Base<391c1bd0>, -1, 100) at <10082.638672, 62.950207, 13957.246094>
[COT 2021-01-27 05:13:39] 76561198036774377: Spawned Entity Infected (ZmbF_HikerSkinny_Base<391bf380>, -1, 100) at <10084.754883, 62.950207, 13957.817383>
[COT 2021-01-27 05:13:41] 76561198036774377: Spawned Entity Infected (ZmbF_HikerSkinny_Base<391ad140>, -1, 100) at <10085.918945, 62.950207, 13957.863281>
[COT 2021-01-27 05:13:43] 76561198036774377: Spawned Entity Infected (ZmbF_SurvivorNormal_Base<391ba2e0>, -1, 100) at <10085.918945, 62.950207, 13957.863281>
[COT 2021-01-27 05:13:46] 76561198036774377: Spawned Entity Infected (ZmbM_SoldierNormal_Base<391bfb90>, -1, 100) at <10083.426758, 62.950207, 13956.166016>
[COT 2021-01-27 05:13:48] 76561198036774377: Spawned Entity Infected (ZmbM_CommercialPilotOld_Base<391c2bf0>, -1, 100) at <10084.055664, 62.950207, 13956.532227>
[COT 2021-01-27 05:13:50] 76561198036774377: Spawned Entity Infected (ZmbM_PatrolNormal_Base<391c5440>, -1, 100) at <10086.022461, 62.950207, 13957.012695>
[COT 2021-01-27 05:13:52] 76561198036774377: Spawned Entity Infected (ZmbF_JoggerSkinny_Base<391c4c30>, -1, 100) at <10087.576172, 62.950207, 13956.041992>
[COT 2021-01-27 05:13:54] 76561198036774377: Spawned Entity Infected (ZmbM_MotobikerFat_Base<391c4420>, -1, 100) at <10083.338867, 62.950207, 13956.310547>
[COT 2021-01-27 05:13:57] 76561198036774377: Spawned Entity Infected (ZmbM_VillagerOld_Base<391c3c10>, -1, 100) at <10085.185547, 62.950207, 13956.399414>
[COT 2021-01-27 05:13:59] 76561198036774377: Spawned Entity Infected (ZmbF_SkaterYoung_Base<1804cc00>, -1, 100) at <10087.085938, 62.950207, 13956.829102>
[COT 2021-01-27 05:14:02] 76561198036774377: Spawned Entity Infected (ZmbF_BlueCollarFat_Base<391e6050>, -1, 100) at <10083.849609, 62.950207, 13956.187500>
[COT 2021-01-27 05:14:03] 76561198036774377: Spawned Entity Infected (ZmbF_MechanicNormal_Base<13da7290>, -1, 100) at <10082.918945, 62.950207, 13954.997070>
[COT 2021-01-27 05:14:06] 76561198036774377: Spawned Entity Infected (ZmbM_ConstrWorkerNormal_Base<391ddf50>, -1, 100) at <10084.590820, 62.950207, 13956.004883>
[COT 2021-01-27 05:14:38] 76561198036774377: Spawned Entity Brown Bear (Animal_UrsusArctos<27d5df70>, -1, 800) at <10107.921875, 62.998444, 13898.058594>
[COT 2021-01-27 05:14:41] 76561198036774377: Spawned Entity Brown Bear (Animal_UrsusArctos<27d62d90>, -1, 800) at <10106.069336, 62.953197, 13905.021484>
[COT 2021-01-27 05:14:54] 76561198036774377: Teleported to position <10049.416016, 68.325684, 14028.693359>
[COT 2021-01-27 05:14:57] 76561198036774377: Left the Free Camera
[COT 2021-01-27 05:16:15] 76561198036774377: Set GodMode To true [guid=mBNlxASsPlOcry0dpDl8K-WgHNR5WMCMmoJ9NhpU4FY=]
[COT 2021-01-27 05:16:15] 76561198036774377: Set UnlimitedAmmo To true [guid=mBNlxASsPlOcry0dpDl8K-WgHNR5WMCMmoJ9NhpU4FY=]
[COT 2021-01-27 05:16:27] 76561198036774377: Teleported to position <9988.335938, 111.884056, 14113.603516>
[COT 2021-01-27 05:16:44] 76561198036774377: Entered the Free Camera
[COT 2021-01-27 05:17:34] 76561198036774377: Left the Free Camera
[COT 2021-01-27 05:17:35] 76561198036774377: Entered the Free Camera
[COT 2021-01-27 05:17:50] 76561198036774377: Spawned Entity Infected (ZmbM_MotobikerFat_Base<47b01900>, -1, 100) at <10069.559570, 62.944271, 13992.851563>
[COT 2021-01-27 05:17:52] 76561198036774377: Spawned Entity Infected (ZmbM_SkaterYoung_Base<47b31f00>, -1, 100) at <10069.839844, 62.944271, 13991.646484>
[COT 2021-01-27 05:17:54] 76561198036774377: Spawned Entity Infected (ZmbF_DoctorSkinny_Base<47b05980>, -1, 100) at <10070.885742, 62.944271, 13990.477539>
[COT 2021-01-27 05:17:56] 76561198036774377: Spawned Entity Infected (ZmbF_BlueCollarFat_Base<47b2d670>, -1, 100) at <10071.639648, 62.944271, 13988.961914>
[COT 2021-01-27 05:17:58] 76561198036774377: Spawned Entity Infected (ZmbF_MechanicNormal_Base<47b081d0>, -1, 100) at <10072.707031, 62.944271, 13986.702148>
[COT 2021-01-27 05:17:59] 76561198036774377: Spawned Entity Infected (ZmbF_MechanicNormal_Base<47b06190>, -1, 100) at <10071.317383, 62.944271, 13989.049805>
[COT 2021-01-27 05:18:01] 76561198036774377: Spawned Entity Infected (ZmbM_MechanicSkinny_Base<47b2ce60>, -1, 100) at <10070.789063, 62.944271, 13991.024414>
[COT 2021-01-27 05:18:03] 76561198036774377: Spawned Entity Infected (ZmbM_ConstrWorkerNormal_Base<47b0ca60>, -1, 100) at <10071.921875, 62.944271, 13988.242188>
[COT 2021-01-27 05:18:05] 76561198036774377: Spawned Entity Infected (ZmbM_OffshoreWorker_Base<47b0d270>, -1, 100) at <10072.136719, 62.944275, 13985.980469>
[COT 2021-01-27 05:18:07] 76561198036774377: Spawned Entity Infected (ZmbF_NurseFat_Base<47b0e290>, -1, 100) at <10070.742188, 63.974751, 13988.618164>
[COT 2021-01-27 05:18:10] 76561198036774377: Spawned Entity Infected (ZmbM_HandymanNormal_Base<47b0aa20>, -1, 100) at <10071.239258, 62.944271, 13985.118164>
[COT 2021-01-27 05:18:12] 76561198036774377: Spawned Entity Infected (ZmbM_DoctorFat_Base<47b112f0>, -1, 100) at <10071.953125, 62.944271, 13988.376953>
[COT 2021-01-27 05:18:15] 76561198036774377: Spawned Entity Infected (ZmbM_Jacket_Base<47b04150>, -1, 100) at <10071.665039, 62.944271, 13992.958984>
[COT 2021-01-27 05:18:17] 76561198036774377: Spawned Entity Infected (ZmbM_Jacket_Base<47b0f2b0>, -1, 100) at <10071.665039, 62.944271, 13992.958984>
[COT 2021-01-27 05:18:19] 76561198036774377: Spawned Entity Infected (ZmbM_Jacket_Base<47b0fac0>, -1, 100) at <10067.075195, 62.944271, 13994.625977>
[COT 2021-01-27 05:18:21] 76561198036774377: Spawned Entity Infected (ZmbF_ShortSkirt_Base<47b14350>, -1, 100) at <10066.572266, 62.944271, 13991.956055>
[COT 2021-01-27 05:18:23] 76561198036774377: Spawned Entity Infected (ZmbF_ShortSkirt_Base<47b2e690>, -1, 100) at <10069.167969, 62.944271, 13993.457031>
[COT 2021-01-27 05:18:26] 76561198036774377: Spawned Entity Infected (ZmbF_ShortSkirt_Base<47b0a210>, -1, 100) at <10071.972656, 62.944271, 13991.942383>
[COT 2021-01-27 05:18:30] 76561198036774377: Spawned Entity Infected (ZmbF_ShortSkirt_Base<47b15370>, -1, 100) at <10075.209961, 62.944271, 13979.129883>
[COT 2021-01-27 05:18:34] 76561198036774377: Spawned Entity Brown Bear (Animal_UrsusArctos<27d6c200>, -1, 800) at <10075.209961, 62.944271, 13979.129883>
[COT 2021-01-27 05:19:51] 76561198036774377: Left the Free Camera
[COT 2021-01-27 05:21:13] 76561198036774377: Set GodMode To false [guid=mBNlxASsPlOcry0dpDl8K-WgHNR5WMCMmoJ9NhpU4FY=]
[COT 2021-01-27 05:21:13] 76561198036774377: Set UnlimitedAmmo To false [guid=mBNlxASsPlOcry0dpDl8K-WgHNR5WMCMmoJ9NhpU4FY=]
[COT 2021-01-27 05:21:44] 76561198036774377: Entered the Free Camera
[COT 2021-01-27 05:21:51] 76561198036774377: Set GodMode To true [guid=mBNlxASsPlOcry0dpDl8K-WgHNR5WMCMmoJ9NhpU4FY=]
[COT 2021-01-27 05:21:51] 76561198036774377: Set UnlimitedAmmo To true [guid=mBNlxASsPlOcry0dpDl8K-WgHNR5WMCMmoJ9NhpU4FY=]
[COT 2021-01-27 05:22:02] 76561198036774377: Teleported to position <10025.946289, 117.005661, 14146.818359>
[COT 2021-01-27 05:22:06] 76561198036774377: Left the Free Camera
[COT 2021-01-27 05:22:09] 76561198036774377: Entered the Free Camera
