[COT 2021-03-10 02:48:12] 76561198036774377: Set GodMode To true [guid=mBNlxASsPlOcry0dpDl8K-WgHNR5WMCMmoJ9NhpU4FY=]
[COT 2021-03-10 02:48:12] 76561198036774377: Set UnlimitedAmmo To true [guid=mBNlxASsPlOcry0dpDl8K-WgHNR5WMCMmoJ9NhpU4FY=]
[COT 2021-03-10 02:48:12] 76561198036774377: Set UnlimitedStamina To true [guid=mBNlxASsPlOcry0dpDl8K-WgHNR5WMCMmoJ9NhpU4FY=]
[COT 2021-03-10 02:48:22] 76561198036774377: Entered the Free Camera
[COT 2021-03-10 05:01:34] 76561198036774377: Left the Free Camera
[COT 2021-03-10 05:01:45] 76561198036774377: Entered the Free Camera
[COT 2021-03-10 05:02:08] 76561198036774377: Left the Free Camera
[COT 2021-03-10 05:02:44] 76561198036774377: Spawned Entity Tier 3 Wall Kit (BBP_T3_WallKit<780a53f0>, -1, 100) at <3219.244873, 297.386749, 6092.707520>
[COT 2021-03-10 05:02:51] 76561198036774377: Spawned Entity Wooden log (WoodenLog<7e589e80>, 1, 500) at <3219.244873, 297.386749, 6092.707520>
[COT 2021-03-10 05:02:51] 76561198036774377: Spawned Entity Wooden log (WoodenLog<7e568cd0>, 1, 500) at <3219.244873, 297.386749, 6092.707520>
[COT 2021-03-10 05:02:52] 76561198036774377: Spawned Entity Wooden log (WoodenLog<784872f0>, 1, 500) at <3219.244873, 297.386749, 6092.707520>
[COT 2021-03-10 05:02:52] 76561198036774377: Spawned Entity Wooden log (WoodenLog<6ac4aab0>, 1, 500) at <3219.244873, 297.386749, 6092.707520>
[COT 2021-03-10 05:02:52] 76561198036774377: Spawned Entity Wooden log (WoodenLog<70bf9730>, 1, 500) at <3219.244873, 297.386749, 6092.707520>
[COT 2021-03-10 05:02:53] 76561198036774377: Spawned Entity Wooden log (WoodenLog<7b527650>, 1, 500) at <3219.244873, 297.386749, 6092.707520>
[COT 2021-03-10 05:03:00] 76561198036774377: Spawned Entity Nails (Nail<57e88420>, 70, 80) at <3219.244873, 297.386749, 6092.707520>
[COT 2021-03-10 05:03:01] 76561198036774377: Spawned Entity Nails (Nail<57e5fa60>, 70, 80) at <3219.244873, 297.386749, 6092.707520>
[COT 2021-03-10 05:03:01] 76561198036774377: Spawned Entity Nails (Nail<57e59780>, 70, 80) at <3219.244873, 297.386749, 6092.707520>
[COT 2021-03-10 05:03:01] 76561198036774377: Spawned Entity Nails (Nail<57e72a10>, 70, 80) at <3219.244873, 297.386749, 6092.707520>
[COT 2021-03-10 05:03:08] 76561198036774377: Spawned Entity Plank (WoodenPlank<7e148780>, 10, 100) at <3219.244873, 297.386749, 6092.707520>
[COT 2021-03-10 05:03:08] 76561198036774377: Spawned Entity Plank (WoodenPlank<7e15a200>, 10, 100) at <3219.244873, 297.386749, 6092.707520>
[COT 2021-03-10 05:03:09] 76561198036774377: Spawned Entity Plank (WoodenPlank<5afdaab0>, 10, 100) at <3219.244873, 297.386749, 6092.707520>
[COT 2021-03-10 05:03:09] 76561198036774377: Spawned Entity Plank (WoodenPlank<5afdc6f0>, 10, 100) at <3219.244873, 297.386749, 6092.707520>
[COT 2021-03-10 05:03:10] 76561198036774377: Spawned Entity Plank (WoodenPlank<77d607f0>, 10, 100) at <3219.244873, 297.386749, 6092.707520>
[COT 2021-03-10 05:03:20] 76561198036774377: Spawned Entity Sheet Metal (MetalPlate<7c4b2c60>, 10, 100) at <3219.244873, 297.386749, 6092.707520>
[COT 2021-03-10 05:03:21] 76561198036774377: Spawned Entity Sheet Metal (MetalPlate<7de9ea70>, 10, 100) at <3219.244873, 297.386749, 6092.707520>
[COT 2021-03-10 05:08:57] 76561198036774377: Spawned Entity Clawhammer (Clawhammer_mung<4df6d9e0>, -1, 100) at <3215.840576, 297.403473, 6094.955078>
[COT 2021-03-10 05:09:15] 76561198036774377: Spawned Entity Mortar Mix (BBP_Mortar_Mix<69f6aef0>, 1, 100) at <3215.840576, 297.403473, 6094.955078>
[COT 2021-03-10 05:09:15] 76561198036774377: Spawned Entity Mortar Mix (BBP_Mortar_Mix<69f6d950>, 1, 100) at <3215.840576, 297.403473, 6094.955078>
[COT 2021-03-10 05:09:15] 76561198036774377: Spawned Entity Mortar Mix (BBP_Mortar_Mix<7894bba0>, 1, 100) at <3215.840576, 297.403473, 6094.955078>
[COT 2021-03-10 05:09:15] 76561198036774377: Spawned Entity Mortar Mix (BBP_Mortar_Mix<78947500>, 1, 100) at <3215.840576, 297.403473, 6094.955078>
[COT 2021-03-10 05:09:29] 76561198036774377: Spawned Entity Concrete Bricks (BBP_Concrete_Brick_Pile<753cf9b0>, 1, 400) at <3215.840576, 297.403473, 6094.955078>
[COT 2021-03-10 05:09:29] 76561198036774377: Spawned Entity Concrete Bricks (BBP_Concrete_Brick_Pile<753b6010>, 1, 400) at <3215.840576, 297.403473, 6094.955078>
[COT 2021-03-10 05:09:29] 76561198036774377: Spawned Entity Concrete Bricks (BBP_Concrete_Brick_Pile<70bf9020>, 1, 400) at <3215.840576, 297.403473, 6094.955078>
[COT 2021-03-10 05:09:29] 76561198036774377: Spawned Entity Concrete Bricks (BBP_Concrete_Brick_Pile<70bf9730>, 1, 400) at <3215.840576, 297.403473, 6094.955078>
[COT 2021-03-10 05:09:30] 76561198036774377: Spawned Entity Concrete Bricks (BBP_Concrete_Brick_Pile<7240a3d0>, 1, 400) at <3215.840576, 297.403473, 6094.955078>
[COT 2021-03-10 05:10:14] 76561198036774377: Spawned Entity Shovel (Shovel<6f007bd0>, -1, 200) at <3215.840576, 297.403473, 6094.955078>
[COT 2021-03-10 05:12:11] 76561198036774377: Spawned Entity Clawhammer (Clawhammer_mung<70beedb0>, -1, 100) at <3214.641846, 297.363525, 6095.965332>
[COT 2021-03-10 05:12:12] 76561198036774377: Spawned Entity Clawhammer (Clawhammer_mung<70bf9730>, -1, 100) at <3214.229980, 297.363525, 6095.644531>
[COT 2021-03-10 05:12:13] 76561198036774377: Spawned Entity Clawhammer (Clawhammer_mung<753cf9b0>, -1, 100) at <3214.646240, 297.363525, 6095.287598>
[COT 2021-03-10 05:12:15] 76561198036774377: Spawned Entity Clawhammer (Clawhammer_mung<753dc680>, -1, 100) at <3216.105469, 297.363525, 6096.523438>
[COT 2021-03-10 05:12:16] 76561198036774377: Spawned Entity Clawhammer (Clawhammer_mung<753dd4a0>, -1, 100) at <3215.277100, 297.363525, 6096.587891>
[COT 2021-03-10 05:12:18] 76561198036774377: Spawned Entity Clawhammer (Clawhammer_mung<753b6010>, -1, 100) at <3215.027832, 298.127808, 6095.984375>
[COT 2021-03-10 05:12:19] 76561198036774377: Spawned Entity Clawhammer (Clawhammer_mung<7bb57d00>, -1, 100) at <3214.881592, 297.363525, 6095.233887>
[COT 2021-03-10 05:12:21] 76561198036774377: Spawned Entity Clawhammer (Clawhammer_mung<7bb59940>, -1, 100) at <3214.888428, 297.363525, 6094.825684>
[COT 2021-03-10 05:12:28] 76561198036774377: Spawned Entity Sledgehammer (SledgeHammer<6d3a8e60>, -1, 300) at <3214.964355, 297.388092, 6095.426270>
[COT 2021-03-10 05:12:29] 76561198036774377: Spawned Entity Sledgehammer (SledgeHammer<57e687a0>, -1, 300) at <3214.956787, 298.152374, 6096.030762>
[COT 2021-03-10 05:12:31] 76561198036774377: Spawned Entity Sledgehammer (SledgeHammer<77d9ac30>, -1, 300) at <3215.361328, 297.363525, 6094.682617>
[COT 2021-03-10 05:12:32] 76561198036774377: Spawned Entity Sledgehammer (SledgeHammer<70525490>, -1, 300) at <3214.038574, 297.363525, 6095.418457>
[COT 2021-03-10 05:12:33] 76561198036774377: Spawned Entity Sledgehammer (SledgeHammer<70525ba0>, -1, 300) at <3214.687012, 297.363525, 6096.235840>
[COT 2021-03-10 05:12:35] 76561198036774377: Spawned Entity Sledgehammer (SledgeHammer<65f3f0a0>, -1, 300) at <3215.232178, 297.363525, 6096.731934>
[COT 2021-03-10 05:12:36] 76561198036774377: Spawned Entity Sledgehammer (SledgeHammer<65f38dc0>, -1, 300) at <3216.233643, 297.363525, 6095.992188>
[COT 2021-03-10 05:12:38] 76561198036774377: Spawned Entity Sledgehammer (SledgeHammer<68875cd0>, -1, 300) at <3214.367920, 297.363525, 6094.878418>
[COT 2021-03-10 05:12:44] 76561198036774377: Spawned Entity Boxed Nails (NailBox<6887f830>, -1, 80) at <3214.367920, 297.363525, 6094.878418>
[COT 2021-03-10 05:12:45] 76561198036774377: Spawned Entity Boxed Nails (NailBox<57e64100>, -1, 80) at <3214.956787, 297.388092, 6094.619141>
[COT 2021-03-10 05:12:47] 76561198036774377: Spawned Entity Boxed Nails (NailBox<70c1a1d0>, -1, 80) at <3215.128174, 298.127808, 6095.699219>
[COT 2021-03-10 05:12:48] 76561198036774377: Spawned Entity Boxed Nails (NailBox<58784210>, -1, 80) at <3216.490479, 297.363525, 6096.885254>
[COT 2021-03-10 05:12:50] 76561198036774377: Spawned Entity Boxed Nails (NailBox<708fc350>, -1, 80) at <3215.702393, 297.363525, 6097.107422>
[COT 2021-03-10 05:12:51] 76561198036774377: Spawned Entity Boxed Nails (NailBox<70912470>, -1, 80) at <3215.195313, 297.363525, 6097.189453>
[COT 2021-03-10 05:12:53] 76561198036774377: Spawned Entity Boxed Nails (NailBox<626c4b10>, -1, 80) at <3214.632813, 297.363525, 6096.369629>
[COT 2021-03-10 05:12:55] 76561198036774377: Spawned Entity Boxed Nails (NailBox<7660ab80>, -1, 80) at <3213.355957, 297.363525, 6095.846191>
[COT 2021-03-10 05:12:56] 76561198036774377: Spawned Entity Boxed Nails (NailBox<7661a2b0>, -1, 80) at <3213.281250, 297.363525, 6095.214844>
[COT 2021-03-10 05:12:57] 76561198036774377: Spawned Entity Boxed Nails (NailBox<76618670>, -1, 80) at <3213.629395, 297.363525, 6094.480469>
[COT 2021-03-10 05:12:59] 76561198036774377: Spawned Entity Boxed Nails (NailBox<766228e0>, -1, 80) at <3214.524170, 297.363525, 6097.578125>
[COT 2021-03-10 05:13:01] 76561198036774377: Spawned Entity Boxed Nails (NailBox<7661b7e0>, -1, 80) at <3214.936768, 297.388092, 6095.354004>
[COT 2021-03-10 05:13:03] 76561198036774377: Spawned Entity Boxed Nails (NailBox<766299e0>, -1, 80) at <3215.432373, 297.363525, 6095.002930>
[COT 2021-03-10 05:13:04] 76561198036774377: Spawned Entity Boxed Nails (NailBox<7662a0f0>, -1, 80) at <3214.088135, 297.363525, 6094.520508>
[COT 2021-03-10 05:13:06] 76561198036774377: Spawned Entity Boxed Nails (NailBox<7662c440>, -1, 80) at <3216.420898, 297.363525, 6096.652832>
[COT 2021-03-10 05:13:08] 76561198036774377: Spawned Entity Boxed Nails (NailBox<765eee90>, -1, 80) at <3215.349609, 297.363525, 6098.602539>
[COT 2021-03-10 05:13:09] 76561198036774377: Spawned Entity Boxed Nails (NailBox<52b51050>, -1, 80) at <3215.154541, 297.363525, 6098.162109>
[COT 2021-03-10 05:13:42] 76561198036774377: Entered the Free Camera
[COT 2021-03-10 05:15:56] 76561198036774377: Left the Free Camera
[COT 2021-03-10 05:15:57] 76561198036774377: Entered the Free Camera
[COT 2021-03-10 05:15:59] 76561198036774377: Left the Free Camera
[COT 2021-03-10 05:16:10] 76561198036774377: Spawned Entity Flare (AirdropFlare<7e3c4920>, 20, 100) at <3214.412109, 297.403473, 6096.097656>
[COT 2021-03-10 05:16:10] 76561198036774377: Spawned Entity Flare (AirdropFlare<7e3ca3e0>, 20, 100) at <3214.412109, 297.403473, 6096.097656>
[COT 2021-03-10 05:16:11] 76561198036774377: Spawned Entity Flare (AirdropFlare<7e3c5840>, 20, 100) at <3214.412109, 297.403473, 6096.097656>
[COT 2021-03-10 05:17:08] 76561198036774377: Entered the Free Camera
[COT 2021-03-10 05:17:50] 76561198036774377: Left the Free Camera
[COT 2021-03-10 05:18:10] 76561198036774377: Entered the Free Camera
[COT 2021-03-10 05:20:08] 76561198036774377: Left the Free Camera
[COT 2021-03-10 05:20:18] 76561198036774377: Entered the Free Camera
[COT 2021-03-10 05:27:29] 76561198036774377: Spawned Entity Sledgehammer (SledgeHammer<7d9baa60>, -1, 300) at <3218.347168, 296.946503, 6087.993164>
[COT 2021-03-10 05:27:30] 76561198036774377: Spawned Entity Sledgehammer (SledgeHammer<7d9b3250>, -1, 300) at <3218.589600, 296.947571, 6088.224609>
[COT 2021-03-10 05:27:32] 76561198036774377: Spawned Entity Sledgehammer (SledgeHammer<7d9bb880>, -1, 300) at <3218.516602, 296.954376, 6088.682617>
[COT 2021-03-10 05:27:33] 76561198036774377: Spawned Entity Sledgehammer (SledgeHammer<7d9ca190>, -1, 300) at <3218.851074, 296.954163, 6088.820313>
[COT 2021-03-10 05:29:18] 76561198036774377: Spawned Entity AA12Black_mag_32Rnd (Mag_Saiga_Drum20Rnd<7c26b0d0>, 1, 100) at <3218.927246, 296.954895, 6088.879883>
[COT 2021-03-10 05:29:19] 76561198036774377: Spawned Entity AA12Black_mag_32Rnd (Mag_Saiga_Drum20Rnd<7c26ce10>, 1, 100) at <3219.001465, 296.961090, 6089.254883>
[COT 2021-03-10 05:29:21] 76561198036774377: Spawned Entity AA12Black_mag_32Rnd (Mag_Saiga_Drum20Rnd<7c2767a0>, 1, 100) at <3218.683594, 296.965210, 6089.418457>
[COT 2021-03-10 05:29:22] 76561198036774377: Spawned Entity AA12Black_mag_32Rnd (Mag_Saiga_Drum20Rnd<7c283bb0>, 1, 100) at <3218.853516, 296.954224, 6088.825195>
[COT 2021-03-10 05:29:25] 76561198036774377: Spawned Entity AA12Black_mag_32Rnd (Mag_Saiga_Drum20Rnd<7c28f9d0>, 1, 100) at <3218.898926, 296.996155, 6088.830078>
[COT 2021-03-10 05:29:26] 76561198036774377: Spawned Entity AA12Black_mag_32Rnd (Mag_Saiga_Drum20Rnd<7e20ca70>, 1, 100) at <3219.558838, 297.634033, 6089.078125>
[COT 2021-03-10 05:29:28] 76561198036774377: Spawned Entity AA12Black_mag_32Rnd (Mag_Saiga_Drum20Rnd<7e21b470>, 1, 100) at <3219.286133, 296.958923, 6089.195801>
[COT 2021-03-10 05:29:29] 76561198036774377: Spawned Entity AA12Black_mag_32Rnd (Mag_Saiga_Drum20Rnd<7e22ca50>, 1, 100) at <3219.187012, 296.955139, 6088.953613>
[COT 2021-03-10 05:29:31] 76561198036774377: Spawned Entity AA12Black_mag_32Rnd (Mag_Saiga_Drum20Rnd<7e1f3f90>, 1, 100) at <3219.015381, 296.950348, 6088.637207>
[COT 2021-03-10 05:29:32] 76561198036774377: Spawned Entity AA12Black_mag_32Rnd (Mag_Saiga_Drum20Rnd<6683b5e0>, 1, 100) at <3218.273438, 296.954956, 6088.584473>
[COT 2021-03-10 05:30:23] 76561198036774377: Spawned Entity M134_mag_750Rnd (Mag_AKM_Drum75Rnd<5ab95910>, 1, 100) at <3218.273438, 296.954956, 6088.584473>
[COT 2021-03-10 05:30:25] 76561198036774377: Spawned Entity M134_mag_750Rnd (Mag_AKM_Drum75Rnd<5ab96060>, 1, 100) at <3218.736084, 296.944885, 6088.104492>
[COT 2021-03-10 05:30:28] 76561198036774377: Spawned Entity M134_mag_750Rnd (Mag_AKM_Drum75Rnd<5ab9a230>, 1, 100) at <3218.910156, 296.972107, 6089.870117>
[COT 2021-03-10 05:30:30] 76561198036774377: Spawned Entity M134_mag_750Rnd (Mag_AKM_Drum75Rnd<5ab97da0>, 1, 100) at <3219.490723, 296.964935, 6089.589355>
[COT 2021-03-10 05:30:33] 76561198036774377: Spawned Entity M134_mag_750Rnd (Mag_AKM_Drum75Rnd<5aba25d0>, 1, 100) at <3219.637207, 296.958069, 6089.226563>
[COT 2021-03-10 05:30:35] 76561198036774377: Spawned Entity M134_mag_750Rnd (Mag_AKM_Drum75Rnd<5ab9f2a0>, 1, 100) at <3219.529297, 296.951416, 6088.817871>
[COT 2021-03-10 05:30:43] 76561198036774377: Spawned Entity M134 (M4A1_Base<bade4390>, -1, 500) at <3219.576904, 297.011353, 6088.825195>
[COT 2021-03-10 05:30:46] 76561198036774377: Spawned Entity M134 (M4A1_Base<baddd440>, -1, 500) at <3219.100586, 296.966064, 6089.564453>
[COT 2021-03-10 05:31:43] 76561198036774377: Spawned Entity AA12 Black (Saiga_Base<badd3a20>, -1, 250) at <3219.592285, 297.773041, 6089.142090>
[COT 2021-03-10 05:31:45] 76561198036774377: Spawned Entity AA12 Black (Saiga_Base<bade4c20>, -1, 250) at <3218.703613, 296.947479, 6088.283203>
[COT 2021-03-10 05:31:56] 76561198036774377: Left the Free Camera
[COT 2021-03-10 05:32:11] 76561198036774377: Spawned Entity Flare (AirdropFlare<7e3cd140>, 20, 100) at <3182.545410, 303.697998, 6121.602051>
[COT 2021-03-10 05:32:12] 76561198036774377: Spawned Entity Flare (AirdropFlare<5549ee10>, 20, 100) at <3182.545410, 303.697998, 6121.602051>
[COT 2021-03-10 05:32:12] 76561198036774377: Spawned Entity Flare (AirdropFlare<554b3ad0>, 20, 100) at <3182.545410, 303.697998, 6121.602051>
[COT 2021-03-10 05:32:24] 76561198036774377: Entered the Free Camera
[COT 2021-03-10 05:34:01] 76561198036774377: Spawned Entity Infected (ZmbM_usSoldier_normal_Base<1374ecd0>, -1, 100) at <3168.081299, 314.566345, 6174.365723>
[COT 2021-03-10 05:34:01] 76561198036774377: Spawned Entity Infected (ZmbM_usSoldier_normal_Base<1374dcb0>, -1, 100) at <3168.081299, 314.566345, 6174.365723>
[COT 2021-03-10 05:34:01] 76561198036774377: Spawned Entity Infected (ZmbM_usSoldier_normal_Base<13753d70>, -1, 100) at <3168.081299, 314.566345, 6174.365723>
[COT 2021-03-10 05:34:02] 76561198036774377: Spawned Entity Infected (ZmbM_usSoldier_normal_Base<1374fcf0>, -1, 100) at <3168.081299, 314.566345, 6174.365723>
[COT 2021-03-10 05:34:02] 76561198036774377: Spawned Entity Infected (ZmbM_usSoldier_normal_Base<13751520>, -1, 100) at <3168.081299, 314.566345, 6174.365723>
[COT 2021-03-10 05:34:02] 76561198036774377: Spawned Entity Infected (ZmbM_usSoldier_normal_Base<1374c480>, -1, 100) at <3168.081299, 314.566345, 6174.365723>
[COT 2021-03-10 05:34:02] 76561198036774377: Spawned Entity Infected (ZmbM_usSoldier_normal_Base<13759620>, -1, 100) at <3168.081299, 314.566345, 6174.365723>
[COT 2021-03-10 05:34:02] 76561198036774377: Spawned Entity Infected (ZmbM_usSoldier_normal_Base<13754d90>, -1, 100) at <3168.081299, 314.566345, 6174.365723>
[COT 2021-03-10 05:34:02] 76561198036774377: Spawned Entity Infected (ZmbM_usSoldier_normal_Base<13755db0>, -1, 100) at <3168.081299, 314.566345, 6174.365723>
[COT 2021-03-10 05:34:15] 76561198036774377: Spawned Entity Infected (ZmbM_SoldierNormal_Base<137565c0>, -1, 100) at <3100.659912, 308.389191, 6082.050781>
[COT 2021-03-10 05:34:15] 76561198036774377: Spawned Entity Infected (ZmbM_SoldierNormal_Base<13758e10>, -1, 100) at <3100.659912, 308.389191, 6082.050781>
[COT 2021-03-10 05:34:15] 76561198036774377: Spawned Entity Infected (ZmbM_SoldierNormal_Base<13756dd0>, -1, 100) at <3100.659912, 308.389191, 6082.050781>
[COT 2021-03-10 05:34:15] 76561198036774377: Spawned Entity Infected (ZmbM_SoldierNormal_Base<137575e0>, -1, 100) at <3100.659912, 308.389191, 6082.050781>
[COT 2021-03-10 05:34:16] 76561198036774377: Spawned Entity Infected (ZmbM_SoldierNormal_Base<13757df0>, -1, 100) at <3100.659912, 308.389191, 6082.050781>
[COT 2021-03-10 05:34:16] 76561198036774377: Spawned Entity Infected (ZmbM_SoldierNormal_Base<13752d50>, -1, 100) at <3100.659912, 308.389191, 6082.050781>
[COT 2021-03-10 05:34:16] 76561198036774377: Spawned Entity Infected (ZmbM_SoldierNormal_Base<13758600>, -1, 100) at <3100.659912, 308.389191, 6082.050781>
[COT 2021-03-10 05:34:16] 76561198036774377: Spawned Entity Infected (ZmbM_SoldierNormal_Base<13751d30>, -1, 100) at <3100.659912, 308.389191, 6082.050781>
[COT 2021-03-10 05:34:16] 76561198036774377: Spawned Entity Infected (ZmbM_SoldierNormal_Base<13759e30>, -1, 100) at <3100.659912, 308.389191, 6082.050781>
[COT 2021-03-10 05:34:16] 76561198036774377: Spawned Entity Infected (ZmbM_SoldierNormal_Base<13752540>, -1, 100) at <3100.659912, 308.389191, 6082.050781>
[COT 2021-03-10 05:34:17] 76561198036774377: Spawned Entity Infected (ZmbM_SoldierNormal_Base<1375be70>, -1, 100) at <3100.659912, 308.389191, 6082.050781>
[COT 2021-03-10 05:34:17] 76561198036774377: Spawned Entity Infected (ZmbM_SoldierNormal_Base<1375e6c0>, -1, 100) at <3100.659912, 308.389191, 6082.050781>
[COT 2021-03-10 05:34:17] 76561198036774377: Spawned Entity Infected (ZmbM_SoldierNormal_Base<1375eed0>, -1, 100) at <3100.659912, 308.389191, 6082.050781>
[COT 2021-03-10 05:34:34] 76561198036774377: Spawned Entity Infected (ZmbM_usSoldier_normal_Base<1375c680>, -1, 100) at <3176.068848, 270.116333, 5925.137207>
[COT 2021-03-10 05:34:35] 76561198036774377: Spawned Entity Infected (ZmbM_usSoldier_normal_Base<1375f6e0>, -1, 100) at <3176.068848, 270.116333, 5925.137207>
[COT 2021-03-10 05:34:35] 76561198036774377: Spawned Entity Infected (ZmbM_usSoldier_normal_Base<1375deb0>, -1, 100) at <3176.068848, 270.116333, 5925.137207>
[COT 2021-03-10 05:34:35] 76561198036774377: Spawned Entity Infected (ZmbM_usSoldier_normal_Base<1375ae50>, -1, 100) at <3176.068848, 270.116333, 5925.137207>
[COT 2021-03-10 05:34:35] 76561198036774377: Spawned Entity Infected (ZmbM_usSoldier_normal_Base<1375fef0>, -1, 100) at <3176.068848, 270.116333, 5925.137207>
[COT 2021-03-10 05:34:35] 76561198036774377: Spawned Entity Infected (ZmbM_usSoldier_normal_Base<13763760>, -1, 100) at <3176.068848, 270.116333, 5925.137207>
[COT 2021-03-10 05:34:35] 76561198036774377: Spawned Entity Infected (ZmbM_usSoldier_normal_Base<13767ff0>, -1, 100) at <3176.068848, 270.116333, 5925.137207>
[COT 2021-03-10 05:34:36] 76561198036774377: Spawned Entity Infected (ZmbM_usSoldier_normal_Base<13761720>, -1, 100) at <3176.068848, 270.116333, 5925.137207>
[COT 2021-03-10 05:34:36] 76561198036774377: Spawned Entity Infected (ZmbM_usSoldier_normal_Base<13763f70>, -1, 100) at <3176.068848, 270.116333, 5925.137207>
[COT 2021-03-10 05:34:36] 76561198036774377: Spawned Entity Infected (ZmbM_usSoldier_normal_Base<13764780>, -1, 100) at <3176.068848, 270.116333, 5925.137207>
[COT 2021-03-10 05:36:37] 76561198036774377: Healed [guid=OAdpPkJP2Ps_W7h2ttR1bK23ekHCzrxw0mDT3zqLMdU=]
[COT 2021-03-10 05:36:42] 76561198036774377: Bleeding stopped [guid=OAdpPkJP2Ps_W7h2ttR1bK23ekHCzrxw0mDT3zqLMdU=]
[COT 2021-03-10 05:36:45] 76561198036774377: Healed [guid=OAdpPkJP2Ps_W7h2ttR1bK23ekHCzrxw0mDT3zqLMdU=]
[COT 2021-03-10 05:37:22] 76561198036774377: Spawned Entity Brown Bear (Animal_UrsusArctos<c0c19540>, -1, 800) at <3169.578125, 301.270966, 6122.166504>
[COT 2021-03-10 05:39:34] 76561198036774377: Spawned Entity MVS Rucksack - Multicam Black (MountainBag_ColorBase<7371ab40>, -1, 300) at <3219.044189, 296.940735, 6087.982422>
[COT 2021-03-10 05:39:37] 76561198036774377: Spawned Entity MVS Rucksack - Multicam (MountainBag_ColorBase<73729c90>, -1, 300) at <3218.855469, 296.985016, 6090.557617>
[COT 2021-03-10 05:39:44] 76561198036774377: Spawned Entity Brick of Skunk Weed (CP_CannabisBrickSkunk<b4ea7ca0>, -1, 30) at <3218.114502, 296.973053, 6089.741211>
[COT 2021-03-10 05:39:44] 76561198036774377: Spawned Entity Brick of Skunk Weed (CP_CannabisBrickSkunk<b4ea7590>, -1, 30) at <3218.186523, 297.078735, 6089.728516>
[COT 2021-03-10 05:39:45] 76561198036774377: Spawned Entity Brick of Skunk Weed (CP_CannabisBrickSkunk<b4ea8ac0>, -1, 30) at <3218.256104, 297.180634, 6089.715820>
[COT 2021-03-10 05:39:45] 76561198036774377: Spawned Entity Brick of Skunk Weed (CP_CannabisBrickSkunk<b4ea98e0>, -1, 30) at <3218.325928, 297.282532, 6089.703125>
[COT 2021-03-10 05:39:45] 76561198036774377: Spawned Entity Brick of Skunk Weed (CP_CannabisBrickSkunk<b4ea9ff0>, -1, 30) at <3218.397949, 297.388214, 6089.690918>
[COT 2021-03-10 05:39:47] 76561198036774377: Spawned Entity Brick of Blue God Weed (CP_CannabisBrickBlue<b4eaca50>, -1, 30) at <3218.316650, 296.960449, 6089.020996>
[COT 2021-03-10 05:39:47] 76561198036774377: Spawned Entity Brick of Blue God Weed (CP_CannabisBrickBlue<b4ea6770>, -1, 30) at <3218.379150, 297.062347, 6089.032227>
[COT 2021-03-10 05:39:47] 76561198036774377: Spawned Entity Brick of Blue God Weed (CP_CannabisBrickBlue<b4ea6e80>, -1, 30) at <3218.442383, 297.164246, 6089.043945>
[COT 2021-03-10 05:39:47] 76561198036774377: Spawned Entity Brick of Blue God Weed (CP_CannabisBrickBlue<b4eabc30>, -1, 30) at <3218.504395, 297.266144, 6089.055176>
[COT 2021-03-10 05:39:49] 76561198036774377: Spawned Entity Brick of Purple Kush Weed (CP_CannabisBrickKush<b4eaae10>, -1, 30) at <3219.244385, 296.950226, 6088.684570>
[COT 2021-03-10 05:39:50] 76561198036774377: Spawned Entity Brick of Purple Kush Weed (CP_CannabisBrickKush<b4eab520>, -1, 30) at <3219.276123, 297.052124, 6088.707031>
[COT 2021-03-10 05:39:50] 76561198036774377: Spawned Entity Brick of Purple Kush Weed (CP_CannabisBrickKush<b4ead160>, -1, 30) at <3219.309082, 297.157806, 6088.730469>
[COT 2021-03-10 05:39:50] 76561198036774377: Spawned Entity Brick of Purple Kush Weed (CP_CannabisBrickKush<b4eb1800>, -1, 30) at <3219.342285, 297.263489, 6088.753906>
[COT 2021-03-10 05:39:52] 76561198036774377: Spawned Entity Brick of Stardawg Weed (CP_CannabisBrickStardawg<b4eb09e0>, -1, 30) at <3220.208984, 296.958191, 6089.366211>
[COT 2021-03-10 05:39:52] 76561198036774377: Spawned Entity Brick of Stardawg Weed (CP_CannabisBrickStardawg<b4eb1f10>, -1, 30) at <3220.208984, 297.060089, 6089.366211>
[COT 2021-03-10 05:39:52] 76561198036774377: Spawned Entity Brick of Stardawg Weed (CP_CannabisBrickStardawg<b4eaeda0>, -1, 30) at <3220.208984, 297.165771, 6089.366211>
[COT 2021-03-10 05:39:53] 76561198036774377: Spawned Entity Brick of Stardawg Weed (CP_CannabisBrickStardawg<b4eae690>, -1, 30) at <3220.208984, 297.267670, 6089.366211>
[COT 2021-03-10 05:39:53] 76561198036774377: Spawned Entity Brick of Stardawg Weed (CP_CannabisBrickStardawg<b4eb2620>, -1, 30) at <3220.208984, 297.373352, 6089.366211>
[COT 2021-03-10 05:39:55] 76561198036774377: Spawned Entity Brick of Future Weed (CP_CannabisBrickFuture<b4eb2d30>, -1, 30) at <3219.732666, 296.949554, 6088.757324>
[COT 2021-03-10 05:39:55] 76561198036774377: Spawned Entity Brick of Future Weed (CP_CannabisBrickFuture<b4ead870>, -1, 30) at <3219.748291, 297.051453, 6088.777344>
[COT 2021-03-10 05:39:55] 76561198036774377: Spawned Entity Brick of Future Weed (CP_CannabisBrickFuture<b4eb3440>, -1, 30) at <3219.764893, 297.157135, 6088.798340>
[COT 2021-03-10 05:39:56] 76561198036774377: Spawned Entity Brick of Future Weed (CP_CannabisBrickFuture<b4eadf80>, -1, 30) at <3219.781006, 297.262817, 6088.819336>
[COT 2021-03-10 05:39:58] 76561198036774377: Spawned Entity Brick of S1 Hemp (CP_CannabisBrickS1<b4eaf4b0>, -1, 30) at <3219.596436, 296.941498, 6088.261230>
[COT 2021-03-10 05:39:58] 76561198036774377: Spawned Entity Brick of S1 Hemp (CP_CannabisBrickS1<b4eb5080>, -1, 30) at <3219.617432, 297.047180, 6088.298828>
[COT 2021-03-10 05:39:58] 76561198036774377: Spawned Entity Brick of S1 Hemp (CP_CannabisBrickS1<b4eb4970>, -1, 30) at <3219.637451, 297.149078, 6088.335449>
[COT 2021-03-10 05:39:58] 76561198036774377: Spawned Entity Brick of S1 Hemp (CP_CannabisBrickS1<b4eafbc0>, -1, 30) at <3219.657471, 297.250977, 6088.371582>
[COT 2021-03-10 05:39:58] 76561198036774377: Spawned Entity Brick of S1 Hemp (CP_CannabisBrickS1<b4eb02d0>, -1, 30) at <3219.657471, 297.250977, 6088.371582>
[COT 2021-03-10 05:40:01] 76561198036774377: Spawned Entity Brick of Nomad Weed (CP_CannabisBrickNomad<b4eb10f0>, -1, 30) at <3220.065918, 296.943146, 6088.465820>
[COT 2021-03-10 05:40:01] 76561198036774377: Spawned Entity Brick of Nomad Weed (CP_CannabisBrickNomad<b4eb5790>, -1, 30) at <3220.070557, 297.045044, 6088.495605>
[COT 2021-03-10 05:40:01] 76561198036774377: Spawned Entity Brick of Nomad Weed (CP_CannabisBrickNomad<b4eb3b50>, -1, 30) at <3220.075439, 297.150726, 6088.525879>
[COT 2021-03-10 05:40:01] 76561198036774377: Spawned Entity Brick of Nomad Weed (CP_CannabisBrickNomad<b4eb4260>, -1, 30) at <3220.080078, 297.252625, 6088.556152>
[COT 2021-03-10 05:40:03] 76561198036774377: Spawned Entity Brick of Black Frost Weed (CP_CannabisBrickBlackFrost<b4e81d40>, -1, 30) at <3220.234619, 296.954559, 6089.163574>
[COT 2021-03-10 05:40:04] 76561198036774377: Spawned Entity Brick of Black Frost Weed (CP_CannabisBrickBlackFrost<742ea840>, -1, 30) at <3220.233643, 297.060242, 6089.170410>
[COT 2021-03-10 05:40:04] 76561198036774377: Spawned Entity Brick of Black Frost Weed (CP_CannabisBrickBlackFrost<742e3030>, -1, 30) at <3220.232910, 297.162140, 6089.177734>
[COT 2021-03-10 05:40:04] 76561198036774377: Spawned Entity Brick of Black Frost Weed (CP_CannabisBrickBlackFrost<742eaf50>, -1, 30) at <3220.232178, 297.264038, 6089.184082>
[COT 2021-03-10 05:40:04] 76561198036774377: Spawned Entity Brick of Black Frost Weed (CP_CannabisBrickBlackFrost<742e3740>, -1, 30) at <3220.231689, 297.369720, 6089.190918>
[COT 2021-03-10 05:42:54] 76561198036774377: Spawned Entity Brown Bear (Animal_UrsusArctos<c0c1acb0>, -1, 800) at <3109.359131, 315.069092, 6134.337402>
[COT 2021-03-10 05:42:56] 76561198036774377: Spawned Entity Brown Bear (Animal_UrsusArctos<c0c1d3c0>, -1, 800) at <3115.693115, 320.610168, 6169.235352>
[COT 2021-03-10 05:42:59] 76561198036774377: Spawned Entity Brown Bear (Animal_UrsusArctos<c0c2f4d0>, -1, 800) at <3082.989014, 322.939453, 6175.033203>
[COT 2021-03-10 05:49:56] 76561198036774377: Left the Free Camera
