[AirdropPlane] Aircraft created on 2021-05-25 @ 04-20-56
[InitializeAircraft] Aircraft Initialized: Devil's Eye @ 6688/3428 (true)
[EOnBeforeDrop] The Aircraft is 1 Km from Devil's Eye. @ <5780.067871, 194.208878, 4619.918945>
[EOnDrop] Zombie Spawned [1] ZmbM_FarmerFat_Beige @ <6695.508789, 151.016571, 3461.207764> ... Lifespan:  Set to 120 minutes.
[EOnDrop] Zombie Spawned [2] ZmbM_HikerSkinny_Yellow @ <6702.887695, 133.417603, 3401.806152> ... Lifespan:  Set to 120 minutes.
[EOnDrop] Zombie Spawned [3] ZmbF_HikerSkinny_Grey @ <6677.517578, 152.311096, 3434.311523> ... Lifespan:  Set to 120 minutes.
[EOnDrop] Zombie Spawned [4] ZmbF_VillagerOld_Green @ <6695.093750, 147.103943, 3438.208496> ... Lifespan:  Set to 120 minutes.
[EOnDrop] Zombie Spawned [5] ZmbM_priestPopSkinny @ <6700.945801, 138.503387, 3414.510986> ... Lifespan:  Set to 120 minutes.
[EOnDrop] Zombie Spawned [6] ZmbM_HikerSkinny_Blue @ <6693.276855, 149.202225, 3445.430176> ... Lifespan:  Set to 120 minutes.
[EOnDrop] Zombie Spawned [7] ZmbM_FarmerFat_Brown @ <6672.224121, 151.066498, 3425.552979> ... Lifespan:  Set to 120 minutes.
[EOnDrop] Zombie Spawned [8] ZmbM_HunterOld_Spring @ <6711.937988, 140.271515, 3439.164551> ... Lifespan:  Set to 120 minutes.
[EOnDrop] Zombie Spawned [9] ZmbF_SurvivorNormal_Orange @ <6676.035645, 1.300761, 3463.337646> ... Lifespan:  Set to 120 minutes.
[EOnDrop] Zombie Spawned [10] ZmbF_HikerSkinny_Green @ <6704.272461, 141.920807, 3431.780273> ... Lifespan:  Set to 120 minutes.
[EOnDrop] Zombie Spawned [11] ZmbF_SurvivorNormal_Blue @ <6640.452637, 154.916260, 3434.359863> ... Lifespan:  Set to 120 minutes.
[EOnDrop] Zombie Spawned [12] ZmbM_HunterOld_Autumn @ <6658.327637, -0.090000, 3448.363525> ... Lifespan:  Set to 120 minutes.
[EOnDrop] Zombie Spawned [13] ZmbM_HermitSkinny_Black @ <6697.233887, 143.212936, 3425.780762> ... Lifespan:  Set to 120 minutes.
[EOnDrop] Zombie Spawned [14] ZmbF_SurvivorNormal_Orange @ <6730.332031, 129.923218, 3428.602783> ... Lifespan:  Set to 120 minutes.
[EOnDrop] Zombie Spawned [15] ZmbF_VillagerOld_Red @ <6695.544922, 142.829376, 3422.153564> ... Lifespan:  Set to 120 minutes.
[EOnDrop] Zombie Spawned [16] ZmbM_FarmerFat_Brown @ <6690.640625, 147.831482, 3433.751953> ... Lifespan:  Set to 120 minutes.
[EOnDrop] Zombie Spawned [17] ZmbF_VillagerOld_Blue @ <6697.733398, 147.988770, 3448.183594> ... Lifespan:  Set to 120 minutes.
[EOnDrop] Zombie Spawned [18] ZmbM_FarmerFat_Green @ <6670.471680, 153.772552, 3435.086670> ... Lifespan:  Set to 120 minutes.
[EOnDrop] Zombie Spawned [19] ZmbM_FarmerFat_Brown @ <6662.290527, -0.084928, 3464.202881> ... Lifespan:  Set to 120 minutes.
[EOnDrop] Zombie Spawned [20] ZmbM_HunterOld_Summer @ <6723.830566, 133.417389, 3431.579346> ... Lifespan:  Set to 120 minutes.
[EOnDrop] Zombie Spawned [21] ZmbF_HikerSkinny_Blue @ <6682.616699, 152.060349, 3441.250732> ... Lifespan:  Set to 120 minutes.
[EOnDrop] Zombie Spawned [22] ZmbF_SurvivorNormal_Orange @ <6660.090332, 154.291046, 3431.543945> ... Lifespan:  Set to 120 minutes.
[EOnDrop] Zombie Spawned [23] ZmbM_HikerSkinny_Yellow @ <6640.963867, 153.894699, 3428.188965> ... Lifespan:  Set to 120 minutes.
[EOnDrop] Zombie Spawned [24] ZmbM_VillagerOld_Blue @ <6669.787598, 150.568375, 3422.846680> ... Lifespan:  Set to 120 minutes.
[EOnDrop] Zombie Spawned [25] ZmbF_VillagerOld_Red @ <6712.035645, 126.376114, 3393.178223> ... Lifespan:  Set to 120 minutes.
[EOnDrop] Zombie Spawned [26] ZmbF_MilkMaidOld_Grey @ <6704.926270, 146.601974, 3457.496094> ... Lifespan:  Set to 120 minutes.
[EOnDrop] Zombie Spawned [27] ZmbM_VillagerOld_White @ <6695.202637, 150.625122, 3457.963379> ... Lifespan:  Set to 120 minutes.
[EOnDrop] Zombie Spawned [28] ZmbF_SurvivorNormal_Red @ <6676.334961, 155.129318, 3451.478516> ... Lifespan:  Set to 120 minutes.
[EOnDrop] Zombie Spawned [29] ZmbF_VillagerOld_Red @ <6641.008301, 151.504105, 3417.662842> ... Lifespan:  Set to 120 minutes.
[EOnDrop] Zombie Spawned [30] ZmbF_VillagerOld_Blue @ <6650.615234, 150.623276, 3415.661133> ... Lifespan:  Set to 120 minutes.
[EOnDrop] Zombie Spawned [31] ZmbF_SurvivorNormal_Red @ <6682.686035, 147.846420, 3423.848633> ... Lifespan:  Set to 120 minutes.
[EOnDrop] Spawn failed for zombie [32] 'ZmbM_SurvivorDean_Grey', it does not exist in DayZ!
[EOnDrop] Spawn failed for zombie [33] 'ZmbM_SurvivorDean_Black', it does not exist in DayZ!
[EOnDrop] Zombie Spawned [34] ZmbM_VillagerOld_Blue @ <6649.320313, 152.605835, 3422.750000> ... Lifespan:  Set to 120 minutes.
[EOnDrop] Zombie Spawned [35] ZmbM_FarmerFat_Beige @ <6688.954102, 148.622299, 3434.412354> ... Lifespan:  Set to 120 minutes.
[EOnDrop] Zombie Spawned [36] ZmbF_VillagerOld_Red @ <6653.057129, -0.090000, 3458.515137> ... Lifespan:  Set to 120 minutes.
[EOnDrop] Zombie Spawned [37] ZmbM_FarmerFat_Beige @ <6713.694336, 136.944855, 3427.815430> ... Lifespan:  Set to 120 minutes.
[EOnDrop] Zombie Spawned [38] ZmbM_MotobikerFat_Beige @ <6697.107422, 142.688934, 3423.717285> ... Lifespan:  Set to 120 minutes.
[EOnDrop] Zombie Spawned [39] ZmbM_HunterOld_Summer @ <6730.854004, 128.692474, 3424.530273> ... Lifespan:  Set to 120 minutes.
[EOnDrop] Zombie Spawned [40] ZmbM_HunterOld_Summer @ <6650.691895, -0.090000, 3443.576416> ... Lifespan:  Set to 120 minutes.
[EOnDrop] Zombie Spawned [41] ZmbM_HermitSkinny_Beige @ <6704.374512, 140.387115, 3425.910889> ... Lifespan:  Set to 120 minutes.
[EOnDrop] Zombie Spawned [42] ZmbF_HikerSkinny_Red @ <6675.396484, 154.158890, 3444.968750> ... Lifespan:  Set to 120 minutes.
[EOnDrop] Drop spawned with 42 infected at <6687.169434, 224.266907, 3428.910400>.
[EOnDrop] Supplies have been dropped near Devil's Eye.
[EOnBeforeDelete] Aircraft despawned @ <10060.745117, 152.000610, -1000.679138>
[~AirdropPlane] Aircraft destroyed.
