[InitializeContainer] Container created on 2021-05-24 @ 12-05-05
[InitializeContainer] Winds: Vector <11.254320, 0.000000, 1.297794>, Speed 11.3289mps, Strength 0.1
[AirdropContainerFall] Drop Type 'Misc. Tools', Container: 'RANDOM', Mode/Quantity/Iems: Random/20/50, Flare:  10%
[AirdropContainerFall] Loot Spawned [1] Chemlight_Yellow @ <4451.187988, 7.780997, 12032.857422> ... Lifespan: Set to 120 minutes.
[AirdropContainerFall] Loot Spawned [2] Pickaxe @ <4450.805176, 7.780997, 12028.183594> ... Lifespan: Set to 120 minutes.
[AirdropContainerFall] Loot Spawned [3] Pickaxe @ <4453.530273, 7.780997, 12023.090820> ... Lifespan: Set to 120 minutes.
[AirdropContainerFall] Loot Spawned [4] Chemlight_Blue @ <4467.894531, 7.780997, 12034.390625> ... Lifespan: Set to 120 minutes.
[AirdropContainerFall] Loot Spawned [5] Hammer @ <4456.032227, 7.780997, 12038.314453> ... Lifespan: Set to 120 minutes.
[AirdropContainerFall] Loot Spawned [6] ChernarusMap @ <4467.237793, 7.780997, 12035.114258> ... Lifespan: Set to 120 minutes.
[AirdropContainerFall] Loot Spawned [7] Compass @ <4455.561035, 7.780997, 12021.481445> ... Lifespan: Set to 120 minutes.
[AirdropContainerFall] Loot Spawned [8] ElectronicRepairKit @ <4453.236328, 7.780997, 12035.796875> ... Lifespan: Set to 120 minutes.
[AirdropContainerFall] Loot Spawned [9] BatteryCharger @ <4455.784668, 7.780997, 12037.603516> ... Lifespan: Set to 120 minutes.
[AirdropContainerFall] Loot Spawned [10] LeatherSewingKit @ <4465.315918, 7.780997, 12036.955078> ... Lifespan: Set to 120 minutes.
[AirdropContainerFall] Loot Spawned [11] Flashlight @ <4453.105957, 7.780997, 12035.001953> ... Lifespan: Set to 120 minutes.
[AirdropContainerFall] Loot Spawned [12] WeaponCleaningKit @ <4453.266113, 7.780997, 12023.596680> ... Lifespan: Set to 120 minutes.
[AirdropContainerFall] Loot Spawned [13] Binoculars @ <4464.075195, 7.780997, 12038.180664> ... Lifespan: Set to 120 minutes.
[AirdropContainerFall] Loot Spawned [14] Hatchet @ <4469.339844, 7.780997, 12032.846680> ... Lifespan: Set to 120 minutes.
[AirdropContainerFall] Loot Spawned [15] ElectronicRepairKit @ <4459.158203, 7.780997, 12038.751953> ... Lifespan: Set to 120 minutes.
[AirdropContainerFall] Loot Spawned [16] Screwdriver @ <4469.425293, 7.780997, 12028.772461> ... Lifespan: Set to 120 minutes.
[AirdropContainerFall] Loot Spawned [17] CanOpener @ <4463.138672, 7.780746, 12020.458984> ... Lifespan: Set to 120 minutes.
[AirdropContainerFall] Loot Spawned [18] Rangefinder @ <4469.305664, 7.780997, 12025.670898> ... Lifespan: Set to 120 minutes.
[AirdropContainerFall] Loot Spawned [19] Screwdriver @ <4464.133789, 7.780997, 12037.853516> ... Lifespan: Set to 120 minutes.
[AirdropContainerFall] Loot Spawned [20] WoodAxe @ <4468.836426, 7.780997, 12025.432617> ... Lifespan: Set to 120 minutes.
[AirdropContainerUnstuck] Container was unstuck.
[~AirdropContainerBase] Container Destroyed on 2021-05-24 @ 12-25-05
