[AirdropPlane] Aircraft created on 2021-05-21 @ 01-02-37
[InitializeAircraft] Aircraft Initialized: Airstrip @ 5496/3676 (true)
[EOnBeforeDrop] The Aircraft is 1 Km from Airstrip. @ <4020.943359, 170.924240, 3939.356934>
[EOnDrop] Zombie Spawned [1] ZmbM_PatrolNormal_Autumn @ <5441.463379, 74.500000, 3730.496338> ... Lifespan:  Set to 120 minutes.
[EOnDrop] Zombie Spawned [2] ZmbM_PatrolNormal_Summer @ <5433.796875, 74.500000, 3691.661621> ... Lifespan:  Set to 120 minutes.
[EOnDrop] Zombie Spawned [3] ZmbM_PatrolNormal_Flat @ <5426.324707, 74.500000, 3678.358643> ... Lifespan:  Set to 120 minutes.
[EOnDrop] Zombie Spawned [4] ZmbM_SoldierNormal @ <5404.801758, 74.500000, 3709.760254> ... Lifespan:  Set to 120 minutes.
[EOnDrop] Zombie Spawned [5] ZmbM_PatrolNormal_Summer @ <5437.350586, 74.500000, 3705.939697> ... Lifespan:  Set to 120 minutes.
[EOnDrop] Zombie Spawned [6] ZmbM_PatrolNormal_Flat @ <5437.954590, 74.500000, 3696.621582> ... Lifespan:  Set to 120 minutes.
[EOnDrop] Zombie Spawned [7] ZmbM_PatrolNormal_PautRev @ <5419.988770, 74.500000, 3683.656494> ... Lifespan:  Set to 120 minutes.
[EOnDrop] Zombie Spawned [8] ZmbM_PatrolNormal_Flat @ <5473.376465, 74.500000, 3670.856201> ... Lifespan:  Set to 120 minutes.
[EOnDrop] Zombie Spawned [9] ZmbM_PatrolNormal_Summer @ <5464.207031, 74.500000, 3680.013428> ... Lifespan:  Set to 120 minutes.
[EOnDrop] Zombie Spawned [10] ZmbM_PatrolNormal_Autumn @ <5447.250977, 74.500000, 3667.600830> ... Lifespan:  Set to 120 minutes.
[EOnDrop] Zombie Spawned [11] ZmbM_PatrolNormal_PautRev @ <5409.254395, 74.500000, 3677.987549> ... Lifespan:  Set to 120 minutes.
[EOnDrop] Zombie Spawned [12] ZmbM_SoldierNormal @ <5420.414551, 74.500000, 3688.205811> ... Lifespan:  Set to 120 minutes.
[EOnDrop] Zombie Spawned [13] ZmbM_PatrolNormal_Flat @ <5426.329590, 74.500000, 3685.156494> ... Lifespan:  Set to 120 minutes.
[EOnDrop] Zombie Spawned [14] ZmbM_PatrolNormal_Summer @ <5431.202637, 74.500000, 3664.153076> ... Lifespan:  Set to 120 minutes.
[EOnDrop] Zombie Spawned [15] ZmbM_PatrolNormal_Summer @ <5432.342773, 74.500000, 3673.773438> ... Lifespan:  Set to 120 minutes.
[EOnDrop] Zombie Spawned [16] ZmbM_PatrolNormal_Flat @ <5462.242676, 74.500000, 3673.159180> ... Lifespan:  Set to 120 minutes.
[EOnDrop] Zombie Spawned [17] ZmbM_PatrolNormal_Summer @ <5442.375000, 74.500000, 3703.593262> ... Lifespan:  Set to 120 minutes.
[EOnDrop] Zombie Spawned [18] ZmbM_PatrolNormal_Summer @ <5456.262695, 74.500000, 3650.273193> ... Lifespan:  Set to 120 minutes.
[EOnDrop] Zombie Spawned [19] ZmbM_SoldierNormal @ <5418.569336, 74.500000, 3672.529785> ... Lifespan:  Set to 120 minutes.
[EOnDrop] Zombie Spawned [20] ZmbM_PatrolNormal_PautRev @ <5474.875000, 74.500000, 3704.367432> ... Lifespan:  Set to 120 minutes.
[EOnDrop] Zombie Spawned [21] ZmbM_PatrolNormal_Autumn @ <5431.971191, 74.500000, 3679.363037> ... Lifespan:  Set to 120 minutes.
[EOnDrop] Zombie Spawned [22] ZmbM_PatrolNormal_Summer @ <5424.535156, 74.500000, 3698.430908> ... Lifespan:  Set to 120 minutes.
[EOnDrop] Zombie Spawned [23] ZmbM_SoldierNormal @ <5435.524902, 74.500000, 3659.041260> ... Lifespan:  Set to 120 minutes.
[EOnDrop] Zombie Spawned [24] ZmbM_PatrolNormal_Autumn @ <5439.085938, 74.500000, 3695.063721> ... Lifespan:  Set to 120 minutes.
[EOnDrop] Zombie Spawned [25] ZmbM_PatrolNormal_Flat @ <5420.197266, 74.500000, 3659.222412> ... Lifespan:  Set to 120 minutes.
[EOnDrop] Zombie Spawned [26] ZmbM_PatrolNormal_Summer @ <5434.407227, 74.500000, 3705.147949> ... Lifespan:  Set to 120 minutes.
[EOnDrop] Zombie Spawned [27] ZmbM_SoldierNormal @ <5413.934082, 74.500000, 3691.724365> ... Lifespan:  Set to 120 minutes.
[EOnDrop] Zombie Spawned [28] ZmbM_PatrolNormal_Flat @ <5424.862305, 74.500000, 3686.060791> ... Lifespan:  Set to 120 minutes.
[EOnDrop] Zombie Spawned [29] ZmbM_PatrolNormal_Flat @ <5426.744629, 74.500000, 3695.472900> ... Lifespan:  Set to 120 minutes.
[EOnDrop] Zombie Spawned [30] ZmbM_PatrolNormal_PautRev @ <5469.494629, 74.500000, 3665.531982> ... Lifespan:  Set to 120 minutes.
[EOnDrop] Zombie Spawned [31] ZmbM_PatrolNormal_Autumn @ <5425.742188, 74.500000, 3701.261963> ... Lifespan:  Set to 120 minutes.
[EOnDrop] Zombie Spawned [32] ZmbM_PatrolNormal_Flat @ <5423.474609, 74.500000, 3700.746338> ... Lifespan:  Set to 120 minutes.
[EOnDrop] Zombie Spawned [33] ZmbM_SoldierNormal @ <5430.285156, 74.500000, 3679.341309> ... Lifespan:  Set to 120 minutes.
[EOnDrop] Zombie Spawned [34] ZmbM_PatrolNormal_PautRev @ <5447.201172, 74.500000, 3671.149414> ... Lifespan:  Set to 120 minutes.
[EOnDrop] Zombie Spawned [35] ZmbM_PatrolNormal_Autumn @ <5436.187500, 74.500000, 3684.230469> ... Lifespan:  Set to 120 minutes.
[EOnDrop] Zombie Spawned [36] ZmbM_SoldierNormal @ <5446.151855, 74.500000, 3691.669678> ... Lifespan:  Set to 120 minutes.
[EOnDrop] Zombie Spawned [37] ZmbM_SoldierNormal @ <5468.483398, 74.500000, 3719.645996> ... Lifespan:  Set to 120 minutes.
[EOnDrop] Zombie Spawned [38] ZmbM_PatrolNormal_Summer @ <5434.793457, 74.500000, 3708.746338> ... Lifespan:  Set to 120 minutes.
[EOnDrop] Zombie Spawned [39] ZmbM_PatrolNormal_Summer @ <5407.995117, 74.500000, 3705.733398> ... Lifespan:  Set to 120 minutes.
[EOnDrop] Zombie Spawned [40] ZmbM_PatrolNormal_Autumn @ <5452.567871, 74.500000, 3705.867676> ... Lifespan:  Set to 120 minutes.
[EOnDrop] Zombie Spawned [41] ZmbM_PatrolNormal_Summer @ <5421.526367, 74.500000, 3650.575195> ... Lifespan:  Set to 120 minutes.
[EOnDrop] Zombie Spawned [42] ZmbM_PatrolNormal_Flat @ <5409.976074, 74.500000, 3698.873291> ... Lifespan:  Set to 120 minutes.
[EOnDrop] Zombie Spawned [43] ZmbM_SoldierNormal @ <5442.887695, 74.500000, 3698.522461> ... Lifespan:  Set to 120 minutes.
[EOnDrop] Zombie Spawned [44] ZmbM_PatrolNormal_Autumn @ <5399.674805, 74.500000, 3660.895020> ... Lifespan:  Set to 120 minutes.
[EOnDrop] Zombie Spawned [45] ZmbM_PatrolNormal_Autumn @ <5445.648926, 74.500000, 3718.033203> ... Lifespan:  Set to 120 minutes.
[EOnDrop] Zombie Spawned [46] ZmbM_PatrolNormal_Flat @ <5440.236328, 74.500000, 3665.289307> ... Lifespan:  Set to 120 minutes.
[EOnDrop] Zombie Spawned [47] ZmbM_SoldierNormal @ <5418.439453, 74.500000, 3730.029785> ... Lifespan:  Set to 120 minutes.
[EOnDrop] Zombie Spawned [48] ZmbM_PatrolNormal_Summer @ <5436.570801, 74.500000, 3678.241211> ... Lifespan:  Set to 120 minutes.
[EOnDrop] Zombie Spawned [49] ZmbM_PatrolNormal_Flat @ <5407.566406, 74.500000, 3708.616455> ... Lifespan:  Set to 120 minutes.
[EOnDrop] Zombie Spawned [50] ZmbM_PatrolNormal_PautRev @ <5424.138184, 74.500000, 3711.325684> ... Lifespan:  Set to 120 minutes.
[EOnDrop] Drop spawned with 50 infected at <5431.845215, 214.224945, 3687.034424>.
[EOnDrop] Supplies have been dropped near Airstrip.
[EOnBeforeDelete] Aircraft despawned @ <17271.626953, 152.003433, 1569.970459>
[~AirdropPlane] Aircraft destroyed.
