[InitializeContainer] Container created on 2021-05-14 @ 22-45-45
[InitializeContainer] Winds: Vector <6.607468, 0.000000, -5.959048>, Speed 8.89769mps, Strength 0.1
[AirdropContainerFall] Drop Type 'Military East', Container: 'RANDOM', Mode/Quantity/Iems: Random/20/28, Flare:  10%
[AirdropContainerFall] Loot Spawned [1] AK_RailHndgrd @ <4523.309082, 7.780997, 12151.010742> ... Lifespan: Set to 120 minutes.
[AirdropContainerFall] Loot Spawned [2] AK_PlasticBttstck @ <4528.562500, 7.780999, 12149.729492> ... Lifespan: Set to 120 minutes.
[AirdropContainerFall] Loot Spawned [3] AK_RailHndgrd @ <4526.165527, 7.780999, 12148.218750> ... Lifespan: Set to 120 minutes.
[AirdropContainerFall] Loot Spawned [4] Binoculars @ <4523.526367, 7.780997, 12149.488281> ... Lifespan: Set to 120 minutes.
[AirdropContainerFall] Loot Spawned [5] TacticalGloves_Green @ <4528.417969, 7.780998, 12151.504883> ... Lifespan: Set to 120 minutes.
[AirdropContainerFall] Loot Spawned [6] AmmoBox_762x39_20Rnd @ <4525.322266, 7.780998, 12150.884766> ... Lifespan: Set to 120 minutes.
[AirdropContainerFall] Loot Spawned [7] AK_RailHndgrd @ <4527.645020, 7.781000, 12146.569336> ... Lifespan: Set to 120 minutes.
[AirdropContainerFall] Loot Spawned [8] TacticalGloves_Beige @ <4523.674316, 7.780997, 12148.608398> ... Lifespan: Set to 120 minutes.
[AirdropContainerFall] Loot Spawned [9] AK_RailHndgrd @ <4525.989258, 7.780999, 12147.258789> ... Lifespan: Set to 120 minutes.
[AirdropContainerFall] Loot Spawned [10] TTsKOJacket_Camo @ <4525.885254, 7.780997, 12152.321289> ... Lifespan: Set to 120 minutes.
[AirdropContainerFall] Loot Spawned [11] AK_PlasticBttstck @ <4524.951172, 7.780997, 12152.570313> ... Lifespan: Set to 120 minutes.
[AirdropContainerFall] Loot Spawned [12] Mag_AKM_30Rnd @ <4529.782227, 7.781000, 12148.868164> ... Lifespan: Set to 120 minutes.
[AirdropContainerFall] Loot Spawned [13] AK_Suppressor @ <4525.165527, 7.780998, 12148.062500> ... Lifespan: Set to 120 minutes.
[AirdropContainerFall] Loot Spawned [14] WeaponCleaningKit @ <4525.656250, 7.780997, 12152.617188> ... Lifespan: Set to 120 minutes.
[AirdropContainerFall] Loot Spawned [15] GorkaPants_PautRev @ <4525.217773, 7.780998, 12148.614258> ... Lifespan: Set to 120 minutes.
[AirdropContainerFall] Loot Spawned [16] Mag_AKM_30Rnd @ <4528.155762, 7.780999, 12150.170898> ... Lifespan: Set to 120 minutes.
[AirdropContainerFall] Loot Spawned [17] GorkaEJacket_PautRev @ <4526.060547, 7.780997, 12151.960938> ... Lifespan: Set to 120 minutes.
[AirdropContainerFall] Loot Spawned [18] TacticalGoggles @ <4529.282227, 7.780999, 12150.196289> ... Lifespan: Set to 120 minutes.
[AirdropContainerFall] Loot Spawned [19] GorkaPants_Summer @ <4527.929688, 7.780997, 12152.580078> ... Lifespan: Set to 120 minutes.
[AirdropContainerFall] Loot Spawned [20] AK_Bayonet @ <4526.893555, 7.780999, 12147.000000> ... Lifespan: Set to 120 minutes.
[AirdropContainerUnstuck] Container was unstuck.
[~AirdropContainerBase] Container Destroyed on 2021-05-14 @ 23-27-45
