[AirdropPlane] Aircraft created on 2021-05-21 @ 23-42-29
[InitializeAircraft] Aircraft Initialized: Old Town @ 2059/9030 (true)
[EOnBeforeDrop] The Aircraft is 1 Km from Old Town. @ <3548.621094, 164.003250, 8861.587891>
[EOnDrop] Zombie Spawned [1] ZmbM_DoctorFat @ <2181.402588, 20.139713, 9037.429688> ... Lifespan:  Set to 120 minutes.
[EOnDrop] Zombie Spawned [2] ZmbM_JournalistSkinny @ <2153.420898, 16.749189, 9032.522461> ... Lifespan:  Set to 120 minutes.
[EOnDrop] Zombie Spawned [3] ZmbM_ClerkFat_Grey @ <2153.806885, 14.853059, 9018.475586> ... Lifespan:  Set to 120 minutes.
[EOnDrop] Zombie Spawned [4] ZmbM_SkaterYoung_Grey @ <2116.609619, 10.761027, 9035.312500> ... Lifespan:  Set to 120 minutes.
[EOnDrop] Zombie Spawned [5] ZmbM_ClerkFat_Khaki @ <2160.336914, 14.662447, 8995.110352> ... Lifespan:  Set to 120 minutes.
[EOnDrop] Zombie Spawned [6] ZmbM_Jacket_magenta @ <2159.374756, 16.044495, 9023.880859> ... Lifespan:  Set to 120 minutes.
[EOnDrop] Zombie Spawned [7] ZmbF_ShortSkirt_beige @ <2163.314941, 18.277576, 9034.203125> ... Lifespan:  Set to 120 minutes.
[EOnDrop] Zombie Spawned [8] ZmbM_SkaterYoung_Green @ <2117.310059, 12.027107, 9017.250977> ... Lifespan:  Set to 120 minutes.
[EOnDrop] Zombie Spawned [9] ZmbF_SkaterYoung_Brown @ <2147.335693, 17.355309, 9040.897461> ... Lifespan:  Set to 120 minutes.
[EOnDrop] Zombie Spawned [10] ZmbM_ParamedicNormal_Blue @ <2166.687988, 14.824405, 8988.160156> ... Lifespan:  Set to 120 minutes.
[EOnDrop] Zombie Spawned [11] ZmbM_Jacket_greenchecks @ <2155.709717, 17.671806, 9035.496094> ... Lifespan:  Set to 120 minutes.
[EOnDrop] Zombie Spawned [12] ZmbM_PatrolNormal_Summer @ <2118.548096, 11.729061, 9006.089844> ... Lifespan:  Set to 120 minutes.
[EOnDrop] Zombie Spawned [13] ZmbM_PolicemanFat @ <2157.065674, 21.570366, 9055.125000> ... Lifespan:  Set to 120 minutes.
[EOnDrop] Zombie Spawned [14] ZmbM_ClerkFat_Grey @ <2126.125977, 11.149784, 8992.771484> ... Lifespan:  Set to 120 minutes.
[EOnDrop] Zombie Spawned [15] ZmbF_CitizenANormal_Brown @ <2135.053223, 10.693124, 8992.524414> ... Lifespan:  Set to 120 minutes.
[EOnDrop] Zombie Spawned [16] ZmbF_ShortSkirt_green @ <2147.992676, 13.449398, 9008.397461> ... Lifespan:  Set to 120 minutes.
[EOnDrop] Zombie Spawned [17] ZmbF_ShortSkirt_brown @ <2145.477295, 19.206978, 9058.364258> ... Lifespan:  Set to 120 minutes.
[EOnDrop] Zombie Spawned [18] ZmbM_CommercialPilotOld_Blue @ <2118.040771, 11.686021, 9008.875000> ... Lifespan:  Set to 120 minutes.
[EOnDrop] Zombie Spawned [19] ZmbM_SkaterYoung_Blue @ <2111.881348, 11.210334, 9033.050781> ... Lifespan:  Set to 120 minutes.
[EOnDrop] Zombie Spawned [20] ZmbF_JoggerSkinny_Brown @ <2152.714844, 14.770834, 9018.973633> ... Lifespan:  Set to 120 minutes.
[EOnDrop] Zombie Spawned [21] ZmbF_ShortSkirt_grey @ <2111.280762, 11.075719, 9024.573242> ... Lifespan:  Set to 120 minutes.
[EOnDrop] Zombie Spawned [22] ZmbM_SkaterYoung_Grey @ <2159.835205, 14.234350, 8985.884766> ... Lifespan:  Set to 120 minutes.
[EOnDrop] Zombie Spawned [23] ZmbM_PatientSkinny @ <2156.575684, 21.153513, 9052.376953> ... Lifespan:  Set to 120 minutes.
[EOnDrop] Zombie Spawned [24] ZmbM_ClerkFat_White @ <2106.345459, 10.817805, 8999.794922> ... Lifespan:  Set to 120 minutes.
[EOnDrop] Zombie Spawned [25] ZmbM_CitizenASkinny_Red @ <2144.252197, 11.989271, 9000.666016> ... Lifespan:  Set to 120 minutes.
[EOnDrop] Zombie Spawned [26] ZmbF_ShortSkirt_grey @ <2180.145508, 16.574890, 9006.542969> ... Lifespan:  Set to 120 minutes.
[EOnDrop] Zombie Spawned [27] ZmbM_ParamedicNormal_Green @ <2172.780518, 20.197147, 9039.708008> ... Lifespan:  Set to 120 minutes.
[EOnDrop] Zombie Spawned [28] ZmbM_CitizenASkinny_Red @ <2166.377930, 15.860696, 9015.015625> ... Lifespan:  Set to 120 minutes.
[EOnDrop] Zombie Spawned [29] ZmbF_CitizenANormal_Blue @ <2147.694336, 13.062332, 9004.160156> ... Lifespan:  Set to 120 minutes.
[EOnDrop] Zombie Spawned [30] ZmbM_Jacket_stripes @ <2170.241211, 15.032788, 8987.742188> ... Lifespan:  Set to 120 minutes.
[EOnDrop] Drop spawned with 30 infected at <2143.465820, 164.585938, 9020.500000>.
[EOnDrop] Supplies have been dropped near Old Town.
[EOnBeforeDelete] Aircraft despawned @ <-1000.388855, 152.000610, 9376.046875>
[~AirdropPlane] Aircraft destroyed.
