[InitializeContainer] Container created on 2021-05-16 @ 18-35-56
[InitializeContainer] Winds: Vector <-2.740132, 0.000000, -0.861053>, Speed 2.87224mps, Strength 0.1
[AirdropContainerFall] Drop Type 'Misc. Food', Container: 'RANDOM', Mode/Quantity/Iems: Random/20/26, Flare:  20%
[AirdropContainerFall] Loot Spawned [1] Lard @ <6688.188477, 146.662140, 3427.474854> ... Lifespan: Set to 120 minutes.
[AirdropContainerFall] Loot Spawned [2] SodaCan_Cola @ <6690.120117, 146.162918, 3428.298340> ... Lifespan: Set to 120 minutes.
[AirdropContainerFall] Loot Spawned [3] SodaCan_Pipsi @ <6691.898926, 145.471558, 3428.239014> ... Lifespan: Set to 120 minutes.
[AirdropContainerFall] Loot Spawned [4] Apple @ <6692.449219, 144.697845, 3426.240967> ... Lifespan: Set to 120 minutes.
[AirdropContainerFall] Loot Spawned [5] GreenBellPepper @ <6692.729492, 144.376053, 3425.488037> ... Lifespan: Set to 120 minutes.
[AirdropContainerFall] Loot Spawned [6] BakedBeansCan @ <6688.614746, 145.910294, 3425.525391> ... Lifespan: Set to 120 minutes.
[AirdropContainerFall] Loot Spawned [7] PowderedMilk @ <6688.599121, 145.370850, 3423.760742> ... Lifespan: Set to 120 minutes.
[AirdropContainerFall] Loot Spawned [8] SodaCan_Pipsi @ <6691.402832, 144.464157, 3424.063965> ... Lifespan: Set to 120 minutes.
[AirdropContainerFall] Loot Spawned [9] Plum @ <6688.136230, 146.703934, 3427.550049> ... Lifespan: Set to 120 minutes.
[AirdropContainerFall] Loot Spawned [10] Potato @ <6690.134766, 146.110641, 3428.118652> ... Lifespan: Set to 120 minutes.
[AirdropContainerFall] Loot Spawned [11] Tomato @ <6688.626465, 146.004211, 3425.844482> ... Lifespan: Set to 120 minutes.
[AirdropContainerFall] Loot Spawned [12] Rice @ <6689.375000, 146.263855, 3427.632813> ... Lifespan: Set to 120 minutes.
[AirdropContainerFall] Loot Spawned [13] CaninaBerry @ <6691.068359, 144.855682, 3424.949707> ... Lifespan: Set to 120 minutes.
[AirdropContainerFall] Loot Spawned [14] SambucusBerry @ <6690.919922, 144.911942, 3424.958740> ... Lifespan: Set to 120 minutes.
[AirdropContainerFall] Loot Spawned [15] Canteen @ <6688.502441, 145.794739, 3425.019043> ... Lifespan: Set to 120 minutes.
[AirdropContainerFall] Loot Spawned [16] Zucchini @ <6689.951172, 146.173431, 3428.091797> ... Lifespan: Set to 120 minutes.
[AirdropContainerFall] Loot Spawned [17] TacticalBaconCan @ <6689.992188, 144.747253, 3423.365234> ... Lifespan: Set to 120 minutes.
[AirdropContainerFall] Loot Spawned [18] GreenBellPepper @ <6692.106445, 144.879272, 3426.417480> ... Lifespan: Set to 120 minutes.
[AirdropContainerFall] Loot Spawned [19] Apple @ <6689.114746, 145.696335, 3425.410889> ... Lifespan: Set to 120 minutes.
[AirdropContainerFall] Loot Spawned [20] PowderedMilk @ <6688.453125, 145.964249, 3425.512939> ... Lifespan: Set to 120 minutes.
[AirdropContainerFall] Airdrop Flare Spawned @ <6687.756836, 146.001312, 3424.827881> ... Lifespan: Set to 120 minutes.
[AirdropContainerUnstuck] Container was unstuck.
[~AirdropContainerBase] Container Destroyed on 2021-05-16 @ 18-55-56
