[InitializeContainer] Container created on 2021-05-13 @ 02-08-18
[InitializeContainer] Winds: Vector <2.760022, 0.000000, -7.048116>, Speed 7.56926mps, Strength 0.1
[AirdropContainerFall] Drop Type 'Misc. Food', Container: 'RANDOM', Mode/Quantity/Iems: Random/20/26, Flare:  20%
[AirdropContainerFall] Loot Spawned [1] BoxCerealCrunchin @ <7354.581543, 6.651000, 8540.969727> ... Lifespan: Set to 120 minutes.
[AirdropContainerFall] Loot Spawned [2] Pumpkin @ <7358.555176, 6.651000, 8540.355469> ... Lifespan: Set to 120 minutes.
[AirdropContainerFall] Loot Spawned [3] WaterBottle @ <7354.733887, 6.651000, 8541.651367> ... Lifespan: Set to 120 minutes.
[AirdropContainerFall] Loot Spawned [4] WaterBottle @ <7357.474609, 6.651000, 8540.160156> ... Lifespan: Set to 120 minutes.
[AirdropContainerFall] Loot Spawned [5] Rice @ <7357.500488, 6.651000, 8538.575195> ... Lifespan: Set to 120 minutes.
[AirdropContainerFall] Loot Spawned [6] Canteen @ <7357.821289, 6.651000, 8538.680664> ... Lifespan: Set to 120 minutes.
[AirdropContainerFall] Loot Spawned [7] Lard @ <7358.171875, 6.651000, 8540.628906> ... Lifespan: Set to 120 minutes.
[AirdropContainerFall] Loot Spawned [8] Lard @ <7353.759277, 6.651000, 8540.447266> ... Lifespan: Set to 120 minutes.
[AirdropContainerFall] Loot Spawned [9] BakedBeansCan @ <7353.994629, 6.651000, 8537.538086> ... Lifespan: Set to 120 minutes.
[AirdropContainerFall] Loot Spawned [10] SodaCan_Kvass @ <7355.245117, 6.651000, 8536.067383> ... Lifespan: Set to 120 minutes.
[AirdropContainerFall] Loot Spawned [11] Lard @ <7355.639648, 6.651000, 8535.716797> ... Lifespan: Set to 120 minutes.
[AirdropContainerFall] Loot Spawned [12] SodaCan_Cola @ <7353.036621, 6.651000, 8539.746094> ... Lifespan: Set to 120 minutes.
[AirdropContainerFall] Loot Spawned [13] SodaCan_Pipsi @ <7354.138184, 6.651000, 8538.667969> ... Lifespan: Set to 120 minutes.
[AirdropContainerFall] Loot Spawned [14] Pumpkin @ <7354.626953, 6.651000, 8536.525391> ... Lifespan: Set to 120 minutes.
[AirdropContainerFall] Loot Spawned [15] CaninaBerry @ <7359.252930, 6.651000, 8538.194336> ... Lifespan: Set to 120 minutes.
[AirdropContainerFall] Loot Spawned [16] SodaCan_Spite @ <7357.015137, 6.651000, 8541.304688> ... Lifespan: Set to 120 minutes.
[AirdropContainerFall] Loot Spawned [17] BoxCerealCrunchin @ <7354.910156, 6.651000, 8536.554688> ... Lifespan: Set to 120 minutes.
[AirdropContainerFall] Loot Spawned [18] SodaCan_Pipsi @ <7357.622070, 6.651000, 8537.920898> ... Lifespan: Set to 120 minutes.
[AirdropContainerFall] Loot Spawned [19] BakedBeansCan @ <7355.465820, 6.651000, 8540.834961> ... Lifespan: Set to 120 minutes.
[AirdropContainerFall] Loot Spawned [20] GreenBellPepper @ <7354.849121, 6.651000, 8537.375000> ... Lifespan: Set to 120 minutes.
[AirdropContainerUnstuck] Container was unstuck.
[~AirdropContainerBase] Container Destroyed on 2021-05-13 @ 03-59-59
