[AirdropPlane] Aircraft created on 2021-05-02 @ 23-43-49
[InitializeAircraft] Aircraft Initialized: RCFI @ 3700/8830 (true)
[EOnBeforeDrop] The Aircraft is 1 Km from RCFI. @ <2201.065918, 162.384003, 8873.660156>
[EOnDrop] Zombie Spawned [1] ZmbM_FarmerFat_Blue @ <3603.902344, 14.480000, 8870.866211> ... Lifespan:  Set to 60 minutes.
[EOnDrop] Spawn failed for zombie [2] 'ZmbM_SurvivorDean_Grey', it does not exist in DayZ!
[EOnDrop] Spawn failed for zombie [3] 'ZmbM_SurvivorDean_Grey', it does not exist in DayZ!
[EOnDrop] Zombie Spawned [4] ZmbF_MilkMaidOld_Green @ <3638.570801, 14.480000, 8837.720703> ... Lifespan:  Set to 60 minutes.
[EOnDrop] Zombie Spawned [5] ZmbM_HermitSkinny_Black @ <3594.307373, 14.441915, 8834.641602> ... Lifespan:  Set to 60 minutes.
[EOnDrop] Zombie Spawned [6] ZmbF_HikerSkinny_Blue @ <3654.775879, 14.248416, 8825.439453> ... Lifespan:  Set to 60 minutes.
[EOnDrop] Zombie Spawned [7] ZmbM_HikerSkinny_Blue @ <3636.833252, 14.526769, 8823.029297> ... Lifespan:  Set to 60 minutes.
[EOnDrop] Zombie Spawned [8] ZmbF_VillagerOld_White @ <3602.636230, 14.480000, 8850.559570> ... Lifespan:  Set to 60 minutes.
[EOnDrop] Zombie Spawned [9] ZmbM_HunterOld_Autumn @ <3589.949707, 14.342296, 8833.579102> ... Lifespan:  Set to 60 minutes.
[EOnDrop] Zombie Spawned [10] ZmbF_HikerSkinny_Red @ <3626.224365, 14.327588, 8869.306641> ... Lifespan:  Set to 60 minutes.
[EOnDrop] Zombie Spawned [11] ZmbF_MilkMaidOld_Black @ <3629.797852, 14.502344, 8825.205078> ... Lifespan:  Set to 60 minutes.
[EOnDrop] Spawn failed for zombie [12] 'ZmbM_SurvivorDean_Blue', it does not exist in DayZ!
[EOnDrop] Zombie Spawned [13] ZmbM_HermitSkinny_Red @ <3637.540771, 14.480000, 8829.248047> ... Lifespan:  Set to 60 minutes.
[EOnDrop] Zombie Spawned [14] ZmbM_HermitSkinny_Black @ <3636.025391, 12.433807, 8871.909180> ... Lifespan:  Set to 60 minutes.
[EOnDrop] Zombie Spawned [15] ZmbF_HikerSkinny_Red @ <3639.721924, 14.480000, 8831.279297> ... Lifespan:  Set to 60 minutes.
[EOnDrop] Zombie Spawned [16] ZmbM_HunterOld_Summer @ <3631.406982, 14.480000, 8839.080078> ... Lifespan:  Set to 60 minutes.
[EOnDrop] Zombie Spawned [17] ZmbM_HikerSkinny_Yellow @ <3617.042480, 14.988329, 8820.900391> ... Lifespan:  Set to 60 minutes.
[EOnDrop] Zombie Spawned [18] ZmbF_HikerSkinny_Green @ <3619.220947, 14.480000, 8840.995117> ... Lifespan:  Set to 60 minutes.
[EOnDrop] Zombie Spawned [19] ZmbM_HunterOld_Summer @ <3634.706299, 14.480000, 8837.781250> ... Lifespan:  Set to 60 minutes.
[EOnDrop] Zombie Spawned [20] ZmbM_HermitSkinny_Black @ <3618.916016, 15.208931, 8792.690430> ... Lifespan:  Set to 60 minutes.
[EOnDrop] Zombie Spawned [21] ZmbM_HunterOld_Autumn @ <3665.218750, 12.171113, 8810.475586> ... Lifespan:  Set to 60 minutes.
[EOnDrop] Zombie Spawned [22] ZmbF_MilkMaidOld_Green @ <3660.084961, 14.136250, 8848.984375> ... Lifespan:  Set to 60 minutes.
[EOnDrop] Zombie Spawned [23] ZmbF_SurvivorNormal_Red @ <3636.215332, 14.480000, 8853.671875> ... Lifespan:  Set to 60 minutes.
[EOnDrop] Zombie Spawned [24] ZmbM_HermitSkinny_Beige @ <3639.310303, 14.891191, 8804.041016> ... Lifespan:  Set to 60 minutes.
[EOnDrop] Zombie Spawned [25] ZmbF_MilkMaidOld_Beige @ <3636.976563, 14.480000, 8840.828125> ... Lifespan:  Set to 60 minutes.
[EOnDrop] Zombie Spawned [26] ZmbF_MilkMaidOld_Grey @ <3670.517090, 12.110894, 8841.002930> ... Lifespan:  Set to 60 minutes.
[EOnDrop] Zombie Spawned [27] ZmbM_HikerSkinny_Blue @ <3636.810791, 14.586809, 8794.652344> ... Lifespan:  Set to 60 minutes.
[EOnDrop] Zombie Spawned [28] ZmbM_VillagerOld_Green @ <3613.443604, 14.480000, 8835.212891> ... Lifespan:  Set to 60 minutes.
[EOnDrop] Zombie Spawned [29] ZmbM_HunterOld_Autumn @ <3616.009033, 14.480000, 8860.190430> ... Lifespan:  Set to 60 minutes.
[EOnDrop] Zombie Spawned [30] ZmbF_VillagerOld_White @ <3668.526367, 12.026367, 8864.342773> ... Lifespan:  Set to 60 minutes.
[EOnDrop] Zombie Spawned [31] ZmbM_MotobikerFat_Beige @ <3594.069336, 14.409861, 8840.739258> ... Lifespan:  Set to 60 minutes.
[EOnDrop] Zombie Spawned [32] ZmbF_HikerSkinny_Grey @ <3654.483643, 14.480000, 8856.567383> ... Lifespan:  Set to 60 minutes.
[EOnDrop] Zombie Spawned [33] ZmbF_HikerSkinny_Red @ <3641.135742, 14.891816, 8806.719727> ... Lifespan:  Set to 60 minutes.
[EOnDrop] Zombie Spawned [34] ZmbM_HunterOld_Autumn @ <3647.262207, 14.521522, 8820.783203> ... Lifespan:  Set to 60 minutes.
[EOnDrop] Zombie Spawned [35] ZmbM_HikerSkinny_Green @ <3582.927979, 14.248026, 8828.559570> ... Lifespan:  Set to 60 minutes.
[EOnDrop] Zombie Spawned [36] ZmbF_VillagerOld_White @ <3635.678223, 14.480000, 8849.324219> ... Lifespan:  Set to 60 minutes.
[EOnDrop] Zombie Spawned [37] ZmbM_HunterOld_Spring @ <3650.351318, 14.489910, 8820.880859> ... Lifespan:  Set to 60 minutes.
[EOnDrop] Zombie Spawned [38] ZmbF_MilkMaidOld_Grey @ <3598.103027, 14.329083, 8864.760742> ... Lifespan:  Set to 60 minutes.
[EOnDrop] Zombie Spawned [39] ZmbF_VillagerOld_Red @ <3613.447510, 14.480000, 8838.496094> ... Lifespan:  Set to 60 minutes.
[EOnDrop] Zombie Spawned [40] ZmbM_HermitSkinny_Green @ <3645.377197, 14.551993, 8798.983398> ... Lifespan:  Set to 60 minutes.
[EOnDrop] Zombie Spawned [41] ZmbF_HikerSkinny_Blue @ <3624.306641, 14.480000, 8831.682617> ... Lifespan:  Set to 60 minutes.
[EOnDrop] Zombie Spawned [42] ZmbF_HikerSkinny_Blue @ <3593.616455, 14.380054, 8842.248047> ... Lifespan:  Set to 60 minutes.
[EOnDrop] Zombie Spawned [43] ZmbF_SurvivorNormal_Orange @ <3607.512207, 14.480000, 8792.386719> ... Lifespan:  Set to 60 minutes.
[EOnDrop] Zombie Spawned [44] ZmbM_VillagerOld_Green @ <3605.288330, 14.480000, 8849.992188> ... Lifespan:  Set to 60 minutes.
[EOnDrop] Zombie Spawned [45] ZmbM_FarmerFat_Green @ <3624.093262, 15.230378, 8806.840820> ... Lifespan:  Set to 60 minutes.
[EOnDrop] Zombie Spawned [46] ZmbM_HikerSkinny_Yellow @ <3627.928467, 14.546370, 8823.975586> ... Lifespan:  Set to 60 minutes.
[EOnDrop] Zombie Spawned [47] ZmbF_MilkMaidOld_Grey @ <3648.862305, 14.480000, 8848.816406> ... Lifespan:  Set to 60 minutes.
[EOnDrop] Zombie Spawned [48] ZmbF_MilkMaidOld_Grey @ <3620.048340, 14.473968, 8869.158203> ... Lifespan:  Set to 60 minutes.
[EOnDrop] Spawn failed for zombie [49] 'ZmbM_SurvivorDean_Grey', it does not exist in DayZ!
[EOnDrop] Zombie Spawned [50] ZmbM_HermitSkinny_Beige @ <3663.086426, 12.725316, 8799.748047> ... Lifespan:  Set to 60 minutes.
[EOnDrop] Drop spawned with 50 infected at <3630.059814, 154.249634, 8832.413086>.
[EOnDrop] Supplies have been dropped near RCFI.
