[InitializeContainer] Container created on 2021-05-05 @ 22-11-17
[InitializeContainer] Winds: Vector <10.842129, 0.000000, 6.194863>, Speed 12.4871mps, Strength 0.1
[AirdropContainerFall] Drop Type 'Military East', Container: 'RANDOM', Mode/Quantity/Iems: Random/20/28, Flare:  10%
[AirdropContainerFall] Loot Spawned [1] AK_RailHndgrd @ <4537.627930, 7.781000, 12059.617188> ... Lifespan: Set to 120 minutes.
[AirdropContainerFall] Loot Spawned [2] CanOpener @ <4539.296387, 7.781000, 12059.660156> ... Lifespan: Set to 120 minutes.
[AirdropContainerFall] Loot Spawned [3] AmmoBox_762x39_20Rnd @ <4537.484863, 7.781000, 12059.513672> ... Lifespan: Set to 120 minutes.
[AirdropContainerFall] Loot Spawned [4] AK_RailHndgrd @ <4536.702637, 7.781000, 12055.766602> ... Lifespan: Set to 120 minutes.
[AirdropContainerFall] Loot Spawned [5] UniversalLight @ <4540.561523, 7.781000, 12057.105469> ... Lifespan: Set to 120 minutes.
[AirdropContainerFall] Loot Spawned [6] AK_RailHndgrd @ <4536.397949, 7.781000, 12060.213867> ... Lifespan: Set to 120 minutes.
[AirdropContainerFall] Loot Spawned [7] GorkaPants_Autumn @ <4538.151367, 7.781000, 12056.249023> ... Lifespan: Set to 120 minutes.
[AirdropContainerFall] Loot Spawned [8] TacticalGloves_Green @ <4537.086426, 7.781000, 12056.845703> ... Lifespan: Set to 120 minutes.
[AirdropContainerFall] Loot Spawned [9] TacticalGloves_Green @ <4539.791992, 7.781000, 12057.408203> ... Lifespan: Set to 120 minutes.
[AirdropContainerFall] Loot Spawned [10] GorkaEJacket_Flat @ <4540.363281, 7.781000, 12058.658203> ... Lifespan: Set to 120 minutes.
[AirdropContainerFall] Loot Spawned [11] GorkaEJacket_Flat @ <4539.204590, 7.781000, 12059.383789> ... Lifespan: Set to 120 minutes.
[AirdropContainerFall] Loot Spawned [12] GorkaEJacket_Autumn @ <4538.715820, 7.781000, 12056.119141> ... Lifespan: Set to 120 minutes.
[AirdropContainerFall] Loot Spawned [13] Binoculars @ <4539.515137, 7.781000, 12055.573242> ... Lifespan: Set to 120 minutes.
[AirdropContainerFall] Loot Spawned [14] TacticalGloves_Green @ <4536.277832, 7.781000, 12058.030273> ... Lifespan: Set to 120 minutes.
[AirdropContainerFall] Loot Spawned [15] AK_RailHndgrd @ <4535.939453, 7.781000, 12058.297852> ... Lifespan: Set to 120 minutes.
[AirdropContainerFall] Loot Spawned [16] AK_Suppressor @ <4536.297363, 7.781000, 12055.594727> ... Lifespan: Set to 120 minutes.
[AirdropContainerFall] Loot Spawned [17] AK_Suppressor @ <4535.869141, 7.781000, 12055.894531> ... Lifespan: Set to 120 minutes.
[AirdropContainerFall] Loot Spawned [18] AK_Bayonet @ <4536.719727, 7.781000, 12056.972656> ... Lifespan: Set to 120 minutes.
[AirdropContainerFall] Loot Spawned [19] AK_PlasticBttstck @ <4537.484375, 7.781000, 12056.662109> ... Lifespan: Set to 120 minutes.
[AirdropContainerFall] Loot Spawned [20] TacticalGoggles @ <4537.148438, 7.781000, 12059.003906> ... Lifespan: Set to 120 minutes.
[AirdropContainerUnstuck] Container was unstuck.
[~AirdropContainerBase] Container Destroyed on 2021-05-06 @ 16-17-18
