[AirdropPlane] Aircraft created on 2021-05-21 @ 18-18-10
[InitializeAircraft] Aircraft Initialized: Mount Katahdin @ 7169/11620 (true)
[EOnBeforeDrop] The Aircraft is 1 Km from Mount Katahdin. @ <8145.743652, 380.464752, 10483.250977>
[EOnDrop] Zombie Spawned [1] ZmbF_MilkMaidOld_Green @ <7167.337402, 223.240005, 11595.532227> ... Lifespan:  Set to 120 minutes.
[EOnDrop] Spawn failed for zombie [2] 'ZmbM_SurvivorDean_Blue', it does not exist in DayZ!
[EOnDrop] Zombie Spawned [3] ZmbF_SurvivorNormal_White @ <7169.247070, 223.240005, 11610.001953> ... Lifespan:  Set to 120 minutes.
[EOnDrop] Zombie Spawned [4] ZmbF_HikerSkinny_Green @ <7177.396973, 223.240005, 11613.689453> ... Lifespan:  Set to 120 minutes.
[EOnDrop] Zombie Spawned [5] ZmbM_HermitSkinny_Black @ <7170.636719, 223.240005, 11631.260742> ... Lifespan:  Set to 120 minutes.
[EOnDrop] Zombie Spawned [6] ZmbF_HikerSkinny_Blue @ <7175.567383, 223.240005, 11602.429688> ... Lifespan:  Set to 120 minutes.
[EOnDrop] Zombie Spawned [7] ZmbM_HermitSkinny_Green @ <7166.594727, 223.240005, 11625.174805> ... Lifespan:  Set to 120 minutes.
[EOnDrop] Spawn failed for zombie [8] 'ZmbM_SurvivorDean_Blue', it does not exist in DayZ!
[EOnDrop] Zombie Spawned [9] ZmbM_VillagerOld_Blue @ <7178.651855, 223.240005, 11610.937500> ... Lifespan:  Set to 120 minutes.
[EOnDrop] Zombie Spawned [10] ZmbM_HikerSkinny_Blue @ <7174.215820, 223.240005, 11633.305664> ... Lifespan:  Set to 120 minutes.
[EOnDrop] Zombie Spawned [11] ZmbM_FarmerFat_Blue @ <7175.479980, 223.240005, 11596.230469> ... Lifespan:  Set to 120 minutes.
[EOnDrop] Zombie Spawned [12] ZmbM_HunterOld_Summer @ <7174.040039, 223.240005, 11619.492188> ... Lifespan:  Set to 120 minutes.
[EOnDrop] Spawn failed for zombie [13] 'ZmbM_SurvivorDean_Black', it does not exist in DayZ!
[EOnDrop] Zombie Spawned [14] ZmbM_FarmerFat_Brown @ <7180.604980, 223.240005, 11621.043945> ... Lifespan:  Set to 120 minutes.
[EOnDrop] Zombie Spawned [15] ZmbF_SurvivorNormal_White @ <7179.934570, 223.240005, 11629.832031> ... Lifespan:  Set to 120 minutes.
[EOnDrop] Zombie Spawned [16] ZmbF_VillagerOld_Blue @ <7176.250977, 223.240005, 11623.565430> ... Lifespan:  Set to 120 minutes.
[EOnDrop] Zombie Spawned [17] ZmbF_VillagerOld_Green @ <7187.594238, 223.240005, 11607.840820> ... Lifespan:  Set to 120 minutes.
[EOnDrop] Zombie Spawned [18] ZmbM_MotobikerFat_Beige @ <7160.416992, 223.240005, 11618.078125> ... Lifespan:  Set to 120 minutes.
[EOnDrop] Zombie Spawned [19] ZmbF_MilkMaidOld_Green @ <7175.604492, 223.240005, 11610.494141> ... Lifespan:  Set to 120 minutes.
[EOnDrop] Zombie Spawned [20] ZmbF_VillagerOld_Green @ <7165.812012, 223.240005, 11620.268555> ... Lifespan:  Set to 120 minutes.
[EOnDrop] Zombie Spawned [21] ZmbF_MilkMaidOld_Green @ <7160.510742, 223.240005, 11605.573242> ... Lifespan:  Set to 120 minutes.
[EOnDrop] Zombie Spawned [22] ZmbM_HermitSkinny_Beige @ <7176.758789, 223.240005, 11612.553711> ... Lifespan:  Set to 120 minutes.
[EOnDrop] Zombie Spawned [23] ZmbM_FarmerFat_Brown @ <7165.348145, 223.240005, 11631.196289> ... Lifespan:  Set to 120 minutes.
[EOnDrop] Zombie Spawned [24] ZmbF_MilkMaidOld_Grey @ <7175.143555, 223.240005, 11628.413086> ... Lifespan:  Set to 120 minutes.
[EOnDrop] Zombie Spawned [25] ZmbM_HunterOld_Spring @ <7188.711914, 223.240005, 11617.506836> ... Lifespan:  Set to 120 minutes.
[EOnDrop] Zombie Spawned [26] ZmbM_HunterOld_Winter @ <7168.235840, 223.240005, 11607.692383> ... Lifespan:  Set to 120 minutes.
[EOnDrop] Zombie Spawned [27] ZmbF_SurvivorNormal_White @ <7172.577148, 223.240005, 11602.897461> ... Lifespan:  Set to 120 minutes.
[EOnDrop] Zombie Spawned [28] ZmbM_HermitSkinny_Black @ <7178.202637, 223.240005, 11613.881836> ... Lifespan:  Set to 120 minutes.
[EOnDrop] Zombie Spawned [29] ZmbF_SurvivorNormal_White @ <7181.040527, 223.240005, 11623.948242> ... Lifespan:  Set to 120 minutes.
[EOnDrop] Zombie Spawned [30] ZmbF_SurvivorNormal_Blue @ <7164.209473, 223.240005, 11617.476563> ... Lifespan:  Set to 120 minutes.
[EOnDrop] Zombie Spawned [31] ZmbF_HikerSkinny_Red @ <7160.556641, 223.240005, 11603.885742> ... Lifespan:  Set to 120 minutes.
[EOnDrop] Zombie Spawned [32] ZmbM_HikerSkinny_Blue @ <7179.206543, 223.240005, 11629.066406> ... Lifespan:  Set to 120 minutes.
[EOnDrop] Zombie Spawned [33] ZmbM_HermitSkinny_Green @ <7154.701660, 223.240005, 11608.145508> ... Lifespan:  Set to 120 minutes.
[EOnDrop] Zombie Spawned [34] ZmbF_SurvivorNormal_Orange @ <7171.834473, 223.240005, 11608.775391> ... Lifespan:  Set to 120 minutes.
[EOnDrop] Zombie Spawned [35] ZmbM_MotobikerFat_Blue @ <7159.651855, 223.240005, 11608.345703> ... Lifespan:  Set to 120 minutes.
[EOnDrop] Zombie Spawned [36] ZmbM_FarmerFat_Blue @ <7159.833496, 223.240005, 11605.910156> ... Lifespan:  Set to 120 minutes.
[EOnDrop] Zombie Spawned [37] ZmbM_HunterOld_Winter @ <7176.652344, 223.240005, 11604.297852> ... Lifespan:  Set to 120 minutes.
[EOnDrop] Zombie Spawned [38] ZmbF_HikerSkinny_Green @ <7179.388672, 223.240005, 11613.113281> ... Lifespan:  Set to 120 minutes.
[EOnDrop] Zombie Spawned [39] ZmbF_HikerSkinny_Green @ <7167.003418, 223.240005, 11597.442383> ... Lifespan:  Set to 120 minutes.
[EOnDrop] Zombie Spawned [40] ZmbM_VillagerOld_Blue @ <7156.437988, 223.240005, 11615.541992> ... Lifespan:  Set to 120 minutes.
[EOnDrop] Zombie Spawned [41] ZmbM_MotobikerFat_Black @ <7160.743164, 223.240005, 11628.458008> ... Lifespan:  Set to 120 minutes.
[EOnDrop] Zombie Spawned [42] ZmbM_MotobikerFat_Beige @ <7152.745605, 223.240005, 11619.470703> ... Lifespan:  Set to 120 minutes.
[EOnDrop] Drop spawned with 42 infected at <7171.818848, 597.578735, 11614.772461>.
[EOnDrop] Supplies have been dropped near Mount Katahdin.
[EOnBeforeDelete] Aircraft despawned @ <2304.363770, 152.000610, 17270.046875>
[~AirdropPlane] Aircraft destroyed.
