[InitializeContainer] Container created on 2021-05-14 @ 23-29-01
[InitializeContainer] Winds: Vector <-7.517516, 0.000000, 15.054171>, Speed 16.8268mps, Strength 0.1
[AirdropContainerFall] Drop Type 'Medical', Container: 'RANDOM', Mode/Quantity/Iems: Random/20/33, Flare:  10%
[AirdropContainerFall] Loot Spawned [1] MedicalScrubsHat_Green @ <3710.372803, 11.895396, 8740.804688> ... Lifespan: Set to 120 minutes.
[AirdropContainerFall] Loot Spawned [2] WaterBottle @ <3708.321533, 11.577216, 8737.014648> ... Lifespan: Set to 120 minutes.
[AirdropContainerFall] Spawn failed for item [3] 'CharcolaTablets', does not exist in DayZ!
[AirdropContainerFall] Loot Spawned [4] MedicalScrubsHat_White @ <3711.740234, 12.018789, 8737.110352> ... Lifespan: Set to 120 minutes.
[AirdropContainerFall] Spawn failed for item [5] 'CharcolaTablets', does not exist in DayZ!
[AirdropContainerFall] Loot Spawned [6] BloodBagEmpty @ <3709.913818, 11.834581, 8740.857422> ... Lifespan: Set to 120 minutes.
[AirdropContainerFall] Loot Spawned [7] DisinfectantAlcohol @ <3709.926025, 11.774655, 8736.539063> ... Lifespan: Set to 120 minutes.
[AirdropContainerFall] Loot Spawned [8] MedicalScrubsShirt_Green @ <3710.759521, 11.921521, 8738.744141> ... Lifespan: Set to 120 minutes.
[AirdropContainerFall] Loot Spawned [9] DisinfectantSpray @ <3705.904297, 11.325068, 8740.241211> ... Lifespan: Set to 120 minutes.
[AirdropContainerFall] Loot Spawned [10] BloodBagIV @ <3707.322754, 11.472937, 8738.439453> ... Lifespan: Set to 120 minutes.
[AirdropContainerFall] Loot Spawned [11] SalineBagIV @ <3706.941895, 11.434074, 8739.022461> ... Lifespan: Set to 120 minutes.
[AirdropContainerFall] Loot Spawned [12] BloodSyringe @ <3707.936035, 11.574604, 8740.511719> ... Lifespan: Set to 120 minutes.
[AirdropContainerFall] Loot Spawned [13] SurgicalMask @ <3709.414795, 11.726480, 8737.672852> ... Lifespan: Set to 120 minutes.
[AirdropContainerFall] Loot Spawned [14] BloodTestKit @ <3705.884521, 11.316038, 8739.964844> ... Lifespan: Set to 120 minutes.
[AirdropContainerFall] Loot Spawned [15] BloodBagEmpty @ <3706.978027, 11.478803, 8741.870117> ... Lifespan: Set to 120 minutes.
[AirdropContainerFall] Loot Spawned [16] MedicalScrubsPants_White @ <3707.410156, 11.471235, 8737.597656> ... Lifespan: Set to 120 minutes.
[AirdropContainerFall] Loot Spawned [17] SurgicalGloves_LightBlue @ <3706.748291, 11.392823, 8737.885742> ... Lifespan: Set to 120 minutes.
[AirdropContainerFall] Loot Spawned [18] Heatpack @ <3707.893066, 11.570307, 8740.886719> ... Lifespan: Set to 120 minutes.
[AirdropContainerFall] Loot Spawned [19] Epinephrine @ <3708.740479, 11.679113, 8742.116211> ... Lifespan: Set to 120 minutes.
[AirdropContainerFall] Loot Spawned [20] DisinfectantSpray @ <3710.236328, 11.834991, 8737.883789> ... Lifespan: Set to 120 minutes.
[AirdropContainerUnstuck] Container was unstuck.
[~AirdropContainerBase] Container Destroyed on 2021-05-15 @ 00-11-01
