[InitializeContainer] Container created on 2021-05-22 @ 03-12-02
[InitializeContainer] Winds: Vector <4.553974, 0.000000, 13.861771>, Speed 14.5907mps, Strength 0.1
[AirdropContainerFall] Drop Type 'Medical', Container: 'RANDOM', Mode/Quantity/Iems: Random/20/33, Flare:  10%
[AirdropContainerFall] Loot Spawned [1] SalineBag @ <2126.053711, 9.906335, 9023.503906> ... Lifespan: Set to 120 minutes.
[AirdropContainerFall] Loot Spawned [2] MedicalScrubsShirt_Green @ <2122.488525, 10.253959, 9022.517578> ... Lifespan: Set to 120 minutes.
[AirdropContainerFall] Loot Spawned [3] MedicalScrubsHat_Blue @ <2121.822754, 10.310255, 9023.090820> ... Lifespan: Set to 120 minutes.
[AirdropContainerFall] Loot Spawned [4] BloodBagEmpty @ <2123.677490, 9.937911, 9026.665039> ... Lifespan: Set to 120 minutes.
[AirdropContainerFall] Loot Spawned [5] SalineBag @ <2125.279785, 10.001032, 9022.139648> ... Lifespan: Set to 120 minutes.
[AirdropContainerFall] Loot Spawned [6] DisinfectantSpray @ <2126.371094, 9.923327, 9022.520508> ... Lifespan: Set to 120 minutes.
[AirdropContainerFall] Loot Spawned [7] MedicalScrubsHat_Blue @ <2126.332520, 9.812049, 9025.764648> ... Lifespan: Set to 120 minutes.
[AirdropContainerFall] Loot Spawned [8] BloodBagEmpty @ <2125.369873, 9.906862, 9024.514648> ... Lifespan: Set to 120 minutes.
[AirdropContainerFall] Spawn failed for item [9] 'CharcolaTablets', does not exist in DayZ!
[AirdropContainerFall] Loot Spawned [10] PurificationTablets @ <2126.062012, 9.887129, 9024.046875> ... Lifespan: Set to 120 minutes.
[AirdropContainerFall] Loot Spawned [11] SurgicalGloves_LightBlue @ <2122.526855, 10.319254, 9021.111328> ... Lifespan: Set to 120 minutes.
[AirdropContainerFall] Loot Spawned [12] SurgicalGloves_White @ <2124.631104, 10.050166, 9021.982422> ... Lifespan: Set to 120 minutes.
[AirdropContainerFall] Loot Spawned [13] BandageDressing @ <2124.835449, 10.000432, 9022.777344> ... Lifespan: Set to 120 minutes.
[AirdropContainerFall] Loot Spawned [14] MedicalScrubsPants_Blue @ <2125.581787, 9.934326, 9023.417969> ... Lifespan: Set to 120 minutes.
[AirdropContainerFall] Loot Spawned [15] DisinfectantAlcohol @ <2125.787598, 9.880164, 9024.639648> ... Lifespan: Set to 120 minutes.
[AirdropContainerFall] Loot Spawned [16] MedicalScrubsHat_White @ <2126.050049, 9.877942, 9024.317383> ... Lifespan: Set to 120 minutes.
[AirdropContainerFall] Loot Spawned [17] Morphine @ <2124.130127, 9.894665, 9026.662109> ... Lifespan: Set to 120 minutes.
[AirdropContainerFall] Loot Spawned [18] PurificationTablets @ <2121.725342, 10.169777, 9026.355469> ... Lifespan: Set to 120 minutes.
[AirdropContainerFall] Spawn failed for item [19] 'MedicalScrubShirt_White', does not exist in DayZ!
[AirdropContainerFall] Loot Spawned [20] SalineBagIV @ <2123.236328, 9.978197, 9026.928711> ... Lifespan: Set to 120 minutes.
[AirdropContainerUnstuck] Container was unstuck.
[~AirdropContainerBase] Container Destroyed on 2021-05-22 @ 03-32-02
