[AirdropPlane] Aircraft created on 2021-05-15 @ 07-14-38
[InitializeAircraft] Aircraft Initialized: Mount Katahdin @ 7169/11620 (true)
[EOnBeforeDrop] The Aircraft is 1 Km from Mount Katahdin. @ <8104.826660, 397.790771, 10449.388672>
[EOnDrop] Zombie Spawned [1] ZmbM_VillagerOld_Blue @ <7170.116699, 223.240005, 11621.521484> ... Lifespan:  Set to 120 minutes.
[EOnDrop] Zombie Spawned [2] ZmbM_MotobikerFat_Beige @ <7163.079102, 223.240005, 11624.018555> ... Lifespan:  Set to 120 minutes.
[EOnDrop] Zombie Spawned [3] ZmbF_MilkMaidOld_Black @ <7181.593750, 223.240005, 11616.732422> ... Lifespan:  Set to 120 minutes.
[EOnDrop] Zombie Spawned [4] ZmbM_VillagerOld_White @ <7175.798340, 223.240005, 11628.323242> ... Lifespan:  Set to 120 minutes.
[EOnDrop] Spawn failed for zombie [5] 'ZmbM_SurvivorDean_Blue', it does not exist in DayZ!
[EOnDrop] Zombie Spawned [6] ZmbF_SurvivorNormal_Red @ <7179.491211, 223.240005, 11615.081055> ... Lifespan:  Set to 120 minutes.
[EOnDrop] Zombie Spawned [7] ZmbM_HermitSkinny_Beige @ <7182.361328, 223.240005, 11635.167969> ... Lifespan:  Set to 120 minutes.
[EOnDrop] Zombie Spawned [8] ZmbF_MilkMaidOld_Green @ <7177.205078, 223.240005, 11605.768555> ... Lifespan:  Set to 120 minutes.
[EOnDrop] Zombie Spawned [9] ZmbM_FarmerFat_Brown @ <7184.001953, 223.240005, 11601.121094> ... Lifespan:  Set to 120 minutes.
[EOnDrop] Zombie Spawned [10] ZmbM_MotobikerFat_Beige @ <7162.916992, 223.240005, 11626.917969> ... Lifespan:  Set to 120 minutes.
[EOnDrop] Zombie Spawned [11] ZmbF_MilkMaidOld_Grey @ <7179.573242, 223.240005, 11611.532227> ... Lifespan:  Set to 120 minutes.
[EOnDrop] Spawn failed for zombie [12] 'ZmbM_SurvivorDean_Blue', it does not exist in DayZ!
[EOnDrop] Zombie Spawned [13] ZmbM_FarmerFat_Brown @ <7175.821289, 223.240005, 11602.557617> ... Lifespan:  Set to 120 minutes.
[EOnDrop] Zombie Spawned [14] ZmbF_VillagerOld_Blue @ <7169.588379, 223.240005, 11627.783203> ... Lifespan:  Set to 120 minutes.
[EOnDrop] Zombie Spawned [15] ZmbM_HermitSkinny_Red @ <7175.126953, 223.240005, 11600.045898> ... Lifespan:  Set to 120 minutes.
[EOnDrop] Zombie Spawned [16] ZmbF_MilkMaidOld_Green @ <7187.685059, 223.240005, 11611.086914> ... Lifespan:  Set to 120 minutes.
[EOnDrop] Zombie Spawned [17] ZmbF_SurvivorNormal_Blue @ <7169.546875, 223.240005, 11628.816406> ... Lifespan:  Set to 120 minutes.
[EOnDrop] Zombie Spawned [18] ZmbF_VillagerOld_Green @ <7166.850586, 223.240005, 11604.847656> ... Lifespan:  Set to 120 minutes.
[EOnDrop] Zombie Spawned [19] ZmbM_HermitSkinny_Red @ <7188.595703, 223.240005, 11614.386719> ... Lifespan:  Set to 120 minutes.
[EOnDrop] Zombie Spawned [20] ZmbF_SurvivorNormal_Orange @ <7173.424805, 223.240005, 11604.211914> ... Lifespan:  Set to 120 minutes.
[EOnDrop] Zombie Spawned [21] ZmbF_MilkMaidOld_Grey @ <7174.154297, 223.240005, 11604.183594> ... Lifespan:  Set to 120 minutes.
[EOnDrop] Zombie Spawned [22] ZmbF_SurvivorNormal_White @ <7173.927734, 223.240005, 11632.944336> ... Lifespan:  Set to 120 minutes.
[EOnDrop] Zombie Spawned [23] ZmbF_MilkMaidOld_Black @ <7166.804199, 223.240005, 11613.085938> ... Lifespan:  Set to 120 minutes.
[EOnDrop] Zombie Spawned [24] ZmbM_FarmerFat_Beige @ <7160.836426, 223.240005, 11624.549805> ... Lifespan:  Set to 120 minutes.
[EOnDrop] Zombie Spawned [25] ZmbM_VillagerOld_Green @ <7165.078613, 223.240005, 11622.960938> ... Lifespan:  Set to 120 minutes.
[EOnDrop] Zombie Spawned [26] ZmbF_SurvivorNormal_Blue @ <7163.689453, 223.240005, 11615.224609> ... Lifespan:  Set to 120 minutes.
[EOnDrop] Zombie Spawned [27] ZmbM_priestPopSkinny @ <7179.187500, 223.240005, 11614.266602> ... Lifespan:  Set to 120 minutes.
[EOnDrop] Spawn failed for zombie [28] 'ZmbM_SurvivorDean_Grey', it does not exist in DayZ!
[EOnDrop] Zombie Spawned [29] ZmbM_HunterOld_Summer @ <7155.706543, 223.240005, 11618.929688> ... Lifespan:  Set to 120 minutes.
[EOnDrop] Zombie Spawned [30] ZmbM_HunterOld_Spring @ <7159.078613, 223.240005, 11608.767578> ... Lifespan:  Set to 120 minutes.
[EOnDrop] Zombie Spawned [31] ZmbF_MilkMaidOld_Green @ <7181.361328, 223.240005, 11618.476563> ... Lifespan:  Set to 120 minutes.
[EOnDrop] Zombie Spawned [32] ZmbM_MotobikerFat_Beige @ <7160.924316, 223.240005, 11626.676758> ... Lifespan:  Set to 120 minutes.
[EOnDrop] Zombie Spawned [33] ZmbM_VillagerOld_Green @ <7182.609375, 223.240005, 11617.935547> ... Lifespan:  Set to 120 minutes.
[EOnDrop] Zombie Spawned [34] ZmbM_VillagerOld_Blue @ <7164.379883, 223.240005, 11620.816406> ... Lifespan:  Set to 120 minutes.
[EOnDrop] Zombie Spawned [35] ZmbM_HermitSkinny_Beige @ <7161.625000, 223.240005, 11619.676758> ... Lifespan:  Set to 120 minutes.
[EOnDrop] Spawn failed for zombie [36] 'ZmbM_SurvivorDean_Black', it does not exist in DayZ!
[EOnDrop] Zombie Spawned [37] ZmbF_HikerSkinny_Grey @ <7192.024414, 223.240005, 11619.761719> ... Lifespan:  Set to 120 minutes.
[EOnDrop] Zombie Spawned [38] ZmbM_HermitSkinny_Black @ <7165.275391, 223.240005, 11599.849609> ... Lifespan:  Set to 120 minutes.
[EOnDrop] Zombie Spawned [39] ZmbF_SurvivorNormal_Red @ <7163.241211, 223.240005, 11617.034180> ... Lifespan:  Set to 120 minutes.
[EOnDrop] Zombie Spawned [40] ZmbM_FarmerFat_Beige @ <7183.048340, 223.240005, 11624.891602> ... Lifespan:  Set to 120 minutes.
[EOnDrop] Zombie Spawned [41] ZmbM_HikerSkinny_Yellow @ <7172.117188, 223.240005, 11611.825195> ... Lifespan:  Set to 120 minutes.
[EOnDrop] Spawn failed for zombie [42] 'ZmbM_SurvivorDean_Blue', it does not exist in DayZ!
[EOnDrop] Drop spawned with 42 infected at <7173.985840, 596.576050, 11617.191406>.
[EOnDrop] Supplies have been dropped near Mount Katahdin.
[EOnBeforeDelete] Aircraft despawned @ <2667.706055, 152.000610, 17270.050781>
[~AirdropPlane] Aircraft destroyed.
