[AirdropPlane] Aircraft created on 2021-05-19 @ 00-01-53
[InitializeAircraft] Aircraft Initialized: Old Town @ 2059/9030 (true)
[EOnBeforeDrop] The Aircraft is 1 Km from Old Town. @ <1522.744629, 152.000610, 7629.249023>
[EOnDrop] Zombie Spawned [1] ZmbM_SkaterYoung_Blue @ <1999.242065, 9.690000, 8930.600586> ... Lifespan:  Set to 120 minutes.
[EOnDrop] Zombie Spawned [2] ZmbM_Jacket_khaki @ <2052.054932, 9.690000, 8980.283203> ... Lifespan:  Set to 120 minutes.
[EOnDrop] Zombie Spawned [3] ZmbM_PolicemanFat @ <2041.719116, 9.690000, 8974.414063> ... Lifespan:  Set to 120 minutes.
[EOnDrop] Zombie Spawned [4] ZmbM_CitizenASkinny_Brown @ <2019.167480, 9.690000, 8930.891602> ... Lifespan:  Set to 120 minutes.
[EOnDrop] Zombie Spawned [5] ZmbM_PatrolNormal_Summer @ <2036.984009, 9.690000, 8956.077148> ... Lifespan:  Set to 120 minutes.
[EOnDrop] Zombie Spawned [6] ZmbF_JournalistNormal_Red @ <2036.678223, 9.690000, 8947.248047> ... Lifespan:  Set to 120 minutes.
[EOnDrop] Zombie Spawned [7] ZmbM_Jacket_beige @ <2021.617065, 9.690000, 8931.344727> ... Lifespan:  Set to 120 minutes.
[EOnDrop] Zombie Spawned [8] ZmbM_ParamedicNormal_Red @ <2013.466064, 9.690000, 8930.189453> ... Lifespan:  Set to 120 minutes.
[EOnDrop] Zombie Spawned [9] ZmbM_PatientSkinny @ <2019.464111, 9.690000, 8922.636719> ... Lifespan:  Set to 120 minutes.
[EOnDrop] Zombie Spawned [10] ZmbF_Clerk_Normal_White @ <2065.952393, 9.690000, 8978.405273> ... Lifespan:  Set to 120 minutes.
[EOnDrop] Zombie Spawned [11] ZmbM_PatrolNormal_PautRev @ <2049.879639, 9.690000, 8968.450195> ... Lifespan:  Set to 120 minutes.
[EOnDrop] Zombie Spawned [12] ZmbM_Jacket_blue @ <2013.325684, 9.690000, 8961.399414> ... Lifespan:  Set to 120 minutes.
[EOnDrop] Zombie Spawned [13] ZmbM_ParamedicNormal_Red @ <2060.449707, 9.690000, 8964.405273> ... Lifespan:  Set to 120 minutes.
[EOnDrop] Zombie Spawned [14] ZmbF_ShortSkirt_yellow @ <2037.179077, 9.690000, 8996.254883> ... Lifespan:  Set to 120 minutes.
[EOnDrop] Zombie Spawned [15] ZmbF_ShortSkirt_checks @ <1998.067017, 9.690000, 8944.054688> ... Lifespan:  Set to 120 minutes.
[EOnDrop] Zombie Spawned [16] ZmbM_Jacket_khaki @ <2031.499512, 9.690000, 8909.268555> ... Lifespan:  Set to 120 minutes.
[EOnDrop] Zombie Spawned [17] ZmbM_PatrolNormal_Flat @ <2045.272339, 9.690000, 8946.685547> ... Lifespan:  Set to 120 minutes.
[EOnDrop] Zombie Spawned [18] ZmbF_CitizenANormal_Blue @ <2038.968262, 9.690000, 8984.014648> ... Lifespan:  Set to 120 minutes.
[EOnDrop] Zombie Spawned [19] ZmbF_Clerk_Normal_White @ <2004.114990, 9.690000, 8988.876953> ... Lifespan:  Set to 120 minutes.
[EOnDrop] Zombie Spawned [20] ZmbF_ShortSkirt_red @ <2049.479736, 9.690000, 8912.793945> ... Lifespan:  Set to 120 minutes.
[EOnDrop] Zombie Spawned [21] ZmbF_Clerk_Normal_White @ <2036.234009, 9.690000, 9002.440430> ... Lifespan:  Set to 120 minutes.
[EOnDrop] Zombie Spawned [22] ZmbF_CitizenANormal_Blue @ <2032.360107, 9.690000, 8952.895508> ... Lifespan:  Set to 120 minutes.
[EOnDrop] Zombie Spawned [23] ZmbF_CitizenANormal_Beige @ <2034.087402, 9.690000, 8929.283203> ... Lifespan:  Set to 120 minutes.
[EOnDrop] Zombie Spawned [24] ZmbM_CommercialPilotOld_Grey @ <2060.382813, 9.690000, 8918.306641> ... Lifespan:  Set to 120 minutes.
[EOnDrop] Zombie Spawned [25] ZmbM_JoggerSkinny_Green @ <2044.065796, 9.690000, 8992.459961> ... Lifespan:  Set to 120 minutes.
[EOnDrop] Zombie Spawned [26] ZmbM_Jacket_brown @ <1999.971558, 9.690000, 8942.905273> ... Lifespan:  Set to 120 minutes.
[EOnDrop] Zombie Spawned [27] ZmbM_Jacket_brown @ <2034.977295, 9.690000, 8978.489258> ... Lifespan:  Set to 120 minutes.
[EOnDrop] Zombie Spawned [28] ZmbF_ShortSkirt_black @ <2070.917236, 9.690000, 8968.178711> ... Lifespan:  Set to 120 minutes.
[EOnDrop] Zombie Spawned [29] ZmbM_CommercialPilotOld_Grey @ <2047.752441, 9.690000, 8977.131836> ... Lifespan:  Set to 120 minutes.
[EOnDrop] Zombie Spawned [30] ZmbM_Jacket_greenchecks @ <2015.326904, 9.690000, 8986.388672> ... Lifespan:  Set to 120 minutes.
[EOnDrop] Drop spawned with 30 infected at <2031.741211, 151.511490, 8958.946289>.
[EOnDrop] Supplies have been dropped near Old Town.
[EOnBeforeDelete] Aircraft despawned @ <5213.608398, 152.000610, 17271.775391>
[~AirdropPlane] Aircraft destroyed.
