[AirdropPlane] Aircraft created on 2021-05-21 @ 00-02-01
[InitializeAircraft] Aircraft Initialized: Mountainville @ 7280/8500 (true)
[EOnBeforeDrop] The Aircraft is 1 Km from Mountainville. @ <8382.171875, 156.970840, 7484.041016>
[EOnDrop] Zombie Spawned [1] ZmbM_SkaterYoung_Green @ <7301.184082, 7.150000, 8465.295898> ... Lifespan:  Set to 120 minutes.
[EOnDrop] Zombie Spawned [2] ZmbF_PatientOld @ <7359.181152, 7.150000, 8472.701172> ... Lifespan:  Set to 120 minutes.
[EOnDrop] Zombie Spawned [3] ZmbM_Jacket_khaki @ <7338.992676, 7.150000, 8422.766602> ... Lifespan:  Set to 120 minutes.
[EOnDrop] Zombie Spawned [4] ZmbF_JournalistNormal_Blue @ <7343.489746, 7.150000, 8425.261719> ... Lifespan:  Set to 120 minutes.
[EOnDrop] Zombie Spawned [5] ZmbF_JoggerSkinny_Green @ <7340.379395, 7.150000, 8469.839844> ... Lifespan:  Set to 120 minutes.
[EOnDrop] Zombie Spawned [6] ZmbM_SkaterYoung_Grey @ <7360.930664, 7.150000, 8437.951172> ... Lifespan:  Set to 120 minutes.
[EOnDrop] Zombie Spawned [7] ZmbF_CitizenANormal_Beige @ <7321.565430, 7.150000, 8409.960938> ... Lifespan:  Set to 120 minutes.
[EOnDrop] Zombie Spawned [8] ZmbF_DoctorSkinny @ <7331.763672, 7.150000, 8443.376953> ... Lifespan:  Set to 120 minutes.
[EOnDrop] Zombie Spawned [9] ZmbF_ShortSkirt_green @ <7350.041992, 7.150000, 8483.282227> ... Lifespan:  Set to 120 minutes.
[EOnDrop] Zombie Spawned [10] ZmbM_CitizenBFat_Red @ <7362.576172, 7.150000, 8430.079102> ... Lifespan:  Set to 120 minutes.
[EOnDrop] Zombie Spawned [11] ZmbF_JournalistNormal_Blue @ <7287.561523, 7.150000, 8483.662109> ... Lifespan:  Set to 120 minutes.
[EOnDrop] Zombie Spawned [12] ZmbF_JoggerSkinny_Red @ <7320.646484, 7.150000, 8442.298828> ... Lifespan:  Set to 120 minutes.
[EOnDrop] Zombie Spawned [13] ZmbF_JournalistNormal_Red @ <7313.530273, 7.150000, 8429.689453> ... Lifespan:  Set to 120 minutes.
[EOnDrop] Spawn failed for zombie [14] 'ZmbM_JacketNormal_greenchecks', it does not exist in DayZ!
[EOnDrop] Zombie Spawned [15] ZmbF_JournalistNormal_Blue @ <7349.326660, 7.150000, 8432.473633> ... Lifespan:  Set to 120 minutes.
[EOnDrop] Zombie Spawned [16] ZmbM_Jacket_bluechecks @ <7354.612793, 7.150000, 8466.334961> ... Lifespan:  Set to 120 minutes.
[EOnDrop] Zombie Spawned [17] ZmbM_JournalistSkinny @ <7320.229980, 7.150000, 8471.178711> ... Lifespan:  Set to 120 minutes.
[EOnDrop] Zombie Spawned [18] ZmbM_Jacket_magenta @ <7319.409180, 7.150000, 8447.120117> ... Lifespan:  Set to 120 minutes.
[EOnDrop] Zombie Spawned [19] ZmbM_PolicemanSpecForce @ <7336.671875, 7.150000, 8409.394531> ... Lifespan:  Set to 120 minutes.
[EOnDrop] Zombie Spawned [20] ZmbM_SkaterYoung_Brown @ <7319.562988, 7.150000, 8413.494141> ... Lifespan:  Set to 120 minutes.
[EOnDrop] Zombie Spawned [21] ZmbM_Jacket_magenta @ <7321.960938, 7.150000, 8454.405273> ... Lifespan:  Set to 120 minutes.
[EOnDrop] Zombie Spawned [22] ZmbF_Clerk_Normal_White @ <7311.540039, 7.150000, 8462.690430> ... Lifespan:  Set to 120 minutes.
[EOnDrop] Spawn failed for zombie [23] 'ZmbM_JacketNormal_greenchecks', it does not exist in DayZ!
[EOnDrop] Zombie Spawned [24] ZmbM_JournalistSkinny @ <7328.525879, 7.150000, 8464.247070> ... Lifespan:  Set to 120 minutes.
[EOnDrop] Zombie Spawned [25] ZmbM_Jacket_beige @ <7308.932617, 7.150000, 8440.768555> ... Lifespan:  Set to 120 minutes.
[EOnDrop] Zombie Spawned [26] ZmbM_CitizenASkinny_Red @ <7316.310547, 7.150000, 8439.694336> ... Lifespan:  Set to 120 minutes.
[EOnDrop] Zombie Spawned [27] ZmbF_ShortSkirt_black @ <7333.325195, 7.150000, 8461.462891> ... Lifespan:  Set to 120 minutes.
[EOnDrop] Zombie Spawned [28] ZmbF_JournalistNormal_Green @ <7312.003418, 7.150000, 8420.979492> ... Lifespan:  Set to 120 minutes.
[EOnDrop] Zombie Spawned [29] ZmbM_CitizenBFat_Red @ <7360.668945, 7.150000, 8463.932617> ... Lifespan:  Set to 120 minutes.
[EOnDrop] Drop spawned with 29 infected at <7328.621094, 147.878586, 8455.865234>.
[EOnDrop] Supplies have been dropped near Mountainville.
[EOnBeforeDelete] Aircraft despawned @ <-1000.723328, 152.000610, 16136.808594>
[~AirdropPlane] Aircraft destroyed.
