[InitializeContainer] Container created on 2021-05-21 @ 21-03-35
[InitializeContainer] Winds: Vector <-19.772404, 0.000000, 1.284832>, Speed 19.8141mps, Strength 0.1
[AirdropContainerFall] Drop Type 'Military West', Container: 'RANDOM', Mode/Quantity/Iems: Random/20/40, Flare:  10%
[AirdropContainerFall] Loot Spawned [1] MilitaryBoots_Black @ <7002.916016, 38.389297, 2499.783203> ... Lifespan: Set to 120 minutes.
[AirdropContainerFall] Loot Spawned [2] MilitaryBoots_Bluerock @ <7002.270020, 38.299091, 2499.929688> ... Lifespan: Set to 120 minutes.
[AirdropContainerFall] Loot Spawned [3] PistolSuppressor @ <7000.653320, 37.936188, 2501.151855> ... Lifespan: Set to 120 minutes.
[AirdropContainerFall] Loot Spawned [4] AmmoBox_45ACP_25Rnd @ <7003.341309, 37.557037, 2504.777100> ... Lifespan: Set to 120 minutes.
[AirdropContainerFall] Loot Spawned [5] MilitaryBoots_Black @ <7000.781250, 37.955009, 2501.135010> ... Lifespan: Set to 120 minutes.
[AirdropContainerFall] Loot Spawned [6] MilitaryBoots_Beige @ <6999.870117, 37.941193, 2500.370117> ... Lifespan: Set to 120 minutes.
[AirdropContainerFall] Loot Spawned [7] UKAssVest_Black @ <7006.062988, 38.641781, 2500.753906> ... Lifespan: Set to 120 minutes.
[AirdropContainerFall] Loot Spawned [8] UKAssVest_Olive @ <7002.944824, 37.571663, 2504.614014> ... Lifespan: Set to 120 minutes.
[AirdropContainerFall] Loot Spawned [9] MilitaryBoots_Brown @ <7002.062012, 37.599140, 2504.219727> ... Lifespan: Set to 120 minutes.
[AirdropContainerFall] Loot Spawned [10] M9A1_Bayonet @ <7005.104980, 38.435604, 2501.261475> ... Lifespan: Set to 120 minutes.
[AirdropContainerFall] Loot Spawned [11] TacticalGloves_Black @ <7004.473633, 37.952271, 2503.585693> ... Lifespan: Set to 120 minutes.
[AirdropContainerFall] Loot Spawned [12] UKAssVest_Olive @ <7006.139160, 38.547504, 2501.345947> ... Lifespan: Set to 120 minutes.
[AirdropContainerFall] Loot Spawned [13] M4_Suppressor @ <7003.771973, 38.041004, 2502.632080> ... Lifespan: Set to 120 minutes.
[AirdropContainerFall] Loot Spawned [14] UKAssVest_Camo @ <7005.935547, 38.545292, 2501.216064> ... Lifespan: Set to 120 minutes.
[AirdropContainerFall] Loot Spawned [15] AmmoBox_45ACP_25Rnd @ <7000.085938, 37.947235, 2500.499512> ... Lifespan: Set to 120 minutes.
[AirdropContainerFall] Loot Spawned [16] M9A1_Bayonet @ <7004.398926, 38.115620, 2502.595703> ... Lifespan: Set to 120 minutes.
[AirdropContainerFall] Loot Spawned [17] AssaultBag_Green @ <6999.706543, 37.831921, 2501.097412> ... Lifespan: Set to 120 minutes.
[AirdropContainerFall] Loot Spawned [18] AssaultBag_Ttsko @ <7004.285156, 38.157097, 2502.279053> ... Lifespan: Set to 120 minutes.
[AirdropContainerFall] Loot Spawned [19] M4_Suppressor @ <7002.179688, 37.712799, 2503.734131> ... Lifespan: Set to 120 minutes.
[AirdropContainerFall] Loot Spawned [20] UKAssVest_Khaki @ <7000.788086, 37.677013, 2503.262695> ... Lifespan: Set to 120 minutes.
[AirdropContainerUnstuck] Container was unstuck.
[~AirdropContainerBase] Container Destroyed on 2021-05-21 @ 21-23-33
