[AirdropPlane] Aircraft created on 2021-05-16 @ 01-23-02
[InitializeAircraft] Aircraft Initialized: Old Town @ 2059/9030 (true)
[EOnBeforeDrop] The Aircraft is 1 Km from Old Town. @ <1670.936523, 152.004089, 7582.407715>
[EOnDrop] Zombie Spawned [1] ZmbM_CitizenASkinny_Red @ <1994.609131, 9.690000, 8953.705078> ... Lifespan:  Set to 120 minutes.
[EOnDrop] Zombie Spawned [2] ZmbF_ParamedicNormal_Red @ <2033.138184, 9.690000, 8924.862305> ... Lifespan:  Set to 120 minutes.
[EOnDrop] Zombie Spawned [3] ZmbM_ParamedicNormal_Green @ <2064.715088, 9.690000, 8926.854492> ... Lifespan:  Set to 120 minutes.
[EOnDrop] Zombie Spawned [4] ZmbF_ShortSkirt_stripes @ <2044.879028, 9.690000, 8978.079102> ... Lifespan:  Set to 120 minutes.
[EOnDrop] Zombie Spawned [5] ZmbF_ShortSkirt_grey @ <2051.487061, 9.690000, 8941.876953> ... Lifespan:  Set to 120 minutes.
[EOnDrop] Zombie Spawned [6] ZmbF_ShortSkirt_beige @ <1996.932739, 9.690000, 8932.970703> ... Lifespan:  Set to 120 minutes.
[EOnDrop] Zombie Spawned [7] ZmbF_ShortSkirt_grey @ <2076.284424, 9.690000, 8982.057617> ... Lifespan:  Set to 120 minutes.
[EOnDrop] Zombie Spawned [8] ZmbF_JoggerSkinny_Brown @ <2063.023438, 9.690000, 8940.366211> ... Lifespan:  Set to 120 minutes.
[EOnDrop] Zombie Spawned [9] ZmbM_ClerkFat_Grey @ <2020.275024, 9.690000, 8963.514648> ... Lifespan:  Set to 120 minutes.
[EOnDrop] Zombie Spawned [10] ZmbF_ShortSkirt_red @ <1997.251221, 9.690000, 8939.410156> ... Lifespan:  Set to 120 minutes.
[EOnDrop] Zombie Spawned [11] ZmbF_JoggerSkinny_Green @ <2024.244507, 9.690000, 8937.598633> ... Lifespan:  Set to 120 minutes.
[EOnDrop] Zombie Spawned [12] ZmbF_CitizenANormal_Brown @ <2075.774414, 9.699436, 8934.130859> ... Lifespan:  Set to 120 minutes.
[EOnDrop] Zombie Spawned [13] ZmbF_ShortSkirt_checks @ <2039.252197, 9.690000, 8957.035156> ... Lifespan:  Set to 120 minutes.
[EOnDrop] Zombie Spawned [14] ZmbF_NurseFat @ <2069.496338, 9.690000, 8981.338867> ... Lifespan:  Set to 120 minutes.
[EOnDrop] Zombie Spawned [15] ZmbM_Jacket_beige @ <2051.522217, 9.690000, 8960.762695> ... Lifespan:  Set to 120 minutes.
[EOnDrop] Zombie Spawned [16] ZmbM_ClerkFat_White @ <2069.815674, 9.690000, 8970.675781> ... Lifespan:  Set to 120 minutes.
[EOnDrop] Zombie Spawned [17] ZmbM_Jacket_bluechecks @ <2004.317261, 9.690000, 8930.022461> ... Lifespan:  Set to 120 minutes.
[EOnDrop] Zombie Spawned [18] ZmbM_SkaterYoung_Blue @ <2042.283691, 9.690000, 9000.284180> ... Lifespan:  Set to 120 minutes.
[EOnDrop] Zombie Spawned [19] ZmbM_JournalistSkinny @ <1991.291870, 9.690000, 8937.371094> ... Lifespan:  Set to 120 minutes.
[EOnDrop] Zombie Spawned [20] ZmbF_ShortSkirt_stripes @ <2044.717529, 9.690000, 8955.223633> ... Lifespan:  Set to 120 minutes.
[EOnDrop] Zombie Spawned [21] ZmbM_SkaterYoung_Blue @ <2024.882324, 9.690000, 8951.339844> ... Lifespan:  Set to 120 minutes.
[EOnDrop] Zombie Spawned [22] ZmbM_Jacket_grey @ <2083.536377, 9.737680, 8939.559570> ... Lifespan:  Set to 120 minutes.
[EOnDrop] Zombie Spawned [23] ZmbM_Jacket_magenta @ <2075.164063, 9.690000, 8964.735352> ... Lifespan:  Set to 120 minutes.
[EOnDrop] Zombie Spawned [24] ZmbM_PolicemanSpecForce @ <2063.559814, 9.690000, 8951.646484> ... Lifespan:  Set to 120 minutes.
[EOnDrop] Zombie Spawned [25] ZmbM_CitizenASkinny_Brown @ <2034.070313, 9.690000, 8988.027344> ... Lifespan:  Set to 120 minutes.
[EOnDrop] Zombie Spawned [26] ZmbF_JournalistNormal_White @ <2052.657471, 9.690000, 8959.975586> ... Lifespan:  Set to 120 minutes.
[EOnDrop] Zombie Spawned [27] ZmbF_ShortSkirt_red @ <2021.105469, 9.690000, 8992.993164> ... Lifespan:  Set to 120 minutes.
[EOnDrop] Zombie Spawned [28] ZmbF_JournalistNormal_Green @ <2059.665527, 9.690000, 8952.823242> ... Lifespan:  Set to 120 minutes.
[EOnDrop] Zombie Spawned [29] ZmbF_Clerk_Normal_Green @ <2069.863037, 9.690000, 8987.518555> ... Lifespan:  Set to 120 minutes.
[EOnDrop] Zombie Spawned [30] ZmbF_SkaterYoung_Violet @ <2040.116211, 9.690000, 8930.429688> ... Lifespan:  Set to 120 minutes.
[EOnDrop] Drop spawned with 30 infected at <2038.167358, 151.899734, 8951.919922>.
[EOnDrop] Supplies have been dropped near Old Town.
[EOnBeforeDelete] Aircraft despawned @ <4268.489746, 152.000610, 17271.470703>
[~AirdropPlane] Aircraft destroyed.
