[AirdropPlane] Aircraft created on 2021-05-27 @ 13-04-16
[InitializeAircraft] Aircraft Initialized: Airstrip @ 5496/3676 (true)
[EOnBeforeDrop] The Aircraft is 1 Km from Airstrip. @ <5597.672852, 190.503952, 2179.596436>
[EOnDrop] Zombie Spawned [1] ZmbM_PatrolNormal_Flat @ <5470.309082, 74.500000, 3569.209961> ... Lifespan:  Set to 60 minutes.
[EOnDrop] Zombie Spawned [2] ZmbM_PatrolNormal_PautRev @ <5491.457520, 74.500000, 3581.272217> ... Lifespan:  Set to 60 minutes.
[EOnDrop] Zombie Spawned [3] ZmbM_SoldierNormal @ <5493.385742, 74.500000, 3588.220459> ... Lifespan:  Set to 60 minutes.
[EOnDrop] Zombie Spawned [4] ZmbM_PatrolNormal_Autumn @ <5514.577148, 74.500000, 3566.225586> ... Lifespan:  Set to 60 minutes.
[EOnDrop] Zombie Spawned [5] ZmbM_PatrolNormal_Summer @ <5503.534180, 74.500000, 3604.029541> ... Lifespan:  Set to 60 minutes.
[EOnDrop] Zombie Spawned [6] ZmbM_PatrolNormal_Flat @ <5461.999023, 74.500000, 3617.031982> ... Lifespan:  Set to 60 minutes.
[EOnDrop] Zombie Spawned [7] ZmbM_PatrolNormal_Summer @ <5472.368652, 74.500000, 3596.777588> ... Lifespan:  Set to 60 minutes.
[EOnDrop] Zombie Spawned [8] ZmbM_PatrolNormal_PautRev @ <5475.133301, 74.500000, 3578.368408> ... Lifespan:  Set to 60 minutes.
[EOnDrop] Zombie Spawned [9] ZmbM_SoldierNormal @ <5527.620117, 74.500000, 3583.985352> ... Lifespan:  Set to 60 minutes.
[EOnDrop] Zombie Spawned [10] ZmbM_PatrolNormal_Autumn @ <5544.056641, 74.500000, 3587.415039> ... Lifespan:  Set to 60 minutes.
[EOnDrop] Zombie Spawned [11] ZmbM_PatrolNormal_Flat @ <5488.362793, 74.500000, 3562.425537> ... Lifespan:  Set to 60 minutes.
[EOnDrop] Zombie Spawned [12] ZmbM_PatrolNormal_Summer @ <5482.716309, 74.500000, 3621.614502> ... Lifespan:  Set to 60 minutes.
[EOnDrop] Zombie Spawned [13] ZmbM_PatrolNormal_PautRev @ <5475.927734, 74.500000, 3580.327881> ... Lifespan:  Set to 60 minutes.
[EOnDrop] Zombie Spawned [14] ZmbM_PatrolNormal_PautRev @ <5484.894531, 74.500000, 3565.659424> ... Lifespan:  Set to 60 minutes.
[EOnDrop] Zombie Spawned [15] ZmbM_PatrolNormal_PautRev @ <5470.437988, 74.500000, 3620.381592> ... Lifespan:  Set to 60 minutes.
[EOnDrop] Zombie Spawned [16] ZmbM_PatrolNormal_Flat @ <5522.188477, 74.500000, 3606.448975> ... Lifespan:  Set to 60 minutes.
[EOnDrop] Zombie Spawned [17] ZmbM_SoldierNormal @ <5491.380371, 74.500000, 3596.236328> ... Lifespan:  Set to 60 minutes.
[EOnDrop] Zombie Spawned [18] ZmbM_PatrolNormal_Summer @ <5467.684570, 74.500000, 3620.687012> ... Lifespan:  Set to 60 minutes.
[EOnDrop] Zombie Spawned [19] ZmbM_PatrolNormal_Summer @ <5511.875977, 74.500000, 3584.263428> ... Lifespan:  Set to 60 minutes.
[EOnDrop] Zombie Spawned [20] ZmbM_PatrolNormal_Summer @ <5549.172852, 74.500000, 3594.406982> ... Lifespan:  Set to 60 minutes.
[EOnDrop] Zombie Spawned [21] ZmbM_PatrolNormal_Flat @ <5493.685547, 74.500000, 3583.640137> ... Lifespan:  Set to 60 minutes.
[EOnDrop] Zombie Spawned [22] ZmbM_PatrolNormal_Summer @ <5508.112793, 74.500000, 3581.352539> ... Lifespan:  Set to 60 minutes.
[EOnDrop] Zombie Spawned [23] ZmbM_PatrolNormal_Flat @ <5523.752930, 74.500000, 3550.147705> ... Lifespan:  Set to 60 minutes.
[EOnDrop] Zombie Spawned [24] ZmbM_PatrolNormal_Autumn @ <5484.214355, 74.500000, 3586.812500> ... Lifespan:  Set to 60 minutes.
[EOnDrop] Zombie Spawned [25] ZmbM_SoldierNormal @ <5541.324219, 74.500000, 3611.135010> ... Lifespan:  Set to 60 minutes.
[EOnDrop] Zombie Spawned [26] ZmbM_PatrolNormal_Flat @ <5479.307129, 74.500000, 3583.775879> ... Lifespan:  Set to 60 minutes.
[EOnDrop] Zombie Spawned [27] ZmbM_PatrolNormal_Autumn @ <5505.833496, 74.500000, 3602.457275> ... Lifespan:  Set to 60 minutes.
[EOnDrop] Zombie Spawned [28] ZmbM_PatrolNormal_Autumn @ <5489.601563, 74.500000, 3580.033447> ... Lifespan:  Set to 60 minutes.
[EOnDrop] Zombie Spawned [29] ZmbM_PatrolNormal_Flat @ <5473.861328, 74.500000, 3567.951904> ... Lifespan:  Set to 60 minutes.
[EOnDrop] Zombie Spawned [30] ZmbM_PatrolNormal_Autumn @ <5523.152832, 74.500000, 3607.175537> ... Lifespan:  Set to 60 minutes.
[EOnDrop] Zombie Spawned [31] ZmbM_PatrolNormal_Summer @ <5488.382324, 74.500000, 3593.416748> ... Lifespan:  Set to 60 minutes.
[EOnDrop] Zombie Spawned [32] ZmbM_PatrolNormal_Autumn @ <5499.386230, 74.500000, 3585.869873> ... Lifespan:  Set to 60 minutes.
[EOnDrop] Zombie Spawned [33] ZmbM_SoldierNormal @ <5504.074219, 74.500000, 3632.741455> ... Lifespan:  Set to 60 minutes.
[EOnDrop] Zombie Spawned [34] ZmbM_PatrolNormal_Summer @ <5537.838379, 74.500000, 3620.465088> ... Lifespan:  Set to 60 minutes.
[EOnDrop] Zombie Spawned [35] ZmbM_PatrolNormal_PautRev @ <5528.476563, 74.500000, 3578.169922> ... Lifespan:  Set to 60 minutes.
[EOnDrop] Zombie Spawned [36] ZmbM_PatrolNormal_Summer @ <5533.714844, 74.500000, 3574.645752> ... Lifespan:  Set to 60 minutes.
[EOnDrop] Zombie Spawned [37] ZmbM_PatrolNormal_Flat @ <5526.016113, 74.500000, 3614.172852> ... Lifespan:  Set to 60 minutes.
[EOnDrop] Zombie Spawned [38] ZmbM_PatrolNormal_PautRev @ <5471.928711, 74.500000, 3593.520752> ... Lifespan:  Set to 60 minutes.
[EOnDrop] Zombie Spawned [39] ZmbM_SoldierNormal @ <5475.973145, 74.500000, 3601.686035> ... Lifespan:  Set to 60 minutes.
[EOnDrop] Zombie Spawned [40] ZmbM_PatrolNormal_Summer @ <5509.279297, 74.500000, 3640.070801> ... Lifespan:  Set to 60 minutes.
[EOnDrop] Zombie Spawned [41] ZmbM_SoldierNormal @ <5503.048828, 74.500000, 3556.150146> ... Lifespan:  Set to 60 minutes.
[EOnDrop] Zombie Spawned [42] ZmbM_PatrolNormal_Flat @ <5493.461914, 74.500000, 3590.492676> ... Lifespan:  Set to 60 minutes.
[EOnDrop] Zombie Spawned [43] ZmbM_PatrolNormal_Flat @ <5519.932617, 74.500000, 3579.677490> ... Lifespan:  Set to 60 minutes.
[EOnDrop] Zombie Spawned [44] ZmbM_PatrolNormal_Summer @ <5465.455078, 74.500000, 3593.320557> ... Lifespan:  Set to 60 minutes.
[EOnDrop] Zombie Spawned [45] ZmbM_PatrolNormal_Flat @ <5507.350586, 74.500000, 3600.255859> ... Lifespan:  Set to 60 minutes.
[EOnDrop] Zombie Spawned [46] ZmbM_PatrolNormal_Autumn @ <5538.520996, 74.500000, 3593.710938> ... Lifespan:  Set to 60 minutes.
[EOnDrop] Zombie Spawned [47] ZmbM_PatrolNormal_Summer @ <5515.070801, 74.500000, 3624.803955> ... Lifespan:  Set to 60 minutes.
[EOnDrop] Zombie Spawned [48] ZmbM_PatrolNormal_Summer @ <5486.852539, 74.500000, 3564.076904> ... Lifespan:  Set to 60 minutes.
[EOnDrop] Zombie Spawned [49] ZmbM_PatrolNormal_Flat @ <5508.881348, 74.500000, 3580.637939> ... Lifespan:  Set to 60 minutes.
[EOnDrop] Zombie Spawned [50] ZmbM_PatrolNormal_Flat @ <5492.063965, 74.500000, 3635.082031> ... Lifespan:  Set to 60 minutes.
[EOnDrop] Drop spawned with 50 infected at <5501.263672, 216.462753, 3592.403076>.
[EOnDrop] Supplies have been dropped near Airstrip.
[EOnBeforeDelete] Aircraft despawned @ <4567.775879, 152.000610, 17271.539063>
[~AirdropPlane] Aircraft destroyed.
