[InitializeContainer] Container created on 2021-05-15 @ 12-24-21
[InitializeContainer] Winds: Vector <8.804745, 0.000000, 10.176344>, Speed 13.4567mps, Strength 0.1
[AirdropContainerFall] Drop Type 'Medical', Container: 'RANDOM', Mode/Quantity/Iems: Random/20/33, Flare:  10%
[AirdropContainerFall] Loot Spawned [1] DisinfectantAlcohol @ <9057.536133, 10.416410, 9565.982422> ... Lifespan: Set to 120 minutes.
[AirdropContainerFall] Loot Spawned [2] MedicalScrubsHat_Blue @ <9055.380859, 10.329251, 9563.852539> ... Lifespan: Set to 120 minutes.
[AirdropContainerFall] Loot Spawned [3] MedicalScrubsPants_Green @ <9058.130859, 10.435492, 9566.485352> ... Lifespan: Set to 120 minutes.
[AirdropContainerFall] Loot Spawned [4] SurgicalGloves_Blue @ <9057.459961, 10.271580, 9563.815430> ... Lifespan: Set to 120 minutes.
[AirdropContainerFall] Loot Spawned [5] BloodBagIV @ <9056.108398, 10.236532, 9562.832031> ... Lifespan: Set to 120 minutes.
[AirdropContainerFall] Loot Spawned [6] Heatpack @ <9058.314453, 10.385023, 9565.805664> ... Lifespan: Set to 120 minutes.
[AirdropContainerFall] Loot Spawned [7] WaterBottle @ <9057.904297, 10.236956, 9563.479492> ... Lifespan: Set to 120 minutes.
[AirdropContainerFall] Loot Spawned [8] PainkillerTablets @ <9056.828125, 10.227699, 9562.962891> ... Lifespan: Set to 120 minutes.
[AirdropContainerFall] Loot Spawned [9] MedicalScrubsShirt_Blue @ <9056.448242, 10.574984, 9567.928711> ... Lifespan: Set to 120 minutes.
[AirdropContainerFall] Loot Spawned [10] SurgicalMask @ <9057.290039, 10.511883, 9567.305664> ... Lifespan: Set to 120 minutes.
[AirdropContainerFall] Loot Spawned [11] SurgicalMask @ <9053.009766, 10.483388, 9565.118164> ... Lifespan: Set to 120 minutes.
[AirdropContainerFall] Loot Spawned [12] Rag @ <9055.571289, 10.622912, 9568.309570> ... Lifespan: Set to 120 minutes.
[AirdropContainerFall] Loot Spawned [13] Heatpack @ <9054.648438, 10.530610, 9566.554688> ... Lifespan: Set to 120 minutes.
[AirdropContainerFall] Loot Spawned [14] BloodBagEmpty @ <9058.071289, 10.354912, 9565.269531> ... Lifespan: Set to 120 minutes.
[AirdropContainerFall] Loot Spawned [15] SurgicalGloves_White @ <9056.482422, 10.282894, 9563.627930> ... Lifespan: Set to 120 minutes.
[AirdropContainerFall] Loot Spawned [16] MedicalScrubsHat_Blue @ <9056.576172, 10.294153, 9563.822266> ... Lifespan: Set to 120 minutes.
[AirdropContainerFall] Loot Spawned [17] MedicalScrubsHat_White @ <9055.844727, 10.268715, 9563.186523> ... Lifespan: Set to 120 minutes.
[AirdropContainerFall] Loot Spawned [18] BloodBagEmpty @ <9053.419922, 10.377894, 9563.707031> ... Lifespan: Set to 120 minutes.
[AirdropContainerFall] Loot Spawned [19] BloodSyringe @ <9056.314453, 10.543061, 9567.406250> ... Lifespan: Set to 120 minutes.
[AirdropContainerFall] Loot Spawned [20] DisinfectantSpray @ <9055.551758, 10.675435, 9569.109375> ... Lifespan: Set to 120 minutes.
[AirdropContainerFall] Airdrop Flare Spawned @ <9053.240234, 10.489677, 9565.321289> ... Lifespan: Set to 120 minutes.
[AirdropContainerUnstuck] Container was unstuck.
[~AirdropContainerBase] Container Destroyed on 2021-05-15 @ 12-44-21
