[AirdropPlane] Aircraft created on 2021-05-23 @ 02-02-56
[InitializeAircraft] Aircraft Initialized: Waldoboro @ 9100/9493 (true)
[EOnBeforeDrop] The Aircraft is 1 Km from Waldoboro. @ <7651.153320, 254.861343, 9874.358398>
[EOnDrop] Zombie Spawned [1] ZmbF_ShortSkirt_beige @ <9006.697266, 9.318702, 9522.919922> ... Lifespan:  Set to 120 minutes.
[EOnDrop] Zombie Spawned [2] ZmbF_DoctorSkinny @ <9045.288086, 9.372812, 9541.314453> ... Lifespan:  Set to 120 minutes.
[EOnDrop] Zombie Spawned [3] ZmbM_Jacket_bluechecks @ <9006.669922, 7.595440, 9502.361328> ... Lifespan:  Set to 120 minutes.
[EOnDrop] Zombie Spawned [4] ZmbF_JoggerSkinny_Brown @ <9014.402344, 9.922295, 9532.179688> ... Lifespan:  Set to 120 minutes.
[EOnDrop] Zombie Spawned [5] ZmbM_SkaterYoung_Blue @ <8999.336914, 10.710489, 9533.225586> ... Lifespan:  Set to 120 minutes.
[EOnDrop] Zombie Spawned [6] ZmbF_SkaterYoung_Brown @ <8980.250000, 12.778073, 9550.749023> ... Lifespan:  Set to 120 minutes.
[EOnDrop] Zombie Spawned [7] ZmbF_CitizenANormal_Brown @ <9001.393555, 8.511822, 9513.266602> ... Lifespan:  Set to 120 minutes.
[EOnDrop] Zombie Spawned [8] ZmbF_NurseFat @ <9011.572266, 7.334605, 9497.308594> ... Lifespan:  Set to 120 minutes.
[EOnDrop] Zombie Spawned [9] ZmbM_ClerkFat_White @ <8990.651367, 7.808614, 9501.527344> ... Lifespan:  Set to 120 minutes.
[EOnDrop] Zombie Spawned [10] ZmbF_JoggerSkinny_Red @ <8990.302734, 12.634424, 9552.838867> ... Lifespan:  Set to 120 minutes.
[EOnDrop] Zombie Spawned [11] ZmbM_ClerkFat_Khaki @ <8967.486328, 8.366316, 9504.813477> ... Lifespan:  Set to 120 minutes.
[EOnDrop] Zombie Spawned [12] ZmbF_ShortSkirt_black @ <8995.816406, 7.280918, 9473.715820> ... Lifespan:  Set to 120 minutes.
[EOnDrop] Zombie Spawned [13] ZmbF_JoggerSkinny_Green @ <9020.872070, 8.915046, 9525.482422> ... Lifespan:  Set to 120 minutes.
[EOnDrop] Zombie Spawned [14] ZmbM_ClerkFat_Brown @ <9049.799805, 7.110435, 9488.173828> ... Lifespan:  Set to 120 minutes.
[EOnDrop] Zombie Spawned [15] ZmbM_ClerkFat_Grey @ <9006.272461, 7.932704, 9507.901367> ... Lifespan:  Set to 120 minutes.
[EOnDrop] Zombie Spawned [16] ZmbF_CitizenANormal_Brown @ <8982.458984, 8.165781, 9504.712891> ... Lifespan:  Set to 120 minutes.
[EOnDrop] Zombie Spawned [17] ZmbM_SkaterYoung_Brown @ <8993.020508, 12.038330, 9544.987305> ... Lifespan:  Set to 120 minutes.
[EOnDrop] Zombie Spawned [18] ZmbM_ParamedicNormal_Blue @ <9034.382813, 8.603613, 9528.966797> ... Lifespan:  Set to 120 minutes.
[EOnDrop] Zombie Spawned [19] ZmbM_PatrolNormal_Flat @ <9011.030273, 11.496796, 9546.692383> ... Lifespan:  Set to 120 minutes.
[EOnDrop] Zombie Spawned [20] ZmbM_ClerkFat_Brown @ <9016.429688, 7.640396, 9506.416016> ... Lifespan:  Set to 120 minutes.
[EOnDrop] Zombie Spawned [21] ZmbF_JournalistNormal_Red @ <9040.769531, 7.118076, 9486.453125> ... Lifespan:  Set to 120 minutes.
[EOnDrop] Zombie Spawned [22] ZmbF_JoggerSkinny_Blue @ <9006.072266, 8.114677, 9510.081055> ... Lifespan:  Set to 120 minutes.
[EOnDrop] Zombie Spawned [23] ZmbM_Jacket_beige @ <9002.408203, 8.835938, 9516.839844> ... Lifespan:  Set to 120 minutes.
[EOnDrop] Zombie Spawned [24] ZmbM_SkaterYoung_Brown @ <8975.491211, 10.911990, 9528.942383> ... Lifespan:  Set to 120 minutes.
[EOnDrop] Zombie Spawned [25] ZmbF_SkaterYoung_Striped @ <9043.310547, 7.362457, 9511.353516> ... Lifespan:  Set to 120 minutes.
[EOnDrop] Zombie Spawned [26] ZmbM_PatrolNormal_Autumn @ <9017.604492, 7.159431, 9486.981445> ... Lifespan:  Set to 120 minutes.
[EOnDrop] Zombie Spawned [27] ZmbM_Jacket_black @ <9015.383789, 9.833332, 9531.814453> ... Lifespan:  Set to 120 minutes.
[EOnDrop] Zombie Spawned [28] ZmbF_PoliceWomanNormal @ <8994.166016, 7.289170, 9478.177734> ... Lifespan:  Set to 120 minutes.
[EOnDrop] Zombie Spawned [29] ZmbF_ShortSkirt_stripes @ <9006.508789, 12.204143, 9553.616211> ... Lifespan:  Set to 120 minutes.
[EOnDrop] Zombie Spawned [30] ZmbM_CommercialPilotOld_Brown @ <8989.018555, 7.530071, 9495.426758> ... Lifespan:  Set to 120 minutes.
[EOnDrop] Zombie Spawned [31] ZmbF_NurseFat @ <9012.319336, 12.394550, 9559.165039> ... Lifespan:  Set to 120 minutes.
[EOnDrop] Zombie Spawned [32] ZmbM_Jacket_black @ <8979.237305, 8.877440, 9511.958984> ... Lifespan:  Set to 120 minutes.
[EOnDrop] Zombie Spawned [33] ZmbM_ClerkFat_Khaki @ <8976.155273, 12.828186, 9550.140625> ... Lifespan:  Set to 120 minutes.
[EOnDrop] Zombie Spawned [34] ZmbF_ShortSkirt_red @ <9057.250000, 7.240469, 9507.210938> ... Lifespan:  Set to 120 minutes.
[EOnDrop] Zombie Spawned [35] ZmbM_CommercialPilotOld_Olive @ <8999.856445, 11.391918, 9540.298828> ... Lifespan:  Set to 120 minutes.
[EOnDrop] Zombie Spawned [36] ZmbF_ShortSkirt_black @ <8972.235352, 11.422019, 9532.749023> ... Lifespan:  Set to 120 minutes.
[EOnDrop] Zombie Spawned [37] ZmbM_Jacket_stripes @ <8985.967773, 9.476336, 9518.715820> ... Lifespan:  Set to 120 minutes.
[EOnDrop] Zombie Spawned [38] ZmbM_CommercialPilotOld_Grey @ <9029.314453, 7.142183, 9489.093750> ... Lifespan:  Set to 120 minutes.
[EOnDrop] Zombie Spawned [39] ZmbM_ParamedicNormal_Red @ <8985.746094, 8.502110, 9509.396484> ... Lifespan:  Set to 120 minutes.
[EOnDrop] Zombie Spawned [40] ZmbM_PrisonerSkinny @ <9018.793945, 8.135063, 9515.256836> ... Lifespan:  Set to 120 minutes.
[EOnDrop] Drop spawned with 40 infected at <9011.621094, 158.074829, 9517.689453>.
[EOnDrop] Supplies have been dropped near Waldoboro.
[EOnBeforeDelete] Aircraft despawned @ <17271.005859, 152.000610, 7351.395996>
[~AirdropPlane] Aircraft destroyed.
