[InitializeContainer] Container created on 2021-05-17 @ 09-44-43
[InitializeContainer] Winds: Vector <-2.273362, 0.000000, -4.682472>, Speed 5.20516mps, Strength 0.1
[AirdropContainerFall] Drop Type 'Medical', Container: 'RANDOM', Mode/Quantity/Iems: Random/20/33, Flare:  10%
[AirdropContainerFall] Loot Spawned [1] MedicalScrubsHat_Green @ <3717.925537, 12.848037, 8910.244141> ... Lifespan: Set to 120 minutes.
[AirdropContainerFall] Loot Spawned [2] SalineBag @ <3720.132324, 11.903641, 8905.953125> ... Lifespan: Set to 120 minutes.
[AirdropContainerFall] Loot Spawned [3] Heatpack @ <3720.021240, 11.809274, 8905.560547> ... Lifespan: Set to 120 minutes.
[AirdropContainerFall] Loot Spawned [4] SalineBag @ <3717.452881, 12.100591, 8906.388672> ... Lifespan: Set to 120 minutes.
[AirdropContainerFall] Loot Spawned [5] SurgicalMask @ <3718.172607, 11.885720, 8905.604492> ... Lifespan: Set to 120 minutes.
[AirdropContainerFall] Loot Spawned [6] MedicalScrubsShirt_Green @ <3715.913330, 12.506804, 8907.837891> ... Lifespan: Set to 120 minutes.
[AirdropContainerFall] Loot Spawned [7] MedicalScrubsPants_Blue @ <3719.644043, 12.702152, 8909.405273> ... Lifespan: Set to 120 minutes.
[AirdropContainerFall] Loot Spawned [8] Heatpack @ <3717.136963, 12.459764, 8907.829102> ... Lifespan: Set to 120 minutes.
[AirdropContainerFall] Loot Spawned [9] BloodBagIV @ <3720.570068, 12.663582, 8909.232422> ... Lifespan: Set to 120 minutes.
[AirdropContainerFall] Spawn failed for item [10] 'MedicalScrubShirt_White', does not exist in DayZ!
[AirdropContainerFall] Spawn failed for item [11] 'MedicalScrubShirt_White', does not exist in DayZ!
[AirdropContainerFall] Loot Spawned [12] DisinfectantAlcohol @ <3719.781494, 12.733174, 8909.532227> ... Lifespan: Set to 120 minutes.
[AirdropContainerFall] Loot Spawned [13] SurgicalGloves_Blue @ <3718.726807, 12.703429, 8909.504883> ... Lifespan: Set to 120 minutes.
[AirdropContainerFall] Loot Spawned [14] BloodTestKit @ <3720.987793, 12.322843, 8907.730469> ... Lifespan: Set to 120 minutes.
[AirdropContainerFall] Loot Spawned [15] MedicalScrubsPants_White @ <3718.739502, 11.815661, 8905.404297> ... Lifespan: Set to 120 minutes.
[AirdropContainerFall] Loot Spawned [16] MedicalScrubsPants_White @ <3718.111084, 11.851158, 8905.446289> ... Lifespan: Set to 120 minutes.
[AirdropContainerFall] Loot Spawned [17] MedicalScrubsPants_White @ <3720.072266, 12.782767, 8909.740234> ... Lifespan: Set to 120 minutes.
[AirdropContainerFall] Loot Spawned [18] Epinephrine @ <3715.792969, 12.612638, 8908.459961> ... Lifespan: Set to 120 minutes.
[AirdropContainerFall] Loot Spawned [19] Rag @ <3720.635498, 12.089793, 8906.736328> ... Lifespan: Set to 120 minutes.
[AirdropContainerFall] Loot Spawned [20] BloodTestKit @ <3718.460449, 12.024827, 8906.226563> ... Lifespan: Set to 120 minutes.
[AirdropContainerUnstuck] Container was unstuck.
[~AirdropContainerBase] Container Destroyed on 2021-05-17 @ 09-59-59
