[InitializeContainer] Container created on 2021-05-23 @ 04-23-16
[InitializeContainer] Winds: Vector <11.021515, 0.000000, 5.535004>, Speed 12.3333mps, Strength 0.1
[AirdropContainerFall] Drop Type 'Medical', Container: 'RANDOM', Mode/Quantity/Iems: Random/20/33, Flare:  10%
[AirdropContainerFall] Loot Spawned [1] MedicalScrubsHat_Blue @ <7176.389648, 222.741013, 11621.498047> ... Lifespan: Set to 120 minutes.
[AirdropContainerFall] Loot Spawned [2] MedicalScrubsPants_Green @ <7175.727539, 222.741013, 11621.612305> ... Lifespan: Set to 120 minutes.
[AirdropContainerFall] Loot Spawned [3] MedicalScrubsShirt_Blue @ <7174.644531, 222.741013, 11626.992188> ... Lifespan: Set to 120 minutes.
[AirdropContainerFall] Loot Spawned [4] MedicalScrubsHat_White @ <7174.778320, 222.741013, 11622.541992> ... Lifespan: Set to 120 minutes.
[AirdropContainerFall] Loot Spawned [5] MedicalScrubsHat_Green @ <7177.908203, 222.741013, 11624.943359> ... Lifespan: Set to 120 minutes.
[AirdropContainerFall] Loot Spawned [6] MedicalScrubsPants_White @ <7178.385742, 222.741013, 11623.351563> ... Lifespan: Set to 120 minutes.
[AirdropContainerFall] Loot Spawned [7] MedicalScrubsHat_Blue @ <7175.176758, 222.741013, 11622.782227> ... Lifespan: Set to 120 minutes.
[AirdropContainerFall] Loot Spawned [8] BloodBagIV @ <7174.838379, 222.741013, 11621.816406> ... Lifespan: Set to 120 minutes.
[AirdropContainerFall] Loot Spawned [9] WaterBottle @ <7174.129395, 222.741013, 11622.019531> ... Lifespan: Set to 120 minutes.
[AirdropContainerFall] Loot Spawned [10] DisinfectantAlcohol @ <7177.279297, 222.741013, 11622.803711> ... Lifespan: Set to 120 minutes.
[AirdropContainerFall] Loot Spawned [11] WaterBottle @ <7177.471680, 222.741013, 11621.487305> ... Lifespan: Set to 120 minutes.
[AirdropContainerFall] Loot Spawned [12] Epinephrine @ <7177.341309, 222.741013, 11627.231445> ... Lifespan: Set to 120 minutes.
[AirdropContainerFall] Loot Spawned [13] MedicalScrubsShirt_Green @ <7172.909180, 222.741013, 11624.874023> ... Lifespan: Set to 120 minutes.
[AirdropContainerFall] Loot Spawned [14] Heatpack @ <7178.542969, 222.741013, 11622.359375> ... Lifespan: Set to 120 minutes.
[AirdropContainerFall] Spawn failed for item [15] 'MedicalScrubShirt_White', does not exist in DayZ!
[AirdropContainerFall] Loot Spawned [16] Heatpack @ <7175.294434, 222.741013, 11621.980469> ... Lifespan: Set to 120 minutes.
[AirdropContainerFall] Loot Spawned [17] TetracyclineAntibiotics @ <7177.647949, 222.741013, 11622.877930> ... Lifespan: Set to 120 minutes.
[AirdropContainerFall] Loot Spawned [18] WaterBottle @ <7177.754883, 222.741013, 11626.617188> ... Lifespan: Set to 120 minutes.
[AirdropContainerFall] Loot Spawned [19] MedicalScrubsPants_Green @ <7175.198242, 222.741013, 11622.688477> ... Lifespan: Set to 120 minutes.
[AirdropContainerFall] Loot Spawned [20] MedicalScrubsShirt_Green @ <7177.101074, 222.741013, 11626.301758> ... Lifespan: Set to 120 minutes.
[AirdropContainerUnstuck] Container was unstuck.
[~AirdropContainerBase] Container Destroyed on 2021-05-23 @ 04-43-16
