[AirdropPlane] Aircraft created on 2021-05-23 @ 02-23-05
[InitializeAircraft] Aircraft Initialized: Woodworking Industrial @ 4477/12000 (true)
[EOnBeforeDrop] The Aircraft is 1 Km from Woodworking Industrial. @ <5542.376465, 222.400269, 10944.925781>
[EOnDrop] Zombie Spawned [1] ZmbM_VillagerOld_White @ <4526.160645, 8.064266, 11929.334961> ... Lifespan:  Set to 120 minutes.
[EOnDrop] Zombie Spawned [2] ZmbM_HikerSkinny_Yellow @ <4541.762207, 8.028609, 11942.207031> ... Lifespan:  Set to 120 minutes.
[EOnDrop] Zombie Spawned [3] ZmbM_FarmerFat_Green @ <4560.671387, 8.019411, 11929.824219> ... Lifespan:  Set to 120 minutes.
[EOnDrop] Zombie Spawned [4] ZmbF_MilkMaidOld_Beige @ <4534.628418, 8.005561, 11934.137695> ... Lifespan:  Set to 120 minutes.
[EOnDrop] Zombie Spawned [5] ZmbF_MilkMaidOld_Beige @ <4519.630371, 8.280001, 11952.309570> ... Lifespan:  Set to 120 minutes.
[EOnDrop] Zombie Spawned [6] ZmbM_HunterOld_Summer @ <4525.010254, 8.280001, 11959.266602> ... Lifespan:  Set to 120 minutes.
[EOnDrop] Zombie Spawned [7] ZmbF_MilkMaidOld_Grey @ <4533.309570, 7.400807, 11923.180664> ... Lifespan:  Set to 120 minutes.
[EOnDrop] Zombie Spawned [8] ZmbM_VillagerOld_Green @ <4534.709961, 7.635100, 11927.544922> ... Lifespan:  Set to 120 minutes.
[EOnDrop] Zombie Spawned [9] ZmbF_VillagerOld_Red @ <4529.402832, 7.044041, 11912.791016> ... Lifespan:  Set to 120 minutes.
[EOnDrop] Zombie Spawned [10] ZmbF_VillagerOld_Blue @ <4536.236816, 8.268313, 11948.608398> ... Lifespan:  Set to 120 minutes.
[EOnDrop] Zombie Spawned [11] ZmbM_MotobikerFat_Beige @ <4527.140137, 8.280001, 11961.398438> ... Lifespan:  Set to 120 minutes.
[EOnDrop] Zombie Spawned [12] ZmbF_SurvivorNormal_Red @ <4567.728027, 9.322886, 11938.864258> ... Lifespan:  Set to 120 minutes.
[EOnDrop] Zombie Spawned [13] ZmbF_SurvivorNormal_Blue @ <4558.153809, 8.449209, 11947.530273> ... Lifespan:  Set to 120 minutes.
[EOnDrop] Zombie Spawned [14] ZmbM_MotobikerFat_Blue @ <4536.972168, 8.280001, 11975.191406> ... Lifespan:  Set to 120 minutes.
[EOnDrop] Zombie Spawned [15] ZmbM_HikerSkinny_Green @ <4519.968262, 8.175043, 11927.944336> ... Lifespan:  Set to 120 minutes.
[EOnDrop] Zombie Spawned [16] ZmbM_HikerSkinny_Blue @ <4531.936035, 8.280001, 11950.285156> ... Lifespan:  Set to 120 minutes.
[EOnDrop] Zombie Spawned [17] ZmbM_HermitSkinny_Red @ <4511.539551, 8.280001, 11951.705078> ... Lifespan:  Set to 120 minutes.
[EOnDrop] Zombie Spawned [18] ZmbM_priestPopSkinny @ <4516.763184, 8.280001, 11952.295898> ... Lifespan:  Set to 120 minutes.
[EOnDrop] Spawn failed for zombie [19] 'ZmbM_SurvivorDean_Grey', it does not exist in DayZ!
[EOnDrop] Zombie Spawned [20] ZmbM_HikerSkinny_Green @ <4543.365723, 6.976505, 11908.569336> ... Lifespan:  Set to 120 minutes.
[EOnDrop] Zombie Spawned [21] ZmbM_MotobikerFat_Black @ <4522.928711, 8.280001, 11958.305664> ... Lifespan:  Set to 120 minutes.
[EOnDrop] Zombie Spawned [22] ZmbF_VillagerOld_White @ <4497.790039, 8.280001, 11942.317383> ... Lifespan:  Set to 120 minutes.
[EOnDrop] Zombie Spawned [23] ZmbF_SurvivorNormal_Blue @ <4534.060547, 8.266773, 11946.871094> ... Lifespan:  Set to 120 minutes.
[EOnDrop] Zombie Spawned [24] ZmbM_VillagerOld_Green @ <4520.256836, 7.735921, 11896.538086> ... Lifespan:  Set to 120 minutes.
[EOnDrop] Zombie Spawned [25] ZmbM_VillagerOld_Green @ <4545.977051, 7.744171, 11937.803711> ... Lifespan:  Set to 120 minutes.
[EOnDrop] Zombie Spawned [26] ZmbF_MilkMaidOld_Black @ <4511.761719, 8.280001, 11968.314453> ... Lifespan:  Set to 120 minutes.
[EOnDrop] Zombie Spawned [27] ZmbM_MotobikerFat_Beige @ <4521.334473, 8.040298, 11926.318359> ... Lifespan:  Set to 120 minutes.
[EOnDrop] Zombie Spawned [28] ZmbF_VillagerOld_Green @ <4540.172363, 8.279570, 11962.410156> ... Lifespan:  Set to 120 minutes.
[EOnDrop] Zombie Spawned [29] ZmbM_HermitSkinny_Black @ <4499.585938, 7.372057, 11907.333008> ... Lifespan:  Set to 120 minutes.
[EOnDrop] Zombie Spawned [30] ZmbF_MilkMaidOld_Grey @ <4547.048828, 7.818419, 11939.865234> ... Lifespan:  Set to 120 minutes.
[EOnDrop] Zombie Spawned [31] ZmbM_HunterOld_Autumn @ <4542.986816, 7.850448, 11938.628906> ... Lifespan:  Set to 120 minutes.
[EOnDrop] Zombie Spawned [32] ZmbM_priestPopSkinny @ <4530.599121, 8.280001, 11962.017578> ... Lifespan:  Set to 120 minutes.
[EOnDrop] Zombie Spawned [33] ZmbM_FarmerFat_Green @ <4488.368652, 8.280001, 11934.392578> ... Lifespan:  Set to 120 minutes.
[EOnDrop] Zombie Spawned [34] ZmbM_HermitSkinny_Red @ <4572.570801, 9.169353, 11910.251953> ... Lifespan:  Set to 120 minutes.
[EOnDrop] Zombie Spawned [35] ZmbM_MotobikerFat_Beige @ <4539.452148, 7.080390, 11922.051758> ... Lifespan:  Set to 120 minutes.
[EOnDrop] Zombie Spawned [36] ZmbM_priestPopSkinny @ <4577.633789, 11.325615, 11941.558594> ... Lifespan:  Set to 120 minutes.
[EOnDrop] Zombie Spawned [37] ZmbF_SurvivorNormal_White @ <4535.125488, 8.276040, 11950.524414> ... Lifespan:  Set to 120 minutes.
[EOnDrop] Zombie Spawned [38] ZmbM_HunterOld_Summer @ <4535.762207, 7.259274, 11922.570313> ... Lifespan:  Set to 120 minutes.
[EOnDrop] Spawn failed for zombie [39] 'ZmbM_SurvivorDean_Black', it does not exist in DayZ!
[EOnDrop] Zombie Spawned [40] ZmbF_SurvivorNormal_Red @ <4568.058105, 8.979979, 11928.919922> ... Lifespan:  Set to 120 minutes.
[EOnDrop] Zombie Spawned [41] ZmbF_HikerSkinny_Red @ <4512.777344, 7.053935, 11905.754883> ... Lifespan:  Set to 120 minutes.
[EOnDrop] Zombie Spawned [42] ZmbM_FarmerFat_Green @ <4514.638184, 7.558282, 11916.140625> ... Lifespan:  Set to 120 minutes.
[EOnDrop] Zombie Spawned [43] ZmbM_MotobikerFat_Blue @ <4522.116699, 7.741253, 11899.503906> ... Lifespan:  Set to 120 minutes.
[EOnDrop] Zombie Spawned [44] ZmbM_MotobikerFat_Black @ <4528.858887, 8.244962, 11935.972656> ... Lifespan:  Set to 120 minutes.
[EOnDrop] Zombie Spawned [45] ZmbM_HermitSkinny_Beige @ <4559.030273, 8.289360, 11982.751953> ... Lifespan:  Set to 120 minutes.
[EOnDrop] Zombie Spawned [46] ZmbM_HikerSkinny_Green @ <4559.488281, 7.341515, 11913.179688> ... Lifespan:  Set to 120 minutes.
[EOnDrop] Zombie Spawned [47] ZmbM_MotobikerFat_Beige @ <4529.240723, 8.244734, 11937.219727> ... Lifespan:  Set to 120 minutes.
[EOnDrop] Zombie Spawned [48] ZmbF_VillagerOld_Red @ <4532.887207, 7.776897, 11928.406250> ... Lifespan:  Set to 120 minutes.
[EOnDrop] Zombie Spawned [49] ZmbM_HunterOld_Summer @ <4521.113281, 8.266415, 11934.042969> ... Lifespan:  Set to 120 minutes.
[EOnDrop] Zombie Spawned [50] ZmbF_SurvivorNormal_Blue @ <4523.293945, 8.269526, 11935.081055> ... Lifespan:  Set to 120 minutes.
[EOnDrop] Drop spawned with 50 infected at <4533.545898, 160.270416, 11941.195313>.
[EOnDrop] Supplies have been dropped near Woodworking Industrial.
[EOnBeforeDelete] Aircraft despawned @ <-863.551941, 152.000610, 17270.898438>
[~AirdropPlane] Aircraft destroyed.
