[InitializeContainer] Container created on 2021-05-23 @ 13-05-46
[InitializeContainer] Winds: Vector <-2.308393, 0.000000, -0.261505>, Speed 2.32316mps, Strength 0.1
[AirdropContainerFall] Drop Type 'Military West', Container: 'RANDOM', Mode/Quantity/Iems: Random/20/40, Flare:  10%
[AirdropContainerFall] Loot Spawned [1] AmmoBox_556x45_20Rnd @ <4558.566406, 7.972168, 11968.832031> ... Lifespan: Set to 120 minutes.
[AirdropContainerFall] Loot Spawned [2] WeaponCleaningKit @ <4560.750000, 8.174129, 11965.102539> ... Lifespan: Set to 120 minutes.
[AirdropContainerFall] Loot Spawned [3] CanOpener @ <4559.069824, 8.036338, 11966.225586> ... Lifespan: Set to 120 minutes.
[AirdropContainerFall] Loot Spawned [4] PistolSuppressor @ <4557.948242, 7.977016, 11966.823242> ... Lifespan: Set to 120 minutes.
[AirdropContainerFall] Loot Spawned [5] M4_Suppressor @ <4559.314453, 7.998551, 11969.043945> ... Lifespan: Set to 120 minutes.
[AirdropContainerFall] Loot Spawned [6] WeaponCleaningKit @ <4562.573730, 8.309459, 11966.709961> ... Lifespan: Set to 120 minutes.
[AirdropContainerFall] Loot Spawned [7] M4_RISHndgrd @ <4557.448242, 7.936410, 11967.771484> ... Lifespan: Set to 120 minutes.
[AirdropContainerFall] Loot Spawned [8] UniversalLight @ <4557.752930, 7.963554, 11967.078125> ... Lifespan: Set to 120 minutes.
[AirdropContainerFall] Loot Spawned [9] M9A1_Bayonet @ <4561.572754, 8.242948, 11965.780273> ... Lifespan: Set to 120 minutes.
[AirdropContainerFall] Loot Spawned [10] USMCJacket_Woodland @ <4559.514648, 8.060356, 11965.964844> ... Lifespan: Set to 120 minutes.
[AirdropContainerFall] Loot Spawned [11] MilitaryBoots_Brown @ <4557.014160, 7.936492, 11966.683594> ... Lifespan: Set to 120 minutes.
[AirdropContainerFall] Loot Spawned [12] AmmoBox_45ACP_25Rnd @ <4557.978516, 7.999894, 11965.240234> ... Lifespan: Set to 120 minutes.
[AirdropContainerFall] Loot Spawned [13] TacticalGloves_Beige @ <4558.317383, 7.990731, 11966.906250> ... Lifespan: Set to 120 minutes.
[AirdropContainerFall] Loot Spawned [14] Binoculars @ <4559.732422, 7.997759, 11969.904297> ... Lifespan: Set to 120 minutes.
[AirdropContainerFall] Loot Spawned [15] M9A1_Bayonet @ <4557.261719, 7.959056, 11965.322266> ... Lifespan: Set to 120 minutes.
[AirdropContainerFall] Loot Spawned [16] UKAssVest_Black @ <4561.641113, 8.256914, 11965.439453> ... Lifespan: Set to 120 minutes.
[AirdropContainerFall] Loot Spawned [17] M4_Suppressor @ <4559.024414, 7.971461, 11970.096680> ... Lifespan: Set to 120 minutes.
[AirdropContainerFall] Loot Spawned [18] USMCPants_Desert @ <4557.907715, 7.991009, 11966.012695> ... Lifespan: Set to 120 minutes.
[AirdropContainerFall] Loot Spawned [19] UKAssVest_Khaki @ <4557.463379, 7.960308, 11966.651367> ... Lifespan: Set to 120 minutes.
[AirdropContainerFall] Loot Spawned [20] Rangefinder @ <4561.982910, 8.276388, 11966.108398> ... Lifespan: Set to 120 minutes.
[AirdropContainerUnstuck] Container was unstuck.
[~AirdropContainerBase] Container Destroyed on 2021-05-23 @ 13-25-47
