[InitializeContainer] Container created on 2021-05-24 @ 13-10-00
[InitializeContainer] Winds: Vector <11.248403, 0.000000, 1.254180>, Speed 11.3181mps, Strength 0.1
[AirdropContainerFall] Drop Type 'Misc. Food', Container: 'RANDOM', Mode/Quantity/Iems: Random/20/26, Flare:  20%
[AirdropContainerFall] Loot Spawned [1] PowderedMilk @ <10239.927734, 39.379536, 4800.312988> ... Lifespan: Set to 120 minutes.
[AirdropContainerFall] Loot Spawned [2] TacticalBaconCan @ <10235.913086, 39.604980, 4803.590332> ... Lifespan: Set to 120 minutes.
[AirdropContainerFall] Loot Spawned [3] Pear @ <10239.091797, 39.494965, 4802.211426> ... Lifespan: Set to 120 minutes.
[AirdropContainerFall] Loot Spawned [4] SardinesCan @ <10236.893555, 39.534698, 4802.354004> ... Lifespan: Set to 120 minutes.
[AirdropContainerFall] Loot Spawned [5] PowderedMilk @ <10235.718750, 39.526180, 4801.527832> ... Lifespan: Set to 120 minutes.
[AirdropContainerFall] Loot Spawned [6] Apple @ <10238.874023, 39.587620, 4803.794434> ... Lifespan: Set to 120 minutes.
[AirdropContainerFall] Loot Spawned [7] TunaCan @ <10240.090820, 39.430645, 4801.230957> ... Lifespan: Set to 120 minutes.
[AirdropContainerFall] Loot Spawned [8] Rice @ <10236.302734, 39.624298, 4804.171387> ... Lifespan: Set to 120 minutes.
[AirdropContainerFall] Loot Spawned [9] BoxCerealCrunchin @ <10239.069336, 39.495609, 4802.219727> ... Lifespan: Set to 120 minutes.
[AirdropContainerFall] Loot Spawned [10] SodaCan_Kvass @ <10235.248047, 39.495251, 4799.996094> ... Lifespan: Set to 120 minutes.
[AirdropContainerFall] Loot Spawned [11] CaninaBerry @ <10237.731445, 39.599895, 4803.858887> ... Lifespan: Set to 120 minutes.
[AirdropContainerFall] Loot Spawned [12] PowderedMilk @ <10240.324219, 39.559685, 4803.525879> ... Lifespan: Set to 120 minutes.
[AirdropContainerFall] Loot Spawned [13] CaninaBerry @ <10237.666016, 39.610584, 4804.063965> ... Lifespan: Set to 120 minutes.
[AirdropContainerFall] Loot Spawned [14] Zucchini @ <10234.754883, 39.543339, 4802.178223> ... Lifespan: Set to 120 minutes.
[AirdropContainerFall] Loot Spawned [15] PeachesCan @ <10236.365234, 39.517040, 4801.495605> ... Lifespan: Set to 120 minutes.
[AirdropContainerFall] Loot Spawned [16] BoxCerealCrunchin @ <10235.970703, 39.550625, 4802.129395> ... Lifespan: Set to 120 minutes.
[AirdropContainerFall] Loot Spawned [17] SodaCan_Spite @ <10235.548828, 39.483276, 4799.949707> ... Lifespan: Set to 120 minutes.
[AirdropContainerFall] Loot Spawned [18] TunaCan @ <10236.977539, 39.532795, 4802.364746> ... Lifespan: Set to 120 minutes.
[AirdropContainerFall] Loot Spawned [19] TacticalBaconCan @ <10235.568359, 39.507729, 4801.065918> ... Lifespan: Set to 120 minutes.
[AirdropContainerFall] Loot Spawned [20] Lard @ <10236.979492, 39.609070, 4803.920410> ... Lifespan: Set to 120 minutes.
[AirdropContainerUnstuck] Container was unstuck.
[~AirdropContainerBase] Container Destroyed on 2021-05-24 @ 13-30-00
