[AirdropPlane] Aircraft created on 2021-05-21 @ 16-37-01
[InitializeAircraft] Aircraft Initialized: Woodworking Industrial @ 4477/12000 (true)
[EOnBeforeDrop] The Aircraft is 1 Km from Woodworking Industrial. @ <5528.439453, 182.209213, 13067.607422>
[EOnDrop] Zombie Spawned [1] ZmbM_HermitSkinny_Red @ <4542.626953, 8.280001, 12057.644531> ... Lifespan:  Set to 120 minutes.
[EOnDrop] Spawn failed for zombie [2] 'ZmbM_SurvivorDean_Grey', it does not exist in DayZ!
[EOnDrop] Zombie Spawned [3] ZmbM_HunterOld_Summer @ <4535.258301, 8.280001, 12048.977539> ... Lifespan:  Set to 120 minutes.
[EOnDrop] Zombie Spawned [4] ZmbF_HikerSkinny_Grey @ <4568.647461, 8.280001, 12028.055664> ... Lifespan:  Set to 120 minutes.
[EOnDrop] Zombie Spawned [5] ZmbF_SurvivorNormal_Blue @ <4565.790527, 8.280001, 12088.733398> ... Lifespan:  Set to 120 minutes.
[EOnDrop] Zombie Spawned [6] ZmbM_HermitSkinny_Black @ <4530.661621, 8.280001, 12083.238281> ... Lifespan:  Set to 120 minutes.
[EOnDrop] Spawn failed for zombie [7] 'ZmbM_SurvivorDean_Black', it does not exist in DayZ!
[EOnDrop] Zombie Spawned [8] ZmbF_SurvivorNormal_White @ <4548.406250, 8.280001, 12043.812500> ... Lifespan:  Set to 120 minutes.
[EOnDrop] Zombie Spawned [9] ZmbM_HunterOld_Spring @ <4512.655762, 8.280001, 12039.129883> ... Lifespan:  Set to 120 minutes.
[EOnDrop] Zombie Spawned [10] ZmbM_MotobikerFat_Beige @ <4507.261230, 8.280001, 12089.219727> ... Lifespan:  Set to 120 minutes.
[EOnDrop] Zombie Spawned [11] ZmbM_FarmerFat_Beige @ <4555.354004, 8.280001, 12095.047852> ... Lifespan:  Set to 120 minutes.
[EOnDrop] Zombie Spawned [12] ZmbM_FarmerFat_Brown @ <4517.181641, 8.280001, 12081.957031> ... Lifespan:  Set to 120 minutes.
[EOnDrop] Spawn failed for zombie [13] 'ZmbM_SurvivorDean_Black', it does not exist in DayZ!
[EOnDrop] Zombie Spawned [14] ZmbF_VillagerOld_Red @ <4515.334961, 8.280001, 12065.249023> ... Lifespan:  Set to 120 minutes.
[EOnDrop] Zombie Spawned [15] ZmbM_HermitSkinny_Green @ <4511.780762, 8.280001, 12065.005859> ... Lifespan:  Set to 120 minutes.
[EOnDrop] Zombie Spawned [16] ZmbM_HermitSkinny_Red @ <4525.257324, 8.280001, 12056.799805> ... Lifespan:  Set to 120 minutes.
[EOnDrop] Zombie Spawned [17] ZmbM_HunterOld_Spring @ <4528.509277, 8.280001, 12078.770508> ... Lifespan:  Set to 120 minutes.
[EOnDrop] Spawn failed for zombie [18] 'ZmbM_SurvivorDean_Grey', it does not exist in DayZ!
[EOnDrop] Zombie Spawned [19] ZmbM_HunterOld_Autumn @ <4560.083496, 8.280001, 12030.274414> ... Lifespan:  Set to 120 minutes.
[EOnDrop] Zombie Spawned [20] ZmbF_MilkMaidOld_Beige @ <4557.152832, 8.280001, 12106.871094> ... Lifespan:  Set to 120 minutes.
[EOnDrop] Zombie Spawned [21] ZmbF_SurvivorNormal_Orange @ <4543.664063, 8.280001, 12097.015625> ... Lifespan:  Set to 120 minutes.
[EOnDrop] Zombie Spawned [22] ZmbF_MilkMaidOld_Black @ <4531.030273, 8.280001, 12090.813477> ... Lifespan:  Set to 120 minutes.
[EOnDrop] Zombie Spawned [23] ZmbF_SurvivorNormal_White @ <4539.451172, 8.280001, 12040.841797> ... Lifespan:  Set to 120 minutes.
[EOnDrop] Zombie Spawned [24] ZmbM_VillagerOld_White @ <4563.584961, 8.280001, 12094.800781> ... Lifespan:  Set to 120 minutes.
[EOnDrop] Zombie Spawned [25] ZmbM_FarmerFat_Beige @ <4536.532715, 8.280001, 12065.846680> ... Lifespan:  Set to 120 minutes.
[EOnDrop] Zombie Spawned [26] ZmbM_HikerSkinny_Blue @ <4509.127930, 8.280001, 12071.713867> ... Lifespan:  Set to 120 minutes.
[EOnDrop] Zombie Spawned [27] ZmbM_HikerSkinny_Blue @ <4533.180664, 8.280001, 12064.012695> ... Lifespan:  Set to 120 minutes.
[EOnDrop] Zombie Spawned [28] ZmbM_MotobikerFat_Beige @ <4512.836914, 8.280001, 12053.392578> ... Lifespan:  Set to 120 minutes.
[EOnDrop] Zombie Spawned [29] ZmbF_SurvivorNormal_Orange @ <4547.480469, 8.280001, 12075.465820> ... Lifespan:  Set to 120 minutes.
[EOnDrop] Zombie Spawned [30] ZmbM_VillagerOld_Green @ <4493.429199, 8.279999, 12053.427734> ... Lifespan:  Set to 120 minutes.
[EOnDrop] Zombie Spawned [31] ZmbF_VillagerOld_Green @ <4549.953613, 8.280001, 12103.496094> ... Lifespan:  Set to 120 minutes.
[EOnDrop] Zombie Spawned [32] ZmbF_SurvivorNormal_Blue @ <4530.420410, 8.280001, 12088.553711> ... Lifespan:  Set to 120 minutes.
[EOnDrop] Zombie Spawned [33] ZmbM_MotobikerFat_Black @ <4547.236816, 8.280001, 12050.062500> ... Lifespan:  Set to 120 minutes.
[EOnDrop] Zombie Spawned [34] ZmbM_HermitSkinny_Red @ <4541.206055, 8.280001, 12113.402344> ... Lifespan:  Set to 120 minutes.
[EOnDrop] Spawn failed for zombie [35] 'ZmbM_SurvivorDean_Grey', it does not exist in DayZ!
[EOnDrop] Zombie Spawned [36] ZmbF_SurvivorNormal_Blue @ <4551.368652, 8.280001, 12050.540039> ... Lifespan:  Set to 120 minutes.
[EOnDrop] Zombie Spawned [37] ZmbF_HikerSkinny_Red @ <4570.191406, 8.280001, 12061.547852> ... Lifespan:  Set to 120 minutes.
[EOnDrop] Zombie Spawned [38] ZmbF_MilkMaidOld_Black @ <4496.614258, 8.279998, 12070.008789> ... Lifespan:  Set to 120 minutes.
[EOnDrop] Zombie Spawned [39] ZmbM_HermitSkinny_Green @ <4535.332520, 8.280001, 12074.162109> ... Lifespan:  Set to 120 minutes.
[EOnDrop] Zombie Spawned [40] ZmbM_FarmerFat_Beige @ <4525.984375, 8.280001, 12086.330078> ... Lifespan:  Set to 120 minutes.
[EOnDrop] Zombie Spawned [41] ZmbF_VillagerOld_White @ <4532.775879, 8.280001, 12068.883789> ... Lifespan:  Set to 120 minutes.
[EOnDrop] Zombie Spawned [42] ZmbF_MilkMaidOld_Green @ <4519.379883, 8.280001, 12054.971680> ... Lifespan:  Set to 120 minutes.
[EOnDrop] Spawn failed for zombie [43] 'ZmbM_SurvivorDean_Grey', it does not exist in DayZ!
[EOnDrop] Zombie Spawned [44] ZmbF_HikerSkinny_Grey @ <4555.045410, 8.280001, 12083.789063> ... Lifespan:  Set to 120 minutes.
[EOnDrop] Zombie Spawned [45] ZmbF_HikerSkinny_Green @ <4530.770020, 8.280001, 12086.487305> ... Lifespan:  Set to 120 minutes.
[EOnDrop] Zombie Spawned [46] ZmbM_HunterOld_Autumn @ <4572.771973, 8.280001, 12046.754883> ... Lifespan:  Set to 120 minutes.
[EOnDrop] Spawn failed for zombie [47] 'ZmbM_SurvivorDean_Grey', it does not exist in DayZ!
[EOnDrop] Zombie Spawned [48] ZmbM_MotobikerFat_Beige @ <4545.942383, 8.280001, 12058.474609> ... Lifespan:  Set to 120 minutes.
[EOnDrop] Zombie Spawned [49] ZmbM_VillagerOld_Blue @ <4534.710449, 8.280001, 12073.896484> ... Lifespan:  Set to 120 minutes.
[EOnDrop] Zombie Spawned [50] ZmbF_HikerSkinny_Blue @ <4528.070801, 8.280001, 12075.412109> ... Lifespan:  Set to 120 minutes.
[EOnDrop] Drop spawned with 50 infected at <4541.726563, 156.376373, 12065.944336>.
[EOnDrop] Supplies have been dropped near Woodworking Industrial.
[EOnBeforeDelete] Aircraft despawned @ <-1000.412720, 152.000610, 6440.069824>
[~AirdropPlane] Aircraft destroyed.
