[AirdropPlane] Aircraft created on 2021-05-19 @ 19-02-47
[InitializeAircraft] Aircraft Initialized: Woodworking Industrial @ 4477/12000 (true)
[EOnBeforeDrop] The Aircraft is 1 Km from Woodworking Industrial. @ <5890.088867, 497.817535, 12498.490234>
[EOnDrop] Zombie Spawned [1] ZmbF_SurvivorNormal_Orange @ <4535.244629, 8.280001, 12062.689453> ... Lifespan:  Set to 120 minutes.
[EOnDrop] Zombie Spawned [2] ZmbF_SurvivorNormal_Orange @ <4565.322754, 8.280001, 12033.807617> ... Lifespan:  Set to 120 minutes.
[EOnDrop] Zombie Spawned [3] ZmbM_HermitSkinny_Black @ <4554.378906, 8.280001, 12043.852539> ... Lifespan:  Set to 120 minutes.
[EOnDrop] Zombie Spawned [4] ZmbF_MilkMaidOld_Beige @ <4555.544434, 8.280001, 12024.356445> ... Lifespan:  Set to 120 minutes.
[EOnDrop] Spawn failed for zombie [5] 'ZmbM_SurvivorDean_Grey', it does not exist in DayZ!
[EOnDrop] Zombie Spawned [6] ZmbF_MilkMaidOld_Beige @ <4509.060547, 8.280001, 12006.813477> ... Lifespan:  Set to 120 minutes.
[EOnDrop] Zombie Spawned [7] ZmbF_VillagerOld_Blue @ <4511.461914, 8.280000, 12035.164063> ... Lifespan:  Set to 120 minutes.
[EOnDrop] Zombie Spawned [8] ZmbM_VillagerOld_Blue @ <4564.519531, 8.280001, 12067.072266> ... Lifespan:  Set to 120 minutes.
[EOnDrop] Zombie Spawned [9] ZmbM_FarmerFat_Green @ <4550.491699, 8.280001, 12038.917969> ... Lifespan:  Set to 120 minutes.
[EOnDrop] Zombie Spawned [10] ZmbF_MilkMaidOld_Black @ <4569.968262, 8.280001, 12004.173828> ... Lifespan:  Set to 120 minutes.
[EOnDrop] Zombie Spawned [11] ZmbF_VillagerOld_Red @ <4545.904785, 8.280001, 12069.590820> ... Lifespan:  Set to 120 minutes.
[EOnDrop] Zombie Spawned [12] ZmbM_FarmerFat_Brown @ <4537.293945, 8.280001, 12061.513672> ... Lifespan:  Set to 120 minutes.
[EOnDrop] Zombie Spawned [13] ZmbM_VillagerOld_White @ <4541.652832, 8.280001, 11981.657227> ... Lifespan:  Set to 120 minutes.
[EOnDrop] Zombie Spawned [14] ZmbM_HikerSkinny_Yellow @ <4536.835938, 8.280001, 12016.041016> ... Lifespan:  Set to 120 minutes.
[EOnDrop] Zombie Spawned [15] ZmbM_MotobikerFat_Blue @ <4552.468750, 8.280001, 12013.978516> ... Lifespan:  Set to 120 minutes.
[EOnDrop] Zombie Spawned [16] ZmbM_HunterOld_Spring @ <4547.985840, 8.280001, 12009.676758> ... Lifespan:  Set to 120 minutes.
[EOnDrop] Zombie Spawned [17] ZmbM_FarmerFat_Brown @ <4557.523926, 8.280001, 12026.646484> ... Lifespan:  Set to 120 minutes.
[EOnDrop] Zombie Spawned [18] ZmbF_MilkMaidOld_Black @ <4576.988770, 9.622821, 11988.200195> ... Lifespan:  Set to 120 minutes.
[EOnDrop] Zombie Spawned [19] ZmbF_VillagerOld_Red @ <4544.590820, 8.280001, 12018.896484> ... Lifespan:  Set to 120 minutes.
[EOnDrop] Zombie Spawned [20] ZmbF_VillagerOld_Red @ <4525.979980, 8.280001, 11996.368164> ... Lifespan:  Set to 120 minutes.
[EOnDrop] Zombie Spawned [21] ZmbM_VillagerOld_Blue @ <4555.295898, 8.280001, 12039.400391> ... Lifespan:  Set to 120 minutes.
[EOnDrop] Zombie Spawned [22] ZmbF_MilkMaidOld_Grey @ <4561.241211, 8.280001, 12029.299805> ... Lifespan:  Set to 120 minutes.
[EOnDrop] Zombie Spawned [23] ZmbM_FarmerFat_Brown @ <4568.641602, 8.280001, 12047.050781> ... Lifespan:  Set to 120 minutes.
[EOnDrop] Zombie Spawned [24] ZmbM_FarmerFat_Green @ <4572.820801, 8.280001, 12035.069336> ... Lifespan:  Set to 120 minutes.
[EOnDrop] Zombie Spawned [25] ZmbM_HermitSkinny_Black @ <4555.157715, 8.280001, 12000.204102> ... Lifespan:  Set to 120 minutes.
[EOnDrop] Zombie Spawned [26] ZmbM_VillagerOld_Green @ <4540.430664, 8.280001, 12026.432617> ... Lifespan:  Set to 120 minutes.
[EOnDrop] Zombie Spawned [27] ZmbF_MilkMaidOld_Black @ <4560.201660, 8.280001, 12040.044922> ... Lifespan:  Set to 120 minutes.
[EOnDrop] Zombie Spawned [28] ZmbM_VillagerOld_White @ <4550.135254, 8.280001, 12015.420898> ... Lifespan:  Set to 120 minutes.
[EOnDrop] Zombie Spawned [29] ZmbF_SurvivorNormal_White @ <4579.345215, 8.799214, 12001.041016> ... Lifespan:  Set to 120 minutes.
[EOnDrop] Zombie Spawned [30] ZmbM_HunterOld_Winter @ <4545.834473, 8.280001, 12018.571289> ... Lifespan:  Set to 120 minutes.
[EOnDrop] Zombie Spawned [31] ZmbM_HermitSkinny_Green @ <4541.027832, 8.280001, 12000.714844> ... Lifespan:  Set to 120 minutes.
[EOnDrop] Zombie Spawned [32] ZmbF_VillagerOld_Blue @ <4578.695313, 9.794702, 11989.875977> ... Lifespan:  Set to 120 minutes.
[EOnDrop] Zombie Spawned [33] ZmbM_HunterOld_Spring @ <4520.173828, 8.280001, 12038.327148> ... Lifespan:  Set to 120 minutes.
[EOnDrop] Spawn failed for zombie [34] 'ZmbM_SurvivorDean_Blue', it does not exist in DayZ!
[EOnDrop] Zombie Spawned [35] ZmbM_HunterOld_Autumn @ <4521.587891, 8.280001, 12007.749023> ... Lifespan:  Set to 120 minutes.
[EOnDrop] Zombie Spawned [36] ZmbM_MotobikerFat_Beige @ <4546.652344, 8.280001, 12039.478516> ... Lifespan:  Set to 120 minutes.
[EOnDrop] Zombie Spawned [37] ZmbM_HikerSkinny_Blue @ <4581.508789, 8.280001, 12051.228516> ... Lifespan:  Set to 120 minutes.
[EOnDrop] Zombie Spawned [38] ZmbF_HikerSkinny_Grey @ <4532.121582, 8.280001, 12057.813477> ... Lifespan:  Set to 120 minutes.
[EOnDrop] Zombie Spawned [39] ZmbM_MotobikerFat_Blue @ <4503.334473, 8.279998, 12019.484375> ... Lifespan:  Set to 120 minutes.
[EOnDrop] Spawn failed for zombie [40] 'ZmbM_SurvivorDean_Grey', it does not exist in DayZ!
[EOnDrop] Spawn failed for zombie [41] 'ZmbM_SurvivorDean_Grey', it does not exist in DayZ!
[EOnDrop] Zombie Spawned [42] ZmbF_SurvivorNormal_Blue @ <4562.533691, 8.280001, 12009.077148> ... Lifespan:  Set to 120 minutes.
[EOnDrop] Zombie Spawned [43] ZmbM_VillagerOld_Blue @ <4542.202148, 8.280001, 12033.272461> ... Lifespan:  Set to 120 minutes.
[EOnDrop] Zombie Spawned [44] ZmbM_MotobikerFat_Black @ <4538.045410, 8.280001, 12014.489258> ... Lifespan:  Set to 120 minutes.
[EOnDrop] Zombie Spawned [45] ZmbM_VillagerOld_Blue @ <4583.497070, 8.581116, 12007.924805> ... Lifespan:  Set to 120 minutes.
[EOnDrop] Zombie Spawned [46] ZmbF_MilkMaidOld_Black @ <4569.417480, 8.280001, 12034.449219> ... Lifespan:  Set to 120 minutes.
[EOnDrop] Zombie Spawned [47] ZmbM_priestPopSkinny @ <4542.212891, 8.280001, 12058.953125> ... Lifespan:  Set to 120 minutes.
[EOnDrop] Zombie Spawned [48] ZmbM_priestPopSkinny @ <4587.958008, 10.874516, 11996.875000> ... Lifespan:  Set to 120 minutes.
[EOnDrop] Zombie Spawned [49] ZmbM_HermitSkinny_Red @ <4541.959961, 8.280001, 12039.451172> ... Lifespan:  Set to 120 minutes.
[EOnDrop] Zombie Spawned [50] ZmbM_VillagerOld_Blue @ <4539.291016, 8.280001, 12022.499023> ... Lifespan:  Set to 120 minutes.
[EOnDrop] Drop spawned with 50 infected at <4547.779297, 158.660690, 12023.546875>.
[EOnDrop] Supplies have been dropped near Woodworking Industrial.
[EOnBeforeDelete] Aircraft despawned @ <-1001.041992, 152.000610, 10060.061523>
[~AirdropPlane] Aircraft destroyed.
