[AirdropBase] Base class created & settings loaded.
[2021-05-18 @ 12-25-43] ----------------------------------------------------------------------------------------------------
[EOnCallAirdrop] Drop zone asigned: Stonington <6956.000000, 0.000000, 2438.000000>
[EOnCallAirdrop] Drop zone offset to: <6927.739258, 2438.000000, 2529.316895>
[EOnCallAirdrop] Aircraft spawn point: <-1000.000000, 2438.000000, 2983.860352>
[EOnCallAirdrop] Aircraft bearing ... Angle/Bearing: 3.07309° / 273.925°, Text: 'West (274°)'
[EOnCallAirdrop] Aircraft has been dispatched to 'Stonington' from the West (274°).
[2021-05-18 @ 13-06-11] ----------------------------------------------------------------------------------------------------
[EOnCallAirdrop] Drop zone asigned: Old Town <2059.000000, 0.000000, 9030.000000>
[EOnCallAirdrop] Drop zone offset to: <2058.126465, 2438.000000, 8998.883789>
[EOnCallAirdrop] Aircraft spawn point: <17270.000000, 2438.000000, 8960.487305>
[EOnCallAirdrop] Aircraft bearing ... Angle/Bearing: -0.00456986° / 90.2618°, Text: 'East (90°)'
[EOnCallAirdrop] Aircraft has been dispatched to 'Old Town' from the East (90°).
[2021-05-18 @ 15-27-30] ----------------------------------------------------------------------------------------------------
[EOnCallAirdrop] Drop zone asigned: Stonington <6956.000000, 0.000000, 2438.000000>
[EOnCallAirdrop] Drop zone offset to: <6995.360352, 2438.000000, 2485.072998>
[EOnCallAirdrop] Aircraft spawn point: <6275.214844, 2438.000000, -1000.000000>
[EOnCallAirdrop] Aircraft bearing ... Angle/Bearing: -1.76629° / 191.201°, Text: 'South (191°)'
[EOnCallAirdrop] Aircraft has been dispatched to 'Stonington' from the South (191°).
[2021-05-18 @ 15-47-43] ----------------------------------------------------------------------------------------------------
[EOnCallAirdrop] Drop zone asigned: Mount Katahdin <7169.000000, 0.000000, 11620.000000>
[EOnCallAirdrop] Drop zone offset to: <7168.870117, 2438.000000, 11625.244141>
[EOnCallAirdrop] Aircraft spawn point: <17270.000000, 2438.000000, 15436.699219>
[EOnCallAirdrop] Aircraft bearing ... Angle/Bearing: 0.36127° / 69.3008°, Text: 'East (69°)'
[EOnCallAirdrop] Aircraft has been dispatched to 'Mount Katahdin' from the East (69°).
