[InitializeContainer] Container created on 2021-05-18 @ 15-28-14
[InitializeContainer] Winds: Vector <-17.695408, 0.000000, 6.783924>, Speed 18.9512mps, Strength 0.1
[AirdropContainerFall] Drop Type 'Military West', Container: 'RANDOM', Mode/Quantity/Iems: Random/20/40, Flare:  10%
[AirdropContainerFall] Loot Spawned [1] TacticalGloves_Green @ <6938.704102, 42.100998, 2355.494385> ... Lifespan: Set to 120 minutes.
[AirdropContainerFall] Loot Spawned [2] USMCJacket_Woodland @ <6940.344238, 42.100998, 2360.584229> ... Lifespan: Set to 120 minutes.
[AirdropContainerFall] Loot Spawned [3] Mag_STANAG_30Rnd @ <6938.036621, 42.100998, 2360.445557> ... Lifespan: Set to 120 minutes.
[AirdropContainerFall] Loot Spawned [4] AmmoBox_556x45_20Rnd @ <6938.417480, 42.100998, 2355.662842> ... Lifespan: Set to 120 minutes.
[AirdropContainerFall] Loot Spawned [5] M4_RISHndgrd @ <6939.762207, 42.100998, 2354.774414> ... Lifespan: Set to 120 minutes.
[AirdropContainerFall] Loot Spawned [6] UKAssVest_Olive @ <6941.897949, 42.100998, 2356.674072> ... Lifespan: Set to 120 minutes.
[AirdropContainerFall] Loot Spawned [7] Rangefinder @ <6939.069336, 42.100998, 2359.220215> ... Lifespan: Set to 120 minutes.
[AirdropContainerFall] Loot Spawned [8] AssaultBag_Ttsko @ <6937.144531, 42.100998, 2358.423340> ... Lifespan: Set to 120 minutes.
[AirdropContainerFall] Loot Spawned [9] M4_CQBBttstck @ <6939.557617, 42.100998, 2359.195557> ... Lifespan: Set to 120 minutes.
[AirdropContainerFall] Loot Spawned [10] AssaultBag_Green @ <6941.599609, 42.100998, 2357.560547> ... Lifespan: Set to 120 minutes.
[AirdropContainerFall] Loot Spawned [11] UniversalLight @ <6937.316406, 42.100998, 2357.462402> ... Lifespan: Set to 120 minutes.
[AirdropContainerFall] Loot Spawned [12] TacticalGloves_Black @ <6939.514160, 42.100998, 2355.857666> ... Lifespan: Set to 120 minutes.
[AirdropContainerFall] Loot Spawned [13] Canteen @ <6937.916992, 42.100998, 2358.014893> ... Lifespan: Set to 120 minutes.
[AirdropContainerFall] Loot Spawned [14] FNX45 @ <6936.662598, 42.100998, 2358.708008> ... Lifespan: Set to 120 minutes.
[AirdropContainerFall] Loot Spawned [15] Binoculars @ <6938.070801, 42.100998, 2358.711182> ... Lifespan: Set to 120 minutes.
[AirdropContainerFall] Loot Spawned [16] USMCPants_Desert @ <6941.447754, 42.100998, 2355.493164> ... Lifespan: Set to 120 minutes.
[AirdropContainerFall] Loot Spawned [17] M4_Suppressor @ <6940.857910, 42.100998, 2356.503174> ... Lifespan: Set to 120 minutes.
[AirdropContainerFall] Loot Spawned [18] M4_CQBBttstck @ <6939.382324, 42.100998, 2360.157959> ... Lifespan: Set to 120 minutes.
[AirdropContainerFall] Loot Spawned [19] Battery9V @ <6940.297363, 42.100998, 2359.330811> ... Lifespan: Set to 120 minutes.
[AirdropContainerFall] Loot Spawned [20] MilitaryBoots_Beige @ <6937.931152, 42.100998, 2356.290527> ... Lifespan: Set to 120 minutes.
[AirdropContainerUnstuck] Container was unstuck.
[~AirdropContainerBase] Container Destroyed on 2021-05-18 @ 15-48-14
