[AirdropPlane] Aircraft created on 2021-05-21 @ 01-22-50
[InitializeAircraft] Aircraft Initialized: Woodworking Industrial @ 4485/12110 (true)
[EOnBeforeDrop] The Aircraft is 1 Km from Woodworking Industrial. @ <3283.447754, 152.040726, 13007.036133>
[EOnDrop] Zombie Spawned [1] ZmbM_ConstrWorkerNormal_Green @ <4415.597656, 8.279959, 12177.101563> ... Lifespan:  Set to 120 minutes.
[EOnDrop] Zombie Spawned [2] ZmbM_FishermanOld_Blue @ <4409.930176, 8.279997, 12165.604492> ... Lifespan:  Set to 120 minutes.
[EOnDrop] Zombie Spawned [3] ZmbM_HandymanNormal_White @ <4438.599609, 8.279997, 12193.402344> ... Lifespan:  Set to 120 minutes.
[EOnDrop] Zombie Spawned [4] ZmbM_MechanicSkinny_Grey @ <4419.589844, 8.279997, 12129.350586> ... Lifespan:  Set to 120 minutes.
[EOnDrop] Zombie Spawned [5] ZmbM_FishermanOld_Green @ <4376.306641, 8.279886, 12142.825195> ... Lifespan:  Set to 120 minutes.
[EOnDrop] Zombie Spawned [6] ZmbM_ConstrWorkerNormal_Green @ <4411.669922, 8.279997, 12120.159180> ... Lifespan:  Set to 120 minutes.
[EOnDrop] Zombie Spawned [7] ZmbM_HandymanNormal_Blue @ <4410.486328, 8.140762, 12190.870117> ... Lifespan:  Set to 120 minutes.
[EOnDrop] Zombie Spawned [8] ZmbF_MechanicNormal_Green @ <4393.357910, 7.516593, 12171.372070> ... Lifespan:  Set to 120 minutes.
[EOnDrop] Zombie Spawned [9] ZmbM_ConstrWorkerNormal_Green @ <4416.340332, 8.279997, 12134.405273> ... Lifespan:  Set to 120 minutes.
[EOnDrop] Zombie Spawned [10] ZmbM_FishermanOld_Blue @ <4425.881348, 8.279997, 12181.972656> ... Lifespan:  Set to 120 minutes.
[EOnDrop] Zombie Spawned [11] ZmbM_OffshoreWorker_Yellow @ <4387.458496, 8.133383, 12157.324219> ... Lifespan:  Set to 120 minutes.
[EOnDrop] Zombie Spawned [12] ZmbM_OffshoreWorker_Green @ <4418.813965, 8.279997, 12179.549805> ... Lifespan:  Set to 120 minutes.
[EOnDrop] Zombie Spawned [13] ZmbM_MechanicSkinny_Grey @ <4399.220703, 5.919855, 12198.475586> ... Lifespan:  Set to 120 minutes.
[EOnDrop] Zombie Spawned [14] ZmbM_ConstrWorkerNormal_Grey @ <4435.561035, 8.279997, 12182.423828> ... Lifespan:  Set to 120 minutes.
[EOnDrop] Zombie Spawned [15] ZmbM_OffshoreWorker_Yellow @ <4414.153320, 8.279997, 12139.419922> ... Lifespan:  Set to 120 minutes.
[EOnDrop] Zombie Spawned [16] ZmbM_MechanicSkinny_Grey @ <4417.864258, 8.279997, 12152.008789> ... Lifespan:  Set to 120 minutes.
[EOnDrop] Zombie Spawned [17] ZmbM_FishermanOld_Red @ <4393.442383, 8.272148, 12157.623047> ... Lifespan:  Set to 120 minutes.
[EOnDrop] Zombie Spawned [18] ZmbM_OffshoreWorker_Orange @ <4457.223633, 8.279997, 12152.438477> ... Lifespan:  Set to 120 minutes.
[EOnDrop] Zombie Spawned [19] ZmbM_MechanicSkinny_Green @ <4397.245605, 8.279997, 12151.182617> ... Lifespan:  Set to 120 minutes.
[EOnDrop] Zombie Spawned [20] ZmbM_FishermanOld_Blue @ <4415.122559, 8.279997, 12131.987305> ... Lifespan:  Set to 120 minutes.
[EOnDrop] Zombie Spawned [21] ZmbM_HandymanNormal_Blue @ <4400.115234, 8.279119, 12165.515625> ... Lifespan:  Set to 120 minutes.
[EOnDrop] Zombie Spawned [22] ZmbF_BlueCollarFat_Red @ <4425.104980, 8.279997, 12186.333984> ... Lifespan:  Set to 120 minutes.
[EOnDrop] Zombie Spawned [23] ZmbM_MechanicSkinny_Red @ <4409.234375, 8.279997, 12154.236328> ... Lifespan:  Set to 120 minutes.
[EOnDrop] Zombie Spawned [24] ZmbM_OffshoreWorker_Yellow @ <4455.955078, 8.279997, 12166.259766> ... Lifespan:  Set to 120 minutes.
[EOnDrop] Zombie Spawned [25] ZmbF_BlueCollarFat_Green @ <4424.636230, 8.279997, 12184.514648> ... Lifespan:  Set to 120 minutes.
[EOnDrop] Zombie Spawned [26] ZmbF_BlueCollarFat_White @ <4377.644043, 8.279997, 12130.112305> ... Lifespan:  Set to 120 minutes.
[EOnDrop] Zombie Spawned [27] ZmbM_OffshoreWorker_Yellow @ <4410.144043, 8.279997, 12162.006836> ... Lifespan:  Set to 120 minutes.
[EOnDrop] Zombie Spawned [28] ZmbM_HandymanNormal_Grey @ <4436.078125, 8.279997, 12116.205078> ... Lifespan:  Set to 120 minutes.
[EOnDrop] Zombie Spawned [29] ZmbM_HeavyIndustryWorker @ <4447.948242, 8.279997, 12144.833008> ... Lifespan:  Set to 120 minutes.
[EOnDrop] Zombie Spawned [30] ZmbM_MechanicSkinny_Green @ <4396.351563, 6.302563, 12187.492188> ... Lifespan:  Set to 120 minutes.
[EOnDrop] Zombie Spawned [31] ZmbM_FishermanOld_Red @ <4424.539063, 8.279997, 12156.648438> ... Lifespan:  Set to 120 minutes.
[EOnDrop] Zombie Spawned [32] ZmbM_HandymanNormal_Beige @ <4424.291504, 8.279997, 12113.176758> ... Lifespan:  Set to 120 minutes.
[EOnDrop] Zombie Spawned [33] ZmbM_HeavyIndustryWorker @ <4422.047852, 8.279997, 12162.533203> ... Lifespan:  Set to 120 minutes.
[EOnDrop] Zombie Spawned [34] ZmbM_FishermanOld_Red @ <4426.022949, 8.279997, 12168.934570> ... Lifespan:  Set to 120 minutes.
[EOnDrop] Zombie Spawned [35] ZmbM_ConstrWorkerNormal_Grey @ <4437.010742, 8.279997, 12164.689453> ... Lifespan:  Set to 120 minutes.
[EOnDrop] Zombie Spawned [36] ZmbF_BlueCollarFat_White @ <4447.191406, 8.279997, 12191.726563> ... Lifespan:  Set to 120 minutes.
[EOnDrop] Zombie Spawned [37] ZmbF_MechanicNormal_Green @ <4405.237793, 7.952973, 12184.412109> ... Lifespan:  Set to 120 minutes.
[EOnDrop] Zombie Spawned [38] ZmbM_FirefighterNormal @ <4426.155762, 8.279997, 12184.384766> ... Lifespan:  Set to 120 minutes.
[EOnDrop] Zombie Spawned [39] ZmbF_MechanicNormal_Orange @ <4409.812500, 8.006126, 12194.140625> ... Lifespan:  Set to 120 minutes.
[EOnDrop] Zombie Spawned [40] ZmbM_MechanicSkinny_Grey @ <4424.532227, 8.279997, 12127.171875> ... Lifespan:  Set to 120 minutes.
[EOnDrop] Drop spawned with 40 infected at <4416.591309, 143.856964, 12160.936523>.
[EOnDrop] Supplies have been dropped near Woodworking Industrial.
[EOnBeforeDelete] Aircraft despawned @ <17270.175781, 152.000610, 2562.958008>
[~AirdropPlane] Aircraft destroyed.
