[InitializeContainer] Container created on 2021-05-06 @ 00-15-31
[InitializeContainer] Winds: Vector <1.493299, 0.000000, 15.144998>, Speed 15.2184mps, Strength 0.1
[AirdropContainerFall] Drop Type 'Military West', Container: 'RANDOM', Mode/Quantity/Iems: Random/20/40, Flare:  10%
[AirdropContainerFall] Loot Spawned [1] PistolSuppressor @ <6690.409180, 148.072464, 3436.624512> ... Lifespan: Set to 120 minutes.
[AirdropContainerFall] Loot Spawned [2] M4_Suppressor @ <6694.137207, 146.132950, 3434.380859> ... Lifespan: Set to 120 minutes.
[AirdropContainerFall] Loot Spawned [3] USMCPants_Woodland @ <6691.644043, 146.882889, 3433.439941> ... Lifespan: Set to 120 minutes.
[AirdropContainerFall] Loot Spawned [4] UKAssVest_Olive @ <6695.078125, 146.082565, 3435.713867> ... Lifespan: Set to 120 minutes.
[AirdropContainerFall] Loot Spawned [5] M4A1 @ <6691.833496, 146.911377, 3433.863525> ... Lifespan: Set to 120 minutes.
[AirdropContainerFall] Loot Spawned [6] M4_RISHndgrd @ <6691.641602, 147.056549, 3434.175049> ... Lifespan: Set to 120 minutes.
[AirdropContainerFall] Loot Spawned [7] M4_Suppressor @ <6695.146973, 145.757172, 3434.456787> ... Lifespan: Set to 120 minutes.
[AirdropContainerFall] Loot Spawned [8] UKAssVest_Camo @ <6695.088379, 146.418152, 3437.298096> ... Lifespan: Set to 120 minutes.
[AirdropContainerFall] Loot Spawned [9] AssaultBag_Black @ <6691.447754, 147.174515, 3434.367676> ... Lifespan: Set to 120 minutes.
[AirdropContainerFall] Loot Spawned [10] AmmoBox_556x45_20Rnd @ <6694.480957, 146.211578, 3435.276367> ... Lifespan: Set to 120 minutes.
[AirdropContainerFall] Loot Spawned [11] TacticalBaconCan @ <6689.329590, 148.117188, 3434.999023> ... Lifespan: Set to 120 minutes.
[AirdropContainerFall] Loot Spawned [12] UKAssVest_Olive @ <6691.003418, 148.063858, 3437.662354> ... Lifespan: Set to 120 minutes.
[AirdropContainerFall] Loot Spawned [13] M4_T3NrdSOptic @ <6691.572266, 147.641769, 3436.641113> ... Lifespan: Set to 120 minutes.
[AirdropContainerFall] Loot Spawned [14] TacticalGloves_Black @ <6694.103027, 146.724716, 3436.923340> ... Lifespan: Set to 120 minutes.
[AirdropContainerFall] Loot Spawned [15] UKAssVest_Black @ <6691.504883, 147.524811, 3435.949463> ... Lifespan: Set to 120 minutes.
[AirdropContainerFall] Loot Spawned [16] UniversalLight @ <6689.343262, 148.195709, 3435.354980> ... Lifespan: Set to 120 minutes.
[AirdropContainerFall] Loot Spawned [17] M9A1_Bayonet @ <6690.938965, 147.193817, 3433.637939> ... Lifespan: Set to 120 minutes.
[AirdropContainerFall] Loot Spawned [18] AssaultBag_Green @ <6696.161133, 145.322067, 3434.298584> ... Lifespan: Set to 120 minutes.
[AirdropContainerFall] Loot Spawned [19] TacticalGoggles @ <6694.603516, 146.651978, 3437.507813> ... Lifespan: Set to 120 minutes.
[AirdropContainerFall] Loot Spawned [20] Canteen @ <6695.493652, 146.031540, 3436.205078> ... Lifespan: Set to 120 minutes.
[AirdropContainerUnstuck] Container was unstuck.
[~AirdropContainerBase] Container Destroyed on 2021-05-06 @ 16-17-18
