[InitializeContainer] Container created on 2021-05-20 @ 21-27-14
[InitializeContainer] Winds: Vector <3.211514, 0.000000, 14.525872>, Speed 14.8767mps, Strength 0.1
[AirdropContainerFall] Drop Type 'Military East', Container: 'RANDOM', Mode/Quantity/Iems: Random/20/28, Flare:  10%
[AirdropContainerFall] Loot Spawned [1] TacticalGloves_Black @ <9147.752930, 6.561959, 9437.378906> ... Lifespan: Set to 120 minutes.
[AirdropContainerFall] Loot Spawned [2] TacticalBaconCan @ <9148.257813, 6.541157, 9434.289063> ... Lifespan: Set to 120 minutes.
[AirdropContainerFall] Loot Spawned [3] GorkaPants_Summer @ <9149.208008, 6.569352, 9438.849609> ... Lifespan: Set to 120 minutes.
[AirdropContainerFall] Loot Spawned [4] AmmoBox_762x39_20Rnd @ <9148.316406, 6.540702, 9434.256836> ... Lifespan: Set to 120 minutes.
[AirdropContainerFall] Loot Spawned [5] GorkaEJacket_PautRev @ <9147.332031, 6.543456, 9433.823242> ... Lifespan: Set to 120 minutes.
[AirdropContainerFall] Loot Spawned [6] WeaponCleaningKit @ <9148.025391, 6.562157, 9437.496094> ... Lifespan: Set to 120 minutes.
[AirdropContainerFall] Loot Spawned [7] TacticalGoggles @ <9144.525391, 6.563476, 9435.020508> ... Lifespan: Set to 120 minutes.
[AirdropContainerFall] Loot Spawned [8] GorkaPants_Autumn @ <9149.458008, 6.543957, 9435.546875> ... Lifespan: Set to 120 minutes.
[AirdropContainerFall] Loot Spawned [9] TacticalBaconCan @ <9148.117188, 6.540234, 9433.963867> ... Lifespan: Set to 120 minutes.
[AirdropContainerFall] Loot Spawned [10] Mag_AKM_30Rnd @ <9148.137695, 6.540976, 9434.132813> ... Lifespan: Set to 120 minutes.
[AirdropContainerFall] Loot Spawned [11] AK_RailHndgrd @ <9144.671875, 6.559047, 9434.281250> ... Lifespan: Set to 120 minutes.
[AirdropContainerFall] Loot Spawned [12] TTSKOPants @ <9145.116211, 6.566430, 9436.202148> ... Lifespan: Set to 120 minutes.
[AirdropContainerFall] Loot Spawned [13] TacticalGloves_Green @ <9148.772461, 6.569613, 9438.739258> ... Lifespan: Set to 120 minutes.
[AirdropContainerFall] Loot Spawned [14] TacticalGoggles @ <9146.139648, 6.549682, 9433.875977> ... Lifespan: Set to 120 minutes.
[AirdropContainerFall] Loot Spawned [15] AK_RailHndgrd @ <9145.575195, 6.554662, 9434.307617> ... Lifespan: Set to 120 minutes.
[AirdropContainerFall] Loot Spawned [16] GorkaEJacket_Autumn @ <9149.665039, 6.537199, 9434.714844> ... Lifespan: Set to 120 minutes.
[AirdropContainerFall] Loot Spawned [17] GorkaEJacket_Summer @ <9149.294922, 6.537260, 9434.546875> ... Lifespan: Set to 120 minutes.
[AirdropContainerFall] Loot Spawned [18] AKM @ <9149.416016, 6.568224, 9438.768555> ... Lifespan: Set to 120 minutes.
[AirdropContainerFall] Loot Spawned [19] AK_Suppressor @ <9145.358398, 6.553773, 9433.913086> ... Lifespan: Set to 120 minutes.
[AirdropContainerFall] Loot Spawned [20] AK_RailHndgrd @ <9146.412109, 6.541957, 9432.603516> ... Lifespan: Set to 120 minutes.
[AirdropContainerUnstuck] Container was unstuck.
[~AirdropContainerBase] Container Destroyed on 2021-05-20 @ 22-00-00
