[InitializeContainer] Container created on 2021-05-25 @ 15-33-27
[InitializeContainer] Winds: Vector <10.954404, 0.000000, 5.799509>, Speed 12.3949mps, Strength 0.1
[AirdropContainerFall] Drop Type 'Misc. Food', Container: 'RANDOM', Mode/Quantity/Iems: Random/20/26, Flare:  20%
[AirdropContainerFall] Loot Spawned [1] SodaCan_Spite @ <6882.149902, 37.993164, 2486.519043> ... Lifespan: Set to 120 minutes.
[AirdropContainerFall] Loot Spawned [2] BoxCerealCrunchin @ <6878.321777, 34.510006, 2488.553955> ... Lifespan: Set to 120 minutes.
[AirdropContainerFall] Loot Spawned [3] WaterBottle @ <6882.792480, 39.395592, 2487.518066> ... Lifespan: Set to 120 minutes.
[AirdropContainerFall] Loot Spawned [4] TunaCan @ <6882.510742, 38.780697, 2486.829590> ... Lifespan: Set to 120 minutes.
[AirdropContainerFall] Loot Spawned [5] Plum @ <6883.855957, 41.716629, 2486.899414> ... Lifespan: Set to 120 minutes.
[AirdropContainerFall] Loot Spawned [6] Canteen @ <6884.191895, 42.034355, 2489.303955> ... Lifespan: Set to 120 minutes.
[AirdropContainerFall] Loot Spawned [7] Lard @ <6883.596680, 41.658546, 2488.232666> ... Lifespan: Set to 120 minutes.
[AirdropContainerFall] Loot Spawned [8] WaterBottle @ <6879.604980, 33.300999, 2486.258301> ... Lifespan: Set to 120 minutes.
[AirdropContainerFall] Loot Spawned [9] BakedBeansCan @ <6880.650391, 34.720474, 2486.609863> ... Lifespan: Set to 120 minutes.
[AirdropContainerFall] Loot Spawned [10] SodaCan_Kvass @ <6881.033691, 35.557030, 2486.570801> ... Lifespan: Set to 120 minutes.
[AirdropContainerFall] Loot Spawned [11] SodaCan_Spite @ <6883.996094, 42.022476, 2486.573242> ... Lifespan: Set to 120 minutes.
[AirdropContainerFall] Loot Spawned [12] Potato @ <6881.489258, 40.423431, 2489.774170> ... Lifespan: Set to 120 minutes.
[AirdropContainerFall] Loot Spawned [13] TacticalBaconCan @ <6881.690430, 42.030998, 2491.196777> ... Lifespan: Set to 120 minutes.
[AirdropContainerFall] Loot Spawned [14] SardinesCan @ <6879.804688, 34.376266, 2488.492676> ... Lifespan: Set to 120 minutes.
[AirdropContainerFall] Loot Spawned [15] SpaghettiCan @ <6879.823242, 33.300999, 2485.517090> ... Lifespan: Set to 120 minutes.
[AirdropContainerFall] Loot Spawned [16] CaninaBerry @ <6879.799805, 35.940678, 2489.209473> ... Lifespan: Set to 120 minutes.
[AirdropContainerFall] Loot Spawned [17] SpaghettiCan @ <6883.397461, 40.715961, 2485.652344> ... Lifespan: Set to 120 minutes.
[AirdropContainerFall] Loot Spawned [18] Potato @ <6882.102051, 37.888729, 2486.540771> ... Lifespan: Set to 120 minutes.
[AirdropContainerFall] Loot Spawned [19] TacticalBaconCan @ <6878.150391, 33.300999, 2486.952637> ... Lifespan: Set to 120 minutes.
[AirdropContainerFall] Loot Spawned [20] TunaCan @ <6880.210938, 39.928959, 2490.825928> ... Lifespan: Set to 120 minutes.
[AirdropContainerUnstuck] Container was unstuck.
[~AirdropContainerBase] Container Destroyed on 2021-05-25 @ 15-53-27
