[InitializeContainer] Container created on 2021-05-20 @ 19-02-52
[InitializeContainer] Winds: Vector <8.740026, 0.000000, -4.228371>, Speed 9.70913mps, Strength 0.1
[AirdropContainerFall] Drop Type 'Military East', Container: 'RANDOM', Mode/Quantity/Iems: Random/20/28, Flare:  10%
[AirdropContainerFall] Loot Spawned [1] GorkaPants_PautRev @ <5376.847168, 17.253857, 12499.755859> ... Lifespan: Set to 120 minutes.
[AirdropContainerFall] Loot Spawned [2] GorkaPants_Autumn @ <5376.823730, 16.678280, 12500.464844> ... Lifespan: Set to 120 minutes.
[AirdropContainerFall] Loot Spawned [3] TacticalGloves_Beige @ <5380.220215, 19.251194, 12497.663086> ... Lifespan: Set to 120 minutes.
[AirdropContainerFall] Loot Spawned [4] Binoculars @ <5377.681641, 19.341024, 12496.786133> ... Lifespan: Set to 120 minutes.
[AirdropContainerFall] Loot Spawned [5] CanOpener @ <5378.947266, 19.418793, 12497.186523> ... Lifespan: Set to 120 minutes.
[AirdropContainerFall] Loot Spawned [6] GorkaEJacket_Flat @ <5379.708008, 17.237654, 12500.315430> ... Lifespan: Set to 120 minutes.
[AirdropContainerFall] Loot Spawned [7] GorkaPants_PautRev @ <5380.677246, 18.495335, 12498.763672> ... Lifespan: Set to 120 minutes.
[AirdropContainerFall] Loot Spawned [8] AmmoBox_762x39_20Rnd @ <5377.754395, 16.435753, 12500.913086> ... Lifespan: Set to 120 minutes.
[AirdropContainerFall] Loot Spawned [9] AK_PlasticBttstck @ <5377.604980, 15.904673, 12501.509766> ... Lifespan: Set to 120 minutes.
[AirdropContainerFall] Loot Spawned [10] AK_Bayonet @ <5377.501953, 16.596859, 12500.679688> ... Lifespan: Set to 120 minutes.
[AirdropContainerFall] Loot Spawned [11] TacticalGoggles @ <5378.899902, 19.323797, 12497.308594> ... Lifespan: Set to 120 minutes.
[AirdropContainerFall] Loot Spawned [12] AKM @ <5379.487793, 19.774090, 12496.805664> ... Lifespan: Set to 120 minutes.
[AirdropContainerFall] Loot Spawned [13] AmmoBox_762x39_20Rnd @ <5376.368164, 17.047710, 12499.942383> ... Lifespan: Set to 120 minutes.
[AirdropContainerFall] Loot Spawned [14] GorkaPants_Autumn @ <5379.801758, 19.946342, 12496.631836> ... Lifespan: Set to 120 minutes.
[AirdropContainerFall] Loot Spawned [15] CanOpener @ <5375.123047, 18.280518, 12497.798828> ... Lifespan: Set to 120 minutes.
[AirdropContainerFall] Loot Spawned [16] AK_Bayonet @ <5379.458008, 17.668684, 12499.723633> ... Lifespan: Set to 120 minutes.
[AirdropContainerFall] Loot Spawned [17] Binoculars @ <5375.880859, 15.906469, 12501.253906> ... Lifespan: Set to 120 minutes.
[AirdropContainerFall] Loot Spawned [18] GorkaPants_PautRev @ <5380.222168, 17.844397, 12499.617188> ... Lifespan: Set to 120 minutes.
[AirdropContainerFall] Loot Spawned [19] GorkaEJacket_PautRev @ <5377.562988, 19.424202, 12496.596680> ... Lifespan: Set to 120 minutes.
[AirdropContainerFall] Loot Spawned [20] TacticalGoggles @ <5380.198242, 16.761065, 12500.907227> ... Lifespan: Set to 120 minutes.
[AirdropContainerUnstuck] Container was unstuck.
[~AirdropContainerBase] Container Destroyed on 2021-05-20 @ 19-22-52
