[InitializeContainer] Container created on 2021-05-14 @ 19-36-17
[InitializeContainer] Winds: Vector <0.146980, 0.000000, -6.562506>, Speed 6.56415mps, Strength 0.1
[AirdropContainerFall] Drop Type 'Misc. Tools', Container: 'RANDOM', Mode/Quantity/Iems: Random/20/50, Flare:  10%
[AirdropContainerFall] Loot Spawned [1] Screwdriver @ <9193.036133, 6.611000, 9521.324219> ... Lifespan: Set to 120 minutes.
[AirdropContainerFall] Loot Spawned [2] Chemlight_Blue @ <9175.064453, 6.611000, 9526.803711> ... Lifespan: Set to 120 minutes.
[AirdropContainerFall] Loot Spawned [3] Headtorch_Black @ <9174.327148, 6.611000, 9521.188477> ... Lifespan: Set to 120 minutes.
[AirdropContainerFall] Loot Spawned [4] Headtorch_Grey @ <9186.503906, 6.611000, 9533.165039> ... Lifespan: Set to 120 minutes.
[AirdropContainerFall] Loot Spawned [5] Pickaxe @ <9188.574219, 6.611000, 9515.510742> ... Lifespan: Set to 120 minutes.
[AirdropContainerFall] Loot Spawned [6] Megaphone @ <9174.361328, 6.611000, 9522.874023> ... Lifespan: Set to 120 minutes.
[AirdropContainerFall] Loot Spawned [7] Crowbar @ <9174.659180, 6.611000, 9523.841797> ... Lifespan: Set to 120 minutes.
[AirdropContainerFall] Loot Spawned [8] LugWrench @ <9175.381836, 6.611000, 9527.212891> ... Lifespan: Set to 120 minutes.
[AirdropContainerFall] Loot Spawned [9] HuntingKnife @ <9186.723633, 6.611000, 9514.647461> ... Lifespan: Set to 120 minutes.
[AirdropContainerFall] Loot Spawned [10] Megaphone @ <9193.139648, 6.611000, 9521.482422> ... Lifespan: Set to 120 minutes.
[AirdropContainerFall] Loot Spawned [11] Chemlight_Blue @ <9181.456055, 6.611000, 9514.724609> ... Lifespan: Set to 120 minutes.
[AirdropContainerFall] Loot Spawned [12] LugWrench @ <9189.759766, 6.611000, 9530.636719> ... Lifespan: Set to 120 minutes.
[AirdropContainerFall] Loot Spawned [13] Spotlight @ <9189.551758, 6.611000, 9516.625977> ... Lifespan: Set to 120 minutes.
[AirdropContainerFall] Loot Spawned [14] SteakKnife @ <9192.472656, 6.611000, 9527.124023> ... Lifespan: Set to 120 minutes.
[AirdropContainerFall] Loot Spawned [15] Megaphone @ <9181.969727, 6.611000, 9533.032227> ... Lifespan: Set to 120 minutes.
[AirdropContainerFall] Loot Spawned [16] WeaponCleaningKit @ <9193.741211, 6.611000, 9523.876953> ... Lifespan: Set to 120 minutes.
[AirdropContainerFall] Loot Spawned [17] Compass @ <9187.383789, 6.611000, 9515.222656> ... Lifespan: Set to 120 minutes.
[AirdropContainerFall] Loot Spawned [18] LugWrench @ <9191.264648, 6.611000, 9530.102539> ... Lifespan: Set to 120 minutes.
[AirdropContainerFall] Loot Spawned [19] WoodAxe @ <9193.020508, 6.611000, 9521.011719> ... Lifespan: Set to 120 minutes.
[AirdropContainerFall] Loot Spawned [20] Whetstone @ <9183.147461, 6.611000, 9533.429688> ... Lifespan: Set to 120 minutes.
[AirdropContainerUnstuck] Container was unstuck.
[~AirdropContainerBase] Container Destroyed on 2021-05-14 @ 20-18-17
