[AirdropPlane] Aircraft created on 2021-05-19 @ 15-44-31
[InitializeAircraft] Aircraft Initialized: Woodworking Industrial @ 4477/12000 (true)
[EOnBeforeDrop] The Aircraft is 1 Km from Woodworking Industrial. @ <3059.678711, 152.006195, 11511.263672>
[EOnDrop] Zombie Spawned [1] ZmbF_MilkMaidOld_Black @ <4397.935547, 6.404866, 11976.955078> ... Lifespan:  Set to 120 minutes.
[EOnDrop] Zombie Spawned [2] ZmbM_MotobikerFat_Blue @ <4407.810059, 4.597948, 11929.032227> ... Lifespan:  Set to 120 minutes.
[EOnDrop] Zombie Spawned [3] ZmbM_MotobikerFat_Black @ <4404.791992, 5.407185, 11957.333008> ... Lifespan:  Set to 120 minutes.
[EOnDrop] Zombie Spawned [4] ZmbF_MilkMaidOld_Beige @ <4422.524414, 5.950657, 11955.300781> ... Lifespan:  Set to 120 minutes.
[EOnDrop] Zombie Spawned [5] ZmbM_HunterOld_Summer @ <4398.688965, 5.856843, 11969.550781> ... Lifespan:  Set to 120 minutes.
[EOnDrop] Zombie Spawned [6] ZmbM_HermitSkinny_Red @ <4393.894043, 5.270000, 11956.268555> ... Lifespan:  Set to 120 minutes.
[EOnDrop] Zombie Spawned [7] ZmbF_MilkMaidOld_Green @ <4345.490234, 5.270000, 11970.028320> ... Lifespan:  Set to 120 minutes.
[EOnDrop] Zombie Spawned [8] ZmbM_HunterOld_Winter @ <4399.502441, 6.418205, 11974.851563> ... Lifespan:  Set to 120 minutes.
[EOnDrop] Zombie Spawned [9] ZmbF_HikerSkinny_Green @ <4405.970215, 8.221465, 11996.522461> ... Lifespan:  Set to 120 minutes.
[EOnDrop] Zombie Spawned [10] ZmbM_HermitSkinny_Red @ <4367.203613, 5.270000, 11961.000977> ... Lifespan:  Set to 120 minutes.
[EOnDrop] Zombie Spawned [11] ZmbM_HikerSkinny_Blue @ <4397.173340, 5.276134, 11941.785156> ... Lifespan:  Set to 120 minutes.
[EOnDrop] Zombie Spawned [12] ZmbM_MotobikerFat_Black @ <4376.108887, 5.270000, 11961.102539> ... Lifespan:  Set to 120 minutes.
[EOnDrop] Zombie Spawned [13] ZmbM_HermitSkinny_Black @ <4373.917480, 7.534757, 11999.884766> ... Lifespan:  Set to 120 minutes.
[EOnDrop] Spawn failed for zombie [14] 'ZmbM_SurvivorDean_Grey', it does not exist in DayZ!
[EOnDrop] Zombie Spawned [15] ZmbF_MilkMaidOld_Green @ <4364.711914, 5.640271, 11934.153320> ... Lifespan:  Set to 120 minutes.
[EOnDrop] Zombie Spawned [16] ZmbM_HunterOld_Autumn @ <4432.482422, 6.744268, 11969.205078> ... Lifespan:  Set to 120 minutes.
[EOnDrop] Spawn failed for zombie [17] 'ZmbM_SurvivorDean_Black', it does not exist in DayZ!
[EOnDrop] Zombie Spawned [18] ZmbM_FarmerFat_Brown @ <4350.883789, 5.270000, 11967.832031> ... Lifespan:  Set to 120 minutes.
[EOnDrop] Zombie Spawned [19] ZmbF_MilkMaidOld_Black @ <4369.826172, 5.270000, 11962.712891> ... Lifespan:  Set to 120 minutes.
[EOnDrop] Zombie Spawned [20] ZmbM_HunterOld_Summer @ <4389.861328, 5.866895, 11980.922852> ... Lifespan:  Set to 120 minutes.
[EOnDrop] Zombie Spawned [21] ZmbF_VillagerOld_Red @ <4389.312012, 5.594895, 11976.432617> ... Lifespan:  Set to 120 minutes.
[EOnDrop] Zombie Spawned [22] ZmbM_HunterOld_Summer @ <4345.884277, 5.270000, 11970.621094> ... Lifespan:  Set to 120 minutes.
[EOnDrop] Zombie Spawned [23] ZmbM_HunterOld_Autumn @ <4390.779785, 5.270000, 11944.665039> ... Lifespan:  Set to 120 minutes.
[EOnDrop] Zombie Spawned [24] ZmbF_VillagerOld_Green @ <4393.269043, 6.164484, 11980.791992> ... Lifespan:  Set to 120 minutes.
[EOnDrop] Zombie Spawned [25] ZmbF_SurvivorNormal_Red @ <4380.404785, 5.504130, 11976.260742> ... Lifespan:  Set to 120 minutes.
[EOnDrop] Zombie Spawned [26] ZmbM_FarmerFat_Blue @ <4409.143555, 8.214511, 11995.858398> ... Lifespan:  Set to 120 minutes.
[EOnDrop] Zombie Spawned [27] ZmbM_priestPopSkinny @ <4397.710938, 5.318111, 11963.239258> ... Lifespan:  Set to 120 minutes.
[EOnDrop] Zombie Spawned [28] ZmbM_HermitSkinny_Green @ <4423.437988, 6.201255, 11958.539063> ... Lifespan:  Set to 120 minutes.
[EOnDrop] Zombie Spawned [29] ZmbM_HermitSkinny_Beige @ <4367.540527, 5.516046, 11987.393555> ... Lifespan:  Set to 120 minutes.
[EOnDrop] Zombie Spawned [30] ZmbM_HermitSkinny_Beige @ <4357.895996, 5.270000, 11972.083008> ... Lifespan:  Set to 120 minutes.
[EOnDrop] Spawn failed for zombie [31] 'ZmbM_SurvivorDean_Grey', it does not exist in DayZ!
[EOnDrop] Zombie Spawned [32] ZmbM_HikerSkinny_Yellow @ <4371.432129, 7.749947, 12002.665039> ... Lifespan:  Set to 120 minutes.
[EOnDrop] Zombie Spawned [33] ZmbM_HermitSkinny_Black @ <4361.084473, 5.270000, 11959.509766> ... Lifespan:  Set to 120 minutes.
[EOnDrop] Spawn failed for zombie [34] 'ZmbM_SurvivorDean_Grey', it does not exist in DayZ!
[EOnDrop] Zombie Spawned [35] ZmbM_FarmerFat_Beige @ <4417.922852, 7.584762, 11986.031250> ... Lifespan:  Set to 120 minutes.
[EOnDrop] Zombie Spawned [36] ZmbF_HikerSkinny_Blue @ <4382.708496, 5.270000, 11963.858398> ... Lifespan:  Set to 120 minutes.
[EOnDrop] Zombie Spawned [37] ZmbM_HermitSkinny_Red @ <4418.971191, 6.695597, 11968.837891> ... Lifespan:  Set to 120 minutes.
[EOnDrop] Zombie Spawned [38] ZmbM_HunterOld_Summer @ <4376.256348, 5.770464, 11988.229492> ... Lifespan:  Set to 120 minutes.
[EOnDrop] Zombie Spawned [39] ZmbM_priestPopSkinny @ <4346.114746, 5.318778, 11956.536133> ... Lifespan:  Set to 120 minutes.
[EOnDrop] Zombie Spawned [40] ZmbF_VillagerOld_Green @ <4414.979980, 5.943051, 11955.249023> ... Lifespan:  Set to 120 minutes.
[EOnDrop] Zombie Spawned [41] ZmbM_MotobikerFat_Blue @ <4439.343262, 8.133743, 11983.064453> ... Lifespan:  Set to 120 minutes.
[EOnDrop] Zombie Spawned [42] ZmbM_FarmerFat_Blue @ <4418.577637, 8.279997, 12013.314453> ... Lifespan:  Set to 120 minutes.
[EOnDrop] Zombie Spawned [43] ZmbF_HikerSkinny_Red @ <4391.123047, 5.270000, 11964.688477> ... Lifespan:  Set to 120 minutes.
[EOnDrop] Zombie Spawned [44] ZmbM_FarmerFat_Brown @ <4381.184082, 7.936589, 12001.500000> ... Lifespan:  Set to 120 minutes.
[EOnDrop] Zombie Spawned [45] ZmbF_SurvivorNormal_White @ <4385.057129, 5.270000, 11966.625977> ... Lifespan:  Set to 120 minutes.
[EOnDrop] Zombie Spawned [46] ZmbM_MotobikerFat_Beige @ <4403.833008, 5.141357, 11932.449219> ... Lifespan:  Set to 120 minutes.
[EOnDrop] Zombie Spawned [47] ZmbF_MilkMaidOld_Green @ <4434.139160, 4.058290, 11948.602539> ... Lifespan:  Set to 120 minutes.
[EOnDrop] Zombie Spawned [48] ZmbM_HikerSkinny_Blue @ <4406.079102, 7.550684, 11986.690430> ... Lifespan:  Set to 120 minutes.
[EOnDrop] Zombie Spawned [49] ZmbF_VillagerOld_White @ <4390.681152, 5.955579, 11981.560547> ... Lifespan:  Set to 120 minutes.
[EOnDrop] Zombie Spawned [50] ZmbF_VillagerOld_Blue @ <4385.335938, 7.628910, 11996.631836> ... Lifespan:  Set to 120 minutes.
[EOnDrop] Drop spawned with 50 infected at <4392.825684, 147.488907, 11970.994141>.
[EOnDrop] Supplies have been dropped near Woodworking Industrial.
[EOnBeforeDelete] Aircraft despawned @ <17270.792969, 242.041916, 16411.072266>
[~AirdropPlane] Aircraft destroyed.
