[InitializeContainer] Container created on 2021-05-23 @ 14-46-40
[InitializeContainer] Winds: Vector <9.944789, 0.000000, 8.382572>, Speed 13.0064mps, Strength 0.1
[AirdropContainerFall] Drop Type 'Misc. Food', Container: 'RANDOM', Mode/Quantity/Iems: Random/20/26, Flare:  20%
[AirdropContainerFall] Loot Spawned [1] Apple @ <10218.342773, 41.590282, 4975.015625> ... Lifespan: Set to 120 minutes.
[AirdropContainerFall] Loot Spawned [2] GreenBellPepper @ <10215.405273, 41.559895, 4974.062012> ... Lifespan: Set to 120 minutes.
[AirdropContainerFall] Loot Spawned [3] Plum @ <10219.494141, 41.604675, 4976.167480> ... Lifespan: Set to 120 minutes.
[AirdropContainerFall] Loot Spawned [4] BoxCerealCrunchin @ <10214.258789, 41.551289, 4973.330566> ... Lifespan: Set to 120 minutes.
[AirdropContainerFall] Loot Spawned [5] Rice @ <10219.304688, 41.602310, 4976.067383> ... Lifespan: Set to 120 minutes.
[AirdropContainerFall] Loot Spawned [6] Tomato @ <10219.449219, 41.605247, 4977.005859> ... Lifespan: Set to 120 minutes.
[AirdropContainerFall] Loot Spawned [7] SodaCan_Kvass @ <10218.777344, 41.595715, 4973.336914> ... Lifespan: Set to 120 minutes.
[AirdropContainerFall] Loot Spawned [8] CaninaBerry @ <10219.515625, 41.604942, 4973.954590> ... Lifespan: Set to 120 minutes.
[AirdropContainerFall] Loot Spawned [9] SodaCan_Kvass @ <10217.150391, 41.580109, 4972.958984> ... Lifespan: Set to 120 minutes.
[AirdropContainerFall] Loot Spawned [10] Lard @ <10215.865234, 41.559654, 4976.894531> ... Lifespan: Set to 120 minutes.
[AirdropContainerFall] Loot Spawned [11] TacticalBaconCan @ <10218.666016, 41.594326, 4976.955566> ... Lifespan: Set to 120 minutes.
[AirdropContainerFall] Loot Spawned [12] Lard @ <10217.145508, 41.582615, 4971.937012> ... Lifespan: Set to 120 minutes.
[AirdropContainerFall] Loot Spawned [13] SardinesCan @ <10215.784180, 41.558842, 4977.513184> ... Lifespan: Set to 120 minutes.
[AirdropContainerFall] Loot Spawned [14] GreenBellPepper @ <10214.677734, 41.552074, 4974.280273> ... Lifespan: Set to 120 minutes.
[AirdropContainerFall] Loot Spawned [15] Canteen @ <10217.644531, 41.581558, 4976.904785> ... Lifespan: Set to 120 minutes.
[AirdropContainerFall] Loot Spawned [16] Canteen @ <10215.834961, 41.559349, 4978.091797> ... Lifespan: Set to 120 minutes.
[AirdropContainerFall] Loot Spawned [17] PeachesCan @ <10216.409180, 41.566116, 4977.614258> ... Lifespan: Set to 120 minutes.
[AirdropContainerFall] Loot Spawned [18] PowderedMilk @ <10219.437500, 41.603996, 4976.575684> ... Lifespan: Set to 120 minutes.
[AirdropContainerFall] Loot Spawned [19] BakedBeansCan @ <10219.451172, 41.604141, 4976.373047> ... Lifespan: Set to 120 minutes.
[AirdropContainerFall] Loot Spawned [20] Lard @ <10215.230469, 41.560303, 4973.199707> ... Lifespan: Set to 120 minutes.
[AirdropContainerUnstuck] Container was unstuck.
[~AirdropContainerBase] Container Destroyed on 2021-05-23 @ 15-59-59
