[AirdropPlane] Aircraft created on 2021-05-14 @ 04-43-27
[InitializeAircraft] Aircraft Initialized: Mountainville @ 7280/8500 (true)
[EOnBeforeDrop] The Aircraft is 1 Km from Mountainville. @ <7349.908691, 154.346069, 7003.352051>
[EOnDrop] Zombie Spawned [1] ZmbM_CitizenASkinny_Grey @ <7251.991699, 7.150000, 8417.344727> ... Lifespan:  Set to 120 minutes.
[EOnDrop] Zombie Spawned [2] ZmbM_PatientSkinny @ <7282.720215, 7.150000, 8409.239258> ... Lifespan:  Set to 120 minutes.
[EOnDrop] Zombie Spawned [3] ZmbM_PatrolNormal_Autumn @ <7280.541016, 7.150000, 8410.854492> ... Lifespan:  Set to 120 minutes.
[EOnDrop] Zombie Spawned [4] ZmbM_PatientSkinny @ <7315.820801, 7.150000, 8405.668945> ... Lifespan:  Set to 120 minutes.
[EOnDrop] Zombie Spawned [5] ZmbM_CitizenASkinny_Grey @ <7302.227051, 7.150000, 8403.847656> ... Lifespan:  Set to 120 minutes.
[EOnDrop] Zombie Spawned [6] ZmbM_Jacket_grey @ <7285.494629, 7.150000, 8389.411133> ... Lifespan:  Set to 120 minutes.
[EOnDrop] Spawn failed for zombie [7] 'ZmbM_JacketNormal_greenchecks', it does not exist in DayZ!
[EOnDrop] Zombie Spawned [8] ZmbF_ParamedicNormal_Blue @ <7266.525391, 7.150000, 8450.532227> ... Lifespan:  Set to 120 minutes.
[EOnDrop] Zombie Spawned [9] ZmbM_Jacket_blue @ <7302.669434, 7.150000, 8393.672852> ... Lifespan:  Set to 120 minutes.
[EOnDrop] Zombie Spawned [10] ZmbF_SkaterYoung_Violet @ <7306.393066, 7.150000, 8449.349609> ... Lifespan:  Set to 120 minutes.
[EOnDrop] Zombie Spawned [11] ZmbF_ShortSkirt_checks @ <7284.077637, 7.150000, 8438.787109> ... Lifespan:  Set to 120 minutes.
[EOnDrop] Zombie Spawned [12] ZmbM_SkaterYoung_Green @ <7274.687500, 7.150000, 8438.889648> ... Lifespan:  Set to 120 minutes.
[EOnDrop] Zombie Spawned [13] ZmbM_PatrolNormal_Flat @ <7309.581055, 7.150000, 8427.181641> ... Lifespan:  Set to 120 minutes.
[EOnDrop] Zombie Spawned [14] ZmbM_CitizenASkinny_Red @ <7299.349121, 7.150000, 8429.443359> ... Lifespan:  Set to 120 minutes.
[EOnDrop] Zombie Spawned [15] ZmbM_CitizenBFat_Red @ <7307.690918, 7.150000, 8380.012695> ... Lifespan:  Set to 120 minutes.
[EOnDrop] Zombie Spawned [16] ZmbM_Jacket_stripes @ <7326.901855, 7.150000, 8415.966797> ... Lifespan:  Set to 120 minutes.
[EOnDrop] Zombie Spawned [17] ZmbF_DoctorSkinny @ <7277.948730, 7.150000, 8379.325195> ... Lifespan:  Set to 120 minutes.
[EOnDrop] Zombie Spawned [18] ZmbM_CommercialPilotOld_Grey @ <7313.108887, 7.150000, 8421.258789> ... Lifespan:  Set to 120 minutes.
[EOnDrop] Zombie Spawned [19] ZmbM_SkaterYoung_Green @ <7258.499512, 7.150000, 8408.740234> ... Lifespan:  Set to 120 minutes.
[EOnDrop] Zombie Spawned [20] ZmbM_ClerkFat_Grey @ <7264.604004, 7.150000, 8410.076172> ... Lifespan:  Set to 120 minutes.
[EOnDrop] Zombie Spawned [21] ZmbM_JoggerSkinny_Red @ <7331.137207, 7.150000, 8426.281250> ... Lifespan:  Set to 120 minutes.
[EOnDrop] Zombie Spawned [22] ZmbM_JoggerSkinny_Blue @ <7295.378418, 7.150000, 8411.558594> ... Lifespan:  Set to 120 minutes.
[EOnDrop] Zombie Spawned [23] ZmbM_CitizenASkinny_Grey @ <7296.291504, 7.150000, 8433.135742> ... Lifespan:  Set to 120 minutes.
[EOnDrop] Zombie Spawned [24] ZmbF_JournalistNormal_Green @ <7273.535156, 7.150000, 8413.375977> ... Lifespan:  Set to 120 minutes.
[EOnDrop] Zombie Spawned [25] ZmbF_ShortSkirt_grey @ <7279.586914, 7.150000, 8414.637695> ... Lifespan:  Set to 120 minutes.
[EOnDrop] Zombie Spawned [26] ZmbM_ClerkFat_White @ <7258.014160, 7.150000, 8388.224609> ... Lifespan:  Set to 120 minutes.
[EOnDrop] Zombie Spawned [27] ZmbM_CitizenASkinny_Blue @ <7306.539551, 7.150000, 8434.500000> ... Lifespan:  Set to 120 minutes.
[EOnDrop] Zombie Spawned [28] ZmbM_PolicemanFat @ <7273.341797, 7.150000, 8407.063477> ... Lifespan:  Set to 120 minutes.
[EOnDrop] Zombie Spawned [29] ZmbM_JoggerSkinny_Green @ <7282.116699, 7.150000, 8375.774414> ... Lifespan:  Set to 120 minutes.
[EOnDrop] Drop spawned with 29 infected at <7284.411133, 145.822418, 8415.966797>.
[EOnDrop] Supplies have been dropped near Mountainville.
[EOnBeforeDelete] Aircraft despawned @ <6873.733398, 152.000610, 17271.794922>
[~AirdropPlane] Aircraft destroyed.
