[InitializeContainer] Container created on 2021-05-24 @ 10-43-28
[InitializeContainer] Winds: Vector <10.891149, 0.000000, 6.028450>, Speed 12.4483mps, Strength 0.1
[AirdropContainerFall] Drop Type 'Medical', Container: 'RANDOM', Mode/Quantity/Iems: Random/20/33, Flare:  10%
[AirdropContainerFall] Spawn failed for item [1] 'CharcolaTablets', does not exist in DayZ!
[AirdropContainerFall] Spawn failed for item [2] 'CharcolaTablets', does not exist in DayZ!
[AirdropContainerFall] Loot Spawned [3] MedicalScrubsHat_Green @ <9015.700195, 6.640619, 9471.248047> ... Lifespan: Set to 120 minutes.
[AirdropContainerFall] Loot Spawned [4] MedicalScrubsHat_Green @ <9019.085938, 6.625370, 9468.833984> ... Lifespan: Set to 120 minutes.
[AirdropContainerFall] Loot Spawned [5] BandageDressing @ <9016.488281, 6.638229, 9471.379883> ... Lifespan: Set to 120 minutes.
[AirdropContainerFall] Loot Spawned [6] TetracyclineAntibiotics @ <9018.058594, 6.625854, 9467.947266> ... Lifespan: Set to 120 minutes.
[AirdropContainerFall] Loot Spawned [7] MedicalScrubsShirt_Blue @ <9015.748047, 6.641285, 9471.610352> ... Lifespan: Set to 120 minutes.
[AirdropContainerFall] Loot Spawned [8] DisinfectantSpray @ <9016.409180, 6.629977, 9467.945313> ... Lifespan: Set to 120 minutes.
[AirdropContainerFall] Loot Spawned [9] SurgicalGloves_White @ <9015.819336, 6.633815, 9468.764648> ... Lifespan: Set to 120 minutes.
[AirdropContainerFall] Loot Spawned [10] MedicalScrubsHat_White @ <9018.993164, 6.625717, 9468.879883> ... Lifespan: Set to 120 minutes.
[AirdropContainerFall] Loot Spawned [11] MedicalScrubsPants_Green @ <9017.044922, 6.638388, 9472.750000> ... Lifespan: Set to 120 minutes.
[AirdropContainerFall] Loot Spawned [12] MedicalScrubsShirt_Blue @ <9019.818359, 6.631454, 9473.473633> ... Lifespan: Set to 120 minutes.
[AirdropContainerFall] Spawn failed for item [13] 'MedicalScrubShirt_White', does not exist in DayZ!
[AirdropContainerFall] Loot Spawned [14] Morphine @ <9016.267578, 6.639740, 9471.763672> ... Lifespan: Set to 120 minutes.
[AirdropContainerFall] Spawn failed for item [15] 'MedicalScrubShirt_White', does not exist in DayZ!
[AirdropContainerFall] Loot Spawned [16] SurgicalGloves_White @ <9020.814453, 6.628964, 9471.828125> ... Lifespan: Set to 120 minutes.
[AirdropContainerFall] Loot Spawned [17] VitaminBottle @ <9016.752930, 6.632543, 9469.370117> ... Lifespan: Set to 120 minutes.
[AirdropContainerFall] Loot Spawned [18] Epinephrine @ <9020.234375, 6.630414, 9471.849609> ... Lifespan: Set to 120 minutes.
[AirdropContainerFall] Loot Spawned [19] BloodBagEmpty @ <9019.448242, 6.625632, 9469.300781> ... Lifespan: Set to 120 minutes.
[AirdropContainerFall] Loot Spawned [20] DisinfectantAlcohol @ <9021.283203, 6.627504, 9470.601563> ... Lifespan: Set to 120 minutes.
[AirdropContainerUnstuck] Container was unstuck.
[~AirdropContainerBase] Container Destroyed on 2021-05-24 @ 11-03-28
