[AirdropPlane] Aircraft created on 2021-05-14 @ 22-44-09
[InitializeAircraft] Aircraft Initialized: Woodworking Industrial @ 4485/12110 (true)
[EOnBeforeDrop] The Aircraft is 1 Km from Woodworking Industrial. @ <5566.761719, 165.264877, 13148.632813>
[EOnDrop] Zombie Spawned [1] ZmbM_OffshoreWorker_Red @ <4560.036621, 8.280001, 12140.596680> ... Lifespan:  Set to 120 minutes.
[EOnDrop] Zombie Spawned [2] ZmbM_ConstrWorkerNormal_Black @ <4528.435059, 8.280001, 12107.778320> ... Lifespan:  Set to 120 minutes.
[EOnDrop] Zombie Spawned [3] ZmbM_OffshoreWorker_Yellow @ <4501.023438, 8.279997, 12111.415039> ... Lifespan:  Set to 120 minutes.
[EOnDrop] Zombie Spawned [4] ZmbM_OffshoreWorker_Yellow @ <4551.177734, 8.280001, 12163.889648> ... Lifespan:  Set to 120 minutes.
[EOnDrop] Zombie Spawned [5] ZmbM_HandymanNormal_Blue @ <4550.036621, 8.280001, 12122.645508> ... Lifespan:  Set to 120 minutes.
[EOnDrop] Zombie Spawned [6] ZmbM_MechanicSkinny_Green @ <4526.782715, 8.279997, 12188.272461> ... Lifespan:  Set to 120 minutes.
[EOnDrop] Zombie Spawned [7] ZmbM_HeavyIndustryWorker @ <4480.803711, 8.279997, 12164.428711> ... Lifespan:  Set to 120 minutes.
[EOnDrop] Zombie Spawned [8] ZmbM_MechanicSkinny_Red @ <4559.042480, 8.280001, 12126.459961> ... Lifespan:  Set to 120 minutes.
[EOnDrop] Zombie Spawned [9] ZmbM_FishermanOld_Red @ <4515.989258, 8.279997, 12142.079102> ... Lifespan:  Set to 120 minutes.
[EOnDrop] Zombie Spawned [10] ZmbM_OffshoreWorker_Orange @ <4496.897949, 8.279997, 12118.895508> ... Lifespan:  Set to 120 minutes.
[EOnDrop] Zombie Spawned [11] ZmbM_HandymanNormal_White @ <4490.874512, 8.279997, 12166.118164> ... Lifespan:  Set to 120 minutes.
[EOnDrop] Zombie Spawned [12] ZmbF_BlueCollarFat_White @ <4530.546387, 8.280001, 12131.885742> ... Lifespan:  Set to 120 minutes.
[EOnDrop] Zombie Spawned [13] ZmbM_MechanicSkinny_Red @ <4543.230957, 8.279997, 12168.287109> ... Lifespan:  Set to 120 minutes.
[EOnDrop] Zombie Spawned [14] ZmbM_FishermanOld_Green @ <4544.304688, 8.280001, 12157.210938> ... Lifespan:  Set to 120 minutes.
[EOnDrop] Zombie Spawned [15] ZmbF_MechanicNormal_Orange @ <4546.443848, 8.280001, 12107.606445> ... Lifespan:  Set to 120 minutes.
[EOnDrop] Zombie Spawned [16] ZmbF_MechanicNormal_Grey @ <4502.432617, 8.279997, 12142.110352> ... Lifespan:  Set to 120 minutes.
[EOnDrop] Zombie Spawned [17] ZmbM_FishermanOld_Blue @ <4545.621582, 8.280001, 12145.507813> ... Lifespan:  Set to 120 minutes.
[EOnDrop] Zombie Spawned [18] ZmbM_FishermanOld_Green @ <4514.802246, 8.279997, 12147.312500> ... Lifespan:  Set to 120 minutes.
[EOnDrop] Zombie Spawned [19] ZmbF_MechanicNormal_Beige @ <4509.705566, 8.279997, 12153.624023> ... Lifespan:  Set to 120 minutes.
[EOnDrop] Zombie Spawned [20] ZmbM_HandymanNormal_Grey @ <4555.305664, 8.280001, 12112.536133> ... Lifespan:  Set to 120 minutes.
[EOnDrop] Zombie Spawned [21] ZmbF_MechanicNormal_Grey @ <4518.411133, 8.279997, 12177.789063> ... Lifespan:  Set to 120 minutes.
[EOnDrop] Zombie Spawned [22] ZmbM_HandymanNormal_Beige @ <4540.820801, 8.280001, 12144.393555> ... Lifespan:  Set to 120 minutes.
[EOnDrop] Zombie Spawned [23] ZmbM_HandymanNormal_Grey @ <4542.853027, 8.280001, 12135.795898> ... Lifespan:  Set to 120 minutes.
[EOnDrop] Zombie Spawned [24] ZmbF_BlueCollarFat_Green @ <4502.238281, 8.279997, 12163.022461> ... Lifespan:  Set to 120 minutes.
[EOnDrop] Zombie Spawned [25] ZmbF_MechanicNormal_Green @ <4549.346191, 8.280001, 12159.187500> ... Lifespan:  Set to 120 minutes.
[EOnDrop] Zombie Spawned [26] ZmbF_BlueCollarFat_White @ <4515.316895, 8.279997, 12171.171875> ... Lifespan:  Set to 120 minutes.
[EOnDrop] Zombie Spawned [27] ZmbM_OffshoreWorker_Green @ <4507.272461, 8.279997, 12145.186523> ... Lifespan:  Set to 120 minutes.
[EOnDrop] Zombie Spawned [28] ZmbF_MechanicNormal_Beige @ <4547.418457, 8.280001, 12157.150391> ... Lifespan:  Set to 120 minutes.
[EOnDrop] Zombie Spawned [29] ZmbM_HandymanNormal_Beige @ <4543.513184, 8.279997, 12181.603516> ... Lifespan:  Set to 120 minutes.
[EOnDrop] Zombie Spawned [30] ZmbF_BlueCollarFat_White @ <4550.435059, 8.280001, 12111.115234> ... Lifespan:  Set to 120 minutes.
[EOnDrop] Zombie Spawned [31] ZmbM_HandymanNormal_Blue @ <4527.902832, 8.280001, 12135.751953> ... Lifespan:  Set to 120 minutes.
[EOnDrop] Zombie Spawned [32] ZmbF_BlueCollarFat_Green @ <4533.802734, 8.280001, 12140.191406> ... Lifespan:  Set to 120 minutes.
[EOnDrop] Zombie Spawned [33] ZmbF_BlueCollarFat_Red @ <4485.811035, 8.279997, 12139.946289> ... Lifespan:  Set to 120 minutes.
[EOnDrop] Zombie Spawned [34] ZmbM_FishermanOld_Red @ <4570.180176, 8.280001, 12156.163086> ... Lifespan:  Set to 120 minutes.
[EOnDrop] Zombie Spawned [35] ZmbM_FishermanOld_Grey @ <4559.754395, 8.280001, 12174.401367> ... Lifespan:  Set to 120 minutes.
[EOnDrop] Zombie Spawned [36] ZmbM_ConstrWorkerNormal_Grey @ <4521.377441, 8.279997, 12159.296875> ... Lifespan:  Set to 120 minutes.
[EOnDrop] Zombie Spawned [37] ZmbM_MechanicSkinny_Green @ <4525.073242, 8.279997, 12188.287109> ... Lifespan:  Set to 120 minutes.
[EOnDrop] Zombie Spawned [38] ZmbM_FirefighterNormal @ <4534.765137, 8.280001, 12134.400391> ... Lifespan:  Set to 120 minutes.
[EOnDrop] Zombie Spawned [39] ZmbM_FirefighterNormal @ <4527.362305, 8.279997, 12168.925781> ... Lifespan:  Set to 120 minutes.
[EOnDrop] Zombie Spawned [40] ZmbM_ConstrWorkerNormal_Green @ <4516.566406, 8.279997, 12156.102539> ... Lifespan:  Set to 120 minutes.
[EOnDrop] Drop spawned with 40 infected at <4525.843750, 158.307556, 12149.351563>.
[EOnDrop] Supplies have been dropped near Woodworking Industrial.
[EOnBeforeDelete] Aircraft despawned @ <-1000.293701, 152.000610, 6844.343750>
[~AirdropPlane] Aircraft destroyed.
