[AirdropPlane] Aircraft created on 2021-05-24 @ 13-08-45
[InitializeAircraft] Aircraft Initialized: Oceanville @ 10238/4885 (true)
[EOnBeforeDrop] The Aircraft is 1 Km from Oceanville. @ <10228.284180, 153.660187, 3386.866211>
[EOnDrop] Zombie Spawned [1] ZmbM_ParamedicNormal_Black @ <10259.529297, 41.859406, 4823.189453> ... Lifespan:  Set to 120 minutes.
[EOnDrop] Zombie Spawned [2] ZmbM_CommercialPilotOld_Blue @ <10216.999023, 39.021801, 4813.255371> ... Lifespan:  Set to 120 minutes.
[EOnDrop] Zombie Spawned [3] ZmbM_PatrolNormal_PautRev @ <10207.245117, 36.580620, 4797.011230> ... Lifespan:  Set to 120 minutes.
[EOnDrop] Zombie Spawned [4] ZmbM_Jacket_brown @ <10241.524414, 37.194241, 4767.520508> ... Lifespan:  Set to 120 minutes.
[EOnDrop] Zombie Spawned [5] ZmbF_SkaterYoung_Striped @ <10233.669922, 41.596367, 4834.487305> ... Lifespan:  Set to 120 minutes.
[EOnDrop] Zombie Spawned [6] ZmbM_JoggerSkinny_Red @ <10261.949219, 39.996613, 4796.953125> ... Lifespan:  Set to 120 minutes.
[EOnDrop] Zombie Spawned [7] ZmbF_ShortSkirt_checks @ <10258.008789, 35.952972, 4757.161621> ... Lifespan:  Set to 120 minutes.
[EOnDrop] Zombie Spawned [8] ZmbF_JournalistNormal_Blue @ <10210.681641, 41.462059, 4841.168457> ... Lifespan:  Set to 120 minutes.
[EOnDrop] Zombie Spawned [9] ZmbM_ClerkFat_Brown @ <10229.243164, 36.941303, 4770.795898> ... Lifespan:  Set to 120 minutes.
[EOnDrop] Zombie Spawned [10] ZmbF_ParamedicNormal_Blue @ <10208.078125, 36.931602, 4800.140625> ... Lifespan:  Set to 120 minutes.
[EOnDrop] Spawn failed for zombie [11] 'ZmbM_JacketNormal_greenchecks', it does not exist in DayZ!
[EOnDrop] Zombie Spawned [12] ZmbF_ShortSkirt_black @ <10229.990234, 40.032875, 4812.474121> ... Lifespan:  Set to 120 minutes.
[EOnDrop] Zombie Spawned [13] ZmbM_CommercialPilotOld_Grey @ <10205.462891, 36.774872, 4800.603027> ... Lifespan:  Set to 120 minutes.
[EOnDrop] Zombie Spawned [14] ZmbF_ShortSkirt_green @ <10237.080078, 40.643360, 4814.735352> ... Lifespan:  Set to 120 minutes.
[EOnDrop] Zombie Spawned [15] ZmbM_DoctorFat @ <10221.442383, 39.537819, 4815.300781> ... Lifespan:  Set to 120 minutes.
[EOnDrop] Spawn failed for zombie [16] 'ZmbM_JacketNormal_greenchecks', it does not exist in DayZ!
[EOnDrop] Zombie Spawned [17] ZmbF_Clerk_Normal_White @ <10197.163086, 35.212017, 4780.828613> ... Lifespan:  Set to 120 minutes.
[EOnDrop] Zombie Spawned [18] ZmbM_PatientSkinny @ <10279.842773, 41.956200, 4805.975098> ... Lifespan:  Set to 120 minutes.
[EOnDrop] Zombie Spawned [19] ZmbF_ShortSkirt_black @ <10213.919922, 38.897709, 4813.741699> ... Lifespan:  Set to 120 minutes.
[EOnDrop] Zombie Spawned [20] ZmbF_ShortSkirt_stripes @ <10254.488281, 42.234756, 4839.713867> ... Lifespan:  Set to 120 minutes.
[EOnDrop] Zombie Spawned [21] ZmbM_PatrolNormal_Flat @ <10200.926758, 36.787846, 4803.670898> ... Lifespan:  Set to 120 minutes.
[EOnDrop] Zombie Spawned [22] ZmbM_CommercialPilotOld_Blue @ <10234.074219, 41.389015, 4828.800781> ... Lifespan:  Set to 120 minutes.
[EOnDrop] Zombie Spawned [23] ZmbM_Jacket_bluechecks @ <10232.777344, 41.616081, 4835.888184> ... Lifespan:  Set to 120 minutes.
[EOnDrop] Zombie Spawned [24] ZmbM_Jacket_khaki @ <10228.419922, 40.864105, 4825.236328> ... Lifespan:  Set to 120 minutes.
[EOnDrop] Zombie Spawned [25] ZmbM_SkaterYoung_Blue @ <10225.204102, 39.522182, 4809.185547> ... Lifespan:  Set to 120 minutes.
[EOnDrop] Zombie Spawned [26] ZmbF_PoliceWomanNormal @ <10260.637695, 40.466805, 4799.894043> ... Lifespan:  Set to 120 minutes.
[EOnDrop] Zombie Spawned [27] ZmbF_ParamedicNormal_Blue @ <10237.149414, 37.205067, 4766.915039> ... Lifespan:  Set to 120 minutes.
[EOnDrop] Zombie Spawned [28] ZmbM_Jacket_brown @ <10230.173828, 40.158379, 4814.766113> ... Lifespan:  Set to 120 minutes.
[EOnDrop] Zombie Spawned [29] ZmbF_Clerk_Normal_White @ <10229.376953, 40.052464, 4796.655273> ... Lifespan:  Set to 120 minutes.
[EOnDrop] Zombie Spawned [30] ZmbF_SkaterYoung_Brown @ <10205.752930, 40.303505, 4825.392090> ... Lifespan:  Set to 120 minutes.
[EOnDrop] Drop spawned with 30 infected at <10237.589844, 170.279861, 4800.969238>.
[EOnDrop] Supplies have been dropped near Oceanville.
[EOnBeforeDelete] Aircraft despawned @ <10319.665039, 152.000610, 17271.392578>
[~AirdropPlane] Aircraft destroyed.
