[AirdropPlane] Aircraft created on 2021-05-19 @ 05-43-31
[InitializeAircraft] Aircraft Initialized: Woodworking Industrial @ 4485/12110 (true)
[EOnBeforeDrop] The Aircraft is 1 Km from Woodworking Industrial. @ <5855.624023, 399.278595, 12715.673828>
[EOnDrop] Zombie Spawned [1] ZmbM_MechanicSkinny_Blue @ <4597.428711, 8.280001, 12167.642578> ... Lifespan:  Set to 120 minutes.
[EOnDrop] Zombie Spawned [2] ZmbM_ConstrWorkerNormal_Green @ <4540.012207, 8.279997, 12182.825195> ... Lifespan:  Set to 120 minutes.
[EOnDrop] Zombie Spawned [3] ZmbF_BlueCollarFat_Red @ <4568.406738, 8.280001, 12132.508789> ... Lifespan:  Set to 120 minutes.
[EOnDrop] Zombie Spawned [4] ZmbM_FishermanOld_Green @ <4570.494629, 8.280001, 12154.666016> ... Lifespan:  Set to 120 minutes.
[EOnDrop] Zombie Spawned [5] ZmbM_FishermanOld_Green @ <4557.715332, 8.280001, 12124.639648> ... Lifespan:  Set to 120 minutes.
[EOnDrop] Zombie Spawned [6] ZmbM_ConstrWorkerNormal_Beige @ <4550.622559, 8.280001, 12150.642578> ... Lifespan:  Set to 120 minutes.
[EOnDrop] Zombie Spawned [7] ZmbM_HandymanNormal_White @ <4545.813965, 8.280001, 12114.534180> ... Lifespan:  Set to 120 minutes.
[EOnDrop] Zombie Spawned [8] ZmbM_OffshoreWorker_Green @ <4549.597168, 8.280001, 12165.411133> ... Lifespan:  Set to 120 minutes.
[EOnDrop] Zombie Spawned [9] ZmbM_FishermanOld_Grey @ <4576.854980, 8.280001, 12121.867188> ... Lifespan:  Set to 120 minutes.
[EOnDrop] Zombie Spawned [10] ZmbM_HeavyIndustryWorker @ <4554.605957, 8.280001, 12134.236328> ... Lifespan:  Set to 120 minutes.
[EOnDrop] Zombie Spawned [11] ZmbM_ConstrWorkerNormal_Beige @ <4548.304688, 8.280001, 12136.276367> ... Lifespan:  Set to 120 minutes.
[EOnDrop] Zombie Spawned [12] ZmbM_HandymanNormal_Grey @ <4591.807129, 8.280001, 12144.231445> ... Lifespan:  Set to 120 minutes.
[EOnDrop] Zombie Spawned [13] ZmbM_ConstrWorkerNormal_Green @ <4585.551758, 8.280001, 12100.636719> ... Lifespan:  Set to 120 minutes.
[EOnDrop] Zombie Spawned [14] ZmbM_FishermanOld_Grey @ <4567.271973, 8.280001, 12136.013672> ... Lifespan:  Set to 120 minutes.
[EOnDrop] Zombie Spawned [15] ZmbF_MechanicNormal_Green @ <4560.875977, 8.280001, 12135.258789> ... Lifespan:  Set to 120 minutes.
[EOnDrop] Zombie Spawned [16] ZmbM_HandymanNormal_Green @ <4612.221680, 8.280001, 12142.206055> ... Lifespan:  Set to 120 minutes.
[EOnDrop] Zombie Spawned [17] ZmbM_MechanicSkinny_Grey @ <4581.507324, 8.280001, 12140.820313> ... Lifespan:  Set to 120 minutes.
[EOnDrop] Zombie Spawned [18] ZmbM_HandymanNormal_Green @ <4537.367188, 8.280001, 12126.274414> ... Lifespan:  Set to 120 minutes.
[EOnDrop] Zombie Spawned [19] ZmbM_ConstrWorkerNormal_Grey @ <4571.231934, 8.280001, 12133.143555> ... Lifespan:  Set to 120 minutes.
[EOnDrop] Zombie Spawned [20] ZmbF_BlueCollarFat_Red @ <4564.156738, 8.280001, 12149.764648> ... Lifespan:  Set to 120 minutes.
[EOnDrop] Zombie Spawned [21] ZmbM_FishermanOld_Red @ <4580.817383, 8.280001, 12121.180664> ... Lifespan:  Set to 120 minutes.
[EOnDrop] Zombie Spawned [22] ZmbM_HandymanNormal_Beige @ <4575.503906, 8.280001, 12141.684570> ... Lifespan:  Set to 120 minutes.
[EOnDrop] Zombie Spawned [23] ZmbM_FishermanOld_Grey @ <4544.161621, 8.280001, 12122.750977> ... Lifespan:  Set to 120 minutes.
[EOnDrop] Zombie Spawned [24] ZmbM_HandymanNormal_White @ <4575.395508, 8.280001, 12134.486328> ... Lifespan:  Set to 120 minutes.
[EOnDrop] Zombie Spawned [25] ZmbM_MechanicSkinny_Blue @ <4559.304199, 8.280001, 12170.461914> ... Lifespan:  Set to 120 minutes.
[EOnDrop] Zombie Spawned [26] ZmbM_ConstrWorkerNormal_Green @ <4593.769043, 8.280001, 12170.546875> ... Lifespan:  Set to 120 minutes.
[EOnDrop] Zombie Spawned [27] ZmbF_BlueCollarFat_White @ <4549.710449, 8.280001, 12157.797852> ... Lifespan:  Set to 120 minutes.
[EOnDrop] Zombie Spawned [28] ZmbM_MechanicSkinny_Grey @ <4548.273438, 8.280001, 12115.223633> ... Lifespan:  Set to 120 minutes.
[EOnDrop] Zombie Spawned [29] ZmbM_HandymanNormal_White @ <4550.116211, 8.280001, 12143.121094> ... Lifespan:  Set to 120 minutes.
[EOnDrop] Zombie Spawned [30] ZmbM_HandymanNormal_Green @ <4592.836914, 8.280001, 12127.271484> ... Lifespan:  Set to 120 minutes.
[EOnDrop] Zombie Spawned [31] ZmbM_FishermanOld_Grey @ <4553.981934, 8.280001, 12142.657227> ... Lifespan:  Set to 120 minutes.
[EOnDrop] Zombie Spawned [32] ZmbM_HandymanNormal_Beige @ <4535.346191, 8.280001, 12113.491211> ... Lifespan:  Set to 120 minutes.
[EOnDrop] Zombie Spawned [33] ZmbM_FishermanOld_Red @ <4552.604004, 8.280001, 12166.683594> ... Lifespan:  Set to 120 minutes.
[EOnDrop] Zombie Spawned [34] ZmbM_MechanicSkinny_Red @ <4541.933594, 8.280001, 12141.996094> ... Lifespan:  Set to 120 minutes.
[EOnDrop] Zombie Spawned [35] ZmbM_ConstrWorkerNormal_Black @ <4528.249023, 8.280001, 12139.852539> ... Lifespan:  Set to 120 minutes.
[EOnDrop] Zombie Spawned [36] ZmbM_MechanicSkinny_Blue @ <4539.492188, 8.280001, 12128.987305> ... Lifespan:  Set to 120 minutes.
[EOnDrop] Zombie Spawned [37] ZmbM_HandymanNormal_Blue @ <4559.758789, 8.280001, 12168.832031> ... Lifespan:  Set to 120 minutes.
[EOnDrop] Zombie Spawned [38] ZmbM_FishermanOld_Grey @ <4574.695313, 8.280001, 12151.348633> ... Lifespan:  Set to 120 minutes.
[EOnDrop] Zombie Spawned [39] ZmbF_MechanicNormal_Beige @ <4568.598145, 8.280001, 12159.710938> ... Lifespan:  Set to 120 minutes.
[EOnDrop] Zombie Spawned [40] ZmbM_ConstrWorkerNormal_Green @ <4569.529297, 8.280001, 12145.491211> ... Lifespan:  Set to 120 minutes.
[EOnDrop] Drop spawned with 40 infected at <4563.210449, 157.784012, 12141.585938>.
[EOnDrop] Supplies have been dropped near Woodworking Industrial.
[EOnBeforeDelete] Aircraft despawned @ <-1001.395874, 152.000610, 9669.796875>
[~AirdropPlane] Aircraft destroyed.
