[AirdropPlane] Aircraft created on 2021-05-22 @ 08-23-36
[InitializeAircraft] Aircraft Initialized: Woodworking Industrial @ 4477/12000 (true)
[EOnBeforeDrop] The Aircraft is 1 Km from Woodworking Industrial. @ <4232.131836, 152.255463, 10520.327148>
[EOnDrop] Zombie Spawned [1] ZmbF_VillagerOld_Green @ <4431.633301, 3.427865, 11943.442383> ... Lifespan:  Set to 120 minutes.
[EOnDrop] Zombie Spawned [2] ZmbM_FarmerFat_Blue @ <4467.501953, 8.276676, 11921.550781> ... Lifespan:  Set to 120 minutes.
[EOnDrop] Zombie Spawned [3] ZmbM_HunterOld_Spring @ <4466.821777, 8.267241, 11879.543945> ... Lifespan:  Set to 120 minutes.
[EOnDrop] Zombie Spawned [4] ZmbF_HikerSkinny_Green @ <4483.293945, 6.675426, 11867.278320> ... Lifespan:  Set to 120 minutes.
[EOnDrop] Zombie Spawned [5] ZmbM_HikerSkinny_Green @ <4470.505859, 8.280001, 11913.373047> ... Lifespan:  Set to 120 minutes.
[EOnDrop] Zombie Spawned [6] ZmbF_HikerSkinny_Grey @ <4479.507813, 8.280001, 11926.790039> ... Lifespan:  Set to 120 minutes.
[EOnDrop] Zombie Spawned [7] ZmbF_HikerSkinny_Green @ <4436.135742, 3.009205, 11939.272461> ... Lifespan:  Set to 120 minutes.
[EOnDrop] Zombie Spawned [8] ZmbF_SurvivorNormal_Blue @ <4444.227051, 8.280001, 11873.844727> ... Lifespan:  Set to 120 minutes.
[EOnDrop] Zombie Spawned [9] ZmbF_SurvivorNormal_White @ <4421.075684, 2.616525, 11928.899414> ... Lifespan:  Set to 120 minutes.
[EOnDrop] Zombie Spawned [10] ZmbM_HikerSkinny_Green @ <4475.105469, 8.280001, 11910.864258> ... Lifespan:  Set to 120 minutes.
[EOnDrop] Zombie Spawned [11] ZmbM_VillagerOld_White @ <4500.436035, 7.945323, 11914.253906> ... Lifespan:  Set to 120 minutes.
[EOnDrop] Zombie Spawned [12] ZmbF_HikerSkinny_Blue @ <4461.256348, 8.280001, 11899.729492> ... Lifespan:  Set to 120 minutes.
[EOnDrop] Zombie Spawned [13] ZmbM_HermitSkinny_Red @ <4440.516602, 3.115154, 11904.836914> ... Lifespan:  Set to 120 minutes.
[EOnDrop] Zombie Spawned [14] ZmbM_HermitSkinny_Beige @ <4459.556152, 7.569409, 11861.933594> ... Lifespan:  Set to 120 minutes.
[EOnDrop] Zombie Spawned [15] ZmbM_FarmerFat_Brown @ <4465.321777, 5.622986, 11937.984375> ... Lifespan:  Set to 120 minutes.
[EOnDrop] Zombie Spawned [16] ZmbF_HikerSkinny_Red @ <4434.793457, 8.280001, 11867.017578> ... Lifespan:  Set to 120 minutes.
[EOnDrop] Zombie Spawned [17] ZmbM_HikerSkinny_Yellow @ <4421.564941, 2.797422, 11931.011719> ... Lifespan:  Set to 120 minutes.
[EOnDrop] Zombie Spawned [18] ZmbM_HikerSkinny_Green @ <4414.429199, 2.479570, 11912.491211> ... Lifespan:  Set to 120 minutes.
[EOnDrop] Zombie Spawned [19] ZmbF_SurvivorNormal_White @ <4468.143066, 8.279913, 11901.262695> ... Lifespan:  Set to 120 minutes.
[EOnDrop] Zombie Spawned [20] ZmbM_HunterOld_Spring @ <4495.675293, 8.246878, 11918.747070> ... Lifespan:  Set to 120 minutes.
[EOnDrop] Zombie Spawned [21] ZmbM_HermitSkinny_Black @ <4466.079590, 8.280001, 11912.484375> ... Lifespan:  Set to 120 minutes.
[EOnDrop] Zombie Spawned [22] ZmbM_HunterOld_Spring @ <4469.377441, 8.280001, 11909.205078> ... Lifespan:  Set to 120 minutes.
[EOnDrop] Zombie Spawned [23] ZmbF_SurvivorNormal_Red @ <4441.479004, 2.853194, 11927.678711> ... Lifespan:  Set to 120 minutes.
[EOnDrop] Zombie Spawned [24] ZmbM_VillagerOld_White @ <4455.249512, 8.208954, 11901.991211> ... Lifespan:  Set to 120 minutes.
[EOnDrop] Zombie Spawned [25] ZmbF_VillagerOld_Green @ <4480.134277, 6.947539, 11872.832031> ... Lifespan:  Set to 120 minutes.
[EOnDrop] Zombie Spawned [26] ZmbF_SurvivorNormal_Orange @ <4463.343262, 8.280001, 11902.811523> ... Lifespan:  Set to 120 minutes.
[EOnDrop] Zombie Spawned [27] ZmbF_VillagerOld_White @ <4466.678711, 8.280001, 11903.985352> ... Lifespan:  Set to 120 minutes.
[EOnDrop] Spawn failed for zombie [28] 'ZmbM_SurvivorDean_Blue', it does not exist in DayZ!
[EOnDrop] Zombie Spawned [29] ZmbM_HermitSkinny_Beige @ <4486.461914, 6.763091, 11870.817383> ... Lifespan:  Set to 120 minutes.
[EOnDrop] Zombie Spawned [30] ZmbF_SurvivorNormal_White @ <4509.740234, 7.441308, 11912.496094> ... Lifespan:  Set to 120 minutes.
[EOnDrop] Zombie Spawned [31] ZmbF_VillagerOld_Blue @ <4467.203613, 8.239145, 11927.228516> ... Lifespan:  Set to 120 minutes.
[EOnDrop] Zombie Spawned [32] ZmbF_SurvivorNormal_Red @ <4476.070313, 8.205034, 11901.913086> ... Lifespan:  Set to 120 minutes.
[EOnDrop] Zombie Spawned [33] ZmbM_HermitSkinny_Beige @ <4468.386230, 8.280001, 11905.233398> ... Lifespan:  Set to 120 minutes.
[EOnDrop] Zombie Spawned [34] ZmbM_HikerSkinny_Blue @ <4494.321289, 6.910213, 11904.026367> ... Lifespan:  Set to 120 minutes.
[EOnDrop] Zombie Spawned [35] ZmbF_VillagerOld_Green @ <4456.879395, 3.792208, 11938.508789> ... Lifespan:  Set to 120 minutes.
[EOnDrop] Zombie Spawned [36] ZmbF_SurvivorNormal_Blue @ <4449.128418, 3.614711, 11916.707031> ... Lifespan:  Set to 120 minutes.
[EOnDrop] Zombie Spawned [37] ZmbM_HermitSkinny_Black @ <4476.947754, 8.280001, 11935.071289> ... Lifespan:  Set to 120 minutes.
[EOnDrop] Zombie Spawned [38] ZmbM_HunterOld_Summer @ <4451.054199, 4.550258, 11950.875977> ... Lifespan:  Set to 120 minutes.
[EOnDrop] Spawn failed for zombie [39] 'ZmbM_SurvivorDean_Black', it does not exist in DayZ!
[EOnDrop] Zombie Spawned [40] ZmbM_HikerSkinny_Blue @ <4438.491699, 8.280001, 11882.095703> ... Lifespan:  Set to 120 minutes.
[EOnDrop] Zombie Spawned [41] ZmbF_VillagerOld_Red @ <4480.325684, 8.272547, 11911.633789> ... Lifespan:  Set to 120 minutes.
[EOnDrop] Zombie Spawned [42] ZmbF_HikerSkinny_Blue @ <4484.223633, 6.926524, 11876.669922> ... Lifespan:  Set to 120 minutes.
[EOnDrop] Zombie Spawned [43] ZmbF_VillagerOld_Green @ <4420.625000, 2.773203, 11880.827148> ... Lifespan:  Set to 120 minutes.
[EOnDrop] Zombie Spawned [44] ZmbF_SurvivorNormal_White @ <4471.954102, 8.172427, 11894.080078> ... Lifespan:  Set to 120 minutes.
[EOnDrop] Zombie Spawned [45] ZmbM_priestPopSkinny @ <4434.024902, 3.066909, 11940.671875> ... Lifespan:  Set to 120 minutes.
[EOnDrop] Zombie Spawned [46] ZmbM_HermitSkinny_Red @ <4456.315430, 8.009847, 11910.783203> ... Lifespan:  Set to 120 minutes.
[EOnDrop] Zombie Spawned [47] ZmbF_VillagerOld_White @ <4485.798828, 8.280001, 11926.928711> ... Lifespan:  Set to 120 minutes.
[EOnDrop] Zombie Spawned [48] ZmbF_MilkMaidOld_Grey @ <4445.275391, 2.852408, 11928.154297> ... Lifespan:  Set to 120 minutes.
[EOnDrop] Zombie Spawned [49] ZmbM_priestPopSkinny @ <4425.753906, 2.993825, 11906.094727> ... Lifespan:  Set to 120 minutes.
[EOnDrop] Zombie Spawned [50] ZmbM_FarmerFat_Green @ <4471.485840, 8.270782, 11929.345703> ... Lifespan:  Set to 120 minutes.
[EOnDrop] Drop spawned with 50 infected at <4462.080078, 147.344437, 11907.847656>.
[EOnDrop] Supplies have been dropped near Woodworking Industrial.
[EOnBeforeDelete] Aircraft despawned @ <5350.960938, 152.011612, 17270.949219>
[~AirdropPlane] Aircraft destroyed.
