[AirdropBase] Base class created & settings loaded.
[2021-05-24 @ 16-41-12] ----------------------------------------------------------------------------------------------------
[EOnCallAirdrop] Drop zone asigned: Stonington <6956.000000, 0.000000, 2438.000000>
[EOnCallAirdrop] Drop zone offset to: <6948.298340, 2438.000000, 2407.363525>
[EOnCallAirdrop] Aircraft spawn point: <-1000.000000, 2438.000000, 4632.046387>
[EOnCallAirdrop] Aircraft bearing ... Angle/Bearing: 2.87251° / 285.417°, Text: 'West (285°)'
[EOnCallAirdrop] Aircraft has been dispatched to 'Stonington' from the West (285°).
[2021-05-24 @ 18-02-07] ----------------------------------------------------------------------------------------------------
[EOnCallAirdrop] Drop zone asigned: Woodworking Industrial <4477.000000, 0.000000, 12000.000000>
[EOnCallAirdrop] Drop zone offset to: <4463.174316, 2438.000000, 11999.747070>
[EOnCallAirdrop] Aircraft spawn point: <17270.000000, 2438.000000, 15446.177734>
[EOnCallAirdrop] Aircraft bearing ... Angle/Bearing: 0.263134° / 74.9235°, Text: 'East (75°)'
[EOnCallAirdrop] Aircraft has been dispatched to 'Woodworking Industrial' from the East (75°).
[2021-05-24 @ 18-22-21] ----------------------------------------------------------------------------------------------------
[EOnCallAirdrop] Drop zone asigned: Paris Island <2900.000000, 0.000000, 3677.000000>
[EOnCallAirdrop] Drop zone offset to: <2915.653809, 2438.000000, 3665.679688>
[EOnCallAirdrop] Aircraft spawn point: <-1000.000000, 2438.000000, 17232.642578>
[EOnCallAirdrop] Aircraft bearing ... Angle/Bearing: 1.85093° / 343.949°, Text: 'North (344°)'
[EOnCallAirdrop] Aircraft has been dispatched to 'Paris Island' from the North (344°).
[2021-05-24 @ 18-42-27] ----------------------------------------------------------------------------------------------------
[EOnCallAirdrop] Drop zone asigned: Woodworking Industrial <4477.000000, 0.000000, 12000.000000>
[EOnCallAirdrop] Drop zone offset to: <4469.627441, 2438.000000, 12074.820313>
[EOnCallAirdrop] Aircraft spawn point: <10822.781250, 2438.000000, -1000.000000>
[EOnCallAirdrop] Aircraft bearing ... Angle/Bearing: -1.11668° / 153.981°, Text: 'South/East (154°)'
[EOnCallAirdrop] Aircraft has been dispatched to 'Woodworking Industrial' from the South/East (154°).
