[InitializeContainer] Container created on 2021-05-17 @ 19-45-38
[InitializeContainer] Winds: Vector <5.345005, 0.000000, -6.556764>, Speed 8.45933mps, Strength 0.1
[AirdropContainerFall] Drop Type 'Misc. Food', Container: 'RANDOM', Mode/Quantity/Iems: Random/20/26, Flare:  20%
[AirdropContainerFall] Loot Spawned [1] Canteen @ <10132.369141, 5.676913, 2409.513916> ... Lifespan: Set to 120 minutes.
[AirdropContainerFall] Loot Spawned [2] BakedBeansCan @ <10132.442383, 5.840597, 2408.562988> ... Lifespan: Set to 120 minutes.
[AirdropContainerFall] Loot Spawned [3] Pear @ <10135.688477, 6.255588, 2409.126465> ... Lifespan: Set to 120 minutes.
[AirdropContainerFall] Loot Spawned [4] PeachesCan @ <10131.813477, 5.418053, 2410.602295> ... Lifespan: Set to 120 minutes.
[AirdropContainerFall] Loot Spawned [5] SardinesCan @ <10134.293945, 6.177140, 2408.282227> ... Lifespan: Set to 120 minutes.
[AirdropContainerFall] Loot Spawned [6] Lard @ <10133.298828, 6.040019, 2408.159668> ... Lifespan: Set to 120 minutes.
[AirdropContainerFall] Loot Spawned [7] GreenBellPepper @ <10135.262695, 5.435879, 2413.836426> ... Lifespan: Set to 120 minutes.
[AirdropContainerFall] Loot Spawned [8] SodaCan_Pipsi @ <10132.638672, 5.754091, 2409.296875> ... Lifespan: Set to 120 minutes.
[AirdropContainerFall] Loot Spawned [9] SodaCan_Pipsi @ <10135.676758, 5.916377, 2411.141113> ... Lifespan: Set to 120 minutes.
[AirdropContainerFall] Loot Spawned [10] SambucusBerry @ <10131.931641, 5.557899, 2409.833496> ... Lifespan: Set to 120 minutes.
[AirdropContainerFall] Loot Spawned [11] Pear @ <10133.833008, 6.108097, 2408.260010> ... Lifespan: Set to 120 minutes.
[AirdropContainerFall] Loot Spawned [12] SodaCan_Pipsi @ <10132.135742, 5.675309, 2409.294189> ... Lifespan: Set to 120 minutes.
[AirdropContainerFall] Loot Spawned [13] Tomato @ <10136.756836, 6.367264, 2409.461670> ... Lifespan: Set to 120 minutes.
[AirdropContainerFall] Loot Spawned [14] BakedBeansCan @ <10136.857422, 6.283455, 2410.058105> ... Lifespan: Set to 120 minutes.
[AirdropContainerFall] Loot Spawned [15] TunaCan @ <10135.533203, 5.781446, 2411.818115> ... Lifespan: Set to 120 minutes.
[AirdropContainerFall] Loot Spawned [16] WaterBottle @ <10131.845703, 5.260497, 2411.615723> ... Lifespan: Set to 120 minutes.
[AirdropContainerFall] Loot Spawned [17] SodaCan_Pipsi @ <10136.156250, 5.784308, 2412.399414> ... Lifespan: Set to 120 minutes.
[AirdropContainerFall] Loot Spawned [18] SodaCan_Spite @ <10131.186523, 5.291368, 2410.835693> ... Lifespan: Set to 120 minutes.
[AirdropContainerFall] Loot Spawned [19] WaterBottle @ <10135.892578, 5.873137, 2411.592529> ... Lifespan: Set to 120 minutes.
[AirdropContainerFall] Loot Spawned [20] Pear @ <10133.208984, 5.929110, 2408.764404> ... Lifespan: Set to 120 minutes.
[AirdropContainerUnstuck] Container was unstuck.
[~AirdropContainerBase] Container Destroyed on 2021-05-17 @ 20-05-38
