[InitializeContainer] Container created on 2021-05-19 @ 21-48-54
[InitializeContainer] Winds: Vector <11.129516, 0.000000, 5.043269>, Speed 12.2189mps, Strength 0.1
[AirdropContainerFall] Drop Type 'Medical', Container: 'RANDOM', Mode/Quantity/Iems: Random/20/33, Flare:  10%
[AirdropContainerFall] Loot Spawned [1] MedicalScrubsHat_Blue @ <10014.952148, 0.096136, 2513.819580> ... Lifespan: Set to 120 minutes.
[AirdropContainerFall] Loot Spawned [2] MedicalScrubsPants_Blue @ <10016.870117, 0.052993, 2511.349365> ... Lifespan: Set to 120 minutes.
[AirdropContainerFall] Loot Spawned [3] MedicalScrubsPants_Blue @ <10018.399414, 0.139712, 2513.032715> ... Lifespan: Set to 120 minutes.
[AirdropContainerFall] Loot Spawned [4] SalineBag @ <10017.247070, 0.034882, 2509.823486> ... Lifespan: Set to 120 minutes.
[AirdropContainerFall] Loot Spawned [5] VitaminBottle @ <10015.690430, 0.122311, 2514.271484> ... Lifespan: Set to 120 minutes.
[AirdropContainerFall] Loot Spawned [6] MedicalScrubsShirt_Blue @ <10018.450195, 0.144085, 2513.115479> ... Lifespan: Set to 120 minutes.
[AirdropContainerFall] Spawn failed for item [7] 'MedicalScrubShirt_White', does not exist in DayZ!
[AirdropContainerFall] Loot Spawned [8] MedicalScrubsShirt_Blue @ <10016.697266, 0.048701, 2511.351318> ... Lifespan: Set to 120 minutes.
[AirdropContainerFall] Loot Spawned [9] SurgicalGloves_White @ <10018.653320, 0.192168, 2514.595215> ... Lifespan: Set to 120 minutes.
[AirdropContainerFall] Loot Spawned [10] BloodSyringe @ <10016.505859, 0.207406, 2516.220459> ... Lifespan: Set to 120 minutes.
[AirdropContainerFall] Loot Spawned [11] MedicalScrubsHat_White @ <10017.242188, 0.206873, 2515.899658> ... Lifespan: Set to 120 minutes.
[AirdropContainerFall] Loot Spawned [12] MedicalScrubsPants_Blue @ <10018.738281, 0.097918, 2511.230713> ... Lifespan: Set to 120 minutes.
[AirdropContainerFall] Loot Spawned [13] SurgicalGloves_Green @ <10015.484375, 0.000155, 2510.602295> ... Lifespan: Set to 120 minutes.
[AirdropContainerFall] Loot Spawned [14] VitaminBottle @ <10015.424805, 0.107382, 2513.961914> ... Lifespan: Set to 120 minutes.
[AirdropContainerFall] Loot Spawned [15] PainkillerTablets @ <10015.036133, 0.086364, 2513.531006> ... Lifespan: Set to 120 minutes.
[AirdropContainerFall] Loot Spawned [16] MedicalScrubsPants_Blue @ <10017.745117, 0.199734, 2515.365723> ... Lifespan: Set to 120 minutes.
[AirdropContainerFall] Loot Spawned [17] TetracyclineAntibiotics @ <10014.277344, 0.043759, 2512.916504> ... Lifespan: Set to 120 minutes.
[AirdropContainerFall] Spawn failed for item [18] 'MedicalScrubShirt_White', does not exist in DayZ!
[AirdropContainerFall] Loot Spawned [19] SurgicalGloves_Green @ <10015.464844, 0.128958, 2514.523926> ... Lifespan: Set to 120 minutes.
[AirdropContainerFall] Loot Spawned [20] SurgicalGloves_Green @ <10019.335938, 0.159573, 2513.037598> ... Lifespan: Set to 120 minutes.
[AirdropContainerUnstuck] Container was unstuck.
[~AirdropContainerBase] Container Destroyed on 2021-05-19 @ 22-00-01
