[InitializeContainer] Container created on 2021-05-18 @ 22-23-05
[InitializeContainer] Winds: Vector <11.239511, 0.000000, 4.392222>, Speed 12.0672mps, Strength 0.1
[AirdropContainerFall] Drop Type 'Misc. Tools', Container: 'RANDOM', Mode/Quantity/Iems: Random/20/50, Flare:  10%
[AirdropContainerFall] Loot Spawned [1] Spotlight @ <7026.218750, 43.225975, 2419.452393> ... Lifespan: Set to 120 minutes.
[AirdropContainerFall] Loot Spawned [2] Roadflare @ <7031.226074, 41.670155, 2400.987305> ... Lifespan: Set to 120 minutes.
[AirdropContainerFall] Loot Spawned [3] ElectronicRepairKit @ <7034.408203, 42.993004, 2418.998535> ... Lifespan: Set to 120 minutes.
[AirdropContainerFall] Loot Spawned [4] CableReel @ <7032.893066, 41.605057, 2401.914795> ... Lifespan: Set to 120 minutes.
[AirdropContainerFall] Loot Spawned [5] KitchenKnife @ <7029.907227, 41.739025, 2400.738281> ... Lifespan: Set to 120 minutes.
[AirdropContainerFall] Loot Spawned [6] PortableGasStove @ <7030.786621, 43.273918, 2420.271240> ... Lifespan: Set to 120 minutes.
[AirdropContainerFall] Loot Spawned [7] Wrench @ <7039.028809, 41.956486, 2410.254639> ... Lifespan: Set to 120 minutes.
[AirdropContainerFall] Loot Spawned [8] Battery9V @ <7022.694824, 42.013618, 2404.081543> ... Lifespan: Set to 120 minutes.
[AirdropContainerFall] Loot Spawned [9] Headtorch_Black @ <7027.591309, 41.851379, 2400.936768> ... Lifespan: Set to 120 minutes.
[AirdropContainerFall] Loot Spawned [10] WoodAxe @ <7038.890625, 41.783745, 2407.637939> ... Lifespan: Set to 120 minutes.
[AirdropContainerFall] Loot Spawned [11] Chemlight_Blue @ <7029.425781, 41.767761, 2400.531006> ... Lifespan: Set to 120 minutes.
[AirdropContainerFall] Loot Spawned [12] WeaponCleaningKit @ <7036.510742, 42.641949, 2416.843506> ... Lifespan: Set to 120 minutes.
[AirdropContainerFall] Loot Spawned [13] Lockpick @ <7020.553711, 42.351158, 2411.620605> ... Lifespan: Set to 120 minutes.
[AirdropContainerFall] Loot Spawned [14] LugWrench @ <7021.403809, 42.621689, 2414.219971> ... Lifespan: Set to 120 minutes.
[AirdropContainerFall] Loot Spawned [15] Spotlight @ <7030.126953, 43.296955, 2420.340332> ... Lifespan: Set to 120 minutes.
[AirdropContainerFall] Loot Spawned [16] ElectronicRepairKit @ <7020.599121, 42.513161, 2413.215088> ... Lifespan: Set to 120 minutes.
[AirdropContainerFall] Loot Spawned [17] PersonalRadio @ <7035.077148, 42.952633, 2418.878662> ... Lifespan: Set to 120 minutes.
[AirdropContainerFall] Loot Spawned [18] CanOpener @ <7023.730469, 43.090603, 2418.247559> ... Lifespan: Set to 120 minutes.
[AirdropContainerFall] Loot Spawned [19] Pickaxe @ <7037.551270, 42.454514, 2415.501953> ... Lifespan: Set to 120 minutes.
[AirdropContainerFall] Loot Spawned [20] PersonalRadio @ <7039.159180, 41.792774, 2407.846924> ... Lifespan: Set to 120 minutes.
[AirdropContainerUnstuck] Container was unstuck.
[~AirdropContainerBase] Container Destroyed on 2021-05-18 @ 22-43-04
