[InitializeContainer] Container created on 2021-05-23 @ 01-46-09
[InitializeContainer] Winds: Vector <-18.123257, 0.000000, 5.985685>, Speed 19.0861mps, Strength 0.1
[AirdropContainerFall] Drop Type 'Misc. Food', Container: 'RANDOM', Mode/Quantity/Iems: Random/20/26, Flare:  20%
[AirdropContainerFall] Loot Spawned [1] Potato @ <5535.526855, 74.000999, 3750.526611> ... Lifespan: Set to 120 minutes.
[AirdropContainerFall] Loot Spawned [2] Apple @ <5538.226563, 74.000999, 3751.390381> ... Lifespan: Set to 120 minutes.
[AirdropContainerFall] Loot Spawned [3] WaterBottle @ <5534.561523, 74.000999, 3748.945068> ... Lifespan: Set to 120 minutes.
[AirdropContainerFall] Loot Spawned [4] SodaCan_Kvass @ <5540.270996, 74.000999, 3747.166504> ... Lifespan: Set to 120 minutes.
[AirdropContainerFall] Loot Spawned [5] WaterBottle @ <5536.748047, 74.000999, 3752.416504> ... Lifespan: Set to 120 minutes.
[AirdropContainerFall] Loot Spawned [6] SodaCan_Pipsi @ <5536.334473, 74.000999, 3750.531738> ... Lifespan: Set to 120 minutes.
[AirdropContainerFall] Loot Spawned [7] SambucusBerry @ <5534.904297, 74.000999, 3748.374023> ... Lifespan: Set to 120 minutes.
[AirdropContainerFall] Loot Spawned [8] SodaCan_Spite @ <5536.097656, 74.000999, 3746.778076> ... Lifespan: Set to 120 minutes.
[AirdropContainerFall] Loot Spawned [9] Rice @ <5534.258301, 74.000999, 3749.380371> ... Lifespan: Set to 120 minutes.
[AirdropContainerFall] Loot Spawned [10] BakedBeansCan @ <5538.868652, 74.000999, 3750.645020> ... Lifespan: Set to 120 minutes.
[AirdropContainerFall] Loot Spawned [11] GreenBellPepper @ <5538.156738, 74.000999, 3750.372803> ... Lifespan: Set to 120 minutes.
[AirdropContainerFall] Loot Spawned [12] Tomato @ <5536.929199, 74.000999, 3747.161621> ... Lifespan: Set to 120 minutes.
[AirdropContainerFall] Loot Spawned [13] PowderedMilk @ <5535.497070, 74.000999, 3749.291260> ... Lifespan: Set to 120 minutes.
[AirdropContainerFall] Loot Spawned [14] WaterBottle @ <5535.937988, 74.000999, 3748.522217> ... Lifespan: Set to 120 minutes.
[AirdropContainerFall] Loot Spawned [15] Pumpkin @ <5535.549316, 74.000999, 3749.900879> ... Lifespan: Set to 120 minutes.
[AirdropContainerFall] Loot Spawned [16] Pumpkin @ <5540.400879, 74.000999, 3747.394775> ... Lifespan: Set to 120 minutes.
[AirdropContainerFall] Loot Spawned [17] SodaCan_Pipsi @ <5535.276367, 74.000999, 3748.872070> ... Lifespan: Set to 120 minutes.
[AirdropContainerFall] Loot Spawned [18] PowderedMilk @ <5535.952148, 74.000999, 3752.245117> ... Lifespan: Set to 120 minutes.
[AirdropContainerFall] Loot Spawned [19] Zucchini @ <5537.718750, 74.000999, 3750.898682> ... Lifespan: Set to 120 minutes.
[AirdropContainerFall] Loot Spawned [20] SambucusBerry @ <5537.127441, 74.000999, 3747.174805> ... Lifespan: Set to 120 minutes.
[AirdropContainerUnstuck] Container was unstuck.
[~AirdropContainerBase] Container Destroyed on 2021-05-23 @ 02-06-09
