[InitializeContainer] Container created on 2021-05-24 @ 09-27-41
[InitializeContainer] Winds: Vector <-2.248026, 0.000000, -4.717945>, Speed 5.22615mps, Strength 0.1
[AirdropContainerFall] Drop Type 'Military East', Container: 'RANDOM', Mode/Quantity/Iems: Random/20/28, Flare:  10%
[AirdropContainerFall] Loot Spawned [1] TacticalGoggles @ <10071.066406, 1.096769, 2528.703369> ... Lifespan: Set to 120 minutes.
[AirdropContainerFall] Loot Spawned [2] TTsKOJacket_Camo @ <10066.118164, 1.239352, 2532.241455> ... Lifespan: Set to 120 minutes.
[AirdropContainerFall] Loot Spawned [3] UniversalLight @ <10069.039063, 1.061333, 2527.347412> ... Lifespan: Set to 120 minutes.
[AirdropContainerFall] Loot Spawned [4] AK_Suppressor @ <10068.588867, 1.093564, 2528.183594> ... Lifespan: Set to 120 minutes.
[AirdropContainerFall] Loot Spawned [5] GorkaEJacket_Flat @ <10064.812500, 1.226315, 2531.182373> ... Lifespan: Set to 120 minutes.
[AirdropContainerFall] Loot Spawned [6] AmmoBox_762x39_20Rnd @ <10070.189453, 1.138932, 2529.962646> ... Lifespan: Set to 120 minutes.
[AirdropContainerFall] Loot Spawned [7] Canteen @ <10066.399414, 1.086471, 2527.345703> ... Lifespan: Set to 120 minutes.
[AirdropContainerFall] Loot Spawned [8] AK_Bayonet @ <10065.805664, 1.069696, 2526.700439> ... Lifespan: Set to 120 minutes.
[AirdropContainerFall] Loot Spawned [9] GorkaPants_Summer @ <10068.013672, 1.202421, 2531.716309> ... Lifespan: Set to 120 minutes.
[AirdropContainerFall] Loot Spawned [10] TacticalGloves_Beige @ <10070.606445, 1.136789, 2529.960693> ... Lifespan: Set to 120 minutes.
[AirdropContainerFall] Loot Spawned [11] TTSKOPants @ <10067.398438, 1.226610, 2532.404541> ... Lifespan: Set to 120 minutes.
[AirdropContainerFall] Loot Spawned [12] TacticalGloves_Beige @ <10067.987305, 1.060424, 2527.180420> ... Lifespan: Set to 120 minutes.
[AirdropContainerFall] Loot Spawned [13] UniversalLight @ <10068.264648, 1.200404, 2531.690918> ... Lifespan: Set to 120 minutes.
[AirdropContainerFall] Loot Spawned [14] AK_Bayonet @ <10064.620117, 1.211149, 2530.596680> ... Lifespan: Set to 120 minutes.
[AirdropContainerFall] Loot Spawned [15] GorkaEJacket_PautRev @ <10065.878906, 1.094021, 2527.373535> ... Lifespan: Set to 120 minutes.
[AirdropContainerFall] Loot Spawned [16] GorkaEJacket_Flat @ <10065.972656, 1.203910, 2530.918945> ... Lifespan: Set to 120 minutes.
[AirdropContainerFall] Loot Spawned [17] GorkaPants_Autumn @ <10067.425781, 1.233079, 2532.726074> ... Lifespan: Set to 120 minutes.
[AirdropContainerFall] Loot Spawned [18] Binoculars @ <10070.829102, 1.158842, 2530.732910> ... Lifespan: Set to 120 minutes.
[AirdropContainerFall] Loot Spawned [19] TacticalBaconCan @ <10070.073242, 1.130827, 2529.673096> ... Lifespan: Set to 120 minutes.
[AirdropContainerFall] Loot Spawned [20] AK_RailHndgrd @ <10071.062500, 1.138566, 2530.095947> ... Lifespan: Set to 120 minutes.
[AirdropContainerUnstuck] Container was unstuck.
[~AirdropContainerBase] Container Destroyed on 2021-05-24 @ 10-00-01
