[InitializeContainer] Container created on 2021-05-23 @ 15-27-00
[InitializeContainer] Winds: Vector <7.901347, 0.000000, 11.247714>, Speed 13.7456mps, Strength 0.1
[AirdropContainerFall] Drop Type 'Misc. Tools', Container: 'RANDOM', Mode/Quantity/Iems: Random/20/50, Flare:  10%
[AirdropContainerFall] Loot Spawned [1] ElectronicRepairKit @ <6892.476563, 42.100998, 2496.041260> ... Lifespan: Set to 120 minutes.
[AirdropContainerFall] Loot Spawned [2] CanOpener @ <6902.517578, 42.100998, 2491.607178> ... Lifespan: Set to 120 minutes.
[AirdropContainerFall] Loot Spawned [3] ChernarusMap @ <6903.629883, 42.100998, 2492.296387> ... Lifespan: Set to 120 minutes.
[AirdropContainerFall] Loot Spawned [4] CombatKnife @ <6907.102051, 42.100998, 2494.353516> ... Lifespan: Set to 120 minutes.
[AirdropContainerFall] Loot Spawned [5] Heatpack @ <6896.001465, 42.100998, 2492.583008> ... Lifespan: Set to 120 minutes.
[AirdropContainerFall] Loot Spawned [6] LugWrench @ <6896.702637, 42.100998, 2491.743164> ... Lifespan: Set to 120 minutes.
[AirdropContainerFall] Loot Spawned [7] Headtorch_Black @ <6902.649902, 42.100998, 2509.604492> ... Lifespan: Set to 120 minutes.
[AirdropContainerFall] Loot Spawned [8] Heatpack @ <6905.862793, 42.100998, 2508.181885> ... Lifespan: Set to 120 minutes.
[AirdropContainerFall] Loot Spawned [9] LugWrench @ <6903.896973, 42.100998, 2509.694580> ... Lifespan: Set to 120 minutes.
[AirdropContainerFall] Loot Spawned [10] Pickaxe @ <6895.768555, 42.100998, 2492.008301> ... Lifespan: Set to 120 minutes.
[AirdropContainerFall] Loot Spawned [11] Chemlight_Red @ <6891.032715, 42.100998, 2501.348877> ... Lifespan: Set to 120 minutes.
[AirdropContainerFall] Loot Spawned [12] CableReel @ <6909.305176, 42.100998, 2505.318359> ... Lifespan: Set to 120 minutes.
[AirdropContainerFall] Loot Spawned [13] Matchbox @ <6891.956055, 42.100998, 2497.141602> ... Lifespan: Set to 120 minutes.
[AirdropContainerFall] Loot Spawned [14] Whetstone @ <6907.579590, 42.100998, 2494.064697> ... Lifespan: Set to 120 minutes.
[AirdropContainerFall] Loot Spawned [15] OrienteeringCompass @ <6892.190430, 42.100998, 2496.070068> ... Lifespan: Set to 120 minutes.
[AirdropContainerFall] Loot Spawned [16] BatteryCharger @ <6892.992676, 42.100998, 2494.447510> ... Lifespan: Set to 120 minutes.
[AirdropContainerFall] Loot Spawned [17] Chemlight_Blue @ <6906.771484, 42.100998, 2494.290283> ... Lifespan: Set to 120 minutes.
[AirdropContainerFall] Loot Spawned [18] Compass @ <6890.773438, 42.100998, 2503.339111> ... Lifespan: Set to 120 minutes.
[AirdropContainerFall] Loot Spawned [19] BatteryCharger @ <6904.191895, 42.100998, 2509.573242> ... Lifespan: Set to 120 minutes.
[AirdropContainerFall] Loot Spawned [20] WoodAxe @ <6891.017090, 42.100998, 2504.082520> ... Lifespan: Set to 120 minutes.
[AirdropContainerUnstuck] Container was unstuck.
[~AirdropContainerBase] Container Destroyed on 2021-05-23 @ 15-59-59
