[InitializeContainer] Container created on 2021-05-24 @ 11-23-05
[InitializeContainer] Winds: Vector <9.551482, 0.000000, -3.201046>, Speed 10.0736mps, Strength 0.1
[AirdropContainerFall] Drop Type 'Military West', Container: 'RANDOM', Mode/Quantity/Iems: Random/20/40, Flare:  10%
[AirdropContainerFall] Loot Spawned [1] AssaultBag_Ttsko @ <5422.193848, 74.000999, 3670.242188> ... Lifespan: Set to 120 minutes.
[AirdropContainerFall] Loot Spawned [2] PistolSuppressor @ <5422.500977, 74.000999, 3674.421143> ... Lifespan: Set to 120 minutes.
[AirdropContainerFall] Loot Spawned [3] M4A1 @ <5421.222656, 74.000999, 3669.759766> ... Lifespan: Set to 120 minutes.
[AirdropContainerFall] Loot Spawned [4] AmmoBox_45ACP_25Rnd @ <5420.904785, 74.000999, 3669.444580> ... Lifespan: Set to 120 minutes.
[AirdropContainerFall] Loot Spawned [5] AssaultBag_Ttsko @ <5424.951172, 74.000999, 3669.743408> ... Lifespan: Set to 120 minutes.
[AirdropContainerFall] Loot Spawned [6] USMCPants_Desert @ <5423.911133, 74.000999, 3670.093018> ... Lifespan: Set to 120 minutes.
[AirdropContainerFall] Loot Spawned [7] TacticalBaconCan @ <5422.760742, 74.000999, 3669.428955> ... Lifespan: Set to 120 minutes.
[AirdropContainerFall] Loot Spawned [8] WeaponCleaningKit @ <5424.237793, 74.000999, 3670.424072> ... Lifespan: Set to 120 minutes.
[AirdropContainerFall] Loot Spawned [9] Mag_STANAG_30Rnd @ <5421.776367, 74.000999, 3669.108887> ... Lifespan: Set to 120 minutes.
[AirdropContainerFall] Loot Spawned [10] M4_Suppressor @ <5425.694824, 74.000999, 3672.581055> ... Lifespan: Set to 120 minutes.
[AirdropContainerFall] Loot Spawned [11] UKAssVest_Olive @ <5421.923828, 74.000999, 3674.185791> ... Lifespan: Set to 120 minutes.
[AirdropContainerFall] Loot Spawned [12] Battery9V @ <5421.647949, 74.000999, 3668.852051> ... Lifespan: Set to 120 minutes.
[AirdropContainerFall] Loot Spawned [13] MilitaryBoots_Beige @ <5421.968262, 74.000999, 3669.916260> ... Lifespan: Set to 120 minutes.
[AirdropContainerFall] Loot Spawned [14] MilitaryBoots_Brown @ <5423.666016, 74.000999, 3673.829590> ... Lifespan: Set to 120 minutes.
[AirdropContainerFall] Loot Spawned [15] CombatKnife @ <5423.860840, 74.000999, 3669.497070> ... Lifespan: Set to 120 minutes.
[AirdropContainerFall] Loot Spawned [16] CanOpener @ <5422.528809, 74.000999, 3668.865967> ... Lifespan: Set to 120 minutes.
[AirdropContainerFall] Loot Spawned [17] TacticalBaconCan @ <5420.989258, 74.000999, 3673.284180> ... Lifespan: Set to 120 minutes.
[AirdropContainerFall] Loot Spawned [18] CombatKnife @ <5421.132813, 74.000999, 3674.131348> ... Lifespan: Set to 120 minutes.
[AirdropContainerFall] Loot Spawned [19] M4A1 @ <5421.040039, 74.000999, 3674.127441> ... Lifespan: Set to 120 minutes.
[AirdropContainerFall] Loot Spawned [20] UniversalLight @ <5421.464844, 74.000999, 3669.886719> ... Lifespan: Set to 120 minutes.
[AirdropContainerUnstuck] Container was unstuck.
[~AirdropContainerBase] Container Destroyed on 2021-05-24 @ 11-43-05
