[InitializeContainer] Container created on 2021-05-15 @ 23-43-50
[InitializeContainer] Winds: Vector <-2.643855, 0.000000, -0.691398>, Speed 2.73276mps, Strength 0.1
[AirdropContainerFall] Drop Type 'Military West', Container: 'RANDOM', Mode/Quantity/Iems: Random/20/40, Flare:  10%
[AirdropContainerFall] Loot Spawned [1] TacticalBaconCan @ <7299.472656, 6.651000, 8579.791016> ... Lifespan: Set to 120 minutes.
[AirdropContainerFall] Loot Spawned [2] M9A1_Bayonet @ <7303.709473, 6.651000, 8579.066406> ... Lifespan: Set to 120 minutes.
[AirdropContainerFall] Loot Spawned [3] USMCPants_Desert @ <7302.250488, 6.651000, 8574.899414> ... Lifespan: Set to 120 minutes.
[AirdropContainerFall] Loot Spawned [4] CanOpener @ <7303.159180, 6.651000, 8579.426758> ... Lifespan: Set to 120 minutes.
[AirdropContainerFall] Loot Spawned [5] PistolSuppressor @ <7304.000000, 6.651000, 8579.075195> ... Lifespan: Set to 120 minutes.
[AirdropContainerFall] Loot Spawned [6] CanOpener @ <7303.552246, 6.651000, 8577.060547> ... Lifespan: Set to 120 minutes.
[AirdropContainerFall] Loot Spawned [7] UKAssVest_Olive @ <7302.634277, 6.651000, 8575.766602> ... Lifespan: Set to 120 minutes.
[AirdropContainerFall] Loot Spawned [8] AmmoBox_556x45_20Rnd @ <7302.193848, 6.651000, 8579.905273> ... Lifespan: Set to 120 minutes.
[AirdropContainerFall] Loot Spawned [9] UKAssVest_Olive @ <7302.975098, 6.651000, 8574.960938> ... Lifespan: Set to 120 minutes.
[AirdropContainerFall] Loot Spawned [10] MilitaryBoots_Black @ <7300.991211, 6.651000, 8580.541016> ... Lifespan: Set to 120 minutes.
[AirdropContainerFall] Loot Spawned [11] MilitaryBoots_Black @ <7302.203125, 6.651000, 8580.292969> ... Lifespan: Set to 120 minutes.
[AirdropContainerFall] Loot Spawned [12] MilitaryBoots_Bluerock @ <7301.353516, 6.651000, 8574.549805> ... Lifespan: Set to 120 minutes.
[AirdropContainerFall] Loot Spawned [13] M9A1_Bayonet @ <7303.796875, 6.651000, 8578.830078> ... Lifespan: Set to 120 minutes.
[AirdropContainerFall] Loot Spawned [14] Binoculars @ <7300.899414, 6.651000, 8576.225586> ... Lifespan: Set to 120 minutes.
[AirdropContainerFall] Loot Spawned [15] M4_Suppressor @ <7301.213379, 6.651000, 8580.971680> ... Lifespan: Set to 120 minutes.
[AirdropContainerFall] Loot Spawned [16] AssaultBag_Black @ <7301.567871, 6.651000, 8576.117188> ... Lifespan: Set to 120 minutes.
[AirdropContainerFall] Loot Spawned [17] Mag_STANAG_30Rnd @ <7305.043457, 6.651000, 8576.960938> ... Lifespan: Set to 120 minutes.
[AirdropContainerFall] Loot Spawned [18] USMCPants_Desert @ <7300.833008, 6.651000, 8578.830078> ... Lifespan: Set to 120 minutes.
[AirdropContainerFall] Loot Spawned [19] UKAssVest_Camo @ <7300.511230, 6.651000, 8575.952148> ... Lifespan: Set to 120 minutes.
[AirdropContainerFall] Loot Spawned [20] M4_Suppressor @ <7301.178711, 6.651000, 8579.248047> ... Lifespan: Set to 120 minutes.
[AirdropContainerUnstuck] Container was unstuck.
[~AirdropContainerBase] Container Destroyed on 2021-05-16 @ 00-03-50
