[InitializeContainer] Container created on 2021-05-22 @ 11-04-51
[InitializeContainer] Winds: Vector <8.881858, 0.000000, 10.073395>, Speed 13.4298mps, Strength 0.1
[AirdropContainerFall] Drop Type 'Medical', Container: 'RANDOM', Mode/Quantity/Iems: Random/20/33, Flare:  10%
[AirdropContainerFall] Loot Spawned [1] BloodSyringe @ <4416.571289, 7.780997, 12077.727539> ... Lifespan: Set to 120 minutes.
[AirdropContainerFall] Loot Spawned [2] MedicalScrubsPants_White @ <4422.609375, 7.780997, 12076.833984> ... Lifespan: Set to 120 minutes.
[AirdropContainerFall] Loot Spawned [3] Heatpack @ <4420.605957, 7.780997, 12079.860352> ... Lifespan: Set to 120 minutes.
[AirdropContainerFall] Loot Spawned [4] MedicalScrubsHat_Green @ <4421.339844, 7.780997, 12080.740234> ... Lifespan: Set to 120 minutes.
[AirdropContainerFall] Loot Spawned [5] Epinephrine @ <4417.889160, 7.780997, 12080.012695> ... Lifespan: Set to 120 minutes.
[AirdropContainerFall] Loot Spawned [6] BandageDressing @ <4420.679688, 7.780997, 12081.026367> ... Lifespan: Set to 120 minutes.
[AirdropContainerFall] Loot Spawned [7] SurgicalGloves_Green @ <4416.728516, 7.780997, 12078.484375> ... Lifespan: Set to 120 minutes.
[AirdropContainerFall] Loot Spawned [8] MedicalScrubsShirt_Blue @ <4419.466309, 7.780997, 12076.885742> ... Lifespan: Set to 120 minutes.
[AirdropContainerFall] Spawn failed for item [9] 'CharcolaTablets', does not exist in DayZ!
[AirdropContainerFall] Spawn failed for item [10] 'CharcolaTablets', does not exist in DayZ!
[AirdropContainerFall] Loot Spawned [11] BloodSyringe @ <4421.567871, 7.780997, 12077.648438> ... Lifespan: Set to 120 minutes.
[AirdropContainerFall] Spawn failed for item [12] 'CharcolaTablets', does not exist in DayZ!
[AirdropContainerFall] Loot Spawned [13] DisinfectantSpray @ <4419.596191, 7.780997, 12080.567383> ... Lifespan: Set to 120 minutes.
[AirdropContainerFall] Loot Spawned [14] MedicalScrubsHat_Blue @ <4421.995117, 7.780997, 12077.203125> ... Lifespan: Set to 120 minutes.
[AirdropContainerFall] Spawn failed for item [15] 'CharcolaTablets', does not exist in DayZ!
[AirdropContainerFall] Loot Spawned [16] SalineBag @ <4420.418457, 7.780997, 12076.707031> ... Lifespan: Set to 120 minutes.
[AirdropContainerFall] Loot Spawned [17] BloodTestKit @ <4421.248535, 7.780997, 12076.687500> ... Lifespan: Set to 120 minutes.
[AirdropContainerFall] Loot Spawned [18] VitaminBottle @ <4417.002930, 7.780997, 12079.043945> ... Lifespan: Set to 120 minutes.
[AirdropContainerFall] Loot Spawned [19] BloodBagEmpty @ <4420.107422, 7.780997, 12081.522461> ... Lifespan: Set to 120 minutes.
[AirdropContainerFall] Loot Spawned [20] MedicalScrubsPants_White @ <4418.027344, 7.780997, 12078.780273> ... Lifespan: Set to 120 minutes.
[AirdropContainerUnstuck] Container was unstuck.
[~AirdropContainerBase] Container Destroyed on 2021-05-22 @ 11-24-51
