[InitializeContainer] Container created on 2021-05-19 @ 23-24-47
[InitializeContainer] Winds: Vector <-19.291037, 0.000000, 3.116494>, Speed 19.5412mps, Strength 0.1
[AirdropContainerFall] Drop Type 'Military East', Container: 'RANDOM', Mode/Quantity/Iems: Random/20/28, Flare:  10%
[AirdropContainerFall] Loot Spawned [1] WeaponCleaningKit @ <6961.291992, 36.137211, 2511.513428> ... Lifespan: Set to 120 minutes.
[AirdropContainerFall] Loot Spawned [2] Binoculars @ <6958.062988, 36.308262, 2510.911865> ... Lifespan: Set to 120 minutes.
[AirdropContainerFall] Loot Spawned [3] AmmoBox_762x39_20Rnd @ <6961.962402, 36.414349, 2514.333252> ... Lifespan: Set to 120 minutes.
[AirdropContainerFall] Loot Spawned [4] Mag_AKM_30Rnd @ <6957.827148, 36.447327, 2512.485107> ... Lifespan: Set to 120 minutes.
[AirdropContainerFall] Loot Spawned [5] TacticalGoggles @ <6959.092285, 36.263306, 2511.427734> ... Lifespan: Set to 120 minutes.
[AirdropContainerFall] Loot Spawned [6] TTsKOJacket_Camo @ <6959.593750, 36.796734, 2516.376709> ... Lifespan: Set to 120 minutes.
[AirdropContainerFall] Loot Spawned [7] AmmoBox_762x39_20Rnd @ <6960.459961, 36.134628, 2510.807617> ... Lifespan: Set to 120 minutes.
[AirdropContainerFall] Loot Spawned [8] GorkaPants_Flat @ <6961.191406, 36.280090, 2512.905518> ... Lifespan: Set to 120 minutes.
[AirdropContainerFall] Loot Spawned [9] CanOpener @ <6961.694336, 36.593983, 2515.673828> ... Lifespan: Set to 120 minutes.
[AirdropContainerFall] Loot Spawned [10] AK_RailHndgrd @ <6962.298828, 36.120422, 2512.036377> ... Lifespan: Set to 120 minutes.
[AirdropContainerFall] Loot Spawned [11] AK_Suppressor @ <6958.319824, 36.745529, 2515.377686> ... Lifespan: Set to 120 minutes.
[AirdropContainerFall] Loot Spawned [12] AK_Suppressor @ <6958.756348, 36.195667, 2509.942383> ... Lifespan: Set to 120 minutes.
[AirdropContainerFall] Loot Spawned [13] AK_Suppressor @ <6958.035645, 36.258511, 2510.083008> ... Lifespan: Set to 120 minutes.
[AirdropContainerFall] Loot Spawned [14] CanOpener @ <6956.785156, 36.663536, 2513.740234> ... Lifespan: Set to 120 minutes.
[AirdropContainerFall] Loot Spawned [15] AK_Suppressor @ <6958.896973, 36.231674, 2510.687256> ... Lifespan: Set to 120 minutes.
[AirdropContainerFall] Loot Spawned [16] GorkaPants_Flat @ <6960.533203, 36.497952, 2514.446777> ... Lifespan: Set to 120 minutes.
[AirdropContainerFall] Loot Spawned [17] AK_Suppressor @ <6961.933105, 36.530075, 2515.248535> ... Lifespan: Set to 120 minutes.
[AirdropContainerFall] Loot Spawned [18] AK_Suppressor @ <6961.180664, 36.317982, 2513.216797> ... Lifespan: Set to 120 minutes.
[AirdropContainerFall] Loot Spawned [19] GorkaEJacket_PautRev @ <6958.970703, 36.641815, 2514.865967> ... Lifespan: Set to 120 minutes.
[AirdropContainerFall] Loot Spawned [20] AKM @ <6958.828613, 36.705135, 2515.316650> ... Lifespan: Set to 120 minutes.
[AirdropContainerUnstuck] Container was unstuck.
[~AirdropContainerBase] Container Destroyed on 2021-05-19 @ 23-44-47
