[AirdropPlane] Aircraft created on 2021-05-13 @ 00-03-16
[InitializeAircraft] Aircraft Initialized: Woodworking Industrial @ 4477/12000 (true)
[EOnBeforeDrop] The Aircraft is 1 Km from Woodworking Industrial. @ <5842.365234, 441.995239, 12616.673828>
[EOnDrop] Zombie Spawned [1] ZmbF_SurvivorNormal_White @ <4520.130371, 8.280001, 12000.572266> ... Lifespan:  Set to 120 minutes.
[EOnDrop] Zombie Spawned [2] ZmbM_HikerSkinny_Green @ <4568.397461, 8.280001, 12064.004883> ... Lifespan:  Set to 120 minutes.
[EOnDrop] Zombie Spawned [3] ZmbM_HunterOld_Winter @ <4524.457031, 8.280001, 12003.227539> ... Lifespan:  Set to 120 minutes.
[EOnDrop] Spawn failed for zombie [4] 'ZmbM_SurvivorDean_Blue', it does not exist in DayZ!
[EOnDrop] Zombie Spawned [5] ZmbM_FarmerFat_Green @ <4551.687012, 8.280001, 12068.782227> ... Lifespan:  Set to 120 minutes.
[EOnDrop] Zombie Spawned [6] ZmbM_HunterOld_Spring @ <4546.699707, 8.280001, 12037.241211> ... Lifespan:  Set to 120 minutes.
[EOnDrop] Zombie Spawned [7] ZmbF_SurvivorNormal_Orange @ <4558.450195, 8.287464, 11983.004883> ... Lifespan:  Set to 120 minutes.
[EOnDrop] Zombie Spawned [8] ZmbM_HikerSkinny_Green @ <4540.883789, 8.280001, 12043.648438> ... Lifespan:  Set to 120 minutes.
[EOnDrop] Zombie Spawned [9] ZmbM_priestPopSkinny @ <4574.956055, 8.280001, 12042.058594> ... Lifespan:  Set to 120 minutes.
[EOnDrop] Zombie Spawned [10] ZmbM_HermitSkinny_Black @ <4567.946777, 8.280001, 12034.882813> ... Lifespan:  Set to 120 minutes.
[EOnDrop] Zombie Spawned [11] ZmbM_HermitSkinny_Black @ <4535.392090, 8.280001, 12006.003906> ... Lifespan:  Set to 120 minutes.
[EOnDrop] Zombie Spawned [12] ZmbM_MotobikerFat_Beige @ <4546.187988, 8.280001, 12005.672852> ... Lifespan:  Set to 120 minutes.
[EOnDrop] Zombie Spawned [13] ZmbM_VillagerOld_Blue @ <4549.958984, 8.280001, 12032.062500> ... Lifespan:  Set to 120 minutes.
[EOnDrop] Zombie Spawned [14] ZmbF_MilkMaidOld_Beige @ <4554.878906, 8.280001, 12036.432617> ... Lifespan:  Set to 120 minutes.
[EOnDrop] Zombie Spawned [15] ZmbM_FarmerFat_Beige @ <4565.663574, 8.280001, 12053.482422> ... Lifespan:  Set to 120 minutes.
[EOnDrop] Zombie Spawned [16] ZmbM_FarmerFat_Green @ <4532.935547, 8.280001, 12076.846680> ... Lifespan:  Set to 120 minutes.
[EOnDrop] Zombie Spawned [17] ZmbF_VillagerOld_Green @ <4551.394043, 8.280001, 12025.465820> ... Lifespan:  Set to 120 minutes.
[EOnDrop] Zombie Spawned [18] ZmbM_VillagerOld_White @ <4513.023438, 8.280001, 12049.959961> ... Lifespan:  Set to 120 minutes.
[EOnDrop] Zombie Spawned [19] ZmbF_MilkMaidOld_Beige @ <4538.521484, 8.280001, 12026.469727> ... Lifespan:  Set to 120 minutes.
[EOnDrop] Zombie Spawned [20] ZmbF_HikerSkinny_Red @ <4562.598145, 8.280001, 12015.431641> ... Lifespan:  Set to 120 minutes.
[EOnDrop] Zombie Spawned [21] ZmbM_FarmerFat_Brown @ <4539.432617, 8.280001, 12034.955078> ... Lifespan:  Set to 120 minutes.
[EOnDrop] Spawn failed for zombie [22] 'ZmbM_SurvivorDean_Black', it does not exist in DayZ!
[EOnDrop] Spawn failed for zombie [23] 'ZmbM_SurvivorDean_Grey', it does not exist in DayZ!
[EOnDrop] Zombie Spawned [24] ZmbM_priestPopSkinny @ <4544.437012, 8.280001, 11981.842773> ... Lifespan:  Set to 120 minutes.
[EOnDrop] Zombie Spawned [25] ZmbF_SurvivorNormal_Blue @ <4551.308105, 8.280001, 12039.420898> ... Lifespan:  Set to 120 minutes.
[EOnDrop] Zombie Spawned [26] ZmbF_HikerSkinny_Grey @ <4532.551270, 8.280001, 12064.311523> ... Lifespan:  Set to 120 minutes.
[EOnDrop] Zombie Spawned [27] ZmbF_VillagerOld_Blue @ <4525.967773, 8.280001, 12041.810547> ... Lifespan:  Set to 120 minutes.
[EOnDrop] Zombie Spawned [28] ZmbF_MilkMaidOld_Black @ <4571.880859, 8.280001, 12041.716797> ... Lifespan:  Set to 120 minutes.
[EOnDrop] Zombie Spawned [29] ZmbM_HikerSkinny_Green @ <4572.819336, 8.280001, 12017.905273> ... Lifespan:  Set to 120 minutes.
[EOnDrop] Zombie Spawned [30] ZmbM_HermitSkinny_Red @ <4547.187500, 8.280001, 12037.392578> ... Lifespan:  Set to 120 minutes.
[EOnDrop] Zombie Spawned [31] ZmbM_HunterOld_Autumn @ <4580.455078, 9.494307, 11995.697266> ... Lifespan:  Set to 120 minutes.
[EOnDrop] Zombie Spawned [32] ZmbM_HermitSkinny_Beige @ <4593.386719, 8.585996, 12021.973633> ... Lifespan:  Set to 120 minutes.
[EOnDrop] Spawn failed for zombie [33] 'ZmbM_SurvivorDean_Grey', it does not exist in DayZ!
[EOnDrop] Zombie Spawned [34] ZmbF_HikerSkinny_Grey @ <4518.210938, 8.280001, 12016.892578> ... Lifespan:  Set to 120 minutes.
[EOnDrop] Zombie Spawned [35] ZmbM_HermitSkinny_Beige @ <4567.349609, 8.280001, 12005.090820> ... Lifespan:  Set to 120 minutes.
[EOnDrop] Zombie Spawned [36] ZmbF_SurvivorNormal_Orange @ <4558.809570, 8.280001, 12029.638672> ... Lifespan:  Set to 120 minutes.
[EOnDrop] Zombie Spawned [37] ZmbM_FarmerFat_Beige @ <4564.376465, 8.280001, 12068.614258> ... Lifespan:  Set to 120 minutes.
[EOnDrop] Spawn failed for zombie [38] 'ZmbM_SurvivorDean_Blue', it does not exist in DayZ!
[EOnDrop] Zombie Spawned [39] ZmbM_MotobikerFat_Beige @ <4546.505371, 8.280001, 12060.307617> ... Lifespan:  Set to 120 minutes.
[EOnDrop] Spawn failed for zombie [40] 'ZmbM_SurvivorDean_Blue', it does not exist in DayZ!
[EOnDrop] Zombie Spawned [41] ZmbF_MilkMaidOld_Beige @ <4557.998047, 8.280001, 12027.617188> ... Lifespan:  Set to 120 minutes.
[EOnDrop] Zombie Spawned [42] ZmbM_FarmerFat_Beige @ <4573.381836, 8.280001, 12045.289063> ... Lifespan:  Set to 120 minutes.
[EOnDrop] Zombie Spawned [43] ZmbF_MilkMaidOld_Black @ <4571.777832, 8.280001, 12015.232422> ... Lifespan:  Set to 120 minutes.
[EOnDrop] Zombie Spawned [44] ZmbM_HunterOld_Autumn @ <4552.432129, 8.280001, 12031.230469> ... Lifespan:  Set to 120 minutes.
[EOnDrop] Zombie Spawned [45] ZmbF_VillagerOld_Blue @ <4543.840332, 8.280001, 12021.645508> ... Lifespan:  Set to 120 minutes.
[EOnDrop] Zombie Spawned [46] ZmbM_HunterOld_Winter @ <4572.599121, 8.491953, 11995.454102> ... Lifespan:  Set to 120 minutes.
[EOnDrop] Zombie Spawned [47] ZmbM_HermitSkinny_Red @ <4551.607422, 8.280001, 12031.160156> ... Lifespan:  Set to 120 minutes.
[EOnDrop] Zombie Spawned [48] ZmbF_SurvivorNormal_Blue @ <4569.452148, 8.280001, 12020.049805> ... Lifespan:  Set to 120 minutes.
[EOnDrop] Zombie Spawned [49] ZmbF_SurvivorNormal_White @ <4565.380859, 8.280001, 12001.309570> ... Lifespan:  Set to 120 minutes.
[EOnDrop] Zombie Spawned [50] ZmbF_MilkMaidOld_Grey @ <4544.446777, 8.280001, 11986.816406> ... Lifespan:  Set to 120 minutes.
[EOnDrop] Drop spawned with 50 infected at <4545.459961, 156.842758, 12029.300781>.
[EOnDrop] Supplies have been dropped near Woodworking Industrial.
[EOnBeforeDelete] Aircraft despawned @ <-1001.349121, 152.000610, 9517.445313>
[~AirdropPlane] Aircraft destroyed.
