[InitializeContainer] Container created on 2021-05-17 @ 01-05-35
[InitializeContainer] Winds: Vector <3.489045, 0.000000, -7.003137>, Speed 7.82415mps, Strength 0.1
[AirdropContainerFall] Drop Type 'Military West', Container: 'RANDOM', Mode/Quantity/Iems: Random/20/40, Flare:  10%
[AirdropContainerFall] Loot Spawned [1] CanOpener @ <4479.557617, 7.780997, 12036.765625> ... Lifespan: Set to 120 minutes.
[AirdropContainerFall] Loot Spawned [2] UKAssVest_Camo @ <4480.490234, 7.780997, 12036.493164> ... Lifespan: Set to 120 minutes.
[AirdropContainerFall] Loot Spawned [3] CanOpener @ <4480.127441, 7.780997, 12035.860352> ... Lifespan: Set to 120 minutes.
[AirdropContainerFall] Loot Spawned [4] MilitaryBoots_Beige @ <4477.945801, 7.780997, 12033.002930> ... Lifespan: Set to 120 minutes.
[AirdropContainerFall] Loot Spawned [5] Battery9V @ <4476.190430, 7.780997, 12035.000000> ... Lifespan: Set to 120 minutes.
[AirdropContainerFall] Loot Spawned [6] TacticalGloves_Beige @ <4475.951660, 7.780997, 12036.982422> ... Lifespan: Set to 120 minutes.
[AirdropContainerFall] Loot Spawned [7] Canteen @ <4480.335449, 7.780997, 12036.345703> ... Lifespan: Set to 120 minutes.
[AirdropContainerFall] Loot Spawned [8] M9A1_Bayonet @ <4478.706055, 7.780997, 12032.217773> ... Lifespan: Set to 120 minutes.
[AirdropContainerFall] Loot Spawned [9] CombatKnife @ <4478.135742, 7.780997, 12032.785156> ... Lifespan: Set to 120 minutes.
[AirdropContainerFall] Loot Spawned [10] MilitaryBoots_Bluerock @ <4479.619141, 7.780997, 12037.470703> ... Lifespan: Set to 120 minutes.
[AirdropContainerFall] Loot Spawned [11] M4_RISHndgrd @ <4478.792969, 7.780997, 12036.120117> ... Lifespan: Set to 120 minutes.
[AirdropContainerFall] Loot Spawned [12] FNX45 @ <4479.012695, 7.780997, 12036.337891> ... Lifespan: Set to 120 minutes.
[AirdropContainerFall] Loot Spawned [13] AmmoBox_45ACP_25Rnd @ <4478.188477, 7.780997, 12031.923828> ... Lifespan: Set to 120 minutes.
[AirdropContainerFall] Loot Spawned [14] M4_RISHndgrd @ <4476.794922, 7.780997, 12036.807617> ... Lifespan: Set to 120 minutes.
[AirdropContainerFall] Loot Spawned [15] Canteen @ <4478.737305, 7.780997, 12032.712891> ... Lifespan: Set to 120 minutes.
[AirdropContainerFall] Loot Spawned [16] M9A1_Bayonet @ <4478.642578, 7.780997, 12036.537109> ... Lifespan: Set to 120 minutes.
[AirdropContainerFall] Loot Spawned [17] USMCJacket_Desert @ <4475.447754, 7.780997, 12033.875000> ... Lifespan: Set to 120 minutes.
[AirdropContainerFall] Loot Spawned [18] M4_Suppressor @ <4479.885254, 7.780997, 12034.794922> ... Lifespan: Set to 120 minutes.
[AirdropContainerFall] Loot Spawned [19] TacticalBaconCan @ <4480.737793, 7.780997, 12036.620117> ... Lifespan: Set to 120 minutes.
[AirdropContainerFall] Loot Spawned [20] MilitaryBoots_Black @ <4476.132813, 7.780997, 12036.873047> ... Lifespan: Set to 120 minutes.
[AirdropContainerUnstuck] Container was unstuck.
[~AirdropContainerBase] Container Destroyed on 2021-05-17 @ 01-25-35
