[InitializeContainer] Container created on 2021-05-15 @ 14-26-52
[InitializeContainer] Winds: Vector <3.024014, 0.000000, -7.040272>, Speed 7.66225mps, Strength 0.1
[AirdropContainerFall] Drop Type 'Misc. Food', Container: 'RANDOM', Mode/Quantity/Iems: Random/20/26, Flare:  20%
[AirdropContainerFall] Loot Spawned [1] GreenBellPepper @ <7018.886230, 40.569054, 2493.939453> ... Lifespan: Set to 120 minutes.
[AirdropContainerFall] Loot Spawned [2] Lard @ <7016.746582, 40.401272, 2491.261475> ... Lifespan: Set to 120 minutes.
[AirdropContainerFall] Loot Spawned [3] SardinesCan @ <7015.274414, 40.046528, 2495.770264> ... Lifespan: Set to 120 minutes.
[AirdropContainerFall] Loot Spawned [4] SodaCan_Spite @ <7017.497070, 40.389885, 2494.056885> ... Lifespan: Set to 120 minutes.
[AirdropContainerFall] Loot Spawned [5] SodaCan_Pipsi @ <7014.280273, 39.882992, 2497.045166> ... Lifespan: Set to 120 minutes.
[AirdropContainerFall] Loot Spawned [6] Lard @ <7017.210449, 40.366089, 2493.692627> ... Lifespan: Set to 120 minutes.
[AirdropContainerFall] Loot Spawned [7] SodaCan_Cola @ <7014.134766, 39.881821, 2496.413086> ... Lifespan: Set to 120 minutes.
[AirdropContainerFall] Loot Spawned [8] Pear @ <7017.127441, 40.314892, 2494.853027> ... Lifespan: Set to 120 minutes.
[AirdropContainerFall] Loot Spawned [9] Potato @ <7016.701660, 40.345722, 2492.421143> ... Lifespan: Set to 120 minutes.
[AirdropContainerFall] Loot Spawned [10] SpaghettiCan @ <7013.900391, 39.942120, 2493.720947> ... Lifespan: Set to 120 minutes.
[AirdropContainerFall] Loot Spawned [11] SodaCan_Pipsi @ <7013.906738, 39.920567, 2494.386963> ... Lifespan: Set to 120 minutes.
[AirdropContainerFall] Loot Spawned [12] BakedBeansCan @ <7012.907715, 39.798504, 2494.169189> ... Lifespan: Set to 120 minutes.
[AirdropContainerFall] Loot Spawned [13] GreenBellPepper @ <7019.163086, 40.598724, 2494.071045> ... Lifespan: Set to 120 minutes.
[AirdropContainerFall] Loot Spawned [14] PowderedMilk @ <7018.604980, 40.458759, 2495.943115> ... Lifespan: Set to 120 minutes.
[AirdropContainerFall] Loot Spawned [15] Zucchini @ <7018.449219, 40.470261, 2495.117188> ... Lifespan: Set to 120 minutes.
[AirdropContainerFall] Loot Spawned [16] SodaCan_Pipsi @ <7018.712891, 40.592098, 2492.708496> ... Lifespan: Set to 120 minutes.
[AirdropContainerFall] Loot Spawned [17] Lard @ <7014.887207, 40.117290, 2492.278320> ... Lifespan: Set to 120 minutes.
[AirdropContainerFall] Loot Spawned [18] SpaghettiCan @ <7018.125488, 40.449615, 2494.588623> ... Lifespan: Set to 120 minutes.
[AirdropContainerFall] Loot Spawned [19] Rice @ <7014.172363, 39.949604, 2494.524902> ... Lifespan: Set to 120 minutes.
[AirdropContainerFall] Loot Spawned [20] Lard @ <7017.618652, 40.316368, 2496.678467> ... Lifespan: Set to 120 minutes.
[AirdropContainerUnstuck] Container was unstuck.
[~AirdropContainerBase] Container Destroyed on 2021-05-15 @ 16-00-01
