[InitializeContainer] Container created on 2021-05-25 @ 02-25-27
[InitializeContainer] Winds: Vector <11.299997, 0.000000, 1.693783>, Speed 11.4262mps, Strength 0.1
[AirdropContainerFall] Drop Type 'Medical', Container: 'RANDOM', Mode/Quantity/Iems: Random/20/33, Flare:  10%
[AirdropContainerFall] Loot Spawned [1] WaterBottle @ <7269.335449, 6.651000, 8412.078125> ... Lifespan: Set to 120 minutes.
[AirdropContainerFall] Loot Spawned [2] BloodBagEmpty @ <7270.509766, 6.651000, 8413.608398> ... Lifespan: Set to 120 minutes.
[AirdropContainerFall] Loot Spawned [3] MedicalScrubsPants_White @ <7269.956055, 6.651000, 8413.578125> ... Lifespan: Set to 120 minutes.
[AirdropContainerFall] Loot Spawned [4] MedicalScrubsHat_Green @ <7272.427246, 6.651000, 8413.544922> ... Lifespan: Set to 120 minutes.
[AirdropContainerFall] Loot Spawned [5] MedicalScrubsHat_Blue @ <7272.325684, 6.651000, 8412.041016> ... Lifespan: Set to 120 minutes.
[AirdropContainerFall] Loot Spawned [6] MedicalScrubsPants_Green @ <7272.562988, 6.651000, 8410.019531> ... Lifespan: Set to 120 minutes.
[AirdropContainerFall] Loot Spawned [7] BloodSyringe @ <7270.796875, 6.651000, 8408.728516> ... Lifespan: Set to 120 minutes.
[AirdropContainerFall] Loot Spawned [8] SurgicalGloves_Green @ <7270.749023, 6.651000, 8408.554688> ... Lifespan: Set to 120 minutes.
[AirdropContainerFall] Loot Spawned [9] SurgicalMask @ <7271.081543, 6.651000, 8409.579102> ... Lifespan: Set to 120 minutes.
[AirdropContainerFall] Loot Spawned [10] MedicalScrubsShirt_Green @ <7270.167480, 6.651000, 8408.841797> ... Lifespan: Set to 120 minutes.
[AirdropContainerFall] Loot Spawned [11] Rag @ <7273.318848, 6.651000, 8410.419922> ... Lifespan: Set to 120 minutes.
[AirdropContainerFall] Loot Spawned [12] MedicalScrubsPants_Green @ <7273.165527, 6.651000, 8409.962891> ... Lifespan: Set to 120 minutes.
[AirdropContainerFall] Loot Spawned [13] BloodTestKit @ <7272.716797, 6.651000, 8411.198242> ... Lifespan: Set to 120 minutes.
[AirdropContainerFall] Loot Spawned [14] SurgicalGloves_LightBlue @ <7271.348633, 6.651000, 8409.485352> ... Lifespan: Set to 120 minutes.
[AirdropContainerFall] Loot Spawned [15] BloodSyringe @ <7271.805176, 6.651000, 8412.674805> ... Lifespan: Set to 120 minutes.
[AirdropContainerFall] Loot Spawned [16] MedicalScrubsShirt_Blue @ <7272.731445, 6.651000, 8409.816406> ... Lifespan: Set to 120 minutes.
[AirdropContainerFall] Loot Spawned [17] SurgicalGloves_White @ <7273.444336, 6.651000, 8410.506836> ... Lifespan: Set to 120 minutes.
[AirdropContainerFall] Loot Spawned [18] TetracyclineAntibiotics @ <7270.784180, 6.651000, 8407.854492> ... Lifespan: Set to 120 minutes.
[AirdropContainerFall] Loot Spawned [19] WaterBottle @ <7272.637207, 6.651000, 8410.326172> ... Lifespan: Set to 120 minutes.
[AirdropContainerFall] Loot Spawned [20] VitaminBottle @ <7272.248047, 6.651000, 8413.421875> ... Lifespan: Set to 120 minutes.
[AirdropContainerUnstuck] Container was unstuck.
[~AirdropContainerBase] Container Destroyed on 2021-05-25 @ 02-51-42
