[AirdropPlane] Aircraft created on 2021-05-22 @ 04-21-06
[InitializeAircraft] Aircraft Initialized: Woodworking Industrial @ 4485/12110 (true)
[EOnBeforeDrop] The Aircraft is 1 Km from Woodworking Industrial. @ <4034.618164, 152.402481, 10680.003906>
[EOnDrop] Zombie Spawned [1] ZmbM_MechanicSkinny_Blue @ <4455.666504, 8.279997, 12060.495117> ... Lifespan:  Set to 120 minutes.
[EOnDrop] Zombie Spawned [2] ZmbM_HandymanNormal_Blue @ <4461.655273, 8.279997, 12042.815430> ... Lifespan:  Set to 120 minutes.
[EOnDrop] Zombie Spawned [3] ZmbM_OffshoreWorker_Green @ <4426.066406, 8.279997, 12037.169922> ... Lifespan:  Set to 120 minutes.
[EOnDrop] Zombie Spawned [4] ZmbM_HandymanNormal_Blue @ <4453.502441, 8.279997, 12057.471680> ... Lifespan:  Set to 120 minutes.
[EOnDrop] Zombie Spawned [5] ZmbM_ConstrWorkerNormal_Green @ <4463.025391, 8.279736, 12019.912109> ... Lifespan:  Set to 120 minutes.
[EOnDrop] Zombie Spawned [6] ZmbM_HandymanNormal_Beige @ <4416.459473, 8.279997, 12026.965820> ... Lifespan:  Set to 120 minutes.
[EOnDrop] Zombie Spawned [7] ZmbF_BlueCollarFat_White @ <4478.935547, 8.279997, 12034.831055> ... Lifespan:  Set to 120 minutes.
[EOnDrop] Zombie Spawned [8] ZmbM_FishermanOld_Grey @ <4477.239746, 8.279997, 12026.490234> ... Lifespan:  Set to 120 minutes.
[EOnDrop] Zombie Spawned [9] ZmbM_HandymanNormal_Grey @ <4470.578613, 8.279997, 12040.104492> ... Lifespan:  Set to 120 minutes.
[EOnDrop] Zombie Spawned [10] ZmbM_ConstrWorkerNormal_Grey @ <4476.423828, 8.279997, 12062.867188> ... Lifespan:  Set to 120 minutes.
[EOnDrop] Zombie Spawned [11] ZmbF_BlueCollarFat_Green @ <4452.792969, 8.279997, 11996.868164> ... Lifespan:  Set to 120 minutes.
[EOnDrop] Zombie Spawned [12] ZmbF_MechanicNormal_Orange @ <4467.829590, 8.279997, 12028.726563> ... Lifespan:  Set to 120 minutes.
[EOnDrop] Zombie Spawned [13] ZmbM_FishermanOld_Red @ <4460.295410, 8.279997, 12044.148438> ... Lifespan:  Set to 120 minutes.
[EOnDrop] Zombie Spawned [14] ZmbM_ConstrWorkerNormal_Black @ <4481.186035, 8.279997, 12065.156250> ... Lifespan:  Set to 120 minutes.
[EOnDrop] Zombie Spawned [15] ZmbM_ConstrWorkerNormal_Beige @ <4469.761230, 8.278927, 12018.693359> ... Lifespan:  Set to 120 minutes.
[EOnDrop] Zombie Spawned [16] ZmbF_MechanicNormal_Orange @ <4490.659180, 8.279997, 12046.436523> ... Lifespan:  Set to 120 minutes.
[EOnDrop] Zombie Spawned [17] ZmbF_MechanicNormal_Green @ <4433.527832, 8.279997, 12065.985352> ... Lifespan:  Set to 120 minutes.
[EOnDrop] Zombie Spawned [18] ZmbM_ConstrWorkerNormal_Grey @ <4425.747559, 8.279997, 12054.707031> ... Lifespan:  Set to 120 minutes.
[EOnDrop] Zombie Spawned [19] ZmbM_HandymanNormal_Beige @ <4469.082031, 8.279997, 12030.699219> ... Lifespan:  Set to 120 minutes.
[EOnDrop] Zombie Spawned [20] ZmbM_ConstrWorkerNormal_Grey @ <4425.427246, 8.279997, 12012.373047> ... Lifespan:  Set to 120 minutes.
[EOnDrop] Zombie Spawned [21] ZmbM_MechanicSkinny_Blue @ <4492.637695, 8.279997, 12069.896484> ... Lifespan:  Set to 120 minutes.
[EOnDrop] Zombie Spawned [22] ZmbM_HandymanNormal_White @ <4423.755371, 8.279997, 12044.681641> ... Lifespan:  Set to 120 minutes.
[EOnDrop] Zombie Spawned [23] ZmbM_HandymanNormal_Green @ <4444.273926, 8.279997, 12022.832031> ... Lifespan:  Set to 120 minutes.
[EOnDrop] Zombie Spawned [24] ZmbM_FishermanOld_Grey @ <4454.512695, 8.279997, 12034.135742> ... Lifespan:  Set to 120 minutes.
[EOnDrop] Zombie Spawned [25] ZmbM_ConstrWorkerNormal_Grey @ <4449.511719, 8.279997, 12022.824219> ... Lifespan:  Set to 120 minutes.
[EOnDrop] Zombie Spawned [26] ZmbM_ConstrWorkerNormal_Green @ <4503.328613, 8.279997, 12032.947266> ... Lifespan:  Set to 120 minutes.
[EOnDrop] Zombie Spawned [27] ZmbM_HandymanNormal_Beige @ <4485.576172, 8.279997, 12031.922852> ... Lifespan:  Set to 120 minutes.
[EOnDrop] Zombie Spawned [28] ZmbF_MechanicNormal_Grey @ <4430.555664, 8.279997, 12073.586914> ... Lifespan:  Set to 120 minutes.
[EOnDrop] Zombie Spawned [29] ZmbF_MechanicNormal_Grey @ <4471.563965, 8.278825, 11997.519531> ... Lifespan:  Set to 120 minutes.
[EOnDrop] Zombie Spawned [30] ZmbM_HandymanNormal_White @ <4425.935059, 8.279997, 12014.501953> ... Lifespan:  Set to 120 minutes.
[EOnDrop] Zombie Spawned [31] ZmbM_HeavyIndustryWorker @ <4455.251953, 8.279997, 12033.194336> ... Lifespan:  Set to 120 minutes.
[EOnDrop] Zombie Spawned [32] ZmbM_ConstrWorkerNormal_Beige @ <4464.651367, 8.279997, 12029.257813> ... Lifespan:  Set to 120 minutes.
[EOnDrop] Zombie Spawned [33] ZmbM_FishermanOld_Grey @ <4480.735840, 8.279997, 12067.954102> ... Lifespan:  Set to 120 minutes.
[EOnDrop] Zombie Spawned [34] ZmbM_FishermanOld_Green @ <4462.593750, 8.279997, 12040.345703> ... Lifespan:  Set to 120 minutes.
[EOnDrop] Zombie Spawned [35] ZmbF_MechanicNormal_Beige @ <4447.874512, 8.279997, 12035.182617> ... Lifespan:  Set to 120 minutes.
[EOnDrop] Zombie Spawned [36] ZmbM_FishermanOld_Green @ <4451.325195, 8.279997, 12037.687500> ... Lifespan:  Set to 120 minutes.
[EOnDrop] Zombie Spawned [37] ZmbF_BlueCollarFat_Green @ <4450.444824, 8.279997, 12039.092773> ... Lifespan:  Set to 120 minutes.
[EOnDrop] Zombie Spawned [38] ZmbM_MechanicSkinny_Grey @ <4498.321289, 8.279997, 12028.798828> ... Lifespan:  Set to 120 minutes.
[EOnDrop] Zombie Spawned [39] ZmbF_MechanicNormal_Grey @ <4441.737305, 8.279997, 12012.019531> ... Lifespan:  Set to 120 minutes.
[EOnDrop] Zombie Spawned [40] ZmbF_BlueCollarFat_Red @ <4472.228027, 8.279997, 12034.096680> ... Lifespan:  Set to 120 minutes.
[EOnDrop] Drop spawned with 40 infected at <4461.170410, 148.185104, 12034.128906>.
[EOnDrop] Supplies have been dropped near Woodworking Industrial.
[EOnBeforeDelete] Aircraft despawned @ <6110.683105, 152.000610, 17270.324219>
[~AirdropPlane] Aircraft destroyed.
