[AirdropPlane] Aircraft created on 2021-05-19 @ 20-44-38
[InitializeAircraft] Aircraft Initialized: Devil's Eye @ 6688/3428 (true)
[EOnBeforeDrop] The Aircraft is 1 Km from Devil's Eye. @ <8167.467285, 156.687347, 3185.557617>
[EOnDrop] Zombie Spawned [1] ZmbM_HermitSkinny_Green @ <6727.250977, 134.786362, 3445.399414> ... Lifespan:  Set to 120 minutes.
[EOnDrop] Zombie Spawned [2] ZmbM_MotobikerFat_Beige @ <6687.278809, 134.121567, 3391.603760> ... Lifespan:  Set to 120 minutes.
[EOnDrop] Zombie Spawned [3] ZmbM_HermitSkinny_Red @ <6715.496094, 130.056488, 3406.122314> ... Lifespan:  Set to 120 minutes.
[EOnDrop] Zombie Spawned [4] ZmbM_MotobikerFat_Black @ <6711.088867, 143.813431, 3456.558594> ... Lifespan:  Set to 120 minutes.
[EOnDrop] Zombie Spawned [5] ZmbF_HikerSkinny_Grey @ <6709.102539, 143.405807, 3449.090820> ... Lifespan:  Set to 120 minutes.
[EOnDrop] Zombie Spawned [6] ZmbM_HermitSkinny_Red @ <6672.711426, 136.030869, 3385.962402> ... Lifespan:  Set to 120 minutes.
[EOnDrop] Zombie Spawned [7] ZmbM_VillagerOld_Green @ <6659.888672, 154.717789, 3433.610352> ... Lifespan:  Set to 120 minutes.
[EOnDrop] Spawn failed for zombie [8] 'ZmbM_SurvivorDean_Blue', it does not exist in DayZ!
[EOnDrop] Zombie Spawned [9] ZmbF_HikerSkinny_Grey @ <6696.073242, 151.842926, 3469.050293> ... Lifespan:  Set to 120 minutes.
[EOnDrop] Zombie Spawned [10] ZmbM_HunterOld_Winter @ <6687.250977, 143.662781, 3416.111816> ... Lifespan:  Set to 120 minutes.
[EOnDrop] Zombie Spawned [11] ZmbF_VillagerOld_White @ <6707.577148, 143.503235, 3445.992188> ... Lifespan:  Set to 120 minutes.
[EOnDrop] Zombie Spawned [12] ZmbF_HikerSkinny_Green @ <6675.210449, -0.090000, 3474.080566> ... Lifespan:  Set to 120 minutes.
[EOnDrop] Zombie Spawned [13] ZmbF_VillagerOld_Red @ <6724.919434, 136.733414, 3450.541260> ... Lifespan:  Set to 120 minutes.
[EOnDrop] Spawn failed for zombie [14] 'ZmbM_SurvivorDean_Blue', it does not exist in DayZ!
[EOnDrop] Zombie Spawned [15] ZmbM_MotobikerFat_Black @ <6718.633301, 141.438309, 3462.373291> ... Lifespan:  Set to 120 minutes.
[EOnDrop] Zombie Spawned [16] ZmbF_MilkMaidOld_Grey @ <6682.704102, 142.316895, 3409.200439> ... Lifespan:  Set to 120 minutes.
[EOnDrop] Zombie Spawned [17] ZmbF_HikerSkinny_Grey @ <6729.247070, 134.780884, 3450.050781> ... Lifespan:  Set to 120 minutes.
[EOnDrop] Zombie Spawned [18] ZmbF_SurvivorNormal_Red @ <6674.169922, 146.056396, 3413.602295> ... Lifespan:  Set to 120 minutes.
[EOnDrop] Zombie Spawned [19] ZmbF_SurvivorNormal_Red @ <6711.477051, 129.026535, 3398.608643> ... Lifespan:  Set to 120 minutes.
[EOnDrop] Zombie Spawned [20] ZmbM_priestPopSkinny @ <6685.177734, 142.116669, 3410.672607> ... Lifespan:  Set to 120 minutes.
[EOnDrop] Zombie Spawned [21] ZmbM_HunterOld_Autumn @ <6705.540039, 140.043167, 3426.432129> ... Lifespan:  Set to 120 minutes.
[EOnDrop] Zombie Spawned [22] ZmbM_HermitSkinny_Beige @ <6685.563477, 145.467224, 3419.676025> ... Lifespan:  Set to 120 minutes.
[EOnDrop] Spawn failed for zombie [23] 'ZmbM_SurvivorDean_Black', it does not exist in DayZ!
[EOnDrop] Zombie Spawned [24] ZmbM_HunterOld_Spring @ <6678.281738, 113.373390, 3457.082031> ... Lifespan:  Set to 120 minutes.
[EOnDrop] Zombie Spawned [25] ZmbF_SurvivorNormal_Orange @ <6664.736328, -0.057554, 3465.297852> ... Lifespan:  Set to 120 minutes.
[EOnDrop] Zombie Spawned [26] ZmbM_MotobikerFat_Blue @ <6699.415039, 139.505692, 3415.920898> ... Lifespan:  Set to 120 minutes.
[EOnDrop] Zombie Spawned [27] ZmbM_FarmerFat_Green @ <6663.752930, -0.090000, 3455.393311> ... Lifespan:  Set to 120 minutes.
[EOnDrop] Zombie Spawned [28] ZmbF_MilkMaidOld_Black @ <6686.234375, 140.895630, 3408.372070> ... Lifespan:  Set to 120 minutes.
[EOnDrop] Zombie Spawned [29] ZmbM_HunterOld_Autumn @ <6706.519531, 139.087204, 3424.329590> ... Lifespan:  Set to 120 minutes.
[EOnDrop] Zombie Spawned [30] ZmbM_HermitSkinny_Green @ <6722.438965, 135.969498, 3440.628906> ... Lifespan:  Set to 120 minutes.
[EOnDrop] Zombie Spawned [31] ZmbM_HunterOld_Winter @ <6695.174805, 145.933411, 3433.143555> ... Lifespan:  Set to 120 minutes.
[EOnDrop] Zombie Spawned [32] ZmbF_VillagerOld_White @ <6723.939941, 132.654327, 3428.469727> ... Lifespan:  Set to 120 minutes.
[EOnDrop] Zombie Spawned [33] ZmbM_priestPopSkinny @ <6699.508301, 138.330414, 3412.303955> ... Lifespan:  Set to 120 minutes.
[EOnDrop] Zombie Spawned [34] ZmbF_HikerSkinny_Red @ <6688.964844, 144.217331, 3419.174072> ... Lifespan:  Set to 120 minutes.
[EOnDrop] Zombie Spawned [35] ZmbM_HunterOld_Winter @ <6722.056152, 136.048706, 3440.171387> ... Lifespan:  Set to 120 minutes.
[EOnDrop] Zombie Spawned [36] ZmbM_HermitSkinny_Green @ <6703.489258, 148.505753, 3466.382568> ... Lifespan:  Set to 120 minutes.
[EOnDrop] Zombie Spawned [37] ZmbM_FarmerFat_Blue @ <6679.069336, 150.889282, 3430.041992> ... Lifespan:  Set to 120 minutes.
[EOnDrop] Zombie Spawned [38] ZmbF_MilkMaidOld_Beige @ <6698.822754, 142.737350, 3426.331055> ... Lifespan:  Set to 120 minutes.
[EOnDrop] Zombie Spawned [39] ZmbF_VillagerOld_White @ <6693.872070, 142.014755, 3417.581787> ... Lifespan:  Set to 120 minutes.
[EOnDrop] Zombie Spawned [40] ZmbF_MilkMaidOld_Black @ <6710.427246, 133.050888, 3408.806396> ... Lifespan:  Set to 120 minutes.
[EOnDrop] Zombie Spawned [41] ZmbF_SurvivorNormal_Orange @ <6679.789063, 154.196533, 3450.027832> ... Lifespan:  Set to 120 minutes.
[EOnDrop] Zombie Spawned [42] ZmbF_SurvivorNormal_Orange @ <6695.596191, 142.976044, 3422.717285> ... Lifespan:  Set to 120 minutes.
[EOnDrop] Drop spawned with 42 infected at <6692.015625, 242.389938, 3427.177490>.
[EOnDrop] Supplies have been dropped near Devil's Eye.
[EOnBeforeDelete] Aircraft despawned @ <-1001.275208, 152.000610, 4686.567383>
[~AirdropPlane] Aircraft destroyed.
