[AirdropPlane] Aircraft created on 2021-05-15 @ 13-02-51
[InitializeAircraft] Aircraft Initialized: Woodworking Industrial @ 4477/12000 (true)
[EOnBeforeDrop] The Aircraft is 1 Km from Woodworking Industrial. @ <5752.112305, 330.030853, 12786.639648>
[EOnDrop] Zombie Spawned [1] ZmbM_HermitSkinny_Red @ <4505.031738, 8.280001, 12058.708984> ... Lifespan:  Set to 120 minutes.
[EOnDrop] Zombie Spawned [2] ZmbF_VillagerOld_Green @ <4547.939453, 8.280001, 12021.804688> ... Lifespan:  Set to 120 minutes.
[EOnDrop] Zombie Spawned [3] ZmbM_MotobikerFat_Beige @ <4557.505859, 8.280001, 12044.469727> ... Lifespan:  Set to 120 minutes.
[EOnDrop] Zombie Spawned [4] ZmbM_VillagerOld_Green @ <4561.668457, 8.280001, 12047.841797> ... Lifespan:  Set to 120 minutes.
[EOnDrop] Zombie Spawned [5] ZmbF_MilkMaidOld_Black @ <4551.825195, 8.280001, 12055.443359> ... Lifespan:  Set to 120 minutes.
[EOnDrop] Zombie Spawned [6] ZmbM_HermitSkinny_Green @ <4580.176758, 8.280001, 12055.411133> ... Lifespan:  Set to 120 minutes.
[EOnDrop] Zombie Spawned [7] ZmbF_SurvivorNormal_Red @ <4591.606445, 8.280001, 12036.208984> ... Lifespan:  Set to 120 minutes.
[EOnDrop] Zombie Spawned [8] ZmbM_HikerSkinny_Yellow @ <4538.001465, 8.280001, 12033.173828> ... Lifespan:  Set to 120 minutes.
[EOnDrop] Zombie Spawned [9] ZmbM_priestPopSkinny @ <4572.433105, 8.280001, 12040.984375> ... Lifespan:  Set to 120 minutes.
[EOnDrop] Zombie Spawned [10] ZmbM_HunterOld_Autumn @ <4566.071777, 8.280001, 12053.695313> ... Lifespan:  Set to 120 minutes.
[EOnDrop] Zombie Spawned [11] ZmbM_FarmerFat_Brown @ <4522.456055, 8.280001, 12036.490234> ... Lifespan:  Set to 120 minutes.
[EOnDrop] Zombie Spawned [12] ZmbM_HunterOld_Autumn @ <4523.295898, 8.280001, 12002.580078> ... Lifespan:  Set to 120 minutes.
[EOnDrop] Zombie Spawned [13] ZmbM_FarmerFat_Beige @ <4526.889648, 8.280001, 12013.090820> ... Lifespan:  Set to 120 minutes.
[EOnDrop] Zombie Spawned [14] ZmbM_HikerSkinny_Blue @ <4581.226074, 8.280001, 12045.831055> ... Lifespan:  Set to 120 minutes.
[EOnDrop] Zombie Spawned [15] ZmbF_VillagerOld_White @ <4522.362305, 8.280001, 11998.014648> ... Lifespan:  Set to 120 minutes.
[EOnDrop] Zombie Spawned [16] ZmbF_MilkMaidOld_Grey @ <4549.903809, 8.280001, 12038.352539> ... Lifespan:  Set to 120 minutes.
[EOnDrop] Zombie Spawned [17] ZmbF_VillagerOld_White @ <4529.097656, 8.280001, 12059.449219> ... Lifespan:  Set to 120 minutes.
[EOnDrop] Zombie Spawned [18] ZmbM_HermitSkinny_Beige @ <4542.777832, 8.280001, 12005.616211> ... Lifespan:  Set to 120 minutes.
[EOnDrop] Zombie Spawned [19] ZmbF_SurvivorNormal_White @ <4560.624023, 8.280001, 12012.277344> ... Lifespan:  Set to 120 minutes.
[EOnDrop] Zombie Spawned [20] ZmbF_MilkMaidOld_Green @ <4562.117676, 8.280001, 12007.148438> ... Lifespan:  Set to 120 minutes.
[EOnDrop] Zombie Spawned [21] ZmbM_MotobikerFat_Beige @ <4570.425293, 8.280000, 12006.773438> ... Lifespan:  Set to 120 minutes.
[EOnDrop] Zombie Spawned [22] ZmbF_HikerSkinny_Blue @ <4556.134277, 8.280001, 12038.613281> ... Lifespan:  Set to 120 minutes.
[EOnDrop] Zombie Spawned [23] ZmbM_VillagerOld_Blue @ <4570.972656, 8.280001, 12049.007813> ... Lifespan:  Set to 120 minutes.
[EOnDrop] Zombie Spawned [24] ZmbM_HermitSkinny_Red @ <4569.034668, 8.280001, 12017.410156> ... Lifespan:  Set to 120 minutes.
[EOnDrop] Zombie Spawned [25] ZmbM_FarmerFat_Green @ <4536.159668, 8.280001, 12042.791992> ... Lifespan:  Set to 120 minutes.
[EOnDrop] Zombie Spawned [26] ZmbF_MilkMaidOld_Grey @ <4535.543457, 8.280001, 12085.082031> ... Lifespan:  Set to 120 minutes.
[EOnDrop] Zombie Spawned [27] ZmbM_HikerSkinny_Blue @ <4567.162598, 8.280001, 12057.054688> ... Lifespan:  Set to 120 minutes.
[EOnDrop] Zombie Spawned [28] ZmbM_FarmerFat_Brown @ <4529.123047, 8.280001, 12047.099609> ... Lifespan:  Set to 120 minutes.
[EOnDrop] Zombie Spawned [29] ZmbM_FarmerFat_Green @ <4503.027344, 8.279999, 12046.114258> ... Lifespan:  Set to 120 minutes.
[EOnDrop] Zombie Spawned [30] ZmbM_MotobikerFat_Beige @ <4518.671387, 8.280001, 12047.922852> ... Lifespan:  Set to 120 minutes.
[EOnDrop] Zombie Spawned [31] ZmbF_SurvivorNormal_White @ <4540.661621, 8.280001, 12038.328125> ... Lifespan:  Set to 120 minutes.
[EOnDrop] Zombie Spawned [32] ZmbF_HikerSkinny_Grey @ <4572.480957, 8.280001, 12067.076172> ... Lifespan:  Set to 120 minutes.
[EOnDrop] Zombie Spawned [33] ZmbM_priestPopSkinny @ <4551.848145, 8.280001, 12039.334961> ... Lifespan:  Set to 120 minutes.
[EOnDrop] Zombie Spawned [34] ZmbF_VillagerOld_Red @ <4538.395508, 8.280001, 12046.847656> ... Lifespan:  Set to 120 minutes.
[EOnDrop] Zombie Spawned [35] ZmbM_HunterOld_Summer @ <4552.764160, 8.280001, 12072.336914> ... Lifespan:  Set to 120 minutes.
[EOnDrop] Zombie Spawned [36] ZmbM_priestPopSkinny @ <4535.252930, 8.280001, 12024.059570> ... Lifespan:  Set to 120 minutes.
[EOnDrop] Zombie Spawned [37] ZmbM_HikerSkinny_Yellow @ <4577.148926, 8.280001, 12037.777344> ... Lifespan:  Set to 120 minutes.
[EOnDrop] Zombie Spawned [38] ZmbF_VillagerOld_Green @ <4526.409668, 8.280001, 12072.321289> ... Lifespan:  Set to 120 minutes.
[EOnDrop] Zombie Spawned [39] ZmbM_HikerSkinny_Yellow @ <4530.039551, 8.280001, 12032.492188> ... Lifespan:  Set to 120 minutes.
[EOnDrop] Zombie Spawned [40] ZmbF_SurvivorNormal_White @ <4537.171387, 8.280001, 12063.333008> ... Lifespan:  Set to 120 minutes.
[EOnDrop] Zombie Spawned [41] ZmbM_HermitSkinny_Black @ <4584.009277, 8.280024, 12023.445313> ... Lifespan:  Set to 120 minutes.
[EOnDrop] Zombie Spawned [42] ZmbF_MilkMaidOld_Grey @ <4551.585938, 8.280001, 12040.141602> ... Lifespan:  Set to 120 minutes.
[EOnDrop] Zombie Spawned [43] ZmbM_MotobikerFat_Blue @ <4534.380859, 8.280001, 12011.035156> ... Lifespan:  Set to 120 minutes.
[EOnDrop] Zombie Spawned [44] ZmbM_HikerSkinny_Blue @ <4542.130859, 8.280001, 12015.245117> ... Lifespan:  Set to 120 minutes.
[EOnDrop] Zombie Spawned [45] ZmbF_VillagerOld_Green @ <4532.769043, 8.280001, 12053.260742> ... Lifespan:  Set to 120 minutes.
[EOnDrop] Zombie Spawned [46] ZmbM_HermitSkinny_Beige @ <4532.229492, 8.280001, 12043.219727> ... Lifespan:  Set to 120 minutes.
[EOnDrop] Zombie Spawned [47] ZmbF_SurvivorNormal_Blue @ <4566.130859, 8.280001, 11997.753906> ... Lifespan:  Set to 120 minutes.
[EOnDrop] Zombie Spawned [48] ZmbF_SurvivorNormal_Red @ <4540.333496, 8.280001, 12066.312500> ... Lifespan:  Set to 120 minutes.
[EOnDrop] Zombie Spawned [49] ZmbM_HermitSkinny_Red @ <4539.984375, 8.280001, 12048.225586> ... Lifespan:  Set to 120 minutes.
[EOnDrop] Zombie Spawned [50] ZmbF_MilkMaidOld_Green @ <4549.979980, 8.280001, 12039.404297> ... Lifespan:  Set to 120 minutes.
[EOnDrop] Drop spawned with 50 infected at <4545.176270, 155.356262, 12042.308594>.
[EOnDrop] Supplies have been dropped near Woodworking Industrial.
[EOnBeforeDelete] Aircraft despawned @ <-1001.594238, 152.000610, 8621.423828>
[~AirdropPlane] Aircraft destroyed.
