[InitializeContainer] Container created on 2021-05-22 @ 13-53-27
[InitializeContainer] Winds: Vector <8.547853, 0.000000, -4.433598>, Speed 9.62926mps, Strength 0.1
[AirdropContainerFall] Drop Type 'Misc. Tools', Container: 'RANDOM', Mode/Quantity/Iems: Random/20/50, Flare:  10%
[AirdropContainerFall] Loot Spawned [1] LugWrench @ <9086.606445, 5.141000, 9402.993164> ... Lifespan: Set to 120 minutes.
[AirdropContainerFall] Loot Spawned [2] Rangefinder @ <9090.871094, 5.141000, 9403.275391> ... Lifespan: Set to 120 minutes.
[AirdropContainerFall] Loot Spawned [3] Chemlight_Yellow @ <9077.104492, 5.141000, 9412.799805> ... Lifespan: Set to 120 minutes.
[AirdropContainerFall] Loot Spawned [4] LeatherSewingKit @ <9080.151367, 5.141000, 9419.603516> ... Lifespan: Set to 120 minutes.
[AirdropContainerFall] Loot Spawned [5] Lockpick @ <9095.541016, 5.141000, 9415.965820> ... Lifespan: Set to 120 minutes.
[AirdropContainerFall] Loot Spawned [6] Lockpick @ <9094.492188, 5.141000, 9407.032227> ... Lifespan: Set to 120 minutes.
[AirdropContainerFall] Loot Spawned [7] Chemlight_Yellow @ <9083.209961, 5.141000, 9421.082031> ... Lifespan: Set to 120 minutes.
[AirdropContainerFall] Loot Spawned [8] PersonalRadio @ <9096.243164, 5.141000, 9410.842773> ... Lifespan: Set to 120 minutes.
[AirdropContainerFall] Loot Spawned [9] Hatchet @ <9095.867188, 5.141000, 9414.982422> ... Lifespan: Set to 120 minutes.
[AirdropContainerFall] Loot Spawned [10] CableReel @ <9080.635742, 5.141000, 9419.504883> ... Lifespan: Set to 120 minutes.
[AirdropContainerFall] Loot Spawned [11] Flashlight @ <9092.456055, 5.141000, 9404.005859> ... Lifespan: Set to 120 minutes.
[AirdropContainerFall] Loot Spawned [12] FirefighterAxe @ <9077.041992, 5.141000, 9411.130859> ... Lifespan: Set to 120 minutes.
[AirdropContainerFall] Loot Spawned [13] Shovel @ <9094.849609, 5.141000, 9418.132813> ... Lifespan: Set to 120 minutes.
[AirdropContainerFall] Loot Spawned [14] BaseRadio @ <9078.996094, 5.141000, 9418.327148> ... Lifespan: Set to 120 minutes.
[AirdropContainerFall] Loot Spawned [15] SteakKnife @ <9088.093750, 5.141000, 9421.284180> ... Lifespan: Set to 120 minutes.
[AirdropContainerFall] Loot Spawned [16] Screwdriver @ <9096.252930, 5.141000, 9411.265625> ... Lifespan: Set to 120 minutes.
[AirdropContainerFall] Loot Spawned [17] Battery9V @ <9090.734375, 5.141000, 9403.119141> ... Lifespan: Set to 120 minutes.
[AirdropContainerFall] Loot Spawned [18] Heatpack @ <9080.387695, 5.141000, 9418.603516> ... Lifespan: Set to 120 minutes.
[AirdropContainerFall] Loot Spawned [19] Wrench @ <9093.738281, 5.141000, 9418.317383> ... Lifespan: Set to 120 minutes.
[AirdropContainerFall] Loot Spawned [20] Pliers @ <9095.742188, 5.141000, 9409.925781> ... Lifespan: Set to 120 minutes.
[AirdropContainerUnstuck] Container was unstuck.
[~AirdropContainerBase] Container Destroyed on 2021-05-22 @ 14-13-27
