[AirdropPlane] Aircraft created on 2021-05-15 @ 18-37-07
[InitializeAircraft] Aircraft Initialized: Airstrip @ 5496/3676 (true)
[EOnBeforeDrop] The Aircraft is 1 Km from Airstrip. @ <6761.147461, 186.750931, 2871.874512>
[EOnDrop] Zombie Spawned [1] ZmbM_PatrolNormal_Summer @ <5591.032715, 74.500000, 3609.721680> ... Lifespan:  Set to 120 minutes.
[EOnDrop] Zombie Spawned [2] ZmbM_PatrolNormal_Summer @ <5574.672363, 74.500000, 3598.828613> ... Lifespan:  Set to 120 minutes.
[EOnDrop] Zombie Spawned [3] ZmbM_PatrolNormal_Flat @ <5539.239258, 74.500000, 3636.946777> ... Lifespan:  Set to 120 minutes.
[EOnDrop] Zombie Spawned [4] ZmbM_SoldierNormal @ <5574.507324, 74.500000, 3665.638184> ... Lifespan:  Set to 120 minutes.
[EOnDrop] Zombie Spawned [5] ZmbM_PatrolNormal_PautRev @ <5593.071777, 74.500000, 3668.623047> ... Lifespan:  Set to 120 minutes.
[EOnDrop] Zombie Spawned [6] ZmbM_PatrolNormal_Autumn @ <5561.001953, 74.500000, 3667.658691> ... Lifespan:  Set to 120 minutes.
[EOnDrop] Zombie Spawned [7] ZmbM_PatrolNormal_Summer @ <5587.026367, 74.500000, 3653.048828> ... Lifespan:  Set to 120 minutes.
[EOnDrop] Zombie Spawned [8] ZmbM_PatrolNormal_PautRev @ <5559.434082, 74.500000, 3664.828369> ... Lifespan:  Set to 120 minutes.
[EOnDrop] Zombie Spawned [9] ZmbM_SoldierNormal @ <5576.575195, 74.500000, 3625.377197> ... Lifespan:  Set to 120 minutes.
[EOnDrop] Zombie Spawned [10] ZmbM_SoldierNormal @ <5529.144043, 74.500000, 3659.791992> ... Lifespan:  Set to 120 minutes.
[EOnDrop] Zombie Spawned [11] ZmbM_SoldierNormal @ <5563.487305, 74.500000, 3638.982666> ... Lifespan:  Set to 120 minutes.
[EOnDrop] Zombie Spawned [12] ZmbM_PatrolNormal_Summer @ <5551.143555, 74.500000, 3613.009521> ... Lifespan:  Set to 120 minutes.
[EOnDrop] Zombie Spawned [13] ZmbM_PatrolNormal_Flat @ <5568.235840, 74.500000, 3663.631592> ... Lifespan:  Set to 120 minutes.
[EOnDrop] Zombie Spawned [14] ZmbM_SoldierNormal @ <5584.588379, 74.500000, 3639.123535> ... Lifespan:  Set to 120 minutes.
[EOnDrop] Zombie Spawned [15] ZmbM_PatrolNormal_Flat @ <5564.480957, 74.500000, 3643.271729> ... Lifespan:  Set to 120 minutes.
[EOnDrop] Zombie Spawned [16] ZmbM_SoldierNormal @ <5570.814453, 74.500000, 3613.643311> ... Lifespan:  Set to 120 minutes.
[EOnDrop] Zombie Spawned [17] ZmbM_PatrolNormal_Autumn @ <5527.269043, 74.500000, 3615.136230> ... Lifespan:  Set to 120 minutes.
[EOnDrop] Zombie Spawned [18] ZmbM_PatrolNormal_Flat @ <5557.183594, 74.500000, 3612.536621> ... Lifespan:  Set to 120 minutes.
[EOnDrop] Zombie Spawned [19] ZmbM_PatrolNormal_Flat @ <5547.637695, 74.500000, 3621.214355> ... Lifespan:  Set to 120 minutes.
[EOnDrop] Zombie Spawned [20] ZmbM_SoldierNormal @ <5544.470703, 74.500000, 3620.722168> ... Lifespan:  Set to 120 minutes.
[EOnDrop] Zombie Spawned [21] ZmbM_PatrolNormal_Autumn @ <5542.102539, 74.500000, 3637.521484> ... Lifespan:  Set to 120 minutes.
[EOnDrop] Zombie Spawned [22] ZmbM_PatrolNormal_Flat @ <5592.613770, 74.500000, 3633.652100> ... Lifespan:  Set to 120 minutes.
[EOnDrop] Zombie Spawned [23] ZmbM_PatrolNormal_Summer @ <5561.198730, 74.500000, 3603.103760> ... Lifespan:  Set to 120 minutes.
[EOnDrop] Zombie Spawned [24] ZmbM_PatrolNormal_Summer @ <5591.310059, 74.500000, 3615.168701> ... Lifespan:  Set to 120 minutes.
[EOnDrop] Zombie Spawned [25] ZmbM_PatrolNormal_Flat @ <5590.787598, 74.500000, 3666.958008> ... Lifespan:  Set to 120 minutes.
[EOnDrop] Zombie Spawned [26] ZmbM_SoldierNormal @ <5520.648438, 74.500000, 3627.475586> ... Lifespan:  Set to 120 minutes.
[EOnDrop] Zombie Spawned [27] ZmbM_SoldierNormal @ <5556.676758, 74.500000, 3626.962646> ... Lifespan:  Set to 120 minutes.
[EOnDrop] Zombie Spawned [28] ZmbM_PatrolNormal_Summer @ <5542.723145, 74.500000, 3670.906982> ... Lifespan:  Set to 120 minutes.
[EOnDrop] Zombie Spawned [29] ZmbM_SoldierNormal @ <5584.694824, 74.500000, 3661.991455> ... Lifespan:  Set to 120 minutes.
[EOnDrop] Zombie Spawned [30] ZmbM_PatrolNormal_Summer @ <5565.947266, 74.500000, 3642.148682> ... Lifespan:  Set to 120 minutes.
[EOnDrop] Zombie Spawned [31] ZmbM_PatrolNormal_Summer @ <5564.875000, 74.500000, 3682.331055> ... Lifespan:  Set to 120 minutes.
[EOnDrop] Zombie Spawned [32] ZmbM_PatrolNormal_PautRev @ <5558.312012, 74.500000, 3612.538330> ... Lifespan:  Set to 120 minutes.
[EOnDrop] Zombie Spawned [33] ZmbM_PatrolNormal_Autumn @ <5596.450195, 74.500000, 3626.695557> ... Lifespan:  Set to 120 minutes.
[EOnDrop] Zombie Spawned [34] ZmbM_PatrolNormal_Autumn @ <5568.315430, 74.500000, 3663.391113> ... Lifespan:  Set to 120 minutes.
[EOnDrop] Zombie Spawned [35] ZmbM_PatrolNormal_Autumn @ <5517.062500, 74.500000, 3633.361084> ... Lifespan:  Set to 120 minutes.
[EOnDrop] Zombie Spawned [36] ZmbM_SoldierNormal @ <5567.270996, 74.500000, 3607.467529> ... Lifespan:  Set to 120 minutes.
[EOnDrop] Zombie Spawned [37] ZmbM_PatrolNormal_Flat @ <5542.954102, 74.500000, 3605.985596> ... Lifespan:  Set to 120 minutes.
[EOnDrop] Zombie Spawned [38] ZmbM_PatrolNormal_Flat @ <5549.371582, 74.500000, 3655.783691> ... Lifespan:  Set to 120 minutes.
[EOnDrop] Zombie Spawned [39] ZmbM_SoldierNormal @ <5535.335938, 74.500000, 3627.190674> ... Lifespan:  Set to 120 minutes.
[EOnDrop] Zombie Spawned [40] ZmbM_PatrolNormal_Flat @ <5583.383301, 74.500000, 3588.450928> ... Lifespan:  Set to 120 minutes.
[EOnDrop] Zombie Spawned [41] ZmbM_SoldierNormal @ <5551.155273, 74.500000, 3642.355957> ... Lifespan:  Set to 120 minutes.
[EOnDrop] Zombie Spawned [42] ZmbM_PatrolNormal_Summer @ <5563.355957, 74.500000, 3625.001953> ... Lifespan:  Set to 120 minutes.
[EOnDrop] Zombie Spawned [43] ZmbM_PatrolNormal_Autumn @ <5542.194824, 74.500000, 3627.857422> ... Lifespan:  Set to 120 minutes.
[EOnDrop] Zombie Spawned [44] ZmbM_PatrolNormal_Autumn @ <5561.480469, 74.500000, 3645.907227> ... Lifespan:  Set to 120 minutes.
[EOnDrop] Zombie Spawned [45] ZmbM_PatrolNormal_PautRev @ <5557.450684, 74.500000, 3656.391846> ... Lifespan:  Set to 120 minutes.
[EOnDrop] Zombie Spawned [46] ZmbM_SoldierNormal @ <5537.341797, 74.500000, 3631.423340> ... Lifespan:  Set to 120 minutes.
[EOnDrop] Zombie Spawned [47] ZmbM_PatrolNormal_Autumn @ <5558.308105, 74.500000, 3644.858643> ... Lifespan:  Set to 120 minutes.
[EOnDrop] Zombie Spawned [48] ZmbM_PatrolNormal_Flat @ <5554.761719, 74.500000, 3638.665527> ... Lifespan:  Set to 120 minutes.
[EOnDrop] Zombie Spawned [49] ZmbM_PatrolNormal_Autumn @ <5583.868652, 74.500000, 3591.828369> ... Lifespan:  Set to 120 minutes.
[EOnDrop] Zombie Spawned [50] ZmbM_PatrolNormal_Autumn @ <5548.837402, 74.500000, 3641.350342> ... Lifespan:  Set to 120 minutes.
[EOnDrop] Drop spawned with 50 infected at <5564.619141, 215.247803, 3632.534912>.
[EOnDrop] Supplies have been dropped near Airstrip.
[EOnBeforeDelete] Aircraft despawned @ <-1001.030945, 152.000610, 7807.210938>
[~AirdropPlane] Aircraft destroyed.
