[AirdropPlane] Aircraft created on 2021-05-15 @ 08-15-19
[InitializeAircraft] Aircraft Initialized: Stonington @ 6956/2438 (true)
[EOnBeforeDrop] The Aircraft is 1 Km from Stonington. @ <8375.574219, 160.822388, 1957.089966>
[EOnDrop] Zombie Spawned [1] ZmbF_BlueCollarFat_White @ <7021.777344, 42.652462, 2396.086670> ... Lifespan:  Set to 120 minutes.
[EOnDrop] Zombie Spawned [2] ZmbM_FirefighterNormal @ <7039.956055, 43.629951, 2423.495850> ... Lifespan:  Set to 120 minutes.
[EOnDrop] Zombie Spawned [3] ZmbM_HandymanNormal_Grey @ <7055.444336, 41.382957, 2378.515381> ... Lifespan:  Set to 120 minutes.
[EOnDrop] Zombie Spawned [4] ZmbM_FishermanOld_Blue @ <7033.482422, 42.258259, 2406.801758> ... Lifespan:  Set to 120 minutes.
[EOnDrop] Zombie Spawned [5] ZmbF_MechanicNormal_Green @ <7046.060547, 42.777782, 2415.845947> ... Lifespan:  Set to 120 minutes.
[EOnDrop] Zombie Spawned [6] ZmbF_BlueCollarFat_Green @ <7022.084961, 42.894028, 2384.438721> ... Lifespan:  Set to 120 minutes.
[EOnDrop] Zombie Spawned [7] ZmbF_MechanicNormal_Grey @ <7053.836914, 42.596050, 2407.960449> ... Lifespan:  Set to 120 minutes.
[EOnDrop] Zombie Spawned [8] ZmbF_BlueCollarFat_Red @ <7055.084473, 42.622799, 2408.049316> ... Lifespan:  Set to 120 minutes.
[EOnDrop] Zombie Spawned [9] ZmbF_BlueCollarFat_Red @ <7041.663574, 43.683743, 2426.707275> ... Lifespan:  Set to 120 minutes.
[EOnDrop] Zombie Spawned [10] ZmbF_BlueCollarFat_White @ <7042.541992, 42.093559, 2395.637207> ... Lifespan:  Set to 120 minutes.
[EOnDrop] Zombie Spawned [11] ZmbM_ConstrWorkerNormal_Beige @ <7073.533203, 40.607700, 2425.460449> ... Lifespan:  Set to 120 minutes.
[EOnDrop] Zombie Spawned [12] ZmbM_HandymanNormal_Grey @ <7041.063965, 42.729099, 2413.907471> ... Lifespan:  Set to 120 minutes.
[EOnDrop] Zombie Spawned [13] ZmbM_MechanicSkinny_Green @ <7004.690918, 42.599998, 2375.770020> ... Lifespan:  Set to 120 minutes.
[EOnDrop] Zombie Spawned [14] ZmbM_ConstrWorkerNormal_Green @ <7049.547852, 42.347523, 2390.345703> ... Lifespan:  Set to 120 minutes.
[EOnDrop] Zombie Spawned [15] ZmbF_BlueCollarFat_Green @ <7041.138672, 42.089779, 2400.852539> ... Lifespan:  Set to 120 minutes.
[EOnDrop] Zombie Spawned [16] ZmbM_FishermanOld_Grey @ <7032.228516, 42.835583, 2384.514160> ... Lifespan:  Set to 120 minutes.
[EOnDrop] Zombie Spawned [17] ZmbF_BlueCollarFat_Red @ <7004.685547, 42.603428, 2426.818604> ... Lifespan:  Set to 120 minutes.
[EOnDrop] Zombie Spawned [18] ZmbM_FishermanOld_Grey @ <7013.275879, 42.599998, 2401.081787> ... Lifespan:  Set to 120 minutes.
[EOnDrop] Zombie Spawned [19] ZmbM_OffshoreWorker_Orange @ <7011.876953, 42.618576, 2411.838135> ... Lifespan:  Set to 120 minutes.
[EOnDrop] Zombie Spawned [20] ZmbM_HandymanNormal_Grey @ <7019.596680, 42.732315, 2409.946533> ... Lifespan:  Set to 120 minutes.
[EOnDrop] Zombie Spawned [21] ZmbM_ConstrWorkerNormal_Black @ <7048.891602, 42.453266, 2385.431641> ... Lifespan:  Set to 120 minutes.
[EOnDrop] Zombie Spawned [22] ZmbM_HeavyIndustryWorker @ <7021.247559, 42.641346, 2408.649170> ... Lifespan:  Set to 120 minutes.
[EOnDrop] Zombie Spawned [23] ZmbM_HandymanNormal_White @ <6999.023438, 42.599998, 2390.263916> ... Lifespan:  Set to 120 minutes.
[EOnDrop] Zombie Spawned [24] ZmbF_BlueCollarFat_Red @ <7011.218262, 42.599998, 2406.111816> ... Lifespan:  Set to 120 minutes.
[EOnDrop] Zombie Spawned [25] ZmbM_HeavyIndustryWorker @ <7037.166016, 42.477734, 2385.002930> ... Lifespan:  Set to 120 minutes.
[EOnDrop] Zombie Spawned [26] ZmbM_FishermanOld_Green @ <7056.085449, 42.650650, 2428.919678> ... Lifespan:  Set to 120 minutes.
[EOnDrop] Zombie Spawned [27] ZmbM_FishermanOld_Blue @ <7026.968262, 44.159607, 2422.629883> ... Lifespan:  Set to 120 minutes.
[EOnDrop] Zombie Spawned [28] ZmbM_FishermanOld_Red @ <7056.262695, 42.442051, 2384.246826> ... Lifespan:  Set to 120 minutes.
[EOnDrop] Zombie Spawned [29] ZmbM_HandymanNormal_Grey @ <7044.983398, 40.679993, 2365.095215> ... Lifespan:  Set to 120 minutes.
[EOnDrop] Zombie Spawned [30] ZmbM_HeavyIndustryWorker @ <7010.392578, 42.599998, 2405.627930> ... Lifespan:  Set to 120 minutes.
[EOnDrop] Zombie Spawned [31] ZmbM_MechanicSkinny_Grey @ <7001.842285, 42.599998, 2374.084473> ... Lifespan:  Set to 120 minutes.
[EOnDrop] Zombie Spawned [32] ZmbF_BlueCollarFat_Red @ <6998.184570, 42.599998, 2399.691650> ... Lifespan:  Set to 120 minutes.
[EOnDrop] Zombie Spawned [33] ZmbM_FishermanOld_Grey @ <7035.269043, 44.434650, 2427.695801> ... Lifespan:  Set to 120 minutes.
[EOnDrop] Zombie Spawned [34] ZmbF_MechanicNormal_Orange @ <7032.312012, 45.185951, 2436.247559> ... Lifespan:  Set to 120 minutes.
[EOnDrop] Zombie Spawned [35] ZmbM_ConstrWorkerNormal_Black @ <7027.680664, 44.199974, 2422.888184> ... Lifespan:  Set to 120 minutes.
[EOnDrop] Zombie Spawned [36] ZmbM_MechanicSkinny_Blue @ <7046.150879, 42.401089, 2385.221924> ... Lifespan:  Set to 120 minutes.
[EOnDrop] Zombie Spawned [37] ZmbM_MechanicSkinny_Red @ <7011.610352, 44.043072, 2448.880371> ... Lifespan:  Set to 120 minutes.
[EOnDrop] Zombie Spawned [38] ZmbM_ConstrWorkerNormal_Grey @ <7041.990234, 42.593670, 2377.572510> ... Lifespan:  Set to 120 minutes.
[EOnDrop] Zombie Spawned [39] ZmbM_OffshoreWorker_Yellow @ <7058.983887, 41.913116, 2436.668945> ... Lifespan:  Set to 120 minutes.
[EOnDrop] Zombie Spawned [40] ZmbF_MechanicNormal_Green @ <7054.770508, 42.468826, 2437.868652> ... Lifespan:  Set to 120 minutes.
[EOnDrop] Drop spawned with 40 infected at <7032.620117, 181.364883, 2411.979004>.
[EOnDrop] Supplies have been dropped near Stonington.
[EOnBeforeDelete] Aircraft despawned @ <-1001.414917, 152.000610, 5133.675781>
[~AirdropPlane] Aircraft destroyed.
