[AirdropPlane] Aircraft created on 2021-05-17 @ 11-01-36
[InitializeAircraft] Aircraft Initialized: Airstrip @ 5496/3676 (true)
[EOnBeforeDrop] The Aircraft is 1 Km from Airstrip. @ <4256.936523, 157.329239, 2833.662598>
[EOnDrop] Zombie Spawned [1] ZmbM_PatrolNormal_Autumn @ <5394.265137, 74.500000, 3633.599854> ... Lifespan:  Set to 120 minutes.
[EOnDrop] Zombie Spawned [2] ZmbM_PatrolNormal_Flat @ <5435.443848, 74.500000, 3603.202881> ... Lifespan:  Set to 120 minutes.
[EOnDrop] Zombie Spawned [3] ZmbM_PatrolNormal_PautRev @ <5430.136719, 74.500000, 3600.701416> ... Lifespan:  Set to 120 minutes.
[EOnDrop] Zombie Spawned [4] ZmbM_PatrolNormal_PautRev @ <5398.434570, 74.500000, 3635.262695> ... Lifespan:  Set to 120 minutes.
[EOnDrop] Zombie Spawned [5] ZmbM_PatrolNormal_PautRev @ <5423.542969, 74.500000, 3645.900391> ... Lifespan:  Set to 120 minutes.
[EOnDrop] Zombie Spawned [6] ZmbM_PatrolNormal_Summer @ <5429.472656, 74.500000, 3615.609375> ... Lifespan:  Set to 120 minutes.
[EOnDrop] Zombie Spawned [7] ZmbM_PatrolNormal_PautRev @ <5406.710449, 74.500000, 3605.532471> ... Lifespan:  Set to 120 minutes.
[EOnDrop] Zombie Spawned [8] ZmbM_PatrolNormal_Flat @ <5483.198730, 74.500000, 3643.623535> ... Lifespan:  Set to 120 minutes.
[EOnDrop] Zombie Spawned [9] ZmbM_PatrolNormal_Summer @ <5465.126953, 74.500000, 3638.681641> ... Lifespan:  Set to 120 minutes.
[EOnDrop] Zombie Spawned [10] ZmbM_PatrolNormal_Summer @ <5441.251953, 74.500000, 3656.042480> ... Lifespan:  Set to 120 minutes.
[EOnDrop] Zombie Spawned [11] ZmbM_PatrolNormal_Autumn @ <5419.934082, 74.500000, 3621.356201> ... Lifespan:  Set to 120 minutes.
[EOnDrop] Zombie Spawned [12] ZmbM_PatrolNormal_Autumn @ <5426.861328, 74.500000, 3642.126221> ... Lifespan:  Set to 120 minutes.
[EOnDrop] Zombie Spawned [13] ZmbM_SoldierNormal @ <5474.272949, 74.500000, 3670.138916> ... Lifespan:  Set to 120 minutes.
[EOnDrop] Zombie Spawned [14] ZmbM_PatrolNormal_Flat @ <5436.554688, 74.500000, 3644.357422> ... Lifespan:  Set to 120 minutes.
[EOnDrop] Zombie Spawned [15] ZmbM_PatrolNormal_Autumn @ <5440.004395, 74.500000, 3626.844482> ... Lifespan:  Set to 120 minutes.
[EOnDrop] Zombie Spawned [16] ZmbM_PatrolNormal_PautRev @ <5433.537598, 74.500000, 3615.989258> ... Lifespan:  Set to 120 minutes.
[EOnDrop] Zombie Spawned [17] ZmbM_SoldierNormal @ <5455.630859, 74.500000, 3620.395508> ... Lifespan:  Set to 120 minutes.
[EOnDrop] Zombie Spawned [18] ZmbM_PatrolNormal_PautRev @ <5455.488770, 74.500000, 3657.955322> ... Lifespan:  Set to 120 minutes.
[EOnDrop] Zombie Spawned [19] ZmbM_PatrolNormal_Flat @ <5452.541016, 74.500000, 3638.565430> ... Lifespan:  Set to 120 minutes.
[EOnDrop] Zombie Spawned [20] ZmbM_PatrolNormal_Flat @ <5419.604980, 74.500000, 3613.115234> ... Lifespan:  Set to 120 minutes.
[EOnDrop] Zombie Spawned [21] ZmbM_PatrolNormal_Flat @ <5443.753418, 74.500000, 3618.388428> ... Lifespan:  Set to 120 minutes.
[EOnDrop] Zombie Spawned [22] ZmbM_SoldierNormal @ <5431.066406, 74.500000, 3642.075928> ... Lifespan:  Set to 120 minutes.
[EOnDrop] Zombie Spawned [23] ZmbM_PatrolNormal_Summer @ <5440.002930, 74.500000, 3687.333984> ... Lifespan:  Set to 120 minutes.
[EOnDrop] Zombie Spawned [24] ZmbM_SoldierNormal @ <5481.885254, 74.500000, 3650.333252> ... Lifespan:  Set to 120 minutes.
[EOnDrop] Zombie Spawned [25] ZmbM_PatrolNormal_Flat @ <5465.250977, 74.500000, 3621.038818> ... Lifespan:  Set to 120 minutes.
[EOnDrop] Zombie Spawned [26] ZmbM_PatrolNormal_Summer @ <5415.738770, 74.500000, 3669.012695> ... Lifespan:  Set to 120 minutes.
[EOnDrop] Zombie Spawned [27] ZmbM_PatrolNormal_Summer @ <5407.194824, 74.500000, 3648.908203> ... Lifespan:  Set to 120 minutes.
[EOnDrop] Zombie Spawned [28] ZmbM_PatrolNormal_Autumn @ <5443.022949, 74.500000, 3631.734863> ... Lifespan:  Set to 120 minutes.
[EOnDrop] Zombie Spawned [29] ZmbM_SoldierNormal @ <5448.512207, 74.500000, 3633.275391> ... Lifespan:  Set to 120 minutes.
[EOnDrop] Zombie Spawned [30] ZmbM_PatrolNormal_Summer @ <5449.963867, 74.500000, 3623.529785> ... Lifespan:  Set to 120 minutes.
[EOnDrop] Zombie Spawned [31] ZmbM_PatrolNormal_Flat @ <5448.419922, 74.500000, 3608.135986> ... Lifespan:  Set to 120 minutes.
[EOnDrop] Zombie Spawned [32] ZmbM_PatrolNormal_PautRev @ <5440.681152, 74.500000, 3645.786865> ... Lifespan:  Set to 120 minutes.
[EOnDrop] Zombie Spawned [33] ZmbM_PatrolNormal_Autumn @ <5424.292480, 74.500000, 3664.569092> ... Lifespan:  Set to 120 minutes.
[EOnDrop] Zombie Spawned [34] ZmbM_PatrolNormal_Flat @ <5434.698730, 74.500000, 3631.797607> ... Lifespan:  Set to 120 minutes.
[EOnDrop] Zombie Spawned [35] ZmbM_PatrolNormal_Summer @ <5447.457520, 74.500000, 3624.184082> ... Lifespan:  Set to 120 minutes.
[EOnDrop] Zombie Spawned [36] ZmbM_PatrolNormal_Summer @ <5424.247070, 74.500000, 3594.512207> ... Lifespan:  Set to 120 minutes.
[EOnDrop] Zombie Spawned [37] ZmbM_PatrolNormal_Flat @ <5396.283203, 74.500000, 3646.809814> ... Lifespan:  Set to 120 minutes.
[EOnDrop] Zombie Spawned [38] ZmbM_SoldierNormal @ <5416.053711, 74.500000, 3662.480225> ... Lifespan:  Set to 120 minutes.
[EOnDrop] Zombie Spawned [39] ZmbM_SoldierNormal @ <5405.528320, 74.500000, 3624.082275> ... Lifespan:  Set to 120 minutes.
[EOnDrop] Zombie Spawned [40] ZmbM_SoldierNormal @ <5419.156738, 74.500000, 3679.913574> ... Lifespan:  Set to 120 minutes.
[EOnDrop] Zombie Spawned [41] ZmbM_PatrolNormal_Summer @ <5436.424316, 74.500000, 3595.582031> ... Lifespan:  Set to 120 minutes.
[EOnDrop] Zombie Spawned [42] ZmbM_PatrolNormal_Summer @ <5434.573242, 74.500000, 3610.490479> ... Lifespan:  Set to 120 minutes.
[EOnDrop] Zombie Spawned [43] ZmbM_PatrolNormal_Summer @ <5424.741211, 74.500000, 3633.776855> ... Lifespan:  Set to 120 minutes.
[EOnDrop] Zombie Spawned [44] ZmbM_PatrolNormal_Summer @ <5436.119141, 74.500000, 3598.849609> ... Lifespan:  Set to 120 minutes.
[EOnDrop] Zombie Spawned [45] ZmbM_SoldierNormal @ <5425.489746, 74.500000, 3596.474854> ... Lifespan:  Set to 120 minutes.
[EOnDrop] Zombie Spawned [46] ZmbM_PatrolNormal_Summer @ <5417.438965, 74.500000, 3621.863281> ... Lifespan:  Set to 120 minutes.
[EOnDrop] Zombie Spawned [47] ZmbM_PatrolNormal_Summer @ <5482.581055, 74.500000, 3658.848389> ... Lifespan:  Set to 120 minutes.
[EOnDrop] Zombie Spawned [48] ZmbM_PatrolNormal_PautRev @ <5417.649902, 74.500000, 3666.534424> ... Lifespan:  Set to 120 minutes.
[EOnDrop] Zombie Spawned [49] ZmbM_PatrolNormal_Flat @ <5453.185059, 74.500000, 3661.307373> ... Lifespan:  Set to 120 minutes.
[EOnDrop] Zombie Spawned [50] ZmbM_PatrolNormal_Autumn @ <5450.717285, 74.500000, 3664.912354> ... Lifespan:  Set to 120 minutes.
[EOnDrop] Drop spawned with 50 infected at <5438.990723, 215.899048, 3637.437744>.
[EOnDrop] Supplies have been dropped near Airstrip.
[EOnBeforeDelete] Aircraft despawned @ <17270.287109, 152.000610, 11680.475586>
[~AirdropPlane] Aircraft destroyed.
