[InitializeContainer] Container created on 2021-05-16 @ 19-54-55
[InitializeContainer] Winds: Vector <6.955963, 0.000000, -5.745741>, Speed 9.02214mps, Strength 0.1
[AirdropContainerFall] Drop Type 'Misc. Tools', Container: 'RANDOM', Mode/Quantity/Iems: Random/20/50, Flare:  10%
[AirdropContainerFall] Loot Spawned [1] Chemlight_Yellow @ <9968.340820, -1.489942, 2411.151367> ... Lifespan: Set to 120 minutes.
[AirdropContainerFall] Loot Spawned [2] Machete @ <9967.899414, -1.591525, 2413.900635> ... Lifespan: Set to 120 minutes.
[AirdropContainerFall] Loot Spawned [3] LugWrench @ <9976.470703, -1.151391, 2406.556885> ... Lifespan: Set to 120 minutes.
[AirdropContainerFall] Loot Spawned [4] Flashlight @ <9970.370117, -1.379317, 2409.146729> ... Lifespan: Set to 120 minutes.
[AirdropContainerFall] Loot Spawned [5] Chemlight_Red @ <9979.105469, -1.820225, 2424.957275> ... Lifespan: Set to 120 minutes.
[AirdropContainerFall] Loot Spawned [6] BaseRadio @ <9973.698242, -1.845083, 2425.161621> ... Lifespan: Set to 120 minutes.
[AirdropContainerFall] Loot Spawned [7] Flashlight @ <9967.987305, -1.578385, 2413.516602> ... Lifespan: Set to 120 minutes.
[AirdropContainerFall] Loot Spawned [8] CombatKnife @ <9984.593750, -1.686333, 2420.792236> ... Lifespan: Set to 120 minutes.
[AirdropContainerFall] Loot Spawned [9] Heatpack @ <9985.478516, -1.265643, 2411.155273> ... Lifespan: Set to 120 minutes.
[AirdropContainerFall] Loot Spawned [10] CombatKnife @ <9968.731445, -1.797308, 2421.689697> ... Lifespan: Set to 120 minutes.
[AirdropContainerFall] Loot Spawned [11] FirefighterAxe @ <9969.195313, -1.804312, 2422.213867> ... Lifespan: Set to 120 minutes.
[AirdropContainerFall] Loot Spawned [12] ChernarusMap @ <9970.425781, -1.383101, 2409.262207> ... Lifespan: Set to 120 minutes.
[AirdropContainerFall] Loot Spawned [13] Binoculars @ <9970.941406, -1.358863, 2408.849609> ... Lifespan: Set to 120 minutes.
[AirdropContainerFall] Loot Spawned [14] ChernarusMap @ <9981.480469, -1.785085, 2423.763184> ... Lifespan: Set to 120 minutes.
[AirdropContainerFall] Loot Spawned [15] Chemlight_Red @ <9978.410156, -1.821018, 2424.803955> ... Lifespan: Set to 120 minutes.
[AirdropContainerFall] Loot Spawned [16] Hacksaw @ <9980.233398, -1.818418, 2425.176270> ... Lifespan: Set to 120 minutes.
[AirdropContainerFall] Loot Spawned [17] Pickaxe @ <9967.649414, -1.547475, 2412.487549> ... Lifespan: Set to 120 minutes.
[AirdropContainerFall] Loot Spawned [18] Chemlight_Blue @ <9976.048828, -1.850291, 2425.802002> ... Lifespan: Set to 120 minutes.
[AirdropContainerFall] Loot Spawned [19] Chemlight_Green @ <9968.237305, -1.510909, 2411.636719> ... Lifespan: Set to 120 minutes.
[AirdropContainerFall] Loot Spawned [20] Whetstone @ <9985.699219, -1.550879, 2417.189941> ... Lifespan: Set to 120 minutes.
[AirdropContainerUnstuck] Container was unstuck.
[~AirdropContainerBase] Container Destroyed on 2021-05-16 @ 20-14-55
