[AirdropPlane] Aircraft created on 2021-05-23 @ 15-04-10
[InitializeAircraft] Aircraft Initialized: RCFI @ 3700/8830 (true)
[EOnBeforeDrop] The Aircraft is 1 Km from RCFI. @ <2796.657959, 152.570358, 7634.791992>
[EOnDrop] Zombie Spawned [1] ZmbF_HikerSkinny_Green @ <3670.222412, 9.387230, 8775.296875> ... Lifespan:  Set to 120 minutes.
[EOnDrop] Zombie Spawned [2] ZmbF_MilkMaidOld_Beige @ <3672.809326, 11.603838, 8795.834961> ... Lifespan:  Set to 120 minutes.
[EOnDrop] Zombie Spawned [3] ZmbM_priestPopSkinny @ <3642.889404, 14.810159, 8806.198242> ... Lifespan:  Set to 120 minutes.
[EOnDrop] Zombie Spawned [4] ZmbM_VillagerOld_Blue @ <3660.982666, 13.198777, 8801.985352> ... Lifespan:  Set to 120 minutes.
[EOnDrop] Zombie Spawned [5] ZmbF_HikerSkinny_Blue @ <3651.806152, 13.456572, 8778.369141> ... Lifespan:  Set to 120 minutes.
[EOnDrop] Zombie Spawned [6] ZmbM_FarmerFat_Blue @ <3624.526855, 14.480000, 8766.328125> ... Lifespan:  Set to 120 minutes.
[EOnDrop] Zombie Spawned [7] ZmbF_VillagerOld_Blue @ <3646.895996, 12.629520, 8722.142578> ... Lifespan:  Set to 120 minutes.
[EOnDrop] Zombie Spawned [8] ZmbM_VillagerOld_Blue @ <3648.000488, 13.856057, 8756.821289> ... Lifespan:  Set to 120 minutes.
[EOnDrop] Spawn failed for zombie [9] 'ZmbM_SurvivorDean_Black', it does not exist in DayZ!
[EOnDrop] Zombie Spawned [10] ZmbF_VillagerOld_Blue @ <3665.695557, 9.426322, 8732.355469> ... Lifespan:  Set to 120 minutes.
[EOnDrop] Zombie Spawned [11] ZmbM_FarmerFat_Brown @ <3653.059082, 14.360679, 8799.536133> ... Lifespan:  Set to 120 minutes.
[EOnDrop] Zombie Spawned [12] ZmbM_VillagerOld_Blue @ <3674.443115, 9.485459, 8776.073242> ... Lifespan:  Set to 120 minutes.
[EOnDrop] Zombie Spawned [13] ZmbF_MilkMaidOld_Black @ <3661.598389, 11.954137, 8786.311523> ... Lifespan:  Set to 120 minutes.
[EOnDrop] Zombie Spawned [14] ZmbF_VillagerOld_Blue @ <3653.341064, 12.766539, 8757.076172> ... Lifespan:  Set to 120 minutes.
[EOnDrop] Zombie Spawned [15] ZmbF_SurvivorNormal_Red @ <3620.411621, 15.162333, 8793.283203> ... Lifespan:  Set to 120 minutes.
[EOnDrop] Zombie Spawned [16] ZmbM_HunterOld_Winter @ <3653.169678, 13.176208, 8778.552734> ... Lifespan:  Set to 120 minutes.
[EOnDrop] Zombie Spawned [17] ZmbF_SurvivorNormal_Red @ <3663.640625, 12.581328, 8805.246094> ... Lifespan:  Set to 120 minutes.
[EOnDrop] Zombie Spawned [18] ZmbM_HikerSkinny_Green @ <3642.643555, 14.480000, 8760.079102> ... Lifespan:  Set to 120 minutes.
[EOnDrop] Zombie Spawned [19] ZmbM_HikerSkinny_Yellow @ <3636.154297, 14.461098, 8722.630859> ... Lifespan:  Set to 120 minutes.
[EOnDrop] Zombie Spawned [20] ZmbF_VillagerOld_Green @ <3646.782471, 14.155116, 8778.468750> ... Lifespan:  Set to 120 minutes.
[EOnDrop] Zombie Spawned [21] ZmbF_VillagerOld_Red @ <3643.743164, 14.480000, 8761.406250> ... Lifespan:  Set to 120 minutes.
[EOnDrop] Zombie Spawned [22] ZmbM_VillagerOld_Blue @ <3642.511230, 14.480000, 8769.249023> ... Lifespan:  Set to 120 minutes.
[EOnDrop] Zombie Spawned [23] ZmbM_FarmerFat_Blue @ <3687.960938, 10.433066, 8744.871094> ... Lifespan:  Set to 120 minutes.
[EOnDrop] Zombie Spawned [24] ZmbF_HikerSkinny_Blue @ <3643.926025, 13.764608, 8725.790039> ... Lifespan:  Set to 120 minutes.
[EOnDrop] Zombie Spawned [25] ZmbM_HermitSkinny_Beige @ <3698.137451, 11.407599, 8751.071289> ... Lifespan:  Set to 120 minutes.
[EOnDrop] Zombie Spawned [26] ZmbM_HunterOld_Winter @ <3631.000244, 14.512118, 8789.923828> ... Lifespan:  Set to 120 minutes.
[EOnDrop] Zombie Spawned [27] ZmbM_VillagerOld_White @ <3664.534180, 12.365799, 8807.236328> ... Lifespan:  Set to 120 minutes.
[EOnDrop] Zombie Spawned [28] ZmbF_HikerSkinny_Green @ <3663.620605, 11.165970, 8785.077148> ... Lifespan:  Set to 120 minutes.
[EOnDrop] Zombie Spawned [29] ZmbM_FarmerFat_Green @ <3658.059814, 12.033183, 8745.581055> ... Lifespan:  Set to 120 minutes.
[EOnDrop] Zombie Spawned [30] ZmbM_HikerSkinny_Green @ <3655.711426, 12.891329, 8780.967773> ... Lifespan:  Set to 120 minutes.
[EOnDrop] Zombie Spawned [31] ZmbM_FarmerFat_Beige @ <3638.693604, 14.995975, 8807.149414> ... Lifespan:  Set to 120 minutes.
[EOnDrop] Zombie Spawned [32] ZmbM_HunterOld_Autumn @ <3688.864258, 10.473918, 8793.499023> ... Lifespan:  Set to 120 minutes.
[EOnDrop] Zombie Spawned [33] ZmbM_HunterOld_Winter @ <3653.388916, 11.879318, 8731.696289> ... Lifespan:  Set to 120 minutes.
[EOnDrop] Zombie Spawned [34] ZmbF_HikerSkinny_Red @ <3662.876465, 10.419712, 8777.103516> ... Lifespan:  Set to 120 minutes.
[EOnDrop] Zombie Spawned [35] ZmbM_HunterOld_Spring @ <3612.451172, 14.480000, 8751.686523> ... Lifespan:  Set to 120 minutes.
[EOnDrop] Zombie Spawned [36] ZmbF_VillagerOld_Blue @ <3617.621094, 14.799516, 8750.692383> ... Lifespan:  Set to 120 minutes.
[EOnDrop] Zombie Spawned [37] ZmbM_MotobikerFat_Black @ <3647.795898, 13.888285, 8749.916016> ... Lifespan:  Set to 120 minutes.
[EOnDrop] Spawn failed for zombie [38] 'ZmbM_SurvivorDean_Grey', it does not exist in DayZ!
[EOnDrop] Zombie Spawned [39] ZmbM_HunterOld_Autumn @ <3657.734619, 11.898866, 8777.109375> ... Lifespan:  Set to 120 minutes.
[EOnDrop] Zombie Spawned [40] ZmbF_MilkMaidOld_Beige @ <3674.632813, 11.205561, 8753.079102> ... Lifespan:  Set to 120 minutes.
[EOnDrop] Zombie Spawned [41] ZmbM_HunterOld_Winter @ <3665.927002, 8.922976, 8728.814453> ... Lifespan:  Set to 120 minutes.
[EOnDrop] Zombie Spawned [42] ZmbM_HermitSkinny_Beige @ <3685.362061, 10.636245, 8749.218750> ... Lifespan:  Set to 120 minutes.
[EOnDrop] Zombie Spawned [43] ZmbF_MilkMaidOld_Black @ <3699.647217, 10.640467, 8776.751953> ... Lifespan:  Set to 120 minutes.
[EOnDrop] Zombie Spawned [44] ZmbM_VillagerOld_Blue @ <3673.477783, 10.235012, 8745.092773> ... Lifespan:  Set to 120 minutes.
[EOnDrop] Zombie Spawned [45] ZmbF_HikerSkinny_Green @ <3647.215576, 13.271892, 8730.691406> ... Lifespan:  Set to 120 minutes.
[EOnDrop] Zombie Spawned [46] ZmbF_SurvivorNormal_Red @ <3665.441895, 10.383597, 8783.114258> ... Lifespan:  Set to 120 minutes.
[EOnDrop] Zombie Spawned [47] ZmbF_MilkMaidOld_Beige @ <3651.542236, 13.447179, 8777.692383> ... Lifespan:  Set to 120 minutes.
[EOnDrop] Zombie Spawned [48] ZmbF_MilkMaidOld_Black @ <3634.891602, 14.480000, 8735.183594> ... Lifespan:  Set to 120 minutes.
[EOnDrop] Zombie Spawned [49] ZmbM_HermitSkinny_Beige @ <3680.068604, 9.907504, 8740.625000> ... Lifespan:  Set to 120 minutes.
[EOnDrop] Zombie Spawned [50] ZmbM_FarmerFat_Green @ <3701.572998, 11.305718, 8769.495117> ... Lifespan:  Set to 120 minutes.
[EOnDrop] Drop spawned with 50 infected at <3654.212158, 154.289383, 8768.904297>.
[EOnDrop] Supplies have been dropped near RCFI.
[EOnBeforeDelete] Aircraft despawned @ <10081.002930, 152.000610, 17270.685547>
[~AirdropPlane] Aircraft destroyed.
