[InitializeContainer] Container created on 2021-05-16 @ 07-04-50
[InitializeContainer] Winds: Vector <9.013256, 0.000000, -3.913931>, Speed 9.82637mps, Strength 0.1
[AirdropContainerFall] Drop Type 'Misc. Food', Container: 'RANDOM', Mode/Quantity/Iems: Random/20/26, Flare:  20%
[AirdropContainerFall] Loot Spawned [1] BakedBeansCan @ <5419.771484, 74.000999, 3715.877441> ... Lifespan: Set to 120 minutes.
[AirdropContainerFall] Loot Spawned [2] SpaghettiCan @ <5424.026855, 74.000999, 3716.855957> ... Lifespan: Set to 120 minutes.
[AirdropContainerFall] Loot Spawned [3] SodaCan_Pipsi @ <5423.580078, 74.000999, 3715.412109> ... Lifespan: Set to 120 minutes.
[AirdropContainerFall] Loot Spawned [4] TunaCan @ <5421.928711, 74.000999, 3713.321289> ... Lifespan: Set to 120 minutes.
[AirdropContainerFall] Loot Spawned [5] PeachesCan @ <5420.399414, 74.000999, 3715.284424> ... Lifespan: Set to 120 minutes.
[AirdropContainerFall] Loot Spawned [6] SardinesCan @ <5420.489258, 74.000999, 3718.300781> ... Lifespan: Set to 120 minutes.
[AirdropContainerFall] Loot Spawned [7] BoxCerealCrunchin @ <5419.316895, 74.000999, 3716.977539> ... Lifespan: Set to 120 minutes.
[AirdropContainerFall] Loot Spawned [8] SodaCan_Cola @ <5419.899902, 74.000999, 3719.275391> ... Lifespan: Set to 120 minutes.
[AirdropContainerFall] Loot Spawned [9] Rice @ <5421.792480, 74.000999, 3719.475830> ... Lifespan: Set to 120 minutes.
[AirdropContainerFall] Loot Spawned [10] Rice @ <5419.805176, 74.000999, 3716.042969> ... Lifespan: Set to 120 minutes.
[AirdropContainerFall] Loot Spawned [11] Lard @ <5422.956055, 74.000999, 3715.368164> ... Lifespan: Set to 120 minutes.
[AirdropContainerFall] Loot Spawned [12] SambucusBerry @ <5420.415527, 74.000999, 3713.914307> ... Lifespan: Set to 120 minutes.
[AirdropContainerFall] Loot Spawned [13] WaterBottle @ <5421.699707, 74.000999, 3719.637695> ... Lifespan: Set to 120 minutes.
[AirdropContainerFall] Loot Spawned [14] GreenBellPepper @ <5421.111816, 74.000999, 3714.667236> ... Lifespan: Set to 120 minutes.
[AirdropContainerFall] Loot Spawned [15] WaterBottle @ <5423.332031, 74.000999, 3715.650391> ... Lifespan: Set to 120 minutes.
[AirdropContainerFall] Loot Spawned [16] WaterBottle @ <5422.014160, 74.000999, 3718.444824> ... Lifespan: Set to 120 minutes.
[AirdropContainerFall] Loot Spawned [17] Tomato @ <5423.262695, 74.000999, 3714.945313> ... Lifespan: Set to 120 minutes.
[AirdropContainerFall] Loot Spawned [18] Potato @ <5424.044434, 74.000999, 3719.210938> ... Lifespan: Set to 120 minutes.
[AirdropContainerFall] Loot Spawned [19] PeachesCan @ <5420.865234, 74.000999, 3719.353271> ... Lifespan: Set to 120 minutes.
[AirdropContainerFall] Loot Spawned [20] TunaCan @ <5420.806641, 74.000999, 3714.481445> ... Lifespan: Set to 120 minutes.
[AirdropContainerUnstuck] Container was unstuck.
[~AirdropContainerBase] Container Destroyed on 2021-05-16 @ 07-24-50
