[AirdropPlane] Aircraft created on 2021-05-19 @ 02-43-34
[InitializeAircraft] Aircraft Initialized: Waldoboro @ 9100/9493 (true)
[EOnBeforeDrop] The Aircraft is 1 Km from Waldoboro. @ <8657.497070, 298.803436, 10925.656250>
[EOnDrop] Zombie Spawned [1] ZmbM_CommercialPilotOld_Blue @ <9048.410156, 12.369865, 9586.668945> ... Lifespan:  Set to 120 minutes.
[EOnDrop] Zombie Spawned [2] ZmbM_PatrolNormal_Flat @ <9071.712891, 11.732508, 9583.491211> ... Lifespan:  Set to 120 minutes.
[EOnDrop] Zombie Spawned [3] ZmbF_ShortSkirt_beige @ <9069.580078, 12.165730, 9590.250977> ... Lifespan:  Set to 120 minutes.
[EOnDrop] Zombie Spawned [4] ZmbM_Jacket_stripes @ <9057.109375, 11.443378, 9574.018555> ... Lifespan:  Set to 120 minutes.
[EOnDrop] Zombie Spawned [5] ZmbF_PatientOld @ <9076.056641, 10.710415, 9568.611328> ... Lifespan:  Set to 120 minutes.
[EOnDrop] Zombie Spawned [6] ZmbM_SkaterYoung_Brown @ <9101.719727, 12.792632, 9604.696289> ... Lifespan:  Set to 120 minutes.
[EOnDrop] Zombie Spawned [7] ZmbM_CommercialPilotOld_Olive @ <9080.224609, 11.398433, 9579.865234> ... Lifespan:  Set to 120 minutes.
[EOnDrop] Zombie Spawned [8] ZmbF_JournalistNormal_Blue @ <9091.001953, 11.269914, 9579.443359> ... Lifespan:  Set to 120 minutes.
[EOnDrop] Zombie Spawned [9] ZmbM_JoggerSkinny_Red @ <9090.133789, 9.520837, 9554.647461> ... Lifespan:  Set to 120 minutes.
[EOnDrop] Zombie Spawned [10] ZmbF_Clerk_Normal_White @ <9080.956055, 13.623610, 9617.209961> ... Lifespan:  Set to 120 minutes.
[EOnDrop] Zombie Spawned [11] ZmbM_JoggerSkinny_Green @ <9101.042969, 8.810761, 9541.979492> ... Lifespan:  Set to 120 minutes.
[EOnDrop] Zombie Spawned [12] ZmbM_DoctorFat @ <9086.448242, 8.450588, 9537.186523> ... Lifespan:  Set to 120 minutes.
[EOnDrop] Zombie Spawned [13] ZmbM_PrisonerSkinny @ <9047.743164, 13.760765, 9612.804688> ... Lifespan:  Set to 120 minutes.
[EOnDrop] Zombie Spawned [14] ZmbM_CitizenASkinny_Blue @ <9068.748047, 11.144668, 9573.244141> ... Lifespan:  Set to 120 minutes.
[EOnDrop] Zombie Spawned [15] ZmbM_ClerkFat_Brown @ <9113.663086, 9.835491, 9570.523438> ... Lifespan:  Set to 120 minutes.
[EOnDrop] Zombie Spawned [16] ZmbF_ShortSkirt_beige @ <9070.681641, 11.573677, 9580.676758> ... Lifespan:  Set to 120 minutes.
[EOnDrop] Zombie Spawned [17] ZmbM_Jacket_grey @ <9061.117188, 12.443408, 9592.912109> ... Lifespan:  Set to 120 minutes.
[EOnDrop] Zombie Spawned [18] ZmbM_PatrolNormal_Flat @ <9080.149414, 9.866547, 9557.357422> ... Lifespan:  Set to 120 minutes.
[EOnDrop] Zombie Spawned [19] ZmbF_ShortSkirt_stripes @ <9073.361328, 13.580000, 9612.491211> ... Lifespan:  Set to 120 minutes.
[EOnDrop] Zombie Spawned [20] ZmbM_ClerkFat_Grey @ <9079.857422, 10.991187, 9573.529297> ... Lifespan:  Set to 120 minutes.
[EOnDrop] Zombie Spawned [21] ZmbF_ShortSkirt_yellow @ <9049.692383, 12.472468, 9589.210938> ... Lifespan:  Set to 120 minutes.
[EOnDrop] Zombie Spawned [22] ZmbF_JournalistNormal_Green @ <9070.877930, 12.575987, 9596.684570> ... Lifespan:  Set to 120 minutes.
[EOnDrop] Zombie Spawned [23] ZmbM_Jacket_black @ <9119.086914, 11.521708, 9582.480469> ... Lifespan:  Set to 120 minutes.
[EOnDrop] Zombie Spawned [24] ZmbF_ParamedicNormal_Blue @ <9053.947266, 10.807070, 9562.935547> ... Lifespan:  Set to 120 minutes.
[EOnDrop] Zombie Spawned [25] ZmbM_Jacket_blue @ <9071.053711, 10.562037, 9565.118164> ... Lifespan:  Set to 120 minutes.
[EOnDrop] Zombie Spawned [26] ZmbM_SkaterYoung_Green @ <9073.046875, 11.845196, 9585.681641> ... Lifespan:  Set to 120 minutes.
[EOnDrop] Zombie Spawned [27] ZmbM_Jacket_magenta @ <9066.152344, 13.548061, 9608.330078> ... Lifespan:  Set to 120 minutes.
[EOnDrop] Zombie Spawned [28] ZmbM_Jacket_blue @ <9049.959961, 14.113831, 9619.330078> ... Lifespan:  Set to 120 minutes.
[EOnDrop] Zombie Spawned [29] ZmbM_ParamedicNormal_Red @ <9112.540039, 12.310000, 9599.929688> ... Lifespan:  Set to 120 minutes.
[EOnDrop] Zombie Spawned [30] ZmbF_Clerk_Normal_Red @ <9101.750000, 11.661744, 9585.805664> ... Lifespan:  Set to 120 minutes.
[EOnDrop] Zombie Spawned [31] ZmbF_DoctorSkinny @ <9097.916016, 8.828516, 9542.900391> ... Lifespan:  Set to 120 minutes.
[EOnDrop] Zombie Spawned [32] ZmbM_PatrolNormal_Autumn @ <9076.527344, 12.276646, 9593.446289> ... Lifespan:  Set to 120 minutes.
[EOnDrop] Zombie Spawned [33] ZmbM_PatientSkinny @ <9058.168945, 13.695760, 9615.019531> ... Lifespan:  Set to 120 minutes.
[EOnDrop] Zombie Spawned [34] ZmbM_CitizenASkinny_Grey @ <9088.157227, 11.289928, 9579.423828> ... Lifespan:  Set to 120 minutes.
[EOnDrop] Zombie Spawned [35] ZmbM_CitizenASkinny_Brown @ <9049.358398, 12.577918, 9591.144531> ... Lifespan:  Set to 120 minutes.
[EOnDrop] Zombie Spawned [36] ZmbM_CommercialPilotOld_Grey @ <9059.057617, 11.161079, 9570.269531> ... Lifespan:  Set to 120 minutes.
[EOnDrop] Zombie Spawned [37] ZmbM_CitizenBFat_Blue @ <9081.307617, 11.429866, 9580.603516> ... Lifespan:  Set to 120 minutes.
[EOnDrop] Zombie Spawned [38] ZmbM_CitizenASkinny_Grey @ <9108.821289, 9.185122, 9547.131836> ... Lifespan:  Set to 120 minutes.
[EOnDrop] Zombie Spawned [39] ZmbM_PatrolNormal_Autumn @ <9070.135742, 8.162764, 9531.664063> ... Lifespan:  Set to 120 minutes.
[EOnDrop] Zombie Spawned [40] ZmbM_ClerkFat_Brown @ <9112.929688, 9.381634, 9552.000977> ... Lifespan:  Set to 120 minutes.
[EOnDrop] Drop spawned with 40 infected at <9074.250977, 160.182281, 9576.031250>.
[EOnDrop] Supplies have been dropped near Waldoboro.
[EOnBeforeDelete] Aircraft despawned @ <12341.100586, 152.000610, -1000.974976>
[~AirdropPlane] Aircraft destroyed.
