[InitializeContainer] Container created on 2021-05-25 @ 02-46-51
[InitializeContainer] Winds: Vector <10.669262, 0.000000, 6.723073>, Speed 12.6108mps, Strength 0.1
[AirdropContainerFall] Drop Type 'Military East', Container: 'RANDOM', Mode/Quantity/Iems: Random/20/28, Flare:  10%
[AirdropContainerFall] Loot Spawned [1] TacticalGloves_Black @ <7165.226563, 222.741013, 11618.365234> ... Lifespan: Set to 120 minutes.
[AirdropContainerFall] Loot Spawned [2] TTSKOPants @ <7168.210449, 222.741013, 11614.065430> ... Lifespan: Set to 120 minutes.
[AirdropContainerFall] Loot Spawned [3] AK_PlasticBttstck @ <7163.554688, 222.741013, 11614.981445> ... Lifespan: Set to 120 minutes.
[AirdropContainerFall] Loot Spawned [4] TTSKOPants @ <7164.538574, 222.741013, 11616.399414> ... Lifespan: Set to 120 minutes.
[AirdropContainerFall] Loot Spawned [5] GorkaPants_PautRev @ <7166.659668, 222.741013, 11615.530273> ... Lifespan: Set to 120 minutes.
[AirdropContainerFall] Loot Spawned [6] TacticalGoggles @ <7163.522949, 222.741013, 11613.176758> ... Lifespan: Set to 120 minutes.
[AirdropContainerFall] Loot Spawned [7] GorkaEJacket_PautRev @ <7167.352051, 222.741013, 11616.864258> ... Lifespan: Set to 120 minutes.
[AirdropContainerFall] Loot Spawned [8] AK_Bayonet @ <7165.068359, 222.741013, 11613.011719> ... Lifespan: Set to 120 minutes.
[AirdropContainerFall] Loot Spawned [9] TTsKOJacket_Camo @ <7165.289551, 222.741013, 11617.664063> ... Lifespan: Set to 120 minutes.
[AirdropContainerFall] Loot Spawned [10] AmmoBox_762x39_20Rnd @ <7162.499512, 222.741013, 11615.850586> ... Lifespan: Set to 120 minutes.
[AirdropContainerFall] Loot Spawned [11] GorkaPants_Flat @ <7167.265625, 222.741013, 11613.784180> ... Lifespan: Set to 120 minutes.
[AirdropContainerFall] Loot Spawned [12] CanOpener @ <7163.762207, 222.741013, 11615.714844> ... Lifespan: Set to 120 minutes.
[AirdropContainerFall] Loot Spawned [13] AK_RailHndgrd @ <7163.322754, 222.741013, 11617.317383> ... Lifespan: Set to 120 minutes.
[AirdropContainerFall] Loot Spawned [14] GorkaPants_Autumn @ <7163.117188, 222.741013, 11615.438477> ... Lifespan: Set to 120 minutes.
[AirdropContainerFall] Loot Spawned [15] TTsKOJacket_Camo @ <7162.713379, 222.741013, 11616.059570> ... Lifespan: Set to 120 minutes.
[AirdropContainerFall] Loot Spawned [16] GorkaEJacket_Flat @ <7164.646484, 222.741013, 11611.611328> ... Lifespan: Set to 120 minutes.
[AirdropContainerFall] Loot Spawned [17] UniversalLight @ <7165.338379, 222.741013, 11616.531250> ... Lifespan: Set to 120 minutes.
[AirdropContainerFall] Loot Spawned [18] AK_PlasticBttstck @ <7165.889648, 222.741013, 11617.991211> ... Lifespan: Set to 120 minutes.
[AirdropContainerFall] Loot Spawned [19] TacticalGloves_Beige @ <7162.914551, 222.741013, 11617.187500> ... Lifespan: Set to 120 minutes.
[AirdropContainerFall] Loot Spawned [20] AK_Suppressor @ <7168.213379, 222.741013, 11616.649414> ... Lifespan: Set to 120 minutes.
[AirdropContainerUnstuck] Container was unstuck.
