[InitializeContainer] Container created on 2021-05-22 @ 07-44-23
[InitializeContainer] Winds: Vector <0.110727, 0.000000, 15.479115>, Speed 15.4795mps, Strength 0.1
[AirdropContainerFall] Drop Type 'Military West', Container: 'RANDOM', Mode/Quantity/Iems: Random/20/40, Flare:  10%
[AirdropContainerFall] Loot Spawned [1] USMCPants_Desert @ <3625.988037, 13.981000, 8778.116211> ... Lifespan: Set to 120 minutes.
[AirdropContainerFall] Loot Spawned [2] PistolSuppressor @ <3627.090088, 13.981000, 8773.540039> ... Lifespan: Set to 120 minutes.
[AirdropContainerFall] Loot Spawned [3] USMCJacket_Woodland @ <3625.432617, 13.981000, 8778.132813> ... Lifespan: Set to 120 minutes.
[AirdropContainerFall] Loot Spawned [4] Canteen @ <3624.336670, 13.981000, 8777.175781> ... Lifespan: Set to 120 minutes.
[AirdropContainerFall] Loot Spawned [5] MilitaryBoots_Beige @ <3628.591797, 13.981000, 8773.369141> ... Lifespan: Set to 120 minutes.
[AirdropContainerFall] Loot Spawned [6] M4_CQBBttstck @ <3626.049316, 13.981000, 8776.387695> ... Lifespan: Set to 120 minutes.
[AirdropContainerFall] Loot Spawned [7] MilitaryBoots_Bluerock @ <3626.927734, 13.981000, 8778.960938> ... Lifespan: Set to 120 minutes.
[AirdropContainerFall] Loot Spawned [8] USMCPants_Desert @ <3629.492920, 13.981000, 8778.905273> ... Lifespan: Set to 120 minutes.
[AirdropContainerFall] Loot Spawned [9] M4_RISHndgrd @ <3625.919678, 13.981000, 8777.278320> ... Lifespan: Set to 120 minutes.
[AirdropContainerFall] Loot Spawned [10] M4_RISHndgrd @ <3627.953125, 13.981000, 8778.522461> ... Lifespan: Set to 120 minutes.
[AirdropContainerFall] Loot Spawned [11] Canteen @ <3628.020020, 13.981000, 8774.983398> ... Lifespan: Set to 120 minutes.
[AirdropContainerFall] Loot Spawned [12] UKAssVest_Black @ <3627.841309, 13.981000, 8778.492188> ... Lifespan: Set to 120 minutes.
[AirdropContainerFall] Loot Spawned [13] PistolSuppressor @ <3625.096436, 13.981000, 8778.677734> ... Lifespan: Set to 120 minutes.
[AirdropContainerFall] Loot Spawned [14] UKAssVest_Khaki @ <3625.127930, 13.981000, 8775.388672> ... Lifespan: Set to 120 minutes.
[AirdropContainerFall] Loot Spawned [15] M4_RISHndgrd @ <3626.170166, 13.981000, 8777.775391> ... Lifespan: Set to 120 minutes.
[AirdropContainerFall] Loot Spawned [16] M9A1_Bayonet @ <3628.173584, 13.981000, 8774.628906> ... Lifespan: Set to 120 minutes.
[AirdropContainerFall] Loot Spawned [17] MilitaryBoots_Brown @ <3626.899658, 13.981000, 8774.987305> ... Lifespan: Set to 120 minutes.
[AirdropContainerFall] Loot Spawned [18] Mag_FNX45_15Rnd @ <3624.856445, 13.981000, 8778.749023> ... Lifespan: Set to 120 minutes.
[AirdropContainerFall] Loot Spawned [19] UKAssVest_Camo @ <3627.837646, 13.981000, 8778.579102> ... Lifespan: Set to 120 minutes.
[AirdropContainerFall] Loot Spawned [20] PistolSuppressor @ <3625.990479, 13.981000, 8777.833008> ... Lifespan: Set to 120 minutes.
[AirdropContainerUnstuck] Container was unstuck.
[~AirdropContainerBase] Container Destroyed on 2021-05-22 @ 08-04-23
