[AirdropPlane] Aircraft created on 2021-05-18 @ 22-41-13
[InitializeAircraft] Aircraft Initialized: Airstrip @ 5496/3676 (true)
[EOnBeforeDrop] The Aircraft is 1 Km from Airstrip. @ <5582.656738, 188.906967, 2179.689941>
[EOnDrop] Zombie Spawned [1] ZmbM_PatrolNormal_Autumn @ <5499.406738, 74.500000, 3606.695801> ... Lifespan:  Set to 120 minutes.
[EOnDrop] Zombie Spawned [2] ZmbM_PatrolNormal_Flat @ <5479.364258, 74.500000, 3602.962402> ... Lifespan:  Set to 120 minutes.
[EOnDrop] Zombie Spawned [3] ZmbM_PatrolNormal_Summer @ <5505.645508, 74.500000, 3614.504150> ... Lifespan:  Set to 120 minutes.
[EOnDrop] Zombie Spawned [4] ZmbM_PatrolNormal_PautRev @ <5454.353027, 74.500000, 3598.608643> ... Lifespan:  Set to 120 minutes.
[EOnDrop] Zombie Spawned [5] ZmbM_PatrolNormal_PautRev @ <5481.434082, 74.500000, 3614.789795> ... Lifespan:  Set to 120 minutes.
[EOnDrop] Zombie Spawned [6] ZmbM_PatrolNormal_Summer @ <5478.041992, 74.500000, 3600.052002> ... Lifespan:  Set to 120 minutes.
[EOnDrop] Zombie Spawned [7] ZmbM_PatrolNormal_Autumn @ <5513.949707, 74.500000, 3579.945068> ... Lifespan:  Set to 120 minutes.
[EOnDrop] Zombie Spawned [8] ZmbM_PatrolNormal_Autumn @ <5516.693848, 74.500000, 3583.054932> ... Lifespan:  Set to 120 minutes.
[EOnDrop] Zombie Spawned [9] ZmbM_PatrolNormal_PautRev @ <5497.976563, 74.500000, 3606.265137> ... Lifespan:  Set to 120 minutes.
[EOnDrop] Zombie Spawned [10] ZmbM_PatrolNormal_Summer @ <5513.120605, 74.500000, 3595.446289> ... Lifespan:  Set to 120 minutes.
[EOnDrop] Zombie Spawned [11] ZmbM_SoldierNormal @ <5511.354492, 74.500000, 3582.717773> ... Lifespan:  Set to 120 minutes.
[EOnDrop] Zombie Spawned [12] ZmbM_PatrolNormal_Flat @ <5497.541504, 74.500000, 3625.028564> ... Lifespan:  Set to 120 minutes.
[EOnDrop] Zombie Spawned [13] ZmbM_SoldierNormal @ <5502.035645, 74.500000, 3611.299805> ... Lifespan:  Set to 120 minutes.
[EOnDrop] Zombie Spawned [14] ZmbM_PatrolNormal_Autumn @ <5531.449707, 74.500000, 3617.522217> ... Lifespan:  Set to 120 minutes.
[EOnDrop] Zombie Spawned [15] ZmbM_PatrolNormal_Autumn @ <5502.951660, 74.500000, 3584.301514> ... Lifespan:  Set to 120 minutes.
[EOnDrop] Zombie Spawned [16] ZmbM_SoldierNormal @ <5483.526367, 74.500000, 3626.850586> ... Lifespan:  Set to 120 minutes.
[EOnDrop] Zombie Spawned [17] ZmbM_PatrolNormal_Summer @ <5513.650391, 74.500000, 3553.633057> ... Lifespan:  Set to 120 minutes.
[EOnDrop] Zombie Spawned [18] ZmbM_PatrolNormal_Autumn @ <5501.846680, 74.500000, 3610.402344> ... Lifespan:  Set to 120 minutes.
[EOnDrop] Zombie Spawned [19] ZmbM_PatrolNormal_Flat @ <5510.549316, 74.500000, 3590.047119> ... Lifespan:  Set to 120 minutes.
[EOnDrop] Zombie Spawned [20] ZmbM_PatrolNormal_Summer @ <5486.856934, 74.500000, 3613.172363> ... Lifespan:  Set to 120 minutes.
[EOnDrop] Zombie Spawned [21] ZmbM_PatrolNormal_PautRev @ <5481.628906, 74.500000, 3588.229004> ... Lifespan:  Set to 120 minutes.
[EOnDrop] Zombie Spawned [22] ZmbM_PatrolNormal_Flat @ <5497.617188, 74.500000, 3588.868652> ... Lifespan:  Set to 120 minutes.
[EOnDrop] Zombie Spawned [23] ZmbM_PatrolNormal_PautRev @ <5504.475098, 74.500000, 3571.341797> ... Lifespan:  Set to 120 minutes.
[EOnDrop] Zombie Spawned [24] ZmbM_SoldierNormal @ <5516.839844, 74.500000, 3570.322510> ... Lifespan:  Set to 120 minutes.
[EOnDrop] Zombie Spawned [25] ZmbM_SoldierNormal @ <5499.778320, 74.500000, 3552.873535> ... Lifespan:  Set to 120 minutes.
[EOnDrop] Zombie Spawned [26] ZmbM_PatrolNormal_Autumn @ <5491.953613, 74.500000, 3617.051514> ... Lifespan:  Set to 120 minutes.
[EOnDrop] Zombie Spawned [27] ZmbM_PatrolNormal_Flat @ <5522.697266, 74.500000, 3577.329834> ... Lifespan:  Set to 120 minutes.
[EOnDrop] Zombie Spawned [28] ZmbM_SoldierNormal @ <5538.432129, 74.500000, 3615.484619> ... Lifespan:  Set to 120 minutes.
[EOnDrop] Zombie Spawned [29] ZmbM_PatrolNormal_Autumn @ <5500.738281, 74.500000, 3588.186035> ... Lifespan:  Set to 120 minutes.
[EOnDrop] Zombie Spawned [30] ZmbM_PatrolNormal_Flat @ <5529.363281, 74.500000, 3604.038818> ... Lifespan:  Set to 120 minutes.
[EOnDrop] Zombie Spawned [31] ZmbM_PatrolNormal_Summer @ <5499.245117, 74.500000, 3612.151367> ... Lifespan:  Set to 120 minutes.
[EOnDrop] Zombie Spawned [32] ZmbM_SoldierNormal @ <5506.419434, 74.500000, 3586.308594> ... Lifespan:  Set to 120 minutes.
[EOnDrop] Zombie Spawned [33] ZmbM_PatrolNormal_Flat @ <5505.195801, 74.500000, 3593.195557> ... Lifespan:  Set to 120 minutes.
[EOnDrop] Zombie Spawned [34] ZmbM_PatrolNormal_PautRev @ <5464.794922, 74.500000, 3572.304199> ... Lifespan:  Set to 120 minutes.
[EOnDrop] Zombie Spawned [35] ZmbM_PatrolNormal_Autumn @ <5529.798340, 74.500000, 3623.135742> ... Lifespan:  Set to 120 minutes.
[EOnDrop] Zombie Spawned [36] ZmbM_PatrolNormal_Flat @ <5525.947754, 74.500000, 3591.223877> ... Lifespan:  Set to 120 minutes.
[EOnDrop] Zombie Spawned [37] ZmbM_PatrolNormal_Autumn @ <5515.295410, 74.500000, 3589.374512> ... Lifespan:  Set to 120 minutes.
[EOnDrop] Zombie Spawned [38] ZmbM_PatrolNormal_Summer @ <5514.586426, 74.500000, 3610.259033> ... Lifespan:  Set to 120 minutes.
[EOnDrop] Zombie Spawned [39] ZmbM_PatrolNormal_Autumn @ <5493.005859, 74.500000, 3599.726807> ... Lifespan:  Set to 120 minutes.
[EOnDrop] Zombie Spawned [40] ZmbM_PatrolNormal_PautRev @ <5527.346680, 74.500000, 3600.968018> ... Lifespan:  Set to 120 minutes.
[EOnDrop] Zombie Spawned [41] ZmbM_PatrolNormal_Autumn @ <5500.238770, 74.500000, 3590.696533> ... Lifespan:  Set to 120 minutes.
[EOnDrop] Zombie Spawned [42] ZmbM_PatrolNormal_Summer @ <5496.827148, 74.500000, 3550.619385> ... Lifespan:  Set to 120 minutes.
[EOnDrop] Zombie Spawned [43] ZmbM_PatrolNormal_Autumn @ <5486.448242, 74.500000, 3561.372803> ... Lifespan:  Set to 120 minutes.
[EOnDrop] Zombie Spawned [44] ZmbM_PatrolNormal_Autumn @ <5538.307129, 74.500000, 3565.485352> ... Lifespan:  Set to 120 minutes.
[EOnDrop] Zombie Spawned [45] ZmbM_PatrolNormal_PautRev @ <5521.949219, 74.500000, 3595.497314> ... Lifespan:  Set to 120 minutes.
[EOnDrop] Zombie Spawned [46] ZmbM_SoldierNormal @ <5502.877930, 74.500000, 3635.725098> ... Lifespan:  Set to 120 minutes.
[EOnDrop] Zombie Spawned [47] ZmbM_SoldierNormal @ <5492.711426, 74.500000, 3613.097900> ... Lifespan:  Set to 120 minutes.
[EOnDrop] Zombie Spawned [48] ZmbM_PatrolNormal_Flat @ <5464.986328, 74.500000, 3622.022461> ... Lifespan:  Set to 120 minutes.
[EOnDrop] Zombie Spawned [49] ZmbM_PatrolNormal_Summer @ <5490.226074, 74.500000, 3586.475098> ... Lifespan:  Set to 120 minutes.
[EOnDrop] Zombie Spawned [50] ZmbM_PatrolNormal_PautRev @ <5497.430664, 74.500000, 3591.706787> ... Lifespan:  Set to 120 minutes.
[EOnDrop] Drop spawned with 50 infected at <5500.359863, 216.491379, 3597.244629>.
[EOnDrop] Supplies have been dropped near Airstrip.
[EOnBeforeDelete] Aircraft despawned @ <4706.463379, 152.000610, 17270.355469>
[~AirdropPlane] Aircraft destroyed.
