[AirdropPlane] Aircraft created on 2021-05-22 @ 11-03-28
[InitializeAircraft] Aircraft Initialized: Woodworking Industrial @ 4477/12000 (true)
[EOnBeforeDrop] The Aircraft is 1 Km from Woodworking Industrial. @ <3594.116455, 152.073502, 13212.578125>
[EOnDrop] Zombie Spawned [1] ZmbF_HikerSkinny_Blue @ <4369.724121, 8.279997, 12081.993164> ... Lifespan:  Set to 120 minutes.
[EOnDrop] Zombie Spawned [2] ZmbF_HikerSkinny_Blue @ <4385.789063, 8.279997, 12101.046875> ... Lifespan:  Set to 120 minutes.
[EOnDrop] Zombie Spawned [3] ZmbF_MilkMaidOld_Black @ <4461.692383, 8.279997, 12097.464844> ... Lifespan:  Set to 120 minutes.
[EOnDrop] Zombie Spawned [4] ZmbM_VillagerOld_White @ <4458.494141, 8.279997, 12081.241211> ... Lifespan:  Set to 120 minutes.
[EOnDrop] Zombie Spawned [5] ZmbF_MilkMaidOld_Black @ <4414.290527, 8.279997, 12080.865234> ... Lifespan:  Set to 120 minutes.
[EOnDrop] Zombie Spawned [6] ZmbM_MotobikerFat_Blue @ <4380.314453, 8.279997, 12089.061523> ... Lifespan:  Set to 120 minutes.
[EOnDrop] Zombie Spawned [7] ZmbM_FarmerFat_Beige @ <4408.434570, 8.279997, 12048.212891> ... Lifespan:  Set to 120 minutes.
[EOnDrop] Zombie Spawned [8] ZmbM_HunterOld_Autumn @ <4407.577148, 8.279997, 12076.755859> ... Lifespan:  Set to 120 minutes.
[EOnDrop] Zombie Spawned [9] ZmbF_VillagerOld_Blue @ <4431.828125, 8.279997, 12097.020508> ... Lifespan:  Set to 120 minutes.
[EOnDrop] Zombie Spawned [10] ZmbF_HikerSkinny_Blue @ <4399.810059, 8.279997, 12110.521484> ... Lifespan:  Set to 120 minutes.
[EOnDrop] Zombie Spawned [11] ZmbM_MotobikerFat_Beige @ <4451.653320, 8.279997, 12093.984375> ... Lifespan:  Set to 120 minutes.
[EOnDrop] Zombie Spawned [12] ZmbF_HikerSkinny_Red @ <4410.641113, 8.279997, 12066.291016> ... Lifespan:  Set to 120 minutes.
[EOnDrop] Zombie Spawned [13] ZmbF_SurvivorNormal_White @ <4406.703613, 8.279997, 12107.898438> ... Lifespan:  Set to 120 minutes.
[EOnDrop] Zombie Spawned [14] ZmbM_HunterOld_Winter @ <4410.195313, 8.279997, 12054.561523> ... Lifespan:  Set to 120 minutes.
[EOnDrop] Zombie Spawned [15] ZmbM_HermitSkinny_Red @ <4390.804199, 8.279997, 12073.043945> ... Lifespan:  Set to 120 minutes.
[EOnDrop] Zombie Spawned [16] ZmbM_VillagerOld_Green @ <4397.878418, 8.279997, 12035.418945> ... Lifespan:  Set to 120 minutes.
[EOnDrop] Zombie Spawned [17] ZmbF_HikerSkinny_Red @ <4453.773926, 8.279997, 12071.429688> ... Lifespan:  Set to 120 minutes.
[EOnDrop] Zombie Spawned [18] ZmbF_HikerSkinny_Blue @ <4444.208496, 8.279997, 12067.700195> ... Lifespan:  Set to 120 minutes.
[EOnDrop] Spawn failed for zombie [19] 'ZmbM_SurvivorDean_Grey', it does not exist in DayZ!
[EOnDrop] Spawn failed for zombie [20] 'ZmbM_SurvivorDean_Blue', it does not exist in DayZ!
[EOnDrop] Zombie Spawned [21] ZmbM_MotobikerFat_Blue @ <4399.692383, 8.279997, 12112.454102> ... Lifespan:  Set to 120 minutes.
[EOnDrop] Zombie Spawned [22] ZmbF_VillagerOld_White @ <4417.770020, 8.279997, 12102.626953> ... Lifespan:  Set to 120 minutes.
[EOnDrop] Zombie Spawned [23] ZmbM_MotobikerFat_Blue @ <4422.900879, 8.279997, 12067.803711> ... Lifespan:  Set to 120 minutes.
[EOnDrop] Zombie Spawned [24] ZmbM_HunterOld_Spring @ <4440.203125, 8.279997, 12063.418945> ... Lifespan:  Set to 120 minutes.
[EOnDrop] Zombie Spawned [25] ZmbF_SurvivorNormal_Red @ <4448.280273, 8.279997, 12048.968750> ... Lifespan:  Set to 120 minutes.
[EOnDrop] Zombie Spawned [26] ZmbF_SurvivorNormal_White @ <4428.485352, 8.279997, 12063.435547> ... Lifespan:  Set to 120 minutes.
[EOnDrop] Zombie Spawned [27] ZmbM_HermitSkinny_Black @ <4429.512695, 8.279997, 12099.900391> ... Lifespan:  Set to 120 minutes.
[EOnDrop] Spawn failed for zombie [28] 'ZmbM_SurvivorDean_Black', it does not exist in DayZ!
[EOnDrop] Zombie Spawned [29] ZmbM_MotobikerFat_Blue @ <4432.576660, 8.279997, 12037.177734> ... Lifespan:  Set to 120 minutes.
[EOnDrop] Zombie Spawned [30] ZmbM_HermitSkinny_Beige @ <4444.198730, 8.279997, 12060.512695> ... Lifespan:  Set to 120 minutes.
[EOnDrop] Zombie Spawned [31] ZmbF_MilkMaidOld_Grey @ <4441.812012, 8.279997, 12080.964844> ... Lifespan:  Set to 120 minutes.
[EOnDrop] Zombie Spawned [32] ZmbM_VillagerOld_Blue @ <4407.507813, 8.279997, 12088.070313> ... Lifespan:  Set to 120 minutes.
[EOnDrop] Zombie Spawned [33] ZmbM_HunterOld_Autumn @ <4431.593750, 8.279997, 12091.137695> ... Lifespan:  Set to 120 minutes.
[EOnDrop] Zombie Spawned [34] ZmbM_priestPopSkinny @ <4450.231934, 8.279997, 12039.648438> ... Lifespan:  Set to 120 minutes.
[EOnDrop] Zombie Spawned [35] ZmbM_HikerSkinny_Yellow @ <4423.543945, 8.279997, 12084.927734> ... Lifespan:  Set to 120 minutes.
[EOnDrop] Spawn failed for zombie [36] 'ZmbM_SurvivorDean_Blue', it does not exist in DayZ!
[EOnDrop] Zombie Spawned [37] ZmbF_MilkMaidOld_Green @ <4448.815918, 8.279997, 12083.088867> ... Lifespan:  Set to 120 minutes.
[EOnDrop] Zombie Spawned [38] ZmbM_HermitSkinny_Red @ <4430.570801, 8.279997, 12073.707031> ... Lifespan:  Set to 120 minutes.
[EOnDrop] Zombie Spawned [39] ZmbF_SurvivorNormal_White @ <4420.818359, 8.279997, 12070.647461> ... Lifespan:  Set to 120 minutes.
[EOnDrop] Zombie Spawned [40] ZmbF_SurvivorNormal_Red @ <4420.048340, 8.279997, 12111.598633> ... Lifespan:  Set to 120 minutes.
[EOnDrop] Zombie Spawned [41] ZmbM_FarmerFat_Blue @ <4423.182129, 8.279997, 12043.958008> ... Lifespan:  Set to 120 minutes.
[EOnDrop] Spawn failed for zombie [42] 'ZmbM_SurvivorDean_Black', it does not exist in DayZ!
[EOnDrop] Zombie Spawned [43] ZmbM_HunterOld_Summer @ <4435.200195, 8.279997, 12084.813477> ... Lifespan:  Set to 120 minutes.
[EOnDrop] Zombie Spawned [44] ZmbF_SurvivorNormal_Red @ <4449.519531, 8.279997, 12094.243164> ... Lifespan:  Set to 120 minutes.
[EOnDrop] Zombie Spawned [45] ZmbF_SurvivorNormal_Red @ <4436.092773, 8.279997, 12082.930664> ... Lifespan:  Set to 120 minutes.
[EOnDrop] Zombie Spawned [46] ZmbM_VillagerOld_Blue @ <4381.128418, 8.279997, 12099.765625> ... Lifespan:  Set to 120 minutes.
[EOnDrop] Zombie Spawned [47] ZmbF_SurvivorNormal_Orange @ <4437.542969, 8.279997, 12075.672852> ... Lifespan:  Set to 120 minutes.
[EOnDrop] Zombie Spawned [48] ZmbF_HikerSkinny_Green @ <4456.422363, 8.279997, 12088.484375> ... Lifespan:  Set to 120 minutes.
[EOnDrop] Zombie Spawned [49] ZmbF_MilkMaidOld_Beige @ <4428.790527, 8.279997, 12122.908203> ... Lifespan:  Set to 120 minutes.
[EOnDrop] Spawn failed for zombie [50] 'ZmbM_SurvivorDean_Grey', it does not exist in DayZ!
[EOnDrop] Drop spawned with 50 infected at <4419.091309, 145.675110, 12078.060547>.
[EOnDrop] Supplies have been dropped near Woodworking Industrial.
[EOnBeforeDelete] Aircraft despawned @ <13931.832031, 152.000610, -1001.201660>
[~AirdropPlane] Aircraft destroyed.
