[AirdropPlane] Aircraft created on 2021-05-14 @ 11-26-12
[InitializeAircraft] Aircraft Initialized: Woodworking Industrial @ 4485/12110 (true)
[EOnBeforeDrop] The Aircraft is 1 Km from Woodworking Industrial. @ <5892.536133, 465.165070, 12624.076172>
[EOnDrop] Zombie Spawned [1] ZmbM_OffshoreWorker_Orange @ <4564.770508, 8.280001, 12156.537109> ... Lifespan:  Set to 120 minutes.
[EOnDrop] Zombie Spawned [2] ZmbM_ConstrWorkerNormal_Beige @ <4544.196289, 8.280001, 12125.511719> ... Lifespan:  Set to 120 minutes.
[EOnDrop] Zombie Spawned [3] ZmbM_ConstrWorkerNormal_Beige @ <4564.029297, 8.280001, 12147.655273> ... Lifespan:  Set to 120 minutes.
[EOnDrop] Zombie Spawned [4] ZmbM_ConstrWorkerNormal_Black @ <4584.764648, 8.280001, 12150.768555> ... Lifespan:  Set to 120 minutes.
[EOnDrop] Zombie Spawned [5] ZmbM_FirefighterNormal @ <4587.151855, 8.280001, 12160.738281> ... Lifespan:  Set to 120 minutes.
[EOnDrop] Zombie Spawned [6] ZmbM_ConstrWorkerNormal_Beige @ <4527.777344, 8.280001, 12135.376953> ... Lifespan:  Set to 120 minutes.
[EOnDrop] Zombie Spawned [7] ZmbF_MechanicNormal_Grey @ <4604.462891, 8.280001, 12124.906250> ... Lifespan:  Set to 120 minutes.
[EOnDrop] Zombie Spawned [8] ZmbM_HandymanNormal_Grey @ <4542.169434, 8.280001, 12140.795898> ... Lifespan:  Set to 120 minutes.
[EOnDrop] Zombie Spawned [9] ZmbM_OffshoreWorker_Green @ <4543.233887, 8.279997, 12167.150391> ... Lifespan:  Set to 120 minutes.
[EOnDrop] Zombie Spawned [10] ZmbM_OffshoreWorker_Orange @ <4545.909668, 8.280001, 12125.147461> ... Lifespan:  Set to 120 minutes.
[EOnDrop] Zombie Spawned [11] ZmbM_HandymanNormal_Green @ <4533.765137, 8.280001, 12132.775391> ... Lifespan:  Set to 120 minutes.
[EOnDrop] Zombie Spawned [12] ZmbM_FirefighterNormal @ <4575.099609, 8.280001, 12142.055664> ... Lifespan:  Set to 120 minutes.
[EOnDrop] Zombie Spawned [13] ZmbM_FishermanOld_Red @ <4538.489746, 8.279997, 12176.323242> ... Lifespan:  Set to 120 minutes.
[EOnDrop] Zombie Spawned [14] ZmbF_MechanicNormal_Green @ <4534.846680, 8.279999, 12153.440430> ... Lifespan:  Set to 120 minutes.
[EOnDrop] Zombie Spawned [15] ZmbM_HandymanNormal_Beige @ <4574.833984, 8.280001, 12100.278320> ... Lifespan:  Set to 120 minutes.
[EOnDrop] Zombie Spawned [16] ZmbF_MechanicNormal_Beige @ <4545.147949, 8.280001, 12113.419922> ... Lifespan:  Set to 120 minutes.
[EOnDrop] Zombie Spawned [17] ZmbM_MechanicSkinny_Green @ <4544.580078, 8.279998, 12183.565430> ... Lifespan:  Set to 120 minutes.
[EOnDrop] Zombie Spawned [18] ZmbF_MechanicNormal_Beige @ <4591.439453, 8.280001, 12108.331055> ... Lifespan:  Set to 120 minutes.
[EOnDrop] Zombie Spawned [19] ZmbM_FishermanOld_Blue @ <4558.713867, 8.280001, 12136.014648> ... Lifespan:  Set to 120 minutes.
[EOnDrop] Zombie Spawned [20] ZmbM_ConstrWorkerNormal_Black @ <4559.631836, 8.280001, 12107.299805> ... Lifespan:  Set to 120 minutes.
[EOnDrop] Zombie Spawned [21] ZmbM_ConstrWorkerNormal_Grey @ <4582.407227, 8.280001, 12133.376953> ... Lifespan:  Set to 120 minutes.
[EOnDrop] Zombie Spawned [22] ZmbM_HandymanNormal_Beige @ <4535.910156, 8.280001, 12124.559570> ... Lifespan:  Set to 120 minutes.
[EOnDrop] Zombie Spawned [23] ZmbM_FishermanOld_Grey @ <4516.701660, 8.280001, 12133.713867> ... Lifespan:  Set to 120 minutes.
[EOnDrop] Zombie Spawned [24] ZmbF_BlueCollarFat_Red @ <4574.093750, 8.280001, 12132.603516> ... Lifespan:  Set to 120 minutes.
[EOnDrop] Zombie Spawned [25] ZmbM_HandymanNormal_Beige @ <4612.555176, 8.280001, 12130.437500> ... Lifespan:  Set to 120 minutes.
[EOnDrop] Zombie Spawned [26] ZmbM_MechanicSkinny_Green @ <4567.868164, 8.280001, 12108.389648> ... Lifespan:  Set to 120 minutes.
[EOnDrop] Zombie Spawned [27] ZmbM_HandymanNormal_Blue @ <4543.089355, 8.280001, 12101.518555> ... Lifespan:  Set to 120 minutes.
[EOnDrop] Zombie Spawned [28] ZmbM_HandymanNormal_Blue @ <4527.408203, 8.280001, 12123.857422> ... Lifespan:  Set to 120 minutes.
[EOnDrop] Zombie Spawned [29] ZmbF_BlueCollarFat_Red @ <4569.473633, 8.280001, 12135.369141> ... Lifespan:  Set to 120 minutes.
[EOnDrop] Zombie Spawned [30] ZmbM_OffshoreWorker_Red @ <4558.408203, 8.280001, 12107.180664> ... Lifespan:  Set to 120 minutes.
[EOnDrop] Zombie Spawned [31] ZmbM_HandymanNormal_Grey @ <4612.925781, 8.280001, 12154.075195> ... Lifespan:  Set to 120 minutes.
[EOnDrop] Zombie Spawned [32] ZmbF_BlueCollarFat_Red @ <4557.566406, 8.280001, 12135.108398> ... Lifespan:  Set to 120 minutes.
[EOnDrop] Zombie Spawned [33] ZmbM_HandymanNormal_Beige @ <4543.211426, 8.280001, 12155.507813> ... Lifespan:  Set to 120 minutes.
[EOnDrop] Zombie Spawned [34] ZmbM_OffshoreWorker_Red @ <4535.465332, 8.280001, 12146.200195> ... Lifespan:  Set to 120 minutes.
[EOnDrop] Zombie Spawned [35] ZmbM_FishermanOld_Grey @ <4543.954590, 8.279997, 12165.342773> ... Lifespan:  Set to 120 minutes.
[EOnDrop] Zombie Spawned [36] ZmbM_OffshoreWorker_Orange @ <4571.936035, 8.280001, 12125.092773> ... Lifespan:  Set to 120 minutes.
[EOnDrop] Zombie Spawned [37] ZmbM_ConstrWorkerNormal_Black @ <4547.785645, 8.280001, 12167.368164> ... Lifespan:  Set to 120 minutes.
[EOnDrop] Zombie Spawned [38] ZmbM_MechanicSkinny_Red @ <4554.628906, 8.280001, 12146.690430> ... Lifespan:  Set to 120 minutes.
[EOnDrop] Zombie Spawned [39] ZmbF_MechanicNormal_Orange @ <4544.034668, 8.280001, 12130.356445> ... Lifespan:  Set to 120 minutes.
[EOnDrop] Zombie Spawned [40] ZmbM_MechanicSkinny_Grey @ <4578.098633, 8.280001, 12117.747070> ... Lifespan:  Set to 120 minutes.
[EOnDrop] Drop spawned with 40 infected at <4566.143555, 157.831421, 12139.412109>.
[EOnDrop] Supplies have been dropped near Woodworking Industrial.
[EOnBeforeDelete] Aircraft despawned @ <-1000.292542, 152.000610, 10105.412109>
[~AirdropPlane] Aircraft destroyed.
