[InitializeContainer] Container created on 2021-05-16 @ 05-24-27
[InitializeContainer] Winds: Vector <-2.914007, 0.000000, -1.273029>, Speed 3.17994mps, Strength 0.1
[AirdropContainerFall] Drop Type 'Military West', Container: 'RANDOM', Mode/Quantity/Iems: Random/20/40, Flare:  10%
[AirdropContainerFall] Loot Spawned [1] AmmoBox_556x45_20Rnd @ <6688.000488, 146.195282, 3425.738037> ... Lifespan: Set to 120 minutes.
[AirdropContainerFall] Loot Spawned [2] PistolSuppressor @ <6692.735840, 144.539307, 3426.069336> ... Lifespan: Set to 120 minutes.
[AirdropContainerFall] Loot Spawned [3] Binoculars @ <6692.324707, 145.342499, 3428.377441> ... Lifespan: Set to 120 minutes.
[AirdropContainerFall] Loot Spawned [4] TacticalGloves_Beige @ <6691.107910, 145.128448, 3425.959473> ... Lifespan: Set to 120 minutes.
[AirdropContainerFall] Loot Spawned [5] M4_T3NrdSOptic @ <6687.703125, 146.577805, 3426.641113> ... Lifespan: Set to 120 minutes.
[AirdropContainerFall] Loot Spawned [6] TacticalGloves_Green @ <6690.535645, 144.912399, 3424.513428> ... Lifespan: Set to 120 minutes.
[AirdropContainerFall] Loot Spawned [7] MilitaryBoots_Bluerock @ <6691.078613, 144.650787, 3424.293945> ... Lifespan: Set to 120 minutes.
[AirdropContainerFall] Loot Spawned [8] PistolSuppressor @ <6691.069336, 145.033936, 3425.576416> ... Lifespan: Set to 120 minutes.
[AirdropContainerFall] Loot Spawned [9] M9A1_Bayonet @ <6687.031250, 147.543152, 3429.120361> ... Lifespan: Set to 120 minutes.
[AirdropContainerFall] Loot Spawned [10] M4_RISHndgrd @ <6692.750488, 144.913223, 3427.405029> ... Lifespan: Set to 120 minutes.
[AirdropContainerFall] Loot Spawned [11] Binoculars @ <6692.455078, 145.037735, 3427.441406> ... Lifespan: Set to 120 minutes.
[AirdropContainerFall] Loot Spawned [12] MilitaryBoots_Bluerock @ <6691.810547, 145.075546, 3426.710693> ... Lifespan: Set to 120 minutes.
[AirdropContainerFall] Loot Spawned [13] TacticalGloves_Beige @ <6687.432617, 146.578568, 3426.333496> ... Lifespan: Set to 120 minutes.
[AirdropContainerFall] Loot Spawned [14] Canteen @ <6688.877930, 146.830078, 3429.048828> ... Lifespan: Set to 120 minutes.
[AirdropContainerFall] Loot Spawned [15] USMCPants_Desert @ <6687.125977, 146.693878, 3426.356934> ... Lifespan: Set to 120 minutes.
[AirdropContainerFall] Loot Spawned [16] M4A1 @ <6690.286621, 146.616791, 3430.287354> ... Lifespan: Set to 120 minutes.
[AirdropContainerFall] Loot Spawned [17] AmmoBox_45ACP_25Rnd @ <6687.443848, 146.938278, 3427.516113> ... Lifespan: Set to 120 minutes.
[AirdropContainerFall] Loot Spawned [18] M9A1_Bayonet @ <6691.761719, 145.915985, 3429.747803> ... Lifespan: Set to 120 minutes.
[AirdropContainerFall] Loot Spawned [19] M9A1_Bayonet @ <6689.713867, 144.981689, 3423.790283> ... Lifespan: Set to 120 minutes.
[AirdropContainerFall] Loot Spawned [20] UniversalLight @ <6689.871582, 146.683304, 3429.936523> ... Lifespan: Set to 120 minutes.
[AirdropContainerUnstuck] Container was unstuck.
[~AirdropContainerBase] Container Destroyed on 2021-05-16 @ 05-44-27
