[AirdropPlane] Aircraft created on 2021-05-14 @ 20-17-12
[InitializeAircraft] Aircraft Initialized: Stonington @ 6956/2438 (true)
[EOnBeforeDrop] The Aircraft is 1 Km from Stonington. @ <5684.154297, 226.087891, 3231.772461>
[EOnDrop] Zombie Spawned [1] ZmbF_MechanicNormal_Beige @ <6848.495117, 33.855358, 2477.583984> ... Lifespan:  Set to 120 minutes.
[EOnDrop] Zombie Spawned [2] ZmbM_MechanicSkinny_Grey @ <6920.032227, 42.599998, 2466.131592> ... Lifespan:  Set to 120 minutes.
[EOnDrop] Zombie Spawned [3] ZmbF_MechanicNormal_Beige @ <6901.877441, 42.599998, 2485.441895> ... Lifespan:  Set to 120 minutes.
[EOnDrop] Zombie Spawned [4] ZmbM_FishermanOld_Blue @ <6889.046875, 42.599998, 2486.078857> ... Lifespan:  Set to 120 minutes.
[EOnDrop] Zombie Spawned [5] ZmbM_MechanicSkinny_Red @ <6865.024414, 33.799999, 2472.308350> ... Lifespan:  Set to 120 minutes.
[EOnDrop] Zombie Spawned [6] ZmbF_MechanicNormal_Green @ <6905.787598, 42.599998, 2466.150391> ... Lifespan:  Set to 120 minutes.
[EOnDrop] Zombie Spawned [7] ZmbM_OffshoreWorker_Orange @ <6875.576660, 33.799999, 2486.016357> ... Lifespan:  Set to 120 minutes.
[EOnDrop] Zombie Spawned [8] ZmbF_BlueCollarFat_Green @ <6843.713379, 35.191509, 2481.871582> ... Lifespan:  Set to 120 minutes.
[EOnDrop] Zombie Spawned [9] ZmbF_BlueCollarFat_White @ <6870.142090, 33.799999, 2502.528076> ... Lifespan:  Set to 120 minutes.
[EOnDrop] Zombie Spawned [10] ZmbM_ConstrWorkerNormal_Green @ <6898.041992, 42.599998, 2492.268799> ... Lifespan:  Set to 120 minutes.
[EOnDrop] Zombie Spawned [11] ZmbF_BlueCollarFat_Red @ <6875.709473, 34.220001, 2454.114014> ... Lifespan:  Set to 120 minutes.
[EOnDrop] Zombie Spawned [12] ZmbM_ConstrWorkerNormal_Black @ <6910.728027, 42.599998, 2497.926514> ... Lifespan:  Set to 120 minutes.
[EOnDrop] Zombie Spawned [13] ZmbM_OffshoreWorker_Red @ <6905.740234, 42.599998, 2458.745361> ... Lifespan:  Set to 120 minutes.
[EOnDrop] Zombie Spawned [14] ZmbF_BlueCollarFat_Green @ <6851.713379, 34.039009, 2500.244385> ... Lifespan:  Set to 120 minutes.
[EOnDrop] Zombie Spawned [15] ZmbM_MechanicSkinny_Blue @ <6884.945313, 42.599998, 2457.900879> ... Lifespan:  Set to 120 minutes.
[EOnDrop] Zombie Spawned [16] ZmbM_ConstrWorkerNormal_Black @ <6886.209473, 42.599998, 2506.050049> ... Lifespan:  Set to 120 minutes.
[EOnDrop] Zombie Spawned [17] ZmbM_HandymanNormal_Grey @ <6863.826660, 33.799999, 2510.597412> ... Lifespan:  Set to 120 minutes.
[EOnDrop] Zombie Spawned [18] ZmbM_MechanicSkinny_Grey @ <6843.076172, 34.220001, 2467.302002> ... Lifespan:  Set to 120 minutes.
[EOnDrop] Zombie Spawned [19] ZmbM_HeavyIndustryWorker @ <6855.065430, 33.742397, 2474.965332> ... Lifespan:  Set to 120 minutes.
[EOnDrop] Zombie Spawned [20] ZmbM_ConstrWorkerNormal_Grey @ <6912.499023, 42.599998, 2478.509521> ... Lifespan:  Set to 120 minutes.
[EOnDrop] Zombie Spawned [21] ZmbM_MechanicSkinny_Red @ <6896.338867, 42.599998, 2470.844482> ... Lifespan:  Set to 120 minutes.
[EOnDrop] Zombie Spawned [22] ZmbM_OffshoreWorker_Orange @ <6884.218750, 40.579979, 2470.176514> ... Lifespan:  Set to 120 minutes.
[EOnDrop] Zombie Spawned [23] ZmbM_FishermanOld_Green @ <6862.975098, 34.220001, 2445.010254> ... Lifespan:  Set to 120 minutes.
[EOnDrop] Zombie Spawned [24] ZmbM_FishermanOld_Red @ <6856.964355, 34.220001, 2445.336914> ... Lifespan:  Set to 120 minutes.
[EOnDrop] Zombie Spawned [25] ZmbM_HandymanNormal_Beige @ <6900.534668, 42.599998, 2480.976807> ... Lifespan:  Set to 120 minutes.
[EOnDrop] Zombie Spawned [26] ZmbM_FishermanOld_Red @ <6869.209473, 33.799999, 2511.131348> ... Lifespan:  Set to 120 minutes.
[EOnDrop] Zombie Spawned [27] ZmbM_OffshoreWorker_Yellow @ <6899.010254, 42.599998, 2483.864258> ... Lifespan:  Set to 120 minutes.
[EOnDrop] Zombie Spawned [28] ZmbM_FirefighterNormal @ <6836.030273, 35.814030, 2478.424316> ... Lifespan:  Set to 120 minutes.
[EOnDrop] Zombie Spawned [29] ZmbM_HandymanNormal_Green @ <6872.796387, 35.538113, 2501.515869> ... Lifespan:  Set to 120 minutes.
[EOnDrop] Zombie Spawned [30] ZmbM_HandymanNormal_Green @ <6873.175293, 33.799999, 2486.862793> ... Lifespan:  Set to 120 minutes.
[EOnDrop] Zombie Spawned [31] ZmbM_HandymanNormal_Grey @ <6844.787598, 37.228104, 2504.006348> ... Lifespan:  Set to 120 minutes.
[EOnDrop] Zombie Spawned [32] ZmbM_HandymanNormal_Green @ <6867.037598, 33.799999, 2491.493164> ... Lifespan:  Set to 120 minutes.
[EOnDrop] Zombie Spawned [33] ZmbM_ConstrWorkerNormal_Green @ <6881.802734, 42.561546, 2501.503174> ... Lifespan:  Set to 120 minutes.
[EOnDrop] Zombie Spawned [34] ZmbM_HeavyIndustryWorker @ <6859.101074, 33.828781, 2475.250488> ... Lifespan:  Set to 120 minutes.
[EOnDrop] Zombie Spawned [35] ZmbM_FishermanOld_Green @ <6899.911621, 42.599998, 2512.058838> ... Lifespan:  Set to 120 minutes.
[EOnDrop] Zombie Spawned [36] ZmbM_FishermanOld_Red @ <6878.566895, 33.799999, 2485.953857> ... Lifespan:  Set to 120 minutes.
[EOnDrop] Zombie Spawned [37] ZmbF_MechanicNormal_Green @ <6855.729980, 34.235668, 2478.778809> ... Lifespan:  Set to 120 minutes.
[EOnDrop] Zombie Spawned [38] ZmbF_MechanicNormal_Grey @ <6896.538574, 42.599998, 2493.185791> ... Lifespan:  Set to 120 minutes.
[EOnDrop] Zombie Spawned [39] ZmbM_MechanicSkinny_Red @ <6892.982422, 42.599998, 2452.298828> ... Lifespan:  Set to 120 minutes.
[EOnDrop] Zombie Spawned [40] ZmbM_MechanicSkinny_Grey @ <6869.137207, 33.799999, 2516.933350> ... Lifespan:  Set to 120 minutes.
[EOnDrop] Drop spawned with 40 infected at <6885.147461, 186.945435, 2481.644531>.
[EOnDrop] Supplies have been dropped near Stonington.
[EOnBeforeDelete] Aircraft despawned @ <12462.695313, 152.000610, -1000.897339>
[~AirdropPlane] Aircraft destroyed.
