[InitializeContainer] Container created on 2021-05-16 @ 23-03-17
[InitializeContainer] Winds: Vector <10.598693, 0.000000, -1.227877>, Speed 10.6696mps, Strength 0.1
[AirdropContainerFall] Drop Type 'Medical', Container: 'RANDOM', Mode/Quantity/Iems: Random/20/33, Flare:  10%
[AirdropContainerFall] Loot Spawned [1] MedicalScrubsPants_White @ <2864.727539, 22.451000, 3743.729736> ... Lifespan: Set to 120 minutes.
[AirdropContainerFall] Loot Spawned [2] WaterBottle @ <2863.554443, 22.451000, 3744.855469> ... Lifespan: Set to 120 minutes.
[AirdropContainerFall] Loot Spawned [3] MedicalScrubsHat_Green @ <2865.701416, 22.451000, 3749.757813> ... Lifespan: Set to 120 minutes.
[AirdropContainerFall] Loot Spawned [4] MedicalScrubsShirt_Green @ <2866.085693, 22.451000, 3749.285645> ... Lifespan: Set to 120 minutes.
[AirdropContainerFall] Loot Spawned [5] SalineBag @ <2864.884277, 22.451000, 3749.397949> ... Lifespan: Set to 120 minutes.
[AirdropContainerFall] Loot Spawned [6] Epinephrine @ <2867.645264, 22.451000, 3744.443604> ... Lifespan: Set to 120 minutes.
[AirdropContainerFall] Loot Spawned [7] MedicalScrubsShirt_Green @ <2867.630859, 22.451000, 3744.639648> ... Lifespan: Set to 120 minutes.
[AirdropContainerFall] Loot Spawned [8] Epinephrine @ <2867.245850, 22.451000, 3744.594971> ... Lifespan: Set to 120 minutes.
[AirdropContainerFall] Spawn failed for item [9] 'MedicalScrubShirt_White', does not exist in DayZ!
[AirdropContainerFall] Loot Spawned [10] SurgicalGloves_White @ <2865.447998, 22.451000, 3748.202637> ... Lifespan: Set to 120 minutes.
[AirdropContainerFall] Spawn failed for item [11] 'MedicalScrubShirt_White', does not exist in DayZ!
[AirdropContainerFall] Loot Spawned [12] VitaminBottle @ <2867.273926, 22.451000, 3744.057617> ... Lifespan: Set to 120 minutes.
[AirdropContainerFall] Loot Spawned [13] SurgicalGloves_LightBlue @ <2868.474609, 22.451000, 3748.270996> ... Lifespan: Set to 120 minutes.
[AirdropContainerFall] Loot Spawned [14] MedicalScrubsHat_Blue @ <2863.865723, 22.451000, 3749.299072> ... Lifespan: Set to 120 minutes.
[AirdropContainerFall] Loot Spawned [15] BandageDressing @ <2868.208252, 22.451000, 3744.747803> ... Lifespan: Set to 120 minutes.
[AirdropContainerFall] Loot Spawned [16] VitaminBottle @ <2868.732666, 22.451000, 3748.657227> ... Lifespan: Set to 120 minutes.
[AirdropContainerFall] Loot Spawned [17] SurgicalGloves_Green @ <2867.387451, 22.451000, 3743.912842> ... Lifespan: Set to 120 minutes.
[AirdropContainerFall] Loot Spawned [18] VitaminBottle @ <2864.209961, 22.451000, 3746.984619> ... Lifespan: Set to 120 minutes.
[AirdropContainerFall] Loot Spawned [19] Heatpack @ <2864.071289, 22.451000, 3747.030273> ... Lifespan: Set to 120 minutes.
[AirdropContainerFall] Loot Spawned [20] Morphine @ <2868.360107, 22.451000, 3747.859131> ... Lifespan: Set to 120 minutes.
[AirdropContainerUnstuck] Container was unstuck.
[~AirdropContainerBase] Container Destroyed on 2021-05-16 @ 23-23-17
