[InitializeContainer] Container created on 2021-05-14 @ 20-33-23
[InitializeContainer] Winds: Vector <6.307254, 0.000000, 12.699386>, Speed 14.1794mps, Strength 0.1
[AirdropContainerFall] Drop Type 'Misc. Tools', Container: 'RANDOM', Mode/Quantity/Iems: Random/20/50, Flare:  10%
[AirdropContainerFall] Loot Spawned [1] PersonalRadio @ <4217.068359, 20.431000, 7231.067871> ... Lifespan: Set to 120 minutes.
[AirdropContainerFall] Loot Spawned [2] Roadflare @ <4223.023438, 20.431000, 7235.862793> ... Lifespan: Set to 120 minutes.
[AirdropContainerFall] Loot Spawned [3] Screwdriver @ <4217.375488, 20.431000, 7221.740723> ... Lifespan: Set to 120 minutes.
[AirdropContainerFall] Loot Spawned [4] KitchenKnife @ <4235.351074, 20.431000, 7224.247559> ... Lifespan: Set to 120 minutes.
[AirdropContainerFall] Loot Spawned [5] Pliers @ <4230.055664, 20.431000, 7218.122559> ... Lifespan: Set to 120 minutes.
[AirdropContainerFall] Loot Spawned [6] HuntingKnife @ <4220.775879, 20.431000, 7218.233398> ... Lifespan: Set to 120 minutes.
[AirdropContainerFall] Loot Spawned [7] Flashlight @ <4217.170410, 20.431000, 7223.771973> ... Lifespan: Set to 120 minutes.
[AirdropContainerFall] Loot Spawned [8] LugWrench @ <4234.201172, 20.431000, 7230.813477> ... Lifespan: Set to 120 minutes.
[AirdropContainerFall] Loot Spawned [9] Chemlight_Blue @ <4218.398926, 20.431000, 7232.157715> ... Lifespan: Set to 120 minutes.
[AirdropContainerFall] Loot Spawned [10] CombatKnife @ <4230.081055, 20.431000, 7235.279297> ... Lifespan: Set to 120 minutes.
[AirdropContainerFall] Loot Spawned [11] Pickaxe @ <4235.512207, 20.431000, 7226.305664> ... Lifespan: Set to 120 minutes.
[AirdropContainerFall] Loot Spawned [12] Pickaxe @ <4224.654297, 20.431000, 7217.554688> ... Lifespan: Set to 120 minutes.
[AirdropContainerFall] Loot Spawned [13] Flashlight @ <4218.117676, 20.431000, 7232.811523> ... Lifespan: Set to 120 minutes.
[AirdropContainerFall] Loot Spawned [14] Hatchet @ <4217.730957, 20.431000, 7222.053223> ... Lifespan: Set to 120 minutes.
[AirdropContainerFall] Loot Spawned [15] HuntingKnife @ <4224.181152, 20.431000, 7217.703125> ... Lifespan: Set to 120 minutes.
[AirdropContainerFall] Loot Spawned [16] SewingKit @ <4234.579102, 20.431000, 7228.401367> ... Lifespan: Set to 120 minutes.
[AirdropContainerFall] Loot Spawned [17] Pliers @ <4234.655762, 20.431000, 7231.097168> ... Lifespan: Set to 120 minutes.
[AirdropContainerFall] Loot Spawned [18] PortableGasLamp @ <4233.619141, 20.431000, 7232.506836> ... Lifespan: Set to 120 minutes.
[AirdropContainerFall] Loot Spawned [19] Shovel @ <4234.182129, 20.431000, 7221.773926> ... Lifespan: Set to 120 minutes.
[AirdropContainerFall] Loot Spawned [20] KitchenKnife @ <4227.716797, 20.431000, 7235.524902> ... Lifespan: Set to 120 minutes.
[AirdropContainerUnstuck] Container was unstuck.
[~AirdropContainerBase] Container Destroyed on 2021-05-14 @ 21-59-59
