[InitializeContainer] Container created on 2021-05-18 @ 20-04-05
[InitializeContainer] Winds: Vector <1.760391, 0.000000, -6.988610>, Speed 7.20692mps, Strength 0.1
[AirdropContainerFall] Drop Type 'Medical', Container: 'RANDOM', Mode/Quantity/Iems: Random/20/33, Flare:  10%
[AirdropContainerFall] Loot Spawned [1] WaterBottle @ <6689.992676, 144.770630, 3423.439453> ... Lifespan: Set to 120 minutes.
[AirdropContainerFall] Loot Spawned [2] MedicalScrubsHat_White @ <6687.778809, 145.618561, 3423.650391> ... Lifespan: Set to 120 minutes.
[AirdropContainerFall] Loot Spawned [3] MedicalScrubsHat_White @ <6686.952637, 146.801300, 3426.507568> ... Lifespan: Set to 120 minutes.
[AirdropContainerFall] Loot Spawned [4] BloodBagEmpty @ <6688.600098, 146.152313, 3426.295410> ... Lifespan: Set to 120 minutes.
[AirdropContainerFall] Loot Spawned [5] BloodBagIV @ <6687.170898, 146.491028, 3425.748779> ... Lifespan: Set to 120 minutes.
[AirdropContainerFall] Loot Spawned [6] DisinfectantAlcohol @ <6692.666504, 144.525116, 3425.926514> ... Lifespan: Set to 120 minutes.
[AirdropContainerFall] Spawn failed for item [7] 'CharcolaTablets', does not exist in DayZ!
[AirdropContainerFall] Loot Spawned [8] TetracyclineAntibiotics @ <6690.768555, 145.889618, 3428.194824> ... Lifespan: Set to 120 minutes.
[AirdropContainerFall] Loot Spawned [9] SurgicalGloves_LightBlue @ <6691.763184, 143.929626, 3422.784180> ... Lifespan: Set to 120 minutes.
[AirdropContainerFall] Loot Spawned [10] BloodBagIV @ <6689.091797, 146.094086, 3426.677734> ... Lifespan: Set to 120 minutes.
[AirdropContainerFall] Loot Spawned [11] SurgicalGloves_White @ <6686.393555, 146.577255, 3425.159912> ... Lifespan: Set to 120 minutes.
[AirdropContainerFall] Loot Spawned [12] SurgicalGloves_LightBlue @ <6688.557617, 145.026016, 3422.670410> ... Lifespan: Set to 120 minutes.
[AirdropContainerFall] Spawn failed for item [13] 'CharcolaTablets', does not exist in DayZ!
[AirdropContainerFall] Loot Spawned [14] BloodBagEmpty @ <6687.265137, 146.487381, 3425.844971> ... Lifespan: Set to 120 minutes.
[AirdropContainerFall] Loot Spawned [15] SurgicalGloves_White @ <6691.152344, 143.916626, 3422.055420> ... Lifespan: Set to 120 minutes.
[AirdropContainerFall] Loot Spawned [16] BloodSyringe @ <6686.889648, 146.289520, 3424.786865> ... Lifespan: Set to 120 minutes.
[AirdropContainerFall] Loot Spawned [17] WaterBottle @ <6690.753906, 145.528625, 3426.891602> ... Lifespan: Set to 120 minutes.
[AirdropContainerFall] Loot Spawned [18] MedicalScrubsPants_Green @ <6688.497070, 146.300781, 3426.658447> ... Lifespan: Set to 120 minutes.
[AirdropContainerFall] Loot Spawned [19] SurgicalMask @ <6691.430664, 144.687958, 3424.844238> ... Lifespan: Set to 120 minutes.
[AirdropContainerFall] Loot Spawned [20] Epinephrine @ <6687.087402, 146.545914, 3425.831543> ... Lifespan: Set to 120 minutes.
[AirdropContainerUnstuck] Container was unstuck.
[~AirdropContainerBase] Container Destroyed on 2021-05-18 @ 20-24-05
