[InitializeContainer] Container created on 2021-05-22 @ 12-33-17
[InitializeContainer] Winds: Vector <-16.001678, 0.000000, 9.274570>, Speed 18.4952mps, Strength 0.1
[AirdropContainerFall] Drop Type 'Medical', Container: 'RANDOM', Mode/Quantity/Iems: Random/20/33, Flare:  10%
[AirdropContainerFall] Loot Spawned [1] SurgicalGloves_White @ <6687.802734, 148.792297, 3435.440186> ... Lifespan: Set to 120 minutes.
[AirdropContainerFall] Loot Spawned [2] MedicalScrubsHat_White @ <6688.537598, 148.344849, 3434.687500> ... Lifespan: Set to 120 minutes.
[AirdropContainerFall] Loot Spawned [3] BloodSyringe @ <6686.424316, 148.066818, 3430.264893> ... Lifespan: Set to 120 minutes.
[AirdropContainerFall] Loot Spawned [4] SurgicalGloves_LightBlue @ <6689.199219, 148.458969, 3436.288330> ... Lifespan: Set to 120 minutes.
[AirdropContainerFall] Spawn failed for item [5] 'CharcolaTablets', does not exist in DayZ!
[AirdropContainerFall] Spawn failed for item [6] 'MedicalScrubShirt_White', does not exist in DayZ!
[AirdropContainerFall] Loot Spawned [7] MedicalScrubsHat_Green @ <6684.117676, 150.040359, 3435.120850> ... Lifespan: Set to 120 minutes.
[AirdropContainerFall] Loot Spawned [8] TetracyclineAntibiotics @ <6688.820801, 147.836914, 3432.947021> ... Lifespan: Set to 120 minutes.
[AirdropContainerFall] Loot Spawned [9] Heatpack @ <6688.827148, 148.362808, 3435.242432> ... Lifespan: Set to 120 minutes.
[AirdropContainerFall] Loot Spawned [10] MedicalScrubsPants_Green @ <6686.534180, 148.432907, 3431.830322> ... Lifespan: Set to 120 minutes.
[AirdropContainerFall] Loot Spawned [11] MedicalScrubsPants_Green @ <6685.306641, 148.682922, 3431.033203> ... Lifespan: Set to 120 minutes.
[AirdropContainerFall] Loot Spawned [12] MedicalScrubsHat_White @ <6684.904297, 149.611145, 3434.479980> ... Lifespan: Set to 120 minutes.
[AirdropContainerFall] Loot Spawned [13] Heatpack @ <6689.836914, 147.915405, 3434.949951> ... Lifespan: Set to 120 minutes.
[AirdropContainerFall] Loot Spawned [14] SurgicalGloves_Blue @ <6689.119629, 147.894012, 3433.688965> ... Lifespan: Set to 120 minutes.
[AirdropContainerFall] Loot Spawned [15] WaterBottle @ <6688.162109, 148.510223, 3434.786133> ... Lifespan: Set to 120 minutes.
[AirdropContainerFall] Loot Spawned [16] MedicalScrubsPants_Blue @ <6686.332031, 148.173248, 3430.541992> ... Lifespan: Set to 120 minutes.
[AirdropContainerFall] Loot Spawned [17] SurgicalGloves_LightBlue @ <6689.173340, 148.325867, 3435.637695> ... Lifespan: Set to 120 minutes.
[AirdropContainerFall] Loot Spawned [18] SalineBag @ <6684.591309, 149.426056, 3433.060303> ... Lifespan: Set to 120 minutes.
[AirdropContainerFall] Loot Spawned [19] VitaminBottle @ <6687.065430, 149.365128, 3437.005127> ... Lifespan: Set to 120 minutes.
[AirdropContainerFall] Spawn failed for item [20] 'MedicalScrubShirt_White', does not exist in DayZ!
[AirdropContainerUnstuck] Container was unstuck.
[~AirdropContainerBase] Container Destroyed on 2021-05-22 @ 12-53-17
