[AirdropPlane] Aircraft created on 2021-05-20 @ 23-41-47
[InitializeAircraft] Aircraft Initialized: Oceanville @ 10238/4885 (true)
[EOnBeforeDrop] The Aircraft is 1 Km from Oceanville. @ <11652.515625, 152.000610, 4390.311523>
[EOnDrop] Zombie Spawned [1] ZmbF_NurseFat @ <10303.708008, 42.490002, 4827.045898> ... Lifespan:  Set to 120 minutes.
[EOnDrop] Zombie Spawned [2] ZmbF_Clerk_Normal_Red @ <10285.933594, 42.490002, 4881.334473> ... Lifespan:  Set to 120 minutes.
[EOnDrop] Zombie Spawned [3] ZmbM_CitizenASkinny_Blue @ <10263.375977, 42.380348, 4839.977051> ... Lifespan:  Set to 120 minutes.
[EOnDrop] Zombie Spawned [4] ZmbM_ParamedicNormal_Green @ <10312.731445, 42.490002, 4814.015137> ... Lifespan:  Set to 120 minutes.
[EOnDrop] Zombie Spawned [5] ZmbM_Jacket_magenta @ <10284.919922, 42.490002, 4872.823242> ... Lifespan:  Set to 120 minutes.
[EOnDrop] Zombie Spawned [6] ZmbF_JoggerSkinny_Blue @ <10355.639648, 40.853157, 4871.704590> ... Lifespan:  Set to 120 minutes.
[EOnDrop] Zombie Spawned [7] ZmbM_PatrolNormal_Autumn @ <10334.855469, 40.829674, 4866.272949> ... Lifespan:  Set to 120 minutes.
[EOnDrop] Zombie Spawned [8] ZmbF_ParamedicNormal_Green @ <10326.520508, 41.600990, 4863.710449> ... Lifespan:  Set to 120 minutes.
[EOnDrop] Zombie Spawned [9] ZmbM_Jacket_stripes @ <10312.800781, 42.096691, 4885.118164> ... Lifespan:  Set to 120 minutes.
[EOnDrop] Zombie Spawned [10] ZmbM_PatientSkinny @ <10299.362305, 42.490002, 4863.662598> ... Lifespan:  Set to 120 minutes.
[EOnDrop] Zombie Spawned [11] ZmbF_ParamedicNormal_Green @ <10316.140625, 42.489651, 4827.290039> ... Lifespan:  Set to 120 minutes.
[EOnDrop] Zombie Spawned [12] ZmbF_PatientOld @ <10312.779297, 42.484158, 4858.275391> ... Lifespan:  Set to 120 minutes.
[EOnDrop] Zombie Spawned [13] ZmbF_Clerk_Normal_Green @ <10257.662109, 42.433430, 4856.386230> ... Lifespan:  Set to 120 minutes.
[EOnDrop] Zombie Spawned [14] ZmbM_JoggerSkinny_Blue @ <10317.397461, 42.483013, 4836.269043> ... Lifespan:  Set to 120 minutes.
[EOnDrop] Zombie Spawned [15] ZmbM_ParamedicNormal_Black @ <10308.654297, 42.405575, 4868.863281> ... Lifespan:  Set to 120 minutes.
[EOnDrop] Zombie Spawned [16] ZmbM_CitizenASkinny_Blue @ <10279.973633, 42.466282, 4834.564941> ... Lifespan:  Set to 120 minutes.
[EOnDrop] Zombie Spawned [17] ZmbF_Clerk_Normal_White @ <10343.080078, 41.172443, 4870.318848> ... Lifespan:  Set to 120 minutes.
[EOnDrop] Zombie Spawned [18] ZmbM_Jacket_brown @ <10312.251953, 41.950844, 4871.696289> ... Lifespan:  Set to 120 minutes.
[EOnDrop] Zombie Spawned [19] ZmbM_JoggerSkinny_Blue @ <10314.239258, 42.490002, 4814.858398> ... Lifespan:  Set to 120 minutes.
[EOnDrop] Zombie Spawned [20] ZmbF_JoggerSkinny_Red @ <10346.739258, 42.292908, 4879.503418> ... Lifespan:  Set to 120 minutes.
[EOnDrop] Zombie Spawned [21] ZmbF_ShortSkirt_yellow @ <10290.417969, 42.490002, 4875.544922> ... Lifespan:  Set to 120 minutes.
[EOnDrop] Zombie Spawned [22] ZmbM_CommercialPilotOld_Grey @ <10310.281250, 42.002731, 4875.180176> ... Lifespan:  Set to 120 minutes.
[EOnDrop] Zombie Spawned [23] ZmbM_Jacket_grey @ <10288.863281, 42.490002, 4843.646484> ... Lifespan:  Set to 120 minutes.
[EOnDrop] Zombie Spawned [24] ZmbF_Clerk_Normal_White @ <10275.369141, 42.490002, 4852.918457> ... Lifespan:  Set to 120 minutes.
[EOnDrop] Zombie Spawned [25] ZmbF_ShortSkirt_green @ <10304.136719, 42.490002, 4846.722168> ... Lifespan:  Set to 120 minutes.
[EOnDrop] Zombie Spawned [26] ZmbF_JoggerSkinny_Green @ <10309.479492, 42.490002, 4843.439941> ... Lifespan:  Set to 120 minutes.
[EOnDrop] Zombie Spawned [27] ZmbF_SkaterYoung_Striped @ <10298.202148, 42.490002, 4897.580078> ... Lifespan:  Set to 120 minutes.
[EOnDrop] Zombie Spawned [28] ZmbF_CitizenBSkinny @ <10296.370117, 42.490002, 4877.655762> ... Lifespan:  Set to 120 minutes.
[EOnDrop] Zombie Spawned [29] ZmbM_Jacket_brown @ <10305.043945, 42.490002, 4866.311523> ... Lifespan:  Set to 120 minutes.
[EOnDrop] Zombie Spawned [30] ZmbF_ShortSkirt_checks @ <10274.978516, 42.490002, 4862.328125> ... Lifespan:  Set to 120 minutes.
[EOnDrop] Drop spawned with 30 infected at <10307.304688, 174.494431, 4861.568359>.
[EOnDrop] Supplies have been dropped near Oceanville.
[EOnBeforeDelete] Aircraft despawned @ <-1001.054504, 152.000610, 8822.293945>
[~AirdropPlane] Aircraft destroyed.
