[AirdropPlane] Aircraft created on 2021-05-20 @ 20-43-58
[InitializeAircraft] Aircraft Initialized: Paris Island @ 2900/3677 (true)
[EOnBeforeDrop] The Aircraft is 1 Km from Paris Island. @ <4083.497314, 155.486984, 2756.037842>
[EOnDrop] Zombie Spawned [1] ZmbM_PatrolNormal_Flat @ <2976.388672, 23.173681, 3658.570313> ... Lifespan:  Set to 120 minutes.
[EOnDrop] Zombie Spawned [2] ZmbM_PatrolNormal_PautRev @ <2961.153564, 22.950001, 3588.367676> ... Lifespan:  Set to 120 minutes.
[EOnDrop] Zombie Spawned [3] ZmbM_PatrolNormal_Autumn @ <2972.576904, 22.950001, 3606.062500> ... Lifespan:  Set to 120 minutes.
[EOnDrop] Zombie Spawned [4] ZmbM_PatrolNormal_PautRev @ <2971.054199, 24.471632, 3632.388916> ... Lifespan:  Set to 120 minutes.
[EOnDrop] Zombie Spawned [5] ZmbM_PatrolNormal_Autumn @ <2985.202881, 25.576710, 3623.542236> ... Lifespan:  Set to 120 minutes.
[EOnDrop] Zombie Spawned [6] ZmbM_PatrolNormal_PautRev @ <2948.933838, 22.950001, 3627.856689> ... Lifespan:  Set to 120 minutes.
[EOnDrop] Zombie Spawned [7] ZmbM_SoldierNormal @ <2958.806152, 23.052231, 3639.264648> ... Lifespan:  Set to 120 minutes.
[EOnDrop] Zombie Spawned [8] ZmbM_PatrolNormal_Summer @ <2979.341309, 22.950001, 3591.841797> ... Lifespan:  Set to 120 minutes.
[EOnDrop] Zombie Spawned [9] ZmbM_PatrolNormal_Autumn @ <3002.253906, 26.500656, 3635.057861> ... Lifespan:  Set to 120 minutes.
[EOnDrop] Zombie Spawned [10] ZmbM_SoldierNormal @ <2954.036377, 22.950001, 3615.265381> ... Lifespan:  Set to 120 minutes.
[EOnDrop] Zombie Spawned [11] ZmbM_PatrolNormal_Flat @ <2976.578369, 22.950001, 3672.489746> ... Lifespan:  Set to 120 minutes.
[EOnDrop] Zombie Spawned [12] ZmbM_PatrolNormal_Autumn @ <2971.672607, 22.950001, 3597.010498> ... Lifespan:  Set to 120 minutes.
[EOnDrop] Zombie Spawned [13] ZmbM_PatrolNormal_Summer @ <2979.689941, 24.263836, 3652.878662> ... Lifespan:  Set to 120 minutes.
[EOnDrop] Zombie Spawned [14] ZmbM_PatrolNormal_Autumn @ <2959.854736, 22.951956, 3620.536377> ... Lifespan:  Set to 120 minutes.
[EOnDrop] Zombie Spawned [15] ZmbM_PatrolNormal_Autumn @ <2980.410889, 25.898695, 3632.795410> ... Lifespan:  Set to 120 minutes.
[EOnDrop] Zombie Spawned [16] ZmbM_PatrolNormal_PautRev @ <2971.764160, 24.552023, 3631.283691> ... Lifespan:  Set to 120 minutes.
[EOnDrop] Zombie Spawned [17] ZmbM_PatrolNormal_Flat @ <2941.093018, 22.950001, 3624.950439> ... Lifespan:  Set to 120 minutes.
[EOnDrop] Zombie Spawned [18] ZmbM_PatrolNormal_Autumn @ <2950.044434, 22.950001, 3614.623291> ... Lifespan:  Set to 120 minutes.
[EOnDrop] Zombie Spawned [19] ZmbM_SoldierNormal @ <2946.688477, 22.950001, 3623.101074> ... Lifespan:  Set to 120 minutes.
[EOnDrop] Zombie Spawned [20] ZmbM_PatrolNormal_Flat @ <3000.983643, 26.029263, 3628.687500> ... Lifespan:  Set to 120 minutes.
[EOnDrop] Zombie Spawned [21] ZmbM_PatrolNormal_Summer @ <2949.216064, 22.950001, 3669.596436> ... Lifespan:  Set to 120 minutes.
[EOnDrop] Zombie Spawned [22] ZmbM_SoldierNormal @ <2958.383545, 22.952131, 3622.042725> ... Lifespan:  Set to 120 minutes.
[EOnDrop] Zombie Spawned [23] ZmbM_PatrolNormal_PautRev @ <2963.600342, 23.017855, 3650.005859> ... Lifespan:  Set to 120 minutes.
[EOnDrop] Zombie Spawned [24] ZmbM_PatrolNormal_Autumn @ <2970.794678, 24.338642, 3627.786133> ... Lifespan:  Set to 120 minutes.
[EOnDrop] Zombie Spawned [25] ZmbM_PatrolNormal_Autumn @ <2952.355225, 22.950001, 3666.576416> ... Lifespan:  Set to 120 minutes.
[EOnDrop] Zombie Spawned [26] ZmbM_PatrolNormal_Autumn @ <2960.300537, 22.950001, 3618.751953> ... Lifespan:  Set to 120 minutes.
[EOnDrop] Zombie Spawned [27] ZmbM_PatrolNormal_Summer @ <2997.237061, 24.817585, 3656.791504> ... Lifespan:  Set to 120 minutes.
[EOnDrop] Zombie Spawned [28] ZmbM_PatrolNormal_PautRev @ <3006.439697, 25.620552, 3628.936523> ... Lifespan:  Set to 120 minutes.
[EOnDrop] Zombie Spawned [29] ZmbM_PatrolNormal_Autumn @ <2952.810059, 22.950001, 3624.686523> ... Lifespan:  Set to 120 minutes.
[EOnDrop] Zombie Spawned [30] ZmbM_PatrolNormal_Autumn @ <2984.154053, 22.950001, 3672.552002> ... Lifespan:  Set to 120 minutes.
[EOnDrop] Zombie Spawned [31] ZmbM_PatrolNormal_Autumn @ <2979.638916, 22.956984, 3666.602783> ... Lifespan:  Set to 120 minutes.
[EOnDrop] Zombie Spawned [32] ZmbM_PatrolNormal_Flat @ <2967.121582, 23.496845, 3642.273682> ... Lifespan:  Set to 120 minutes.
[EOnDrop] Zombie Spawned [33] ZmbM_PatrolNormal_Autumn @ <2979.421631, 25.601727, 3628.053955> ... Lifespan:  Set to 120 minutes.
[EOnDrop] Zombie Spawned [34] ZmbM_PatrolNormal_Flat @ <2950.447021, 22.950001, 3630.751221> ... Lifespan:  Set to 120 minutes.
[EOnDrop] Zombie Spawned [35] ZmbM_SoldierNormal @ <2967.338867, 23.658371, 3639.806885> ... Lifespan:  Set to 120 minutes.
[EOnDrop] Zombie Spawned [36] ZmbM_PatrolNormal_Summer @ <2936.126465, 23.321703, 3601.093262> ... Lifespan:  Set to 120 minutes.
[EOnDrop] Zombie Spawned [37] ZmbM_SoldierNormal @ <2969.232178, 24.232998, 3631.435791> ... Lifespan:  Set to 120 minutes.
[EOnDrop] Zombie Spawned [38] ZmbM_PatrolNormal_Summer @ <2955.409668, 22.950001, 3620.756592> ... Lifespan:  Set to 120 minutes.
[EOnDrop] Zombie Spawned [39] ZmbM_PatrolNormal_Autumn @ <2984.658447, 22.950001, 3670.600098> ... Lifespan:  Set to 120 minutes.
[EOnDrop] Zombie Spawned [40] ZmbM_PatrolNormal_Flat @ <2966.213135, 22.950001, 3598.987549> ... Lifespan:  Set to 120 minutes.
[EOnDrop] Drop spawned with 40 infected at <2962.786377, 158.804138, 3627.881592>.
[EOnDrop] Supplies have been dropped near Paris Island.
[EOnBeforeDelete] Aircraft despawned @ <-1000.820007, 152.000610, 6711.317871>
[~AirdropPlane] Aircraft destroyed.
