[InitializeContainer] Container created on 2021-05-16 @ 03-05-21
[InitializeContainer] Winds: Vector <-0.650576, 0.000000, 15.605803>, Speed 15.6194mps, Strength 0.1
[AirdropContainerFall] Drop Type 'Misc. Tools', Container: 'RANDOM', Mode/Quantity/Iems: Random/20/50, Flare:  10%
[AirdropContainerFall] Loot Spawned [1] ChernarusMap @ <10209.366211, 38.208965, 4814.266602> ... Lifespan: Set to 120 minutes.
[AirdropContainerFall] Loot Spawned [2] Chemlight_White @ <10192.800781, 38.067215, 4809.543457> ... Lifespan: Set to 120 minutes.
[AirdropContainerFall] Loot Spawned [3] Wrench @ <10199.835938, 38.132854, 4816.391602> ... Lifespan: Set to 120 minutes.
[AirdropContainerFall] Loot Spawned [4] Hammer @ <10206.617188, 38.255928, 4815.682617> ... Lifespan: Set to 120 minutes.
[AirdropContainerFall] Loot Spawned [5] Machete @ <10205.944336, 36.110844, 4798.492188> ... Lifespan: Set to 120 minutes.
[AirdropContainerFall] Loot Spawned [6] KitchenKnife @ <10212.104492, 37.429886, 4806.547852> ... Lifespan: Set to 120 minutes.
[AirdropContainerFall] Loot Spawned [7] Matchbox @ <10202.807617, 38.391441, 4817.272949> ... Lifespan: Set to 120 minutes.
[AirdropContainerFall] Loot Spawned [8] SewingKit @ <10197.625000, 38.249519, 4815.770996> ... Lifespan: Set to 120 minutes.
[AirdropContainerFall] Loot Spawned [9] OrienteeringCompass @ <10193.171875, 37.338573, 4805.461914> ... Lifespan: Set to 120 minutes.
[AirdropContainerFall] Loot Spawned [10] Chemlight_Red @ <10193.032227, 38.027088, 4809.606934> ... Lifespan: Set to 120 minutes.
[AirdropContainerFall] Loot Spawned [11] Lockpick @ <10206.479492, 38.277348, 4815.887207> ... Lifespan: Set to 120 minutes.
[AirdropContainerFall] Loot Spawned [12] Hacksaw @ <10193.147461, 37.532818, 4806.681641> ... Lifespan: Set to 120 minutes.
[AirdropContainerFall] Loot Spawned [13] ElectronicRepairKit @ <10202.953125, 38.401550, 4817.328125> ... Lifespan: Set to 120 minutes.
[AirdropContainerFall] Loot Spawned [14] SewingKit @ <10197.720703, 38.288074, 4816.074707> ... Lifespan: Set to 120 minutes.
[AirdropContainerFall] Loot Spawned [15] Lockpick @ <10198.330078, 35.856651, 4799.301270> ... Lifespan: Set to 120 minutes.
[AirdropContainerFall] Loot Spawned [16] Hacksaw @ <10210.823242, 37.885803, 4811.128418> ... Lifespan: Set to 120 minutes.
[AirdropContainerFall] Loot Spawned [17] Flashlight @ <10198.759766, 38.160088, 4815.947266> ... Lifespan: Set to 120 minutes.
[AirdropContainerFall] Loot Spawned [18] Headtorch_Grey @ <10211.725586, 37.612701, 4808.401367> ... Lifespan: Set to 120 minutes.
[AirdropContainerFall] Loot Spawned [19] Pickaxe @ <10210.846680, 37.018864, 4803.655273> ... Lifespan: Set to 120 minutes.
[AirdropContainerFall] Loot Spawned [20] Megaphone @ <10211.696289, 37.407421, 4806.608398> ... Lifespan: Set to 120 minutes.
[AirdropContainerUnstuck] Container was unstuck.
[~AirdropContainerBase] Container Destroyed on 2021-05-16 @ 04-00-01
