[InitializeContainer] Container created on 2021-05-22 @ 11-52-03
[InitializeContainer] Winds: Vector <8.244166, 0.000000, 10.867623>, Speed 13.6408mps, Strength 0.1
[AirdropContainerFall] Drop Type 'Misc. Tools', Container: 'RANDOM', Mode/Quantity/Iems: Random/20/50, Flare:  10%
[AirdropContainerFall] Loot Spawned [1] Matchbox @ <7182.207520, 222.741013, 11629.102539> ... Lifespan: Set to 120 minutes.
[AirdropContainerFall] Loot Spawned [2] SewingKit @ <7180.676270, 222.741013, 11629.967773> ... Lifespan: Set to 120 minutes.
[AirdropContainerFall] Loot Spawned [3] PortableGasLamp @ <7187.259277, 222.741013, 11621.163086> ... Lifespan: Set to 120 minutes.
[AirdropContainerFall] Loot Spawned [4] KitchenKnife @ <7172.282715, 222.741013, 11629.021484> ... Lifespan: Set to 120 minutes.
[AirdropContainerFall] Loot Spawned [5] Shovel @ <7186.330566, 222.741013, 11623.429688> ... Lifespan: Set to 120 minutes.
[AirdropContainerFall] Loot Spawned [6] Machete @ <7185.977051, 222.741013, 11625.708984> ... Lifespan: Set to 120 minutes.
[AirdropContainerFall] Loot Spawned [7] Shovel @ <7177.886719, 222.741013, 11611.285156> ... Lifespan: Set to 120 minutes.
[AirdropContainerFall] Loot Spawned [8] Whetstone @ <7184.450195, 222.741013, 11627.703125> ... Lifespan: Set to 120 minutes.
[AirdropContainerFall] Loot Spawned [9] Pickaxe @ <7184.213379, 222.741013, 11614.315430> ... Lifespan: Set to 120 minutes.
[AirdropContainerFall] Loot Spawned [10] BaseRadio @ <7174.803711, 222.741013, 11612.436523> ... Lifespan: Set to 120 minutes.
[AirdropContainerFall] Loot Spawned [11] KitchenKnife @ <7168.265137, 222.741013, 11623.053711> ... Lifespan: Set to 120 minutes.
[AirdropContainerFall] Loot Spawned [12] OrienteeringCompass @ <7186.373047, 222.741013, 11619.007813> ... Lifespan: Set to 120 minutes.
[AirdropContainerFall] Loot Spawned [13] Chemlight_Green @ <7187.346680, 222.741013, 11619.221680> ... Lifespan: Set to 120 minutes.
[AirdropContainerFall] Loot Spawned [14] Matchbox @ <7175.528809, 222.741013, 11630.538086> ... Lifespan: Set to 120 minutes.
[AirdropContainerFall] Loot Spawned [15] KitchenKnife @ <7186.476074, 222.741013, 11618.018555> ... Lifespan: Set to 120 minutes.
[AirdropContainerFall] Loot Spawned [16] Pliers @ <7185.879395, 222.741013, 11625.258789> ... Lifespan: Set to 120 minutes.
[AirdropContainerFall] Loot Spawned [17] Megaphone @ <7182.442871, 222.741013, 11612.461914> ... Lifespan: Set to 120 minutes.
[AirdropContainerFall] Loot Spawned [18] HuntingKnife @ <7181.755859, 222.741013, 11629.459961> ... Lifespan: Set to 120 minutes.
[AirdropContainerFall] Loot Spawned [19] KitchenKnife @ <7182.562012, 222.741013, 11612.776367> ... Lifespan: Set to 120 minutes.
[AirdropContainerFall] Loot Spawned [20] SteakKnife @ <7178.005859, 222.741013, 11611.322266> ... Lifespan: Set to 120 minutes.
[AirdropContainerUnstuck] Container was unstuck.
[~AirdropContainerBase] Container Destroyed on 2021-05-22 @ 12-12-03
