[AirdropPlane] Aircraft created on 2021-05-17 @ 12-42-43
[InitializeAircraft] Aircraft Initialized: Devil's Eye @ 6688/3428 (true)
[EOnBeforeDrop] The Aircraft is 1 Km from Devil's Eye. @ <7888.204102, 176.614273, 2529.535156>
[EOnDrop] Zombie Spawned [1] ZmbF_MilkMaidOld_Grey @ <6706.556641, 145.771255, 3456.621094> ... Lifespan:  Set to 120 minutes.
[EOnDrop] Zombie Spawned [2] ZmbM_HermitSkinny_Red @ <6719.489746, 139.757767, 3454.313232> ... Lifespan:  Set to 120 minutes.
[EOnDrop] Zombie Spawned [3] ZmbF_MilkMaidOld_Green @ <6652.463867, 154.206619, 3429.705322> ... Lifespan:  Set to 120 minutes.
[EOnDrop] Zombie Spawned [4] ZmbF_MilkMaidOld_Beige @ <6714.811035, 126.194283, 3395.282959> ... Lifespan:  Set to 120 minutes.
[EOnDrop] Zombie Spawned [5] ZmbF_VillagerOld_Green @ <6691.650391, 143.073471, 3418.479980> ... Lifespan:  Set to 120 minutes.
[EOnDrop] Zombie Spawned [6] ZmbF_VillagerOld_Blue @ <6713.260254, 139.371216, 3437.631348> ... Lifespan:  Set to 120 minutes.
[EOnDrop] Spawn failed for zombie [7] 'ZmbM_SurvivorDean_Grey', it does not exist in DayZ!
[EOnDrop] Zombie Spawned [8] ZmbM_VillagerOld_White @ <6695.898926, 148.153275, 3445.110107> ... Lifespan:  Set to 120 minutes.
[EOnDrop] Zombie Spawned [9] ZmbM_HermitSkinny_Red @ <6687.305664, 147.236053, 3426.703369> ... Lifespan:  Set to 120 minutes.
[EOnDrop] Spawn failed for zombie [10] 'ZmbM_SurvivorDean_Blue', it does not exist in DayZ!
[EOnDrop] Zombie Spawned [11] ZmbM_MotobikerFat_Blue @ <6712.929199, 141.125763, 3445.723877> ... Lifespan:  Set to 120 minutes.
[EOnDrop] Zombie Spawned [12] ZmbF_VillagerOld_White @ <6699.795898, 129.322708, 3390.343262> ... Lifespan:  Set to 120 minutes.
[EOnDrop] Zombie Spawned [13] ZmbM_FarmerFat_Brown @ <6683.382813, 132.517868, 3385.036621> ... Lifespan:  Set to 120 minutes.
[EOnDrop] Zombie Spawned [14] ZmbM_VillagerOld_White @ <6655.716797, 149.416718, 3413.829834> ... Lifespan:  Set to 120 minutes.
[EOnDrop] Zombie Spawned [15] ZmbF_HikerSkinny_Blue @ <6693.448730, 147.504944, 3437.047363> ... Lifespan:  Set to 120 minutes.
[EOnDrop] Zombie Spawned [16] ZmbF_HikerSkinny_Red @ <6698.302246, 143.898117, 3429.959473> ... Lifespan:  Set to 120 minutes.
[EOnDrop] Zombie Spawned [17] ZmbM_HikerSkinny_Green @ <6689.874512, 147.826736, 3432.474121> ... Lifespan:  Set to 120 minutes.
[EOnDrop] Zombie Spawned [18] ZmbM_HikerSkinny_Green @ <6681.672363, 152.458710, 3442.172607> ... Lifespan:  Set to 120 minutes.
[EOnDrop] Zombie Spawned [19] ZmbM_HunterOld_Spring @ <6717.109863, 136.346039, 3431.533691> ... Lifespan:  Set to 120 minutes.
[EOnDrop] Zombie Spawned [20] ZmbM_VillagerOld_Blue @ <6675.164551, 154.300186, 3445.702637> ... Lifespan:  Set to 120 minutes.
[EOnDrop] Zombie Spawned [21] ZmbF_MilkMaidOld_Black @ <6691.593262, 148.475937, 3438.273682> ... Lifespan:  Set to 120 minutes.
[EOnDrop] Zombie Spawned [22] ZmbF_SurvivorNormal_White @ <6677.819824, 151.757309, 3431.969727> ... Lifespan:  Set to 120 minutes.
[EOnDrop] Zombie Spawned [23] ZmbM_MotobikerFat_Black @ <6698.906250, 133.247803, 3398.253174> ... Lifespan:  Set to 120 minutes.
[EOnDrop] Zombie Spawned [24] ZmbF_SurvivorNormal_Orange @ <6675.849121, 135.188889, 3385.851074> ... Lifespan:  Set to 120 minutes.
[EOnDrop] Zombie Spawned [25] ZmbF_MilkMaidOld_Beige @ <6693.325684, 134.188629, 3396.057129> ... Lifespan:  Set to 120 minutes.
[EOnDrop] Zombie Spawned [26] ZmbF_VillagerOld_Red @ <6727.746094, 136.733002, 3457.638428> ... Lifespan:  Set to 120 minutes.
[EOnDrop] Zombie Spawned [27] ZmbM_HikerSkinny_Blue @ <6704.945313, 148.531677, 3472.020264> ... Lifespan:  Set to 120 minutes.
[EOnDrop] Spawn failed for zombie [28] 'ZmbM_SurvivorDean_Grey', it does not exist in DayZ!
[EOnDrop] Zombie Spawned [29] ZmbF_HikerSkinny_Grey @ <6696.524902, 128.871872, 3386.762939> ... Lifespan:  Set to 120 minutes.
[EOnDrop] Zombie Spawned [30] ZmbM_HunterOld_Winter @ <6682.963867, 152.934998, 3447.248291> ... Lifespan:  Set to 120 minutes.
[EOnDrop] Zombie Spawned [31] ZmbF_SurvivorNormal_Orange @ <6682.855957, 144.949829, 3416.284424> ... Lifespan:  Set to 120 minutes.
[EOnDrop] Zombie Spawned [32] ZmbM_HikerSkinny_Blue @ <6741.130371, 125.784904, 3430.015381> ... Lifespan:  Set to 120 minutes.
[EOnDrop] Zombie Spawned [33] ZmbM_HermitSkinny_Beige @ <6671.365234, 141.437256, 3400.211426> ... Lifespan:  Set to 120 minutes.
[EOnDrop] Zombie Spawned [34] ZmbF_HikerSkinny_Blue @ <6673.800293, 70.215942, 3457.506348> ... Lifespan:  Set to 120 minutes.
[EOnDrop] Zombie Spawned [35] ZmbF_VillagerOld_White @ <6710.345215, 135.799561, 3418.016846> ... Lifespan:  Set to 120 minutes.
[EOnDrop] Zombie Spawned [36] ZmbF_SurvivorNormal_White @ <6699.373535, 149.913040, 3464.160645> ... Lifespan:  Set to 120 minutes.
[EOnDrop] Zombie Spawned [37] ZmbM_FarmerFat_Blue @ <6733.838867, 130.711136, 3438.908203> ... Lifespan:  Set to 120 minutes.
[EOnDrop] Zombie Spawned [38] ZmbF_SurvivorNormal_Blue @ <6675.012695, 152.170212, 3431.140625> ... Lifespan:  Set to 120 minutes.
[EOnDrop] Zombie Spawned [39] ZmbM_FarmerFat_Brown @ <6706.404785, 131.587967, 3400.218506> ... Lifespan:  Set to 120 minutes.
[EOnDrop] Zombie Spawned [40] ZmbM_HermitSkinny_Green @ <6687.822266, 153.370361, 3458.384766> ... Lifespan:  Set to 120 minutes.
[EOnDrop] Zombie Spawned [41] ZmbF_VillagerOld_Red @ <6722.527344, 131.988617, 3423.388672> ... Lifespan:  Set to 120 minutes.
[EOnDrop] Zombie Spawned [42] ZmbF_MilkMaidOld_Black @ <6698.564941, 140.615204, 3418.523438> ... Lifespan:  Set to 120 minutes.
[EOnDrop] Drop spawned with 42 infected at <6693.190430, 230.080292, 3424.661621>.
[EOnDrop] Supplies have been dropped near Devil's Eye.
[EOnBeforeDelete] Aircraft despawned @ <-1000.928955, 152.000610, 9186.397461>
[~AirdropPlane] Aircraft destroyed.
