[AirdropPlane] Aircraft created on 2021-05-18 @ 18-42-35
[InitializeAircraft] Aircraft Initialized: Woodworking Industrial @ 4485/12110 (true)
[EOnBeforeDrop] The Aircraft is 1 Km from Woodworking Industrial. @ <5912.349121, 496.385376, 12570.550781>
[EOnDrop] Zombie Spawned [1] ZmbM_HandymanNormal_White @ <4517.706055, 8.280001, 12131.401367> ... Lifespan:  Set to 120 minutes.
[EOnDrop] Zombie Spawned [2] ZmbF_MechanicNormal_Orange @ <4557.734863, 8.280001, 12150.618164> ... Lifespan:  Set to 120 minutes.
[EOnDrop] Zombie Spawned [3] ZmbM_HandymanNormal_Green @ <4544.425293, 8.280001, 12115.598633> ... Lifespan:  Set to 120 minutes.
[EOnDrop] Zombie Spawned [4] ZmbM_MechanicSkinny_Green @ <4610.899414, 8.280001, 12133.941406> ... Lifespan:  Set to 120 minutes.
[EOnDrop] Zombie Spawned [5] ZmbM_HandymanNormal_Beige @ <4540.583984, 8.280001, 12141.580078> ... Lifespan:  Set to 120 minutes.
[EOnDrop] Zombie Spawned [6] ZmbM_HandymanNormal_Beige @ <4554.311035, 8.280001, 12115.324219> ... Lifespan:  Set to 120 minutes.
[EOnDrop] Zombie Spawned [7] ZmbF_MechanicNormal_Beige @ <4572.442871, 8.280001, 12142.861328> ... Lifespan:  Set to 120 minutes.
[EOnDrop] Zombie Spawned [8] ZmbM_OffshoreWorker_Orange @ <4550.694336, 8.280001, 12133.849609> ... Lifespan:  Set to 120 minutes.
[EOnDrop] Zombie Spawned [9] ZmbM_MechanicSkinny_Red @ <4551.933594, 8.280001, 12133.966797> ... Lifespan:  Set to 120 minutes.
[EOnDrop] Zombie Spawned [10] ZmbF_MechanicNormal_Green @ <4556.600586, 8.280001, 12171.775391> ... Lifespan:  Set to 120 minutes.
[EOnDrop] Zombie Spawned [11] ZmbM_MechanicSkinny_Grey @ <4571.465332, 8.280001, 12111.309570> ... Lifespan:  Set to 120 minutes.
[EOnDrop] Zombie Spawned [12] ZmbM_ConstrWorkerNormal_Beige @ <4544.285645, 8.279997, 12178.727539> ... Lifespan:  Set to 120 minutes.
[EOnDrop] Zombie Spawned [13] ZmbM_OffshoreWorker_Yellow @ <4547.999023, 8.280001, 12145.893555> ... Lifespan:  Set to 120 minutes.
[EOnDrop] Zombie Spawned [14] ZmbM_FishermanOld_Grey @ <4549.655762, 8.280001, 12130.228516> ... Lifespan:  Set to 120 minutes.
[EOnDrop] Zombie Spawned [15] ZmbF_BlueCollarFat_Green @ <4540.087891, 8.280001, 12139.614258> ... Lifespan:  Set to 120 minutes.
[EOnDrop] Zombie Spawned [16] ZmbM_HandymanNormal_Green @ <4532.023438, 8.280001, 12137.693359> ... Lifespan:  Set to 120 minutes.
[EOnDrop] Zombie Spawned [17] ZmbM_HandymanNormal_White @ <4585.667969, 8.280001, 12152.616211> ... Lifespan:  Set to 120 minutes.
[EOnDrop] Zombie Spawned [18] ZmbM_MechanicSkinny_Grey @ <4564.918457, 8.280001, 12097.328125> ... Lifespan:  Set to 120 minutes.
[EOnDrop] Zombie Spawned [19] ZmbF_MechanicNormal_Orange @ <4553.098145, 8.280001, 12130.648438> ... Lifespan:  Set to 120 minutes.
[EOnDrop] Zombie Spawned [20] ZmbM_OffshoreWorker_Orange @ <4540.936523, 8.279997, 12171.185547> ... Lifespan:  Set to 120 minutes.
[EOnDrop] Zombie Spawned [21] ZmbM_OffshoreWorker_Orange @ <4584.508301, 8.280001, 12137.027344> ... Lifespan:  Set to 120 minutes.
[EOnDrop] Zombie Spawned [22] ZmbM_HandymanNormal_White @ <4586.900391, 8.280001, 12165.849609> ... Lifespan:  Set to 120 minutes.
[EOnDrop] Zombie Spawned [23] ZmbM_FishermanOld_Green @ <4528.604492, 8.280001, 12122.848633> ... Lifespan:  Set to 120 minutes.
[EOnDrop] Zombie Spawned [24] ZmbM_ConstrWorkerNormal_Beige @ <4548.874512, 8.280001, 12108.155273> ... Lifespan:  Set to 120 minutes.
[EOnDrop] Zombie Spawned [25] ZmbF_BlueCollarFat_White @ <4601.082520, 8.280001, 12128.583008> ... Lifespan:  Set to 120 minutes.
[EOnDrop] Zombie Spawned [26] ZmbM_HeavyIndustryWorker @ <4597.419922, 8.280001, 12100.473633> ... Lifespan:  Set to 120 minutes.
[EOnDrop] Zombie Spawned [27] ZmbF_BlueCollarFat_White @ <4570.222656, 8.280001, 12132.040039> ... Lifespan:  Set to 120 minutes.
[EOnDrop] Zombie Spawned [28] ZmbM_OffshoreWorker_Green @ <4578.809082, 8.280001, 12121.405273> ... Lifespan:  Set to 120 minutes.
[EOnDrop] Zombie Spawned [29] ZmbF_MechanicNormal_Grey @ <4523.043457, 8.279997, 12148.654297> ... Lifespan:  Set to 120 minutes.
[EOnDrop] Zombie Spawned [30] ZmbM_OffshoreWorker_Yellow @ <4556.894043, 8.280001, 12140.241211> ... Lifespan:  Set to 120 minutes.
[EOnDrop] Zombie Spawned [31] ZmbM_ConstrWorkerNormal_Black @ <4522.045898, 8.280001, 12118.904297> ... Lifespan:  Set to 120 minutes.
[EOnDrop] Zombie Spawned [32] ZmbM_HandymanNormal_Grey @ <4568.130859, 8.280001, 12140.044922> ... Lifespan:  Set to 120 minutes.
[EOnDrop] Zombie Spawned [33] ZmbM_OffshoreWorker_Yellow @ <4542.273438, 8.280001, 12118.295898> ... Lifespan:  Set to 120 minutes.
[EOnDrop] Zombie Spawned [34] ZmbM_OffshoreWorker_Yellow @ <4572.910156, 8.280001, 12147.282227> ... Lifespan:  Set to 120 minutes.
[EOnDrop] Zombie Spawned [35] ZmbM_MechanicSkinny_Grey @ <4560.629395, 8.280001, 12154.532227> ... Lifespan:  Set to 120 minutes.
[EOnDrop] Zombie Spawned [36] ZmbM_MechanicSkinny_Red @ <4549.146484, 8.280001, 12180.086914> ... Lifespan:  Set to 120 minutes.
[EOnDrop] Zombie Spawned [37] ZmbM_OffshoreWorker_Red @ <4518.825684, 8.280001, 12116.513672> ... Lifespan:  Set to 120 minutes.
[EOnDrop] Zombie Spawned [38] ZmbM_OffshoreWorker_Green @ <4546.623047, 8.280001, 12158.104492> ... Lifespan:  Set to 120 minutes.
[EOnDrop] Zombie Spawned [39] ZmbM_FishermanOld_Grey @ <4513.523438, 8.280001, 12124.529297> ... Lifespan:  Set to 120 minutes.
[EOnDrop] Zombie Spawned [40] ZmbM_FishermanOld_Blue @ <4557.064453, 8.280001, 12149.032227> ... Lifespan:  Set to 120 minutes.
[EOnDrop] Drop spawned with 40 infected at <4561.458496, 157.482300, 12132.832031>.
[EOnDrop] Supplies have been dropped near Woodworking Industrial.
[EOnBeforeDelete] Aircraft despawned @ <-1001.258362, 152.000610, 10330.215820>
[~AirdropPlane] Aircraft destroyed.
