[AirdropBase] Base class created & settings loaded.
[2021-05-16 @ 04-21-32] ----------------------------------------------------------------------------------------------------
[EOnCallAirdrop] Drop zone asigned: Mountainville <7280.000000, 0.000000, 8500.000000>
[EOnCallAirdrop] Drop zone offset to: <7253.453125, 2438.000000, 8476.810547>
[EOnCallAirdrop] Aircraft spawn point: <17270.000000, 2438.000000, 1187.359497>
[EOnCallAirdrop] Aircraft bearing ... Angle/Bearing: -0.631879° / 126.204°, Text: 'South/East (126°)'
[EOnCallAirdrop] Aircraft has been dispatched to 'Mountainville' from the South/East (126°).
[2021-05-16 @ 04-41-44] ----------------------------------------------------------------------------------------------------
[EOnCallAirdrop] Drop zone asigned: Waldoboro <9100.000000, 0.000000, 9493.000000>
[EOnCallAirdrop] Drop zone offset to: <9052.327148, 2438.000000, 9465.442383>
[EOnCallAirdrop] Aircraft spawn point: <17270.000000, 2438.000000, 16268.041016>
[EOnCallAirdrop] Aircraft bearing ... Angle/Bearing: 0.692329° / 50.3325°, Text: 'North/East (50°)'
[EOnCallAirdrop] Aircraft has been dispatched to 'Waldoboro' from the North/East (50°).
[2021-05-16 @ 05-01-56] ----------------------------------------------------------------------------------------------------
[EOnCallAirdrop] Drop zone asigned: Woodworking Industrial <4477.000000, 0.000000, 12000.000000>
[EOnCallAirdrop] Drop zone offset to: <4487.110352, 2438.000000, 12067.726563>
[EOnCallAirdrop] Aircraft spawn point: <-1000.000000, 2438.000000, 4513.283691>
[EOnCallAirdrop] Aircraft bearing ... Angle/Bearing: -2.20239° / 216.188°, Text: 'South/West (216°)'
[EOnCallAirdrop] Aircraft has been dispatched to 'Woodworking Industrial' from the South/West (216°).
[2021-05-16 @ 05-22-08] ----------------------------------------------------------------------------------------------------
[EOnCallAirdrop] Drop zone asigned: Devil's Eye <6688.000000, 0.000000, 3428.000000>
[EOnCallAirdrop] Drop zone offset to: <6687.418945, 2438.000000, 3428.395752>
[EOnCallAirdrop] Aircraft spawn point: <17270.000000, 2438.000000, 1449.418945>
[EOnCallAirdrop] Aircraft bearing ... Angle/Bearing: -0.184842° / 100.591°, Text: 'East (101°)'
[EOnCallAirdrop] Aircraft has been dispatched to 'Devil's Eye' from the East (101°).
[2021-05-16 @ 05-42-22] ----------------------------------------------------------------------------------------------------
[EOnCallAirdrop] Drop zone asigned: RCFI <3700.000000, 0.000000, 8830.000000>
[EOnCallAirdrop] Drop zone offset to: <3751.806152, 2438.000000, 8814.456055>
[EOnCallAirdrop] Aircraft spawn point: <-459.711609, 2438.000000, 17270.000000>
[EOnCallAirdrop] Aircraft bearing ... Angle/Bearing: 2.02871° / 333.763°, Text: 'North/West (334°)'
[EOnCallAirdrop] Aircraft has been dispatched to 'RCFI' from the North/West (334°).
[2021-05-16 @ 06-02-35] ----------------------------------------------------------------------------------------------------
[EOnCallAirdrop] Drop zone asigned: Mount Katahdin <7169.000000, 0.000000, 11620.000000>
[EOnCallAirdrop] Drop zone offset to: <7166.472168, 2438.000000, 11614.925781>
[EOnCallAirdrop] Aircraft spawn point: <12472.640625, 2438.000000, -1000.000000>
[EOnCallAirdrop] Aircraft bearing ... Angle/Bearing: -1.17295° / 157.205°, Text: 'South/East (157°)'
[EOnCallAirdrop] Aircraft has been dispatched to 'Mount Katahdin' from the South/East (157°).
[2021-05-16 @ 06-43-02] ----------------------------------------------------------------------------------------------------
[EOnCallAirdrop] Drop zone asigned: Devil's Eye <6688.000000, 0.000000, 3428.000000>
[EOnCallAirdrop] Drop zone offset to: <6681.504395, 2438.000000, 3426.876221>
[EOnCallAirdrop] Aircraft spawn point: <8596.949219, 2438.000000, 17270.000000>
[EOnCallAirdrop] Aircraft bearing ... Angle/Bearing: 1.43375° / 7.85213°, Text: 'North (8°)'
[EOnCallAirdrop] Aircraft has been dispatched to 'Devil's Eye' from the North (8°).
[2021-05-16 @ 07-03-15] ----------------------------------------------------------------------------------------------------
[EOnCallAirdrop] Drop zone asigned: Airstrip <5496.000000, 0.000000, 3676.000000>
[EOnCallAirdrop] Drop zone offset to: <5576.245117, 2438.000000, 3704.834717>
[EOnCallAirdrop] Aircraft spawn point: <-1000.000000, 2438.000000, 7254.870605>
[EOnCallAirdrop] Aircraft bearing ... Angle/Bearing: 2.63803° / 298.852°, Text: 'North/West (299°)'
[EOnCallAirdrop] Aircraft has been dispatched to 'Airstrip' from the North/West (299°).
[2021-05-16 @ 07-23-29] ----------------------------------------------------------------------------------------------------
[EOnCallAirdrop] Drop zone asigned: Oceanville <10238.000000, 0.000000, 4885.000000>
[EOnCallAirdrop] Drop zone offset to: <10250.958984, 2438.000000, 4893.850586>
[EOnCallAirdrop] Aircraft spawn point: <12753.099609, 2438.000000, 17270.000000>
[EOnCallAirdrop] Aircraft bearing ... Angle/Bearing: 1.37044° / 11.4793°, Text: 'North (11°)'
[EOnCallAirdrop] Aircraft has been dispatched to 'Oceanville' from the North (11°).
[2021-05-16 @ 07-43-43] ----------------------------------------------------------------------------------------------------
[EOnCallAirdrop] Drop zone asigned: Waldoboro <9100.000000, 0.000000, 9493.000000>
[EOnCallAirdrop] Drop zone offset to: <9107.293945, 2438.000000, 9407.847656>
[EOnCallAirdrop] Aircraft spawn point: <-1000.000000, 2438.000000, 7217.513184>
[EOnCallAirdrop] Aircraft bearing ... Angle/Bearing: -2.92° / 257.303°, Text: 'West (257°)'
[EOnCallAirdrop] Aircraft has been dispatched to 'Waldoboro' from the West (257°).
[2021-05-16 @ 08-03-57] ----------------------------------------------------------------------------------------------------
[EOnCallAirdrop] Drop zone asigned: Oceanville <10238.000000, 0.000000, 4885.000000>
[EOnCallAirdrop] Drop zone offset to: <10220.137695, 2438.000000, 4831.083984>
[EOnCallAirdrop] Aircraft spawn point: <17270.000000, 2438.000000, 9166.231445>
[EOnCallAirdrop] Aircraft bearing ... Angle/Bearing: 0.546881° / 58.6661°, Text: 'North/East (59°)'
[EOnCallAirdrop] Aircraft has been dispatched to 'Oceanville' from the North/East (59°).
[2021-05-16 @ 08-24-10] ----------------------------------------------------------------------------------------------------
[EOnCallAirdrop] Drop zone asigned: Airstrip <5496.000000, 0.000000, 3676.000000>
[EOnCallAirdrop] Drop zone offset to: <5543.647461, 2438.000000, 3714.648193>
[EOnCallAirdrop] Aircraft spawn point: <6910.848145, 2438.000000, -1000.000000>
[EOnCallAirdrop] Aircraft bearing ... Angle/Bearing: -1.27698° / 163.165°, Text: 'South (163°)'
[EOnCallAirdrop] Aircraft has been dispatched to 'Airstrip' from the South (163°).
[2021-05-16 @ 08-44-24] ----------------------------------------------------------------------------------------------------
[EOnCallAirdrop] Drop zone asigned: Old Town <2059.000000, 0.000000, 9030.000000>
[EOnCallAirdrop] Drop zone offset to: <2102.885742, 2438.000000, 9077.536133>
[EOnCallAirdrop] Aircraft spawn point: <-219.955139, 2438.000000, -1000.000000>
[EOnCallAirdrop] Aircraft bearing ... Angle/Bearing: -1.79422° / 192.801°, Text: 'South (193°)'
[EOnCallAirdrop] Aircraft has been dispatched to 'Old Town' from the South (193°).
[2021-05-16 @ 09-04-38] ----------------------------------------------------------------------------------------------------
[EOnCallAirdrop] Drop zone asigned: Waldoboro <9100.000000, 0.000000, 9493.000000>
[EOnCallAirdrop] Drop zone offset to: <9162.281250, 2438.000000, 9447.778320>
[EOnCallAirdrop] Aircraft spawn point: <5310.613281, 2438.000000, -1000.000000>
[EOnCallAirdrop] Aircraft bearing ... Angle/Bearing: -1.91736° / 199.856°, Text: 'South (200°)'
[EOnCallAirdrop] Aircraft has been dispatched to 'Waldoboro' from the South (200°).
