[InitializeContainer] Container created on 2021-05-25 @ 15-13-52
[InitializeContainer] Winds: Vector <-3.514186, 0.000000, 15.741736>, Speed 16.1292mps, Strength 0.1
[AirdropContainerFall] Drop Type 'Misc. Tools', Container: 'RANDOM', Mode/Quantity/Iems: Random/20/50, Flare:  10%
[AirdropContainerFall] Loot Spawned [1] Megaphone @ <7313.638672, 6.651000, 8447.981445> ... Lifespan: Set to 120 minutes.
[AirdropContainerFall] Loot Spawned [2] Flashlight @ <7314.398926, 6.651000, 8461.585938> ... Lifespan: Set to 120 minutes.
[AirdropContainerFall] Loot Spawned [3] Spotlight @ <7312.540039, 6.651000, 8449.886719> ... Lifespan: Set to 120 minutes.
[AirdropContainerFall] Loot Spawned [4] Hammer @ <7311.618652, 6.651000, 8454.258789> ... Lifespan: Set to 120 minutes.
[AirdropContainerFall] Loot Spawned [5] Chemlight_Yellow @ <7330.627441, 6.651000, 8454.961914> ... Lifespan: Set to 120 minutes.
[AirdropContainerFall] Loot Spawned [6] CombatKnife @ <7327.141113, 6.651000, 8447.478516> ... Lifespan: Set to 120 minutes.
[AirdropContainerFall] Loot Spawned [7] ChernarusMap @ <7321.727051, 6.651000, 8445.019531> ... Lifespan: Set to 120 minutes.
[AirdropContainerFall] Loot Spawned [8] ChernarusMap @ <7328.959961, 6.651000, 8448.708984> ... Lifespan: Set to 120 minutes.
[AirdropContainerFall] Loot Spawned [9] Chemlight_Blue @ <7329.844238, 6.651000, 8452.862305> ... Lifespan: Set to 120 minutes.
[AirdropContainerFall] Loot Spawned [10] SledgeHammer @ <7327.877441, 6.651000, 8447.931641> ... Lifespan: Set to 120 minutes.
[AirdropContainerFall] Loot Spawned [11] Binoculars @ <7330.341309, 6.651000, 8454.333984> ... Lifespan: Set to 120 minutes.
[AirdropContainerFall] Loot Spawned [12] Shovel @ <7322.397949, 6.651000, 8444.381836> ... Lifespan: Set to 120 minutes.
[AirdropContainerFall] Loot Spawned [13] Crowbar @ <7323.658691, 6.651000, 8463.456055> ... Lifespan: Set to 120 minutes.
[AirdropContainerFall] Loot Spawned [14] LeatherSewingKit @ <7329.560547, 6.651000, 8458.900391> ... Lifespan: Set to 120 minutes.
[AirdropContainerFall] Loot Spawned [15] WoodAxe @ <7322.179199, 6.651000, 8463.479492> ... Lifespan: Set to 120 minutes.
[AirdropContainerFall] Loot Spawned [16] Heatpack @ <7315.611328, 6.651000, 8445.789063> ... Lifespan: Set to 120 minutes.
[AirdropContainerFall] Loot Spawned [17] CanOpener @ <7312.000977, 6.651000, 8458.069336> ... Lifespan: Set to 120 minutes.
[AirdropContainerFall] Loot Spawned [18] Screwdriver @ <7329.964844, 6.651000, 8451.144531> ... Lifespan: Set to 120 minutes.
[AirdropContainerFall] Loot Spawned [19] Shovel @ <7328.721680, 6.651000, 8459.783203> ... Lifespan: Set to 120 minutes.
[AirdropContainerFall] Loot Spawned [20] Pliers @ <7328.842773, 6.651000, 8449.276367> ... Lifespan: Set to 120 minutes.
[AirdropContainerUnstuck] Container was unstuck.
[~AirdropContainerBase] Container Destroyed on 2021-05-25 @ 15-33-52
