[AirdropBase] Base class created & settings loaded.
[2021-05-18 @ 16-20-59] ----------------------------------------------------------------------------------------------------
[EOnCallAirdrop] Drop zone asigned: Airstrip <5496.000000, 0.000000, 3676.000000>
[EOnCallAirdrop] Drop zone offset to: <5497.247070, 2438.000000, 3683.613525>
[EOnCallAirdrop] Aircraft spawn point: <17270.000000, 2438.000000, 13078.722656>
[EOnCallAirdrop] Aircraft bearing ... Angle/Bearing: 0.673887° / 51.3891°, Text: 'North/East (51°)'
[EOnCallAirdrop] Aircraft has been dispatched to 'Airstrip' from the North/East (51°).
[2021-05-18 @ 16-41-13] ----------------------------------------------------------------------------------------------------
[EOnCallAirdrop] Drop zone asigned: Paris Island <2900.000000, 0.000000, 3677.000000>
[EOnCallAirdrop] Drop zone offset to: <2918.986816, 2438.000000, 3720.602295>
[EOnCallAirdrop] Aircraft spawn point: <17270.000000, 2438.000000, 15528.699219>
[EOnCallAirdrop] Aircraft bearing ... Angle/Bearing: 0.689653° / 50.4858°, Text: 'North/East (50°)'
[EOnCallAirdrop] Aircraft has been dispatched to 'Paris Island' from the North/East (50°).
[2021-05-18 @ 17-01-26] ----------------------------------------------------------------------------------------------------
[EOnCallAirdrop] Drop zone asigned: Devil's Eye <6688.000000, 0.000000, 3428.000000>
[EOnCallAirdrop] Drop zone offset to: <6684.208496, 2438.000000, 3434.885010>
[EOnCallAirdrop] Aircraft spawn point: <-1000.000000, 2438.000000, 6569.055664>
[EOnCallAirdrop] Aircraft bearing ... Angle/Bearing: 2.75372° / 292.223°, Text: 'West (292°)'
[EOnCallAirdrop] Aircraft has been dispatched to 'Devil's Eye' from the West (292°).
[2021-05-18 @ 17-21-40] ----------------------------------------------------------------------------------------------------
[EOnCallAirdrop] Drop zone asigned: Mountainville <7280.000000, 0.000000, 8500.000000>
[EOnCallAirdrop] Drop zone offset to: <7264.585938, 2438.000000, 8477.802734>
[EOnCallAirdrop] Aircraft spawn point: <-1000.000000, 2438.000000, 512.138428>
[EOnCallAirdrop] Aircraft bearing ... Angle/Bearing: -2.37415° / 226.029°, Text: 'South/West (226°)'
[EOnCallAirdrop] Aircraft has been dispatched to 'Mountainville' from the South/West (226°).
[2021-05-18 @ 17-41-54] ----------------------------------------------------------------------------------------------------
[EOnCallAirdrop] Drop zone asigned: Greenville <10050.000000, 0.000000, 2450.000000>
[EOnCallAirdrop] Drop zone offset to: <10123.255859, 2438.000000, 2474.998535>
[EOnCallAirdrop] Aircraft spawn point: <12758.118164, 2438.000000, 17270.000000>
[EOnCallAirdrop] Aircraft bearing ... Angle/Bearing: 1.39006° / 10.3556°, Text: 'North (10°)'
[EOnCallAirdrop] Aircraft has been dispatched to 'Greenville' from the North (10°).
[2021-05-18 @ 18-02-08] ----------------------------------------------------------------------------------------------------
[EOnCallAirdrop] Drop zone asigned: Woodworking Industrial <4477.000000, 0.000000, 12000.000000>
[EOnCallAirdrop] Drop zone offset to: <4465.083008, 2438.000000, 12001.459961>
[EOnCallAirdrop] Aircraft spawn point: <17270.000000, 2438.000000, 14839.538086>
[EOnCallAirdrop] Aircraft bearing ... Angle/Bearing: 0.218419° / 77.4855°, Text: 'East (77°)'
[EOnCallAirdrop] Aircraft has been dispatched to 'Woodworking Industrial' from the East (77°).
[2021-05-18 @ 18-22-21] ----------------------------------------------------------------------------------------------------
[EOnCallAirdrop] Drop zone asigned: Greenville <10050.000000, 0.000000, 2450.000000>
[EOnCallAirdrop] Drop zone offset to: <10033.850586, 2438.000000, 2500.131836>
[EOnCallAirdrop] Aircraft spawn point: <13717.701172, 2438.000000, 17270.000000>
[EOnCallAirdrop] Aircraft bearing ... Angle/Bearing: 1.32819° / 13.9004°, Text: 'North (14°)'
[EOnCallAirdrop] Aircraft has been dispatched to 'Greenville' from the North (14°).
[2021-05-18 @ 18-42-35] ----------------------------------------------------------------------------------------------------
[EOnCallAirdrop] Drop zone asigned: Woodworking Industrial <4485.000000, 0.000000, 12110.000000>
[EOnCallAirdrop] Drop zone offset to: <4462.834473, 2438.000000, 12013.238281>
[EOnCallAirdrop] Aircraft spawn point: <17270.000000, 2438.000000, 16251.313477>
[EOnCallAirdrop] Aircraft bearing ... Angle/Bearing: 0.313255° / 72.0518°, Text: 'East (72°)'
[EOnCallAirdrop] Aircraft has been dispatched to 'Woodworking Industrial' from the East (72°).
[2021-05-18 @ 19-02-47] ----------------------------------------------------------------------------------------------------
[EOnCallAirdrop] Drop zone asigned: Stonington <6956.000000, 0.000000, 2438.000000>
[EOnCallAirdrop] Drop zone offset to: <6978.720215, 2438.000000, 2468.416016>
[EOnCallAirdrop] Aircraft spawn point: <17270.000000, 2438.000000, 15782.952148>
[EOnCallAirdrop] Aircraft bearing ... Angle/Bearing: 0.912814° / 37.6996°, Text: 'North/East (38°)'
[EOnCallAirdrop] Aircraft has been dispatched to 'Stonington' from the North/East (38°).
[2021-05-18 @ 19-22-51] ----------------------------------------------------------------------------------------------------
[EOnCallAirdrop] Drop zone asigned: Old Town <2059.000000, 0.000000, 9030.000000>
[EOnCallAirdrop] Drop zone offset to: <2005.871216, 2438.000000, 9105.767578>
[EOnCallAirdrop] Aircraft spawn point: <753.010071, 2438.000000, 17270.000000>
[EOnCallAirdrop] Aircraft bearing ... Angle/Bearing: 1.72798° / 350.994°, Text: 'North (351°)'
[EOnCallAirdrop] Aircraft has been dispatched to 'Old Town' from the North (351°).
[ReplaceAirdropFlare] 'Road Flare' activted in player's hand (BnYrB).
[2021-05-18 @ 19-36-57] ----------------------------------------------------------------------------------------------------
[EOnCallAirdrop] Drop zone asigned: Player Called <3777.918701, 26.726528, 9315.835938>
[EOnCallAirdrop] Drop zone offset to: <3742.283447, 2438.000000, 9353.231445>
[EOnCallAirdrop] Aircraft spawn point: <17270.000000, 2438.000000, 2552.298584>
[EOnCallAirdrop] Aircraft bearing ... Angle/Bearing: -0.464685° / 116.624°, Text: 'South/East (117°)'
[EOnCallAirdrop] Aircraft was dispatched to the player's location (17270/2552.3) from the South/East (117°).
[2021-05-18 @ 19-42-55] ----------------------------------------------------------------------------------------------------
[EOnCallAirdrop] Drop zone asigned: RCFI <3700.000000, 0.000000, 8830.000000>
[EOnCallAirdrop] Drop zone offset to: <3699.869629, 2438.000000, 8830.332031>
[EOnCallAirdrop] Aircraft spawn point: <12745.293945, 2438.000000, 17270.000000>
[EOnCallAirdrop] Aircraft bearing ... Angle/Bearing: 0.750795° / 46.9826°, Text: 'North/East (47°)'
[EOnCallAirdrop] Aircraft has been dispatched to 'RCFI' from the North/East (47°).
[ReplaceAirdropFlare] 'Road Flare' activted in player's hand (BnYrB).
[2021-05-18 @ 19-53-39] ----------------------------------------------------------------------------------------------------
[EOnCallAirdrop] Drop zone asigned: Player Called <3780.476563, 15.763148, 8901.379883>
[EOnCallAirdrop] Drop zone offset to: <3794.264404, 2438.000000, 8902.258789>
[EOnCallAirdrop] Aircraft spawn point: <-1000.000000, 2438.000000, 8637.094727>
[EOnCallAirdrop] Aircraft bearing ... Angle/Bearing: -3.08636° / 266.836°, Text: 'West (267°)'
[EOnCallAirdrop] Aircraft was dispatched to the player's location (-1000/8637.09) from the West (267°).
[2021-05-18 @ 20-03-05] ----------------------------------------------------------------------------------------------------
[EOnCallAirdrop] Drop zone asigned: Devil's Eye <6688.000000, 0.000000, 3428.000000>
[EOnCallAirdrop] Drop zone offset to: <6684.742188, 2438.000000, 3426.451172>
[EOnCallAirdrop] Aircraft spawn point: <7950.164551, 2438.000000, -1000.000000>
[EOnCallAirdrop] Aircraft bearing ... Angle/Bearing: -1.29312° / 164.09°, Text: 'South (164°)'
[EOnCallAirdrop] Aircraft has been dispatched to 'Devil's Eye' from the South (164°).
[2021-05-18 @ 20-23-18] ----------------------------------------------------------------------------------------------------
[EOnCallAirdrop] Drop zone asigned: Greenville <10050.000000, 0.000000, 2450.000000>
[EOnCallAirdrop] Drop zone offset to: <10093.825195, 2438.000000, 2536.699463>
[EOnCallAirdrop] Aircraft spawn point: <-1000.000000, 2438.000000, 13130.019531>
[EOnCallAirdrop] Aircraft bearing ... Angle/Bearing: 2.37322° / 314.025°, Text: 'North/West (314°)'
[EOnCallAirdrop] Aircraft has been dispatched to 'Greenville' from the North/West (314°).
[2021-05-18 @ 20-43-31] ----------------------------------------------------------------------------------------------------
[EOnCallAirdrop] Drop zone asigned: RCFI <3700.000000, 0.000000, 8830.000000>
[EOnCallAirdrop] Drop zone offset to: <3667.802734, 2438.000000, 8905.620117>
[EOnCallAirdrop] Aircraft spawn point: <-609.141235, 2438.000000, -1000.000000>
[EOnCallAirdrop] Aircraft bearing ... Angle/Bearing: -1.98393° / 203.671°, Text: 'South/West (204°)'
[EOnCallAirdrop] Aircraft has been dispatched to 'RCFI' from the South/West (204°).
[2021-05-18 @ 21-03-44] ----------------------------------------------------------------------------------------------------
[EOnCallAirdrop] Drop zone asigned: Mountainville <7280.000000, 0.000000, 8500.000000>
[EOnCallAirdrop] Drop zone offset to: <7274.288086, 2438.000000, 8533.715820>
[EOnCallAirdrop] Aircraft spawn point: <-1000.000000, 2438.000000, 12799.377930>
[EOnCallAirdrop] Aircraft bearing ... Angle/Bearing: 2.66267° / 297.441°, Text: 'North/West (297°)'
[EOnCallAirdrop] Aircraft has been dispatched to 'Mountainville' from the North/West (297°).
[2021-05-18 @ 21-23-57] ----------------------------------------------------------------------------------------------------
[EOnCallAirdrop] Drop zone asigned: Mount Katahdin <7169.000000, 0.000000, 11620.000000>
[EOnCallAirdrop] Drop zone offset to: <7166.600586, 2438.000000, 11623.400391>
[EOnCallAirdrop] Aircraft spawn point: <17270.000000, 2438.000000, 11407.118164>
[EOnCallAirdrop] Aircraft bearing ... Angle/Bearing: -0.0210722° / 91.2074°, Text: 'East (91°)'
[EOnCallAirdrop] Aircraft has been dispatched to 'Mount Katahdin' from the East (91°).
[2021-05-18 @ 21-44-09] ----------------------------------------------------------------------------------------------------
[EOnCallAirdrop] Drop zone asigned: Woodworking Industrial <4477.000000, 0.000000, 12000.000000>
[EOnCallAirdrop] Drop zone offset to: <4516.255371, 2438.000000, 12052.804688>
[EOnCallAirdrop] Aircraft spawn point: <5812.429199, 2438.000000, -1000.000000>
[EOnCallAirdrop] Aircraft bearing ... Angle/Bearing: -1.46843° / 174.135°, Text: 'South (174°)'
[EOnCallAirdrop] Aircraft has been dispatched to 'Woodworking Industrial' from the South (174°).
