[InitializeContainer] Container created on 2021-05-22 @ 02-07-27
[InitializeContainer] Winds: Vector <7.360449, 0.000000, -5.468390>, Speed 9.16949mps, Strength 0.1
[AirdropContainerFall] Drop Type 'Misc. Food', Container: 'RANDOM', Mode/Quantity/Iems: Random/20/26, Flare:  20%
[AirdropContainerFall] Loot Spawned [1] Pear @ <10186.896484, 42.212048, 4934.340332> ... Lifespan: Set to 120 minutes.
[AirdropContainerFall] Loot Spawned [2] TunaCan @ <10187.681641, 42.175388, 4935.657227> ... Lifespan: Set to 120 minutes.
[AirdropContainerFall] Loot Spawned [3] PowderedMilk @ <10183.266602, 42.352238, 4938.719727> ... Lifespan: Set to 120 minutes.
[AirdropContainerFall] Loot Spawned [4] WaterBottle @ <10186.038086, 42.248634, 4934.298340> ... Lifespan: Set to 120 minutes.
[AirdropContainerFall] Loot Spawned [5] SodaCan_Kvass @ <10183.902344, 42.316681, 4939.791504> ... Lifespan: Set to 120 minutes.
[AirdropContainerFall] Loot Spawned [6] CaninaBerry @ <10185.738281, 42.258183, 4935.575195> ... Lifespan: Set to 120 minutes.
[AirdropContainerFall] Loot Spawned [7] PeachesCan @ <10184.164063, 42.314308, 4937.943848> ... Lifespan: Set to 120 minutes.
[AirdropContainerFall] Loot Spawned [8] Rice @ <10187.008789, 42.204536, 4935.435059> ... Lifespan: Set to 120 minutes.
[AirdropContainerFall] Loot Spawned [9] WaterBottle @ <10182.659180, 42.384991, 4937.940430> ... Lifespan: Set to 120 minutes.
[AirdropContainerFall] Loot Spawned [10] Pumpkin @ <10189.047852, 42.123768, 4936.222656> ... Lifespan: Set to 120 minutes.
[AirdropContainerFall] Loot Spawned [11] SodaCan_Spite @ <10187.378906, 42.173878, 4940.262207> ... Lifespan: Set to 120 minutes.
[AirdropContainerFall] Loot Spawned [12] SambucusBerry @ <10186.062500, 42.228992, 4939.803223> ... Lifespan: Set to 120 minutes.
[AirdropContainerFall] Loot Spawned [13] Pumpkin @ <10187.033203, 42.204185, 4935.161133> ... Lifespan: Set to 120 minutes.
[AirdropContainerFall] Loot Spawned [14] Pear @ <10185.348633, 42.260250, 4938.722168> ... Lifespan: Set to 120 minutes.
[AirdropContainerFall] Loot Spawned [15] TunaCan @ <10185.980469, 42.234436, 4938.937988> ... Lifespan: Set to 120 minutes.
[AirdropContainerFall] Loot Spawned [16] BakedBeansCan @ <10188.301758, 42.149658, 4936.312012> ... Lifespan: Set to 120 minutes.
[AirdropContainerFall] Loot Spawned [17] CaninaBerry @ <10187.422852, 42.175514, 4939.429688> ... Lifespan: Set to 120 minutes.
[AirdropContainerFall] Loot Spawned [18] SodaCan_Pipsi @ <10188.212891, 42.151794, 4936.702148> ... Lifespan: Set to 120 minutes.
[AirdropContainerFall] Loot Spawned [19] Pumpkin @ <10184.089844, 42.324520, 4936.532227> ... Lifespan: Set to 120 minutes.
[AirdropContainerFall] Loot Spawned [20] Lard @ <10183.692383, 42.337910, 4937.540039> ... Lifespan: Set to 120 minutes.
[AirdropContainerUnstuck] Container was unstuck.
[~AirdropContainerBase] Container Destroyed on 2021-05-22 @ 02-27-27
