[AirdropPlane] Aircraft created on 2021-05-24 @ 03-50-48
[InitializeAircraft] Aircraft Initialized: Mountainville @ 7280/8500 (true)
[EOnBeforeDrop] The Aircraft is 1 Km from Mountainville. @ <7760.931152, 152.000610, 7080.994629>
[EOnDrop] Zombie Spawned [1] ZmbM_ClerkFat_White @ <7279.586426, 7.150000, 8373.170898> ... Lifespan:  Set to 120 minutes.
[EOnDrop] Zombie Spawned [2] ZmbF_ShortSkirt_white @ <7313.111816, 7.150000, 8383.601563> ... Lifespan:  Set to 120 minutes.
[EOnDrop] Zombie Spawned [3] ZmbM_ParamedicNormal_Green @ <7311.090332, 7.150000, 8378.357422> ... Lifespan:  Set to 120 minutes.
[EOnDrop] Zombie Spawned [4] ZmbM_CommercialPilotOld_Grey @ <7320.395508, 7.150000, 8421.028320> ... Lifespan:  Set to 120 minutes.
[EOnDrop] Zombie Spawned [5] ZmbM_CitizenBFat_Green @ <7309.546387, 7.150000, 8418.147461> ... Lifespan:  Set to 120 minutes.
[EOnDrop] Zombie Spawned [6] ZmbF_CitizenBSkinny @ <7336.307129, 7.150000, 8383.937500> ... Lifespan:  Set to 120 minutes.
[EOnDrop] Zombie Spawned [7] ZmbF_JournalistNormal_Red @ <7304.742676, 7.150000, 8389.395508> ... Lifespan:  Set to 120 minutes.
[EOnDrop] Zombie Spawned [8] ZmbM_CommercialPilotOld_Grey @ <7321.154785, 7.150000, 8415.243164> ... Lifespan:  Set to 120 minutes.
[EOnDrop] Zombie Spawned [9] ZmbM_Jacket_bluechecks @ <7278.152344, 7.150000, 8381.985352> ... Lifespan:  Set to 120 minutes.
[EOnDrop] Zombie Spawned [10] ZmbM_Jacket_beige @ <7339.518066, 7.150000, 8409.414063> ... Lifespan:  Set to 120 minutes.
[EOnDrop] Zombie Spawned [11] ZmbM_SkaterYoung_Brown @ <7301.427734, 7.150000, 8379.598633> ... Lifespan:  Set to 120 minutes.
[EOnDrop] Zombie Spawned [12] ZmbF_ShortSkirt_white @ <7319.204102, 7.150000, 8442.070313> ... Lifespan:  Set to 120 minutes.
[EOnDrop] Zombie Spawned [13] ZmbM_PatrolNormal_PautRev @ <7300.039063, 7.150000, 8402.630859> ... Lifespan:  Set to 120 minutes.
[EOnDrop] Zombie Spawned [14] ZmbM_PatientSkinny @ <7282.348145, 7.150000, 8426.072266> ... Lifespan:  Set to 120 minutes.
[EOnDrop] Zombie Spawned [15] ZmbM_CommercialPilotOld_Blue @ <7345.130371, 7.150000, 8390.961914> ... Lifespan:  Set to 120 minutes.
[EOnDrop] Zombie Spawned [16] ZmbM_CommercialPilotOld_Olive @ <7303.077148, 7.150000, 8410.124023> ... Lifespan:  Set to 120 minutes.
[EOnDrop] Zombie Spawned [17] ZmbF_NurseFat @ <7273.186035, 7.150000, 8379.876953> ... Lifespan:  Set to 120 minutes.
[EOnDrop] Zombie Spawned [18] ZmbM_PatrolNormal_PautRev @ <7324.066895, 7.150000, 8428.761719> ... Lifespan:  Set to 120 minutes.
[EOnDrop] Zombie Spawned [19] ZmbM_JoggerSkinny_Green @ <7304.321777, 7.150000, 8406.917969> ... Lifespan:  Set to 120 minutes.
[EOnDrop] Zombie Spawned [20] ZmbM_CommercialPilotOld_Grey @ <7296.949219, 7.150000, 8438.249023> ... Lifespan:  Set to 120 minutes.
[EOnDrop] Zombie Spawned [21] ZmbF_JoggerSkinny_Blue @ <7277.812500, 7.150000, 8373.583984> ... Lifespan:  Set to 120 minutes.
[EOnDrop] Zombie Spawned [22] ZmbM_Jacket_brown @ <7313.532715, 7.150000, 8380.476563> ... Lifespan:  Set to 120 minutes.
[EOnDrop] Zombie Spawned [23] ZmbM_ParamedicNormal_Black @ <7281.446777, 7.150000, 8409.241211> ... Lifespan:  Set to 120 minutes.
[EOnDrop] Zombie Spawned [24] ZmbF_SkaterYoung_Brown @ <7319.852539, 7.150000, 8406.076172> ... Lifespan:  Set to 120 minutes.
[EOnDrop] Zombie Spawned [25] ZmbM_DoctorFat @ <7286.817383, 7.150000, 8390.799805> ... Lifespan:  Set to 120 minutes.
[EOnDrop] Zombie Spawned [26] ZmbM_SkaterYoung_Brown @ <7316.562012, 7.150000, 8407.568359> ... Lifespan:  Set to 120 minutes.
[EOnDrop] Zombie Spawned [27] ZmbM_ClerkFat_Brown @ <7294.630859, 7.150000, 8409.790039> ... Lifespan:  Set to 120 minutes.
[EOnDrop] Zombie Spawned [28] ZmbM_SkaterYoung_Green @ <7302.810059, 7.150000, 8454.706055> ... Lifespan:  Set to 120 minutes.
[EOnDrop] Zombie Spawned [29] ZmbF_SkaterYoung_Violet @ <7299.541016, 7.150000, 8416.207031> ... Lifespan:  Set to 120 minutes.
[EOnDrop] Drop spawned with 29 infected at <7308.509766, 144.933807, 8412.571289>.
[EOnDrop] Supplies have been dropped near Mountainville.
[EOnBeforeDelete] Aircraft despawned @ <4297.952637, 152.000610, 17271.332031>
[~AirdropPlane] Aircraft destroyed.
