[InitializeContainer] Container created on 2021-05-22 @ 15-55-45
[InitializeContainer] Winds: Vector <-1.544752, 0.000000, -5.503357>, Speed 5.71605mps, Strength 0.1
[AirdropContainerFall] Drop Type 'Military East', Container: 'RANDOM', Mode/Quantity/Iems: Random/20/28, Flare:  10%
[AirdropContainerFall] Loot Spawned [1] TTsKOJacket_Camo @ <7003.972656, 39.320656, 2486.459229> ... Lifespan: Set to 120 minutes.
[AirdropContainerFall] Loot Spawned [2] GorkaEJacket_Flat @ <7000.403320, 38.914169, 2488.318604> ... Lifespan: Set to 120 minutes.
[AirdropContainerFall] Loot Spawned [3] CanOpener @ <7003.486816, 39.262676, 2486.756348> ... Lifespan: Set to 120 minutes.
[AirdropContainerFall] Loot Spawned [4] AK_Bayonet @ <6999.183594, 38.866951, 2487.926514> ... Lifespan: Set to 120 minutes.
[AirdropContainerFall] Loot Spawned [5] TacticalGoggles @ <7003.101074, 39.502800, 2483.367920> ... Lifespan: Set to 120 minutes.
[AirdropContainerFall] Loot Spawned [6] UniversalLight @ <7000.715332, 39.329998, 2483.981445> ... Lifespan: Set to 120 minutes.
[AirdropContainerFall] Loot Spawned [7] Canteen @ <7001.880371, 39.440319, 2483.347168> ... Lifespan: Set to 120 minutes.
[AirdropContainerFall] Loot Spawned [8] Mag_AKM_30Rnd @ <7000.199219, 39.327755, 2483.686523> ... Lifespan: Set to 120 minutes.
[AirdropContainerFall] Loot Spawned [9] WeaponCleaningKit @ <7002.696289, 39.132057, 2487.740234> ... Lifespan: Set to 120 minutes.
[AirdropContainerFall] Loot Spawned [10] Canteen @ <7004.520508, 39.361103, 2486.432129> ... Lifespan: Set to 120 minutes.
[AirdropContainerFall] Loot Spawned [11] TTSKOPants @ <7003.668945, 39.407215, 2484.951172> ... Lifespan: Set to 120 minutes.
[AirdropContainerFall] Loot Spawned [12] WeaponCleaningKit @ <7001.728027, 39.086853, 2487.362061> ... Lifespan: Set to 120 minutes.
[AirdropContainerFall] Loot Spawned [13] TacticalGoggles @ <7000.571289, 39.049606, 2486.856689> ... Lifespan: Set to 120 minutes.
[AirdropContainerFall] Loot Spawned [14] AKM @ <7003.558594, 39.333607, 2485.852295> ... Lifespan: Set to 120 minutes.
[AirdropContainerFall] Loot Spawned [15] Battery9V @ <6999.006836, 39.145592, 2484.895264> ... Lifespan: Set to 120 minutes.
[AirdropContainerFall] Loot Spawned [16] TacticalGoggles @ <6999.312988, 39.188866, 2484.633057> ... Lifespan: Set to 120 minutes.
[AirdropContainerFall] Loot Spawned [17] Binoculars @ <6998.769531, 39.168365, 2484.597900> ... Lifespan: Set to 120 minutes.
[AirdropContainerFall] Loot Spawned [18] Canteen @ <6999.291992, 39.067924, 2485.882324> ... Lifespan: Set to 120 minutes.
[AirdropContainerFall] Loot Spawned [19] GorkaPants_Autumn @ <7003.510254, 39.158371, 2488.187012> ... Lifespan: Set to 120 minutes.
[AirdropContainerFall] Loot Spawned [20] GorkaPants_Flat @ <7002.480469, 39.440014, 2483.757568> ... Lifespan: Set to 120 minutes.
[AirdropContainerUnstuck] Container was unstuck.
[~AirdropContainerBase] Container Destroyed on 2021-05-22 @ 16-00-00
