[InitializeContainer] Container created on 2021-05-23 @ 23-09-36
[InitializeContainer] Winds: Vector <5.947203, 0.000000, -6.304010>, Speed 8.66659mps, Strength 0.1
[AirdropContainerFall] Drop Type 'Misc. Food', Container: 'RANDOM', Mode/Quantity/Iems: Random/20/26, Flare:  20%
[AirdropContainerFall] Loot Spawned [1] CaninaBerry @ <2054.062256, 9.191000, 9096.855469> ... Lifespan: Set to 120 minutes.
[AirdropContainerFall] Loot Spawned [2] SpaghettiCan @ <2057.901855, 9.191000, 9099.913086> ... Lifespan: Set to 120 minutes.
[AirdropContainerFall] Loot Spawned [3] CaninaBerry @ <2056.290771, 9.191000, 9097.589844> ... Lifespan: Set to 120 minutes.
[AirdropContainerFall] Loot Spawned [4] WaterBottle @ <2055.010254, 9.191000, 9097.873047> ... Lifespan: Set to 120 minutes.
[AirdropContainerFall] Loot Spawned [5] SodaCan_Spite @ <2059.000000, 9.191000, 9098.139648> ... Lifespan: Set to 120 minutes.
[AirdropContainerFall] Loot Spawned [6] BakedBeansCan @ <2055.455322, 9.191000, 9096.923828> ... Lifespan: Set to 120 minutes.
[AirdropContainerFall] Loot Spawned [7] Pumpkin @ <2052.967285, 9.191000, 9098.361328> ... Lifespan: Set to 120 minutes.
[AirdropContainerFall] Loot Spawned [8] SodaCan_Kvass @ <2053.297119, 9.191000, 9098.985352> ... Lifespan: Set to 120 minutes.
[AirdropContainerFall] Loot Spawned [9] Tomato @ <2057.286377, 9.191000, 9100.938477> ... Lifespan: Set to 120 minutes.
[AirdropContainerFall] Loot Spawned [10] Tomato @ <2053.833252, 9.191000, 9100.743164> ... Lifespan: Set to 120 minutes.
[AirdropContainerFall] Loot Spawned [11] Tomato @ <2057.764648, 9.191000, 9098.822266> ... Lifespan: Set to 120 minutes.
[AirdropContainerFall] Loot Spawned [12] GreenBellPepper @ <2055.036133, 9.191000, 9100.941406> ... Lifespan: Set to 120 minutes.
[AirdropContainerFall] Loot Spawned [13] PowderedMilk @ <2053.689941, 9.191000, 9097.891602> ... Lifespan: Set to 120 minutes.
[AirdropContainerFall] Loot Spawned [14] Pumpkin @ <2057.532715, 9.191000, 9098.538086> ... Lifespan: Set to 120 minutes.
[AirdropContainerFall] Loot Spawned [15] TacticalBaconCan @ <2056.542480, 9.191000, 9101.837891> ... Lifespan: Set to 120 minutes.
[AirdropContainerFall] Loot Spawned [16] Rice @ <2054.794678, 9.191000, 9098.717773> ... Lifespan: Set to 120 minutes.
[AirdropContainerFall] Loot Spawned [17] WaterBottle @ <2056.241943, 9.191000, 9097.949219> ... Lifespan: Set to 120 minutes.
[AirdropContainerFall] Loot Spawned [18] SodaCan_Spite @ <2055.562744, 9.191000, 9101.194336> ... Lifespan: Set to 120 minutes.
[AirdropContainerFall] Loot Spawned [19] Rice @ <2058.090820, 9.191000, 9098.582031> ... Lifespan: Set to 120 minutes.
[AirdropContainerFall] Loot Spawned [20] SodaCan_Pipsi @ <2055.010010, 9.191000, 9101.639648> ... Lifespan: Set to 120 minutes.
[AirdropContainerUnstuck] Container was unstuck.
[~AirdropContainerBase] Container Destroyed on 2021-05-23 @ 23-29-36
