[AirdropPlane] Aircraft created on 2021-05-22 @ 21-23-45
[InitializeAircraft] Aircraft Initialized: Woodworking Industrial @ 4477/12000 (true)
[EOnBeforeDrop] The Aircraft is 1 Km from Woodworking Industrial. @ <5082.475098, 152.000610, 13371.500000>
[EOnDrop] Zombie Spawned [1] ZmbF_HikerSkinny_Grey @ <4499.218750, 8.279997, 12079.649414> ... Lifespan:  Set to 120 minutes.
[EOnDrop] Zombie Spawned [2] ZmbF_MilkMaidOld_Beige @ <4519.670410, 8.280001, 12081.314453> ... Lifespan:  Set to 120 minutes.
[EOnDrop] Zombie Spawned [3] ZmbM_HunterOld_Winter @ <4538.170410, 8.280001, 12061.246094> ... Lifespan:  Set to 120 minutes.
[EOnDrop] Zombie Spawned [4] ZmbM_MotobikerFat_Beige @ <4546.103516, 8.280001, 12085.980469> ... Lifespan:  Set to 120 minutes.
[EOnDrop] Zombie Spawned [5] ZmbF_VillagerOld_Green @ <4546.377441, 8.280001, 12069.255859> ... Lifespan:  Set to 120 minutes.
[EOnDrop] Spawn failed for zombie [6] 'ZmbM_SurvivorDean_Blue', it does not exist in DayZ!
[EOnDrop] Zombie Spawned [7] ZmbF_VillagerOld_White @ <4555.243164, 8.280001, 12069.091797> ... Lifespan:  Set to 120 minutes.
[EOnDrop] Zombie Spawned [8] ZmbM_HunterOld_Winter @ <4532.381348, 8.280001, 12055.950195> ... Lifespan:  Set to 120 minutes.
[EOnDrop] Zombie Spawned [9] ZmbF_HikerSkinny_Red @ <4549.659668, 8.280001, 12050.866211> ... Lifespan:  Set to 120 minutes.
[EOnDrop] Spawn failed for zombie [10] 'ZmbM_SurvivorDean_Black', it does not exist in DayZ!
[EOnDrop] Spawn failed for zombie [11] 'ZmbM_SurvivorDean_Grey', it does not exist in DayZ!
[EOnDrop] Zombie Spawned [12] ZmbF_VillagerOld_Red @ <4510.980469, 8.280001, 12087.398438> ... Lifespan:  Set to 120 minutes.
[EOnDrop] Zombie Spawned [13] ZmbF_SurvivorNormal_Orange @ <4530.432617, 8.280001, 12051.652344> ... Lifespan:  Set to 120 minutes.
[EOnDrop] Zombie Spawned [14] ZmbM_priestPopSkinny @ <4529.032227, 8.280001, 12111.170898> ... Lifespan:  Set to 120 minutes.
[EOnDrop] Zombie Spawned [15] ZmbM_HermitSkinny_Black @ <4521.368164, 8.280001, 12079.736328> ... Lifespan:  Set to 120 minutes.
[EOnDrop] Zombie Spawned [16] ZmbF_SurvivorNormal_Blue @ <4505.011719, 8.280001, 12057.591797> ... Lifespan:  Set to 120 minutes.
[EOnDrop] Zombie Spawned [17] ZmbF_SurvivorNormal_Orange @ <4503.087891, 8.280000, 12101.219727> ... Lifespan:  Set to 120 minutes.
[EOnDrop] Zombie Spawned [18] ZmbM_HunterOld_Summer @ <4508.079590, 8.280001, 12098.011719> ... Lifespan:  Set to 120 minutes.
[EOnDrop] Zombie Spawned [19] ZmbM_FarmerFat_Beige @ <4493.261719, 8.279997, 12057.289063> ... Lifespan:  Set to 120 minutes.
[EOnDrop] Zombie Spawned [20] ZmbF_SurvivorNormal_White @ <4528.883301, 8.280001, 12081.296875> ... Lifespan:  Set to 120 minutes.
[EOnDrop] Zombie Spawned [21] ZmbF_HikerSkinny_Blue @ <4508.816406, 8.279998, 12028.675781> ... Lifespan:  Set to 120 minutes.
[EOnDrop] Zombie Spawned [22] ZmbM_MotobikerFat_Beige @ <4523.832031, 8.280001, 12072.885742> ... Lifespan:  Set to 120 minutes.
[EOnDrop] Zombie Spawned [23] ZmbM_priestPopSkinny @ <4522.038574, 8.280001, 12067.512695> ... Lifespan:  Set to 120 minutes.
[EOnDrop] Zombie Spawned [24] ZmbF_HikerSkinny_Grey @ <4528.251953, 8.280001, 12106.982422> ... Lifespan:  Set to 120 minutes.
[EOnDrop] Zombie Spawned [25] ZmbF_MilkMaidOld_Beige @ <4504.104980, 8.280001, 12055.423828> ... Lifespan:  Set to 120 minutes.
[EOnDrop] Zombie Spawned [26] ZmbF_MilkMaidOld_Beige @ <4487.505859, 8.279997, 12070.656250> ... Lifespan:  Set to 120 minutes.
[EOnDrop] Zombie Spawned [27] ZmbF_VillagerOld_Blue @ <4506.892578, 8.279999, 12110.871094> ... Lifespan:  Set to 120 minutes.
[EOnDrop] Zombie Spawned [28] ZmbF_VillagerOld_Blue @ <4541.385742, 8.280001, 12104.870117> ... Lifespan:  Set to 120 minutes.
[EOnDrop] Zombie Spawned [29] ZmbM_VillagerOld_Blue @ <4509.508301, 8.280001, 12099.183594> ... Lifespan:  Set to 120 minutes.
[EOnDrop] Zombie Spawned [30] ZmbM_HunterOld_Winter @ <4520.578125, 8.280001, 12071.522461> ... Lifespan:  Set to 120 minutes.
[EOnDrop] Zombie Spawned [31] ZmbF_HikerSkinny_Red @ <4528.122070, 8.280001, 12108.496094> ... Lifespan:  Set to 120 minutes.
[EOnDrop] Zombie Spawned [32] ZmbM_HunterOld_Winter @ <4495.292480, 8.279997, 12042.991211> ... Lifespan:  Set to 120 minutes.
[EOnDrop] Zombie Spawned [33] ZmbM_FarmerFat_Beige @ <4504.788086, 8.279997, 12028.284180> ... Lifespan:  Set to 120 minutes.
[EOnDrop] Zombie Spawned [34] ZmbM_FarmerFat_Blue @ <4552.550781, 8.280001, 12062.632813> ... Lifespan:  Set to 120 minutes.
[EOnDrop] Zombie Spawned [35] ZmbM_FarmerFat_Brown @ <4481.591797, 8.279997, 12094.532227> ... Lifespan:  Set to 120 minutes.
[EOnDrop] Zombie Spawned [36] ZmbM_HermitSkinny_Red @ <4532.324219, 8.280001, 12081.050781> ... Lifespan:  Set to 120 minutes.
[EOnDrop] Zombie Spawned [37] ZmbM_HunterOld_Winter @ <4542.203125, 8.280001, 12113.812500> ... Lifespan:  Set to 120 minutes.
[EOnDrop] Zombie Spawned [38] ZmbF_SurvivorNormal_White @ <4509.890137, 8.280001, 12091.072266> ... Lifespan:  Set to 120 minutes.
[EOnDrop] Zombie Spawned [39] ZmbM_HermitSkinny_Green @ <4546.324219, 8.280001, 12067.801758> ... Lifespan:  Set to 120 minutes.
[EOnDrop] Zombie Spawned [40] ZmbF_MilkMaidOld_Grey @ <4494.990234, 8.279997, 12094.264648> ... Lifespan:  Set to 120 minutes.
[EOnDrop] Zombie Spawned [41] ZmbM_VillagerOld_White @ <4547.023438, 8.280001, 12077.020508> ... Lifespan:  Set to 120 minutes.
[EOnDrop] Zombie Spawned [42] ZmbF_VillagerOld_Red @ <4532.175781, 8.280001, 12044.663086> ... Lifespan:  Set to 120 minutes.
[EOnDrop] Zombie Spawned [43] ZmbF_MilkMaidOld_Beige @ <4482.001465, 8.279997, 12081.170898> ... Lifespan:  Set to 120 minutes.
[EOnDrop] Zombie Spawned [44] ZmbM_HunterOld_Summer @ <4472.703613, 8.279997, 12061.565430> ... Lifespan:  Set to 120 minutes.
[EOnDrop] Zombie Spawned [45] ZmbM_FarmerFat_Brown @ <4526.012207, 8.280001, 12056.247070> ... Lifespan:  Set to 120 minutes.
[EOnDrop] Zombie Spawned [46] ZmbF_VillagerOld_Green @ <4499.099609, 8.279997, 12074.135742> ... Lifespan:  Set to 120 minutes.
[EOnDrop] Zombie Spawned [47] ZmbF_MilkMaidOld_Green @ <4519.551270, 8.280001, 12078.963867> ... Lifespan:  Set to 120 minutes.
[EOnDrop] Zombie Spawned [48] ZmbM_MotobikerFat_Black @ <4501.158691, 8.279999, 12045.353516> ... Lifespan:  Set to 120 minutes.
[EOnDrop] Zombie Spawned [49] ZmbM_HunterOld_Spring @ <4534.963867, 8.280001, 12058.019531> ... Lifespan:  Set to 120 minutes.
[EOnDrop] Zombie Spawned [50] ZmbF_HikerSkinny_Grey @ <4528.425781, 8.280001, 12055.943359> ... Lifespan:  Set to 120 minutes.
[EOnDrop] Drop spawned with 50 infected at <4511.966309, 153.966705, 12077.296875>.
[EOnDrop] Supplies have been dropped near Woodworking Industrial.
[EOnBeforeDelete] Aircraft despawned @ <-1000.457520, 185.870773, -424.479950>
[~AirdropPlane] Aircraft destroyed.
