[AirdropPlane] Aircraft created on 2021-05-22 @ 01-43-51
[InitializeAircraft] Aircraft Initialized: Old Town @ 2059/9030 (true)
[EOnBeforeDrop] The Aircraft is 1 Km from Old Town. @ <1594.919189, 152.000610, 7604.316406>
[EOnDrop] Zombie Spawned [1] ZmbF_JoggerSkinny_Green @ <2010.936523, 9.690000, 8984.791992> ... Lifespan:  Set to 120 minutes.
[EOnDrop] Zombie Spawned [2] ZmbF_JournalistNormal_White @ <2043.654907, 9.690000, 8928.614258> ... Lifespan:  Set to 120 minutes.
[EOnDrop] Zombie Spawned [3] ZmbM_PatrolNormal_Autumn @ <2056.348389, 9.690000, 8973.187500> ... Lifespan:  Set to 120 minutes.
[EOnDrop] Zombie Spawned [4] ZmbF_ShortSkirt_yellow @ <2052.322754, 9.690000, 8979.139648> ... Lifespan:  Set to 120 minutes.
[EOnDrop] Zombie Spawned [5] ZmbF_Clerk_Normal_Blue @ <2039.564331, 9.690000, 8941.284180> ... Lifespan:  Set to 120 minutes.
[EOnDrop] Zombie Spawned [6] ZmbF_JournalistNormal_Red @ <2001.729370, 9.690000, 8945.438477> ... Lifespan:  Set to 120 minutes.
[EOnDrop] Zombie Spawned [7] ZmbF_DoctorSkinny @ <2020.189941, 9.690000, 8930.939453> ... Lifespan:  Set to 120 minutes.
[EOnDrop] Zombie Spawned [8] ZmbM_PatrolNormal_PautRev @ <2014.808105, 9.690000, 8955.123047> ... Lifespan:  Set to 120 minutes.
[EOnDrop] Zombie Spawned [9] ZmbM_CitizenASkinny_Blue @ <2051.058594, 9.690000, 8951.567383> ... Lifespan:  Set to 120 minutes.
[EOnDrop] Zombie Spawned [10] ZmbF_ParamedicNormal_Blue @ <2001.601440, 9.690000, 8926.780273> ... Lifespan:  Set to 120 minutes.
[EOnDrop] Zombie Spawned [11] ZmbF_SkaterYoung_Striped @ <2032.942871, 9.690000, 8956.848633> ... Lifespan:  Set to 120 minutes.
[EOnDrop] Zombie Spawned [12] ZmbM_PolicemanSpecForce @ <2042.268555, 9.690000, 8945.962891> ... Lifespan:  Set to 120 minutes.
[EOnDrop] Zombie Spawned [13] ZmbM_Jacket_stripes @ <2016.384521, 9.690000, 8954.433594> ... Lifespan:  Set to 120 minutes.
[EOnDrop] Zombie Spawned [14] ZmbF_ParamedicNormal_Green @ <2029.311157, 9.690000, 8933.340820> ... Lifespan:  Set to 120 minutes.
[EOnDrop] Zombie Spawned [15] ZmbM_JournalistSkinny @ <2062.168457, 9.690000, 8939.312500> ... Lifespan:  Set to 120 minutes.
[EOnDrop] Zombie Spawned [16] ZmbM_Jacket_khaki @ <2006.183472, 9.690000, 8949.221680> ... Lifespan:  Set to 120 minutes.
[EOnDrop] Zombie Spawned [17] ZmbF_ShortSkirt_black @ <2065.539307, 9.690000, 8963.300781> ... Lifespan:  Set to 120 minutes.
[EOnDrop] Zombie Spawned [18] ZmbF_Clerk_Normal_Blue @ <2022.744385, 9.690000, 8939.074219> ... Lifespan:  Set to 120 minutes.
[EOnDrop] Zombie Spawned [19] ZmbM_Jacket_grey @ <2029.234253, 9.690000, 8958.294922> ... Lifespan:  Set to 120 minutes.
[EOnDrop] Zombie Spawned [20] ZmbF_CitizenBSkinny @ <2032.538330, 9.690000, 8935.140625> ... Lifespan:  Set to 120 minutes.
[EOnDrop] Zombie Spawned [21] ZmbF_SkaterYoung_Striped @ <2023.750610, 9.690000, 8951.695313> ... Lifespan:  Set to 120 minutes.
[EOnDrop] Zombie Spawned [22] ZmbM_CommercialPilotOld_Olive @ <2038.973389, 9.690000, 8996.417969> ... Lifespan:  Set to 120 minutes.
[EOnDrop] Zombie Spawned [23] ZmbF_JournalistNormal_Red @ <2046.395386, 9.690000, 8979.710938> ... Lifespan:  Set to 120 minutes.
[EOnDrop] Zombie Spawned [24] ZmbF_ParamedicNormal_Blue @ <2040.779053, 9.690000, 8941.823242> ... Lifespan:  Set to 120 minutes.
[EOnDrop] Zombie Spawned [25] ZmbM_DoctorFat @ <2021.008545, 9.690000, 8948.136719> ... Lifespan:  Set to 120 minutes.
[EOnDrop] Zombie Spawned [26] ZmbM_SkaterYoung_Brown @ <2037.830933, 9.690000, 8940.918945> ... Lifespan:  Set to 120 minutes.
[EOnDrop] Zombie Spawned [27] ZmbM_SkaterYoung_Brown @ <2031.668335, 9.690000, 8959.154297> ... Lifespan:  Set to 120 minutes.
[EOnDrop] Zombie Spawned [28] ZmbF_ShortSkirt_red @ <2025.110352, 9.690000, 8947.241211> ... Lifespan:  Set to 120 minutes.
[EOnDrop] Zombie Spawned [29] ZmbM_Jacket_brown @ <2057.066895, 9.690000, 8945.193359> ... Lifespan:  Set to 120 minutes.
[EOnDrop] Zombie Spawned [30] ZmbM_ClerkFat_Khaki @ <2022.293091, 9.690000, 8963.204102> ... Lifespan:  Set to 120 minutes.
[EOnDrop] Drop spawned with 30 infected at <2031.956787, 151.783768, 8946.949219>.
[EOnDrop] Supplies have been dropped near Old Town.
[EOnBeforeDelete] Aircraft despawned @ <4742.499023, 152.000610, 17271.404297>
[~AirdropPlane] Aircraft destroyed.
