[AirdropPlane] Aircraft created on 2021-05-16 @ 20-13-23
[InitializeAircraft] Aircraft Initialized: Stonington @ 6956/2438 (true)
[EOnBeforeDrop] The Aircraft is 1 Km from Stonington. @ <8074.773438, 152.359985, 3434.613281>
[EOnDrop] Zombie Spawned [1] ZmbM_HandymanNormal_Green @ <7058.887695, 35.308014, 2472.264893> ... Lifespan:  Set to 120 minutes.
[EOnDrop] Zombie Spawned [2] ZmbM_HandymanNormal_Blue @ <7010.826660, 37.172340, 2510.705566> ... Lifespan:  Set to 120 minutes.
[EOnDrop] Zombie Spawned [3] ZmbM_FishermanOld_Green @ <6973.899902, 38.446533, 2490.080078> ... Lifespan:  Set to 120 minutes.
[EOnDrop] Zombie Spawned [4] ZmbF_MechanicNormal_Green @ <7011.612305, 40.131039, 2494.109619> ... Lifespan:  Set to 120 minutes.
[EOnDrop] Zombie Spawned [5] ZmbM_MechanicSkinny_Red @ <7012.069336, 40.540775, 2486.064941> ... Lifespan:  Set to 120 minutes.
[EOnDrop] Zombie Spawned [6] ZmbM_MechanicSkinny_Blue @ <7021.673828, 40.443619, 2539.443604> ... Lifespan:  Set to 120 minutes.
[EOnDrop] Zombie Spawned [7] ZmbM_MechanicSkinny_Blue @ <7047.098145, 35.579990, 2508.158203> ... Lifespan:  Set to 120 minutes.
[EOnDrop] Zombie Spawned [8] ZmbM_FishermanOld_Grey @ <7039.112305, 38.995857, 2499.808594> ... Lifespan:  Set to 120 minutes.
[EOnDrop] Zombie Spawned [9] ZmbM_MechanicSkinny_Red @ <7014.640625, 39.451103, 2503.718994> ... Lifespan:  Set to 120 minutes.
[EOnDrop] Zombie Spawned [10] ZmbM_MechanicSkinny_Green @ <6981.311523, 39.068249, 2486.032471> ... Lifespan:  Set to 120 minutes.
[EOnDrop] Zombie Spawned [11] ZmbM_ConstrWorkerNormal_Green @ <7025.744141, 41.920849, 2488.139893> ... Lifespan:  Set to 120 minutes.
[EOnDrop] Zombie Spawned [12] ZmbM_HandymanNormal_Green @ <6986.817871, 36.466152, 2515.993896> ... Lifespan:  Set to 120 minutes.
[EOnDrop] Zombie Spawned [13] ZmbM_FishermanOld_Green @ <7036.297363, 38.809322, 2502.947021> ... Lifespan:  Set to 120 minutes.
[EOnDrop] Zombie Spawned [14] ZmbM_OffshoreWorker_Green @ <6986.169434, 38.641766, 2488.799561> ... Lifespan:  Set to 120 minutes.
[EOnDrop] Zombie Spawned [15] ZmbM_MechanicSkinny_Blue @ <7035.573242, 43.630657, 2465.311035> ... Lifespan:  Set to 120 minutes.
[EOnDrop] Zombie Spawned [16] ZmbM_MechanicSkinny_Grey @ <7041.391113, 43.490223, 2458.151855> ... Lifespan:  Set to 120 minutes.
[EOnDrop] Zombie Spawned [17] ZmbM_MechanicSkinny_Blue @ <7014.810547, 42.060432, 2470.649414> ... Lifespan:  Set to 120 minutes.
[EOnDrop] Zombie Spawned [18] ZmbM_FishermanOld_Red @ <7008.074707, 41.148735, 2471.807373> ... Lifespan:  Set to 120 minutes.
[EOnDrop] Zombie Spawned [19] ZmbM_ConstrWorkerNormal_Black @ <7025.923828, 44.944614, 2452.598145> ... Lifespan:  Set to 120 minutes.
[EOnDrop] Zombie Spawned [20] ZmbM_MechanicSkinny_Blue @ <7033.497070, 43.365700, 2469.903076> ... Lifespan:  Set to 120 minutes.
[EOnDrop] Zombie Spawned [21] ZmbM_HeavyIndustryWorker @ <7037.266113, 40.809349, 2488.069580> ... Lifespan:  Set to 120 minutes.
[EOnDrop] Zombie Spawned [22] ZmbM_MechanicSkinny_Green @ <7013.872070, 38.529934, 2517.570313> ... Lifespan:  Set to 120 minutes.
[EOnDrop] Zombie Spawned [23] ZmbM_ConstrWorkerNormal_Black @ <7006.475098, 41.669624, 2465.852295> ... Lifespan:  Set to 120 minutes.
[EOnDrop] Zombie Spawned [24] ZmbF_MechanicNormal_Orange @ <7011.138672, 39.991299, 2496.743408> ... Lifespan:  Set to 120 minutes.
[EOnDrop] Zombie Spawned [25] ZmbM_MechanicSkinny_Green @ <7004.365723, 38.236557, 2521.510986> ... Lifespan:  Set to 120 minutes.
[EOnDrop] Zombie Spawned [26] ZmbF_MechanicNormal_Orange @ <7030.263184, 42.828632, 2477.472656> ... Lifespan:  Set to 120 minutes.
[EOnDrop] Zombie Spawned [27] ZmbM_OffshoreWorker_Red @ <7024.332520, 41.708298, 2491.153076> ... Lifespan:  Set to 120 minutes.
[EOnDrop] Zombie Spawned [28] ZmbM_HandymanNormal_Grey @ <7001.231934, 39.663261, 2486.014893> ... Lifespan:  Set to 120 minutes.
[EOnDrop] Zombie Spawned [29] ZmbM_FishermanOld_Red @ <6998.502441, 39.802605, 2483.157959> ... Lifespan:  Set to 120 minutes.
[EOnDrop] Zombie Spawned [30] ZmbM_FishermanOld_Blue @ <7024.943848, 41.357983, 2498.390869> ... Lifespan:  Set to 120 minutes.
[EOnDrop] Zombie Spawned [31] ZmbM_OffshoreWorker_Green @ <7005.045898, 38.488537, 2503.831787> ... Lifespan:  Set to 120 minutes.
[EOnDrop] Zombie Spawned [32] ZmbM_OffshoreWorker_Green @ <7006.169434, 38.681473, 2503.577881> ... Lifespan:  Set to 120 minutes.
[EOnDrop] Zombie Spawned [33] ZmbM_ConstrWorkerNormal_Beige @ <6981.320313, 39.662811, 2482.109375> ... Lifespan:  Set to 120 minutes.
[EOnDrop] Zombie Spawned [34] ZmbM_HandymanNormal_Beige @ <7018.908203, 38.102177, 2514.352539> ... Lifespan:  Set to 120 minutes.
[EOnDrop] Zombie Spawned [35] ZmbM_HeavyIndustryWorker @ <7034.466309, 39.560024, 2518.222900> ... Lifespan:  Set to 120 minutes.
[EOnDrop] Zombie Spawned [36] ZmbM_HandymanNormal_White @ <7017.920410, 40.853725, 2496.653076> ... Lifespan:  Set to 120 minutes.
[EOnDrop] Zombie Spawned [37] ZmbM_HandymanNormal_Blue @ <7007.707031, 40.487400, 2480.222168> ... Lifespan:  Set to 120 minutes.
[EOnDrop] Zombie Spawned [38] ZmbF_MechanicNormal_Beige @ <7007.221191, 43.292351, 2449.469727> ... Lifespan:  Set to 120 minutes.
[EOnDrop] Zombie Spawned [39] ZmbM_MechanicSkinny_Green @ <7023.204102, 38.525002, 2508.088135> ... Lifespan:  Set to 120 minutes.
[EOnDrop] Zombie Spawned [40] ZmbM_ConstrWorkerNormal_Grey @ <7002.908691, 40.223518, 2480.508301> ... Lifespan:  Set to 120 minutes.
[EOnDrop] Drop spawned with 40 infected at <7016.775391, 178.835236, 2490.741211>.
[EOnDrop] Supplies have been dropped near Stonington.
[EOnBeforeDelete] Aircraft despawned @ <3102.733887, 152.000610, -1000.923523>
[~AirdropPlane] Aircraft destroyed.
