[InitializeContainer] Container created on 2021-05-20 @ 18-44-06
[InitializeContainer] Winds: Vector <-2.249124, 0.000000, -0.203338>, Speed 2.2583mps, Strength 0.1
[AirdropContainerFall] Drop Type 'Military West', Container: 'RANDOM', Mode/Quantity/Iems: Random/20/40, Flare:  10%
[AirdropContainerFall] Loot Spawned [1] USMCPants_Desert @ <5562.967285, 74.000999, 3615.967041> ... Lifespan: Set to 120 minutes.
[AirdropContainerFall] Loot Spawned [2] MilitaryBoots_Beige @ <5568.112793, 74.000999, 3614.927979> ... Lifespan: Set to 120 minutes.
[AirdropContainerFall] Loot Spawned [3] M4_T3NrdSOptic @ <5561.976074, 74.000999, 3614.773682> ... Lifespan: Set to 120 minutes.
[AirdropContainerFall] Loot Spawned [4] Mag_FNX45_15Rnd @ <5565.800781, 74.000999, 3617.686279> ... Lifespan: Set to 120 minutes.
[AirdropContainerFall] Loot Spawned [5] Binoculars @ <5561.841309, 74.000999, 3613.845215> ... Lifespan: Set to 120 minutes.
[AirdropContainerFall] Loot Spawned [6] M4_RISHndgrd @ <5563.908203, 74.000999, 3615.835693> ... Lifespan: Set to 120 minutes.
[AirdropContainerFall] Loot Spawned [7] TacticalBaconCan @ <5565.520996, 74.000999, 3616.155762> ... Lifespan: Set to 120 minutes.
[AirdropContainerFall] Loot Spawned [8] M4_RISHndgrd @ <5563.873535, 74.000999, 3616.199951> ... Lifespan: Set to 120 minutes.
[AirdropContainerFall] Loot Spawned [9] MilitaryBoots_Brown @ <5568.190430, 74.000999, 3615.068848> ... Lifespan: Set to 120 minutes.
[AirdropContainerFall] Loot Spawned [10] UKAssVest_Olive @ <5565.718750, 74.000999, 3611.177734> ... Lifespan: Set to 120 minutes.
[AirdropContainerFall] Loot Spawned [11] UKAssVest_Camo @ <5561.981934, 74.000999, 3614.260986> ... Lifespan: Set to 120 minutes.
[AirdropContainerFall] Loot Spawned [12] UniversalLight @ <5566.757813, 74.000999, 3615.894775> ... Lifespan: Set to 120 minutes.
[AirdropContainerFall] Loot Spawned [13] AssaultBag_Green @ <5562.642578, 74.000999, 3617.041504> ... Lifespan: Set to 120 minutes.
[AirdropContainerFall] Loot Spawned [14] AssaultBag_Black @ <5565.510742, 74.000999, 3616.361816> ... Lifespan: Set to 120 minutes.
[AirdropContainerFall] Loot Spawned [15] UKAssVest_Khaki @ <5562.969238, 74.000999, 3615.351074> ... Lifespan: Set to 120 minutes.
[AirdropContainerFall] Loot Spawned [16] TacticalGloves_Black @ <5564.481934, 74.000999, 3611.761963> ... Lifespan: Set to 120 minutes.
[AirdropContainerFall] Loot Spawned [17] Canteen @ <5566.558105, 74.000999, 3614.240234> ... Lifespan: Set to 120 minutes.
[AirdropContainerFall] Loot Spawned [18] MilitaryBoots_Brown @ <5566.081055, 74.000999, 3611.795654> ... Lifespan: Set to 120 minutes.
[AirdropContainerFall] Loot Spawned [19] TacticalGoggles @ <5563.294434, 74.000999, 3617.203613> ... Lifespan: Set to 120 minutes.
[AirdropContainerFall] Loot Spawned [20] UKAssVest_Olive @ <5563.474121, 74.000999, 3616.770996> ... Lifespan: Set to 120 minutes.
[AirdropContainerFall] Airdrop Flare Spawned @ <5564.885742, 74.000999, 3611.695068> ... Lifespan: Set to 120 minutes.
[AirdropContainerUnstuck] Container was unstuck.
[~AirdropContainerBase] Container Destroyed on 2021-05-20 @ 19-04-06
