[InitializeContainer] Container created on 2021-05-16 @ 05-44-22
[InitializeContainer] Winds: Vector <-2.202706, 0.000000, -0.160640>, Speed 2.20856mps, Strength 0.1
[AirdropContainerFall] Drop Type 'Medical', Container: 'RANDOM', Mode/Quantity/Iems: Random/20/33, Flare:  10%
[AirdropContainerFall] Loot Spawned [1] SurgicalGloves_White @ <3665.611328, 14.763769, 8904.067383> ... Lifespan: Set to 120 minutes.
[AirdropContainerFall] Loot Spawned [2] DisinfectantSpray @ <3663.485840, 14.604712, 8902.290039> ... Lifespan: Set to 120 minutes.
[AirdropContainerFall] Loot Spawned [3] MedicalScrubsHat_Blue @ <3665.336914, 14.722701, 8903.331055> ... Lifespan: Set to 120 minutes.
[AirdropContainerFall] Loot Spawned [4] SurgicalGloves_LightBlue @ <3663.852295, 14.626487, 8906.493164> ... Lifespan: Set to 120 minutes.
[AirdropContainerFall] Loot Spawned [5] BloodSyringe @ <3663.264648, 14.562943, 8907.095703> ... Lifespan: Set to 120 minutes.
[AirdropContainerFall] Loot Spawned [6] SalineBag @ <3662.015137, 14.447504, 8907.589844> ... Lifespan: Set to 120 minutes.
[AirdropContainerFall] Loot Spawned [7] DisinfectantAlcohol @ <3660.558838, 14.340075, 8906.991211> ... Lifespan: Set to 120 minutes.
[AirdropContainerFall] Loot Spawned [8] Morphine @ <3663.025879, 14.459044, 8908.362305> ... Lifespan: Set to 120 minutes.
[AirdropContainerFall] Loot Spawned [9] SurgicalMask @ <3663.440430, 14.620426, 8902.946289> ... Lifespan: Set to 120 minutes.
[AirdropContainerFall] Loot Spawned [10] TetracyclineAntibiotics @ <3661.452393, 14.474481, 8903.879883> ... Lifespan: Set to 120 minutes.
[AirdropContainerFall] Loot Spawned [11] MedicalScrubsShirt_Green @ <3660.807617, 14.364987, 8906.833984> ... Lifespan: Set to 120 minutes.
[AirdropContainerFall] Loot Spawned [12] SalineBagIV @ <3664.664063, 14.687230, 8903.042969> ... Lifespan: Set to 120 minutes.
[AirdropContainerFall] Loot Spawned [13] BloodSyringe @ <3665.461670, 14.734809, 8904.986328> ... Lifespan: Set to 120 minutes.
[AirdropContainerFall] Loot Spawned [14] TetracyclineAntibiotics @ <3659.172363, 14.226118, 8905.381836> ... Lifespan: Set to 120 minutes.
[AirdropContainerFall] Loot Spawned [15] MedicalScrubsHat_Blue @ <3661.396484, 14.468681, 8903.849609> ... Lifespan: Set to 120 minutes.
[AirdropContainerFall] Loot Spawned [16] MedicalScrubsShirt_Blue @ <3660.774170, 14.390244, 8905.424805> ... Lifespan: Set to 120 minutes.
[AirdropContainerFall] Loot Spawned [17] BloodBagIV @ <3663.475342, 14.624800, 8902.990234> ... Lifespan: Set to 120 minutes.
[AirdropContainerFall] Spawn failed for item [18] 'CharcolaTablets', does not exist in DayZ!
[AirdropContainerFall] Loot Spawned [19] SurgicalMask @ <3662.111816, 14.440246, 8908.029297> ... Lifespan: Set to 120 minutes.
[AirdropContainerFall] Loot Spawned [20] BloodSyringe @ <3664.964844, 14.730918, 8903.817383> ... Lifespan: Set to 120 minutes.
[AirdropContainerFall] Airdrop Flare Spawned @ <3662.077393, 14.494979, 8902.740234> ... Lifespan: Set to 120 minutes.
[AirdropContainerUnstuck] Container was unstuck.
[~AirdropContainerBase] Container Destroyed on 2021-05-16 @ 06-04-22
