[InitializeContainer] Container created on 2021-05-17 @ 06-03-09
[InitializeContainer] Winds: Vector <8.988523, 0.000000, 9.927455>, Speed 13.3921mps, Strength 0.1
[AirdropContainerFall] Drop Type 'Military West', Container: 'RANDOM', Mode/Quantity/Iems: Random/20/40, Flare:  10%
[AirdropContainerFall] Loot Spawned [1] WeaponCleaningKit @ <4483.750977, 7.780997, 12080.602539> ... Lifespan: Set to 120 minutes.
[AirdropContainerFall] Loot Spawned [2] PistolSuppressor @ <4487.757324, 7.780997, 12080.104492> ... Lifespan: Set to 120 minutes.
[AirdropContainerFall] Loot Spawned [3] USMCPants_Woodland @ <4487.142578, 7.780997, 12079.529297> ... Lifespan: Set to 120 minutes.
[AirdropContainerFall] Loot Spawned [4] MilitaryBoots_Bluerock @ <4482.434570, 7.780997, 12078.921875> ... Lifespan: Set to 120 minutes.
[AirdropContainerFall] Loot Spawned [5] CombatKnife @ <4487.562500, 7.780997, 12080.214844> ... Lifespan: Set to 120 minutes.
[AirdropContainerFall] Loot Spawned [6] FNX45 @ <4486.771484, 7.780997, 12078.638672> ... Lifespan: Set to 120 minutes.
[AirdropContainerFall] Loot Spawned [7] USMCPants_Woodland @ <4484.160156, 7.780997, 12076.969727> ... Lifespan: Set to 120 minutes.
[AirdropContainerFall] Loot Spawned [8] MilitaryBoots_Brown @ <4484.357910, 7.780997, 12074.728516> ... Lifespan: Set to 120 minutes.
[AirdropContainerFall] Loot Spawned [9] USMCPants_Woodland @ <4485.456543, 7.780997, 12079.534180> ... Lifespan: Set to 120 minutes.
[AirdropContainerFall] Loot Spawned [10] Mag_STANAG_30Rnd @ <4483.370117, 7.780997, 12075.716797> ... Lifespan: Set to 120 minutes.
[AirdropContainerFall] Loot Spawned [11] MilitaryBoots_Beige @ <4483.855957, 7.780997, 12078.019531> ... Lifespan: Set to 120 minutes.
[AirdropContainerFall] Loot Spawned [12] UniversalLight @ <4482.895996, 7.780997, 12077.383789> ... Lifespan: Set to 120 minutes.
[AirdropContainerFall] Loot Spawned [13] AmmoBox_45ACP_25Rnd @ <4487.816406, 7.780997, 12077.639648> ... Lifespan: Set to 120 minutes.
[AirdropContainerFall] Loot Spawned [14] MilitaryBoots_Beige @ <4485.966309, 7.780997, 12074.664063> ... Lifespan: Set to 120 minutes.
[AirdropContainerFall] Loot Spawned [15] MilitaryBoots_Beige @ <4487.441406, 7.780997, 12076.879883> ... Lifespan: Set to 120 minutes.
[AirdropContainerFall] Loot Spawned [16] WeaponCleaningKit @ <4488.609375, 7.780997, 12077.156250> ... Lifespan: Set to 120 minutes.
[AirdropContainerFall] Loot Spawned [17] WeaponCleaningKit @ <4486.316895, 7.780997, 12081.085938> ... Lifespan: Set to 120 minutes.
[AirdropContainerFall] Loot Spawned [18] Canteen @ <4488.488281, 7.780997, 12079.010742> ... Lifespan: Set to 120 minutes.
[AirdropContainerFall] Loot Spawned [19] Mag_STANAG_30Rnd @ <4485.123535, 7.780997, 12075.496094> ... Lifespan: Set to 120 minutes.
[AirdropContainerFall] Loot Spawned [20] USMCPants_Woodland @ <4483.430176, 7.780997, 12078.325195> ... Lifespan: Set to 120 minutes.
[AirdropContainerFall] Airdrop Flare Spawned @ <4483.215332, 7.780997, 12077.945313> ... Lifespan: Set to 120 minutes.
[AirdropContainerUnstuck] Container was unstuck.
[~AirdropContainerBase] Container Destroyed on 2021-05-17 @ 06-23-09
