[AirdropPlane] Aircraft created on 2021-05-25 @ 05-01-22
[InitializeAircraft] Aircraft Initialized: RCFI @ 3700/8830 (true)
[EOnBeforeDrop] The Aircraft is 1 Km from RCFI. @ <5186.523438, 156.436569, 9019.031250>
[EOnDrop] Zombie Spawned [1] ZmbM_HunterOld_Winter @ <3785.632568, 13.295645, 8825.196289> ... Lifespan:  Set to 120 minutes.
[EOnDrop] Zombie Spawned [2] ZmbM_FarmerFat_Blue @ <3747.093506, 9.850000, 8850.111328> ... Lifespan:  Set to 120 minutes.
[EOnDrop] Zombie Spawned [3] ZmbF_VillagerOld_White @ <3788.144775, 8.891411, 8850.900391> ... Lifespan:  Set to 120 minutes.
[EOnDrop] Spawn failed for zombie [4] 'ZmbM_SurvivorDean_Grey', it does not exist in DayZ!
[EOnDrop] Zombie Spawned [5] ZmbM_FarmerFat_Brown @ <3804.349609, 12.895679, 8866.802734> ... Lifespan:  Set to 120 minutes.
[EOnDrop] Zombie Spawned [6] ZmbF_MilkMaidOld_Beige @ <3764.687012, 12.442710, 8821.413086> ... Lifespan:  Set to 120 minutes.
[EOnDrop] Zombie Spawned [7] ZmbM_HermitSkinny_Beige @ <3794.378662, 12.596688, 8795.794922> ... Lifespan:  Set to 120 minutes.
[EOnDrop] Zombie Spawned [8] ZmbM_HunterOld_Winter @ <3762.422607, 9.790312, 8837.829102> ... Lifespan:  Set to 120 minutes.
[EOnDrop] Spawn failed for zombie [9] 'ZmbM_SurvivorDean_Grey', it does not exist in DayZ!
[EOnDrop] Zombie Spawned [10] ZmbM_HunterOld_Winter @ <3810.084717, 11.995665, 8857.411133> ... Lifespan:  Set to 120 minutes.
[EOnDrop] Zombie Spawned [11] ZmbM_MotobikerFat_Black @ <3768.530029, 12.160201, 8828.613281> ... Lifespan:  Set to 120 minutes.
[EOnDrop] Zombie Spawned [12] ZmbM_HermitSkinny_Black @ <3772.772949, 13.487287, 8801.075195> ... Lifespan:  Set to 120 minutes.
[EOnDrop] Zombie Spawned [13] ZmbM_HermitSkinny_Black @ <3803.450439, 12.568166, 8860.974609> ... Lifespan:  Set to 120 minutes.
[EOnDrop] Zombie Spawned [14] ZmbM_priestPopSkinny @ <3746.145264, 9.850000, 8863.913086> ... Lifespan:  Set to 120 minutes.
[EOnDrop] Zombie Spawned [15] ZmbM_HermitSkinny_Red @ <3775.900391, 9.144356, 8846.503906> ... Lifespan:  Set to 120 minutes.
[EOnDrop] Zombie Spawned [16] ZmbF_VillagerOld_Green @ <3785.926514, 12.997931, 8825.759766> ... Lifespan:  Set to 120 minutes.
[EOnDrop] Zombie Spawned [17] ZmbF_HikerSkinny_Blue @ <3816.923340, 11.959445, 8863.252930> ... Lifespan:  Set to 120 minutes.
[EOnDrop] Zombie Spawned [18] ZmbF_VillagerOld_White @ <3768.340820, 14.089726, 8873.767578> ... Lifespan:  Set to 120 minutes.
[EOnDrop] Zombie Spawned [19] ZmbF_HikerSkinny_Green @ <3791.225098, 9.617104, 8850.788086> ... Lifespan:  Set to 120 minutes.
[EOnDrop] Zombie Spawned [20] ZmbF_MilkMaidOld_Beige @ <3784.117432, 9.320677, 8850.130859> ... Lifespan:  Set to 120 minutes.
[EOnDrop] Spawn failed for zombie [21] 'ZmbM_SurvivorDean_Black', it does not exist in DayZ!
[EOnDrop] Zombie Spawned [22] ZmbM_HikerSkinny_Blue @ <3798.671875, 10.534259, 8842.381836> ... Lifespan:  Set to 120 minutes.
[EOnDrop] Zombie Spawned [23] ZmbM_MotobikerFat_Black @ <3781.500488, 9.046034, 8836.254883> ... Lifespan:  Set to 120 minutes.
[EOnDrop] Zombie Spawned [24] ZmbM_FarmerFat_Green @ <3811.858887, 12.099276, 8862.002930> ... Lifespan:  Set to 120 minutes.
[EOnDrop] Zombie Spawned [25] ZmbM_HikerSkinny_Green @ <3784.432129, 15.321328, 8874.968750> ... Lifespan:  Set to 120 minutes.
[EOnDrop] Zombie Spawned [26] ZmbM_FarmerFat_Brown @ <3774.146729, 14.053631, 8815.455078> ... Lifespan:  Set to 120 minutes.
[EOnDrop] Zombie Spawned [27] ZmbF_HikerSkinny_Green @ <3752.031982, 10.972400, 8880.089844> ... Lifespan:  Set to 120 minutes.
[EOnDrop] Zombie Spawned [28] ZmbM_HermitSkinny_Beige @ <3806.817627, 11.418560, 8840.530273> ... Lifespan:  Set to 120 minutes.
[EOnDrop] Zombie Spawned [29] ZmbM_MotobikerFat_Blue @ <3740.916504, 9.866039, 8872.450195> ... Lifespan:  Set to 120 minutes.
[EOnDrop] Zombie Spawned [30] ZmbF_HikerSkinny_Red @ <3811.542236, 11.683853, 8846.873047> ... Lifespan:  Set to 120 minutes.
[EOnDrop] Zombie Spawned [31] ZmbF_MilkMaidOld_Black @ <3788.121826, 10.158398, 8854.814453> ... Lifespan:  Set to 120 minutes.
[EOnDrop] Zombie Spawned [32] ZmbM_FarmerFat_Brown @ <3762.536865, 12.536081, 8874.350586> ... Lifespan:  Set to 120 minutes.
[EOnDrop] Zombie Spawned [33] ZmbF_VillagerOld_Green @ <3765.549561, 10.130076, 8850.671875> ... Lifespan:  Set to 120 minutes.
[EOnDrop] Zombie Spawned [34] ZmbM_priestPopSkinny @ <3776.701172, 10.803828, 8852.349609> ... Lifespan:  Set to 120 minutes.
[EOnDrop] Spawn failed for zombie [35] 'ZmbM_SurvivorDean_Grey', it does not exist in DayZ!
[EOnDrop] Spawn failed for zombie [36] 'ZmbM_SurvivorDean_Grey', it does not exist in DayZ!
[EOnDrop] Zombie Spawned [37] ZmbM_priestPopSkinny @ <3779.179199, 8.977345, 8837.323242> ... Lifespan:  Set to 120 minutes.
[EOnDrop] Zombie Spawned [38] ZmbM_VillagerOld_White @ <3756.661621, 9.839342, 8843.044922> ... Lifespan:  Set to 120 minutes.
[EOnDrop] Zombie Spawned [39] ZmbM_FarmerFat_Beige @ <3788.090820, 8.276802, 8843.626953> ... Lifespan:  Set to 120 minutes.
[EOnDrop] Zombie Spawned [40] ZmbM_VillagerOld_White @ <3772.029541, 14.639989, 8870.888672> ... Lifespan:  Set to 120 minutes.
[EOnDrop] Zombie Spawned [41] ZmbF_VillagerOld_Blue @ <3777.447754, 11.214913, 8853.344727> ... Lifespan:  Set to 120 minutes.
[EOnDrop] Zombie Spawned [42] ZmbF_HikerSkinny_Red @ <3784.696289, 9.171149, 8849.762695> ... Lifespan:  Set to 120 minutes.
[EOnDrop] Zombie Spawned [43] ZmbF_MilkMaidOld_Green @ <3790.287109, 8.993105, 8835.859375> ... Lifespan:  Set to 120 minutes.
[EOnDrop] Zombie Spawned [44] ZmbM_MotobikerFat_Blue @ <3799.316895, 13.271813, 8886.768555> ... Lifespan:  Set to 120 minutes.
[EOnDrop] Zombie Spawned [45] ZmbM_HunterOld_Autumn @ <3774.258301, 14.216035, 8860.490234> ... Lifespan:  Set to 120 minutes.
[EOnDrop] Zombie Spawned [46] ZmbF_HikerSkinny_Green @ <3772.111572, 15.315960, 8885.136719> ... Lifespan:  Set to 120 minutes.
[EOnDrop] Zombie Spawned [47] ZmbF_HikerSkinny_Blue @ <3802.652344, 11.098620, 8836.756836> ... Lifespan:  Set to 120 minutes.
[EOnDrop] Zombie Spawned [48] ZmbM_FarmerFat_Green @ <3782.941406, 8.794865, 8837.374023> ... Lifespan:  Set to 120 minutes.
[EOnDrop] Zombie Spawned [49] ZmbF_SurvivorNormal_Blue @ <3787.956787, 11.015714, 8828.305664> ... Lifespan:  Set to 120 minutes.
[EOnDrop] Zombie Spawned [50] ZmbF_HikerSkinny_Red @ <3745.958008, 9.850000, 8813.895508> ... Lifespan:  Set to 120 minutes.
[EOnDrop] Drop spawned with 50 infected at <3779.687500, 154.306549, 8842.458984>.
[EOnDrop] Supplies have been dropped near RCFI.
[EOnBeforeDelete] Aircraft despawned @ <-1001.692261, 152.000610, 8242.353516>
[~AirdropPlane] Aircraft destroyed.
