[InitializeContainer] Container created on 2021-05-17 @ 01-45-36
[InitializeContainer] Winds: Vector <5.053313, 0.000000, -6.659366>, Speed 8.35961mps, Strength 0.1
[AirdropContainerFall] Drop Type 'Military West', Container: 'RANDOM', Mode/Quantity/Iems: Random/20/40, Flare:  10%
[AirdropContainerFall] Loot Spawned [1] UKAssVest_Black @ <5579.844238, 74.000999, 3638.313477> ... Lifespan: Set to 120 minutes.
[AirdropContainerFall] Loot Spawned [2] UniversalLight @ <5575.613281, 74.000999, 3640.162598> ... Lifespan: Set to 120 minutes.
[AirdropContainerFall] Loot Spawned [3] TacticalGloves_Black @ <5580.145508, 74.000999, 3637.754883> ... Lifespan: Set to 120 minutes.
[AirdropContainerFall] Loot Spawned [4] M4A1 @ <5579.020020, 74.000999, 3642.053711> ... Lifespan: Set to 120 minutes.
[AirdropContainerFall] Loot Spawned [5] AmmoBox_556x45_20Rnd @ <5576.117676, 74.000999, 3636.224121> ... Lifespan: Set to 120 minutes.
[AirdropContainerFall] Loot Spawned [6] USMCJacket_Woodland @ <5579.105469, 74.000999, 3641.802246> ... Lifespan: Set to 120 minutes.
[AirdropContainerFall] Loot Spawned [7] Binoculars @ <5579.803711, 74.000999, 3636.487793> ... Lifespan: Set to 120 minutes.
[AirdropContainerFall] Loot Spawned [8] AssaultBag_Ttsko @ <5575.493652, 74.000999, 3636.745605> ... Lifespan: Set to 120 minutes.
[AirdropContainerFall] Loot Spawned [9] Rangefinder @ <5579.097656, 74.000999, 3637.649170> ... Lifespan: Set to 120 minutes.
[AirdropContainerFall] Loot Spawned [10] Mag_STANAG_30Rnd @ <5578.785645, 74.000999, 3637.912842> ... Lifespan: Set to 120 minutes.
[AirdropContainerFall] Loot Spawned [11] TacticalGloves_Beige @ <5576.507324, 74.000999, 3640.578125> ... Lifespan: Set to 120 minutes.
[AirdropContainerFall] Loot Spawned [12] FNX45 @ <5576.423340, 74.000999, 3640.755127> ... Lifespan: Set to 120 minutes.
[AirdropContainerFall] Loot Spawned [13] M4_CQBBttstck @ <5578.726074, 74.000999, 3637.079834> ... Lifespan: Set to 120 minutes.
[AirdropContainerFall] Loot Spawned [14] M4_CQBBttstck @ <5577.601563, 74.000999, 3641.489258> ... Lifespan: Set to 120 minutes.
[AirdropContainerFall] Loot Spawned [15] MilitaryBoots_Bluerock @ <5576.054688, 74.000999, 3638.567627> ... Lifespan: Set to 120 minutes.
[AirdropContainerFall] Loot Spawned [16] Battery9V @ <5578.487305, 74.000999, 3640.619141> ... Lifespan: Set to 120 minutes.
[AirdropContainerFall] Loot Spawned [17] USMCJacket_Desert @ <5579.580566, 74.000999, 3637.426514> ... Lifespan: Set to 120 minutes.
[AirdropContainerFall] Loot Spawned [18] M4_Suppressor @ <5575.585449, 74.000999, 3641.629883> ... Lifespan: Set to 120 minutes.
[AirdropContainerFall] Loot Spawned [19] UniversalLight @ <5576.127441, 74.000999, 3641.215332> ... Lifespan: Set to 120 minutes.
[AirdropContainerFall] Loot Spawned [20] USMCPants_Woodland @ <5575.263672, 74.000999, 3639.832520> ... Lifespan: Set to 120 minutes.
[AirdropContainerUnstuck] Container was unstuck.
[~AirdropContainerBase] Container Destroyed on 2021-05-17 @ 02-05-36
