[AirdropPlane] Aircraft created on 2021-05-26 @ 21-33-26
[InitializeAircraft] Aircraft Initialized: Airstrip @ 5496/3676 (true)
[EOnBeforeDrop] The Aircraft is 1 Km from Airstrip. @ <5836.476074, 210.839874, 5136.023438>
[EOnDrop] Zombie Spawned [1] ZmbM_PatrolNormal_Autumn @ <5473.213867, 74.500000, 3770.968994> ... Lifespan:  Set to 60 minutes.
[EOnDrop] Zombie Spawned [2] ZmbM_PatrolNormal_Flat @ <5486.731934, 74.500000, 3797.202148> ... Lifespan:  Set to 60 minutes.
[EOnDrop] Zombie Spawned [3] ZmbM_PatrolNormal_Autumn @ <5555.518066, 74.500000, 3772.421631> ... Lifespan:  Set to 60 minutes.
[EOnDrop] Zombie Spawned [4] ZmbM_PatrolNormal_Flat @ <5513.967285, 74.500000, 3761.738281> ... Lifespan:  Set to 60 minutes.
[EOnDrop] Zombie Spawned [5] ZmbM_PatrolNormal_Summer @ <5505.909668, 74.500000, 3756.963135> ... Lifespan:  Set to 60 minutes.
[EOnDrop] Zombie Spawned [6] ZmbM_PatrolNormal_Summer @ <5528.844238, 74.500000, 3770.878174> ... Lifespan:  Set to 60 minutes.
[EOnDrop] Zombie Spawned [7] ZmbM_SoldierNormal @ <5522.661621, 74.500000, 3765.667725> ... Lifespan:  Set to 60 minutes.
[EOnDrop] Zombie Spawned [8] ZmbM_PatrolNormal_Summer @ <5503.877441, 74.500000, 3761.422852> ... Lifespan:  Set to 60 minutes.
[EOnDrop] Zombie Spawned [9] ZmbM_PatrolNormal_Autumn @ <5478.364746, 74.500000, 3779.271729> ... Lifespan:  Set to 60 minutes.
[EOnDrop] Zombie Spawned [10] ZmbM_PatrolNormal_PautRev @ <5564.056152, 74.500000, 3769.964111> ... Lifespan:  Set to 60 minutes.
[EOnDrop] Zombie Spawned [11] ZmbM_PatrolNormal_Autumn @ <5563.471191, 74.500000, 3757.079346> ... Lifespan:  Set to 60 minutes.
[EOnDrop] Zombie Spawned [12] ZmbM_PatrolNormal_Flat @ <5475.039551, 74.500000, 3744.565918> ... Lifespan:  Set to 60 minutes.
[EOnDrop] Zombie Spawned [13] ZmbM_PatrolNormal_Summer @ <5527.970703, 74.500000, 3744.639404> ... Lifespan:  Set to 60 minutes.
[EOnDrop] Zombie Spawned [14] ZmbM_PatrolNormal_Autumn @ <5504.174316, 74.500000, 3737.703613> ... Lifespan:  Set to 60 minutes.
[EOnDrop] Zombie Spawned [15] ZmbM_PatrolNormal_PautRev @ <5561.906250, 74.500000, 3749.990234> ... Lifespan:  Set to 60 minutes.
[EOnDrop] Zombie Spawned [16] ZmbM_PatrolNormal_Autumn @ <5513.083984, 74.500000, 3757.545166> ... Lifespan:  Set to 60 minutes.
[EOnDrop] Zombie Spawned [17] ZmbM_PatrolNormal_Flat @ <5521.089355, 74.500000, 3760.981689> ... Lifespan:  Set to 60 minutes.
[EOnDrop] Zombie Spawned [18] ZmbM_SoldierNormal @ <5553.734375, 74.500000, 3789.363281> ... Lifespan:  Set to 60 minutes.
[EOnDrop] Zombie Spawned [19] ZmbM_SoldierNormal @ <5522.054688, 74.500000, 3788.601318> ... Lifespan:  Set to 60 minutes.
[EOnDrop] Zombie Spawned [20] ZmbM_SoldierNormal @ <5482.990723, 74.500000, 3771.909912> ... Lifespan:  Set to 60 minutes.
[EOnDrop] Zombie Spawned [21] ZmbM_PatrolNormal_Summer @ <5534.736816, 74.500000, 3773.449951> ... Lifespan:  Set to 60 minutes.
[EOnDrop] Zombie Spawned [22] ZmbM_PatrolNormal_Summer @ <5536.719727, 74.500000, 3760.297607> ... Lifespan:  Set to 60 minutes.
[EOnDrop] Zombie Spawned [23] ZmbM_PatrolNormal_Autumn @ <5504.401855, 74.500000, 3760.324463> ... Lifespan:  Set to 60 minutes.
[EOnDrop] Zombie Spawned [24] ZmbM_PatrolNormal_Flat @ <5509.328613, 74.500000, 3782.890137> ... Lifespan:  Set to 60 minutes.
[EOnDrop] Zombie Spawned [25] ZmbM_PatrolNormal_Summer @ <5498.560059, 74.500000, 3762.849121> ... Lifespan:  Set to 60 minutes.
[EOnDrop] Zombie Spawned [26] ZmbM_PatrolNormal_PautRev @ <5522.937988, 74.500000, 3752.020996> ... Lifespan:  Set to 60 minutes.
[EOnDrop] Zombie Spawned [27] ZmbM_PatrolNormal_PautRev @ <5495.904785, 74.500000, 3782.306396> ... Lifespan:  Set to 60 minutes.
[EOnDrop] Zombie Spawned [28] ZmbM_PatrolNormal_Summer @ <5509.970703, 74.500000, 3767.831055> ... Lifespan:  Set to 60 minutes.
[EOnDrop] Zombie Spawned [29] ZmbM_PatrolNormal_Summer @ <5526.721680, 74.500000, 3765.990234> ... Lifespan:  Set to 60 minutes.
[EOnDrop] Zombie Spawned [30] ZmbM_PatrolNormal_PautRev @ <5541.564453, 74.500000, 3801.134521> ... Lifespan:  Set to 60 minutes.
[EOnDrop] Zombie Spawned [31] ZmbM_SoldierNormal @ <5522.021973, 74.500000, 3755.581055> ... Lifespan:  Set to 60 minutes.
[EOnDrop] Zombie Spawned [32] ZmbM_SoldierNormal @ <5538.921387, 74.500000, 3808.127930> ... Lifespan:  Set to 60 minutes.
[EOnDrop] Zombie Spawned [33] ZmbM_PatrolNormal_PautRev @ <5538.918945, 74.500000, 3764.294678> ... Lifespan:  Set to 60 minutes.
[EOnDrop] Zombie Spawned [34] ZmbM_PatrolNormal_PautRev @ <5501.469238, 74.500000, 3762.531006> ... Lifespan:  Set to 60 minutes.
[EOnDrop] Zombie Spawned [35] ZmbM_PatrolNormal_Autumn @ <5527.080566, 74.500000, 3736.851807> ... Lifespan:  Set to 60 minutes.
[EOnDrop] Zombie Spawned [36] ZmbM_PatrolNormal_PautRev @ <5531.708496, 74.500000, 3740.502197> ... Lifespan:  Set to 60 minutes.
[EOnDrop] Zombie Spawned [37] ZmbM_PatrolNormal_Summer @ <5524.998535, 74.500000, 3763.718018> ... Lifespan:  Set to 60 minutes.
[EOnDrop] Zombie Spawned [38] ZmbM_SoldierNormal @ <5508.940918, 74.500000, 3717.591797> ... Lifespan:  Set to 60 minutes.
[EOnDrop] Zombie Spawned [39] ZmbM_PatrolNormal_Autumn @ <5512.811035, 74.500000, 3779.431885> ... Lifespan:  Set to 60 minutes.
[EOnDrop] Zombie Spawned [40] ZmbM_SoldierNormal @ <5547.992676, 74.500000, 3786.922607> ... Lifespan:  Set to 60 minutes.
[EOnDrop] Zombie Spawned [41] ZmbM_PatrolNormal_PautRev @ <5513.261230, 74.500000, 3770.452637> ... Lifespan:  Set to 60 minutes.
[EOnDrop] Zombie Spawned [42] ZmbM_PatrolNormal_Summer @ <5524.786621, 74.500000, 3735.526611> ... Lifespan:  Set to 60 minutes.
[EOnDrop] Zombie Spawned [43] ZmbM_PatrolNormal_PautRev @ <5510.164063, 74.500000, 3773.711914> ... Lifespan:  Set to 60 minutes.
[EOnDrop] Zombie Spawned [44] ZmbM_PatrolNormal_Summer @ <5526.607910, 74.500000, 3766.213379> ... Lifespan:  Set to 60 minutes.
[EOnDrop] Zombie Spawned [45] ZmbM_PatrolNormal_PautRev @ <5541.041016, 74.500000, 3750.526123> ... Lifespan:  Set to 60 minutes.
[EOnDrop] Zombie Spawned [46] ZmbM_SoldierNormal @ <5516.108887, 74.500000, 3783.436523> ... Lifespan:  Set to 60 minutes.
[EOnDrop] Zombie Spawned [47] ZmbM_PatrolNormal_PautRev @ <5506.360352, 74.500000, 3804.530273> ... Lifespan:  Set to 60 minutes.
[EOnDrop] Zombie Spawned [48] ZmbM_PatrolNormal_Autumn @ <5553.433594, 74.500000, 3789.593506> ... Lifespan:  Set to 60 minutes.
[EOnDrop] Zombie Spawned [49] ZmbM_PatrolNormal_PautRev @ <5509.904297, 74.500000, 3766.385010> ... Lifespan:  Set to 60 minutes.
[EOnDrop] Zombie Spawned [50] ZmbM_PatrolNormal_Summer @ <5519.464355, 74.500000, 3793.650391> ... Lifespan:  Set to 60 minutes.
[EOnDrop] Drop spawned with 50 infected at <5517.182617, 212.498489, 3766.343750>.
[EOnDrop] Supplies have been dropped near Airstrip.
[EOnBeforeDelete] Aircraft despawned @ <4406.006348, 152.000610, -1000.016785>
[~AirdropPlane] Aircraft destroyed.
