[AirdropPlane] Aircraft created on 2021-05-23 @ 06-02-03
[InitializeAircraft] Aircraft Initialized: Airstrip @ 5496/3676 (true)
[EOnBeforeDrop] The Aircraft is 1 Km from Airstrip. @ <6993.248047, 206.043365, 3734.937012>
[EOnDrop] Zombie Spawned [1] ZmbM_SoldierNormal @ <5628.315430, 74.500000, 3679.888916> ... Lifespan:  Set to 120 minutes.
[EOnDrop] Zombie Spawned [2] ZmbM_PatrolNormal_Summer @ <5583.121582, 74.500000, 3640.648438> ... Lifespan:  Set to 120 minutes.
[EOnDrop] Zombie Spawned [3] ZmbM_PatrolNormal_Summer @ <5606.363281, 74.500000, 3694.218994> ... Lifespan:  Set to 120 minutes.
[EOnDrop] Zombie Spawned [4] ZmbM_PatrolNormal_Summer @ <5590.013672, 74.500000, 3691.701416> ... Lifespan:  Set to 120 minutes.
[EOnDrop] Zombie Spawned [5] ZmbM_PatrolNormal_Summer @ <5576.209473, 74.500000, 3642.805664> ... Lifespan:  Set to 120 minutes.
[EOnDrop] Zombie Spawned [6] ZmbM_PatrolNormal_Autumn @ <5562.523438, 74.500000, 3711.648682> ... Lifespan:  Set to 120 minutes.
[EOnDrop] Zombie Spawned [7] ZmbM_PatrolNormal_Summer @ <5586.769043, 74.500000, 3687.844482> ... Lifespan:  Set to 120 minutes.
[EOnDrop] Zombie Spawned [8] ZmbM_PatrolNormal_Autumn @ <5564.301758, 74.500000, 3662.030029> ... Lifespan:  Set to 120 minutes.
[EOnDrop] Zombie Spawned [9] ZmbM_PatrolNormal_PautRev @ <5549.111328, 74.500000, 3704.562012> ... Lifespan:  Set to 120 minutes.
[EOnDrop] Zombie Spawned [10] ZmbM_SoldierNormal @ <5577.901855, 74.500000, 3706.127441> ... Lifespan:  Set to 120 minutes.
[EOnDrop] Zombie Spawned [11] ZmbM_PatrolNormal_PautRev @ <5561.680176, 74.500000, 3705.204346> ... Lifespan:  Set to 120 minutes.
[EOnDrop] Zombie Spawned [12] ZmbM_PatrolNormal_Autumn @ <5572.255859, 74.500000, 3666.680664> ... Lifespan:  Set to 120 minutes.
[EOnDrop] Zombie Spawned [13] ZmbM_PatrolNormal_Flat @ <5548.869629, 74.500000, 3702.057373> ... Lifespan:  Set to 120 minutes.
[EOnDrop] Zombie Spawned [14] ZmbM_SoldierNormal @ <5545.796387, 74.500000, 3708.723389> ... Lifespan:  Set to 120 minutes.
[EOnDrop] Zombie Spawned [15] ZmbM_PatrolNormal_PautRev @ <5555.050293, 74.500000, 3644.693115> ... Lifespan:  Set to 120 minutes.
[EOnDrop] Zombie Spawned [16] ZmbM_PatrolNormal_Summer @ <5579.206055, 74.500000, 3654.799316> ... Lifespan:  Set to 120 minutes.
[EOnDrop] Zombie Spawned [17] ZmbM_PatrolNormal_Autumn @ <5585.973145, 74.500000, 3665.375244> ... Lifespan:  Set to 120 minutes.
[EOnDrop] Zombie Spawned [18] ZmbM_PatrolNormal_Autumn @ <5605.435547, 74.500000, 3667.117432> ... Lifespan:  Set to 120 minutes.
[EOnDrop] Zombie Spawned [19] ZmbM_SoldierNormal @ <5575.610840, 74.500000, 3648.220215> ... Lifespan:  Set to 120 minutes.
[EOnDrop] Zombie Spawned [20] ZmbM_PatrolNormal_Autumn @ <5595.006836, 74.500000, 3664.374756> ... Lifespan:  Set to 120 minutes.
[EOnDrop] Zombie Spawned [21] ZmbM_PatrolNormal_PautRev @ <5554.444336, 74.500000, 3686.094482> ... Lifespan:  Set to 120 minutes.
[EOnDrop] Zombie Spawned [22] ZmbM_PatrolNormal_Flat @ <5572.664551, 74.500000, 3663.825928> ... Lifespan:  Set to 120 minutes.
[EOnDrop] Zombie Spawned [23] ZmbM_PatrolNormal_Flat @ <5590.465332, 74.500000, 3683.809814> ... Lifespan:  Set to 120 minutes.
[EOnDrop] Zombie Spawned [24] ZmbM_SoldierNormal @ <5564.758301, 74.500000, 3656.680664> ... Lifespan:  Set to 120 minutes.
[EOnDrop] Zombie Spawned [25] ZmbM_PatrolNormal_Autumn @ <5596.310547, 74.500000, 3681.088135> ... Lifespan:  Set to 120 minutes.
[EOnDrop] Zombie Spawned [26] ZmbM_PatrolNormal_PautRev @ <5589.938965, 74.500000, 3682.638916> ... Lifespan:  Set to 120 minutes.
[EOnDrop] Zombie Spawned [27] ZmbM_PatrolNormal_Flat @ <5614.194336, 74.500000, 3714.998535> ... Lifespan:  Set to 120 minutes.
[EOnDrop] Zombie Spawned [28] ZmbM_PatrolNormal_Flat @ <5570.807129, 74.500000, 3686.371826> ... Lifespan:  Set to 120 minutes.
[EOnDrop] Zombie Spawned [29] ZmbM_PatrolNormal_PautRev @ <5581.919434, 74.500000, 3690.702881> ... Lifespan:  Set to 120 minutes.
[EOnDrop] Zombie Spawned [30] ZmbM_PatrolNormal_Flat @ <5565.200684, 74.500000, 3710.572510> ... Lifespan:  Set to 120 minutes.
[EOnDrop] Zombie Spawned [31] ZmbM_PatrolNormal_PautRev @ <5562.005371, 74.500000, 3690.237793> ... Lifespan:  Set to 120 minutes.
[EOnDrop] Zombie Spawned [32] ZmbM_PatrolNormal_Flat @ <5578.981445, 74.500000, 3688.757080> ... Lifespan:  Set to 120 minutes.
[EOnDrop] Zombie Spawned [33] ZmbM_SoldierNormal @ <5601.942871, 74.500000, 3665.965088> ... Lifespan:  Set to 120 minutes.
[EOnDrop] Zombie Spawned [34] ZmbM_PatrolNormal_Flat @ <5549.602539, 74.500000, 3655.566406> ... Lifespan:  Set to 120 minutes.
[EOnDrop] Zombie Spawned [35] ZmbM_PatrolNormal_Summer @ <5547.310059, 74.500000, 3646.231201> ... Lifespan:  Set to 120 minutes.
[EOnDrop] Zombie Spawned [36] ZmbM_PatrolNormal_PautRev @ <5568.369629, 74.500000, 3683.380371> ... Lifespan:  Set to 120 minutes.
[EOnDrop] Zombie Spawned [37] ZmbM_PatrolNormal_Flat @ <5591.414063, 74.500000, 3708.207520> ... Lifespan:  Set to 120 minutes.
[EOnDrop] Zombie Spawned [38] ZmbM_PatrolNormal_Flat @ <5585.944336, 74.500000, 3682.892090> ... Lifespan:  Set to 120 minutes.
[EOnDrop] Zombie Spawned [39] ZmbM_PatrolNormal_Summer @ <5586.699219, 74.500000, 3660.217041> ... Lifespan:  Set to 120 minutes.
[EOnDrop] Zombie Spawned [40] ZmbM_PatrolNormal_Summer @ <5602.644043, 74.500000, 3715.313721> ... Lifespan:  Set to 120 minutes.
[EOnDrop] Zombie Spawned [41] ZmbM_PatrolNormal_PautRev @ <5537.342773, 74.500000, 3665.230225> ... Lifespan:  Set to 120 minutes.
[EOnDrop] Zombie Spawned [42] ZmbM_PatrolNormal_Autumn @ <5600.678711, 74.500000, 3714.007813> ... Lifespan:  Set to 120 minutes.
[EOnDrop] Zombie Spawned [43] ZmbM_SoldierNormal @ <5537.833984, 74.500000, 3699.117432> ... Lifespan:  Set to 120 minutes.
[EOnDrop] Zombie Spawned [44] ZmbM_PatrolNormal_Flat @ <5622.129395, 74.500000, 3656.092529> ... Lifespan:  Set to 120 minutes.
[EOnDrop] Zombie Spawned [45] ZmbM_SoldierNormal @ <5590.809082, 74.500000, 3677.730469> ... Lifespan:  Set to 120 minutes.
[EOnDrop] Zombie Spawned [46] ZmbM_PatrolNormal_Summer @ <5561.412598, 74.500000, 3684.848389> ... Lifespan:  Set to 120 minutes.
[EOnDrop] Zombie Spawned [47] ZmbM_PatrolNormal_Flat @ <5559.754395, 74.500000, 3671.882324> ... Lifespan:  Set to 120 minutes.
[EOnDrop] Zombie Spawned [48] ZmbM_PatrolNormal_PautRev @ <5564.964355, 74.500000, 3673.119873> ... Lifespan:  Set to 120 minutes.
[EOnDrop] Zombie Spawned [49] ZmbM_PatrolNormal_PautRev @ <5588.756836, 74.500000, 3688.536865> ... Lifespan:  Set to 120 minutes.
[EOnDrop] Zombie Spawned [50] ZmbM_PatrolNormal_Autumn @ <5618.265137, 74.500000, 3682.139160> ... Lifespan:  Set to 120 minutes.
[EOnDrop] Drop spawned with 50 infected at <5580.218750, 215.459763, 3678.745117>.
[EOnDrop] Supplies have been dropped near Airstrip.
[EOnBeforeDelete] Aircraft despawned @ <-1000.921448, 152.000610, 3417.027344>
[~AirdropPlane] Aircraft destroyed.
