[AirdropPlane] Aircraft created on 2021-05-23 @ 14-43-57
[InitializeAircraft] Aircraft Initialized: Oceanville @ 10238/4885 (true)
[EOnBeforeDrop] The Aircraft is 1 Km from Oceanville. @ <9903.271484, 157.472977, 6345.968750>
[EOnDrop] Zombie Spawned [1] ZmbF_JournalistNormal_White @ <10241.286133, 42.316929, 4979.257813> ... Lifespan:  Set to 120 minutes.
[EOnDrop] Spawn failed for zombie [2] 'ZmbM_JacketNormal_greenchecks', it does not exist in DayZ!
[EOnDrop] Zombie Spawned [3] ZmbM_ParamedicNormal_Blue @ <10191.058594, 41.840530, 4979.944336> ... Lifespan:  Set to 120 minutes.
[EOnDrop] Zombie Spawned [4] ZmbF_ShortSkirt_checks @ <10239.551758, 42.240002, 4934.795410> ... Lifespan:  Set to 120 minutes.
[EOnDrop] Zombie Spawned [5] ZmbF_ShortSkirt_brown @ <10204.054688, 41.983223, 4972.691406> ... Lifespan:  Set to 120 minutes.
[EOnDrop] Zombie Spawned [6] ZmbF_JoggerSkinny_Blue @ <10187.188477, 41.786167, 4984.240234> ... Lifespan:  Set to 120 minutes.
[EOnDrop] Zombie Spawned [7] ZmbM_CommercialPilotOld_Brown @ <10195.717773, 42.370026, 4946.562012> ... Lifespan:  Set to 120 minutes.
[EOnDrop] Zombie Spawned [8] ZmbF_PoliceWomanNormal @ <10204.354492, 41.987030, 4972.385742> ... Lifespan:  Set to 120 minutes.
[EOnDrop] Zombie Spawned [9] ZmbF_JoggerSkinny_Brown @ <10241.594727, 42.065228, 5004.735840> ... Lifespan:  Set to 120 minutes.
[EOnDrop] Zombie Spawned [10] ZmbM_JoggerSkinny_Red @ <10210.658203, 41.999874, 4981.212402> ... Lifespan:  Set to 120 minutes.
[EOnDrop] Zombie Spawned [11] ZmbM_SkaterYoung_Grey @ <10186.837891, 42.272079, 4964.111328> ... Lifespan:  Set to 120 minutes.
[EOnDrop] Zombie Spawned [12] ZmbM_DoctorFat @ <10201.025391, 42.009998, 5003.516113> ... Lifespan:  Set to 120 minutes.
[EOnDrop] Zombie Spawned [13] ZmbM_CommercialPilotOld_Brown @ <10232.007813, 42.259998, 4992.542480> ... Lifespan:  Set to 120 minutes.
[EOnDrop] Zombie Spawned [14] ZmbF_Clerk_Normal_Blue @ <10201.305664, 41.895351, 4996.687988> ... Lifespan:  Set to 120 minutes.
[EOnDrop] Zombie Spawned [15] ZmbM_CommercialPilotOld_Olive @ <10189.958008, 42.009998, 5011.661621> ... Lifespan:  Set to 120 minutes.
[EOnDrop] Zombie Spawned [16] ZmbF_ParamedicNormal_Blue @ <10167.785156, 43.138962, 4964.638672> ... Lifespan:  Set to 120 minutes.
[EOnDrop] Zombie Spawned [17] ZmbF_JournalistNormal_White @ <10206.745117, 42.015678, 4970.118164> ... Lifespan:  Set to 120 minutes.
[EOnDrop] Zombie Spawned [18] ZmbM_Jacket_magenta @ <10253.417969, 42.417091, 4952.709961> ... Lifespan:  Set to 120 minutes.
[EOnDrop] Zombie Spawned [19] ZmbF_JoggerSkinny_Brown @ <10226.708008, 42.187080, 4965.729980> ... Lifespan:  Set to 120 minutes.
[EOnDrop] Zombie Spawned [20] ZmbM_CitizenBFat_Red @ <10208.435547, 42.021976, 5001.356934> ... Lifespan:  Set to 120 minutes.
[EOnDrop] Zombie Spawned [21] ZmbF_Clerk_Normal_Green @ <10239.387695, 42.305405, 4975.186523> ... Lifespan:  Set to 120 minutes.
[EOnDrop] Zombie Spawned [22] ZmbM_CommercialPilotOld_Blue @ <10215.879883, 42.118664, 4992.102051> ... Lifespan:  Set to 120 minutes.
[EOnDrop] Zombie Spawned [23] ZmbF_JoggerSkinny_Brown @ <10211.551758, 42.013275, 4984.442383> ... Lifespan:  Set to 120 minutes.
[EOnDrop] Zombie Spawned [24] ZmbF_JournalistNormal_Blue @ <10217.792969, 42.493614, 5021.548340> ... Lifespan:  Set to 120 minutes.
[EOnDrop] Zombie Spawned [25] ZmbF_ShortSkirt_yellow @ <10231.307617, 42.254807, 4987.421875> ... Lifespan:  Set to 120 minutes.
[EOnDrop] Zombie Spawned [26] ZmbM_ParamedicNormal_Green @ <10219.579102, 42.110672, 4970.050293> ... Lifespan:  Set to 120 minutes.
[EOnDrop] Spawn failed for zombie [27] 'ZmbM_JacketNormal_greenchecks', it does not exist in DayZ!
[EOnDrop] Zombie Spawned [28] ZmbM_Jacket_stripes @ <10217.241211, 42.102219, 4965.418457> ... Lifespan:  Set to 120 minutes.
[EOnDrop] Zombie Spawned [29] ZmbM_Jacket_stripes @ <10199.271484, 42.077934, 4964.467773> ... Lifespan:  Set to 120 minutes.
[EOnDrop] Zombie Spawned [30] ZmbM_CommercialPilotOld_Grey @ <10210.793945, 42.031334, 4970.643555> ... Lifespan:  Set to 120 minutes.
[EOnDrop] Drop spawned with 30 infected at <10216.513672, 186.186722, 4974.822266>.
[EOnDrop] Supplies have been dropped near Oceanville.
[EOnBeforeDelete] Aircraft despawned @ <11581.630859, 152.000610, -1000.138733>
[~AirdropPlane] Aircraft destroyed.
